18:21:31.458 [main                     ] DEBUG Logger               - Configured Logger
18:21:31.485 [main                     ] DEBUG GameApplication      - Logging settings
Title: Flatline: Oregon
Version: Alpha 0.19021902
Width: 800
Height: 600
Fullscreen: false
Intro: false
Profiling: false
Single step:false
App Mode: DEVELOPER
Menu Key: ESCAPE
Stage Style: DECORATED
Scene Factory: class com.groupfour.mygame.App$1

18:21:31.938 [JavaFX Application Thread] DEBUG FXGLApplication      - Initializing FXGL
18:21:31.941 [JavaFX Application Thread] INFO  Engine               - FXGL-dev-SNAPSHOT (28.07.2021 16.39) on WINDOWS (J:11.0.22 FX:16)
18:21:31.943 [JavaFX Application Thread] DEBUG Engine               - JRE Vendor Name: Oracle Corporation
18:21:31.943 [JavaFX Application Thread] DEBUG Engine               - Running on OS: Windows 11 version 10.0
18:21:31.943 [JavaFX Application Thread] DEBUG Engine               - Architecture: amd64
18:21:31.944 [JavaFX Application Thread] INFO  Engine               - Source code and latest versions at: https://github.com/AlmasB/FXGL
18:21:31.944 [JavaFX Application Thread] INFO  Engine               -              Join the FXGL chat at: https://gitter.im/AlmasB/FXGL
18:21:32.035 [JavaFX Application Thread] DEBUG PrimaryStageWindow   - Creating a JavaFX scene
18:21:32.111 [JavaFX Application Thread] DEBUG PrimaryStageWindow   - Target settings size: 800.0 x 600.0
18:21:32.111 [JavaFX Application Thread] DEBUG PrimaryStageWindow   - Scaled scene size:    800.0 x 600.0
18:21:32.112 [JavaFX Application Thread] DEBUG PrimaryStageWindow   - Scaled ratio: (1.0, 1.0)
18:21:32.113 [JavaFX Application Thread] DEBUG PrimaryStageWindow   - Set initial scene to FXGLStartupScene
18:21:32.120 [JavaFX Application Thread] DEBUG PrimaryStageWindow   - Opening main window
18:21:32.251 [JavaFX Application Thread] DEBUG PrimaryStageWindow   - Window border size: (14.4000244140625, 37.5999755859375)
18:21:32.251 [JavaFX Application Thread] DEBUG PrimaryStageWindow   - Scaled size: 800.0 x 600.0
18:21:32.251 [JavaFX Application Thread] DEBUG PrimaryStageWindow   - Scaled ratio: (1.0, 1.0)
18:21:32.251 [JavaFX Application Thread] DEBUG PrimaryStageWindow   - Scene size: 800.0 x 600.0
18:21:32.252 [JavaFX Application Thread] DEBUG PrimaryStageWindow   - Stage size: 814.4000244140625 x 637.5999755859375
18:21:32.258 [FXGL Background Thread 1 ] DEBUG Engine               - Initializing environment variables
18:21:32.320 [FXGL Background Thread 1 ] DEBUG FXGLAssetLoaderServi - User app class for loading assets: class com.groupfour.mygame.App
18:21:32.320 [FXGL Background Thread 1 ] DEBUG GameApplicationServi - Applying CSS: fxgl_dark.css
18:21:32.321 [FXGL Background Thread 1 ] DEBUG FXGLAssetLoaderServi - Loading from file system: jar:file:///C:/Users/acer/.m2/repository/com/github/almasb/fxgl/dev-SNAPSHOT/fxgl-dev-SNAPSHOT.jar!/fxglassets/ui/css/fxgl_dark.css
18:21:32.375 [FXGL Background Thread 1 ] DEBUG GameApplicationServi - Initializing application scenes
18:21:32.417 [FXGL Background Thread 1 ] DEBUG GameWorld            - Game world initialized
18:21:32.473 [FXGL Background Thread 1 ] DEBUG PhysicsWorld         - Physics world initialized: appHeight=600, physics.ppm=50.0
18:21:32.474 [FXGL Background Thread 1 ] DEBUG PhysicsWorld         - Using strategy: BRUTE_FORCE
18:21:32.476 [FXGL Background Thread 1 ] DEBUG GameScene            - Game scene initialized: 800x600
18:21:32.493 [FXGL Background Thread 1 ] DEBUG FXGL.DefaultMenu     - createMenuBodyMainMenu()
18:21:32.508 [FXGL Background Thread 1 ] DEBUG FXGL.DefaultMenu     - createOptionsMenu()
18:21:32.518 [FXGL Background Thread 1 ] DEBUG FXGLAssetLoaderServi - Loading from file system: jar:file:///C:/Users/acer/.m2/repository/com/github/almasb/fxgl/dev-SNAPSHOT/fxgl-dev-SNAPSHOT.jar!/fxglassets/textures/particles/smoke.png
18:21:32.620 [FXGL Background Thread 1 ] DEBUG FXGLAssetLoaderServi - Loading from file system: jar:file:///C:/Users/acer/.m2/repository/com/github/almasb/fxgl/dev-SNAPSHOT/fxgl-dev-SNAPSHOT.jar!/fxglassets/textures/particles/trace_horizontal.png
18:21:32.655 [FXGL Background Thread 1 ] DEBUG FXGLAssetLoaderServi - Loading from file system: file:/C:/Users/acer/OneDrive/Desktop/git%20pull/CSS124L-FINAL-PROJECT/fp/target/classes/assets/textures/spbtn.png
18:21:32.683 [FXGL Background Thread 1 ] DEBUG GameApplicationServi - Application scenes initialized
18:21:32.695 [FXGL Background Thread 1 ] DEBUG SystemBundleService  - Loading FXGL system data
18:21:32.701 [FXGL Background Thread 1 ] DEBUG FileSystemAccess     - Reading from: C:\Users\acer\OneDrive\Desktop\git pull\CSS124L-FINAL-PROJECT\system\fxgl.bundle
18:21:32.706 [FXGL Background Thread 1 ] DEBUG SystemBundleService  - Bundle FXGL: {}
18:21:32.706 [FXGL Background Thread 1 ] DEBUG UpdaterService       - Checking for updates
18:21:32.737 [FXGL Background Thread 1 ] DEBUG FXGLApplication      - Loading default localization
18:21:32.737 [FXGL Background Thread 4 ] DEBUG FXGLApplication      - Loading fonts
18:21:32.737 [FXGL Background Thread 1 ] DEBUG FXGLAssetLoaderServi - Loading from file system: jar:file:///C:/Users/acer/.m2/repository/com/github/almasb/fxgl/dev-SNAPSHOT/fxgl-dev-SNAPSHOT.jar!/fxglassets/languages/english.lang
18:21:32.738 [FXGL Background Thread 4 ] DEBUG FXGLAssetLoaderServi - Loading from file system: jar:file:///C:/Users/acer/.m2/repository/com/github/almasb/fxgl/dev-SNAPSHOT/fxgl-dev-SNAPSHOT.jar!/fxglassets/ui/fonts/VarelaRound-Regular.ttf
18:21:32.753 [FXGL Background Thread 1 ] INFO  FXGLApplication      - FXGL initialization took: 0.494 sec
18:21:32.765 [JavaFX Application Thread] DEBUG Input                - Registered new binding: Move Upwards - W
18:21:32.765 [JavaFX Application Thread] DEBUG Input                - Registered new binding: Move Down - S
18:21:32.766 [JavaFX Application Thread] DEBUG Input                - Registered new binding: Move Left - A
18:21:32.766 [JavaFX Application Thread] DEBUG Input                - Registered new binding: Move Right - D
18:21:32.766 [JavaFX Application Thread] DEBUG Input                - Registered new binding: Reload - R
18:21:32.767 [JavaFX Application Thread] DEBUG Input                - Registered new binding: Shoot - LMB
18:21:32.767 [JavaFX Application Thread] DEBUG Input                - Registered new binding: Switch Weapons - Q
18:21:32.767 [JavaFX Application Thread] DEBUG Input                - Registered new binding: Interact - F
18:21:32.767 [JavaFX Application Thread] DEBUG FXGLAssetLoaderServi - Loading from file system: jar:file:///C:/Users/acer/.m2/repository/com/github/almasb/fxgl/dev-SNAPSHOT/fxgl-dev-SNAPSHOT.jar!/fxglassets/textures/fxgl_icon.png
18:21:32.781 [JavaFX Application Thread] DEBUG FXGLAssetLoaderServi - Loading from file system: jar:file:///C:/Users/acer/.m2/repository/com/github/almasb/fxgl/dev-SNAPSHOT/fxgl-dev-SNAPSHOT.jar!/fxglassets/textures/fxgl_default_cursor.png
18:21:32.784 [JavaFX Application Thread] DEBUG Input                - Registered new binding: Screenshot - CTRL+8
18:21:32.785 [JavaFX Application Thread] DEBUG Input                - Registered new binding: Dev Options - 1
18:21:32.785 [JavaFX Application Thread] DEBUG Input                - Registered new binding: Dev Console - 2
18:21:32.786 [JavaFX Application Thread] DEBUG Input                - Registered new binding: System info dump - CTRL+9
18:21:32.786 [JavaFX Application Thread] DEBUG Input                - Registered new binding: Restart - CTRL+R
18:21:32.787 [JavaFX Application Thread] DEBUG Input                - Registered new binding: Toggle Debug Camera - CTRL+C
18:21:32.790 [JavaFX Application Thread] DEBUG LoopRunner           - Starting loop
18:21:32.810 [JavaFX Application Thread] DEBUG LoopRunner           - Initializing JavaFX AnimationTimerLoop
18:21:32.813 [JavaFX Application Thread] DEBUG Input                - Clearing active input actions
18:21:32.822 [JavaFX Application Thread] DEBUG GameApplicationServi - Removing overlay from FXGLStartupScene and adding to FXGLMainMenuDummyScene
18:21:32.830 [JavaFX Application Thread] DEBUG PrimaryStageWindow   - FXGLStartupScene -> FXGLMainMenuDummyScene
18:21:32.830 [JavaFX Application Thread] DEBUG PrimaryStageWindow   - Push state: FXGLDefaultMenu
18:21:32.834 [JavaFX Application Thread] DEBUG Input                - Clearing active input actions
18:21:32.839 [JavaFX Application Thread] DEBUG GameApplicationServi - Removing overlay from FXGLMainMenuDummyScene and adding to FXGLDefaultMenu
18:21:32.840 [JavaFX Application Thread] DEBUG PrimaryStageWindow   - FXGLMainMenuDummyScene -> FXGLDefaultMenu
18:21:33.269 [FXGL Background Thread 4 ] DEBUG FXGLAssetLoaderServi - Loading from file system: jar:file:///C:/Users/acer/.m2/repository/com/github/almasb/fxgl/dev-SNAPSHOT/fxgl-dev-SNAPSHOT.jar!/fxglassets/ui/fonts/Abel-Regular.ttf
18:21:33.275 [FXGL Background Thread 4 ] DEBUG FXGLAssetLoaderServi - Loading from file system: jar:file:///C:/Users/acer/.m2/repository/com/github/almasb/fxgl/dev-SNAPSHOT/fxgl-dev-SNAPSHOT.jar!/fxglassets/ui/fonts/lucida_console.ttf
18:21:33.285 [FXGL Background Thread 4 ] DEBUG FXGLAssetLoaderServi - Loading from file system: jar:file:///C:/Users/acer/.m2/repository/com/github/almasb/fxgl/dev-SNAPSHOT/fxgl-dev-SNAPSHOT.jar!/fxglassets/ui/fonts/Courier-Prime.ttf
18:21:33.294 [JavaFX Application Thread] DEBUG FXGLApplication      - Registering font factories with UI factory
18:21:33.687 [JavaFX Application Thread] DEBUG Menu                 - fireNewGame()
18:21:33.687 [JavaFX Application Thread] DEBUG GameApplicationServi - Starting new game
18:21:33.688 [JavaFX Application Thread] DEBUG PrimaryStageWindow   - Pop state: FXGLDefaultMenu
18:21:33.688 [JavaFX Application Thread] DEBUG Input                - Clearing active input actions
18:21:33.691 [JavaFX Application Thread] DEBUG GameApplicationServi - Removing overlay from FXGLDefaultMenu and adding to FXGLMainMenuDummyScene
18:21:33.693 [JavaFX Application Thread] DEBUG PrimaryStageWindow   - FXGLMainMenuDummyScene <- FXGLDefaultMenu
18:21:33.693 [JavaFX Application Thread] DEBUG Input                - Clearing active input actions
18:21:33.702 [JavaFX Application Thread] DEBUG GameApplicationServi - Removing overlay from FXGLMainMenuDummyScene and adding to FXGLLoadingScene
18:21:33.703 [JavaFX Application Thread] DEBUG PrimaryStageWindow   - FXGLMainMenuDummyScene -> FXGLLoadingScene
18:21:33.703 [JavaFX Application Thread] DEBUG GameApplicationServi - Clearing previous game
18:21:33.703 [JavaFX Application Thread] DEBUG GameScene            - Clearing game scene
18:21:33.703 [JavaFX Application Thread] DEBUG GameWorld            - Clearing game world
18:21:33.703 [JavaFX Application Thread] DEBUG PhysicsWorld         - Clearing physics world
18:21:33.705 [FXGL Background Thread 4 ] DEBUG FXGLApplication      - Initializing game
18:21:33.750 [FXGL Background Thread 4 ] WARN  TMXLevelLoader       - TiledMap generated from 1.11.0. Supported version: 1.2.3. Some features may not be parsed fully.
18:21:33.758 [FXGL Background Thread 4 ] DEBUG TMXLevelLoader       - Parsed TiledMap: file:/C:/Users/acer/OneDrive/Desktop/git%20pull/CSS124L-FINAL-PROJECT/fp/target/classes/assets/levels/Lobby.tmx
18:21:33.759 [FXGL Background Thread 4 ] DEBUG TMXLevelLoader       - Creating tile layer entities
18:21:33.761 [FXGL Background Thread 4 ] DEBUG TilesetLoader        - Loading view for layer Tile Layer 1
18:21:33.764 [FXGL Background Thread 4 ] DEBUG TilesetLoader        - Created buffer with size 1280.0x768.0
18:21:33.777 [FXGL Background Thread 4 ] DEBUG TMXLevelLoader       - Creating object layer entities
18:21:33.793 [FXGL Background Thread 4 ] DEBUG GameWorld            - Clearing removable entities
18:21:33.793 [FXGL Background Thread 4 ] DEBUG GameWorld            - Setting level: com.almasb.fxgl.entity.level.Level@21ee3ff7
18:21:33.797 [FXGL Background Thread 4 ] DEBUG FXGLAssetLoaderServi - Loading from file system: file:/C:/Users/acer/OneDrive/Desktop/git%20pull/CSS124L-FINAL-PROJECT/fp/target/classes/assets/ui/fonts/PIXELADE.TTF
18:21:33.815 [FXGL Background Thread 4 ] INFO  FXGLApplication      - Game initialization took: 0.110 sec
18:21:33.819 [JavaFX Application Thread] DEBUG Input                - Clearing active input actions
18:21:33.823 [JavaFX Application Thread] DEBUG GameApplicationServi - Removing overlay from FXGLLoadingScene and adding to GameScene
18:21:33.827 [JavaFX Application Thread] DEBUG PrimaryStageWindow   - FXGLLoadingScene -> GameScene
18:21:33.830 [JavaFX Application Thread] DEBUG FXGLAssetLoaderServi - Loading from file system: file:/C:/Users/acer/OneDrive/Desktop/git%20pull/CSS124L-FINAL-PROJECT/fp/target/classes/assets/textures/Interactables/microwave_close.png
18:21:33.832 [JavaFX Application Thread] DEBUG PrimaryStageWindow   - Push state: PCM_BG
18:21:33.832 [JavaFX Application Thread] DEBUG Input                - Clearing active input actions
18:21:33.832 [JavaFX Application Thread] DEBUG GameApplicationServi - Removing overlay from GameScene and adding to PCM_BG
18:21:33.833 [JavaFX Application Thread] DEBUG PrimaryStageWindow   - GameScene -> PCM_BG
18:21:33.835 [JavaFX Application Thread] DEBUG PrimaryStageWindow   - Push state: PlayerCountMenu
18:21:33.835 [JavaFX Application Thread] DEBUG Input                - Clearing active input actions
18:21:33.836 [JavaFX Application Thread] DEBUG GameApplicationServi - Removing overlay from PCM_BG and adding to PlayerCountMenu
18:21:33.840 [JavaFX Application Thread] DEBUG PrimaryStageWindow   - PCM_BG -> PlayerCountMenu
18:21:35.585 [FXGL Background Thread 2 ] INFO  UpdaterService       - Your current version:  dev-SNAPSHOT
18:21:35.587 [FXGL Background Thread 2 ] INFO  UpdaterService       - Latest stable version: 21.1
18:21:35.734 [FXGL Background Thread 3 ] DEBUG Engine               - Logging environment variables
18:21:35.735 [FXGL Background Thread 3 ] DEBUG Engine               - achievements: []
18:21:35.736 [FXGL Background Thread 3 ] DEBUG Engine               - actualHeight: 600.0
18:21:35.736 [FXGL Background Thread 3 ] DEBUG Engine               - actualHeightProperty: ReadOnlyDoubleProperty [value: 600.0]
18:21:35.736 [FXGL Background Thread 3 ] DEBUG Engine               - actualWidth: 800.0
18:21:35.737 [FXGL Background Thread 3 ] DEBUG Engine               - actualWidthProperty: ReadOnlyDoubleProperty [value: 800.0]
18:21:35.737 [FXGL Background Thread 3 ] DEBUG Engine               - appIcon: fxgl_icon.png
18:21:35.737 [FXGL Background Thread 3 ] DEBUG Engine               - applicationMode: DEVELOPER
18:21:35.737 [FXGL Background Thread 3 ] DEBUG Engine               - cSSList: [fxgl_dark.css]
18:21:35.738 [FXGL Background Thread 3 ] DEBUG Engine               - collisionDetectionStrategy: BRUTE_FORCE
18:21:35.738 [FXGL Background Thread 3 ] DEBUG Engine               - configClass: Optional.empty
18:21:35.738 [FXGL Background Thread 3 ] DEBUG Engine               - credits: []
18:21:35.740 [FXGL Background Thread 3 ] DEBUG Engine               - defaultCursor: CursorInfo(imageName=fxgl_default_cursor.png, hotspotX=7.0, hotspotY=6.0)
18:21:35.740 [FXGL Background Thread 3 ] DEBUG Engine               - devBBoxColorProperty: ObjectProperty [value: 0xff0000ff]
18:21:35.741 [FXGL Background Thread 3 ] DEBUG Engine               - devEnableDebugCameraProperty: BooleanProperty [value: false]
18:21:35.741 [FXGL Background Thread 3 ] DEBUG Engine               - devSensorColorProperty: ObjectProperty [value: 0xffff00ff]
18:21:35.741 [FXGL Background Thread 3 ] DEBUG Engine               - devShowBBoxProperty: BooleanProperty [value: false]
18:21:35.741 [FXGL Background Thread 3 ] DEBUG Engine               - devShowPositionProperty: BooleanProperty [value: false]
18:21:35.741 [FXGL Background Thread 3 ] DEBUG Engine               - enabledMenuItems: []
18:21:35.742 [FXGL Background Thread 3 ] DEBUG Engine               - engineServices: [class com.almasb.fxgl.app.services.FXGLAssetLoaderService, class com.almasb.fxgl.app.FXGLApplication$GameApplicationService, class com.almasb.fxgl.app.services.FXGLDialogService, class com.almasb.fxgl.app.services.IOTaskExecutorService, class com.almasb.fxgl.io.FileSystemService, class com.almasb.fxgl.localization.LocalizationService, class com.almasb.fxgl.app.services.SystemBundleService, class com.almasb.fxgl.profile.SaveLoadService, class com.almasb.fxgl.ui.FXGLUIFactoryServiceProvider, class com.almasb.fxgl.ui.FXGLDialogFactoryServiceProvider, class com.almasb.fxgl.audio.AudioPlayer, class com.almasb.fxgl.notification.impl.NotificationServiceProvider, class com.almasb.fxgl.achievement.AchievementService, class com.almasb.fxgl.cutscene.CutsceneService, class com.almasb.fxgl.minigames.MiniGameService, class com.almasb.fxgl.net.NetService, class com.almasb.fxgl.app.services.UpdaterService, class com.almasb.fxgl.dev.DevService, class com.almasb.fxgl.multiplayer.MultiplayerService]
18:21:35.742 [FXGL Background Thread 3 ] DEBUG Engine               - fontGame: Abel-Regular.ttf
18:21:35.742 [FXGL Background Thread 3 ] DEBUG Engine               - fontMono: lucida_console.ttf
18:21:35.742 [FXGL Background Thread 3 ] DEBUG Engine               - fontText: Courier-Prime.ttf
18:21:35.742 [FXGL Background Thread 3 ] DEBUG Engine               - fontUI: VarelaRound-Regular.ttf
18:21:35.742 [FXGL Background Thread 3 ] DEBUG Engine               - fullScreen: BooleanProperty [value: false]
18:21:35.743 [FXGL Background Thread 3 ] DEBUG Engine               - gameDifficulty: MEDIUM
18:21:35.743 [FXGL Background Thread 3 ] DEBUG Engine               - gameDifficultyProperty: ObjectProperty [value: MEDIUM]
18:21:35.743 [FXGL Background Thread 3 ] DEBUG Engine               - globalMusicVolume: 0.5
18:21:35.743 [FXGL Background Thread 3 ] DEBUG Engine               - globalMusicVolumeProperty: DoubleProperty [value: 0.5]
18:21:35.743 [FXGL Background Thread 3 ] DEBUG Engine               - globalSoundVolume: 0.5
18:21:35.743 [FXGL Background Thread 3 ] DEBUG Engine               - globalSoundVolumeProperty: DoubleProperty [value: 0.5]
18:21:35.743 [FXGL Background Thread 3 ] DEBUG Engine               - height: 600
18:21:35.743 [FXGL Background Thread 3 ] DEBUG Engine               - is3D: false
18:21:35.744 [FXGL Background Thread 3 ] DEBUG Engine               - isAndroid: false
18:21:35.744 [FXGL Background Thread 3 ] DEBUG Engine               - isBrowser: false
18:21:35.744 [FXGL Background Thread 3 ] DEBUG Engine               - isClickFeedbackEnabled: false
18:21:35.744 [FXGL Background Thread 3 ] DEBUG Engine               - isCloseConfirmation: false
18:21:35.744 [FXGL Background Thread 3 ] DEBUG Engine               - isDesktop: true
18:21:35.744 [FXGL Background Thread 3 ] DEBUG Engine               - isDeveloperMenuEnabled: true
18:21:35.745 [FXGL Background Thread 3 ] DEBUG Engine               - isEmbedded: false
18:21:35.745 [FXGL Background Thread 3 ] DEBUG Engine               - isEntityPreloadEnabled: true
18:21:35.745 [FXGL Background Thread 3 ] DEBUG Engine               - isExperimentalTiledLargeMap: false
18:21:35.745 [FXGL Background Thread 3 ] DEBUG Engine               - isFileSystemWriteAllowed: true
18:21:35.745 [FXGL Background Thread 3 ] DEBUG Engine               - isFullScreenAllowed: false
18:21:35.745 [FXGL Background Thread 3 ] DEBUG Engine               - isFullScreenFromStart: false
18:21:35.745 [FXGL Background Thread 3 ] DEBUG Engine               - isGameMenuEnabled: true
18:21:35.745 [FXGL Background Thread 3 ] DEBUG Engine               - isIOS: false
18:21:35.745 [FXGL Background Thread 3 ] DEBUG Engine               - isIntroEnabled: false
18:21:35.745 [FXGL Background Thread 3 ] DEBUG Engine               - isLinux: false
18:21:35.746 [FXGL Background Thread 3 ] DEBUG Engine               - isMac: false
18:21:35.746 [FXGL Background Thread 3 ] DEBUG Engine               - isMainMenuEnabled: true
18:21:35.746 [FXGL Background Thread 3 ] DEBUG Engine               - isManualResizeEnabled: false
18:21:35.746 [FXGL Background Thread 3 ] DEBUG Engine               - isMobile: false
18:21:35.746 [FXGL Background Thread 3 ] DEBUG Engine               - isNative: false
18:21:35.746 [FXGL Background Thread 3 ] DEBUG Engine               - isPauseMusicWhenMinimized: true
18:21:35.746 [FXGL Background Thread 3 ] DEBUG Engine               - isPreserveResizeRatio: false
18:21:35.747 [FXGL Background Thread 3 ] DEBUG Engine               - isProfilingEnabled: false
18:21:35.747 [FXGL Background Thread 3 ] DEBUG Engine               - isScaleAffectedOnResize: true
18:21:35.747 [FXGL Background Thread 3 ] DEBUG Engine               - isSingleStep: false
18:21:35.747 [FXGL Background Thread 3 ] DEBUG Engine               - isUserProfileEnabled: false
18:21:35.747 [FXGL Background Thread 3 ] DEBUG Engine               - isWindows: true
18:21:35.747 [FXGL Background Thread 3 ] DEBUG Engine               - language: ObjectProperty [value: ENGLISH]
18:21:35.748 [FXGL Background Thread 3 ] DEBUG Engine               - menuKey: ESCAPE
18:21:35.748 [FXGL Background Thread 3 ] DEBUG Engine               - mouseSensitivity: 0.2
18:21:35.748 [FXGL Background Thread 3 ] DEBUG Engine               - notificationViewClass: class com.almasb.fxgl.notification.view.XboxNotificationView
18:21:35.748 [FXGL Background Thread 3 ] DEBUG Engine               - pixelsPerMeter: 50.0
18:21:35.748 [FXGL Background Thread 3 ] DEBUG Engine               - platform: WINDOWS
18:21:35.748 [FXGL Background Thread 3 ] DEBUG Engine               - prefHeightProperty: ReadOnlyDoubleProperty [value: 600.0]
18:21:35.748 [FXGL Background Thread 3 ] DEBUG Engine               - prefWidthProperty: ReadOnlyDoubleProperty [value: 800.0]
18:21:35.749 [FXGL Background Thread 3 ] DEBUG Engine               - profileDir: profiles/
18:21:35.749 [FXGL Background Thread 3 ] DEBUG Engine               - profileName: StringProperty [value: DEFAULT]
18:21:35.749 [FXGL Background Thread 3 ] DEBUG Engine               - randomSeed: -1
18:21:35.749 [FXGL Background Thread 3 ] DEBUG Engine               - runtimeInfo: RuntimeInfo(platform=WINDOWS, version=dev-SNAPSHOT, build=28.07.2021 16.39)
18:21:35.749 [FXGL Background Thread 3 ] DEBUG Engine               - saveFileExt: sav
18:21:35.749 [FXGL Background Thread 3 ] DEBUG Engine               - scaledHeightProp$fxgl: DoubleProperty [bound, value: 600.0]
18:21:35.749 [FXGL Background Thread 3 ] DEBUG Engine               - scaledWidthProp$fxgl: DoubleProperty [bound, value: 800.0]
18:21:35.750 [FXGL Background Thread 3 ] DEBUG Engine               - sceneFactory: com.groupfour.mygame.App$1@68c6d19c
18:21:35.750 [FXGL Background Thread 3 ] DEBUG Engine               - secondsIn24h: 60
18:21:35.750 [FXGL Background Thread 3 ] DEBUG Engine               - soundMenuBack: menu/back.wav
18:21:35.750 [FXGL Background Thread 3 ] DEBUG Engine               - soundMenuPress: menu/press.wav
18:21:35.750 [FXGL Background Thread 3 ] DEBUG Engine               - soundMenuSelect: menu/select.wav
18:21:35.750 [FXGL Background Thread 3 ] DEBUG Engine               - soundNotification: core/notification.wav
18:21:35.751 [FXGL Background Thread 3 ] DEBUG Engine               - stageStyle: DECORATED
18:21:35.751 [FXGL Background Thread 3 ] DEBUG Engine               - supportedLanguages: [ENGLISH, FRENCH, GERMAN, HUNGARIAN, RUSSIAN]
18:21:35.751 [FXGL Background Thread 3 ] DEBUG Engine               - ticksPerSecond: -1
18:21:35.751 [FXGL Background Thread 3 ] DEBUG Engine               - title: Flatline: Oregon
18:21:35.751 [FXGL Background Thread 3 ] DEBUG Engine               - urlGithub: https://github.com/AlmasB/FXGL
18:21:35.751 [FXGL Background Thread 3 ] DEBUG Engine               - urlLeaderboard: http://fxgl-top.herokuapp.com/
18:21:35.751 [FXGL Background Thread 3 ] DEBUG Engine               - urlPOM: https://raw.githubusercontent.com/AlmasB/FXGL/release/README.md
18:21:35.752 [FXGL Background Thread 3 ] DEBUG Engine               - userAppClass: class com.groupfour.mygame.App
18:21:35.752 [FXGL Background Thread 3 ] DEBUG Engine               - version: Alpha 0.19021902
18:21:35.752 [FXGL Background Thread 3 ] DEBUG Engine               - versionCheckDays: 7
18:21:35.752 [FXGL Background Thread 3 ] DEBUG Engine               - width: 800
18:21:35.752 [FXGL Background Thread 3 ] DEBUG Engine               - Logging services
18:21:35.752 [FXGL Background Thread 3 ] DEBUG Engine               - class com.almasb.fxgl.app.services.FXGLAssetLoaderService
18:21:35.752 [FXGL Background Thread 3 ] DEBUG Engine               - class com.almasb.fxgl.app.FXGLApplication$GameApplicationService
18:21:35.752 [FXGL Background Thread 3 ] DEBUG Engine               - class com.almasb.fxgl.app.services.FXGLDialogService
18:21:35.752 [FXGL Background Thread 3 ] DEBUG Engine               - class com.almasb.fxgl.app.services.IOTaskExecutorService
18:21:35.752 [FXGL Background Thread 3 ] DEBUG Engine               - class com.almasb.fxgl.io.FileSystemService
18:21:35.753 [FXGL Background Thread 3 ] DEBUG Engine               - class com.almasb.fxgl.localization.LocalizationService
18:21:35.753 [FXGL Background Thread 3 ] DEBUG Engine               - class com.almasb.fxgl.app.services.SystemBundleService
18:21:35.754 [FXGL Background Thread 3 ] DEBUG Engine               - class com.almasb.fxgl.profile.SaveLoadService
18:21:35.754 [FXGL Background Thread 3 ] DEBUG Engine               - class com.almasb.fxgl.ui.FXGLUIFactoryServiceProvider
18:21:35.754 [FXGL Background Thread 3 ] DEBUG Engine               - class com.almasb.fxgl.ui.FXGLDialogFactoryServiceProvider
18:21:35.754 [FXGL Background Thread 3 ] DEBUG Engine               - class com.almasb.fxgl.audio.AudioPlayer
18:21:35.754 [FXGL Background Thread 3 ] DEBUG Engine               - class com.almasb.fxgl.notification.impl.NotificationServiceProvider
18:21:35.754 [FXGL Background Thread 3 ] DEBUG Engine               - class com.almasb.fxgl.achievement.AchievementService
18:21:35.754 [FXGL Background Thread 3 ] DEBUG Engine               - class com.almasb.fxgl.cutscene.CutsceneService
18:21:35.754 [FXGL Background Thread 3 ] DEBUG Engine               - class com.almasb.fxgl.minigames.MiniGameService
18:21:35.755 [FXGL Background Thread 3 ] DEBUG Engine               - class com.almasb.fxgl.net.NetService
18:21:35.755 [FXGL Background Thread 3 ] DEBUG Engine               - class com.almasb.fxgl.app.services.UpdaterService
18:21:35.755 [FXGL Background Thread 3 ] DEBUG Engine               - class com.almasb.fxgl.dev.DevService
18:21:35.755 [FXGL Background Thread 3 ] DEBUG Engine               - class com.almasb.fxgl.multiplayer.MultiplayerService
18:21:36.465 [JavaFX Application Thread] DEBUG FXGLApplication      - Exiting FXGL
18:21:36.465 [JavaFX Application Thread] DEBUG LoopRunner           - Stopping loop
18:21:36.465 [JavaFX Application Thread] DEBUG SystemBundleService  - Saving FXGL system data
18:21:36.468 [JavaFX Application Thread] DEBUG FileSystemAccess     - Writing to: C:\Users\acer\OneDrive\Desktop\git pull\CSS124L-FINAL-PROJECT\system\fxgl.bundle
18:21:36.472 [JavaFX Application Thread] DEBUG Async                - Shutting down background threads
18:21:36.472 [JavaFX Application Thread] DEBUG PrimaryStageWindow   - Closing main window
18:21:36.505 [JavaFX Application Thread] DEBUG Logger               - Closing Logger
