18:22:37.648 [main                     ] DEBUG Logger               - Configured Logger
18:22:37.678 [main                     ] DEBUG GameApplication      - Logging settings
Title: Flatline: Oregon
Version: Beta ?
Width: 800
Height: 600
Fullscreen: false
Intro: false
Profiling: false
Single step:false
App Mode: DEVELOPER
Menu Key: ESCAPE
Stage Style: DECORATED
Scene Factory: class com.groupfour.mygame.App$1

18:22:38.135 [JavaFX Application Thread] DEBUG FXGLApplication      - Initializing FXGL
18:22:38.138 [JavaFX Application Thread] INFO  Engine               - FXGL-dev-SNAPSHOT (28.07.2021 16.39) on WINDOWS (J:11.0.22 FX:16)
18:22:38.139 [JavaFX Application Thread] DEBUG Engine               - JRE Vendor Name: Oracle Corporation
18:22:38.140 [JavaFX Application Thread] DEBUG Engine               - Running on OS: Windows 11 version 10.0
18:22:38.140 [JavaFX Application Thread] DEBUG Engine               - Architecture: amd64
18:22:38.140 [JavaFX Application Thread] INFO  Engine               - Source code and latest versions at: https://github.com/AlmasB/FXGL
18:22:38.140 [JavaFX Application Thread] INFO  Engine               -              Join the FXGL chat at: https://gitter.im/AlmasB/FXGL
18:22:38.231 [JavaFX Application Thread] DEBUG PrimaryStageWindow   - Creating a JavaFX scene
18:22:38.311 [JavaFX Application Thread] DEBUG PrimaryStageWindow   - Target settings size: 800.0 x 600.0
18:22:38.311 [JavaFX Application Thread] DEBUG PrimaryStageWindow   - Scaled scene size:    800.0 x 600.0
18:22:38.312 [JavaFX Application Thread] DEBUG PrimaryStageWindow   - Scaled ratio: (1.0, 1.0)
18:22:38.313 [JavaFX Application Thread] DEBUG PrimaryStageWindow   - Set initial scene to FXGLStartupScene
18:22:38.321 [JavaFX Application Thread] DEBUG PrimaryStageWindow   - Opening main window
18:22:38.455 [JavaFX Application Thread] DEBUG PrimaryStageWindow   - Window border size: (14.4000244140625, 37.5999755859375)
18:22:38.455 [JavaFX Application Thread] DEBUG PrimaryStageWindow   - Scaled size: 800.0 x 600.0
18:22:38.455 [JavaFX Application Thread] DEBUG PrimaryStageWindow   - Scaled ratio: (1.0, 1.0)
18:22:38.456 [JavaFX Application Thread] DEBUG PrimaryStageWindow   - Scene size: 800.0 x 600.0
18:22:38.456 [JavaFX Application Thread] DEBUG PrimaryStageWindow   - Stage size: 814.4000244140625 x 637.5999755859375
18:22:38.463 [FXGL Background Thread 1 ] DEBUG Engine               - Initializing environment variables
18:22:38.517 [FXGL Background Thread 1 ] DEBUG FXGLAssetLoaderServi - User app class for loading assets: class com.groupfour.mygame.App
18:22:38.518 [FXGL Background Thread 1 ] DEBUG GameApplicationServi - Applying CSS: fxgl_dark.css
18:22:38.521 [FXGL Background Thread 1 ] DEBUG FXGLAssetLoaderServi - Loading from file system: jar:file:///C:/Users/acer/.m2/repository/com/github/almasb/fxgl/dev-SNAPSHOT/fxgl-dev-SNAPSHOT.jar!/fxglassets/ui/css/fxgl_dark.css
18:22:38.563 [FXGL Background Thread 1 ] DEBUG GameApplicationServi - Initializing application scenes
18:22:38.601 [FXGL Background Thread 1 ] DEBUG GameWorld            - Game world initialized
18:22:38.644 [FXGL Background Thread 1 ] DEBUG PhysicsWorld         - Physics world initialized: appHeight=600, physics.ppm=50.0
18:22:38.645 [FXGL Background Thread 1 ] DEBUG PhysicsWorld         - Using strategy: BRUTE_FORCE
18:22:38.647 [FXGL Background Thread 1 ] DEBUG GameScene            - Game scene initialized: 800x600
18:22:38.658 [FXGL Background Thread 1 ] DEBUG FXGL.DefaultMenu     - createMenuBodyMainMenu()
18:22:38.673 [FXGL Background Thread 1 ] DEBUG FXGL.DefaultMenu     - createOptionsMenu()
18:22:38.680 [FXGL Background Thread 1 ] DEBUG FXGLAssetLoaderServi - Loading from file system: jar:file:///C:/Users/acer/.m2/repository/com/github/almasb/fxgl/dev-SNAPSHOT/fxgl-dev-SNAPSHOT.jar!/fxglassets/textures/particles/smoke.png
18:22:38.767 [FXGL Background Thread 1 ] DEBUG FXGLAssetLoaderServi - Loading from file system: jar:file:///C:/Users/acer/.m2/repository/com/github/almasb/fxgl/dev-SNAPSHOT/fxgl-dev-SNAPSHOT.jar!/fxglassets/textures/particles/trace_horizontal.png
18:22:38.797 [FXGL Background Thread 1 ] DEBUG FXGLAssetLoaderServi - Loading from file system: file:/C:/Users/acer/OneDrive/Desktop/git%20pull/CSS124L-FINAL-PROJECT/fp/target/classes/assets/textures/spbtn.png
18:22:38.821 [FXGL Background Thread 1 ] DEBUG GameApplicationServi - Application scenes initialized
18:22:38.829 [FXGL Background Thread 1 ] DEBUG SystemBundleService  - Loading FXGL system data
18:22:38.835 [FXGL Background Thread 1 ] DEBUG FileSystemAccess     - Reading from: C:\Users\acer\OneDrive\Desktop\git pull\CSS124L-FINAL-PROJECT\system\fxgl.bundle
18:22:38.840 [FXGL Background Thread 1 ] DEBUG SystemBundleService  - Bundle FXGL: {}
18:22:38.840 [FXGL Background Thread 1 ] DEBUG UpdaterService       - Checking for updates
18:22:38.867 [FXGL Background Thread 4 ] DEBUG FXGLApplication      - Loading fonts
18:22:38.867 [FXGL Background Thread 1 ] DEBUG FXGLApplication      - Loading default localization
18:22:38.868 [FXGL Background Thread 1 ] DEBUG FXGLAssetLoaderServi - Loading from file system: jar:file:///C:/Users/acer/.m2/repository/com/github/almasb/fxgl/dev-SNAPSHOT/fxgl-dev-SNAPSHOT.jar!/fxglassets/languages/english.lang
18:22:38.869 [FXGL Background Thread 4 ] DEBUG FXGLAssetLoaderServi - Loading from file system: jar:file:///C:/Users/acer/.m2/repository/com/github/almasb/fxgl/dev-SNAPSHOT/fxgl-dev-SNAPSHOT.jar!/fxglassets/ui/fonts/VarelaRound-Regular.ttf
18:22:38.886 [FXGL Background Thread 1 ] INFO  FXGLApplication      - FXGL initialization took: 0.422 sec
18:22:38.898 [JavaFX Application Thread] DEBUG Input                - Registered new binding: Move Upwards - W
18:22:38.898 [JavaFX Application Thread] DEBUG Input                - Registered new binding: Move Down - S
18:22:38.898 [JavaFX Application Thread] DEBUG Input                - Registered new binding: Move Left - A
18:22:38.899 [JavaFX Application Thread] DEBUG Input                - Registered new binding: Move Right - D
18:22:38.899 [JavaFX Application Thread] DEBUG Input                - Registered new binding: Reload - R
18:22:38.900 [JavaFX Application Thread] DEBUG Input                - Registered new binding: Shoot - LMB
18:22:38.900 [JavaFX Application Thread] DEBUG Input                - Registered new binding: Switch Weapons - Q
18:22:38.900 [JavaFX Application Thread] DEBUG Input                - Registered new binding: Interact - F
18:22:38.900 [JavaFX Application Thread] DEBUG FXGLAssetLoaderServi - Loading from file system: jar:file:///C:/Users/acer/.m2/repository/com/github/almasb/fxgl/dev-SNAPSHOT/fxgl-dev-SNAPSHOT.jar!/fxglassets/textures/fxgl_icon.png
18:22:38.912 [JavaFX Application Thread] DEBUG FXGLAssetLoaderServi - Loading from file system: jar:file:///C:/Users/acer/.m2/repository/com/github/almasb/fxgl/dev-SNAPSHOT/fxgl-dev-SNAPSHOT.jar!/fxglassets/textures/fxgl_default_cursor.png
18:22:38.915 [JavaFX Application Thread] DEBUG Input                - Registered new binding: Screenshot - CTRL+8
18:22:38.916 [JavaFX Application Thread] DEBUG Input                - Registered new binding: Dev Options - 1
18:22:38.916 [JavaFX Application Thread] DEBUG Input                - Registered new binding: Dev Console - 2
18:22:38.917 [JavaFX Application Thread] DEBUG Input                - Registered new binding: System info dump - CTRL+9
18:22:38.917 [JavaFX Application Thread] DEBUG Input                - Registered new binding: Restart - CTRL+R
18:22:38.918 [JavaFX Application Thread] DEBUG Input                - Registered new binding: Toggle Debug Camera - CTRL+C
18:22:38.921 [JavaFX Application Thread] DEBUG LoopRunner           - Starting loop
18:22:38.941 [JavaFX Application Thread] DEBUG LoopRunner           - Initializing JavaFX AnimationTimerLoop
18:22:38.946 [JavaFX Application Thread] DEBUG Input                - Clearing active input actions
18:22:38.953 [JavaFX Application Thread] DEBUG GameApplicationServi - Removing overlay from FXGLStartupScene and adding to FXGLMainMenuDummyScene
18:22:38.958 [JavaFX Application Thread] DEBUG PrimaryStageWindow   - FXGLStartupScene -> FXGLMainMenuDummyScene
18:22:38.958 [JavaFX Application Thread] DEBUG PrimaryStageWindow   - Push state: FXGLDefaultMenu
18:22:38.962 [JavaFX Application Thread] DEBUG Input                - Clearing active input actions
18:22:38.968 [JavaFX Application Thread] DEBUG GameApplicationServi - Removing overlay from FXGLMainMenuDummyScene and adding to FXGLDefaultMenu
18:22:38.969 [JavaFX Application Thread] DEBUG PrimaryStageWindow   - FXGLMainMenuDummyScene -> FXGLDefaultMenu
18:22:39.381 [FXGL Background Thread 4 ] DEBUG FXGLAssetLoaderServi - Loading from file system: jar:file:///C:/Users/acer/.m2/repository/com/github/almasb/fxgl/dev-SNAPSHOT/fxgl-dev-SNAPSHOT.jar!/fxglassets/ui/fonts/Abel-Regular.ttf
18:22:39.387 [FXGL Background Thread 4 ] DEBUG FXGLAssetLoaderServi - Loading from file system: jar:file:///C:/Users/acer/.m2/repository/com/github/almasb/fxgl/dev-SNAPSHOT/fxgl-dev-SNAPSHOT.jar!/fxglassets/ui/fonts/lucida_console.ttf
18:22:39.396 [FXGL Background Thread 4 ] DEBUG FXGLAssetLoaderServi - Loading from file system: jar:file:///C:/Users/acer/.m2/repository/com/github/almasb/fxgl/dev-SNAPSHOT/fxgl-dev-SNAPSHOT.jar!/fxglassets/ui/fonts/Courier-Prime.ttf
18:22:39.404 [JavaFX Application Thread] DEBUG FXGLApplication      - Registering font factories with UI factory
18:22:39.790 [JavaFX Application Thread] DEBUG Menu                 - fireNewGame()
18:22:39.791 [JavaFX Application Thread] DEBUG GameApplicationServi - Starting new game
18:22:39.793 [JavaFX Application Thread] DEBUG PrimaryStageWindow   - Pop state: FXGLDefaultMenu
18:22:39.793 [JavaFX Application Thread] DEBUG Input                - Clearing active input actions
18:22:39.795 [JavaFX Application Thread] DEBUG GameApplicationServi - Removing overlay from FXGLDefaultMenu and adding to FXGLMainMenuDummyScene
18:22:39.798 [JavaFX Application Thread] DEBUG PrimaryStageWindow   - FXGLMainMenuDummyScene <- FXGLDefaultMenu
18:22:39.798 [JavaFX Application Thread] DEBUG Input                - Clearing active input actions
18:22:39.808 [JavaFX Application Thread] DEBUG GameApplicationServi - Removing overlay from FXGLMainMenuDummyScene and adding to FXGLLoadingScene
18:22:39.809 [JavaFX Application Thread] DEBUG PrimaryStageWindow   - FXGLMainMenuDummyScene -> FXGLLoadingScene
18:22:39.810 [JavaFX Application Thread] DEBUG GameApplicationServi - Clearing previous game
18:22:39.810 [JavaFX Application Thread] DEBUG GameScene            - Clearing game scene
18:22:39.810 [JavaFX Application Thread] DEBUG GameWorld            - Clearing game world
18:22:39.810 [JavaFX Application Thread] DEBUG PhysicsWorld         - Clearing physics world
18:22:39.812 [FXGL Background Thread 4 ] DEBUG FXGLApplication      - Initializing game
18:22:39.856 [FXGL Background Thread 4 ] WARN  TMXLevelLoader       - TiledMap generated from 1.11.0. Supported version: 1.2.3. Some features may not be parsed fully.
18:22:39.865 [FXGL Background Thread 4 ] DEBUG TMXLevelLoader       - Parsed TiledMap: file:/C:/Users/acer/OneDrive/Desktop/git%20pull/CSS124L-FINAL-PROJECT/fp/target/classes/assets/levels/Lobby.tmx
18:22:39.866 [FXGL Background Thread 4 ] DEBUG TMXLevelLoader       - Creating tile layer entities
18:22:39.867 [FXGL Background Thread 4 ] DEBUG TilesetLoader        - Loading view for layer Tile Layer 1
18:22:39.871 [FXGL Background Thread 4 ] DEBUG TilesetLoader        - Created buffer with size 1280.0x768.0
18:22:39.881 [FXGL Background Thread 4 ] DEBUG TMXLevelLoader       - Creating object layer entities
18:22:39.900 [FXGL Background Thread 4 ] DEBUG GameWorld            - Clearing removable entities
18:22:39.901 [FXGL Background Thread 4 ] DEBUG GameWorld            - Setting level: com.almasb.fxgl.entity.level.Level@6fd027ac
18:22:39.905 [FXGL Background Thread 4 ] DEBUG FXGLAssetLoaderServi - Loading from file system: file:/C:/Users/acer/OneDrive/Desktop/git%20pull/CSS124L-FINAL-PROJECT/fp/target/classes/assets/ui/fonts/PIXELADE.TTF
18:22:39.926 [FXGL Background Thread 4 ] INFO  FXGLApplication      - Game initialization took: 0.115 sec
18:22:39.928 [JavaFX Application Thread] DEBUG Input                - Clearing active input actions
18:22:39.933 [JavaFX Application Thread] DEBUG GameApplicationServi - Removing overlay from FXGLLoadingScene and adding to GameScene
18:22:39.935 [JavaFX Application Thread] DEBUG PrimaryStageWindow   - FXGLLoadingScene -> GameScene
18:22:39.937 [JavaFX Application Thread] DEBUG FXGLAssetLoaderServi - Loading from file system: file:/C:/Users/acer/OneDrive/Desktop/git%20pull/CSS124L-FINAL-PROJECT/fp/target/classes/assets/textures/Interactables/microwave_close.png
18:22:39.939 [JavaFX Application Thread] DEBUG PrimaryStageWindow   - Push state: PCM_BG
18:22:39.939 [JavaFX Application Thread] DEBUG Input                - Clearing active input actions
18:22:39.939 [JavaFX Application Thread] DEBUG GameApplicationServi - Removing overlay from GameScene and adding to PCM_BG
18:22:39.940 [JavaFX Application Thread] DEBUG PrimaryStageWindow   - GameScene -> PCM_BG
18:22:39.942 [JavaFX Application Thread] DEBUG PrimaryStageWindow   - Push state: PlayerCountMenu
18:22:39.942 [JavaFX Application Thread] DEBUG Input                - Clearing active input actions
18:22:39.942 [JavaFX Application Thread] DEBUG GameApplicationServi - Removing overlay from PCM_BG and adding to PlayerCountMenu
18:22:39.945 [JavaFX Application Thread] DEBUG PrimaryStageWindow   - PCM_BG -> PlayerCountMenu
18:22:41.866 [FXGL Background Thread 3 ] DEBUG Engine               - Logging environment variables
18:22:41.867 [FXGL Background Thread 3 ] DEBUG Engine               - achievements: []
18:22:41.867 [FXGL Background Thread 3 ] DEBUG Engine               - actualHeight: 600.0
18:22:41.867 [FXGL Background Thread 3 ] DEBUG Engine               - actualHeightProperty: ReadOnlyDoubleProperty [value: 600.0]
18:22:41.868 [FXGL Background Thread 3 ] DEBUG Engine               - actualWidth: 800.0
18:22:41.868 [FXGL Background Thread 3 ] DEBUG Engine               - actualWidthProperty: ReadOnlyDoubleProperty [value: 800.0]
18:22:41.868 [FXGL Background Thread 3 ] DEBUG Engine               - appIcon: fxgl_icon.png
18:22:41.868 [FXGL Background Thread 3 ] DEBUG Engine               - applicationMode: DEVELOPER
18:22:41.868 [FXGL Background Thread 3 ] DEBUG Engine               - cSSList: [fxgl_dark.css]
18:22:41.868 [FXGL Background Thread 3 ] DEBUG Engine               - collisionDetectionStrategy: BRUTE_FORCE
18:22:41.868 [FXGL Background Thread 3 ] DEBUG Engine               - configClass: Optional.empty
18:22:41.868 [FXGL Background Thread 3 ] DEBUG Engine               - credits: []
18:22:41.868 [FXGL Background Thread 3 ] DEBUG Engine               - defaultCursor: CursorInfo(imageName=fxgl_default_cursor.png, hotspotX=7.0, hotspotY=6.0)
18:22:41.869 [FXGL Background Thread 3 ] DEBUG Engine               - devBBoxColorProperty: ObjectProperty [value: 0xff0000ff]
18:22:41.870 [FXGL Background Thread 3 ] DEBUG Engine               - devEnableDebugCameraProperty: BooleanProperty [value: false]
18:22:41.870 [FXGL Background Thread 3 ] DEBUG Engine               - devSensorColorProperty: ObjectProperty [value: 0xffff00ff]
18:22:41.870 [FXGL Background Thread 3 ] DEBUG Engine               - devShowBBoxProperty: BooleanProperty [value: false]
18:22:41.870 [FXGL Background Thread 3 ] DEBUG Engine               - devShowPositionProperty: BooleanProperty [value: false]
18:22:41.870 [FXGL Background Thread 3 ] DEBUG Engine               - enabledMenuItems: []
18:22:41.871 [FXGL Background Thread 3 ] DEBUG Engine               - engineServices: [class com.almasb.fxgl.app.services.FXGLAssetLoaderService, class com.almasb.fxgl.app.FXGLApplication$GameApplicationService, class com.almasb.fxgl.app.services.FXGLDialogService, class com.almasb.fxgl.app.services.IOTaskExecutorService, class com.almasb.fxgl.io.FileSystemService, class com.almasb.fxgl.localization.LocalizationService, class com.almasb.fxgl.app.services.SystemBundleService, class com.almasb.fxgl.profile.SaveLoadService, class com.almasb.fxgl.ui.FXGLUIFactoryServiceProvider, class com.almasb.fxgl.ui.FXGLDialogFactoryServiceProvider, class com.almasb.fxgl.audio.AudioPlayer, class com.almasb.fxgl.notification.impl.NotificationServiceProvider, class com.almasb.fxgl.achievement.AchievementService, class com.almasb.fxgl.cutscene.CutsceneService, class com.almasb.fxgl.minigames.MiniGameService, class com.almasb.fxgl.net.NetService, class com.almasb.fxgl.app.services.UpdaterService, class com.almasb.fxgl.dev.DevService, class com.almasb.fxgl.multiplayer.MultiplayerService]
18:22:41.871 [FXGL Background Thread 3 ] DEBUG Engine               - fontGame: Abel-Regular.ttf
18:22:41.871 [FXGL Background Thread 3 ] DEBUG Engine               - fontMono: lucida_console.ttf
18:22:41.871 [FXGL Background Thread 3 ] DEBUG Engine               - fontText: Courier-Prime.ttf
18:22:41.871 [FXGL Background Thread 3 ] DEBUG Engine               - fontUI: VarelaRound-Regular.ttf
18:22:41.871 [FXGL Background Thread 3 ] DEBUG Engine               - fullScreen: BooleanProperty [value: false]
18:22:41.871 [FXGL Background Thread 3 ] DEBUG Engine               - gameDifficulty: MEDIUM
18:22:41.871 [FXGL Background Thread 3 ] DEBUG Engine               - gameDifficultyProperty: ObjectProperty [value: MEDIUM]
18:22:41.872 [FXGL Background Thread 3 ] DEBUG Engine               - globalMusicVolume: 0.5
18:22:41.872 [FXGL Background Thread 3 ] DEBUG Engine               - globalMusicVolumeProperty: DoubleProperty [value: 0.5]
18:22:41.872 [FXGL Background Thread 3 ] DEBUG Engine               - globalSoundVolume: 0.5
18:22:41.872 [FXGL Background Thread 3 ] DEBUG Engine               - globalSoundVolumeProperty: DoubleProperty [value: 0.5]
18:22:41.872 [FXGL Background Thread 3 ] DEBUG Engine               - height: 600
18:22:41.872 [FXGL Background Thread 3 ] DEBUG Engine               - is3D: false
18:22:41.872 [FXGL Background Thread 3 ] DEBUG Engine               - isAndroid: false
18:22:41.872 [FXGL Background Thread 3 ] DEBUG Engine               - isBrowser: false
18:22:41.873 [FXGL Background Thread 3 ] DEBUG Engine               - isClickFeedbackEnabled: false
18:22:41.873 [FXGL Background Thread 3 ] DEBUG Engine               - isCloseConfirmation: false
18:22:41.873 [FXGL Background Thread 3 ] DEBUG Engine               - isDesktop: true
18:22:41.873 [FXGL Background Thread 3 ] DEBUG Engine               - isDeveloperMenuEnabled: true
18:22:41.873 [FXGL Background Thread 3 ] DEBUG Engine               - isEmbedded: false
18:22:41.873 [FXGL Background Thread 3 ] DEBUG Engine               - isEntityPreloadEnabled: true
18:22:41.873 [FXGL Background Thread 3 ] DEBUG Engine               - isExperimentalTiledLargeMap: false
18:22:41.873 [FXGL Background Thread 3 ] DEBUG Engine               - isFileSystemWriteAllowed: true
18:22:41.873 [FXGL Background Thread 3 ] DEBUG Engine               - isFullScreenAllowed: false
18:22:41.874 [FXGL Background Thread 3 ] DEBUG Engine               - isFullScreenFromStart: false
18:22:41.874 [FXGL Background Thread 3 ] DEBUG Engine               - isGameMenuEnabled: true
18:22:41.874 [FXGL Background Thread 3 ] DEBUG Engine               - isIOS: false
18:22:41.874 [FXGL Background Thread 3 ] DEBUG Engine               - isIntroEnabled: false
18:22:41.874 [FXGL Background Thread 3 ] DEBUG Engine               - isLinux: false
18:22:41.874 [FXGL Background Thread 3 ] DEBUG Engine               - isMac: false
18:22:41.874 [FXGL Background Thread 3 ] DEBUG Engine               - isMainMenuEnabled: true
18:22:41.874 [FXGL Background Thread 3 ] DEBUG Engine               - isManualResizeEnabled: false
18:22:41.874 [FXGL Background Thread 3 ] DEBUG Engine               - isMobile: false
18:22:41.875 [FXGL Background Thread 3 ] DEBUG Engine               - isNative: false
18:22:41.875 [FXGL Background Thread 3 ] DEBUG Engine               - isPauseMusicWhenMinimized: true
18:22:41.875 [FXGL Background Thread 3 ] DEBUG Engine               - isPreserveResizeRatio: false
18:22:41.875 [FXGL Background Thread 3 ] DEBUG Engine               - isProfilingEnabled: false
18:22:41.875 [FXGL Background Thread 3 ] DEBUG Engine               - isScaleAffectedOnResize: true
18:22:41.875 [FXGL Background Thread 3 ] DEBUG Engine               - isSingleStep: false
18:22:41.875 [FXGL Background Thread 3 ] DEBUG Engine               - isUserProfileEnabled: false
18:22:41.876 [FXGL Background Thread 3 ] DEBUG Engine               - isWindows: true
18:22:41.876 [FXGL Background Thread 3 ] DEBUG Engine               - language: ObjectProperty [value: ENGLISH]
18:22:41.876 [FXGL Background Thread 3 ] DEBUG Engine               - menuKey: ESCAPE
18:22:41.876 [FXGL Background Thread 3 ] DEBUG Engine               - mouseSensitivity: 0.2
18:22:41.876 [FXGL Background Thread 3 ] DEBUG Engine               - notificationViewClass: class com.almasb.fxgl.notification.view.XboxNotificationView
18:22:41.876 [FXGL Background Thread 3 ] DEBUG Engine               - pixelsPerMeter: 50.0
18:22:41.876 [FXGL Background Thread 3 ] DEBUG Engine               - platform: WINDOWS
18:22:41.877 [FXGL Background Thread 3 ] DEBUG Engine               - prefHeightProperty: ReadOnlyDoubleProperty [value: 600.0]
18:22:41.877 [FXGL Background Thread 3 ] DEBUG Engine               - prefWidthProperty: ReadOnlyDoubleProperty [value: 800.0]
18:22:41.877 [FXGL Background Thread 3 ] DEBUG Engine               - profileDir: profiles/
18:22:41.877 [FXGL Background Thread 3 ] DEBUG Engine               - profileName: StringProperty [value: DEFAULT]
18:22:41.877 [FXGL Background Thread 3 ] DEBUG Engine               - randomSeed: -1
18:22:41.877 [FXGL Background Thread 3 ] DEBUG Engine               - runtimeInfo: RuntimeInfo(platform=WINDOWS, version=dev-SNAPSHOT, build=28.07.2021 16.39)
18:22:41.877 [FXGL Background Thread 3 ] DEBUG Engine               - saveFileExt: sav
18:22:41.877 [FXGL Background Thread 3 ] DEBUG Engine               - scaledHeightProp$fxgl: DoubleProperty [bound, value: 600.0]
18:22:41.877 [FXGL Background Thread 3 ] DEBUG Engine               - scaledWidthProp$fxgl: DoubleProperty [bound, value: 800.0]
18:22:41.879 [FXGL Background Thread 3 ] DEBUG Engine               - sceneFactory: com.groupfour.mygame.App$1@3b33c3b9
18:22:41.879 [FXGL Background Thread 3 ] DEBUG Engine               - secondsIn24h: 60
18:22:41.879 [FXGL Background Thread 3 ] DEBUG Engine               - soundMenuBack: menu/back.wav
18:22:41.879 [FXGL Background Thread 3 ] DEBUG Engine               - soundMenuPress: menu/press.wav
18:22:41.879 [FXGL Background Thread 3 ] DEBUG Engine               - soundMenuSelect: menu/select.wav
18:22:41.879 [FXGL Background Thread 3 ] DEBUG Engine               - soundNotification: core/notification.wav
18:22:41.879 [FXGL Background Thread 3 ] DEBUG Engine               - stageStyle: DECORATED
18:22:41.880 [FXGL Background Thread 3 ] DEBUG Engine               - supportedLanguages: [ENGLISH, FRENCH, GERMAN, HUNGARIAN, RUSSIAN]
18:22:41.880 [FXGL Background Thread 3 ] DEBUG Engine               - ticksPerSecond: -1
18:22:41.880 [FXGL Background Thread 3 ] DEBUG Engine               - title: Flatline: Oregon
18:22:41.880 [FXGL Background Thread 3 ] DEBUG Engine               - urlGithub: https://github.com/AlmasB/FXGL
18:22:41.880 [FXGL Background Thread 3 ] DEBUG Engine               - urlLeaderboard: http://fxgl-top.herokuapp.com/
18:22:41.880 [FXGL Background Thread 3 ] DEBUG Engine               - urlPOM: https://raw.githubusercontent.com/AlmasB/FXGL/release/README.md
18:22:41.880 [FXGL Background Thread 3 ] DEBUG Engine               - userAppClass: class com.groupfour.mygame.App
18:22:41.880 [FXGL Background Thread 3 ] DEBUG Engine               - version: Beta ?
18:22:41.881 [FXGL Background Thread 3 ] DEBUG Engine               - versionCheckDays: 7
18:22:41.881 [FXGL Background Thread 3 ] DEBUG Engine               - width: 800
18:22:41.881 [FXGL Background Thread 3 ] DEBUG Engine               - Logging services
18:22:41.881 [FXGL Background Thread 3 ] DEBUG Engine               - class com.almasb.fxgl.app.services.FXGLAssetLoaderService
18:22:41.881 [FXGL Background Thread 3 ] DEBUG Engine               - class com.almasb.fxgl.app.FXGLApplication$GameApplicationService
18:22:41.881 [FXGL Background Thread 3 ] DEBUG Engine               - class com.almasb.fxgl.app.services.FXGLDialogService
18:22:41.881 [FXGL Background Thread 3 ] DEBUG Engine               - class com.almasb.fxgl.app.services.IOTaskExecutorService
18:22:41.881 [FXGL Background Thread 3 ] DEBUG Engine               - class com.almasb.fxgl.io.FileSystemService
18:22:41.881 [FXGL Background Thread 3 ] DEBUG Engine               - class com.almasb.fxgl.localization.LocalizationService
18:22:41.881 [FXGL Background Thread 3 ] DEBUG Engine               - class com.almasb.fxgl.app.services.SystemBundleService
18:22:41.881 [FXGL Background Thread 3 ] DEBUG Engine               - class com.almasb.fxgl.profile.SaveLoadService
18:22:41.881 [FXGL Background Thread 3 ] DEBUG Engine               - class com.almasb.fxgl.ui.FXGLUIFactoryServiceProvider
18:22:41.881 [FXGL Background Thread 3 ] DEBUG Engine               - class com.almasb.fxgl.ui.FXGLDialogFactoryServiceProvider
18:22:41.882 [FXGL Background Thread 3 ] DEBUG Engine               - class com.almasb.fxgl.audio.AudioPlayer
18:22:41.882 [FXGL Background Thread 3 ] DEBUG Engine               - class com.almasb.fxgl.notification.impl.NotificationServiceProvider
18:22:41.882 [FXGL Background Thread 3 ] DEBUG Engine               - class com.almasb.fxgl.achievement.AchievementService
18:22:41.882 [FXGL Background Thread 3 ] DEBUG Engine               - class com.almasb.fxgl.cutscene.CutsceneService
18:22:41.882 [FXGL Background Thread 3 ] DEBUG Engine               - class com.almasb.fxgl.minigames.MiniGameService
18:22:41.882 [FXGL Background Thread 3 ] DEBUG Engine               - class com.almasb.fxgl.net.NetService
18:22:41.882 [FXGL Background Thread 3 ] DEBUG Engine               - class com.almasb.fxgl.app.services.UpdaterService
18:22:41.882 [FXGL Background Thread 3 ] DEBUG Engine               - class com.almasb.fxgl.dev.DevService
18:22:41.883 [FXGL Background Thread 3 ] DEBUG Engine               - class com.almasb.fxgl.multiplayer.MultiplayerService
18:22:42.007 [FXGL Background Thread 2 ] INFO  UpdaterService       - Your current version:  dev-SNAPSHOT
18:22:42.008 [FXGL Background Thread 2 ] INFO  UpdaterService       - Latest stable version: 21.1
18:22:44.212 [JavaFX Application Thread] DEBUG FXGLApplication      - Exiting FXGL
18:22:44.212 [JavaFX Application Thread] DEBUG LoopRunner           - Stopping loop
18:22:44.213 [JavaFX Application Thread] DEBUG SystemBundleService  - Saving FXGL system data
18:22:44.216 [JavaFX Application Thread] DEBUG FileSystemAccess     - Writing to: C:\Users\acer\OneDrive\Desktop\git pull\CSS124L-FINAL-PROJECT\system\fxgl.bundle
18:22:44.220 [JavaFX Application Thread] DEBUG Async                - Shutting down background threads
18:22:44.221 [JavaFX Application Thread] DEBUG PrimaryStageWindow   - Closing main window
18:22:44.265 [JavaFX Application Thread] DEBUG Logger               - Closing Logger
