22:08:51.373 [main                     ] DEBUG Logger               - Configured Logger
22:08:51.391 [main                     ] DEBUG GameApplication      - Logging settings
Title: Flatline: Oregon
Version: 0.0
Width: 800
Height: 600
Fullscreen: false
Intro: false
Profiling: false
Single step:false
App Mode: DEVELOPER
Menu Key: ESCAPE
Stage Style: DECORATED
Scene Factory: class com.groupfour.mygame.App$1

22:08:51.646 [JavaFX Application Thread] DEBUG FXGLApplication      - Initializing FXGL
22:08:51.647 [JavaFX Application Thread] INFO  Engine               - FXGL-dev-SNAPSHOT (28.07.2021 16.39) on WINDOWS (J:11.0.22 FX:16)
22:08:51.648 [JavaFX Application Thread] DEBUG Engine               - JRE Vendor Name: Oracle Corporation
22:08:51.648 [JavaFX Application Thread] DEBUG Engine               - Running on OS: Windows 11 version 10.0
22:08:51.648 [JavaFX Application Thread] DEBUG Engine               - Architecture: amd64
22:08:51.649 [JavaFX Application Thread] INFO  Engine               - Source code and latest versions at: https://github.com/AlmasB/FXGL
22:08:51.649 [JavaFX Application Thread] INFO  Engine               -              Join the FXGL chat at: https://gitter.im/AlmasB/FXGL
22:08:51.706 [JavaFX Application Thread] DEBUG PrimaryStageWindow   - Creating a JavaFX scene
22:08:51.746 [JavaFX Application Thread] DEBUG PrimaryStageWindow   - Target settings size: 800.0 x 600.0
22:08:51.746 [JavaFX Application Thread] DEBUG PrimaryStageWindow   - Scaled scene size:    800.0 x 600.0
22:08:51.746 [JavaFX Application Thread] DEBUG PrimaryStageWindow   - Scaled ratio: (1.0, 1.0)
22:08:51.746 [JavaFX Application Thread] DEBUG PrimaryStageWindow   - Set initial scene to FXGLStartupScene
22:08:51.750 [JavaFX Application Thread] DEBUG PrimaryStageWindow   - Opening main window
22:08:51.823 [JavaFX Application Thread] DEBUG PrimaryStageWindow   - Window border size: (14.4000244140625, 37.5999755859375)
22:08:51.823 [JavaFX Application Thread] DEBUG PrimaryStageWindow   - Scaled size: 800.0 x 600.0
22:08:51.823 [JavaFX Application Thread] DEBUG PrimaryStageWindow   - Scaled ratio: (1.0, 1.0)
22:08:51.823 [JavaFX Application Thread] DEBUG PrimaryStageWindow   - Scene size: 800.0 x 600.0
22:08:51.823 [JavaFX Application Thread] DEBUG PrimaryStageWindow   - Stage size: 814.4000244140625 x 637.5999755859375
22:08:51.828 [FXGL Background Thread 1 ] DEBUG Engine               - Initializing environment variables
22:08:51.876 [FXGL Background Thread 1 ] DEBUG FXGLAssetLoaderServi - User app class for loading assets: class com.groupfour.mygame.App
22:08:51.876 [FXGL Background Thread 1 ] DEBUG GameApplicationServi - Applying CSS: fxgl_dark.css
22:08:51.879 [FXGL Background Thread 1 ] DEBUG FXGLAssetLoaderServi - Loading from file system: jar:file:///C:/Users/acer/.m2/repository/com/github/almasb/fxgl/dev-SNAPSHOT/fxgl-dev-SNAPSHOT.jar!/fxglassets/ui/css/fxgl_dark.css
22:08:51.915 [FXGL Background Thread 1 ] DEBUG GameApplicationServi - Initializing application scenes
22:08:51.944 [FXGL Background Thread 1 ] DEBUG GameWorld            - Game world initialized
22:08:51.979 [FXGL Background Thread 1 ] DEBUG PhysicsWorld         - Physics world initialized: appHeight=600, physics.ppm=50.0
22:08:51.979 [FXGL Background Thread 1 ] DEBUG PhysicsWorld         - Using strategy: BRUTE_FORCE
22:08:51.981 [FXGL Background Thread 1 ] DEBUG GameScene            - Game scene initialized: 800x600
22:08:51.992 [FXGL Background Thread 1 ] DEBUG FXGL.DefaultMenu     - createMenuBodyMainMenu()
22:08:52.007 [FXGL Background Thread 1 ] DEBUG FXGL.DefaultMenu     - createOptionsMenu()
22:08:52.015 [FXGL Background Thread 1 ] DEBUG FXGLAssetLoaderServi - Loading from file system: jar:file:///C:/Users/acer/.m2/repository/com/github/almasb/fxgl/dev-SNAPSHOT/fxgl-dev-SNAPSHOT.jar!/fxglassets/textures/particles/smoke.png
22:08:52.100 [FXGL Background Thread 1 ] DEBUG FXGLAssetLoaderServi - Loading from file system: jar:file:///C:/Users/acer/.m2/repository/com/github/almasb/fxgl/dev-SNAPSHOT/fxgl-dev-SNAPSHOT.jar!/fxglassets/textures/particles/trace_horizontal.png
22:08:52.141 [FXGL Background Thread 1 ] DEBUG FXGLAssetLoaderServi - Loading from file system: file:/C:/Users/acer/OneDrive/Desktop/git%20pull/CSS124L-FINAL-PROJECT/fp/target/classes/assets/textures/spbtn.png
22:08:52.158 [FXGL Background Thread 1 ] DEBUG FXGLAssetLoaderServi - Loading from file system: file:/C:/Users/acer/OneDrive/Desktop/git%20pull/CSS124L-FINAL-PROJECT/fp/target/classes/assets/textures/mm.png
22:08:52.163 [FXGL Background Thread 1 ] DEBUG GameApplicationServi - Application scenes initialized
22:08:52.170 [FXGL Background Thread 1 ] DEBUG SystemBundleService  - Loading FXGL system data
22:08:52.174 [FXGL Background Thread 1 ] DEBUG FileSystemAccess     - Reading from: C:\Users\acer\OneDrive\Desktop\git pull\CSS124L-FINAL-PROJECT\system\fxgl.bundle
22:08:52.178 [FXGL Background Thread 1 ] DEBUG SystemBundleService  - Bundle FXGL: {}
22:08:52.178 [FXGL Background Thread 1 ] DEBUG UpdaterService       - Checking for updates
22:08:52.180 [FXGL Background Thread 4 ] DEBUG FXGLApplication      - Loading fonts
22:08:52.180 [FXGL Background Thread 1 ] DEBUG FXGLApplication      - Loading default localization
22:08:52.181 [FXGL Background Thread 1 ] DEBUG FXGLAssetLoaderServi - Loading from file system: jar:file:///C:/Users/acer/.m2/repository/com/github/almasb/fxgl/dev-SNAPSHOT/fxgl-dev-SNAPSHOT.jar!/fxglassets/languages/english.lang
22:08:52.181 [FXGL Background Thread 4 ] DEBUG FXGLAssetLoaderServi - Loading from file system: jar:file:///C:/Users/acer/.m2/repository/com/github/almasb/fxgl/dev-SNAPSHOT/fxgl-dev-SNAPSHOT.jar!/fxglassets/ui/fonts/VarelaRound-Regular.ttf
22:08:52.193 [FXGL Background Thread 1 ] INFO  FXGLApplication      - FXGL initialization took: 0.364 sec
22:08:52.200 [JavaFX Application Thread] DEBUG Input                - Registered new binding: Move Upwards - W
22:08:52.200 [JavaFX Application Thread] DEBUG Input                - Registered new binding: Move Down - S
22:08:52.200 [JavaFX Application Thread] DEBUG Input                - Registered new binding: Move Left - A
22:08:52.201 [JavaFX Application Thread] DEBUG Input                - Registered new binding: Move Right - D
22:08:52.201 [JavaFX Application Thread] DEBUG Input                - Registered new binding: Reload - R
22:08:52.201 [JavaFX Application Thread] DEBUG Input                - Registered new binding: Shoot - LMB
22:08:52.201 [JavaFX Application Thread] DEBUG Input                - Registered new binding: Switch Weapons - Q
22:08:52.202 [JavaFX Application Thread] DEBUG Input                - Registered new binding: Interact - F
22:08:52.202 [JavaFX Application Thread] DEBUG Input                - Registered new binding: Sprint - Space
22:08:52.203 [JavaFX Application Thread] DEBUG Input                - Registered new binding: Game Menu - Esc
22:08:52.204 [JavaFX Application Thread] DEBUG FXGLAssetLoaderServi - Loading from file system: file:/C:/Users/acer/OneDrive/Desktop/git%20pull/CSS124L-FINAL-PROJECT/fp/target/classes/assets/music/titleBGM.mp3
22:08:52.330 [JavaFX Application Thread] DEBUG AudioPlayer          - Playing music com.almasb.fxgl.audio.Music@31e69cff
22:08:52.331 [JavaFX Application Thread] DEBUG FXGLAssetLoaderServi - Loading from file system: jar:file:///C:/Users/acer/.m2/repository/com/github/almasb/fxgl/dev-SNAPSHOT/fxgl-dev-SNAPSHOT.jar!/fxglassets/textures/fxgl_icon.png
22:08:52.337 [JavaFX Application Thread] DEBUG FXGLAssetLoaderServi - Loading from file system: jar:file:///C:/Users/acer/.m2/repository/com/github/almasb/fxgl/dev-SNAPSHOT/fxgl-dev-SNAPSHOT.jar!/fxglassets/textures/fxgl_default_cursor.png
22:08:52.339 [JavaFX Application Thread] DEBUG Input                - Registered new binding: Screenshot - CTRL+8
22:08:52.339 [JavaFX Application Thread] DEBUG Input                - Registered new binding: System info dump - CTRL+9
22:08:52.339 [JavaFX Application Thread] DEBUG Input                - Registered new binding: Restart - CTRL+R
22:08:52.339 [JavaFX Application Thread] DEBUG Input                - Registered new binding: Toggle Debug Camera - CTRL+C
22:08:52.341 [JavaFX Application Thread] DEBUG LoopRunner           - Starting loop
22:08:52.341 [JavaFX Application Thread] DEBUG LoopRunner           - Initializing JavaFX AnimationTimerLoop
22:08:52.343 [JavaFX Application Thread] DEBUG Input                - Clearing active input actions
22:08:52.349 [JavaFX Application Thread] DEBUG GameApplicationServi - Removing overlay from FXGLStartupScene and adding to FXGLMainMenuDummyScene
22:08:52.350 [JavaFX Application Thread] DEBUG PrimaryStageWindow   - FXGLStartupScene -> FXGLMainMenuDummyScene
22:08:52.350 [JavaFX Application Thread] DEBUG PrimaryStageWindow   - Push state: FXGLDefaultMenu
22:08:52.353 [JavaFX Application Thread] DEBUG Input                - Clearing active input actions
22:08:52.357 [JavaFX Application Thread] DEBUG GameApplicationServi - Removing overlay from FXGLMainMenuDummyScene and adding to FXGLDefaultMenu
22:08:52.358 [JavaFX Application Thread] DEBUG PrimaryStageWindow   - FXGLMainMenuDummyScene -> FXGLDefaultMenu
22:08:52.584 [FXGL Background Thread 4 ] DEBUG FXGLAssetLoaderServi - Loading from file system: jar:file:///C:/Users/acer/.m2/repository/com/github/almasb/fxgl/dev-SNAPSHOT/fxgl-dev-SNAPSHOT.jar!/fxglassets/ui/fonts/Abel-Regular.ttf
22:08:52.588 [FXGL Background Thread 4 ] DEBUG FXGLAssetLoaderServi - Loading from file system: jar:file:///C:/Users/acer/.m2/repository/com/github/almasb/fxgl/dev-SNAPSHOT/fxgl-dev-SNAPSHOT.jar!/fxglassets/ui/fonts/lucida_console.ttf
22:08:52.593 [FXGL Background Thread 4 ] DEBUG FXGLAssetLoaderServi - Loading from file system: jar:file:///C:/Users/acer/.m2/repository/com/github/almasb/fxgl/dev-SNAPSHOT/fxgl-dev-SNAPSHOT.jar!/fxglassets/ui/fonts/Courier-Prime.ttf
22:08:52.863 [JavaFX Application Thread] DEBUG FXGLApplication      - Registering font factories with UI factory
22:08:52.969 [JavaFX Application Thread] DEBUG Menu                 - fireNewGame()
22:08:52.969 [JavaFX Application Thread] DEBUG GameApplicationServi - Starting new game
22:08:52.970 [JavaFX Application Thread] DEBUG PrimaryStageWindow   - Pop state: FXGLDefaultMenu
22:08:52.970 [JavaFX Application Thread] DEBUG Input                - Clearing active input actions
22:08:52.971 [JavaFX Application Thread] DEBUG GameApplicationServi - Removing overlay from FXGLDefaultMenu and adding to FXGLMainMenuDummyScene
22:08:52.971 [JavaFX Application Thread] DEBUG PrimaryStageWindow   - FXGLMainMenuDummyScene <- FXGLDefaultMenu
22:08:52.971 [JavaFX Application Thread] DEBUG Input                - Clearing active input actions
22:08:52.987 [JavaFX Application Thread] DEBUG GameApplicationServi - Removing overlay from FXGLMainMenuDummyScene and adding to FXGLLoadingScene
22:08:52.987 [JavaFX Application Thread] DEBUG PrimaryStageWindow   - FXGLMainMenuDummyScene -> FXGLLoadingScene
22:08:52.987 [JavaFX Application Thread] DEBUG GameApplicationServi - Clearing previous game
22:08:52.987 [JavaFX Application Thread] DEBUG GameScene            - Clearing game scene
22:08:52.987 [JavaFX Application Thread] DEBUG GameWorld            - Clearing game world
22:08:52.987 [JavaFX Application Thread] DEBUG PhysicsWorld         - Clearing physics world
22:08:52.989 [FXGL Background Thread 4 ] DEBUG FXGLApplication      - Initializing game
22:08:53.017 [FXGL Background Thread 4 ] WARN  TMXLevelLoader       - TiledMap generated from 1.11.0. Supported version: 1.2.3. Some features may not be parsed fully.
22:08:53.036 [FXGL Background Thread 4 ] DEBUG TMXLevelLoader       - Parsed TiledMap: file:/C:/Users/acer/OneDrive/Desktop/git%20pull/CSS124L-FINAL-PROJECT/fp/target/classes/assets/levels/Warehouse.tmx
22:08:53.037 [FXGL Background Thread 4 ] DEBUG TMXLevelLoader       - Creating tile layer entities
22:08:53.038 [FXGL Background Thread 4 ] DEBUG TilesetLoader        - Loading view for layer Floor
22:08:53.044 [FXGL Background Thread 4 ] DEBUG TilesetLoader        - Created buffer with size 2240.0x1600.0
22:08:53.054 [FXGL Background Thread 4 ] DEBUG TilesetLoader        - Loading view for layer Wall
22:08:53.059 [FXGL Background Thread 4 ] DEBUG TilesetLoader        - Created buffer with size 2240.0x1600.0
22:08:53.072 [FXGL Background Thread 4 ] DEBUG TilesetLoader        - Loading view for layer Props
22:08:53.078 [FXGL Background Thread 4 ] DEBUG TilesetLoader        - Created buffer with size 2240.0x1600.0
22:08:53.090 [FXGL Background Thread 4 ] DEBUG TMXLevelLoader       - Creating object layer entities
22:08:53.109 [FXGL Background Thread 4 ] DEBUG GameWorld            - Clearing removable entities
22:08:53.110 [FXGL Background Thread 4 ] DEBUG GameWorld            - Setting level: com.almasb.fxgl.entity.level.Level@4fb60e36
22:08:53.114 [FXGL Background Thread 4 ] DEBUG FXGLAssetLoaderServi - Loading from file system: file:/C:/Users/acer/OneDrive/Desktop/git%20pull/CSS124L-FINAL-PROJECT/fp/target/classes/assets/ui/fonts/PIXELADE.TTF
22:08:53.124 [FXGL Background Thread 4 ] INFO  FXGLApplication      - Game initialization took: 0.135 sec
22:08:53.125 [JavaFX Application Thread] DEBUG Input                - Clearing active input actions
22:08:53.129 [JavaFX Application Thread] DEBUG GameApplicationServi - Removing overlay from FXGLLoadingScene and adding to GameScene
22:08:53.129 [JavaFX Application Thread] DEBUG PrimaryStageWindow   - FXGLLoadingScene -> GameScene
22:08:53.133 [JavaFX Application Thread] DEBUG FXGLAssetLoaderServi - Loading from file system: file:/C:/Users/acer/OneDrive/Desktop/git%20pull/CSS124L-FINAL-PROJECT/fp/target/classes/assets/textures/banner.png
22:08:53.174 [JavaFX Application Thread] DEBUG PrimaryStageWindow   - Push state: PCM_BG
22:08:53.175 [JavaFX Application Thread] DEBUG Input                - Clearing active input actions
22:08:53.175 [JavaFX Application Thread] DEBUG GameApplicationServi - Removing overlay from GameScene and adding to PCM_BG
22:08:53.175 [JavaFX Application Thread] DEBUG PrimaryStageWindow   - GameScene -> PCM_BG
22:08:53.176 [JavaFX Application Thread] DEBUG PrimaryStageWindow   - Push state: MainMenu
22:08:53.176 [JavaFX Application Thread] DEBUG Input                - Clearing active input actions
22:08:53.176 [JavaFX Application Thread] DEBUG GameApplicationServi - Removing overlay from PCM_BG and adding to MainMenu
22:08:53.176 [JavaFX Application Thread] DEBUG PrimaryStageWindow   - PCM_BG -> MainMenu
22:08:53.213 [FXGL Background Thread 2 ] INFO  UpdaterService       - Your current version:  dev-SNAPSHOT
22:08:53.214 [FXGL Background Thread 2 ] INFO  UpdaterService       - Latest stable version: 21.1
22:08:53.615 [JavaFX Application Thread] DEBUG AudioPlayer          - Stopping music com.almasb.fxgl.audio.Music@31e69cff
22:08:53.619 [JavaFX Application Thread] DEBUG FXGLAssetLoaderServi - Loading from file system: file:/C:/Users/acer/OneDrive/Desktop/git%20pull/CSS124L-FINAL-PROJECT/fp/target/classes/assets/sounds/Reload.mp3
22:08:53.622 [JavaFX Application Thread] DEBUG FXGLAssetLoaderServi - Loading from file system: file:/C:/Users/acer/OneDrive/Desktop/git%20pull/CSS124L-FINAL-PROJECT/fp/target/classes/assets/sounds/BerettaM9_Shoot.mp3
22:08:53.625 [JavaFX Application Thread] DEBUG FXGLAssetLoaderServi - Loading from file system: file:/C:/Users/acer/OneDrive/Desktop/git%20pull/CSS124L-FINAL-PROJECT/fp/target/classes/assets/textures/Weapons/Idle/BerettaM9_Idle.png
22:08:53.627 [JavaFX Application Thread] DEBUG FXGLAssetLoaderServi - Loading from file system: file:/C:/Users/acer/OneDrive/Desktop/git%20pull/CSS124L-FINAL-PROJECT/fp/target/classes/assets/textures/Weapons/Shooting/BerettaM9_Shooting.png
22:08:53.629 [JavaFX Application Thread] DEBUG FXGLAssetLoaderServi - Loading from file system: file:/C:/Users/acer/OneDrive/Desktop/git%20pull/CSS124L-FINAL-PROJECT/fp/target/classes/assets/textures/Players/1P_Shoot.png
22:08:53.633 [JavaFX Application Thread] DEBUG FXGLAssetLoaderServi - Loading from file system: file:/C:/Users/acer/OneDrive/Desktop/git%20pull/CSS124L-FINAL-PROJECT/fp/target/classes/assets/textures/Interactables/vending_machine.png
22:08:53.634 [JavaFX Application Thread] DEBUG FXGLAssetLoaderServi - Loading from file system: file:/C:/Users/acer/OneDrive/Desktop/git%20pull/CSS124L-FINAL-PROJECT/fp/target/classes/assets/sounds/Soda_Can_Opening.mp3
22:08:53.635 [JavaFX Application Thread] DEBUG FXGLAssetLoaderServi - Loading from file system: file:/C:/Users/acer/OneDrive/Desktop/git%20pull/CSS124L-FINAL-PROJECT/fp/target/classes/assets/textures/Interactables/microwave_close.png
22:08:53.638 [JavaFX Application Thread] DEBUG FXGLAssetLoaderServi - Loading from file system: file:/C:/Users/acer/OneDrive/Desktop/git%20pull/CSS124L-FINAL-PROJECT/fp/target/classes/assets/textures/ArmoryTileset.png
22:08:53.639 [JavaFX Application Thread] DEBUG PrimaryStageWindow   - Pop state: MainMenu
22:08:53.639 [JavaFX Application Thread] DEBUG Input                - Clearing active input actions
22:08:53.640 [JavaFX Application Thread] DEBUG GameApplicationServi - Removing overlay from MainMenu and adding to PCM_BG
22:08:53.640 [JavaFX Application Thread] DEBUG PrimaryStageWindow   - PCM_BG <- MainMenu
22:08:53.640 [JavaFX Application Thread] DEBUG PrimaryStageWindow   - Pop state: PCM_BG
22:08:53.640 [JavaFX Application Thread] DEBUG Input                - Clearing active input actions
22:08:53.640 [JavaFX Application Thread] DEBUG GameApplicationServi - Removing overlay from PCM_BG and adding to GameScene
22:08:53.640 [JavaFX Application Thread] DEBUG PrimaryStageWindow   - GameScene <- PCM_BG
22:08:53.698 [JavaFX Application Thread] DEBUG FXGLAssetLoaderServi - Loading from file system: file:/C:/Users/acer/OneDrive/Desktop/git%20pull/CSS124L-FINAL-PROJECT/fp/target/classes/assets/textures/Zombies/Basic_Zombie_Walking.png
22:08:53.701 [JavaFX Application Thread] DEBUG FXGLAssetLoaderServi - Loading from file system: file:/C:/Users/acer/OneDrive/Desktop/git%20pull/CSS124L-FINAL-PROJECT/fp/target/classes/assets/textures/Zombies/Basic_Zombie_Attack.png
22:08:53.848 [JavaFX Application Thread] DEBUG FXGLAssetLoaderServi - Loading from file system: file:/C:/Users/acer/OneDrive/Desktop/git%20pull/CSS124L-FINAL-PROJECT/fp/target/classes/assets/text/startGame.txt
22:08:53.852 [JavaFX Application Thread] DEBUG Input                - Registered new binding: Next RPG Line - Enter
22:08:53.852 [JavaFX Application Thread] DEBUG FXGLAssetLoaderServi - Loading from file system: file:/C:/Users/acer/OneDrive/Desktop/git%20pull/CSS124L-FINAL-PROJECT/fp/target/classes/assets/textures/helmet.png
22:08:53.852 [JavaFX Application Thread] DEBUG PrimaryStageWindow   - Push state: CutsceneScene
22:08:53.853 [JavaFX Application Thread] DEBUG Input                - Clearing active input actions
22:08:53.853 [JavaFX Application Thread] DEBUG GameApplicationServi - Removing overlay from GameScene and adding to CutsceneScene
22:08:53.853 [JavaFX Application Thread] DEBUG PrimaryStageWindow   - GameScene -> CutsceneScene
22:08:55.181 [FXGL Background Thread 3 ] DEBUG Engine               - Logging environment variables
22:08:55.181 [FXGL Background Thread 3 ] DEBUG Engine               - achievements: []
22:08:55.181 [FXGL Background Thread 3 ] DEBUG Engine               - actualHeight: 600.0
22:08:55.181 [FXGL Background Thread 3 ] DEBUG Engine               - actualHeightProperty: ReadOnlyDoubleProperty [value: 600.0]
22:08:55.181 [FXGL Background Thread 3 ] DEBUG Engine               - actualWidth: 800.0
22:08:55.181 [FXGL Background Thread 3 ] DEBUG Engine               - actualWidthProperty: ReadOnlyDoubleProperty [value: 800.0]
22:08:55.181 [FXGL Background Thread 3 ] DEBUG Engine               - appIcon: fxgl_icon.png
22:08:55.181 [FXGL Background Thread 3 ] DEBUG Engine               - applicationMode: DEVELOPER
22:08:55.181 [FXGL Background Thread 3 ] DEBUG Engine               - cSSList: [fxgl_dark.css]
22:08:55.181 [FXGL Background Thread 3 ] DEBUG Engine               - collisionDetectionStrategy: BRUTE_FORCE
22:08:55.181 [FXGL Background Thread 3 ] DEBUG Engine               - configClass: Optional.empty
22:08:55.181 [FXGL Background Thread 3 ] DEBUG Engine               - credits: []
22:08:55.181 [FXGL Background Thread 3 ] DEBUG Engine               - defaultCursor: CursorInfo(imageName=fxgl_default_cursor.png, hotspotX=7.0, hotspotY=6.0)
22:08:55.181 [FXGL Background Thread 3 ] DEBUG Engine               - devBBoxColorProperty: ObjectProperty [value: 0xff0000ff]
22:08:55.181 [FXGL Background Thread 3 ] DEBUG Engine               - devEnableDebugCameraProperty: BooleanProperty [value: false]
22:08:55.181 [FXGL Background Thread 3 ] DEBUG Engine               - devSensorColorProperty: ObjectProperty [value: 0xffff00ff]
22:08:55.181 [FXGL Background Thread 3 ] DEBUG Engine               - devShowBBoxProperty: BooleanProperty [value: false]
22:08:55.181 [FXGL Background Thread 3 ] DEBUG Engine               - devShowPositionProperty: BooleanProperty [value: false]
22:08:55.181 [FXGL Background Thread 3 ] DEBUG Engine               - enabledMenuItems: []
22:08:55.181 [FXGL Background Thread 3 ] DEBUG Engine               - engineServices: [class com.almasb.fxgl.app.services.FXGLAssetLoaderService, class com.almasb.fxgl.app.FXGLApplication$GameApplicationService, class com.almasb.fxgl.app.services.FXGLDialogService, class com.almasb.fxgl.app.services.IOTaskExecutorService, class com.almasb.fxgl.io.FileSystemService, class com.almasb.fxgl.localization.LocalizationService, class com.almasb.fxgl.app.services.SystemBundleService, class com.almasb.fxgl.profile.SaveLoadService, class com.almasb.fxgl.ui.FXGLUIFactoryServiceProvider, class com.almasb.fxgl.ui.FXGLDialogFactoryServiceProvider, class com.almasb.fxgl.audio.AudioPlayer, class com.almasb.fxgl.notification.impl.NotificationServiceProvider, class com.almasb.fxgl.achievement.AchievementService, class com.almasb.fxgl.cutscene.CutsceneService, class com.almasb.fxgl.minigames.MiniGameService, class com.almasb.fxgl.net.NetService, class com.almasb.fxgl.app.services.UpdaterService, class com.almasb.fxgl.dev.DevService, class com.almasb.fxgl.multiplayer.MultiplayerService]
22:08:55.181 [FXGL Background Thread 3 ] DEBUG Engine               - fontGame: Abel-Regular.ttf
22:08:55.181 [FXGL Background Thread 3 ] DEBUG Engine               - fontMono: lucida_console.ttf
22:08:55.181 [FXGL Background Thread 3 ] DEBUG Engine               - fontText: Courier-Prime.ttf
22:08:55.181 [FXGL Background Thread 3 ] DEBUG Engine               - fontUI: VarelaRound-Regular.ttf
22:08:55.181 [FXGL Background Thread 3 ] DEBUG Engine               - fullScreen: BooleanProperty [value: false]
22:08:55.181 [FXGL Background Thread 3 ] DEBUG Engine               - gameDifficulty: MEDIUM
22:08:55.181 [FXGL Background Thread 3 ] DEBUG Engine               - gameDifficultyProperty: ObjectProperty [value: MEDIUM]
22:08:55.181 [FXGL Background Thread 3 ] DEBUG Engine               - globalMusicVolume: 0.5
22:08:55.181 [FXGL Background Thread 3 ] DEBUG Engine               - globalMusicVolumeProperty: DoubleProperty [value: 0.5]
22:08:55.181 [FXGL Background Thread 3 ] DEBUG Engine               - globalSoundVolume: 0.5
22:08:55.181 [FXGL Background Thread 3 ] DEBUG Engine               - globalSoundVolumeProperty: DoubleProperty [value: 0.5]
22:08:55.181 [FXGL Background Thread 3 ] DEBUG Engine               - height: 600
22:08:55.181 [FXGL Background Thread 3 ] DEBUG Engine               - is3D: false
22:08:55.181 [FXGL Background Thread 3 ] DEBUG Engine               - isAndroid: false
22:08:55.181 [FXGL Background Thread 3 ] DEBUG Engine               - isBrowser: false
22:08:55.181 [FXGL Background Thread 3 ] DEBUG Engine               - isClickFeedbackEnabled: false
22:08:55.181 [FXGL Background Thread 3 ] DEBUG Engine               - isCloseConfirmation: false
22:08:55.181 [FXGL Background Thread 3 ] DEBUG Engine               - isDesktop: true
22:08:55.181 [FXGL Background Thread 3 ] DEBUG Engine               - isDeveloperMenuEnabled: false
22:08:55.181 [FXGL Background Thread 3 ] DEBUG Engine               - isEmbedded: false
22:08:55.181 [FXGL Background Thread 3 ] DEBUG Engine               - isEntityPreloadEnabled: true
22:08:55.181 [FXGL Background Thread 3 ] DEBUG Engine               - isExperimentalTiledLargeMap: false
22:08:55.181 [FXGL Background Thread 3 ] DEBUG Engine               - isFileSystemWriteAllowed: true
22:08:55.181 [FXGL Background Thread 3 ] DEBUG Engine               - isFullScreenAllowed: false
22:08:55.181 [FXGL Background Thread 3 ] DEBUG Engine               - isFullScreenFromStart: false
22:08:55.181 [FXGL Background Thread 3 ] DEBUG Engine               - isGameMenuEnabled: true
22:08:55.181 [FXGL Background Thread 3 ] DEBUG Engine               - isIOS: false
22:08:55.182 [FXGL Background Thread 3 ] DEBUG Engine               - isIntroEnabled: false
22:08:55.182 [FXGL Background Thread 3 ] DEBUG Engine               - isLinux: false
22:08:55.182 [FXGL Background Thread 3 ] DEBUG Engine               - isMac: false
22:08:55.182 [FXGL Background Thread 3 ] DEBUG Engine               - isMainMenuEnabled: true
22:08:55.182 [FXGL Background Thread 3 ] DEBUG Engine               - isManualResizeEnabled: false
22:08:55.182 [FXGL Background Thread 3 ] DEBUG Engine               - isMobile: false
22:08:55.182 [FXGL Background Thread 3 ] DEBUG Engine               - isNative: false
22:08:55.182 [FXGL Background Thread 3 ] DEBUG Engine               - isPauseMusicWhenMinimized: true
22:08:55.182 [FXGL Background Thread 3 ] DEBUG Engine               - isPreserveResizeRatio: false
22:08:55.182 [FXGL Background Thread 3 ] DEBUG Engine               - isProfilingEnabled: false
22:08:55.182 [FXGL Background Thread 3 ] DEBUG Engine               - isScaleAffectedOnResize: true
22:08:55.182 [FXGL Background Thread 3 ] DEBUG Engine               - isSingleStep: false
22:08:55.182 [FXGL Background Thread 3 ] DEBUG Engine               - isUserProfileEnabled: false
22:08:55.182 [FXGL Background Thread 3 ] DEBUG Engine               - isWindows: true
22:08:55.182 [FXGL Background Thread 3 ] DEBUG Engine               - language: ObjectProperty [value: ENGLISH]
22:08:55.182 [FXGL Background Thread 3 ] DEBUG Engine               - menuKey: ESCAPE
22:08:55.182 [FXGL Background Thread 3 ] DEBUG Engine               - mouseSensitivity: 0.2
22:08:55.182 [FXGL Background Thread 3 ] DEBUG Engine               - notificationViewClass: class com.almasb.fxgl.notification.view.XboxNotificationView
22:08:55.182 [FXGL Background Thread 3 ] DEBUG Engine               - pixelsPerMeter: 50.0
22:08:55.182 [FXGL Background Thread 3 ] DEBUG Engine               - platform: WINDOWS
22:08:55.182 [FXGL Background Thread 3 ] DEBUG Engine               - prefHeightProperty: ReadOnlyDoubleProperty [value: 600.0]
22:08:55.182 [FXGL Background Thread 3 ] DEBUG Engine               - prefWidthProperty: ReadOnlyDoubleProperty [value: 800.0]
22:08:55.182 [FXGL Background Thread 3 ] DEBUG Engine               - profileDir: profiles/
22:08:55.182 [FXGL Background Thread 3 ] DEBUG Engine               - profileName: StringProperty [value: DEFAULT]
22:08:55.182 [FXGL Background Thread 3 ] DEBUG Engine               - randomSeed: -1
22:08:55.182 [FXGL Background Thread 3 ] DEBUG Engine               - runtimeInfo: RuntimeInfo(platform=WINDOWS, version=dev-SNAPSHOT, build=28.07.2021 16.39)
22:08:55.182 [FXGL Background Thread 3 ] DEBUG Engine               - saveFileExt: sav
22:08:55.182 [FXGL Background Thread 3 ] DEBUG Engine               - scaledHeightProp$fxgl: DoubleProperty [bound, value: 600.0]
22:08:55.182 [FXGL Background Thread 3 ] DEBUG Engine               - scaledWidthProp$fxgl: DoubleProperty [bound, value: 800.0]
22:08:55.182 [FXGL Background Thread 3 ] DEBUG Engine               - sceneFactory: com.groupfour.mygame.App$1@7b4eff23
22:08:55.182 [FXGL Background Thread 3 ] DEBUG Engine               - secondsIn24h: 60
22:08:55.182 [FXGL Background Thread 3 ] DEBUG Engine               - soundMenuBack: menu/back.wav
22:08:55.182 [FXGL Background Thread 3 ] DEBUG Engine               - soundMenuPress: menu/press.wav
22:08:55.182 [FXGL Background Thread 3 ] DEBUG Engine               - soundMenuSelect: menu/select.wav
22:08:55.182 [FXGL Background Thread 3 ] DEBUG Engine               - soundNotification: core/notification.wav
22:08:55.182 [FXGL Background Thread 3 ] DEBUG Engine               - stageStyle: DECORATED
22:08:55.182 [FXGL Background Thread 3 ] DEBUG Engine               - supportedLanguages: [ENGLISH, FRENCH, GERMAN, HUNGARIAN, RUSSIAN]
22:08:55.183 [FXGL Background Thread 3 ] DEBUG Engine               - ticksPerSecond: -1
22:08:55.183 [FXGL Background Thread 3 ] DEBUG Engine               - title: Flatline: Oregon
22:08:55.183 [FXGL Background Thread 3 ] DEBUG Engine               - urlGithub: https://github.com/AlmasB/FXGL
22:08:55.183 [FXGL Background Thread 3 ] DEBUG Engine               - urlLeaderboard: http://fxgl-top.herokuapp.com/
22:08:55.183 [FXGL Background Thread 3 ] DEBUG Engine               - urlPOM: https://raw.githubusercontent.com/AlmasB/FXGL/release/README.md
22:08:55.183 [FXGL Background Thread 3 ] DEBUG Engine               - userAppClass: class com.groupfour.mygame.App
22:08:55.183 [FXGL Background Thread 3 ] DEBUG Engine               - version: 0.0
22:08:55.183 [FXGL Background Thread 3 ] DEBUG Engine               - versionCheckDays: 7
22:08:55.183 [FXGL Background Thread 3 ] DEBUG Engine               - width: 800
22:08:55.183 [FXGL Background Thread 3 ] DEBUG Engine               - Logging services
22:08:55.183 [FXGL Background Thread 3 ] DEBUG Engine               - class com.almasb.fxgl.app.services.FXGLAssetLoaderService
22:08:55.183 [FXGL Background Thread 3 ] DEBUG Engine               - class com.almasb.fxgl.app.FXGLApplication$GameApplicationService
22:08:55.183 [FXGL Background Thread 3 ] DEBUG Engine               - class com.almasb.fxgl.app.services.FXGLDialogService
22:08:55.183 [FXGL Background Thread 3 ] DEBUG Engine               - class com.almasb.fxgl.app.services.IOTaskExecutorService
22:08:55.183 [FXGL Background Thread 3 ] DEBUG Engine               - class com.almasb.fxgl.io.FileSystemService
22:08:55.184 [FXGL Background Thread 3 ] DEBUG Engine               - class com.almasb.fxgl.localization.LocalizationService
22:08:55.184 [FXGL Background Thread 3 ] DEBUG Engine               - class com.almasb.fxgl.app.services.SystemBundleService
22:08:55.184 [FXGL Background Thread 3 ] DEBUG Engine               - class com.almasb.fxgl.profile.SaveLoadService
22:08:55.184 [FXGL Background Thread 3 ] DEBUG Engine               - class com.almasb.fxgl.ui.FXGLUIFactoryServiceProvider
22:08:55.184 [FXGL Background Thread 3 ] DEBUG Engine               - class com.almasb.fxgl.ui.FXGLDialogFactoryServiceProvider
22:08:55.184 [FXGL Background Thread 3 ] DEBUG Engine               - class com.almasb.fxgl.audio.AudioPlayer
22:08:55.184 [FXGL Background Thread 3 ] DEBUG Engine               - class com.almasb.fxgl.notification.impl.NotificationServiceProvider
22:08:55.184 [FXGL Background Thread 3 ] DEBUG Engine               - class com.almasb.fxgl.achievement.AchievementService
22:08:55.184 [FXGL Background Thread 3 ] DEBUG Engine               - class com.almasb.fxgl.cutscene.CutsceneService
22:08:55.184 [FXGL Background Thread 3 ] DEBUG Engine               - class com.almasb.fxgl.minigames.MiniGameService
22:08:55.184 [FXGL Background Thread 3 ] DEBUG Engine               - class com.almasb.fxgl.net.NetService
22:08:55.184 [FXGL Background Thread 3 ] DEBUG Engine               - class com.almasb.fxgl.app.services.UpdaterService
22:08:55.184 [FXGL Background Thread 3 ] DEBUG Engine               - class com.almasb.fxgl.dev.DevService
22:08:55.184 [FXGL Background Thread 3 ] DEBUG Engine               - class com.almasb.fxgl.multiplayer.MultiplayerService
22:08:55.527 [JavaFX Application Thread] DEBUG PrimaryStageWindow   - Pop state: CutsceneScene
22:08:55.527 [JavaFX Application Thread] DEBUG Input                - Clearing active input actions
22:08:55.527 [JavaFX Application Thread] DEBUG GameApplicationServi - Removing overlay from CutsceneScene and adding to GameScene
22:08:55.527 [JavaFX Application Thread] DEBUG PrimaryStageWindow   - GameScene <- CutsceneScene
22:08:57.927 [JavaFX Application Thread] WARN  GameWorld            - Attempted to remove entity which is not active
22:09:01.589 [JavaFX Application Thread] DEBUG FXGLApplication      - Exiting FXGL
22:09:01.589 [JavaFX Application Thread] DEBUG LoopRunner           - Stopping loop
22:09:01.589 [JavaFX Application Thread] DEBUG SystemBundleService  - Saving FXGL system data
22:09:01.590 [JavaFX Application Thread] DEBUG FileSystemAccess     - Writing to: C:\Users\acer\OneDrive\Desktop\git pull\CSS124L-FINAL-PROJECT\system\fxgl.bundle
22:09:01.592 [JavaFX Application Thread] DEBUG Async                - Shutting down background threads
22:09:01.592 [JavaFX Application Thread] DEBUG PrimaryStageWindow   - Closing main window
22:09:01.601 [JavaFX Application Thread] DEBUG Logger               - Closing Logger
