14:25:27.299 [main                     ] DEBUG Logger               - Configured Logger
14:25:27.307 [main                     ] DEBUG GameApplication      - Logging settings
Title: Flatline: Oregon
Version: Alpha 0.3
Width: 800
Height: 600
Fullscreen: false
Intro: false
Profiling: false
Single step:false
App Mode: DEVELOPER
Menu Key: ESCAPE
Stage Style: DECORATED
Scene Factory: class com.groupfour.mygame.App$1

14:25:27.946 [JavaFX Application Thread] DEBUG FXGLApplication      - Initializing FXGL
14:25:27.948 [JavaFX Application Thread] INFO  Engine               - FXGL-dev-SNAPSHOT (28.07.2021 16.39) on WINDOWS (J:21.0.4 FX:16)
14:25:27.950 [JavaFX Application Thread] DEBUG Engine               - JRE Vendor Name: Eclipse Adoptium
14:25:27.950 [JavaFX Application Thread] DEBUG Engine               - Running on OS: Windows 11 version 10.0
14:25:27.950 [JavaFX Application Thread] DEBUG Engine               - Architecture: amd64
14:25:27.950 [JavaFX Application Thread] INFO  Engine               - Source code and latest versions at: https://github.com/AlmasB/FXGL
14:25:27.951 [JavaFX Application Thread] INFO  Engine               -              Join the FXGL chat at: https://gitter.im/AlmasB/FXGL
14:25:28.098 [JavaFX Application Thread] DEBUG PrimaryStageWindow   - Creating a JavaFX scene
14:25:28.175 [JavaFX Application Thread] DEBUG PrimaryStageWindow   - Target settings size: 800.0 x 600.0
14:25:28.175 [JavaFX Application Thread] DEBUG PrimaryStageWindow   - Scaled scene size:    800.0 x 600.0
14:25:28.175 [JavaFX Application Thread] DEBUG PrimaryStageWindow   - Scaled ratio: (1.0, 1.0)
14:25:28.176 [JavaFX Application Thread] DEBUG PrimaryStageWindow   - Set initial scene to FXGLStartupScene
14:25:28.188 [JavaFX Application Thread] DEBUG PrimaryStageWindow   - Opening main window
14:25:28.316 [JavaFX Application Thread] DEBUG PrimaryStageWindow   - Window border size: (14.4000244140625, 37.5999755859375)
14:25:28.316 [JavaFX Application Thread] DEBUG PrimaryStageWindow   - Scaled size: 800.0 x 600.0
14:25:28.317 [JavaFX Application Thread] DEBUG PrimaryStageWindow   - Scaled ratio: (1.0, 1.0)
14:25:28.317 [JavaFX Application Thread] DEBUG PrimaryStageWindow   - Scene size: 800.0 x 600.0
14:25:28.317 [JavaFX Application Thread] DEBUG PrimaryStageWindow   - Stage size: 814.4000244140625 x 637.5999755859375
14:25:28.329 [FXGL Background Thread 1 ] DEBUG Engine               - Initializing environment variables
14:25:28.446 [FXGL Background Thread 1 ] DEBUG FXGLAssetLoaderServi - User app class for loading assets: class com.groupfour.mygame.App
14:25:28.446 [FXGL Background Thread 1 ] DEBUG GameApplicationServi - Applying CSS: fxgl_dark.css
14:25:28.448 [FXGL Background Thread 1 ] DEBUG FXGLAssetLoaderServi - Loading from file system: jar:file:///C:/Users/Cent/.m2/repository/com/github/almasb/fxgl/dev-SNAPSHOT/fxgl-dev-SNAPSHOT.jar!/fxglassets/ui/css/fxgl_dark.css
14:25:28.532 [FXGL Background Thread 1 ] DEBUG GameApplicationServi - Initializing application scenes
14:25:28.615 [FXGL Background Thread 1 ] DEBUG GameWorld            - Game world initialized
14:25:28.741 [FXGL Background Thread 1 ] DEBUG PhysicsWorld         - Physics world initialized: appHeight=600, physics.ppm=50.0
14:25:28.741 [FXGL Background Thread 1 ] DEBUG PhysicsWorld         - Using strategy: BRUTE_FORCE
14:25:28.745 [FXGL Background Thread 1 ] DEBUG GameScene            - Game scene initialized: 800x600
14:25:28.767 [FXGL Background Thread 1 ] DEBUG FXGL.DefaultMenu     - createMenuBodyMainMenu()
14:25:28.790 [FXGL Background Thread 1 ] DEBUG FXGL.DefaultMenu     - createOptionsMenu()
14:25:28.807 [FXGL Background Thread 1 ] DEBUG FXGLAssetLoaderServi - Loading from file system: jar:file:///C:/Users/Cent/.m2/repository/com/github/almasb/fxgl/dev-SNAPSHOT/fxgl-dev-SNAPSHOT.jar!/fxglassets/textures/particles/smoke.png
14:25:29.010 [FXGL Background Thread 1 ] DEBUG FXGLAssetLoaderServi - Loading from file system: jar:file:///C:/Users/Cent/.m2/repository/com/github/almasb/fxgl/dev-SNAPSHOT/fxgl-dev-SNAPSHOT.jar!/fxglassets/textures/particles/trace_horizontal.png
14:25:29.069 [FXGL Background Thread 1 ] DEBUG GameApplicationServi - Application scenes initialized
14:25:29.088 [FXGL Background Thread 1 ] DEBUG SystemBundleService  - Loading FXGL system data
14:25:29.094 [FXGL Background Thread 1 ] DEBUG FileSystemAccess     - Reading from: C:\Users\Cent\Desktop\CSS124L-LE\CSS124L-FinalExam\CSS124L-FINAL-PROJECT\system\fxgl.bundle
14:25:29.114 [FXGL Background Thread 1 ] DEBUG SystemBundleService  - Bundle FXGL: {}
14:25:29.114 [FXGL Background Thread 1 ] DEBUG UpdaterService       - Checking for updates
14:25:29.120 [FXGL Background Thread 4 ] DEBUG FXGLApplication      - Loading fonts
14:25:29.120 [FXGL Background Thread 1 ] DEBUG FXGLApplication      - Loading default localization
14:25:29.121 [FXGL Background Thread 4 ] DEBUG FXGLAssetLoaderServi - Loading from file system: jar:file:///C:/Users/Cent/.m2/repository/com/github/almasb/fxgl/dev-SNAPSHOT/fxgl-dev-SNAPSHOT.jar!/fxglassets/ui/fonts/VarelaRound-Regular.ttf
14:25:29.121 [FXGL Background Thread 1 ] DEBUG FXGLAssetLoaderServi - Loading from file system: jar:file:///C:/Users/Cent/.m2/repository/com/github/almasb/fxgl/dev-SNAPSHOT/fxgl-dev-SNAPSHOT.jar!/fxglassets/languages/english.lang
14:25:29.146 [FXGL Background Thread 1 ] INFO  FXGLApplication      - FXGL initialization took: 0.817 sec
14:25:29.192 [JavaFX Application Thread] DEBUG Input                - Registered new binding: Move Upwards - W
14:25:29.192 [JavaFX Application Thread] DEBUG Input                - Registered new binding: Move Down - S
14:25:29.193 [JavaFX Application Thread] DEBUG Input                - Registered new binding: Move Left - A
14:25:29.193 [JavaFX Application Thread] DEBUG Input                - Registered new binding: Move Right - D
14:25:29.194 [JavaFX Application Thread] DEBUG Input                - Registered new binding: Reload - R
14:25:29.195 [FXGL Background Thread 4 ] DEBUG FXGLAssetLoaderServi - Loading from file system: jar:file:///C:/Users/Cent/.m2/repository/com/github/almasb/fxgl/dev-SNAPSHOT/fxgl-dev-SNAPSHOT.jar!/fxglassets/ui/fonts/Abel-Regular.ttf
14:25:29.202 [FXGL Background Thread 4 ] DEBUG FXGLAssetLoaderServi - Loading from file system: jar:file:///C:/Users/Cent/.m2/repository/com/github/almasb/fxgl/dev-SNAPSHOT/fxgl-dev-SNAPSHOT.jar!/fxglassets/ui/fonts/lucida_console.ttf
14:25:29.203 [JavaFX Application Thread] DEBUG Input                - Registered new binding: Shoot - LMB
14:25:29.203 [JavaFX Application Thread] DEBUG FXGLAssetLoaderServi - Loading from file system: jar:file:///C:/Users/Cent/.m2/repository/com/github/almasb/fxgl/dev-SNAPSHOT/fxgl-dev-SNAPSHOT.jar!/fxglassets/textures/fxgl_icon.png
14:25:29.212 [FXGL Background Thread 4 ] DEBUG FXGLAssetLoaderServi - Loading from file system: jar:file:///C:/Users/Cent/.m2/repository/com/github/almasb/fxgl/dev-SNAPSHOT/fxgl-dev-SNAPSHOT.jar!/fxglassets/ui/fonts/Courier-Prime.ttf
14:25:29.242 [JavaFX Application Thread] DEBUG FXGLAssetLoaderServi - Loading from file system: jar:file:///C:/Users/Cent/.m2/repository/com/github/almasb/fxgl/dev-SNAPSHOT/fxgl-dev-SNAPSHOT.jar!/fxglassets/textures/fxgl_default_cursor.png
14:25:29.245 [JavaFX Application Thread] DEBUG Input                - Registered new binding: Screenshot - CTRL+8
14:25:29.246 [JavaFX Application Thread] DEBUG Input                - Registered new binding: System info dump - CTRL+9
14:25:29.247 [JavaFX Application Thread] DEBUG Input                - Registered new binding: Restart - CTRL+R
14:25:29.248 [JavaFX Application Thread] DEBUG Input                - Registered new binding: Toggle Debug Camera - CTRL+C
14:25:29.252 [JavaFX Application Thread] DEBUG LoopRunner           - Starting loop
14:25:29.252 [JavaFX Application Thread] DEBUG LoopRunner           - Initializing JavaFX AnimationTimerLoop
14:25:29.258 [JavaFX Application Thread] DEBUG Input                - Clearing active input actions
14:25:29.271 [JavaFX Application Thread] DEBUG GameApplicationServi - Removing overlay from FXGLStartupScene and adding to FXGLMainMenuDummyScene
14:25:29.271 [JavaFX Application Thread] DEBUG PrimaryStageWindow   - FXGLStartupScene -> FXGLMainMenuDummyScene
14:25:29.272 [JavaFX Application Thread] DEBUG PrimaryStageWindow   - Push state: FXGLDefaultMenu
14:25:29.305 [JavaFX Application Thread] DEBUG Input                - Clearing active input actions
14:25:29.339 [JavaFX Application Thread] DEBUG GameApplicationServi - Removing overlay from FXGLMainMenuDummyScene and adding to FXGLDefaultMenu
14:25:29.339 [JavaFX Application Thread] DEBUG PrimaryStageWindow   - FXGLMainMenuDummyScene -> FXGLDefaultMenu
14:25:29.356 [JavaFX Application Thread] DEBUG FXGLApplication      - Registering font factories with UI factory
14:25:30.272 [FXGL Background Thread 2 ] INFO  UpdaterService       - Your current version:  dev-SNAPSHOT
14:25:30.273 [FXGL Background Thread 2 ] INFO  UpdaterService       - Latest stable version: 21.1
14:25:32.118 [FXGL Background Thread 3 ] DEBUG Engine               - Logging environment variables
14:25:32.118 [FXGL Background Thread 3 ] DEBUG Engine               - achievements: []
14:25:32.118 [FXGL Background Thread 3 ] DEBUG Engine               - actualHeight: 600.0
14:25:32.119 [FXGL Background Thread 3 ] DEBUG Engine               - actualHeightProperty: ReadOnlyDoubleProperty [value: 600.0]
14:25:32.119 [FXGL Background Thread 3 ] DEBUG Engine               - actualWidth: 800.0
14:25:32.119 [FXGL Background Thread 3 ] DEBUG Engine               - actualWidthProperty: ReadOnlyDoubleProperty [value: 800.0]
14:25:32.119 [FXGL Background Thread 3 ] DEBUG Engine               - appIcon: fxgl_icon.png
14:25:32.119 [FXGL Background Thread 3 ] DEBUG Engine               - applicationMode: DEVELOPER
14:25:32.119 [FXGL Background Thread 3 ] DEBUG Engine               - cSSList: [fxgl_dark.css]
14:25:32.119 [FXGL Background Thread 3 ] DEBUG Engine               - collisionDetectionStrategy: BRUTE_FORCE
14:25:32.119 [FXGL Background Thread 3 ] DEBUG Engine               - configClass: Optional.empty
14:25:32.120 [FXGL Background Thread 3 ] DEBUG Engine               - credits: []
14:25:32.120 [FXGL Background Thread 3 ] DEBUG Engine               - defaultCursor: CursorInfo(imageName=fxgl_default_cursor.png, hotspotX=7.0, hotspotY=6.0)
14:25:32.120 [FXGL Background Thread 3 ] DEBUG Engine               - devBBoxColorProperty: ObjectProperty [value: 0xff0000ff]
14:25:32.121 [FXGL Background Thread 3 ] DEBUG Engine               - devEnableDebugCameraProperty: BooleanProperty [value: false]
14:25:32.121 [FXGL Background Thread 3 ] DEBUG Engine               - devSensorColorProperty: ObjectProperty [value: 0xffff00ff]
14:25:32.121 [FXGL Background Thread 3 ] DEBUG Engine               - devShowBBoxProperty: BooleanProperty [value: false]
14:25:32.121 [FXGL Background Thread 3 ] DEBUG Engine               - devShowPositionProperty: BooleanProperty [value: false]
14:25:32.122 [FXGL Background Thread 3 ] DEBUG Engine               - enabledMenuItems: []
14:25:32.122 [FXGL Background Thread 3 ] DEBUG Engine               - engineServices: [class com.almasb.fxgl.app.services.FXGLAssetLoaderService, class com.almasb.fxgl.app.FXGLApplication$GameApplicationService, class com.almasb.fxgl.app.services.FXGLDialogService, class com.almasb.fxgl.app.services.IOTaskExecutorService, class com.almasb.fxgl.io.FileSystemService, class com.almasb.fxgl.localization.LocalizationService, class com.almasb.fxgl.app.services.SystemBundleService, class com.almasb.fxgl.profile.SaveLoadService, class com.almasb.fxgl.ui.FXGLUIFactoryServiceProvider, class com.almasb.fxgl.ui.FXGLDialogFactoryServiceProvider, class com.almasb.fxgl.audio.AudioPlayer, class com.almasb.fxgl.notification.impl.NotificationServiceProvider, class com.almasb.fxgl.achievement.AchievementService, class com.almasb.fxgl.cutscene.CutsceneService, class com.almasb.fxgl.minigames.MiniGameService, class com.almasb.fxgl.net.NetService, class com.almasb.fxgl.app.services.UpdaterService, class com.almasb.fxgl.dev.DevService, class com.almasb.fxgl.multiplayer.MultiplayerService]
14:25:32.122 [FXGL Background Thread 3 ] DEBUG Engine               - fontGame: Abel-Regular.ttf
14:25:32.122 [FXGL Background Thread 3 ] DEBUG Engine               - fontMono: lucida_console.ttf
14:25:32.122 [FXGL Background Thread 3 ] DEBUG Engine               - fontText: Courier-Prime.ttf
14:25:32.122 [FXGL Background Thread 3 ] DEBUG Engine               - fontUI: VarelaRound-Regular.ttf
14:25:32.122 [FXGL Background Thread 3 ] DEBUG Engine               - fullScreen: BooleanProperty [value: false]
14:25:32.122 [FXGL Background Thread 3 ] DEBUG Engine               - gameDifficulty: MEDIUM
14:25:32.122 [FXGL Background Thread 3 ] DEBUG Engine               - gameDifficultyProperty: ObjectProperty [value: MEDIUM]
14:25:32.122 [FXGL Background Thread 3 ] DEBUG Engine               - globalMusicVolume: 0.5
14:25:32.123 [FXGL Background Thread 3 ] DEBUG Engine               - globalMusicVolumeProperty: DoubleProperty [value: 0.5]
14:25:32.123 [FXGL Background Thread 3 ] DEBUG Engine               - globalSoundVolume: 0.5
14:25:32.123 [FXGL Background Thread 3 ] DEBUG Engine               - globalSoundVolumeProperty: DoubleProperty [value: 0.5]
14:25:32.123 [FXGL Background Thread 3 ] DEBUG Engine               - height: 600
14:25:32.123 [FXGL Background Thread 3 ] DEBUG Engine               - is3D: false
14:25:32.123 [FXGL Background Thread 3 ] DEBUG Engine               - isAndroid: false
14:25:32.123 [FXGL Background Thread 3 ] DEBUG Engine               - isBrowser: false
14:25:32.123 [FXGL Background Thread 3 ] DEBUG Engine               - isClickFeedbackEnabled: false
14:25:32.123 [FXGL Background Thread 3 ] DEBUG Engine               - isCloseConfirmation: false
14:25:32.124 [FXGL Background Thread 3 ] DEBUG Engine               - isDesktop: true
14:25:32.124 [FXGL Background Thread 3 ] DEBUG Engine               - isDeveloperMenuEnabled: false
14:25:32.124 [FXGL Background Thread 3 ] DEBUG Engine               - isEmbedded: false
14:25:32.124 [FXGL Background Thread 3 ] DEBUG Engine               - isEntityPreloadEnabled: true
14:25:32.124 [FXGL Background Thread 3 ] DEBUG Engine               - isExperimentalTiledLargeMap: false
14:25:32.124 [FXGL Background Thread 3 ] DEBUG Engine               - isFileSystemWriteAllowed: true
14:25:32.124 [FXGL Background Thread 3 ] DEBUG Engine               - isFullScreenAllowed: false
14:25:32.124 [FXGL Background Thread 3 ] DEBUG Engine               - isFullScreenFromStart: false
14:25:32.124 [FXGL Background Thread 3 ] DEBUG Engine               - isGameMenuEnabled: true
14:25:32.125 [FXGL Background Thread 3 ] DEBUG Engine               - isIOS: false
14:25:32.125 [FXGL Background Thread 3 ] DEBUG Engine               - isIntroEnabled: false
14:25:32.125 [FXGL Background Thread 3 ] DEBUG Engine               - isLinux: false
14:25:32.125 [FXGL Background Thread 3 ] DEBUG Engine               - isMac: false
14:25:32.125 [FXGL Background Thread 3 ] DEBUG Engine               - isMainMenuEnabled: true
14:25:32.125 [FXGL Background Thread 3 ] DEBUG Engine               - isManualResizeEnabled: false
14:25:32.125 [FXGL Background Thread 3 ] DEBUG Engine               - isMobile: false
14:25:32.125 [FXGL Background Thread 3 ] DEBUG Engine               - isNative: false
14:25:32.125 [FXGL Background Thread 3 ] DEBUG Engine               - isPauseMusicWhenMinimized: true
14:25:32.125 [FXGL Background Thread 3 ] DEBUG Engine               - isPreserveResizeRatio: false
14:25:32.126 [FXGL Background Thread 3 ] DEBUG Engine               - isProfilingEnabled: false
14:25:32.126 [FXGL Background Thread 3 ] DEBUG Engine               - isScaleAffectedOnResize: true
14:25:32.126 [FXGL Background Thread 3 ] DEBUG Engine               - isSingleStep: false
14:25:32.126 [FXGL Background Thread 3 ] DEBUG Engine               - isUserProfileEnabled: false
14:25:32.126 [FXGL Background Thread 3 ] DEBUG Engine               - isWindows: true
14:25:32.126 [FXGL Background Thread 3 ] DEBUG Engine               - language: ObjectProperty [value: ENGLISH]
14:25:32.126 [FXGL Background Thread 3 ] DEBUG Engine               - menuKey: ESCAPE
14:25:32.126 [FXGL Background Thread 3 ] DEBUG Engine               - mouseSensitivity: 0.2
14:25:32.126 [FXGL Background Thread 3 ] DEBUG Engine               - notificationViewClass: class com.almasb.fxgl.notification.view.XboxNotificationView
14:25:32.127 [FXGL Background Thread 3 ] DEBUG Engine               - pixelsPerMeter: 50.0
14:25:32.127 [FXGL Background Thread 3 ] DEBUG Engine               - platform: WINDOWS
14:25:32.127 [FXGL Background Thread 3 ] DEBUG Engine               - prefHeightProperty: ReadOnlyDoubleProperty [value: 600.0]
14:25:32.127 [FXGL Background Thread 3 ] DEBUG Engine               - prefWidthProperty: ReadOnlyDoubleProperty [value: 800.0]
14:25:32.127 [FXGL Background Thread 3 ] DEBUG Engine               - profileDir: profiles/
14:25:32.127 [FXGL Background Thread 3 ] DEBUG Engine               - profileName: StringProperty [value: DEFAULT]
14:25:32.127 [FXGL Background Thread 3 ] DEBUG Engine               - randomSeed: -1
14:25:32.127 [FXGL Background Thread 3 ] DEBUG Engine               - runtimeInfo: RuntimeInfo(platform=WINDOWS, version=dev-SNAPSHOT, build=28.07.2021 16.39)
14:25:32.128 [FXGL Background Thread 3 ] DEBUG Engine               - saveFileExt: sav
14:25:32.128 [FXGL Background Thread 3 ] DEBUG Engine               - scaledHeightProp$fxgl: DoubleProperty [bound, value: 600.0]
14:25:32.128 [FXGL Background Thread 3 ] DEBUG Engine               - scaledWidthProp$fxgl: DoubleProperty [bound, value: 800.0]
14:25:32.128 [FXGL Background Thread 3 ] DEBUG Engine               - sceneFactory: com.groupfour.mygame.App$1@20746916
14:25:32.128 [FXGL Background Thread 3 ] DEBUG Engine               - secondsIn24h: 60
14:25:32.128 [FXGL Background Thread 3 ] DEBUG Engine               - soundMenuBack: menu/back.wav
14:25:32.128 [FXGL Background Thread 3 ] DEBUG Engine               - soundMenuPress: menu/press.wav
14:25:32.128 [FXGL Background Thread 3 ] DEBUG Engine               - soundMenuSelect: menu/select.wav
14:25:32.130 [FXGL Background Thread 3 ] DEBUG Engine               - soundNotification: core/notification.wav
14:25:32.130 [FXGL Background Thread 3 ] DEBUG Engine               - stageStyle: DECORATED
14:25:32.130 [FXGL Background Thread 3 ] DEBUG Engine               - supportedLanguages: [ENGLISH, FRENCH, GERMAN, HUNGARIAN, RUSSIAN]
14:25:32.130 [FXGL Background Thread 3 ] DEBUG Engine               - ticksPerSecond: -1
14:25:32.130 [FXGL Background Thread 3 ] DEBUG Engine               - title: Flatline: Oregon
14:25:32.130 [FXGL Background Thread 3 ] DEBUG Engine               - urlGithub: https://github.com/AlmasB/FXGL
14:25:32.130 [FXGL Background Thread 3 ] DEBUG Engine               - urlLeaderboard: http://fxgl-top.herokuapp.com/
14:25:32.130 [FXGL Background Thread 3 ] DEBUG Engine               - urlPOM: https://raw.githubusercontent.com/AlmasB/FXGL/release/README.md
14:25:32.130 [FXGL Background Thread 3 ] DEBUG Engine               - userAppClass: class com.groupfour.mygame.App
14:25:32.130 [FXGL Background Thread 3 ] DEBUG Engine               - version: Alpha 0.3
14:25:32.130 [FXGL Background Thread 3 ] DEBUG Engine               - versionCheckDays: 7
14:25:32.130 [FXGL Background Thread 3 ] DEBUG Engine               - width: 800
14:25:32.130 [FXGL Background Thread 3 ] DEBUG Engine               - Logging services
14:25:32.130 [FXGL Background Thread 3 ] DEBUG Engine               - class com.almasb.fxgl.app.services.FXGLAssetLoaderService
14:25:32.130 [FXGL Background Thread 3 ] DEBUG Engine               - class com.almasb.fxgl.app.FXGLApplication$GameApplicationService
14:25:32.130 [FXGL Background Thread 3 ] DEBUG Engine               - class com.almasb.fxgl.app.services.FXGLDialogService
14:25:32.130 [FXGL Background Thread 3 ] DEBUG Engine               - class com.almasb.fxgl.app.services.IOTaskExecutorService
14:25:32.130 [FXGL Background Thread 3 ] DEBUG Engine               - class com.almasb.fxgl.io.FileSystemService
14:25:32.131 [FXGL Background Thread 3 ] DEBUG Engine               - class com.almasb.fxgl.localization.LocalizationService
14:25:32.131 [FXGL Background Thread 3 ] DEBUG Engine               - class com.almasb.fxgl.app.services.SystemBundleService
14:25:32.131 [FXGL Background Thread 3 ] DEBUG Engine               - class com.almasb.fxgl.profile.SaveLoadService
14:25:32.131 [FXGL Background Thread 3 ] DEBUG Engine               - class com.almasb.fxgl.ui.FXGLUIFactoryServiceProvider
14:25:32.131 [FXGL Background Thread 3 ] DEBUG Engine               - class com.almasb.fxgl.ui.FXGLDialogFactoryServiceProvider
14:25:32.131 [FXGL Background Thread 3 ] DEBUG Engine               - class com.almasb.fxgl.audio.AudioPlayer
14:25:32.131 [FXGL Background Thread 3 ] DEBUG Engine               - class com.almasb.fxgl.notification.impl.NotificationServiceProvider
14:25:32.131 [FXGL Background Thread 3 ] DEBUG Engine               - class com.almasb.fxgl.achievement.AchievementService
14:25:32.131 [FXGL Background Thread 3 ] DEBUG Engine               - class com.almasb.fxgl.cutscene.CutsceneService
14:25:32.132 [FXGL Background Thread 3 ] DEBUG Engine               - class com.almasb.fxgl.minigames.MiniGameService
14:25:32.132 [FXGL Background Thread 3 ] DEBUG Engine               - class com.almasb.fxgl.net.NetService
14:25:32.132 [FXGL Background Thread 3 ] DEBUG Engine               - class com.almasb.fxgl.app.services.UpdaterService
14:25:32.132 [FXGL Background Thread 3 ] DEBUG Engine               - class com.almasb.fxgl.dev.DevService
14:25:32.132 [FXGL Background Thread 3 ] DEBUG Engine               - class com.almasb.fxgl.multiplayer.MultiplayerService
14:25:34.231 [JavaFX Application Thread] DEBUG Menu                 - fireNewGame()
14:25:34.231 [JavaFX Application Thread] DEBUG GameApplicationServi - Starting new game
14:25:34.234 [JavaFX Application Thread] DEBUG PrimaryStageWindow   - Pop state: FXGLDefaultMenu
14:25:34.234 [JavaFX Application Thread] DEBUG Input                - Clearing active input actions
14:25:34.236 [JavaFX Application Thread] DEBUG GameApplicationServi - Removing overlay from FXGLDefaultMenu and adding to FXGLMainMenuDummyScene
14:25:34.236 [JavaFX Application Thread] DEBUG PrimaryStageWindow   - FXGLMainMenuDummyScene <- FXGLDefaultMenu
14:25:34.238 [JavaFX Application Thread] DEBUG Input                - Clearing active input actions
14:25:34.258 [JavaFX Application Thread] DEBUG GameApplicationServi - Removing overlay from FXGLMainMenuDummyScene and adding to FXGLLoadingScene
14:25:34.259 [JavaFX Application Thread] DEBUG PrimaryStageWindow   - FXGLMainMenuDummyScene -> FXGLLoadingScene
14:25:34.259 [JavaFX Application Thread] DEBUG GameApplicationServi - Clearing previous game
14:25:34.259 [JavaFX Application Thread] DEBUG GameScene            - Clearing game scene
14:25:34.259 [JavaFX Application Thread] DEBUG GameWorld            - Clearing game world
14:25:34.260 [JavaFX Application Thread] DEBUG PhysicsWorld         - Clearing physics world
14:25:34.262 [FXGL Background Thread 2 ] DEBUG FXGLApplication      - Initializing game
14:25:34.275 [FXGL Background Thread 2 ] DEBUG FXGLAssetLoaderServi - Loading from file system: file:/C:/Users/Cent/Desktop/CSS124L-LE/CSS124L-FinalExam/CSS124L-FINAL-PROJECT/fp/target/classes/assets/textures/1P_Walk.gif
14:25:34.347 [FXGL Background Thread 2 ] INFO  FXGLApplication      - Game initialization took: 0.084 sec
14:25:34.348 [JavaFX Application Thread] DEBUG Input                - Clearing active input actions
14:25:34.362 [JavaFX Application Thread] DEBUG GameApplicationServi - Removing overlay from FXGLLoadingScene and adding to GameScene
14:25:34.362 [JavaFX Application Thread] DEBUG PrimaryStageWindow   - FXGLLoadingScene -> GameScene
14:25:34.365 [JavaFX Application Thread] DEBUG PrimaryStageWindow   - Push state: PlayerCountMenu
14:25:34.365 [JavaFX Application Thread] DEBUG Input                - Clearing active input actions
14:25:34.366 [JavaFX Application Thread] DEBUG GameApplicationServi - Removing overlay from GameScene and adding to PlayerCountMenu
14:25:34.366 [JavaFX Application Thread] DEBUG PrimaryStageWindow   - GameScene -> PlayerCountMenu
14:25:35.201 [JavaFX Application Thread] DEBUG PrimaryStageWindow   - Push state: DialogSubScene
14:25:35.201 [JavaFX Application Thread] DEBUG Input                - Clearing active input actions
14:25:35.203 [JavaFX Application Thread] DEBUG GameApplicationServi - Removing overlay from PlayerCountMenu and adding to DialogSubScene
14:25:35.203 [JavaFX Application Thread] DEBUG PrimaryStageWindow   - PlayerCountMenu -> DialogSubScene
14:25:36.246 [JavaFX Application Thread] DEBUG PrimaryStageWindow   - Pop state: DialogSubScene
14:25:36.247 [JavaFX Application Thread] DEBUG Input                - Clearing active input actions
14:25:36.248 [JavaFX Application Thread] DEBUG GameApplicationServi - Removing overlay from DialogSubScene and adding to PlayerCountMenu
14:25:36.248 [JavaFX Application Thread] DEBUG PrimaryStageWindow   - PlayerCountMenu <- DialogSubScene
14:25:36.249 [JavaFX Application Thread] DEBUG LoopRunner           - Stopping loop
14:25:36.251 [JavaFX Application Thread] FATAL FXGLApplication      - Uncaught Exception:
java.lang.IllegalArgumentException: Duplicated @Spawns(player) in com.groupfour.Factories.SpawnFactory@116dfad2. Already exists in com.groupfour.Factories.SpawnFactory@6f4ed956=[player, bullet]
	at com.almasb.fxgl.entity/com.almasb.fxgl.entity.GameWorld.checkDuplicateSpawners(GameWorld.kt:341)
	at com.almasb.fxgl.entity/com.almasb.fxgl.entity.GameWorld.addEntityFactory$lambda-9(GameWorld.kt:314)
	at java.base/java.util.HashMap.forEach(HashMap.java:1429)
	at com.almasb.fxgl.entity/com.almasb.fxgl.entity.GameWorld.addEntityFactory(GameWorld.kt:310)
	at com.groupfour.mygame/com.groupfour.mygame.App.lambda$13(App.java:189)
	at com.almasb.fxgl.all/com.almasb.fxgl.app.services.FXGLDialogService.showConfirmationBox$lambda-2(FXGLDialogService.kt:130)
	at com.almasb.fxgl.scene/com.almasb.fxgl.ui.FXGLDialogFactoryServiceProvider.confirmationDialog$lambda-1(FXGLDialogFactoryServiceProvider.kt:75)
	at javafx.base/com.sun.javafx.event.CompositeEventHandler.dispatchBubblingEvent(CompositeEventHandler.java:86)
	at javafx.base/com.sun.javafx.event.EventHandlerManager.dispatchBubblingEvent(EventHandlerManager.java:234)
	at javafx.base/com.sun.javafx.event.EventHandlerManager.dispatchBubblingEvent(EventHandlerManager.java:191)
	at javafx.base/com.sun.javafx.event.CompositeEventDispatcher.dispatchBubblingEvent(CompositeEventDispatcher.java:59)
	at javafx.base/com.sun.javafx.event.BasicEventDispatcher.dispatchEvent(BasicEventDispatcher.java:58)
	at javafx.base/com.sun.javafx.event.EventDispatchChainImpl.dispatchEvent(EventDispatchChainImpl.java:114)
	at javafx.base/com.sun.javafx.event.BasicEventDispatcher.dispatchEvent(BasicEventDispatcher.java:56)
	at javafx.base/com.sun.javafx.event.EventDispatchChainImpl.dispatchEvent(EventDispatchChainImpl.java:114)
	at javafx.base/com.sun.javafx.event.BasicEventDispatcher.dispatchEvent(BasicEventDispatcher.java:56)
	at javafx.base/com.sun.javafx.event.EventDispatchChainImpl.dispatchEvent(EventDispatchChainImpl.java:114)
	at javafx.base/com.sun.javafx.event.BasicEventDispatcher.dispatchEvent(BasicEventDispatcher.java:56)
	at javafx.base/com.sun.javafx.event.EventDispatchChainImpl.dispatchEvent(EventDispatchChainImpl.java:114)
	at javafx.base/com.sun.javafx.event.EventUtil.fireEventImpl(EventUtil.java:74)
	at javafx.base/com.sun.javafx.event.EventUtil.fireEvent(EventUtil.java:49)
	at javafx.base/javafx.event.Event.fireEvent(Event.java:198)
	at javafx.graphics/javafx.scene.Node.fireEvent(Node.java:8889)
	at javafx.controls/javafx.scene.control.Button.fire(Button.java:203)
	at javafx.controls/com.sun.javafx.scene.control.behavior.ButtonBehavior.mouseReleased(ButtonBehavior.java:208)
	at javafx.controls/com.sun.javafx.scene.control.inputmap.InputMap.handle(InputMap.java:274)
	at javafx.base/com.sun.javafx.event.CompositeEventHandler$NormalEventHandlerRecord.handleBubblingEvent(CompositeEventHandler.java:247)
	at javafx.base/com.sun.javafx.event.CompositeEventHandler.dispatchBubblingEvent(CompositeEventHandler.java:80)
	at javafx.base/com.sun.javafx.event.EventHandlerManager.dispatchBubblingEvent(EventHandlerManager.java:234)
	at javafx.base/com.sun.javafx.event.EventHandlerManager.dispatchBubblingEvent(EventHandlerManager.java:191)
	at javafx.base/com.sun.javafx.event.CompositeEventDispatcher.dispatchBubblingEvent(CompositeEventDispatcher.java:59)
	at javafx.base/com.sun.javafx.event.BasicEventDispatcher.dispatchEvent(BasicEventDispatcher.java:58)
	at javafx.base/com.sun.javafx.event.EventDispatchChainImpl.dispatchEvent(EventDispatchChainImpl.java:114)
	at javafx.base/com.sun.javafx.event.BasicEventDispatcher.dispatchEvent(BasicEventDispatcher.java:56)
	at javafx.base/com.sun.javafx.event.EventDispatchChainImpl.dispatchEvent(EventDispatchChainImpl.java:114)
	at javafx.base/com.sun.javafx.event.BasicEventDispatcher.dispatchEvent(BasicEventDispatcher.java:56)
	at javafx.base/com.sun.javafx.event.EventDispatchChainImpl.dispatchEvent(EventDispatchChainImpl.java:114)
	at javafx.base/com.sun.javafx.event.BasicEventDispatcher.dispatchEvent(BasicEventDispatcher.java:56)
	at javafx.base/com.sun.javafx.event.EventDispatchChainImpl.dispatchEvent(EventDispatchChainImpl.java:114)
	at javafx.base/com.sun.javafx.event.EventUtil.fireEventImpl(EventUtil.java:74)
	at javafx.base/com.sun.javafx.event.EventUtil.fireEvent(EventUtil.java:54)
	at javafx.base/javafx.event.Event.fireEvent(Event.java:198)
	at javafx.graphics/javafx.scene.Scene$MouseHandler.process(Scene.java:3856)
	at javafx.graphics/javafx.scene.Scene.processMouseEvent(Scene.java:1851)
	at javafx.graphics/javafx.scene.Scene$ScenePeerListener.mouseEvent(Scene.java:2584)
	at javafx.graphics/com.sun.javafx.tk.quantum.GlassViewEventHandler$MouseEventNotification.run(GlassViewEventHandler.java:409)
	at javafx.graphics/com.sun.javafx.tk.quantum.GlassViewEventHandler$MouseEventNotification.run(GlassViewEventHandler.java:299)
	at java.base/java.security.AccessController.doPrivileged(AccessController.java:400)
	at javafx.graphics/com.sun.javafx.tk.quantum.GlassViewEventHandler.lambda$handleMouseEvent$2(GlassViewEventHandler.java:447)
	at javafx.graphics/com.sun.javafx.tk.quantum.QuantumToolkit.runWithoutRenderLock(QuantumToolkit.java:412)
	at javafx.graphics/com.sun.javafx.tk.quantum.GlassViewEventHandler.handleMouseEvent(GlassViewEventHandler.java:446)
	at javafx.graphics/com.sun.glass.ui.View.handleMouseEvent(View.java:556)
	at javafx.graphics/com.sun.glass.ui.View.notifyMouse(View.java:942)
	at javafx.graphics/com.sun.glass.ui.win.WinApplication._runLoop(Native Method)
	at javafx.graphics/com.sun.glass.ui.win.WinApplication.lambda$runLoop$3(WinApplication.java:174)
	at java.base/java.lang.Thread.run(Thread.java:1583)

14:25:36.263 [JavaFX Application Thread] FATAL FXGLApplication      - Application will now exit
14:25:36.294 [JavaFX Application Thread] DEBUG PrimaryStageWindow   - Push state: ErrorSubScene
14:25:36.294 [JavaFX Application Thread] DEBUG Input                - Clearing active input actions
14:25:36.298 [JavaFX Application Thread] DEBUG GameApplicationServi - Removing overlay from PlayerCountMenu and adding to ErrorSubScene
14:25:36.298 [JavaFX Application Thread] DEBUG PrimaryStageWindow   - PlayerCountMenu -> ErrorSubScene
14:25:39.556 [JavaFX Application Thread] DEBUG FXGLApplication      - Exiting FXGL
14:25:39.556 [JavaFX Application Thread] DEBUG Async                - Shutting down background threads
14:25:39.557 [JavaFX Application Thread] DEBUG PrimaryStageWindow   - Closing main window
14:25:39.580 [JavaFX Application Thread] DEBUG Logger               - Closing Logger
