22:05:13.136 [main                     ] DEBUG Logger               - Configured Logger
22:05:13.155 [main                     ] DEBUG GameApplication      - Logging settings
Title: Flatline: Oregon
Version: Alpha 0.19021902
Width: 800
Height: 600
Fullscreen: false
Intro: false
Profiling: false
Single step:false
App Mode: DEVELOPER
Menu Key: ESCAPE
Stage Style: DECORATED
Scene Factory: class com.groupfour.mygame.App$1

22:05:13.472 [JavaFX Application Thread] DEBUG FXGLApplication      - Initializing FXGL
22:05:13.474 [JavaFX Application Thread] INFO  Engine               - FXGL-dev-SNAPSHOT (28.07.2021 16.39) on WINDOWS (J:11.0.22 FX:16)
22:05:13.475 [JavaFX Application Thread] DEBUG Engine               - JRE Vendor Name: Oracle Corporation
22:05:13.476 [JavaFX Application Thread] DEBUG Engine               - Running on OS: Windows 11 version 10.0
22:05:13.476 [JavaFX Application Thread] DEBUG Engine               - Architecture: amd64
22:05:13.476 [JavaFX Application Thread] INFO  Engine               - Source code and latest versions at: https://github.com/AlmasB/FXGL
22:05:13.476 [JavaFX Application Thread] INFO  Engine               -              Join the FXGL chat at: https://gitter.im/AlmasB/FXGL
22:05:13.539 [JavaFX Application Thread] DEBUG PrimaryStageWindow   - Creating a JavaFX scene
22:05:13.581 [JavaFX Application Thread] DEBUG PrimaryStageWindow   - Target settings size: 800.0 x 600.0
22:05:13.581 [JavaFX Application Thread] DEBUG PrimaryStageWindow   - Scaled scene size:    800.0 x 600.0
22:05:13.581 [JavaFX Application Thread] DEBUG PrimaryStageWindow   - Scaled ratio: (1.0, 1.0)
22:05:13.582 [JavaFX Application Thread] DEBUG PrimaryStageWindow   - Set initial scene to FXGLStartupScene
22:05:13.586 [JavaFX Application Thread] DEBUG PrimaryStageWindow   - Opening main window
22:05:13.668 [JavaFX Application Thread] DEBUG PrimaryStageWindow   - Window border size: (14.4000244140625, 37.5999755859375)
22:05:13.668 [JavaFX Application Thread] DEBUG PrimaryStageWindow   - Scaled size: 800.0 x 600.0
22:05:13.668 [JavaFX Application Thread] DEBUG PrimaryStageWindow   - Scaled ratio: (1.0, 1.0)
22:05:13.668 [JavaFX Application Thread] DEBUG PrimaryStageWindow   - Scene size: 800.0 x 600.0
22:05:13.669 [JavaFX Application Thread] DEBUG PrimaryStageWindow   - Stage size: 814.4000244140625 x 637.5999755859375
22:05:13.673 [FXGL Background Thread 1 ] DEBUG Engine               - Initializing environment variables
22:05:13.729 [FXGL Background Thread 1 ] DEBUG FXGLAssetLoaderServi - User app class for loading assets: class com.groupfour.mygame.App
22:05:13.729 [FXGL Background Thread 1 ] DEBUG GameApplicationServi - Applying CSS: fxgl_dark.css
22:05:13.730 [FXGL Background Thread 1 ] DEBUG FXGLAssetLoaderServi - Loading from file system: jar:file:///C:/Users/acer/.m2/repository/com/github/almasb/fxgl/dev-SNAPSHOT/fxgl-dev-SNAPSHOT.jar!/fxglassets/ui/css/fxgl_dark.css
22:05:13.795 [FXGL Background Thread 1 ] DEBUG GameApplicationServi - Initializing application scenes
22:05:13.829 [FXGL Background Thread 1 ] DEBUG GameWorld            - Game world initialized
22:05:13.869 [FXGL Background Thread 1 ] DEBUG PhysicsWorld         - Physics world initialized: appHeight=600, physics.ppm=50.0
22:05:13.870 [FXGL Background Thread 1 ] DEBUG PhysicsWorld         - Using strategy: BRUTE_FORCE
22:05:13.873 [FXGL Background Thread 1 ] DEBUG GameScene            - Game scene initialized: 800x600
22:05:13.883 [FXGL Background Thread 1 ] DEBUG FXGL.DefaultMenu     - createMenuBodyMainMenu()
22:05:13.898 [FXGL Background Thread 1 ] DEBUG FXGL.DefaultMenu     - createOptionsMenu()
22:05:13.906 [FXGL Background Thread 1 ] DEBUG FXGLAssetLoaderServi - Loading from file system: jar:file:///C:/Users/acer/.m2/repository/com/github/almasb/fxgl/dev-SNAPSHOT/fxgl-dev-SNAPSHOT.jar!/fxglassets/textures/particles/smoke.png
22:05:13.981 [FXGL Background Thread 1 ] DEBUG FXGLAssetLoaderServi - Loading from file system: jar:file:///C:/Users/acer/.m2/repository/com/github/almasb/fxgl/dev-SNAPSHOT/fxgl-dev-SNAPSHOT.jar!/fxglassets/textures/particles/trace_horizontal.png
22:05:14.005 [FXGL Background Thread 1 ] DEBUG GameApplicationServi - Application scenes initialized
22:05:14.012 [FXGL Background Thread 1 ] DEBUG SystemBundleService  - Loading FXGL system data
22:05:14.016 [FXGL Background Thread 1 ] DEBUG FileSystemAccess     - Reading from: C:\Users\acer\OneDrive\Desktop\git pull\CSS124L-FINAL-PROJECT\system\fxgl.bundle
22:05:14.020 [FXGL Background Thread 1 ] DEBUG SystemBundleService  - Bundle FXGL: {}
22:05:14.021 [FXGL Background Thread 1 ] DEBUG UpdaterService       - Checking for updates
22:05:14.036 [FXGL Background Thread 4 ] DEBUG FXGLApplication      - Loading fonts
22:05:14.037 [FXGL Background Thread 1 ] DEBUG FXGLApplication      - Loading default localization
22:05:14.037 [FXGL Background Thread 4 ] DEBUG FXGLAssetLoaderServi - Loading from file system: jar:file:///C:/Users/acer/.m2/repository/com/github/almasb/fxgl/dev-SNAPSHOT/fxgl-dev-SNAPSHOT.jar!/fxglassets/ui/fonts/VarelaRound-Regular.ttf
22:05:14.038 [FXGL Background Thread 1 ] DEBUG FXGLAssetLoaderServi - Loading from file system: jar:file:///C:/Users/acer/.m2/repository/com/github/almasb/fxgl/dev-SNAPSHOT/fxgl-dev-SNAPSHOT.jar!/fxglassets/languages/english.lang
22:05:14.049 [FXGL Background Thread 1 ] INFO  FXGLApplication      - FXGL initialization took: 0.377 sec
22:05:14.059 [JavaFX Application Thread] DEBUG Input                - Registered new binding: Move Upwards - W
22:05:14.059 [JavaFX Application Thread] DEBUG Input                - Registered new binding: Move Down - S
22:05:14.059 [JavaFX Application Thread] DEBUG Input                - Registered new binding: Move Left - A
22:05:14.060 [JavaFX Application Thread] DEBUG Input                - Registered new binding: Move Right - D
22:05:14.060 [JavaFX Application Thread] DEBUG Input                - Registered new binding: Reload - R
22:05:14.060 [JavaFX Application Thread] DEBUG Input                - Registered new binding: Shoot - LMB
22:05:14.060 [JavaFX Application Thread] DEBUG Input                - Registered new binding: Switch Weapons - Q
22:05:14.060 [JavaFX Application Thread] DEBUG Input                - Registered new binding: Interact - F
22:05:14.061 [JavaFX Application Thread] DEBUG FXGLAssetLoaderServi - Loading from file system: jar:file:///C:/Users/acer/.m2/repository/com/github/almasb/fxgl/dev-SNAPSHOT/fxgl-dev-SNAPSHOT.jar!/fxglassets/textures/fxgl_icon.png
22:05:14.080 [JavaFX Application Thread] DEBUG FXGLAssetLoaderServi - Loading from file system: jar:file:///C:/Users/acer/.m2/repository/com/github/almasb/fxgl/dev-SNAPSHOT/fxgl-dev-SNAPSHOT.jar!/fxglassets/textures/fxgl_default_cursor.png
22:05:14.084 [JavaFX Application Thread] DEBUG Input                - Registered new binding: Screenshot - CTRL+8
22:05:14.085 [JavaFX Application Thread] DEBUG Input                - Registered new binding: Dev Options - 1
22:05:14.085 [JavaFX Application Thread] DEBUG Input                - Registered new binding: Dev Console - 2
22:05:14.086 [JavaFX Application Thread] DEBUG Input                - Registered new binding: System info dump - CTRL+9
22:05:14.086 [JavaFX Application Thread] DEBUG Input                - Registered new binding: Restart - CTRL+R
22:05:14.087 [JavaFX Application Thread] DEBUG Input                - Registered new binding: Toggle Debug Camera - CTRL+C
22:05:14.090 [JavaFX Application Thread] DEBUG LoopRunner           - Starting loop
22:05:14.106 [JavaFX Application Thread] DEBUG LoopRunner           - Initializing JavaFX AnimationTimerLoop
22:05:14.110 [JavaFX Application Thread] DEBUG Input                - Clearing active input actions
22:05:14.120 [JavaFX Application Thread] DEBUG GameApplicationServi - Removing overlay from FXGLStartupScene and adding to FXGLMainMenuDummyScene
22:05:14.124 [JavaFX Application Thread] DEBUG PrimaryStageWindow   - FXGLStartupScene -> FXGLMainMenuDummyScene
22:05:14.125 [JavaFX Application Thread] DEBUG PrimaryStageWindow   - Push state: FXGLDefaultMenu
22:05:14.127 [JavaFX Application Thread] DEBUG Input                - Clearing active input actions
22:05:14.135 [JavaFX Application Thread] DEBUG GameApplicationServi - Removing overlay from FXGLMainMenuDummyScene and adding to FXGLDefaultMenu
22:05:14.136 [JavaFX Application Thread] DEBUG PrimaryStageWindow   - FXGLMainMenuDummyScene -> FXGLDefaultMenu
22:05:14.427 [FXGL Background Thread 4 ] DEBUG FXGLAssetLoaderServi - Loading from file system: jar:file:///C:/Users/acer/.m2/repository/com/github/almasb/fxgl/dev-SNAPSHOT/fxgl-dev-SNAPSHOT.jar!/fxglassets/ui/fonts/Abel-Regular.ttf
22:05:14.432 [FXGL Background Thread 4 ] DEBUG FXGLAssetLoaderServi - Loading from file system: jar:file:///C:/Users/acer/.m2/repository/com/github/almasb/fxgl/dev-SNAPSHOT/fxgl-dev-SNAPSHOT.jar!/fxglassets/ui/fonts/lucida_console.ttf
22:05:14.438 [FXGL Background Thread 4 ] DEBUG FXGLAssetLoaderServi - Loading from file system: jar:file:///C:/Users/acer/.m2/repository/com/github/almasb/fxgl/dev-SNAPSHOT/fxgl-dev-SNAPSHOT.jar!/fxglassets/ui/fonts/Courier-Prime.ttf
22:05:14.451 [JavaFX Application Thread] DEBUG FXGLApplication      - Registering font factories with UI factory
22:05:14.770 [FXGL Background Thread 2 ] INFO  UpdaterService       - Your current version:  dev-SNAPSHOT
22:05:14.771 [FXGL Background Thread 2 ] INFO  UpdaterService       - Latest stable version: 21.1
22:05:14.835 [JavaFX Application Thread] DEBUG Menu                 - fireNewGame()
22:05:14.835 [JavaFX Application Thread] DEBUG GameApplicationServi - Starting new game
22:05:14.836 [JavaFX Application Thread] DEBUG PrimaryStageWindow   - Pop state: FXGLDefaultMenu
22:05:14.836 [JavaFX Application Thread] DEBUG Input                - Clearing active input actions
22:05:14.839 [JavaFX Application Thread] DEBUG GameApplicationServi - Removing overlay from FXGLDefaultMenu and adding to FXGLMainMenuDummyScene
22:05:14.841 [JavaFX Application Thread] DEBUG PrimaryStageWindow   - FXGLMainMenuDummyScene <- FXGLDefaultMenu
22:05:14.841 [JavaFX Application Thread] DEBUG Input                - Clearing active input actions
22:05:14.849 [JavaFX Application Thread] DEBUG GameApplicationServi - Removing overlay from FXGLMainMenuDummyScene and adding to FXGLLoadingScene
22:05:14.850 [JavaFX Application Thread] DEBUG PrimaryStageWindow   - FXGLMainMenuDummyScene -> FXGLLoadingScene
22:05:14.850 [JavaFX Application Thread] DEBUG GameApplicationServi - Clearing previous game
22:05:14.850 [JavaFX Application Thread] DEBUG GameScene            - Clearing game scene
22:05:14.850 [JavaFX Application Thread] DEBUG GameWorld            - Clearing game world
22:05:14.850 [JavaFX Application Thread] DEBUG PhysicsWorld         - Clearing physics world
22:05:14.851 [FXGL Background Thread 2 ] DEBUG FXGLApplication      - Initializing game
22:05:14.884 [FXGL Background Thread 2 ] WARN  TMXLevelLoader       - TiledMap generated from 1.11.0. Supported version: 1.2.3. Some features may not be parsed fully.
22:05:14.892 [FXGL Background Thread 2 ] DEBUG TMXLevelLoader       - Parsed TiledMap: file:/C:/Users/acer/OneDrive/Desktop/git%20pull/CSS124L-FINAL-PROJECT/fp/target/classes/assets/levels/Lobby.tmx
22:05:14.893 [FXGL Background Thread 2 ] DEBUG TMXLevelLoader       - Creating tile layer entities
22:05:14.894 [FXGL Background Thread 2 ] DEBUG TilesetLoader        - Loading view for layer Tile Layer 1
22:05:14.896 [FXGL Background Thread 2 ] DEBUG TilesetLoader        - Created buffer with size 1280.0x768.0
22:05:14.903 [FXGL Background Thread 2 ] DEBUG TMXLevelLoader       - Creating object layer entities
22:05:14.917 [FXGL Background Thread 2 ] DEBUG GameWorld            - Clearing removable entities
22:05:14.918 [FXGL Background Thread 2 ] DEBUG GameWorld            - Setting level: com.almasb.fxgl.entity.level.Level@64dc5b2b
22:05:14.924 [FXGL Background Thread 2 ] DEBUG FXGLAssetLoaderServi - Loading from file system: file:/C:/Users/acer/OneDrive/Desktop/git%20pull/CSS124L-FINAL-PROJECT/fp/target/classes/assets/ui/fonts/PIXELADE.TTF
22:05:14.944 [FXGL Background Thread 2 ] INFO  FXGLApplication      - Game initialization took: 0.093 sec
22:05:14.946 [JavaFX Application Thread] DEBUG Input                - Clearing active input actions
22:05:14.950 [JavaFX Application Thread] DEBUG GameApplicationServi - Removing overlay from FXGLLoadingScene and adding to GameScene
22:05:14.952 [JavaFX Application Thread] DEBUG PrimaryStageWindow   - FXGLLoadingScene -> GameScene
22:05:14.956 [JavaFX Application Thread] DEBUG FXGLAssetLoaderServi - Loading from file system: file:/C:/Users/acer/OneDrive/Desktop/git%20pull/CSS124L-FINAL-PROJECT/fp/target/classes/assets/textures/Interactables/microwave_close.png
22:05:14.957 [JavaFX Application Thread] DEBUG PrimaryStageWindow   - Push state: PCM_BG
22:05:14.957 [JavaFX Application Thread] DEBUG Input                - Clearing active input actions
22:05:14.957 [JavaFX Application Thread] DEBUG GameApplicationServi - Removing overlay from GameScene and adding to PCM_BG
22:05:14.957 [JavaFX Application Thread] DEBUG PrimaryStageWindow   - GameScene -> PCM_BG
22:05:14.958 [JavaFX Application Thread] DEBUG PrimaryStageWindow   - Push state: PlayerCountMenu
22:05:14.958 [JavaFX Application Thread] DEBUG Input                - Clearing active input actions
22:05:14.958 [JavaFX Application Thread] DEBUG GameApplicationServi - Removing overlay from PCM_BG and adding to PlayerCountMenu
22:05:14.960 [JavaFX Application Thread] DEBUG PrimaryStageWindow   - PCM_BG -> PlayerCountMenu
22:05:15.375 [JavaFX Application Thread] DEBUG FXGLAssetLoaderServi - Loading from file system: file:/C:/Users/acer/OneDrive/Desktop/git%20pull/CSS124L-FINAL-PROJECT/fp/target/classes/assets/textures/Weapons/Idle/BerettaM9_Idle.png
22:05:15.376 [JavaFX Application Thread] DEBUG FXGLAssetLoaderServi - Loading from file system: file:/C:/Users/acer/OneDrive/Desktop/git%20pull/CSS124L-FINAL-PROJECT/fp/target/classes/assets/textures/Weapons/Shooting/BerettaM9_Shooting.png
22:05:15.378 [JavaFX Application Thread] DEBUG FXGLAssetLoaderServi - Loading from file system: file:/C:/Users/acer/OneDrive/Desktop/git%20pull/CSS124L-FINAL-PROJECT/fp/target/classes/assets/textures/Players/1P_Shoot.png
22:05:15.380 [JavaFX Application Thread] DEBUG FXGLAssetLoaderServi - Loading from file system: file:/C:/Users/acer/OneDrive/Desktop/git%20pull/CSS124L-FINAL-PROJECT/fp/target/classes/assets/textures/Interactables/vending_machine.png
22:05:15.384 [JavaFX Application Thread] DEBUG PrimaryStageWindow   - Pop state: PlayerCountMenu
22:05:15.385 [JavaFX Application Thread] DEBUG Input                - Clearing active input actions
22:05:15.385 [JavaFX Application Thread] DEBUG GameApplicationServi - Removing overlay from PlayerCountMenu and adding to PCM_BG
22:05:15.385 [JavaFX Application Thread] DEBUG PrimaryStageWindow   - PCM_BG <- PlayerCountMenu
22:05:15.385 [JavaFX Application Thread] DEBUG PrimaryStageWindow   - Pop state: PCM_BG
22:05:15.385 [JavaFX Application Thread] DEBUG Input                - Clearing active input actions
22:05:15.386 [JavaFX Application Thread] DEBUG GameApplicationServi - Removing overlay from PCM_BG and adding to GameScene
22:05:15.386 [JavaFX Application Thread] DEBUG PrimaryStageWindow   - GameScene <- PCM_BG
22:05:15.450 [JavaFX Application Thread] DEBUG FXGLAssetLoaderServi - Loading from file system: file:/C:/Users/acer/OneDrive/Desktop/git%20pull/CSS124L-FINAL-PROJECT/fp/target/classes/assets/textures/Zombies/Basic_Zombie_Walking.png
22:05:15.451 [JavaFX Application Thread] DEBUG FXGLAssetLoaderServi - Loading from file system: file:/C:/Users/acer/OneDrive/Desktop/git%20pull/CSS124L-FINAL-PROJECT/fp/target/classes/assets/textures/Zombies/Basic_Zombie_Attack.png
22:05:17.037 [FXGL Background Thread 3 ] DEBUG Engine               - Logging environment variables
22:05:17.037 [FXGL Background Thread 3 ] DEBUG Engine               - achievements: []
22:05:17.037 [FXGL Background Thread 3 ] DEBUG Engine               - actualHeight: 600.0
22:05:17.037 [FXGL Background Thread 3 ] DEBUG Engine               - actualHeightProperty: ReadOnlyDoubleProperty [value: 600.0]
22:05:17.038 [FXGL Background Thread 3 ] DEBUG Engine               - actualWidth: 800.0
22:05:17.038 [FXGL Background Thread 3 ] DEBUG Engine               - actualWidthProperty: ReadOnlyDoubleProperty [value: 800.0]
22:05:17.038 [FXGL Background Thread 3 ] DEBUG Engine               - appIcon: fxgl_icon.png
22:05:17.038 [FXGL Background Thread 3 ] DEBUG Engine               - applicationMode: DEVELOPER
22:05:17.038 [FXGL Background Thread 3 ] DEBUG Engine               - cSSList: [fxgl_dark.css]
22:05:17.038 [FXGL Background Thread 3 ] DEBUG Engine               - collisionDetectionStrategy: BRUTE_FORCE
22:05:17.038 [FXGL Background Thread 3 ] DEBUG Engine               - configClass: Optional.empty
22:05:17.038 [FXGL Background Thread 3 ] DEBUG Engine               - credits: []
22:05:17.038 [FXGL Background Thread 3 ] DEBUG Engine               - defaultCursor: CursorInfo(imageName=fxgl_default_cursor.png, hotspotX=7.0, hotspotY=6.0)
22:05:17.038 [FXGL Background Thread 3 ] DEBUG Engine               - devBBoxColorProperty: ObjectProperty [value: 0xff0000ff]
22:05:17.038 [FXGL Background Thread 3 ] DEBUG Engine               - devEnableDebugCameraProperty: BooleanProperty [value: false]
22:05:17.038 [FXGL Background Thread 3 ] DEBUG Engine               - devSensorColorProperty: ObjectProperty [value: 0xffff00ff]
22:05:17.038 [FXGL Background Thread 3 ] DEBUG Engine               - devShowBBoxProperty: BooleanProperty [value: false]
22:05:17.038 [FXGL Background Thread 3 ] DEBUG Engine               - devShowPositionProperty: BooleanProperty [value: false]
22:05:17.038 [FXGL Background Thread 3 ] DEBUG Engine               - enabledMenuItems: []
22:05:17.038 [FXGL Background Thread 3 ] DEBUG Engine               - engineServices: [class com.almasb.fxgl.app.services.FXGLAssetLoaderService, class com.almasb.fxgl.app.FXGLApplication$GameApplicationService, class com.almasb.fxgl.app.services.FXGLDialogService, class com.almasb.fxgl.app.services.IOTaskExecutorService, class com.almasb.fxgl.io.FileSystemService, class com.almasb.fxgl.localization.LocalizationService, class com.almasb.fxgl.app.services.SystemBundleService, class com.almasb.fxgl.profile.SaveLoadService, class com.almasb.fxgl.ui.FXGLUIFactoryServiceProvider, class com.almasb.fxgl.ui.FXGLDialogFactoryServiceProvider, class com.almasb.fxgl.audio.AudioPlayer, class com.almasb.fxgl.notification.impl.NotificationServiceProvider, class com.almasb.fxgl.achievement.AchievementService, class com.almasb.fxgl.cutscene.CutsceneService, class com.almasb.fxgl.minigames.MiniGameService, class com.almasb.fxgl.net.NetService, class com.almasb.fxgl.app.services.UpdaterService, class com.almasb.fxgl.dev.DevService, class com.almasb.fxgl.multiplayer.MultiplayerService]
22:05:17.038 [FXGL Background Thread 3 ] DEBUG Engine               - fontGame: Abel-Regular.ttf
22:05:17.038 [FXGL Background Thread 3 ] DEBUG Engine               - fontMono: lucida_console.ttf
22:05:17.038 [FXGL Background Thread 3 ] DEBUG Engine               - fontText: Courier-Prime.ttf
22:05:17.038 [FXGL Background Thread 3 ] DEBUG Engine               - fontUI: VarelaRound-Regular.ttf
22:05:17.038 [FXGL Background Thread 3 ] DEBUG Engine               - fullScreen: BooleanProperty [value: false]
22:05:17.039 [FXGL Background Thread 3 ] DEBUG Engine               - gameDifficulty: MEDIUM
22:05:17.039 [FXGL Background Thread 3 ] DEBUG Engine               - gameDifficultyProperty: ObjectProperty [value: MEDIUM]
22:05:17.039 [FXGL Background Thread 3 ] DEBUG Engine               - globalMusicVolume: 0.5
22:05:17.039 [FXGL Background Thread 3 ] DEBUG Engine               - globalMusicVolumeProperty: DoubleProperty [value: 0.5]
22:05:17.039 [FXGL Background Thread 3 ] DEBUG Engine               - globalSoundVolume: 0.5
22:05:17.039 [FXGL Background Thread 3 ] DEBUG Engine               - globalSoundVolumeProperty: DoubleProperty [value: 0.5]
22:05:17.039 [FXGL Background Thread 3 ] DEBUG Engine               - height: 600
22:05:17.039 [FXGL Background Thread 3 ] DEBUG Engine               - is3D: false
22:05:17.039 [FXGL Background Thread 3 ] DEBUG Engine               - isAndroid: false
22:05:17.039 [FXGL Background Thread 3 ] DEBUG Engine               - isBrowser: false
22:05:17.039 [FXGL Background Thread 3 ] DEBUG Engine               - isClickFeedbackEnabled: false
22:05:17.039 [FXGL Background Thread 3 ] DEBUG Engine               - isCloseConfirmation: false
22:05:17.039 [FXGL Background Thread 3 ] DEBUG Engine               - isDesktop: true
22:05:17.039 [FXGL Background Thread 3 ] DEBUG Engine               - isDeveloperMenuEnabled: true
22:05:17.039 [FXGL Background Thread 3 ] DEBUG Engine               - isEmbedded: false
22:05:17.039 [FXGL Background Thread 3 ] DEBUG Engine               - isEntityPreloadEnabled: true
22:05:17.039 [FXGL Background Thread 3 ] DEBUG Engine               - isExperimentalTiledLargeMap: false
22:05:17.039 [FXGL Background Thread 3 ] DEBUG Engine               - isFileSystemWriteAllowed: true
22:05:17.039 [FXGL Background Thread 3 ] DEBUG Engine               - isFullScreenAllowed: false
22:05:17.039 [FXGL Background Thread 3 ] DEBUG Engine               - isFullScreenFromStart: false
22:05:17.039 [FXGL Background Thread 3 ] DEBUG Engine               - isGameMenuEnabled: true
22:05:17.039 [FXGL Background Thread 3 ] DEBUG Engine               - isIOS: false
22:05:17.039 [FXGL Background Thread 3 ] DEBUG Engine               - isIntroEnabled: false
22:05:17.039 [FXGL Background Thread 3 ] DEBUG Engine               - isLinux: false
22:05:17.039 [FXGL Background Thread 3 ] DEBUG Engine               - isMac: false
22:05:17.039 [FXGL Background Thread 3 ] DEBUG Engine               - isMainMenuEnabled: true
22:05:17.039 [FXGL Background Thread 3 ] DEBUG Engine               - isManualResizeEnabled: false
22:05:17.039 [FXGL Background Thread 3 ] DEBUG Engine               - isMobile: false
22:05:17.039 [FXGL Background Thread 3 ] DEBUG Engine               - isNative: false
22:05:17.039 [FXGL Background Thread 3 ] DEBUG Engine               - isPauseMusicWhenMinimized: true
22:05:17.039 [FXGL Background Thread 3 ] DEBUG Engine               - isPreserveResizeRatio: false
22:05:17.039 [FXGL Background Thread 3 ] DEBUG Engine               - isProfilingEnabled: false
22:05:17.039 [FXGL Background Thread 3 ] DEBUG Engine               - isScaleAffectedOnResize: true
22:05:17.039 [FXGL Background Thread 3 ] DEBUG Engine               - isSingleStep: false
22:05:17.039 [FXGL Background Thread 3 ] DEBUG Engine               - isUserProfileEnabled: false
22:05:17.040 [FXGL Background Thread 3 ] DEBUG Engine               - isWindows: true
22:05:17.040 [FXGL Background Thread 3 ] DEBUG Engine               - language: ObjectProperty [value: ENGLISH]
22:05:17.040 [FXGL Background Thread 3 ] DEBUG Engine               - menuKey: ESCAPE
22:05:17.040 [FXGL Background Thread 3 ] DEBUG Engine               - mouseSensitivity: 0.2
22:05:17.040 [FXGL Background Thread 3 ] DEBUG Engine               - notificationViewClass: class com.almasb.fxgl.notification.view.XboxNotificationView
22:05:17.040 [FXGL Background Thread 3 ] DEBUG Engine               - pixelsPerMeter: 50.0
22:05:17.040 [FXGL Background Thread 3 ] DEBUG Engine               - platform: WINDOWS
22:05:17.040 [FXGL Background Thread 3 ] DEBUG Engine               - prefHeightProperty: ReadOnlyDoubleProperty [value: 600.0]
22:05:17.040 [FXGL Background Thread 3 ] DEBUG Engine               - prefWidthProperty: ReadOnlyDoubleProperty [value: 800.0]
22:05:17.040 [FXGL Background Thread 3 ] DEBUG Engine               - profileDir: profiles/
22:05:17.040 [FXGL Background Thread 3 ] DEBUG Engine               - profileName: StringProperty [value: DEFAULT]
22:05:17.040 [FXGL Background Thread 3 ] DEBUG Engine               - randomSeed: -1
22:05:17.040 [FXGL Background Thread 3 ] DEBUG Engine               - runtimeInfo: RuntimeInfo(platform=WINDOWS, version=dev-SNAPSHOT, build=28.07.2021 16.39)
22:05:17.040 [FXGL Background Thread 3 ] DEBUG Engine               - saveFileExt: sav
22:05:17.040 [FXGL Background Thread 3 ] DEBUG Engine               - scaledHeightProp$fxgl: DoubleProperty [bound, value: 600.0]
22:05:17.040 [FXGL Background Thread 3 ] DEBUG Engine               - scaledWidthProp$fxgl: DoubleProperty [bound, value: 800.0]
22:05:17.040 [FXGL Background Thread 3 ] DEBUG Engine               - sceneFactory: com.groupfour.mygame.App$1@2a750ca1
22:05:17.040 [FXGL Background Thread 3 ] DEBUG Engine               - secondsIn24h: 60
22:05:17.040 [FXGL Background Thread 3 ] DEBUG Engine               - soundMenuBack: menu/back.wav
22:05:17.040 [FXGL Background Thread 3 ] DEBUG Engine               - soundMenuPress: menu/press.wav
22:05:17.040 [FXGL Background Thread 3 ] DEBUG Engine               - soundMenuSelect: menu/select.wav
22:05:17.040 [FXGL Background Thread 3 ] DEBUG Engine               - soundNotification: core/notification.wav
22:05:17.040 [FXGL Background Thread 3 ] DEBUG Engine               - stageStyle: DECORATED
22:05:17.040 [FXGL Background Thread 3 ] DEBUG Engine               - supportedLanguages: [ENGLISH, FRENCH, GERMAN, HUNGARIAN, RUSSIAN]
22:05:17.040 [FXGL Background Thread 3 ] DEBUG Engine               - ticksPerSecond: -1
22:05:17.040 [FXGL Background Thread 3 ] DEBUG Engine               - title: Flatline: Oregon
22:05:17.040 [FXGL Background Thread 3 ] DEBUG Engine               - urlGithub: https://github.com/AlmasB/FXGL
22:05:17.040 [FXGL Background Thread 3 ] DEBUG Engine               - urlLeaderboard: http://fxgl-top.herokuapp.com/
22:05:17.040 [FXGL Background Thread 3 ] DEBUG Engine               - urlPOM: https://raw.githubusercontent.com/AlmasB/FXGL/release/README.md
22:05:17.040 [FXGL Background Thread 3 ] DEBUG Engine               - userAppClass: class com.groupfour.mygame.App
22:05:17.040 [FXGL Background Thread 3 ] DEBUG Engine               - version: Alpha 0.19021902
22:05:17.040 [FXGL Background Thread 3 ] DEBUG Engine               - versionCheckDays: 7
22:05:17.040 [FXGL Background Thread 3 ] DEBUG Engine               - width: 800
22:05:17.040 [FXGL Background Thread 3 ] DEBUG Engine               - Logging services
22:05:17.040 [FXGL Background Thread 3 ] DEBUG Engine               - class com.almasb.fxgl.app.services.FXGLAssetLoaderService
22:05:17.040 [FXGL Background Thread 3 ] DEBUG Engine               - class com.almasb.fxgl.app.FXGLApplication$GameApplicationService
22:05:17.040 [FXGL Background Thread 3 ] DEBUG Engine               - class com.almasb.fxgl.app.services.FXGLDialogService
22:05:17.040 [FXGL Background Thread 3 ] DEBUG Engine               - class com.almasb.fxgl.app.services.IOTaskExecutorService
22:05:17.040 [FXGL Background Thread 3 ] DEBUG Engine               - class com.almasb.fxgl.io.FileSystemService
22:05:17.040 [FXGL Background Thread 3 ] DEBUG Engine               - class com.almasb.fxgl.localization.LocalizationService
22:05:17.040 [FXGL Background Thread 3 ] DEBUG Engine               - class com.almasb.fxgl.app.services.SystemBundleService
22:05:17.040 [FXGL Background Thread 3 ] DEBUG Engine               - class com.almasb.fxgl.profile.SaveLoadService
22:05:17.040 [FXGL Background Thread 3 ] DEBUG Engine               - class com.almasb.fxgl.ui.FXGLUIFactoryServiceProvider
22:05:17.040 [FXGL Background Thread 3 ] DEBUG Engine               - class com.almasb.fxgl.ui.FXGLDialogFactoryServiceProvider
22:05:17.041 [FXGL Background Thread 3 ] DEBUG Engine               - class com.almasb.fxgl.audio.AudioPlayer
22:05:17.041 [FXGL Background Thread 3 ] DEBUG Engine               - class com.almasb.fxgl.notification.impl.NotificationServiceProvider
22:05:17.041 [FXGL Background Thread 3 ] DEBUG Engine               - class com.almasb.fxgl.achievement.AchievementService
22:05:17.041 [FXGL Background Thread 3 ] DEBUG Engine               - class com.almasb.fxgl.cutscene.CutsceneService
22:05:17.041 [FXGL Background Thread 3 ] DEBUG Engine               - class com.almasb.fxgl.minigames.MiniGameService
22:05:17.041 [FXGL Background Thread 3 ] DEBUG Engine               - class com.almasb.fxgl.net.NetService
22:05:17.041 [FXGL Background Thread 3 ] DEBUG Engine               - class com.almasb.fxgl.app.services.UpdaterService
22:05:17.041 [FXGL Background Thread 3 ] DEBUG Engine               - class com.almasb.fxgl.dev.DevService
22:05:17.041 [FXGL Background Thread 3 ] DEBUG Engine               - class com.almasb.fxgl.multiplayer.MultiplayerService
22:05:17.466 [JavaFX Application Thread] DEBUG FXGLApplication      - Exiting FXGL
22:05:17.466 [JavaFX Application Thread] DEBUG LoopRunner           - Stopping loop
22:05:17.466 [JavaFX Application Thread] DEBUG SystemBundleService  - Saving FXGL system data
22:05:17.468 [JavaFX Application Thread] DEBUG FileSystemAccess     - Writing to: C:\Users\acer\OneDrive\Desktop\git pull\CSS124L-FINAL-PROJECT\system\fxgl.bundle
22:05:17.469 [JavaFX Application Thread] DEBUG Async                - Shutting down background threads
22:05:17.469 [JavaFX Application Thread] DEBUG PrimaryStageWindow   - Closing main window
22:05:17.480 [JavaFX Application Thread] DEBUG Logger               - Closing Logger
