03:23:55.999 [main                     ] DEBUG Logger               - Configured Logger
03:23:56.015 [main                     ] DEBUG GameApplication      - Logging settings
Title: Flatline: Oregon
Version: Beta ?
Width: 800
Height: 600
Fullscreen: false
Intro: false
Profiling: false
Single step:false
App Mode: DEVELOPER
Menu Key: ESCAPE
Stage Style: DECORATED
Scene Factory: class com.groupfour.mygame.App$1

03:23:56.397 [JavaFX Application Thread] DEBUG FXGLApplication      - Initializing FXGL
03:23:56.399 [JavaFX Application Thread] INFO  Engine               - FXGL-dev-SNAPSHOT (28.07.2021 16.39) on WINDOWS (J:11.0.22 FX:16)
03:23:56.400 [JavaFX Application Thread] DEBUG Engine               - JRE Vendor Name: Oracle Corporation
03:23:56.400 [JavaFX Application Thread] DEBUG Engine               - Running on OS: Windows 11 version 10.0
03:23:56.400 [JavaFX Application Thread] DEBUG Engine               - Architecture: amd64
03:23:56.400 [JavaFX Application Thread] INFO  Engine               - Source code and latest versions at: https://github.com/AlmasB/FXGL
03:23:56.400 [JavaFX Application Thread] INFO  Engine               -              Join the FXGL chat at: https://gitter.im/AlmasB/FXGL
03:23:56.478 [JavaFX Application Thread] DEBUG PrimaryStageWindow   - Creating a JavaFX scene
03:23:56.531 [JavaFX Application Thread] DEBUG PrimaryStageWindow   - Target settings size: 800.0 x 600.0
03:23:56.532 [JavaFX Application Thread] DEBUG PrimaryStageWindow   - Scaled scene size:    800.0 x 600.0
03:23:56.532 [JavaFX Application Thread] DEBUG PrimaryStageWindow   - Scaled ratio: (1.0, 1.0)
03:23:56.532 [JavaFX Application Thread] DEBUG PrimaryStageWindow   - Set initial scene to FXGLStartupScene
03:23:56.536 [JavaFX Application Thread] DEBUG PrimaryStageWindow   - Opening main window
03:23:56.607 [JavaFX Application Thread] DEBUG PrimaryStageWindow   - Window border size: (14.4000244140625, 37.5999755859375)
03:23:56.607 [JavaFX Application Thread] DEBUG PrimaryStageWindow   - Scaled size: 800.0 x 600.0
03:23:56.607 [JavaFX Application Thread] DEBUG PrimaryStageWindow   - Scaled ratio: (1.0, 1.0)
03:23:56.607 [JavaFX Application Thread] DEBUG PrimaryStageWindow   - Scene size: 800.0 x 600.0
03:23:56.607 [JavaFX Application Thread] DEBUG PrimaryStageWindow   - Stage size: 814.4000244140625 x 637.5999755859375
03:23:56.611 [FXGL Background Thread 1 ] DEBUG Engine               - Initializing environment variables
03:23:56.647 [FXGL Background Thread 1 ] DEBUG FXGLAssetLoaderServi - User app class for loading assets: class com.groupfour.mygame.App
03:23:56.647 [FXGL Background Thread 1 ] DEBUG GameApplicationServi - Applying CSS: fxgl_dark.css
03:23:56.651 [FXGL Background Thread 1 ] DEBUG FXGLAssetLoaderServi - Loading from file system: jar:file:///C:/Users/acer/.m2/repository/com/github/almasb/fxgl/dev-SNAPSHOT/fxgl-dev-SNAPSHOT.jar!/fxglassets/ui/css/fxgl_dark.css
03:23:56.688 [FXGL Background Thread 1 ] DEBUG GameApplicationServi - Initializing application scenes
03:23:56.716 [FXGL Background Thread 1 ] DEBUG GameWorld            - Game world initialized
03:23:56.749 [FXGL Background Thread 1 ] DEBUG PhysicsWorld         - Physics world initialized: appHeight=600, physics.ppm=50.0
03:23:56.749 [FXGL Background Thread 1 ] DEBUG PhysicsWorld         - Using strategy: BRUTE_FORCE
03:23:56.751 [FXGL Background Thread 1 ] DEBUG GameScene            - Game scene initialized: 800x600
03:23:56.760 [FXGL Background Thread 1 ] DEBUG FXGL.DefaultMenu     - createMenuBodyMainMenu()
03:23:56.774 [FXGL Background Thread 1 ] DEBUG FXGL.DefaultMenu     - createOptionsMenu()
03:23:56.779 [FXGL Background Thread 1 ] DEBUG FXGLAssetLoaderServi - Loading from file system: jar:file:///C:/Users/acer/.m2/repository/com/github/almasb/fxgl/dev-SNAPSHOT/fxgl-dev-SNAPSHOT.jar!/fxglassets/textures/particles/smoke.png
03:23:56.851 [FXGL Background Thread 1 ] DEBUG FXGLAssetLoaderServi - Loading from file system: jar:file:///C:/Users/acer/.m2/repository/com/github/almasb/fxgl/dev-SNAPSHOT/fxgl-dev-SNAPSHOT.jar!/fxglassets/textures/particles/trace_horizontal.png
03:23:56.884 [FXGL Background Thread 1 ] DEBUG FXGLAssetLoaderServi - Loading from file system: file:/C:/Users/acer/OneDrive/Desktop/git%20pull/CSS124L-FINAL-PROJECT/fp/target/classes/assets/ui/fonts/PIXELADE.TTF
03:23:57.304 [FXGL Background Thread 1 ] DEBUG FXGLAssetLoaderServi - Loading from file system: file:/C:/Users/acer/OneDrive/Desktop/git%20pull/CSS124L-FINAL-PROJECT/fp/target/classes/assets/textures/spbtn.png
03:23:57.322 [FXGL Background Thread 1 ] DEBUG FXGLAssetLoaderServi - Loading from file system: file:/C:/Users/acer/OneDrive/Desktop/git%20pull/CSS124L-FINAL-PROJECT/fp/target/classes/assets/textures/mpbtn.png
03:23:57.329 [FXGL Background Thread 1 ] DEBUG FXGLAssetLoaderServi - Loading from file system: file:/C:/Users/acer/OneDrive/Desktop/git%20pull/CSS124L-FINAL-PROJECT/fp/target/classes/assets/textures/return.png
03:23:57.339 [FXGL Background Thread 1 ] DEBUG GameApplicationServi - Application scenes initialized
03:23:57.345 [FXGL Background Thread 1 ] DEBUG SystemBundleService  - Loading FXGL system data
03:23:57.348 [FXGL Background Thread 1 ] DEBUG FileSystemAccess     - Reading from: C:\Users\acer\OneDrive\Desktop\git pull\CSS124L-FINAL-PROJECT\system\fxgl.bundle
03:23:57.352 [FXGL Background Thread 1 ] DEBUG SystemBundleService  - Bundle FXGL: {}
03:23:57.352 [FXGL Background Thread 1 ] DEBUG UpdaterService       - Checking for updates
03:23:57.369 [FXGL Background Thread 4 ] DEBUG FXGLApplication      - Loading fonts
03:23:57.369 [FXGL Background Thread 1 ] DEBUG FXGLApplication      - Loading default localization
03:23:57.370 [FXGL Background Thread 4 ] DEBUG FXGLAssetLoaderServi - Loading from file system: jar:file:///C:/Users/acer/.m2/repository/com/github/almasb/fxgl/dev-SNAPSHOT/fxgl-dev-SNAPSHOT.jar!/fxglassets/ui/fonts/VarelaRound-Regular.ttf
03:23:57.370 [FXGL Background Thread 1 ] DEBUG FXGLAssetLoaderServi - Loading from file system: jar:file:///C:/Users/acer/.m2/repository/com/github/almasb/fxgl/dev-SNAPSHOT/fxgl-dev-SNAPSHOT.jar!/fxglassets/languages/english.lang
03:23:57.374 [FXGL Background Thread 4 ] DEBUG FXGLAssetLoaderServi - Loading from file system: jar:file:///C:/Users/acer/.m2/repository/com/github/almasb/fxgl/dev-SNAPSHOT/fxgl-dev-SNAPSHOT.jar!/fxglassets/ui/fonts/Abel-Regular.ttf
03:23:57.378 [FXGL Background Thread 4 ] DEBUG FXGLAssetLoaderServi - Loading from file system: jar:file:///C:/Users/acer/.m2/repository/com/github/almasb/fxgl/dev-SNAPSHOT/fxgl-dev-SNAPSHOT.jar!/fxglassets/ui/fonts/lucida_console.ttf
03:23:57.381 [FXGL Background Thread 1 ] INFO  FXGLApplication      - FXGL initialization took: 0.769 sec
03:23:57.385 [FXGL Background Thread 4 ] DEBUG FXGLAssetLoaderServi - Loading from file system: jar:file:///C:/Users/acer/.m2/repository/com/github/almasb/fxgl/dev-SNAPSHOT/fxgl-dev-SNAPSHOT.jar!/fxglassets/ui/fonts/Courier-Prime.ttf
03:23:57.390 [JavaFX Application Thread] DEBUG Input                - Registered new binding: Move Upwards - W
03:23:57.390 [JavaFX Application Thread] DEBUG Input                - Registered new binding: Move Down - S
03:23:57.391 [JavaFX Application Thread] DEBUG Input                - Registered new binding: Move Left - A
03:23:57.391 [JavaFX Application Thread] DEBUG Input                - Registered new binding: Move Right - D
03:23:57.391 [JavaFX Application Thread] DEBUG Input                - Registered new binding: Reload - R
03:23:57.392 [JavaFX Application Thread] DEBUG Input                - Registered new binding: Shoot - LMB
03:23:57.392 [JavaFX Application Thread] DEBUG Input                - Registered new binding: Switch Weapons - Q
03:23:57.392 [JavaFX Application Thread] DEBUG Input                - Registered new binding: Interact - F
03:23:57.392 [JavaFX Application Thread] DEBUG FXGLAssetLoaderServi - Loading from file system: file:/C:/Users/acer/OneDrive/Desktop/git%20pull/CSS124L-FINAL-PROJECT/fp/target/classes/assets/music/titleBGM.mp3
03:23:57.517 [JavaFX Application Thread] DEBUG AudioPlayer          - Playing music com.almasb.fxgl.audio.Music@29321338
03:23:57.518 [JavaFX Application Thread] DEBUG FXGLAssetLoaderServi - Loading from file system: jar:file:///C:/Users/acer/.m2/repository/com/github/almasb/fxgl/dev-SNAPSHOT/fxgl-dev-SNAPSHOT.jar!/fxglassets/textures/fxgl_icon.png
03:23:57.532 [JavaFX Application Thread] DEBUG FXGLAssetLoaderServi - Loading from file system: jar:file:///C:/Users/acer/.m2/repository/com/github/almasb/fxgl/dev-SNAPSHOT/fxgl-dev-SNAPSHOT.jar!/fxglassets/textures/fxgl_default_cursor.png
03:23:57.534 [JavaFX Application Thread] DEBUG Input                - Registered new binding: Screenshot - CTRL+8
03:23:57.534 [JavaFX Application Thread] DEBUG Input                - Registered new binding: Dev Options - 1
03:23:57.535 [JavaFX Application Thread] DEBUG Input                - Registered new binding: Dev Console - 2
03:23:57.535 [JavaFX Application Thread] DEBUG Input                - Registered new binding: System info dump - CTRL+9
03:23:57.536 [JavaFX Application Thread] DEBUG Input                - Registered new binding: Restart - CTRL+R
03:23:57.536 [JavaFX Application Thread] DEBUG Input                - Registered new binding: Toggle Debug Camera - CTRL+C
03:23:57.539 [JavaFX Application Thread] DEBUG LoopRunner           - Starting loop
03:23:57.552 [JavaFX Application Thread] DEBUG LoopRunner           - Initializing JavaFX AnimationTimerLoop
03:23:57.555 [JavaFX Application Thread] DEBUG Input                - Clearing active input actions
03:23:57.569 [JavaFX Application Thread] DEBUG GameApplicationServi - Removing overlay from FXGLStartupScene and adding to FXGLMainMenuDummyScene
03:23:57.573 [JavaFX Application Thread] DEBUG PrimaryStageWindow   - FXGLStartupScene -> FXGLMainMenuDummyScene
03:23:57.573 [JavaFX Application Thread] DEBUG PrimaryStageWindow   - Push state: FXGLDefaultMenu
03:23:57.578 [JavaFX Application Thread] DEBUG Input                - Clearing active input actions
03:23:57.583 [JavaFX Application Thread] DEBUG GameApplicationServi - Removing overlay from FXGLMainMenuDummyScene and adding to FXGLDefaultMenu
03:23:57.584 [JavaFX Application Thread] DEBUG PrimaryStageWindow   - FXGLMainMenuDummyScene -> FXGLDefaultMenu
03:23:57.590 [JavaFX Application Thread] DEBUG FXGLApplication      - Registering font factories with UI factory
03:23:57.672 [FXGL Background Thread 2 ] INFO  UpdaterService       - Your current version:  dev-SNAPSHOT
03:23:57.673 [FXGL Background Thread 2 ] INFO  UpdaterService       - Latest stable version: 21.1
03:24:00.369 [FXGL Background Thread 3 ] DEBUG Engine               - Logging environment variables
03:24:00.369 [FXGL Background Thread 3 ] DEBUG Engine               - achievements: []
03:24:00.369 [FXGL Background Thread 3 ] DEBUG Engine               - actualHeight: 600.0
03:24:00.369 [FXGL Background Thread 3 ] DEBUG Engine               - actualHeightProperty: ReadOnlyDoubleProperty [value: 600.0]
03:24:00.369 [FXGL Background Thread 3 ] DEBUG Engine               - actualWidth: 800.0
03:24:00.369 [FXGL Background Thread 3 ] DEBUG Engine               - actualWidthProperty: ReadOnlyDoubleProperty [value: 800.0]
03:24:00.370 [FXGL Background Thread 3 ] DEBUG Engine               - appIcon: fxgl_icon.png
03:24:00.370 [FXGL Background Thread 3 ] DEBUG Engine               - applicationMode: DEVELOPER
03:24:00.370 [FXGL Background Thread 3 ] DEBUG Engine               - cSSList: [fxgl_dark.css]
03:24:00.370 [FXGL Background Thread 3 ] DEBUG Engine               - collisionDetectionStrategy: BRUTE_FORCE
03:24:00.370 [FXGL Background Thread 3 ] DEBUG Engine               - configClass: Optional.empty
03:24:00.370 [FXGL Background Thread 3 ] DEBUG Engine               - credits: []
03:24:00.370 [FXGL Background Thread 3 ] DEBUG Engine               - defaultCursor: CursorInfo(imageName=fxgl_default_cursor.png, hotspotX=7.0, hotspotY=6.0)
03:24:00.370 [FXGL Background Thread 3 ] DEBUG Engine               - devBBoxColorProperty: ObjectProperty [value: 0xff0000ff]
03:24:00.370 [FXGL Background Thread 3 ] DEBUG Engine               - devEnableDebugCameraProperty: BooleanProperty [value: false]
03:24:00.371 [FXGL Background Thread 3 ] DEBUG Engine               - devSensorColorProperty: ObjectProperty [value: 0xffff00ff]
03:24:00.371 [FXGL Background Thread 3 ] DEBUG Engine               - devShowBBoxProperty: BooleanProperty [value: false]
03:24:00.371 [FXGL Background Thread 3 ] DEBUG Engine               - devShowPositionProperty: BooleanProperty [value: false]
03:24:00.371 [FXGL Background Thread 3 ] DEBUG Engine               - enabledMenuItems: []
03:24:00.371 [FXGL Background Thread 3 ] DEBUG Engine               - engineServices: [class com.almasb.fxgl.app.services.FXGLAssetLoaderService, class com.almasb.fxgl.app.FXGLApplication$GameApplicationService, class com.almasb.fxgl.app.services.FXGLDialogService, class com.almasb.fxgl.app.services.IOTaskExecutorService, class com.almasb.fxgl.io.FileSystemService, class com.almasb.fxgl.localization.LocalizationService, class com.almasb.fxgl.app.services.SystemBundleService, class com.almasb.fxgl.profile.SaveLoadService, class com.almasb.fxgl.ui.FXGLUIFactoryServiceProvider, class com.almasb.fxgl.ui.FXGLDialogFactoryServiceProvider, class com.almasb.fxgl.audio.AudioPlayer, class com.almasb.fxgl.notification.impl.NotificationServiceProvider, class com.almasb.fxgl.achievement.AchievementService, class com.almasb.fxgl.cutscene.CutsceneService, class com.almasb.fxgl.minigames.MiniGameService, class com.almasb.fxgl.net.NetService, class com.almasb.fxgl.app.services.UpdaterService, class com.almasb.fxgl.dev.DevService, class com.almasb.fxgl.multiplayer.MultiplayerService]
03:24:00.371 [FXGL Background Thread 3 ] DEBUG Engine               - fontGame: Abel-Regular.ttf
03:24:00.371 [FXGL Background Thread 3 ] DEBUG Engine               - fontMono: lucida_console.ttf
03:24:00.371 [FXGL Background Thread 3 ] DEBUG Engine               - fontText: Courier-Prime.ttf
03:24:00.371 [FXGL Background Thread 3 ] DEBUG Engine               - fontUI: VarelaRound-Regular.ttf
03:24:00.371 [FXGL Background Thread 3 ] DEBUG Engine               - fullScreen: BooleanProperty [value: false]
03:24:00.371 [FXGL Background Thread 3 ] DEBUG Engine               - gameDifficulty: MEDIUM
03:24:00.371 [FXGL Background Thread 3 ] DEBUG Engine               - gameDifficultyProperty: ObjectProperty [value: MEDIUM]
03:24:00.371 [FXGL Background Thread 3 ] DEBUG Engine               - globalMusicVolume: 0.5
03:24:00.372 [FXGL Background Thread 3 ] DEBUG Engine               - globalMusicVolumeProperty: DoubleProperty [value: 0.5]
03:24:00.372 [FXGL Background Thread 3 ] DEBUG Engine               - globalSoundVolume: 0.5
03:24:00.372 [FXGL Background Thread 3 ] DEBUG Engine               - globalSoundVolumeProperty: DoubleProperty [value: 0.5]
03:24:00.372 [FXGL Background Thread 3 ] DEBUG Engine               - height: 600
03:24:00.372 [FXGL Background Thread 3 ] DEBUG Engine               - is3D: false
03:24:00.372 [FXGL Background Thread 3 ] DEBUG Engine               - isAndroid: false
03:24:00.372 [FXGL Background Thread 3 ] DEBUG Engine               - isBrowser: false
03:24:00.372 [FXGL Background Thread 3 ] DEBUG Engine               - isClickFeedbackEnabled: false
03:24:00.372 [FXGL Background Thread 3 ] DEBUG Engine               - isCloseConfirmation: false
03:24:00.372 [FXGL Background Thread 3 ] DEBUG Engine               - isDesktop: true
03:24:00.372 [FXGL Background Thread 3 ] DEBUG Engine               - isDeveloperMenuEnabled: true
03:24:00.372 [FXGL Background Thread 3 ] DEBUG Engine               - isEmbedded: false
03:24:00.372 [FXGL Background Thread 3 ] DEBUG Engine               - isEntityPreloadEnabled: true
03:24:00.372 [FXGL Background Thread 3 ] DEBUG Engine               - isExperimentalTiledLargeMap: false
03:24:00.372 [FXGL Background Thread 3 ] DEBUG Engine               - isFileSystemWriteAllowed: true
03:24:00.372 [FXGL Background Thread 3 ] DEBUG Engine               - isFullScreenAllowed: false
03:24:00.372 [FXGL Background Thread 3 ] DEBUG Engine               - isFullScreenFromStart: false
03:24:00.372 [FXGL Background Thread 3 ] DEBUG Engine               - isGameMenuEnabled: true
03:24:00.372 [FXGL Background Thread 3 ] DEBUG Engine               - isIOS: false
03:24:00.372 [FXGL Background Thread 3 ] DEBUG Engine               - isIntroEnabled: false
03:24:00.372 [FXGL Background Thread 3 ] DEBUG Engine               - isLinux: false
03:24:00.372 [FXGL Background Thread 3 ] DEBUG Engine               - isMac: false
03:24:00.372 [FXGL Background Thread 3 ] DEBUG Engine               - isMainMenuEnabled: true
03:24:00.372 [FXGL Background Thread 3 ] DEBUG Engine               - isManualResizeEnabled: false
03:24:00.372 [FXGL Background Thread 3 ] DEBUG Engine               - isMobile: false
03:24:00.372 [FXGL Background Thread 3 ] DEBUG Engine               - isNative: false
03:24:00.372 [FXGL Background Thread 3 ] DEBUG Engine               - isPauseMusicWhenMinimized: true
03:24:00.372 [FXGL Background Thread 3 ] DEBUG Engine               - isPreserveResizeRatio: false
03:24:00.372 [FXGL Background Thread 3 ] DEBUG Engine               - isProfilingEnabled: false
03:24:00.373 [FXGL Background Thread 3 ] DEBUG Engine               - isScaleAffectedOnResize: true
03:24:00.373 [FXGL Background Thread 3 ] DEBUG Engine               - isSingleStep: false
03:24:00.373 [FXGL Background Thread 3 ] DEBUG Engine               - isUserProfileEnabled: false
03:24:00.373 [FXGL Background Thread 3 ] DEBUG Engine               - isWindows: true
03:24:00.373 [FXGL Background Thread 3 ] DEBUG Engine               - language: ObjectProperty [value: ENGLISH]
03:24:00.373 [FXGL Background Thread 3 ] DEBUG Engine               - menuKey: ESCAPE
03:24:00.373 [FXGL Background Thread 3 ] DEBUG Engine               - mouseSensitivity: 0.2
03:24:00.373 [FXGL Background Thread 3 ] DEBUG Engine               - notificationViewClass: class com.almasb.fxgl.notification.view.XboxNotificationView
03:24:00.373 [FXGL Background Thread 3 ] DEBUG Engine               - pixelsPerMeter: 50.0
03:24:00.373 [FXGL Background Thread 3 ] DEBUG Engine               - platform: WINDOWS
03:24:00.373 [FXGL Background Thread 3 ] DEBUG Engine               - prefHeightProperty: ReadOnlyDoubleProperty [value: 600.0]
03:24:00.373 [FXGL Background Thread 3 ] DEBUG Engine               - prefWidthProperty: ReadOnlyDoubleProperty [value: 800.0]
03:24:00.373 [FXGL Background Thread 3 ] DEBUG Engine               - profileDir: profiles/
03:24:00.373 [FXGL Background Thread 3 ] DEBUG Engine               - profileName: StringProperty [value: DEFAULT]
03:24:00.373 [FXGL Background Thread 3 ] DEBUG Engine               - randomSeed: -1
03:24:00.373 [FXGL Background Thread 3 ] DEBUG Engine               - runtimeInfo: RuntimeInfo(platform=WINDOWS, version=dev-SNAPSHOT, build=28.07.2021 16.39)
03:24:00.373 [FXGL Background Thread 3 ] DEBUG Engine               - saveFileExt: sav
03:24:00.373 [FXGL Background Thread 3 ] DEBUG Engine               - scaledHeightProp$fxgl: DoubleProperty [bound, value: 600.0]
03:24:00.373 [FXGL Background Thread 3 ] DEBUG Engine               - scaledWidthProp$fxgl: DoubleProperty [bound, value: 800.0]
03:24:00.373 [FXGL Background Thread 3 ] DEBUG Engine               - sceneFactory: com.groupfour.mygame.App$1@5df883d5
03:24:00.373 [FXGL Background Thread 3 ] DEBUG Engine               - secondsIn24h: 60
03:24:00.373 [FXGL Background Thread 3 ] DEBUG Engine               - soundMenuBack: menu/back.wav
03:24:00.373 [FXGL Background Thread 3 ] DEBUG Engine               - soundMenuPress: titleSelect.mp3
03:24:00.373 [FXGL Background Thread 3 ] DEBUG Engine               - soundMenuSelect: menu/select.wav
03:24:00.373 [FXGL Background Thread 3 ] DEBUG Engine               - soundNotification: core/notification.wav
03:24:00.373 [FXGL Background Thread 3 ] DEBUG Engine               - stageStyle: DECORATED
03:24:00.373 [FXGL Background Thread 3 ] DEBUG Engine               - supportedLanguages: [ENGLISH, FRENCH, GERMAN, HUNGARIAN, RUSSIAN]
03:24:00.373 [FXGL Background Thread 3 ] DEBUG Engine               - ticksPerSecond: -1
03:24:00.374 [FXGL Background Thread 3 ] DEBUG Engine               - title: Flatline: Oregon
03:24:00.374 [FXGL Background Thread 3 ] DEBUG Engine               - urlGithub: https://github.com/AlmasB/FXGL
03:24:00.374 [FXGL Background Thread 3 ] DEBUG Engine               - urlLeaderboard: http://fxgl-top.herokuapp.com/
03:24:00.374 [FXGL Background Thread 3 ] DEBUG Engine               - urlPOM: https://raw.githubusercontent.com/AlmasB/FXGL/release/README.md
03:24:00.374 [FXGL Background Thread 3 ] DEBUG Engine               - userAppClass: class com.groupfour.mygame.App
03:24:00.374 [FXGL Background Thread 3 ] DEBUG Engine               - version: Beta ?
03:24:00.374 [FXGL Background Thread 3 ] DEBUG Engine               - versionCheckDays: 7
03:24:00.374 [FXGL Background Thread 3 ] DEBUG Engine               - width: 800
03:24:00.374 [FXGL Background Thread 3 ] DEBUG Engine               - Logging services
03:24:00.374 [FXGL Background Thread 3 ] DEBUG Engine               - class com.almasb.fxgl.app.services.FXGLAssetLoaderService
03:24:00.374 [FXGL Background Thread 3 ] DEBUG Engine               - class com.almasb.fxgl.app.FXGLApplication$GameApplicationService
03:24:00.374 [FXGL Background Thread 3 ] DEBUG Engine               - class com.almasb.fxgl.app.services.FXGLDialogService
03:24:00.374 [FXGL Background Thread 3 ] DEBUG Engine               - class com.almasb.fxgl.app.services.IOTaskExecutorService
03:24:00.374 [FXGL Background Thread 3 ] DEBUG Engine               - class com.almasb.fxgl.io.FileSystemService
03:24:00.374 [FXGL Background Thread 3 ] DEBUG Engine               - class com.almasb.fxgl.localization.LocalizationService
03:24:00.374 [FXGL Background Thread 3 ] DEBUG Engine               - class com.almasb.fxgl.app.services.SystemBundleService
03:24:00.374 [FXGL Background Thread 3 ] DEBUG Engine               - class com.almasb.fxgl.profile.SaveLoadService
03:24:00.374 [FXGL Background Thread 3 ] DEBUG Engine               - class com.almasb.fxgl.ui.FXGLUIFactoryServiceProvider
03:24:00.374 [FXGL Background Thread 3 ] DEBUG Engine               - class com.almasb.fxgl.ui.FXGLDialogFactoryServiceProvider
03:24:00.374 [FXGL Background Thread 3 ] DEBUG Engine               - class com.almasb.fxgl.audio.AudioPlayer
03:24:00.374 [FXGL Background Thread 3 ] DEBUG Engine               - class com.almasb.fxgl.notification.impl.NotificationServiceProvider
03:24:00.374 [FXGL Background Thread 3 ] DEBUG Engine               - class com.almasb.fxgl.achievement.AchievementService
03:24:00.374 [FXGL Background Thread 3 ] DEBUG Engine               - class com.almasb.fxgl.cutscene.CutsceneService
03:24:00.374 [FXGL Background Thread 3 ] DEBUG Engine               - class com.almasb.fxgl.minigames.MiniGameService
03:24:00.374 [FXGL Background Thread 3 ] DEBUG Engine               - class com.almasb.fxgl.net.NetService
03:24:00.374 [FXGL Background Thread 3 ] DEBUG Engine               - class com.almasb.fxgl.app.services.UpdaterService
03:24:00.374 [FXGL Background Thread 3 ] DEBUG Engine               - class com.almasb.fxgl.dev.DevService
03:24:00.374 [FXGL Background Thread 3 ] DEBUG Engine               - class com.almasb.fxgl.multiplayer.MultiplayerService
03:24:00.384 [JavaFX Application Thread] DEBUG Menu                 - fireNewGame()
03:24:00.384 [JavaFX Application Thread] DEBUG GameApplicationServi - Starting new game
03:24:00.386 [JavaFX Application Thread] DEBUG PrimaryStageWindow   - Pop state: FXGLDefaultMenu
03:24:00.386 [JavaFX Application Thread] DEBUG Input                - Clearing active input actions
03:24:00.389 [JavaFX Application Thread] DEBUG GameApplicationServi - Removing overlay from FXGLDefaultMenu and adding to FXGLMainMenuDummyScene
03:24:00.390 [JavaFX Application Thread] DEBUG PrimaryStageWindow   - FXGLMainMenuDummyScene <- FXGLDefaultMenu
03:24:00.391 [JavaFX Application Thread] DEBUG Input                - Clearing active input actions
03:24:00.397 [JavaFX Application Thread] DEBUG GameApplicationServi - Removing overlay from FXGLMainMenuDummyScene and adding to FXGLLoadingScene
03:24:00.398 [JavaFX Application Thread] DEBUG PrimaryStageWindow   - FXGLMainMenuDummyScene -> FXGLLoadingScene
03:24:00.398 [JavaFX Application Thread] DEBUG GameApplicationServi - Clearing previous game
03:24:00.398 [JavaFX Application Thread] DEBUG GameScene            - Clearing game scene
03:24:00.398 [JavaFX Application Thread] DEBUG GameWorld            - Clearing game world
03:24:00.399 [JavaFX Application Thread] DEBUG PhysicsWorld         - Clearing physics world
03:24:00.399 [FXGL Background Thread 2 ] DEBUG FXGLApplication      - Initializing game
03:24:00.431 [FXGL Background Thread 2 ] WARN  TMXLevelLoader       - TiledMap generated from 1.11.0. Supported version: 1.2.3. Some features may not be parsed fully.
03:24:00.437 [FXGL Background Thread 2 ] DEBUG TMXLevelLoader       - Parsed TiledMap: file:/C:/Users/acer/OneDrive/Desktop/git%20pull/CSS124L-FINAL-PROJECT/fp/target/classes/assets/levels/Lobby.tmx
03:24:00.438 [FXGL Background Thread 2 ] DEBUG TMXLevelLoader       - Creating tile layer entities
03:24:00.439 [FXGL Background Thread 2 ] DEBUG TilesetLoader        - Loading view for layer Tile Layer 1
03:24:00.441 [FXGL Background Thread 2 ] DEBUG TilesetLoader        - Created buffer with size 1280.0x768.0
03:24:00.447 [FXGL Background Thread 2 ] DEBUG TMXLevelLoader       - Creating object layer entities
03:24:00.459 [FXGL Background Thread 2 ] DEBUG GameWorld            - Clearing removable entities
03:24:00.459 [FXGL Background Thread 2 ] DEBUG GameWorld            - Setting level: com.almasb.fxgl.entity.level.Level@55277872
03:24:00.467 [FXGL Background Thread 2 ] INFO  FXGLApplication      - Game initialization took: 0.067 sec
03:24:00.517 [JavaFX Application Thread] DEBUG Input                - Clearing active input actions
03:24:00.521 [JavaFX Application Thread] DEBUG GameApplicationServi - Removing overlay from FXGLLoadingScene and adding to GameScene
03:24:00.522 [JavaFX Application Thread] DEBUG PrimaryStageWindow   - FXGLLoadingScene -> GameScene
03:24:00.523 [JavaFX Application Thread] DEBUG FXGLAssetLoaderServi - Loading from file system: file:/C:/Users/acer/OneDrive/Desktop/git%20pull/CSS124L-FINAL-PROJECT/fp/target/classes/assets/textures/Interactables/microwave_close.png
03:24:00.524 [JavaFX Application Thread] DEBUG PrimaryStageWindow   - Push state: PCM_BG
03:24:00.524 [JavaFX Application Thread] DEBUG Input                - Clearing active input actions
03:24:00.525 [JavaFX Application Thread] DEBUG GameApplicationServi - Removing overlay from GameScene and adding to PCM_BG
03:24:00.525 [JavaFX Application Thread] DEBUG PrimaryStageWindow   - GameScene -> PCM_BG
03:24:00.533 [JavaFX Application Thread] DEBUG PrimaryStageWindow   - Push state: PlayerCountMenu
03:24:00.533 [JavaFX Application Thread] DEBUG Input                - Clearing active input actions
03:24:00.533 [JavaFX Application Thread] DEBUG GameApplicationServi - Removing overlay from PCM_BG and adding to PlayerCountMenu
03:24:00.537 [JavaFX Application Thread] DEBUG PrimaryStageWindow   - PCM_BG -> PlayerCountMenu
03:24:01.624 [JavaFX Application Thread] DEBUG PrimaryStageWindow   - Push state: DialogSubScene
03:24:01.625 [JavaFX Application Thread] DEBUG Input                - Clearing active input actions
03:24:01.625 [JavaFX Application Thread] DEBUG GameApplicationServi - Removing overlay from PlayerCountMenu and adding to DialogSubScene
03:24:01.625 [JavaFX Application Thread] DEBUG PrimaryStageWindow   - PlayerCountMenu -> DialogSubScene
03:24:02.168 [JavaFX Application Thread] DEBUG PrimaryStageWindow   - Pop state: DialogSubScene
03:24:02.168 [JavaFX Application Thread] DEBUG Input                - Clearing active input actions
03:24:02.169 [JavaFX Application Thread] DEBUG GameApplicationServi - Removing overlay from DialogSubScene and adding to PlayerCountMenu
03:24:02.169 [JavaFX Application Thread] DEBUG PrimaryStageWindow   - PlayerCountMenu <- DialogSubScene
03:24:02.170 [JavaFX Application Thread] DEBUG PrimaryStageWindow   - Push state: DialogSubScene
03:24:02.170 [JavaFX Application Thread] DEBUG Input                - Clearing active input actions
03:24:02.170 [JavaFX Application Thread] DEBUG GameApplicationServi - Removing overlay from PlayerCountMenu and adding to DialogSubScene
03:24:02.170 [JavaFX Application Thread] DEBUG PrimaryStageWindow   - PlayerCountMenu -> DialogSubScene
03:24:02.444 [JavaFX Application Thread] DEBUG PrimaryStageWindow   - Pop state: DialogSubScene
03:24:02.444 [JavaFX Application Thread] DEBUG Input                - Clearing active input actions
03:24:02.444 [JavaFX Application Thread] DEBUG GameApplicationServi - Removing overlay from DialogSubScene and adding to PlayerCountMenu
03:24:02.445 [JavaFX Application Thread] DEBUG PrimaryStageWindow   - PlayerCountMenu <- DialogSubScene
03:24:02.452 [ClientAsyncConnThread    ] DEBUG TCPClient            - Connecting to localhost:55555 type: class com.almasb.fxgl.core.serialization.Bundle
03:24:02.455 [ClientAsyncConnThread    ] DEBUG TCPClient            - Created socket to localhost:55555
03:24:02.463 [ClientAsyncConnThread    ] DEBUG Endpoint             - TCPClient opening new connection (1) from localhost/127.0.0.1:55555 type: class com.almasb.fxgl.core.serialization.Bundle
03:24:02.467 [ClientAsyncConnThread    ] DEBUG Endpoint             - TCPClient successfully opened connection (1)
03:24:02.472 [TCPClient_SendThread-1   ] DEBUG Writers              - Getting TCPMessageWriter for class com.almasb.fxgl.core.serialization.Bundle
03:24:02.473 [TCPClient_RecvThread-1   ] DEBUG Readers              - Getting TCPMessageReader for class com.almasb.fxgl.core.serialization.Bundle
03:24:02.473 [TCPClient_RecvThread-1   ] DEBUG Readers              - Constructed MessageReader for class com.almasb.fxgl.core.serialization.Bundle: BundleTCPMessageReader
03:24:02.473 [TCPClient_SendThread-1   ] DEBUG Writers              - Constructed TCPMessageWriter for class com.almasb.fxgl.core.serialization.Bundle: BundleTCPMessageWriter
03:24:02.481 [JavaFX Application Thread] DEBUG FXGLAssetLoaderServi - Loading from file system: file:/C:/Users/acer/OneDrive/Desktop/git%20pull/CSS124L-FINAL-PROJECT/fp/target/classes/assets/sounds/Reload.mp3
03:24:02.489 [JavaFX Application Thread] DEBUG FXGLAssetLoaderServi - Loading from file system: file:/C:/Users/acer/OneDrive/Desktop/git%20pull/CSS124L-FINAL-PROJECT/fp/target/classes/assets/sounds/BerettaM9_Shoot.mp3
03:24:02.496 [JavaFX Application Thread] DEBUG FXGLAssetLoaderServi - Loading from file system: file:/C:/Users/acer/OneDrive/Desktop/git%20pull/CSS124L-FINAL-PROJECT/fp/target/classes/assets/textures/Weapons/Idle/BerettaM9_Idle.png
03:24:02.497 [JavaFX Application Thread] DEBUG FXGLAssetLoaderServi - Loading from file system: file:/C:/Users/acer/OneDrive/Desktop/git%20pull/CSS124L-FINAL-PROJECT/fp/target/classes/assets/textures/Weapons/Shooting/BerettaM9_Shooting.png
03:24:02.500 [JavaFX Application Thread] DEBUG FXGLAssetLoaderServi - Loading from file system: file:/C:/Users/acer/OneDrive/Desktop/git%20pull/CSS124L-FINAL-PROJECT/fp/target/classes/assets/textures/Players/1P_Shoot.png
03:24:02.504 [JavaFX Application Thread] DEBUG Input                - Registered new binding: Move Upwards - W
03:24:02.504 [JavaFX Application Thread] DEBUG Input                - Registered new binding: Move Down - S
03:24:02.504 [JavaFX Application Thread] DEBUG Input                - Registered new binding: Move Left - A
03:24:02.504 [JavaFX Application Thread] DEBUG Input                - Registered new binding: Move Right - D
03:24:02.504 [JavaFX Application Thread] DEBUG Input                - Registered new binding: Reload - R
03:24:02.505 [JavaFX Application Thread] DEBUG Input                - Registered new binding: Shoot - LMB
03:24:02.505 [JavaFX Application Thread] DEBUG Input                - Registered new binding: Switch Weapons - Q
03:24:02.506 [JavaFX Application Thread] DEBUG GameWorld            - Game world initialized
03:24:02.510 [JavaFX Application Thread] DEBUG FXGLAssetLoaderServi - Loading from file system: file:/C:/Users/acer/OneDrive/Desktop/git%20pull/CSS124L-FINAL-PROJECT/fp/target/classes/assets/textures/Interactables/vending_machine.png
03:24:02.517 [JavaFX Application Thread] DEBUG Input                - Registered new binding: Move Upwards - W
03:24:02.517 [JavaFX Application Thread] DEBUG Input                - Registered new binding: Move Down - S
03:24:02.517 [JavaFX Application Thread] DEBUG Input                - Registered new binding: Move Left - A
03:24:02.517 [JavaFX Application Thread] DEBUG Input                - Registered new binding: Move Right - D
03:24:02.517 [JavaFX Application Thread] DEBUG Input                - Registered new binding: Reload - R
03:24:02.517 [JavaFX Application Thread] DEBUG Input                - Registered new binding: Shoot - LMB
03:24:02.517 [JavaFX Application Thread] DEBUG Input                - Registered new binding: Switch Weapons - Q
03:24:02.518 [JavaFX Application Thread] DEBUG PrimaryStageWindow   - Pop state: PlayerCountMenu
03:24:02.518 [JavaFX Application Thread] DEBUG Input                - Clearing active input actions
03:24:02.518 [JavaFX Application Thread] DEBUG GameApplicationServi - Removing overlay from PlayerCountMenu and adding to PCM_BG
03:24:02.519 [JavaFX Application Thread] DEBUG PrimaryStageWindow   - PCM_BG <- PlayerCountMenu
03:24:02.519 [JavaFX Application Thread] DEBUG PrimaryStageWindow   - Pop state: PCM_BG
03:24:02.519 [JavaFX Application Thread] DEBUG Input                - Clearing active input actions
03:24:02.519 [JavaFX Application Thread] DEBUG GameApplicationServi - Removing overlay from PCM_BG and adding to GameScene
03:24:02.519 [JavaFX Application Thread] DEBUG PrimaryStageWindow   - GameScene <- PCM_BG
03:24:11.823 [JavaFX Application Thread] DEBUG FXGLApplication      - Exiting FXGL
03:24:11.823 [JavaFX Application Thread] DEBUG LoopRunner           - Stopping loop
03:24:11.823 [JavaFX Application Thread] DEBUG SystemBundleService  - Saving FXGL system data
03:24:11.824 [JavaFX Application Thread] DEBUG FileSystemAccess     - Writing to: C:\Users\acer\OneDrive\Desktop\git pull\CSS124L-FINAL-PROJECT\system\fxgl.bundle
03:24:11.824 [JavaFX Application Thread] DEBUG Async                - Shutting down background threads
03:24:11.825 [JavaFX Application Thread] DEBUG PrimaryStageWindow   - Closing main window
03:24:11.839 [JavaFX Application Thread] DEBUG Logger               - Closing Logger
