14:54:29.038 [main                     ] DEBUG Logger               - Configured Logger
14:54:29.064 [main                     ] DEBUG GameApplication      - Logging settings
Title: Flatline: Oregon
Version: Beta ?
Width: 800
Height: 600
Fullscreen: false
Intro: false
Profiling: false
Single step:false
App Mode: DEVELOPER
Menu Key: ESCAPE
Stage Style: DECORATED
Scene Factory: class com.groupfour.mygame.App$1

14:54:29.395 [JavaFX Application Thread] DEBUG FXGLApplication      - Initializing FXGL
14:54:29.397 [JavaFX Application Thread] INFO  Engine               - FXGL-dev-SNAPSHOT (28.07.2021 16.39) on WINDOWS (J:11.0.22 FX:16)
14:54:29.399 [JavaFX Application Thread] DEBUG Engine               - JRE Vendor Name: Oracle Corporation
14:54:29.399 [JavaFX Application Thread] DEBUG Engine               - Running on OS: Windows 11 version 10.0
14:54:29.399 [JavaFX Application Thread] DEBUG Engine               - Architecture: amd64
14:54:29.399 [JavaFX Application Thread] INFO  Engine               - Source code and latest versions at: https://github.com/AlmasB/FXGL
14:54:29.399 [JavaFX Application Thread] INFO  Engine               -              Join the FXGL chat at: https://gitter.im/AlmasB/FXGL
14:54:29.457 [JavaFX Application Thread] DEBUG PrimaryStageWindow   - Creating a JavaFX scene
14:54:29.499 [JavaFX Application Thread] DEBUG PrimaryStageWindow   - Target settings size: 800.0 x 600.0
14:54:29.500 [JavaFX Application Thread] DEBUG PrimaryStageWindow   - Scaled scene size:    800.0 x 600.0
14:54:29.500 [JavaFX Application Thread] DEBUG PrimaryStageWindow   - Scaled ratio: (1.0, 1.0)
14:54:29.500 [JavaFX Application Thread] DEBUG PrimaryStageWindow   - Set initial scene to FXGLStartupScene
14:54:29.506 [JavaFX Application Thread] DEBUG PrimaryStageWindow   - Opening main window
14:54:29.578 [JavaFX Application Thread] DEBUG PrimaryStageWindow   - Window border size: (14.4000244140625, 37.5999755859375)
14:54:29.578 [JavaFX Application Thread] DEBUG PrimaryStageWindow   - Scaled size: 800.0 x 600.0
14:54:29.578 [JavaFX Application Thread] DEBUG PrimaryStageWindow   - Scaled ratio: (1.0, 1.0)
14:54:29.578 [JavaFX Application Thread] DEBUG PrimaryStageWindow   - Scene size: 800.0 x 600.0
14:54:29.578 [JavaFX Application Thread] DEBUG PrimaryStageWindow   - Stage size: 814.4000244140625 x 637.5999755859375
14:54:29.582 [FXGL Background Thread 1 ] DEBUG Engine               - Initializing environment variables
14:54:29.619 [FXGL Background Thread 1 ] DEBUG FXGLAssetLoaderServi - User app class for loading assets: class com.groupfour.mygame.App
14:54:29.619 [FXGL Background Thread 1 ] DEBUG GameApplicationServi - Applying CSS: fxgl_dark.css
14:54:29.619 [FXGL Background Thread 1 ] DEBUG FXGLAssetLoaderServi - Loading from file system: jar:file:///C:/Users/acer/.m2/repository/com/github/almasb/fxgl/dev-SNAPSHOT/fxgl-dev-SNAPSHOT.jar!/fxglassets/ui/css/fxgl_dark.css
14:54:29.655 [FXGL Background Thread 1 ] DEBUG GameApplicationServi - Initializing application scenes
14:54:29.691 [FXGL Background Thread 1 ] DEBUG GameWorld            - Game world initialized
14:54:29.723 [FXGL Background Thread 1 ] DEBUG PhysicsWorld         - Physics world initialized: appHeight=600, physics.ppm=50.0
14:54:29.723 [FXGL Background Thread 1 ] DEBUG PhysicsWorld         - Using strategy: BRUTE_FORCE
14:54:29.727 [FXGL Background Thread 1 ] DEBUG GameScene            - Game scene initialized: 800x600
14:54:29.736 [FXGL Background Thread 1 ] DEBUG FXGL.DefaultMenu     - createMenuBodyMainMenu()
14:54:29.748 [FXGL Background Thread 1 ] DEBUG FXGL.DefaultMenu     - createOptionsMenu()
14:54:29.754 [FXGL Background Thread 1 ] DEBUG FXGLAssetLoaderServi - Loading from file system: jar:file:///C:/Users/acer/.m2/repository/com/github/almasb/fxgl/dev-SNAPSHOT/fxgl-dev-SNAPSHOT.jar!/fxglassets/textures/particles/smoke.png
14:54:29.820 [FXGL Background Thread 1 ] DEBUG FXGLAssetLoaderServi - Loading from file system: jar:file:///C:/Users/acer/.m2/repository/com/github/almasb/fxgl/dev-SNAPSHOT/fxgl-dev-SNAPSHOT.jar!/fxglassets/textures/particles/trace_horizontal.png
14:54:29.839 [FXGL Background Thread 1 ] DEBUG FXGLAssetLoaderServi - Loading from file system: file:/C:/Users/acer/OneDrive/Desktop/git%20pull/CSS124L-FINAL-PROJECT/fp/target/classes/assets/ui/fonts/PIXELADE.TTF
14:54:30.185 [FXGL Background Thread 1 ] DEBUG FXGLAssetLoaderServi - Loading from file system: file:/C:/Users/acer/OneDrive/Desktop/git%20pull/CSS124L-FINAL-PROJECT/fp/target/classes/assets/textures/spbtn.png
14:54:30.211 [FXGL Background Thread 1 ] DEBUG FXGLAssetLoaderServi - Loading from file system: file:/C:/Users/acer/OneDrive/Desktop/git%20pull/CSS124L-FINAL-PROJECT/fp/target/classes/assets/textures/mpbtn.png
14:54:30.217 [FXGL Background Thread 1 ] DEBUG FXGLAssetLoaderServi - Loading from file system: file:/C:/Users/acer/OneDrive/Desktop/git%20pull/CSS124L-FINAL-PROJECT/fp/target/classes/assets/textures/return.png
14:54:30.231 [FXGL Background Thread 1 ] DEBUG GameApplicationServi - Application scenes initialized
14:54:30.243 [FXGL Background Thread 1 ] DEBUG SystemBundleService  - Loading FXGL system data
14:54:30.250 [FXGL Background Thread 1 ] DEBUG FileSystemAccess     - Reading from: C:\Users\acer\OneDrive\Desktop\git pull\CSS124L-FINAL-PROJECT\system\fxgl.bundle
14:54:30.257 [FXGL Background Thread 1 ] DEBUG SystemBundleService  - Bundle FXGL: {}
14:54:30.258 [FXGL Background Thread 1 ] DEBUG UpdaterService       - Checking for updates
14:54:30.299 [FXGL Background Thread 1 ] DEBUG FXGLApplication      - Loading default localization
14:54:30.298 [FXGL Background Thread 4 ] DEBUG FXGLApplication      - Loading fonts
14:54:30.300 [FXGL Background Thread 4 ] DEBUG FXGLAssetLoaderServi - Loading from file system: jar:file:///C:/Users/acer/.m2/repository/com/github/almasb/fxgl/dev-SNAPSHOT/fxgl-dev-SNAPSHOT.jar!/fxglassets/ui/fonts/VarelaRound-Regular.ttf
14:54:30.301 [FXGL Background Thread 1 ] DEBUG FXGLAssetLoaderServi - Loading from file system: jar:file:///C:/Users/acer/.m2/repository/com/github/almasb/fxgl/dev-SNAPSHOT/fxgl-dev-SNAPSHOT.jar!/fxglassets/languages/english.lang
14:54:30.308 [FXGL Background Thread 4 ] DEBUG FXGLAssetLoaderServi - Loading from file system: jar:file:///C:/Users/acer/.m2/repository/com/github/almasb/fxgl/dev-SNAPSHOT/fxgl-dev-SNAPSHOT.jar!/fxglassets/ui/fonts/Abel-Regular.ttf
14:54:30.314 [FXGL Background Thread 4 ] DEBUG FXGLAssetLoaderServi - Loading from file system: jar:file:///C:/Users/acer/.m2/repository/com/github/almasb/fxgl/dev-SNAPSHOT/fxgl-dev-SNAPSHOT.jar!/fxglassets/ui/fonts/lucida_console.ttf
14:54:30.315 [FXGL Background Thread 1 ] INFO  FXGLApplication      - FXGL initialization took: 0.732 sec
14:54:30.324 [FXGL Background Thread 4 ] DEBUG FXGLAssetLoaderServi - Loading from file system: jar:file:///C:/Users/acer/.m2/repository/com/github/almasb/fxgl/dev-SNAPSHOT/fxgl-dev-SNAPSHOT.jar!/fxglassets/ui/fonts/Courier-Prime.ttf
14:54:30.326 [JavaFX Application Thread] DEBUG Input                - Registered new binding: Move Upwards - W
14:54:30.327 [JavaFX Application Thread] DEBUG Input                - Registered new binding: Move Down - S
14:54:30.327 [JavaFX Application Thread] DEBUG Input                - Registered new binding: Move Left - A
14:54:30.327 [JavaFX Application Thread] DEBUG Input                - Registered new binding: Move Right - D
14:54:30.327 [JavaFX Application Thread] DEBUG Input                - Registered new binding: Reload - R
14:54:30.329 [JavaFX Application Thread] DEBUG Input                - Registered new binding: Shoot - LMB
14:54:30.329 [JavaFX Application Thread] DEBUG Input                - Registered new binding: Switch Weapons - Q
14:54:30.329 [JavaFX Application Thread] DEBUG Input                - Registered new binding: Interact - F
14:54:30.330 [JavaFX Application Thread] DEBUG FXGLAssetLoaderServi - Loading from file system: file:/C:/Users/acer/OneDrive/Desktop/git%20pull/CSS124L-FINAL-PROJECT/fp/target/classes/assets/music/titleBGM.mp3
14:54:30.461 [JavaFX Application Thread] DEBUG AudioPlayer          - Playing music com.almasb.fxgl.audio.Music@761bd786
14:54:30.461 [JavaFX Application Thread] DEBUG FXGLAssetLoaderServi - Loading from file system: jar:file:///C:/Users/acer/.m2/repository/com/github/almasb/fxgl/dev-SNAPSHOT/fxgl-dev-SNAPSHOT.jar!/fxglassets/textures/fxgl_icon.png
14:54:30.469 [JavaFX Application Thread] DEBUG FXGLAssetLoaderServi - Loading from file system: jar:file:///C:/Users/acer/.m2/repository/com/github/almasb/fxgl/dev-SNAPSHOT/fxgl-dev-SNAPSHOT.jar!/fxglassets/textures/fxgl_default_cursor.png
14:54:30.470 [JavaFX Application Thread] DEBUG Input                - Registered new binding: Screenshot - CTRL+8
14:54:30.471 [JavaFX Application Thread] DEBUG Input                - Registered new binding: Dev Options - 1
14:54:30.472 [JavaFX Application Thread] DEBUG Input                - Registered new binding: Dev Console - 2
14:54:30.472 [JavaFX Application Thread] DEBUG Input                - Registered new binding: System info dump - CTRL+9
14:54:30.472 [JavaFX Application Thread] DEBUG Input                - Registered new binding: Restart - CTRL+R
14:54:30.473 [JavaFX Application Thread] DEBUG Input                - Registered new binding: Toggle Debug Camera - CTRL+C
14:54:30.474 [JavaFX Application Thread] DEBUG LoopRunner           - Starting loop
14:54:30.482 [JavaFX Application Thread] DEBUG LoopRunner           - Initializing JavaFX AnimationTimerLoop
14:54:30.484 [JavaFX Application Thread] DEBUG Input                - Clearing active input actions
14:54:30.498 [JavaFX Application Thread] DEBUG GameApplicationServi - Removing overlay from FXGLStartupScene and adding to FXGLMainMenuDummyScene
14:54:30.502 [JavaFX Application Thread] DEBUG PrimaryStageWindow   - FXGLStartupScene -> FXGLMainMenuDummyScene
14:54:30.502 [JavaFX Application Thread] DEBUG PrimaryStageWindow   - Push state: FXGLDefaultMenu
14:54:30.504 [JavaFX Application Thread] DEBUG Input                - Clearing active input actions
14:54:30.509 [JavaFX Application Thread] DEBUG GameApplicationServi - Removing overlay from FXGLMainMenuDummyScene and adding to FXGLDefaultMenu
14:54:30.510 [JavaFX Application Thread] DEBUG PrimaryStageWindow   - FXGLMainMenuDummyScene -> FXGLDefaultMenu
14:54:30.510 [JavaFX Application Thread] DEBUG FXGLApplication      - Registering font factories with UI factory
14:54:30.948 [FXGL Background Thread 2 ] INFO  UpdaterService       - Your current version:  dev-SNAPSHOT
14:54:30.951 [FXGL Background Thread 2 ] INFO  UpdaterService       - Latest stable version: 21.1
14:54:33.296 [FXGL Background Thread 3 ] DEBUG Engine               - Logging environment variables
14:54:33.296 [FXGL Background Thread 3 ] DEBUG Engine               - achievements: []
14:54:33.296 [FXGL Background Thread 3 ] DEBUG Engine               - actualHeight: 600.0
14:54:33.297 [FXGL Background Thread 3 ] DEBUG Engine               - actualHeightProperty: ReadOnlyDoubleProperty [value: 600.0]
14:54:33.297 [FXGL Background Thread 3 ] DEBUG Engine               - actualWidth: 800.0
14:54:33.297 [FXGL Background Thread 3 ] DEBUG Engine               - actualWidthProperty: ReadOnlyDoubleProperty [value: 800.0]
14:54:33.297 [FXGL Background Thread 3 ] DEBUG Engine               - appIcon: fxgl_icon.png
14:54:33.297 [FXGL Background Thread 3 ] DEBUG Engine               - applicationMode: DEVELOPER
14:54:33.297 [FXGL Background Thread 3 ] DEBUG Engine               - cSSList: [fxgl_dark.css]
14:54:33.297 [FXGL Background Thread 3 ] DEBUG Engine               - collisionDetectionStrategy: BRUTE_FORCE
14:54:33.297 [FXGL Background Thread 3 ] DEBUG Engine               - configClass: Optional.empty
14:54:33.297 [FXGL Background Thread 3 ] DEBUG Engine               - credits: []
14:54:33.297 [FXGL Background Thread 3 ] DEBUG Engine               - defaultCursor: CursorInfo(imageName=fxgl_default_cursor.png, hotspotX=7.0, hotspotY=6.0)
14:54:33.297 [FXGL Background Thread 3 ] DEBUG Engine               - devBBoxColorProperty: ObjectProperty [value: 0xff0000ff]
14:54:33.297 [FXGL Background Thread 3 ] DEBUG Engine               - devEnableDebugCameraProperty: BooleanProperty [value: false]
14:54:33.297 [FXGL Background Thread 3 ] DEBUG Engine               - devSensorColorProperty: ObjectProperty [value: 0xffff00ff]
14:54:33.297 [FXGL Background Thread 3 ] DEBUG Engine               - devShowBBoxProperty: BooleanProperty [value: false]
14:54:33.297 [FXGL Background Thread 3 ] DEBUG Engine               - devShowPositionProperty: BooleanProperty [value: false]
14:54:33.297 [FXGL Background Thread 3 ] DEBUG Engine               - enabledMenuItems: []
14:54:33.297 [FXGL Background Thread 3 ] DEBUG Engine               - engineServices: [class com.almasb.fxgl.app.services.FXGLAssetLoaderService, class com.almasb.fxgl.app.FXGLApplication$GameApplicationService, class com.almasb.fxgl.app.services.FXGLDialogService, class com.almasb.fxgl.app.services.IOTaskExecutorService, class com.almasb.fxgl.io.FileSystemService, class com.almasb.fxgl.localization.LocalizationService, class com.almasb.fxgl.app.services.SystemBundleService, class com.almasb.fxgl.profile.SaveLoadService, class com.almasb.fxgl.ui.FXGLUIFactoryServiceProvider, class com.almasb.fxgl.ui.FXGLDialogFactoryServiceProvider, class com.almasb.fxgl.audio.AudioPlayer, class com.almasb.fxgl.notification.impl.NotificationServiceProvider, class com.almasb.fxgl.achievement.AchievementService, class com.almasb.fxgl.cutscene.CutsceneService, class com.almasb.fxgl.minigames.MiniGameService, class com.almasb.fxgl.net.NetService, class com.almasb.fxgl.app.services.UpdaterService, class com.almasb.fxgl.dev.DevService, class com.almasb.fxgl.multiplayer.MultiplayerService]
14:54:33.297 [FXGL Background Thread 3 ] DEBUG Engine               - fontGame: Abel-Regular.ttf
14:54:33.297 [FXGL Background Thread 3 ] DEBUG Engine               - fontMono: lucida_console.ttf
14:54:33.297 [FXGL Background Thread 3 ] DEBUG Engine               - fontText: Courier-Prime.ttf
14:54:33.297 [FXGL Background Thread 3 ] DEBUG Engine               - fontUI: VarelaRound-Regular.ttf
14:54:33.297 [FXGL Background Thread 3 ] DEBUG Engine               - fullScreen: BooleanProperty [value: false]
14:54:33.297 [FXGL Background Thread 3 ] DEBUG Engine               - gameDifficulty: MEDIUM
14:54:33.298 [FXGL Background Thread 3 ] DEBUG Engine               - gameDifficultyProperty: ObjectProperty [value: MEDIUM]
14:54:33.298 [FXGL Background Thread 3 ] DEBUG Engine               - globalMusicVolume: 0.5
14:54:33.298 [FXGL Background Thread 3 ] DEBUG Engine               - globalMusicVolumeProperty: DoubleProperty [value: 0.5]
14:54:33.298 [FXGL Background Thread 3 ] DEBUG Engine               - globalSoundVolume: 0.5
14:54:33.298 [FXGL Background Thread 3 ] DEBUG Engine               - globalSoundVolumeProperty: DoubleProperty [value: 0.5]
14:54:33.298 [FXGL Background Thread 3 ] DEBUG Engine               - height: 600
14:54:33.298 [FXGL Background Thread 3 ] DEBUG Engine               - is3D: false
14:54:33.298 [FXGL Background Thread 3 ] DEBUG Engine               - isAndroid: false
14:54:33.298 [FXGL Background Thread 3 ] DEBUG Engine               - isBrowser: false
14:54:33.298 [FXGL Background Thread 3 ] DEBUG Engine               - isClickFeedbackEnabled: false
14:54:33.298 [FXGL Background Thread 3 ] DEBUG Engine               - isCloseConfirmation: false
14:54:33.299 [FXGL Background Thread 3 ] DEBUG Engine               - isDesktop: true
14:54:33.299 [FXGL Background Thread 3 ] DEBUG Engine               - isDeveloperMenuEnabled: true
14:54:33.299 [FXGL Background Thread 3 ] DEBUG Engine               - isEmbedded: false
14:54:33.299 [FXGL Background Thread 3 ] DEBUG Engine               - isEntityPreloadEnabled: true
14:54:33.299 [FXGL Background Thread 3 ] DEBUG Engine               - isExperimentalTiledLargeMap: false
14:54:33.299 [FXGL Background Thread 3 ] DEBUG Engine               - isFileSystemWriteAllowed: true
14:54:33.299 [FXGL Background Thread 3 ] DEBUG Engine               - isFullScreenAllowed: false
14:54:33.299 [FXGL Background Thread 3 ] DEBUG Engine               - isFullScreenFromStart: false
14:54:33.299 [FXGL Background Thread 3 ] DEBUG Engine               - isGameMenuEnabled: true
14:54:33.299 [FXGL Background Thread 3 ] DEBUG Engine               - isIOS: false
14:54:33.299 [FXGL Background Thread 3 ] DEBUG Engine               - isIntroEnabled: false
14:54:33.299 [FXGL Background Thread 3 ] DEBUG Engine               - isLinux: false
14:54:33.299 [FXGL Background Thread 3 ] DEBUG Engine               - isMac: false
14:54:33.299 [FXGL Background Thread 3 ] DEBUG Engine               - isMainMenuEnabled: true
14:54:33.299 [FXGL Background Thread 3 ] DEBUG Engine               - isManualResizeEnabled: false
14:54:33.300 [FXGL Background Thread 3 ] DEBUG Engine               - isMobile: false
14:54:33.300 [FXGL Background Thread 3 ] DEBUG Engine               - isNative: false
14:54:33.300 [FXGL Background Thread 3 ] DEBUG Engine               - isPauseMusicWhenMinimized: true
14:54:33.300 [FXGL Background Thread 3 ] DEBUG Engine               - isPreserveResizeRatio: false
14:54:33.300 [FXGL Background Thread 3 ] DEBUG Engine               - isProfilingEnabled: false
14:54:33.300 [FXGL Background Thread 3 ] DEBUG Engine               - isScaleAffectedOnResize: true
14:54:33.300 [FXGL Background Thread 3 ] DEBUG Engine               - isSingleStep: false
14:54:33.300 [FXGL Background Thread 3 ] DEBUG Engine               - isUserProfileEnabled: false
14:54:33.300 [FXGL Background Thread 3 ] DEBUG Engine               - isWindows: true
14:54:33.300 [FXGL Background Thread 3 ] DEBUG Engine               - language: ObjectProperty [value: ENGLISH]
14:54:33.300 [FXGL Background Thread 3 ] DEBUG Engine               - menuKey: ESCAPE
14:54:33.300 [FXGL Background Thread 3 ] DEBUG Engine               - mouseSensitivity: 0.2
14:54:33.300 [FXGL Background Thread 3 ] DEBUG Engine               - notificationViewClass: class com.almasb.fxgl.notification.view.XboxNotificationView
14:54:33.300 [FXGL Background Thread 3 ] DEBUG Engine               - pixelsPerMeter: 50.0
14:54:33.300 [FXGL Background Thread 3 ] DEBUG Engine               - platform: WINDOWS
14:54:33.300 [FXGL Background Thread 3 ] DEBUG Engine               - prefHeightProperty: ReadOnlyDoubleProperty [value: 600.0]
14:54:33.300 [FXGL Background Thread 3 ] DEBUG Engine               - prefWidthProperty: ReadOnlyDoubleProperty [value: 800.0]
14:54:33.300 [FXGL Background Thread 3 ] DEBUG Engine               - profileDir: profiles/
14:54:33.300 [FXGL Background Thread 3 ] DEBUG Engine               - profileName: StringProperty [value: DEFAULT]
14:54:33.300 [FXGL Background Thread 3 ] DEBUG Engine               - randomSeed: -1
14:54:33.300 [FXGL Background Thread 3 ] DEBUG Engine               - runtimeInfo: RuntimeInfo(platform=WINDOWS, version=dev-SNAPSHOT, build=28.07.2021 16.39)
14:54:33.300 [FXGL Background Thread 3 ] DEBUG Engine               - saveFileExt: sav
14:54:33.300 [FXGL Background Thread 3 ] DEBUG Engine               - scaledHeightProp$fxgl: DoubleProperty [bound, value: 600.0]
14:54:33.300 [FXGL Background Thread 3 ] DEBUG Engine               - scaledWidthProp$fxgl: DoubleProperty [bound, value: 800.0]
14:54:33.300 [FXGL Background Thread 3 ] DEBUG Engine               - sceneFactory: com.groupfour.mygame.App$1@5510c555
14:54:33.300 [FXGL Background Thread 3 ] DEBUG Engine               - secondsIn24h: 60
14:54:33.300 [FXGL Background Thread 3 ] DEBUG Engine               - soundMenuBack: menu/back.wav
14:54:33.300 [FXGL Background Thread 3 ] DEBUG Engine               - soundMenuPress: titleSelect.mp3
14:54:33.300 [FXGL Background Thread 3 ] DEBUG Engine               - soundMenuSelect: menu/select.wav
14:54:33.300 [FXGL Background Thread 3 ] DEBUG Engine               - soundNotification: core/notification.wav
14:54:33.300 [FXGL Background Thread 3 ] DEBUG Engine               - stageStyle: DECORATED
14:54:33.301 [FXGL Background Thread 3 ] DEBUG Engine               - supportedLanguages: [ENGLISH, FRENCH, GERMAN, HUNGARIAN, RUSSIAN]
14:54:33.301 [FXGL Background Thread 3 ] DEBUG Engine               - ticksPerSecond: -1
14:54:33.301 [FXGL Background Thread 3 ] DEBUG Engine               - title: Flatline: Oregon
14:54:33.301 [FXGL Background Thread 3 ] DEBUG Engine               - urlGithub: https://github.com/AlmasB/FXGL
14:54:33.301 [FXGL Background Thread 3 ] DEBUG Engine               - urlLeaderboard: http://fxgl-top.herokuapp.com/
14:54:33.301 [FXGL Background Thread 3 ] DEBUG Engine               - urlPOM: https://raw.githubusercontent.com/AlmasB/FXGL/release/README.md
14:54:33.301 [FXGL Background Thread 3 ] DEBUG Engine               - userAppClass: class com.groupfour.mygame.App
14:54:33.301 [FXGL Background Thread 3 ] DEBUG Engine               - version: Beta ?
14:54:33.301 [FXGL Background Thread 3 ] DEBUG Engine               - versionCheckDays: 7
14:54:33.301 [FXGL Background Thread 3 ] DEBUG Engine               - width: 800
14:54:33.301 [FXGL Background Thread 3 ] DEBUG Engine               - Logging services
14:54:33.301 [FXGL Background Thread 3 ] DEBUG Engine               - class com.almasb.fxgl.app.services.FXGLAssetLoaderService
14:54:33.301 [FXGL Background Thread 3 ] DEBUG Engine               - class com.almasb.fxgl.app.FXGLApplication$GameApplicationService
14:54:33.301 [FXGL Background Thread 3 ] DEBUG Engine               - class com.almasb.fxgl.app.services.FXGLDialogService
14:54:33.301 [FXGL Background Thread 3 ] DEBUG Engine               - class com.almasb.fxgl.app.services.IOTaskExecutorService
14:54:33.301 [FXGL Background Thread 3 ] DEBUG Engine               - class com.almasb.fxgl.io.FileSystemService
14:54:33.301 [FXGL Background Thread 3 ] DEBUG Engine               - class com.almasb.fxgl.localization.LocalizationService
14:54:33.301 [FXGL Background Thread 3 ] DEBUG Engine               - class com.almasb.fxgl.app.services.SystemBundleService
14:54:33.301 [FXGL Background Thread 3 ] DEBUG Engine               - class com.almasb.fxgl.profile.SaveLoadService
14:54:33.301 [FXGL Background Thread 3 ] DEBUG Engine               - class com.almasb.fxgl.ui.FXGLUIFactoryServiceProvider
14:54:33.301 [FXGL Background Thread 3 ] DEBUG Engine               - class com.almasb.fxgl.ui.FXGLDialogFactoryServiceProvider
14:54:33.301 [FXGL Background Thread 3 ] DEBUG Engine               - class com.almasb.fxgl.audio.AudioPlayer
14:54:33.301 [FXGL Background Thread 3 ] DEBUG Engine               - class com.almasb.fxgl.notification.impl.NotificationServiceProvider
14:54:33.301 [FXGL Background Thread 3 ] DEBUG Engine               - class com.almasb.fxgl.achievement.AchievementService
14:54:33.301 [FXGL Background Thread 3 ] DEBUG Engine               - class com.almasb.fxgl.cutscene.CutsceneService
14:54:33.301 [FXGL Background Thread 3 ] DEBUG Engine               - class com.almasb.fxgl.minigames.MiniGameService
14:54:33.301 [FXGL Background Thread 3 ] DEBUG Engine               - class com.almasb.fxgl.net.NetService
14:54:33.301 [FXGL Background Thread 3 ] DEBUG Engine               - class com.almasb.fxgl.app.services.UpdaterService
14:54:33.301 [FXGL Background Thread 3 ] DEBUG Engine               - class com.almasb.fxgl.dev.DevService
14:54:33.301 [FXGL Background Thread 3 ] DEBUG Engine               - class com.almasb.fxgl.multiplayer.MultiplayerService
14:54:34.008 [JavaFX Application Thread] DEBUG Menu                 - fireNewGame()
14:54:34.008 [JavaFX Application Thread] DEBUG GameApplicationServi - Starting new game
14:54:34.009 [JavaFX Application Thread] DEBUG PrimaryStageWindow   - Pop state: FXGLDefaultMenu
14:54:34.009 [JavaFX Application Thread] DEBUG Input                - Clearing active input actions
14:54:34.011 [JavaFX Application Thread] DEBUG GameApplicationServi - Removing overlay from FXGLDefaultMenu and adding to FXGLMainMenuDummyScene
14:54:34.011 [JavaFX Application Thread] DEBUG PrimaryStageWindow   - FXGLMainMenuDummyScene <- FXGLDefaultMenu
14:54:34.012 [JavaFX Application Thread] DEBUG Input                - Clearing active input actions
14:54:34.016 [JavaFX Application Thread] DEBUG GameApplicationServi - Removing overlay from FXGLMainMenuDummyScene and adding to FXGLLoadingScene
14:54:34.016 [JavaFX Application Thread] DEBUG PrimaryStageWindow   - FXGLMainMenuDummyScene -> FXGLLoadingScene
14:54:34.017 [JavaFX Application Thread] DEBUG GameApplicationServi - Clearing previous game
14:54:34.017 [JavaFX Application Thread] DEBUG GameScene            - Clearing game scene
14:54:34.017 [JavaFX Application Thread] DEBUG GameWorld            - Clearing game world
14:54:34.017 [JavaFX Application Thread] DEBUG PhysicsWorld         - Clearing physics world
14:54:34.018 [FXGL Background Thread 2 ] DEBUG FXGLApplication      - Initializing game
14:54:34.062 [FXGL Background Thread 2 ] WARN  TMXLevelLoader       - TiledMap generated from 1.11.0. Supported version: 1.2.3. Some features may not be parsed fully.
14:54:34.086 [FXGL Background Thread 2 ] DEBUG TMXLevelLoader       - Parsed TiledMap: file:/C:/Users/acer/OneDrive/Desktop/git%20pull/CSS124L-FINAL-PROJECT/fp/target/classes/assets/levels/Warehouse.tmx
14:54:34.087 [FXGL Background Thread 2 ] DEBUG TMXLevelLoader       - Creating tile layer entities
14:54:34.088 [FXGL Background Thread 2 ] DEBUG TilesetLoader        - Loading view for layer Floor
14:54:34.098 [FXGL Background Thread 2 ] DEBUG TilesetLoader        - Created buffer with size 2240.0x1600.0
14:54:34.111 [FXGL Background Thread 2 ] DEBUG TilesetLoader        - Loading view for layer Wall
14:54:34.120 [FXGL Background Thread 2 ] DEBUG TilesetLoader        - Created buffer with size 2240.0x1600.0
14:54:34.137 [FXGL Background Thread 2 ] DEBUG TilesetLoader        - Loading view for layer Props
14:54:34.143 [FXGL Background Thread 2 ] DEBUG TilesetLoader        - Created buffer with size 2240.0x1600.0
14:54:34.163 [FXGL Background Thread 2 ] DEBUG TMXLevelLoader       - Creating object layer entities
14:54:34.187 [FXGL Background Thread 2 ] DEBUG GameWorld            - Clearing removable entities
14:54:34.188 [FXGL Background Thread 2 ] DEBUG GameWorld            - Setting level: com.almasb.fxgl.entity.level.Level@3ac9c122
14:54:34.201 [FXGL Background Thread 2 ] INFO  FXGLApplication      - Game initialization took: 0.183 sec
14:54:34.202 [JavaFX Application Thread] DEBUG Input                - Clearing active input actions
14:54:34.206 [JavaFX Application Thread] DEBUG GameApplicationServi - Removing overlay from FXGLLoadingScene and adding to GameScene
14:54:34.208 [JavaFX Application Thread] DEBUG PrimaryStageWindow   - FXGLLoadingScene -> GameScene
14:54:34.209 [JavaFX Application Thread] DEBUG FXGLAssetLoaderServi - Loading from file system: file:/C:/Users/acer/OneDrive/Desktop/git%20pull/CSS124L-FINAL-PROJECT/fp/target/classes/assets/textures/Interactables/microwave_close.png
14:54:34.210 [JavaFX Application Thread] DEBUG PrimaryStageWindow   - Push state: PCM_BG
14:54:34.210 [JavaFX Application Thread] DEBUG Input                - Clearing active input actions
14:54:34.210 [JavaFX Application Thread] DEBUG GameApplicationServi - Removing overlay from GameScene and adding to PCM_BG
14:54:34.210 [JavaFX Application Thread] DEBUG PrimaryStageWindow   - GameScene -> PCM_BG
14:54:34.215 [JavaFX Application Thread] DEBUG PrimaryStageWindow   - Push state: PlayerCountMenu
14:54:34.215 [JavaFX Application Thread] DEBUG Input                - Clearing active input actions
14:54:34.215 [JavaFX Application Thread] DEBUG GameApplicationServi - Removing overlay from PCM_BG and adding to PlayerCountMenu
14:54:34.218 [JavaFX Application Thread] DEBUG PrimaryStageWindow   - PCM_BG -> PlayerCountMenu
14:54:34.845 [JavaFX Application Thread] DEBUG PrimaryStageWindow   - Push state: DialogSubScene
14:54:34.845 [JavaFX Application Thread] DEBUG Input                - Clearing active input actions
14:54:34.845 [JavaFX Application Thread] DEBUG GameApplicationServi - Removing overlay from PlayerCountMenu and adding to DialogSubScene
14:54:34.846 [JavaFX Application Thread] DEBUG PrimaryStageWindow   - PlayerCountMenu -> DialogSubScene
14:54:35.129 [JavaFX Application Thread] DEBUG PrimaryStageWindow   - Pop state: DialogSubScene
14:54:35.129 [JavaFX Application Thread] DEBUG Input                - Clearing active input actions
14:54:35.129 [JavaFX Application Thread] DEBUG GameApplicationServi - Removing overlay from DialogSubScene and adding to PlayerCountMenu
14:54:35.130 [JavaFX Application Thread] DEBUG PrimaryStageWindow   - PlayerCountMenu <- DialogSubScene
14:54:35.130 [JavaFX Application Thread] DEBUG AudioPlayer          - Stopping music com.almasb.fxgl.audio.Music@761bd786
14:54:35.170 [JavaFX Application Thread] DEBUG FXGLAssetLoaderServi - Loading from file system: file:/C:/Users/acer/OneDrive/Desktop/git%20pull/CSS124L-FINAL-PROJECT/fp/target/classes/assets/textures/Interactables/vending_machine.png
14:54:35.179 [ServerAsyncConnThread    ] DEBUG TCPServer            - Starting to listen at: 55555 type: class com.almasb.fxgl.core.serialization.Bundle
14:54:36.056 [ServerAsyncConnThread    ] DEBUG Endpoint             - TCPServer opening new connection (1) from /127.0.0.1:63169 type: class com.almasb.fxgl.core.serialization.Bundle
14:54:36.059 [ServerAsyncConnThread    ] DEBUG Endpoint             - TCPServer successfully opened connection (1)
14:54:36.060 [JavaFX Application Thread] DEBUG PrimaryStageWindow   - Pop state: PlayerCountMenu
14:54:36.061 [JavaFX Application Thread] DEBUG Input                - Clearing active input actions
14:54:36.061 [JavaFX Application Thread] DEBUG GameApplicationServi - Removing overlay from PlayerCountMenu and adding to PCM_BG
14:54:36.062 [JavaFX Application Thread] DEBUG PrimaryStageWindow   - PCM_BG <- PlayerCountMenu
14:54:36.063 [JavaFX Application Thread] DEBUG PrimaryStageWindow   - Pop state: PCM_BG
14:54:36.063 [JavaFX Application Thread] DEBUG Input                - Clearing active input actions
14:54:36.064 [JavaFX Application Thread] DEBUG GameApplicationServi - Removing overlay from PCM_BG and adding to GameScene
14:54:36.064 [JavaFX Application Thread] DEBUG PrimaryStageWindow   - GameScene <- PCM_BG
14:54:36.065 [TCPServer_SendThread-1   ] DEBUG Writers              - Getting TCPMessageWriter for class com.almasb.fxgl.core.serialization.Bundle
14:54:36.066 [TCPServer_RecvThread-1   ] DEBUG Readers              - Getting TCPMessageReader for class com.almasb.fxgl.core.serialization.Bundle
14:54:36.067 [TCPServer_RecvThread-1   ] DEBUG Readers              - Constructed MessageReader for class com.almasb.fxgl.core.serialization.Bundle: BundleTCPMessageReader
14:54:36.067 [TCPServer_SendThread-1   ] DEBUG Writers              - Constructed TCPMessageWriter for class com.almasb.fxgl.core.serialization.Bundle: BundleTCPMessageWriter
14:54:36.072 [JavaFX Application Thread] DEBUG FXGLAssetLoaderServi - Loading from file system: file:/C:/Users/acer/OneDrive/Desktop/git%20pull/CSS124L-FINAL-PROJECT/fp/target/classes/assets/sounds/Reload.mp3
14:54:36.079 [JavaFX Application Thread] DEBUG FXGLAssetLoaderServi - Loading from file system: file:/C:/Users/acer/OneDrive/Desktop/git%20pull/CSS124L-FINAL-PROJECT/fp/target/classes/assets/sounds/BerettaM9_Shoot.mp3
14:54:36.085 [JavaFX Application Thread] DEBUG FXGLAssetLoaderServi - Loading from file system: file:/C:/Users/acer/OneDrive/Desktop/git%20pull/CSS124L-FINAL-PROJECT/fp/target/classes/assets/textures/Weapons/Idle/BerettaM9_Idle.png
14:54:36.086 [JavaFX Application Thread] DEBUG FXGLAssetLoaderServi - Loading from file system: file:/C:/Users/acer/OneDrive/Desktop/git%20pull/CSS124L-FINAL-PROJECT/fp/target/classes/assets/textures/Weapons/Shooting/BerettaM9_Shooting.png
14:54:36.090 [JavaFX Application Thread] DEBUG FXGLAssetLoaderServi - Loading from file system: file:/C:/Users/acer/OneDrive/Desktop/git%20pull/CSS124L-FINAL-PROJECT/fp/target/classes/assets/textures/Players/1P_Shoot.png
14:54:36.096 [JavaFX Application Thread] DEBUG Input                - Registered new binding: Move Upwards - W
14:54:36.096 [JavaFX Application Thread] DEBUG Input                - Registered new binding: Move Down - S
14:54:36.096 [JavaFX Application Thread] DEBUG Input                - Registered new binding: Move Left - A
14:54:36.096 [JavaFX Application Thread] DEBUG Input                - Registered new binding: Move Right - D
14:54:36.096 [JavaFX Application Thread] DEBUG Input                - Registered new binding: Reload - R
14:54:36.096 [JavaFX Application Thread] DEBUG Input                - Registered new binding: Shoot - LMB
14:54:36.097 [JavaFX Application Thread] DEBUG Input                - Registered new binding: Switch Weapons - Q
14:54:39.705 [TCPServer_RecvThread-1   ] DEBUG Endpoint             - Connection 1 was unexpectedly disconnected: Connection reset
14:54:39.705 [TCPServer_RecvThread-1   ] DEBUG Connection           - Closing connection 1
14:54:39.706 [TCPServer_RecvThread-1   ] DEBUG Connection           - Connection 1 was correctly closed from local endpoint.
14:54:39.706 [TCPServer_RecvThread-1   ] DEBUG Endpoint             - TCPServer connection (1) was closed
14:54:39.759 [JavaFX Application Thread] DEBUG FXGLApplication      - Exiting FXGL
14:54:39.759 [JavaFX Application Thread] DEBUG LoopRunner           - Stopping loop
14:54:39.759 [JavaFX Application Thread] DEBUG SystemBundleService  - Saving FXGL system data
14:54:39.761 [JavaFX Application Thread] DEBUG FileSystemAccess     - Writing to: C:\Users\acer\OneDrive\Desktop\git pull\CSS124L-FINAL-PROJECT\system\fxgl.bundle
14:54:39.762 [JavaFX Application Thread] DEBUG Async                - Shutting down background threads
14:54:39.762 [JavaFX Application Thread] DEBUG PrimaryStageWindow   - Closing main window
14:54:39.773 [JavaFX Application Thread] DEBUG Logger               - Closing Logger
