23:10:02.341 [main                     ] DEBUG Logger               - Configured Logger
23:10:02.362 [main                     ] DEBUG GameApplication      - Logging settings
Title: Flatline: Oregon
Version: Alpha 0.3
Width: 800
Height: 600
Fullscreen: false
Intro: false
Profiling: false
Single step:false
App Mode: DEVELOPER
Menu Key: ESCAPE
Stage Style: DECORATED
Scene Factory: class com.groupfour.mygame.App$1

23:10:02.658 [JavaFX Application Thread] DEBUG FXGLApplication      - Initializing FXGL
23:10:02.660 [JavaFX Application Thread] INFO  Engine               - FXGL-dev-SNAPSHOT (28.07.2021 16.39) on WINDOWS (J:11.0.22 FX:16)
23:10:02.660 [JavaFX Application Thread] DEBUG Engine               - JRE Vendor Name: Oracle Corporation
23:10:02.660 [JavaFX Application Thread] DEBUG Engine               - Running on OS: Windows 11 version 10.0
23:10:02.660 [JavaFX Application Thread] DEBUG Engine               - Architecture: amd64
23:10:02.660 [JavaFX Application Thread] INFO  Engine               - Source code and latest versions at: https://github.com/AlmasB/FXGL
23:10:02.662 [JavaFX Application Thread] INFO  Engine               -              Join the FXGL chat at: https://gitter.im/AlmasB/FXGL
23:10:02.717 [JavaFX Application Thread] DEBUG PrimaryStageWindow   - Creating a JavaFX scene
23:10:02.760 [JavaFX Application Thread] DEBUG PrimaryStageWindow   - Target settings size: 800.0 x 600.0
23:10:02.760 [JavaFX Application Thread] DEBUG PrimaryStageWindow   - Scaled scene size:    800.0 x 600.0
23:10:02.760 [JavaFX Application Thread] DEBUG PrimaryStageWindow   - Scaled ratio: (1.0, 1.0)
23:10:02.762 [JavaFX Application Thread] DEBUG PrimaryStageWindow   - Set initial scene to FXGLStartupScene
23:10:02.767 [JavaFX Application Thread] DEBUG PrimaryStageWindow   - Opening main window
23:10:02.848 [JavaFX Application Thread] DEBUG PrimaryStageWindow   - Window border size: (14.4000244140625, 37.5999755859375)
23:10:02.848 [JavaFX Application Thread] DEBUG PrimaryStageWindow   - Scaled size: 800.0 x 600.0
23:10:02.848 [JavaFX Application Thread] DEBUG PrimaryStageWindow   - Scaled ratio: (1.0, 1.0)
23:10:02.848 [JavaFX Application Thread] DEBUG PrimaryStageWindow   - Scene size: 800.0 x 600.0
23:10:02.848 [JavaFX Application Thread] DEBUG PrimaryStageWindow   - Stage size: 814.4000244140625 x 637.5999755859375
23:10:02.853 [FXGL Background Thread 1 ] DEBUG Engine               - Initializing environment variables
23:10:02.893 [FXGL Background Thread 1 ] DEBUG FXGLAssetLoaderServi - User app class for loading assets: class com.groupfour.mygame.App
23:10:02.893 [FXGL Background Thread 1 ] DEBUG GameApplicationServi - Applying CSS: fxgl_dark.css
23:10:02.894 [FXGL Background Thread 1 ] DEBUG FXGLAssetLoaderServi - Loading from file system: jar:file:///C:/Users/acer/.m2/repository/com/github/almasb/fxgl/dev-SNAPSHOT/fxgl-dev-SNAPSHOT.jar!/fxglassets/ui/css/fxgl_dark.css
23:10:02.924 [FXGL Background Thread 1 ] DEBUG GameApplicationServi - Initializing application scenes
23:10:02.956 [FXGL Background Thread 1 ] DEBUG GameWorld            - Game world initialized
23:10:02.987 [FXGL Background Thread 1 ] DEBUG PhysicsWorld         - Physics world initialized: appHeight=600, physics.ppm=50.0
23:10:02.988 [FXGL Background Thread 1 ] DEBUG PhysicsWorld         - Using strategy: BRUTE_FORCE
23:10:02.990 [FXGL Background Thread 1 ] DEBUG GameScene            - Game scene initialized: 800x600
23:10:02.999 [FXGL Background Thread 1 ] DEBUG FXGL.DefaultMenu     - createMenuBodyMainMenu()
23:10:03.012 [FXGL Background Thread 1 ] DEBUG FXGL.DefaultMenu     - createOptionsMenu()
23:10:03.021 [FXGL Background Thread 1 ] DEBUG FXGLAssetLoaderServi - Loading from file system: jar:file:///C:/Users/acer/.m2/repository/com/github/almasb/fxgl/dev-SNAPSHOT/fxgl-dev-SNAPSHOT.jar!/fxglassets/textures/particles/smoke.png
23:10:03.094 [FXGL Background Thread 1 ] DEBUG FXGLAssetLoaderServi - Loading from file system: jar:file:///C:/Users/acer/.m2/repository/com/github/almasb/fxgl/dev-SNAPSHOT/fxgl-dev-SNAPSHOT.jar!/fxglassets/textures/particles/trace_horizontal.png
23:10:03.120 [FXGL Background Thread 1 ] DEBUG GameApplicationServi - Application scenes initialized
23:10:03.129 [FXGL Background Thread 1 ] DEBUG SystemBundleService  - Loading FXGL system data
23:10:03.132 [FXGL Background Thread 1 ] DEBUG FileSystemAccess     - Reading from: C:\Users\acer\OneDrive\Desktop\git pull\CSS124L-FINAL-PROJECT\system\fxgl.bundle
23:10:03.136 [FXGL Background Thread 1 ] DEBUG SystemBundleService  - Bundle FXGL: {}
23:10:03.136 [FXGL Background Thread 1 ] DEBUG UpdaterService       - Checking for updates
23:10:03.156 [FXGL Background Thread 4 ] DEBUG FXGLApplication      - Loading fonts
23:10:03.157 [FXGL Background Thread 1 ] DEBUG FXGLApplication      - Loading default localization
23:10:03.157 [FXGL Background Thread 4 ] DEBUG FXGLAssetLoaderServi - Loading from file system: jar:file:///C:/Users/acer/.m2/repository/com/github/almasb/fxgl/dev-SNAPSHOT/fxgl-dev-SNAPSHOT.jar!/fxglassets/ui/fonts/VarelaRound-Regular.ttf
23:10:03.158 [FXGL Background Thread 1 ] DEBUG FXGLAssetLoaderServi - Loading from file system: jar:file:///C:/Users/acer/.m2/repository/com/github/almasb/fxgl/dev-SNAPSHOT/fxgl-dev-SNAPSHOT.jar!/fxglassets/languages/english.lang
23:10:03.172 [FXGL Background Thread 1 ] INFO  FXGLApplication      - FXGL initialization took: 0.318 sec
23:10:03.181 [JavaFX Application Thread] DEBUG Input                - Registered new binding: Move Upwards - W
23:10:03.181 [JavaFX Application Thread] DEBUG Input                - Registered new binding: Move Down - S
23:10:03.181 [JavaFX Application Thread] DEBUG Input                - Registered new binding: Move Left - A
23:10:03.182 [JavaFX Application Thread] DEBUG Input                - Registered new binding: Move Right - D
23:10:03.182 [JavaFX Application Thread] DEBUG Input                - Registered new binding: Reload - R
23:10:03.182 [JavaFX Application Thread] DEBUG Input                - Registered new binding: Shoot - LMB
23:10:03.183 [JavaFX Application Thread] DEBUG Input                - Registered new binding: Switch Weapons - Q
23:10:03.183 [JavaFX Application Thread] DEBUG Input                - Registered new binding: Interact - F
23:10:03.183 [JavaFX Application Thread] DEBUG FXGLAssetLoaderServi - Loading from file system: jar:file:///C:/Users/acer/.m2/repository/com/github/almasb/fxgl/dev-SNAPSHOT/fxgl-dev-SNAPSHOT.jar!/fxglassets/textures/fxgl_icon.png
23:10:03.201 [JavaFX Application Thread] DEBUG FXGLAssetLoaderServi - Loading from file system: jar:file:///C:/Users/acer/.m2/repository/com/github/almasb/fxgl/dev-SNAPSHOT/fxgl-dev-SNAPSHOT.jar!/fxglassets/textures/fxgl_default_cursor.png
23:10:03.202 [JavaFX Application Thread] DEBUG Input                - Registered new binding: Screenshot - CTRL+8
23:10:03.203 [JavaFX Application Thread] DEBUG Input                - Registered new binding: Dev Options - 1
23:10:03.203 [JavaFX Application Thread] DEBUG Input                - Registered new binding: Dev Console - 2
23:10:03.203 [JavaFX Application Thread] DEBUG Input                - Registered new binding: System info dump - CTRL+9
23:10:03.203 [JavaFX Application Thread] DEBUG Input                - Registered new binding: Restart - CTRL+R
23:10:03.204 [JavaFX Application Thread] DEBUG Input                - Registered new binding: Toggle Debug Camera - CTRL+C
23:10:03.205 [JavaFX Application Thread] DEBUG LoopRunner           - Starting loop
23:10:03.216 [JavaFX Application Thread] DEBUG LoopRunner           - Initializing JavaFX AnimationTimerLoop
23:10:03.218 [JavaFX Application Thread] DEBUG Input                - Clearing active input actions
23:10:03.225 [JavaFX Application Thread] DEBUG GameApplicationServi - Removing overlay from FXGLStartupScene and adding to FXGLMainMenuDummyScene
23:10:03.228 [JavaFX Application Thread] DEBUG PrimaryStageWindow   - FXGLStartupScene -> FXGLMainMenuDummyScene
23:10:03.230 [JavaFX Application Thread] DEBUG PrimaryStageWindow   - Push state: FXGLDefaultMenu
23:10:03.233 [JavaFX Application Thread] DEBUG Input                - Clearing active input actions
23:10:03.239 [JavaFX Application Thread] DEBUG GameApplicationServi - Removing overlay from FXGLMainMenuDummyScene and adding to FXGLDefaultMenu
23:10:03.240 [JavaFX Application Thread] DEBUG PrimaryStageWindow   - FXGLMainMenuDummyScene -> FXGLDefaultMenu
23:10:03.525 [FXGL Background Thread 4 ] DEBUG FXGLAssetLoaderServi - Loading from file system: jar:file:///C:/Users/acer/.m2/repository/com/github/almasb/fxgl/dev-SNAPSHOT/fxgl-dev-SNAPSHOT.jar!/fxglassets/ui/fonts/Abel-Regular.ttf
23:10:03.532 [FXGL Background Thread 4 ] DEBUG FXGLAssetLoaderServi - Loading from file system: jar:file:///C:/Users/acer/.m2/repository/com/github/almasb/fxgl/dev-SNAPSHOT/fxgl-dev-SNAPSHOT.jar!/fxglassets/ui/fonts/lucida_console.ttf
23:10:03.536 [FXGL Background Thread 4 ] DEBUG FXGLAssetLoaderServi - Loading from file system: jar:file:///C:/Users/acer/.m2/repository/com/github/almasb/fxgl/dev-SNAPSHOT/fxgl-dev-SNAPSHOT.jar!/fxglassets/ui/fonts/Courier-Prime.ttf
23:10:03.549 [JavaFX Application Thread] DEBUG FXGLApplication      - Registering font factories with UI factory
23:10:03.738 [JavaFX Application Thread] DEBUG Menu                 - fireNewGame()
23:10:03.739 [JavaFX Application Thread] DEBUG GameApplicationServi - Starting new game
23:10:03.747 [JavaFX Application Thread] DEBUG PrimaryStageWindow   - Pop state: FXGLDefaultMenu
23:10:03.748 [JavaFX Application Thread] DEBUG Input                - Clearing active input actions
23:10:03.750 [JavaFX Application Thread] DEBUG GameApplicationServi - Removing overlay from FXGLDefaultMenu and adding to FXGLMainMenuDummyScene
23:10:03.751 [JavaFX Application Thread] DEBUG PrimaryStageWindow   - FXGLMainMenuDummyScene <- FXGLDefaultMenu
23:10:03.751 [JavaFX Application Thread] DEBUG Input                - Clearing active input actions
23:10:03.769 [JavaFX Application Thread] DEBUG GameApplicationServi - Removing overlay from FXGLMainMenuDummyScene and adding to FXGLLoadingScene
23:10:03.769 [JavaFX Application Thread] DEBUG PrimaryStageWindow   - FXGLMainMenuDummyScene -> FXGLLoadingScene
23:10:03.770 [JavaFX Application Thread] DEBUG GameApplicationServi - Clearing previous game
23:10:03.770 [JavaFX Application Thread] DEBUG GameScene            - Clearing game scene
23:10:03.770 [JavaFX Application Thread] DEBUG GameWorld            - Clearing game world
23:10:03.770 [JavaFX Application Thread] DEBUG PhysicsWorld         - Clearing physics world
23:10:03.772 [FXGL Background Thread 4 ] DEBUG FXGLApplication      - Initializing game
23:10:03.822 [FXGL Background Thread 4 ] DEBUG FXGLAssetLoaderServi - Loading from file system: file:/C:/Users/acer/OneDrive/Desktop/git%20pull/CSS124L-FINAL-PROJECT/fp/target/classes/assets/textures/Players/1P_Shoot.png
23:10:03.829 [FXGL Background Thread 4 ] DEBUG FXGLAssetLoaderServi - Loading from file system: file:/C:/Users/acer/OneDrive/Desktop/git%20pull/CSS124L-FINAL-PROJECT/fp/target/classes/assets/textures/Weapons/Idle/BerettaM9_Idle.png
23:10:03.831 [FXGL Background Thread 4 ] DEBUG FXGLAssetLoaderServi - Loading from file system: file:/C:/Users/acer/OneDrive/Desktop/git%20pull/CSS124L-FINAL-PROJECT/fp/target/classes/assets/textures/Weapons/Idle/M16_Idle.png
23:10:03.832 [FXGL Background Thread 4 ] DEBUG FXGLAssetLoaderServi - Loading from file system: file:/C:/Users/acer/OneDrive/Desktop/git%20pull/CSS124L-FINAL-PROJECT/fp/target/classes/assets/textures/Weapons/Shooting/M16_Shooting.png
23:10:03.836 [FXGL Background Thread 4 ] WARN  Entity               - Entity already has component: com.groupfour.Components.AnimationComponents.PlayerAnimComp
23:10:03.863 [FXGL Background Thread 4 ] INFO  FXGLApplication      - Game initialization took: 0.090 sec
23:10:03.864 [JavaFX Application Thread] DEBUG Input                - Clearing active input actions
23:10:03.874 [JavaFX Application Thread] DEBUG GameApplicationServi - Removing overlay from FXGLLoadingScene and adding to GameScene
23:10:03.875 [JavaFX Application Thread] DEBUG PrimaryStageWindow   - FXGLLoadingScene -> GameScene
23:10:03.878 [JavaFX Application Thread] DEBUG PrimaryStageWindow   - Push state: PlayerCountMenu
23:10:03.879 [JavaFX Application Thread] DEBUG Input                - Clearing active input actions
23:10:03.879 [JavaFX Application Thread] DEBUG GameApplicationServi - Removing overlay from GameScene and adding to PlayerCountMenu
23:10:03.879 [JavaFX Application Thread] DEBUG PrimaryStageWindow   - GameScene -> PlayerCountMenu
23:10:04.265 [FXGL Background Thread 2 ] INFO  UpdaterService       - Your current version:  dev-SNAPSHOT
23:10:04.265 [FXGL Background Thread 2 ] INFO  UpdaterService       - Latest stable version: 21.1
23:10:04.764 [JavaFX Application Thread] DEBUG PrimaryStageWindow   - Pop state: PlayerCountMenu
23:10:04.764 [JavaFX Application Thread] DEBUG Input                - Clearing active input actions
23:10:04.764 [JavaFX Application Thread] DEBUG GameApplicationServi - Removing overlay from PlayerCountMenu and adding to GameScene
23:10:04.765 [JavaFX Application Thread] DEBUG PrimaryStageWindow   - GameScene <- PlayerCountMenu
23:10:04.779 [JavaFX Application Thread] DEBUG FXGLAssetLoaderServi - Loading from file system: file:/C:/Users/acer/OneDrive/Desktop/git%20pull/CSS124L-FINAL-PROJECT/fp/target/classes/assets/textures/Weapons/Shooting/BerettaM9_Shooting.png
23:10:05.903 [JavaFX Application Thread] DEBUG FXGLApplication      - Exiting FXGL
23:10:05.904 [JavaFX Application Thread] DEBUG LoopRunner           - Stopping loop
23:10:05.904 [JavaFX Application Thread] DEBUG SystemBundleService  - Saving FXGL system data
23:10:05.905 [JavaFX Application Thread] DEBUG FileSystemAccess     - Writing to: C:\Users\acer\OneDrive\Desktop\git pull\CSS124L-FINAL-PROJECT\system\fxgl.bundle
23:10:05.907 [JavaFX Application Thread] DEBUG Async                - Shutting down background threads
23:10:05.907 [JavaFX Application Thread] DEBUG PrimaryStageWindow   - Closing main window
23:10:05.920 [JavaFX Application Thread] DEBUG Logger               - Closing Logger
