01:29:57.024 [main                     ] DEBUG Logger               - Configured Logger
01:29:57.052 [main                     ] DEBUG GameApplication      - Logging settings
Title: Zombie Game
Version: 1.0
Width: 800
Height: 600
Fullscreen: false
Intro: false
Profiling: false
Single step:false
App Mode: DEVELOPER
Menu Key: ESCAPE
Stage Style: DECORATED
Scene Factory: class com.almasb.fxgl.app.scene.SceneFactory

01:29:57.311 [JavaFX Application Thread] DEBUG FXGLApplication      - Initializing FXGL
01:29:57.314 [JavaFX Application Thread] INFO  Engine               - FXGL-21.1 (27.03.2024 07.52) on WINDOWS (J:21.0.3 FX:11)
01:29:57.315 [JavaFX Application Thread] DEBUG Engine               - JRE Vendor Name: Oracle Corporation
01:29:57.315 [JavaFX Application Thread] DEBUG Engine               - Running on OS: Windows 11 version 10.0
01:29:57.315 [JavaFX Application Thread] DEBUG Engine               - Architecture: amd64
01:29:57.315 [JavaFX Application Thread] INFO  Engine               - Source code and latest versions at: https://github.com/AlmasB/FXGL
01:29:57.315 [JavaFX Application Thread] INFO  Engine               -       Ask questions and discuss at: https://github.com/AlmasB/FXGL/discussions
01:29:57.316 [JavaFX Application Thread] INFO  Engine               -              Join the FXGL chat at: https://gitter.im/AlmasB/FXGL
01:29:57.379 [JavaFX Application Thread] DEBUG PrimaryStageWindow   - Creating a JavaFX scene
01:29:57.414 [JavaFX Application Thread] DEBUG PrimaryStageWindow   - Target settings size: 800.0 x 600.0
01:29:57.414 [JavaFX Application Thread] DEBUG PrimaryStageWindow   - Scaled scene size:    800.0 x 600.0
01:29:57.414 [JavaFX Application Thread] DEBUG PrimaryStageWindow   - Scaled ratio: (1.0, 1.0)
01:29:57.415 [JavaFX Application Thread] DEBUG PrimaryStageWindow   - Set initial scene to FXGLStartupScene
01:29:57.420 [JavaFX Application Thread] DEBUG PrimaryStageWindow   - Opening main window
01:29:57.486 [JavaFX Application Thread] DEBUG PrimaryStageWindow   - Window border size: (14.4000244140625, 37.5999755859375)
01:29:57.488 [JavaFX Application Thread] DEBUG PrimaryStageWindow   - Scaled size: 800.0 x 600.0
01:29:57.488 [JavaFX Application Thread] DEBUG PrimaryStageWindow   - Scaled ratio: (1.0, 1.0)
01:29:57.488 [JavaFX Application Thread] DEBUG PrimaryStageWindow   - Scene size: 800.0 x 600.0
01:29:57.488 [JavaFX Application Thread] DEBUG PrimaryStageWindow   - Stage size: 814.4000244140625 x 637.5999755859375
01:29:57.499 [FXGL Background Thread 1 ] DEBUG Engine               - Initializing environment variables
01:29:57.550 [FXGL Background Thread 1 ] DEBUG FXGLAssetLoaderServi - User app class for loading assets: class com.groupfour.mygame.App
01:29:57.550 [FXGL Background Thread 1 ] DEBUG GameApplicationServi - Applying CSS: fxgl_dark.css
01:29:57.551 [FXGL Background Thread 1 ] DEBUG FXGLAssetLoaderServi - Loading from file system: jar:file:///c:/Users/acer/.m2/repository/com/github/almasb/fxgl/21.1/fxgl-21.1.jar!/fxglassets/ui/css/fxgl_dark.css
01:29:57.589 [FXGL Background Thread 1 ] DEBUG GameApplicationServi - Initializing application scenes
01:29:57.645 [FXGL Background Thread 1 ] DEBUG GameWorld            - Game world initialized
01:29:57.708 [FXGL Background Thread 1 ] DEBUG PhysicsWorld         - Physics world initialized: appHeight=600, physics.ppm=50.0
01:29:57.709 [FXGL Background Thread 1 ] DEBUG PhysicsWorld         - Using strategy: BRUTE_FORCE
01:29:57.712 [FXGL Background Thread 1 ] DEBUG GameScene            - Game scene initialized: 800x600
01:29:57.720 [FXGL Background Thread 1 ] DEBUG FXGL.DefaultMenu     - createMenuBodyGameMenu()
01:29:57.728 [FXGL Background Thread 1 ] DEBUG FXGL.DefaultMenu     - createOptionsMenu()
01:29:57.734 [FXGL Background Thread 1 ] DEBUG FXGLAssetLoaderServi - Loading from file system: jar:file:///c:/Users/acer/.m2/repository/com/github/almasb/fxgl/21.1/fxgl-21.1.jar!/fxglassets/textures/particles/smoke.png
01:29:57.816 [FXGL Background Thread 1 ] DEBUG FXGLAssetLoaderServi - Loading from file system: jar:file:///c:/Users/acer/.m2/repository/com/github/almasb/fxgl/21.1/fxgl-21.1.jar!/fxglassets/textures/particles/trace_horizontal.png
01:29:57.839 [FXGL Background Thread 1 ] DEBUG GameApplicationServi - Application scenes initialized
01:29:57.850 [FXGL Background Thread 1 ] DEBUG SystemBundleService  - Loading FXGL system data
01:29:57.853 [FXGL Background Thread 1 ] DEBUG FileSystemAccess     - Reading from: C:\Users\acer\OneDrive\Desktop\git pull\CSS124L-FINAL-PROJECT\system\fxgl.bundle
01:29:57.860 [FXGL Background Thread 1 ] DEBUG SystemBundleService  - Bundle FXGL: {}
01:29:57.861 [FXGL Background Thread 1 ] DEBUG UpdaterService       - Checking for updates
01:29:57.863 [FXGL Background Thread 4 ] DEBUG FXGLApplication      - Loading fonts
01:29:57.864 [FXGL Background Thread 1 ] DEBUG FXGLApplication      - Loading default localization
01:29:57.864 [FXGL Background Thread 4 ] DEBUG FXGLAssetLoaderServi - Loading from file system: jar:file:///c:/Users/acer/.m2/repository/com/github/almasb/fxgl/21.1/fxgl-21.1.jar!/fxglassets/ui/fonts/VarelaRound-Regular.ttf
01:29:57.864 [FXGL Background Thread 1 ] DEBUG FXGLAssetLoaderServi - Loading from file system: jar:file:///c:/Users/acer/.m2/repository/com/github/almasb/fxgl/21.1/fxgl-21.1.jar!/fxglassets/languages/english.lang
01:29:57.896 [FXGL Background Thread 4 ] DEBUG FXGLAssetLoaderServi - Loading from file system: jar:file:///c:/Users/acer/.m2/repository/com/github/almasb/fxgl/21.1/fxgl-21.1.jar!/fxglassets/ui/fonts/Abel-Regular.ttf
01:29:57.900 [FXGL Background Thread 4 ] DEBUG FXGLAssetLoaderServi - Loading from file system: jar:file:///c:/Users/acer/.m2/repository/com/github/almasb/fxgl/21.1/fxgl-21.1.jar!/fxglassets/ui/fonts/TerminalLandMono-Regular.otf
01:29:57.902 [FXGL Background Thread 1 ] INFO  FXGLApplication      - FXGL initialization took: 0.402 sec
01:29:57.903 [JavaFX Application Thread] DEBUG FXGLAssetLoaderServi - Loading from file system: jar:file:///c:/Users/acer/.m2/repository/com/github/almasb/fxgl/21.1/fxgl-21.1.jar!/fxglassets/textures/fxgl_icon.png
01:29:57.904 [FXGL Background Thread 4 ] DEBUG FXGLAssetLoaderServi - Loading from file system: jar:file:///c:/Users/acer/.m2/repository/com/github/almasb/fxgl/21.1/fxgl-21.1.jar!/fxglassets/ui/fonts/Courier-Prime.ttf
01:29:57.919 [JavaFX Application Thread] DEBUG FXGLAssetLoaderServi - Loading from file system: jar:file:///c:/Users/acer/.m2/repository/com/github/almasb/fxgl/21.1/fxgl-21.1.jar!/fxglassets/textures/fxgl_default_cursor.png
01:29:57.930 [JavaFX Application Thread] DEBUG Input                - Registered new binding: Screenshot - CTRL+8
01:29:57.931 [JavaFX Application Thread] DEBUG Input                - Registered new binding: System info dump - CTRL+9
01:29:57.932 [JavaFX Application Thread] DEBUG Input                - Registered new binding: Restart - CTRL+R
01:29:57.933 [JavaFX Application Thread] DEBUG Input                - Registered new binding: Toggle Debug Camera - CTRL+7
01:29:57.937 [JavaFX Application Thread] DEBUG LoopRunner           - Starting loop
01:29:57.937 [JavaFX Application Thread] DEBUG LoopRunner           - Initializing JavaFX AnimationTimerLoop
01:29:57.938 [JavaFX Application Thread] DEBUG GameApplicationServi - Starting new game
01:29:57.939 [JavaFX Application Thread] DEBUG Input                - Clearing active input actions
01:29:57.953 [JavaFX Application Thread] DEBUG GameApplicationServi - Removing overlay from FXGLStartupScene and adding to FXGLLoadingScene
01:29:57.954 [JavaFX Application Thread] DEBUG PrimaryStageWindow   - FXGLStartupScene -> FXGLLoadingScene
01:29:57.954 [JavaFX Application Thread] DEBUG GameApplicationServi - Clearing previous game
01:29:57.954 [JavaFX Application Thread] DEBUG GameScene            - Clearing game scene
01:29:57.954 [JavaFX Application Thread] DEBUG GameWorld            - Clearing game world
01:29:57.954 [JavaFX Application Thread] DEBUG PhysicsWorld         - Clearing physics world
01:29:57.955 [JavaFX Application Thread] DEBUG FXGLApplication      - Registering font factories with UI factory
01:29:57.955 [FXGL Background Thread 4 ] DEBUG FXGLApplication      - Initializing game
01:29:57.986 [FXGL Background Thread 4 ] DEBUG Input                - Registered new binding: action0 - W
01:29:57.987 [FXGL Background Thread 4 ] DEBUG Input                - Registered new binding: action1 - S
01:29:57.988 [FXGL Background Thread 4 ] DEBUG Input                - Registered new binding: action2 - A
01:29:57.988 [FXGL Background Thread 4 ] DEBUG Input                - Registered new binding: action3 - D
01:29:57.991 [FXGL Background Thread 4 ] INFO  FXGLApplication      - Game initialization took: 0.035 sec
01:29:58.000 [JavaFX Application Thread] DEBUG Input                - Clearing active input actions
01:29:58.007 [JavaFX Application Thread] DEBUG GameApplicationServi - Removing overlay from FXGLLoadingScene and adding to GameScene
01:29:58.007 [JavaFX Application Thread] DEBUG PrimaryStageWindow   - FXGLLoadingScene -> GameScene
01:29:58.014 [JavaFX Application Thread] DEBUG LoopRunner           - Stopping loop
01:29:58.018 [JavaFX Application Thread] FATAL FXGLApplication      - Uncaught Exception:
java.lang.ArrayIndexOutOfBoundsException: Index 100 out of bounds for length 32
	at com.almasb.fxgl.core@21.1/com.almasb.fxgl.core.collection.grid.Grid.get(Grid.java:161)
	at com.almasb.fxgl.entity@21.1/com.almasb.fxgl.pathfinding.astar.AStarPathfinder.findPath(AStarPathfinder.java:62)
	at com.almasb.fxgl.entity@21.1/com.almasb.fxgl.pathfinding.astar.AStarMoveComponent.moveToCell(AStarMoveComponent.java:176)
	at com.almasb.fxgl.entity@21.1/com.almasb.fxgl.pathfinding.astar.AStarMoveComponent.moveToCell(AStarMoveComponent.java:165)
	at com.groupfour.mygame/com.groupfour.mygame.App.updateFollower(App.java:77)
	at com.groupfour.mygame/com.groupfour.mygame.App.lambda$4(App.java:69)
	at com.almasb.fxgl.core@21.1/com.almasb.fxgl.time.TimerAction.update(TimerAction.kt:69)
	at com.almasb.fxgl.core@21.1/com.almasb.fxgl.time.Timer.update(Timer.kt:38)
	at com.almasb.fxgl.scene@21.1/com.almasb.fxgl.scene.Scene.update(Scene.kt:104)
	at com.almasb.fxgl.all@21.1/com.almasb.fxgl.app.MainWindow$update$1.invoke(MainWindow.kt:121)
	at com.almasb.fxgl.all@21.1/com.almasb.fxgl.app.MainWindow$update$1.invoke(MainWindow.kt:121)
	at com.almasb.fxgl.core@21.1/com.almasb.fxgl.core.fsm.StateMachine.runOnActiveStates(StateMachine.kt:69)
	at com.almasb.fxgl.all@21.1/com.almasb.fxgl.app.MainWindow.update(MainWindow.kt:121)
	at com.almasb.fxgl.all@21.1/com.almasb.fxgl.app.FXGLApplication$GameApplicationService.onUpdate(FXGLApplication.kt:445)
	at com.almasb.fxgl.all@21.1/com.almasb.fxgl.app.Engine.loop(Engine.kt:134)
	at com.almasb.fxgl.all@21.1/com.almasb.fxgl.app.Engine.access$loop(Engine.kt:24)
	at com.almasb.fxgl.all@21.1/com.almasb.fxgl.app.Engine$loop$1.invoke(Engine.kt:28)
	at com.almasb.fxgl.all@21.1/com.almasb.fxgl.app.Engine$loop$1.invoke(Engine.kt:28)
	at com.almasb.fxgl.all@21.1/com.almasb.fxgl.app.LoopRunner.frame(LoopRunner.kt:103)
	at com.almasb.fxgl.all@21.1/com.almasb.fxgl.app.LoopRunner.access$frame(LoopRunner.kt:23)
	at com.almasb.fxgl.all@21.1/com.almasb.fxgl.app.LoopRunner$impl$2$1.onTick(LoopRunner.kt:57)
	at com.almasb.fxgl.all@21.1/com.almasb.fxgl.app.AnimationTimerLoop$timer$1.handle(LoopRunner.kt:137)
	at javafx.graphics/javafx.animation.AnimationTimer$AnimationTimerReceiver.lambda$handle$0(AnimationTimer.java:57)
	at java.base/java.security.AccessController.doPrivileged(AccessController.java:400)
	at javafx.graphics/javafx.animation.AnimationTimer$AnimationTimerReceiver.handle(AnimationTimer.java:56)
	at javafx.graphics/com.sun.scenario.animation.AbstractMasterTimer.timePulseImpl(AbstractMasterTimer.java:357)
	at javafx.graphics/com.sun.scenario.animation.AbstractMasterTimer$MainLoop.run(AbstractMasterTimer.java:267)
	at javafx.graphics/com.sun.javafx.tk.quantum.QuantumToolkit.pulse(QuantumToolkit.java:515)
	at javafx.graphics/com.sun.javafx.tk.quantum.QuantumToolkit.pulse(QuantumToolkit.java:499)
	at javafx.graphics/com.sun.javafx.tk.quantum.QuantumToolkit.pulseFromQueue(QuantumToolkit.java:492)
	at javafx.graphics/com.sun.javafx.tk.quantum.QuantumToolkit.lambda$runToolkit$11(QuantumToolkit.java:320)
	at javafx.graphics/com.sun.glass.ui.InvokeLaterDispatcher$Future.run(InvokeLaterDispatcher.java:96)
	at javafx.graphics/com.sun.glass.ui.win.WinApplication._runLoop(Native Method)
	at javafx.graphics/com.sun.glass.ui.win.WinApplication.lambda$runLoop$3(WinApplication.java:174)
	at java.base/java.lang.Thread.run(Thread.java:1583)

01:29:58.023 [JavaFX Application Thread] FATAL FXGLApplication      - Application will now exit
01:29:58.057 [JavaFX Application Thread] DEBUG PrimaryStageWindow   - Push state: ErrorSubScene
01:29:58.058 [JavaFX Application Thread] DEBUG Input                - Clearing active input actions
01:29:58.073 [JavaFX Application Thread] DEBUG GameApplicationServi - Removing overlay from GameScene and adding to ErrorSubScene
01:29:58.074 [JavaFX Application Thread] DEBUG PrimaryStageWindow   - GameScene -> ErrorSubScene
01:30:00.539 [JavaFX Application Thread] DEBUG FXGLApplication      - Exiting FXGL
01:30:00.539 [JavaFX Application Thread] DEBUG Async                - Shutting down background threads
01:30:00.539 [JavaFX Application Thread] DEBUG PrimaryStageWindow   - Closing main window
01:30:00.556 [JavaFX Application Thread] DEBUG Logger               - Closing Logger
