21:24:14.733 [main                     ] DEBUG Logger               - Configured Logger
21:24:14.766 [main                     ] DEBUG GameApplication      - Logging settings
Title: Flatline: Oregon
Version: Beta ?
Width: 800
Height: 600
Fullscreen: false
Intro: false
Profiling: false
Single step:false
App Mode: DEVELOPER
Menu Key: ESCAPE
Stage Style: DECORATED
Scene Factory: class com.groupfour.mygame.App$1

21:24:15.239 [JavaFX Application Thread] DEBUG FXGLApplication      - Initializing FXGL
21:24:15.242 [JavaFX Application Thread] INFO  Engine               - FXGL-dev-SNAPSHOT (28.07.2021 16.39) on WINDOWS (J:11.0.22 FX:16)
21:24:15.243 [JavaFX Application Thread] DEBUG Engine               - JRE Vendor Name: Oracle Corporation
21:24:15.243 [JavaFX Application Thread] DEBUG Engine               - Running on OS: Windows 11 version 10.0
21:24:15.244 [JavaFX Application Thread] DEBUG Engine               - Architecture: amd64
21:24:15.244 [JavaFX Application Thread] INFO  Engine               - Source code and latest versions at: https://github.com/AlmasB/FXGL
21:24:15.244 [JavaFX Application Thread] INFO  Engine               -              Join the FXGL chat at: https://gitter.im/AlmasB/FXGL
21:24:15.357 [JavaFX Application Thread] DEBUG PrimaryStageWindow   - Creating a JavaFX scene
21:24:15.429 [JavaFX Application Thread] DEBUG PrimaryStageWindow   - Target settings size: 800.0 x 600.0
21:24:15.429 [JavaFX Application Thread] DEBUG PrimaryStageWindow   - Scaled scene size:    800.0 x 600.0
21:24:15.430 [JavaFX Application Thread] DEBUG PrimaryStageWindow   - Scaled ratio: (1.0, 1.0)
21:24:15.431 [JavaFX Application Thread] DEBUG PrimaryStageWindow   - Set initial scene to FXGLStartupScene
21:24:15.440 [JavaFX Application Thread] DEBUG PrimaryStageWindow   - Opening main window
21:24:15.584 [JavaFX Application Thread] DEBUG PrimaryStageWindow   - Window border size: (14.4000244140625, 37.5999755859375)
21:24:15.584 [JavaFX Application Thread] DEBUG PrimaryStageWindow   - Scaled size: 800.0 x 600.0
21:24:15.585 [JavaFX Application Thread] DEBUG PrimaryStageWindow   - Scaled ratio: (1.0, 1.0)
21:24:15.585 [JavaFX Application Thread] DEBUG PrimaryStageWindow   - Scene size: 800.0 x 600.0
21:24:15.585 [JavaFX Application Thread] DEBUG PrimaryStageWindow   - Stage size: 814.4000244140625 x 637.5999755859375
21:24:15.596 [FXGL Background Thread 1 ] DEBUG Engine               - Initializing environment variables
21:24:15.670 [FXGL Background Thread 1 ] DEBUG FXGLAssetLoaderServi - User app class for loading assets: class com.groupfour.mygame.App
21:24:15.671 [FXGL Background Thread 1 ] DEBUG GameApplicationServi - Applying CSS: fxgl_dark.css
21:24:15.672 [FXGL Background Thread 1 ] DEBUG FXGLAssetLoaderServi - Loading from file system: jar:file:///C:/Users/acer/.m2/repository/com/github/almasb/fxgl/dev-SNAPSHOT/fxgl-dev-SNAPSHOT.jar!/fxglassets/ui/css/fxgl_dark.css
21:24:15.737 [FXGL Background Thread 1 ] DEBUG GameApplicationServi - Initializing application scenes
21:24:15.780 [FXGL Background Thread 1 ] DEBUG GameWorld            - Game world initialized
21:24:15.839 [FXGL Background Thread 1 ] DEBUG PhysicsWorld         - Physics world initialized: appHeight=600, physics.ppm=50.0
21:24:15.839 [FXGL Background Thread 1 ] DEBUG PhysicsWorld         - Using strategy: BRUTE_FORCE
21:24:15.842 [FXGL Background Thread 1 ] DEBUG GameScene            - Game scene initialized: 800x600
21:24:15.853 [FXGL Background Thread 1 ] DEBUG FXGL.DefaultMenu     - createMenuBodyMainMenu()
21:24:15.872 [FXGL Background Thread 1 ] DEBUG FXGL.DefaultMenu     - createOptionsMenu()
21:24:15.883 [FXGL Background Thread 1 ] DEBUG FXGLAssetLoaderServi - Loading from file system: jar:file:///C:/Users/acer/.m2/repository/com/github/almasb/fxgl/dev-SNAPSHOT/fxgl-dev-SNAPSHOT.jar!/fxglassets/textures/particles/smoke.png
21:24:16.011 [FXGL Background Thread 1 ] DEBUG FXGLAssetLoaderServi - Loading from file system: jar:file:///C:/Users/acer/.m2/repository/com/github/almasb/fxgl/dev-SNAPSHOT/fxgl-dev-SNAPSHOT.jar!/fxglassets/textures/particles/trace_horizontal.png
21:24:16.043 [FXGL Background Thread 1 ] DEBUG FXGLAssetLoaderServi - Loading from file system: file:/C:/Users/acer/OneDrive/Desktop/git%20pull/CSS124L-FINAL-PROJECT/fp/target/classes/assets/ui/fonts/PIXELADE.TTF
21:24:16.538 [FXGL Background Thread 1 ] DEBUG FXGLAssetLoaderServi - Loading from file system: file:/C:/Users/acer/OneDrive/Desktop/git%20pull/CSS124L-FINAL-PROJECT/fp/target/classes/assets/textures/spbtn.png
21:24:16.562 [FXGL Background Thread 1 ] DEBUG FXGLAssetLoaderServi - Loading from file system: file:/C:/Users/acer/OneDrive/Desktop/git%20pull/CSS124L-FINAL-PROJECT/fp/target/classes/assets/textures/mpbtn.png
21:24:16.568 [FXGL Background Thread 1 ] DEBUG FXGLAssetLoaderServi - Loading from file system: file:/C:/Users/acer/OneDrive/Desktop/git%20pull/CSS124L-FINAL-PROJECT/fp/target/classes/assets/textures/return.png
21:24:16.584 [FXGL Background Thread 1 ] DEBUG GameApplicationServi - Application scenes initialized
21:24:16.592 [FXGL Background Thread 1 ] DEBUG SystemBundleService  - Loading FXGL system data
21:24:16.597 [FXGL Background Thread 1 ] DEBUG FileSystemAccess     - Reading from: C:\Users\acer\OneDrive\Desktop\git pull\CSS124L-FINAL-PROJECT\system\fxgl.bundle
21:24:16.602 [FXGL Background Thread 1 ] DEBUG SystemBundleService  - Bundle FXGL: {}
21:24:16.602 [FXGL Background Thread 1 ] DEBUG UpdaterService       - Checking for updates
21:24:16.626 [FXGL Background Thread 1 ] DEBUG FXGLApplication      - Loading default localization
21:24:16.626 [FXGL Background Thread 4 ] DEBUG FXGLApplication      - Loading fonts
21:24:16.627 [FXGL Background Thread 1 ] DEBUG FXGLAssetLoaderServi - Loading from file system: jar:file:///C:/Users/acer/.m2/repository/com/github/almasb/fxgl/dev-SNAPSHOT/fxgl-dev-SNAPSHOT.jar!/fxglassets/languages/english.lang
21:24:16.627 [FXGL Background Thread 4 ] DEBUG FXGLAssetLoaderServi - Loading from file system: jar:file:///C:/Users/acer/.m2/repository/com/github/almasb/fxgl/dev-SNAPSHOT/fxgl-dev-SNAPSHOT.jar!/fxglassets/ui/fonts/VarelaRound-Regular.ttf
21:24:16.636 [FXGL Background Thread 4 ] DEBUG FXGLAssetLoaderServi - Loading from file system: jar:file:///C:/Users/acer/.m2/repository/com/github/almasb/fxgl/dev-SNAPSHOT/fxgl-dev-SNAPSHOT.jar!/fxglassets/ui/fonts/Abel-Regular.ttf
21:24:16.643 [FXGL Background Thread 4 ] DEBUG FXGLAssetLoaderServi - Loading from file system: jar:file:///C:/Users/acer/.m2/repository/com/github/almasb/fxgl/dev-SNAPSHOT/fxgl-dev-SNAPSHOT.jar!/fxglassets/ui/fonts/lucida_console.ttf
21:24:16.646 [FXGL Background Thread 1 ] INFO  FXGLApplication      - FXGL initialization took: 1.050 sec
21:24:16.659 [JavaFX Application Thread] DEBUG Input                - Registered new binding: Move Upwards - W
21:24:16.660 [FXGL Background Thread 4 ] DEBUG FXGLAssetLoaderServi - Loading from file system: jar:file:///C:/Users/acer/.m2/repository/com/github/almasb/fxgl/dev-SNAPSHOT/fxgl-dev-SNAPSHOT.jar!/fxglassets/ui/fonts/Courier-Prime.ttf
21:24:16.660 [JavaFX Application Thread] DEBUG Input                - Registered new binding: Move Down - S
21:24:16.660 [JavaFX Application Thread] DEBUG Input                - Registered new binding: Move Left - A
21:24:16.660 [JavaFX Application Thread] DEBUG Input                - Registered new binding: Move Right - D
21:24:16.660 [JavaFX Application Thread] DEBUG Input                - Registered new binding: Reload - R
21:24:16.662 [JavaFX Application Thread] DEBUG Input                - Registered new binding: Shoot - LMB
21:24:16.662 [JavaFX Application Thread] DEBUG Input                - Registered new binding: Switch Weapons - Q
21:24:16.662 [JavaFX Application Thread] DEBUG Input                - Registered new binding: Interact - F
21:24:16.663 [JavaFX Application Thread] DEBUG FXGLAssetLoaderServi - Loading from file system: file:/C:/Users/acer/OneDrive/Desktop/git%20pull/CSS124L-FINAL-PROJECT/fp/target/classes/assets/music/titleBGM.mp3
21:24:16.848 [JavaFX Application Thread] DEBUG AudioPlayer          - Playing music com.almasb.fxgl.audio.Music@6db04432
21:24:16.850 [JavaFX Application Thread] DEBUG FXGLAssetLoaderServi - Loading from file system: jar:file:///C:/Users/acer/.m2/repository/com/github/almasb/fxgl/dev-SNAPSHOT/fxgl-dev-SNAPSHOT.jar!/fxglassets/textures/fxgl_icon.png
21:24:16.867 [JavaFX Application Thread] DEBUG FXGLAssetLoaderServi - Loading from file system: jar:file:///C:/Users/acer/.m2/repository/com/github/almasb/fxgl/dev-SNAPSHOT/fxgl-dev-SNAPSHOT.jar!/fxglassets/textures/fxgl_default_cursor.png
21:24:16.870 [JavaFX Application Thread] DEBUG Input                - Registered new binding: Screenshot - CTRL+8
21:24:16.871 [JavaFX Application Thread] DEBUG Input                - Registered new binding: Dev Options - 1
21:24:16.872 [JavaFX Application Thread] DEBUG Input                - Registered new binding: Dev Console - 2
21:24:16.873 [JavaFX Application Thread] DEBUG Input                - Registered new binding: System info dump - CTRL+9
21:24:16.873 [JavaFX Application Thread] DEBUG Input                - Registered new binding: Restart - CTRL+R
21:24:16.874 [JavaFX Application Thread] DEBUG Input                - Registered new binding: Toggle Debug Camera - CTRL+C
21:24:16.879 [JavaFX Application Thread] DEBUG LoopRunner           - Starting loop
21:24:16.912 [JavaFX Application Thread] DEBUG LoopRunner           - Initializing JavaFX AnimationTimerLoop
21:24:16.915 [JavaFX Application Thread] DEBUG Input                - Clearing active input actions
21:24:16.929 [JavaFX Application Thread] DEBUG GameApplicationServi - Removing overlay from FXGLStartupScene and adding to FXGLMainMenuDummyScene
21:24:16.935 [JavaFX Application Thread] DEBUG PrimaryStageWindow   - FXGLStartupScene -> FXGLMainMenuDummyScene
21:24:16.936 [JavaFX Application Thread] DEBUG PrimaryStageWindow   - Push state: FXGLDefaultMenu
21:24:16.942 [JavaFX Application Thread] DEBUG Input                - Clearing active input actions
21:24:16.953 [JavaFX Application Thread] DEBUG GameApplicationServi - Removing overlay from FXGLMainMenuDummyScene and adding to FXGLDefaultMenu
21:24:16.954 [JavaFX Application Thread] DEBUG PrimaryStageWindow   - FXGLMainMenuDummyScene -> FXGLDefaultMenu
21:24:16.956 [JavaFX Application Thread] DEBUG FXGLApplication      - Registering font factories with UI factory
21:24:19.624 [FXGL Background Thread 3 ] DEBUG Engine               - Logging environment variables
21:24:19.625 [FXGL Background Thread 3 ] DEBUG Engine               - achievements: []
21:24:19.625 [FXGL Background Thread 3 ] DEBUG Engine               - actualHeight: 600.0
21:24:19.626 [FXGL Background Thread 3 ] DEBUG Engine               - actualHeightProperty: ReadOnlyDoubleProperty [value: 600.0]
21:24:19.626 [FXGL Background Thread 3 ] DEBUG Engine               - actualWidth: 800.0
21:24:19.626 [FXGL Background Thread 3 ] DEBUG Engine               - actualWidthProperty: ReadOnlyDoubleProperty [value: 800.0]
21:24:19.627 [FXGL Background Thread 3 ] DEBUG Engine               - appIcon: fxgl_icon.png
21:24:19.627 [FXGL Background Thread 3 ] DEBUG Engine               - applicationMode: DEVELOPER
21:24:19.627 [FXGL Background Thread 3 ] DEBUG Engine               - cSSList: [fxgl_dark.css]
21:24:19.627 [FXGL Background Thread 3 ] DEBUG Engine               - collisionDetectionStrategy: BRUTE_FORCE
21:24:19.627 [FXGL Background Thread 3 ] DEBUG Engine               - configClass: Optional.empty
21:24:19.627 [FXGL Background Thread 3 ] DEBUG Engine               - credits: []
21:24:19.627 [FXGL Background Thread 3 ] DEBUG Engine               - defaultCursor: CursorInfo(imageName=fxgl_default_cursor.png, hotspotX=7.0, hotspotY=6.0)
21:24:19.628 [FXGL Background Thread 3 ] DEBUG Engine               - devBBoxColorProperty: ObjectProperty [value: 0xff0000ff]
21:24:19.628 [FXGL Background Thread 3 ] DEBUG Engine               - devEnableDebugCameraProperty: BooleanProperty [value: false]
21:24:19.628 [FXGL Background Thread 3 ] DEBUG Engine               - devSensorColorProperty: ObjectProperty [value: 0xffff00ff]
21:24:19.629 [FXGL Background Thread 3 ] DEBUG Engine               - devShowBBoxProperty: BooleanProperty [value: false]
21:24:19.629 [FXGL Background Thread 3 ] DEBUG Engine               - devShowPositionProperty: BooleanProperty [value: false]
21:24:19.629 [FXGL Background Thread 3 ] DEBUG Engine               - enabledMenuItems: []
21:24:19.629 [FXGL Background Thread 3 ] DEBUG Engine               - engineServices: [class com.almasb.fxgl.app.services.FXGLAssetLoaderService, class com.almasb.fxgl.app.FXGLApplication$GameApplicationService, class com.almasb.fxgl.app.services.FXGLDialogService, class com.almasb.fxgl.app.services.IOTaskExecutorService, class com.almasb.fxgl.io.FileSystemService, class com.almasb.fxgl.localization.LocalizationService, class com.almasb.fxgl.app.services.SystemBundleService, class com.almasb.fxgl.profile.SaveLoadService, class com.almasb.fxgl.ui.FXGLUIFactoryServiceProvider, class com.almasb.fxgl.ui.FXGLDialogFactoryServiceProvider, class com.almasb.fxgl.audio.AudioPlayer, class com.almasb.fxgl.notification.impl.NotificationServiceProvider, class com.almasb.fxgl.achievement.AchievementService, class com.almasb.fxgl.cutscene.CutsceneService, class com.almasb.fxgl.minigames.MiniGameService, class com.almasb.fxgl.net.NetService, class com.almasb.fxgl.app.services.UpdaterService, class com.almasb.fxgl.dev.DevService, class com.almasb.fxgl.multiplayer.MultiplayerService]
21:24:19.629 [FXGL Background Thread 3 ] DEBUG Engine               - fontGame: Abel-Regular.ttf
21:24:19.629 [FXGL Background Thread 3 ] DEBUG Engine               - fontMono: lucida_console.ttf
21:24:19.629 [FXGL Background Thread 3 ] DEBUG Engine               - fontText: Courier-Prime.ttf
21:24:19.629 [FXGL Background Thread 3 ] DEBUG Engine               - fontUI: VarelaRound-Regular.ttf
21:24:19.629 [FXGL Background Thread 3 ] DEBUG Engine               - fullScreen: BooleanProperty [value: false]
21:24:19.630 [FXGL Background Thread 3 ] DEBUG Engine               - gameDifficulty: MEDIUM
21:24:19.630 [FXGL Background Thread 3 ] DEBUG Engine               - gameDifficultyProperty: ObjectProperty [value: MEDIUM]
21:24:19.630 [FXGL Background Thread 3 ] DEBUG Engine               - globalMusicVolume: 0.5
21:24:19.630 [FXGL Background Thread 3 ] DEBUG Engine               - globalMusicVolumeProperty: DoubleProperty [value: 0.5]
21:24:19.630 [FXGL Background Thread 3 ] DEBUG Engine               - globalSoundVolume: 0.5
21:24:19.631 [FXGL Background Thread 3 ] DEBUG Engine               - globalSoundVolumeProperty: DoubleProperty [value: 0.5]
21:24:19.631 [FXGL Background Thread 3 ] DEBUG Engine               - height: 600
21:24:19.631 [FXGL Background Thread 3 ] DEBUG Engine               - is3D: false
21:24:19.631 [FXGL Background Thread 3 ] DEBUG Engine               - isAndroid: false
21:24:19.631 [FXGL Background Thread 3 ] DEBUG Engine               - isBrowser: false
21:24:19.631 [FXGL Background Thread 3 ] DEBUG Engine               - isClickFeedbackEnabled: false
21:24:19.632 [FXGL Background Thread 3 ] DEBUG Engine               - isCloseConfirmation: false
21:24:19.632 [FXGL Background Thread 3 ] DEBUG Engine               - isDesktop: true
21:24:19.632 [FXGL Background Thread 3 ] DEBUG Engine               - isDeveloperMenuEnabled: true
21:24:19.632 [FXGL Background Thread 3 ] DEBUG Engine               - isEmbedded: false
21:24:19.632 [FXGL Background Thread 3 ] DEBUG Engine               - isEntityPreloadEnabled: true
21:24:19.632 [FXGL Background Thread 3 ] DEBUG Engine               - isExperimentalTiledLargeMap: false
21:24:19.632 [FXGL Background Thread 3 ] DEBUG Engine               - isFileSystemWriteAllowed: true
21:24:19.632 [FXGL Background Thread 3 ] DEBUG Engine               - isFullScreenAllowed: false
21:24:19.633 [FXGL Background Thread 3 ] DEBUG Engine               - isFullScreenFromStart: false
21:24:19.633 [FXGL Background Thread 3 ] DEBUG Engine               - isGameMenuEnabled: true
21:24:19.633 [FXGL Background Thread 3 ] DEBUG Engine               - isIOS: false
21:24:19.633 [FXGL Background Thread 3 ] DEBUG Engine               - isIntroEnabled: false
21:24:19.634 [FXGL Background Thread 3 ] DEBUG Engine               - isLinux: false
21:24:19.634 [FXGL Background Thread 3 ] DEBUG Engine               - isMac: false
21:24:19.634 [FXGL Background Thread 3 ] DEBUG Engine               - isMainMenuEnabled: true
21:24:19.634 [FXGL Background Thread 3 ] DEBUG Engine               - isManualResizeEnabled: false
21:24:19.634 [FXGL Background Thread 3 ] DEBUG Engine               - isMobile: false
21:24:19.634 [FXGL Background Thread 3 ] DEBUG Engine               - isNative: false
21:24:19.634 [FXGL Background Thread 3 ] DEBUG Engine               - isPauseMusicWhenMinimized: true
21:24:19.635 [FXGL Background Thread 3 ] DEBUG Engine               - isPreserveResizeRatio: false
21:24:19.635 [FXGL Background Thread 3 ] DEBUG Engine               - isProfilingEnabled: false
21:24:19.635 [FXGL Background Thread 3 ] DEBUG Engine               - isScaleAffectedOnResize: true
21:24:19.635 [FXGL Background Thread 3 ] DEBUG Engine               - isSingleStep: false
21:24:19.635 [FXGL Background Thread 3 ] DEBUG Engine               - isUserProfileEnabled: false
21:24:19.635 [FXGL Background Thread 3 ] DEBUG Engine               - isWindows: true
21:24:19.636 [FXGL Background Thread 3 ] DEBUG Engine               - language: ObjectProperty [value: ENGLISH]
21:24:19.636 [FXGL Background Thread 3 ] DEBUG Engine               - menuKey: ESCAPE
21:24:19.636 [FXGL Background Thread 3 ] DEBUG Engine               - mouseSensitivity: 0.2
21:24:19.636 [FXGL Background Thread 3 ] DEBUG Engine               - notificationViewClass: class com.almasb.fxgl.notification.view.XboxNotificationView
21:24:19.636 [FXGL Background Thread 3 ] DEBUG Engine               - pixelsPerMeter: 50.0
21:24:19.636 [FXGL Background Thread 3 ] DEBUG Engine               - platform: WINDOWS
21:24:19.636 [FXGL Background Thread 3 ] DEBUG Engine               - prefHeightProperty: ReadOnlyDoubleProperty [value: 600.0]
21:24:19.636 [FXGL Background Thread 3 ] DEBUG Engine               - prefWidthProperty: ReadOnlyDoubleProperty [value: 800.0]
21:24:19.636 [FXGL Background Thread 3 ] DEBUG Engine               - profileDir: profiles/
21:24:19.637 [FXGL Background Thread 3 ] DEBUG Engine               - profileName: StringProperty [value: DEFAULT]
21:24:19.637 [FXGL Background Thread 3 ] DEBUG Engine               - randomSeed: -1
21:24:19.637 [FXGL Background Thread 3 ] DEBUG Engine               - runtimeInfo: RuntimeInfo(platform=WINDOWS, version=dev-SNAPSHOT, build=28.07.2021 16.39)
21:24:19.637 [FXGL Background Thread 3 ] DEBUG Engine               - saveFileExt: sav
21:24:19.637 [FXGL Background Thread 3 ] DEBUG Engine               - scaledHeightProp$fxgl: DoubleProperty [bound, value: 600.0]
21:24:19.637 [FXGL Background Thread 3 ] DEBUG Engine               - scaledWidthProp$fxgl: DoubleProperty [bound, value: 800.0]
21:24:19.637 [FXGL Background Thread 3 ] DEBUG Engine               - sceneFactory: com.groupfour.mygame.App$1@703f56d2
21:24:19.637 [FXGL Background Thread 3 ] DEBUG Engine               - secondsIn24h: 60
21:24:19.638 [FXGL Background Thread 3 ] DEBUG Engine               - soundMenuBack: menu/back.wav
21:24:19.638 [FXGL Background Thread 3 ] DEBUG Engine               - soundMenuPress: titleSelect.mp3
21:24:19.638 [FXGL Background Thread 3 ] DEBUG Engine               - soundMenuSelect: menu/select.wav
21:24:19.638 [FXGL Background Thread 3 ] DEBUG Engine               - soundNotification: core/notification.wav
21:24:19.638 [FXGL Background Thread 3 ] DEBUG Engine               - stageStyle: DECORATED
21:24:19.638 [FXGL Background Thread 3 ] DEBUG Engine               - supportedLanguages: [ENGLISH, FRENCH, GERMAN, HUNGARIAN, RUSSIAN]
21:24:19.638 [FXGL Background Thread 3 ] DEBUG Engine               - ticksPerSecond: -1
21:24:19.638 [FXGL Background Thread 3 ] DEBUG Engine               - title: Flatline: Oregon
21:24:19.638 [FXGL Background Thread 3 ] DEBUG Engine               - urlGithub: https://github.com/AlmasB/FXGL
21:24:19.639 [FXGL Background Thread 3 ] DEBUG Engine               - urlLeaderboard: http://fxgl-top.herokuapp.com/
21:24:19.639 [FXGL Background Thread 3 ] DEBUG Engine               - urlPOM: https://raw.githubusercontent.com/AlmasB/FXGL/release/README.md
21:24:19.639 [FXGL Background Thread 3 ] DEBUG Engine               - userAppClass: class com.groupfour.mygame.App
21:24:19.639 [FXGL Background Thread 3 ] DEBUG Engine               - version: Beta ?
21:24:19.639 [FXGL Background Thread 3 ] DEBUG Engine               - versionCheckDays: 7
21:24:19.639 [FXGL Background Thread 3 ] DEBUG Engine               - width: 800
21:24:19.639 [FXGL Background Thread 3 ] DEBUG Engine               - Logging services
21:24:19.639 [FXGL Background Thread 3 ] DEBUG Engine               - class com.almasb.fxgl.app.services.FXGLAssetLoaderService
21:24:19.639 [FXGL Background Thread 3 ] DEBUG Engine               - class com.almasb.fxgl.app.FXGLApplication$GameApplicationService
21:24:19.639 [FXGL Background Thread 3 ] DEBUG Engine               - class com.almasb.fxgl.app.services.FXGLDialogService
21:24:19.640 [FXGL Background Thread 3 ] DEBUG Engine               - class com.almasb.fxgl.app.services.IOTaskExecutorService
21:24:19.640 [FXGL Background Thread 3 ] DEBUG Engine               - class com.almasb.fxgl.io.FileSystemService
21:24:19.640 [FXGL Background Thread 3 ] DEBUG Engine               - class com.almasb.fxgl.localization.LocalizationService
21:24:19.640 [FXGL Background Thread 3 ] DEBUG Engine               - class com.almasb.fxgl.app.services.SystemBundleService
21:24:19.640 [FXGL Background Thread 3 ] DEBUG Engine               - class com.almasb.fxgl.profile.SaveLoadService
21:24:19.640 [FXGL Background Thread 3 ] DEBUG Engine               - class com.almasb.fxgl.ui.FXGLUIFactoryServiceProvider
21:24:19.640 [FXGL Background Thread 3 ] DEBUG Engine               - class com.almasb.fxgl.ui.FXGLDialogFactoryServiceProvider
21:24:19.640 [FXGL Background Thread 3 ] DEBUG Engine               - class com.almasb.fxgl.audio.AudioPlayer
21:24:19.642 [FXGL Background Thread 3 ] DEBUG Engine               - class com.almasb.fxgl.notification.impl.NotificationServiceProvider
21:24:19.642 [FXGL Background Thread 3 ] DEBUG Engine               - class com.almasb.fxgl.achievement.AchievementService
21:24:19.642 [FXGL Background Thread 3 ] DEBUG Engine               - class com.almasb.fxgl.cutscene.CutsceneService
21:24:19.642 [FXGL Background Thread 3 ] DEBUG Engine               - class com.almasb.fxgl.minigames.MiniGameService
21:24:19.642 [FXGL Background Thread 3 ] DEBUG Engine               - class com.almasb.fxgl.net.NetService
21:24:19.642 [FXGL Background Thread 3 ] DEBUG Engine               - class com.almasb.fxgl.app.services.UpdaterService
21:24:19.642 [FXGL Background Thread 3 ] DEBUG Engine               - class com.almasb.fxgl.dev.DevService
21:24:19.642 [FXGL Background Thread 3 ] DEBUG Engine               - class com.almasb.fxgl.multiplayer.MultiplayerService
21:24:20.179 [FXGL Background Thread 2 ] INFO  UpdaterService       - Your current version:  dev-SNAPSHOT
21:24:20.181 [FXGL Background Thread 2 ] INFO  UpdaterService       - Latest stable version: 21.1
21:24:26.476 [JavaFX Application Thread] DEBUG Menu                 - fireNewGame()
21:24:26.477 [JavaFX Application Thread] DEBUG GameApplicationServi - Starting new game
21:24:26.479 [JavaFX Application Thread] DEBUG PrimaryStageWindow   - Pop state: FXGLDefaultMenu
21:24:26.479 [JavaFX Application Thread] DEBUG Input                - Clearing active input actions
21:24:26.481 [JavaFX Application Thread] DEBUG GameApplicationServi - Removing overlay from FXGLDefaultMenu and adding to FXGLMainMenuDummyScene
21:24:26.482 [JavaFX Application Thread] DEBUG PrimaryStageWindow   - FXGLMainMenuDummyScene <- FXGLDefaultMenu
21:24:26.482 [JavaFX Application Thread] DEBUG Input                - Clearing active input actions
21:24:26.489 [JavaFX Application Thread] DEBUG GameApplicationServi - Removing overlay from FXGLMainMenuDummyScene and adding to FXGLLoadingScene
21:24:26.491 [JavaFX Application Thread] DEBUG PrimaryStageWindow   - FXGLMainMenuDummyScene -> FXGLLoadingScene
21:24:26.491 [JavaFX Application Thread] DEBUG GameApplicationServi - Clearing previous game
21:24:26.492 [JavaFX Application Thread] DEBUG GameScene            - Clearing game scene
21:24:26.492 [JavaFX Application Thread] DEBUG GameWorld            - Clearing game world
21:24:26.492 [JavaFX Application Thread] DEBUG PhysicsWorld         - Clearing physics world
21:24:26.493 [FXGL Background Thread 2 ] DEBUG FXGLApplication      - Initializing game
21:24:26.546 [FXGL Background Thread 2 ] WARN  TMXLevelLoader       - TiledMap generated from 1.11.0. Supported version: 1.2.3. Some features may not be parsed fully.
21:24:26.554 [FXGL Background Thread 2 ] DEBUG TMXLevelLoader       - Parsed TiledMap: file:/C:/Users/acer/OneDrive/Desktop/git%20pull/CSS124L-FINAL-PROJECT/fp/target/classes/assets/levels/Lobby.tmx
21:24:26.555 [FXGL Background Thread 2 ] DEBUG TMXLevelLoader       - Creating tile layer entities
21:24:26.557 [FXGL Background Thread 2 ] DEBUG TilesetLoader        - Loading view for layer Tile Layer 1
21:24:26.563 [FXGL Background Thread 2 ] DEBUG TilesetLoader        - Created buffer with size 1280.0x768.0
21:24:26.575 [FXGL Background Thread 2 ] DEBUG TMXLevelLoader       - Creating object layer entities
21:24:26.586 [FXGL Background Thread 2 ] DEBUG GameWorld            - Clearing removable entities
21:24:26.587 [FXGL Background Thread 2 ] DEBUG GameWorld            - Setting level: com.almasb.fxgl.entity.level.Level@f97b33b
21:24:26.601 [FXGL Background Thread 2 ] INFO  FXGLApplication      - Game initialization took: 0.108 sec
21:24:26.603 [JavaFX Application Thread] DEBUG Input                - Clearing active input actions
21:24:26.607 [JavaFX Application Thread] DEBUG GameApplicationServi - Removing overlay from FXGLLoadingScene and adding to GameScene
21:24:26.608 [JavaFX Application Thread] DEBUG PrimaryStageWindow   - FXGLLoadingScene -> GameScene
21:24:26.610 [JavaFX Application Thread] DEBUG FXGLAssetLoaderServi - Loading from file system: file:/C:/Users/acer/OneDrive/Desktop/git%20pull/CSS124L-FINAL-PROJECT/fp/target/classes/assets/textures/Interactables/microwave_close.png
21:24:26.612 [JavaFX Application Thread] DEBUG PrimaryStageWindow   - Push state: PCM_BG
21:24:26.612 [JavaFX Application Thread] DEBUG Input                - Clearing active input actions
21:24:26.612 [JavaFX Application Thread] DEBUG GameApplicationServi - Removing overlay from GameScene and adding to PCM_BG
21:24:26.613 [JavaFX Application Thread] DEBUG PrimaryStageWindow   - GameScene -> PCM_BG
21:24:26.619 [JavaFX Application Thread] DEBUG PrimaryStageWindow   - Push state: PlayerCountMenu
21:24:26.619 [JavaFX Application Thread] DEBUG Input                - Clearing active input actions
21:24:26.619 [JavaFX Application Thread] DEBUG GameApplicationServi - Removing overlay from PCM_BG and adding to PlayerCountMenu
21:24:26.623 [JavaFX Application Thread] DEBUG PrimaryStageWindow   - PCM_BG -> PlayerCountMenu
21:24:27.863 [JavaFX Application Thread] DEBUG PrimaryStageWindow   - Push state: DialogSubScene
21:24:27.864 [JavaFX Application Thread] DEBUG Input                - Clearing active input actions
21:24:27.864 [JavaFX Application Thread] DEBUG GameApplicationServi - Removing overlay from PlayerCountMenu and adding to DialogSubScene
21:24:27.865 [JavaFX Application Thread] DEBUG PrimaryStageWindow   - PlayerCountMenu -> DialogSubScene
21:24:28.458 [JavaFX Application Thread] DEBUG PrimaryStageWindow   - Pop state: DialogSubScene
21:24:28.458 [JavaFX Application Thread] DEBUG Input                - Clearing active input actions
21:24:28.459 [JavaFX Application Thread] DEBUG GameApplicationServi - Removing overlay from DialogSubScene and adding to PlayerCountMenu
21:24:28.460 [JavaFX Application Thread] DEBUG PrimaryStageWindow   - PlayerCountMenu <- DialogSubScene
21:24:28.474 [JavaFX Application Thread] DEBUG FXGLAssetLoaderServi - Loading from file system: file:/C:/Users/acer/OneDrive/Desktop/git%20pull/CSS124L-FINAL-PROJECT/fp/target/classes/assets/sounds/Reload.mp3
21:24:28.485 [JavaFX Application Thread] DEBUG FXGLAssetLoaderServi - Loading from file system: file:/C:/Users/acer/OneDrive/Desktop/git%20pull/CSS124L-FINAL-PROJECT/fp/target/classes/assets/sounds/BerettaM9_Shoot.mp3
21:24:28.494 [JavaFX Application Thread] DEBUG FXGLAssetLoaderServi - Loading from file system: file:/C:/Users/acer/OneDrive/Desktop/git%20pull/CSS124L-FINAL-PROJECT/fp/target/classes/assets/textures/Weapons/Idle/BerettaM9_Idle.png
21:24:28.496 [JavaFX Application Thread] DEBUG FXGLAssetLoaderServi - Loading from file system: file:/C:/Users/acer/OneDrive/Desktop/git%20pull/CSS124L-FINAL-PROJECT/fp/target/classes/assets/textures/Weapons/Shooting/BerettaM9_Shooting.png
21:24:28.503 [JavaFX Application Thread] DEBUG FXGLAssetLoaderServi - Loading from file system: file:/C:/Users/acer/OneDrive/Desktop/git%20pull/CSS124L-FINAL-PROJECT/fp/target/classes/assets/textures/Players/1P_Shoot.png
21:24:28.508 [JavaFX Application Thread] DEBUG FXGLAssetLoaderServi - Loading from file system: file:/C:/Users/acer/OneDrive/Desktop/git%20pull/CSS124L-FINAL-PROJECT/fp/target/classes/assets/textures/Interactables/vending_machine.png
21:24:28.521 [JavaFX Application Thread] DEBUG PrimaryStageWindow   - Push state: LoadingScreen
21:24:28.521 [JavaFX Application Thread] DEBUG Input                - Clearing active input actions
21:24:28.522 [JavaFX Application Thread] DEBUG GameApplicationServi - Removing overlay from PlayerCountMenu and adding to LoadingScreen
21:24:28.522 [JavaFX Application Thread] DEBUG PrimaryStageWindow   - PlayerCountMenu -> LoadingScreen
21:24:28.534 [ServerAsyncConnThread    ] DEBUG TCPServer            - Starting to listen at: 55555 type: class com.almasb.fxgl.core.serialization.Bundle
21:24:30.266 [ServerAsyncConnThread    ] DEBUG Endpoint             - TCPServer opening new connection (1) from /127.0.0.1:56518 type: class com.almasb.fxgl.core.serialization.Bundle
21:24:30.277 [ServerAsyncConnThread    ] DEBUG Endpoint             - TCPServer successfully opened connection (1)
21:24:30.281 [JavaFX Application Thread] DEBUG PrimaryStageWindow   - Pop state: LoadingScreen
21:24:30.281 [JavaFX Application Thread] DEBUG Input                - Clearing active input actions
21:24:30.283 [JavaFX Application Thread] DEBUG GameApplicationServi - Removing overlay from LoadingScreen and adding to PlayerCountMenu
21:24:30.284 [JavaFX Application Thread] DEBUG PrimaryStageWindow   - PlayerCountMenu <- LoadingScreen
21:24:30.284 [JavaFX Application Thread] DEBUG PrimaryStageWindow   - Push state: MultiplayerStart
21:24:30.284 [JavaFX Application Thread] DEBUG Input                - Clearing active input actions
21:24:30.285 [JavaFX Application Thread] DEBUG GameApplicationServi - Removing overlay from PlayerCountMenu and adding to MultiplayerStart
21:24:30.287 [JavaFX Application Thread] DEBUG PrimaryStageWindow   - PlayerCountMenu -> MultiplayerStart
21:24:30.295 [TCPServer_RecvThread-1   ] DEBUG Readers              - Getting TCPMessageReader for class com.almasb.fxgl.core.serialization.Bundle
21:24:30.296 [TCPServer_RecvThread-1   ] DEBUG Readers              - Constructed MessageReader for class com.almasb.fxgl.core.serialization.Bundle: BundleTCPMessageReader
21:24:30.301 [TCPServer_SendThread-1   ] DEBUG Writers              - Getting TCPMessageWriter for class com.almasb.fxgl.core.serialization.Bundle
21:24:30.306 [TCPServer_SendThread-1   ] DEBUG Writers              - Constructed TCPMessageWriter for class com.almasb.fxgl.core.serialization.Bundle: BundleTCPMessageWriter
21:24:33.423 [JavaFX Application Thread] DEBUG LoopRunner           - Stopping loop
21:24:33.424 [JavaFX Application Thread] FATAL FXGLApplication      - Uncaught Exception:
java.lang.NullPointerException
	at com.groupfour.mygame/com.groupfour.mygame.App.lambda$17(App.java:387)
	at java.base/java.util.ArrayList.forEach(ArrayList.java:1541)
	at com.groupfour.mygame/com.groupfour.mygame.App.onServer(App.java:386)
	at com.groupfour.mygame/com.groupfour.mygame.App.lambda$14(App.java:345)
	at javafx.base/com.sun.javafx.event.CompositeEventHandler.dispatchBubblingEvent(CompositeEventHandler.java:86)
	at javafx.base/com.sun.javafx.event.EventHandlerManager.dispatchBubblingEvent(EventHandlerManager.java:234)
	at javafx.base/com.sun.javafx.event.EventHandlerManager.dispatchBubblingEvent(EventHandlerManager.java:191)
	at javafx.base/com.sun.javafx.event.CompositeEventDispatcher.dispatchBubblingEvent(CompositeEventDispatcher.java:59)
	at javafx.base/com.sun.javafx.event.BasicEventDispatcher.dispatchEvent(BasicEventDispatcher.java:58)
	at javafx.base/com.sun.javafx.event.EventDispatchChainImpl.dispatchEvent(EventDispatchChainImpl.java:114)
	at javafx.base/com.sun.javafx.event.BasicEventDispatcher.dispatchEvent(BasicEventDispatcher.java:56)
	at javafx.base/com.sun.javafx.event.EventDispatchChainImpl.dispatchEvent(EventDispatchChainImpl.java:114)
	at javafx.base/com.sun.javafx.event.BasicEventDispatcher.dispatchEvent(BasicEventDispatcher.java:56)
	at javafx.base/com.sun.javafx.event.EventDispatchChainImpl.dispatchEvent(EventDispatchChainImpl.java:114)
	at javafx.base/com.sun.javafx.event.EventUtil.fireEventImpl(EventUtil.java:74)
	at javafx.base/com.sun.javafx.event.EventUtil.fireEvent(EventUtil.java:49)
	at javafx.base/javafx.event.Event.fireEvent(Event.java:198)
	at javafx.graphics/javafx.scene.Node.fireEvent(Node.java:8889)
	at javafx.controls/javafx.scene.control.Button.fire(Button.java:203)
	at javafx.controls/com.sun.javafx.scene.control.behavior.ButtonBehavior.mouseReleased(ButtonBehavior.java:208)
	at javafx.controls/com.sun.javafx.scene.control.inputmap.InputMap.handle(InputMap.java:274)
	at javafx.base/com.sun.javafx.event.CompositeEventHandler$NormalEventHandlerRecord.handleBubblingEvent(CompositeEventHandler.java:247)
	at javafx.base/com.sun.javafx.event.CompositeEventHandler.dispatchBubblingEvent(CompositeEventHandler.java:80)
	at javafx.base/com.sun.javafx.event.EventHandlerManager.dispatchBubblingEvent(EventHandlerManager.java:234)
	at javafx.base/com.sun.javafx.event.EventHandlerManager.dispatchBubblingEvent(EventHandlerManager.java:191)
	at javafx.base/com.sun.javafx.event.CompositeEventDispatcher.dispatchBubblingEvent(CompositeEventDispatcher.java:59)
	at javafx.base/com.sun.javafx.event.BasicEventDispatcher.dispatchEvent(BasicEventDispatcher.java:58)
	at javafx.base/com.sun.javafx.event.EventDispatchChainImpl.dispatchEvent(EventDispatchChainImpl.java:114)
	at javafx.base/com.sun.javafx.event.BasicEventDispatcher.dispatchEvent(BasicEventDispatcher.java:56)
	at javafx.base/com.sun.javafx.event.EventDispatchChainImpl.dispatchEvent(EventDispatchChainImpl.java:114)
	at javafx.base/com.sun.javafx.event.BasicEventDispatcher.dispatchEvent(BasicEventDispatcher.java:56)
	at javafx.base/com.sun.javafx.event.EventDispatchChainImpl.dispatchEvent(EventDispatchChainImpl.java:114)
	at javafx.base/com.sun.javafx.event.EventUtil.fireEventImpl(EventUtil.java:74)
	at javafx.base/com.sun.javafx.event.EventUtil.fireEvent(EventUtil.java:54)
	at javafx.base/javafx.event.Event.fireEvent(Event.java:198)
	at javafx.graphics/javafx.scene.Scene$MouseHandler.process(Scene.java:3856)
	at javafx.graphics/javafx.scene.Scene.processMouseEvent(Scene.java:1851)
	at javafx.graphics/javafx.scene.Scene$ScenePeerListener.mouseEvent(Scene.java:2584)
	at javafx.graphics/com.sun.javafx.tk.quantum.GlassViewEventHandler$MouseEventNotification.run(GlassViewEventHandler.java:409)
	at javafx.graphics/com.sun.javafx.tk.quantum.GlassViewEventHandler$MouseEventNotification.run(GlassViewEventHandler.java:299)
	at java.base/java.security.AccessController.doPrivileged(Native Method)
	at javafx.graphics/com.sun.javafx.tk.quantum.GlassViewEventHandler.lambda$handleMouseEvent$2(GlassViewEventHandler.java:447)
	at javafx.graphics/com.sun.javafx.tk.quantum.QuantumToolkit.runWithoutRenderLock(QuantumToolkit.java:412)
	at javafx.graphics/com.sun.javafx.tk.quantum.GlassViewEventHandler.handleMouseEvent(GlassViewEventHandler.java:446)
	at javafx.graphics/com.sun.glass.ui.View.handleMouseEvent(View.java:556)
	at javafx.graphics/com.sun.glass.ui.View.notifyMouse(View.java:942)
	at javafx.graphics/com.sun.glass.ui.win.WinApplication._runLoop(Native Method)
	at javafx.graphics/com.sun.glass.ui.win.WinApplication.lambda$runLoop$3(WinApplication.java:174)
	at java.base/java.lang.Thread.run(Thread.java:834)

21:24:33.437 [JavaFX Application Thread] FATAL FXGLApplication      - Application will now exit
21:24:33.440 [JavaFX Application Thread] DEBUG PrimaryStageWindow   - Push state: ErrorSubScene
21:24:33.441 [JavaFX Application Thread] DEBUG Input                - Clearing active input actions
21:24:33.441 [JavaFX Application Thread] DEBUG GameApplicationServi - Removing overlay from MultiplayerStart and adding to ErrorSubScene
21:24:33.441 [JavaFX Application Thread] DEBUG PrimaryStageWindow   - MultiplayerStart -> ErrorSubScene
21:24:38.937 [JavaFX Application Thread] DEBUG FXGLApplication      - Exiting FXGL
21:24:38.937 [JavaFX Application Thread] DEBUG Async                - Shutting down background threads
21:24:38.937 [JavaFX Application Thread] DEBUG PrimaryStageWindow   - Closing main window
21:24:38.996 [JavaFX Application Thread] DEBUG Logger               - Closing Logger
