17:24:52.805 [main                     ] DEBUG Logger               - Configured Logger
17:24:52.825 [main                     ] DEBUG GameApplication      - Logging settings
Title: Flatline: Oregon
Version: Alpha 0.3
Width: 800
Height: 600
Fullscreen: false
Intro: false
Profiling: false
Single step:false
App Mode: DEVELOPER
Menu Key: ESCAPE
Stage Style: DECORATED
Scene Factory: class com.groupfour.mygame.App$1

17:24:53.101 [JavaFX Application Thread] DEBUG FXGLApplication      - Initializing FXGL
17:24:53.102 [JavaFX Application Thread] INFO  Engine               - FXGL-dev-SNAPSHOT (28.07.2021 16.39) on WINDOWS (J:11.0.22 FX:16)
17:24:53.103 [JavaFX Application Thread] DEBUG Engine               - JRE Vendor Name: Oracle Corporation
17:24:53.103 [JavaFX Application Thread] DEBUG Engine               - Running on OS: Windows 11 version 10.0
17:24:53.104 [JavaFX Application Thread] DEBUG Engine               - Architecture: amd64
17:24:53.104 [JavaFX Application Thread] INFO  Engine               - Source code and latest versions at: https://github.com/AlmasB/FXGL
17:24:53.104 [JavaFX Application Thread] INFO  Engine               -              Join the FXGL chat at: https://gitter.im/AlmasB/FXGL
17:24:53.158 [JavaFX Application Thread] DEBUG PrimaryStageWindow   - Creating a JavaFX scene
17:24:53.195 [JavaFX Application Thread] DEBUG PrimaryStageWindow   - Target settings size: 800.0 x 600.0
17:24:53.195 [JavaFX Application Thread] DEBUG PrimaryStageWindow   - Scaled scene size:    800.0 x 600.0
17:24:53.195 [JavaFX Application Thread] DEBUG PrimaryStageWindow   - Scaled ratio: (1.0, 1.0)
17:24:53.196 [JavaFX Application Thread] DEBUG PrimaryStageWindow   - Set initial scene to FXGLStartupScene
17:24:53.201 [JavaFX Application Thread] DEBUG PrimaryStageWindow   - Opening main window
17:24:53.266 [JavaFX Application Thread] DEBUG PrimaryStageWindow   - Window border size: (14.4000244140625, 37.5999755859375)
17:24:53.266 [JavaFX Application Thread] DEBUG PrimaryStageWindow   - Scaled size: 800.0 x 600.0
17:24:53.267 [JavaFX Application Thread] DEBUG PrimaryStageWindow   - Scaled ratio: (1.0, 1.0)
17:24:53.267 [JavaFX Application Thread] DEBUG PrimaryStageWindow   - Scene size: 800.0 x 600.0
17:24:53.267 [JavaFX Application Thread] DEBUG PrimaryStageWindow   - Stage size: 814.4000244140625 x 637.5999755859375
17:24:53.271 [FXGL Background Thread 1 ] DEBUG Engine               - Initializing environment variables
17:24:53.312 [FXGL Background Thread 1 ] DEBUG FXGLAssetLoaderServi - User app class for loading assets: class com.groupfour.mygame.App
17:24:53.312 [FXGL Background Thread 1 ] DEBUG GameApplicationServi - Applying CSS: fxgl_dark.css
17:24:53.319 [FXGL Background Thread 1 ] DEBUG FXGLAssetLoaderServi - Loading from file system: jar:file:///C:/Users/acer/.m2/repository/com/github/almasb/fxgl/dev-SNAPSHOT/fxgl-dev-SNAPSHOT.jar!/fxglassets/ui/css/fxgl_dark.css
17:24:53.356 [FXGL Background Thread 1 ] DEBUG GameApplicationServi - Initializing application scenes
17:24:53.386 [FXGL Background Thread 1 ] DEBUG GameWorld            - Game world initialized
17:24:53.424 [FXGL Background Thread 1 ] DEBUG PhysicsWorld         - Physics world initialized: appHeight=600, physics.ppm=50.0
17:24:53.424 [FXGL Background Thread 1 ] DEBUG PhysicsWorld         - Using strategy: BRUTE_FORCE
17:24:53.426 [FXGL Background Thread 1 ] DEBUG GameScene            - Game scene initialized: 800x600
17:24:53.437 [FXGL Background Thread 1 ] DEBUG FXGL.DefaultMenu     - createMenuBodyMainMenu()
17:24:53.448 [FXGL Background Thread 1 ] DEBUG FXGL.DefaultMenu     - createOptionsMenu()
17:24:53.455 [FXGL Background Thread 1 ] DEBUG FXGLAssetLoaderServi - Loading from file system: jar:file:///C:/Users/acer/.m2/repository/com/github/almasb/fxgl/dev-SNAPSHOT/fxgl-dev-SNAPSHOT.jar!/fxglassets/textures/particles/smoke.png
17:24:53.522 [FXGL Background Thread 1 ] DEBUG FXGLAssetLoaderServi - Loading from file system: jar:file:///C:/Users/acer/.m2/repository/com/github/almasb/fxgl/dev-SNAPSHOT/fxgl-dev-SNAPSHOT.jar!/fxglassets/textures/particles/trace_horizontal.png
17:24:53.545 [FXGL Background Thread 1 ] DEBUG GameApplicationServi - Application scenes initialized
17:24:53.552 [FXGL Background Thread 1 ] DEBUG SystemBundleService  - Loading FXGL system data
17:24:53.558 [FXGL Background Thread 1 ] DEBUG FileSystemAccess     - Reading from: C:\Users\acer\OneDrive\Desktop\git pull\CSS124L-FINAL-PROJECT\system\fxgl.bundle
17:24:53.562 [FXGL Background Thread 1 ] DEBUG SystemBundleService  - Bundle FXGL: {}
17:24:53.562 [FXGL Background Thread 1 ] DEBUG UpdaterService       - Checking for updates
17:24:53.583 [FXGL Background Thread 4 ] DEBUG FXGLApplication      - Loading fonts
17:24:53.583 [FXGL Background Thread 1 ] DEBUG FXGLApplication      - Loading default localization
17:24:53.583 [FXGL Background Thread 1 ] DEBUG FXGLAssetLoaderServi - Loading from file system: jar:file:///C:/Users/acer/.m2/repository/com/github/almasb/fxgl/dev-SNAPSHOT/fxgl-dev-SNAPSHOT.jar!/fxglassets/languages/english.lang
17:24:53.583 [FXGL Background Thread 4 ] DEBUG FXGLAssetLoaderServi - Loading from file system: jar:file:///C:/Users/acer/.m2/repository/com/github/almasb/fxgl/dev-SNAPSHOT/fxgl-dev-SNAPSHOT.jar!/fxglassets/ui/fonts/VarelaRound-Regular.ttf
17:24:53.595 [FXGL Background Thread 1 ] INFO  FXGLApplication      - FXGL initialization took: 0.324 sec
17:24:53.607 [JavaFX Application Thread] DEBUG Input                - Registered new binding: Move Upwards - W
17:24:53.608 [JavaFX Application Thread] DEBUG Input                - Registered new binding: Move Down - S
17:24:53.608 [JavaFX Application Thread] DEBUG Input                - Registered new binding: Move Left - A
17:24:53.608 [JavaFX Application Thread] DEBUG Input                - Registered new binding: Move Right - D
17:24:53.608 [JavaFX Application Thread] DEBUG Input                - Registered new binding: Reload - R
17:24:53.609 [JavaFX Application Thread] DEBUG Input                - Registered new binding: Shoot - LMB
17:24:53.609 [JavaFX Application Thread] DEBUG Input                - Registered new binding: Switch Weapons - Q
17:24:53.609 [JavaFX Application Thread] DEBUG Input                - Registered new binding: Interact - F
17:24:53.610 [JavaFX Application Thread] DEBUG FXGLAssetLoaderServi - Loading from file system: jar:file:///C:/Users/acer/.m2/repository/com/github/almasb/fxgl/dev-SNAPSHOT/fxgl-dev-SNAPSHOT.jar!/fxglassets/textures/fxgl_icon.png
17:24:53.633 [JavaFX Application Thread] DEBUG FXGLAssetLoaderServi - Loading from file system: jar:file:///C:/Users/acer/.m2/repository/com/github/almasb/fxgl/dev-SNAPSHOT/fxgl-dev-SNAPSHOT.jar!/fxglassets/textures/fxgl_default_cursor.png
17:24:53.635 [JavaFX Application Thread] DEBUG Input                - Registered new binding: Screenshot - CTRL+8
17:24:53.635 [JavaFX Application Thread] DEBUG Input                - Registered new binding: Dev Options - 1
17:24:53.636 [JavaFX Application Thread] DEBUG Input                - Registered new binding: Dev Console - 2
17:24:53.636 [JavaFX Application Thread] DEBUG Input                - Registered new binding: System info dump - CTRL+9
17:24:53.637 [JavaFX Application Thread] DEBUG Input                - Registered new binding: Restart - CTRL+R
17:24:53.637 [JavaFX Application Thread] DEBUG Input                - Registered new binding: Toggle Debug Camera - CTRL+C
17:24:53.641 [JavaFX Application Thread] DEBUG LoopRunner           - Starting loop
17:24:53.658 [JavaFX Application Thread] DEBUG LoopRunner           - Initializing JavaFX AnimationTimerLoop
17:24:53.661 [JavaFX Application Thread] DEBUG Input                - Clearing active input actions
17:24:53.668 [JavaFX Application Thread] DEBUG GameApplicationServi - Removing overlay from FXGLStartupScene and adding to FXGLMainMenuDummyScene
17:24:53.672 [JavaFX Application Thread] DEBUG PrimaryStageWindow   - FXGLStartupScene -> FXGLMainMenuDummyScene
17:24:53.672 [JavaFX Application Thread] DEBUG PrimaryStageWindow   - Push state: FXGLDefaultMenu
17:24:53.676 [JavaFX Application Thread] DEBUG Input                - Clearing active input actions
17:24:53.682 [JavaFX Application Thread] DEBUG GameApplicationServi - Removing overlay from FXGLMainMenuDummyScene and adding to FXGLDefaultMenu
17:24:53.683 [JavaFX Application Thread] DEBUG PrimaryStageWindow   - FXGLMainMenuDummyScene -> FXGLDefaultMenu
17:24:53.977 [FXGL Background Thread 4 ] DEBUG FXGLAssetLoaderServi - Loading from file system: jar:file:///C:/Users/acer/.m2/repository/com/github/almasb/fxgl/dev-SNAPSHOT/fxgl-dev-SNAPSHOT.jar!/fxglassets/ui/fonts/Abel-Regular.ttf
17:24:53.983 [FXGL Background Thread 4 ] DEBUG FXGLAssetLoaderServi - Loading from file system: jar:file:///C:/Users/acer/.m2/repository/com/github/almasb/fxgl/dev-SNAPSHOT/fxgl-dev-SNAPSHOT.jar!/fxglassets/ui/fonts/lucida_console.ttf
17:24:53.990 [FXGL Background Thread 4 ] DEBUG FXGLAssetLoaderServi - Loading from file system: jar:file:///C:/Users/acer/.m2/repository/com/github/almasb/fxgl/dev-SNAPSHOT/fxgl-dev-SNAPSHOT.jar!/fxglassets/ui/fonts/Courier-Prime.ttf
17:24:54.001 [JavaFX Application Thread] DEBUG FXGLApplication      - Registering font factories with UI factory
17:24:54.255 [JavaFX Application Thread] DEBUG Menu                 - fireNewGame()
17:24:54.255 [JavaFX Application Thread] DEBUG GameApplicationServi - Starting new game
17:24:54.257 [JavaFX Application Thread] DEBUG PrimaryStageWindow   - Pop state: FXGLDefaultMenu
17:24:54.257 [JavaFX Application Thread] DEBUG Input                - Clearing active input actions
17:24:54.258 [JavaFX Application Thread] DEBUG GameApplicationServi - Removing overlay from FXGLDefaultMenu and adding to FXGLMainMenuDummyScene
17:24:54.260 [JavaFX Application Thread] DEBUG PrimaryStageWindow   - FXGLMainMenuDummyScene <- FXGLDefaultMenu
17:24:54.260 [JavaFX Application Thread] DEBUG Input                - Clearing active input actions
17:24:54.267 [JavaFX Application Thread] DEBUG GameApplicationServi - Removing overlay from FXGLMainMenuDummyScene and adding to FXGLLoadingScene
17:24:54.268 [JavaFX Application Thread] DEBUG PrimaryStageWindow   - FXGLMainMenuDummyScene -> FXGLLoadingScene
17:24:54.269 [JavaFX Application Thread] DEBUG GameApplicationServi - Clearing previous game
17:24:54.269 [JavaFX Application Thread] DEBUG GameScene            - Clearing game scene
17:24:54.269 [JavaFX Application Thread] DEBUG GameWorld            - Clearing game world
17:24:54.269 [JavaFX Application Thread] DEBUG PhysicsWorld         - Clearing physics world
17:24:54.270 [FXGL Background Thread 4 ] DEBUG FXGLApplication      - Initializing game
17:24:54.294 [FXGL Background Thread 2 ] INFO  UpdaterService       - Your current version:  dev-SNAPSHOT
17:24:54.295 [FXGL Background Thread 2 ] INFO  UpdaterService       - Latest stable version: 21.1
17:24:54.308 [FXGL Background Thread 4 ] INFO  FXGLApplication      - Game initialization took: 0.037 sec
17:24:54.330 [JavaFX Application Thread] DEBUG Input                - Clearing active input actions
17:24:54.337 [JavaFX Application Thread] DEBUG GameApplicationServi - Removing overlay from FXGLLoadingScene and adding to GameScene
17:24:54.340 [JavaFX Application Thread] DEBUG PrimaryStageWindow   - FXGLLoadingScene -> GameScene
17:24:54.346 [JavaFX Application Thread] DEBUG PrimaryStageWindow   - Push state: PlayerCountMenu
17:24:54.347 [JavaFX Application Thread] DEBUG Input                - Clearing active input actions
17:24:54.347 [JavaFX Application Thread] DEBUG GameApplicationServi - Removing overlay from GameScene and adding to PlayerCountMenu
17:24:54.348 [JavaFX Application Thread] DEBUG PrimaryStageWindow   - GameScene -> PlayerCountMenu
17:24:54.931 [JavaFX Application Thread] DEBUG FXGLAssetLoaderServi - Loading from file system: file:/C:/Users/acer/OneDrive/Desktop/git%20pull/CSS124L-FINAL-PROJECT/fp/target/classes/assets/textures/Weapons/Idle/BerettaM9_Idle.png
17:24:54.932 [JavaFX Application Thread] DEBUG FXGLAssetLoaderServi - Loading from file system: file:/C:/Users/acer/OneDrive/Desktop/git%20pull/CSS124L-FINAL-PROJECT/fp/target/classes/assets/textures/Weapons/Shooting/BerettaM9_Shooting.png
17:24:54.935 [JavaFX Application Thread] DEBUG FXGLAssetLoaderServi - Loading from file system: file:/C:/Users/acer/OneDrive/Desktop/git%20pull/CSS124L-FINAL-PROJECT/fp/target/classes/assets/textures/Players/1P_Shoot.png
17:24:54.939 [JavaFX Application Thread] DEBUG FXGLAssetLoaderServi - Loading from file system: file:/C:/Users/acer/OneDrive/Desktop/git%20pull/CSS124L-FINAL-PROJECT/fp/target/classes/assets/textures/Interactables/vending_machine.png
17:24:54.942 [JavaFX Application Thread] DEBUG FXGLAssetLoaderServi - Loading from file system: file:/C:/Users/acer/OneDrive/Desktop/git%20pull/CSS124L-FINAL-PROJECT/fp/target/classes/assets/textures/Interactables/microwave_close.png
17:24:54.943 [JavaFX Application Thread] DEBUG PrimaryStageWindow   - Pop state: PlayerCountMenu
17:24:54.944 [JavaFX Application Thread] DEBUG Input                - Clearing active input actions
17:24:54.944 [JavaFX Application Thread] DEBUG GameApplicationServi - Removing overlay from PlayerCountMenu and adding to GameScene
17:24:54.944 [JavaFX Application Thread] DEBUG PrimaryStageWindow   - GameScene <- PlayerCountMenu
17:24:55.376 [JavaFX Application Thread] DEBUG FXGLAssetLoaderServi - Loading from file system: file:/C:/Users/acer/OneDrive/Desktop/git%20pull/CSS124L-FINAL-PROJECT/fp/target/classes/assets/textures/Zombies/Basic_Zombie_Walking.png
17:24:55.378 [JavaFX Application Thread] DEBUG FXGLAssetLoaderServi - Loading from file system: file:/C:/Users/acer/OneDrive/Desktop/git%20pull/CSS124L-FINAL-PROJECT/fp/target/classes/assets/textures/Zombies/Basic_Zombie_Attack.png
17:24:56.582 [FXGL Background Thread 3 ] DEBUG Engine               - Logging environment variables
17:24:56.582 [FXGL Background Thread 3 ] DEBUG Engine               - achievements: []
17:24:56.582 [FXGL Background Thread 3 ] DEBUG Engine               - actualHeight: 600.0
17:24:56.582 [FXGL Background Thread 3 ] DEBUG Engine               - actualHeightProperty: ReadOnlyDoubleProperty [value: 600.0]
17:24:56.582 [FXGL Background Thread 3 ] DEBUG Engine               - actualWidth: 800.0
17:24:56.582 [FXGL Background Thread 3 ] DEBUG Engine               - actualWidthProperty: ReadOnlyDoubleProperty [value: 800.0]
17:24:56.582 [FXGL Background Thread 3 ] DEBUG Engine               - appIcon: fxgl_icon.png
17:24:56.582 [FXGL Background Thread 3 ] DEBUG Engine               - applicationMode: DEVELOPER
17:24:56.582 [FXGL Background Thread 3 ] DEBUG Engine               - cSSList: [fxgl_dark.css]
17:24:56.583 [FXGL Background Thread 3 ] DEBUG Engine               - collisionDetectionStrategy: BRUTE_FORCE
17:24:56.583 [FXGL Background Thread 3 ] DEBUG Engine               - configClass: Optional.empty
17:24:56.583 [FXGL Background Thread 3 ] DEBUG Engine               - credits: []
17:24:56.583 [FXGL Background Thread 3 ] DEBUG Engine               - defaultCursor: CursorInfo(imageName=fxgl_default_cursor.png, hotspotX=7.0, hotspotY=6.0)
17:24:56.583 [FXGL Background Thread 3 ] DEBUG Engine               - devBBoxColorProperty: ObjectProperty [value: 0xff0000ff]
17:24:56.583 [FXGL Background Thread 3 ] DEBUG Engine               - devEnableDebugCameraProperty: BooleanProperty [value: false]
17:24:56.583 [FXGL Background Thread 3 ] DEBUG Engine               - devSensorColorProperty: ObjectProperty [value: 0xffff00ff]
17:24:56.583 [FXGL Background Thread 3 ] DEBUG Engine               - devShowBBoxProperty: BooleanProperty [value: false]
17:24:56.583 [FXGL Background Thread 3 ] DEBUG Engine               - devShowPositionProperty: BooleanProperty [value: false]
17:24:56.583 [FXGL Background Thread 3 ] DEBUG Engine               - enabledMenuItems: []
17:24:56.583 [FXGL Background Thread 3 ] DEBUG Engine               - engineServices: [class com.almasb.fxgl.app.services.FXGLAssetLoaderService, class com.almasb.fxgl.app.FXGLApplication$GameApplicationService, class com.almasb.fxgl.app.services.FXGLDialogService, class com.almasb.fxgl.app.services.IOTaskExecutorService, class com.almasb.fxgl.io.FileSystemService, class com.almasb.fxgl.localization.LocalizationService, class com.almasb.fxgl.app.services.SystemBundleService, class com.almasb.fxgl.profile.SaveLoadService, class com.almasb.fxgl.ui.FXGLUIFactoryServiceProvider, class com.almasb.fxgl.ui.FXGLDialogFactoryServiceProvider, class com.almasb.fxgl.audio.AudioPlayer, class com.almasb.fxgl.notification.impl.NotificationServiceProvider, class com.almasb.fxgl.achievement.AchievementService, class com.almasb.fxgl.cutscene.CutsceneService, class com.almasb.fxgl.minigames.MiniGameService, class com.almasb.fxgl.net.NetService, class com.almasb.fxgl.app.services.UpdaterService, class com.almasb.fxgl.dev.DevService, class com.almasb.fxgl.multiplayer.MultiplayerService]
17:24:56.583 [FXGL Background Thread 3 ] DEBUG Engine               - fontGame: Abel-Regular.ttf
17:24:56.583 [FXGL Background Thread 3 ] DEBUG Engine               - fontMono: lucida_console.ttf
17:24:56.583 [FXGL Background Thread 3 ] DEBUG Engine               - fontText: Courier-Prime.ttf
17:24:56.583 [FXGL Background Thread 3 ] DEBUG Engine               - fontUI: VarelaRound-Regular.ttf
17:24:56.583 [FXGL Background Thread 3 ] DEBUG Engine               - fullScreen: BooleanProperty [value: false]
17:24:56.583 [FXGL Background Thread 3 ] DEBUG Engine               - gameDifficulty: MEDIUM
17:24:56.585 [FXGL Background Thread 3 ] DEBUG Engine               - gameDifficultyProperty: ObjectProperty [value: MEDIUM]
17:24:56.585 [FXGL Background Thread 3 ] DEBUG Engine               - globalMusicVolume: 0.5
17:24:56.585 [FXGL Background Thread 3 ] DEBUG Engine               - globalMusicVolumeProperty: DoubleProperty [value: 0.5]
17:24:56.585 [FXGL Background Thread 3 ] DEBUG Engine               - globalSoundVolume: 0.5
17:24:56.585 [FXGL Background Thread 3 ] DEBUG Engine               - globalSoundVolumeProperty: DoubleProperty [value: 0.5]
17:24:56.585 [FXGL Background Thread 3 ] DEBUG Engine               - height: 600
17:24:56.585 [FXGL Background Thread 3 ] DEBUG Engine               - is3D: false
17:24:56.585 [FXGL Background Thread 3 ] DEBUG Engine               - isAndroid: false
17:24:56.585 [FXGL Background Thread 3 ] DEBUG Engine               - isBrowser: false
17:24:56.585 [FXGL Background Thread 3 ] DEBUG Engine               - isClickFeedbackEnabled: false
17:24:56.585 [FXGL Background Thread 3 ] DEBUG Engine               - isCloseConfirmation: false
17:24:56.585 [FXGL Background Thread 3 ] DEBUG Engine               - isDesktop: true
17:24:56.585 [FXGL Background Thread 3 ] DEBUG Engine               - isDeveloperMenuEnabled: true
17:24:56.585 [FXGL Background Thread 3 ] DEBUG Engine               - isEmbedded: false
17:24:56.585 [FXGL Background Thread 3 ] DEBUG Engine               - isEntityPreloadEnabled: true
17:24:56.585 [FXGL Background Thread 3 ] DEBUG Engine               - isExperimentalTiledLargeMap: false
17:24:56.585 [FXGL Background Thread 3 ] DEBUG Engine               - isFileSystemWriteAllowed: true
17:24:56.585 [FXGL Background Thread 3 ] DEBUG Engine               - isFullScreenAllowed: false
17:24:56.585 [FXGL Background Thread 3 ] DEBUG Engine               - isFullScreenFromStart: false
17:24:56.585 [FXGL Background Thread 3 ] DEBUG Engine               - isGameMenuEnabled: true
17:24:56.585 [FXGL Background Thread 3 ] DEBUG Engine               - isIOS: false
17:24:56.585 [FXGL Background Thread 3 ] DEBUG Engine               - isIntroEnabled: false
17:24:56.585 [FXGL Background Thread 3 ] DEBUG Engine               - isLinux: false
17:24:56.585 [FXGL Background Thread 3 ] DEBUG Engine               - isMac: false
17:24:56.585 [FXGL Background Thread 3 ] DEBUG Engine               - isMainMenuEnabled: true
17:24:56.585 [FXGL Background Thread 3 ] DEBUG Engine               - isManualResizeEnabled: false
17:24:56.585 [FXGL Background Thread 3 ] DEBUG Engine               - isMobile: false
17:24:56.586 [FXGL Background Thread 3 ] DEBUG Engine               - isNative: false
17:24:56.586 [FXGL Background Thread 3 ] DEBUG Engine               - isPauseMusicWhenMinimized: true
17:24:56.586 [FXGL Background Thread 3 ] DEBUG Engine               - isPreserveResizeRatio: false
17:24:56.586 [FXGL Background Thread 3 ] DEBUG Engine               - isProfilingEnabled: false
17:24:56.586 [FXGL Background Thread 3 ] DEBUG Engine               - isScaleAffectedOnResize: true
17:24:56.586 [FXGL Background Thread 3 ] DEBUG Engine               - isSingleStep: false
17:24:56.586 [FXGL Background Thread 3 ] DEBUG Engine               - isUserProfileEnabled: false
17:24:56.586 [FXGL Background Thread 3 ] DEBUG Engine               - isWindows: true
17:24:56.586 [FXGL Background Thread 3 ] DEBUG Engine               - language: ObjectProperty [value: ENGLISH]
17:24:56.586 [FXGL Background Thread 3 ] DEBUG Engine               - menuKey: ESCAPE
17:24:56.586 [FXGL Background Thread 3 ] DEBUG Engine               - mouseSensitivity: 0.2
17:24:56.586 [FXGL Background Thread 3 ] DEBUG Engine               - notificationViewClass: class com.almasb.fxgl.notification.view.XboxNotificationView
17:24:56.586 [FXGL Background Thread 3 ] DEBUG Engine               - pixelsPerMeter: 50.0
17:24:56.586 [FXGL Background Thread 3 ] DEBUG Engine               - platform: WINDOWS
17:24:56.586 [FXGL Background Thread 3 ] DEBUG Engine               - prefHeightProperty: ReadOnlyDoubleProperty [value: 600.0]
17:24:56.586 [FXGL Background Thread 3 ] DEBUG Engine               - prefWidthProperty: ReadOnlyDoubleProperty [value: 800.0]
17:24:56.586 [FXGL Background Thread 3 ] DEBUG Engine               - profileDir: profiles/
17:24:56.586 [FXGL Background Thread 3 ] DEBUG Engine               - profileName: StringProperty [value: DEFAULT]
17:24:56.586 [FXGL Background Thread 3 ] DEBUG Engine               - randomSeed: -1
17:24:56.586 [FXGL Background Thread 3 ] DEBUG Engine               - runtimeInfo: RuntimeInfo(platform=WINDOWS, version=dev-SNAPSHOT, build=28.07.2021 16.39)
17:24:56.586 [FXGL Background Thread 3 ] DEBUG Engine               - saveFileExt: sav
17:24:56.586 [FXGL Background Thread 3 ] DEBUG Engine               - scaledHeightProp$fxgl: DoubleProperty [bound, value: 600.0]
17:24:56.586 [FXGL Background Thread 3 ] DEBUG Engine               - scaledWidthProp$fxgl: DoubleProperty [bound, value: 800.0]
17:24:56.586 [FXGL Background Thread 3 ] DEBUG Engine               - sceneFactory: com.groupfour.mygame.App$1@2bcfc70c
17:24:56.586 [FXGL Background Thread 3 ] DEBUG Engine               - secondsIn24h: 60
17:24:56.586 [FXGL Background Thread 3 ] DEBUG Engine               - soundMenuBack: menu/back.wav
17:24:56.586 [FXGL Background Thread 3 ] DEBUG Engine               - soundMenuPress: menu/press.wav
17:24:56.586 [FXGL Background Thread 3 ] DEBUG Engine               - soundMenuSelect: menu/select.wav
17:24:56.586 [FXGL Background Thread 3 ] DEBUG Engine               - soundNotification: core/notification.wav
17:24:56.587 [FXGL Background Thread 3 ] DEBUG Engine               - stageStyle: DECORATED
17:24:56.587 [FXGL Background Thread 3 ] DEBUG Engine               - supportedLanguages: [ENGLISH, FRENCH, GERMAN, HUNGARIAN, RUSSIAN]
17:24:56.587 [FXGL Background Thread 3 ] DEBUG Engine               - ticksPerSecond: -1
17:24:56.587 [FXGL Background Thread 3 ] DEBUG Engine               - title: Flatline: Oregon
17:24:56.587 [FXGL Background Thread 3 ] DEBUG Engine               - urlGithub: https://github.com/AlmasB/FXGL
17:24:56.587 [FXGL Background Thread 3 ] DEBUG Engine               - urlLeaderboard: http://fxgl-top.herokuapp.com/
17:24:56.587 [FXGL Background Thread 3 ] DEBUG Engine               - urlPOM: https://raw.githubusercontent.com/AlmasB/FXGL/release/README.md
17:24:56.587 [FXGL Background Thread 3 ] DEBUG Engine               - userAppClass: class com.groupfour.mygame.App
17:24:56.587 [FXGL Background Thread 3 ] DEBUG Engine               - version: Alpha 0.3
17:24:56.587 [FXGL Background Thread 3 ] DEBUG Engine               - versionCheckDays: 7
17:24:56.587 [FXGL Background Thread 3 ] DEBUG Engine               - width: 800
17:24:56.587 [FXGL Background Thread 3 ] DEBUG Engine               - Logging services
17:24:56.587 [FXGL Background Thread 3 ] DEBUG Engine               - class com.almasb.fxgl.app.services.FXGLAssetLoaderService
17:24:56.587 [FXGL Background Thread 3 ] DEBUG Engine               - class com.almasb.fxgl.app.FXGLApplication$GameApplicationService
17:24:56.587 [FXGL Background Thread 3 ] DEBUG Engine               - class com.almasb.fxgl.app.services.FXGLDialogService
17:24:56.587 [FXGL Background Thread 3 ] DEBUG Engine               - class com.almasb.fxgl.app.services.IOTaskExecutorService
17:24:56.587 [FXGL Background Thread 3 ] DEBUG Engine               - class com.almasb.fxgl.io.FileSystemService
17:24:56.587 [FXGL Background Thread 3 ] DEBUG Engine               - class com.almasb.fxgl.localization.LocalizationService
17:24:56.587 [FXGL Background Thread 3 ] DEBUG Engine               - class com.almasb.fxgl.app.services.SystemBundleService
17:24:56.587 [FXGL Background Thread 3 ] DEBUG Engine               - class com.almasb.fxgl.profile.SaveLoadService
17:24:56.587 [FXGL Background Thread 3 ] DEBUG Engine               - class com.almasb.fxgl.ui.FXGLUIFactoryServiceProvider
17:24:56.587 [FXGL Background Thread 3 ] DEBUG Engine               - class com.almasb.fxgl.ui.FXGLDialogFactoryServiceProvider
17:24:56.587 [FXGL Background Thread 3 ] DEBUG Engine               - class com.almasb.fxgl.audio.AudioPlayer
17:24:56.587 [FXGL Background Thread 3 ] DEBUG Engine               - class com.almasb.fxgl.notification.impl.NotificationServiceProvider
17:24:56.588 [FXGL Background Thread 3 ] DEBUG Engine               - class com.almasb.fxgl.achievement.AchievementService
17:24:56.588 [FXGL Background Thread 3 ] DEBUG Engine               - class com.almasb.fxgl.cutscene.CutsceneService
17:24:56.588 [FXGL Background Thread 3 ] DEBUG Engine               - class com.almasb.fxgl.minigames.MiniGameService
17:24:56.588 [FXGL Background Thread 3 ] DEBUG Engine               - class com.almasb.fxgl.net.NetService
17:24:56.588 [FXGL Background Thread 3 ] DEBUG Engine               - class com.almasb.fxgl.app.services.UpdaterService
17:24:56.588 [FXGL Background Thread 3 ] DEBUG Engine               - class com.almasb.fxgl.dev.DevService
17:24:56.588 [FXGL Background Thread 3 ] DEBUG Engine               - class com.almasb.fxgl.multiplayer.MultiplayerService
17:25:05.767 [JavaFX Application Thread] DEBUG PrimaryStageWindow   - Push state: DialogSubScene
17:25:05.767 [JavaFX Application Thread] DEBUG Input                - Clearing active input actions
17:25:05.767 [JavaFX Application Thread] DEBUG GameApplicationServi - Removing overlay from GameScene and adding to DialogSubScene
17:25:05.768 [JavaFX Application Thread] DEBUG PrimaryStageWindow   - GameScene -> DialogSubScene
17:25:06.427 [JavaFX Application Thread] DEBUG PrimaryStageWindow   - Pop state: DialogSubScene
17:25:06.427 [JavaFX Application Thread] DEBUG Input                - Clearing active input actions
17:25:06.427 [JavaFX Application Thread] DEBUG GameApplicationServi - Removing overlay from DialogSubScene and adding to GameScene
17:25:06.428 [JavaFX Application Thread] DEBUG PrimaryStageWindow   - GameScene <- DialogSubScene
17:25:06.428 [JavaFX Application Thread] DEBUG Input                - Clearing active input actions
17:25:06.430 [JavaFX Application Thread] DEBUG GameApplicationServi - Removing overlay from GameScene and adding to FXGLMainMenuDummyScene
17:25:06.430 [JavaFX Application Thread] DEBUG PrimaryStageWindow   - GameScene -> FXGLMainMenuDummyScene
17:25:06.430 [JavaFX Application Thread] DEBUG PrimaryStageWindow   - Push state: FXGLDefaultMenu
17:25:06.430 [JavaFX Application Thread] DEBUG Input                - Clearing active input actions
17:25:06.431 [JavaFX Application Thread] DEBUG GameApplicationServi - Removing overlay from FXGLMainMenuDummyScene and adding to FXGLDefaultMenu
17:25:06.432 [JavaFX Application Thread] DEBUG PrimaryStageWindow   - FXGLMainMenuDummyScene -> FXGLDefaultMenu
17:25:07.280 [JavaFX Application Thread] DEBUG Menu                 - fireNewGame()
17:25:07.281 [JavaFX Application Thread] DEBUG GameApplicationServi - Starting new game
17:25:07.281 [JavaFX Application Thread] DEBUG PrimaryStageWindow   - Pop state: FXGLDefaultMenu
17:25:07.281 [JavaFX Application Thread] DEBUG Input                - Clearing active input actions
17:25:07.281 [JavaFX Application Thread] DEBUG GameApplicationServi - Removing overlay from FXGLDefaultMenu and adding to FXGLMainMenuDummyScene
17:25:07.281 [JavaFX Application Thread] DEBUG PrimaryStageWindow   - FXGLMainMenuDummyScene <- FXGLDefaultMenu
17:25:07.282 [JavaFX Application Thread] DEBUG Input                - Clearing active input actions
17:25:07.285 [JavaFX Application Thread] DEBUG GameApplicationServi - Removing overlay from FXGLMainMenuDummyScene and adding to FXGLLoadingScene
17:25:07.286 [JavaFX Application Thread] DEBUG PrimaryStageWindow   - FXGLMainMenuDummyScene -> FXGLLoadingScene
17:25:07.286 [JavaFX Application Thread] DEBUG GameApplicationServi - Clearing previous game
17:25:07.286 [JavaFX Application Thread] DEBUG GameScene            - Clearing game scene
17:25:07.286 [JavaFX Application Thread] DEBUG GameWorld            - Clearing game world
17:25:07.287 [JavaFX Application Thread] DEBUG PhysicsWorld         - Clearing physics world
17:25:07.287 [FXGL Background Thread 4 ] DEBUG FXGLApplication      - Initializing game
17:25:07.288 [FXGL Background Thread 4 ] INFO  FXGLApplication      - Game initialization took: 0.001 sec
17:25:07.303 [JavaFX Application Thread] DEBUG Input                - Clearing active input actions
17:25:07.305 [JavaFX Application Thread] DEBUG GameApplicationServi - Removing overlay from FXGLLoadingScene and adding to GameScene
17:25:07.305 [JavaFX Application Thread] DEBUG PrimaryStageWindow   - FXGLLoadingScene -> GameScene
17:25:07.307 [JavaFX Application Thread] DEBUG LoopRunner           - Stopping loop
17:25:07.308 [JavaFX Application Thread] FATAL FXGLApplication      - Uncaught Exception:
java.lang.IllegalArgumentException: Component PlayerComponent not found!
	at com.almasb.fxgl.entity/com.almasb.fxgl.entity.Entity.getComponent(Entity.java:369)
	at com.groupfour.mygame/com.groupfour.mygame.App.onUpdate(App.java:416)
	at com.almasb.fxgl.all/com.almasb.fxgl.app.FXGLApplication$GameApplicationService.onGameUpdate(FXGLApplication.kt:421)
	at com.almasb.fxgl.all/com.almasb.fxgl.app.Engine.onGameUpdate(Engine.kt:137)
	at com.almasb.fxgl.all/com.almasb.fxgl.app.FXGLApplication.postServicesInit$lambda-7(FXGLApplication.kt:182)
	at com.almasb.fxgl.scene/com.almasb.fxgl.scene.Scene.update(Scene.kt:113)
	at com.almasb.fxgl.all/com.almasb.fxgl.app.MainWindow$update$1.invoke(MainWindow.kt:115)
	at com.almasb.fxgl.all/com.almasb.fxgl.app.MainWindow$update$1.invoke(MainWindow.kt:115)
	at com.almasb.fxgl.core/com.almasb.fxgl.core.fsm.StateMachine.runOnActiveStates(StateMachine.kt:69)
	at com.almasb.fxgl.all/com.almasb.fxgl.app.MainWindow.update(MainWindow.kt:115)
	at com.almasb.fxgl.all/com.almasb.fxgl.app.FXGLApplication$GameApplicationService.onUpdate(FXGLApplication.kt:426)
	at com.almasb.fxgl.all/com.almasb.fxgl.app.Engine.loop(Engine.kt:133)
	at com.almasb.fxgl.all/com.almasb.fxgl.app.Engine.access$loop(Engine.kt:24)
	at com.almasb.fxgl.all/com.almasb.fxgl.app.Engine$loop$1.invoke(Engine.kt:28)
	at com.almasb.fxgl.all/com.almasb.fxgl.app.Engine$loop$1.invoke(Engine.kt:28)
	at com.almasb.fxgl.all/com.almasb.fxgl.app.LoopRunner.frame(LoopRunner.kt:103)
	at com.almasb.fxgl.all/com.almasb.fxgl.app.LoopRunner.access$frame(LoopRunner.kt:23)
	at com.almasb.fxgl.all/com.almasb.fxgl.app.LoopRunner$impl$2$1.onTick(LoopRunner.kt:57)
	at com.almasb.fxgl.all/com.almasb.fxgl.app.AnimationTimerLoop$timer$1.handle(LoopRunner.kt:137)
	at javafx.graphics/javafx.animation.AnimationTimer$AnimationTimerReceiver.lambda$handle$0(AnimationTimer.java:57)
	at java.base/java.security.AccessController.doPrivileged(Native Method)
	at javafx.graphics/javafx.animation.AnimationTimer$AnimationTimerReceiver.handle(AnimationTimer.java:56)
	at javafx.graphics/com.sun.scenario.animation.AbstractPrimaryTimer.timePulseImpl(AbstractPrimaryTimer.java:356)
	at javafx.graphics/com.sun.scenario.animation.AbstractPrimaryTimer$MainLoop.run(AbstractPrimaryTimer.java:266)
	at javafx.graphics/com.sun.javafx.tk.quantum.QuantumToolkit.pulse(QuantumToolkit.java:559)
	at javafx.graphics/com.sun.javafx.tk.quantum.QuantumToolkit.pulse(QuantumToolkit.java:543)
	at javafx.graphics/com.sun.javafx.tk.quantum.QuantumToolkit.pulseFromQueue(QuantumToolkit.java:536)
	at javafx.graphics/com.sun.javafx.tk.quantum.QuantumToolkit.lambda$runToolkit$11(QuantumToolkit.java:342)
	at javafx.graphics/com.sun.glass.ui.InvokeLaterDispatcher$Future.run(InvokeLaterDispatcher.java:96)
	at javafx.graphics/com.sun.glass.ui.win.WinApplication._runLoop(Native Method)
	at javafx.graphics/com.sun.glass.ui.win.WinApplication.lambda$runLoop$3(WinApplication.java:174)
	at java.base/java.lang.Thread.run(Thread.java:834)

17:25:07.312 [JavaFX Application Thread] FATAL FXGLApplication      - Application will now exit
17:25:07.315 [JavaFX Application Thread] DEBUG PrimaryStageWindow   - Push state: ErrorSubScene
17:25:07.315 [JavaFX Application Thread] DEBUG Input                - Clearing active input actions
17:25:07.316 [JavaFX Application Thread] DEBUG GameApplicationServi - Removing overlay from GameScene and adding to ErrorSubScene
17:25:07.316 [JavaFX Application Thread] DEBUG PrimaryStageWindow   - GameScene -> ErrorSubScene
17:25:09.293 [JavaFX Application Thread] DEBUG FXGLApplication      - Exiting FXGL
17:25:09.293 [JavaFX Application Thread] DEBUG Async                - Shutting down background threads
17:25:09.293 [JavaFX Application Thread] DEBUG PrimaryStageWindow   - Closing main window
17:25:09.306 [JavaFX Application Thread] DEBUG Logger               - Closing Logger
