00:50:06.327 [main                     ] DEBUG Logger               - Configured Logger
00:50:06.330 [main                     ] DEBUG GameApplication      - Logging settings
Title: Flatline: Oregon
Version: Alpha 0.3
Width: 800
Height: 600
Fullscreen: false
Intro: false
Profiling: false
Single step:false
App Mode: DEVELOPER
Menu Key: ESCAPE
Stage Style: DECORATED
Scene Factory: class com.groupfour.mygame.App$1

00:50:06.626 [JavaFX Application Thread] DEBUG FXGLApplication      - Initializing FXGL
00:50:06.627 [JavaFX Application Thread] INFO  Engine               - FXGL-dev-SNAPSHOT (28.07.2021 16.39) on WINDOWS (J:21.0.4 FX:16)
00:50:06.628 [JavaFX Application Thread] DEBUG Engine               - JRE Vendor Name: Eclipse Adoptium
00:50:06.628 [JavaFX Application Thread] DEBUG Engine               - Running on OS: Windows 11 version 10.0
00:50:06.628 [JavaFX Application Thread] DEBUG Engine               - Architecture: amd64
00:50:06.628 [JavaFX Application Thread] INFO  Engine               - Source code and latest versions at: https://github.com/AlmasB/FXGL
00:50:06.628 [JavaFX Application Thread] INFO  Engine               -              Join the FXGL chat at: https://gitter.im/AlmasB/FXGL
00:50:06.688 [JavaFX Application Thread] DEBUG PrimaryStageWindow   - Creating a JavaFX scene
00:50:06.720 [JavaFX Application Thread] DEBUG PrimaryStageWindow   - Target settings size: 800.0 x 600.0
00:50:06.720 [JavaFX Application Thread] DEBUG PrimaryStageWindow   - Scaled scene size:    800.0 x 600.0
00:50:06.720 [JavaFX Application Thread] DEBUG PrimaryStageWindow   - Scaled ratio: (1.0, 1.0)
00:50:06.720 [JavaFX Application Thread] DEBUG PrimaryStageWindow   - Set initial scene to FXGLStartupScene
00:50:06.725 [JavaFX Application Thread] DEBUG PrimaryStageWindow   - Opening main window
00:50:06.791 [JavaFX Application Thread] DEBUG PrimaryStageWindow   - Window border size: (16.0, 39.0)
00:50:06.791 [JavaFX Application Thread] DEBUG PrimaryStageWindow   - Scaled size: 800.0 x 600.0
00:50:06.791 [JavaFX Application Thread] DEBUG PrimaryStageWindow   - Scaled ratio: (1.0, 1.0)
00:50:06.791 [JavaFX Application Thread] DEBUG PrimaryStageWindow   - Scene size: 800.0 x 600.0
00:50:06.791 [JavaFX Application Thread] DEBUG PrimaryStageWindow   - Stage size: 816.0 x 639.0
00:50:06.798 [FXGL Background Thread 1 ] DEBUG Engine               - Initializing environment variables
00:50:06.862 [FXGL Background Thread 1 ] DEBUG FXGLAssetLoaderServi - User app class for loading assets: class com.groupfour.mygame.App
00:50:06.862 [FXGL Background Thread 1 ] DEBUG GameApplicationServi - Applying CSS: fxgl_dark.css
00:50:06.864 [FXGL Background Thread 1 ] DEBUG FXGLAssetLoaderServi - Loading from file system: jar:file:///C:/Users/Cent/.m2/repository/com/github/almasb/fxgl/dev-SNAPSHOT/fxgl-dev-SNAPSHOT.jar!/fxglassets/ui/css/fxgl_dark.css
00:50:06.913 [FXGL Background Thread 1 ] DEBUG GameApplicationServi - Initializing application scenes
00:50:06.973 [FXGL Background Thread 1 ] DEBUG GameWorld            - Game world initialized
00:50:07.039 [FXGL Background Thread 1 ] DEBUG PhysicsWorld         - Physics world initialized: appHeight=600, physics.ppm=50.0
00:50:07.039 [FXGL Background Thread 1 ] DEBUG PhysicsWorld         - Using strategy: BRUTE_FORCE
00:50:07.042 [FXGL Background Thread 1 ] DEBUG GameScene            - Game scene initialized: 800x600
00:50:07.051 [FXGL Background Thread 1 ] DEBUG FXGL.DefaultMenu     - createMenuBodyMainMenu()
00:50:07.063 [FXGL Background Thread 1 ] DEBUG FXGL.DefaultMenu     - createOptionsMenu()
00:50:07.072 [FXGL Background Thread 1 ] DEBUG FXGLAssetLoaderServi - Loading from file system: jar:file:///C:/Users/Cent/.m2/repository/com/github/almasb/fxgl/dev-SNAPSHOT/fxgl-dev-SNAPSHOT.jar!/fxglassets/textures/particles/smoke.png
00:50:07.177 [FXGL Background Thread 1 ] DEBUG FXGLAssetLoaderServi - Loading from file system: jar:file:///C:/Users/Cent/.m2/repository/com/github/almasb/fxgl/dev-SNAPSHOT/fxgl-dev-SNAPSHOT.jar!/fxglassets/textures/particles/trace_horizontal.png
00:50:07.210 [FXGL Background Thread 1 ] DEBUG GameApplicationServi - Application scenes initialized
00:50:07.219 [FXGL Background Thread 1 ] DEBUG SystemBundleService  - Loading FXGL system data
00:50:07.222 [FXGL Background Thread 1 ] DEBUG FileSystemAccess     - Reading from: c:\Users\Cent\Desktop\CSS124L-LE\CSS124L-FinalExam\CSS124L-FINAL-PROJECT\system\fxgl.bundle
00:50:07.231 [FXGL Background Thread 1 ] DEBUG SystemBundleService  - Bundle FXGL: {}
00:50:07.231 [FXGL Background Thread 1 ] DEBUG UpdaterService       - Checking for updates
00:50:07.252 [FXGL Background Thread 4 ] DEBUG FXGLApplication      - Loading fonts
00:50:07.252 [FXGL Background Thread 1 ] DEBUG FXGLApplication      - Loading default localization
00:50:07.253 [FXGL Background Thread 1 ] DEBUG FXGLAssetLoaderServi - Loading from file system: jar:file:///C:/Users/Cent/.m2/repository/com/github/almasb/fxgl/dev-SNAPSHOT/fxgl-dev-SNAPSHOT.jar!/fxglassets/languages/english.lang
00:50:07.253 [FXGL Background Thread 4 ] DEBUG FXGLAssetLoaderServi - Loading from file system: jar:file:///C:/Users/Cent/.m2/repository/com/github/almasb/fxgl/dev-SNAPSHOT/fxgl-dev-SNAPSHOT.jar!/fxglassets/ui/fonts/VarelaRound-Regular.ttf
00:50:07.264 [FXGL Background Thread 1 ] INFO  FXGLApplication      - FXGL initialization took: 0.466 sec
00:50:07.278 [JavaFX Application Thread] DEBUG Input                - Registered new binding: Move Upwards - W
00:50:07.278 [JavaFX Application Thread] DEBUG Input                - Registered new binding: Move Down - S
00:50:07.278 [JavaFX Application Thread] DEBUG Input                - Registered new binding: Move Left - A
00:50:07.278 [JavaFX Application Thread] DEBUG Input                - Registered new binding: Move Right - D
00:50:07.278 [JavaFX Application Thread] DEBUG Input                - Registered new binding: Reload - R
00:50:07.280 [JavaFX Application Thread] DEBUG Input                - Registered new binding: Shoot - LMB
00:50:07.280 [JavaFX Application Thread] DEBUG Input                - Registered new binding: Switch Weapons - Q
00:50:07.280 [JavaFX Application Thread] DEBUG Input                - Registered new binding: Interact - F
00:50:07.280 [JavaFX Application Thread] DEBUG FXGLAssetLoaderServi - Loading from file system: jar:file:///C:/Users/Cent/.m2/repository/com/github/almasb/fxgl/dev-SNAPSHOT/fxgl-dev-SNAPSHOT.jar!/fxglassets/textures/fxgl_icon.png
00:50:07.284 [FXGL Background Thread 4 ] DEBUG FXGLAssetLoaderServi - Loading from file system: jar:file:///C:/Users/Cent/.m2/repository/com/github/almasb/fxgl/dev-SNAPSHOT/fxgl-dev-SNAPSHOT.jar!/fxglassets/ui/fonts/Abel-Regular.ttf
00:50:07.288 [FXGL Background Thread 4 ] DEBUG FXGLAssetLoaderServi - Loading from file system: jar:file:///C:/Users/Cent/.m2/repository/com/github/almasb/fxgl/dev-SNAPSHOT/fxgl-dev-SNAPSHOT.jar!/fxglassets/ui/fonts/lucida_console.ttf
00:50:07.293 [FXGL Background Thread 4 ] DEBUG FXGLAssetLoaderServi - Loading from file system: jar:file:///C:/Users/Cent/.m2/repository/com/github/almasb/fxgl/dev-SNAPSHOT/fxgl-dev-SNAPSHOT.jar!/fxglassets/ui/fonts/Courier-Prime.ttf
00:50:07.300 [JavaFX Application Thread] DEBUG FXGLAssetLoaderServi - Loading from file system: jar:file:///C:/Users/Cent/.m2/repository/com/github/almasb/fxgl/dev-SNAPSHOT/fxgl-dev-SNAPSHOT.jar!/fxglassets/textures/fxgl_default_cursor.png
00:50:07.302 [JavaFX Application Thread] DEBUG Input                - Registered new binding: Screenshot - CTRL+8
00:50:07.303 [JavaFX Application Thread] DEBUG Input                - Registered new binding: Dev Options - 1
00:50:07.303 [JavaFX Application Thread] DEBUG Input                - Registered new binding: Dev Console - 2
00:50:07.303 [JavaFX Application Thread] DEBUG Input                - Registered new binding: System info dump - CTRL+9
00:50:07.303 [JavaFX Application Thread] DEBUG Input                - Registered new binding: Restart - CTRL+R
00:50:07.303 [JavaFX Application Thread] DEBUG Input                - Registered new binding: Toggle Debug Camera - CTRL+C
00:50:07.307 [JavaFX Application Thread] DEBUG LoopRunner           - Starting loop
00:50:07.317 [JavaFX Application Thread] DEBUG LoopRunner           - Initializing JavaFX AnimationTimerLoop
00:50:07.321 [JavaFX Application Thread] DEBUG Input                - Clearing active input actions
00:50:07.328 [JavaFX Application Thread] DEBUG GameApplicationServi - Removing overlay from FXGLStartupScene and adding to FXGLMainMenuDummyScene
00:50:07.337 [JavaFX Application Thread] DEBUG PrimaryStageWindow   - FXGLStartupScene -> FXGLMainMenuDummyScene
00:50:07.337 [JavaFX Application Thread] DEBUG PrimaryStageWindow   - Push state: FXGLDefaultMenu
00:50:07.349 [JavaFX Application Thread] DEBUG Input                - Clearing active input actions
00:50:07.354 [JavaFX Application Thread] DEBUG GameApplicationServi - Removing overlay from FXGLMainMenuDummyScene and adding to FXGLDefaultMenu
00:50:07.354 [JavaFX Application Thread] DEBUG PrimaryStageWindow   - FXGLMainMenuDummyScene -> FXGLDefaultMenu
00:50:07.360 [JavaFX Application Thread] DEBUG FXGLApplication      - Registering font factories with UI factory
00:50:07.940 [FXGL Background Thread 2 ] INFO  UpdaterService       - Your current version:  dev-SNAPSHOT
00:50:07.941 [FXGL Background Thread 2 ] INFO  UpdaterService       - Latest stable version: 21.1
00:50:08.218 [JavaFX Application Thread] DEBUG FXGLApplication      - Exiting FXGL
00:50:08.219 [JavaFX Application Thread] DEBUG LoopRunner           - Stopping loop
00:50:08.219 [JavaFX Application Thread] DEBUG SystemBundleService  - Saving FXGL system data
00:50:08.221 [JavaFX Application Thread] DEBUG FileSystemAccess     - Writing to: c:\Users\Cent\Desktop\CSS124L-LE\CSS124L-FinalExam\CSS124L-FINAL-PROJECT\system\fxgl.bundle
00:50:08.223 [JavaFX Application Thread] DEBUG Async                - Shutting down background threads
00:50:08.223 [JavaFX Application Thread] DEBUG PrimaryStageWindow   - Closing main window
00:50:08.234 [JavaFX Application Thread] DEBUG Logger               - Closing Logger
