13:04:14.179 [main                     ] DEBUG Logger               - Configured Logger
13:04:14.196 [main                     ] DEBUG GameApplication      - Logging settings
Title: Flatline: Oregon
Version: Alpha 0.3
Width: 800
Height: 600
Fullscreen: false
Intro: false
Profiling: false
Single step:false
App Mode: DEVELOPER
Menu Key: ESCAPE
Stage Style: DECORATED
Scene Factory: class com.groupfour.mygame.App$1

13:04:14.517 [JavaFX Application Thread] DEBUG FXGLApplication      - Initializing FXGL
13:04:14.519 [JavaFX Application Thread] INFO  Engine               - FXGL-dev-SNAPSHOT (28.07.2021 16.39) on WINDOWS (J:11.0.22 FX:16)
13:04:14.520 [JavaFX Application Thread] DEBUG Engine               - JRE Vendor Name: Oracle Corporation
13:04:14.520 [JavaFX Application Thread] DEBUG Engine               - Running on OS: Windows 11 version 10.0
13:04:14.520 [JavaFX Application Thread] DEBUG Engine               - Architecture: amd64
13:04:14.520 [JavaFX Application Thread] INFO  Engine               - Source code and latest versions at: https://github.com/AlmasB/FXGL
13:04:14.520 [JavaFX Application Thread] INFO  Engine               -              Join the FXGL chat at: https://gitter.im/AlmasB/FXGL
13:04:14.583 [JavaFX Application Thread] DEBUG PrimaryStageWindow   - Creating a JavaFX scene
13:04:14.625 [JavaFX Application Thread] DEBUG PrimaryStageWindow   - Target settings size: 800.0 x 600.0
13:04:14.625 [JavaFX Application Thread] DEBUG PrimaryStageWindow   - Scaled scene size:    800.0 x 600.0
13:04:14.625 [JavaFX Application Thread] DEBUG PrimaryStageWindow   - Scaled ratio: (1.0, 1.0)
13:04:14.626 [JavaFX Application Thread] DEBUG PrimaryStageWindow   - Set initial scene to FXGLStartupScene
13:04:14.630 [JavaFX Application Thread] DEBUG PrimaryStageWindow   - Opening main window
13:04:14.702 [JavaFX Application Thread] DEBUG PrimaryStageWindow   - Window border size: (14.4000244140625, 37.5999755859375)
13:04:14.702 [JavaFX Application Thread] DEBUG PrimaryStageWindow   - Scaled size: 800.0 x 600.0
13:04:14.703 [JavaFX Application Thread] DEBUG PrimaryStageWindow   - Scaled ratio: (1.0, 1.0)
13:04:14.703 [JavaFX Application Thread] DEBUG PrimaryStageWindow   - Scene size: 800.0 x 600.0
13:04:14.703 [JavaFX Application Thread] DEBUG PrimaryStageWindow   - Stage size: 814.4000244140625 x 637.5999755859375
13:04:14.709 [FXGL Background Thread 1 ] DEBUG Engine               - Initializing environment variables
13:04:14.746 [FXGL Background Thread 1 ] DEBUG FXGLAssetLoaderServi - User app class for loading assets: class com.groupfour.mygame.App
13:04:14.746 [FXGL Background Thread 1 ] DEBUG GameApplicationServi - Applying CSS: fxgl_dark.css
13:04:14.747 [FXGL Background Thread 1 ] DEBUG FXGLAssetLoaderServi - Loading from file system: jar:file:///C:/Users/acer/.m2/repository/com/github/almasb/fxgl/dev-SNAPSHOT/fxgl-dev-SNAPSHOT.jar!/fxglassets/ui/css/fxgl_dark.css
13:04:14.787 [FXGL Background Thread 1 ] DEBUG GameApplicationServi - Initializing application scenes
13:04:14.814 [FXGL Background Thread 1 ] DEBUG GameWorld            - Game world initialized
13:04:14.855 [FXGL Background Thread 1 ] DEBUG PhysicsWorld         - Physics world initialized: appHeight=600, physics.ppm=50.0
13:04:14.856 [FXGL Background Thread 1 ] DEBUG PhysicsWorld         - Using strategy: BRUTE_FORCE
13:04:14.858 [FXGL Background Thread 1 ] DEBUG GameScene            - Game scene initialized: 800x600
13:04:14.868 [FXGL Background Thread 1 ] DEBUG FXGL.DefaultMenu     - createMenuBodyMainMenu()
13:04:14.881 [FXGL Background Thread 1 ] DEBUG FXGL.DefaultMenu     - createOptionsMenu()
13:04:14.887 [FXGL Background Thread 1 ] DEBUG FXGLAssetLoaderServi - Loading from file system: jar:file:///C:/Users/acer/.m2/repository/com/github/almasb/fxgl/dev-SNAPSHOT/fxgl-dev-SNAPSHOT.jar!/fxglassets/textures/particles/smoke.png
13:04:14.949 [FXGL Background Thread 1 ] DEBUG FXGLAssetLoaderServi - Loading from file system: jar:file:///C:/Users/acer/.m2/repository/com/github/almasb/fxgl/dev-SNAPSHOT/fxgl-dev-SNAPSHOT.jar!/fxglassets/textures/particles/trace_horizontal.png
13:04:14.972 [FXGL Background Thread 1 ] DEBUG GameApplicationServi - Application scenes initialized
13:04:14.979 [FXGL Background Thread 1 ] DEBUG SystemBundleService  - Loading FXGL system data
13:04:14.983 [FXGL Background Thread 1 ] DEBUG FileSystemAccess     - Reading from: C:\Users\acer\OneDrive\Desktop\git pull\CSS124L-FINAL-PROJECT\system\fxgl.bundle
13:04:14.986 [FXGL Background Thread 1 ] DEBUG SystemBundleService  - Bundle FXGL: {}
13:04:14.987 [FXGL Background Thread 1 ] DEBUG UpdaterService       - Checking for updates
13:04:15.007 [FXGL Background Thread 1 ] DEBUG FXGLApplication      - Loading default localization
13:04:15.007 [FXGL Background Thread 4 ] DEBUG FXGLApplication      - Loading fonts
13:04:15.007 [FXGL Background Thread 1 ] DEBUG FXGLAssetLoaderServi - Loading from file system: jar:file:///C:/Users/acer/.m2/repository/com/github/almasb/fxgl/dev-SNAPSHOT/fxgl-dev-SNAPSHOT.jar!/fxglassets/languages/english.lang
13:04:15.007 [FXGL Background Thread 4 ] DEBUG FXGLAssetLoaderServi - Loading from file system: jar:file:///C:/Users/acer/.m2/repository/com/github/almasb/fxgl/dev-SNAPSHOT/fxgl-dev-SNAPSHOT.jar!/fxglassets/ui/fonts/VarelaRound-Regular.ttf
13:04:15.020 [FXGL Background Thread 1 ] INFO  FXGLApplication      - FXGL initialization took: 0.311 sec
13:04:15.029 [JavaFX Application Thread] DEBUG Input                - Registered new binding: Move Upwards - W
13:04:15.030 [JavaFX Application Thread] DEBUG Input                - Registered new binding: Move Down - S
13:04:15.030 [JavaFX Application Thread] DEBUG Input                - Registered new binding: Move Left - A
13:04:15.030 [JavaFX Application Thread] DEBUG Input                - Registered new binding: Move Right - D
13:04:15.030 [JavaFX Application Thread] DEBUG Input                - Registered new binding: Reload - R
13:04:15.031 [JavaFX Application Thread] DEBUG Input                - Registered new binding: Shoot - LMB
13:04:15.031 [JavaFX Application Thread] DEBUG Input                - Registered new binding: Switch Weapons - Q
13:04:15.031 [JavaFX Application Thread] DEBUG Input                - Registered new binding: Interact - F
13:04:15.032 [JavaFX Application Thread] DEBUG FXGLAssetLoaderServi - Loading from file system: jar:file:///C:/Users/acer/.m2/repository/com/github/almasb/fxgl/dev-SNAPSHOT/fxgl-dev-SNAPSHOT.jar!/fxglassets/textures/fxgl_icon.png
13:04:15.047 [JavaFX Application Thread] DEBUG FXGLAssetLoaderServi - Loading from file system: jar:file:///C:/Users/acer/.m2/repository/com/github/almasb/fxgl/dev-SNAPSHOT/fxgl-dev-SNAPSHOT.jar!/fxglassets/textures/fxgl_default_cursor.png
13:04:15.049 [JavaFX Application Thread] DEBUG Input                - Registered new binding: Screenshot - CTRL+8
13:04:15.049 [JavaFX Application Thread] DEBUG Input                - Registered new binding: Dev Options - 1
13:04:15.050 [JavaFX Application Thread] DEBUG Input                - Registered new binding: Dev Console - 2
13:04:15.050 [JavaFX Application Thread] DEBUG Input                - Registered new binding: System info dump - CTRL+9
13:04:15.050 [JavaFX Application Thread] DEBUG Input                - Registered new binding: Restart - CTRL+R
13:04:15.050 [JavaFX Application Thread] DEBUG Input                - Registered new binding: Toggle Debug Camera - CTRL+C
13:04:15.053 [JavaFX Application Thread] DEBUG LoopRunner           - Starting loop
13:04:15.062 [JavaFX Application Thread] DEBUG LoopRunner           - Initializing JavaFX AnimationTimerLoop
13:04:15.066 [JavaFX Application Thread] DEBUG Input                - Clearing active input actions
13:04:15.074 [JavaFX Application Thread] DEBUG GameApplicationServi - Removing overlay from FXGLStartupScene and adding to FXGLMainMenuDummyScene
13:04:15.078 [JavaFX Application Thread] DEBUG PrimaryStageWindow   - FXGLStartupScene -> FXGLMainMenuDummyScene
13:04:15.078 [JavaFX Application Thread] DEBUG PrimaryStageWindow   - Push state: FXGLDefaultMenu
13:04:15.082 [JavaFX Application Thread] DEBUG Input                - Clearing active input actions
13:04:15.088 [JavaFX Application Thread] DEBUG GameApplicationServi - Removing overlay from FXGLMainMenuDummyScene and adding to FXGLDefaultMenu
13:04:15.089 [JavaFX Application Thread] DEBUG PrimaryStageWindow   - FXGLMainMenuDummyScene -> FXGLDefaultMenu
13:04:15.377 [FXGL Background Thread 4 ] DEBUG FXGLAssetLoaderServi - Loading from file system: jar:file:///C:/Users/acer/.m2/repository/com/github/almasb/fxgl/dev-SNAPSHOT/fxgl-dev-SNAPSHOT.jar!/fxglassets/ui/fonts/Abel-Regular.ttf
13:04:15.383 [FXGL Background Thread 4 ] DEBUG FXGLAssetLoaderServi - Loading from file system: jar:file:///C:/Users/acer/.m2/repository/com/github/almasb/fxgl/dev-SNAPSHOT/fxgl-dev-SNAPSHOT.jar!/fxglassets/ui/fonts/lucida_console.ttf
13:04:15.391 [FXGL Background Thread 4 ] DEBUG FXGLAssetLoaderServi - Loading from file system: jar:file:///C:/Users/acer/.m2/repository/com/github/almasb/fxgl/dev-SNAPSHOT/fxgl-dev-SNAPSHOT.jar!/fxglassets/ui/fonts/Courier-Prime.ttf
13:04:15.397 [JavaFX Application Thread] DEBUG FXGLApplication      - Registering font factories with UI factory
13:04:15.739 [JavaFX Application Thread] DEBUG Menu                 - fireNewGame()
13:04:15.739 [JavaFX Application Thread] DEBUG GameApplicationServi - Starting new game
13:04:15.740 [JavaFX Application Thread] DEBUG PrimaryStageWindow   - Pop state: FXGLDefaultMenu
13:04:15.740 [JavaFX Application Thread] DEBUG Input                - Clearing active input actions
13:04:15.742 [JavaFX Application Thread] DEBUG GameApplicationServi - Removing overlay from FXGLDefaultMenu and adding to FXGLMainMenuDummyScene
13:04:15.743 [JavaFX Application Thread] DEBUG PrimaryStageWindow   - FXGLMainMenuDummyScene <- FXGLDefaultMenu
13:04:15.743 [JavaFX Application Thread] DEBUG Input                - Clearing active input actions
13:04:15.750 [JavaFX Application Thread] DEBUG GameApplicationServi - Removing overlay from FXGLMainMenuDummyScene and adding to FXGLLoadingScene
13:04:15.750 [JavaFX Application Thread] DEBUG PrimaryStageWindow   - FXGLMainMenuDummyScene -> FXGLLoadingScene
13:04:15.750 [JavaFX Application Thread] DEBUG GameApplicationServi - Clearing previous game
13:04:15.751 [JavaFX Application Thread] DEBUG GameScene            - Clearing game scene
13:04:15.751 [JavaFX Application Thread] DEBUG GameWorld            - Clearing game world
13:04:15.751 [JavaFX Application Thread] DEBUG PhysicsWorld         - Clearing physics world
13:04:15.752 [FXGL Background Thread 4 ] DEBUG FXGLApplication      - Initializing game
13:04:15.756 [FXGL Background Thread 2 ] INFO  UpdaterService       - Your current version:  dev-SNAPSHOT
13:04:15.757 [FXGL Background Thread 2 ] INFO  UpdaterService       - Latest stable version: 21.1
13:04:15.785 [FXGL Background Thread 4 ] DEBUG FXGLAssetLoaderServi - Loading from file system: file:/C:/Users/acer/OneDrive/Desktop/git%20pull/CSS124L-FINAL-PROJECT/fp/target/classes/assets/textures/Players/1P_Idle.png
13:04:15.788 [FXGL Background Thread 4 ] DEBUG FXGLAssetLoaderServi - Loading from file system: file:/C:/Users/acer/OneDrive/Desktop/git%20pull/CSS124L-FINAL-PROJECT/fp/target/classes/assets/textures/Players/1P_Walk.gif
13:04:15.794 [FXGL Background Thread 4 ] DEBUG FXGLAssetLoaderServi - Loading from file system: file:/C:/Users/acer/OneDrive/Desktop/git%20pull/CSS124L-FINAL-PROJECT/fp/target/classes/assets/textures/Players/1P_Shoot.gif
13:04:15.815 [FXGL Background Thread 4 ] INFO  FXGLApplication      - Game initialization took: 0.063 sec
13:04:15.817 [JavaFX Application Thread] DEBUG Input                - Clearing active input actions
13:04:15.824 [JavaFX Application Thread] DEBUG GameApplicationServi - Removing overlay from FXGLLoadingScene and adding to GameScene
13:04:15.826 [JavaFX Application Thread] DEBUG PrimaryStageWindow   - FXGLLoadingScene -> GameScene
13:04:15.830 [JavaFX Application Thread] DEBUG PrimaryStageWindow   - Push state: PlayerCountMenu
13:04:15.830 [JavaFX Application Thread] DEBUG Input                - Clearing active input actions
13:04:15.830 [JavaFX Application Thread] DEBUG GameApplicationServi - Removing overlay from GameScene and adding to PlayerCountMenu
13:04:15.831 [JavaFX Application Thread] DEBUG PrimaryStageWindow   - GameScene -> PlayerCountMenu
13:04:16.413 [JavaFX Application Thread] DEBUG PrimaryStageWindow   - Pop state: PlayerCountMenu
13:04:16.413 [JavaFX Application Thread] DEBUG Input                - Clearing active input actions
13:04:16.413 [JavaFX Application Thread] DEBUG GameApplicationServi - Removing overlay from PlayerCountMenu and adding to GameScene
13:04:16.414 [JavaFX Application Thread] DEBUG PrimaryStageWindow   - GameScene <- PlayerCountMenu
13:04:16.832 [JavaFX Application Thread] DEBUG FXGLAssetLoaderServi - Loading from file system: file:/C:/Users/acer/OneDrive/Desktop/git%20pull/CSS124L-FINAL-PROJECT/fp/target/classes/assets/textures/Zombies/Basic_Zombie_Walking.gif
13:04:16.834 [JavaFX Application Thread] DEBUG FXGLAssetLoaderServi - Loading from file system: file:/C:/Users/acer/OneDrive/Desktop/git%20pull/CSS124L-FINAL-PROJECT/fp/target/classes/assets/textures/Zombies/Basic_Zombie_Attack.gif
13:04:17.967 [JavaFX Application Thread] DEBUG FXGLApplication      - Exiting FXGL
13:04:17.967 [JavaFX Application Thread] DEBUG LoopRunner           - Stopping loop
13:04:17.968 [JavaFX Application Thread] DEBUG SystemBundleService  - Saving FXGL system data
13:04:17.969 [JavaFX Application Thread] DEBUG FileSystemAccess     - Writing to: C:\Users\acer\OneDrive\Desktop\git pull\CSS124L-FINAL-PROJECT\system\fxgl.bundle
13:04:17.971 [JavaFX Application Thread] DEBUG Async                - Shutting down background threads
13:04:17.971 [JavaFX Application Thread] DEBUG PrimaryStageWindow   - Closing main window
13:04:17.983 [JavaFX Application Thread] DEBUG Logger               - Closing Logger
