18:42:51.532 [main                     ] DEBUG Logger               - Configured Logger
18:42:51.561 [main                     ] DEBUG GameApplication      - Logging settings
Title: Flatline: Oregon
Version: Beta ?
Width: 800
Height: 600
Fullscreen: false
Intro: false
Profiling: false
Single step:false
App Mode: DEVELOPER
Menu Key: ESCAPE
Stage Style: DECORATED
Scene Factory: class com.groupfour.mygame.App$1

18:42:51.892 [JavaFX Application Thread] DEBUG FXGLApplication      - Initializing FXGL
18:42:51.894 [JavaFX Application Thread] INFO  Engine               - FXGL-dev-SNAPSHOT (28.07.2021 16.39) on WINDOWS (J:11.0.22 FX:16)
18:42:51.895 [JavaFX Application Thread] DEBUG Engine               - JRE Vendor Name: Oracle Corporation
18:42:51.895 [JavaFX Application Thread] DEBUG Engine               - Running on OS: Windows 11 version 10.0
18:42:51.895 [JavaFX Application Thread] DEBUG Engine               - Architecture: amd64
18:42:51.896 [JavaFX Application Thread] INFO  Engine               - Source code and latest versions at: https://github.com/AlmasB/FXGL
18:42:51.896 [JavaFX Application Thread] INFO  Engine               -              Join the FXGL chat at: https://gitter.im/AlmasB/FXGL
18:42:51.965 [JavaFX Application Thread] DEBUG PrimaryStageWindow   - Creating a JavaFX scene
18:42:52.018 [JavaFX Application Thread] DEBUG PrimaryStageWindow   - Target settings size: 800.0 x 600.0
18:42:52.019 [JavaFX Application Thread] DEBUG PrimaryStageWindow   - Scaled scene size:    800.0 x 600.0
18:42:52.019 [JavaFX Application Thread] DEBUG PrimaryStageWindow   - Scaled ratio: (1.0, 1.0)
18:42:52.020 [JavaFX Application Thread] DEBUG PrimaryStageWindow   - Set initial scene to FXGLStartupScene
18:42:52.025 [JavaFX Application Thread] DEBUG PrimaryStageWindow   - Opening main window
18:42:52.124 [JavaFX Application Thread] DEBUG PrimaryStageWindow   - Window border size: (14.4000244140625, 37.5999755859375)
18:42:52.125 [JavaFX Application Thread] DEBUG PrimaryStageWindow   - Scaled size: 800.0 x 600.0
18:42:52.125 [JavaFX Application Thread] DEBUG PrimaryStageWindow   - Scaled ratio: (1.0, 1.0)
18:42:52.125 [JavaFX Application Thread] DEBUG PrimaryStageWindow   - Scene size: 800.0 x 600.0
18:42:52.125 [JavaFX Application Thread] DEBUG PrimaryStageWindow   - Stage size: 814.4000244140625 x 637.5999755859375
18:42:52.130 [FXGL Background Thread 1 ] DEBUG Engine               - Initializing environment variables
18:42:52.174 [FXGL Background Thread 1 ] DEBUG FXGLAssetLoaderServi - User app class for loading assets: class com.groupfour.mygame.App
18:42:52.174 [FXGL Background Thread 1 ] DEBUG GameApplicationServi - Applying CSS: fxgl_dark.css
18:42:52.175 [FXGL Background Thread 1 ] DEBUG FXGLAssetLoaderServi - Loading from file system: jar:file:///C:/Users/acer/.m2/repository/com/github/almasb/fxgl/dev-SNAPSHOT/fxgl-dev-SNAPSHOT.jar!/fxglassets/ui/css/fxgl_dark.css
18:42:52.217 [FXGL Background Thread 1 ] DEBUG GameApplicationServi - Initializing application scenes
18:42:52.250 [FXGL Background Thread 1 ] DEBUG GameWorld            - Game world initialized
18:42:52.292 [FXGL Background Thread 1 ] DEBUG PhysicsWorld         - Physics world initialized: appHeight=600, physics.ppm=50.0
18:42:52.292 [FXGL Background Thread 1 ] DEBUG PhysicsWorld         - Using strategy: BRUTE_FORCE
18:42:52.294 [FXGL Background Thread 1 ] DEBUG GameScene            - Game scene initialized: 800x600
18:42:52.304 [FXGL Background Thread 1 ] DEBUG FXGL.DefaultMenu     - createMenuBodyMainMenu()
18:42:52.318 [FXGL Background Thread 1 ] DEBUG FXGL.DefaultMenu     - createOptionsMenu()
18:42:52.326 [FXGL Background Thread 1 ] DEBUG FXGLAssetLoaderServi - Loading from file system: jar:file:///C:/Users/acer/.m2/repository/com/github/almasb/fxgl/dev-SNAPSHOT/fxgl-dev-SNAPSHOT.jar!/fxglassets/textures/particles/smoke.png
18:42:52.393 [FXGL Background Thread 1 ] DEBUG FXGLAssetLoaderServi - Loading from file system: jar:file:///C:/Users/acer/.m2/repository/com/github/almasb/fxgl/dev-SNAPSHOT/fxgl-dev-SNAPSHOT.jar!/fxglassets/textures/particles/trace_horizontal.png
18:42:52.419 [FXGL Background Thread 1 ] DEBUG FXGLAssetLoaderServi - Loading from file system: file:/C:/Users/acer/OneDrive/Desktop/git%20pull/CSS124L-FINAL-PROJECT/fp/target/classes/assets/textures/spbtn.png
18:42:52.439 [FXGL Background Thread 1 ] DEBUG FXGLAssetLoaderServi - Loading from file system: file:/C:/Users/acer/OneDrive/Desktop/git%20pull/CSS124L-FINAL-PROJECT/fp/target/classes/assets/textures/mpbtn.png
18:42:52.445 [FXGL Background Thread 1 ] DEBUG FXGLAssetLoaderServi - Loading from file system: file:/C:/Users/acer/OneDrive/Desktop/git%20pull/CSS124L-FINAL-PROJECT/fp/target/classes/assets/textures/return.png
18:42:52.459 [FXGL Background Thread 1 ] DEBUG GameApplicationServi - Application scenes initialized
18:42:52.467 [FXGL Background Thread 1 ] DEBUG SystemBundleService  - Loading FXGL system data
18:42:52.471 [FXGL Background Thread 1 ] DEBUG FileSystemAccess     - Reading from: C:\Users\acer\OneDrive\Desktop\git pull\CSS124L-FINAL-PROJECT\system\fxgl.bundle
18:42:52.476 [FXGL Background Thread 1 ] DEBUG SystemBundleService  - Bundle FXGL: {}
18:42:52.477 [FXGL Background Thread 1 ] DEBUG UpdaterService       - Checking for updates
18:42:52.497 [FXGL Background Thread 4 ] DEBUG FXGLApplication      - Loading fonts
18:42:52.498 [FXGL Background Thread 1 ] DEBUG FXGLApplication      - Loading default localization
18:42:52.498 [FXGL Background Thread 4 ] DEBUG FXGLAssetLoaderServi - Loading from file system: jar:file:///C:/Users/acer/.m2/repository/com/github/almasb/fxgl/dev-SNAPSHOT/fxgl-dev-SNAPSHOT.jar!/fxglassets/ui/fonts/VarelaRound-Regular.ttf
18:42:52.498 [FXGL Background Thread 1 ] DEBUG FXGLAssetLoaderServi - Loading from file system: jar:file:///C:/Users/acer/.m2/repository/com/github/almasb/fxgl/dev-SNAPSHOT/fxgl-dev-SNAPSHOT.jar!/fxglassets/languages/english.lang
18:42:52.512 [FXGL Background Thread 1 ] INFO  FXGLApplication      - FXGL initialization took: 0.382 sec
18:42:52.525 [JavaFX Application Thread] DEBUG Input                - Registered new binding: Move Upwards - W
18:42:52.525 [JavaFX Application Thread] DEBUG Input                - Registered new binding: Move Down - S
18:42:52.525 [JavaFX Application Thread] DEBUG Input                - Registered new binding: Move Left - A
18:42:52.525 [JavaFX Application Thread] DEBUG Input                - Registered new binding: Move Right - D
18:42:52.525 [JavaFX Application Thread] DEBUG Input                - Registered new binding: Reload - R
18:42:52.526 [JavaFX Application Thread] DEBUG Input                - Registered new binding: Shoot - LMB
18:42:52.527 [JavaFX Application Thread] DEBUG Input                - Registered new binding: Switch Weapons - Q
18:42:52.527 [JavaFX Application Thread] DEBUG Input                - Registered new binding: Interact - F
18:42:52.527 [JavaFX Application Thread] DEBUG FXGLAssetLoaderServi - Loading from file system: jar:file:///C:/Users/acer/.m2/repository/com/github/almasb/fxgl/dev-SNAPSHOT/fxgl-dev-SNAPSHOT.jar!/fxglassets/textures/fxgl_icon.png
18:42:52.534 [JavaFX Application Thread] DEBUG FXGLAssetLoaderServi - Loading from file system: jar:file:///C:/Users/acer/.m2/repository/com/github/almasb/fxgl/dev-SNAPSHOT/fxgl-dev-SNAPSHOT.jar!/fxglassets/textures/fxgl_default_cursor.png
18:42:52.536 [JavaFX Application Thread] DEBUG Input                - Registered new binding: Screenshot - CTRL+8
18:42:52.536 [JavaFX Application Thread] DEBUG Input                - Registered new binding: Dev Options - 1
18:42:52.537 [JavaFX Application Thread] DEBUG Input                - Registered new binding: Dev Console - 2
18:42:52.537 [JavaFX Application Thread] DEBUG Input                - Registered new binding: System info dump - CTRL+9
18:42:52.537 [JavaFX Application Thread] DEBUG Input                - Registered new binding: Restart - CTRL+R
18:42:52.539 [JavaFX Application Thread] DEBUG Input                - Registered new binding: Toggle Debug Camera - CTRL+C
18:42:52.542 [JavaFX Application Thread] DEBUG LoopRunner           - Starting loop
18:42:52.556 [JavaFX Application Thread] DEBUG LoopRunner           - Initializing JavaFX AnimationTimerLoop
18:42:52.559 [JavaFX Application Thread] DEBUG Input                - Clearing active input actions
18:42:52.567 [JavaFX Application Thread] DEBUG GameApplicationServi - Removing overlay from FXGLStartupScene and adding to FXGLMainMenuDummyScene
18:42:52.573 [JavaFX Application Thread] DEBUG PrimaryStageWindow   - FXGLStartupScene -> FXGLMainMenuDummyScene
18:42:52.573 [JavaFX Application Thread] DEBUG PrimaryStageWindow   - Push state: FXGLDefaultMenu
18:42:52.576 [JavaFX Application Thread] DEBUG Input                - Clearing active input actions
18:42:52.582 [JavaFX Application Thread] DEBUG GameApplicationServi - Removing overlay from FXGLMainMenuDummyScene and adding to FXGLDefaultMenu
18:42:52.583 [JavaFX Application Thread] DEBUG PrimaryStageWindow   - FXGLMainMenuDummyScene -> FXGLDefaultMenu
18:42:53.003 [FXGL Background Thread 4 ] DEBUG FXGLAssetLoaderServi - Loading from file system: jar:file:///C:/Users/acer/.m2/repository/com/github/almasb/fxgl/dev-SNAPSHOT/fxgl-dev-SNAPSHOT.jar!/fxglassets/ui/fonts/Abel-Regular.ttf
18:42:53.009 [FXGL Background Thread 4 ] DEBUG FXGLAssetLoaderServi - Loading from file system: jar:file:///C:/Users/acer/.m2/repository/com/github/almasb/fxgl/dev-SNAPSHOT/fxgl-dev-SNAPSHOT.jar!/fxglassets/ui/fonts/lucida_console.ttf
18:42:53.017 [FXGL Background Thread 4 ] DEBUG FXGLAssetLoaderServi - Loading from file system: jar:file:///C:/Users/acer/.m2/repository/com/github/almasb/fxgl/dev-SNAPSHOT/fxgl-dev-SNAPSHOT.jar!/fxglassets/ui/fonts/Courier-Prime.ttf
18:42:53.032 [JavaFX Application Thread] DEBUG FXGLApplication      - Registering font factories with UI factory
18:42:53.479 [FXGL Background Thread 2 ] INFO  UpdaterService       - Your current version:  dev-SNAPSHOT
18:42:53.480 [FXGL Background Thread 2 ] INFO  UpdaterService       - Latest stable version: 21.1
18:42:53.524 [JavaFX Application Thread] DEBUG Menu                 - fireNewGame()
18:42:53.524 [JavaFX Application Thread] DEBUG GameApplicationServi - Starting new game
18:42:53.526 [JavaFX Application Thread] DEBUG PrimaryStageWindow   - Pop state: FXGLDefaultMenu
18:42:53.527 [JavaFX Application Thread] DEBUG Input                - Clearing active input actions
18:42:53.529 [JavaFX Application Thread] DEBUG GameApplicationServi - Removing overlay from FXGLDefaultMenu and adding to FXGLMainMenuDummyScene
18:42:53.531 [JavaFX Application Thread] DEBUG PrimaryStageWindow   - FXGLMainMenuDummyScene <- FXGLDefaultMenu
18:42:53.531 [JavaFX Application Thread] DEBUG Input                - Clearing active input actions
18:42:53.539 [JavaFX Application Thread] DEBUG GameApplicationServi - Removing overlay from FXGLMainMenuDummyScene and adding to FXGLLoadingScene
18:42:53.539 [JavaFX Application Thread] DEBUG PrimaryStageWindow   - FXGLMainMenuDummyScene -> FXGLLoadingScene
18:42:53.539 [JavaFX Application Thread] DEBUG GameApplicationServi - Clearing previous game
18:42:53.539 [JavaFX Application Thread] DEBUG GameScene            - Clearing game scene
18:42:53.539 [JavaFX Application Thread] DEBUG GameWorld            - Clearing game world
18:42:53.539 [JavaFX Application Thread] DEBUG PhysicsWorld         - Clearing physics world
18:42:53.540 [FXGL Background Thread 2 ] DEBUG FXGLApplication      - Initializing game
18:42:53.579 [FXGL Background Thread 2 ] WARN  TMXLevelLoader       - TiledMap generated from 1.11.0. Supported version: 1.2.3. Some features may not be parsed fully.
18:42:53.586 [FXGL Background Thread 2 ] DEBUG TMXLevelLoader       - Parsed TiledMap: file:/C:/Users/acer/OneDrive/Desktop/git%20pull/CSS124L-FINAL-PROJECT/fp/target/classes/assets/levels/Lobby.tmx
18:42:53.588 [FXGL Background Thread 2 ] DEBUG TMXLevelLoader       - Creating tile layer entities
18:42:53.588 [FXGL Background Thread 2 ] DEBUG TilesetLoader        - Loading view for layer Tile Layer 1
18:42:53.590 [FXGL Background Thread 2 ] DEBUG TilesetLoader        - Created buffer with size 1280.0x768.0
18:42:53.600 [FXGL Background Thread 2 ] DEBUG TMXLevelLoader       - Creating object layer entities
18:42:53.618 [FXGL Background Thread 2 ] DEBUG GameWorld            - Clearing removable entities
18:42:53.618 [FXGL Background Thread 2 ] DEBUG GameWorld            - Setting level: com.almasb.fxgl.entity.level.Level@5158f75c
18:42:53.622 [FXGL Background Thread 2 ] DEBUG FXGLAssetLoaderServi - Loading from file system: file:/C:/Users/acer/OneDrive/Desktop/git%20pull/CSS124L-FINAL-PROJECT/fp/target/classes/assets/ui/fonts/PIXELADE.TTF
18:42:53.639 [FXGL Background Thread 2 ] INFO  FXGLApplication      - Game initialization took: 0.098 sec
18:42:53.640 [JavaFX Application Thread] DEBUG Input                - Clearing active input actions
18:42:53.646 [JavaFX Application Thread] DEBUG GameApplicationServi - Removing overlay from FXGLLoadingScene and adding to GameScene
18:42:53.647 [JavaFX Application Thread] DEBUG PrimaryStageWindow   - FXGLLoadingScene -> GameScene
18:42:53.649 [JavaFX Application Thread] DEBUG FXGLAssetLoaderServi - Loading from file system: file:/C:/Users/acer/OneDrive/Desktop/git%20pull/CSS124L-FINAL-PROJECT/fp/target/classes/assets/textures/Interactables/microwave_close.png
18:42:53.651 [JavaFX Application Thread] DEBUG PrimaryStageWindow   - Push state: PCM_BG
18:42:53.651 [JavaFX Application Thread] DEBUG Input                - Clearing active input actions
18:42:53.651 [JavaFX Application Thread] DEBUG GameApplicationServi - Removing overlay from GameScene and adding to PCM_BG
18:42:53.651 [JavaFX Application Thread] DEBUG PrimaryStageWindow   - GameScene -> PCM_BG
18:42:53.654 [JavaFX Application Thread] DEBUG PrimaryStageWindow   - Push state: PlayerCountMenu
18:42:53.654 [JavaFX Application Thread] DEBUG Input                - Clearing active input actions
18:42:53.654 [JavaFX Application Thread] DEBUG GameApplicationServi - Removing overlay from PCM_BG and adding to PlayerCountMenu
18:42:53.658 [JavaFX Application Thread] DEBUG PrimaryStageWindow   - PCM_BG -> PlayerCountMenu
18:42:55.138 [JavaFX Application Thread] DEBUG FXGLApplication      - Exiting FXGL
18:42:55.139 [JavaFX Application Thread] DEBUG LoopRunner           - Stopping loop
18:42:55.139 [JavaFX Application Thread] DEBUG SystemBundleService  - Saving FXGL system data
18:42:55.140 [JavaFX Application Thread] DEBUG FileSystemAccess     - Writing to: C:\Users\acer\OneDrive\Desktop\git pull\CSS124L-FINAL-PROJECT\system\fxgl.bundle
18:42:55.142 [JavaFX Application Thread] DEBUG Async                - Shutting down background threads
18:42:55.142 [JavaFX Application Thread] DEBUG PrimaryStageWindow   - Closing main window
18:42:55.156 [JavaFX Application Thread] DEBUG Logger               - Closing Logger
