13:54:12.346 [main                     ] DEBUG Logger               - Configured Logger
13:54:12.354 [main                     ] DEBUG GameApplication      - Logging settings
Title: Flatline: Oregon
Version: Alpha 0.3
Width: 800
Height: 600
Fullscreen: false
Intro: false
Profiling: false
Single step:false
App Mode: DEVELOPER
Menu Key: ESCAPE
Stage Style: DECORATED
Scene Factory: class com.groupfour.mygame.App$1

13:54:12.983 [JavaFX Application Thread] DEBUG FXGLApplication      - Initializing FXGL
13:54:12.986 [JavaFX Application Thread] INFO  Engine               - FXGL-dev-SNAPSHOT (28.07.2021 16.39) on WINDOWS (J:21.0.4 FX:16)
13:54:12.987 [JavaFX Application Thread] DEBUG Engine               - JRE Vendor Name: Eclipse Adoptium
13:54:12.988 [JavaFX Application Thread] DEBUG Engine               - Running on OS: Windows 11 version 10.0
13:54:12.988 [JavaFX Application Thread] DEBUG Engine               - Architecture: amd64
13:54:12.988 [JavaFX Application Thread] INFO  Engine               - Source code and latest versions at: https://github.com/AlmasB/FXGL
13:54:12.988 [JavaFX Application Thread] INFO  Engine               -              Join the FXGL chat at: https://gitter.im/AlmasB/FXGL
13:54:13.141 [JavaFX Application Thread] DEBUG PrimaryStageWindow   - Creating a JavaFX scene
13:54:13.214 [JavaFX Application Thread] DEBUG PrimaryStageWindow   - Target settings size: 800.0 x 600.0
13:54:13.215 [JavaFX Application Thread] DEBUG PrimaryStageWindow   - Scaled scene size:    800.0 x 600.0
13:54:13.215 [JavaFX Application Thread] DEBUG PrimaryStageWindow   - Scaled ratio: (1.0, 1.0)
13:54:13.216 [JavaFX Application Thread] DEBUG PrimaryStageWindow   - Set initial scene to FXGLStartupScene
13:54:13.228 [JavaFX Application Thread] DEBUG PrimaryStageWindow   - Opening main window
13:54:13.361 [JavaFX Application Thread] DEBUG PrimaryStageWindow   - Window border size: (14.4000244140625, 37.5999755859375)
13:54:13.362 [JavaFX Application Thread] DEBUG PrimaryStageWindow   - Scaled size: 800.0 x 600.0
13:54:13.362 [JavaFX Application Thread] DEBUG PrimaryStageWindow   - Scaled ratio: (1.0, 1.0)
13:54:13.362 [JavaFX Application Thread] DEBUG PrimaryStageWindow   - Scene size: 800.0 x 600.0
13:54:13.362 [JavaFX Application Thread] DEBUG PrimaryStageWindow   - Stage size: 814.4000244140625 x 637.5999755859375
13:54:13.380 [FXGL Background Thread 1 ] DEBUG Engine               - Initializing environment variables
13:54:13.496 [FXGL Background Thread 1 ] DEBUG FXGLAssetLoaderServi - User app class for loading assets: class com.groupfour.mygame.App
13:54:13.497 [FXGL Background Thread 1 ] DEBUG GameApplicationServi - Applying CSS: fxgl_dark.css
13:54:13.498 [FXGL Background Thread 1 ] DEBUG FXGLAssetLoaderServi - Loading from file system: jar:file:///C:/Users/Cent/.m2/repository/com/github/almasb/fxgl/dev-SNAPSHOT/fxgl-dev-SNAPSHOT.jar!/fxglassets/ui/css/fxgl_dark.css
13:54:13.594 [FXGL Background Thread 1 ] DEBUG GameApplicationServi - Initializing application scenes
13:54:13.691 [FXGL Background Thread 1 ] DEBUG GameWorld            - Game world initialized
13:54:13.823 [FXGL Background Thread 1 ] DEBUG PhysicsWorld         - Physics world initialized: appHeight=600, physics.ppm=50.0
13:54:13.824 [FXGL Background Thread 1 ] DEBUG PhysicsWorld         - Using strategy: BRUTE_FORCE
13:54:13.828 [FXGL Background Thread 1 ] DEBUG GameScene            - Game scene initialized: 800x600
13:54:13.845 [FXGL Background Thread 1 ] DEBUG FXGL.DefaultMenu     - createMenuBodyMainMenu()
13:54:13.869 [FXGL Background Thread 1 ] DEBUG FXGL.DefaultMenu     - createOptionsMenu()
13:54:13.885 [FXGL Background Thread 1 ] DEBUG FXGLAssetLoaderServi - Loading from file system: jar:file:///C:/Users/Cent/.m2/repository/com/github/almasb/fxgl/dev-SNAPSHOT/fxgl-dev-SNAPSHOT.jar!/fxglassets/textures/particles/smoke.png
13:54:14.083 [FXGL Background Thread 1 ] DEBUG FXGLAssetLoaderServi - Loading from file system: jar:file:///C:/Users/Cent/.m2/repository/com/github/almasb/fxgl/dev-SNAPSHOT/fxgl-dev-SNAPSHOT.jar!/fxglassets/textures/particles/trace_horizontal.png
13:54:14.161 [FXGL Background Thread 1 ] DEBUG GameApplicationServi - Application scenes initialized
13:54:14.178 [FXGL Background Thread 1 ] DEBUG SystemBundleService  - Loading FXGL system data
13:54:14.185 [FXGL Background Thread 1 ] DEBUG FileSystemAccess     - Reading from: c:\Users\Cent\Desktop\CSS124L-LE\CSS124L-FinalExam\CSS124L-FINAL-PROJECT\system\fxgl.bundle
13:54:14.201 [FXGL Background Thread 1 ] DEBUG SystemBundleService  - Bundle FXGL: {}
13:54:14.201 [FXGL Background Thread 1 ] DEBUG UpdaterService       - Checking for updates
13:54:14.207 [FXGL Background Thread 4 ] DEBUG FXGLApplication      - Loading fonts
13:54:14.207 [FXGL Background Thread 1 ] DEBUG FXGLApplication      - Loading default localization
13:54:14.208 [FXGL Background Thread 4 ] DEBUG FXGLAssetLoaderServi - Loading from file system: jar:file:///C:/Users/Cent/.m2/repository/com/github/almasb/fxgl/dev-SNAPSHOT/fxgl-dev-SNAPSHOT.jar!/fxglassets/ui/fonts/VarelaRound-Regular.ttf
13:54:14.208 [FXGL Background Thread 1 ] DEBUG FXGLAssetLoaderServi - Loading from file system: jar:file:///C:/Users/Cent/.m2/repository/com/github/almasb/fxgl/dev-SNAPSHOT/fxgl-dev-SNAPSHOT.jar!/fxglassets/languages/english.lang
13:54:14.238 [FXGL Background Thread 1 ] INFO  FXGLApplication      - FXGL initialization took: 0.859 sec
13:54:14.279 [JavaFX Application Thread] DEBUG Input                - Registered new binding: Move Upwards - W
13:54:14.280 [JavaFX Application Thread] DEBUG Input                - Registered new binding: Move Down - S
13:54:14.281 [JavaFX Application Thread] DEBUG Input                - Registered new binding: Move Left - A
13:54:14.281 [JavaFX Application Thread] DEBUG Input                - Registered new binding: Move Right - D
13:54:14.281 [JavaFX Application Thread] DEBUG Input                - Registered new binding: Reload - R
13:54:14.282 [FXGL Background Thread 4 ] DEBUG FXGLAssetLoaderServi - Loading from file system: jar:file:///C:/Users/Cent/.m2/repository/com/github/almasb/fxgl/dev-SNAPSHOT/fxgl-dev-SNAPSHOT.jar!/fxglassets/ui/fonts/Abel-Regular.ttf
13:54:14.283 [JavaFX Application Thread] DEBUG Input                - Registered new binding: Shoot - LMB
13:54:14.285 [JavaFX Application Thread] DEBUG FXGLAssetLoaderServi - Loading from file system: jar:file:///C:/Users/Cent/.m2/repository/com/github/almasb/fxgl/dev-SNAPSHOT/fxgl-dev-SNAPSHOT.jar!/fxglassets/textures/fxgl_icon.png
13:54:14.289 [FXGL Background Thread 4 ] DEBUG FXGLAssetLoaderServi - Loading from file system: jar:file:///C:/Users/Cent/.m2/repository/com/github/almasb/fxgl/dev-SNAPSHOT/fxgl-dev-SNAPSHOT.jar!/fxglassets/ui/fonts/lucida_console.ttf
13:54:14.298 [FXGL Background Thread 4 ] DEBUG FXGLAssetLoaderServi - Loading from file system: jar:file:///C:/Users/Cent/.m2/repository/com/github/almasb/fxgl/dev-SNAPSHOT/fxgl-dev-SNAPSHOT.jar!/fxglassets/ui/fonts/Courier-Prime.ttf
13:54:14.336 [JavaFX Application Thread] DEBUG FXGLAssetLoaderServi - Loading from file system: jar:file:///C:/Users/Cent/.m2/repository/com/github/almasb/fxgl/dev-SNAPSHOT/fxgl-dev-SNAPSHOT.jar!/fxglassets/textures/fxgl_default_cursor.png
13:54:14.340 [JavaFX Application Thread] DEBUG Input                - Registered new binding: Screenshot - CTRL+8
13:54:14.341 [JavaFX Application Thread] DEBUG Input                - Registered new binding: System info dump - CTRL+9
13:54:14.343 [JavaFX Application Thread] DEBUG Input                - Registered new binding: Restart - CTRL+R
13:54:14.347 [JavaFX Application Thread] DEBUG Input                - Registered new binding: Toggle Debug Camera - CTRL+C
13:54:14.359 [JavaFX Application Thread] DEBUG LoopRunner           - Starting loop
13:54:14.359 [JavaFX Application Thread] DEBUG LoopRunner           - Initializing JavaFX AnimationTimerLoop
13:54:14.365 [JavaFX Application Thread] DEBUG Input                - Clearing active input actions
13:54:14.379 [JavaFX Application Thread] DEBUG GameApplicationServi - Removing overlay from FXGLStartupScene and adding to FXGLMainMenuDummyScene
13:54:14.379 [JavaFX Application Thread] DEBUG PrimaryStageWindow   - FXGLStartupScene -> FXGLMainMenuDummyScene
13:54:14.379 [JavaFX Application Thread] DEBUG PrimaryStageWindow   - Push state: FXGLDefaultMenu
13:54:14.406 [JavaFX Application Thread] DEBUG Input                - Clearing active input actions
13:54:14.420 [JavaFX Application Thread] DEBUG GameApplicationServi - Removing overlay from FXGLMainMenuDummyScene and adding to FXGLDefaultMenu
13:54:14.421 [JavaFX Application Thread] DEBUG PrimaryStageWindow   - FXGLMainMenuDummyScene -> FXGLDefaultMenu
13:54:14.433 [JavaFX Application Thread] DEBUG FXGLApplication      - Registering font factories with UI factory
13:54:15.292 [FXGL Background Thread 2 ] INFO  UpdaterService       - Your current version:  dev-SNAPSHOT
13:54:15.292 [FXGL Background Thread 2 ] INFO  UpdaterService       - Latest stable version: 21.1
13:54:15.470 [JavaFX Application Thread] DEBUG Menu                 - fireNewGame()
13:54:15.470 [JavaFX Application Thread] DEBUG GameApplicationServi - Starting new game
13:54:15.475 [JavaFX Application Thread] DEBUG PrimaryStageWindow   - Pop state: FXGLDefaultMenu
13:54:15.475 [JavaFX Application Thread] DEBUG Input                - Clearing active input actions
13:54:15.477 [JavaFX Application Thread] DEBUG GameApplicationServi - Removing overlay from FXGLDefaultMenu and adding to FXGLMainMenuDummyScene
13:54:15.478 [JavaFX Application Thread] DEBUG PrimaryStageWindow   - FXGLMainMenuDummyScene <- FXGLDefaultMenu
13:54:15.478 [JavaFX Application Thread] DEBUG Input                - Clearing active input actions
13:54:15.490 [JavaFX Application Thread] DEBUG GameApplicationServi - Removing overlay from FXGLMainMenuDummyScene and adding to FXGLLoadingScene
13:54:15.491 [JavaFX Application Thread] DEBUG PrimaryStageWindow   - FXGLMainMenuDummyScene -> FXGLLoadingScene
13:54:15.491 [JavaFX Application Thread] DEBUG GameApplicationServi - Clearing previous game
13:54:15.491 [JavaFX Application Thread] DEBUG GameScene            - Clearing game scene
13:54:15.491 [JavaFX Application Thread] DEBUG GameWorld            - Clearing game world
13:54:15.491 [JavaFX Application Thread] DEBUG PhysicsWorld         - Clearing physics world
13:54:15.496 [FXGL Background Thread 2 ] DEBUG FXGLApplication      - Initializing game
13:54:15.521 [FXGL Background Thread 2 ] DEBUG FXGLAssetLoaderServi - Loading from file system: file:/C:/Users/Cent/Desktop/CSS124L-LE/CSS124L-FinalExam/CSS124L-FINAL-PROJECT/fp/target/classes/assets/textures/1P_Walk.gif
13:54:15.616 [FXGL Background Thread 2 ] INFO  FXGLApplication      - Game initialization took: 0.120 sec
13:54:15.618 [JavaFX Application Thread] DEBUG Input                - Clearing active input actions
13:54:15.631 [JavaFX Application Thread] DEBUG GameApplicationServi - Removing overlay from FXGLLoadingScene and adding to GameScene
13:54:15.631 [JavaFX Application Thread] DEBUG PrimaryStageWindow   - FXGLLoadingScene -> GameScene
13:54:15.634 [JavaFX Application Thread] DEBUG PrimaryStageWindow   - Push state: PlayerCountMenu
13:54:15.635 [JavaFX Application Thread] DEBUG Input                - Clearing active input actions
13:54:15.635 [JavaFX Application Thread] DEBUG GameApplicationServi - Removing overlay from GameScene and adding to PlayerCountMenu
13:54:15.635 [JavaFX Application Thread] DEBUG PrimaryStageWindow   - GameScene -> PlayerCountMenu
13:54:16.783 [JavaFX Application Thread] DEBUG PrimaryStageWindow   - Pop state: PlayerCountMenu
13:54:16.783 [JavaFX Application Thread] DEBUG Input                - Clearing active input actions
13:54:16.784 [JavaFX Application Thread] DEBUG GameApplicationServi - Removing overlay from PlayerCountMenu and adding to GameScene
13:54:16.785 [JavaFX Application Thread] DEBUG PrimaryStageWindow   - GameScene <- PlayerCountMenu
13:54:17.206 [FXGL Background Thread 3 ] DEBUG Engine               - Logging environment variables
13:54:17.206 [FXGL Background Thread 3 ] DEBUG Engine               - achievements: []
13:54:17.206 [FXGL Background Thread 3 ] DEBUG Engine               - actualHeight: 600.0
13:54:17.206 [FXGL Background Thread 3 ] DEBUG Engine               - actualHeightProperty: ReadOnlyDoubleProperty [value: 600.0]
13:54:17.207 [FXGL Background Thread 3 ] DEBUG Engine               - actualWidth: 800.0
13:54:17.207 [FXGL Background Thread 3 ] DEBUG Engine               - actualWidthProperty: ReadOnlyDoubleProperty [value: 800.0]
13:54:17.207 [FXGL Background Thread 3 ] DEBUG Engine               - appIcon: fxgl_icon.png
13:54:17.207 [FXGL Background Thread 3 ] DEBUG Engine               - applicationMode: DEVELOPER
13:54:17.207 [FXGL Background Thread 3 ] DEBUG Engine               - cSSList: [fxgl_dark.css]
13:54:17.207 [FXGL Background Thread 3 ] DEBUG Engine               - collisionDetectionStrategy: BRUTE_FORCE
13:54:17.207 [FXGL Background Thread 3 ] DEBUG Engine               - configClass: Optional.empty
13:54:17.207 [FXGL Background Thread 3 ] DEBUG Engine               - credits: []
13:54:17.208 [FXGL Background Thread 3 ] DEBUG Engine               - defaultCursor: CursorInfo(imageName=fxgl_default_cursor.png, hotspotX=7.0, hotspotY=6.0)
13:54:17.208 [FXGL Background Thread 3 ] DEBUG Engine               - devBBoxColorProperty: ObjectProperty [value: 0xff0000ff]
13:54:17.208 [FXGL Background Thread 3 ] DEBUG Engine               - devEnableDebugCameraProperty: BooleanProperty [value: false]
13:54:17.208 [FXGL Background Thread 3 ] DEBUG Engine               - devSensorColorProperty: ObjectProperty [value: 0xffff00ff]
13:54:17.209 [FXGL Background Thread 3 ] DEBUG Engine               - devShowBBoxProperty: BooleanProperty [value: false]
13:54:17.209 [FXGL Background Thread 3 ] DEBUG Engine               - devShowPositionProperty: BooleanProperty [value: false]
13:54:17.209 [FXGL Background Thread 3 ] DEBUG Engine               - enabledMenuItems: []
13:54:17.209 [FXGL Background Thread 3 ] DEBUG Engine               - engineServices: [class com.almasb.fxgl.app.services.FXGLAssetLoaderService, class com.almasb.fxgl.app.FXGLApplication$GameApplicationService, class com.almasb.fxgl.app.services.FXGLDialogService, class com.almasb.fxgl.app.services.IOTaskExecutorService, class com.almasb.fxgl.io.FileSystemService, class com.almasb.fxgl.localization.LocalizationService, class com.almasb.fxgl.app.services.SystemBundleService, class com.almasb.fxgl.profile.SaveLoadService, class com.almasb.fxgl.ui.FXGLUIFactoryServiceProvider, class com.almasb.fxgl.ui.FXGLDialogFactoryServiceProvider, class com.almasb.fxgl.audio.AudioPlayer, class com.almasb.fxgl.notification.impl.NotificationServiceProvider, class com.almasb.fxgl.achievement.AchievementService, class com.almasb.fxgl.cutscene.CutsceneService, class com.almasb.fxgl.minigames.MiniGameService, class com.almasb.fxgl.net.NetService, class com.almasb.fxgl.app.services.UpdaterService, class com.almasb.fxgl.dev.DevService, class com.almasb.fxgl.multiplayer.MultiplayerService]
13:54:17.209 [FXGL Background Thread 3 ] DEBUG Engine               - fontGame: Abel-Regular.ttf
13:54:17.210 [FXGL Background Thread 3 ] DEBUG Engine               - fontMono: lucida_console.ttf
13:54:17.210 [FXGL Background Thread 3 ] DEBUG Engine               - fontText: Courier-Prime.ttf
13:54:17.210 [FXGL Background Thread 3 ] DEBUG Engine               - fontUI: VarelaRound-Regular.ttf
13:54:17.210 [FXGL Background Thread 3 ] DEBUG Engine               - fullScreen: BooleanProperty [value: false]
13:54:17.210 [FXGL Background Thread 3 ] DEBUG Engine               - gameDifficulty: MEDIUM
13:54:17.210 [FXGL Background Thread 3 ] DEBUG Engine               - gameDifficultyProperty: ObjectProperty [value: MEDIUM]
13:54:17.210 [FXGL Background Thread 3 ] DEBUG Engine               - globalMusicVolume: 0.5
13:54:17.210 [FXGL Background Thread 3 ] DEBUG Engine               - globalMusicVolumeProperty: DoubleProperty [value: 0.5]
13:54:17.211 [FXGL Background Thread 3 ] DEBUG Engine               - globalSoundVolume: 0.5
13:54:17.211 [FXGL Background Thread 3 ] DEBUG Engine               - globalSoundVolumeProperty: DoubleProperty [value: 0.5]
13:54:17.211 [FXGL Background Thread 3 ] DEBUG Engine               - height: 600
13:54:17.211 [FXGL Background Thread 3 ] DEBUG Engine               - is3D: false
13:54:17.212 [FXGL Background Thread 3 ] DEBUG Engine               - isAndroid: false
13:54:17.212 [FXGL Background Thread 3 ] DEBUG Engine               - isBrowser: false
13:54:17.212 [FXGL Background Thread 3 ] DEBUG Engine               - isClickFeedbackEnabled: false
13:54:17.212 [FXGL Background Thread 3 ] DEBUG Engine               - isCloseConfirmation: false
13:54:17.212 [FXGL Background Thread 3 ] DEBUG Engine               - isDesktop: true
13:54:17.212 [FXGL Background Thread 3 ] DEBUG Engine               - isDeveloperMenuEnabled: false
13:54:17.212 [FXGL Background Thread 3 ] DEBUG Engine               - isEmbedded: false
13:54:17.212 [FXGL Background Thread 3 ] DEBUG Engine               - isEntityPreloadEnabled: true
13:54:17.212 [FXGL Background Thread 3 ] DEBUG Engine               - isExperimentalTiledLargeMap: false
13:54:17.212 [FXGL Background Thread 3 ] DEBUG Engine               - isFileSystemWriteAllowed: true
13:54:17.213 [FXGL Background Thread 3 ] DEBUG Engine               - isFullScreenAllowed: false
13:54:17.213 [FXGL Background Thread 3 ] DEBUG Engine               - isFullScreenFromStart: false
13:54:17.213 [FXGL Background Thread 3 ] DEBUG Engine               - isGameMenuEnabled: true
13:54:17.213 [FXGL Background Thread 3 ] DEBUG Engine               - isIOS: false
13:54:17.213 [FXGL Background Thread 3 ] DEBUG Engine               - isIntroEnabled: false
13:54:17.213 [FXGL Background Thread 3 ] DEBUG Engine               - isLinux: false
13:54:17.213 [FXGL Background Thread 3 ] DEBUG Engine               - isMac: false
13:54:17.213 [FXGL Background Thread 3 ] DEBUG Engine               - isMainMenuEnabled: true
13:54:17.213 [FXGL Background Thread 3 ] DEBUG Engine               - isManualResizeEnabled: false
13:54:17.213 [FXGL Background Thread 3 ] DEBUG Engine               - isMobile: false
13:54:17.214 [FXGL Background Thread 3 ] DEBUG Engine               - isNative: false
13:54:17.214 [FXGL Background Thread 3 ] DEBUG Engine               - isPauseMusicWhenMinimized: true
13:54:17.214 [FXGL Background Thread 3 ] DEBUG Engine               - isPreserveResizeRatio: false
13:54:17.214 [FXGL Background Thread 3 ] DEBUG Engine               - isProfilingEnabled: false
13:54:17.214 [FXGL Background Thread 3 ] DEBUG Engine               - isScaleAffectedOnResize: true
13:54:17.214 [FXGL Background Thread 3 ] DEBUG Engine               - isSingleStep: false
13:54:17.214 [FXGL Background Thread 3 ] DEBUG Engine               - isUserProfileEnabled: false
13:54:17.214 [FXGL Background Thread 3 ] DEBUG Engine               - isWindows: true
13:54:17.214 [FXGL Background Thread 3 ] DEBUG Engine               - language: ObjectProperty [value: ENGLISH]
13:54:17.214 [FXGL Background Thread 3 ] DEBUG Engine               - menuKey: ESCAPE
13:54:17.214 [FXGL Background Thread 3 ] DEBUG Engine               - mouseSensitivity: 0.2
13:54:17.214 [FXGL Background Thread 3 ] DEBUG Engine               - notificationViewClass: class com.almasb.fxgl.notification.view.XboxNotificationView
13:54:17.216 [FXGL Background Thread 3 ] DEBUG Engine               - pixelsPerMeter: 50.0
13:54:17.216 [FXGL Background Thread 3 ] DEBUG Engine               - platform: WINDOWS
13:54:17.216 [FXGL Background Thread 3 ] DEBUG Engine               - prefHeightProperty: ReadOnlyDoubleProperty [value: 600.0]
13:54:17.216 [FXGL Background Thread 3 ] DEBUG Engine               - prefWidthProperty: ReadOnlyDoubleProperty [value: 800.0]
13:54:17.216 [FXGL Background Thread 3 ] DEBUG Engine               - profileDir: profiles/
13:54:17.216 [FXGL Background Thread 3 ] DEBUG Engine               - profileName: StringProperty [value: DEFAULT]
13:54:17.216 [FXGL Background Thread 3 ] DEBUG Engine               - randomSeed: -1
13:54:17.216 [FXGL Background Thread 3 ] DEBUG Engine               - runtimeInfo: RuntimeInfo(platform=WINDOWS, version=dev-SNAPSHOT, build=28.07.2021 16.39)
13:54:17.216 [FXGL Background Thread 3 ] DEBUG Engine               - saveFileExt: sav
13:54:17.216 [FXGL Background Thread 3 ] DEBUG Engine               - scaledHeightProp$fxgl: DoubleProperty [bound, value: 600.0]
13:54:17.217 [FXGL Background Thread 3 ] DEBUG Engine               - scaledWidthProp$fxgl: DoubleProperty [bound, value: 800.0]
13:54:17.217 [FXGL Background Thread 3 ] DEBUG Engine               - sceneFactory: com.groupfour.mygame.App$1@30f41699
13:54:17.217 [FXGL Background Thread 3 ] DEBUG Engine               - secondsIn24h: 60
13:54:17.217 [FXGL Background Thread 3 ] DEBUG Engine               - soundMenuBack: menu/back.wav
13:54:17.217 [FXGL Background Thread 3 ] DEBUG Engine               - soundMenuPress: menu/press.wav
13:54:17.217 [FXGL Background Thread 3 ] DEBUG Engine               - soundMenuSelect: menu/select.wav
13:54:17.217 [FXGL Background Thread 3 ] DEBUG Engine               - soundNotification: core/notification.wav
13:54:17.217 [FXGL Background Thread 3 ] DEBUG Engine               - stageStyle: DECORATED
13:54:17.217 [FXGL Background Thread 3 ] DEBUG Engine               - supportedLanguages: [ENGLISH, FRENCH, GERMAN, HUNGARIAN, RUSSIAN]
13:54:17.217 [FXGL Background Thread 3 ] DEBUG Engine               - ticksPerSecond: -1
13:54:17.217 [FXGL Background Thread 3 ] DEBUG Engine               - title: Flatline: Oregon
13:54:17.217 [FXGL Background Thread 3 ] DEBUG Engine               - urlGithub: https://github.com/AlmasB/FXGL
13:54:17.217 [FXGL Background Thread 3 ] DEBUG Engine               - urlLeaderboard: http://fxgl-top.herokuapp.com/
13:54:17.218 [FXGL Background Thread 3 ] DEBUG Engine               - urlPOM: https://raw.githubusercontent.com/AlmasB/FXGL/release/README.md
13:54:17.218 [FXGL Background Thread 3 ] DEBUG Engine               - userAppClass: class com.groupfour.mygame.App
13:54:17.218 [FXGL Background Thread 3 ] DEBUG Engine               - version: Alpha 0.3
13:54:17.218 [FXGL Background Thread 3 ] DEBUG Engine               - versionCheckDays: 7
13:54:17.218 [FXGL Background Thread 3 ] DEBUG Engine               - width: 800
13:54:17.218 [FXGL Background Thread 3 ] DEBUG Engine               - Logging services
13:54:17.218 [FXGL Background Thread 3 ] DEBUG Engine               - class com.almasb.fxgl.app.services.FXGLAssetLoaderService
13:54:17.218 [FXGL Background Thread 3 ] DEBUG Engine               - class com.almasb.fxgl.app.FXGLApplication$GameApplicationService
13:54:17.218 [FXGL Background Thread 3 ] DEBUG Engine               - class com.almasb.fxgl.app.services.FXGLDialogService
13:54:17.218 [FXGL Background Thread 3 ] DEBUG Engine               - class com.almasb.fxgl.app.services.IOTaskExecutorService
13:54:17.218 [FXGL Background Thread 3 ] DEBUG Engine               - class com.almasb.fxgl.io.FileSystemService
13:54:17.218 [FXGL Background Thread 3 ] DEBUG Engine               - class com.almasb.fxgl.localization.LocalizationService
13:54:17.219 [FXGL Background Thread 3 ] DEBUG Engine               - class com.almasb.fxgl.app.services.SystemBundleService
13:54:17.219 [FXGL Background Thread 3 ] DEBUG Engine               - class com.almasb.fxgl.profile.SaveLoadService
13:54:17.219 [FXGL Background Thread 3 ] DEBUG Engine               - class com.almasb.fxgl.ui.FXGLUIFactoryServiceProvider
13:54:17.219 [FXGL Background Thread 3 ] DEBUG Engine               - class com.almasb.fxgl.ui.FXGLDialogFactoryServiceProvider
13:54:17.219 [FXGL Background Thread 3 ] DEBUG Engine               - class com.almasb.fxgl.audio.AudioPlayer
13:54:17.219 [FXGL Background Thread 3 ] DEBUG Engine               - class com.almasb.fxgl.notification.impl.NotificationServiceProvider
13:54:17.219 [FXGL Background Thread 3 ] DEBUG Engine               - class com.almasb.fxgl.achievement.AchievementService
13:54:17.219 [FXGL Background Thread 3 ] DEBUG Engine               - class com.almasb.fxgl.cutscene.CutsceneService
13:54:17.219 [FXGL Background Thread 3 ] DEBUG Engine               - class com.almasb.fxgl.minigames.MiniGameService
13:54:17.219 [FXGL Background Thread 3 ] DEBUG Engine               - class com.almasb.fxgl.net.NetService
13:54:17.219 [FXGL Background Thread 3 ] DEBUG Engine               - class com.almasb.fxgl.app.services.UpdaterService
13:54:17.219 [FXGL Background Thread 3 ] DEBUG Engine               - class com.almasb.fxgl.dev.DevService
13:54:17.219 [FXGL Background Thread 3 ] DEBUG Engine               - class com.almasb.fxgl.multiplayer.MultiplayerService
13:54:25.704 [JavaFX Application Thread] DEBUG PrimaryStageWindow   - Push state: DialogSubScene
13:54:25.705 [JavaFX Application Thread] DEBUG Input                - Clearing active input actions
13:54:25.707 [JavaFX Application Thread] DEBUG GameApplicationServi - Removing overlay from GameScene and adding to DialogSubScene
13:54:25.707 [JavaFX Application Thread] DEBUG PrimaryStageWindow   - GameScene -> DialogSubScene
13:54:26.680 [JavaFX Application Thread] DEBUG PrimaryStageWindow   - Pop state: DialogSubScene
13:54:26.681 [JavaFX Application Thread] DEBUG Input                - Clearing active input actions
13:54:26.681 [JavaFX Application Thread] DEBUG GameApplicationServi - Removing overlay from DialogSubScene and adding to GameScene
13:54:26.682 [JavaFX Application Thread] DEBUG PrimaryStageWindow   - GameScene <- DialogSubScene
13:54:26.682 [JavaFX Application Thread] DEBUG Input                - Clearing active input actions
13:54:26.689 [JavaFX Application Thread] DEBUG GameApplicationServi - Removing overlay from GameScene and adding to FXGLMainMenuDummyScene
13:54:26.689 [JavaFX Application Thread] DEBUG PrimaryStageWindow   - GameScene -> FXGLMainMenuDummyScene
13:54:26.689 [JavaFX Application Thread] DEBUG PrimaryStageWindow   - Push state: FXGLDefaultMenu
13:54:26.689 [JavaFX Application Thread] DEBUG Input                - Clearing active input actions
13:54:26.693 [JavaFX Application Thread] DEBUG GameApplicationServi - Removing overlay from FXGLMainMenuDummyScene and adding to FXGLDefaultMenu
13:54:26.694 [JavaFX Application Thread] DEBUG PrimaryStageWindow   - FXGLMainMenuDummyScene -> FXGLDefaultMenu
13:54:27.443 [JavaFX Application Thread] DEBUG Menu                 - fireNewGame()
13:54:27.443 [JavaFX Application Thread] DEBUG GameApplicationServi - Starting new game
13:54:27.444 [JavaFX Application Thread] DEBUG PrimaryStageWindow   - Pop state: FXGLDefaultMenu
13:54:27.444 [JavaFX Application Thread] DEBUG Input                - Clearing active input actions
13:54:27.445 [JavaFX Application Thread] DEBUG GameApplicationServi - Removing overlay from FXGLDefaultMenu and adding to FXGLMainMenuDummyScene
13:54:27.445 [JavaFX Application Thread] DEBUG PrimaryStageWindow   - FXGLMainMenuDummyScene <- FXGLDefaultMenu
13:54:27.445 [JavaFX Application Thread] DEBUG Input                - Clearing active input actions
13:54:27.453 [JavaFX Application Thread] DEBUG GameApplicationServi - Removing overlay from FXGLMainMenuDummyScene and adding to FXGLLoadingScene
13:54:27.453 [JavaFX Application Thread] DEBUG PrimaryStageWindow   - FXGLMainMenuDummyScene -> FXGLLoadingScene
13:54:27.453 [JavaFX Application Thread] DEBUG GameApplicationServi - Clearing previous game
13:54:27.453 [JavaFX Application Thread] DEBUG GameScene            - Clearing game scene
13:54:27.453 [JavaFX Application Thread] DEBUG GameWorld            - Clearing game world
13:54:27.455 [JavaFX Application Thread] DEBUG PhysicsWorld         - Clearing physics world
13:54:27.456 [FXGL Background Thread 2 ] DEBUG FXGLApplication      - Initializing game
13:54:27.458 [FXGL Background Thread 2 ] INFO  FXGLApplication      - Game initialization took: 0.002 sec
13:54:27.462 [JavaFX Application Thread] DEBUG Input                - Clearing active input actions
13:54:27.468 [JavaFX Application Thread] DEBUG GameApplicationServi - Removing overlay from FXGLLoadingScene and adding to GameScene
13:54:27.469 [JavaFX Application Thread] DEBUG PrimaryStageWindow   - FXGLLoadingScene -> GameScene
13:54:27.478 [JavaFX Application Thread] DEBUG PrimaryStageWindow   - Push state: PlayerCountMenu
13:54:27.478 [JavaFX Application Thread] DEBUG Input                - Clearing active input actions
13:54:27.478 [JavaFX Application Thread] DEBUG GameApplicationServi - Removing overlay from GameScene and adding to PlayerCountMenu
13:54:27.478 [JavaFX Application Thread] DEBUG PrimaryStageWindow   - GameScene -> PlayerCountMenu
13:54:29.179 [JavaFX Application Thread] DEBUG FXGLApplication      - Exiting FXGL
13:54:29.179 [JavaFX Application Thread] DEBUG LoopRunner           - Stopping loop
13:54:29.179 [JavaFX Application Thread] DEBUG SystemBundleService  - Saving FXGL system data
13:54:29.183 [JavaFX Application Thread] DEBUG FileSystemAccess     - Writing to: c:\Users\Cent\Desktop\CSS124L-LE\CSS124L-FinalExam\CSS124L-FINAL-PROJECT\system\fxgl.bundle
13:54:29.186 [JavaFX Application Thread] DEBUG Async                - Shutting down background threads
13:54:29.186 [JavaFX Application Thread] DEBUG PrimaryStageWindow   - Closing main window
13:54:29.218 [JavaFX Application Thread] DEBUG Logger               - Closing Logger
