13:05:36.319 [main                     ] DEBUG Logger               - Configured Logger
13:05:36.337 [main                     ] DEBUG GameApplication      - Logging settings
Title: Flatline: Oregon
Version: Alpha 0.3
Width: 800
Height: 600
Fullscreen: false
Intro: false
Profiling: false
Single step:false
App Mode: DEVELOPER
Menu Key: ESCAPE
Stage Style: DECORATED
Scene Factory: class com.groupfour.mygame.App$1

13:05:36.635 [JavaFX Application Thread] DEBUG FXGLApplication      - Initializing FXGL
13:05:36.637 [JavaFX Application Thread] INFO  Engine               - FXGL-dev-SNAPSHOT (28.07.2021 16.39) on WINDOWS (J:11.0.22 FX:16)
13:05:36.638 [JavaFX Application Thread] DEBUG Engine               - JRE Vendor Name: Oracle Corporation
13:05:36.638 [JavaFX Application Thread] DEBUG Engine               - Running on OS: Windows 11 version 10.0
13:05:36.638 [JavaFX Application Thread] DEBUG Engine               - Architecture: amd64
13:05:36.638 [JavaFX Application Thread] INFO  Engine               - Source code and latest versions at: https://github.com/AlmasB/FXGL
13:05:36.638 [JavaFX Application Thread] INFO  Engine               -              Join the FXGL chat at: https://gitter.im/AlmasB/FXGL
13:05:36.692 [JavaFX Application Thread] DEBUG PrimaryStageWindow   - Creating a JavaFX scene
13:05:36.731 [JavaFX Application Thread] DEBUG PrimaryStageWindow   - Target settings size: 800.0 x 600.0
13:05:36.731 [JavaFX Application Thread] DEBUG PrimaryStageWindow   - Scaled scene size:    800.0 x 600.0
13:05:36.731 [JavaFX Application Thread] DEBUG PrimaryStageWindow   - Scaled ratio: (1.0, 1.0)
13:05:36.732 [JavaFX Application Thread] DEBUG PrimaryStageWindow   - Set initial scene to FXGLStartupScene
13:05:36.736 [JavaFX Application Thread] DEBUG PrimaryStageWindow   - Opening main window
13:05:36.802 [JavaFX Application Thread] DEBUG PrimaryStageWindow   - Window border size: (14.4000244140625, 37.5999755859375)
13:05:36.802 [JavaFX Application Thread] DEBUG PrimaryStageWindow   - Scaled size: 800.0 x 600.0
13:05:36.802 [JavaFX Application Thread] DEBUG PrimaryStageWindow   - Scaled ratio: (1.0, 1.0)
13:05:36.802 [JavaFX Application Thread] DEBUG PrimaryStageWindow   - Scene size: 800.0 x 600.0
13:05:36.802 [JavaFX Application Thread] DEBUG PrimaryStageWindow   - Stage size: 814.4000244140625 x 637.5999755859375
13:05:36.806 [FXGL Background Thread 1 ] DEBUG Engine               - Initializing environment variables
13:05:36.839 [FXGL Background Thread 1 ] DEBUG FXGLAssetLoaderServi - User app class for loading assets: class com.groupfour.mygame.App
13:05:36.839 [FXGL Background Thread 1 ] DEBUG GameApplicationServi - Applying CSS: fxgl_dark.css
13:05:36.840 [FXGL Background Thread 1 ] DEBUG FXGLAssetLoaderServi - Loading from file system: jar:file:///C:/Users/acer/.m2/repository/com/github/almasb/fxgl/dev-SNAPSHOT/fxgl-dev-SNAPSHOT.jar!/fxglassets/ui/css/fxgl_dark.css
13:05:36.875 [FXGL Background Thread 1 ] DEBUG GameApplicationServi - Initializing application scenes
13:05:36.900 [FXGL Background Thread 1 ] DEBUG GameWorld            - Game world initialized
13:05:36.932 [FXGL Background Thread 1 ] DEBUG PhysicsWorld         - Physics world initialized: appHeight=600, physics.ppm=50.0
13:05:36.932 [FXGL Background Thread 1 ] DEBUG PhysicsWorld         - Using strategy: BRUTE_FORCE
13:05:36.934 [FXGL Background Thread 1 ] DEBUG GameScene            - Game scene initialized: 800x600
13:05:36.943 [FXGL Background Thread 1 ] DEBUG FXGL.DefaultMenu     - createMenuBodyMainMenu()
13:05:36.954 [FXGL Background Thread 1 ] DEBUG FXGL.DefaultMenu     - createOptionsMenu()
13:05:36.960 [FXGL Background Thread 1 ] DEBUG FXGLAssetLoaderServi - Loading from file system: jar:file:///C:/Users/acer/.m2/repository/com/github/almasb/fxgl/dev-SNAPSHOT/fxgl-dev-SNAPSHOT.jar!/fxglassets/textures/particles/smoke.png
13:05:37.025 [FXGL Background Thread 1 ] DEBUG FXGLAssetLoaderServi - Loading from file system: jar:file:///C:/Users/acer/.m2/repository/com/github/almasb/fxgl/dev-SNAPSHOT/fxgl-dev-SNAPSHOT.jar!/fxglassets/textures/particles/trace_horizontal.png
13:05:37.049 [FXGL Background Thread 1 ] DEBUG GameApplicationServi - Application scenes initialized
13:05:37.057 [FXGL Background Thread 1 ] DEBUG SystemBundleService  - Loading FXGL system data
13:05:37.061 [FXGL Background Thread 1 ] DEBUG FileSystemAccess     - Reading from: C:\Users\acer\OneDrive\Desktop\git pull\CSS124L-FINAL-PROJECT\system\fxgl.bundle
13:05:37.066 [FXGL Background Thread 1 ] DEBUG SystemBundleService  - Bundle FXGL: {}
13:05:37.066 [FXGL Background Thread 1 ] DEBUG UpdaterService       - Checking for updates
13:05:37.093 [FXGL Background Thread 4 ] DEBUG FXGLApplication      - Loading fonts
13:05:37.093 [FXGL Background Thread 1 ] DEBUG FXGLApplication      - Loading default localization
13:05:37.093 [FXGL Background Thread 1 ] DEBUG FXGLAssetLoaderServi - Loading from file system: jar:file:///C:/Users/acer/.m2/repository/com/github/almasb/fxgl/dev-SNAPSHOT/fxgl-dev-SNAPSHOT.jar!/fxglassets/languages/english.lang
13:05:37.093 [FXGL Background Thread 4 ] DEBUG FXGLAssetLoaderServi - Loading from file system: jar:file:///C:/Users/acer/.m2/repository/com/github/almasb/fxgl/dev-SNAPSHOT/fxgl-dev-SNAPSHOT.jar!/fxglassets/ui/fonts/VarelaRound-Regular.ttf
13:05:37.108 [FXGL Background Thread 1 ] INFO  FXGLApplication      - FXGL initialization took: 0.302 sec
13:05:37.117 [JavaFX Application Thread] DEBUG Input                - Registered new binding: Move Upwards - W
13:05:37.118 [JavaFX Application Thread] DEBUG Input                - Registered new binding: Move Down - S
13:05:37.118 [JavaFX Application Thread] DEBUG Input                - Registered new binding: Move Left - A
13:05:37.118 [JavaFX Application Thread] DEBUG Input                - Registered new binding: Move Right - D
13:05:37.118 [JavaFX Application Thread] DEBUG Input                - Registered new binding: Reload - R
13:05:37.119 [JavaFX Application Thread] DEBUG Input                - Registered new binding: Shoot - LMB
13:05:37.119 [JavaFX Application Thread] DEBUG Input                - Registered new binding: Switch Weapons - Q
13:05:37.119 [JavaFX Application Thread] DEBUG Input                - Registered new binding: Interact - F
13:05:37.119 [JavaFX Application Thread] DEBUG FXGLAssetLoaderServi - Loading from file system: jar:file:///C:/Users/acer/.m2/repository/com/github/almasb/fxgl/dev-SNAPSHOT/fxgl-dev-SNAPSHOT.jar!/fxglassets/textures/fxgl_icon.png
13:05:37.133 [JavaFX Application Thread] DEBUG FXGLAssetLoaderServi - Loading from file system: jar:file:///C:/Users/acer/.m2/repository/com/github/almasb/fxgl/dev-SNAPSHOT/fxgl-dev-SNAPSHOT.jar!/fxglassets/textures/fxgl_default_cursor.png
13:05:37.135 [JavaFX Application Thread] DEBUG Input                - Registered new binding: Screenshot - CTRL+8
13:05:37.136 [JavaFX Application Thread] DEBUG Input                - Registered new binding: Dev Options - 1
13:05:37.136 [JavaFX Application Thread] DEBUG Input                - Registered new binding: Dev Console - 2
13:05:37.137 [JavaFX Application Thread] DEBUG Input                - Registered new binding: System info dump - CTRL+9
13:05:37.138 [JavaFX Application Thread] DEBUG Input                - Registered new binding: Restart - CTRL+R
13:05:37.139 [JavaFX Application Thread] DEBUG Input                - Registered new binding: Toggle Debug Camera - CTRL+C
13:05:37.142 [JavaFX Application Thread] DEBUG LoopRunner           - Starting loop
13:05:37.154 [JavaFX Application Thread] DEBUG LoopRunner           - Initializing JavaFX AnimationTimerLoop
13:05:37.156 [JavaFX Application Thread] DEBUG Input                - Clearing active input actions
13:05:37.164 [JavaFX Application Thread] DEBUG GameApplicationServi - Removing overlay from FXGLStartupScene and adding to FXGLMainMenuDummyScene
13:05:37.167 [JavaFX Application Thread] DEBUG PrimaryStageWindow   - FXGLStartupScene -> FXGLMainMenuDummyScene
13:05:37.167 [JavaFX Application Thread] DEBUG PrimaryStageWindow   - Push state: FXGLDefaultMenu
13:05:37.171 [JavaFX Application Thread] DEBUG Input                - Clearing active input actions
13:05:37.178 [JavaFX Application Thread] DEBUG GameApplicationServi - Removing overlay from FXGLMainMenuDummyScene and adding to FXGLDefaultMenu
13:05:37.178 [JavaFX Application Thread] DEBUG PrimaryStageWindow   - FXGLMainMenuDummyScene -> FXGLDefaultMenu
13:05:37.466 [FXGL Background Thread 4 ] DEBUG FXGLAssetLoaderServi - Loading from file system: jar:file:///C:/Users/acer/.m2/repository/com/github/almasb/fxgl/dev-SNAPSHOT/fxgl-dev-SNAPSHOT.jar!/fxglassets/ui/fonts/Abel-Regular.ttf
13:05:37.472 [FXGL Background Thread 4 ] DEBUG FXGLAssetLoaderServi - Loading from file system: jar:file:///C:/Users/acer/.m2/repository/com/github/almasb/fxgl/dev-SNAPSHOT/fxgl-dev-SNAPSHOT.jar!/fxglassets/ui/fonts/lucida_console.ttf
13:05:37.479 [FXGL Background Thread 4 ] DEBUG FXGLAssetLoaderServi - Loading from file system: jar:file:///C:/Users/acer/.m2/repository/com/github/almasb/fxgl/dev-SNAPSHOT/fxgl-dev-SNAPSHOT.jar!/fxglassets/ui/fonts/Courier-Prime.ttf
13:05:37.485 [JavaFX Application Thread] DEBUG FXGLApplication      - Registering font factories with UI factory
13:05:37.781 [FXGL Background Thread 2 ] INFO  UpdaterService       - Your current version:  dev-SNAPSHOT
13:05:37.782 [FXGL Background Thread 2 ] INFO  UpdaterService       - Latest stable version: 21.1
13:05:37.827 [JavaFX Application Thread] DEBUG Menu                 - fireNewGame()
13:05:37.827 [JavaFX Application Thread] DEBUG GameApplicationServi - Starting new game
13:05:37.828 [JavaFX Application Thread] DEBUG PrimaryStageWindow   - Pop state: FXGLDefaultMenu
13:05:37.828 [JavaFX Application Thread] DEBUG Input                - Clearing active input actions
13:05:37.830 [JavaFX Application Thread] DEBUG GameApplicationServi - Removing overlay from FXGLDefaultMenu and adding to FXGLMainMenuDummyScene
13:05:37.832 [JavaFX Application Thread] DEBUG PrimaryStageWindow   - FXGLMainMenuDummyScene <- FXGLDefaultMenu
13:05:37.833 [JavaFX Application Thread] DEBUG Input                - Clearing active input actions
13:05:37.841 [JavaFX Application Thread] DEBUG GameApplicationServi - Removing overlay from FXGLMainMenuDummyScene and adding to FXGLLoadingScene
13:05:37.842 [JavaFX Application Thread] DEBUG PrimaryStageWindow   - FXGLMainMenuDummyScene -> FXGLLoadingScene
13:05:37.842 [JavaFX Application Thread] DEBUG GameApplicationServi - Clearing previous game
13:05:37.843 [JavaFX Application Thread] DEBUG GameScene            - Clearing game scene
13:05:37.843 [JavaFX Application Thread] DEBUG GameWorld            - Clearing game world
13:05:37.843 [JavaFX Application Thread] DEBUG PhysicsWorld         - Clearing physics world
13:05:37.845 [FXGL Background Thread 2 ] DEBUG FXGLApplication      - Initializing game
13:05:37.873 [FXGL Background Thread 2 ] DEBUG FXGLAssetLoaderServi - Loading from file system: file:/C:/Users/acer/OneDrive/Desktop/git%20pull/CSS124L-FINAL-PROJECT/fp/target/classes/assets/textures/Players/1P_Idle.png
13:05:37.875 [FXGL Background Thread 2 ] DEBUG FXGLAssetLoaderServi - Loading from file system: file:/C:/Users/acer/OneDrive/Desktop/git%20pull/CSS124L-FINAL-PROJECT/fp/target/classes/assets/textures/Players/1P_Walk.gif
13:05:37.881 [FXGL Background Thread 2 ] DEBUG FXGLAssetLoaderServi - Loading from file system: file:/C:/Users/acer/OneDrive/Desktop/git%20pull/CSS124L-FINAL-PROJECT/fp/target/classes/assets/textures/Players/1P_Shoot.gif
13:05:37.903 [FXGL Background Thread 2 ] INFO  FXGLApplication      - Game initialization took: 0.058 sec
13:05:37.905 [JavaFX Application Thread] DEBUG Input                - Clearing active input actions
13:05:37.910 [JavaFX Application Thread] DEBUG GameApplicationServi - Removing overlay from FXGLLoadingScene and adding to GameScene
13:05:37.911 [JavaFX Application Thread] DEBUG PrimaryStageWindow   - FXGLLoadingScene -> GameScene
13:05:37.913 [JavaFX Application Thread] DEBUG PrimaryStageWindow   - Push state: PlayerCountMenu
13:05:37.914 [JavaFX Application Thread] DEBUG Input                - Clearing active input actions
13:05:37.914 [JavaFX Application Thread] DEBUG GameApplicationServi - Removing overlay from GameScene and adding to PlayerCountMenu
13:05:37.914 [JavaFX Application Thread] DEBUG PrimaryStageWindow   - GameScene -> PlayerCountMenu
13:05:38.707 [JavaFX Application Thread] DEBUG PrimaryStageWindow   - Pop state: PlayerCountMenu
13:05:38.707 [JavaFX Application Thread] DEBUG Input                - Clearing active input actions
13:05:38.708 [JavaFX Application Thread] DEBUG GameApplicationServi - Removing overlay from PlayerCountMenu and adding to GameScene
13:05:38.708 [JavaFX Application Thread] DEBUG PrimaryStageWindow   - GameScene <- PlayerCountMenu
13:05:39.125 [JavaFX Application Thread] DEBUG FXGLAssetLoaderServi - Loading from file system: file:/C:/Users/acer/OneDrive/Desktop/git%20pull/CSS124L-FINAL-PROJECT/fp/target/classes/assets/textures/Zombies/Basic_Zombie_Walking.gif
13:05:39.128 [JavaFX Application Thread] DEBUG FXGLAssetLoaderServi - Loading from file system: file:/C:/Users/acer/OneDrive/Desktop/git%20pull/CSS124L-FINAL-PROJECT/fp/target/classes/assets/textures/Zombies/Basic_Zombie_Attack.gif
13:05:40.091 [FXGL Background Thread 3 ] DEBUG Engine               - Logging environment variables
13:05:40.091 [FXGL Background Thread 3 ] DEBUG Engine               - achievements: []
13:05:40.091 [FXGL Background Thread 3 ] DEBUG Engine               - actualHeight: 600.0
13:05:40.091 [FXGL Background Thread 3 ] DEBUG Engine               - actualHeightProperty: ReadOnlyDoubleProperty [value: 600.0]
13:05:40.091 [FXGL Background Thread 3 ] DEBUG Engine               - actualWidth: 800.0
13:05:40.091 [FXGL Background Thread 3 ] DEBUG Engine               - actualWidthProperty: ReadOnlyDoubleProperty [value: 800.0]
13:05:40.091 [FXGL Background Thread 3 ] DEBUG Engine               - appIcon: fxgl_icon.png
13:05:40.091 [FXGL Background Thread 3 ] DEBUG Engine               - applicationMode: DEVELOPER
13:05:40.092 [FXGL Background Thread 3 ] DEBUG Engine               - cSSList: [fxgl_dark.css]
13:05:40.092 [FXGL Background Thread 3 ] DEBUG Engine               - collisionDetectionStrategy: BRUTE_FORCE
13:05:40.092 [FXGL Background Thread 3 ] DEBUG Engine               - configClass: Optional.empty
13:05:40.092 [FXGL Background Thread 3 ] DEBUG Engine               - credits: []
13:05:40.092 [FXGL Background Thread 3 ] DEBUG Engine               - defaultCursor: CursorInfo(imageName=fxgl_default_cursor.png, hotspotX=7.0, hotspotY=6.0)
13:05:40.092 [FXGL Background Thread 3 ] DEBUG Engine               - devBBoxColorProperty: ObjectProperty [value: 0xff0000ff]
13:05:40.092 [FXGL Background Thread 3 ] DEBUG Engine               - devEnableDebugCameraProperty: BooleanProperty [value: false]
13:05:40.092 [FXGL Background Thread 3 ] DEBUG Engine               - devSensorColorProperty: ObjectProperty [value: 0xffff00ff]
13:05:40.092 [FXGL Background Thread 3 ] DEBUG Engine               - devShowBBoxProperty: BooleanProperty [value: false]
13:05:40.092 [FXGL Background Thread 3 ] DEBUG Engine               - devShowPositionProperty: BooleanProperty [value: false]
13:05:40.092 [FXGL Background Thread 3 ] DEBUG Engine               - enabledMenuItems: []
13:05:40.092 [FXGL Background Thread 3 ] DEBUG Engine               - engineServices: [class com.almasb.fxgl.app.services.FXGLAssetLoaderService, class com.almasb.fxgl.app.FXGLApplication$GameApplicationService, class com.almasb.fxgl.app.services.FXGLDialogService, class com.almasb.fxgl.app.services.IOTaskExecutorService, class com.almasb.fxgl.io.FileSystemService, class com.almasb.fxgl.localization.LocalizationService, class com.almasb.fxgl.app.services.SystemBundleService, class com.almasb.fxgl.profile.SaveLoadService, class com.almasb.fxgl.ui.FXGLUIFactoryServiceProvider, class com.almasb.fxgl.ui.FXGLDialogFactoryServiceProvider, class com.almasb.fxgl.audio.AudioPlayer, class com.almasb.fxgl.notification.impl.NotificationServiceProvider, class com.almasb.fxgl.achievement.AchievementService, class com.almasb.fxgl.cutscene.CutsceneService, class com.almasb.fxgl.minigames.MiniGameService, class com.almasb.fxgl.net.NetService, class com.almasb.fxgl.app.services.UpdaterService, class com.almasb.fxgl.dev.DevService, class com.almasb.fxgl.multiplayer.MultiplayerService]
13:05:40.092 [FXGL Background Thread 3 ] DEBUG Engine               - fontGame: Abel-Regular.ttf
13:05:40.093 [FXGL Background Thread 3 ] DEBUG Engine               - fontMono: lucida_console.ttf
13:05:40.093 [FXGL Background Thread 3 ] DEBUG Engine               - fontText: Courier-Prime.ttf
13:05:40.093 [FXGL Background Thread 3 ] DEBUG Engine               - fontUI: VarelaRound-Regular.ttf
13:05:40.093 [FXGL Background Thread 3 ] DEBUG Engine               - fullScreen: BooleanProperty [value: false]
13:05:40.093 [FXGL Background Thread 3 ] DEBUG Engine               - gameDifficulty: MEDIUM
13:05:40.093 [FXGL Background Thread 3 ] DEBUG Engine               - gameDifficultyProperty: ObjectProperty [value: MEDIUM]
13:05:40.093 [FXGL Background Thread 3 ] DEBUG Engine               - globalMusicVolume: 0.5
13:05:40.093 [FXGL Background Thread 3 ] DEBUG Engine               - globalMusicVolumeProperty: DoubleProperty [value: 0.5]
13:05:40.093 [FXGL Background Thread 3 ] DEBUG Engine               - globalSoundVolume: 0.5
13:05:40.093 [FXGL Background Thread 3 ] DEBUG Engine               - globalSoundVolumeProperty: DoubleProperty [value: 0.5]
13:05:40.094 [FXGL Background Thread 3 ] DEBUG Engine               - height: 600
13:05:40.094 [FXGL Background Thread 3 ] DEBUG Engine               - is3D: false
13:05:40.094 [FXGL Background Thread 3 ] DEBUG Engine               - isAndroid: false
13:05:40.094 [FXGL Background Thread 3 ] DEBUG Engine               - isBrowser: false
13:05:40.094 [FXGL Background Thread 3 ] DEBUG Engine               - isClickFeedbackEnabled: false
13:05:40.094 [FXGL Background Thread 3 ] DEBUG Engine               - isCloseConfirmation: false
13:05:40.094 [FXGL Background Thread 3 ] DEBUG Engine               - isDesktop: true
13:05:40.094 [FXGL Background Thread 3 ] DEBUG Engine               - isDeveloperMenuEnabled: true
13:05:40.094 [FXGL Background Thread 3 ] DEBUG Engine               - isEmbedded: false
13:05:40.094 [FXGL Background Thread 3 ] DEBUG Engine               - isEntityPreloadEnabled: true
13:05:40.094 [FXGL Background Thread 3 ] DEBUG Engine               - isExperimentalTiledLargeMap: false
13:05:40.094 [FXGL Background Thread 3 ] DEBUG Engine               - isFileSystemWriteAllowed: true
13:05:40.094 [FXGL Background Thread 3 ] DEBUG Engine               - isFullScreenAllowed: false
13:05:40.094 [FXGL Background Thread 3 ] DEBUG Engine               - isFullScreenFromStart: false
13:05:40.094 [FXGL Background Thread 3 ] DEBUG Engine               - isGameMenuEnabled: true
13:05:40.094 [FXGL Background Thread 3 ] DEBUG Engine               - isIOS: false
13:05:40.094 [FXGL Background Thread 3 ] DEBUG Engine               - isIntroEnabled: false
13:05:40.094 [FXGL Background Thread 3 ] DEBUG Engine               - isLinux: false
13:05:40.094 [FXGL Background Thread 3 ] DEBUG Engine               - isMac: false
13:05:40.094 [FXGL Background Thread 3 ] DEBUG Engine               - isMainMenuEnabled: true
13:05:40.094 [FXGL Background Thread 3 ] DEBUG Engine               - isManualResizeEnabled: false
13:05:40.094 [FXGL Background Thread 3 ] DEBUG Engine               - isMobile: false
13:05:40.094 [FXGL Background Thread 3 ] DEBUG Engine               - isNative: false
13:05:40.094 [FXGL Background Thread 3 ] DEBUG Engine               - isPauseMusicWhenMinimized: true
13:05:40.094 [FXGL Background Thread 3 ] DEBUG Engine               - isPreserveResizeRatio: false
13:05:40.094 [FXGL Background Thread 3 ] DEBUG Engine               - isProfilingEnabled: false
13:05:40.094 [FXGL Background Thread 3 ] DEBUG Engine               - isScaleAffectedOnResize: true
13:05:40.094 [FXGL Background Thread 3 ] DEBUG Engine               - isSingleStep: false
13:05:40.094 [FXGL Background Thread 3 ] DEBUG Engine               - isUserProfileEnabled: false
13:05:40.094 [FXGL Background Thread 3 ] DEBUG Engine               - isWindows: true
13:05:40.094 [FXGL Background Thread 3 ] DEBUG Engine               - language: ObjectProperty [value: ENGLISH]
13:05:40.094 [FXGL Background Thread 3 ] DEBUG Engine               - menuKey: ESCAPE
13:05:40.094 [FXGL Background Thread 3 ] DEBUG Engine               - mouseSensitivity: 0.2
13:05:40.094 [FXGL Background Thread 3 ] DEBUG Engine               - notificationViewClass: class com.almasb.fxgl.notification.view.XboxNotificationView
13:05:40.094 [FXGL Background Thread 3 ] DEBUG Engine               - pixelsPerMeter: 50.0
13:05:40.095 [FXGL Background Thread 3 ] DEBUG Engine               - platform: WINDOWS
13:05:40.095 [FXGL Background Thread 3 ] DEBUG Engine               - prefHeightProperty: ReadOnlyDoubleProperty [value: 600.0]
13:05:40.095 [FXGL Background Thread 3 ] DEBUG Engine               - prefWidthProperty: ReadOnlyDoubleProperty [value: 800.0]
13:05:40.095 [FXGL Background Thread 3 ] DEBUG Engine               - profileDir: profiles/
13:05:40.095 [FXGL Background Thread 3 ] DEBUG Engine               - profileName: StringProperty [value: DEFAULT]
13:05:40.095 [FXGL Background Thread 3 ] DEBUG Engine               - randomSeed: -1
13:05:40.095 [FXGL Background Thread 3 ] DEBUG Engine               - runtimeInfo: RuntimeInfo(platform=WINDOWS, version=dev-SNAPSHOT, build=28.07.2021 16.39)
13:05:40.095 [FXGL Background Thread 3 ] DEBUG Engine               - saveFileExt: sav
13:05:40.095 [FXGL Background Thread 3 ] DEBUG Engine               - scaledHeightProp$fxgl: DoubleProperty [bound, value: 600.0]
13:05:40.095 [FXGL Background Thread 3 ] DEBUG Engine               - scaledWidthProp$fxgl: DoubleProperty [bound, value: 800.0]
13:05:40.095 [FXGL Background Thread 3 ] DEBUG Engine               - sceneFactory: com.groupfour.mygame.App$1@107b352f
13:05:40.095 [FXGL Background Thread 3 ] DEBUG Engine               - secondsIn24h: 60
13:05:40.095 [FXGL Background Thread 3 ] DEBUG Engine               - soundMenuBack: menu/back.wav
13:05:40.095 [FXGL Background Thread 3 ] DEBUG Engine               - soundMenuPress: menu/press.wav
13:05:40.095 [FXGL Background Thread 3 ] DEBUG Engine               - soundMenuSelect: menu/select.wav
13:05:40.095 [FXGL Background Thread 3 ] DEBUG Engine               - soundNotification: core/notification.wav
13:05:40.095 [FXGL Background Thread 3 ] DEBUG Engine               - stageStyle: DECORATED
13:05:40.095 [FXGL Background Thread 3 ] DEBUG Engine               - supportedLanguages: [ENGLISH, FRENCH, GERMAN, HUNGARIAN, RUSSIAN]
13:05:40.095 [FXGL Background Thread 3 ] DEBUG Engine               - ticksPerSecond: -1
13:05:40.095 [FXGL Background Thread 3 ] DEBUG Engine               - title: Flatline: Oregon
13:05:40.095 [FXGL Background Thread 3 ] DEBUG Engine               - urlGithub: https://github.com/AlmasB/FXGL
13:05:40.096 [FXGL Background Thread 3 ] DEBUG Engine               - urlLeaderboard: http://fxgl-top.herokuapp.com/
13:05:40.096 [FXGL Background Thread 3 ] DEBUG Engine               - urlPOM: https://raw.githubusercontent.com/AlmasB/FXGL/release/README.md
13:05:40.096 [FXGL Background Thread 3 ] DEBUG Engine               - userAppClass: class com.groupfour.mygame.App
13:05:40.096 [FXGL Background Thread 3 ] DEBUG Engine               - version: Alpha 0.3
13:05:40.096 [FXGL Background Thread 3 ] DEBUG Engine               - versionCheckDays: 7
13:05:40.096 [FXGL Background Thread 3 ] DEBUG Engine               - width: 800
13:05:40.096 [FXGL Background Thread 3 ] DEBUG Engine               - Logging services
13:05:40.096 [FXGL Background Thread 3 ] DEBUG Engine               - class com.almasb.fxgl.app.services.FXGLAssetLoaderService
13:05:40.096 [FXGL Background Thread 3 ] DEBUG Engine               - class com.almasb.fxgl.app.FXGLApplication$GameApplicationService
13:05:40.096 [FXGL Background Thread 3 ] DEBUG Engine               - class com.almasb.fxgl.app.services.FXGLDialogService
13:05:40.096 [FXGL Background Thread 3 ] DEBUG Engine               - class com.almasb.fxgl.app.services.IOTaskExecutorService
13:05:40.096 [FXGL Background Thread 3 ] DEBUG Engine               - class com.almasb.fxgl.io.FileSystemService
13:05:40.096 [FXGL Background Thread 3 ] DEBUG Engine               - class com.almasb.fxgl.localization.LocalizationService
13:05:40.096 [FXGL Background Thread 3 ] DEBUG Engine               - class com.almasb.fxgl.app.services.SystemBundleService
13:05:40.096 [FXGL Background Thread 3 ] DEBUG Engine               - class com.almasb.fxgl.profile.SaveLoadService
13:05:40.096 [FXGL Background Thread 3 ] DEBUG Engine               - class com.almasb.fxgl.ui.FXGLUIFactoryServiceProvider
13:05:40.096 [FXGL Background Thread 3 ] DEBUG Engine               - class com.almasb.fxgl.ui.FXGLDialogFactoryServiceProvider
13:05:40.096 [FXGL Background Thread 3 ] DEBUG Engine               - class com.almasb.fxgl.audio.AudioPlayer
13:05:40.096 [FXGL Background Thread 3 ] DEBUG Engine               - class com.almasb.fxgl.notification.impl.NotificationServiceProvider
13:05:40.096 [FXGL Background Thread 3 ] DEBUG Engine               - class com.almasb.fxgl.achievement.AchievementService
13:05:40.096 [FXGL Background Thread 3 ] DEBUG Engine               - class com.almasb.fxgl.cutscene.CutsceneService
13:05:40.096 [FXGL Background Thread 3 ] DEBUG Engine               - class com.almasb.fxgl.minigames.MiniGameService
13:05:40.096 [FXGL Background Thread 3 ] DEBUG Engine               - class com.almasb.fxgl.net.NetService
13:05:40.096 [FXGL Background Thread 3 ] DEBUG Engine               - class com.almasb.fxgl.app.services.UpdaterService
13:05:40.096 [FXGL Background Thread 3 ] DEBUG Engine               - class com.almasb.fxgl.dev.DevService
13:05:40.096 [FXGL Background Thread 3 ] DEBUG Engine               - class com.almasb.fxgl.multiplayer.MultiplayerService
13:05:44.129 [JavaFX Application Thread] DEBUG PrimaryStageWindow   - Push state: DialogSubScene
13:05:44.129 [JavaFX Application Thread] DEBUG Input                - Clearing active input actions
13:05:44.130 [JavaFX Application Thread] DEBUG GameApplicationServi - Removing overlay from GameScene and adding to DialogSubScene
13:05:44.130 [JavaFX Application Thread] DEBUG PrimaryStageWindow   - GameScene -> DialogSubScene
13:05:47.246 [JavaFX Application Thread] DEBUG PrimaryStageWindow   - Pop state: DialogSubScene
13:05:47.246 [JavaFX Application Thread] DEBUG Input                - Clearing active input actions
13:05:47.247 [JavaFX Application Thread] DEBUG GameApplicationServi - Removing overlay from DialogSubScene and adding to GameScene
13:05:47.247 [JavaFX Application Thread] DEBUG PrimaryStageWindow   - GameScene <- DialogSubScene
13:05:47.247 [JavaFX Application Thread] DEBUG Input                - Clearing active input actions
13:05:47.249 [JavaFX Application Thread] DEBUG GameApplicationServi - Removing overlay from GameScene and adding to FXGLMainMenuDummyScene
13:05:47.249 [JavaFX Application Thread] DEBUG PrimaryStageWindow   - GameScene -> FXGLMainMenuDummyScene
13:05:47.249 [JavaFX Application Thread] DEBUG PrimaryStageWindow   - Push state: FXGLDefaultMenu
13:05:47.249 [JavaFX Application Thread] DEBUG Input                - Clearing active input actions
13:05:47.250 [JavaFX Application Thread] DEBUG GameApplicationServi - Removing overlay from FXGLMainMenuDummyScene and adding to FXGLDefaultMenu
13:05:47.252 [JavaFX Application Thread] DEBUG PrimaryStageWindow   - FXGLMainMenuDummyScene -> FXGLDefaultMenu
13:05:48.154 [JavaFX Application Thread] DEBUG FXGLApplication      - Exiting FXGL
13:05:48.154 [JavaFX Application Thread] DEBUG LoopRunner           - Stopping loop
13:05:48.154 [JavaFX Application Thread] DEBUG SystemBundleService  - Saving FXGL system data
13:05:48.155 [JavaFX Application Thread] DEBUG FileSystemAccess     - Writing to: C:\Users\acer\OneDrive\Desktop\git pull\CSS124L-FINAL-PROJECT\system\fxgl.bundle
13:05:48.156 [JavaFX Application Thread] DEBUG Async                - Shutting down background threads
13:05:48.157 [JavaFX Application Thread] DEBUG PrimaryStageWindow   - Closing main window
13:05:48.168 [JavaFX Application Thread] DEBUG Logger               - Closing Logger
