15:34:10.953 [main                     ] DEBUG Logger               - Configured Logger
15:34:10.972 [main                     ] DEBUG GameApplication      - Logging settings
Title: Flatline: Oregon
Version: Alpha 0.19021902
Width: 800
Height: 600
Fullscreen: false
Intro: false
Profiling: false
Single step:false
App Mode: DEVELOPER
Menu Key: ESCAPE
Stage Style: DECORATED
Scene Factory: class com.groupfour.mygame.App$1

15:34:11.260 [JavaFX Application Thread] DEBUG FXGLApplication      - Initializing FXGL
15:34:11.263 [JavaFX Application Thread] INFO  Engine               - FXGL-dev-SNAPSHOT (28.07.2021 16.39) on WINDOWS (J:11.0.22 FX:16)
15:34:11.264 [JavaFX Application Thread] DEBUG Engine               - JRE Vendor Name: Oracle Corporation
15:34:11.264 [JavaFX Application Thread] DEBUG Engine               - Running on OS: Windows 11 version 10.0
15:34:11.264 [JavaFX Application Thread] DEBUG Engine               - Architecture: amd64
15:34:11.264 [JavaFX Application Thread] INFO  Engine               - Source code and latest versions at: https://github.com/AlmasB/FXGL
15:34:11.265 [JavaFX Application Thread] INFO  Engine               -              Join the FXGL chat at: https://gitter.im/AlmasB/FXGL
15:34:11.329 [JavaFX Application Thread] DEBUG PrimaryStageWindow   - Creating a JavaFX scene
15:34:11.368 [JavaFX Application Thread] DEBUG PrimaryStageWindow   - Target settings size: 800.0 x 600.0
15:34:11.368 [JavaFX Application Thread] DEBUG PrimaryStageWindow   - Scaled scene size:    800.0 x 600.0
15:34:11.368 [JavaFX Application Thread] DEBUG PrimaryStageWindow   - Scaled ratio: (1.0, 1.0)
15:34:11.368 [JavaFX Application Thread] DEBUG PrimaryStageWindow   - Set initial scene to FXGLStartupScene
15:34:11.372 [JavaFX Application Thread] DEBUG PrimaryStageWindow   - Opening main window
15:34:11.441 [JavaFX Application Thread] DEBUG PrimaryStageWindow   - Window border size: (14.4000244140625, 37.5999755859375)
15:34:11.441 [JavaFX Application Thread] DEBUG PrimaryStageWindow   - Scaled size: 800.0 x 600.0
15:34:11.441 [JavaFX Application Thread] DEBUG PrimaryStageWindow   - Scaled ratio: (1.0, 1.0)
15:34:11.441 [JavaFX Application Thread] DEBUG PrimaryStageWindow   - Scene size: 800.0 x 600.0
15:34:11.441 [JavaFX Application Thread] DEBUG PrimaryStageWindow   - Stage size: 814.4000244140625 x 637.5999755859375
15:34:11.447 [FXGL Background Thread 1 ] DEBUG Engine               - Initializing environment variables
15:34:11.484 [FXGL Background Thread 1 ] DEBUG FXGLAssetLoaderServi - User app class for loading assets: class com.groupfour.mygame.App
15:34:11.484 [FXGL Background Thread 1 ] DEBUG GameApplicationServi - Applying CSS: fxgl_dark.css
15:34:11.485 [FXGL Background Thread 1 ] DEBUG FXGLAssetLoaderServi - Loading from file system: jar:file:///C:/Users/acer/.m2/repository/com/github/almasb/fxgl/dev-SNAPSHOT/fxgl-dev-SNAPSHOT.jar!/fxglassets/ui/css/fxgl_dark.css
15:34:11.532 [FXGL Background Thread 1 ] DEBUG GameApplicationServi - Initializing application scenes
15:34:11.565 [FXGL Background Thread 1 ] DEBUG GameWorld            - Game world initialized
15:34:11.612 [FXGL Background Thread 1 ] DEBUG PhysicsWorld         - Physics world initialized: appHeight=600, physics.ppm=50.0
15:34:11.612 [FXGL Background Thread 1 ] DEBUG PhysicsWorld         - Using strategy: BRUTE_FORCE
15:34:11.615 [FXGL Background Thread 1 ] DEBUG GameScene            - Game scene initialized: 800x600
15:34:11.627 [FXGL Background Thread 1 ] DEBUG FXGL.DefaultMenu     - createMenuBodyMainMenu()
15:34:11.639 [FXGL Background Thread 1 ] DEBUG FXGL.DefaultMenu     - createOptionsMenu()
15:34:11.646 [FXGL Background Thread 1 ] DEBUG FXGLAssetLoaderServi - Loading from file system: jar:file:///C:/Users/acer/.m2/repository/com/github/almasb/fxgl/dev-SNAPSHOT/fxgl-dev-SNAPSHOT.jar!/fxglassets/textures/particles/smoke.png
15:34:11.719 [FXGL Background Thread 1 ] DEBUG FXGLAssetLoaderServi - Loading from file system: jar:file:///C:/Users/acer/.m2/repository/com/github/almasb/fxgl/dev-SNAPSHOT/fxgl-dev-SNAPSHOT.jar!/fxglassets/textures/particles/trace_horizontal.png
15:34:11.743 [FXGL Background Thread 1 ] DEBUG GameApplicationServi - Application scenes initialized
15:34:11.750 [FXGL Background Thread 1 ] DEBUG SystemBundleService  - Loading FXGL system data
15:34:11.754 [FXGL Background Thread 1 ] DEBUG FileSystemAccess     - Reading from: C:\Users\acer\OneDrive\Desktop\git pull\CSS124L-FINAL-PROJECT\system\fxgl.bundle
15:34:11.759 [FXGL Background Thread 1 ] DEBUG SystemBundleService  - Bundle FXGL: {}
15:34:11.759 [FXGL Background Thread 1 ] DEBUG UpdaterService       - Checking for updates
15:34:11.780 [FXGL Background Thread 4 ] DEBUG FXGLApplication      - Loading fonts
15:34:11.780 [FXGL Background Thread 1 ] DEBUG FXGLApplication      - Loading default localization
15:34:11.780 [FXGL Background Thread 4 ] DEBUG FXGLAssetLoaderServi - Loading from file system: jar:file:///C:/Users/acer/.m2/repository/com/github/almasb/fxgl/dev-SNAPSHOT/fxgl-dev-SNAPSHOT.jar!/fxglassets/ui/fonts/VarelaRound-Regular.ttf
15:34:11.780 [FXGL Background Thread 1 ] DEBUG FXGLAssetLoaderServi - Loading from file system: jar:file:///C:/Users/acer/.m2/repository/com/github/almasb/fxgl/dev-SNAPSHOT/fxgl-dev-SNAPSHOT.jar!/fxglassets/languages/english.lang
15:34:11.791 [FXGL Background Thread 1 ] INFO  FXGLApplication      - FXGL initialization took: 0.345 sec
15:34:11.802 [JavaFX Application Thread] DEBUG Input                - Registered new binding: Move Upwards - W
15:34:11.802 [JavaFX Application Thread] DEBUG Input                - Registered new binding: Move Down - S
15:34:11.802 [JavaFX Application Thread] DEBUG Input                - Registered new binding: Move Left - A
15:34:11.803 [JavaFX Application Thread] DEBUG Input                - Registered new binding: Move Right - D
15:34:11.803 [JavaFX Application Thread] DEBUG Input                - Registered new binding: Reload - R
15:34:11.804 [JavaFX Application Thread] DEBUG Input                - Registered new binding: Shoot - LMB
15:34:11.804 [JavaFX Application Thread] DEBUG Input                - Registered new binding: Switch Weapons - Q
15:34:11.804 [JavaFX Application Thread] DEBUG Input                - Registered new binding: Interact - F
15:34:11.806 [JavaFX Application Thread] DEBUG FXGLAssetLoaderServi - Loading from file system: jar:file:///C:/Users/acer/.m2/repository/com/github/almasb/fxgl/dev-SNAPSHOT/fxgl-dev-SNAPSHOT.jar!/fxglassets/textures/fxgl_icon.png
15:34:11.831 [JavaFX Application Thread] DEBUG FXGLAssetLoaderServi - Loading from file system: jar:file:///C:/Users/acer/.m2/repository/com/github/almasb/fxgl/dev-SNAPSHOT/fxgl-dev-SNAPSHOT.jar!/fxglassets/textures/fxgl_default_cursor.png
15:34:11.834 [JavaFX Application Thread] DEBUG Input                - Registered new binding: Screenshot - CTRL+8
15:34:11.834 [JavaFX Application Thread] DEBUG Input                - Registered new binding: Dev Options - 1
15:34:11.834 [JavaFX Application Thread] DEBUG Input                - Registered new binding: Dev Console - 2
15:34:11.835 [JavaFX Application Thread] DEBUG Input                - Registered new binding: System info dump - CTRL+9
15:34:11.835 [JavaFX Application Thread] DEBUG Input                - Registered new binding: Restart - CTRL+R
15:34:11.836 [JavaFX Application Thread] DEBUG Input                - Registered new binding: Toggle Debug Camera - CTRL+C
15:34:11.838 [JavaFX Application Thread] DEBUG LoopRunner           - Starting loop
15:34:11.854 [JavaFX Application Thread] DEBUG LoopRunner           - Initializing JavaFX AnimationTimerLoop
15:34:11.855 [JavaFX Application Thread] DEBUG Input                - Clearing active input actions
15:34:11.862 [JavaFX Application Thread] DEBUG GameApplicationServi - Removing overlay from FXGLStartupScene and adding to FXGLMainMenuDummyScene
15:34:11.866 [JavaFX Application Thread] DEBUG PrimaryStageWindow   - FXGLStartupScene -> FXGLMainMenuDummyScene
15:34:11.867 [JavaFX Application Thread] DEBUG PrimaryStageWindow   - Push state: FXGLDefaultMenu
15:34:11.870 [JavaFX Application Thread] DEBUG Input                - Clearing active input actions
15:34:11.878 [JavaFX Application Thread] DEBUG GameApplicationServi - Removing overlay from FXGLMainMenuDummyScene and adding to FXGLDefaultMenu
15:34:11.878 [JavaFX Application Thread] DEBUG PrimaryStageWindow   - FXGLMainMenuDummyScene -> FXGLDefaultMenu
15:34:12.195 [FXGL Background Thread 4 ] DEBUG FXGLAssetLoaderServi - Loading from file system: jar:file:///C:/Users/acer/.m2/repository/com/github/almasb/fxgl/dev-SNAPSHOT/fxgl-dev-SNAPSHOT.jar!/fxglassets/ui/fonts/Abel-Regular.ttf
15:34:12.199 [FXGL Background Thread 4 ] DEBUG FXGLAssetLoaderServi - Loading from file system: jar:file:///C:/Users/acer/.m2/repository/com/github/almasb/fxgl/dev-SNAPSHOT/fxgl-dev-SNAPSHOT.jar!/fxglassets/ui/fonts/lucida_console.ttf
15:34:12.208 [FXGL Background Thread 4 ] DEBUG FXGLAssetLoaderServi - Loading from file system: jar:file:///C:/Users/acer/.m2/repository/com/github/almasb/fxgl/dev-SNAPSHOT/fxgl-dev-SNAPSHOT.jar!/fxglassets/ui/fonts/Courier-Prime.ttf
15:34:12.214 [JavaFX Application Thread] DEBUG FXGLApplication      - Registering font factories with UI factory
15:34:12.377 [JavaFX Application Thread] DEBUG Menu                 - fireNewGame()
15:34:12.377 [JavaFX Application Thread] DEBUG GameApplicationServi - Starting new game
15:34:12.378 [JavaFX Application Thread] DEBUG PrimaryStageWindow   - Pop state: FXGLDefaultMenu
15:34:12.379 [JavaFX Application Thread] DEBUG Input                - Clearing active input actions
15:34:12.380 [JavaFX Application Thread] DEBUG GameApplicationServi - Removing overlay from FXGLDefaultMenu and adding to FXGLMainMenuDummyScene
15:34:12.381 [JavaFX Application Thread] DEBUG PrimaryStageWindow   - FXGLMainMenuDummyScene <- FXGLDefaultMenu
15:34:12.381 [JavaFX Application Thread] DEBUG Input                - Clearing active input actions
15:34:12.387 [JavaFX Application Thread] DEBUG GameApplicationServi - Removing overlay from FXGLMainMenuDummyScene and adding to FXGLLoadingScene
15:34:12.388 [JavaFX Application Thread] DEBUG PrimaryStageWindow   - FXGLMainMenuDummyScene -> FXGLLoadingScene
15:34:12.388 [JavaFX Application Thread] DEBUG GameApplicationServi - Clearing previous game
15:34:12.388 [JavaFX Application Thread] DEBUG GameScene            - Clearing game scene
15:34:12.388 [JavaFX Application Thread] DEBUG GameWorld            - Clearing game world
15:34:12.388 [JavaFX Application Thread] DEBUG PhysicsWorld         - Clearing physics world
15:34:12.389 [FXGL Background Thread 4 ] DEBUG FXGLApplication      - Initializing game
15:34:12.441 [FXGL Background Thread 4 ] WARN  TMXLevelLoader       - TiledMap generated from 1.11.0. Supported version: 1.2.3. Some features may not be parsed fully.
15:34:12.448 [FXGL Background Thread 4 ] DEBUG TMXLevelLoader       - Parsed TiledMap: file:/C:/Users/acer/OneDrive/Desktop/git%20pull/CSS124L-FINAL-PROJECT/fp/target/classes/assets/levels/Lobby.tmx
15:34:12.449 [FXGL Background Thread 4 ] DEBUG TMXLevelLoader       - Creating tile layer entities
15:34:12.450 [FXGL Background Thread 4 ] DEBUG TilesetLoader        - Loading view for layer Tile Layer 1
15:34:12.454 [FXGL Background Thread 4 ] DEBUG TilesetLoader        - Created buffer with size 1280.0x768.0
15:34:12.464 [FXGL Background Thread 4 ] DEBUG TMXLevelLoader       - Creating object layer entities
15:34:12.483 [FXGL Background Thread 4 ] DEBUG GameWorld            - Clearing removable entities
15:34:12.484 [FXGL Background Thread 4 ] DEBUG GameWorld            - Setting level: com.almasb.fxgl.entity.level.Level@33d85b88
15:34:12.493 [FXGL Background Thread 4 ] DEBUG FXGLAssetLoaderServi - Loading from file system: file:/C:/Users/acer/OneDrive/Desktop/git%20pull/CSS124L-FINAL-PROJECT/fp/target/classes/assets/ui/fonts/PIXELADE.TTF
15:34:12.513 [FXGL Background Thread 4 ] INFO  FXGLApplication      - Game initialization took: 0.123 sec
15:34:12.515 [JavaFX Application Thread] DEBUG Input                - Clearing active input actions
15:34:12.520 [JavaFX Application Thread] DEBUG GameApplicationServi - Removing overlay from FXGLLoadingScene and adding to GameScene
15:34:12.521 [JavaFX Application Thread] DEBUG PrimaryStageWindow   - FXGLLoadingScene -> GameScene
15:34:12.524 [JavaFX Application Thread] DEBUG FXGLAssetLoaderServi - Loading from file system: file:/C:/Users/acer/OneDrive/Desktop/git%20pull/CSS124L-FINAL-PROJECT/fp/target/classes/assets/textures/Interactables/microwave_close.png
15:34:12.525 [JavaFX Application Thread] DEBUG PrimaryStageWindow   - Push state: PCM_BG
15:34:12.525 [JavaFX Application Thread] DEBUG Input                - Clearing active input actions
15:34:12.525 [JavaFX Application Thread] DEBUG GameApplicationServi - Removing overlay from GameScene and adding to PCM_BG
15:34:12.526 [JavaFX Application Thread] DEBUG PrimaryStageWindow   - GameScene -> PCM_BG
15:34:12.527 [JavaFX Application Thread] DEBUG PrimaryStageWindow   - Push state: PlayerCountMenu
15:34:12.527 [JavaFX Application Thread] DEBUG Input                - Clearing active input actions
15:34:12.527 [JavaFX Application Thread] DEBUG GameApplicationServi - Removing overlay from PCM_BG and adding to PlayerCountMenu
15:34:12.530 [JavaFX Application Thread] DEBUG PrimaryStageWindow   - PCM_BG -> PlayerCountMenu
15:34:12.542 [FXGL Background Thread 2 ] INFO  UpdaterService       - Your current version:  dev-SNAPSHOT
15:34:12.543 [FXGL Background Thread 2 ] INFO  UpdaterService       - Latest stable version: 21.1
15:34:12.914 [JavaFX Application Thread] DEBUG FXGLAssetLoaderServi - Loading from file system: file:/C:/Users/acer/OneDrive/Desktop/git%20pull/CSS124L-FINAL-PROJECT/fp/target/classes/assets/textures/Weapons/Idle/BerettaM9_Idle.png
15:34:12.915 [JavaFX Application Thread] DEBUG FXGLAssetLoaderServi - Loading from file system: file:/C:/Users/acer/OneDrive/Desktop/git%20pull/CSS124L-FINAL-PROJECT/fp/target/classes/assets/textures/Weapons/Shooting/BerettaM9_Shooting.png
15:34:12.917 [JavaFX Application Thread] DEBUG FXGLAssetLoaderServi - Loading from file system: file:/C:/Users/acer/OneDrive/Desktop/git%20pull/CSS124L-FINAL-PROJECT/fp/target/classes/assets/textures/Players/1P_Shoot.png
15:34:12.920 [JavaFX Application Thread] DEBUG FXGLAssetLoaderServi - Loading from file system: file:/C:/Users/acer/OneDrive/Desktop/git%20pull/CSS124L-FINAL-PROJECT/fp/target/classes/assets/textures/Interactables/vending_machine.png
15:34:12.924 [JavaFX Application Thread] DEBUG PrimaryStageWindow   - Pop state: PlayerCountMenu
15:34:12.924 [JavaFX Application Thread] DEBUG Input                - Clearing active input actions
15:34:12.925 [JavaFX Application Thread] DEBUG GameApplicationServi - Removing overlay from PlayerCountMenu and adding to PCM_BG
15:34:12.925 [JavaFX Application Thread] DEBUG PrimaryStageWindow   - PCM_BG <- PlayerCountMenu
15:34:12.925 [JavaFX Application Thread] DEBUG PrimaryStageWindow   - Pop state: PCM_BG
15:34:12.925 [JavaFX Application Thread] DEBUG Input                - Clearing active input actions
15:34:12.925 [JavaFX Application Thread] DEBUG GameApplicationServi - Removing overlay from PCM_BG and adding to GameScene
15:34:12.925 [JavaFX Application Thread] DEBUG PrimaryStageWindow   - GameScene <- PCM_BG
15:34:12.984 [JavaFX Application Thread] DEBUG FXGLAssetLoaderServi - Loading from file system: file:/C:/Users/acer/OneDrive/Desktop/git%20pull/CSS124L-FINAL-PROJECT/fp/target/classes/assets/textures/Zombies/Basic_Zombie_Walking.png
15:34:12.987 [JavaFX Application Thread] DEBUG FXGLAssetLoaderServi - Loading from file system: file:/C:/Users/acer/OneDrive/Desktop/git%20pull/CSS124L-FINAL-PROJECT/fp/target/classes/assets/textures/Zombies/Basic_Zombie_Attack.png
15:34:14.780 [FXGL Background Thread 3 ] DEBUG Engine               - Logging environment variables
15:34:14.780 [FXGL Background Thread 3 ] DEBUG Engine               - achievements: []
15:34:14.780 [FXGL Background Thread 3 ] DEBUG Engine               - actualHeight: 600.0
15:34:14.780 [FXGL Background Thread 3 ] DEBUG Engine               - actualHeightProperty: ReadOnlyDoubleProperty [value: 600.0]
15:34:14.780 [FXGL Background Thread 3 ] DEBUG Engine               - actualWidth: 800.0
15:34:14.781 [FXGL Background Thread 3 ] DEBUG Engine               - actualWidthProperty: ReadOnlyDoubleProperty [value: 800.0]
15:34:14.781 [FXGL Background Thread 3 ] DEBUG Engine               - appIcon: fxgl_icon.png
15:34:14.781 [FXGL Background Thread 3 ] DEBUG Engine               - applicationMode: DEVELOPER
15:34:14.781 [FXGL Background Thread 3 ] DEBUG Engine               - cSSList: [fxgl_dark.css]
15:34:14.781 [FXGL Background Thread 3 ] DEBUG Engine               - collisionDetectionStrategy: BRUTE_FORCE
15:34:14.781 [FXGL Background Thread 3 ] DEBUG Engine               - configClass: Optional.empty
15:34:14.781 [FXGL Background Thread 3 ] DEBUG Engine               - credits: []
15:34:14.781 [FXGL Background Thread 3 ] DEBUG Engine               - defaultCursor: CursorInfo(imageName=fxgl_default_cursor.png, hotspotX=7.0, hotspotY=6.0)
15:34:14.781 [FXGL Background Thread 3 ] DEBUG Engine               - devBBoxColorProperty: ObjectProperty [value: 0xff0000ff]
15:34:14.781 [FXGL Background Thread 3 ] DEBUG Engine               - devEnableDebugCameraProperty: BooleanProperty [value: false]
15:34:14.781 [FXGL Background Thread 3 ] DEBUG Engine               - devSensorColorProperty: ObjectProperty [value: 0xffff00ff]
15:34:14.781 [FXGL Background Thread 3 ] DEBUG Engine               - devShowBBoxProperty: BooleanProperty [value: false]
15:34:14.781 [FXGL Background Thread 3 ] DEBUG Engine               - devShowPositionProperty: BooleanProperty [value: false]
15:34:14.781 [FXGL Background Thread 3 ] DEBUG Engine               - enabledMenuItems: []
15:34:14.781 [FXGL Background Thread 3 ] DEBUG Engine               - engineServices: [class com.almasb.fxgl.app.services.FXGLAssetLoaderService, class com.almasb.fxgl.app.FXGLApplication$GameApplicationService, class com.almasb.fxgl.app.services.FXGLDialogService, class com.almasb.fxgl.app.services.IOTaskExecutorService, class com.almasb.fxgl.io.FileSystemService, class com.almasb.fxgl.localization.LocalizationService, class com.almasb.fxgl.app.services.SystemBundleService, class com.almasb.fxgl.profile.SaveLoadService, class com.almasb.fxgl.ui.FXGLUIFactoryServiceProvider, class com.almasb.fxgl.ui.FXGLDialogFactoryServiceProvider, class com.almasb.fxgl.audio.AudioPlayer, class com.almasb.fxgl.notification.impl.NotificationServiceProvider, class com.almasb.fxgl.achievement.AchievementService, class com.almasb.fxgl.cutscene.CutsceneService, class com.almasb.fxgl.minigames.MiniGameService, class com.almasb.fxgl.net.NetService, class com.almasb.fxgl.app.services.UpdaterService, class com.almasb.fxgl.dev.DevService, class com.almasb.fxgl.multiplayer.MultiplayerService]
15:34:14.781 [FXGL Background Thread 3 ] DEBUG Engine               - fontGame: Abel-Regular.ttf
15:34:14.781 [FXGL Background Thread 3 ] DEBUG Engine               - fontMono: lucida_console.ttf
15:34:14.781 [FXGL Background Thread 3 ] DEBUG Engine               - fontText: Courier-Prime.ttf
15:34:14.781 [FXGL Background Thread 3 ] DEBUG Engine               - fontUI: VarelaRound-Regular.ttf
15:34:14.781 [FXGL Background Thread 3 ] DEBUG Engine               - fullScreen: BooleanProperty [value: false]
15:34:14.781 [FXGL Background Thread 3 ] DEBUG Engine               - gameDifficulty: MEDIUM
15:34:14.781 [FXGL Background Thread 3 ] DEBUG Engine               - gameDifficultyProperty: ObjectProperty [value: MEDIUM]
15:34:14.781 [FXGL Background Thread 3 ] DEBUG Engine               - globalMusicVolume: 0.5
15:34:14.781 [FXGL Background Thread 3 ] DEBUG Engine               - globalMusicVolumeProperty: DoubleProperty [value: 0.5]
15:34:14.781 [FXGL Background Thread 3 ] DEBUG Engine               - globalSoundVolume: 0.5
15:34:14.781 [FXGL Background Thread 3 ] DEBUG Engine               - globalSoundVolumeProperty: DoubleProperty [value: 0.5]
15:34:14.781 [FXGL Background Thread 3 ] DEBUG Engine               - height: 600
15:34:14.781 [FXGL Background Thread 3 ] DEBUG Engine               - is3D: false
15:34:14.781 [FXGL Background Thread 3 ] DEBUG Engine               - isAndroid: false
15:34:14.781 [FXGL Background Thread 3 ] DEBUG Engine               - isBrowser: false
15:34:14.781 [FXGL Background Thread 3 ] DEBUG Engine               - isClickFeedbackEnabled: false
15:34:14.781 [FXGL Background Thread 3 ] DEBUG Engine               - isCloseConfirmation: false
15:34:14.781 [FXGL Background Thread 3 ] DEBUG Engine               - isDesktop: true
15:34:14.781 [FXGL Background Thread 3 ] DEBUG Engine               - isDeveloperMenuEnabled: true
15:34:14.781 [FXGL Background Thread 3 ] DEBUG Engine               - isEmbedded: false
15:34:14.781 [FXGL Background Thread 3 ] DEBUG Engine               - isEntityPreloadEnabled: true
15:34:14.781 [FXGL Background Thread 3 ] DEBUG Engine               - isExperimentalTiledLargeMap: false
15:34:14.781 [FXGL Background Thread 3 ] DEBUG Engine               - isFileSystemWriteAllowed: true
15:34:14.781 [FXGL Background Thread 3 ] DEBUG Engine               - isFullScreenAllowed: false
15:34:14.781 [FXGL Background Thread 3 ] DEBUG Engine               - isFullScreenFromStart: false
15:34:14.781 [FXGL Background Thread 3 ] DEBUG Engine               - isGameMenuEnabled: true
15:34:14.781 [FXGL Background Thread 3 ] DEBUG Engine               - isIOS: false
15:34:14.781 [FXGL Background Thread 3 ] DEBUG Engine               - isIntroEnabled: false
15:34:14.781 [FXGL Background Thread 3 ] DEBUG Engine               - isLinux: false
15:34:14.781 [FXGL Background Thread 3 ] DEBUG Engine               - isMac: false
15:34:14.781 [FXGL Background Thread 3 ] DEBUG Engine               - isMainMenuEnabled: true
15:34:14.781 [FXGL Background Thread 3 ] DEBUG Engine               - isManualResizeEnabled: false
15:34:14.781 [FXGL Background Thread 3 ] DEBUG Engine               - isMobile: false
15:34:14.782 [FXGL Background Thread 3 ] DEBUG Engine               - isNative: false
15:34:14.782 [FXGL Background Thread 3 ] DEBUG Engine               - isPauseMusicWhenMinimized: true
15:34:14.782 [FXGL Background Thread 3 ] DEBUG Engine               - isPreserveResizeRatio: false
15:34:14.782 [FXGL Background Thread 3 ] DEBUG Engine               - isProfilingEnabled: false
15:34:14.782 [FXGL Background Thread 3 ] DEBUG Engine               - isScaleAffectedOnResize: true
15:34:14.782 [FXGL Background Thread 3 ] DEBUG Engine               - isSingleStep: false
15:34:14.782 [FXGL Background Thread 3 ] DEBUG Engine               - isUserProfileEnabled: false
15:34:14.782 [FXGL Background Thread 3 ] DEBUG Engine               - isWindows: true
15:34:14.782 [FXGL Background Thread 3 ] DEBUG Engine               - language: ObjectProperty [value: ENGLISH]
15:34:14.782 [FXGL Background Thread 3 ] DEBUG Engine               - menuKey: ESCAPE
15:34:14.782 [FXGL Background Thread 3 ] DEBUG Engine               - mouseSensitivity: 0.2
15:34:14.782 [FXGL Background Thread 3 ] DEBUG Engine               - notificationViewClass: class com.almasb.fxgl.notification.view.XboxNotificationView
15:34:14.782 [FXGL Background Thread 3 ] DEBUG Engine               - pixelsPerMeter: 50.0
15:34:14.782 [FXGL Background Thread 3 ] DEBUG Engine               - platform: WINDOWS
15:34:14.782 [FXGL Background Thread 3 ] DEBUG Engine               - prefHeightProperty: ReadOnlyDoubleProperty [value: 600.0]
15:34:14.782 [FXGL Background Thread 3 ] DEBUG Engine               - prefWidthProperty: ReadOnlyDoubleProperty [value: 800.0]
15:34:14.782 [FXGL Background Thread 3 ] DEBUG Engine               - profileDir: profiles/
15:34:14.782 [FXGL Background Thread 3 ] DEBUG Engine               - profileName: StringProperty [value: DEFAULT]
15:34:14.782 [FXGL Background Thread 3 ] DEBUG Engine               - randomSeed: -1
15:34:14.782 [FXGL Background Thread 3 ] DEBUG Engine               - runtimeInfo: RuntimeInfo(platform=WINDOWS, version=dev-SNAPSHOT, build=28.07.2021 16.39)
15:34:14.782 [FXGL Background Thread 3 ] DEBUG Engine               - saveFileExt: sav
15:34:14.782 [FXGL Background Thread 3 ] DEBUG Engine               - scaledHeightProp$fxgl: DoubleProperty [bound, value: 600.0]
15:34:14.782 [FXGL Background Thread 3 ] DEBUG Engine               - scaledWidthProp$fxgl: DoubleProperty [bound, value: 800.0]
15:34:14.782 [FXGL Background Thread 3 ] DEBUG Engine               - sceneFactory: com.groupfour.mygame.App$1@79912218
15:34:14.782 [FXGL Background Thread 3 ] DEBUG Engine               - secondsIn24h: 60
15:34:14.782 [FXGL Background Thread 3 ] DEBUG Engine               - soundMenuBack: menu/back.wav
15:34:14.782 [FXGL Background Thread 3 ] DEBUG Engine               - soundMenuPress: menu/press.wav
15:34:14.782 [FXGL Background Thread 3 ] DEBUG Engine               - soundMenuSelect: menu/select.wav
15:34:14.782 [FXGL Background Thread 3 ] DEBUG Engine               - soundNotification: core/notification.wav
15:34:14.782 [FXGL Background Thread 3 ] DEBUG Engine               - stageStyle: DECORATED
15:34:14.782 [FXGL Background Thread 3 ] DEBUG Engine               - supportedLanguages: [ENGLISH, FRENCH, GERMAN, HUNGARIAN, RUSSIAN]
15:34:14.782 [FXGL Background Thread 3 ] DEBUG Engine               - ticksPerSecond: -1
15:34:14.782 [FXGL Background Thread 3 ] DEBUG Engine               - title: Flatline: Oregon
15:34:14.782 [FXGL Background Thread 3 ] DEBUG Engine               - urlGithub: https://github.com/AlmasB/FXGL
15:34:14.783 [FXGL Background Thread 3 ] DEBUG Engine               - urlLeaderboard: http://fxgl-top.herokuapp.com/
15:34:14.783 [FXGL Background Thread 3 ] DEBUG Engine               - urlPOM: https://raw.githubusercontent.com/AlmasB/FXGL/release/README.md
15:34:14.783 [FXGL Background Thread 3 ] DEBUG Engine               - userAppClass: class com.groupfour.mygame.App
15:34:14.783 [FXGL Background Thread 3 ] DEBUG Engine               - version: Alpha 0.19021902
15:34:14.783 [FXGL Background Thread 3 ] DEBUG Engine               - versionCheckDays: 7
15:34:14.783 [FXGL Background Thread 3 ] DEBUG Engine               - width: 800
15:34:14.783 [FXGL Background Thread 3 ] DEBUG Engine               - Logging services
15:34:14.783 [FXGL Background Thread 3 ] DEBUG Engine               - class com.almasb.fxgl.app.services.FXGLAssetLoaderService
15:34:14.783 [FXGL Background Thread 3 ] DEBUG Engine               - class com.almasb.fxgl.app.FXGLApplication$GameApplicationService
15:34:14.783 [FXGL Background Thread 3 ] DEBUG Engine               - class com.almasb.fxgl.app.services.FXGLDialogService
15:34:14.783 [FXGL Background Thread 3 ] DEBUG Engine               - class com.almasb.fxgl.app.services.IOTaskExecutorService
15:34:14.783 [FXGL Background Thread 3 ] DEBUG Engine               - class com.almasb.fxgl.io.FileSystemService
15:34:14.783 [FXGL Background Thread 3 ] DEBUG Engine               - class com.almasb.fxgl.localization.LocalizationService
15:34:14.783 [FXGL Background Thread 3 ] DEBUG Engine               - class com.almasb.fxgl.app.services.SystemBundleService
15:34:14.783 [FXGL Background Thread 3 ] DEBUG Engine               - class com.almasb.fxgl.profile.SaveLoadService
15:34:14.783 [FXGL Background Thread 3 ] DEBUG Engine               - class com.almasb.fxgl.ui.FXGLUIFactoryServiceProvider
15:34:14.783 [FXGL Background Thread 3 ] DEBUG Engine               - class com.almasb.fxgl.ui.FXGLDialogFactoryServiceProvider
15:34:14.783 [FXGL Background Thread 3 ] DEBUG Engine               - class com.almasb.fxgl.audio.AudioPlayer
15:34:14.783 [FXGL Background Thread 3 ] DEBUG Engine               - class com.almasb.fxgl.notification.impl.NotificationServiceProvider
15:34:14.783 [FXGL Background Thread 3 ] DEBUG Engine               - class com.almasb.fxgl.achievement.AchievementService
15:34:14.783 [FXGL Background Thread 3 ] DEBUG Engine               - class com.almasb.fxgl.cutscene.CutsceneService
15:34:14.783 [FXGL Background Thread 3 ] DEBUG Engine               - class com.almasb.fxgl.minigames.MiniGameService
15:34:14.783 [FXGL Background Thread 3 ] DEBUG Engine               - class com.almasb.fxgl.net.NetService
15:34:14.783 [FXGL Background Thread 3 ] DEBUG Engine               - class com.almasb.fxgl.app.services.UpdaterService
15:34:14.783 [FXGL Background Thread 3 ] DEBUG Engine               - class com.almasb.fxgl.dev.DevService
15:34:14.783 [FXGL Background Thread 3 ] DEBUG Engine               - class com.almasb.fxgl.multiplayer.MultiplayerService
15:34:15.400 [JavaFX Application Thread] DEBUG FXGLApplication      - Exiting FXGL
15:34:15.400 [JavaFX Application Thread] DEBUG LoopRunner           - Stopping loop
15:34:15.400 [JavaFX Application Thread] DEBUG SystemBundleService  - Saving FXGL system data
15:34:15.401 [JavaFX Application Thread] DEBUG FileSystemAccess     - Writing to: C:\Users\acer\OneDrive\Desktop\git pull\CSS124L-FINAL-PROJECT\system\fxgl.bundle
15:34:15.403 [JavaFX Application Thread] DEBUG Async                - Shutting down background threads
15:34:15.403 [JavaFX Application Thread] DEBUG PrimaryStageWindow   - Closing main window
15:34:15.412 [JavaFX Application Thread] DEBUG Logger               - Closing Logger
