13:54:51.049 [main                     ] DEBUG Logger               - Configured Logger
13:54:51.065 [main                     ] DEBUG GameApplication      - Logging settings
Title: Flatline: Oregon
Version: Alpha 0.3
Width: 800
Height: 600
Fullscreen: false
Intro: false
Profiling: false
Single step:false
App Mode: DEVELOPER
Menu Key: ESCAPE
Stage Style: DECORATED
Scene Factory: class com.groupfour.mygame.App$1

13:54:51.340 [JavaFX Application Thread] DEBUG FXGLApplication      - Initializing FXGL
13:54:51.342 [JavaFX Application Thread] INFO  Engine               - FXGL-dev-SNAPSHOT (28.07.2021 16.39) on WINDOWS (J:11.0.22 FX:16)
13:54:51.343 [JavaFX Application Thread] DEBUG Engine               - JRE Vendor Name: Oracle Corporation
13:54:51.343 [JavaFX Application Thread] DEBUG Engine               - Running on OS: Windows 11 version 10.0
13:54:51.343 [JavaFX Application Thread] DEBUG Engine               - Architecture: amd64
13:54:51.343 [JavaFX Application Thread] INFO  Engine               - Source code and latest versions at: https://github.com/AlmasB/FXGL
13:54:51.344 [JavaFX Application Thread] INFO  Engine               -              Join the FXGL chat at: https://gitter.im/AlmasB/FXGL
13:54:51.400 [JavaFX Application Thread] DEBUG PrimaryStageWindow   - Creating a JavaFX scene
13:54:51.439 [JavaFX Application Thread] DEBUG PrimaryStageWindow   - Target settings size: 800.0 x 600.0
13:54:51.440 [JavaFX Application Thread] DEBUG PrimaryStageWindow   - Scaled scene size:    800.0 x 600.0
13:54:51.440 [JavaFX Application Thread] DEBUG PrimaryStageWindow   - Scaled ratio: (1.0, 1.0)
13:54:51.440 [JavaFX Application Thread] DEBUG PrimaryStageWindow   - Set initial scene to FXGLStartupScene
13:54:51.444 [JavaFX Application Thread] DEBUG PrimaryStageWindow   - Opening main window
13:54:51.507 [JavaFX Application Thread] DEBUG PrimaryStageWindow   - Window border size: (14.4000244140625, 37.5999755859375)
13:54:51.507 [JavaFX Application Thread] DEBUG PrimaryStageWindow   - Scaled size: 800.0 x 600.0
13:54:51.507 [JavaFX Application Thread] DEBUG PrimaryStageWindow   - Scaled ratio: (1.0, 1.0)
13:54:51.507 [JavaFX Application Thread] DEBUG PrimaryStageWindow   - Scene size: 800.0 x 600.0
13:54:51.507 [JavaFX Application Thread] DEBUG PrimaryStageWindow   - Stage size: 814.4000244140625 x 637.5999755859375
13:54:51.511 [FXGL Background Thread 1 ] DEBUG Engine               - Initializing environment variables
13:54:51.544 [FXGL Background Thread 1 ] DEBUG FXGLAssetLoaderServi - User app class for loading assets: class com.groupfour.mygame.App
13:54:51.545 [FXGL Background Thread 1 ] DEBUG GameApplicationServi - Applying CSS: fxgl_dark.css
13:54:51.545 [FXGL Background Thread 1 ] DEBUG FXGLAssetLoaderServi - Loading from file system: jar:file:///C:/Users/acer/.m2/repository/com/github/almasb/fxgl/dev-SNAPSHOT/fxgl-dev-SNAPSHOT.jar!/fxglassets/ui/css/fxgl_dark.css
13:54:51.583 [FXGL Background Thread 1 ] DEBUG GameApplicationServi - Initializing application scenes
13:54:51.605 [FXGL Background Thread 1 ] DEBUG GameWorld            - Game world initialized
13:54:51.638 [FXGL Background Thread 1 ] DEBUG PhysicsWorld         - Physics world initialized: appHeight=600, physics.ppm=50.0
13:54:51.638 [FXGL Background Thread 1 ] DEBUG PhysicsWorld         - Using strategy: BRUTE_FORCE
13:54:51.640 [FXGL Background Thread 1 ] DEBUG GameScene            - Game scene initialized: 800x600
13:54:51.649 [FXGL Background Thread 1 ] DEBUG FXGL.DefaultMenu     - createMenuBodyMainMenu()
13:54:51.659 [FXGL Background Thread 1 ] DEBUG FXGL.DefaultMenu     - createOptionsMenu()
13:54:51.665 [FXGL Background Thread 1 ] DEBUG FXGLAssetLoaderServi - Loading from file system: jar:file:///C:/Users/acer/.m2/repository/com/github/almasb/fxgl/dev-SNAPSHOT/fxgl-dev-SNAPSHOT.jar!/fxglassets/textures/particles/smoke.png
13:54:51.726 [FXGL Background Thread 1 ] DEBUG FXGLAssetLoaderServi - Loading from file system: jar:file:///C:/Users/acer/.m2/repository/com/github/almasb/fxgl/dev-SNAPSHOT/fxgl-dev-SNAPSHOT.jar!/fxglassets/textures/particles/trace_horizontal.png
13:54:51.748 [FXGL Background Thread 1 ] DEBUG GameApplicationServi - Application scenes initialized
13:54:51.755 [FXGL Background Thread 1 ] DEBUG SystemBundleService  - Loading FXGL system data
13:54:51.759 [FXGL Background Thread 1 ] DEBUG FileSystemAccess     - Reading from: C:\Users\acer\OneDrive\Desktop\git pull\CSS124L-FINAL-PROJECT\system\fxgl.bundle
13:54:51.763 [FXGL Background Thread 1 ] DEBUG SystemBundleService  - Bundle FXGL: {}
13:54:51.763 [FXGL Background Thread 1 ] DEBUG UpdaterService       - Checking for updates
13:54:51.779 [FXGL Background Thread 1 ] DEBUG FXGLApplication      - Loading default localization
13:54:51.779 [FXGL Background Thread 4 ] DEBUG FXGLApplication      - Loading fonts
13:54:51.780 [FXGL Background Thread 4 ] DEBUG FXGLAssetLoaderServi - Loading from file system: jar:file:///C:/Users/acer/.m2/repository/com/github/almasb/fxgl/dev-SNAPSHOT/fxgl-dev-SNAPSHOT.jar!/fxglassets/ui/fonts/VarelaRound-Regular.ttf
13:54:51.780 [FXGL Background Thread 1 ] DEBUG FXGLAssetLoaderServi - Loading from file system: jar:file:///C:/Users/acer/.m2/repository/com/github/almasb/fxgl/dev-SNAPSHOT/fxgl-dev-SNAPSHOT.jar!/fxglassets/languages/english.lang
13:54:51.792 [FXGL Background Thread 1 ] INFO  FXGLApplication      - FXGL initialization took: 0.281 sec
13:54:51.802 [JavaFX Application Thread] DEBUG Input                - Registered new binding: Move Upwards - W
13:54:51.802 [JavaFX Application Thread] DEBUG Input                - Registered new binding: Move Down - S
13:54:51.802 [JavaFX Application Thread] DEBUG Input                - Registered new binding: Move Left - A
13:54:51.802 [JavaFX Application Thread] DEBUG Input                - Registered new binding: Move Right - D
13:54:51.802 [JavaFX Application Thread] DEBUG Input                - Registered new binding: Reload - R
13:54:51.803 [JavaFX Application Thread] DEBUG Input                - Registered new binding: Shoot - LMB
13:54:51.803 [JavaFX Application Thread] DEBUG Input                - Registered new binding: Switch Weapons - Q
13:54:51.803 [JavaFX Application Thread] DEBUG Input                - Registered new binding: Interact - F
13:54:51.804 [JavaFX Application Thread] DEBUG FXGLAssetLoaderServi - Loading from file system: jar:file:///C:/Users/acer/.m2/repository/com/github/almasb/fxgl/dev-SNAPSHOT/fxgl-dev-SNAPSHOT.jar!/fxglassets/textures/fxgl_icon.png
13:54:51.820 [JavaFX Application Thread] DEBUG FXGLAssetLoaderServi - Loading from file system: jar:file:///C:/Users/acer/.m2/repository/com/github/almasb/fxgl/dev-SNAPSHOT/fxgl-dev-SNAPSHOT.jar!/fxglassets/textures/fxgl_default_cursor.png
13:54:51.822 [JavaFX Application Thread] DEBUG Input                - Registered new binding: Screenshot - CTRL+8
13:54:51.823 [JavaFX Application Thread] DEBUG Input                - Registered new binding: Dev Options - 1
13:54:51.823 [JavaFX Application Thread] DEBUG Input                - Registered new binding: Dev Console - 2
13:54:51.823 [JavaFX Application Thread] DEBUG Input                - Registered new binding: System info dump - CTRL+9
13:54:51.824 [JavaFX Application Thread] DEBUG Input                - Registered new binding: Restart - CTRL+R
13:54:51.824 [JavaFX Application Thread] DEBUG Input                - Registered new binding: Toggle Debug Camera - CTRL+C
13:54:51.827 [JavaFX Application Thread] DEBUG LoopRunner           - Starting loop
13:54:51.843 [JavaFX Application Thread] DEBUG LoopRunner           - Initializing JavaFX AnimationTimerLoop
13:54:51.847 [JavaFX Application Thread] DEBUG Input                - Clearing active input actions
13:54:51.855 [JavaFX Application Thread] DEBUG GameApplicationServi - Removing overlay from FXGLStartupScene and adding to FXGLMainMenuDummyScene
13:54:51.859 [JavaFX Application Thread] DEBUG PrimaryStageWindow   - FXGLStartupScene -> FXGLMainMenuDummyScene
13:54:51.860 [JavaFX Application Thread] DEBUG PrimaryStageWindow   - Push state: FXGLDefaultMenu
13:54:51.864 [JavaFX Application Thread] DEBUG Input                - Clearing active input actions
13:54:51.869 [JavaFX Application Thread] DEBUG GameApplicationServi - Removing overlay from FXGLMainMenuDummyScene and adding to FXGLDefaultMenu
13:54:51.869 [JavaFX Application Thread] DEBUG PrimaryStageWindow   - FXGLMainMenuDummyScene -> FXGLDefaultMenu
13:54:52.171 [FXGL Background Thread 4 ] DEBUG FXGLAssetLoaderServi - Loading from file system: jar:file:///C:/Users/acer/.m2/repository/com/github/almasb/fxgl/dev-SNAPSHOT/fxgl-dev-SNAPSHOT.jar!/fxglassets/ui/fonts/Abel-Regular.ttf
13:54:52.175 [FXGL Background Thread 4 ] DEBUG FXGLAssetLoaderServi - Loading from file system: jar:file:///C:/Users/acer/.m2/repository/com/github/almasb/fxgl/dev-SNAPSHOT/fxgl-dev-SNAPSHOT.jar!/fxglassets/ui/fonts/lucida_console.ttf
13:54:52.182 [FXGL Background Thread 4 ] DEBUG FXGLAssetLoaderServi - Loading from file system: jar:file:///C:/Users/acer/.m2/repository/com/github/almasb/fxgl/dev-SNAPSHOT/fxgl-dev-SNAPSHOT.jar!/fxglassets/ui/fonts/Courier-Prime.ttf
13:54:52.191 [JavaFX Application Thread] DEBUG FXGLApplication      - Registering font factories with UI factory
13:54:52.470 [FXGL Background Thread 2 ] INFO  UpdaterService       - Your current version:  dev-SNAPSHOT
13:54:52.471 [FXGL Background Thread 2 ] INFO  UpdaterService       - Latest stable version: 21.1
13:54:52.573 [JavaFX Application Thread] DEBUG Menu                 - fireNewGame()
13:54:52.573 [JavaFX Application Thread] DEBUG GameApplicationServi - Starting new game
13:54:52.574 [JavaFX Application Thread] DEBUG PrimaryStageWindow   - Pop state: FXGLDefaultMenu
13:54:52.575 [JavaFX Application Thread] DEBUG Input                - Clearing active input actions
13:54:52.576 [JavaFX Application Thread] DEBUG GameApplicationServi - Removing overlay from FXGLDefaultMenu and adding to FXGLMainMenuDummyScene
13:54:52.577 [JavaFX Application Thread] DEBUG PrimaryStageWindow   - FXGLMainMenuDummyScene <- FXGLDefaultMenu
13:54:52.577 [JavaFX Application Thread] DEBUG Input                - Clearing active input actions
13:54:52.582 [JavaFX Application Thread] DEBUG GameApplicationServi - Removing overlay from FXGLMainMenuDummyScene and adding to FXGLLoadingScene
13:54:52.583 [JavaFX Application Thread] DEBUG PrimaryStageWindow   - FXGLMainMenuDummyScene -> FXGLLoadingScene
13:54:52.583 [JavaFX Application Thread] DEBUG GameApplicationServi - Clearing previous game
13:54:52.583 [JavaFX Application Thread] DEBUG GameScene            - Clearing game scene
13:54:52.583 [JavaFX Application Thread] DEBUG GameWorld            - Clearing game world
13:54:52.584 [JavaFX Application Thread] DEBUG PhysicsWorld         - Clearing physics world
13:54:52.585 [FXGL Background Thread 2 ] DEBUG FXGLApplication      - Initializing game
13:54:52.617 [FXGL Background Thread 2 ] DEBUG FXGLAssetLoaderServi - Loading from file system: file:/C:/Users/acer/OneDrive/Desktop/git%20pull/CSS124L-FINAL-PROJECT/fp/target/classes/assets/textures/Players/1P_Idle.png
13:54:52.620 [FXGL Background Thread 2 ] DEBUG FXGLAssetLoaderServi - Loading from file system: file:/C:/Users/acer/OneDrive/Desktop/git%20pull/CSS124L-FINAL-PROJECT/fp/target/classes/assets/textures/Players/1P_Walk.gif
13:54:52.626 [FXGL Background Thread 2 ] DEBUG FXGLAssetLoaderServi - Loading from file system: file:/C:/Users/acer/OneDrive/Desktop/git%20pull/CSS124L-FINAL-PROJECT/fp/target/classes/assets/textures/Players/1P_Shoot.gif
13:54:52.649 [FXGL Background Thread 2 ] INFO  FXGLApplication      - Game initialization took: 0.063 sec
13:54:52.650 [JavaFX Application Thread] DEBUG Input                - Clearing active input actions
13:54:52.656 [JavaFX Application Thread] DEBUG GameApplicationServi - Removing overlay from FXGLLoadingScene and adding to GameScene
13:54:52.658 [JavaFX Application Thread] DEBUG PrimaryStageWindow   - FXGLLoadingScene -> GameScene
13:54:52.660 [JavaFX Application Thread] DEBUG PrimaryStageWindow   - Push state: PlayerCountMenu
13:54:52.661 [JavaFX Application Thread] DEBUG Input                - Clearing active input actions
13:54:52.661 [JavaFX Application Thread] DEBUG GameApplicationServi - Removing overlay from GameScene and adding to PlayerCountMenu
13:54:52.662 [JavaFX Application Thread] DEBUG PrimaryStageWindow   - GameScene -> PlayerCountMenu
13:54:53.200 [JavaFX Application Thread] DEBUG PrimaryStageWindow   - Pop state: PlayerCountMenu
13:54:53.200 [JavaFX Application Thread] DEBUG Input                - Clearing active input actions
13:54:53.201 [JavaFX Application Thread] DEBUG GameApplicationServi - Removing overlay from PlayerCountMenu and adding to GameScene
13:54:53.201 [JavaFX Application Thread] DEBUG PrimaryStageWindow   - GameScene <- PlayerCountMenu
13:54:53.641 [JavaFX Application Thread] DEBUG FXGLAssetLoaderServi - Loading from file system: file:/C:/Users/acer/OneDrive/Desktop/git%20pull/CSS124L-FINAL-PROJECT/fp/target/classes/assets/textures/Zombies/Basic_Zombie_Walking.gif
13:54:53.644 [JavaFX Application Thread] DEBUG FXGLAssetLoaderServi - Loading from file system: file:/C:/Users/acer/OneDrive/Desktop/git%20pull/CSS124L-FINAL-PROJECT/fp/target/classes/assets/textures/Zombies/Basic_Zombie_Attack.gif
13:54:54.336 [JavaFX Application Thread] DEBUG FXGLApplication      - Exiting FXGL
13:54:54.336 [JavaFX Application Thread] DEBUG LoopRunner           - Stopping loop
13:54:54.336 [JavaFX Application Thread] DEBUG SystemBundleService  - Saving FXGL system data
13:54:54.338 [JavaFX Application Thread] DEBUG FileSystemAccess     - Writing to: C:\Users\acer\OneDrive\Desktop\git pull\CSS124L-FINAL-PROJECT\system\fxgl.bundle
13:54:54.340 [JavaFX Application Thread] DEBUG Async                - Shutting down background threads
13:54:54.340 [JavaFX Application Thread] DEBUG PrimaryStageWindow   - Closing main window
13:54:54.351 [JavaFX Application Thread] DEBUG Logger               - Closing Logger
