10:26:03.091 [main                     ] DEBUG Logger               - Configured Logger
10:26:03.118 [main                     ] DEBUG GameApplication      - Logging settings
Title: Flatline: Oregon
Version: Beta ?
Width: 800
Height: 600
Fullscreen: false
Intro: false
Profiling: false
Single step:false
App Mode: DEVELOPER
Menu Key: ESCAPE
Stage Style: DECORATED
Scene Factory: class com.groupfour.mygame.App$1

10:26:03.475 [JavaFX Application Thread] DEBUG FXGLApplication      - Initializing FXGL
10:26:03.476 [JavaFX Application Thread] INFO  Engine               - FXGL-dev-SNAPSHOT (28.07.2021 16.39) on WINDOWS (J:11.0.22 FX:16)
10:26:03.477 [JavaFX Application Thread] DEBUG Engine               - JRE Vendor Name: Oracle Corporation
10:26:03.477 [JavaFX Application Thread] DEBUG Engine               - Running on OS: Windows 11 version 10.0
10:26:03.477 [JavaFX Application Thread] DEBUG Engine               - Architecture: amd64
10:26:03.477 [JavaFX Application Thread] INFO  Engine               - Source code and latest versions at: https://github.com/AlmasB/FXGL
10:26:03.477 [JavaFX Application Thread] INFO  Engine               -              Join the FXGL chat at: https://gitter.im/AlmasB/FXGL
10:26:03.535 [JavaFX Application Thread] DEBUG PrimaryStageWindow   - Creating a JavaFX scene
10:26:03.575 [JavaFX Application Thread] DEBUG PrimaryStageWindow   - Target settings size: 800.0 x 600.0
10:26:03.575 [JavaFX Application Thread] DEBUG PrimaryStageWindow   - Scaled scene size:    800.0 x 600.0
10:26:03.575 [JavaFX Application Thread] DEBUG PrimaryStageWindow   - Scaled ratio: (1.0, 1.0)
10:26:03.576 [JavaFX Application Thread] DEBUG PrimaryStageWindow   - Set initial scene to FXGLStartupScene
10:26:03.580 [JavaFX Application Thread] DEBUG PrimaryStageWindow   - Opening main window
10:26:03.644 [JavaFX Application Thread] DEBUG PrimaryStageWindow   - Window border size: (14.4000244140625, 37.5999755859375)
10:26:03.644 [JavaFX Application Thread] DEBUG PrimaryStageWindow   - Scaled size: 800.0 x 600.0
10:26:03.644 [JavaFX Application Thread] DEBUG PrimaryStageWindow   - Scaled ratio: (1.0, 1.0)
10:26:03.644 [JavaFX Application Thread] DEBUG PrimaryStageWindow   - Scene size: 800.0 x 600.0
10:26:03.644 [JavaFX Application Thread] DEBUG PrimaryStageWindow   - Stage size: 814.4000244140625 x 637.5999755859375
10:26:03.649 [FXGL Background Thread 1 ] DEBUG Engine               - Initializing environment variables
10:26:03.689 [FXGL Background Thread 1 ] DEBUG FXGLAssetLoaderServi - User app class for loading assets: class com.groupfour.mygame.App
10:26:03.689 [FXGL Background Thread 1 ] DEBUG GameApplicationServi - Applying CSS: fxgl_dark.css
10:26:03.696 [FXGL Background Thread 1 ] DEBUG FXGLAssetLoaderServi - Loading from file system: jar:file:///C:/Users/acer/.m2/repository/com/github/almasb/fxgl/dev-SNAPSHOT/fxgl-dev-SNAPSHOT.jar!/fxglassets/ui/css/fxgl_dark.css
10:26:03.740 [FXGL Background Thread 1 ] DEBUG GameApplicationServi - Initializing application scenes
10:26:03.777 [FXGL Background Thread 1 ] DEBUG GameWorld            - Game world initialized
10:26:03.828 [FXGL Background Thread 1 ] DEBUG PhysicsWorld         - Physics world initialized: appHeight=600, physics.ppm=50.0
10:26:03.829 [FXGL Background Thread 1 ] DEBUG PhysicsWorld         - Using strategy: BRUTE_FORCE
10:26:03.831 [FXGL Background Thread 1 ] DEBUG GameScene            - Game scene initialized: 800x600
10:26:03.841 [FXGL Background Thread 1 ] DEBUG FXGL.DefaultMenu     - createMenuBodyMainMenu()
10:26:03.854 [FXGL Background Thread 1 ] DEBUG FXGL.DefaultMenu     - createOptionsMenu()
10:26:03.862 [FXGL Background Thread 1 ] DEBUG FXGLAssetLoaderServi - Loading from file system: jar:file:///C:/Users/acer/.m2/repository/com/github/almasb/fxgl/dev-SNAPSHOT/fxgl-dev-SNAPSHOT.jar!/fxglassets/textures/particles/smoke.png
10:26:03.930 [FXGL Background Thread 1 ] DEBUG FXGLAssetLoaderServi - Loading from file system: jar:file:///C:/Users/acer/.m2/repository/com/github/almasb/fxgl/dev-SNAPSHOT/fxgl-dev-SNAPSHOT.jar!/fxglassets/textures/particles/trace_horizontal.png
10:26:03.952 [FXGL Background Thread 1 ] DEBUG FXGLAssetLoaderServi - Loading from file system: file:/C:/Users/acer/OneDrive/Desktop/git%20pull/CSS124L-FINAL-PROJECT/fp/target/classes/assets/ui/fonts/PIXELADE.TTF
10:26:04.317 [FXGL Background Thread 1 ] DEBUG FXGLAssetLoaderServi - Loading from file system: file:/C:/Users/acer/OneDrive/Desktop/git%20pull/CSS124L-FINAL-PROJECT/fp/target/classes/assets/textures/spbtn.png
10:26:04.334 [FXGL Background Thread 1 ] DEBUG FXGLAssetLoaderServi - Loading from file system: file:/C:/Users/acer/OneDrive/Desktop/git%20pull/CSS124L-FINAL-PROJECT/fp/target/classes/assets/textures/mpbtn.png
10:26:04.340 [FXGL Background Thread 1 ] DEBUG FXGLAssetLoaderServi - Loading from file system: file:/C:/Users/acer/OneDrive/Desktop/git%20pull/CSS124L-FINAL-PROJECT/fp/target/classes/assets/textures/return.png
10:26:04.352 [FXGL Background Thread 1 ] DEBUG GameApplicationServi - Application scenes initialized
10:26:04.359 [FXGL Background Thread 1 ] DEBUG SystemBundleService  - Loading FXGL system data
10:26:04.363 [FXGL Background Thread 1 ] DEBUG FileSystemAccess     - Reading from: C:\Users\acer\OneDrive\Desktop\git pull\CSS124L-FINAL-PROJECT\system\fxgl.bundle
10:26:04.367 [FXGL Background Thread 1 ] DEBUG SystemBundleService  - Bundle FXGL: {}
10:26:04.367 [FXGL Background Thread 1 ] DEBUG UpdaterService       - Checking for updates
10:26:04.384 [FXGL Background Thread 4 ] DEBUG FXGLApplication      - Loading fonts
10:26:04.384 [FXGL Background Thread 1 ] DEBUG FXGLApplication      - Loading default localization
10:26:04.384 [FXGL Background Thread 1 ] DEBUG FXGLAssetLoaderServi - Loading from file system: jar:file:///C:/Users/acer/.m2/repository/com/github/almasb/fxgl/dev-SNAPSHOT/fxgl-dev-SNAPSHOT.jar!/fxglassets/languages/english.lang
10:26:04.384 [FXGL Background Thread 4 ] DEBUG FXGLAssetLoaderServi - Loading from file system: jar:file:///C:/Users/acer/.m2/repository/com/github/almasb/fxgl/dev-SNAPSHOT/fxgl-dev-SNAPSHOT.jar!/fxglassets/ui/fonts/VarelaRound-Regular.ttf
10:26:04.390 [FXGL Background Thread 4 ] DEBUG FXGLAssetLoaderServi - Loading from file system: jar:file:///C:/Users/acer/.m2/repository/com/github/almasb/fxgl/dev-SNAPSHOT/fxgl-dev-SNAPSHOT.jar!/fxglassets/ui/fonts/Abel-Regular.ttf
10:26:04.394 [FXGL Background Thread 4 ] DEBUG FXGLAssetLoaderServi - Loading from file system: jar:file:///C:/Users/acer/.m2/repository/com/github/almasb/fxgl/dev-SNAPSHOT/fxgl-dev-SNAPSHOT.jar!/fxglassets/ui/fonts/lucida_console.ttf
10:26:04.397 [FXGL Background Thread 1 ] INFO  FXGLApplication      - FXGL initialization took: 0.748 sec
10:26:04.401 [FXGL Background Thread 4 ] DEBUG FXGLAssetLoaderServi - Loading from file system: jar:file:///C:/Users/acer/.m2/repository/com/github/almasb/fxgl/dev-SNAPSHOT/fxgl-dev-SNAPSHOT.jar!/fxglassets/ui/fonts/Courier-Prime.ttf
10:26:04.408 [JavaFX Application Thread] DEBUG Input                - Registered new binding: Move Upwards - W
10:26:04.409 [JavaFX Application Thread] DEBUG Input                - Registered new binding: Move Down - S
10:26:04.409 [JavaFX Application Thread] DEBUG Input                - Registered new binding: Move Left - A
10:26:04.409 [JavaFX Application Thread] DEBUG Input                - Registered new binding: Move Right - D
10:26:04.409 [JavaFX Application Thread] DEBUG Input                - Registered new binding: Reload - R
10:26:04.410 [JavaFX Application Thread] DEBUG Input                - Registered new binding: Shoot - LMB
10:26:04.410 [JavaFX Application Thread] DEBUG Input                - Registered new binding: Switch Weapons - Q
10:26:04.410 [JavaFX Application Thread] DEBUG Input                - Registered new binding: Interact - F
10:26:04.411 [JavaFX Application Thread] DEBUG FXGLAssetLoaderServi - Loading from file system: file:/C:/Users/acer/OneDrive/Desktop/git%20pull/CSS124L-FINAL-PROJECT/fp/target/classes/assets/music/titleBGM.mp3
10:26:04.534 [JavaFX Application Thread] DEBUG AudioPlayer          - Playing music com.almasb.fxgl.audio.Music@258f9b8d
10:26:04.535 [JavaFX Application Thread] DEBUG FXGLAssetLoaderServi - Loading from file system: jar:file:///C:/Users/acer/.m2/repository/com/github/almasb/fxgl/dev-SNAPSHOT/fxgl-dev-SNAPSHOT.jar!/fxglassets/textures/fxgl_icon.png
10:26:04.547 [JavaFX Application Thread] DEBUG FXGLAssetLoaderServi - Loading from file system: jar:file:///C:/Users/acer/.m2/repository/com/github/almasb/fxgl/dev-SNAPSHOT/fxgl-dev-SNAPSHOT.jar!/fxglassets/textures/fxgl_default_cursor.png
10:26:04.549 [JavaFX Application Thread] DEBUG Input                - Registered new binding: Screenshot - CTRL+8
10:26:04.549 [JavaFX Application Thread] DEBUG Input                - Registered new binding: Dev Options - 1
10:26:04.550 [JavaFX Application Thread] DEBUG Input                - Registered new binding: Dev Console - 2
10:26:04.550 [JavaFX Application Thread] DEBUG Input                - Registered new binding: System info dump - CTRL+9
10:26:04.551 [JavaFX Application Thread] DEBUG Input                - Registered new binding: Restart - CTRL+R
10:26:04.551 [JavaFX Application Thread] DEBUG Input                - Registered new binding: Toggle Debug Camera - CTRL+C
10:26:04.554 [JavaFX Application Thread] DEBUG LoopRunner           - Starting loop
10:26:04.563 [JavaFX Application Thread] DEBUG LoopRunner           - Initializing JavaFX AnimationTimerLoop
10:26:04.574 [JavaFX Application Thread] DEBUG Input                - Clearing active input actions
10:26:04.582 [JavaFX Application Thread] DEBUG GameApplicationServi - Removing overlay from FXGLStartupScene and adding to FXGLMainMenuDummyScene
10:26:04.586 [JavaFX Application Thread] DEBUG PrimaryStageWindow   - FXGLStartupScene -> FXGLMainMenuDummyScene
10:26:04.587 [JavaFX Application Thread] DEBUG PrimaryStageWindow   - Push state: FXGLDefaultMenu
10:26:04.590 [JavaFX Application Thread] DEBUG Input                - Clearing active input actions
10:26:04.595 [JavaFX Application Thread] DEBUG GameApplicationServi - Removing overlay from FXGLMainMenuDummyScene and adding to FXGLDefaultMenu
10:26:04.596 [JavaFX Application Thread] DEBUG PrimaryStageWindow   - FXGLMainMenuDummyScene -> FXGLDefaultMenu
10:26:04.597 [JavaFX Application Thread] DEBUG FXGLApplication      - Registering font factories with UI factory
10:26:04.782 [FXGL Background Thread 2 ] INFO  UpdaterService       - Your current version:  dev-SNAPSHOT
10:26:04.783 [FXGL Background Thread 2 ] INFO  UpdaterService       - Latest stable version: 21.1
10:26:07.383 [FXGL Background Thread 3 ] DEBUG Engine               - Logging environment variables
10:26:07.383 [FXGL Background Thread 3 ] DEBUG Engine               - achievements: []
10:26:07.383 [FXGL Background Thread 3 ] DEBUG Engine               - actualHeight: 600.0
10:26:07.384 [FXGL Background Thread 3 ] DEBUG Engine               - actualHeightProperty: ReadOnlyDoubleProperty [value: 600.0]
10:26:07.384 [FXGL Background Thread 3 ] DEBUG Engine               - actualWidth: 800.0
10:26:07.384 [FXGL Background Thread 3 ] DEBUG Engine               - actualWidthProperty: ReadOnlyDoubleProperty [value: 800.0]
10:26:07.384 [FXGL Background Thread 3 ] DEBUG Engine               - appIcon: fxgl_icon.png
10:26:07.384 [FXGL Background Thread 3 ] DEBUG Engine               - applicationMode: DEVELOPER
10:26:07.384 [FXGL Background Thread 3 ] DEBUG Engine               - cSSList: [fxgl_dark.css]
10:26:07.384 [FXGL Background Thread 3 ] DEBUG Engine               - collisionDetectionStrategy: BRUTE_FORCE
10:26:07.384 [FXGL Background Thread 3 ] DEBUG Engine               - configClass: Optional.empty
10:26:07.384 [FXGL Background Thread 3 ] DEBUG Engine               - credits: []
10:26:07.385 [FXGL Background Thread 3 ] DEBUG Engine               - defaultCursor: CursorInfo(imageName=fxgl_default_cursor.png, hotspotX=7.0, hotspotY=6.0)
10:26:07.385 [FXGL Background Thread 3 ] DEBUG Engine               - devBBoxColorProperty: ObjectProperty [value: 0xff0000ff]
10:26:07.385 [FXGL Background Thread 3 ] DEBUG Engine               - devEnableDebugCameraProperty: BooleanProperty [value: false]
10:26:07.385 [FXGL Background Thread 3 ] DEBUG Engine               - devSensorColorProperty: ObjectProperty [value: 0xffff00ff]
10:26:07.385 [FXGL Background Thread 3 ] DEBUG Engine               - devShowBBoxProperty: BooleanProperty [value: false]
10:26:07.386 [FXGL Background Thread 3 ] DEBUG Engine               - devShowPositionProperty: BooleanProperty [value: false]
10:26:07.386 [FXGL Background Thread 3 ] DEBUG Engine               - enabledMenuItems: []
10:26:07.386 [FXGL Background Thread 3 ] DEBUG Engine               - engineServices: [class com.almasb.fxgl.app.services.FXGLAssetLoaderService, class com.almasb.fxgl.app.FXGLApplication$GameApplicationService, class com.almasb.fxgl.app.services.FXGLDialogService, class com.almasb.fxgl.app.services.IOTaskExecutorService, class com.almasb.fxgl.io.FileSystemService, class com.almasb.fxgl.localization.LocalizationService, class com.almasb.fxgl.app.services.SystemBundleService, class com.almasb.fxgl.profile.SaveLoadService, class com.almasb.fxgl.ui.FXGLUIFactoryServiceProvider, class com.almasb.fxgl.ui.FXGLDialogFactoryServiceProvider, class com.almasb.fxgl.audio.AudioPlayer, class com.almasb.fxgl.notification.impl.NotificationServiceProvider, class com.almasb.fxgl.achievement.AchievementService, class com.almasb.fxgl.cutscene.CutsceneService, class com.almasb.fxgl.minigames.MiniGameService, class com.almasb.fxgl.net.NetService, class com.almasb.fxgl.app.services.UpdaterService, class com.almasb.fxgl.dev.DevService, class com.almasb.fxgl.multiplayer.MultiplayerService]
10:26:07.386 [FXGL Background Thread 3 ] DEBUG Engine               - fontGame: Abel-Regular.ttf
10:26:07.386 [FXGL Background Thread 3 ] DEBUG Engine               - fontMono: lucida_console.ttf
10:26:07.386 [FXGL Background Thread 3 ] DEBUG Engine               - fontText: Courier-Prime.ttf
10:26:07.386 [FXGL Background Thread 3 ] DEBUG Engine               - fontUI: VarelaRound-Regular.ttf
10:26:07.386 [FXGL Background Thread 3 ] DEBUG Engine               - fullScreen: BooleanProperty [value: false]
10:26:07.386 [FXGL Background Thread 3 ] DEBUG Engine               - gameDifficulty: MEDIUM
10:26:07.386 [FXGL Background Thread 3 ] DEBUG Engine               - gameDifficultyProperty: ObjectProperty [value: MEDIUM]
10:26:07.386 [FXGL Background Thread 3 ] DEBUG Engine               - globalMusicVolume: 0.5
10:26:07.386 [FXGL Background Thread 3 ] DEBUG Engine               - globalMusicVolumeProperty: DoubleProperty [value: 0.5]
10:26:07.386 [FXGL Background Thread 3 ] DEBUG Engine               - globalSoundVolume: 0.5
10:26:07.386 [FXGL Background Thread 3 ] DEBUG Engine               - globalSoundVolumeProperty: DoubleProperty [value: 0.5]
10:26:07.386 [FXGL Background Thread 3 ] DEBUG Engine               - height: 600
10:26:07.388 [FXGL Background Thread 3 ] DEBUG Engine               - is3D: false
10:26:07.388 [FXGL Background Thread 3 ] DEBUG Engine               - isAndroid: false
10:26:07.388 [FXGL Background Thread 3 ] DEBUG Engine               - isBrowser: false
10:26:07.388 [FXGL Background Thread 3 ] DEBUG Engine               - isClickFeedbackEnabled: false
10:26:07.388 [FXGL Background Thread 3 ] DEBUG Engine               - isCloseConfirmation: false
10:26:07.388 [FXGL Background Thread 3 ] DEBUG Engine               - isDesktop: true
10:26:07.388 [FXGL Background Thread 3 ] DEBUG Engine               - isDeveloperMenuEnabled: true
10:26:07.388 [FXGL Background Thread 3 ] DEBUG Engine               - isEmbedded: false
10:26:07.388 [FXGL Background Thread 3 ] DEBUG Engine               - isEntityPreloadEnabled: true
10:26:07.388 [FXGL Background Thread 3 ] DEBUG Engine               - isExperimentalTiledLargeMap: false
10:26:07.388 [FXGL Background Thread 3 ] DEBUG Engine               - isFileSystemWriteAllowed: true
10:26:07.388 [FXGL Background Thread 3 ] DEBUG Engine               - isFullScreenAllowed: false
10:26:07.388 [FXGL Background Thread 3 ] DEBUG Engine               - isFullScreenFromStart: false
10:26:07.388 [FXGL Background Thread 3 ] DEBUG Engine               - isGameMenuEnabled: true
10:26:07.388 [FXGL Background Thread 3 ] DEBUG Engine               - isIOS: false
10:26:07.388 [FXGL Background Thread 3 ] DEBUG Engine               - isIntroEnabled: false
10:26:07.388 [FXGL Background Thread 3 ] DEBUG Engine               - isLinux: false
10:26:07.388 [FXGL Background Thread 3 ] DEBUG Engine               - isMac: false
10:26:07.389 [FXGL Background Thread 3 ] DEBUG Engine               - isMainMenuEnabled: true
10:26:07.389 [FXGL Background Thread 3 ] DEBUG Engine               - isManualResizeEnabled: false
10:26:07.389 [FXGL Background Thread 3 ] DEBUG Engine               - isMobile: false
10:26:07.389 [FXGL Background Thread 3 ] DEBUG Engine               - isNative: false
10:26:07.389 [FXGL Background Thread 3 ] DEBUG Engine               - isPauseMusicWhenMinimized: true
10:26:07.389 [FXGL Background Thread 3 ] DEBUG Engine               - isPreserveResizeRatio: false
10:26:07.389 [FXGL Background Thread 3 ] DEBUG Engine               - isProfilingEnabled: false
10:26:07.389 [FXGL Background Thread 3 ] DEBUG Engine               - isScaleAffectedOnResize: true
10:26:07.389 [FXGL Background Thread 3 ] DEBUG Engine               - isSingleStep: false
10:26:07.389 [FXGL Background Thread 3 ] DEBUG Engine               - isUserProfileEnabled: false
10:26:07.389 [FXGL Background Thread 3 ] DEBUG Engine               - isWindows: true
10:26:07.389 [FXGL Background Thread 3 ] DEBUG Engine               - language: ObjectProperty [value: ENGLISH]
10:26:07.389 [FXGL Background Thread 3 ] DEBUG Engine               - menuKey: ESCAPE
10:26:07.389 [FXGL Background Thread 3 ] DEBUG Engine               - mouseSensitivity: 0.2
10:26:07.389 [FXGL Background Thread 3 ] DEBUG Engine               - notificationViewClass: class com.almasb.fxgl.notification.view.XboxNotificationView
10:26:07.389 [FXGL Background Thread 3 ] DEBUG Engine               - pixelsPerMeter: 50.0
10:26:07.389 [FXGL Background Thread 3 ] DEBUG Engine               - platform: WINDOWS
10:26:07.390 [FXGL Background Thread 3 ] DEBUG Engine               - prefHeightProperty: ReadOnlyDoubleProperty [value: 600.0]
10:26:07.390 [FXGL Background Thread 3 ] DEBUG Engine               - prefWidthProperty: ReadOnlyDoubleProperty [value: 800.0]
10:26:07.390 [FXGL Background Thread 3 ] DEBUG Engine               - profileDir: profiles/
10:26:07.390 [FXGL Background Thread 3 ] DEBUG Engine               - profileName: StringProperty [value: DEFAULT]
10:26:07.390 [FXGL Background Thread 3 ] DEBUG Engine               - randomSeed: -1
10:26:07.390 [FXGL Background Thread 3 ] DEBUG Engine               - runtimeInfo: RuntimeInfo(platform=WINDOWS, version=dev-SNAPSHOT, build=28.07.2021 16.39)
10:26:07.391 [FXGL Background Thread 3 ] DEBUG Engine               - saveFileExt: sav
10:26:07.391 [FXGL Background Thread 3 ] DEBUG Engine               - scaledHeightProp$fxgl: DoubleProperty [bound, value: 600.0]
10:26:07.391 [FXGL Background Thread 3 ] DEBUG Engine               - scaledWidthProp$fxgl: DoubleProperty [bound, value: 800.0]
10:26:07.391 [FXGL Background Thread 3 ] DEBUG Engine               - sceneFactory: com.groupfour.mygame.App$1@649dac7d
10:26:07.391 [FXGL Background Thread 3 ] DEBUG Engine               - secondsIn24h: 60
10:26:07.392 [FXGL Background Thread 3 ] DEBUG Engine               - soundMenuBack: menu/back.wav
10:26:07.392 [FXGL Background Thread 3 ] DEBUG Engine               - soundMenuPress: titleSelect.mp3
10:26:07.392 [FXGL Background Thread 3 ] DEBUG Engine               - soundMenuSelect: menu/select.wav
10:26:07.392 [FXGL Background Thread 3 ] DEBUG Engine               - soundNotification: core/notification.wav
10:26:07.392 [FXGL Background Thread 3 ] DEBUG Engine               - stageStyle: DECORATED
10:26:07.392 [FXGL Background Thread 3 ] DEBUG Engine               - supportedLanguages: [ENGLISH, FRENCH, GERMAN, HUNGARIAN, RUSSIAN]
10:26:07.392 [FXGL Background Thread 3 ] DEBUG Engine               - ticksPerSecond: -1
10:26:07.392 [FXGL Background Thread 3 ] DEBUG Engine               - title: Flatline: Oregon
10:26:07.392 [FXGL Background Thread 3 ] DEBUG Engine               - urlGithub: https://github.com/AlmasB/FXGL
10:26:07.392 [FXGL Background Thread 3 ] DEBUG Engine               - urlLeaderboard: http://fxgl-top.herokuapp.com/
10:26:07.392 [FXGL Background Thread 3 ] DEBUG Engine               - urlPOM: https://raw.githubusercontent.com/AlmasB/FXGL/release/README.md
10:26:07.392 [FXGL Background Thread 3 ] DEBUG Engine               - userAppClass: class com.groupfour.mygame.App
10:26:07.393 [FXGL Background Thread 3 ] DEBUG Engine               - version: Beta ?
10:26:07.393 [FXGL Background Thread 3 ] DEBUG Engine               - versionCheckDays: 7
10:26:07.393 [FXGL Background Thread 3 ] DEBUG Engine               - width: 800
10:26:07.393 [FXGL Background Thread 3 ] DEBUG Engine               - Logging services
10:26:07.393 [FXGL Background Thread 3 ] DEBUG Engine               - class com.almasb.fxgl.app.services.FXGLAssetLoaderService
10:26:07.393 [FXGL Background Thread 3 ] DEBUG Engine               - class com.almasb.fxgl.app.FXGLApplication$GameApplicationService
10:26:07.393 [FXGL Background Thread 3 ] DEBUG Engine               - class com.almasb.fxgl.app.services.FXGLDialogService
10:26:07.393 [FXGL Background Thread 3 ] DEBUG Engine               - class com.almasb.fxgl.app.services.IOTaskExecutorService
10:26:07.393 [FXGL Background Thread 3 ] DEBUG Engine               - class com.almasb.fxgl.io.FileSystemService
10:26:07.393 [FXGL Background Thread 3 ] DEBUG Engine               - class com.almasb.fxgl.localization.LocalizationService
10:26:07.393 [FXGL Background Thread 3 ] DEBUG Engine               - class com.almasb.fxgl.app.services.SystemBundleService
10:26:07.393 [FXGL Background Thread 3 ] DEBUG Engine               - class com.almasb.fxgl.profile.SaveLoadService
10:26:07.393 [FXGL Background Thread 3 ] DEBUG Engine               - class com.almasb.fxgl.ui.FXGLUIFactoryServiceProvider
10:26:07.393 [FXGL Background Thread 3 ] DEBUG Engine               - class com.almasb.fxgl.ui.FXGLDialogFactoryServiceProvider
10:26:07.394 [FXGL Background Thread 3 ] DEBUG Engine               - class com.almasb.fxgl.audio.AudioPlayer
10:26:07.394 [FXGL Background Thread 3 ] DEBUG Engine               - class com.almasb.fxgl.notification.impl.NotificationServiceProvider
10:26:07.394 [FXGL Background Thread 3 ] DEBUG Engine               - class com.almasb.fxgl.achievement.AchievementService
10:26:07.394 [FXGL Background Thread 3 ] DEBUG Engine               - class com.almasb.fxgl.cutscene.CutsceneService
10:26:07.394 [FXGL Background Thread 3 ] DEBUG Engine               - class com.almasb.fxgl.minigames.MiniGameService
10:26:07.394 [FXGL Background Thread 3 ] DEBUG Engine               - class com.almasb.fxgl.net.NetService
10:26:07.394 [FXGL Background Thread 3 ] DEBUG Engine               - class com.almasb.fxgl.app.services.UpdaterService
10:26:07.394 [FXGL Background Thread 3 ] DEBUG Engine               - class com.almasb.fxgl.dev.DevService
10:26:07.394 [FXGL Background Thread 3 ] DEBUG Engine               - class com.almasb.fxgl.multiplayer.MultiplayerService
10:26:09.665 [JavaFX Application Thread] DEBUG Menu                 - fireNewGame()
10:26:09.665 [JavaFX Application Thread] DEBUG GameApplicationServi - Starting new game
10:26:09.666 [JavaFX Application Thread] DEBUG PrimaryStageWindow   - Pop state: FXGLDefaultMenu
10:26:09.666 [JavaFX Application Thread] DEBUG Input                - Clearing active input actions
10:26:09.667 [JavaFX Application Thread] DEBUG GameApplicationServi - Removing overlay from FXGLDefaultMenu and adding to FXGLMainMenuDummyScene
10:26:09.668 [JavaFX Application Thread] DEBUG PrimaryStageWindow   - FXGLMainMenuDummyScene <- FXGLDefaultMenu
10:26:09.668 [JavaFX Application Thread] DEBUG Input                - Clearing active input actions
10:26:09.672 [JavaFX Application Thread] DEBUG GameApplicationServi - Removing overlay from FXGLMainMenuDummyScene and adding to FXGLLoadingScene
10:26:09.672 [JavaFX Application Thread] DEBUG PrimaryStageWindow   - FXGLMainMenuDummyScene -> FXGLLoadingScene
10:26:09.672 [JavaFX Application Thread] DEBUG GameApplicationServi - Clearing previous game
10:26:09.672 [JavaFX Application Thread] DEBUG GameScene            - Clearing game scene
10:26:09.672 [JavaFX Application Thread] DEBUG GameWorld            - Clearing game world
10:26:09.672 [JavaFX Application Thread] DEBUG PhysicsWorld         - Clearing physics world
10:26:09.673 [FXGL Background Thread 2 ] DEBUG FXGLApplication      - Initializing game
10:26:09.709 [FXGL Background Thread 2 ] WARN  TMXLevelLoader       - TiledMap generated from 1.11.0. Supported version: 1.2.3. Some features may not be parsed fully.
10:26:09.716 [FXGL Background Thread 2 ] DEBUG TMXLevelLoader       - Parsed TiledMap: file:/C:/Users/acer/OneDrive/Desktop/git%20pull/CSS124L-FINAL-PROJECT/fp/target/classes/assets/levels/Lobby.tmx
10:26:09.718 [FXGL Background Thread 2 ] DEBUG TMXLevelLoader       - Creating tile layer entities
10:26:09.719 [FXGL Background Thread 2 ] DEBUG TilesetLoader        - Loading view for layer Tile Layer 1
10:26:09.721 [FXGL Background Thread 2 ] DEBUG TilesetLoader        - Created buffer with size 1280.0x768.0
10:26:09.728 [FXGL Background Thread 2 ] DEBUG TMXLevelLoader       - Creating object layer entities
10:26:09.743 [FXGL Background Thread 2 ] DEBUG GameWorld            - Clearing removable entities
10:26:09.743 [FXGL Background Thread 2 ] DEBUG GameWorld            - Setting level: com.almasb.fxgl.entity.level.Level@adbaaee
10:26:09.753 [FXGL Background Thread 2 ] INFO  FXGLApplication      - Game initialization took: 0.080 sec
10:26:09.756 [JavaFX Application Thread] DEBUG Input                - Clearing active input actions
10:26:09.763 [JavaFX Application Thread] DEBUG GameApplicationServi - Removing overlay from FXGLLoadingScene and adding to GameScene
10:26:09.765 [JavaFX Application Thread] DEBUG PrimaryStageWindow   - FXGLLoadingScene -> GameScene
10:26:09.767 [JavaFX Application Thread] DEBUG FXGLAssetLoaderServi - Loading from file system: file:/C:/Users/acer/OneDrive/Desktop/git%20pull/CSS124L-FINAL-PROJECT/fp/target/classes/assets/textures/Interactables/microwave_close.png
10:26:09.768 [JavaFX Application Thread] DEBUG PrimaryStageWindow   - Push state: PCM_BG
10:26:09.768 [JavaFX Application Thread] DEBUG Input                - Clearing active input actions
10:26:09.768 [JavaFX Application Thread] DEBUG GameApplicationServi - Removing overlay from GameScene and adding to PCM_BG
10:26:09.769 [JavaFX Application Thread] DEBUG PrimaryStageWindow   - GameScene -> PCM_BG
10:26:09.774 [JavaFX Application Thread] DEBUG PrimaryStageWindow   - Push state: PlayerCountMenu
10:26:09.774 [JavaFX Application Thread] DEBUG Input                - Clearing active input actions
10:26:09.774 [JavaFX Application Thread] DEBUG GameApplicationServi - Removing overlay from PCM_BG and adding to PlayerCountMenu
10:26:09.775 [JavaFX Application Thread] DEBUG PrimaryStageWindow   - PCM_BG -> PlayerCountMenu
10:26:10.958 [JavaFX Application Thread] DEBUG PrimaryStageWindow   - Push state: DialogSubScene
10:26:10.958 [JavaFX Application Thread] DEBUG Input                - Clearing active input actions
10:26:10.958 [JavaFX Application Thread] DEBUG GameApplicationServi - Removing overlay from PlayerCountMenu and adding to DialogSubScene
10:26:10.959 [JavaFX Application Thread] DEBUG PrimaryStageWindow   - PlayerCountMenu -> DialogSubScene
10:26:11.315 [JavaFX Application Thread] DEBUG PrimaryStageWindow   - Pop state: DialogSubScene
10:26:11.315 [JavaFX Application Thread] DEBUG Input                - Clearing active input actions
10:26:11.316 [JavaFX Application Thread] DEBUG GameApplicationServi - Removing overlay from DialogSubScene and adding to PlayerCountMenu
10:26:11.316 [JavaFX Application Thread] DEBUG PrimaryStageWindow   - PlayerCountMenu <- DialogSubScene
10:26:11.317 [JavaFX Application Thread] DEBUG PrimaryStageWindow   - Push state: DialogSubScene
10:26:11.317 [JavaFX Application Thread] DEBUG Input                - Clearing active input actions
10:26:11.317 [JavaFX Application Thread] DEBUG GameApplicationServi - Removing overlay from PlayerCountMenu and adding to DialogSubScene
10:26:11.317 [JavaFX Application Thread] DEBUG PrimaryStageWindow   - PlayerCountMenu -> DialogSubScene
10:26:11.568 [JavaFX Application Thread] DEBUG PrimaryStageWindow   - Pop state: DialogSubScene
10:26:11.568 [JavaFX Application Thread] DEBUG Input                - Clearing active input actions
10:26:11.568 [JavaFX Application Thread] DEBUG GameApplicationServi - Removing overlay from DialogSubScene and adding to PlayerCountMenu
10:26:11.569 [JavaFX Application Thread] DEBUG PrimaryStageWindow   - PlayerCountMenu <- DialogSubScene
10:26:11.577 [ClientAsyncConnThread    ] DEBUG TCPClient            - Connecting to localhost:55555 type: class com.almasb.fxgl.core.serialization.Bundle
10:26:11.580 [ClientAsyncConnThread    ] DEBUG TCPClient            - Created socket to localhost:55555
10:26:11.585 [ClientAsyncConnThread    ] DEBUG Endpoint             - TCPClient opening new connection (1) from localhost/127.0.0.1:55555 type: class com.almasb.fxgl.core.serialization.Bundle
10:26:11.588 [ClientAsyncConnThread    ] DEBUG Endpoint             - TCPClient successfully opened connection (1)
10:26:11.593 [TCPClient_SendThread-1   ] DEBUG Writers              - Getting TCPMessageWriter for class com.almasb.fxgl.core.serialization.Bundle
10:26:11.593 [TCPClient_RecvThread-1   ] DEBUG Readers              - Getting TCPMessageReader for class com.almasb.fxgl.core.serialization.Bundle
10:26:11.594 [TCPClient_SendThread-1   ] DEBUG Writers              - Constructed TCPMessageWriter for class com.almasb.fxgl.core.serialization.Bundle: BundleTCPMessageWriter
10:26:11.595 [TCPClient_RecvThread-1   ] DEBUG Readers              - Constructed MessageReader for class com.almasb.fxgl.core.serialization.Bundle: BundleTCPMessageReader
10:26:11.636 [JavaFX Application Thread] DEBUG FXGLAssetLoaderServi - Loading from file system: file:/C:/Users/acer/OneDrive/Desktop/git%20pull/CSS124L-FINAL-PROJECT/fp/target/classes/assets/sounds/Reload.mp3
10:26:11.641 [JavaFX Application Thread] DEBUG FXGLAssetLoaderServi - Loading from file system: file:/C:/Users/acer/OneDrive/Desktop/git%20pull/CSS124L-FINAL-PROJECT/fp/target/classes/assets/sounds/BerettaM9_Shoot.mp3
10:26:11.646 [JavaFX Application Thread] DEBUG FXGLAssetLoaderServi - Loading from file system: file:/C:/Users/acer/OneDrive/Desktop/git%20pull/CSS124L-FINAL-PROJECT/fp/target/classes/assets/textures/Weapons/Idle/BerettaM9_Idle.png
10:26:11.647 [JavaFX Application Thread] DEBUG FXGLAssetLoaderServi - Loading from file system: file:/C:/Users/acer/OneDrive/Desktop/git%20pull/CSS124L-FINAL-PROJECT/fp/target/classes/assets/textures/Weapons/Shooting/BerettaM9_Shooting.png
10:26:11.649 [JavaFX Application Thread] DEBUG FXGLAssetLoaderServi - Loading from file system: file:/C:/Users/acer/OneDrive/Desktop/git%20pull/CSS124L-FINAL-PROJECT/fp/target/classes/assets/textures/Players/1P_Shoot.png
10:26:11.654 [JavaFX Application Thread] DEBUG FXGLAssetLoaderServi - Loading from file system: file:/C:/Users/acer/OneDrive/Desktop/git%20pull/CSS124L-FINAL-PROJECT/fp/target/classes/assets/textures/Interactables/vending_machine.png
10:26:14.691 [JavaFX Application Thread] DEBUG PrimaryStageWindow   - Push state: DialogSubScene
10:26:14.691 [JavaFX Application Thread] DEBUG Input                - Clearing active input actions
10:26:14.692 [JavaFX Application Thread] DEBUG GameApplicationServi - Removing overlay from PlayerCountMenu and adding to DialogSubScene
10:26:14.692 [JavaFX Application Thread] DEBUG PrimaryStageWindow   - PlayerCountMenu -> DialogSubScene
10:26:15.548 [JavaFX Application Thread] DEBUG PrimaryStageWindow   - Pop state: DialogSubScene
10:26:15.549 [JavaFX Application Thread] DEBUG Input                - Clearing active input actions
10:26:15.549 [JavaFX Application Thread] DEBUG GameApplicationServi - Removing overlay from DialogSubScene and adding to PlayerCountMenu
10:26:15.549 [JavaFX Application Thread] DEBUG PrimaryStageWindow   - PlayerCountMenu <- DialogSubScene
10:26:15.550 [JavaFX Application Thread] DEBUG PrimaryStageWindow   - Push state: DialogSubScene
10:26:15.550 [JavaFX Application Thread] DEBUG Input                - Clearing active input actions
10:26:15.550 [JavaFX Application Thread] DEBUG GameApplicationServi - Removing overlay from PlayerCountMenu and adding to DialogSubScene
10:26:15.550 [JavaFX Application Thread] DEBUG PrimaryStageWindow   - PlayerCountMenu -> DialogSubScene
10:26:15.809 [JavaFX Application Thread] DEBUG PrimaryStageWindow   - Pop state: DialogSubScene
10:26:15.809 [JavaFX Application Thread] DEBUG Input                - Clearing active input actions
10:26:15.810 [JavaFX Application Thread] DEBUG GameApplicationServi - Removing overlay from DialogSubScene and adding to PlayerCountMenu
10:26:15.810 [JavaFX Application Thread] DEBUG PrimaryStageWindow   - PlayerCountMenu <- DialogSubScene
10:26:15.811 [ClientAsyncConnThread    ] DEBUG TCPClient            - Connecting to localhost:55555 type: class com.almasb.fxgl.core.serialization.Bundle
10:26:15.811 [ClientAsyncConnThread    ] DEBUG TCPClient            - Created socket to localhost:55555
10:26:15.811 [ClientAsyncConnThread    ] DEBUG Endpoint             - TCPClient opening new connection (1) from localhost/127.0.0.1:55555 type: class com.almasb.fxgl.core.serialization.Bundle
10:26:15.811 [ClientAsyncConnThread    ] DEBUG Endpoint             - TCPClient successfully opened connection (1)
10:26:15.813 [TCPClient_RecvThread-1   ] DEBUG Readers              - Getting TCPMessageReader for class com.almasb.fxgl.core.serialization.Bundle
10:26:15.813 [TCPClient_SendThread-1   ] DEBUG Writers              - Getting TCPMessageWriter for class com.almasb.fxgl.core.serialization.Bundle
10:26:15.813 [TCPClient_RecvThread-1   ] DEBUG Readers              - Constructed MessageReader for class com.almasb.fxgl.core.serialization.Bundle: BundleTCPMessageReader
10:26:15.813 [TCPClient_SendThread-1   ] DEBUG Writers              - Constructed TCPMessageWriter for class com.almasb.fxgl.core.serialization.Bundle: BundleTCPMessageWriter
10:26:25.046 [JavaFX Application Thread] DEBUG PrimaryStageWindow   - Push state: DialogSubScene
10:26:25.046 [JavaFX Application Thread] DEBUG Input                - Clearing active input actions
10:26:25.047 [JavaFX Application Thread] DEBUG GameApplicationServi - Removing overlay from PlayerCountMenu and adding to DialogSubScene
10:26:25.047 [JavaFX Application Thread] DEBUG PrimaryStageWindow   - PlayerCountMenu -> DialogSubScene
10:26:25.487 [JavaFX Application Thread] DEBUG PrimaryStageWindow   - Pop state: DialogSubScene
10:26:25.487 [JavaFX Application Thread] DEBUG Input                - Clearing active input actions
10:26:25.488 [JavaFX Application Thread] DEBUG GameApplicationServi - Removing overlay from DialogSubScene and adding to PlayerCountMenu
10:26:25.488 [JavaFX Application Thread] DEBUG PrimaryStageWindow   - PlayerCountMenu <- DialogSubScene
10:26:25.488 [JavaFX Application Thread] DEBUG PrimaryStageWindow   - Push state: DialogSubScene
10:26:25.488 [JavaFX Application Thread] DEBUG Input                - Clearing active input actions
10:26:25.489 [JavaFX Application Thread] DEBUG GameApplicationServi - Removing overlay from PlayerCountMenu and adding to DialogSubScene
10:26:25.489 [JavaFX Application Thread] DEBUG PrimaryStageWindow   - PlayerCountMenu -> DialogSubScene
10:26:25.953 [JavaFX Application Thread] DEBUG PrimaryStageWindow   - Pop state: DialogSubScene
10:26:25.953 [JavaFX Application Thread] DEBUG Input                - Clearing active input actions
10:26:25.953 [JavaFX Application Thread] DEBUG GameApplicationServi - Removing overlay from DialogSubScene and adding to PlayerCountMenu
10:26:25.953 [JavaFX Application Thread] DEBUG PrimaryStageWindow   - PlayerCountMenu <- DialogSubScene
10:26:25.954 [ClientAsyncConnThread    ] DEBUG TCPClient            - Connecting to localhost:55555 type: class com.almasb.fxgl.core.serialization.Bundle
10:26:25.955 [ClientAsyncConnThread    ] DEBUG TCPClient            - Created socket to localhost:55555
10:26:25.955 [ClientAsyncConnThread    ] DEBUG Endpoint             - TCPClient opening new connection (1) from localhost/127.0.0.1:55555 type: class com.almasb.fxgl.core.serialization.Bundle
10:26:25.955 [ClientAsyncConnThread    ] DEBUG Endpoint             - TCPClient successfully opened connection (1)
10:26:25.957 [TCPClient_SendThread-1   ] DEBUG Writers              - Getting TCPMessageWriter for class com.almasb.fxgl.core.serialization.Bundle
10:26:25.957 [TCPClient_RecvThread-1   ] DEBUG Readers              - Getting TCPMessageReader for class com.almasb.fxgl.core.serialization.Bundle
10:26:25.957 [TCPClient_SendThread-1   ] DEBUG Writers              - Constructed TCPMessageWriter for class com.almasb.fxgl.core.serialization.Bundle: BundleTCPMessageWriter
10:26:25.957 [TCPClient_RecvThread-1   ] DEBUG Readers              - Constructed MessageReader for class com.almasb.fxgl.core.serialization.Bundle: BundleTCPMessageReader
10:26:30.084 [TCPClient_RecvThread-1   ] DEBUG Endpoint             - Connection 1 was unexpectedly disconnected: Connection reset
10:26:30.084 [TCPClient_RecvThread-1   ] DEBUG Endpoint             - Connection 1 was unexpectedly disconnected: Connection reset
10:26:30.084 [TCPClient_RecvThread-1   ] DEBUG Endpoint             - Connection 1 was unexpectedly disconnected: Connection reset
10:26:30.084 [TCPClient_RecvThread-1   ] DEBUG Connection           - Closing connection 1
10:26:30.084 [TCPClient_RecvThread-1   ] DEBUG Connection           - Closing connection 1
10:26:30.084 [TCPClient_RecvThread-1   ] DEBUG Connection           - Closing connection 1
10:26:30.086 [TCPClient_RecvThread-1   ] DEBUG Connection           - Connection 1 was correctly closed from local endpoint.
10:26:30.086 [TCPClient_RecvThread-1   ] DEBUG Connection           - Connection 1 was correctly closed from local endpoint.
10:26:30.086 [TCPClient_RecvThread-1   ] DEBUG Connection           - Connection 1 was correctly closed from local endpoint.
10:26:30.086 [TCPClient_RecvThread-1   ] DEBUG Endpoint             - TCPClient connection (1) was closed
10:26:30.086 [TCPClient_RecvThread-1   ] DEBUG Endpoint             - TCPClient connection (1) was closed
10:26:30.086 [TCPClient_RecvThread-1   ] DEBUG Endpoint             - TCPClient connection (1) was closed
10:26:30.865 [JavaFX Application Thread] DEBUG FXGLApplication      - Exiting FXGL
10:26:30.865 [JavaFX Application Thread] DEBUG LoopRunner           - Stopping loop
10:26:30.865 [JavaFX Application Thread] DEBUG SystemBundleService  - Saving FXGL system data
10:26:30.866 [JavaFX Application Thread] DEBUG FileSystemAccess     - Writing to: C:\Users\acer\OneDrive\Desktop\git pull\CSS124L-FINAL-PROJECT\system\fxgl.bundle
10:26:30.868 [JavaFX Application Thread] DEBUG Async                - Shutting down background threads
10:26:30.868 [JavaFX Application Thread] DEBUG PrimaryStageWindow   - Closing main window
10:26:30.878 [JavaFX Application Thread] DEBUG Logger               - Closing Logger
