02:07:04.831 [main                     ] DEBUG Logger               - Configured Logger
02:07:04.847 [main                     ] DEBUG GameApplication      - Logging settings
Title: Flatline: Oregon
Version: Alpha 0.3
Width: 800
Height: 600
Fullscreen: false
Intro: false
Profiling: false
Single step:false
App Mode: DEVELOPER
Menu Key: ESCAPE
Stage Style: DECORATED
Scene Factory: class com.groupfour.mygame.App$1

02:07:05.119 [JavaFX Application Thread] DEBUG FXGLApplication      - Initializing FXGL
02:07:05.120 [JavaFX Application Thread] INFO  Engine               - FXGL-dev-SNAPSHOT (28.07.2021 16.39) on WINDOWS (J:11.0.22 FX:16)
02:07:05.121 [JavaFX Application Thread] DEBUG Engine               - JRE Vendor Name: Oracle Corporation
02:07:05.122 [JavaFX Application Thread] DEBUG Engine               - Running on OS: Windows 11 version 10.0
02:07:05.122 [JavaFX Application Thread] DEBUG Engine               - Architecture: amd64
02:07:05.122 [JavaFX Application Thread] INFO  Engine               - Source code and latest versions at: https://github.com/AlmasB/FXGL
02:07:05.122 [JavaFX Application Thread] INFO  Engine               -              Join the FXGL chat at: https://gitter.im/AlmasB/FXGL
02:07:05.181 [JavaFX Application Thread] DEBUG PrimaryStageWindow   - Creating a JavaFX scene
02:07:05.218 [JavaFX Application Thread] DEBUG PrimaryStageWindow   - Target settings size: 800.0 x 600.0
02:07:05.218 [JavaFX Application Thread] DEBUG PrimaryStageWindow   - Scaled scene size:    800.0 x 600.0
02:07:05.218 [JavaFX Application Thread] DEBUG PrimaryStageWindow   - Scaled ratio: (1.0, 1.0)
02:07:05.219 [JavaFX Application Thread] DEBUG PrimaryStageWindow   - Set initial scene to FXGLStartupScene
02:07:05.223 [JavaFX Application Thread] DEBUG PrimaryStageWindow   - Opening main window
02:07:05.292 [JavaFX Application Thread] DEBUG PrimaryStageWindow   - Window border size: (14.4000244140625, 37.5999755859375)
02:07:05.292 [JavaFX Application Thread] DEBUG PrimaryStageWindow   - Scaled size: 800.0 x 600.0
02:07:05.292 [JavaFX Application Thread] DEBUG PrimaryStageWindow   - Scaled ratio: (1.0, 1.0)
02:07:05.292 [JavaFX Application Thread] DEBUG PrimaryStageWindow   - Scene size: 800.0 x 600.0
02:07:05.292 [JavaFX Application Thread] DEBUG PrimaryStageWindow   - Stage size: 814.4000244140625 x 637.5999755859375
02:07:05.298 [FXGL Background Thread 1 ] DEBUG Engine               - Initializing environment variables
02:07:05.329 [FXGL Background Thread 1 ] DEBUG FXGLAssetLoaderServi - User app class for loading assets: class com.groupfour.mygame.App
02:07:05.330 [FXGL Background Thread 1 ] DEBUG GameApplicationServi - Applying CSS: fxgl_dark.css
02:07:05.331 [FXGL Background Thread 1 ] DEBUG FXGLAssetLoaderServi - Loading from file system: jar:file:///C:/Users/acer/.m2/repository/com/github/almasb/fxgl/dev-SNAPSHOT/fxgl-dev-SNAPSHOT.jar!/fxglassets/ui/css/fxgl_dark.css
02:07:05.364 [FXGL Background Thread 1 ] DEBUG GameApplicationServi - Initializing application scenes
02:07:05.389 [FXGL Background Thread 1 ] DEBUG GameWorld            - Game world initialized
02:07:05.425 [FXGL Background Thread 1 ] DEBUG PhysicsWorld         - Physics world initialized: appHeight=600, physics.ppm=50.0
02:07:05.425 [FXGL Background Thread 1 ] DEBUG PhysicsWorld         - Using strategy: BRUTE_FORCE
02:07:05.427 [FXGL Background Thread 1 ] DEBUG GameScene            - Game scene initialized: 800x600
02:07:05.435 [FXGL Background Thread 1 ] DEBUG FXGL.DefaultMenu     - createMenuBodyMainMenu()
02:07:05.446 [FXGL Background Thread 1 ] DEBUG FXGL.DefaultMenu     - createOptionsMenu()
02:07:05.452 [FXGL Background Thread 1 ] DEBUG FXGLAssetLoaderServi - Loading from file system: jar:file:///C:/Users/acer/.m2/repository/com/github/almasb/fxgl/dev-SNAPSHOT/fxgl-dev-SNAPSHOT.jar!/fxglassets/textures/particles/smoke.png
02:07:05.522 [FXGL Background Thread 1 ] DEBUG FXGLAssetLoaderServi - Loading from file system: jar:file:///C:/Users/acer/.m2/repository/com/github/almasb/fxgl/dev-SNAPSHOT/fxgl-dev-SNAPSHOT.jar!/fxglassets/textures/particles/trace_horizontal.png
02:07:05.558 [FXGL Background Thread 1 ] DEBUG GameApplicationServi - Application scenes initialized
02:07:05.566 [FXGL Background Thread 1 ] DEBUG SystemBundleService  - Loading FXGL system data
02:07:05.570 [FXGL Background Thread 1 ] DEBUG FileSystemAccess     - Reading from: C:\Users\acer\OneDrive\Desktop\git pull\CSS124L-FINAL-PROJECT\system\fxgl.bundle
02:07:05.573 [FXGL Background Thread 1 ] DEBUG SystemBundleService  - Bundle FXGL: {}
02:07:05.573 [FXGL Background Thread 1 ] DEBUG UpdaterService       - Checking for updates
02:07:05.593 [FXGL Background Thread 1 ] DEBUG FXGLApplication      - Loading default localization
02:07:05.593 [FXGL Background Thread 4 ] DEBUG FXGLApplication      - Loading fonts
02:07:05.594 [FXGL Background Thread 1 ] DEBUG FXGLAssetLoaderServi - Loading from file system: jar:file:///C:/Users/acer/.m2/repository/com/github/almasb/fxgl/dev-SNAPSHOT/fxgl-dev-SNAPSHOT.jar!/fxglassets/languages/english.lang
02:07:05.594 [FXGL Background Thread 4 ] DEBUG FXGLAssetLoaderServi - Loading from file system: jar:file:///C:/Users/acer/.m2/repository/com/github/almasb/fxgl/dev-SNAPSHOT/fxgl-dev-SNAPSHOT.jar!/fxglassets/ui/fonts/VarelaRound-Regular.ttf
02:07:05.607 [FXGL Background Thread 1 ] INFO  FXGLApplication      - FXGL initialization took: 0.308 sec
02:07:05.618 [JavaFX Application Thread] DEBUG Input                - Registered new binding: Move Upwards - W
02:07:05.618 [JavaFX Application Thread] DEBUG Input                - Registered new binding: Move Down - S
02:07:05.618 [JavaFX Application Thread] DEBUG Input                - Registered new binding: Move Left - A
02:07:05.618 [JavaFX Application Thread] DEBUG Input                - Registered new binding: Move Right - D
02:07:05.618 [JavaFX Application Thread] DEBUG Input                - Registered new binding: Reload - R
02:07:05.619 [JavaFX Application Thread] DEBUG Input                - Registered new binding: Shoot - LMB
02:07:05.620 [JavaFX Application Thread] DEBUG Input                - Registered new binding: Switch Weapons - Q
02:07:05.620 [JavaFX Application Thread] DEBUG Input                - Registered new binding: Interact - F
02:07:05.620 [JavaFX Application Thread] DEBUG FXGLAssetLoaderServi - Loading from file system: jar:file:///C:/Users/acer/.m2/repository/com/github/almasb/fxgl/dev-SNAPSHOT/fxgl-dev-SNAPSHOT.jar!/fxglassets/textures/fxgl_icon.png
02:07:05.635 [JavaFX Application Thread] DEBUG FXGLAssetLoaderServi - Loading from file system: jar:file:///C:/Users/acer/.m2/repository/com/github/almasb/fxgl/dev-SNAPSHOT/fxgl-dev-SNAPSHOT.jar!/fxglassets/textures/fxgl_default_cursor.png
02:07:05.638 [JavaFX Application Thread] DEBUG Input                - Registered new binding: Screenshot - CTRL+8
02:07:05.638 [JavaFX Application Thread] DEBUG Input                - Registered new binding: Dev Options - 1
02:07:05.639 [JavaFX Application Thread] DEBUG Input                - Registered new binding: Dev Console - 2
02:07:05.639 [JavaFX Application Thread] DEBUG Input                - Registered new binding: System info dump - CTRL+9
02:07:05.640 [JavaFX Application Thread] DEBUG Input                - Registered new binding: Restart - CTRL+R
02:07:05.640 [JavaFX Application Thread] DEBUG Input                - Registered new binding: Toggle Debug Camera - CTRL+C
02:07:05.643 [JavaFX Application Thread] DEBUG LoopRunner           - Starting loop
02:07:05.658 [JavaFX Application Thread] DEBUG LoopRunner           - Initializing JavaFX AnimationTimerLoop
02:07:05.660 [JavaFX Application Thread] DEBUG Input                - Clearing active input actions
02:07:05.668 [JavaFX Application Thread] DEBUG GameApplicationServi - Removing overlay from FXGLStartupScene and adding to FXGLMainMenuDummyScene
02:07:05.672 [JavaFX Application Thread] DEBUG PrimaryStageWindow   - FXGLStartupScene -> FXGLMainMenuDummyScene
02:07:05.672 [JavaFX Application Thread] DEBUG PrimaryStageWindow   - Push state: FXGLDefaultMenu
02:07:05.676 [JavaFX Application Thread] DEBUG Input                - Clearing active input actions
02:07:05.682 [JavaFX Application Thread] DEBUG GameApplicationServi - Removing overlay from FXGLMainMenuDummyScene and adding to FXGLDefaultMenu
02:07:05.682 [JavaFX Application Thread] DEBUG PrimaryStageWindow   - FXGLMainMenuDummyScene -> FXGLDefaultMenu
02:07:05.975 [FXGL Background Thread 4 ] DEBUG FXGLAssetLoaderServi - Loading from file system: jar:file:///C:/Users/acer/.m2/repository/com/github/almasb/fxgl/dev-SNAPSHOT/fxgl-dev-SNAPSHOT.jar!/fxglassets/ui/fonts/Abel-Regular.ttf
02:07:05.980 [FXGL Background Thread 4 ] DEBUG FXGLAssetLoaderServi - Loading from file system: jar:file:///C:/Users/acer/.m2/repository/com/github/almasb/fxgl/dev-SNAPSHOT/fxgl-dev-SNAPSHOT.jar!/fxglassets/ui/fonts/lucida_console.ttf
02:07:05.986 [FXGL Background Thread 4 ] DEBUG FXGLAssetLoaderServi - Loading from file system: jar:file:///C:/Users/acer/.m2/repository/com/github/almasb/fxgl/dev-SNAPSHOT/fxgl-dev-SNAPSHOT.jar!/fxglassets/ui/fonts/Courier-Prime.ttf
02:07:05.992 [JavaFX Application Thread] DEBUG FXGLApplication      - Registering font factories with UI factory
02:07:06.299 [JavaFX Application Thread] DEBUG Menu                 - fireNewGame()
02:07:06.299 [JavaFX Application Thread] DEBUG GameApplicationServi - Starting new game
02:07:06.301 [JavaFX Application Thread] DEBUG PrimaryStageWindow   - Pop state: FXGLDefaultMenu
02:07:06.301 [JavaFX Application Thread] DEBUG Input                - Clearing active input actions
02:07:06.305 [JavaFX Application Thread] DEBUG GameApplicationServi - Removing overlay from FXGLDefaultMenu and adding to FXGLMainMenuDummyScene
02:07:06.307 [JavaFX Application Thread] DEBUG PrimaryStageWindow   - FXGLMainMenuDummyScene <- FXGLDefaultMenu
02:07:06.307 [JavaFX Application Thread] DEBUG Input                - Clearing active input actions
02:07:06.314 [JavaFX Application Thread] DEBUG GameApplicationServi - Removing overlay from FXGLMainMenuDummyScene and adding to FXGLLoadingScene
02:07:06.315 [JavaFX Application Thread] DEBUG PrimaryStageWindow   - FXGLMainMenuDummyScene -> FXGLLoadingScene
02:07:06.315 [JavaFX Application Thread] DEBUG GameApplicationServi - Clearing previous game
02:07:06.315 [JavaFX Application Thread] DEBUG GameScene            - Clearing game scene
02:07:06.315 [JavaFX Application Thread] DEBUG GameWorld            - Clearing game world
02:07:06.316 [JavaFX Application Thread] DEBUG PhysicsWorld         - Clearing physics world
02:07:06.317 [FXGL Background Thread 4 ] DEBUG FXGLApplication      - Initializing game
02:07:06.348 [FXGL Background Thread 4 ] DEBUG FXGLAssetLoaderServi - Loading from file system: file:/C:/Users/acer/OneDrive/Desktop/git%20pull/CSS124L-FINAL-PROJECT/fp/target/classes/assets/textures/Players/1P_Shoot.png
02:07:06.357 [FXGL Background Thread 4 ] WARN  Entity               - Entity already has component: com.groupfour.Components.AnimationComponent
02:07:06.359 [FXGL Background Thread 4 ] WARN  GameWorld            - Entity is already attached to world
02:07:06.379 [FXGL Background Thread 4 ] INFO  FXGLApplication      - Game initialization took: 0.063 sec
02:07:06.384 [JavaFX Application Thread] DEBUG Input                - Clearing active input actions
02:07:06.389 [JavaFX Application Thread] DEBUG GameApplicationServi - Removing overlay from FXGLLoadingScene and adding to GameScene
02:07:06.392 [JavaFX Application Thread] DEBUG PrimaryStageWindow   - FXGLLoadingScene -> GameScene
02:07:06.397 [JavaFX Application Thread] DEBUG PrimaryStageWindow   - Push state: PlayerCountMenu
02:07:06.398 [JavaFX Application Thread] DEBUG Input                - Clearing active input actions
02:07:06.398 [JavaFX Application Thread] DEBUG GameApplicationServi - Removing overlay from GameScene and adding to PlayerCountMenu
02:07:06.399 [JavaFX Application Thread] DEBUG PrimaryStageWindow   - GameScene -> PlayerCountMenu
02:07:06.753 [FXGL Background Thread 2 ] INFO  UpdaterService       - Your current version:  dev-SNAPSHOT
02:07:06.754 [FXGL Background Thread 2 ] INFO  UpdaterService       - Latest stable version: 21.1
02:07:06.896 [JavaFX Application Thread] DEBUG PrimaryStageWindow   - Pop state: PlayerCountMenu
02:07:06.896 [JavaFX Application Thread] DEBUG Input                - Clearing active input actions
02:07:06.896 [JavaFX Application Thread] DEBUG GameApplicationServi - Removing overlay from PlayerCountMenu and adding to GameScene
02:07:06.897 [JavaFX Application Thread] DEBUG PrimaryStageWindow   - GameScene <- PlayerCountMenu
02:07:08.591 [FXGL Background Thread 3 ] DEBUG Engine               - Logging environment variables
02:07:08.592 [FXGL Background Thread 3 ] DEBUG Engine               - achievements: []
02:07:08.593 [FXGL Background Thread 3 ] DEBUG Engine               - actualHeight: 600.0
02:07:08.593 [FXGL Background Thread 3 ] DEBUG Engine               - actualHeightProperty: ReadOnlyDoubleProperty [value: 600.0]
02:07:08.593 [FXGL Background Thread 3 ] DEBUG Engine               - actualWidth: 800.0
02:07:08.593 [FXGL Background Thread 3 ] DEBUG Engine               - actualWidthProperty: ReadOnlyDoubleProperty [value: 800.0]
02:07:08.593 [FXGL Background Thread 3 ] DEBUG Engine               - appIcon: fxgl_icon.png
02:07:08.593 [FXGL Background Thread 3 ] DEBUG Engine               - applicationMode: DEVELOPER
02:07:08.593 [FXGL Background Thread 3 ] DEBUG Engine               - cSSList: [fxgl_dark.css]
02:07:08.593 [FXGL Background Thread 3 ] DEBUG Engine               - collisionDetectionStrategy: BRUTE_FORCE
02:07:08.593 [FXGL Background Thread 3 ] DEBUG Engine               - configClass: Optional.empty
02:07:08.593 [FXGL Background Thread 3 ] DEBUG Engine               - credits: []
02:07:08.593 [FXGL Background Thread 3 ] DEBUG Engine               - defaultCursor: CursorInfo(imageName=fxgl_default_cursor.png, hotspotX=7.0, hotspotY=6.0)
02:07:08.594 [FXGL Background Thread 3 ] DEBUG Engine               - devBBoxColorProperty: ObjectProperty [value: 0xff0000ff]
02:07:08.594 [FXGL Background Thread 3 ] DEBUG Engine               - devEnableDebugCameraProperty: BooleanProperty [value: false]
02:07:08.594 [FXGL Background Thread 3 ] DEBUG Engine               - devSensorColorProperty: ObjectProperty [value: 0xffff00ff]
02:07:08.594 [FXGL Background Thread 3 ] DEBUG Engine               - devShowBBoxProperty: BooleanProperty [value: false]
02:07:08.594 [FXGL Background Thread 3 ] DEBUG Engine               - devShowPositionProperty: BooleanProperty [value: false]
02:07:08.594 [FXGL Background Thread 3 ] DEBUG Engine               - enabledMenuItems: []
02:07:08.594 [FXGL Background Thread 3 ] DEBUG Engine               - engineServices: [class com.almasb.fxgl.app.services.FXGLAssetLoaderService, class com.almasb.fxgl.app.FXGLApplication$GameApplicationService, class com.almasb.fxgl.app.services.FXGLDialogService, class com.almasb.fxgl.app.services.IOTaskExecutorService, class com.almasb.fxgl.io.FileSystemService, class com.almasb.fxgl.localization.LocalizationService, class com.almasb.fxgl.app.services.SystemBundleService, class com.almasb.fxgl.profile.SaveLoadService, class com.almasb.fxgl.ui.FXGLUIFactoryServiceProvider, class com.almasb.fxgl.ui.FXGLDialogFactoryServiceProvider, class com.almasb.fxgl.audio.AudioPlayer, class com.almasb.fxgl.notification.impl.NotificationServiceProvider, class com.almasb.fxgl.achievement.AchievementService, class com.almasb.fxgl.cutscene.CutsceneService, class com.almasb.fxgl.minigames.MiniGameService, class com.almasb.fxgl.net.NetService, class com.almasb.fxgl.app.services.UpdaterService, class com.almasb.fxgl.dev.DevService, class com.almasb.fxgl.multiplayer.MultiplayerService]
02:07:08.594 [FXGL Background Thread 3 ] DEBUG Engine               - fontGame: Abel-Regular.ttf
02:07:08.594 [FXGL Background Thread 3 ] DEBUG Engine               - fontMono: lucida_console.ttf
02:07:08.594 [FXGL Background Thread 3 ] DEBUG Engine               - fontText: Courier-Prime.ttf
02:07:08.595 [FXGL Background Thread 3 ] DEBUG Engine               - fontUI: VarelaRound-Regular.ttf
02:07:08.595 [FXGL Background Thread 3 ] DEBUG Engine               - fullScreen: BooleanProperty [value: false]
02:07:08.595 [FXGL Background Thread 3 ] DEBUG Engine               - gameDifficulty: MEDIUM
02:07:08.595 [FXGL Background Thread 3 ] DEBUG Engine               - gameDifficultyProperty: ObjectProperty [value: MEDIUM]
02:07:08.595 [FXGL Background Thread 3 ] DEBUG Engine               - globalMusicVolume: 0.5
02:07:08.595 [FXGL Background Thread 3 ] DEBUG Engine               - globalMusicVolumeProperty: DoubleProperty [value: 0.5]
02:07:08.595 [FXGL Background Thread 3 ] DEBUG Engine               - globalSoundVolume: 0.5
02:07:08.595 [FXGL Background Thread 3 ] DEBUG Engine               - globalSoundVolumeProperty: DoubleProperty [value: 0.5]
02:07:08.595 [FXGL Background Thread 3 ] DEBUG Engine               - height: 600
02:07:08.595 [FXGL Background Thread 3 ] DEBUG Engine               - is3D: false
02:07:08.596 [FXGL Background Thread 3 ] DEBUG Engine               - isAndroid: false
02:07:08.596 [FXGL Background Thread 3 ] DEBUG Engine               - isBrowser: false
02:07:08.596 [FXGL Background Thread 3 ] DEBUG Engine               - isClickFeedbackEnabled: false
02:07:08.596 [FXGL Background Thread 3 ] DEBUG Engine               - isCloseConfirmation: false
02:07:08.596 [FXGL Background Thread 3 ] DEBUG Engine               - isDesktop: true
02:07:08.596 [FXGL Background Thread 3 ] DEBUG Engine               - isDeveloperMenuEnabled: true
02:07:08.596 [FXGL Background Thread 3 ] DEBUG Engine               - isEmbedded: false
02:07:08.596 [FXGL Background Thread 3 ] DEBUG Engine               - isEntityPreloadEnabled: true
02:07:08.596 [FXGL Background Thread 3 ] DEBUG Engine               - isExperimentalTiledLargeMap: false
02:07:08.596 [FXGL Background Thread 3 ] DEBUG Engine               - isFileSystemWriteAllowed: true
02:07:08.596 [FXGL Background Thread 3 ] DEBUG Engine               - isFullScreenAllowed: false
02:07:08.596 [FXGL Background Thread 3 ] DEBUG Engine               - isFullScreenFromStart: false
02:07:08.596 [FXGL Background Thread 3 ] DEBUG Engine               - isGameMenuEnabled: true
02:07:08.596 [FXGL Background Thread 3 ] DEBUG Engine               - isIOS: false
02:07:08.596 [FXGL Background Thread 3 ] DEBUG Engine               - isIntroEnabled: false
02:07:08.596 [FXGL Background Thread 3 ] DEBUG Engine               - isLinux: false
02:07:08.597 [FXGL Background Thread 3 ] DEBUG Engine               - isMac: false
02:07:08.597 [FXGL Background Thread 3 ] DEBUG Engine               - isMainMenuEnabled: true
02:07:08.597 [FXGL Background Thread 3 ] DEBUG Engine               - isManualResizeEnabled: false
02:07:08.597 [FXGL Background Thread 3 ] DEBUG Engine               - isMobile: false
02:07:08.597 [FXGL Background Thread 3 ] DEBUG Engine               - isNative: false
02:07:08.597 [FXGL Background Thread 3 ] DEBUG Engine               - isPauseMusicWhenMinimized: true
02:07:08.597 [FXGL Background Thread 3 ] DEBUG Engine               - isPreserveResizeRatio: false
02:07:08.597 [FXGL Background Thread 3 ] DEBUG Engine               - isProfilingEnabled: false
02:07:08.597 [FXGL Background Thread 3 ] DEBUG Engine               - isScaleAffectedOnResize: true
02:07:08.597 [FXGL Background Thread 3 ] DEBUG Engine               - isSingleStep: false
02:07:08.597 [FXGL Background Thread 3 ] DEBUG Engine               - isUserProfileEnabled: false
02:07:08.597 [FXGL Background Thread 3 ] DEBUG Engine               - isWindows: true
02:07:08.597 [FXGL Background Thread 3 ] DEBUG Engine               - language: ObjectProperty [value: ENGLISH]
02:07:08.597 [FXGL Background Thread 3 ] DEBUG Engine               - menuKey: ESCAPE
02:07:08.597 [FXGL Background Thread 3 ] DEBUG Engine               - mouseSensitivity: 0.2
02:07:08.597 [FXGL Background Thread 3 ] DEBUG Engine               - notificationViewClass: class com.almasb.fxgl.notification.view.XboxNotificationView
02:07:08.598 [FXGL Background Thread 3 ] DEBUG Engine               - pixelsPerMeter: 50.0
02:07:08.598 [FXGL Background Thread 3 ] DEBUG Engine               - platform: WINDOWS
02:07:08.598 [FXGL Background Thread 3 ] DEBUG Engine               - prefHeightProperty: ReadOnlyDoubleProperty [value: 600.0]
02:07:08.598 [FXGL Background Thread 3 ] DEBUG Engine               - prefWidthProperty: ReadOnlyDoubleProperty [value: 800.0]
02:07:08.598 [FXGL Background Thread 3 ] DEBUG Engine               - profileDir: profiles/
02:07:08.598 [FXGL Background Thread 3 ] DEBUG Engine               - profileName: StringProperty [value: DEFAULT]
02:07:08.598 [FXGL Background Thread 3 ] DEBUG Engine               - randomSeed: -1
02:07:08.598 [FXGL Background Thread 3 ] DEBUG Engine               - runtimeInfo: RuntimeInfo(platform=WINDOWS, version=dev-SNAPSHOT, build=28.07.2021 16.39)
02:07:08.598 [FXGL Background Thread 3 ] DEBUG Engine               - saveFileExt: sav
02:07:08.598 [FXGL Background Thread 3 ] DEBUG Engine               - scaledHeightProp$fxgl: DoubleProperty [bound, value: 600.0]
02:07:08.598 [FXGL Background Thread 3 ] DEBUG Engine               - scaledWidthProp$fxgl: DoubleProperty [bound, value: 800.0]
02:07:08.598 [FXGL Background Thread 3 ] DEBUG Engine               - sceneFactory: com.groupfour.mygame.App$1@72f464d6
02:07:08.598 [FXGL Background Thread 3 ] DEBUG Engine               - secondsIn24h: 60
02:07:08.598 [FXGL Background Thread 3 ] DEBUG Engine               - soundMenuBack: menu/back.wav
02:07:08.598 [FXGL Background Thread 3 ] DEBUG Engine               - soundMenuPress: menu/press.wav
02:07:08.598 [FXGL Background Thread 3 ] DEBUG Engine               - soundMenuSelect: menu/select.wav
02:07:08.598 [FXGL Background Thread 3 ] DEBUG Engine               - soundNotification: core/notification.wav
02:07:08.598 [FXGL Background Thread 3 ] DEBUG Engine               - stageStyle: DECORATED
02:07:08.598 [FXGL Background Thread 3 ] DEBUG Engine               - supportedLanguages: [ENGLISH, FRENCH, GERMAN, HUNGARIAN, RUSSIAN]
02:07:08.598 [FXGL Background Thread 3 ] DEBUG Engine               - ticksPerSecond: -1
02:07:08.598 [FXGL Background Thread 3 ] DEBUG Engine               - title: Flatline: Oregon
02:07:08.598 [FXGL Background Thread 3 ] DEBUG Engine               - urlGithub: https://github.com/AlmasB/FXGL
02:07:08.598 [FXGL Background Thread 3 ] DEBUG Engine               - urlLeaderboard: http://fxgl-top.herokuapp.com/
02:07:08.598 [FXGL Background Thread 3 ] DEBUG Engine               - urlPOM: https://raw.githubusercontent.com/AlmasB/FXGL/release/README.md
02:07:08.598 [FXGL Background Thread 3 ] DEBUG Engine               - userAppClass: class com.groupfour.mygame.App
02:07:08.598 [FXGL Background Thread 3 ] DEBUG Engine               - version: Alpha 0.3
02:07:08.598 [FXGL Background Thread 3 ] DEBUG Engine               - versionCheckDays: 7
02:07:08.598 [FXGL Background Thread 3 ] DEBUG Engine               - width: 800
02:07:08.598 [FXGL Background Thread 3 ] DEBUG Engine               - Logging services
02:07:08.598 [FXGL Background Thread 3 ] DEBUG Engine               - class com.almasb.fxgl.app.services.FXGLAssetLoaderService
02:07:08.598 [FXGL Background Thread 3 ] DEBUG Engine               - class com.almasb.fxgl.app.FXGLApplication$GameApplicationService
02:07:08.598 [FXGL Background Thread 3 ] DEBUG Engine               - class com.almasb.fxgl.app.services.FXGLDialogService
02:07:08.598 [FXGL Background Thread 3 ] DEBUG Engine               - class com.almasb.fxgl.app.services.IOTaskExecutorService
02:07:08.599 [FXGL Background Thread 3 ] DEBUG Engine               - class com.almasb.fxgl.io.FileSystemService
02:07:08.599 [FXGL Background Thread 3 ] DEBUG Engine               - class com.almasb.fxgl.localization.LocalizationService
02:07:08.599 [FXGL Background Thread 3 ] DEBUG Engine               - class com.almasb.fxgl.app.services.SystemBundleService
02:07:08.599 [FXGL Background Thread 3 ] DEBUG Engine               - class com.almasb.fxgl.profile.SaveLoadService
02:07:08.599 [FXGL Background Thread 3 ] DEBUG Engine               - class com.almasb.fxgl.ui.FXGLUIFactoryServiceProvider
02:07:08.599 [FXGL Background Thread 3 ] DEBUG Engine               - class com.almasb.fxgl.ui.FXGLDialogFactoryServiceProvider
02:07:08.599 [FXGL Background Thread 3 ] DEBUG Engine               - class com.almasb.fxgl.audio.AudioPlayer
02:07:08.599 [FXGL Background Thread 3 ] DEBUG Engine               - class com.almasb.fxgl.notification.impl.NotificationServiceProvider
02:07:08.599 [FXGL Background Thread 3 ] DEBUG Engine               - class com.almasb.fxgl.achievement.AchievementService
02:07:08.599 [FXGL Background Thread 3 ] DEBUG Engine               - class com.almasb.fxgl.cutscene.CutsceneService
02:07:08.599 [FXGL Background Thread 3 ] DEBUG Engine               - class com.almasb.fxgl.minigames.MiniGameService
02:07:08.599 [FXGL Background Thread 3 ] DEBUG Engine               - class com.almasb.fxgl.net.NetService
02:07:08.599 [FXGL Background Thread 3 ] DEBUG Engine               - class com.almasb.fxgl.app.services.UpdaterService
02:07:08.599 [FXGL Background Thread 3 ] DEBUG Engine               - class com.almasb.fxgl.dev.DevService
02:07:08.599 [FXGL Background Thread 3 ] DEBUG Engine               - class com.almasb.fxgl.multiplayer.MultiplayerService
02:07:18.818 [JavaFX Application Thread] DEBUG FXGLApplication      - Exiting FXGL
02:07:18.818 [JavaFX Application Thread] DEBUG LoopRunner           - Stopping loop
02:07:18.818 [JavaFX Application Thread] DEBUG SystemBundleService  - Saving FXGL system data
02:07:18.820 [JavaFX Application Thread] DEBUG FileSystemAccess     - Writing to: C:\Users\acer\OneDrive\Desktop\git pull\CSS124L-FINAL-PROJECT\system\fxgl.bundle
02:07:18.821 [JavaFX Application Thread] DEBUG Async                - Shutting down background threads
02:07:18.821 [JavaFX Application Thread] DEBUG PrimaryStageWindow   - Closing main window
02:07:18.832 [JavaFX Application Thread] DEBUG Logger               - Closing Logger
