01:07:59.862 [main                     ] DEBUG Logger               - Configured Logger
01:07:59.868 [main                     ] DEBUG GameApplication      - Logging settings
Title: Flatline: Oregon
Version: Alpha 0.3
Width: 800
Height: 600
Fullscreen: false
Intro: false
Profiling: false
Single step:false
App Mode: DEVELOPER
Menu Key: ESCAPE
Stage Style: DECORATED
Scene Factory: class com.groupfour.mygame.App$1

01:08:00.168 [JavaFX Application Thread] DEBUG FXGLApplication      - Initializing FXGL
01:08:00.169 [JavaFX Application Thread] INFO  Engine               - FXGL-dev-SNAPSHOT (28.07.2021 16.39) on WINDOWS (J:21.0.4 FX:16)
01:08:00.171 [JavaFX Application Thread] DEBUG Engine               - JRE Vendor Name: Eclipse Adoptium
01:08:00.171 [JavaFX Application Thread] DEBUG Engine               - Running on OS: Windows 11 version 10.0
01:08:00.171 [JavaFX Application Thread] DEBUG Engine               - Architecture: amd64
01:08:00.171 [JavaFX Application Thread] INFO  Engine               - Source code and latest versions at: https://github.com/AlmasB/FXGL
01:08:00.171 [JavaFX Application Thread] INFO  Engine               -              Join the FXGL chat at: https://gitter.im/AlmasB/FXGL
01:08:00.256 [JavaFX Application Thread] DEBUG PrimaryStageWindow   - Creating a JavaFX scene
01:08:00.301 [JavaFX Application Thread] DEBUG PrimaryStageWindow   - Target settings size: 800.0 x 600.0
01:08:00.301 [JavaFX Application Thread] DEBUG PrimaryStageWindow   - Scaled scene size:    800.0 x 600.0
01:08:00.301 [JavaFX Application Thread] DEBUG PrimaryStageWindow   - Scaled ratio: (1.0, 1.0)
01:08:00.302 [JavaFX Application Thread] DEBUG PrimaryStageWindow   - Set initial scene to FXGLStartupScene
01:08:00.310 [JavaFX Application Thread] DEBUG PrimaryStageWindow   - Opening main window
01:08:00.386 [JavaFX Application Thread] DEBUG PrimaryStageWindow   - Window border size: (16.0, 39.0)
01:08:00.387 [JavaFX Application Thread] DEBUG PrimaryStageWindow   - Scaled size: 800.0 x 600.0
01:08:00.387 [JavaFX Application Thread] DEBUG PrimaryStageWindow   - Scaled ratio: (1.0, 1.0)
01:08:00.387 [JavaFX Application Thread] DEBUG PrimaryStageWindow   - Scene size: 800.0 x 600.0
01:08:00.387 [JavaFX Application Thread] DEBUG PrimaryStageWindow   - Stage size: 816.0 x 639.0
01:08:00.396 [FXGL Background Thread 1 ] DEBUG Engine               - Initializing environment variables
01:08:00.480 [FXGL Background Thread 1 ] DEBUG FXGLAssetLoaderServi - User app class for loading assets: class com.groupfour.mygame.App
01:08:00.480 [FXGL Background Thread 1 ] DEBUG GameApplicationServi - Applying CSS: fxgl_dark.css
01:08:00.481 [FXGL Background Thread 1 ] DEBUG FXGLAssetLoaderServi - Loading from file system: jar:file:///C:/Users/Cent/.m2/repository/com/github/almasb/fxgl/dev-SNAPSHOT/fxgl-dev-SNAPSHOT.jar!/fxglassets/ui/css/fxgl_dark.css
01:08:00.527 [FXGL Background Thread 1 ] DEBUG GameApplicationServi - Initializing application scenes
01:08:00.581 [FXGL Background Thread 1 ] DEBUG GameWorld            - Game world initialized
01:08:00.635 [FXGL Background Thread 1 ] DEBUG PhysicsWorld         - Physics world initialized: appHeight=600, physics.ppm=50.0
01:08:00.637 [FXGL Background Thread 1 ] DEBUG PhysicsWorld         - Using strategy: BRUTE_FORCE
01:08:00.640 [FXGL Background Thread 1 ] DEBUG GameScene            - Game scene initialized: 800x600
01:08:00.651 [FXGL Background Thread 1 ] DEBUG FXGL.DefaultMenu     - createMenuBodyMainMenu()
01:08:00.662 [FXGL Background Thread 1 ] DEBUG FXGL.DefaultMenu     - createOptionsMenu()
01:08:00.673 [FXGL Background Thread 1 ] DEBUG FXGLAssetLoaderServi - Loading from file system: jar:file:///C:/Users/Cent/.m2/repository/com/github/almasb/fxgl/dev-SNAPSHOT/fxgl-dev-SNAPSHOT.jar!/fxglassets/textures/particles/smoke.png
01:08:00.759 [FXGL Background Thread 1 ] DEBUG FXGLAssetLoaderServi - Loading from file system: jar:file:///C:/Users/Cent/.m2/repository/com/github/almasb/fxgl/dev-SNAPSHOT/fxgl-dev-SNAPSHOT.jar!/fxglassets/textures/particles/trace_horizontal.png
01:08:00.789 [FXGL Background Thread 1 ] DEBUG GameApplicationServi - Application scenes initialized
01:08:00.799 [FXGL Background Thread 1 ] DEBUG SystemBundleService  - Loading FXGL system data
01:08:00.803 [FXGL Background Thread 1 ] DEBUG FileSystemAccess     - Reading from: c:\Users\Cent\Desktop\CSS124L-LE\CSS124L-FinalExam\CSS124L-FINAL-PROJECT\system\fxgl.bundle
01:08:00.812 [FXGL Background Thread 1 ] DEBUG SystemBundleService  - Bundle FXGL: {}
01:08:00.812 [FXGL Background Thread 1 ] DEBUG UpdaterService       - Checking for updates
01:08:00.834 [FXGL Background Thread 4 ] DEBUG FXGLApplication      - Loading fonts
01:08:00.835 [FXGL Background Thread 4 ] DEBUG FXGLAssetLoaderServi - Loading from file system: jar:file:///C:/Users/Cent/.m2/repository/com/github/almasb/fxgl/dev-SNAPSHOT/fxgl-dev-SNAPSHOT.jar!/fxglassets/ui/fonts/VarelaRound-Regular.ttf
01:08:00.835 [FXGL Background Thread 1 ] DEBUG FXGLApplication      - Loading default localization
01:08:00.835 [FXGL Background Thread 1 ] DEBUG FXGLAssetLoaderServi - Loading from file system: jar:file:///C:/Users/Cent/.m2/repository/com/github/almasb/fxgl/dev-SNAPSHOT/fxgl-dev-SNAPSHOT.jar!/fxglassets/languages/english.lang
01:08:00.851 [FXGL Background Thread 1 ] INFO  FXGLApplication      - FXGL initialization took: 0.455 sec
01:08:00.865 [JavaFX Application Thread] DEBUG Input                - Registered new binding: Move Upwards - W
01:08:00.866 [JavaFX Application Thread] DEBUG Input                - Registered new binding: Move Down - S
01:08:00.866 [JavaFX Application Thread] DEBUG Input                - Registered new binding: Move Left - A
01:08:00.866 [JavaFX Application Thread] DEBUG Input                - Registered new binding: Move Right - D
01:08:00.866 [JavaFX Application Thread] DEBUG Input                - Registered new binding: Reload - R
01:08:00.867 [JavaFX Application Thread] DEBUG Input                - Registered new binding: Shoot - LMB
01:08:00.867 [JavaFX Application Thread] DEBUG Input                - Registered new binding: Switch Weapons - Q
01:08:00.867 [JavaFX Application Thread] DEBUG Input                - Registered new binding: Interact - F
01:08:00.868 [JavaFX Application Thread] DEBUG FXGLAssetLoaderServi - Loading from file system: jar:file:///C:/Users/Cent/.m2/repository/com/github/almasb/fxgl/dev-SNAPSHOT/fxgl-dev-SNAPSHOT.jar!/fxglassets/textures/fxgl_icon.png
01:08:00.871 [FXGL Background Thread 4 ] DEBUG FXGLAssetLoaderServi - Loading from file system: jar:file:///C:/Users/Cent/.m2/repository/com/github/almasb/fxgl/dev-SNAPSHOT/fxgl-dev-SNAPSHOT.jar!/fxglassets/ui/fonts/Abel-Regular.ttf
01:08:00.877 [FXGL Background Thread 4 ] DEBUG FXGLAssetLoaderServi - Loading from file system: jar:file:///C:/Users/Cent/.m2/repository/com/github/almasb/fxgl/dev-SNAPSHOT/fxgl-dev-SNAPSHOT.jar!/fxglassets/ui/fonts/lucida_console.ttf
01:08:00.883 [FXGL Background Thread 4 ] DEBUG FXGLAssetLoaderServi - Loading from file system: jar:file:///C:/Users/Cent/.m2/repository/com/github/almasb/fxgl/dev-SNAPSHOT/fxgl-dev-SNAPSHOT.jar!/fxglassets/ui/fonts/Courier-Prime.ttf
01:08:00.886 [JavaFX Application Thread] DEBUG FXGLAssetLoaderServi - Loading from file system: jar:file:///C:/Users/Cent/.m2/repository/com/github/almasb/fxgl/dev-SNAPSHOT/fxgl-dev-SNAPSHOT.jar!/fxglassets/textures/fxgl_default_cursor.png
01:08:00.889 [JavaFX Application Thread] DEBUG Input                - Registered new binding: Screenshot - CTRL+8
01:08:00.890 [JavaFX Application Thread] DEBUG Input                - Registered new binding: Dev Options - 1
01:08:00.890 [JavaFX Application Thread] DEBUG Input                - Registered new binding: Dev Console - 2
01:08:00.891 [JavaFX Application Thread] DEBUG Input                - Registered new binding: System info dump - CTRL+9
01:08:00.892 [JavaFX Application Thread] DEBUG Input                - Registered new binding: Restart - CTRL+R
01:08:00.893 [JavaFX Application Thread] DEBUG Input                - Registered new binding: Toggle Debug Camera - CTRL+C
01:08:00.897 [JavaFX Application Thread] DEBUG LoopRunner           - Starting loop
01:08:00.914 [JavaFX Application Thread] DEBUG LoopRunner           - Initializing JavaFX AnimationTimerLoop
01:08:00.916 [JavaFX Application Thread] DEBUG Input                - Clearing active input actions
01:08:00.923 [JavaFX Application Thread] DEBUG GameApplicationServi - Removing overlay from FXGLStartupScene and adding to FXGLMainMenuDummyScene
01:08:00.931 [JavaFX Application Thread] DEBUG PrimaryStageWindow   - FXGLStartupScene -> FXGLMainMenuDummyScene
01:08:00.932 [JavaFX Application Thread] DEBUG PrimaryStageWindow   - Push state: FXGLDefaultMenu
01:08:00.938 [JavaFX Application Thread] DEBUG Input                - Clearing active input actions
01:08:00.945 [JavaFX Application Thread] DEBUG GameApplicationServi - Removing overlay from FXGLMainMenuDummyScene and adding to FXGLDefaultMenu
01:08:00.945 [JavaFX Application Thread] DEBUG PrimaryStageWindow   - FXGLMainMenuDummyScene -> FXGLDefaultMenu
01:08:00.945 [JavaFX Application Thread] DEBUG FXGLApplication      - Registering font factories with UI factory
01:08:01.302 [FXGL Background Thread 2 ] INFO  UpdaterService       - Your current version:  dev-SNAPSHOT
01:08:01.303 [FXGL Background Thread 2 ] INFO  UpdaterService       - Latest stable version: 21.1
01:08:03.447 [JavaFX Application Thread] DEBUG Menu                 - fireNewGame()
01:08:03.447 [JavaFX Application Thread] DEBUG GameApplicationServi - Starting new game
01:08:03.449 [JavaFX Application Thread] DEBUG PrimaryStageWindow   - Pop state: FXGLDefaultMenu
01:08:03.449 [JavaFX Application Thread] DEBUG Input                - Clearing active input actions
01:08:03.451 [JavaFX Application Thread] DEBUG GameApplicationServi - Removing overlay from FXGLDefaultMenu and adding to FXGLMainMenuDummyScene
01:08:03.452 [JavaFX Application Thread] DEBUG PrimaryStageWindow   - FXGLMainMenuDummyScene <- FXGLDefaultMenu
01:08:03.452 [JavaFX Application Thread] DEBUG Input                - Clearing active input actions
01:08:03.457 [JavaFX Application Thread] DEBUG GameApplicationServi - Removing overlay from FXGLMainMenuDummyScene and adding to FXGLLoadingScene
01:08:03.457 [JavaFX Application Thread] DEBUG PrimaryStageWindow   - FXGLMainMenuDummyScene -> FXGLLoadingScene
01:08:03.458 [JavaFX Application Thread] DEBUG GameApplicationServi - Clearing previous game
01:08:03.458 [JavaFX Application Thread] DEBUG GameScene            - Clearing game scene
01:08:03.458 [JavaFX Application Thread] DEBUG GameWorld            - Clearing game world
01:08:03.458 [JavaFX Application Thread] DEBUG PhysicsWorld         - Clearing physics world
01:08:03.462 [FXGL Background Thread 2 ] DEBUG FXGLApplication      - Initializing game
01:08:03.521 [FXGL Background Thread 2 ] WARN  TMXLevelLoader       - TiledMap generated from 1.11.0. Supported version: 1.2.3. Some features may not be parsed fully.
01:08:03.529 [FXGL Background Thread 2 ] DEBUG TMXLevelLoader       - Parsed TiledMap: file:/C:/Users/Cent/Desktop/CSS124L-LE/CSS124L-FinalExam/CSS124L-FINAL-PROJECT/fp/target/classes/assets/levels/Lobby.tmx
01:08:03.529 [FXGL Background Thread 2 ] DEBUG TMXLevelLoader       - Creating tile layer entities
01:08:03.531 [FXGL Background Thread 2 ] DEBUG TilesetLoader        - Loading view for layer Tile Layer 1
01:08:03.532 [FXGL Background Thread 2 ] DEBUG TilesetLoader        - Created buffer with size 1280.0x768.0
01:08:03.538 [FXGL Background Thread 2 ] DEBUG TMXLevelLoader       - Creating object layer entities
01:08:03.560 [FXGL Background Thread 2 ] DEBUG GameWorld            - Clearing removable entities
01:08:03.560 [FXGL Background Thread 2 ] DEBUG GameWorld            - Setting level: com.almasb.fxgl.entity.level.Level@a536a3b
01:08:03.584 [FXGL Background Thread 2 ] INFO  FXGLApplication      - Game initialization took: 0.122 sec
01:08:03.590 [JavaFX Application Thread] DEBUG Input                - Clearing active input actions
01:08:03.595 [JavaFX Application Thread] DEBUG GameApplicationServi - Removing overlay from FXGLLoadingScene and adding to GameScene
01:08:03.597 [JavaFX Application Thread] DEBUG PrimaryStageWindow   - FXGLLoadingScene -> GameScene
01:08:03.600 [JavaFX Application Thread] DEBUG FXGLAssetLoaderServi - Loading from file system: file:/C:/Users/Cent/Desktop/CSS124L-LE/CSS124L-FinalExam/CSS124L-FINAL-PROJECT/fp/target/classes/assets/textures/Interactables/microwave_close.png
01:08:03.602 [JavaFX Application Thread] DEBUG PrimaryStageWindow   - Push state: PCM_BG
01:08:03.602 [JavaFX Application Thread] DEBUG Input                - Clearing active input actions
01:08:03.602 [JavaFX Application Thread] DEBUG GameApplicationServi - Removing overlay from GameScene and adding to PCM_BG
01:08:03.602 [JavaFX Application Thread] DEBUG PrimaryStageWindow   - GameScene -> PCM_BG
01:08:03.603 [JavaFX Application Thread] DEBUG PrimaryStageWindow   - Push state: PlayerCountMenu
01:08:03.603 [JavaFX Application Thread] DEBUG Input                - Clearing active input actions
01:08:03.603 [JavaFX Application Thread] DEBUG GameApplicationServi - Removing overlay from PCM_BG and adding to PlayerCountMenu
01:08:03.605 [JavaFX Application Thread] DEBUG PrimaryStageWindow   - PCM_BG -> PlayerCountMenu
01:08:03.834 [FXGL Background Thread 3 ] DEBUG Engine               - Logging environment variables
01:08:03.834 [FXGL Background Thread 3 ] DEBUG Engine               - achievements: []
01:08:03.834 [FXGL Background Thread 3 ] DEBUG Engine               - actualHeight: 600.0
01:08:03.834 [FXGL Background Thread 3 ] DEBUG Engine               - actualHeightProperty: ReadOnlyDoubleProperty [value: 600.0]
01:08:03.834 [FXGL Background Thread 3 ] DEBUG Engine               - actualWidth: 800.0
01:08:03.834 [FXGL Background Thread 3 ] DEBUG Engine               - actualWidthProperty: ReadOnlyDoubleProperty [value: 800.0]
01:08:03.834 [FXGL Background Thread 3 ] DEBUG Engine               - appIcon: fxgl_icon.png
01:08:03.835 [FXGL Background Thread 3 ] DEBUG Engine               - applicationMode: DEVELOPER
01:08:03.835 [FXGL Background Thread 3 ] DEBUG Engine               - cSSList: [fxgl_dark.css]
01:08:03.835 [FXGL Background Thread 3 ] DEBUG Engine               - collisionDetectionStrategy: BRUTE_FORCE
01:08:03.835 [FXGL Background Thread 3 ] DEBUG Engine               - configClass: Optional.empty
01:08:03.835 [FXGL Background Thread 3 ] DEBUG Engine               - credits: []
01:08:03.835 [FXGL Background Thread 3 ] DEBUG Engine               - defaultCursor: CursorInfo(imageName=fxgl_default_cursor.png, hotspotX=7.0, hotspotY=6.0)
01:08:03.835 [FXGL Background Thread 3 ] DEBUG Engine               - devBBoxColorProperty: ObjectProperty [value: 0xff0000ff]
01:08:03.835 [FXGL Background Thread 3 ] DEBUG Engine               - devEnableDebugCameraProperty: BooleanProperty [value: false]
01:08:03.835 [FXGL Background Thread 3 ] DEBUG Engine               - devSensorColorProperty: ObjectProperty [value: 0xffff00ff]
01:08:03.835 [FXGL Background Thread 3 ] DEBUG Engine               - devShowBBoxProperty: BooleanProperty [value: false]
01:08:03.835 [FXGL Background Thread 3 ] DEBUG Engine               - devShowPositionProperty: BooleanProperty [value: false]
01:08:03.835 [FXGL Background Thread 3 ] DEBUG Engine               - enabledMenuItems: []
01:08:03.835 [FXGL Background Thread 3 ] DEBUG Engine               - engineServices: [class com.almasb.fxgl.app.services.FXGLAssetLoaderService, class com.almasb.fxgl.app.FXGLApplication$GameApplicationService, class com.almasb.fxgl.app.services.FXGLDialogService, class com.almasb.fxgl.app.services.IOTaskExecutorService, class com.almasb.fxgl.io.FileSystemService, class com.almasb.fxgl.localization.LocalizationService, class com.almasb.fxgl.app.services.SystemBundleService, class com.almasb.fxgl.profile.SaveLoadService, class com.almasb.fxgl.ui.FXGLUIFactoryServiceProvider, class com.almasb.fxgl.ui.FXGLDialogFactoryServiceProvider, class com.almasb.fxgl.audio.AudioPlayer, class com.almasb.fxgl.notification.impl.NotificationServiceProvider, class com.almasb.fxgl.achievement.AchievementService, class com.almasb.fxgl.cutscene.CutsceneService, class com.almasb.fxgl.minigames.MiniGameService, class com.almasb.fxgl.net.NetService, class com.almasb.fxgl.app.services.UpdaterService, class com.almasb.fxgl.dev.DevService, class com.almasb.fxgl.multiplayer.MultiplayerService]
01:08:03.835 [FXGL Background Thread 3 ] DEBUG Engine               - fontGame: Abel-Regular.ttf
01:08:03.835 [FXGL Background Thread 3 ] DEBUG Engine               - fontMono: lucida_console.ttf
01:08:03.835 [FXGL Background Thread 3 ] DEBUG Engine               - fontText: Courier-Prime.ttf
01:08:03.835 [FXGL Background Thread 3 ] DEBUG Engine               - fontUI: VarelaRound-Regular.ttf
01:08:03.835 [FXGL Background Thread 3 ] DEBUG Engine               - fullScreen: BooleanProperty [value: false]
01:08:03.835 [FXGL Background Thread 3 ] DEBUG Engine               - gameDifficulty: MEDIUM
01:08:03.835 [FXGL Background Thread 3 ] DEBUG Engine               - gameDifficultyProperty: ObjectProperty [value: MEDIUM]
01:08:03.837 [FXGL Background Thread 3 ] DEBUG Engine               - globalMusicVolume: 0.5
01:08:03.837 [FXGL Background Thread 3 ] DEBUG Engine               - globalMusicVolumeProperty: DoubleProperty [value: 0.5]
01:08:03.837 [FXGL Background Thread 3 ] DEBUG Engine               - globalSoundVolume: 0.5
01:08:03.837 [FXGL Background Thread 3 ] DEBUG Engine               - globalSoundVolumeProperty: DoubleProperty [value: 0.5]
01:08:03.837 [FXGL Background Thread 3 ] DEBUG Engine               - height: 600
01:08:03.837 [FXGL Background Thread 3 ] DEBUG Engine               - is3D: false
01:08:03.837 [FXGL Background Thread 3 ] DEBUG Engine               - isAndroid: false
01:08:03.837 [FXGL Background Thread 3 ] DEBUG Engine               - isBrowser: false
01:08:03.837 [FXGL Background Thread 3 ] DEBUG Engine               - isClickFeedbackEnabled: false
01:08:03.837 [FXGL Background Thread 3 ] DEBUG Engine               - isCloseConfirmation: false
01:08:03.837 [FXGL Background Thread 3 ] DEBUG Engine               - isDesktop: true
01:08:03.837 [FXGL Background Thread 3 ] DEBUG Engine               - isDeveloperMenuEnabled: true
01:08:03.837 [FXGL Background Thread 3 ] DEBUG Engine               - isEmbedded: false
01:08:03.837 [FXGL Background Thread 3 ] DEBUG Engine               - isEntityPreloadEnabled: true
01:08:03.837 [FXGL Background Thread 3 ] DEBUG Engine               - isExperimentalTiledLargeMap: false
01:08:03.837 [FXGL Background Thread 3 ] DEBUG Engine               - isFileSystemWriteAllowed: true
01:08:03.837 [FXGL Background Thread 3 ] DEBUG Engine               - isFullScreenAllowed: false
01:08:03.837 [FXGL Background Thread 3 ] DEBUG Engine               - isFullScreenFromStart: false
01:08:03.837 [FXGL Background Thread 3 ] DEBUG Engine               - isGameMenuEnabled: true
01:08:03.837 [FXGL Background Thread 3 ] DEBUG Engine               - isIOS: false
01:08:03.837 [FXGL Background Thread 3 ] DEBUG Engine               - isIntroEnabled: false
01:08:03.837 [FXGL Background Thread 3 ] DEBUG Engine               - isLinux: false
01:08:03.837 [FXGL Background Thread 3 ] DEBUG Engine               - isMac: false
01:08:03.837 [FXGL Background Thread 3 ] DEBUG Engine               - isMainMenuEnabled: true
01:08:03.837 [FXGL Background Thread 3 ] DEBUG Engine               - isManualResizeEnabled: false
01:08:03.837 [FXGL Background Thread 3 ] DEBUG Engine               - isMobile: false
01:08:03.837 [FXGL Background Thread 3 ] DEBUG Engine               - isNative: false
01:08:03.838 [FXGL Background Thread 3 ] DEBUG Engine               - isPauseMusicWhenMinimized: true
01:08:03.838 [FXGL Background Thread 3 ] DEBUG Engine               - isPreserveResizeRatio: false
01:08:03.838 [FXGL Background Thread 3 ] DEBUG Engine               - isProfilingEnabled: false
01:08:03.838 [FXGL Background Thread 3 ] DEBUG Engine               - isScaleAffectedOnResize: true
01:08:03.838 [FXGL Background Thread 3 ] DEBUG Engine               - isSingleStep: false
01:08:03.838 [FXGL Background Thread 3 ] DEBUG Engine               - isUserProfileEnabled: false
01:08:03.838 [FXGL Background Thread 3 ] DEBUG Engine               - isWindows: true
01:08:03.838 [FXGL Background Thread 3 ] DEBUG Engine               - language: ObjectProperty [value: ENGLISH]
01:08:03.838 [FXGL Background Thread 3 ] DEBUG Engine               - menuKey: ESCAPE
01:08:03.838 [FXGL Background Thread 3 ] DEBUG Engine               - mouseSensitivity: 0.2
01:08:03.838 [FXGL Background Thread 3 ] DEBUG Engine               - notificationViewClass: class com.almasb.fxgl.notification.view.XboxNotificationView
01:08:03.838 [FXGL Background Thread 3 ] DEBUG Engine               - pixelsPerMeter: 50.0
01:08:03.838 [FXGL Background Thread 3 ] DEBUG Engine               - platform: WINDOWS
01:08:03.838 [FXGL Background Thread 3 ] DEBUG Engine               - prefHeightProperty: ReadOnlyDoubleProperty [value: 600.0]
01:08:03.838 [FXGL Background Thread 3 ] DEBUG Engine               - prefWidthProperty: ReadOnlyDoubleProperty [value: 800.0]
01:08:03.838 [FXGL Background Thread 3 ] DEBUG Engine               - profileDir: profiles/
01:08:03.838 [FXGL Background Thread 3 ] DEBUG Engine               - profileName: StringProperty [value: DEFAULT]
01:08:03.838 [FXGL Background Thread 3 ] DEBUG Engine               - randomSeed: -1
01:08:03.838 [FXGL Background Thread 3 ] DEBUG Engine               - runtimeInfo: RuntimeInfo(platform=WINDOWS, version=dev-SNAPSHOT, build=28.07.2021 16.39)
01:08:03.838 [FXGL Background Thread 3 ] DEBUG Engine               - saveFileExt: sav
01:08:03.838 [FXGL Background Thread 3 ] DEBUG Engine               - scaledHeightProp$fxgl: DoubleProperty [bound, value: 600.0]
01:08:03.838 [FXGL Background Thread 3 ] DEBUG Engine               - scaledWidthProp$fxgl: DoubleProperty [bound, value: 800.0]
01:08:03.838 [FXGL Background Thread 3 ] DEBUG Engine               - sceneFactory: com.groupfour.mygame.App$1@3d653a43
01:08:03.838 [FXGL Background Thread 3 ] DEBUG Engine               - secondsIn24h: 60
01:08:03.838 [FXGL Background Thread 3 ] DEBUG Engine               - soundMenuBack: menu/back.wav
01:08:03.838 [FXGL Background Thread 3 ] DEBUG Engine               - soundMenuPress: menu/press.wav
01:08:03.838 [FXGL Background Thread 3 ] DEBUG Engine               - soundMenuSelect: menu/select.wav
01:08:03.838 [FXGL Background Thread 3 ] DEBUG Engine               - soundNotification: core/notification.wav
01:08:03.838 [FXGL Background Thread 3 ] DEBUG Engine               - stageStyle: DECORATED
01:08:03.838 [FXGL Background Thread 3 ] DEBUG Engine               - supportedLanguages: [ENGLISH, FRENCH, GERMAN, HUNGARIAN, RUSSIAN]
01:08:03.838 [FXGL Background Thread 3 ] DEBUG Engine               - ticksPerSecond: -1
01:08:03.838 [FXGL Background Thread 3 ] DEBUG Engine               - title: Flatline: Oregon
01:08:03.838 [FXGL Background Thread 3 ] DEBUG Engine               - urlGithub: https://github.com/AlmasB/FXGL
01:08:03.838 [FXGL Background Thread 3 ] DEBUG Engine               - urlLeaderboard: http://fxgl-top.herokuapp.com/
01:08:03.838 [FXGL Background Thread 3 ] DEBUG Engine               - urlPOM: https://raw.githubusercontent.com/AlmasB/FXGL/release/README.md
01:08:03.838 [FXGL Background Thread 3 ] DEBUG Engine               - userAppClass: class com.groupfour.mygame.App
01:08:03.838 [FXGL Background Thread 3 ] DEBUG Engine               - version: Alpha 0.3
01:08:03.839 [FXGL Background Thread 3 ] DEBUG Engine               - versionCheckDays: 7
01:08:03.839 [FXGL Background Thread 3 ] DEBUG Engine               - width: 800
01:08:03.839 [FXGL Background Thread 3 ] DEBUG Engine               - Logging services
01:08:03.839 [FXGL Background Thread 3 ] DEBUG Engine               - class com.almasb.fxgl.app.services.FXGLAssetLoaderService
01:08:03.839 [FXGL Background Thread 3 ] DEBUG Engine               - class com.almasb.fxgl.app.FXGLApplication$GameApplicationService
01:08:03.839 [FXGL Background Thread 3 ] DEBUG Engine               - class com.almasb.fxgl.app.services.FXGLDialogService
01:08:03.839 [FXGL Background Thread 3 ] DEBUG Engine               - class com.almasb.fxgl.app.services.IOTaskExecutorService
01:08:03.839 [FXGL Background Thread 3 ] DEBUG Engine               - class com.almasb.fxgl.io.FileSystemService
01:08:03.839 [FXGL Background Thread 3 ] DEBUG Engine               - class com.almasb.fxgl.localization.LocalizationService
01:08:03.839 [FXGL Background Thread 3 ] DEBUG Engine               - class com.almasb.fxgl.app.services.SystemBundleService
01:08:03.839 [FXGL Background Thread 3 ] DEBUG Engine               - class com.almasb.fxgl.profile.SaveLoadService
01:08:03.839 [FXGL Background Thread 3 ] DEBUG Engine               - class com.almasb.fxgl.ui.FXGLUIFactoryServiceProvider
01:08:03.839 [FXGL Background Thread 3 ] DEBUG Engine               - class com.almasb.fxgl.ui.FXGLDialogFactoryServiceProvider
01:08:03.839 [FXGL Background Thread 3 ] DEBUG Engine               - class com.almasb.fxgl.audio.AudioPlayer
01:08:03.839 [FXGL Background Thread 3 ] DEBUG Engine               - class com.almasb.fxgl.notification.impl.NotificationServiceProvider
01:08:03.839 [FXGL Background Thread 3 ] DEBUG Engine               - class com.almasb.fxgl.achievement.AchievementService
01:08:03.839 [FXGL Background Thread 3 ] DEBUG Engine               - class com.almasb.fxgl.cutscene.CutsceneService
01:08:03.839 [FXGL Background Thread 3 ] DEBUG Engine               - class com.almasb.fxgl.minigames.MiniGameService
01:08:03.839 [FXGL Background Thread 3 ] DEBUG Engine               - class com.almasb.fxgl.net.NetService
01:08:03.839 [FXGL Background Thread 3 ] DEBUG Engine               - class com.almasb.fxgl.app.services.UpdaterService
01:08:03.839 [FXGL Background Thread 3 ] DEBUG Engine               - class com.almasb.fxgl.dev.DevService
01:08:03.839 [FXGL Background Thread 3 ] DEBUG Engine               - class com.almasb.fxgl.multiplayer.MultiplayerService
01:08:04.348 [JavaFX Application Thread] DEBUG FXGLAssetLoaderServi - Loading from file system: file:/C:/Users/Cent/Desktop/CSS124L-LE/CSS124L-FinalExam/CSS124L-FINAL-PROJECT/fp/target/classes/assets/textures/Weapons/Idle/BerettaM9_Idle.png
01:08:04.349 [JavaFX Application Thread] DEBUG FXGLAssetLoaderServi - Loading from file system: file:/C:/Users/Cent/Desktop/CSS124L-LE/CSS124L-FinalExam/CSS124L-FINAL-PROJECT/fp/target/classes/assets/textures/Weapons/Shooting/BerettaM9_Shooting.png
01:08:04.352 [JavaFX Application Thread] DEBUG FXGLAssetLoaderServi - Loading from file system: file:/C:/Users/Cent/Desktop/CSS124L-LE/CSS124L-FinalExam/CSS124L-FINAL-PROJECT/fp/target/classes/assets/textures/Players/1P_Shoot.png
01:08:04.356 [JavaFX Application Thread] DEBUG FXGLAssetLoaderServi - Loading from file system: file:/C:/Users/Cent/Desktop/CSS124L-LE/CSS124L-FinalExam/CSS124L-FINAL-PROJECT/fp/target/classes/assets/textures/Interactables/vending_machine.png
01:08:04.359 [JavaFX Application Thread] DEBUG PrimaryStageWindow   - Pop state: PlayerCountMenu
01:08:04.359 [JavaFX Application Thread] DEBUG Input                - Clearing active input actions
01:08:04.360 [JavaFX Application Thread] DEBUG GameApplicationServi - Removing overlay from PlayerCountMenu and adding to PCM_BG
01:08:04.360 [JavaFX Application Thread] DEBUG PrimaryStageWindow   - PCM_BG <- PlayerCountMenu
01:08:04.360 [JavaFX Application Thread] DEBUG PrimaryStageWindow   - Pop state: PCM_BG
01:08:04.360 [JavaFX Application Thread] DEBUG Input                - Clearing active input actions
01:08:04.360 [JavaFX Application Thread] DEBUG GameApplicationServi - Removing overlay from PCM_BG and adding to GameScene
01:08:04.360 [JavaFX Application Thread] DEBUG PrimaryStageWindow   - GameScene <- PCM_BG
01:08:04.450 [JavaFX Application Thread] DEBUG FXGLAssetLoaderServi - Loading from file system: file:/C:/Users/Cent/Desktop/CSS124L-LE/CSS124L-FinalExam/CSS124L-FINAL-PROJECT/fp/target/classes/assets/textures/Zombies/Basic_Zombie_Walking.png
01:08:04.453 [JavaFX Application Thread] DEBUG FXGLAssetLoaderServi - Loading from file system: file:/C:/Users/Cent/Desktop/CSS124L-LE/CSS124L-FinalExam/CSS124L-FINAL-PROJECT/fp/target/classes/assets/textures/Zombies/Basic_Zombie_Attack.png
01:08:05.372 [JavaFX Application Thread] DEBUG FXGLAssetLoaderServi - Loading from file system: file:/C:/Users/Cent/Desktop/CSS124L-LE/CSS124L-FinalExam/CSS124L-FINAL-PROJECT/fp/target/classes/assets/textures/Weapons/Idle/AK47_Idle.png
01:08:05.373 [JavaFX Application Thread] DEBUG FXGLAssetLoaderServi - Loading from file system: file:/C:/Users/Cent/Desktop/CSS124L-LE/CSS124L-FinalExam/CSS124L-FINAL-PROJECT/fp/target/classes/assets/textures/Weapons/Shooting/AK47_Shooting.png
01:08:05.374 [JavaFX Application Thread] DEBUG FXGLAssetLoaderServi - Loading from file system: file:/C:/Users/Cent/Desktop/CSS124L-LE/CSS124L-FinalExam/CSS124L-FINAL-PROJECT/fp/target/classes/assets/textures/Players/1P_Rifle_Shoot.png
01:08:06.287 [JavaFX Application Thread] DEBUG FXGLAssetLoaderServi - Loading from file system: file:/C:/Users/Cent/Desktop/CSS124L-LE/CSS124L-FinalExam/CSS124L-FINAL-PROJECT/fp/target/classes/assets/textures/Weapons/Idle/M16_Idle.png
01:08:06.288 [JavaFX Application Thread] DEBUG FXGLAssetLoaderServi - Loading from file system: file:/C:/Users/Cent/Desktop/CSS124L-LE/CSS124L-FinalExam/CSS124L-FINAL-PROJECT/fp/target/classes/assets/textures/Weapons/Shooting/M16_Shooting.png
01:08:28.145 [JavaFX Application Thread] DEBUG FXGLApplication      - Exiting FXGL
01:08:28.145 [JavaFX Application Thread] DEBUG LoopRunner           - Stopping loop
01:08:28.145 [JavaFX Application Thread] DEBUG SystemBundleService  - Saving FXGL system data
01:08:28.147 [JavaFX Application Thread] DEBUG FileSystemAccess     - Writing to: c:\Users\Cent\Desktop\CSS124L-LE\CSS124L-FinalExam\CSS124L-FINAL-PROJECT\system\fxgl.bundle
01:08:28.149 [JavaFX Application Thread] DEBUG Async                - Shutting down background threads
01:08:28.149 [JavaFX Application Thread] DEBUG PrimaryStageWindow   - Closing main window
01:08:28.166 [JavaFX Application Thread] DEBUG Logger               - Closing Logger
