12:26:14.373 [main                     ] DEBUG Logger               - Configured Logger
12:26:14.391 [main                     ] DEBUG GameApplication      - Logging settings
Title: Flatline: Oregon
Version: Alpha 0.3
Width: 800
Height: 600
Fullscreen: false
Intro: false
Profiling: false
Single step:false
App Mode: DEVELOPER
Menu Key: ESCAPE
Stage Style: DECORATED
Scene Factory: class com.groupfour.mygame.App$1

12:26:14.663 [JavaFX Application Thread] DEBUG FXGLApplication      - Initializing FXGL
12:26:14.664 [JavaFX Application Thread] INFO  Engine               - FXGL-dev-SNAPSHOT (28.07.2021 16.39) on WINDOWS (J:11.0.22 FX:16)
12:26:14.665 [JavaFX Application Thread] DEBUG Engine               - JRE Vendor Name: Oracle Corporation
12:26:14.665 [JavaFX Application Thread] DEBUG Engine               - Running on OS: Windows 11 version 10.0
12:26:14.665 [JavaFX Application Thread] DEBUG Engine               - Architecture: amd64
12:26:14.665 [JavaFX Application Thread] INFO  Engine               - Source code and latest versions at: https://github.com/AlmasB/FXGL
12:26:14.665 [JavaFX Application Thread] INFO  Engine               -              Join the FXGL chat at: https://gitter.im/AlmasB/FXGL
12:26:14.722 [JavaFX Application Thread] DEBUG PrimaryStageWindow   - Creating a JavaFX scene
12:26:14.759 [JavaFX Application Thread] DEBUG PrimaryStageWindow   - Target settings size: 800.0 x 600.0
12:26:14.759 [JavaFX Application Thread] DEBUG PrimaryStageWindow   - Scaled scene size:    800.0 x 600.0
12:26:14.760 [JavaFX Application Thread] DEBUG PrimaryStageWindow   - Scaled ratio: (1.0, 1.0)
12:26:14.760 [JavaFX Application Thread] DEBUG PrimaryStageWindow   - Set initial scene to FXGLStartupScene
12:26:14.764 [JavaFX Application Thread] DEBUG PrimaryStageWindow   - Opening main window
12:26:14.831 [JavaFX Application Thread] DEBUG PrimaryStageWindow   - Window border size: (14.4000244140625, 37.5999755859375)
12:26:14.831 [JavaFX Application Thread] DEBUG PrimaryStageWindow   - Scaled size: 800.0 x 600.0
12:26:14.831 [JavaFX Application Thread] DEBUG PrimaryStageWindow   - Scaled ratio: (1.0, 1.0)
12:26:14.831 [JavaFX Application Thread] DEBUG PrimaryStageWindow   - Scene size: 800.0 x 600.0
12:26:14.831 [JavaFX Application Thread] DEBUG PrimaryStageWindow   - Stage size: 814.4000244140625 x 637.5999755859375
12:26:14.836 [FXGL Background Thread 1 ] DEBUG Engine               - Initializing environment variables
12:26:14.869 [FXGL Background Thread 1 ] DEBUG FXGLAssetLoaderServi - User app class for loading assets: class com.groupfour.mygame.App
12:26:14.869 [FXGL Background Thread 1 ] DEBUG GameApplicationServi - Applying CSS: fxgl_dark.css
12:26:14.870 [FXGL Background Thread 1 ] DEBUG FXGLAssetLoaderServi - Loading from file system: jar:file:///C:/Users/acer/.m2/repository/com/github/almasb/fxgl/dev-SNAPSHOT/fxgl-dev-SNAPSHOT.jar!/fxglassets/ui/css/fxgl_dark.css
12:26:14.908 [FXGL Background Thread 1 ] DEBUG GameApplicationServi - Initializing application scenes
12:26:14.932 [FXGL Background Thread 1 ] DEBUG GameWorld            - Game world initialized
12:26:14.965 [FXGL Background Thread 1 ] DEBUG PhysicsWorld         - Physics world initialized: appHeight=600, physics.ppm=50.0
12:26:14.965 [FXGL Background Thread 1 ] DEBUG PhysicsWorld         - Using strategy: BRUTE_FORCE
12:26:14.967 [FXGL Background Thread 1 ] DEBUG GameScene            - Game scene initialized: 800x600
12:26:14.975 [FXGL Background Thread 1 ] DEBUG FXGL.DefaultMenu     - createMenuBodyMainMenu()
12:26:14.986 [FXGL Background Thread 1 ] DEBUG FXGL.DefaultMenu     - createOptionsMenu()
12:26:14.993 [FXGL Background Thread 1 ] DEBUG FXGLAssetLoaderServi - Loading from file system: jar:file:///C:/Users/acer/.m2/repository/com/github/almasb/fxgl/dev-SNAPSHOT/fxgl-dev-SNAPSHOT.jar!/fxglassets/textures/particles/smoke.png
12:26:15.064 [FXGL Background Thread 1 ] DEBUG FXGLAssetLoaderServi - Loading from file system: jar:file:///C:/Users/acer/.m2/repository/com/github/almasb/fxgl/dev-SNAPSHOT/fxgl-dev-SNAPSHOT.jar!/fxglassets/textures/particles/trace_horizontal.png
12:26:15.083 [FXGL Background Thread 1 ] DEBUG GameApplicationServi - Application scenes initialized
12:26:15.091 [FXGL Background Thread 1 ] DEBUG SystemBundleService  - Loading FXGL system data
12:26:15.094 [FXGL Background Thread 1 ] DEBUG FileSystemAccess     - Reading from: C:\Users\acer\OneDrive\Desktop\git pull\CSS124L-FINAL-PROJECT\system\fxgl.bundle
12:26:15.098 [FXGL Background Thread 1 ] DEBUG SystemBundleService  - Bundle FXGL: {}
12:26:15.098 [FXGL Background Thread 1 ] DEBUG UpdaterService       - Checking for updates
12:26:15.118 [FXGL Background Thread 4 ] DEBUG FXGLApplication      - Loading fonts
12:26:15.119 [FXGL Background Thread 1 ] DEBUG FXGLApplication      - Loading default localization
12:26:15.119 [FXGL Background Thread 4 ] DEBUG FXGLAssetLoaderServi - Loading from file system: jar:file:///C:/Users/acer/.m2/repository/com/github/almasb/fxgl/dev-SNAPSHOT/fxgl-dev-SNAPSHOT.jar!/fxglassets/ui/fonts/VarelaRound-Regular.ttf
12:26:15.120 [FXGL Background Thread 1 ] DEBUG FXGLAssetLoaderServi - Loading from file system: jar:file:///C:/Users/acer/.m2/repository/com/github/almasb/fxgl/dev-SNAPSHOT/fxgl-dev-SNAPSHOT.jar!/fxglassets/languages/english.lang
12:26:15.131 [FXGL Background Thread 1 ] INFO  FXGLApplication      - FXGL initialization took: 0.295 sec
12:26:15.140 [JavaFX Application Thread] DEBUG Input                - Registered new binding: Move Upwards - W
12:26:15.141 [JavaFX Application Thread] DEBUG Input                - Registered new binding: Move Down - S
12:26:15.141 [JavaFX Application Thread] DEBUG Input                - Registered new binding: Move Left - A
12:26:15.141 [JavaFX Application Thread] DEBUG Input                - Registered new binding: Move Right - D
12:26:15.141 [JavaFX Application Thread] DEBUG Input                - Registered new binding: Reload - R
12:26:15.141 [JavaFX Application Thread] DEBUG Input                - Registered new binding: Shoot - LMB
12:26:15.142 [JavaFX Application Thread] DEBUG Input                - Registered new binding: Switch Weapons - Q
12:26:15.142 [JavaFX Application Thread] DEBUG Input                - Registered new binding: Interact - F
12:26:15.142 [JavaFX Application Thread] DEBUG FXGLAssetLoaderServi - Loading from file system: jar:file:///C:/Users/acer/.m2/repository/com/github/almasb/fxgl/dev-SNAPSHOT/fxgl-dev-SNAPSHOT.jar!/fxglassets/textures/fxgl_icon.png
12:26:15.157 [JavaFX Application Thread] DEBUG FXGLAssetLoaderServi - Loading from file system: jar:file:///C:/Users/acer/.m2/repository/com/github/almasb/fxgl/dev-SNAPSHOT/fxgl-dev-SNAPSHOT.jar!/fxglassets/textures/fxgl_default_cursor.png
12:26:15.159 [JavaFX Application Thread] DEBUG Input                - Registered new binding: Screenshot - CTRL+8
12:26:15.159 [JavaFX Application Thread] DEBUG Input                - Registered new binding: Dev Options - 1
12:26:15.160 [JavaFX Application Thread] DEBUG Input                - Registered new binding: Dev Console - 2
12:26:15.160 [JavaFX Application Thread] DEBUG Input                - Registered new binding: System info dump - CTRL+9
12:26:15.161 [JavaFX Application Thread] DEBUG Input                - Registered new binding: Restart - CTRL+R
12:26:15.161 [JavaFX Application Thread] DEBUG Input                - Registered new binding: Toggle Debug Camera - CTRL+C
12:26:15.165 [JavaFX Application Thread] DEBUG LoopRunner           - Starting loop
12:26:15.176 [JavaFX Application Thread] DEBUG LoopRunner           - Initializing JavaFX AnimationTimerLoop
12:26:15.178 [JavaFX Application Thread] DEBUG Input                - Clearing active input actions
12:26:15.187 [JavaFX Application Thread] DEBUG GameApplicationServi - Removing overlay from FXGLStartupScene and adding to FXGLMainMenuDummyScene
12:26:15.189 [JavaFX Application Thread] DEBUG PrimaryStageWindow   - FXGLStartupScene -> FXGLMainMenuDummyScene
12:26:15.189 [JavaFX Application Thread] DEBUG PrimaryStageWindow   - Push state: FXGLDefaultMenu
12:26:15.192 [JavaFX Application Thread] DEBUG Input                - Clearing active input actions
12:26:15.197 [JavaFX Application Thread] DEBUG GameApplicationServi - Removing overlay from FXGLMainMenuDummyScene and adding to FXGLDefaultMenu
12:26:15.198 [JavaFX Application Thread] DEBUG PrimaryStageWindow   - FXGLMainMenuDummyScene -> FXGLDefaultMenu
12:26:15.480 [FXGL Background Thread 4 ] DEBUG FXGLAssetLoaderServi - Loading from file system: jar:file:///C:/Users/acer/.m2/repository/com/github/almasb/fxgl/dev-SNAPSHOT/fxgl-dev-SNAPSHOT.jar!/fxglassets/ui/fonts/Abel-Regular.ttf
12:26:15.484 [FXGL Background Thread 4 ] DEBUG FXGLAssetLoaderServi - Loading from file system: jar:file:///C:/Users/acer/.m2/repository/com/github/almasb/fxgl/dev-SNAPSHOT/fxgl-dev-SNAPSHOT.jar!/fxglassets/ui/fonts/lucida_console.ttf
12:26:15.491 [FXGL Background Thread 4 ] DEBUG FXGLAssetLoaderServi - Loading from file system: jar:file:///C:/Users/acer/.m2/repository/com/github/almasb/fxgl/dev-SNAPSHOT/fxgl-dev-SNAPSHOT.jar!/fxglassets/ui/fonts/Courier-Prime.ttf
12:26:15.499 [JavaFX Application Thread] DEBUG FXGLApplication      - Registering font factories with UI factory
12:26:15.776 [FXGL Background Thread 2 ] INFO  UpdaterService       - Your current version:  dev-SNAPSHOT
12:26:15.777 [FXGL Background Thread 2 ] INFO  UpdaterService       - Latest stable version: 21.1
12:26:15.813 [JavaFX Application Thread] DEBUG Menu                 - fireNewGame()
12:26:15.814 [JavaFX Application Thread] DEBUG GameApplicationServi - Starting new game
12:26:15.815 [JavaFX Application Thread] DEBUG PrimaryStageWindow   - Pop state: FXGLDefaultMenu
12:26:15.815 [JavaFX Application Thread] DEBUG Input                - Clearing active input actions
12:26:15.816 [JavaFX Application Thread] DEBUG GameApplicationServi - Removing overlay from FXGLDefaultMenu and adding to FXGLMainMenuDummyScene
12:26:15.818 [JavaFX Application Thread] DEBUG PrimaryStageWindow   - FXGLMainMenuDummyScene <- FXGLDefaultMenu
12:26:15.818 [JavaFX Application Thread] DEBUG Input                - Clearing active input actions
12:26:15.827 [JavaFX Application Thread] DEBUG GameApplicationServi - Removing overlay from FXGLMainMenuDummyScene and adding to FXGLLoadingScene
12:26:15.827 [JavaFX Application Thread] DEBUG PrimaryStageWindow   - FXGLMainMenuDummyScene -> FXGLLoadingScene
12:26:15.827 [JavaFX Application Thread] DEBUG GameApplicationServi - Clearing previous game
12:26:15.827 [JavaFX Application Thread] DEBUG GameScene            - Clearing game scene
12:26:15.827 [JavaFX Application Thread] DEBUG GameWorld            - Clearing game world
12:26:15.828 [JavaFX Application Thread] DEBUG PhysicsWorld         - Clearing physics world
12:26:15.829 [FXGL Background Thread 2 ] DEBUG FXGLApplication      - Initializing game
12:26:15.864 [FXGL Background Thread 2 ] WARN  TMXLevelLoader       - TiledMap generated from 1.11.0. Supported version: 1.2.3. Some features may not be parsed fully.
12:26:15.872 [FXGL Background Thread 2 ] DEBUG TMXLevelLoader       - Parsed TiledMap: file:/C:/Users/acer/OneDrive/Desktop/git%20pull/CSS124L-FINAL-PROJECT/fp/target/classes/assets/levels/Lobby.tmx
12:26:15.873 [FXGL Background Thread 2 ] DEBUG TMXLevelLoader       - Creating tile layer entities
12:26:15.874 [FXGL Background Thread 2 ] DEBUG TilesetLoader        - Loading view for layer Tile Layer 1
12:26:15.876 [FXGL Background Thread 2 ] DEBUG TilesetLoader        - Created buffer with size 1280.0x768.0
12:26:15.884 [FXGL Background Thread 2 ] DEBUG TMXLevelLoader       - Creating object layer entities
12:26:15.904 [FXGL Background Thread 2 ] DEBUG GameWorld            - Clearing removable entities
12:26:15.904 [FXGL Background Thread 2 ] DEBUG GameWorld            - Setting level: com.almasb.fxgl.entity.level.Level@109590ba
12:26:15.921 [FXGL Background Thread 2 ] INFO  FXGLApplication      - Game initialization took: 0.092 sec
12:26:15.925 [JavaFX Application Thread] DEBUG Input                - Clearing active input actions
12:26:15.930 [JavaFX Application Thread] DEBUG GameApplicationServi - Removing overlay from FXGLLoadingScene and adding to GameScene
12:26:15.931 [JavaFX Application Thread] DEBUG PrimaryStageWindow   - FXGLLoadingScene -> GameScene
12:26:15.934 [JavaFX Application Thread] DEBUG PrimaryStageWindow   - Push state: PlayerCountMenu
12:26:15.934 [JavaFX Application Thread] DEBUG Input                - Clearing active input actions
12:26:15.934 [JavaFX Application Thread] DEBUG GameApplicationServi - Removing overlay from GameScene and adding to PlayerCountMenu
12:26:15.935 [JavaFX Application Thread] DEBUG PrimaryStageWindow   - GameScene -> PlayerCountMenu
12:26:17.091 [JavaFX Application Thread] DEBUG FXGLAssetLoaderServi - Loading from file system: file:/C:/Users/acer/OneDrive/Desktop/git%20pull/CSS124L-FINAL-PROJECT/fp/target/classes/assets/textures/Weapons/Idle/BerettaM9_Idle.png
12:26:17.092 [JavaFX Application Thread] DEBUG FXGLAssetLoaderServi - Loading from file system: file:/C:/Users/acer/OneDrive/Desktop/git%20pull/CSS124L-FINAL-PROJECT/fp/target/classes/assets/textures/Weapons/Shooting/BerettaM9_Shooting.png
12:26:17.094 [JavaFX Application Thread] DEBUG FXGLAssetLoaderServi - Loading from file system: file:/C:/Users/acer/OneDrive/Desktop/git%20pull/CSS124L-FINAL-PROJECT/fp/target/classes/assets/textures/Players/1P_Shoot.png
12:26:17.097 [JavaFX Application Thread] DEBUG FXGLAssetLoaderServi - Loading from file system: file:/C:/Users/acer/OneDrive/Desktop/git%20pull/CSS124L-FINAL-PROJECT/fp/target/classes/assets/textures/Interactables/vending_machine.png
12:26:17.099 [JavaFX Application Thread] DEBUG FXGLAssetLoaderServi - Loading from file system: file:/C:/Users/acer/OneDrive/Desktop/git%20pull/CSS124L-FINAL-PROJECT/fp/target/classes/assets/textures/Interactables/microwave_close.png
12:26:17.100 [JavaFX Application Thread] DEBUG PrimaryStageWindow   - Pop state: PlayerCountMenu
12:26:17.100 [JavaFX Application Thread] DEBUG Input                - Clearing active input actions
12:26:17.101 [JavaFX Application Thread] DEBUG GameApplicationServi - Removing overlay from PlayerCountMenu and adding to GameScene
12:26:17.101 [JavaFX Application Thread] DEBUG PrimaryStageWindow   - GameScene <- PlayerCountMenu
12:26:17.169 [JavaFX Application Thread] DEBUG FXGLAssetLoaderServi - Loading from file system: file:/C:/Users/acer/OneDrive/Desktop/git%20pull/CSS124L-FINAL-PROJECT/fp/target/classes/assets/textures/Zombies/Basic_Zombie_Walking.png
12:26:17.171 [JavaFX Application Thread] DEBUG FXGLAssetLoaderServi - Loading from file system: file:/C:/Users/acer/OneDrive/Desktop/git%20pull/CSS124L-FINAL-PROJECT/fp/target/classes/assets/textures/Zombies/Basic_Zombie_Attack.png
12:26:17.177 [JavaFX Application Thread] WARN  Entity               - Entity already has component: com.groupfour.Components.AnimationComponents.ZombieAnimComp
12:26:18.118 [FXGL Background Thread 3 ] DEBUG Engine               - Logging environment variables
12:26:18.118 [FXGL Background Thread 3 ] DEBUG Engine               - achievements: []
12:26:18.118 [FXGL Background Thread 3 ] DEBUG Engine               - actualHeight: 600.0
12:26:18.118 [FXGL Background Thread 3 ] DEBUG Engine               - actualHeightProperty: ReadOnlyDoubleProperty [value: 600.0]
12:26:18.118 [FXGL Background Thread 3 ] DEBUG Engine               - actualWidth: 800.0
12:26:18.118 [FXGL Background Thread 3 ] DEBUG Engine               - actualWidthProperty: ReadOnlyDoubleProperty [value: 800.0]
12:26:18.118 [FXGL Background Thread 3 ] DEBUG Engine               - appIcon: fxgl_icon.png
12:26:18.118 [FXGL Background Thread 3 ] DEBUG Engine               - applicationMode: DEVELOPER
12:26:18.118 [FXGL Background Thread 3 ] DEBUG Engine               - cSSList: [fxgl_dark.css]
12:26:18.118 [FXGL Background Thread 3 ] DEBUG Engine               - collisionDetectionStrategy: BRUTE_FORCE
12:26:18.118 [FXGL Background Thread 3 ] DEBUG Engine               - configClass: Optional.empty
12:26:18.118 [FXGL Background Thread 3 ] DEBUG Engine               - credits: []
12:26:18.118 [FXGL Background Thread 3 ] DEBUG Engine               - defaultCursor: CursorInfo(imageName=fxgl_default_cursor.png, hotspotX=7.0, hotspotY=6.0)
12:26:18.119 [FXGL Background Thread 3 ] DEBUG Engine               - devBBoxColorProperty: ObjectProperty [value: 0xff0000ff]
12:26:18.119 [FXGL Background Thread 3 ] DEBUG Engine               - devEnableDebugCameraProperty: BooleanProperty [value: false]
12:26:18.119 [FXGL Background Thread 3 ] DEBUG Engine               - devSensorColorProperty: ObjectProperty [value: 0xffff00ff]
12:26:18.119 [FXGL Background Thread 3 ] DEBUG Engine               - devShowBBoxProperty: BooleanProperty [value: false]
12:26:18.119 [FXGL Background Thread 3 ] DEBUG Engine               - devShowPositionProperty: BooleanProperty [value: false]
12:26:18.119 [FXGL Background Thread 3 ] DEBUG Engine               - enabledMenuItems: []
12:26:18.119 [FXGL Background Thread 3 ] DEBUG Engine               - engineServices: [class com.almasb.fxgl.app.services.FXGLAssetLoaderService, class com.almasb.fxgl.app.FXGLApplication$GameApplicationService, class com.almasb.fxgl.app.services.FXGLDialogService, class com.almasb.fxgl.app.services.IOTaskExecutorService, class com.almasb.fxgl.io.FileSystemService, class com.almasb.fxgl.localization.LocalizationService, class com.almasb.fxgl.app.services.SystemBundleService, class com.almasb.fxgl.profile.SaveLoadService, class com.almasb.fxgl.ui.FXGLUIFactoryServiceProvider, class com.almasb.fxgl.ui.FXGLDialogFactoryServiceProvider, class com.almasb.fxgl.audio.AudioPlayer, class com.almasb.fxgl.notification.impl.NotificationServiceProvider, class com.almasb.fxgl.achievement.AchievementService, class com.almasb.fxgl.cutscene.CutsceneService, class com.almasb.fxgl.minigames.MiniGameService, class com.almasb.fxgl.net.NetService, class com.almasb.fxgl.app.services.UpdaterService, class com.almasb.fxgl.dev.DevService, class com.almasb.fxgl.multiplayer.MultiplayerService]
12:26:18.119 [FXGL Background Thread 3 ] DEBUG Engine               - fontGame: Abel-Regular.ttf
12:26:18.119 [FXGL Background Thread 3 ] DEBUG Engine               - fontMono: lucida_console.ttf
12:26:18.119 [FXGL Background Thread 3 ] DEBUG Engine               - fontText: Courier-Prime.ttf
12:26:18.119 [FXGL Background Thread 3 ] DEBUG Engine               - fontUI: VarelaRound-Regular.ttf
12:26:18.119 [FXGL Background Thread 3 ] DEBUG Engine               - fullScreen: BooleanProperty [value: false]
12:26:18.119 [FXGL Background Thread 3 ] DEBUG Engine               - gameDifficulty: MEDIUM
12:26:18.119 [FXGL Background Thread 3 ] DEBUG Engine               - gameDifficultyProperty: ObjectProperty [value: MEDIUM]
12:26:18.119 [FXGL Background Thread 3 ] DEBUG Engine               - globalMusicVolume: 0.5
12:26:18.119 [FXGL Background Thread 3 ] DEBUG Engine               - globalMusicVolumeProperty: DoubleProperty [value: 0.5]
12:26:18.119 [FXGL Background Thread 3 ] DEBUG Engine               - globalSoundVolume: 0.5
12:26:18.119 [FXGL Background Thread 3 ] DEBUG Engine               - globalSoundVolumeProperty: DoubleProperty [value: 0.5]
12:26:18.119 [FXGL Background Thread 3 ] DEBUG Engine               - height: 600
12:26:18.119 [FXGL Background Thread 3 ] DEBUG Engine               - is3D: false
12:26:18.119 [FXGL Background Thread 3 ] DEBUG Engine               - isAndroid: false
12:26:18.119 [FXGL Background Thread 3 ] DEBUG Engine               - isBrowser: false
12:26:18.119 [FXGL Background Thread 3 ] DEBUG Engine               - isClickFeedbackEnabled: false
12:26:18.119 [FXGL Background Thread 3 ] DEBUG Engine               - isCloseConfirmation: false
12:26:18.119 [FXGL Background Thread 3 ] DEBUG Engine               - isDesktop: true
12:26:18.119 [FXGL Background Thread 3 ] DEBUG Engine               - isDeveloperMenuEnabled: true
12:26:18.119 [FXGL Background Thread 3 ] DEBUG Engine               - isEmbedded: false
12:26:18.119 [FXGL Background Thread 3 ] DEBUG Engine               - isEntityPreloadEnabled: true
12:26:18.119 [FXGL Background Thread 3 ] DEBUG Engine               - isExperimentalTiledLargeMap: false
12:26:18.119 [FXGL Background Thread 3 ] DEBUG Engine               - isFileSystemWriteAllowed: true
12:26:18.119 [FXGL Background Thread 3 ] DEBUG Engine               - isFullScreenAllowed: false
12:26:18.119 [FXGL Background Thread 3 ] DEBUG Engine               - isFullScreenFromStart: false
12:26:18.119 [FXGL Background Thread 3 ] DEBUG Engine               - isGameMenuEnabled: true
12:26:18.119 [FXGL Background Thread 3 ] DEBUG Engine               - isIOS: false
12:26:18.119 [FXGL Background Thread 3 ] DEBUG Engine               - isIntroEnabled: false
12:26:18.120 [FXGL Background Thread 3 ] DEBUG Engine               - isLinux: false
12:26:18.120 [FXGL Background Thread 3 ] DEBUG Engine               - isMac: false
12:26:18.120 [FXGL Background Thread 3 ] DEBUG Engine               - isMainMenuEnabled: true
12:26:18.120 [FXGL Background Thread 3 ] DEBUG Engine               - isManualResizeEnabled: false
12:26:18.120 [FXGL Background Thread 3 ] DEBUG Engine               - isMobile: false
12:26:18.120 [FXGL Background Thread 3 ] DEBUG Engine               - isNative: false
12:26:18.120 [FXGL Background Thread 3 ] DEBUG Engine               - isPauseMusicWhenMinimized: true
12:26:18.120 [FXGL Background Thread 3 ] DEBUG Engine               - isPreserveResizeRatio: false
12:26:18.120 [FXGL Background Thread 3 ] DEBUG Engine               - isProfilingEnabled: false
12:26:18.120 [FXGL Background Thread 3 ] DEBUG Engine               - isScaleAffectedOnResize: true
12:26:18.120 [FXGL Background Thread 3 ] DEBUG Engine               - isSingleStep: false
12:26:18.120 [FXGL Background Thread 3 ] DEBUG Engine               - isUserProfileEnabled: false
12:26:18.120 [FXGL Background Thread 3 ] DEBUG Engine               - isWindows: true
12:26:18.120 [FXGL Background Thread 3 ] DEBUG Engine               - language: ObjectProperty [value: ENGLISH]
12:26:18.120 [FXGL Background Thread 3 ] DEBUG Engine               - menuKey: ESCAPE
12:26:18.120 [FXGL Background Thread 3 ] DEBUG Engine               - mouseSensitivity: 0.2
12:26:18.120 [FXGL Background Thread 3 ] DEBUG Engine               - notificationViewClass: class com.almasb.fxgl.notification.view.XboxNotificationView
12:26:18.120 [FXGL Background Thread 3 ] DEBUG Engine               - pixelsPerMeter: 50.0
12:26:18.120 [FXGL Background Thread 3 ] DEBUG Engine               - platform: WINDOWS
12:26:18.120 [FXGL Background Thread 3 ] DEBUG Engine               - prefHeightProperty: ReadOnlyDoubleProperty [value: 600.0]
12:26:18.120 [FXGL Background Thread 3 ] DEBUG Engine               - prefWidthProperty: ReadOnlyDoubleProperty [value: 800.0]
12:26:18.120 [FXGL Background Thread 3 ] DEBUG Engine               - profileDir: profiles/
12:26:18.120 [FXGL Background Thread 3 ] DEBUG Engine               - profileName: StringProperty [value: DEFAULT]
12:26:18.120 [FXGL Background Thread 3 ] DEBUG Engine               - randomSeed: -1
12:26:18.120 [FXGL Background Thread 3 ] DEBUG Engine               - runtimeInfo: RuntimeInfo(platform=WINDOWS, version=dev-SNAPSHOT, build=28.07.2021 16.39)
12:26:18.120 [FXGL Background Thread 3 ] DEBUG Engine               - saveFileExt: sav
12:26:18.120 [FXGL Background Thread 3 ] DEBUG Engine               - scaledHeightProp$fxgl: DoubleProperty [bound, value: 600.0]
12:26:18.120 [FXGL Background Thread 3 ] DEBUG Engine               - scaledWidthProp$fxgl: DoubleProperty [bound, value: 800.0]
12:26:18.121 [FXGL Background Thread 3 ] DEBUG Engine               - sceneFactory: com.groupfour.mygame.App$1@67060ef0
12:26:18.121 [FXGL Background Thread 3 ] DEBUG Engine               - secondsIn24h: 60
12:26:18.121 [FXGL Background Thread 3 ] DEBUG Engine               - soundMenuBack: menu/back.wav
12:26:18.121 [FXGL Background Thread 3 ] DEBUG Engine               - soundMenuPress: menu/press.wav
12:26:18.121 [FXGL Background Thread 3 ] DEBUG Engine               - soundMenuSelect: menu/select.wav
12:26:18.121 [FXGL Background Thread 3 ] DEBUG Engine               - soundNotification: core/notification.wav
12:26:18.121 [FXGL Background Thread 3 ] DEBUG Engine               - stageStyle: DECORATED
12:26:18.121 [FXGL Background Thread 3 ] DEBUG Engine               - supportedLanguages: [ENGLISH, FRENCH, GERMAN, HUNGARIAN, RUSSIAN]
12:26:18.121 [FXGL Background Thread 3 ] DEBUG Engine               - ticksPerSecond: -1
12:26:18.121 [FXGL Background Thread 3 ] DEBUG Engine               - title: Flatline: Oregon
12:26:18.121 [FXGL Background Thread 3 ] DEBUG Engine               - urlGithub: https://github.com/AlmasB/FXGL
12:26:18.121 [FXGL Background Thread 3 ] DEBUG Engine               - urlLeaderboard: http://fxgl-top.herokuapp.com/
12:26:18.121 [FXGL Background Thread 3 ] DEBUG Engine               - urlPOM: https://raw.githubusercontent.com/AlmasB/FXGL/release/README.md
12:26:18.121 [FXGL Background Thread 3 ] DEBUG Engine               - userAppClass: class com.groupfour.mygame.App
12:26:18.121 [FXGL Background Thread 3 ] DEBUG Engine               - version: Alpha 0.3
12:26:18.121 [FXGL Background Thread 3 ] DEBUG Engine               - versionCheckDays: 7
12:26:18.121 [FXGL Background Thread 3 ] DEBUG Engine               - width: 800
12:26:18.121 [FXGL Background Thread 3 ] DEBUG Engine               - Logging services
12:26:18.121 [FXGL Background Thread 3 ] DEBUG Engine               - class com.almasb.fxgl.app.services.FXGLAssetLoaderService
12:26:18.121 [FXGL Background Thread 3 ] DEBUG Engine               - class com.almasb.fxgl.app.FXGLApplication$GameApplicationService
12:26:18.121 [FXGL Background Thread 3 ] DEBUG Engine               - class com.almasb.fxgl.app.services.FXGLDialogService
12:26:18.121 [FXGL Background Thread 3 ] DEBUG Engine               - class com.almasb.fxgl.app.services.IOTaskExecutorService
12:26:18.121 [FXGL Background Thread 3 ] DEBUG Engine               - class com.almasb.fxgl.io.FileSystemService
12:26:18.121 [FXGL Background Thread 3 ] DEBUG Engine               - class com.almasb.fxgl.localization.LocalizationService
12:26:18.121 [FXGL Background Thread 3 ] DEBUG Engine               - class com.almasb.fxgl.app.services.SystemBundleService
12:26:18.121 [FXGL Background Thread 3 ] DEBUG Engine               - class com.almasb.fxgl.profile.SaveLoadService
12:26:18.121 [FXGL Background Thread 3 ] DEBUG Engine               - class com.almasb.fxgl.ui.FXGLUIFactoryServiceProvider
12:26:18.121 [FXGL Background Thread 3 ] DEBUG Engine               - class com.almasb.fxgl.ui.FXGLDialogFactoryServiceProvider
12:26:18.121 [FXGL Background Thread 3 ] DEBUG Engine               - class com.almasb.fxgl.audio.AudioPlayer
12:26:18.121 [FXGL Background Thread 3 ] DEBUG Engine               - class com.almasb.fxgl.notification.impl.NotificationServiceProvider
12:26:18.122 [FXGL Background Thread 3 ] DEBUG Engine               - class com.almasb.fxgl.achievement.AchievementService
12:26:18.122 [FXGL Background Thread 3 ] DEBUG Engine               - class com.almasb.fxgl.cutscene.CutsceneService
12:26:18.122 [FXGL Background Thread 3 ] DEBUG Engine               - class com.almasb.fxgl.minigames.MiniGameService
12:26:18.122 [FXGL Background Thread 3 ] DEBUG Engine               - class com.almasb.fxgl.net.NetService
12:26:18.122 [FXGL Background Thread 3 ] DEBUG Engine               - class com.almasb.fxgl.app.services.UpdaterService
12:26:18.122 [FXGL Background Thread 3 ] DEBUG Engine               - class com.almasb.fxgl.dev.DevService
12:26:18.122 [FXGL Background Thread 3 ] DEBUG Engine               - class com.almasb.fxgl.multiplayer.MultiplayerService
12:26:21.100 [JavaFX Application Thread] WARN  Entity               - Entity already has component: com.groupfour.Components.AnimationComponents.ZombieAnimComp
12:26:22.091 [JavaFX Application Thread] WARN  Entity               - Entity already has component: com.groupfour.Components.AnimationComponents.ZombieAnimComp
12:26:23.089 [JavaFX Application Thread] WARN  Entity               - Entity already has component: com.groupfour.Components.AnimationComponents.ZombieAnimComp
12:26:23.470 [JavaFX Application Thread] DEBUG FXGLApplication      - Exiting FXGL
12:26:23.470 [JavaFX Application Thread] DEBUG LoopRunner           - Stopping loop
12:26:23.470 [JavaFX Application Thread] DEBUG SystemBundleService  - Saving FXGL system data
12:26:23.473 [JavaFX Application Thread] DEBUG FileSystemAccess     - Writing to: C:\Users\acer\OneDrive\Desktop\git pull\CSS124L-FINAL-PROJECT\system\fxgl.bundle
12:26:23.475 [JavaFX Application Thread] DEBUG Async                - Shutting down background threads
12:26:23.475 [JavaFX Application Thread] DEBUG PrimaryStageWindow   - Closing main window
12:26:23.487 [JavaFX Application Thread] DEBUG Logger               - Closing Logger
