21:23:07.397 [main                     ] DEBUG Logger               - Configured Logger
21:23:07.434 [main                     ] DEBUG GameApplication      - Logging settings
Title: Flatline: Oregon
Version: Beta ?
Width: 800
Height: 600
Fullscreen: false
Intro: false
Profiling: false
Single step:false
App Mode: DEVELOPER
Menu Key: ESCAPE
Stage Style: DECORATED
Scene Factory: class com.groupfour.mygame.App$1

21:23:07.922 [JavaFX Application Thread] DEBUG FXGLApplication      - Initializing FXGL
21:23:07.926 [JavaFX Application Thread] INFO  Engine               - FXGL-dev-SNAPSHOT (28.07.2021 16.39) on WINDOWS (J:11.0.22 FX:16)
21:23:07.927 [JavaFX Application Thread] DEBUG Engine               - JRE Vendor Name: Oracle Corporation
21:23:07.928 [JavaFX Application Thread] DEBUG Engine               - Running on OS: Windows 11 version 10.0
21:23:07.928 [JavaFX Application Thread] DEBUG Engine               - Architecture: amd64
21:23:07.928 [JavaFX Application Thread] INFO  Engine               - Source code and latest versions at: https://github.com/AlmasB/FXGL
21:23:07.928 [JavaFX Application Thread] INFO  Engine               -              Join the FXGL chat at: https://gitter.im/AlmasB/FXGL
21:23:08.025 [JavaFX Application Thread] DEBUG PrimaryStageWindow   - Creating a JavaFX scene
21:23:08.097 [JavaFX Application Thread] DEBUG PrimaryStageWindow   - Target settings size: 800.0 x 600.0
21:23:08.098 [JavaFX Application Thread] DEBUG PrimaryStageWindow   - Scaled scene size:    800.0 x 600.0
21:23:08.098 [JavaFX Application Thread] DEBUG PrimaryStageWindow   - Scaled ratio: (1.0, 1.0)
21:23:08.099 [JavaFX Application Thread] DEBUG PrimaryStageWindow   - Set initial scene to FXGLStartupScene
21:23:08.108 [JavaFX Application Thread] DEBUG PrimaryStageWindow   - Opening main window
21:23:08.247 [JavaFX Application Thread] DEBUG PrimaryStageWindow   - Window border size: (14.4000244140625, 37.5999755859375)
21:23:08.247 [JavaFX Application Thread] DEBUG PrimaryStageWindow   - Scaled size: 800.0 x 600.0
21:23:08.247 [JavaFX Application Thread] DEBUG PrimaryStageWindow   - Scaled ratio: (1.0, 1.0)
21:23:08.247 [JavaFX Application Thread] DEBUG PrimaryStageWindow   - Scene size: 800.0 x 600.0
21:23:08.247 [JavaFX Application Thread] DEBUG PrimaryStageWindow   - Stage size: 814.4000244140625 x 637.5999755859375
21:23:08.255 [FXGL Background Thread 1 ] DEBUG Engine               - Initializing environment variables
21:23:08.311 [FXGL Background Thread 1 ] DEBUG FXGLAssetLoaderServi - User app class for loading assets: class com.groupfour.mygame.App
21:23:08.311 [FXGL Background Thread 1 ] DEBUG GameApplicationServi - Applying CSS: fxgl_dark.css
21:23:08.317 [FXGL Background Thread 1 ] DEBUG FXGLAssetLoaderServi - Loading from file system: jar:file:///C:/Users/acer/.m2/repository/com/github/almasb/fxgl/dev-SNAPSHOT/fxgl-dev-SNAPSHOT.jar!/fxglassets/ui/css/fxgl_dark.css
21:23:08.373 [FXGL Background Thread 1 ] DEBUG GameApplicationServi - Initializing application scenes
21:23:08.424 [FXGL Background Thread 1 ] DEBUG GameWorld            - Game world initialized
21:23:08.470 [FXGL Background Thread 1 ] DEBUG PhysicsWorld         - Physics world initialized: appHeight=600, physics.ppm=50.0
21:23:08.470 [FXGL Background Thread 1 ] DEBUG PhysicsWorld         - Using strategy: BRUTE_FORCE
21:23:08.473 [FXGL Background Thread 1 ] DEBUG GameScene            - Game scene initialized: 800x600
21:23:08.484 [FXGL Background Thread 1 ] DEBUG FXGL.DefaultMenu     - createMenuBodyMainMenu()
21:23:08.501 [FXGL Background Thread 1 ] DEBUG FXGL.DefaultMenu     - createOptionsMenu()
21:23:08.514 [FXGL Background Thread 1 ] DEBUG FXGLAssetLoaderServi - Loading from file system: jar:file:///C:/Users/acer/.m2/repository/com/github/almasb/fxgl/dev-SNAPSHOT/fxgl-dev-SNAPSHOT.jar!/fxglassets/textures/particles/smoke.png
21:23:08.619 [FXGL Background Thread 1 ] DEBUG FXGLAssetLoaderServi - Loading from file system: jar:file:///C:/Users/acer/.m2/repository/com/github/almasb/fxgl/dev-SNAPSHOT/fxgl-dev-SNAPSHOT.jar!/fxglassets/textures/particles/trace_horizontal.png
21:23:08.648 [FXGL Background Thread 1 ] DEBUG FXGLAssetLoaderServi - Loading from file system: file:/C:/Users/acer/OneDrive/Desktop/git%20pull/CSS124L-FINAL-PROJECT/fp/target/classes/assets/ui/fonts/PIXELADE.TTF
21:23:09.317 [FXGL Background Thread 1 ] DEBUG FXGLAssetLoaderServi - Loading from file system: file:/C:/Users/acer/OneDrive/Desktop/git%20pull/CSS124L-FINAL-PROJECT/fp/target/classes/assets/textures/spbtn.png
21:23:09.342 [FXGL Background Thread 1 ] DEBUG FXGLAssetLoaderServi - Loading from file system: file:/C:/Users/acer/OneDrive/Desktop/git%20pull/CSS124L-FINAL-PROJECT/fp/target/classes/assets/textures/mpbtn.png
21:23:09.349 [FXGL Background Thread 1 ] DEBUG FXGLAssetLoaderServi - Loading from file system: file:/C:/Users/acer/OneDrive/Desktop/git%20pull/CSS124L-FINAL-PROJECT/fp/target/classes/assets/textures/return.png
21:23:09.362 [FXGL Background Thread 1 ] DEBUG GameApplicationServi - Application scenes initialized
21:23:09.370 [FXGL Background Thread 1 ] DEBUG SystemBundleService  - Loading FXGL system data
21:23:09.374 [FXGL Background Thread 1 ] DEBUG FileSystemAccess     - Reading from: C:\Users\acer\OneDrive\Desktop\git pull\CSS124L-FINAL-PROJECT\system\fxgl.bundle
21:23:09.379 [FXGL Background Thread 1 ] DEBUG SystemBundleService  - Bundle FXGL: {}
21:23:09.379 [FXGL Background Thread 1 ] DEBUG UpdaterService       - Checking for updates
21:23:09.399 [FXGL Background Thread 4 ] DEBUG FXGLApplication      - Loading fonts
21:23:09.400 [FXGL Background Thread 1 ] DEBUG FXGLApplication      - Loading default localization
21:23:09.400 [FXGL Background Thread 4 ] DEBUG FXGLAssetLoaderServi - Loading from file system: jar:file:///C:/Users/acer/.m2/repository/com/github/almasb/fxgl/dev-SNAPSHOT/fxgl-dev-SNAPSHOT.jar!/fxglassets/ui/fonts/VarelaRound-Regular.ttf
21:23:09.401 [FXGL Background Thread 1 ] DEBUG FXGLAssetLoaderServi - Loading from file system: jar:file:///C:/Users/acer/.m2/repository/com/github/almasb/fxgl/dev-SNAPSHOT/fxgl-dev-SNAPSHOT.jar!/fxglassets/languages/english.lang
21:23:09.408 [FXGL Background Thread 4 ] DEBUG FXGLAssetLoaderServi - Loading from file system: jar:file:///C:/Users/acer/.m2/repository/com/github/almasb/fxgl/dev-SNAPSHOT/fxgl-dev-SNAPSHOT.jar!/fxglassets/ui/fonts/Abel-Regular.ttf
21:23:09.415 [FXGL Background Thread 1 ] INFO  FXGLApplication      - FXGL initialization took: 1.159 sec
21:23:09.416 [FXGL Background Thread 4 ] DEBUG FXGLAssetLoaderServi - Loading from file system: jar:file:///C:/Users/acer/.m2/repository/com/github/almasb/fxgl/dev-SNAPSHOT/fxgl-dev-SNAPSHOT.jar!/fxglassets/ui/fonts/lucida_console.ttf
21:23:09.428 [JavaFX Application Thread] DEBUG Input                - Registered new binding: Move Upwards - W
21:23:09.428 [JavaFX Application Thread] DEBUG Input                - Registered new binding: Move Down - S
21:23:09.428 [JavaFX Application Thread] DEBUG Input                - Registered new binding: Move Left - A
21:23:09.428 [JavaFX Application Thread] DEBUG Input                - Registered new binding: Move Right - D
21:23:09.428 [JavaFX Application Thread] DEBUG Input                - Registered new binding: Reload - R
21:23:09.429 [JavaFX Application Thread] DEBUG Input                - Registered new binding: Shoot - LMB
21:23:09.429 [JavaFX Application Thread] DEBUG Input                - Registered new binding: Switch Weapons - Q
21:23:09.429 [JavaFX Application Thread] DEBUG Input                - Registered new binding: Interact - F
21:23:09.430 [JavaFX Application Thread] DEBUG FXGLAssetLoaderServi - Loading from file system: file:/C:/Users/acer/OneDrive/Desktop/git%20pull/CSS124L-FINAL-PROJECT/fp/target/classes/assets/music/titleBGM.mp3
21:23:09.431 [FXGL Background Thread 4 ] DEBUG FXGLAssetLoaderServi - Loading from file system: jar:file:///C:/Users/acer/.m2/repository/com/github/almasb/fxgl/dev-SNAPSHOT/fxgl-dev-SNAPSHOT.jar!/fxglassets/ui/fonts/Courier-Prime.ttf
21:23:09.599 [JavaFX Application Thread] DEBUG AudioPlayer          - Playing music com.almasb.fxgl.audio.Music@6415e3f9
21:23:09.600 [JavaFX Application Thread] DEBUG FXGLAssetLoaderServi - Loading from file system: jar:file:///C:/Users/acer/.m2/repository/com/github/almasb/fxgl/dev-SNAPSHOT/fxgl-dev-SNAPSHOT.jar!/fxglassets/textures/fxgl_icon.png
21:23:09.607 [JavaFX Application Thread] DEBUG FXGLAssetLoaderServi - Loading from file system: jar:file:///C:/Users/acer/.m2/repository/com/github/almasb/fxgl/dev-SNAPSHOT/fxgl-dev-SNAPSHOT.jar!/fxglassets/textures/fxgl_default_cursor.png
21:23:09.609 [JavaFX Application Thread] DEBUG Input                - Registered new binding: Screenshot - CTRL+8
21:23:09.610 [JavaFX Application Thread] DEBUG Input                - Registered new binding: Dev Options - 1
21:23:09.610 [JavaFX Application Thread] DEBUG Input                - Registered new binding: Dev Console - 2
21:23:09.610 [JavaFX Application Thread] DEBUG Input                - Registered new binding: System info dump - CTRL+9
21:23:09.611 [JavaFX Application Thread] DEBUG Input                - Registered new binding: Restart - CTRL+R
21:23:09.611 [JavaFX Application Thread] DEBUG Input                - Registered new binding: Toggle Debug Camera - CTRL+C
21:23:09.612 [JavaFX Application Thread] DEBUG LoopRunner           - Starting loop
21:23:09.624 [JavaFX Application Thread] DEBUG LoopRunner           - Initializing JavaFX AnimationTimerLoop
21:23:09.631 [JavaFX Application Thread] DEBUG Input                - Clearing active input actions
21:23:09.654 [JavaFX Application Thread] DEBUG GameApplicationServi - Removing overlay from FXGLStartupScene and adding to FXGLMainMenuDummyScene
21:23:09.659 [JavaFX Application Thread] DEBUG PrimaryStageWindow   - FXGLStartupScene -> FXGLMainMenuDummyScene
21:23:09.659 [JavaFX Application Thread] DEBUG PrimaryStageWindow   - Push state: FXGLDefaultMenu
21:23:09.665 [JavaFX Application Thread] DEBUG Input                - Clearing active input actions
21:23:09.670 [JavaFX Application Thread] DEBUG GameApplicationServi - Removing overlay from FXGLMainMenuDummyScene and adding to FXGLDefaultMenu
21:23:09.670 [JavaFX Application Thread] DEBUG PrimaryStageWindow   - FXGLMainMenuDummyScene -> FXGLDefaultMenu
21:23:09.671 [JavaFX Application Thread] DEBUG FXGLApplication      - Registering font factories with UI factory
21:23:10.346 [FXGL Background Thread 2 ] INFO  UpdaterService       - Your current version:  dev-SNAPSHOT
21:23:10.347 [FXGL Background Thread 2 ] INFO  UpdaterService       - Latest stable version: 21.1
21:23:12.398 [FXGL Background Thread 3 ] DEBUG Engine               - Logging environment variables
21:23:12.399 [FXGL Background Thread 3 ] DEBUG Engine               - achievements: []
21:23:12.399 [FXGL Background Thread 3 ] DEBUG Engine               - actualHeight: 600.0
21:23:12.399 [FXGL Background Thread 3 ] DEBUG Engine               - actualHeightProperty: ReadOnlyDoubleProperty [value: 600.0]
21:23:12.399 [FXGL Background Thread 3 ] DEBUG Engine               - actualWidth: 800.0
21:23:12.399 [FXGL Background Thread 3 ] DEBUG Engine               - actualWidthProperty: ReadOnlyDoubleProperty [value: 800.0]
21:23:12.399 [FXGL Background Thread 3 ] DEBUG Engine               - appIcon: fxgl_icon.png
21:23:12.400 [FXGL Background Thread 3 ] DEBUG Engine               - applicationMode: DEVELOPER
21:23:12.400 [FXGL Background Thread 3 ] DEBUG Engine               - cSSList: [fxgl_dark.css]
21:23:12.400 [FXGL Background Thread 3 ] DEBUG Engine               - collisionDetectionStrategy: BRUTE_FORCE
21:23:12.400 [FXGL Background Thread 3 ] DEBUG Engine               - configClass: Optional.empty
21:23:12.400 [FXGL Background Thread 3 ] DEBUG Engine               - credits: []
21:23:12.401 [FXGL Background Thread 3 ] DEBUG Engine               - defaultCursor: CursorInfo(imageName=fxgl_default_cursor.png, hotspotX=7.0, hotspotY=6.0)
21:23:12.401 [FXGL Background Thread 3 ] DEBUG Engine               - devBBoxColorProperty: ObjectProperty [value: 0xff0000ff]
21:23:12.401 [FXGL Background Thread 3 ] DEBUG Engine               - devEnableDebugCameraProperty: BooleanProperty [value: false]
21:23:12.402 [FXGL Background Thread 3 ] DEBUG Engine               - devSensorColorProperty: ObjectProperty [value: 0xffff00ff]
21:23:12.402 [FXGL Background Thread 3 ] DEBUG Engine               - devShowBBoxProperty: BooleanProperty [value: false]
21:23:12.402 [FXGL Background Thread 3 ] DEBUG Engine               - devShowPositionProperty: BooleanProperty [value: false]
21:23:12.402 [FXGL Background Thread 3 ] DEBUG Engine               - enabledMenuItems: []
21:23:12.402 [FXGL Background Thread 3 ] DEBUG Engine               - engineServices: [class com.almasb.fxgl.app.services.FXGLAssetLoaderService, class com.almasb.fxgl.app.FXGLApplication$GameApplicationService, class com.almasb.fxgl.app.services.FXGLDialogService, class com.almasb.fxgl.app.services.IOTaskExecutorService, class com.almasb.fxgl.io.FileSystemService, class com.almasb.fxgl.localization.LocalizationService, class com.almasb.fxgl.app.services.SystemBundleService, class com.almasb.fxgl.profile.SaveLoadService, class com.almasb.fxgl.ui.FXGLUIFactoryServiceProvider, class com.almasb.fxgl.ui.FXGLDialogFactoryServiceProvider, class com.almasb.fxgl.audio.AudioPlayer, class com.almasb.fxgl.notification.impl.NotificationServiceProvider, class com.almasb.fxgl.achievement.AchievementService, class com.almasb.fxgl.cutscene.CutsceneService, class com.almasb.fxgl.minigames.MiniGameService, class com.almasb.fxgl.net.NetService, class com.almasb.fxgl.app.services.UpdaterService, class com.almasb.fxgl.dev.DevService, class com.almasb.fxgl.multiplayer.MultiplayerService]
21:23:12.402 [FXGL Background Thread 3 ] DEBUG Engine               - fontGame: Abel-Regular.ttf
21:23:12.402 [FXGL Background Thread 3 ] DEBUG Engine               - fontMono: lucida_console.ttf
21:23:12.402 [FXGL Background Thread 3 ] DEBUG Engine               - fontText: Courier-Prime.ttf
21:23:12.402 [FXGL Background Thread 3 ] DEBUG Engine               - fontUI: VarelaRound-Regular.ttf
21:23:12.403 [FXGL Background Thread 3 ] DEBUG Engine               - fullScreen: BooleanProperty [value: false]
21:23:12.403 [FXGL Background Thread 3 ] DEBUG Engine               - gameDifficulty: MEDIUM
21:23:12.403 [FXGL Background Thread 3 ] DEBUG Engine               - gameDifficultyProperty: ObjectProperty [value: MEDIUM]
21:23:12.403 [FXGL Background Thread 3 ] DEBUG Engine               - globalMusicVolume: 0.5
21:23:12.404 [FXGL Background Thread 3 ] DEBUG Engine               - globalMusicVolumeProperty: DoubleProperty [value: 0.5]
21:23:12.404 [FXGL Background Thread 3 ] DEBUG Engine               - globalSoundVolume: 0.5
21:23:12.404 [FXGL Background Thread 3 ] DEBUG Engine               - globalSoundVolumeProperty: DoubleProperty [value: 0.5]
21:23:12.404 [FXGL Background Thread 3 ] DEBUG Engine               - height: 600
21:23:12.405 [FXGL Background Thread 3 ] DEBUG Engine               - is3D: false
21:23:12.405 [FXGL Background Thread 3 ] DEBUG Engine               - isAndroid: false
21:23:12.405 [FXGL Background Thread 3 ] DEBUG Engine               - isBrowser: false
21:23:12.405 [FXGL Background Thread 3 ] DEBUG Engine               - isClickFeedbackEnabled: false
21:23:12.405 [FXGL Background Thread 3 ] DEBUG Engine               - isCloseConfirmation: false
21:23:12.406 [FXGL Background Thread 3 ] DEBUG Engine               - isDesktop: true
21:23:12.406 [FXGL Background Thread 3 ] DEBUG Engine               - isDeveloperMenuEnabled: true
21:23:12.406 [FXGL Background Thread 3 ] DEBUG Engine               - isEmbedded: false
21:23:12.406 [FXGL Background Thread 3 ] DEBUG Engine               - isEntityPreloadEnabled: true
21:23:12.406 [FXGL Background Thread 3 ] DEBUG Engine               - isExperimentalTiledLargeMap: false
21:23:12.406 [FXGL Background Thread 3 ] DEBUG Engine               - isFileSystemWriteAllowed: true
21:23:12.407 [FXGL Background Thread 3 ] DEBUG Engine               - isFullScreenAllowed: false
21:23:12.407 [FXGL Background Thread 3 ] DEBUG Engine               - isFullScreenFromStart: false
21:23:12.407 [FXGL Background Thread 3 ] DEBUG Engine               - isGameMenuEnabled: true
21:23:12.407 [FXGL Background Thread 3 ] DEBUG Engine               - isIOS: false
21:23:12.407 [FXGL Background Thread 3 ] DEBUG Engine               - isIntroEnabled: false
21:23:12.408 [FXGL Background Thread 3 ] DEBUG Engine               - isLinux: false
21:23:12.408 [FXGL Background Thread 3 ] DEBUG Engine               - isMac: false
21:23:12.408 [FXGL Background Thread 3 ] DEBUG Engine               - isMainMenuEnabled: true
21:23:12.408 [FXGL Background Thread 3 ] DEBUG Engine               - isManualResizeEnabled: false
21:23:12.408 [FXGL Background Thread 3 ] DEBUG Engine               - isMobile: false
21:23:12.408 [FXGL Background Thread 3 ] DEBUG Engine               - isNative: false
21:23:12.408 [FXGL Background Thread 3 ] DEBUG Engine               - isPauseMusicWhenMinimized: true
21:23:12.408 [FXGL Background Thread 3 ] DEBUG Engine               - isPreserveResizeRatio: false
21:23:12.409 [FXGL Background Thread 3 ] DEBUG Engine               - isProfilingEnabled: false
21:23:12.409 [FXGL Background Thread 3 ] DEBUG Engine               - isScaleAffectedOnResize: true
21:23:12.409 [FXGL Background Thread 3 ] DEBUG Engine               - isSingleStep: false
21:23:12.409 [FXGL Background Thread 3 ] DEBUG Engine               - isUserProfileEnabled: false
21:23:12.409 [FXGL Background Thread 3 ] DEBUG Engine               - isWindows: true
21:23:12.409 [FXGL Background Thread 3 ] DEBUG Engine               - language: ObjectProperty [value: ENGLISH]
21:23:12.409 [FXGL Background Thread 3 ] DEBUG Engine               - menuKey: ESCAPE
21:23:12.409 [FXGL Background Thread 3 ] DEBUG Engine               - mouseSensitivity: 0.2
21:23:12.409 [FXGL Background Thread 3 ] DEBUG Engine               - notificationViewClass: class com.almasb.fxgl.notification.view.XboxNotificationView
21:23:12.409 [FXGL Background Thread 3 ] DEBUG Engine               - pixelsPerMeter: 50.0
21:23:12.410 [FXGL Background Thread 3 ] DEBUG Engine               - platform: WINDOWS
21:23:12.410 [FXGL Background Thread 3 ] DEBUG Engine               - prefHeightProperty: ReadOnlyDoubleProperty [value: 600.0]
21:23:12.410 [FXGL Background Thread 3 ] DEBUG Engine               - prefWidthProperty: ReadOnlyDoubleProperty [value: 800.0]
21:23:12.410 [FXGL Background Thread 3 ] DEBUG Engine               - profileDir: profiles/
21:23:12.410 [FXGL Background Thread 3 ] DEBUG Engine               - profileName: StringProperty [value: DEFAULT]
21:23:12.410 [FXGL Background Thread 3 ] DEBUG Engine               - randomSeed: -1
21:23:12.410 [FXGL Background Thread 3 ] DEBUG Engine               - runtimeInfo: RuntimeInfo(platform=WINDOWS, version=dev-SNAPSHOT, build=28.07.2021 16.39)
21:23:12.410 [FXGL Background Thread 3 ] DEBUG Engine               - saveFileExt: sav
21:23:12.410 [FXGL Background Thread 3 ] DEBUG Engine               - scaledHeightProp$fxgl: DoubleProperty [bound, value: 600.0]
21:23:12.412 [FXGL Background Thread 3 ] DEBUG Engine               - scaledWidthProp$fxgl: DoubleProperty [bound, value: 800.0]
21:23:12.412 [FXGL Background Thread 3 ] DEBUG Engine               - sceneFactory: com.groupfour.mygame.App$1@7d45068b
21:23:12.412 [FXGL Background Thread 3 ] DEBUG Engine               - secondsIn24h: 60
21:23:12.412 [FXGL Background Thread 3 ] DEBUG Engine               - soundMenuBack: menu/back.wav
21:23:12.412 [FXGL Background Thread 3 ] DEBUG Engine               - soundMenuPress: titleSelect.mp3
21:23:12.412 [FXGL Background Thread 3 ] DEBUG Engine               - soundMenuSelect: menu/select.wav
21:23:12.412 [FXGL Background Thread 3 ] DEBUG Engine               - soundNotification: core/notification.wav
21:23:12.412 [FXGL Background Thread 3 ] DEBUG Engine               - stageStyle: DECORATED
21:23:12.412 [FXGL Background Thread 3 ] DEBUG Engine               - supportedLanguages: [ENGLISH, FRENCH, GERMAN, HUNGARIAN, RUSSIAN]
21:23:12.413 [FXGL Background Thread 3 ] DEBUG Engine               - ticksPerSecond: -1
21:23:12.413 [FXGL Background Thread 3 ] DEBUG Engine               - title: Flatline: Oregon
21:23:12.413 [FXGL Background Thread 3 ] DEBUG Engine               - urlGithub: https://github.com/AlmasB/FXGL
21:23:12.413 [FXGL Background Thread 3 ] DEBUG Engine               - urlLeaderboard: http://fxgl-top.herokuapp.com/
21:23:12.413 [FXGL Background Thread 3 ] DEBUG Engine               - urlPOM: https://raw.githubusercontent.com/AlmasB/FXGL/release/README.md
21:23:12.413 [FXGL Background Thread 3 ] DEBUG Engine               - userAppClass: class com.groupfour.mygame.App
21:23:12.413 [FXGL Background Thread 3 ] DEBUG Engine               - version: Beta ?
21:23:12.413 [FXGL Background Thread 3 ] DEBUG Engine               - versionCheckDays: 7
21:23:12.413 [FXGL Background Thread 3 ] DEBUG Engine               - width: 800
21:23:12.413 [FXGL Background Thread 3 ] DEBUG Engine               - Logging services
21:23:12.413 [FXGL Background Thread 3 ] DEBUG Engine               - class com.almasb.fxgl.app.services.FXGLAssetLoaderService
21:23:12.413 [FXGL Background Thread 3 ] DEBUG Engine               - class com.almasb.fxgl.app.FXGLApplication$GameApplicationService
21:23:12.413 [FXGL Background Thread 3 ] DEBUG Engine               - class com.almasb.fxgl.app.services.FXGLDialogService
21:23:12.413 [FXGL Background Thread 3 ] DEBUG Engine               - class com.almasb.fxgl.app.services.IOTaskExecutorService
21:23:12.413 [FXGL Background Thread 3 ] DEBUG Engine               - class com.almasb.fxgl.io.FileSystemService
21:23:12.413 [FXGL Background Thread 3 ] DEBUG Engine               - class com.almasb.fxgl.localization.LocalizationService
21:23:12.413 [FXGL Background Thread 3 ] DEBUG Engine               - class com.almasb.fxgl.app.services.SystemBundleService
21:23:12.413 [FXGL Background Thread 3 ] DEBUG Engine               - class com.almasb.fxgl.profile.SaveLoadService
21:23:12.413 [FXGL Background Thread 3 ] DEBUG Engine               - class com.almasb.fxgl.ui.FXGLUIFactoryServiceProvider
21:23:12.415 [FXGL Background Thread 3 ] DEBUG Engine               - class com.almasb.fxgl.ui.FXGLDialogFactoryServiceProvider
21:23:12.415 [FXGL Background Thread 3 ] DEBUG Engine               - class com.almasb.fxgl.audio.AudioPlayer
21:23:12.415 [FXGL Background Thread 3 ] DEBUG Engine               - class com.almasb.fxgl.notification.impl.NotificationServiceProvider
21:23:12.415 [FXGL Background Thread 3 ] DEBUG Engine               - class com.almasb.fxgl.achievement.AchievementService
21:23:12.415 [FXGL Background Thread 3 ] DEBUG Engine               - class com.almasb.fxgl.cutscene.CutsceneService
21:23:12.416 [FXGL Background Thread 3 ] DEBUG Engine               - class com.almasb.fxgl.minigames.MiniGameService
21:23:12.416 [FXGL Background Thread 3 ] DEBUG Engine               - class com.almasb.fxgl.net.NetService
21:23:12.416 [FXGL Background Thread 3 ] DEBUG Engine               - class com.almasb.fxgl.app.services.UpdaterService
21:23:12.416 [FXGL Background Thread 3 ] DEBUG Engine               - class com.almasb.fxgl.dev.DevService
21:23:12.416 [FXGL Background Thread 3 ] DEBUG Engine               - class com.almasb.fxgl.multiplayer.MultiplayerService
21:23:18.969 [JavaFX Application Thread] DEBUG Menu                 - fireNewGame()
21:23:18.969 [JavaFX Application Thread] DEBUG GameApplicationServi - Starting new game
21:23:18.972 [JavaFX Application Thread] DEBUG PrimaryStageWindow   - Pop state: FXGLDefaultMenu
21:23:18.972 [JavaFX Application Thread] DEBUG Input                - Clearing active input actions
21:23:18.974 [JavaFX Application Thread] DEBUG GameApplicationServi - Removing overlay from FXGLDefaultMenu and adding to FXGLMainMenuDummyScene
21:23:18.975 [JavaFX Application Thread] DEBUG PrimaryStageWindow   - FXGLMainMenuDummyScene <- FXGLDefaultMenu
21:23:18.975 [JavaFX Application Thread] DEBUG Input                - Clearing active input actions
21:23:18.982 [JavaFX Application Thread] DEBUG GameApplicationServi - Removing overlay from FXGLMainMenuDummyScene and adding to FXGLLoadingScene
21:23:18.982 [JavaFX Application Thread] DEBUG PrimaryStageWindow   - FXGLMainMenuDummyScene -> FXGLLoadingScene
21:23:18.982 [JavaFX Application Thread] DEBUG GameApplicationServi - Clearing previous game
21:23:18.983 [JavaFX Application Thread] DEBUG GameScene            - Clearing game scene
21:23:18.983 [JavaFX Application Thread] DEBUG GameWorld            - Clearing game world
21:23:18.983 [JavaFX Application Thread] DEBUG PhysicsWorld         - Clearing physics world
21:23:18.984 [FXGL Background Thread 2 ] DEBUG FXGLApplication      - Initializing game
21:23:19.042 [FXGL Background Thread 2 ] WARN  TMXLevelLoader       - TiledMap generated from 1.11.0. Supported version: 1.2.3. Some features may not be parsed fully.
21:23:19.053 [FXGL Background Thread 2 ] DEBUG TMXLevelLoader       - Parsed TiledMap: file:/C:/Users/acer/OneDrive/Desktop/git%20pull/CSS124L-FINAL-PROJECT/fp/target/classes/assets/levels/Lobby.tmx
21:23:19.055 [FXGL Background Thread 2 ] DEBUG TMXLevelLoader       - Creating tile layer entities
21:23:19.056 [FXGL Background Thread 2 ] DEBUG TilesetLoader        - Loading view for layer Tile Layer 1
21:23:19.060 [FXGL Background Thread 2 ] DEBUG TilesetLoader        - Created buffer with size 1280.0x768.0
21:23:19.073 [FXGL Background Thread 2 ] DEBUG TMXLevelLoader       - Creating object layer entities
21:23:19.088 [FXGL Background Thread 2 ] DEBUG GameWorld            - Clearing removable entities
21:23:19.089 [FXGL Background Thread 2 ] DEBUG GameWorld            - Setting level: com.almasb.fxgl.entity.level.Level@1914e4c4
21:23:19.105 [FXGL Background Thread 2 ] INFO  FXGLApplication      - Game initialization took: 0.120 sec
21:23:19.110 [JavaFX Application Thread] DEBUG Input                - Clearing active input actions
21:23:19.114 [JavaFX Application Thread] DEBUG GameApplicationServi - Removing overlay from FXGLLoadingScene and adding to GameScene
21:23:19.118 [JavaFX Application Thread] DEBUG PrimaryStageWindow   - FXGLLoadingScene -> GameScene
21:23:19.123 [JavaFX Application Thread] DEBUG FXGLAssetLoaderServi - Loading from file system: file:/C:/Users/acer/OneDrive/Desktop/git%20pull/CSS124L-FINAL-PROJECT/fp/target/classes/assets/textures/Interactables/microwave_close.png
21:23:19.125 [JavaFX Application Thread] DEBUG PrimaryStageWindow   - Push state: PCM_BG
21:23:19.125 [JavaFX Application Thread] DEBUG Input                - Clearing active input actions
21:23:19.125 [JavaFX Application Thread] DEBUG GameApplicationServi - Removing overlay from GameScene and adding to PCM_BG
21:23:19.126 [JavaFX Application Thread] DEBUG PrimaryStageWindow   - GameScene -> PCM_BG
21:23:19.133 [JavaFX Application Thread] DEBUG PrimaryStageWindow   - Push state: PlayerCountMenu
21:23:19.133 [JavaFX Application Thread] DEBUG Input                - Clearing active input actions
21:23:19.133 [JavaFX Application Thread] DEBUG GameApplicationServi - Removing overlay from PCM_BG and adding to PlayerCountMenu
21:23:19.140 [JavaFX Application Thread] DEBUG PrimaryStageWindow   - PCM_BG -> PlayerCountMenu
21:23:20.273 [JavaFX Application Thread] DEBUG PrimaryStageWindow   - Push state: DialogSubScene
21:23:20.273 [JavaFX Application Thread] DEBUG Input                - Clearing active input actions
21:23:20.274 [JavaFX Application Thread] DEBUG GameApplicationServi - Removing overlay from PlayerCountMenu and adding to DialogSubScene
21:23:20.275 [JavaFX Application Thread] DEBUG PrimaryStageWindow   - PlayerCountMenu -> DialogSubScene
21:23:21.002 [JavaFX Application Thread] DEBUG PrimaryStageWindow   - Pop state: DialogSubScene
21:23:21.002 [JavaFX Application Thread] DEBUG Input                - Clearing active input actions
21:23:21.003 [JavaFX Application Thread] DEBUG GameApplicationServi - Removing overlay from DialogSubScene and adding to PlayerCountMenu
21:23:21.004 [JavaFX Application Thread] DEBUG PrimaryStageWindow   - PlayerCountMenu <- DialogSubScene
21:23:21.017 [JavaFX Application Thread] DEBUG FXGLAssetLoaderServi - Loading from file system: file:/C:/Users/acer/OneDrive/Desktop/git%20pull/CSS124L-FINAL-PROJECT/fp/target/classes/assets/sounds/Reload.mp3
21:23:21.027 [JavaFX Application Thread] DEBUG FXGLAssetLoaderServi - Loading from file system: file:/C:/Users/acer/OneDrive/Desktop/git%20pull/CSS124L-FINAL-PROJECT/fp/target/classes/assets/sounds/BerettaM9_Shoot.mp3
21:23:21.034 [JavaFX Application Thread] DEBUG FXGLAssetLoaderServi - Loading from file system: file:/C:/Users/acer/OneDrive/Desktop/git%20pull/CSS124L-FINAL-PROJECT/fp/target/classes/assets/textures/Weapons/Idle/BerettaM9_Idle.png
21:23:21.035 [JavaFX Application Thread] DEBUG FXGLAssetLoaderServi - Loading from file system: file:/C:/Users/acer/OneDrive/Desktop/git%20pull/CSS124L-FINAL-PROJECT/fp/target/classes/assets/textures/Weapons/Shooting/BerettaM9_Shooting.png
21:23:21.039 [JavaFX Application Thread] DEBUG FXGLAssetLoaderServi - Loading from file system: file:/C:/Users/acer/OneDrive/Desktop/git%20pull/CSS124L-FINAL-PROJECT/fp/target/classes/assets/textures/Players/1P_Shoot.png
21:23:21.044 [JavaFX Application Thread] DEBUG FXGLAssetLoaderServi - Loading from file system: file:/C:/Users/acer/OneDrive/Desktop/git%20pull/CSS124L-FINAL-PROJECT/fp/target/classes/assets/textures/Interactables/vending_machine.png
21:23:21.054 [JavaFX Application Thread] DEBUG PrimaryStageWindow   - Push state: LoadingScreen
21:23:21.054 [JavaFX Application Thread] DEBUG Input                - Clearing active input actions
21:23:21.054 [JavaFX Application Thread] DEBUG GameApplicationServi - Removing overlay from PlayerCountMenu and adding to LoadingScreen
21:23:21.054 [JavaFX Application Thread] DEBUG PrimaryStageWindow   - PlayerCountMenu -> LoadingScreen
21:23:21.065 [ServerAsyncConnThread    ] DEBUG TCPServer            - Starting to listen at: 55555 type: class com.almasb.fxgl.core.serialization.Bundle
21:23:23.216 [ServerAsyncConnThread    ] DEBUG Endpoint             - TCPServer opening new connection (1) from /127.0.0.1:56483 type: class com.almasb.fxgl.core.serialization.Bundle
21:23:23.226 [ServerAsyncConnThread    ] DEBUG Endpoint             - TCPServer successfully opened connection (1)
21:23:23.248 [JavaFX Application Thread] DEBUG PrimaryStageWindow   - Pop state: LoadingScreen
21:23:23.248 [JavaFX Application Thread] DEBUG Input                - Clearing active input actions
21:23:23.254 [JavaFX Application Thread] DEBUG GameApplicationServi - Removing overlay from LoadingScreen and adding to PlayerCountMenu
21:23:23.256 [JavaFX Application Thread] DEBUG PrimaryStageWindow   - PlayerCountMenu <- LoadingScreen
21:23:23.256 [JavaFX Application Thread] DEBUG PrimaryStageWindow   - Push state: MultiplayerStart
21:23:23.256 [JavaFX Application Thread] DEBUG Input                - Clearing active input actions
21:23:23.256 [JavaFX Application Thread] DEBUG GameApplicationServi - Removing overlay from PlayerCountMenu and adding to MultiplayerStart
21:23:23.257 [JavaFX Application Thread] DEBUG PrimaryStageWindow   - PlayerCountMenu -> MultiplayerStart
21:23:23.298 [TCPServer_SendThread-1   ] DEBUG Writers              - Getting TCPMessageWriter for class com.almasb.fxgl.core.serialization.Bundle
21:23:23.299 [TCPServer_RecvThread-1   ] DEBUG Readers              - Getting TCPMessageReader for class com.almasb.fxgl.core.serialization.Bundle
21:23:23.300 [TCPServer_RecvThread-1   ] DEBUG Readers              - Constructed MessageReader for class com.almasb.fxgl.core.serialization.Bundle: BundleTCPMessageReader
21:23:23.300 [TCPServer_SendThread-1   ] DEBUG Writers              - Constructed TCPMessageWriter for class com.almasb.fxgl.core.serialization.Bundle: BundleTCPMessageWriter
21:23:24.629 [JavaFX Application Thread] DEBUG LoopRunner           - Stopping loop
21:23:24.630 [JavaFX Application Thread] FATAL FXGLApplication      - Uncaught Exception:
java.lang.NullPointerException
	at com.groupfour.mygame/com.groupfour.mygame.App.lambda$17(App.java:387)
	at java.base/java.util.ArrayList.forEach(ArrayList.java:1541)
	at com.groupfour.mygame/com.groupfour.mygame.App.onServer(App.java:386)
	at com.groupfour.mygame/com.groupfour.mygame.App.lambda$14(App.java:345)
	at javafx.base/com.sun.javafx.event.CompositeEventHandler.dispatchBubblingEvent(CompositeEventHandler.java:86)
	at javafx.base/com.sun.javafx.event.EventHandlerManager.dispatchBubblingEvent(EventHandlerManager.java:234)
	at javafx.base/com.sun.javafx.event.EventHandlerManager.dispatchBubblingEvent(EventHandlerManager.java:191)
	at javafx.base/com.sun.javafx.event.CompositeEventDispatcher.dispatchBubblingEvent(CompositeEventDispatcher.java:59)
	at javafx.base/com.sun.javafx.event.BasicEventDispatcher.dispatchEvent(BasicEventDispatcher.java:58)
	at javafx.base/com.sun.javafx.event.EventDispatchChainImpl.dispatchEvent(EventDispatchChainImpl.java:114)
	at javafx.base/com.sun.javafx.event.BasicEventDispatcher.dispatchEvent(BasicEventDispatcher.java:56)
	at javafx.base/com.sun.javafx.event.EventDispatchChainImpl.dispatchEvent(EventDispatchChainImpl.java:114)
	at javafx.base/com.sun.javafx.event.BasicEventDispatcher.dispatchEvent(BasicEventDispatcher.java:56)
	at javafx.base/com.sun.javafx.event.EventDispatchChainImpl.dispatchEvent(EventDispatchChainImpl.java:114)
	at javafx.base/com.sun.javafx.event.EventUtil.fireEventImpl(EventUtil.java:74)
	at javafx.base/com.sun.javafx.event.EventUtil.fireEvent(EventUtil.java:49)
	at javafx.base/javafx.event.Event.fireEvent(Event.java:198)
	at javafx.graphics/javafx.scene.Node.fireEvent(Node.java:8889)
	at javafx.controls/javafx.scene.control.Button.fire(Button.java:203)
	at javafx.controls/com.sun.javafx.scene.control.behavior.ButtonBehavior.mouseReleased(ButtonBehavior.java:208)
	at javafx.controls/com.sun.javafx.scene.control.inputmap.InputMap.handle(InputMap.java:274)
	at javafx.base/com.sun.javafx.event.CompositeEventHandler$NormalEventHandlerRecord.handleBubblingEvent(CompositeEventHandler.java:247)
	at javafx.base/com.sun.javafx.event.CompositeEventHandler.dispatchBubblingEvent(CompositeEventHandler.java:80)
	at javafx.base/com.sun.javafx.event.EventHandlerManager.dispatchBubblingEvent(EventHandlerManager.java:234)
	at javafx.base/com.sun.javafx.event.EventHandlerManager.dispatchBubblingEvent(EventHandlerManager.java:191)
	at javafx.base/com.sun.javafx.event.CompositeEventDispatcher.dispatchBubblingEvent(CompositeEventDispatcher.java:59)
	at javafx.base/com.sun.javafx.event.BasicEventDispatcher.dispatchEvent(BasicEventDispatcher.java:58)
	at javafx.base/com.sun.javafx.event.EventDispatchChainImpl.dispatchEvent(EventDispatchChainImpl.java:114)
	at javafx.base/com.sun.javafx.event.BasicEventDispatcher.dispatchEvent(BasicEventDispatcher.java:56)
	at javafx.base/com.sun.javafx.event.EventDispatchChainImpl.dispatchEvent(EventDispatchChainImpl.java:114)
	at javafx.base/com.sun.javafx.event.BasicEventDispatcher.dispatchEvent(BasicEventDispatcher.java:56)
	at javafx.base/com.sun.javafx.event.EventDispatchChainImpl.dispatchEvent(EventDispatchChainImpl.java:114)
	at javafx.base/com.sun.javafx.event.EventUtil.fireEventImpl(EventUtil.java:74)
	at javafx.base/com.sun.javafx.event.EventUtil.fireEvent(EventUtil.java:54)
	at javafx.base/javafx.event.Event.fireEvent(Event.java:198)
	at javafx.graphics/javafx.scene.Scene$MouseHandler.process(Scene.java:3856)
	at javafx.graphics/javafx.scene.Scene.processMouseEvent(Scene.java:1851)
	at javafx.graphics/javafx.scene.Scene$ScenePeerListener.mouseEvent(Scene.java:2584)
	at javafx.graphics/com.sun.javafx.tk.quantum.GlassViewEventHandler$MouseEventNotification.run(GlassViewEventHandler.java:409)
	at javafx.graphics/com.sun.javafx.tk.quantum.GlassViewEventHandler$MouseEventNotification.run(GlassViewEventHandler.java:299)
	at java.base/java.security.AccessController.doPrivileged(Native Method)
	at javafx.graphics/com.sun.javafx.tk.quantum.GlassViewEventHandler.lambda$handleMouseEvent$2(GlassViewEventHandler.java:447)
	at javafx.graphics/com.sun.javafx.tk.quantum.QuantumToolkit.runWithoutRenderLock(QuantumToolkit.java:412)
	at javafx.graphics/com.sun.javafx.tk.quantum.GlassViewEventHandler.handleMouseEvent(GlassViewEventHandler.java:446)
	at javafx.graphics/com.sun.glass.ui.View.handleMouseEvent(View.java:556)
	at javafx.graphics/com.sun.glass.ui.View.notifyMouse(View.java:942)
	at javafx.graphics/com.sun.glass.ui.win.WinApplication._runLoop(Native Method)
	at javafx.graphics/com.sun.glass.ui.win.WinApplication.lambda$runLoop$3(WinApplication.java:174)
	at java.base/java.lang.Thread.run(Thread.java:834)

21:23:24.646 [JavaFX Application Thread] FATAL FXGLApplication      - Application will now exit
21:23:24.651 [JavaFX Application Thread] DEBUG PrimaryStageWindow   - Push state: ErrorSubScene
21:23:24.651 [JavaFX Application Thread] DEBUG Input                - Clearing active input actions
21:23:24.651 [JavaFX Application Thread] DEBUG GameApplicationServi - Removing overlay from MultiplayerStart and adding to ErrorSubScene
21:23:24.652 [JavaFX Application Thread] DEBUG PrimaryStageWindow   - MultiplayerStart -> ErrorSubScene
21:23:28.895 [JavaFX Application Thread] DEBUG FXGLApplication      - Exiting FXGL
21:23:28.895 [JavaFX Application Thread] DEBUG Async                - Shutting down background threads
21:23:28.895 [JavaFX Application Thread] DEBUG PrimaryStageWindow   - Closing main window
21:23:28.980 [JavaFX Application Thread] DEBUG Logger               - Closing Logger
