02:11:27.739 [main                     ] DEBUG Logger               - Configured Logger
02:11:27.758 [main                     ] DEBUG GameApplication      - Logging settings
Title: Flatline: Oregon
Version: Alpha 0.19021902
Width: 800
Height: 600
Fullscreen: false
Intro: false
Profiling: false
Single step:false
App Mode: DEVELOPER
Menu Key: ESCAPE
Stage Style: DECORATED
Scene Factory: class com.groupfour.mygame.App$1

02:11:28.072 [JavaFX Application Thread] DEBUG FXGLApplication      - Initializing FXGL
02:11:28.075 [JavaFX Application Thread] INFO  Engine               - FXGL-dev-SNAPSHOT (28.07.2021 16.39) on WINDOWS (J:11.0.22 FX:16)
02:11:28.076 [JavaFX Application Thread] DEBUG Engine               - JRE Vendor Name: Oracle Corporation
02:11:28.076 [JavaFX Application Thread] DEBUG Engine               - Running on OS: Windows 11 version 10.0
02:11:28.076 [JavaFX Application Thread] DEBUG Engine               - Architecture: amd64
02:11:28.077 [JavaFX Application Thread] INFO  Engine               - Source code and latest versions at: https://github.com/AlmasB/FXGL
02:11:28.077 [JavaFX Application Thread] INFO  Engine               -              Join the FXGL chat at: https://gitter.im/AlmasB/FXGL
02:11:28.142 [JavaFX Application Thread] DEBUG PrimaryStageWindow   - Creating a JavaFX scene
02:11:28.190 [JavaFX Application Thread] DEBUG PrimaryStageWindow   - Target settings size: 800.0 x 600.0
02:11:28.190 [JavaFX Application Thread] DEBUG PrimaryStageWindow   - Scaled scene size:    800.0 x 600.0
02:11:28.190 [JavaFX Application Thread] DEBUG PrimaryStageWindow   - Scaled ratio: (1.0, 1.0)
02:11:28.190 [JavaFX Application Thread] DEBUG PrimaryStageWindow   - Set initial scene to FXGLStartupScene
02:11:28.195 [JavaFX Application Thread] DEBUG PrimaryStageWindow   - Opening main window
02:11:28.275 [JavaFX Application Thread] DEBUG PrimaryStageWindow   - Window border size: (14.4000244140625, 37.5999755859375)
02:11:28.275 [JavaFX Application Thread] DEBUG PrimaryStageWindow   - Scaled size: 800.0 x 600.0
02:11:28.276 [JavaFX Application Thread] DEBUG PrimaryStageWindow   - Scaled ratio: (1.0, 1.0)
02:11:28.276 [JavaFX Application Thread] DEBUG PrimaryStageWindow   - Scene size: 800.0 x 600.0
02:11:28.276 [JavaFX Application Thread] DEBUG PrimaryStageWindow   - Stage size: 814.4000244140625 x 637.5999755859375
02:11:28.284 [FXGL Background Thread 1 ] DEBUG Engine               - Initializing environment variables
02:11:28.334 [FXGL Background Thread 1 ] DEBUG FXGLAssetLoaderServi - User app class for loading assets: class com.groupfour.mygame.App
02:11:28.334 [FXGL Background Thread 1 ] DEBUG GameApplicationServi - Applying CSS: fxgl_dark.css
02:11:28.335 [FXGL Background Thread 1 ] DEBUG FXGLAssetLoaderServi - Loading from file system: jar:file:///C:/Users/acer/.m2/repository/com/github/almasb/fxgl/dev-SNAPSHOT/fxgl-dev-SNAPSHOT.jar!/fxglassets/ui/css/fxgl_dark.css
02:11:28.390 [FXGL Background Thread 1 ] DEBUG GameApplicationServi - Initializing application scenes
02:11:28.447 [FXGL Background Thread 1 ] DEBUG GameWorld            - Game world initialized
02:11:28.492 [FXGL Background Thread 1 ] DEBUG PhysicsWorld         - Physics world initialized: appHeight=600, physics.ppm=50.0
02:11:28.492 [FXGL Background Thread 1 ] DEBUG PhysicsWorld         - Using strategy: BRUTE_FORCE
02:11:28.495 [FXGL Background Thread 1 ] DEBUG GameScene            - Game scene initialized: 800x600
02:11:28.507 [FXGL Background Thread 1 ] DEBUG FXGL.DefaultMenu     - createMenuBodyMainMenu()
02:11:28.530 [FXGL Background Thread 1 ] DEBUG FXGL.DefaultMenu     - createOptionsMenu()
02:11:28.544 [FXGL Background Thread 1 ] DEBUG FXGLAssetLoaderServi - Loading from file system: jar:file:///C:/Users/acer/.m2/repository/com/github/almasb/fxgl/dev-SNAPSHOT/fxgl-dev-SNAPSHOT.jar!/fxglassets/textures/particles/smoke.png
02:11:28.628 [FXGL Background Thread 1 ] DEBUG FXGLAssetLoaderServi - Loading from file system: jar:file:///C:/Users/acer/.m2/repository/com/github/almasb/fxgl/dev-SNAPSHOT/fxgl-dev-SNAPSHOT.jar!/fxglassets/textures/particles/trace_horizontal.png
02:11:28.653 [FXGL Background Thread 1 ] DEBUG GameApplicationServi - Application scenes initialized
02:11:28.661 [FXGL Background Thread 1 ] DEBUG SystemBundleService  - Loading FXGL system data
02:11:28.666 [FXGL Background Thread 1 ] DEBUG FileSystemAccess     - Reading from: C:\Users\acer\OneDrive\Desktop\git pull\CSS124L-FINAL-PROJECT\system\fxgl.bundle
02:11:28.672 [FXGL Background Thread 1 ] DEBUG SystemBundleService  - Bundle FXGL: {}
02:11:28.673 [FXGL Background Thread 1 ] DEBUG UpdaterService       - Checking for updates
02:11:28.692 [FXGL Background Thread 1 ] DEBUG FXGLApplication      - Loading default localization
02:11:28.692 [FXGL Background Thread 4 ] DEBUG FXGLApplication      - Loading fonts
02:11:28.693 [FXGL Background Thread 4 ] DEBUG FXGLAssetLoaderServi - Loading from file system: jar:file:///C:/Users/acer/.m2/repository/com/github/almasb/fxgl/dev-SNAPSHOT/fxgl-dev-SNAPSHOT.jar!/fxglassets/ui/fonts/VarelaRound-Regular.ttf
02:11:28.694 [FXGL Background Thread 1 ] DEBUG FXGLAssetLoaderServi - Loading from file system: jar:file:///C:/Users/acer/.m2/repository/com/github/almasb/fxgl/dev-SNAPSHOT/fxgl-dev-SNAPSHOT.jar!/fxglassets/languages/english.lang
02:11:28.710 [FXGL Background Thread 1 ] INFO  FXGLApplication      - FXGL initialization took: 0.426 sec
02:11:28.725 [JavaFX Application Thread] DEBUG Input                - Registered new binding: Move Upwards - W
02:11:28.725 [JavaFX Application Thread] DEBUG Input                - Registered new binding: Move Down - S
02:11:28.725 [JavaFX Application Thread] DEBUG Input                - Registered new binding: Move Left - A
02:11:28.725 [JavaFX Application Thread] DEBUG Input                - Registered new binding: Move Right - D
02:11:28.725 [JavaFX Application Thread] DEBUG Input                - Registered new binding: Reload - R
02:11:28.726 [JavaFX Application Thread] DEBUG Input                - Registered new binding: Shoot - LMB
02:11:28.726 [JavaFX Application Thread] DEBUG Input                - Registered new binding: Switch Weapons - Q
02:11:28.727 [JavaFX Application Thread] DEBUG Input                - Registered new binding: Interact - F
02:11:28.727 [JavaFX Application Thread] DEBUG FXGLAssetLoaderServi - Loading from file system: jar:file:///C:/Users/acer/.m2/repository/com/github/almasb/fxgl/dev-SNAPSHOT/fxgl-dev-SNAPSHOT.jar!/fxglassets/textures/fxgl_icon.png
02:11:28.747 [JavaFX Application Thread] DEBUG FXGLAssetLoaderServi - Loading from file system: jar:file:///C:/Users/acer/.m2/repository/com/github/almasb/fxgl/dev-SNAPSHOT/fxgl-dev-SNAPSHOT.jar!/fxglassets/textures/fxgl_default_cursor.png
02:11:28.750 [JavaFX Application Thread] DEBUG Input                - Registered new binding: Screenshot - CTRL+8
02:11:28.750 [JavaFX Application Thread] DEBUG Input                - Registered new binding: Dev Options - 1
02:11:28.751 [JavaFX Application Thread] DEBUG Input                - Registered new binding: Dev Console - 2
02:11:28.751 [JavaFX Application Thread] DEBUG Input                - Registered new binding: System info dump - CTRL+9
02:11:28.752 [JavaFX Application Thread] DEBUG Input                - Registered new binding: Restart - CTRL+R
02:11:28.752 [JavaFX Application Thread] DEBUG Input                - Registered new binding: Toggle Debug Camera - CTRL+C
02:11:28.756 [JavaFX Application Thread] DEBUG LoopRunner           - Starting loop
02:11:28.779 [JavaFX Application Thread] DEBUG LoopRunner           - Initializing JavaFX AnimationTimerLoop
02:11:28.781 [JavaFX Application Thread] DEBUG Input                - Clearing active input actions
02:11:28.791 [JavaFX Application Thread] DEBUG GameApplicationServi - Removing overlay from FXGLStartupScene and adding to FXGLMainMenuDummyScene
02:11:28.797 [JavaFX Application Thread] DEBUG PrimaryStageWindow   - FXGLStartupScene -> FXGLMainMenuDummyScene
02:11:28.797 [JavaFX Application Thread] DEBUG PrimaryStageWindow   - Push state: FXGLDefaultMenu
02:11:28.802 [JavaFX Application Thread] DEBUG Input                - Clearing active input actions
02:11:28.814 [JavaFX Application Thread] DEBUG GameApplicationServi - Removing overlay from FXGLMainMenuDummyScene and adding to FXGLDefaultMenu
02:11:28.814 [JavaFX Application Thread] DEBUG PrimaryStageWindow   - FXGLMainMenuDummyScene -> FXGLDefaultMenu
02:11:29.214 [FXGL Background Thread 4 ] DEBUG FXGLAssetLoaderServi - Loading from file system: jar:file:///C:/Users/acer/.m2/repository/com/github/almasb/fxgl/dev-SNAPSHOT/fxgl-dev-SNAPSHOT.jar!/fxglassets/ui/fonts/Abel-Regular.ttf
02:11:29.222 [FXGL Background Thread 4 ] DEBUG FXGLAssetLoaderServi - Loading from file system: jar:file:///C:/Users/acer/.m2/repository/com/github/almasb/fxgl/dev-SNAPSHOT/fxgl-dev-SNAPSHOT.jar!/fxglassets/ui/fonts/lucida_console.ttf
02:11:29.230 [FXGL Background Thread 4 ] DEBUG FXGLAssetLoaderServi - Loading from file system: jar:file:///C:/Users/acer/.m2/repository/com/github/almasb/fxgl/dev-SNAPSHOT/fxgl-dev-SNAPSHOT.jar!/fxglassets/ui/fonts/Courier-Prime.ttf
02:11:29.238 [JavaFX Application Thread] DEBUG FXGLApplication      - Registering font factories with UI factory
02:11:29.583 [JavaFX Application Thread] DEBUG Menu                 - fireNewGame()
02:11:29.584 [JavaFX Application Thread] DEBUG GameApplicationServi - Starting new game
02:11:29.585 [JavaFX Application Thread] DEBUG PrimaryStageWindow   - Pop state: FXGLDefaultMenu
02:11:29.585 [JavaFX Application Thread] DEBUG Input                - Clearing active input actions
02:11:29.587 [JavaFX Application Thread] DEBUG GameApplicationServi - Removing overlay from FXGLDefaultMenu and adding to FXGLMainMenuDummyScene
02:11:29.589 [JavaFX Application Thread] DEBUG PrimaryStageWindow   - FXGLMainMenuDummyScene <- FXGLDefaultMenu
02:11:29.590 [JavaFX Application Thread] DEBUG Input                - Clearing active input actions
02:11:29.596 [JavaFX Application Thread] DEBUG GameApplicationServi - Removing overlay from FXGLMainMenuDummyScene and adding to FXGLLoadingScene
02:11:29.596 [JavaFX Application Thread] DEBUG PrimaryStageWindow   - FXGLMainMenuDummyScene -> FXGLLoadingScene
02:11:29.597 [JavaFX Application Thread] DEBUG GameApplicationServi - Clearing previous game
02:11:29.597 [JavaFX Application Thread] DEBUG GameScene            - Clearing game scene
02:11:29.597 [JavaFX Application Thread] DEBUG GameWorld            - Clearing game world
02:11:29.597 [JavaFX Application Thread] DEBUG PhysicsWorld         - Clearing physics world
02:11:29.598 [FXGL Background Thread 4 ] DEBUG FXGLApplication      - Initializing game
02:11:29.640 [FXGL Background Thread 4 ] WARN  TMXLevelLoader       - TiledMap generated from 1.11.0. Supported version: 1.2.3. Some features may not be parsed fully.
02:11:29.648 [FXGL Background Thread 4 ] DEBUG TMXLevelLoader       - Parsed TiledMap: file:/C:/Users/acer/OneDrive/Desktop/git%20pull/CSS124L-FINAL-PROJECT/fp/target/classes/assets/levels/Lobby.tmx
02:11:29.649 [FXGL Background Thread 4 ] DEBUG TMXLevelLoader       - Creating tile layer entities
02:11:29.650 [FXGL Background Thread 4 ] DEBUG TilesetLoader        - Loading view for layer Tile Layer 1
02:11:29.652 [FXGL Background Thread 4 ] DEBUG TilesetLoader        - Created buffer with size 1280.0x768.0
02:11:29.661 [FXGL Background Thread 4 ] DEBUG TMXLevelLoader       - Creating object layer entities
02:11:29.674 [FXGL Background Thread 4 ] DEBUG GameWorld            - Clearing removable entities
02:11:29.676 [FXGL Background Thread 4 ] DEBUG GameWorld            - Setting level: com.almasb.fxgl.entity.level.Level@61d85c1e
02:11:29.685 [FXGL Background Thread 4 ] DEBUG FXGLAssetLoaderServi - Loading from file system: file:/C:/Users/acer/OneDrive/Desktop/git%20pull/CSS124L-FINAL-PROJECT/fp/target/classes/assets/ui/fonts/PIXELADE.TTF
02:11:29.695 [FXGL Background Thread 4 ] INFO  FXGLApplication      - Game initialization took: 0.096 sec
02:11:29.704 [JavaFX Application Thread] DEBUG Input                - Clearing active input actions
02:11:29.709 [JavaFX Application Thread] DEBUG GameApplicationServi - Removing overlay from FXGLLoadingScene and adding to GameScene
02:11:29.711 [JavaFX Application Thread] DEBUG PrimaryStageWindow   - FXGLLoadingScene -> GameScene
02:11:29.716 [JavaFX Application Thread] DEBUG FXGLAssetLoaderServi - Loading from file system: file:/C:/Users/acer/OneDrive/Desktop/git%20pull/CSS124L-FINAL-PROJECT/fp/target/classes/assets/textures/Interactables/microwave_close.png
02:11:29.718 [JavaFX Application Thread] DEBUG PrimaryStageWindow   - Push state: PCM_BG
02:11:29.718 [JavaFX Application Thread] DEBUG Input                - Clearing active input actions
02:11:29.718 [JavaFX Application Thread] DEBUG GameApplicationServi - Removing overlay from GameScene and adding to PCM_BG
02:11:29.719 [JavaFX Application Thread] DEBUG PrimaryStageWindow   - GameScene -> PCM_BG
02:11:29.720 [JavaFX Application Thread] DEBUG PrimaryStageWindow   - Push state: PlayerCountMenu
02:11:29.720 [JavaFX Application Thread] DEBUG Input                - Clearing active input actions
02:11:29.720 [JavaFX Application Thread] DEBUG GameApplicationServi - Removing overlay from PCM_BG and adding to PlayerCountMenu
02:11:29.724 [JavaFX Application Thread] DEBUG PrimaryStageWindow   - PCM_BG -> PlayerCountMenu
02:11:29.780 [FXGL Background Thread 2 ] INFO  UpdaterService       - Your current version:  dev-SNAPSHOT
02:11:29.781 [FXGL Background Thread 2 ] INFO  UpdaterService       - Latest stable version: 21.1
02:11:30.358 [JavaFX Application Thread] DEBUG FXGLAssetLoaderServi - Loading from file system: file:/C:/Users/acer/OneDrive/Desktop/git%20pull/CSS124L-FINAL-PROJECT/fp/target/classes/assets/textures/Weapons/Idle/BerettaM9_Idle.png
02:11:30.359 [JavaFX Application Thread] DEBUG FXGLAssetLoaderServi - Loading from file system: file:/C:/Users/acer/OneDrive/Desktop/git%20pull/CSS124L-FINAL-PROJECT/fp/target/classes/assets/textures/Weapons/Shooting/BerettaM9_Shooting.png
02:11:30.362 [JavaFX Application Thread] DEBUG FXGLAssetLoaderServi - Loading from file system: file:/C:/Users/acer/OneDrive/Desktop/git%20pull/CSS124L-FINAL-PROJECT/fp/target/classes/assets/textures/Players/1P_Shoot.png
02:11:30.365 [JavaFX Application Thread] DEBUG FXGLAssetLoaderServi - Loading from file system: file:/C:/Users/acer/OneDrive/Desktop/git%20pull/CSS124L-FINAL-PROJECT/fp/target/classes/assets/textures/Interactables/vending_machine.png
02:11:30.372 [JavaFX Application Thread] DEBUG PrimaryStageWindow   - Pop state: PlayerCountMenu
02:11:30.373 [JavaFX Application Thread] DEBUG Input                - Clearing active input actions
02:11:30.373 [JavaFX Application Thread] DEBUG GameApplicationServi - Removing overlay from PlayerCountMenu and adding to PCM_BG
02:11:30.374 [JavaFX Application Thread] DEBUG PrimaryStageWindow   - PCM_BG <- PlayerCountMenu
02:11:30.374 [JavaFX Application Thread] DEBUG PrimaryStageWindow   - Pop state: PCM_BG
02:11:30.374 [JavaFX Application Thread] DEBUG Input                - Clearing active input actions
02:11:30.374 [JavaFX Application Thread] DEBUG GameApplicationServi - Removing overlay from PCM_BG and adding to GameScene
02:11:30.374 [JavaFX Application Thread] DEBUG PrimaryStageWindow   - GameScene <- PCM_BG
02:11:30.450 [JavaFX Application Thread] DEBUG FXGLAssetLoaderServi - Loading from file system: file:/C:/Users/acer/OneDrive/Desktop/git%20pull/CSS124L-FINAL-PROJECT/fp/target/classes/assets/textures/Zombies/Basic_Zombie_Walking.png
02:11:30.452 [JavaFX Application Thread] DEBUG FXGLAssetLoaderServi - Loading from file system: file:/C:/Users/acer/OneDrive/Desktop/git%20pull/CSS124L-FINAL-PROJECT/fp/target/classes/assets/textures/Zombies/Basic_Zombie_Attack.png
02:11:31.692 [FXGL Background Thread 3 ] DEBUG Engine               - Logging environment variables
02:11:31.692 [FXGL Background Thread 3 ] DEBUG Engine               - achievements: []
02:11:31.692 [FXGL Background Thread 3 ] DEBUG Engine               - actualHeight: 600.0
02:11:31.692 [FXGL Background Thread 3 ] DEBUG Engine               - actualHeightProperty: ReadOnlyDoubleProperty [value: 600.0]
02:11:31.692 [FXGL Background Thread 3 ] DEBUG Engine               - actualWidth: 800.0
02:11:31.693 [FXGL Background Thread 3 ] DEBUG Engine               - actualWidthProperty: ReadOnlyDoubleProperty [value: 800.0]
02:11:31.693 [FXGL Background Thread 3 ] DEBUG Engine               - appIcon: fxgl_icon.png
02:11:31.693 [FXGL Background Thread 3 ] DEBUG Engine               - applicationMode: DEVELOPER
02:11:31.693 [FXGL Background Thread 3 ] DEBUG Engine               - cSSList: [fxgl_dark.css]
02:11:31.693 [FXGL Background Thread 3 ] DEBUG Engine               - collisionDetectionStrategy: BRUTE_FORCE
02:11:31.693 [FXGL Background Thread 3 ] DEBUG Engine               - configClass: Optional.empty
02:11:31.693 [FXGL Background Thread 3 ] DEBUG Engine               - credits: []
02:11:31.693 [FXGL Background Thread 3 ] DEBUG Engine               - defaultCursor: CursorInfo(imageName=fxgl_default_cursor.png, hotspotX=7.0, hotspotY=6.0)
02:11:31.693 [FXGL Background Thread 3 ] DEBUG Engine               - devBBoxColorProperty: ObjectProperty [value: 0xff0000ff]
02:11:31.693 [FXGL Background Thread 3 ] DEBUG Engine               - devEnableDebugCameraProperty: BooleanProperty [value: false]
02:11:31.693 [FXGL Background Thread 3 ] DEBUG Engine               - devSensorColorProperty: ObjectProperty [value: 0xffff00ff]
02:11:31.693 [FXGL Background Thread 3 ] DEBUG Engine               - devShowBBoxProperty: BooleanProperty [value: false]
02:11:31.693 [FXGL Background Thread 3 ] DEBUG Engine               - devShowPositionProperty: BooleanProperty [value: false]
02:11:31.693 [FXGL Background Thread 3 ] DEBUG Engine               - enabledMenuItems: []
02:11:31.693 [FXGL Background Thread 3 ] DEBUG Engine               - engineServices: [class com.almasb.fxgl.app.services.FXGLAssetLoaderService, class com.almasb.fxgl.app.FXGLApplication$GameApplicationService, class com.almasb.fxgl.app.services.FXGLDialogService, class com.almasb.fxgl.app.services.IOTaskExecutorService, class com.almasb.fxgl.io.FileSystemService, class com.almasb.fxgl.localization.LocalizationService, class com.almasb.fxgl.app.services.SystemBundleService, class com.almasb.fxgl.profile.SaveLoadService, class com.almasb.fxgl.ui.FXGLUIFactoryServiceProvider, class com.almasb.fxgl.ui.FXGLDialogFactoryServiceProvider, class com.almasb.fxgl.audio.AudioPlayer, class com.almasb.fxgl.notification.impl.NotificationServiceProvider, class com.almasb.fxgl.achievement.AchievementService, class com.almasb.fxgl.cutscene.CutsceneService, class com.almasb.fxgl.minigames.MiniGameService, class com.almasb.fxgl.net.NetService, class com.almasb.fxgl.app.services.UpdaterService, class com.almasb.fxgl.dev.DevService, class com.almasb.fxgl.multiplayer.MultiplayerService]
02:11:31.693 [FXGL Background Thread 3 ] DEBUG Engine               - fontGame: Abel-Regular.ttf
02:11:31.693 [FXGL Background Thread 3 ] DEBUG Engine               - fontMono: lucida_console.ttf
02:11:31.693 [FXGL Background Thread 3 ] DEBUG Engine               - fontText: Courier-Prime.ttf
02:11:31.693 [FXGL Background Thread 3 ] DEBUG Engine               - fontUI: VarelaRound-Regular.ttf
02:11:31.694 [FXGL Background Thread 3 ] DEBUG Engine               - fullScreen: BooleanProperty [value: false]
02:11:31.694 [FXGL Background Thread 3 ] DEBUG Engine               - gameDifficulty: MEDIUM
02:11:31.694 [FXGL Background Thread 3 ] DEBUG Engine               - gameDifficultyProperty: ObjectProperty [value: MEDIUM]
02:11:31.694 [FXGL Background Thread 3 ] DEBUG Engine               - globalMusicVolume: 0.5
02:11:31.694 [FXGL Background Thread 3 ] DEBUG Engine               - globalMusicVolumeProperty: DoubleProperty [value: 0.5]
02:11:31.694 [FXGL Background Thread 3 ] DEBUG Engine               - globalSoundVolume: 0.5
02:11:31.694 [FXGL Background Thread 3 ] DEBUG Engine               - globalSoundVolumeProperty: DoubleProperty [value: 0.5]
02:11:31.694 [FXGL Background Thread 3 ] DEBUG Engine               - height: 600
02:11:31.694 [FXGL Background Thread 3 ] DEBUG Engine               - is3D: false
02:11:31.694 [FXGL Background Thread 3 ] DEBUG Engine               - isAndroid: false
02:11:31.694 [FXGL Background Thread 3 ] DEBUG Engine               - isBrowser: false
02:11:31.694 [FXGL Background Thread 3 ] DEBUG Engine               - isClickFeedbackEnabled: false
02:11:31.694 [FXGL Background Thread 3 ] DEBUG Engine               - isCloseConfirmation: false
02:11:31.694 [FXGL Background Thread 3 ] DEBUG Engine               - isDesktop: true
02:11:31.694 [FXGL Background Thread 3 ] DEBUG Engine               - isDeveloperMenuEnabled: true
02:11:31.694 [FXGL Background Thread 3 ] DEBUG Engine               - isEmbedded: false
02:11:31.694 [FXGL Background Thread 3 ] DEBUG Engine               - isEntityPreloadEnabled: true
02:11:31.694 [FXGL Background Thread 3 ] DEBUG Engine               - isExperimentalTiledLargeMap: false
02:11:31.694 [FXGL Background Thread 3 ] DEBUG Engine               - isFileSystemWriteAllowed: true
02:11:31.694 [FXGL Background Thread 3 ] DEBUG Engine               - isFullScreenAllowed: false
02:11:31.694 [FXGL Background Thread 3 ] DEBUG Engine               - isFullScreenFromStart: false
02:11:31.694 [FXGL Background Thread 3 ] DEBUG Engine               - isGameMenuEnabled: true
02:11:31.694 [FXGL Background Thread 3 ] DEBUG Engine               - isIOS: false
02:11:31.694 [FXGL Background Thread 3 ] DEBUG Engine               - isIntroEnabled: false
02:11:31.694 [FXGL Background Thread 3 ] DEBUG Engine               - isLinux: false
02:11:31.694 [FXGL Background Thread 3 ] DEBUG Engine               - isMac: false
02:11:31.694 [FXGL Background Thread 3 ] DEBUG Engine               - isMainMenuEnabled: true
02:11:31.694 [FXGL Background Thread 3 ] DEBUG Engine               - isManualResizeEnabled: false
02:11:31.694 [FXGL Background Thread 3 ] DEBUG Engine               - isMobile: false
02:11:31.694 [FXGL Background Thread 3 ] DEBUG Engine               - isNative: false
02:11:31.694 [FXGL Background Thread 3 ] DEBUG Engine               - isPauseMusicWhenMinimized: true
02:11:31.694 [FXGL Background Thread 3 ] DEBUG Engine               - isPreserveResizeRatio: false
02:11:31.694 [FXGL Background Thread 3 ] DEBUG Engine               - isProfilingEnabled: false
02:11:31.694 [FXGL Background Thread 3 ] DEBUG Engine               - isScaleAffectedOnResize: true
02:11:31.694 [FXGL Background Thread 3 ] DEBUG Engine               - isSingleStep: false
02:11:31.694 [FXGL Background Thread 3 ] DEBUG Engine               - isUserProfileEnabled: false
02:11:31.694 [FXGL Background Thread 3 ] DEBUG Engine               - isWindows: true
02:11:31.694 [FXGL Background Thread 3 ] DEBUG Engine               - language: ObjectProperty [value: ENGLISH]
02:11:31.694 [FXGL Background Thread 3 ] DEBUG Engine               - menuKey: ESCAPE
02:11:31.694 [FXGL Background Thread 3 ] DEBUG Engine               - mouseSensitivity: 0.2
02:11:31.694 [FXGL Background Thread 3 ] DEBUG Engine               - notificationViewClass: class com.almasb.fxgl.notification.view.XboxNotificationView
02:11:31.694 [FXGL Background Thread 3 ] DEBUG Engine               - pixelsPerMeter: 50.0
02:11:31.694 [FXGL Background Thread 3 ] DEBUG Engine               - platform: WINDOWS
02:11:31.694 [FXGL Background Thread 3 ] DEBUG Engine               - prefHeightProperty: ReadOnlyDoubleProperty [value: 600.0]
02:11:31.694 [FXGL Background Thread 3 ] DEBUG Engine               - prefWidthProperty: ReadOnlyDoubleProperty [value: 800.0]
02:11:31.695 [FXGL Background Thread 3 ] DEBUG Engine               - profileDir: profiles/
02:11:31.695 [FXGL Background Thread 3 ] DEBUG Engine               - profileName: StringProperty [value: DEFAULT]
02:11:31.695 [FXGL Background Thread 3 ] DEBUG Engine               - randomSeed: -1
02:11:31.695 [FXGL Background Thread 3 ] DEBUG Engine               - runtimeInfo: RuntimeInfo(platform=WINDOWS, version=dev-SNAPSHOT, build=28.07.2021 16.39)
02:11:31.695 [FXGL Background Thread 3 ] DEBUG Engine               - saveFileExt: sav
02:11:31.695 [FXGL Background Thread 3 ] DEBUG Engine               - scaledHeightProp$fxgl: DoubleProperty [bound, value: 600.0]
02:11:31.695 [FXGL Background Thread 3 ] DEBUG Engine               - scaledWidthProp$fxgl: DoubleProperty [bound, value: 800.0]
02:11:31.695 [FXGL Background Thread 3 ] DEBUG Engine               - sceneFactory: com.groupfour.mygame.App$1@413b5fe8
02:11:31.695 [FXGL Background Thread 3 ] DEBUG Engine               - secondsIn24h: 60
02:11:31.695 [FXGL Background Thread 3 ] DEBUG Engine               - soundMenuBack: menu/back.wav
02:11:31.695 [FXGL Background Thread 3 ] DEBUG Engine               - soundMenuPress: menu/press.wav
02:11:31.695 [FXGL Background Thread 3 ] DEBUG Engine               - soundMenuSelect: menu/select.wav
02:11:31.695 [FXGL Background Thread 3 ] DEBUG Engine               - soundNotification: core/notification.wav
02:11:31.695 [FXGL Background Thread 3 ] DEBUG Engine               - stageStyle: DECORATED
02:11:31.695 [FXGL Background Thread 3 ] DEBUG Engine               - supportedLanguages: [ENGLISH, FRENCH, GERMAN, HUNGARIAN, RUSSIAN]
02:11:31.695 [FXGL Background Thread 3 ] DEBUG Engine               - ticksPerSecond: -1
02:11:31.696 [FXGL Background Thread 3 ] DEBUG Engine               - title: Flatline: Oregon
02:11:31.696 [FXGL Background Thread 3 ] DEBUG Engine               - urlGithub: https://github.com/AlmasB/FXGL
02:11:31.696 [FXGL Background Thread 3 ] DEBUG Engine               - urlLeaderboard: http://fxgl-top.herokuapp.com/
02:11:31.696 [FXGL Background Thread 3 ] DEBUG Engine               - urlPOM: https://raw.githubusercontent.com/AlmasB/FXGL/release/README.md
02:11:31.696 [FXGL Background Thread 3 ] DEBUG Engine               - userAppClass: class com.groupfour.mygame.App
02:11:31.696 [FXGL Background Thread 3 ] DEBUG Engine               - version: Alpha 0.19021902
02:11:31.696 [FXGL Background Thread 3 ] DEBUG Engine               - versionCheckDays: 7
02:11:31.696 [FXGL Background Thread 3 ] DEBUG Engine               - width: 800
02:11:31.696 [FXGL Background Thread 3 ] DEBUG Engine               - Logging services
02:11:31.696 [FXGL Background Thread 3 ] DEBUG Engine               - class com.almasb.fxgl.app.services.FXGLAssetLoaderService
02:11:31.696 [FXGL Background Thread 3 ] DEBUG Engine               - class com.almasb.fxgl.app.FXGLApplication$GameApplicationService
02:11:31.696 [FXGL Background Thread 3 ] DEBUG Engine               - class com.almasb.fxgl.app.services.FXGLDialogService
02:11:31.696 [FXGL Background Thread 3 ] DEBUG Engine               - class com.almasb.fxgl.app.services.IOTaskExecutorService
02:11:31.696 [FXGL Background Thread 3 ] DEBUG Engine               - class com.almasb.fxgl.io.FileSystemService
02:11:31.696 [FXGL Background Thread 3 ] DEBUG Engine               - class com.almasb.fxgl.localization.LocalizationService
02:11:31.696 [FXGL Background Thread 3 ] DEBUG Engine               - class com.almasb.fxgl.app.services.SystemBundleService
02:11:31.697 [FXGL Background Thread 3 ] DEBUG Engine               - class com.almasb.fxgl.profile.SaveLoadService
02:11:31.697 [FXGL Background Thread 3 ] DEBUG Engine               - class com.almasb.fxgl.ui.FXGLUIFactoryServiceProvider
02:11:31.697 [FXGL Background Thread 3 ] DEBUG Engine               - class com.almasb.fxgl.ui.FXGLDialogFactoryServiceProvider
02:11:31.697 [FXGL Background Thread 3 ] DEBUG Engine               - class com.almasb.fxgl.audio.AudioPlayer
02:11:31.697 [FXGL Background Thread 3 ] DEBUG Engine               - class com.almasb.fxgl.notification.impl.NotificationServiceProvider
02:11:31.697 [FXGL Background Thread 3 ] DEBUG Engine               - class com.almasb.fxgl.achievement.AchievementService
02:11:31.697 [FXGL Background Thread 3 ] DEBUG Engine               - class com.almasb.fxgl.cutscene.CutsceneService
02:11:31.697 [FXGL Background Thread 3 ] DEBUG Engine               - class com.almasb.fxgl.minigames.MiniGameService
02:11:31.697 [FXGL Background Thread 3 ] DEBUG Engine               - class com.almasb.fxgl.net.NetService
02:11:31.697 [FXGL Background Thread 3 ] DEBUG Engine               - class com.almasb.fxgl.app.services.UpdaterService
02:11:31.697 [FXGL Background Thread 3 ] DEBUG Engine               - class com.almasb.fxgl.dev.DevService
02:11:31.697 [FXGL Background Thread 3 ] DEBUG Engine               - class com.almasb.fxgl.multiplayer.MultiplayerService
02:11:31.924 [JavaFX Application Thread] DEBUG FXGLAssetLoaderServi - Loading from file system: file:/C:/Users/acer/OneDrive/Desktop/git%20pull/CSS124L-FINAL-PROJECT/fp/target/classes/assets/music/BerettaM9_Shoot.mp3
02:11:32.020 [JavaFX Application Thread] DEBUG AudioPlayer          - Playing music com.almasb.fxgl.audio.Music@4d934c2b
02:11:32.050 [JavaFX Application Thread] DEBUG AudioPlayer          - Playing music com.almasb.fxgl.audio.Music@4d934c2b
02:11:32.188 [JavaFX Application Thread] DEBUG AudioPlayer          - Playing music com.almasb.fxgl.audio.Music@4d934c2b
02:11:32.310 [JavaFX Application Thread] DEBUG AudioPlayer          - Playing music com.almasb.fxgl.audio.Music@4d934c2b
02:11:32.449 [JavaFX Application Thread] DEBUG AudioPlayer          - Playing music com.almasb.fxgl.audio.Music@4d934c2b
02:11:32.581 [JavaFX Application Thread] DEBUG AudioPlayer          - Playing music com.almasb.fxgl.audio.Music@4d934c2b
02:11:32.844 [JavaFX Application Thread] DEBUG AudioPlayer          - Playing music com.almasb.fxgl.audio.Music@4d934c2b
02:11:33.023 [JavaFX Application Thread] DEBUG AudioPlayer          - Playing music com.almasb.fxgl.audio.Music@4d934c2b
02:11:33.135 [JavaFX Application Thread] DEBUG AudioPlayer          - Playing music com.almasb.fxgl.audio.Music@4d934c2b
02:11:33.270 [JavaFX Application Thread] DEBUG AudioPlayer          - Playing music com.almasb.fxgl.audio.Music@4d934c2b
02:11:33.413 [JavaFX Application Thread] DEBUG AudioPlayer          - Playing music com.almasb.fxgl.audio.Music@4d934c2b
02:11:33.543 [JavaFX Application Thread] DEBUG AudioPlayer          - Playing music com.almasb.fxgl.audio.Music@4d934c2b
02:11:33.682 [JavaFX Application Thread] DEBUG AudioPlayer          - Playing music com.almasb.fxgl.audio.Music@4d934c2b
02:11:33.829 [JavaFX Application Thread] DEBUG AudioPlayer          - Playing music com.almasb.fxgl.audio.Music@4d934c2b
02:11:33.958 [JavaFX Application Thread] DEBUG AudioPlayer          - Playing music com.almasb.fxgl.audio.Music@4d934c2b
02:11:34.102 [JavaFX Application Thread] DEBUG AudioPlayer          - Playing music com.almasb.fxgl.audio.Music@4d934c2b
02:11:34.227 [JavaFX Application Thread] DEBUG AudioPlayer          - Playing music com.almasb.fxgl.audio.Music@4d934c2b
02:11:34.386 [JavaFX Application Thread] DEBUG AudioPlayer          - Playing music com.almasb.fxgl.audio.Music@4d934c2b
02:11:34.508 [JavaFX Application Thread] DEBUG AudioPlayer          - Playing music com.almasb.fxgl.audio.Music@4d934c2b
02:11:34.621 [JavaFX Application Thread] DEBUG AudioPlayer          - Playing music com.almasb.fxgl.audio.Music@4d934c2b
02:11:34.759 [JavaFX Application Thread] DEBUG AudioPlayer          - Playing music com.almasb.fxgl.audio.Music@4d934c2b
02:11:34.882 [JavaFX Application Thread] DEBUG AudioPlayer          - Playing music com.almasb.fxgl.audio.Music@4d934c2b
02:11:35.028 [JavaFX Application Thread] DEBUG AudioPlayer          - Playing music com.almasb.fxgl.audio.Music@4d934c2b
02:11:35.176 [JavaFX Application Thread] DEBUG AudioPlayer          - Playing music com.almasb.fxgl.audio.Music@4d934c2b
02:11:35.316 [JavaFX Application Thread] DEBUG AudioPlayer          - Playing music com.almasb.fxgl.audio.Music@4d934c2b
02:11:35.466 [JavaFX Application Thread] DEBUG AudioPlayer          - Playing music com.almasb.fxgl.audio.Music@4d934c2b
02:11:35.606 [JavaFX Application Thread] DEBUG AudioPlayer          - Playing music com.almasb.fxgl.audio.Music@4d934c2b
02:11:35.757 [JavaFX Application Thread] DEBUG AudioPlayer          - Playing music com.almasb.fxgl.audio.Music@4d934c2b
02:11:35.879 [JavaFX Application Thread] DEBUG AudioPlayer          - Playing music com.almasb.fxgl.audio.Music@4d934c2b
02:11:36.051 [JavaFX Application Thread] DEBUG AudioPlayer          - Playing music com.almasb.fxgl.audio.Music@4d934c2b
02:11:36.182 [JavaFX Application Thread] DEBUG AudioPlayer          - Playing music com.almasb.fxgl.audio.Music@4d934c2b
02:11:36.317 [JavaFX Application Thread] DEBUG AudioPlayer          - Playing music com.almasb.fxgl.audio.Music@4d934c2b
02:11:36.470 [JavaFX Application Thread] DEBUG AudioPlayer          - Playing music com.almasb.fxgl.audio.Music@4d934c2b
02:11:36.605 [JavaFX Application Thread] DEBUG AudioPlayer          - Playing music com.almasb.fxgl.audio.Music@4d934c2b
02:11:36.748 [JavaFX Application Thread] DEBUG AudioPlayer          - Playing music com.almasb.fxgl.audio.Music@4d934c2b
02:11:36.882 [JavaFX Application Thread] DEBUG AudioPlayer          - Playing music com.almasb.fxgl.audio.Music@4d934c2b
02:11:37.021 [JavaFX Application Thread] DEBUG AudioPlayer          - Playing music com.almasb.fxgl.audio.Music@4d934c2b
02:11:37.169 [JavaFX Application Thread] DEBUG AudioPlayer          - Playing music com.almasb.fxgl.audio.Music@4d934c2b
02:11:37.300 [JavaFX Application Thread] DEBUG AudioPlayer          - Playing music com.almasb.fxgl.audio.Music@4d934c2b
02:11:37.440 [JavaFX Application Thread] DEBUG AudioPlayer          - Playing music com.almasb.fxgl.audio.Music@4d934c2b
02:11:37.580 [JavaFX Application Thread] DEBUG AudioPlayer          - Playing music com.almasb.fxgl.audio.Music@4d934c2b
02:11:37.707 [JavaFX Application Thread] DEBUG AudioPlayer          - Playing music com.almasb.fxgl.audio.Music@4d934c2b
02:11:37.841 [JavaFX Application Thread] DEBUG AudioPlayer          - Playing music com.almasb.fxgl.audio.Music@4d934c2b
02:11:38.001 [JavaFX Application Thread] DEBUG AudioPlayer          - Playing music com.almasb.fxgl.audio.Music@4d934c2b
02:11:38.120 [JavaFX Application Thread] DEBUG AudioPlayer          - Playing music com.almasb.fxgl.audio.Music@4d934c2b
02:11:38.256 [JavaFX Application Thread] DEBUG AudioPlayer          - Playing music com.almasb.fxgl.audio.Music@4d934c2b
02:11:38.397 [JavaFX Application Thread] DEBUG AudioPlayer          - Playing music com.almasb.fxgl.audio.Music@4d934c2b
02:11:38.540 [JavaFX Application Thread] DEBUG AudioPlayer          - Playing music com.almasb.fxgl.audio.Music@4d934c2b
02:11:38.686 [JavaFX Application Thread] DEBUG AudioPlayer          - Playing music com.almasb.fxgl.audio.Music@4d934c2b
02:11:38.821 [JavaFX Application Thread] DEBUG AudioPlayer          - Playing music com.almasb.fxgl.audio.Music@4d934c2b
02:11:38.954 [JavaFX Application Thread] DEBUG AudioPlayer          - Playing music com.almasb.fxgl.audio.Music@4d934c2b
02:11:39.531 [JavaFX Application Thread] DEBUG AudioPlayer          - Playing music com.almasb.fxgl.audio.Music@4d934c2b
02:11:39.682 [JavaFX Application Thread] DEBUG AudioPlayer          - Playing music com.almasb.fxgl.audio.Music@4d934c2b
02:11:39.821 [JavaFX Application Thread] DEBUG AudioPlayer          - Playing music com.almasb.fxgl.audio.Music@4d934c2b
02:11:39.955 [JavaFX Application Thread] DEBUG AudioPlayer          - Playing music com.almasb.fxgl.audio.Music@4d934c2b
02:11:40.105 [JavaFX Application Thread] DEBUG AudioPlayer          - Playing music com.almasb.fxgl.audio.Music@4d934c2b
02:11:40.244 [JavaFX Application Thread] DEBUG AudioPlayer          - Playing music com.almasb.fxgl.audio.Music@4d934c2b
02:11:40.382 [JavaFX Application Thread] DEBUG AudioPlayer          - Playing music com.almasb.fxgl.audio.Music@4d934c2b
02:11:42.892 [JavaFX Application Thread] DEBUG AudioPlayer          - Playing music com.almasb.fxgl.audio.Music@4d934c2b
02:11:43.994 [JavaFX Application Thread] DEBUG FXGLAssetLoaderServi - Loading from file system: file:/C:/Users/acer/OneDrive/Desktop/git%20pull/CSS124L-FINAL-PROJECT/fp/target/classes/assets/textures/Weapons/Idle/AK47_Idle.png
02:11:43.994 [JavaFX Application Thread] DEBUG FXGLAssetLoaderServi - Loading from file system: file:/C:/Users/acer/OneDrive/Desktop/git%20pull/CSS124L-FINAL-PROJECT/fp/target/classes/assets/textures/Weapons/Shooting/AK47_Shooting.png
02:11:43.995 [JavaFX Application Thread] DEBUG FXGLAssetLoaderServi - Loading from file system: file:/C:/Users/acer/OneDrive/Desktop/git%20pull/CSS124L-FINAL-PROJECT/fp/target/classes/assets/textures/Players/1P_Rifle_Shoot.png
02:11:53.238 [JavaFX Application Thread] DEBUG FXGLApplication      - Exiting FXGL
02:11:53.238 [JavaFX Application Thread] DEBUG LoopRunner           - Stopping loop
02:11:53.239 [JavaFX Application Thread] DEBUG SystemBundleService  - Saving FXGL system data
02:11:53.240 [JavaFX Application Thread] DEBUG FileSystemAccess     - Writing to: C:\Users\acer\OneDrive\Desktop\git pull\CSS124L-FINAL-PROJECT\system\fxgl.bundle
02:11:53.242 [JavaFX Application Thread] DEBUG Async                - Shutting down background threads
02:11:53.242 [JavaFX Application Thread] DEBUG PrimaryStageWindow   - Closing main window
02:11:53.259 [JavaFX Application Thread] DEBUG Logger               - Closing Logger
