03:31:27.697 [main                     ] DEBUG Logger               - Configured Logger
03:31:27.717 [main                     ] DEBUG GameApplication      - Logging settings
Title: Flatline: Oregon
Version: Beta ?
Width: 800
Height: 600
Fullscreen: false
Intro: false
Profiling: false
Single step:false
App Mode: DEVELOPER
Menu Key: ESCAPE
Stage Style: DECORATED
Scene Factory: class com.groupfour.mygame.App$1

03:31:28.043 [JavaFX Application Thread] DEBUG FXGLApplication      - Initializing FXGL
03:31:28.045 [JavaFX Application Thread] INFO  Engine               - FXGL-dev-SNAPSHOT (28.07.2021 16.39) on WINDOWS (J:11.0.22 FX:16)
03:31:28.046 [JavaFX Application Thread] DEBUG Engine               - JRE Vendor Name: Oracle Corporation
03:31:28.046 [JavaFX Application Thread] DEBUG Engine               - Running on OS: Windows 11 version 10.0
03:31:28.046 [JavaFX Application Thread] DEBUG Engine               - Architecture: amd64
03:31:28.046 [JavaFX Application Thread] INFO  Engine               - Source code and latest versions at: https://github.com/AlmasB/FXGL
03:31:28.046 [JavaFX Application Thread] INFO  Engine               -              Join the FXGL chat at: https://gitter.im/AlmasB/FXGL
03:31:28.104 [JavaFX Application Thread] DEBUG PrimaryStageWindow   - Creating a JavaFX scene
03:31:28.140 [JavaFX Application Thread] DEBUG PrimaryStageWindow   - Target settings size: 800.0 x 600.0
03:31:28.141 [JavaFX Application Thread] DEBUG PrimaryStageWindow   - Scaled scene size:    800.0 x 600.0
03:31:28.141 [JavaFX Application Thread] DEBUG PrimaryStageWindow   - Scaled ratio: (1.0, 1.0)
03:31:28.141 [JavaFX Application Thread] DEBUG PrimaryStageWindow   - Set initial scene to FXGLStartupScene
03:31:28.146 [JavaFX Application Thread] DEBUG PrimaryStageWindow   - Opening main window
03:31:28.217 [JavaFX Application Thread] DEBUG PrimaryStageWindow   - Window border size: (14.4000244140625, 37.5999755859375)
03:31:28.218 [JavaFX Application Thread] DEBUG PrimaryStageWindow   - Scaled size: 800.0 x 600.0
03:31:28.218 [JavaFX Application Thread] DEBUG PrimaryStageWindow   - Scaled ratio: (1.0, 1.0)
03:31:28.218 [JavaFX Application Thread] DEBUG PrimaryStageWindow   - Scene size: 800.0 x 600.0
03:31:28.218 [JavaFX Application Thread] DEBUG PrimaryStageWindow   - Stage size: 814.4000244140625 x 637.5999755859375
03:31:28.222 [FXGL Background Thread 1 ] DEBUG Engine               - Initializing environment variables
03:31:28.262 [FXGL Background Thread 1 ] DEBUG FXGLAssetLoaderServi - User app class for loading assets: class com.groupfour.mygame.App
03:31:28.262 [FXGL Background Thread 1 ] DEBUG GameApplicationServi - Applying CSS: fxgl_dark.css
03:31:28.263 [FXGL Background Thread 1 ] DEBUG FXGLAssetLoaderServi - Loading from file system: jar:file:///C:/Users/acer/.m2/repository/com/github/almasb/fxgl/dev-SNAPSHOT/fxgl-dev-SNAPSHOT.jar!/fxglassets/ui/css/fxgl_dark.css
03:31:28.301 [FXGL Background Thread 1 ] DEBUG GameApplicationServi - Initializing application scenes
03:31:28.330 [FXGL Background Thread 1 ] DEBUG GameWorld            - Game world initialized
03:31:28.368 [FXGL Background Thread 1 ] DEBUG PhysicsWorld         - Physics world initialized: appHeight=600, physics.ppm=50.0
03:31:28.369 [FXGL Background Thread 1 ] DEBUG PhysicsWorld         - Using strategy: BRUTE_FORCE
03:31:28.372 [FXGL Background Thread 1 ] DEBUG GameScene            - Game scene initialized: 800x600
03:31:28.381 [FXGL Background Thread 1 ] DEBUG FXGL.DefaultMenu     - createMenuBodyMainMenu()
03:31:28.395 [FXGL Background Thread 1 ] DEBUG FXGL.DefaultMenu     - createOptionsMenu()
03:31:28.403 [FXGL Background Thread 1 ] DEBUG FXGLAssetLoaderServi - Loading from file system: jar:file:///C:/Users/acer/.m2/repository/com/github/almasb/fxgl/dev-SNAPSHOT/fxgl-dev-SNAPSHOT.jar!/fxglassets/textures/particles/smoke.png
03:31:28.479 [FXGL Background Thread 1 ] DEBUG FXGLAssetLoaderServi - Loading from file system: jar:file:///C:/Users/acer/.m2/repository/com/github/almasb/fxgl/dev-SNAPSHOT/fxgl-dev-SNAPSHOT.jar!/fxglassets/textures/particles/trace_horizontal.png
03:31:28.501 [FXGL Background Thread 1 ] DEBUG FXGLAssetLoaderServi - Loading from file system: file:/C:/Users/acer/OneDrive/Desktop/git%20pull/CSS124L-FINAL-PROJECT/fp/target/classes/assets/ui/fonts/PIXELADE.TTF
03:31:28.906 [FXGL Background Thread 1 ] DEBUG FXGLAssetLoaderServi - Loading from file system: file:/C:/Users/acer/OneDrive/Desktop/git%20pull/CSS124L-FINAL-PROJECT/fp/target/classes/assets/textures/spbtn.png
03:31:28.925 [FXGL Background Thread 1 ] DEBUG FXGLAssetLoaderServi - Loading from file system: file:/C:/Users/acer/OneDrive/Desktop/git%20pull/CSS124L-FINAL-PROJECT/fp/target/classes/assets/textures/mpbtn.png
03:31:28.933 [FXGL Background Thread 1 ] DEBUG FXGLAssetLoaderServi - Loading from file system: file:/C:/Users/acer/OneDrive/Desktop/git%20pull/CSS124L-FINAL-PROJECT/fp/target/classes/assets/textures/return.png
03:31:28.948 [FXGL Background Thread 1 ] DEBUG GameApplicationServi - Application scenes initialized
03:31:28.956 [FXGL Background Thread 1 ] DEBUG SystemBundleService  - Loading FXGL system data
03:31:28.960 [FXGL Background Thread 1 ] DEBUG FileSystemAccess     - Reading from: C:\Users\acer\OneDrive\Desktop\git pull\CSS124L-FINAL-PROJECT\system\fxgl.bundle
03:31:28.964 [FXGL Background Thread 1 ] DEBUG SystemBundleService  - Bundle FXGL: {}
03:31:28.964 [FXGL Background Thread 1 ] DEBUG UpdaterService       - Checking for updates
03:31:28.982 [FXGL Background Thread 4 ] DEBUG FXGLApplication      - Loading fonts
03:31:28.982 [FXGL Background Thread 1 ] DEBUG FXGLApplication      - Loading default localization
03:31:28.982 [FXGL Background Thread 4 ] DEBUG FXGLAssetLoaderServi - Loading from file system: jar:file:///C:/Users/acer/.m2/repository/com/github/almasb/fxgl/dev-SNAPSHOT/fxgl-dev-SNAPSHOT.jar!/fxglassets/ui/fonts/VarelaRound-Regular.ttf
03:31:28.983 [FXGL Background Thread 1 ] DEBUG FXGLAssetLoaderServi - Loading from file system: jar:file:///C:/Users/acer/.m2/repository/com/github/almasb/fxgl/dev-SNAPSHOT/fxgl-dev-SNAPSHOT.jar!/fxglassets/languages/english.lang
03:31:28.989 [FXGL Background Thread 4 ] DEBUG FXGLAssetLoaderServi - Loading from file system: jar:file:///C:/Users/acer/.m2/repository/com/github/almasb/fxgl/dev-SNAPSHOT/fxgl-dev-SNAPSHOT.jar!/fxglassets/ui/fonts/Abel-Regular.ttf
03:31:28.994 [FXGL Background Thread 4 ] DEBUG FXGLAssetLoaderServi - Loading from file system: jar:file:///C:/Users/acer/.m2/repository/com/github/almasb/fxgl/dev-SNAPSHOT/fxgl-dev-SNAPSHOT.jar!/fxglassets/ui/fonts/lucida_console.ttf
03:31:28.996 [FXGL Background Thread 1 ] INFO  FXGLApplication      - FXGL initialization took: 0.774 sec
03:31:29.005 [FXGL Background Thread 4 ] DEBUG FXGLAssetLoaderServi - Loading from file system: jar:file:///C:/Users/acer/.m2/repository/com/github/almasb/fxgl/dev-SNAPSHOT/fxgl-dev-SNAPSHOT.jar!/fxglassets/ui/fonts/Courier-Prime.ttf
03:31:29.008 [JavaFX Application Thread] DEBUG Input                - Registered new binding: Move Upwards - W
03:31:29.008 [JavaFX Application Thread] DEBUG Input                - Registered new binding: Move Down - S
03:31:29.009 [JavaFX Application Thread] DEBUG Input                - Registered new binding: Move Left - A
03:31:29.009 [JavaFX Application Thread] DEBUG Input                - Registered new binding: Move Right - D
03:31:29.009 [JavaFX Application Thread] DEBUG Input                - Registered new binding: Reload - R
03:31:29.010 [JavaFX Application Thread] DEBUG Input                - Registered new binding: Shoot - LMB
03:31:29.010 [JavaFX Application Thread] DEBUG Input                - Registered new binding: Switch Weapons - Q
03:31:29.011 [JavaFX Application Thread] DEBUG Input                - Registered new binding: Interact - F
03:31:29.011 [JavaFX Application Thread] DEBUG FXGLAssetLoaderServi - Loading from file system: file:/C:/Users/acer/OneDrive/Desktop/git%20pull/CSS124L-FINAL-PROJECT/fp/target/classes/assets/music/titleBGM.mp3
03:31:29.149 [JavaFX Application Thread] DEBUG AudioPlayer          - Playing music com.almasb.fxgl.audio.Music@28952140
03:31:29.150 [JavaFX Application Thread] DEBUG FXGLAssetLoaderServi - Loading from file system: jar:file:///C:/Users/acer/.m2/repository/com/github/almasb/fxgl/dev-SNAPSHOT/fxgl-dev-SNAPSHOT.jar!/fxglassets/textures/fxgl_icon.png
03:31:29.158 [JavaFX Application Thread] DEBUG FXGLAssetLoaderServi - Loading from file system: jar:file:///C:/Users/acer/.m2/repository/com/github/almasb/fxgl/dev-SNAPSHOT/fxgl-dev-SNAPSHOT.jar!/fxglassets/textures/fxgl_default_cursor.png
03:31:29.160 [JavaFX Application Thread] DEBUG Input                - Registered new binding: Screenshot - CTRL+8
03:31:29.161 [JavaFX Application Thread] DEBUG Input                - Registered new binding: Dev Options - 1
03:31:29.162 [JavaFX Application Thread] DEBUG Input                - Registered new binding: Dev Console - 2
03:31:29.162 [JavaFX Application Thread] DEBUG Input                - Registered new binding: System info dump - CTRL+9
03:31:29.163 [JavaFX Application Thread] DEBUG Input                - Registered new binding: Restart - CTRL+R
03:31:29.164 [JavaFX Application Thread] DEBUG Input                - Registered new binding: Toggle Debug Camera - CTRL+C
03:31:29.176 [JavaFX Application Thread] DEBUG LoopRunner           - Starting loop
03:31:29.186 [JavaFX Application Thread] DEBUG LoopRunner           - Initializing JavaFX AnimationTimerLoop
03:31:29.188 [JavaFX Application Thread] DEBUG Input                - Clearing active input actions
03:31:29.193 [JavaFX Application Thread] DEBUG GameApplicationServi - Removing overlay from FXGLStartupScene and adding to FXGLMainMenuDummyScene
03:31:29.197 [JavaFX Application Thread] DEBUG PrimaryStageWindow   - FXGLStartupScene -> FXGLMainMenuDummyScene
03:31:29.197 [JavaFX Application Thread] DEBUG PrimaryStageWindow   - Push state: FXGLDefaultMenu
03:31:29.199 [JavaFX Application Thread] DEBUG Input                - Clearing active input actions
03:31:29.203 [JavaFX Application Thread] DEBUG GameApplicationServi - Removing overlay from FXGLMainMenuDummyScene and adding to FXGLDefaultMenu
03:31:29.204 [JavaFX Application Thread] DEBUG PrimaryStageWindow   - FXGLMainMenuDummyScene -> FXGLDefaultMenu
03:31:29.204 [JavaFX Application Thread] DEBUG FXGLApplication      - Registering font factories with UI factory
03:31:29.290 [FXGL Background Thread 2 ] INFO  UpdaterService       - Your current version:  dev-SNAPSHOT
03:31:29.291 [FXGL Background Thread 2 ] INFO  UpdaterService       - Latest stable version: 21.1
03:31:31.983 [FXGL Background Thread 3 ] DEBUG Engine               - Logging environment variables
03:31:31.983 [FXGL Background Thread 3 ] DEBUG Engine               - achievements: []
03:31:31.983 [FXGL Background Thread 3 ] DEBUG Engine               - actualHeight: 600.0
03:31:31.983 [FXGL Background Thread 3 ] DEBUG Engine               - actualHeightProperty: ReadOnlyDoubleProperty [value: 600.0]
03:31:31.984 [FXGL Background Thread 3 ] DEBUG Engine               - actualWidth: 800.0
03:31:31.984 [FXGL Background Thread 3 ] DEBUG Engine               - actualWidthProperty: ReadOnlyDoubleProperty [value: 800.0]
03:31:31.984 [FXGL Background Thread 3 ] DEBUG Engine               - appIcon: fxgl_icon.png
03:31:31.984 [FXGL Background Thread 3 ] DEBUG Engine               - applicationMode: DEVELOPER
03:31:31.984 [FXGL Background Thread 3 ] DEBUG Engine               - cSSList: [fxgl_dark.css]
03:31:31.984 [FXGL Background Thread 3 ] DEBUG Engine               - collisionDetectionStrategy: BRUTE_FORCE
03:31:31.984 [FXGL Background Thread 3 ] DEBUG Engine               - configClass: Optional.empty
03:31:31.984 [FXGL Background Thread 3 ] DEBUG Engine               - credits: []
03:31:31.985 [FXGL Background Thread 3 ] DEBUG Engine               - defaultCursor: CursorInfo(imageName=fxgl_default_cursor.png, hotspotX=7.0, hotspotY=6.0)
03:31:31.985 [FXGL Background Thread 3 ] DEBUG Engine               - devBBoxColorProperty: ObjectProperty [value: 0xff0000ff]
03:31:31.985 [FXGL Background Thread 3 ] DEBUG Engine               - devEnableDebugCameraProperty: BooleanProperty [value: false]
03:31:31.985 [FXGL Background Thread 3 ] DEBUG Engine               - devSensorColorProperty: ObjectProperty [value: 0xffff00ff]
03:31:31.986 [FXGL Background Thread 3 ] DEBUG Engine               - devShowBBoxProperty: BooleanProperty [value: false]
03:31:31.986 [FXGL Background Thread 3 ] DEBUG Engine               - devShowPositionProperty: BooleanProperty [value: false]
03:31:31.986 [FXGL Background Thread 3 ] DEBUG Engine               - enabledMenuItems: []
03:31:31.986 [FXGL Background Thread 3 ] DEBUG Engine               - engineServices: [class com.almasb.fxgl.app.services.FXGLAssetLoaderService, class com.almasb.fxgl.app.FXGLApplication$GameApplicationService, class com.almasb.fxgl.app.services.FXGLDialogService, class com.almasb.fxgl.app.services.IOTaskExecutorService, class com.almasb.fxgl.io.FileSystemService, class com.almasb.fxgl.localization.LocalizationService, class com.almasb.fxgl.app.services.SystemBundleService, class com.almasb.fxgl.profile.SaveLoadService, class com.almasb.fxgl.ui.FXGLUIFactoryServiceProvider, class com.almasb.fxgl.ui.FXGLDialogFactoryServiceProvider, class com.almasb.fxgl.audio.AudioPlayer, class com.almasb.fxgl.notification.impl.NotificationServiceProvider, class com.almasb.fxgl.achievement.AchievementService, class com.almasb.fxgl.cutscene.CutsceneService, class com.almasb.fxgl.minigames.MiniGameService, class com.almasb.fxgl.net.NetService, class com.almasb.fxgl.app.services.UpdaterService, class com.almasb.fxgl.dev.DevService, class com.almasb.fxgl.multiplayer.MultiplayerService]
03:31:31.986 [FXGL Background Thread 3 ] DEBUG Engine               - fontGame: Abel-Regular.ttf
03:31:31.986 [FXGL Background Thread 3 ] DEBUG Engine               - fontMono: lucida_console.ttf
03:31:31.986 [FXGL Background Thread 3 ] DEBUG Engine               - fontText: Courier-Prime.ttf
03:31:31.986 [FXGL Background Thread 3 ] DEBUG Engine               - fontUI: VarelaRound-Regular.ttf
03:31:31.986 [FXGL Background Thread 3 ] DEBUG Engine               - fullScreen: BooleanProperty [value: false]
03:31:31.986 [FXGL Background Thread 3 ] DEBUG Engine               - gameDifficulty: MEDIUM
03:31:31.986 [FXGL Background Thread 3 ] DEBUG Engine               - gameDifficultyProperty: ObjectProperty [value: MEDIUM]
03:31:31.986 [FXGL Background Thread 3 ] DEBUG Engine               - globalMusicVolume: 0.5
03:31:31.987 [FXGL Background Thread 3 ] DEBUG Engine               - globalMusicVolumeProperty: DoubleProperty [value: 0.5]
03:31:31.987 [FXGL Background Thread 3 ] DEBUG Engine               - globalSoundVolume: 0.5
03:31:31.987 [FXGL Background Thread 3 ] DEBUG Engine               - globalSoundVolumeProperty: DoubleProperty [value: 0.5]
03:31:31.987 [FXGL Background Thread 3 ] DEBUG Engine               - height: 600
03:31:31.987 [FXGL Background Thread 3 ] DEBUG Engine               - is3D: false
03:31:31.987 [FXGL Background Thread 3 ] DEBUG Engine               - isAndroid: false
03:31:31.987 [FXGL Background Thread 3 ] DEBUG Engine               - isBrowser: false
03:31:31.987 [FXGL Background Thread 3 ] DEBUG Engine               - isClickFeedbackEnabled: false
03:31:31.987 [FXGL Background Thread 3 ] DEBUG Engine               - isCloseConfirmation: false
03:31:31.988 [FXGL Background Thread 3 ] DEBUG Engine               - isDesktop: true
03:31:31.988 [FXGL Background Thread 3 ] DEBUG Engine               - isDeveloperMenuEnabled: true
03:31:31.988 [FXGL Background Thread 3 ] DEBUG Engine               - isEmbedded: false
03:31:31.988 [FXGL Background Thread 3 ] DEBUG Engine               - isEntityPreloadEnabled: true
03:31:31.988 [FXGL Background Thread 3 ] DEBUG Engine               - isExperimentalTiledLargeMap: false
03:31:31.988 [FXGL Background Thread 3 ] DEBUG Engine               - isFileSystemWriteAllowed: true
03:31:31.988 [FXGL Background Thread 3 ] DEBUG Engine               - isFullScreenAllowed: false
03:31:31.988 [FXGL Background Thread 3 ] DEBUG Engine               - isFullScreenFromStart: false
03:31:31.988 [FXGL Background Thread 3 ] DEBUG Engine               - isGameMenuEnabled: true
03:31:31.988 [FXGL Background Thread 3 ] DEBUG Engine               - isIOS: false
03:31:31.988 [FXGL Background Thread 3 ] DEBUG Engine               - isIntroEnabled: false
03:31:31.989 [FXGL Background Thread 3 ] DEBUG Engine               - isLinux: false
03:31:31.989 [FXGL Background Thread 3 ] DEBUG Engine               - isMac: false
03:31:31.989 [FXGL Background Thread 3 ] DEBUG Engine               - isMainMenuEnabled: true
03:31:31.989 [FXGL Background Thread 3 ] DEBUG Engine               - isManualResizeEnabled: false
03:31:31.989 [FXGL Background Thread 3 ] DEBUG Engine               - isMobile: false
03:31:31.989 [FXGL Background Thread 3 ] DEBUG Engine               - isNative: false
03:31:31.989 [FXGL Background Thread 3 ] DEBUG Engine               - isPauseMusicWhenMinimized: true
03:31:31.989 [FXGL Background Thread 3 ] DEBUG Engine               - isPreserveResizeRatio: false
03:31:31.989 [FXGL Background Thread 3 ] DEBUG Engine               - isProfilingEnabled: false
03:31:31.989 [FXGL Background Thread 3 ] DEBUG Engine               - isScaleAffectedOnResize: true
03:31:31.989 [FXGL Background Thread 3 ] DEBUG Engine               - isSingleStep: false
03:31:31.989 [FXGL Background Thread 3 ] DEBUG Engine               - isUserProfileEnabled: false
03:31:31.989 [FXGL Background Thread 3 ] DEBUG Engine               - isWindows: true
03:31:31.989 [FXGL Background Thread 3 ] DEBUG Engine               - language: ObjectProperty [value: ENGLISH]
03:31:31.990 [FXGL Background Thread 3 ] DEBUG Engine               - menuKey: ESCAPE
03:31:31.990 [FXGL Background Thread 3 ] DEBUG Engine               - mouseSensitivity: 0.2
03:31:31.990 [FXGL Background Thread 3 ] DEBUG Engine               - notificationViewClass: class com.almasb.fxgl.notification.view.XboxNotificationView
03:31:31.990 [FXGL Background Thread 3 ] DEBUG Engine               - pixelsPerMeter: 50.0
03:31:31.990 [FXGL Background Thread 3 ] DEBUG Engine               - platform: WINDOWS
03:31:31.990 [FXGL Background Thread 3 ] DEBUG Engine               - prefHeightProperty: ReadOnlyDoubleProperty [value: 600.0]
03:31:31.990 [FXGL Background Thread 3 ] DEBUG Engine               - prefWidthProperty: ReadOnlyDoubleProperty [value: 800.0]
03:31:31.990 [FXGL Background Thread 3 ] DEBUG Engine               - profileDir: profiles/
03:31:31.990 [FXGL Background Thread 3 ] DEBUG Engine               - profileName: StringProperty [value: DEFAULT]
03:31:31.990 [FXGL Background Thread 3 ] DEBUG Engine               - randomSeed: -1
03:31:31.990 [FXGL Background Thread 3 ] DEBUG Engine               - runtimeInfo: RuntimeInfo(platform=WINDOWS, version=dev-SNAPSHOT, build=28.07.2021 16.39)
03:31:31.990 [FXGL Background Thread 3 ] DEBUG Engine               - saveFileExt: sav
03:31:31.990 [FXGL Background Thread 3 ] DEBUG Engine               - scaledHeightProp$fxgl: DoubleProperty [bound, value: 600.0]
03:31:31.992 [FXGL Background Thread 3 ] DEBUG Engine               - scaledWidthProp$fxgl: DoubleProperty [bound, value: 800.0]
03:31:31.992 [FXGL Background Thread 3 ] DEBUG Engine               - sceneFactory: com.groupfour.mygame.App$1@5a54814d
03:31:31.992 [FXGL Background Thread 3 ] DEBUG Engine               - secondsIn24h: 60
03:31:31.992 [FXGL Background Thread 3 ] DEBUG Engine               - soundMenuBack: menu/back.wav
03:31:31.992 [FXGL Background Thread 3 ] DEBUG Engine               - soundMenuPress: titleSelect.mp3
03:31:31.992 [FXGL Background Thread 3 ] DEBUG Engine               - soundMenuSelect: menu/select.wav
03:31:31.992 [FXGL Background Thread 3 ] DEBUG Engine               - soundNotification: core/notification.wav
03:31:31.992 [FXGL Background Thread 3 ] DEBUG Engine               - stageStyle: DECORATED
03:31:31.992 [FXGL Background Thread 3 ] DEBUG Engine               - supportedLanguages: [ENGLISH, FRENCH, GERMAN, HUNGARIAN, RUSSIAN]
03:31:31.992 [FXGL Background Thread 3 ] DEBUG Engine               - ticksPerSecond: -1
03:31:31.992 [FXGL Background Thread 3 ] DEBUG Engine               - title: Flatline: Oregon
03:31:31.992 [FXGL Background Thread 3 ] DEBUG Engine               - urlGithub: https://github.com/AlmasB/FXGL
03:31:31.993 [FXGL Background Thread 3 ] DEBUG Engine               - urlLeaderboard: http://fxgl-top.herokuapp.com/
03:31:31.993 [FXGL Background Thread 3 ] DEBUG Engine               - urlPOM: https://raw.githubusercontent.com/AlmasB/FXGL/release/README.md
03:31:31.993 [FXGL Background Thread 3 ] DEBUG Engine               - userAppClass: class com.groupfour.mygame.App
03:31:31.993 [FXGL Background Thread 3 ] DEBUG Engine               - version: Beta ?
03:31:31.993 [FXGL Background Thread 3 ] DEBUG Engine               - versionCheckDays: 7
03:31:31.993 [FXGL Background Thread 3 ] DEBUG Engine               - width: 800
03:31:31.993 [FXGL Background Thread 3 ] DEBUG Engine               - Logging services
03:31:31.993 [FXGL Background Thread 3 ] DEBUG Engine               - class com.almasb.fxgl.app.services.FXGLAssetLoaderService
03:31:31.993 [FXGL Background Thread 3 ] DEBUG Engine               - class com.almasb.fxgl.app.FXGLApplication$GameApplicationService
03:31:31.993 [FXGL Background Thread 3 ] DEBUG Engine               - class com.almasb.fxgl.app.services.FXGLDialogService
03:31:31.993 [FXGL Background Thread 3 ] DEBUG Engine               - class com.almasb.fxgl.app.services.IOTaskExecutorService
03:31:31.993 [FXGL Background Thread 3 ] DEBUG Engine               - class com.almasb.fxgl.io.FileSystemService
03:31:31.994 [FXGL Background Thread 3 ] DEBUG Engine               - class com.almasb.fxgl.localization.LocalizationService
03:31:31.994 [FXGL Background Thread 3 ] DEBUG Engine               - class com.almasb.fxgl.app.services.SystemBundleService
03:31:31.994 [FXGL Background Thread 3 ] DEBUG Engine               - class com.almasb.fxgl.profile.SaveLoadService
03:31:31.994 [FXGL Background Thread 3 ] DEBUG Engine               - class com.almasb.fxgl.ui.FXGLUIFactoryServiceProvider
03:31:31.994 [FXGL Background Thread 3 ] DEBUG Engine               - class com.almasb.fxgl.ui.FXGLDialogFactoryServiceProvider
03:31:31.994 [FXGL Background Thread 3 ] DEBUG Engine               - class com.almasb.fxgl.audio.AudioPlayer
03:31:31.994 [FXGL Background Thread 3 ] DEBUG Engine               - class com.almasb.fxgl.notification.impl.NotificationServiceProvider
03:31:31.994 [FXGL Background Thread 3 ] DEBUG Engine               - class com.almasb.fxgl.achievement.AchievementService
03:31:31.994 [FXGL Background Thread 3 ] DEBUG Engine               - class com.almasb.fxgl.cutscene.CutsceneService
03:31:31.994 [FXGL Background Thread 3 ] DEBUG Engine               - class com.almasb.fxgl.minigames.MiniGameService
03:31:31.994 [FXGL Background Thread 3 ] DEBUG Engine               - class com.almasb.fxgl.net.NetService
03:31:31.994 [FXGL Background Thread 3 ] DEBUG Engine               - class com.almasb.fxgl.app.services.UpdaterService
03:31:31.994 [FXGL Background Thread 3 ] DEBUG Engine               - class com.almasb.fxgl.dev.DevService
03:31:31.994 [FXGL Background Thread 3 ] DEBUG Engine               - class com.almasb.fxgl.multiplayer.MultiplayerService
03:31:33.017 [JavaFX Application Thread] DEBUG Menu                 - fireNewGame()
03:31:33.018 [JavaFX Application Thread] DEBUG GameApplicationServi - Starting new game
03:31:33.019 [JavaFX Application Thread] DEBUG PrimaryStageWindow   - Pop state: FXGLDefaultMenu
03:31:33.019 [JavaFX Application Thread] DEBUG Input                - Clearing active input actions
03:31:33.022 [JavaFX Application Thread] DEBUG GameApplicationServi - Removing overlay from FXGLDefaultMenu and adding to FXGLMainMenuDummyScene
03:31:33.024 [JavaFX Application Thread] DEBUG PrimaryStageWindow   - FXGLMainMenuDummyScene <- FXGLDefaultMenu
03:31:33.024 [JavaFX Application Thread] DEBUG Input                - Clearing active input actions
03:31:33.032 [JavaFX Application Thread] DEBUG GameApplicationServi - Removing overlay from FXGLMainMenuDummyScene and adding to FXGLLoadingScene
03:31:33.032 [JavaFX Application Thread] DEBUG PrimaryStageWindow   - FXGLMainMenuDummyScene -> FXGLLoadingScene
03:31:33.032 [JavaFX Application Thread] DEBUG GameApplicationServi - Clearing previous game
03:31:33.033 [JavaFX Application Thread] DEBUG GameScene            - Clearing game scene
03:31:33.033 [JavaFX Application Thread] DEBUG GameWorld            - Clearing game world
03:31:33.033 [JavaFX Application Thread] DEBUG PhysicsWorld         - Clearing physics world
03:31:33.034 [FXGL Background Thread 2 ] DEBUG FXGLApplication      - Initializing game
03:31:33.083 [FXGL Background Thread 2 ] WARN  TMXLevelLoader       - TiledMap generated from 1.11.0. Supported version: 1.2.3. Some features may not be parsed fully.
03:31:33.090 [FXGL Background Thread 2 ] DEBUG TMXLevelLoader       - Parsed TiledMap: file:/C:/Users/acer/OneDrive/Desktop/git%20pull/CSS124L-FINAL-PROJECT/fp/target/classes/assets/levels/Lobby.tmx
03:31:33.091 [FXGL Background Thread 2 ] DEBUG TMXLevelLoader       - Creating tile layer entities
03:31:33.092 [FXGL Background Thread 2 ] DEBUG TilesetLoader        - Loading view for layer Tile Layer 1
03:31:33.095 [FXGL Background Thread 2 ] DEBUG TilesetLoader        - Created buffer with size 1280.0x768.0
03:31:33.105 [FXGL Background Thread 2 ] DEBUG TMXLevelLoader       - Creating object layer entities
03:31:33.123 [FXGL Background Thread 2 ] DEBUG GameWorld            - Clearing removable entities
03:31:33.124 [FXGL Background Thread 2 ] DEBUG GameWorld            - Setting level: com.almasb.fxgl.entity.level.Level@6e438fed
03:31:33.138 [FXGL Background Thread 2 ] INFO  FXGLApplication      - Game initialization took: 0.104 sec
03:31:33.143 [JavaFX Application Thread] DEBUG Input                - Clearing active input actions
03:31:33.150 [JavaFX Application Thread] DEBUG GameApplicationServi - Removing overlay from FXGLLoadingScene and adding to GameScene
03:31:33.152 [JavaFX Application Thread] DEBUG PrimaryStageWindow   - FXGLLoadingScene -> GameScene
03:31:33.158 [JavaFX Application Thread] DEBUG FXGLAssetLoaderServi - Loading from file system: file:/C:/Users/acer/OneDrive/Desktop/git%20pull/CSS124L-FINAL-PROJECT/fp/target/classes/assets/textures/Interactables/microwave_close.png
03:31:33.159 [JavaFX Application Thread] DEBUG PrimaryStageWindow   - Push state: PCM_BG
03:31:33.159 [JavaFX Application Thread] DEBUG Input                - Clearing active input actions
03:31:33.159 [JavaFX Application Thread] DEBUG GameApplicationServi - Removing overlay from GameScene and adding to PCM_BG
03:31:33.160 [JavaFX Application Thread] DEBUG PrimaryStageWindow   - GameScene -> PCM_BG
03:31:33.166 [JavaFX Application Thread] DEBUG PrimaryStageWindow   - Push state: PlayerCountMenu
03:31:33.166 [JavaFX Application Thread] DEBUG Input                - Clearing active input actions
03:31:33.166 [JavaFX Application Thread] DEBUG GameApplicationServi - Removing overlay from PCM_BG and adding to PlayerCountMenu
03:31:33.170 [JavaFX Application Thread] DEBUG PrimaryStageWindow   - PCM_BG -> PlayerCountMenu
03:31:33.952 [JavaFX Application Thread] DEBUG PrimaryStageWindow   - Push state: DialogSubScene
03:31:33.952 [JavaFX Application Thread] DEBUG Input                - Clearing active input actions
03:31:33.952 [JavaFX Application Thread] DEBUG GameApplicationServi - Removing overlay from PlayerCountMenu and adding to DialogSubScene
03:31:33.953 [JavaFX Application Thread] DEBUG PrimaryStageWindow   - PlayerCountMenu -> DialogSubScene
03:31:34.338 [JavaFX Application Thread] DEBUG PrimaryStageWindow   - Pop state: DialogSubScene
03:31:34.338 [JavaFX Application Thread] DEBUG Input                - Clearing active input actions
03:31:34.338 [JavaFX Application Thread] DEBUG GameApplicationServi - Removing overlay from DialogSubScene and adding to PlayerCountMenu
03:31:34.339 [JavaFX Application Thread] DEBUG PrimaryStageWindow   - PlayerCountMenu <- DialogSubScene
03:31:34.345 [ServerAsyncConnThread    ] DEBUG TCPServer            - Starting to listen at: 55555 type: class com.almasb.fxgl.core.serialization.Bundle
03:31:35.409 [ServerAsyncConnThread    ] DEBUG Endpoint             - TCPServer opening new connection (1) from /127.0.0.1:54835 type: class com.almasb.fxgl.core.serialization.Bundle
03:31:35.412 [ServerAsyncConnThread    ] DEBUG Endpoint             - TCPServer successfully opened connection (1)
03:31:35.413 [JavaFX Application Thread] DEBUG PrimaryStageWindow   - Pop state: PlayerCountMenu
03:31:35.413 [JavaFX Application Thread] DEBUG Input                - Clearing active input actions
03:31:35.413 [JavaFX Application Thread] DEBUG GameApplicationServi - Removing overlay from PlayerCountMenu and adding to PCM_BG
03:31:35.414 [JavaFX Application Thread] DEBUG PrimaryStageWindow   - PCM_BG <- PlayerCountMenu
03:31:35.414 [JavaFX Application Thread] DEBUG PrimaryStageWindow   - Pop state: PCM_BG
03:31:35.414 [JavaFX Application Thread] DEBUG Input                - Clearing active input actions
03:31:35.414 [JavaFX Application Thread] DEBUG GameApplicationServi - Removing overlay from PCM_BG and adding to GameScene
03:31:35.414 [JavaFX Application Thread] DEBUG PrimaryStageWindow   - GameScene <- PCM_BG
03:31:35.417 [TCPServer_SendThread-1   ] DEBUG Writers              - Getting TCPMessageWriter for class com.almasb.fxgl.core.serialization.Bundle
03:31:35.418 [TCPServer_RecvThread-1   ] DEBUG Readers              - Getting TCPMessageReader for class com.almasb.fxgl.core.serialization.Bundle
03:31:35.418 [TCPServer_SendThread-1   ] DEBUG Writers              - Constructed TCPMessageWriter for class com.almasb.fxgl.core.serialization.Bundle: BundleTCPMessageWriter
03:31:35.419 [TCPServer_RecvThread-1   ] DEBUG Readers              - Constructed MessageReader for class com.almasb.fxgl.core.serialization.Bundle: BundleTCPMessageReader
03:31:35.428 [JavaFX Application Thread] DEBUG FXGLAssetLoaderServi - Loading from file system: file:/C:/Users/acer/OneDrive/Desktop/git%20pull/CSS124L-FINAL-PROJECT/fp/target/classes/assets/sounds/Reload.mp3
03:31:35.434 [JavaFX Application Thread] DEBUG FXGLAssetLoaderServi - Loading from file system: file:/C:/Users/acer/OneDrive/Desktop/git%20pull/CSS124L-FINAL-PROJECT/fp/target/classes/assets/sounds/BerettaM9_Shoot.mp3
03:31:35.442 [JavaFX Application Thread] DEBUG FXGLAssetLoaderServi - Loading from file system: file:/C:/Users/acer/OneDrive/Desktop/git%20pull/CSS124L-FINAL-PROJECT/fp/target/classes/assets/textures/Weapons/Idle/BerettaM9_Idle.png
03:31:35.443 [JavaFX Application Thread] DEBUG FXGLAssetLoaderServi - Loading from file system: file:/C:/Users/acer/OneDrive/Desktop/git%20pull/CSS124L-FINAL-PROJECT/fp/target/classes/assets/textures/Weapons/Shooting/BerettaM9_Shooting.png
03:31:35.447 [JavaFX Application Thread] DEBUG FXGLAssetLoaderServi - Loading from file system: file:/C:/Users/acer/OneDrive/Desktop/git%20pull/CSS124L-FINAL-PROJECT/fp/target/classes/assets/textures/Players/1P_Shoot.png
03:31:35.450 [JavaFX Application Thread] DEBUG FXGLAssetLoaderServi - Loading from file system: file:/C:/Users/acer/OneDrive/Desktop/git%20pull/CSS124L-FINAL-PROJECT/fp/target/classes/assets/textures/Interactables/vending_machine.png
03:31:35.458 [JavaFX Application Thread] DEBUG Input                - Registered new binding: Move Upwards - W
03:31:35.458 [JavaFX Application Thread] DEBUG Input                - Registered new binding: Move Down - S
03:31:35.458 [JavaFX Application Thread] DEBUG Input                - Registered new binding: Move Left - A
03:31:35.458 [JavaFX Application Thread] DEBUG Input                - Registered new binding: Move Right - D
03:31:35.458 [JavaFX Application Thread] DEBUG Input                - Registered new binding: Reload - R
03:31:35.459 [JavaFX Application Thread] DEBUG Input                - Registered new binding: Shoot - LMB
03:31:35.459 [JavaFX Application Thread] DEBUG Input                - Registered new binding: Switch Weapons - Q
03:31:35.459 [JavaFX Application Thread] DEBUG Input                - Registered new binding: Move Upwards - W
03:31:35.459 [JavaFX Application Thread] DEBUG Input                - Registered new binding: Move Down - S
03:31:35.459 [JavaFX Application Thread] DEBUG Input                - Registered new binding: Move Left - A
03:31:35.459 [JavaFX Application Thread] DEBUG Input                - Registered new binding: Move Right - D
03:31:35.459 [JavaFX Application Thread] DEBUG Input                - Registered new binding: Reload - R
03:31:35.459 [JavaFX Application Thread] DEBUG Input                - Registered new binding: Shoot - LMB
03:31:35.459 [JavaFX Application Thread] DEBUG Input                - Registered new binding: Switch Weapons - Q
03:31:41.859 [JavaFX Application Thread] DEBUG FXGLApplication      - Exiting FXGL
03:31:41.859 [JavaFX Application Thread] DEBUG LoopRunner           - Stopping loop
03:31:41.859 [JavaFX Application Thread] DEBUG SystemBundleService  - Saving FXGL system data
03:31:41.860 [JavaFX Application Thread] DEBUG FileSystemAccess     - Writing to: C:\Users\acer\OneDrive\Desktop\git pull\CSS124L-FINAL-PROJECT\system\fxgl.bundle
03:31:41.861 [JavaFX Application Thread] DEBUG Async                - Shutting down background threads
03:31:41.861 [JavaFX Application Thread] DEBUG PrimaryStageWindow   - Closing main window
03:31:41.864 [TCPServer_RecvThread-1   ] DEBUG Endpoint             - Connection 1 was unexpectedly disconnected: Connection reset
03:31:41.864 [TCPServer_RecvThread-1   ] DEBUG Connection           - Closing connection 1
03:31:41.866 [TCPServer_RecvThread-1   ] DEBUG Connection           - Connection 1 was correctly closed from local endpoint.
03:31:41.866 [TCPServer_RecvThread-1   ] DEBUG Endpoint             - TCPServer connection (1) was closed
03:31:41.875 [JavaFX Application Thread] DEBUG Logger               - Closing Logger
