21:53:11.550 [main                     ] DEBUG Logger               - Configured Logger
21:53:11.571 [main                     ] DEBUG GameApplication      - Logging settings
Title: Flatline: Oregon
Version: Alpha 0.3
Width: 800
Height: 600
Fullscreen: false
Intro: false
Profiling: false
Single step:false
App Mode: DEVELOPER
Menu Key: ESCAPE
Stage Style: DECORATED
Scene Factory: class com.groupfour.mygame.App$1

21:53:11.843 [JavaFX Application Thread] DEBUG FXGLApplication      - Initializing FXGL
21:53:11.844 [JavaFX Application Thread] INFO  Engine               - FXGL-dev-SNAPSHOT (28.07.2021 16.39) on WINDOWS (J:11.0.22 FX:16)
21:53:11.845 [JavaFX Application Thread] DEBUG Engine               - JRE Vendor Name: Oracle Corporation
21:53:11.845 [JavaFX Application Thread] DEBUG Engine               - Running on OS: Windows 11 version 10.0
21:53:11.846 [JavaFX Application Thread] DEBUG Engine               - Architecture: amd64
21:53:11.846 [JavaFX Application Thread] INFO  Engine               - Source code and latest versions at: https://github.com/AlmasB/FXGL
21:53:11.846 [JavaFX Application Thread] INFO  Engine               -              Join the FXGL chat at: https://gitter.im/AlmasB/FXGL
21:53:11.903 [JavaFX Application Thread] DEBUG PrimaryStageWindow   - Creating a JavaFX scene
21:53:11.942 [JavaFX Application Thread] DEBUG PrimaryStageWindow   - Target settings size: 800.0 x 600.0
21:53:11.942 [JavaFX Application Thread] DEBUG PrimaryStageWindow   - Scaled scene size:    800.0 x 600.0
21:53:11.943 [JavaFX Application Thread] DEBUG PrimaryStageWindow   - Scaled ratio: (1.0, 1.0)
21:53:11.943 [JavaFX Application Thread] DEBUG PrimaryStageWindow   - Set initial scene to FXGLStartupScene
21:53:11.946 [JavaFX Application Thread] DEBUG PrimaryStageWindow   - Opening main window
21:53:12.008 [JavaFX Application Thread] DEBUG PrimaryStageWindow   - Window border size: (14.4000244140625, 37.5999755859375)
21:53:12.008 [JavaFX Application Thread] DEBUG PrimaryStageWindow   - Scaled size: 800.0 x 600.0
21:53:12.010 [JavaFX Application Thread] DEBUG PrimaryStageWindow   - Scaled ratio: (1.0, 1.0)
21:53:12.010 [JavaFX Application Thread] DEBUG PrimaryStageWindow   - Scene size: 800.0 x 600.0
21:53:12.010 [JavaFX Application Thread] DEBUG PrimaryStageWindow   - Stage size: 814.4000244140625 x 637.5999755859375
21:53:12.014 [FXGL Background Thread 1 ] DEBUG Engine               - Initializing environment variables
21:53:12.046 [FXGL Background Thread 1 ] DEBUG FXGLAssetLoaderServi - User app class for loading assets: class com.groupfour.mygame.App
21:53:12.046 [FXGL Background Thread 1 ] DEBUG GameApplicationServi - Applying CSS: fxgl_dark.css
21:53:12.046 [FXGL Background Thread 1 ] DEBUG FXGLAssetLoaderServi - Loading from file system: jar:file:///C:/Users/acer/.m2/repository/com/github/almasb/fxgl/dev-SNAPSHOT/fxgl-dev-SNAPSHOT.jar!/fxglassets/ui/css/fxgl_dark.css
21:53:12.084 [FXGL Background Thread 1 ] DEBUG GameApplicationServi - Initializing application scenes
21:53:12.108 [FXGL Background Thread 1 ] DEBUG GameWorld            - Game world initialized
21:53:12.145 [FXGL Background Thread 1 ] DEBUG PhysicsWorld         - Physics world initialized: appHeight=600, physics.ppm=50.0
21:53:12.145 [FXGL Background Thread 1 ] DEBUG PhysicsWorld         - Using strategy: BRUTE_FORCE
21:53:12.147 [FXGL Background Thread 1 ] DEBUG GameScene            - Game scene initialized: 800x600
21:53:12.155 [FXGL Background Thread 1 ] DEBUG FXGL.DefaultMenu     - createMenuBodyMainMenu()
21:53:12.166 [FXGL Background Thread 1 ] DEBUG FXGL.DefaultMenu     - createOptionsMenu()
21:53:12.175 [FXGL Background Thread 1 ] DEBUG FXGLAssetLoaderServi - Loading from file system: jar:file:///C:/Users/acer/.m2/repository/com/github/almasb/fxgl/dev-SNAPSHOT/fxgl-dev-SNAPSHOT.jar!/fxglassets/textures/particles/smoke.png
21:53:12.237 [FXGL Background Thread 1 ] DEBUG FXGLAssetLoaderServi - Loading from file system: jar:file:///C:/Users/acer/.m2/repository/com/github/almasb/fxgl/dev-SNAPSHOT/fxgl-dev-SNAPSHOT.jar!/fxglassets/textures/particles/trace_horizontal.png
21:53:12.259 [FXGL Background Thread 1 ] DEBUG GameApplicationServi - Application scenes initialized
21:53:12.265 [FXGL Background Thread 1 ] DEBUG SystemBundleService  - Loading FXGL system data
21:53:12.269 [FXGL Background Thread 1 ] DEBUG FileSystemAccess     - Reading from: C:\Users\acer\OneDrive\Desktop\git pull\CSS124L-FINAL-PROJECT\system\fxgl.bundle
21:53:12.273 [FXGL Background Thread 1 ] DEBUG SystemBundleService  - Bundle FXGL: {}
21:53:12.273 [FXGL Background Thread 1 ] DEBUG UpdaterService       - Checking for updates
21:53:12.290 [FXGL Background Thread 4 ] DEBUG FXGLApplication      - Loading fonts
21:53:12.290 [FXGL Background Thread 1 ] DEBUG FXGLApplication      - Loading default localization
21:53:12.290 [FXGL Background Thread 4 ] DEBUG FXGLAssetLoaderServi - Loading from file system: jar:file:///C:/Users/acer/.m2/repository/com/github/almasb/fxgl/dev-SNAPSHOT/fxgl-dev-SNAPSHOT.jar!/fxglassets/ui/fonts/VarelaRound-Regular.ttf
21:53:12.291 [FXGL Background Thread 1 ] DEBUG FXGLAssetLoaderServi - Loading from file system: jar:file:///C:/Users/acer/.m2/repository/com/github/almasb/fxgl/dev-SNAPSHOT/fxgl-dev-SNAPSHOT.jar!/fxglassets/languages/english.lang
21:53:12.303 [FXGL Background Thread 1 ] INFO  FXGLApplication      - FXGL initialization took: 0.289 sec
21:53:12.314 [JavaFX Application Thread] DEBUG Input                - Registered new binding: Move Upwards - W
21:53:12.314 [JavaFX Application Thread] DEBUG Input                - Registered new binding: Move Down - S
21:53:12.314 [JavaFX Application Thread] DEBUG Input                - Registered new binding: Move Left - A
21:53:12.314 [JavaFX Application Thread] DEBUG Input                - Registered new binding: Move Right - D
21:53:12.314 [JavaFX Application Thread] DEBUG Input                - Registered new binding: Reload - R
21:53:12.315 [JavaFX Application Thread] DEBUG Input                - Registered new binding: Shoot - LMB
21:53:12.315 [JavaFX Application Thread] DEBUG Input                - Registered new binding: Switch Weapons - Q
21:53:12.315 [JavaFX Application Thread] DEBUG Input                - Registered new binding: Interact - F
21:53:12.316 [JavaFX Application Thread] DEBUG FXGLAssetLoaderServi - Loading from file system: jar:file:///C:/Users/acer/.m2/repository/com/github/almasb/fxgl/dev-SNAPSHOT/fxgl-dev-SNAPSHOT.jar!/fxglassets/textures/fxgl_icon.png
21:53:12.331 [JavaFX Application Thread] DEBUG FXGLAssetLoaderServi - Loading from file system: jar:file:///C:/Users/acer/.m2/repository/com/github/almasb/fxgl/dev-SNAPSHOT/fxgl-dev-SNAPSHOT.jar!/fxglassets/textures/fxgl_default_cursor.png
21:53:12.333 [JavaFX Application Thread] DEBUG Input                - Registered new binding: Screenshot - CTRL+8
21:53:12.333 [JavaFX Application Thread] DEBUG Input                - Registered new binding: Dev Options - 1
21:53:12.333 [JavaFX Application Thread] DEBUG Input                - Registered new binding: Dev Console - 2
21:53:12.334 [JavaFX Application Thread] DEBUG Input                - Registered new binding: System info dump - CTRL+9
21:53:12.334 [JavaFX Application Thread] DEBUG Input                - Registered new binding: Restart - CTRL+R
21:53:12.334 [JavaFX Application Thread] DEBUG Input                - Registered new binding: Toggle Debug Camera - CTRL+C
21:53:12.337 [JavaFX Application Thread] DEBUG LoopRunner           - Starting loop
21:53:12.351 [JavaFX Application Thread] DEBUG LoopRunner           - Initializing JavaFX AnimationTimerLoop
21:53:12.353 [JavaFX Application Thread] DEBUG Input                - Clearing active input actions
21:53:12.361 [JavaFX Application Thread] DEBUG GameApplicationServi - Removing overlay from FXGLStartupScene and adding to FXGLMainMenuDummyScene
21:53:12.364 [JavaFX Application Thread] DEBUG PrimaryStageWindow   - FXGLStartupScene -> FXGLMainMenuDummyScene
21:53:12.365 [JavaFX Application Thread] DEBUG PrimaryStageWindow   - Push state: FXGLDefaultMenu
21:53:12.367 [JavaFX Application Thread] DEBUG Input                - Clearing active input actions
21:53:12.373 [JavaFX Application Thread] DEBUG GameApplicationServi - Removing overlay from FXGLMainMenuDummyScene and adding to FXGLDefaultMenu
21:53:12.373 [JavaFX Application Thread] DEBUG PrimaryStageWindow   - FXGLMainMenuDummyScene -> FXGLDefaultMenu
21:53:12.675 [FXGL Background Thread 4 ] DEBUG FXGLAssetLoaderServi - Loading from file system: jar:file:///C:/Users/acer/.m2/repository/com/github/almasb/fxgl/dev-SNAPSHOT/fxgl-dev-SNAPSHOT.jar!/fxglassets/ui/fonts/Abel-Regular.ttf
21:53:12.681 [FXGL Background Thread 4 ] DEBUG FXGLAssetLoaderServi - Loading from file system: jar:file:///C:/Users/acer/.m2/repository/com/github/almasb/fxgl/dev-SNAPSHOT/fxgl-dev-SNAPSHOT.jar!/fxglassets/ui/fonts/lucida_console.ttf
21:53:12.687 [FXGL Background Thread 4 ] DEBUG FXGLAssetLoaderServi - Loading from file system: jar:file:///C:/Users/acer/.m2/repository/com/github/almasb/fxgl/dev-SNAPSHOT/fxgl-dev-SNAPSHOT.jar!/fxglassets/ui/fonts/Courier-Prime.ttf
21:53:12.693 [JavaFX Application Thread] DEBUG FXGLApplication      - Registering font factories with UI factory
21:53:12.987 [JavaFX Application Thread] DEBUG Menu                 - fireNewGame()
21:53:12.987 [JavaFX Application Thread] DEBUG GameApplicationServi - Starting new game
21:53:12.988 [JavaFX Application Thread] DEBUG PrimaryStageWindow   - Pop state: FXGLDefaultMenu
21:53:12.989 [JavaFX Application Thread] DEBUG Input                - Clearing active input actions
21:53:12.990 [JavaFX Application Thread] DEBUG GameApplicationServi - Removing overlay from FXGLDefaultMenu and adding to FXGLMainMenuDummyScene
21:53:12.992 [JavaFX Application Thread] DEBUG PrimaryStageWindow   - FXGLMainMenuDummyScene <- FXGLDefaultMenu
21:53:12.992 [JavaFX Application Thread] DEBUG Input                - Clearing active input actions
21:53:12.999 [JavaFX Application Thread] DEBUG GameApplicationServi - Removing overlay from FXGLMainMenuDummyScene and adding to FXGLLoadingScene
21:53:13.000 [JavaFX Application Thread] DEBUG PrimaryStageWindow   - FXGLMainMenuDummyScene -> FXGLLoadingScene
21:53:13.000 [JavaFX Application Thread] DEBUG GameApplicationServi - Clearing previous game
21:53:13.000 [JavaFX Application Thread] DEBUG GameScene            - Clearing game scene
21:53:13.000 [JavaFX Application Thread] DEBUG GameWorld            - Clearing game world
21:53:13.000 [JavaFX Application Thread] DEBUG PhysicsWorld         - Clearing physics world
21:53:13.001 [FXGL Background Thread 4 ] DEBUG FXGLApplication      - Initializing game
21:53:13.028 [FXGL Background Thread 4 ] INFO  FXGLApplication      - Game initialization took: 0.026 sec
21:53:13.034 [FXGL Background Thread 2 ] INFO  UpdaterService       - Your current version:  dev-SNAPSHOT
21:53:13.035 [FXGL Background Thread 2 ] INFO  UpdaterService       - Latest stable version: 21.1
21:53:13.048 [JavaFX Application Thread] DEBUG Input                - Clearing active input actions
21:53:13.053 [JavaFX Application Thread] DEBUG GameApplicationServi - Removing overlay from FXGLLoadingScene and adding to GameScene
21:53:13.054 [JavaFX Application Thread] DEBUG PrimaryStageWindow   - FXGLLoadingScene -> GameScene
21:53:13.062 [JavaFX Application Thread] DEBUG PrimaryStageWindow   - Push state: PlayerCountMenu
21:53:13.062 [JavaFX Application Thread] DEBUG Input                - Clearing active input actions
21:53:13.062 [JavaFX Application Thread] DEBUG GameApplicationServi - Removing overlay from GameScene and adding to PlayerCountMenu
21:53:13.063 [JavaFX Application Thread] DEBUG PrimaryStageWindow   - GameScene -> PlayerCountMenu
21:53:13.524 [JavaFX Application Thread] DEBUG FXGLAssetLoaderServi - Loading from file system: file:/C:/Users/acer/OneDrive/Desktop/git%20pull/CSS124L-FINAL-PROJECT/fp/target/classes/assets/textures/Weapons/Idle/BerettaM9_Idle.png
21:53:13.525 [JavaFX Application Thread] DEBUG FXGLAssetLoaderServi - Loading from file system: file:/C:/Users/acer/OneDrive/Desktop/git%20pull/CSS124L-FINAL-PROJECT/fp/target/classes/assets/textures/Weapons/Shooting/BerettaM9_Shooting.png
21:53:13.528 [JavaFX Application Thread] DEBUG FXGLAssetLoaderServi - Loading from file system: file:/C:/Users/acer/OneDrive/Desktop/git%20pull/CSS124L-FINAL-PROJECT/fp/target/classes/assets/textures/Players/1P_Shoot.png
21:53:13.531 [JavaFX Application Thread] DEBUG FXGLAssetLoaderServi - Loading from file system: file:/C:/Users/acer/OneDrive/Desktop/git%20pull/CSS124L-FINAL-PROJECT/fp/target/classes/assets/textures/Interactables/vending_machine.png
21:53:13.534 [JavaFX Application Thread] DEBUG FXGLAssetLoaderServi - Loading from file system: file:/C:/Users/acer/OneDrive/Desktop/git%20pull/CSS124L-FINAL-PROJECT/fp/target/classes/assets/textures/Interactables/microwave_close.png
21:53:13.535 [JavaFX Application Thread] DEBUG PrimaryStageWindow   - Pop state: PlayerCountMenu
21:53:13.535 [JavaFX Application Thread] DEBUG Input                - Clearing active input actions
21:53:13.535 [JavaFX Application Thread] DEBUG GameApplicationServi - Removing overlay from PlayerCountMenu and adding to GameScene
21:53:13.536 [JavaFX Application Thread] DEBUG PrimaryStageWindow   - GameScene <- PlayerCountMenu
21:53:14.005 [JavaFX Application Thread] DEBUG FXGLAssetLoaderServi - Loading from file system: file:/C:/Users/acer/OneDrive/Desktop/git%20pull/CSS124L-FINAL-PROJECT/fp/target/classes/assets/textures/Zombies/Basic_Zombie_Walking.png
21:53:14.008 [JavaFX Application Thread] DEBUG FXGLAssetLoaderServi - Loading from file system: file:/C:/Users/acer/OneDrive/Desktop/git%20pull/CSS124L-FINAL-PROJECT/fp/target/classes/assets/textures/Zombies/Basic_Zombie_Attack.png
21:53:15.288 [FXGL Background Thread 3 ] DEBUG Engine               - Logging environment variables
21:53:15.288 [FXGL Background Thread 3 ] DEBUG Engine               - achievements: []
21:53:15.288 [FXGL Background Thread 3 ] DEBUG Engine               - actualHeight: 600.0
21:53:15.288 [FXGL Background Thread 3 ] DEBUG Engine               - actualHeightProperty: ReadOnlyDoubleProperty [value: 600.0]
21:53:15.288 [FXGL Background Thread 3 ] DEBUG Engine               - actualWidth: 800.0
21:53:15.288 [FXGL Background Thread 3 ] DEBUG Engine               - actualWidthProperty: ReadOnlyDoubleProperty [value: 800.0]
21:53:15.288 [FXGL Background Thread 3 ] DEBUG Engine               - appIcon: fxgl_icon.png
21:53:15.288 [FXGL Background Thread 3 ] DEBUG Engine               - applicationMode: DEVELOPER
21:53:15.289 [FXGL Background Thread 3 ] DEBUG Engine               - cSSList: [fxgl_dark.css]
21:53:15.289 [FXGL Background Thread 3 ] DEBUG Engine               - collisionDetectionStrategy: BRUTE_FORCE
21:53:15.289 [FXGL Background Thread 3 ] DEBUG Engine               - configClass: Optional.empty
21:53:15.289 [FXGL Background Thread 3 ] DEBUG Engine               - credits: []
21:53:15.289 [FXGL Background Thread 3 ] DEBUG Engine               - defaultCursor: CursorInfo(imageName=fxgl_default_cursor.png, hotspotX=7.0, hotspotY=6.0)
21:53:15.289 [FXGL Background Thread 3 ] DEBUG Engine               - devBBoxColorProperty: ObjectProperty [value: 0xff0000ff]
21:53:15.289 [FXGL Background Thread 3 ] DEBUG Engine               - devEnableDebugCameraProperty: BooleanProperty [value: false]
21:53:15.289 [FXGL Background Thread 3 ] DEBUG Engine               - devSensorColorProperty: ObjectProperty [value: 0xffff00ff]
21:53:15.289 [FXGL Background Thread 3 ] DEBUG Engine               - devShowBBoxProperty: BooleanProperty [value: false]
21:53:15.289 [FXGL Background Thread 3 ] DEBUG Engine               - devShowPositionProperty: BooleanProperty [value: false]
21:53:15.289 [FXGL Background Thread 3 ] DEBUG Engine               - enabledMenuItems: []
21:53:15.290 [FXGL Background Thread 3 ] DEBUG Engine               - engineServices: [class com.almasb.fxgl.app.services.FXGLAssetLoaderService, class com.almasb.fxgl.app.FXGLApplication$GameApplicationService, class com.almasb.fxgl.app.services.FXGLDialogService, class com.almasb.fxgl.app.services.IOTaskExecutorService, class com.almasb.fxgl.io.FileSystemService, class com.almasb.fxgl.localization.LocalizationService, class com.almasb.fxgl.app.services.SystemBundleService, class com.almasb.fxgl.profile.SaveLoadService, class com.almasb.fxgl.ui.FXGLUIFactoryServiceProvider, class com.almasb.fxgl.ui.FXGLDialogFactoryServiceProvider, class com.almasb.fxgl.audio.AudioPlayer, class com.almasb.fxgl.notification.impl.NotificationServiceProvider, class com.almasb.fxgl.achievement.AchievementService, class com.almasb.fxgl.cutscene.CutsceneService, class com.almasb.fxgl.minigames.MiniGameService, class com.almasb.fxgl.net.NetService, class com.almasb.fxgl.app.services.UpdaterService, class com.almasb.fxgl.dev.DevService, class com.almasb.fxgl.multiplayer.MultiplayerService]
21:53:15.290 [FXGL Background Thread 3 ] DEBUG Engine               - fontGame: Abel-Regular.ttf
21:53:15.290 [FXGL Background Thread 3 ] DEBUG Engine               - fontMono: lucida_console.ttf
21:53:15.290 [FXGL Background Thread 3 ] DEBUG Engine               - fontText: Courier-Prime.ttf
21:53:15.290 [FXGL Background Thread 3 ] DEBUG Engine               - fontUI: VarelaRound-Regular.ttf
21:53:15.290 [FXGL Background Thread 3 ] DEBUG Engine               - fullScreen: BooleanProperty [value: false]
21:53:15.290 [FXGL Background Thread 3 ] DEBUG Engine               - gameDifficulty: MEDIUM
21:53:15.290 [FXGL Background Thread 3 ] DEBUG Engine               - gameDifficultyProperty: ObjectProperty [value: MEDIUM]
21:53:15.290 [FXGL Background Thread 3 ] DEBUG Engine               - globalMusicVolume: 0.5
21:53:15.290 [FXGL Background Thread 3 ] DEBUG Engine               - globalMusicVolumeProperty: DoubleProperty [value: 0.5]
21:53:15.290 [FXGL Background Thread 3 ] DEBUG Engine               - globalSoundVolume: 0.5
21:53:15.290 [FXGL Background Thread 3 ] DEBUG Engine               - globalSoundVolumeProperty: DoubleProperty [value: 0.5]
21:53:15.290 [FXGL Background Thread 3 ] DEBUG Engine               - height: 600
21:53:15.290 [FXGL Background Thread 3 ] DEBUG Engine               - is3D: false
21:53:15.290 [FXGL Background Thread 3 ] DEBUG Engine               - isAndroid: false
21:53:15.290 [FXGL Background Thread 3 ] DEBUG Engine               - isBrowser: false
21:53:15.290 [FXGL Background Thread 3 ] DEBUG Engine               - isClickFeedbackEnabled: false
21:53:15.290 [FXGL Background Thread 3 ] DEBUG Engine               - isCloseConfirmation: false
21:53:15.290 [FXGL Background Thread 3 ] DEBUG Engine               - isDesktop: true
21:53:15.290 [FXGL Background Thread 3 ] DEBUG Engine               - isDeveloperMenuEnabled: true
21:53:15.290 [FXGL Background Thread 3 ] DEBUG Engine               - isEmbedded: false
21:53:15.290 [FXGL Background Thread 3 ] DEBUG Engine               - isEntityPreloadEnabled: true
21:53:15.290 [FXGL Background Thread 3 ] DEBUG Engine               - isExperimentalTiledLargeMap: false
21:53:15.290 [FXGL Background Thread 3 ] DEBUG Engine               - isFileSystemWriteAllowed: true
21:53:15.290 [FXGL Background Thread 3 ] DEBUG Engine               - isFullScreenAllowed: false
21:53:15.291 [FXGL Background Thread 3 ] DEBUG Engine               - isFullScreenFromStart: false
21:53:15.291 [FXGL Background Thread 3 ] DEBUG Engine               - isGameMenuEnabled: true
21:53:15.291 [FXGL Background Thread 3 ] DEBUG Engine               - isIOS: false
21:53:15.291 [FXGL Background Thread 3 ] DEBUG Engine               - isIntroEnabled: false
21:53:15.291 [FXGL Background Thread 3 ] DEBUG Engine               - isLinux: false
21:53:15.291 [FXGL Background Thread 3 ] DEBUG Engine               - isMac: false
21:53:15.291 [FXGL Background Thread 3 ] DEBUG Engine               - isMainMenuEnabled: true
21:53:15.291 [FXGL Background Thread 3 ] DEBUG Engine               - isManualResizeEnabled: false
21:53:15.291 [FXGL Background Thread 3 ] DEBUG Engine               - isMobile: false
21:53:15.291 [FXGL Background Thread 3 ] DEBUG Engine               - isNative: false
21:53:15.291 [FXGL Background Thread 3 ] DEBUG Engine               - isPauseMusicWhenMinimized: true
21:53:15.291 [FXGL Background Thread 3 ] DEBUG Engine               - isPreserveResizeRatio: false
21:53:15.291 [FXGL Background Thread 3 ] DEBUG Engine               - isProfilingEnabled: false
21:53:15.291 [FXGL Background Thread 3 ] DEBUG Engine               - isScaleAffectedOnResize: true
21:53:15.291 [FXGL Background Thread 3 ] DEBUG Engine               - isSingleStep: false
21:53:15.291 [FXGL Background Thread 3 ] DEBUG Engine               - isUserProfileEnabled: false
21:53:15.291 [FXGL Background Thread 3 ] DEBUG Engine               - isWindows: true
21:53:15.291 [FXGL Background Thread 3 ] DEBUG Engine               - language: ObjectProperty [value: ENGLISH]
21:53:15.291 [FXGL Background Thread 3 ] DEBUG Engine               - menuKey: ESCAPE
21:53:15.291 [FXGL Background Thread 3 ] DEBUG Engine               - mouseSensitivity: 0.2
21:53:15.291 [FXGL Background Thread 3 ] DEBUG Engine               - notificationViewClass: class com.almasb.fxgl.notification.view.XboxNotificationView
21:53:15.291 [FXGL Background Thread 3 ] DEBUG Engine               - pixelsPerMeter: 50.0
21:53:15.291 [FXGL Background Thread 3 ] DEBUG Engine               - platform: WINDOWS
21:53:15.291 [FXGL Background Thread 3 ] DEBUG Engine               - prefHeightProperty: ReadOnlyDoubleProperty [value: 600.0]
21:53:15.291 [FXGL Background Thread 3 ] DEBUG Engine               - prefWidthProperty: ReadOnlyDoubleProperty [value: 800.0]
21:53:15.291 [FXGL Background Thread 3 ] DEBUG Engine               - profileDir: profiles/
21:53:15.291 [FXGL Background Thread 3 ] DEBUG Engine               - profileName: StringProperty [value: DEFAULT]
21:53:15.291 [FXGL Background Thread 3 ] DEBUG Engine               - randomSeed: -1
21:53:15.291 [FXGL Background Thread 3 ] DEBUG Engine               - runtimeInfo: RuntimeInfo(platform=WINDOWS, version=dev-SNAPSHOT, build=28.07.2021 16.39)
21:53:15.291 [FXGL Background Thread 3 ] DEBUG Engine               - saveFileExt: sav
21:53:15.291 [FXGL Background Thread 3 ] DEBUG Engine               - scaledHeightProp$fxgl: DoubleProperty [bound, value: 600.0]
21:53:15.291 [FXGL Background Thread 3 ] DEBUG Engine               - scaledWidthProp$fxgl: DoubleProperty [bound, value: 800.0]
21:53:15.292 [FXGL Background Thread 3 ] DEBUG Engine               - sceneFactory: com.groupfour.mygame.App$1@4630bff7
21:53:15.292 [FXGL Background Thread 3 ] DEBUG Engine               - secondsIn24h: 60
21:53:15.292 [FXGL Background Thread 3 ] DEBUG Engine               - soundMenuBack: menu/back.wav
21:53:15.292 [FXGL Background Thread 3 ] DEBUG Engine               - soundMenuPress: menu/press.wav
21:53:15.292 [FXGL Background Thread 3 ] DEBUG Engine               - soundMenuSelect: menu/select.wav
21:53:15.292 [FXGL Background Thread 3 ] DEBUG Engine               - soundNotification: core/notification.wav
21:53:15.292 [FXGL Background Thread 3 ] DEBUG Engine               - stageStyle: DECORATED
21:53:15.292 [FXGL Background Thread 3 ] DEBUG Engine               - supportedLanguages: [ENGLISH, FRENCH, GERMAN, HUNGARIAN, RUSSIAN]
21:53:15.292 [FXGL Background Thread 3 ] DEBUG Engine               - ticksPerSecond: -1
21:53:15.292 [FXGL Background Thread 3 ] DEBUG Engine               - title: Flatline: Oregon
21:53:15.292 [FXGL Background Thread 3 ] DEBUG Engine               - urlGithub: https://github.com/AlmasB/FXGL
21:53:15.292 [FXGL Background Thread 3 ] DEBUG Engine               - urlLeaderboard: http://fxgl-top.herokuapp.com/
21:53:15.292 [FXGL Background Thread 3 ] DEBUG Engine               - urlPOM: https://raw.githubusercontent.com/AlmasB/FXGL/release/README.md
21:53:15.292 [FXGL Background Thread 3 ] DEBUG Engine               - userAppClass: class com.groupfour.mygame.App
21:53:15.292 [FXGL Background Thread 3 ] DEBUG Engine               - version: Alpha 0.3
21:53:15.292 [FXGL Background Thread 3 ] DEBUG Engine               - versionCheckDays: 7
21:53:15.292 [FXGL Background Thread 3 ] DEBUG Engine               - width: 800
21:53:15.292 [FXGL Background Thread 3 ] DEBUG Engine               - Logging services
21:53:15.292 [FXGL Background Thread 3 ] DEBUG Engine               - class com.almasb.fxgl.app.services.FXGLAssetLoaderService
21:53:15.292 [FXGL Background Thread 3 ] DEBUG Engine               - class com.almasb.fxgl.app.FXGLApplication$GameApplicationService
21:53:15.292 [FXGL Background Thread 3 ] DEBUG Engine               - class com.almasb.fxgl.app.services.FXGLDialogService
21:53:15.292 [FXGL Background Thread 3 ] DEBUG Engine               - class com.almasb.fxgl.app.services.IOTaskExecutorService
21:53:15.292 [FXGL Background Thread 3 ] DEBUG Engine               - class com.almasb.fxgl.io.FileSystemService
21:53:15.292 [FXGL Background Thread 3 ] DEBUG Engine               - class com.almasb.fxgl.localization.LocalizationService
21:53:15.292 [FXGL Background Thread 3 ] DEBUG Engine               - class com.almasb.fxgl.app.services.SystemBundleService
21:53:15.292 [FXGL Background Thread 3 ] DEBUG Engine               - class com.almasb.fxgl.profile.SaveLoadService
21:53:15.292 [FXGL Background Thread 3 ] DEBUG Engine               - class com.almasb.fxgl.ui.FXGLUIFactoryServiceProvider
21:53:15.292 [FXGL Background Thread 3 ] DEBUG Engine               - class com.almasb.fxgl.ui.FXGLDialogFactoryServiceProvider
21:53:15.292 [FXGL Background Thread 3 ] DEBUG Engine               - class com.almasb.fxgl.audio.AudioPlayer
21:53:15.292 [FXGL Background Thread 3 ] DEBUG Engine               - class com.almasb.fxgl.notification.impl.NotificationServiceProvider
21:53:15.292 [FXGL Background Thread 3 ] DEBUG Engine               - class com.almasb.fxgl.achievement.AchievementService
21:53:15.293 [FXGL Background Thread 3 ] DEBUG Engine               - class com.almasb.fxgl.cutscene.CutsceneService
21:53:15.293 [FXGL Background Thread 3 ] DEBUG Engine               - class com.almasb.fxgl.minigames.MiniGameService
21:53:15.293 [FXGL Background Thread 3 ] DEBUG Engine               - class com.almasb.fxgl.net.NetService
21:53:15.293 [FXGL Background Thread 3 ] DEBUG Engine               - class com.almasb.fxgl.app.services.UpdaterService
21:53:15.293 [FXGL Background Thread 3 ] DEBUG Engine               - class com.almasb.fxgl.dev.DevService
21:53:15.293 [FXGL Background Thread 3 ] DEBUG Engine               - class com.almasb.fxgl.multiplayer.MultiplayerService
21:53:25.251 [JavaFX Application Thread] DEBUG FXGLApplication      - Exiting FXGL
21:53:25.251 [JavaFX Application Thread] DEBUG LoopRunner           - Stopping loop
21:53:25.251 [JavaFX Application Thread] DEBUG SystemBundleService  - Saving FXGL system data
21:53:25.252 [JavaFX Application Thread] DEBUG FileSystemAccess     - Writing to: C:\Users\acer\OneDrive\Desktop\git pull\CSS124L-FINAL-PROJECT\system\fxgl.bundle
21:53:25.254 [JavaFX Application Thread] DEBUG Async                - Shutting down background threads
21:53:25.254 [JavaFX Application Thread] DEBUG PrimaryStageWindow   - Closing main window
21:53:25.265 [JavaFX Application Thread] DEBUG Logger               - Closing Logger
