18:42:18.980 [main                     ] DEBUG Logger               - Configured Logger
18:42:19.005 [main                     ] DEBUG GameApplication      - Logging settings
Title: Flatline: Oregon
Version: Beta ?
Width: 800
Height: 600
Fullscreen: false
Intro: false
Profiling: false
Single step:false
App Mode: DEVELOPER
Menu Key: ESCAPE
Stage Style: DECORATED
Scene Factory: class com.groupfour.mygame.App$1

18:42:19.646 [JavaFX Application Thread] DEBUG FXGLApplication      - Initializing FXGL
18:42:19.647 [JavaFX Application Thread] INFO  Engine               - FXGL-dev-SNAPSHOT (28.07.2021 16.39) on WINDOWS (J:11.0.22 FX:16)
18:42:19.648 [JavaFX Application Thread] DEBUG Engine               - JRE Vendor Name: Oracle Corporation
18:42:19.649 [JavaFX Application Thread] DEBUG Engine               - Running on OS: Windows 11 version 10.0
18:42:19.649 [JavaFX Application Thread] DEBUG Engine               - Architecture: amd64
18:42:19.649 [JavaFX Application Thread] INFO  Engine               - Source code and latest versions at: https://github.com/AlmasB/FXGL
18:42:19.649 [JavaFX Application Thread] INFO  Engine               -              Join the FXGL chat at: https://gitter.im/AlmasB/FXGL
18:42:19.713 [JavaFX Application Thread] DEBUG PrimaryStageWindow   - Creating a JavaFX scene
18:42:19.759 [JavaFX Application Thread] DEBUG PrimaryStageWindow   - Target settings size: 800.0 x 600.0
18:42:19.760 [JavaFX Application Thread] DEBUG PrimaryStageWindow   - Scaled scene size:    800.0 x 600.0
18:42:19.760 [JavaFX Application Thread] DEBUG PrimaryStageWindow   - Scaled ratio: (1.0, 1.0)
18:42:19.760 [JavaFX Application Thread] DEBUG PrimaryStageWindow   - Set initial scene to FXGLStartupScene
18:42:19.765 [JavaFX Application Thread] DEBUG PrimaryStageWindow   - Opening main window
18:42:19.850 [JavaFX Application Thread] DEBUG PrimaryStageWindow   - Window border size: (14.4000244140625, 37.5999755859375)
18:42:19.850 [JavaFX Application Thread] DEBUG PrimaryStageWindow   - Scaled size: 800.0 x 600.0
18:42:19.850 [JavaFX Application Thread] DEBUG PrimaryStageWindow   - Scaled ratio: (1.0, 1.0)
18:42:19.850 [JavaFX Application Thread] DEBUG PrimaryStageWindow   - Scene size: 800.0 x 600.0
18:42:19.850 [JavaFX Application Thread] DEBUG PrimaryStageWindow   - Stage size: 814.4000244140625 x 637.5999755859375
18:42:19.856 [FXGL Background Thread 1 ] DEBUG Engine               - Initializing environment variables
18:42:19.910 [FXGL Background Thread 1 ] DEBUG FXGLAssetLoaderServi - User app class for loading assets: class com.groupfour.mygame.App
18:42:19.910 [FXGL Background Thread 1 ] DEBUG GameApplicationServi - Applying CSS: fxgl_dark.css
18:42:19.911 [FXGL Background Thread 1 ] DEBUG FXGLAssetLoaderServi - Loading from file system: jar:file:///C:/Users/acer/.m2/repository/com/github/almasb/fxgl/dev-SNAPSHOT/fxgl-dev-SNAPSHOT.jar!/fxglassets/ui/css/fxgl_dark.css
18:42:19.959 [FXGL Background Thread 1 ] DEBUG GameApplicationServi - Initializing application scenes
18:42:19.990 [FXGL Background Thread 1 ] DEBUG GameWorld            - Game world initialized
18:42:20.032 [FXGL Background Thread 1 ] DEBUG PhysicsWorld         - Physics world initialized: appHeight=600, physics.ppm=50.0
18:42:20.032 [FXGL Background Thread 1 ] DEBUG PhysicsWorld         - Using strategy: BRUTE_FORCE
18:42:20.034 [FXGL Background Thread 1 ] DEBUG GameScene            - Game scene initialized: 800x600
18:42:20.043 [FXGL Background Thread 1 ] DEBUG FXGL.DefaultMenu     - createMenuBodyMainMenu()
18:42:20.054 [FXGL Background Thread 1 ] DEBUG FXGL.DefaultMenu     - createOptionsMenu()
18:42:20.061 [FXGL Background Thread 1 ] DEBUG FXGLAssetLoaderServi - Loading from file system: jar:file:///C:/Users/acer/.m2/repository/com/github/almasb/fxgl/dev-SNAPSHOT/fxgl-dev-SNAPSHOT.jar!/fxglassets/textures/particles/smoke.png
18:42:20.138 [FXGL Background Thread 1 ] DEBUG FXGLAssetLoaderServi - Loading from file system: jar:file:///C:/Users/acer/.m2/repository/com/github/almasb/fxgl/dev-SNAPSHOT/fxgl-dev-SNAPSHOT.jar!/fxglassets/textures/particles/trace_horizontal.png
18:42:20.160 [FXGL Background Thread 1 ] DEBUG FXGLAssetLoaderServi - Loading from file system: file:/C:/Users/acer/OneDrive/Desktop/git%20pull/CSS124L-FINAL-PROJECT/fp/target/classes/assets/textures/spbtn.png
18:42:20.181 [FXGL Background Thread 1 ] DEBUG FXGLAssetLoaderServi - Loading from file system: file:/C:/Users/acer/OneDrive/Desktop/git%20pull/CSS124L-FINAL-PROJECT/fp/target/classes/assets/textures/mpbtn.png
18:42:20.187 [FXGL Background Thread 1 ] DEBUG FXGLAssetLoaderServi - Loading from file system: file:/C:/Users/acer/OneDrive/Desktop/git%20pull/CSS124L-FINAL-PROJECT/fp/target/classes/assets/textures/return.png
18:42:20.199 [FXGL Background Thread 1 ] DEBUG GameApplicationServi - Application scenes initialized
18:42:20.208 [FXGL Background Thread 1 ] DEBUG SystemBundleService  - Loading FXGL system data
18:42:20.212 [FXGL Background Thread 1 ] DEBUG FileSystemAccess     - Reading from: C:\Users\acer\OneDrive\Desktop\git pull\CSS124L-FINAL-PROJECT\system\fxgl.bundle
18:42:20.216 [FXGL Background Thread 1 ] DEBUG SystemBundleService  - Bundle FXGL: {}
18:42:20.216 [FXGL Background Thread 1 ] DEBUG UpdaterService       - Checking for updates
18:42:20.233 [FXGL Background Thread 4 ] DEBUG FXGLApplication      - Loading fonts
18:42:20.233 [FXGL Background Thread 1 ] DEBUG FXGLApplication      - Loading default localization
18:42:20.233 [FXGL Background Thread 1 ] DEBUG FXGLAssetLoaderServi - Loading from file system: jar:file:///C:/Users/acer/.m2/repository/com/github/almasb/fxgl/dev-SNAPSHOT/fxgl-dev-SNAPSHOT.jar!/fxglassets/languages/english.lang
18:42:20.233 [FXGL Background Thread 4 ] DEBUG FXGLAssetLoaderServi - Loading from file system: jar:file:///C:/Users/acer/.m2/repository/com/github/almasb/fxgl/dev-SNAPSHOT/fxgl-dev-SNAPSHOT.jar!/fxglassets/ui/fonts/VarelaRound-Regular.ttf
18:42:20.247 [FXGL Background Thread 1 ] INFO  FXGLApplication      - FXGL initialization took: 0.390 sec
18:42:20.258 [JavaFX Application Thread] DEBUG Input                - Registered new binding: Move Upwards - W
18:42:20.258 [JavaFX Application Thread] DEBUG Input                - Registered new binding: Move Down - S
18:42:20.258 [JavaFX Application Thread] DEBUG Input                - Registered new binding: Move Left - A
18:42:20.258 [JavaFX Application Thread] DEBUG Input                - Registered new binding: Move Right - D
18:42:20.258 [JavaFX Application Thread] DEBUG Input                - Registered new binding: Reload - R
18:42:20.261 [JavaFX Application Thread] DEBUG Input                - Registered new binding: Shoot - LMB
18:42:20.261 [JavaFX Application Thread] DEBUG Input                - Registered new binding: Switch Weapons - Q
18:42:20.261 [JavaFX Application Thread] DEBUG Input                - Registered new binding: Interact - F
18:42:20.261 [JavaFX Application Thread] DEBUG FXGLAssetLoaderServi - Loading from file system: jar:file:///C:/Users/acer/.m2/repository/com/github/almasb/fxgl/dev-SNAPSHOT/fxgl-dev-SNAPSHOT.jar!/fxglassets/textures/fxgl_icon.png
18:42:20.274 [JavaFX Application Thread] DEBUG FXGLAssetLoaderServi - Loading from file system: jar:file:///C:/Users/acer/.m2/repository/com/github/almasb/fxgl/dev-SNAPSHOT/fxgl-dev-SNAPSHOT.jar!/fxglassets/textures/fxgl_default_cursor.png
18:42:20.275 [JavaFX Application Thread] DEBUG Input                - Registered new binding: Screenshot - CTRL+8
18:42:20.276 [JavaFX Application Thread] DEBUG Input                - Registered new binding: Dev Options - 1
18:42:20.276 [JavaFX Application Thread] DEBUG Input                - Registered new binding: Dev Console - 2
18:42:20.277 [JavaFX Application Thread] DEBUG Input                - Registered new binding: System info dump - CTRL+9
18:42:20.277 [JavaFX Application Thread] DEBUG Input                - Registered new binding: Restart - CTRL+R
18:42:20.278 [JavaFX Application Thread] DEBUG Input                - Registered new binding: Toggle Debug Camera - CTRL+C
18:42:20.280 [JavaFX Application Thread] DEBUG LoopRunner           - Starting loop
18:42:20.292 [JavaFX Application Thread] DEBUG LoopRunner           - Initializing JavaFX AnimationTimerLoop
18:42:20.295 [JavaFX Application Thread] DEBUG Input                - Clearing active input actions
18:42:20.304 [JavaFX Application Thread] DEBUG GameApplicationServi - Removing overlay from FXGLStartupScene and adding to FXGLMainMenuDummyScene
18:42:20.306 [JavaFX Application Thread] DEBUG PrimaryStageWindow   - FXGLStartupScene -> FXGLMainMenuDummyScene
18:42:20.307 [JavaFX Application Thread] DEBUG PrimaryStageWindow   - Push state: FXGLDefaultMenu
18:42:20.309 [JavaFX Application Thread] DEBUG Input                - Clearing active input actions
18:42:20.315 [JavaFX Application Thread] DEBUG GameApplicationServi - Removing overlay from FXGLMainMenuDummyScene and adding to FXGLDefaultMenu
18:42:20.315 [JavaFX Application Thread] DEBUG PrimaryStageWindow   - FXGLMainMenuDummyScene -> FXGLDefaultMenu
18:42:20.651 [FXGL Background Thread 4 ] DEBUG FXGLAssetLoaderServi - Loading from file system: jar:file:///C:/Users/acer/.m2/repository/com/github/almasb/fxgl/dev-SNAPSHOT/fxgl-dev-SNAPSHOT.jar!/fxglassets/ui/fonts/Abel-Regular.ttf
18:42:20.658 [FXGL Background Thread 4 ] DEBUG FXGLAssetLoaderServi - Loading from file system: jar:file:///C:/Users/acer/.m2/repository/com/github/almasb/fxgl/dev-SNAPSHOT/fxgl-dev-SNAPSHOT.jar!/fxglassets/ui/fonts/lucida_console.ttf
18:42:20.665 [FXGL Background Thread 4 ] DEBUG FXGLAssetLoaderServi - Loading from file system: jar:file:///C:/Users/acer/.m2/repository/com/github/almasb/fxgl/dev-SNAPSHOT/fxgl-dev-SNAPSHOT.jar!/fxglassets/ui/fonts/Courier-Prime.ttf
18:42:20.672 [JavaFX Application Thread] DEBUG FXGLApplication      - Registering font factories with UI factory
18:42:21.142 [FXGL Background Thread 2 ] INFO  UpdaterService       - Your current version:  dev-SNAPSHOT
18:42:21.143 [FXGL Background Thread 2 ] INFO  UpdaterService       - Latest stable version: 21.1
18:42:21.585 [JavaFX Application Thread] DEBUG Menu                 - fireNewGame()
18:42:21.586 [JavaFX Application Thread] DEBUG GameApplicationServi - Starting new game
18:42:21.587 [JavaFX Application Thread] DEBUG PrimaryStageWindow   - Pop state: FXGLDefaultMenu
18:42:21.588 [JavaFX Application Thread] DEBUG Input                - Clearing active input actions
18:42:21.591 [JavaFX Application Thread] DEBUG GameApplicationServi - Removing overlay from FXGLDefaultMenu and adding to FXGLMainMenuDummyScene
18:42:21.592 [JavaFX Application Thread] DEBUG PrimaryStageWindow   - FXGLMainMenuDummyScene <- FXGLDefaultMenu
18:42:21.593 [JavaFX Application Thread] DEBUG Input                - Clearing active input actions
18:42:21.599 [JavaFX Application Thread] DEBUG GameApplicationServi - Removing overlay from FXGLMainMenuDummyScene and adding to FXGLLoadingScene
18:42:21.599 [JavaFX Application Thread] DEBUG PrimaryStageWindow   - FXGLMainMenuDummyScene -> FXGLLoadingScene
18:42:21.600 [JavaFX Application Thread] DEBUG GameApplicationServi - Clearing previous game
18:42:21.600 [JavaFX Application Thread] DEBUG GameScene            - Clearing game scene
18:42:21.600 [JavaFX Application Thread] DEBUG GameWorld            - Clearing game world
18:42:21.600 [JavaFX Application Thread] DEBUG PhysicsWorld         - Clearing physics world
18:42:21.601 [FXGL Background Thread 2 ] DEBUG FXGLApplication      - Initializing game
18:42:21.648 [FXGL Background Thread 2 ] WARN  TMXLevelLoader       - TiledMap generated from 1.11.0. Supported version: 1.2.3. Some features may not be parsed fully.
18:42:21.656 [FXGL Background Thread 2 ] DEBUG TMXLevelLoader       - Parsed TiledMap: file:/C:/Users/acer/OneDrive/Desktop/git%20pull/CSS124L-FINAL-PROJECT/fp/target/classes/assets/levels/Lobby.tmx
18:42:21.657 [FXGL Background Thread 2 ] DEBUG TMXLevelLoader       - Creating tile layer entities
18:42:21.658 [FXGL Background Thread 2 ] DEBUG TilesetLoader        - Loading view for layer Tile Layer 1
18:42:21.659 [FXGL Background Thread 2 ] DEBUG TilesetLoader        - Created buffer with size 1280.0x768.0
18:42:21.666 [FXGL Background Thread 2 ] DEBUG TMXLevelLoader       - Creating object layer entities
18:42:21.683 [FXGL Background Thread 2 ] DEBUG GameWorld            - Clearing removable entities
18:42:21.684 [FXGL Background Thread 2 ] DEBUG GameWorld            - Setting level: com.almasb.fxgl.entity.level.Level@923a2d3
18:42:21.688 [FXGL Background Thread 2 ] DEBUG FXGLAssetLoaderServi - Loading from file system: file:/C:/Users/acer/OneDrive/Desktop/git%20pull/CSS124L-FINAL-PROJECT/fp/target/classes/assets/ui/fonts/PIXELADE.TTF
18:42:21.706 [FXGL Background Thread 2 ] INFO  FXGLApplication      - Game initialization took: 0.104 sec
18:42:21.722 [JavaFX Application Thread] DEBUG Input                - Clearing active input actions
18:42:21.729 [JavaFX Application Thread] DEBUG GameApplicationServi - Removing overlay from FXGLLoadingScene and adding to GameScene
18:42:21.730 [JavaFX Application Thread] DEBUG PrimaryStageWindow   - FXGLLoadingScene -> GameScene
18:42:21.734 [JavaFX Application Thread] DEBUG FXGLAssetLoaderServi - Loading from file system: file:/C:/Users/acer/OneDrive/Desktop/git%20pull/CSS124L-FINAL-PROJECT/fp/target/classes/assets/textures/Interactables/microwave_close.png
18:42:21.735 [JavaFX Application Thread] DEBUG PrimaryStageWindow   - Push state: PCM_BG
18:42:21.735 [JavaFX Application Thread] DEBUG Input                - Clearing active input actions
18:42:21.736 [JavaFX Application Thread] DEBUG GameApplicationServi - Removing overlay from GameScene and adding to PCM_BG
18:42:21.736 [JavaFX Application Thread] DEBUG PrimaryStageWindow   - GameScene -> PCM_BG
18:42:21.738 [JavaFX Application Thread] DEBUG PrimaryStageWindow   - Push state: PlayerCountMenu
18:42:21.739 [JavaFX Application Thread] DEBUG Input                - Clearing active input actions
18:42:21.739 [JavaFX Application Thread] DEBUG GameApplicationServi - Removing overlay from PCM_BG and adding to PlayerCountMenu
18:42:21.742 [JavaFX Application Thread] DEBUG PrimaryStageWindow   - PCM_BG -> PlayerCountMenu
18:42:23.232 [FXGL Background Thread 3 ] DEBUG Engine               - Logging environment variables
18:42:23.232 [FXGL Background Thread 3 ] DEBUG Engine               - achievements: []
18:42:23.233 [FXGL Background Thread 3 ] DEBUG Engine               - actualHeight: 600.0
18:42:23.233 [FXGL Background Thread 3 ] DEBUG Engine               - actualHeightProperty: ReadOnlyDoubleProperty [value: 600.0]
18:42:23.233 [FXGL Background Thread 3 ] DEBUG Engine               - actualWidth: 800.0
18:42:23.233 [FXGL Background Thread 3 ] DEBUG Engine               - actualWidthProperty: ReadOnlyDoubleProperty [value: 800.0]
18:42:23.233 [FXGL Background Thread 3 ] DEBUG Engine               - appIcon: fxgl_icon.png
18:42:23.233 [FXGL Background Thread 3 ] DEBUG Engine               - applicationMode: DEVELOPER
18:42:23.233 [FXGL Background Thread 3 ] DEBUG Engine               - cSSList: [fxgl_dark.css]
18:42:23.233 [FXGL Background Thread 3 ] DEBUG Engine               - collisionDetectionStrategy: BRUTE_FORCE
18:42:23.233 [FXGL Background Thread 3 ] DEBUG Engine               - configClass: Optional.empty
18:42:23.233 [FXGL Background Thread 3 ] DEBUG Engine               - credits: []
18:42:23.233 [FXGL Background Thread 3 ] DEBUG Engine               - defaultCursor: CursorInfo(imageName=fxgl_default_cursor.png, hotspotX=7.0, hotspotY=6.0)
18:42:23.234 [FXGL Background Thread 3 ] DEBUG Engine               - devBBoxColorProperty: ObjectProperty [value: 0xff0000ff]
18:42:23.234 [FXGL Background Thread 3 ] DEBUG Engine               - devEnableDebugCameraProperty: BooleanProperty [value: false]
18:42:23.234 [FXGL Background Thread 3 ] DEBUG Engine               - devSensorColorProperty: ObjectProperty [value: 0xffff00ff]
18:42:23.234 [FXGL Background Thread 3 ] DEBUG Engine               - devShowBBoxProperty: BooleanProperty [value: false]
18:42:23.234 [FXGL Background Thread 3 ] DEBUG Engine               - devShowPositionProperty: BooleanProperty [value: false]
18:42:23.234 [FXGL Background Thread 3 ] DEBUG Engine               - enabledMenuItems: []
18:42:23.234 [FXGL Background Thread 3 ] DEBUG Engine               - engineServices: [class com.almasb.fxgl.app.services.FXGLAssetLoaderService, class com.almasb.fxgl.app.FXGLApplication$GameApplicationService, class com.almasb.fxgl.app.services.FXGLDialogService, class com.almasb.fxgl.app.services.IOTaskExecutorService, class com.almasb.fxgl.io.FileSystemService, class com.almasb.fxgl.localization.LocalizationService, class com.almasb.fxgl.app.services.SystemBundleService, class com.almasb.fxgl.profile.SaveLoadService, class com.almasb.fxgl.ui.FXGLUIFactoryServiceProvider, class com.almasb.fxgl.ui.FXGLDialogFactoryServiceProvider, class com.almasb.fxgl.audio.AudioPlayer, class com.almasb.fxgl.notification.impl.NotificationServiceProvider, class com.almasb.fxgl.achievement.AchievementService, class com.almasb.fxgl.cutscene.CutsceneService, class com.almasb.fxgl.minigames.MiniGameService, class com.almasb.fxgl.net.NetService, class com.almasb.fxgl.app.services.UpdaterService, class com.almasb.fxgl.dev.DevService, class com.almasb.fxgl.multiplayer.MultiplayerService]
18:42:23.234 [FXGL Background Thread 3 ] DEBUG Engine               - fontGame: Abel-Regular.ttf
18:42:23.235 [FXGL Background Thread 3 ] DEBUG Engine               - fontMono: lucida_console.ttf
18:42:23.235 [FXGL Background Thread 3 ] DEBUG Engine               - fontText: Courier-Prime.ttf
18:42:23.235 [FXGL Background Thread 3 ] DEBUG Engine               - fontUI: VarelaRound-Regular.ttf
18:42:23.235 [FXGL Background Thread 3 ] DEBUG Engine               - fullScreen: BooleanProperty [value: false]
18:42:23.235 [FXGL Background Thread 3 ] DEBUG Engine               - gameDifficulty: MEDIUM
18:42:23.235 [FXGL Background Thread 3 ] DEBUG Engine               - gameDifficultyProperty: ObjectProperty [value: MEDIUM]
18:42:23.235 [FXGL Background Thread 3 ] DEBUG Engine               - globalMusicVolume: 0.5
18:42:23.235 [FXGL Background Thread 3 ] DEBUG Engine               - globalMusicVolumeProperty: DoubleProperty [value: 0.5]
18:42:23.235 [FXGL Background Thread 3 ] DEBUG Engine               - globalSoundVolume: 0.5
18:42:23.235 [FXGL Background Thread 3 ] DEBUG Engine               - globalSoundVolumeProperty: DoubleProperty [value: 0.5]
18:42:23.235 [FXGL Background Thread 3 ] DEBUG Engine               - height: 600
18:42:23.235 [FXGL Background Thread 3 ] DEBUG Engine               - is3D: false
18:42:23.235 [FXGL Background Thread 3 ] DEBUG Engine               - isAndroid: false
18:42:23.235 [FXGL Background Thread 3 ] DEBUG Engine               - isBrowser: false
18:42:23.235 [FXGL Background Thread 3 ] DEBUG Engine               - isClickFeedbackEnabled: false
18:42:23.235 [FXGL Background Thread 3 ] DEBUG Engine               - isCloseConfirmation: false
18:42:23.235 [FXGL Background Thread 3 ] DEBUG Engine               - isDesktop: true
18:42:23.235 [FXGL Background Thread 3 ] DEBUG Engine               - isDeveloperMenuEnabled: true
18:42:23.235 [FXGL Background Thread 3 ] DEBUG Engine               - isEmbedded: false
18:42:23.235 [FXGL Background Thread 3 ] DEBUG Engine               - isEntityPreloadEnabled: true
18:42:23.236 [FXGL Background Thread 3 ] DEBUG Engine               - isExperimentalTiledLargeMap: false
18:42:23.236 [FXGL Background Thread 3 ] DEBUG Engine               - isFileSystemWriteAllowed: true
18:42:23.236 [FXGL Background Thread 3 ] DEBUG Engine               - isFullScreenAllowed: false
18:42:23.236 [FXGL Background Thread 3 ] DEBUG Engine               - isFullScreenFromStart: false
18:42:23.236 [FXGL Background Thread 3 ] DEBUG Engine               - isGameMenuEnabled: true
18:42:23.236 [FXGL Background Thread 3 ] DEBUG Engine               - isIOS: false
18:42:23.236 [FXGL Background Thread 3 ] DEBUG Engine               - isIntroEnabled: false
18:42:23.236 [FXGL Background Thread 3 ] DEBUG Engine               - isLinux: false
18:42:23.236 [FXGL Background Thread 3 ] DEBUG Engine               - isMac: false
18:42:23.236 [FXGL Background Thread 3 ] DEBUG Engine               - isMainMenuEnabled: true
18:42:23.236 [FXGL Background Thread 3 ] DEBUG Engine               - isManualResizeEnabled: false
18:42:23.236 [FXGL Background Thread 3 ] DEBUG Engine               - isMobile: false
18:42:23.236 [FXGL Background Thread 3 ] DEBUG Engine               - isNative: false
18:42:23.236 [FXGL Background Thread 3 ] DEBUG Engine               - isPauseMusicWhenMinimized: true
18:42:23.236 [FXGL Background Thread 3 ] DEBUG Engine               - isPreserveResizeRatio: false
18:42:23.236 [FXGL Background Thread 3 ] DEBUG Engine               - isProfilingEnabled: false
18:42:23.236 [FXGL Background Thread 3 ] DEBUG Engine               - isScaleAffectedOnResize: true
18:42:23.236 [FXGL Background Thread 3 ] DEBUG Engine               - isSingleStep: false
18:42:23.236 [FXGL Background Thread 3 ] DEBUG Engine               - isUserProfileEnabled: false
18:42:23.237 [FXGL Background Thread 3 ] DEBUG Engine               - isWindows: true
18:42:23.237 [FXGL Background Thread 3 ] DEBUG Engine               - language: ObjectProperty [value: ENGLISH]
18:42:23.237 [FXGL Background Thread 3 ] DEBUG Engine               - menuKey: ESCAPE
18:42:23.237 [FXGL Background Thread 3 ] DEBUG Engine               - mouseSensitivity: 0.2
18:42:23.237 [FXGL Background Thread 3 ] DEBUG Engine               - notificationViewClass: class com.almasb.fxgl.notification.view.XboxNotificationView
18:42:23.237 [FXGL Background Thread 3 ] DEBUG Engine               - pixelsPerMeter: 50.0
18:42:23.237 [FXGL Background Thread 3 ] DEBUG Engine               - platform: WINDOWS
18:42:23.237 [FXGL Background Thread 3 ] DEBUG Engine               - prefHeightProperty: ReadOnlyDoubleProperty [value: 600.0]
18:42:23.237 [FXGL Background Thread 3 ] DEBUG Engine               - prefWidthProperty: ReadOnlyDoubleProperty [value: 800.0]
18:42:23.237 [FXGL Background Thread 3 ] DEBUG Engine               - profileDir: profiles/
18:42:23.237 [FXGL Background Thread 3 ] DEBUG Engine               - profileName: StringProperty [value: DEFAULT]
18:42:23.237 [FXGL Background Thread 3 ] DEBUG Engine               - randomSeed: -1
18:42:23.237 [FXGL Background Thread 3 ] DEBUG Engine               - runtimeInfo: RuntimeInfo(platform=WINDOWS, version=dev-SNAPSHOT, build=28.07.2021 16.39)
18:42:23.237 [FXGL Background Thread 3 ] DEBUG Engine               - saveFileExt: sav
18:42:23.237 [FXGL Background Thread 3 ] DEBUG Engine               - scaledHeightProp$fxgl: DoubleProperty [bound, value: 600.0]
18:42:23.237 [FXGL Background Thread 3 ] DEBUG Engine               - scaledWidthProp$fxgl: DoubleProperty [bound, value: 800.0]
18:42:23.237 [FXGL Background Thread 3 ] DEBUG Engine               - sceneFactory: com.groupfour.mygame.App$1@bc5e98a
18:42:23.237 [FXGL Background Thread 3 ] DEBUG Engine               - secondsIn24h: 60
18:42:23.238 [FXGL Background Thread 3 ] DEBUG Engine               - soundMenuBack: menu/back.wav
18:42:23.238 [FXGL Background Thread 3 ] DEBUG Engine               - soundMenuPress: menu/press.wav
18:42:23.238 [FXGL Background Thread 3 ] DEBUG Engine               - soundMenuSelect: menu/select.wav
18:42:23.238 [FXGL Background Thread 3 ] DEBUG Engine               - soundNotification: core/notification.wav
18:42:23.238 [FXGL Background Thread 3 ] DEBUG Engine               - stageStyle: DECORATED
18:42:23.238 [FXGL Background Thread 3 ] DEBUG Engine               - supportedLanguages: [ENGLISH, FRENCH, GERMAN, HUNGARIAN, RUSSIAN]
18:42:23.238 [FXGL Background Thread 3 ] DEBUG Engine               - ticksPerSecond: -1
18:42:23.238 [FXGL Background Thread 3 ] DEBUG Engine               - title: Flatline: Oregon
18:42:23.238 [FXGL Background Thread 3 ] DEBUG Engine               - urlGithub: https://github.com/AlmasB/FXGL
18:42:23.238 [FXGL Background Thread 3 ] DEBUG Engine               - urlLeaderboard: http://fxgl-top.herokuapp.com/
18:42:23.238 [FXGL Background Thread 3 ] DEBUG Engine               - urlPOM: https://raw.githubusercontent.com/AlmasB/FXGL/release/README.md
18:42:23.238 [FXGL Background Thread 3 ] DEBUG Engine               - userAppClass: class com.groupfour.mygame.App
18:42:23.238 [FXGL Background Thread 3 ] DEBUG Engine               - version: Beta ?
18:42:23.238 [FXGL Background Thread 3 ] DEBUG Engine               - versionCheckDays: 7
18:42:23.238 [FXGL Background Thread 3 ] DEBUG Engine               - width: 800
18:42:23.238 [FXGL Background Thread 3 ] DEBUG Engine               - Logging services
18:42:23.238 [FXGL Background Thread 3 ] DEBUG Engine               - class com.almasb.fxgl.app.services.FXGLAssetLoaderService
18:42:23.238 [FXGL Background Thread 3 ] DEBUG Engine               - class com.almasb.fxgl.app.FXGLApplication$GameApplicationService
18:42:23.238 [FXGL Background Thread 3 ] DEBUG Engine               - class com.almasb.fxgl.app.services.FXGLDialogService
18:42:23.239 [FXGL Background Thread 3 ] DEBUG Engine               - class com.almasb.fxgl.app.services.IOTaskExecutorService
18:42:23.239 [FXGL Background Thread 3 ] DEBUG Engine               - class com.almasb.fxgl.io.FileSystemService
18:42:23.239 [FXGL Background Thread 3 ] DEBUG Engine               - class com.almasb.fxgl.localization.LocalizationService
18:42:23.239 [FXGL Background Thread 3 ] DEBUG Engine               - class com.almasb.fxgl.app.services.SystemBundleService
18:42:23.239 [FXGL Background Thread 3 ] DEBUG Engine               - class com.almasb.fxgl.profile.SaveLoadService
18:42:23.239 [FXGL Background Thread 3 ] DEBUG Engine               - class com.almasb.fxgl.ui.FXGLUIFactoryServiceProvider
18:42:23.239 [FXGL Background Thread 3 ] DEBUG Engine               - class com.almasb.fxgl.ui.FXGLDialogFactoryServiceProvider
18:42:23.239 [FXGL Background Thread 3 ] DEBUG Engine               - class com.almasb.fxgl.audio.AudioPlayer
18:42:23.239 [FXGL Background Thread 3 ] DEBUG Engine               - class com.almasb.fxgl.notification.impl.NotificationServiceProvider
18:42:23.239 [FXGL Background Thread 3 ] DEBUG Engine               - class com.almasb.fxgl.achievement.AchievementService
18:42:23.239 [FXGL Background Thread 3 ] DEBUG Engine               - class com.almasb.fxgl.cutscene.CutsceneService
18:42:23.239 [FXGL Background Thread 3 ] DEBUG Engine               - class com.almasb.fxgl.minigames.MiniGameService
18:42:23.240 [FXGL Background Thread 3 ] DEBUG Engine               - class com.almasb.fxgl.net.NetService
18:42:23.240 [FXGL Background Thread 3 ] DEBUG Engine               - class com.almasb.fxgl.app.services.UpdaterService
18:42:23.240 [FXGL Background Thread 3 ] DEBUG Engine               - class com.almasb.fxgl.dev.DevService
18:42:23.240 [FXGL Background Thread 3 ] DEBUG Engine               - class com.almasb.fxgl.multiplayer.MultiplayerService
18:42:27.151 [JavaFX Application Thread] DEBUG FXGLAssetLoaderServi - Loading from file system: file:/C:/Users/acer/OneDrive/Desktop/git%20pull/CSS124L-FINAL-PROJECT/fp/target/classes/assets/sounds/BerettaM9_Shoot.mp3
18:42:27.276 [JavaFX Application Thread] DEBUG FXGLAssetLoaderServi - Loading from file system: file:/C:/Users/acer/OneDrive/Desktop/git%20pull/CSS124L-FINAL-PROJECT/fp/target/classes/assets/textures/Weapons/Idle/BerettaM9_Idle.png
18:42:27.277 [JavaFX Application Thread] DEBUG FXGLAssetLoaderServi - Loading from file system: file:/C:/Users/acer/OneDrive/Desktop/git%20pull/CSS124L-FINAL-PROJECT/fp/target/classes/assets/textures/Weapons/Shooting/BerettaM9_Shooting.png
18:42:27.280 [JavaFX Application Thread] DEBUG FXGLAssetLoaderServi - Loading from file system: file:/C:/Users/acer/OneDrive/Desktop/git%20pull/CSS124L-FINAL-PROJECT/fp/target/classes/assets/textures/Players/1P_Shoot.png
18:42:27.282 [JavaFX Application Thread] DEBUG FXGLAssetLoaderServi - Loading from file system: file:/C:/Users/acer/OneDrive/Desktop/git%20pull/CSS124L-FINAL-PROJECT/fp/target/classes/assets/textures/Interactables/vending_machine.png
18:42:27.288 [JavaFX Application Thread] DEBUG PrimaryStageWindow   - Pop state: PlayerCountMenu
18:42:27.288 [JavaFX Application Thread] DEBUG Input                - Clearing active input actions
18:42:27.288 [JavaFX Application Thread] DEBUG GameApplicationServi - Removing overlay from PlayerCountMenu and adding to PCM_BG
18:42:27.289 [JavaFX Application Thread] DEBUG PrimaryStageWindow   - PCM_BG <- PlayerCountMenu
18:42:27.289 [JavaFX Application Thread] DEBUG PrimaryStageWindow   - Pop state: PCM_BG
18:42:27.289 [JavaFX Application Thread] DEBUG Input                - Clearing active input actions
18:42:27.289 [JavaFX Application Thread] DEBUG GameApplicationServi - Removing overlay from PCM_BG and adding to GameScene
18:42:27.289 [JavaFX Application Thread] DEBUG PrimaryStageWindow   - GameScene <- PCM_BG
18:42:27.369 [JavaFX Application Thread] DEBUG FXGLAssetLoaderServi - Loading from file system: file:/C:/Users/acer/OneDrive/Desktop/git%20pull/CSS124L-FINAL-PROJECT/fp/target/classes/assets/textures/Zombies/Basic_Zombie_Walking.png
18:42:27.371 [JavaFX Application Thread] DEBUG FXGLAssetLoaderServi - Loading from file system: file:/C:/Users/acer/OneDrive/Desktop/git%20pull/CSS124L-FINAL-PROJECT/fp/target/classes/assets/textures/Zombies/Basic_Zombie_Attack.png
18:42:45.325 [JavaFX Application Thread] DEBUG FXGLApplication      - Exiting FXGL
18:42:45.325 [JavaFX Application Thread] DEBUG LoopRunner           - Stopping loop
18:42:45.325 [JavaFX Application Thread] DEBUG SystemBundleService  - Saving FXGL system data
18:42:45.327 [JavaFX Application Thread] DEBUG FileSystemAccess     - Writing to: C:\Users\acer\OneDrive\Desktop\git pull\CSS124L-FINAL-PROJECT\system\fxgl.bundle
18:42:45.329 [JavaFX Application Thread] DEBUG Async                - Shutting down background threads
18:42:45.329 [JavaFX Application Thread] DEBUG PrimaryStageWindow   - Closing main window
18:42:45.345 [JavaFX Application Thread] DEBUG Logger               - Closing Logger
