12:32:42.985 [main                     ] DEBUG Logger               - Configured Logger
12:32:43.004 [main                     ] DEBUG GameApplication      - Logging settings
Title: Flatline: Oregon
Version: Alpha 0.19021902
Width: 800
Height: 600
Fullscreen: false
Intro: false
Profiling: false
Single step:false
App Mode: DEVELOPER
Menu Key: ESCAPE
Stage Style: DECORATED
Scene Factory: class com.groupfour.mygame.App$1

12:32:43.268 [JavaFX Application Thread] DEBUG FXGLApplication      - Initializing FXGL
12:32:43.270 [JavaFX Application Thread] INFO  Engine               - FXGL-dev-SNAPSHOT (28.07.2021 16.39) on WINDOWS (J:11.0.22 FX:16)
12:32:43.271 [JavaFX Application Thread] DEBUG Engine               - JRE Vendor Name: Oracle Corporation
12:32:43.271 [JavaFX Application Thread] DEBUG Engine               - Running on OS: Windows 11 version 10.0
12:32:43.271 [JavaFX Application Thread] DEBUG Engine               - Architecture: amd64
12:32:43.271 [JavaFX Application Thread] INFO  Engine               - Source code and latest versions at: https://github.com/AlmasB/FXGL
12:32:43.271 [JavaFX Application Thread] INFO  Engine               -              Join the FXGL chat at: https://gitter.im/AlmasB/FXGL
12:32:43.326 [JavaFX Application Thread] DEBUG PrimaryStageWindow   - Creating a JavaFX scene
12:32:43.365 [JavaFX Application Thread] DEBUG PrimaryStageWindow   - Target settings size: 800.0 x 600.0
12:32:43.365 [JavaFX Application Thread] DEBUG PrimaryStageWindow   - Scaled scene size:    800.0 x 600.0
12:32:43.365 [JavaFX Application Thread] DEBUG PrimaryStageWindow   - Scaled ratio: (1.0, 1.0)
12:32:43.366 [JavaFX Application Thread] DEBUG PrimaryStageWindow   - Set initial scene to FXGLStartupScene
12:32:43.370 [JavaFX Application Thread] DEBUG PrimaryStageWindow   - Opening main window
12:32:43.440 [JavaFX Application Thread] DEBUG PrimaryStageWindow   - Window border size: (14.4000244140625, 37.5999755859375)
12:32:43.441 [JavaFX Application Thread] DEBUG PrimaryStageWindow   - Scaled size: 800.0 x 600.0
12:32:43.441 [JavaFX Application Thread] DEBUG PrimaryStageWindow   - Scaled ratio: (1.0, 1.0)
12:32:43.441 [JavaFX Application Thread] DEBUG PrimaryStageWindow   - Scene size: 800.0 x 600.0
12:32:43.441 [JavaFX Application Thread] DEBUG PrimaryStageWindow   - Stage size: 814.4000244140625 x 637.5999755859375
12:32:43.446 [FXGL Background Thread 1 ] DEBUG Engine               - Initializing environment variables
12:32:43.491 [FXGL Background Thread 1 ] DEBUG FXGLAssetLoaderServi - User app class for loading assets: class com.groupfour.mygame.App
12:32:43.491 [FXGL Background Thread 1 ] DEBUG GameApplicationServi - Applying CSS: fxgl_dark.css
12:32:43.494 [FXGL Background Thread 1 ] DEBUG FXGLAssetLoaderServi - Loading from file system: jar:file:///C:/Users/acer/.m2/repository/com/github/almasb/fxgl/dev-SNAPSHOT/fxgl-dev-SNAPSHOT.jar!/fxglassets/ui/css/fxgl_dark.css
12:32:43.529 [FXGL Background Thread 1 ] DEBUG GameApplicationServi - Initializing application scenes
12:32:43.558 [FXGL Background Thread 1 ] DEBUG GameWorld            - Game world initialized
12:32:43.592 [FXGL Background Thread 1 ] DEBUG PhysicsWorld         - Physics world initialized: appHeight=600, physics.ppm=50.0
12:32:43.592 [FXGL Background Thread 1 ] DEBUG PhysicsWorld         - Using strategy: BRUTE_FORCE
12:32:43.593 [FXGL Background Thread 1 ] DEBUG GameScene            - Game scene initialized: 800x600
12:32:43.602 [FXGL Background Thread 1 ] DEBUG FXGL.DefaultMenu     - createMenuBodyMainMenu()
12:32:43.613 [FXGL Background Thread 1 ] DEBUG FXGL.DefaultMenu     - createOptionsMenu()
12:32:43.620 [FXGL Background Thread 1 ] DEBUG FXGLAssetLoaderServi - Loading from file system: jar:file:///C:/Users/acer/.m2/repository/com/github/almasb/fxgl/dev-SNAPSHOT/fxgl-dev-SNAPSHOT.jar!/fxglassets/textures/particles/smoke.png
12:32:43.687 [FXGL Background Thread 1 ] DEBUG FXGLAssetLoaderServi - Loading from file system: jar:file:///C:/Users/acer/.m2/repository/com/github/almasb/fxgl/dev-SNAPSHOT/fxgl-dev-SNAPSHOT.jar!/fxglassets/textures/particles/trace_horizontal.png
12:32:43.712 [FXGL Background Thread 1 ] DEBUG GameApplicationServi - Application scenes initialized
12:32:43.721 [FXGL Background Thread 1 ] DEBUG SystemBundleService  - Loading FXGL system data
12:32:43.725 [FXGL Background Thread 1 ] DEBUG FileSystemAccess     - Reading from: C:\Users\acer\OneDrive\Desktop\git pull\CSS124L-FINAL-PROJECT\system\fxgl.bundle
12:32:43.729 [FXGL Background Thread 1 ] DEBUG SystemBundleService  - Bundle FXGL: {}
12:32:43.730 [FXGL Background Thread 1 ] DEBUG UpdaterService       - Checking for updates
12:32:43.750 [FXGL Background Thread 4 ] DEBUG FXGLApplication      - Loading fonts
12:32:43.751 [FXGL Background Thread 1 ] DEBUG FXGLApplication      - Loading default localization
12:32:43.751 [FXGL Background Thread 4 ] DEBUG FXGLAssetLoaderServi - Loading from file system: jar:file:///C:/Users/acer/.m2/repository/com/github/almasb/fxgl/dev-SNAPSHOT/fxgl-dev-SNAPSHOT.jar!/fxglassets/ui/fonts/VarelaRound-Regular.ttf
12:32:43.752 [FXGL Background Thread 1 ] DEBUG FXGLAssetLoaderServi - Loading from file system: jar:file:///C:/Users/acer/.m2/repository/com/github/almasb/fxgl/dev-SNAPSHOT/fxgl-dev-SNAPSHOT.jar!/fxglassets/languages/english.lang
12:32:43.764 [FXGL Background Thread 1 ] INFO  FXGLApplication      - FXGL initialization took: 0.318 sec
12:32:43.776 [JavaFX Application Thread] DEBUG Input                - Registered new binding: Move Upwards - W
12:32:43.777 [JavaFX Application Thread] DEBUG Input                - Registered new binding: Move Down - S
12:32:43.777 [JavaFX Application Thread] DEBUG Input                - Registered new binding: Move Left - A
12:32:43.777 [JavaFX Application Thread] DEBUG Input                - Registered new binding: Move Right - D
12:32:43.777 [JavaFX Application Thread] DEBUG Input                - Registered new binding: Reload - R
12:32:43.778 [JavaFX Application Thread] DEBUG Input                - Registered new binding: Shoot - LMB
12:32:43.778 [JavaFX Application Thread] DEBUG Input                - Registered new binding: Switch Weapons - Q
12:32:43.778 [JavaFX Application Thread] DEBUG Input                - Registered new binding: Interact - F
12:32:43.779 [JavaFX Application Thread] DEBUG FXGLAssetLoaderServi - Loading from file system: jar:file:///C:/Users/acer/.m2/repository/com/github/almasb/fxgl/dev-SNAPSHOT/fxgl-dev-SNAPSHOT.jar!/fxglassets/textures/fxgl_icon.png
12:32:43.792 [JavaFX Application Thread] DEBUG FXGLAssetLoaderServi - Loading from file system: jar:file:///C:/Users/acer/.m2/repository/com/github/almasb/fxgl/dev-SNAPSHOT/fxgl-dev-SNAPSHOT.jar!/fxglassets/textures/fxgl_default_cursor.png
12:32:43.794 [JavaFX Application Thread] DEBUG Input                - Registered new binding: Screenshot - CTRL+8
12:32:43.794 [JavaFX Application Thread] DEBUG Input                - Registered new binding: Dev Options - 1
12:32:43.794 [JavaFX Application Thread] DEBUG Input                - Registered new binding: Dev Console - 2
12:32:43.795 [JavaFX Application Thread] DEBUG Input                - Registered new binding: System info dump - CTRL+9
12:32:43.795 [JavaFX Application Thread] DEBUG Input                - Registered new binding: Restart - CTRL+R
12:32:43.796 [JavaFX Application Thread] DEBUG Input                - Registered new binding: Toggle Debug Camera - CTRL+C
12:32:43.799 [JavaFX Application Thread] DEBUG LoopRunner           - Starting loop
12:32:43.812 [JavaFX Application Thread] DEBUG LoopRunner           - Initializing JavaFX AnimationTimerLoop
12:32:43.814 [JavaFX Application Thread] DEBUG Input                - Clearing active input actions
12:32:43.821 [JavaFX Application Thread] DEBUG GameApplicationServi - Removing overlay from FXGLStartupScene and adding to FXGLMainMenuDummyScene
12:32:43.826 [JavaFX Application Thread] DEBUG PrimaryStageWindow   - FXGLStartupScene -> FXGLMainMenuDummyScene
12:32:43.826 [JavaFX Application Thread] DEBUG PrimaryStageWindow   - Push state: FXGLDefaultMenu
12:32:43.829 [JavaFX Application Thread] DEBUG Input                - Clearing active input actions
12:32:43.836 [JavaFX Application Thread] DEBUG GameApplicationServi - Removing overlay from FXGLMainMenuDummyScene and adding to FXGLDefaultMenu
12:32:43.837 [JavaFX Application Thread] DEBUG PrimaryStageWindow   - FXGLMainMenuDummyScene -> FXGLDefaultMenu
12:32:44.171 [FXGL Background Thread 4 ] DEBUG FXGLAssetLoaderServi - Loading from file system: jar:file:///C:/Users/acer/.m2/repository/com/github/almasb/fxgl/dev-SNAPSHOT/fxgl-dev-SNAPSHOT.jar!/fxglassets/ui/fonts/Abel-Regular.ttf
12:32:44.176 [FXGL Background Thread 4 ] DEBUG FXGLAssetLoaderServi - Loading from file system: jar:file:///C:/Users/acer/.m2/repository/com/github/almasb/fxgl/dev-SNAPSHOT/fxgl-dev-SNAPSHOT.jar!/fxglassets/ui/fonts/lucida_console.ttf
12:32:44.184 [FXGL Background Thread 4 ] DEBUG FXGLAssetLoaderServi - Loading from file system: jar:file:///C:/Users/acer/.m2/repository/com/github/almasb/fxgl/dev-SNAPSHOT/fxgl-dev-SNAPSHOT.jar!/fxglassets/ui/fonts/Courier-Prime.ttf
12:32:44.202 [JavaFX Application Thread] DEBUG FXGLApplication      - Registering font factories with UI factory
12:32:44.444 [FXGL Background Thread 2 ] INFO  UpdaterService       - Your current version:  dev-SNAPSHOT
12:32:44.445 [FXGL Background Thread 2 ] INFO  UpdaterService       - Latest stable version: 21.1
12:32:44.503 [JavaFX Application Thread] DEBUG Menu                 - fireNewGame()
12:32:44.503 [JavaFX Application Thread] DEBUG GameApplicationServi - Starting new game
12:32:44.505 [JavaFX Application Thread] DEBUG PrimaryStageWindow   - Pop state: FXGLDefaultMenu
12:32:44.506 [JavaFX Application Thread] DEBUG Input                - Clearing active input actions
12:32:44.508 [JavaFX Application Thread] DEBUG GameApplicationServi - Removing overlay from FXGLDefaultMenu and adding to FXGLMainMenuDummyScene
12:32:44.510 [JavaFX Application Thread] DEBUG PrimaryStageWindow   - FXGLMainMenuDummyScene <- FXGLDefaultMenu
12:32:44.511 [JavaFX Application Thread] DEBUG Input                - Clearing active input actions
12:32:44.519 [JavaFX Application Thread] DEBUG GameApplicationServi - Removing overlay from FXGLMainMenuDummyScene and adding to FXGLLoadingScene
12:32:44.520 [JavaFX Application Thread] DEBUG PrimaryStageWindow   - FXGLMainMenuDummyScene -> FXGLLoadingScene
12:32:44.520 [JavaFX Application Thread] DEBUG GameApplicationServi - Clearing previous game
12:32:44.520 [JavaFX Application Thread] DEBUG GameScene            - Clearing game scene
12:32:44.521 [JavaFX Application Thread] DEBUG GameWorld            - Clearing game world
12:32:44.521 [JavaFX Application Thread] DEBUG PhysicsWorld         - Clearing physics world
12:32:44.522 [FXGL Background Thread 2 ] DEBUG FXGLApplication      - Initializing game
12:32:44.563 [FXGL Background Thread 2 ] WARN  TMXLevelLoader       - TiledMap generated from 1.11.0. Supported version: 1.2.3. Some features may not be parsed fully.
12:32:44.570 [FXGL Background Thread 2 ] DEBUG TMXLevelLoader       - Parsed TiledMap: file:/C:/Users/acer/OneDrive/Desktop/git%20pull/CSS124L-FINAL-PROJECT/fp/target/classes/assets/levels/Lobby.tmx
12:32:44.571 [FXGL Background Thread 2 ] DEBUG TMXLevelLoader       - Creating tile layer entities
12:32:44.571 [FXGL Background Thread 2 ] DEBUG TilesetLoader        - Loading view for layer Tile Layer 1
12:32:44.573 [FXGL Background Thread 2 ] DEBUG TilesetLoader        - Created buffer with size 1280.0x768.0
12:32:44.578 [FXGL Background Thread 2 ] DEBUG TMXLevelLoader       - Creating object layer entities
12:32:44.593 [FXGL Background Thread 2 ] DEBUG GameWorld            - Clearing removable entities
12:32:44.594 [FXGL Background Thread 2 ] DEBUG GameWorld            - Setting level: com.almasb.fxgl.entity.level.Level@3a33384
12:32:44.602 [FXGL Background Thread 2 ] DEBUG FXGLAssetLoaderServi - Loading from file system: file:/C:/Users/acer/OneDrive/Desktop/git%20pull/CSS124L-FINAL-PROJECT/fp/target/classes/assets/ui/fonts/PIXELADE.TTF
12:32:44.614 [FXGL Background Thread 2 ] INFO  FXGLApplication      - Game initialization took: 0.092 sec
12:32:44.616 [JavaFX Application Thread] DEBUG Input                - Clearing active input actions
12:32:44.621 [JavaFX Application Thread] DEBUG GameApplicationServi - Removing overlay from FXGLLoadingScene and adding to GameScene
12:32:44.623 [JavaFX Application Thread] DEBUG PrimaryStageWindow   - FXGLLoadingScene -> GameScene
12:32:44.627 [JavaFX Application Thread] DEBUG FXGLAssetLoaderServi - Loading from file system: file:/C:/Users/acer/OneDrive/Desktop/git%20pull/CSS124L-FINAL-PROJECT/fp/target/classes/assets/textures/Interactables/microwave_close.png
12:32:44.629 [JavaFX Application Thread] DEBUG PrimaryStageWindow   - Push state: PCM_BG
12:32:44.629 [JavaFX Application Thread] DEBUG Input                - Clearing active input actions
12:32:44.629 [JavaFX Application Thread] DEBUG GameApplicationServi - Removing overlay from GameScene and adding to PCM_BG
12:32:44.629 [JavaFX Application Thread] DEBUG PrimaryStageWindow   - GameScene -> PCM_BG
12:32:44.630 [JavaFX Application Thread] DEBUG PrimaryStageWindow   - Push state: PlayerCountMenu
12:32:44.630 [JavaFX Application Thread] DEBUG Input                - Clearing active input actions
12:32:44.630 [JavaFX Application Thread] DEBUG GameApplicationServi - Removing overlay from PCM_BG and adding to PlayerCountMenu
12:32:44.633 [JavaFX Application Thread] DEBUG PrimaryStageWindow   - PCM_BG -> PlayerCountMenu
12:32:45.205 [JavaFX Application Thread] DEBUG FXGLAssetLoaderServi - Loading from file system: file:/C:/Users/acer/OneDrive/Desktop/git%20pull/CSS124L-FINAL-PROJECT/fp/target/classes/assets/sounds/BerettaM9_Shoot.mp3
12:32:45.259 [JavaFX Application Thread] DEBUG FXGLAssetLoaderServi - Loading from file system: file:/C:/Users/acer/OneDrive/Desktop/git%20pull/CSS124L-FINAL-PROJECT/fp/target/classes/assets/textures/Weapons/Idle/BerettaM9_Idle.png
12:32:45.260 [JavaFX Application Thread] DEBUG FXGLAssetLoaderServi - Loading from file system: file:/C:/Users/acer/OneDrive/Desktop/git%20pull/CSS124L-FINAL-PROJECT/fp/target/classes/assets/textures/Weapons/Shooting/BerettaM9_Shooting.png
12:32:45.262 [JavaFX Application Thread] DEBUG FXGLAssetLoaderServi - Loading from file system: file:/C:/Users/acer/OneDrive/Desktop/git%20pull/CSS124L-FINAL-PROJECT/fp/target/classes/assets/textures/Players/1P_Shoot.png
12:32:45.265 [JavaFX Application Thread] DEBUG FXGLAssetLoaderServi - Loading from file system: file:/C:/Users/acer/OneDrive/Desktop/git%20pull/CSS124L-FINAL-PROJECT/fp/target/classes/assets/textures/Interactables/vending_machine.png
12:32:45.274 [JavaFX Application Thread] DEBUG PrimaryStageWindow   - Pop state: PlayerCountMenu
12:32:45.274 [JavaFX Application Thread] DEBUG Input                - Clearing active input actions
12:32:45.274 [JavaFX Application Thread] DEBUG GameApplicationServi - Removing overlay from PlayerCountMenu and adding to PCM_BG
12:32:45.274 [JavaFX Application Thread] DEBUG PrimaryStageWindow   - PCM_BG <- PlayerCountMenu
12:32:45.274 [JavaFX Application Thread] DEBUG PrimaryStageWindow   - Pop state: PCM_BG
12:32:45.274 [JavaFX Application Thread] DEBUG Input                - Clearing active input actions
12:32:45.275 [JavaFX Application Thread] DEBUG GameApplicationServi - Removing overlay from PCM_BG and adding to GameScene
12:32:45.275 [JavaFX Application Thread] DEBUG PrimaryStageWindow   - GameScene <- PCM_BG
12:32:45.351 [JavaFX Application Thread] DEBUG FXGLAssetLoaderServi - Loading from file system: file:/C:/Users/acer/OneDrive/Desktop/git%20pull/CSS124L-FINAL-PROJECT/fp/target/classes/assets/textures/Zombies/Basic_Zombie_Walking.png
12:32:45.353 [JavaFX Application Thread] DEBUG FXGLAssetLoaderServi - Loading from file system: file:/C:/Users/acer/OneDrive/Desktop/git%20pull/CSS124L-FINAL-PROJECT/fp/target/classes/assets/textures/Zombies/Basic_Zombie_Attack.png
12:32:46.750 [FXGL Background Thread 3 ] DEBUG Engine               - Logging environment variables
12:32:46.750 [FXGL Background Thread 3 ] DEBUG Engine               - achievements: []
12:32:46.751 [FXGL Background Thread 3 ] DEBUG Engine               - actualHeight: 600.0
12:32:46.751 [FXGL Background Thread 3 ] DEBUG Engine               - actualHeightProperty: ReadOnlyDoubleProperty [value: 600.0]
12:32:46.751 [FXGL Background Thread 3 ] DEBUG Engine               - actualWidth: 800.0
12:32:46.751 [FXGL Background Thread 3 ] DEBUG Engine               - actualWidthProperty: ReadOnlyDoubleProperty [value: 800.0]
12:32:46.751 [FXGL Background Thread 3 ] DEBUG Engine               - appIcon: fxgl_icon.png
12:32:46.751 [FXGL Background Thread 3 ] DEBUG Engine               - applicationMode: DEVELOPER
12:32:46.751 [FXGL Background Thread 3 ] DEBUG Engine               - cSSList: [fxgl_dark.css]
12:32:46.751 [FXGL Background Thread 3 ] DEBUG Engine               - collisionDetectionStrategy: BRUTE_FORCE
12:32:46.752 [FXGL Background Thread 3 ] DEBUG Engine               - configClass: Optional.empty
12:32:46.752 [FXGL Background Thread 3 ] DEBUG Engine               - credits: []
12:32:46.752 [FXGL Background Thread 3 ] DEBUG Engine               - defaultCursor: CursorInfo(imageName=fxgl_default_cursor.png, hotspotX=7.0, hotspotY=6.0)
12:32:46.752 [FXGL Background Thread 3 ] DEBUG Engine               - devBBoxColorProperty: ObjectProperty [value: 0xff0000ff]
12:32:46.752 [FXGL Background Thread 3 ] DEBUG Engine               - devEnableDebugCameraProperty: BooleanProperty [value: false]
12:32:46.752 [FXGL Background Thread 3 ] DEBUG Engine               - devSensorColorProperty: ObjectProperty [value: 0xffff00ff]
12:32:46.752 [FXGL Background Thread 3 ] DEBUG Engine               - devShowBBoxProperty: BooleanProperty [value: false]
12:32:46.752 [FXGL Background Thread 3 ] DEBUG Engine               - devShowPositionProperty: BooleanProperty [value: false]
12:32:46.752 [FXGL Background Thread 3 ] DEBUG Engine               - enabledMenuItems: []
12:32:46.752 [FXGL Background Thread 3 ] DEBUG Engine               - engineServices: [class com.almasb.fxgl.app.services.FXGLAssetLoaderService, class com.almasb.fxgl.app.FXGLApplication$GameApplicationService, class com.almasb.fxgl.app.services.FXGLDialogService, class com.almasb.fxgl.app.services.IOTaskExecutorService, class com.almasb.fxgl.io.FileSystemService, class com.almasb.fxgl.localization.LocalizationService, class com.almasb.fxgl.app.services.SystemBundleService, class com.almasb.fxgl.profile.SaveLoadService, class com.almasb.fxgl.ui.FXGLUIFactoryServiceProvider, class com.almasb.fxgl.ui.FXGLDialogFactoryServiceProvider, class com.almasb.fxgl.audio.AudioPlayer, class com.almasb.fxgl.notification.impl.NotificationServiceProvider, class com.almasb.fxgl.achievement.AchievementService, class com.almasb.fxgl.cutscene.CutsceneService, class com.almasb.fxgl.minigames.MiniGameService, class com.almasb.fxgl.net.NetService, class com.almasb.fxgl.app.services.UpdaterService, class com.almasb.fxgl.dev.DevService, class com.almasb.fxgl.multiplayer.MultiplayerService]
12:32:46.752 [FXGL Background Thread 3 ] DEBUG Engine               - fontGame: Abel-Regular.ttf
12:32:46.752 [FXGL Background Thread 3 ] DEBUG Engine               - fontMono: lucida_console.ttf
12:32:46.752 [FXGL Background Thread 3 ] DEBUG Engine               - fontText: Courier-Prime.ttf
12:32:46.752 [FXGL Background Thread 3 ] DEBUG Engine               - fontUI: VarelaRound-Regular.ttf
12:32:46.752 [FXGL Background Thread 3 ] DEBUG Engine               - fullScreen: BooleanProperty [value: false]
12:32:46.752 [FXGL Background Thread 3 ] DEBUG Engine               - gameDifficulty: MEDIUM
12:32:46.752 [FXGL Background Thread 3 ] DEBUG Engine               - gameDifficultyProperty: ObjectProperty [value: MEDIUM]
12:32:46.752 [FXGL Background Thread 3 ] DEBUG Engine               - globalMusicVolume: 0.5
12:32:46.752 [FXGL Background Thread 3 ] DEBUG Engine               - globalMusicVolumeProperty: DoubleProperty [value: 0.5]
12:32:46.752 [FXGL Background Thread 3 ] DEBUG Engine               - globalSoundVolume: 0.5
12:32:46.752 [FXGL Background Thread 3 ] DEBUG Engine               - globalSoundVolumeProperty: DoubleProperty [value: 0.5]
12:32:46.752 [FXGL Background Thread 3 ] DEBUG Engine               - height: 600
12:32:46.752 [FXGL Background Thread 3 ] DEBUG Engine               - is3D: false
12:32:46.752 [FXGL Background Thread 3 ] DEBUG Engine               - isAndroid: false
12:32:46.752 [FXGL Background Thread 3 ] DEBUG Engine               - isBrowser: false
12:32:46.752 [FXGL Background Thread 3 ] DEBUG Engine               - isClickFeedbackEnabled: false
12:32:46.753 [FXGL Background Thread 3 ] DEBUG Engine               - isCloseConfirmation: false
12:32:46.753 [FXGL Background Thread 3 ] DEBUG Engine               - isDesktop: true
12:32:46.753 [FXGL Background Thread 3 ] DEBUG Engine               - isDeveloperMenuEnabled: true
12:32:46.753 [FXGL Background Thread 3 ] DEBUG Engine               - isEmbedded: false
12:32:46.753 [FXGL Background Thread 3 ] DEBUG Engine               - isEntityPreloadEnabled: true
12:32:46.753 [FXGL Background Thread 3 ] DEBUG Engine               - isExperimentalTiledLargeMap: false
12:32:46.753 [FXGL Background Thread 3 ] DEBUG Engine               - isFileSystemWriteAllowed: true
12:32:46.753 [FXGL Background Thread 3 ] DEBUG Engine               - isFullScreenAllowed: false
12:32:46.753 [FXGL Background Thread 3 ] DEBUG Engine               - isFullScreenFromStart: false
12:32:46.753 [FXGL Background Thread 3 ] DEBUG Engine               - isGameMenuEnabled: true
12:32:46.753 [FXGL Background Thread 3 ] DEBUG Engine               - isIOS: false
12:32:46.753 [FXGL Background Thread 3 ] DEBUG Engine               - isIntroEnabled: false
12:32:46.753 [FXGL Background Thread 3 ] DEBUG Engine               - isLinux: false
12:32:46.753 [FXGL Background Thread 3 ] DEBUG Engine               - isMac: false
12:32:46.753 [FXGL Background Thread 3 ] DEBUG Engine               - isMainMenuEnabled: true
12:32:46.754 [FXGL Background Thread 3 ] DEBUG Engine               - isManualResizeEnabled: false
12:32:46.754 [FXGL Background Thread 3 ] DEBUG Engine               - isMobile: false
12:32:46.754 [FXGL Background Thread 3 ] DEBUG Engine               - isNative: false
12:32:46.754 [FXGL Background Thread 3 ] DEBUG Engine               - isPauseMusicWhenMinimized: true
12:32:46.754 [FXGL Background Thread 3 ] DEBUG Engine               - isPreserveResizeRatio: false
12:32:46.754 [FXGL Background Thread 3 ] DEBUG Engine               - isProfilingEnabled: false
12:32:46.754 [FXGL Background Thread 3 ] DEBUG Engine               - isScaleAffectedOnResize: true
12:32:46.754 [FXGL Background Thread 3 ] DEBUG Engine               - isSingleStep: false
12:32:46.754 [FXGL Background Thread 3 ] DEBUG Engine               - isUserProfileEnabled: false
12:32:46.754 [FXGL Background Thread 3 ] DEBUG Engine               - isWindows: true
12:32:46.754 [FXGL Background Thread 3 ] DEBUG Engine               - language: ObjectProperty [value: ENGLISH]
12:32:46.754 [FXGL Background Thread 3 ] DEBUG Engine               - menuKey: ESCAPE
12:32:46.754 [FXGL Background Thread 3 ] DEBUG Engine               - mouseSensitivity: 0.2
12:32:46.754 [FXGL Background Thread 3 ] DEBUG Engine               - notificationViewClass: class com.almasb.fxgl.notification.view.XboxNotificationView
12:32:46.754 [FXGL Background Thread 3 ] DEBUG Engine               - pixelsPerMeter: 50.0
12:32:46.754 [FXGL Background Thread 3 ] DEBUG Engine               - platform: WINDOWS
12:32:46.755 [FXGL Background Thread 3 ] DEBUG Engine               - prefHeightProperty: ReadOnlyDoubleProperty [value: 600.0]
12:32:46.755 [FXGL Background Thread 3 ] DEBUG Engine               - prefWidthProperty: ReadOnlyDoubleProperty [value: 800.0]
12:32:46.755 [FXGL Background Thread 3 ] DEBUG Engine               - profileDir: profiles/
12:32:46.755 [FXGL Background Thread 3 ] DEBUG Engine               - profileName: StringProperty [value: DEFAULT]
12:32:46.755 [FXGL Background Thread 3 ] DEBUG Engine               - randomSeed: -1
12:32:46.755 [FXGL Background Thread 3 ] DEBUG Engine               - runtimeInfo: RuntimeInfo(platform=WINDOWS, version=dev-SNAPSHOT, build=28.07.2021 16.39)
12:32:46.756 [FXGL Background Thread 3 ] DEBUG Engine               - saveFileExt: sav
12:32:46.756 [FXGL Background Thread 3 ] DEBUG Engine               - scaledHeightProp$fxgl: DoubleProperty [bound, value: 600.0]
12:32:46.756 [FXGL Background Thread 3 ] DEBUG Engine               - scaledWidthProp$fxgl: DoubleProperty [bound, value: 800.0]
12:32:46.756 [FXGL Background Thread 3 ] DEBUG Engine               - sceneFactory: com.groupfour.mygame.App$1@72f464d6
12:32:46.756 [FXGL Background Thread 3 ] DEBUG Engine               - secondsIn24h: 60
12:32:46.756 [FXGL Background Thread 3 ] DEBUG Engine               - soundMenuBack: menu/back.wav
12:32:46.756 [FXGL Background Thread 3 ] DEBUG Engine               - soundMenuPress: menu/press.wav
12:32:46.756 [FXGL Background Thread 3 ] DEBUG Engine               - soundMenuSelect: menu/select.wav
12:32:46.756 [FXGL Background Thread 3 ] DEBUG Engine               - soundNotification: core/notification.wav
12:32:46.756 [FXGL Background Thread 3 ] DEBUG Engine               - stageStyle: DECORATED
12:32:46.756 [FXGL Background Thread 3 ] DEBUG Engine               - supportedLanguages: [ENGLISH, FRENCH, GERMAN, HUNGARIAN, RUSSIAN]
12:32:46.756 [FXGL Background Thread 3 ] DEBUG Engine               - ticksPerSecond: -1
12:32:46.756 [FXGL Background Thread 3 ] DEBUG Engine               - title: Flatline: Oregon
12:32:46.757 [FXGL Background Thread 3 ] DEBUG Engine               - urlGithub: https://github.com/AlmasB/FXGL
12:32:46.757 [FXGL Background Thread 3 ] DEBUG Engine               - urlLeaderboard: http://fxgl-top.herokuapp.com/
12:32:46.757 [FXGL Background Thread 3 ] DEBUG Engine               - urlPOM: https://raw.githubusercontent.com/AlmasB/FXGL/release/README.md
12:32:46.757 [FXGL Background Thread 3 ] DEBUG Engine               - userAppClass: class com.groupfour.mygame.App
12:32:46.757 [FXGL Background Thread 3 ] DEBUG Engine               - version: Alpha 0.19021902
12:32:46.757 [FXGL Background Thread 3 ] DEBUG Engine               - versionCheckDays: 7
12:32:46.757 [FXGL Background Thread 3 ] DEBUG Engine               - width: 800
12:32:46.757 [FXGL Background Thread 3 ] DEBUG Engine               - Logging services
12:32:46.757 [FXGL Background Thread 3 ] DEBUG Engine               - class com.almasb.fxgl.app.services.FXGLAssetLoaderService
12:32:46.757 [FXGL Background Thread 3 ] DEBUG Engine               - class com.almasb.fxgl.app.FXGLApplication$GameApplicationService
12:32:46.757 [FXGL Background Thread 3 ] DEBUG Engine               - class com.almasb.fxgl.app.services.FXGLDialogService
12:32:46.757 [FXGL Background Thread 3 ] DEBUG Engine               - class com.almasb.fxgl.app.services.IOTaskExecutorService
12:32:46.757 [FXGL Background Thread 3 ] DEBUG Engine               - class com.almasb.fxgl.io.FileSystemService
12:32:46.757 [FXGL Background Thread 3 ] DEBUG Engine               - class com.almasb.fxgl.localization.LocalizationService
12:32:46.757 [FXGL Background Thread 3 ] DEBUG Engine               - class com.almasb.fxgl.app.services.SystemBundleService
12:32:46.757 [FXGL Background Thread 3 ] DEBUG Engine               - class com.almasb.fxgl.profile.SaveLoadService
12:32:46.757 [FXGL Background Thread 3 ] DEBUG Engine               - class com.almasb.fxgl.ui.FXGLUIFactoryServiceProvider
12:32:46.757 [FXGL Background Thread 3 ] DEBUG Engine               - class com.almasb.fxgl.ui.FXGLDialogFactoryServiceProvider
12:32:46.757 [FXGL Background Thread 3 ] DEBUG Engine               - class com.almasb.fxgl.audio.AudioPlayer
12:32:46.757 [FXGL Background Thread 3 ] DEBUG Engine               - class com.almasb.fxgl.notification.impl.NotificationServiceProvider
12:32:46.757 [FXGL Background Thread 3 ] DEBUG Engine               - class com.almasb.fxgl.achievement.AchievementService
12:32:46.757 [FXGL Background Thread 3 ] DEBUG Engine               - class com.almasb.fxgl.cutscene.CutsceneService
12:32:46.758 [FXGL Background Thread 3 ] DEBUG Engine               - class com.almasb.fxgl.minigames.MiniGameService
12:32:46.758 [FXGL Background Thread 3 ] DEBUG Engine               - class com.almasb.fxgl.net.NetService
12:32:46.758 [FXGL Background Thread 3 ] DEBUG Engine               - class com.almasb.fxgl.app.services.UpdaterService
12:32:46.758 [FXGL Background Thread 3 ] DEBUG Engine               - class com.almasb.fxgl.dev.DevService
12:32:46.758 [FXGL Background Thread 3 ] DEBUG Engine               - class com.almasb.fxgl.multiplayer.MultiplayerService
12:33:02.383 [JavaFX Application Thread] DEBUG FXGLApplication      - Exiting FXGL
12:33:02.383 [JavaFX Application Thread] DEBUG LoopRunner           - Stopping loop
12:33:02.383 [JavaFX Application Thread] DEBUG SystemBundleService  - Saving FXGL system data
12:33:02.385 [JavaFX Application Thread] DEBUG FileSystemAccess     - Writing to: C:\Users\acer\OneDrive\Desktop\git pull\CSS124L-FINAL-PROJECT\system\fxgl.bundle
12:33:02.386 [JavaFX Application Thread] DEBUG Async                - Shutting down background threads
12:33:02.386 [JavaFX Application Thread] DEBUG PrimaryStageWindow   - Closing main window
12:33:02.398 [JavaFX Application Thread] DEBUG Logger               - Closing Logger
