01:29:19.124 [main                     ] DEBUG Logger               - Configured Logger
01:29:19.142 [main                     ] DEBUG GameApplication      - Logging settings
Title: Flatline: Oregon
Version: Alpha 0.3
Width: 800
Height: 600
Fullscreen: false
Intro: false
Profiling: false
Single step:false
App Mode: DEVELOPER
Menu Key: ESCAPE
Stage Style: DECORATED
Scene Factory: class com.groupfour.mygame.App$1

01:29:19.425 [JavaFX Application Thread] DEBUG FXGLApplication      - Initializing FXGL
01:29:19.427 [JavaFX Application Thread] INFO  Engine               - FXGL-dev-SNAPSHOT (28.07.2021 16.39) on WINDOWS (J:11.0.22 FX:16)
01:29:19.428 [JavaFX Application Thread] DEBUG Engine               - JRE Vendor Name: Oracle Corporation
01:29:19.428 [JavaFX Application Thread] DEBUG Engine               - Running on OS: Windows 11 version 10.0
01:29:19.428 [JavaFX Application Thread] DEBUG Engine               - Architecture: amd64
01:29:19.428 [JavaFX Application Thread] INFO  Engine               - Source code and latest versions at: https://github.com/AlmasB/FXGL
01:29:19.429 [JavaFX Application Thread] INFO  Engine               -              Join the FXGL chat at: https://gitter.im/AlmasB/FXGL
01:29:19.490 [JavaFX Application Thread] DEBUG PrimaryStageWindow   - Creating a JavaFX scene
01:29:19.527 [JavaFX Application Thread] DEBUG PrimaryStageWindow   - Target settings size: 800.0 x 600.0
01:29:19.528 [JavaFX Application Thread] DEBUG PrimaryStageWindow   - Scaled scene size:    800.0 x 600.0
01:29:19.528 [JavaFX Application Thread] DEBUG PrimaryStageWindow   - Scaled ratio: (1.0, 1.0)
01:29:19.528 [JavaFX Application Thread] DEBUG PrimaryStageWindow   - Set initial scene to FXGLStartupScene
01:29:19.532 [JavaFX Application Thread] DEBUG PrimaryStageWindow   - Opening main window
01:29:19.594 [JavaFX Application Thread] DEBUG PrimaryStageWindow   - Window border size: (14.4000244140625, 37.5999755859375)
01:29:19.594 [JavaFX Application Thread] DEBUG PrimaryStageWindow   - Scaled size: 800.0 x 600.0
01:29:19.594 [JavaFX Application Thread] DEBUG PrimaryStageWindow   - Scaled ratio: (1.0, 1.0)
01:29:19.594 [JavaFX Application Thread] DEBUG PrimaryStageWindow   - Scene size: 800.0 x 600.0
01:29:19.594 [JavaFX Application Thread] DEBUG PrimaryStageWindow   - Stage size: 814.4000244140625 x 637.5999755859375
01:29:19.598 [FXGL Background Thread 1 ] DEBUG Engine               - Initializing environment variables
01:29:19.629 [FXGL Background Thread 1 ] DEBUG FXGLAssetLoaderServi - User app class for loading assets: class com.groupfour.mygame.App
01:29:19.629 [FXGL Background Thread 1 ] DEBUG GameApplicationServi - Applying CSS: fxgl_dark.css
01:29:19.630 [FXGL Background Thread 1 ] DEBUG FXGLAssetLoaderServi - Loading from file system: jar:file:///C:/Users/acer/.m2/repository/com/github/almasb/fxgl/dev-SNAPSHOT/fxgl-dev-SNAPSHOT.jar!/fxglassets/ui/css/fxgl_dark.css
01:29:19.666 [FXGL Background Thread 1 ] DEBUG GameApplicationServi - Initializing application scenes
01:29:19.688 [FXGL Background Thread 1 ] DEBUG GameWorld            - Game world initialized
01:29:19.726 [FXGL Background Thread 1 ] DEBUG PhysicsWorld         - Physics world initialized: appHeight=600, physics.ppm=50.0
01:29:19.727 [FXGL Background Thread 1 ] DEBUG PhysicsWorld         - Using strategy: BRUTE_FORCE
01:29:19.729 [FXGL Background Thread 1 ] DEBUG GameScene            - Game scene initialized: 800x600
01:29:19.736 [FXGL Background Thread 1 ] DEBUG FXGL.DefaultMenu     - createMenuBodyMainMenu()
01:29:19.747 [FXGL Background Thread 1 ] DEBUG FXGL.DefaultMenu     - createOptionsMenu()
01:29:19.753 [FXGL Background Thread 1 ] DEBUG FXGLAssetLoaderServi - Loading from file system: jar:file:///C:/Users/acer/.m2/repository/com/github/almasb/fxgl/dev-SNAPSHOT/fxgl-dev-SNAPSHOT.jar!/fxglassets/textures/particles/smoke.png
01:29:19.809 [FXGL Background Thread 1 ] DEBUG FXGLAssetLoaderServi - Loading from file system: jar:file:///C:/Users/acer/.m2/repository/com/github/almasb/fxgl/dev-SNAPSHOT/fxgl-dev-SNAPSHOT.jar!/fxglassets/textures/particles/trace_horizontal.png
01:29:19.829 [FXGL Background Thread 1 ] DEBUG GameApplicationServi - Application scenes initialized
01:29:19.836 [FXGL Background Thread 1 ] DEBUG SystemBundleService  - Loading FXGL system data
01:29:19.840 [FXGL Background Thread 1 ] DEBUG FileSystemAccess     - Reading from: C:\Users\acer\OneDrive\Desktop\git pull\CSS124L-FINAL-PROJECT\system\fxgl.bundle
01:29:19.844 [FXGL Background Thread 1 ] DEBUG SystemBundleService  - Bundle FXGL: {}
01:29:19.844 [FXGL Background Thread 1 ] DEBUG UpdaterService       - Checking for updates
01:29:19.860 [FXGL Background Thread 1 ] DEBUG FXGLApplication      - Loading default localization
01:29:19.861 [FXGL Background Thread 4 ] DEBUG FXGLAssetLoaderServi - Loading from file system: jar:file:///C:/Users/acer/.m2/repository/com/github/almasb/fxgl/dev-SNAPSHOT/fxgl-dev-SNAPSHOT.jar!/fxglassets/ui/fonts/VarelaRound-Regular.ttf
01:29:19.860 [FXGL Background Thread 1 ] DEBUG FXGLAssetLoaderServi - Loading from file system: jar:file:///C:/Users/acer/.m2/repository/com/github/almasb/fxgl/dev-SNAPSHOT/fxgl-dev-SNAPSHOT.jar!/fxglassets/languages/english.lang
01:29:19.872 [FXGL Background Thread 1 ] INFO  FXGLApplication      - FXGL initialization took: 0.274 sec
01:29:19.882 [JavaFX Application Thread] DEBUG Input                - Registered new binding: Move Upwards - W
01:29:19.882 [JavaFX Application Thread] DEBUG Input                - Registered new binding: Move Down - S
01:29:19.883 [JavaFX Application Thread] DEBUG Input                - Registered new binding: Move Left - A
01:29:19.883 [JavaFX Application Thread] DEBUG Input                - Registered new binding: Move Right - D
01:29:19.883 [JavaFX Application Thread] DEBUG Input                - Registered new binding: Reload - R
01:29:19.883 [JavaFX Application Thread] DEBUG Input                - Registered new binding: Shoot - LMB
01:29:19.883 [JavaFX Application Thread] DEBUG Input                - Registered new binding: Switch Weapons - Q
01:29:19.884 [JavaFX Application Thread] DEBUG Input                - Registered new binding: Interact - F
01:29:19.884 [JavaFX Application Thread] DEBUG FXGLAssetLoaderServi - Loading from file system: jar:file:///C:/Users/acer/.m2/repository/com/github/almasb/fxgl/dev-SNAPSHOT/fxgl-dev-SNAPSHOT.jar!/fxglassets/textures/fxgl_icon.png
01:29:19.900 [JavaFX Application Thread] DEBUG FXGLAssetLoaderServi - Loading from file system: jar:file:///C:/Users/acer/.m2/repository/com/github/almasb/fxgl/dev-SNAPSHOT/fxgl-dev-SNAPSHOT.jar!/fxglassets/textures/fxgl_default_cursor.png
01:29:19.902 [JavaFX Application Thread] DEBUG Input                - Registered new binding: Screenshot - CTRL+8
01:29:19.903 [JavaFX Application Thread] DEBUG Input                - Registered new binding: Dev Options - 1
01:29:19.903 [JavaFX Application Thread] DEBUG Input                - Registered new binding: Dev Console - 2
01:29:19.903 [JavaFX Application Thread] DEBUG Input                - Registered new binding: System info dump - CTRL+9
01:29:19.905 [JavaFX Application Thread] DEBUG Input                - Registered new binding: Restart - CTRL+R
01:29:19.905 [JavaFX Application Thread] DEBUG Input                - Registered new binding: Toggle Debug Camera - CTRL+C
01:29:19.908 [JavaFX Application Thread] DEBUG LoopRunner           - Starting loop
01:29:19.922 [JavaFX Application Thread] DEBUG LoopRunner           - Initializing JavaFX AnimationTimerLoop
01:29:19.924 [JavaFX Application Thread] DEBUG Input                - Clearing active input actions
01:29:19.934 [JavaFX Application Thread] DEBUG GameApplicationServi - Removing overlay from FXGLStartupScene and adding to FXGLMainMenuDummyScene
01:29:19.937 [JavaFX Application Thread] DEBUG PrimaryStageWindow   - FXGLStartupScene -> FXGLMainMenuDummyScene
01:29:19.938 [JavaFX Application Thread] DEBUG PrimaryStageWindow   - Push state: FXGLDefaultMenu
01:29:19.941 [JavaFX Application Thread] DEBUG Input                - Clearing active input actions
01:29:19.946 [JavaFX Application Thread] DEBUG GameApplicationServi - Removing overlay from FXGLMainMenuDummyScene and adding to FXGLDefaultMenu
01:29:19.946 [JavaFX Application Thread] DEBUG PrimaryStageWindow   - FXGLMainMenuDummyScene -> FXGLDefaultMenu
01:29:20.238 [FXGL Background Thread 4 ] DEBUG FXGLAssetLoaderServi - Loading from file system: jar:file:///C:/Users/acer/.m2/repository/com/github/almasb/fxgl/dev-SNAPSHOT/fxgl-dev-SNAPSHOT.jar!/fxglassets/ui/fonts/Abel-Regular.ttf
01:29:20.243 [FXGL Background Thread 4 ] DEBUG FXGLAssetLoaderServi - Loading from file system: jar:file:///C:/Users/acer/.m2/repository/com/github/almasb/fxgl/dev-SNAPSHOT/fxgl-dev-SNAPSHOT.jar!/fxglassets/ui/fonts/lucida_console.ttf
01:29:20.249 [FXGL Background Thread 4 ] DEBUG FXGLAssetLoaderServi - Loading from file system: jar:file:///C:/Users/acer/.m2/repository/com/github/almasb/fxgl/dev-SNAPSHOT/fxgl-dev-SNAPSHOT.jar!/fxglassets/ui/fonts/Courier-Prime.ttf
01:29:20.295 [JavaFX Application Thread] DEBUG FXGLApplication      - Registering font factories with UI factory
01:29:20.484 [FXGL Background Thread 2 ] INFO  UpdaterService       - Your current version:  dev-SNAPSHOT
01:29:20.485 [FXGL Background Thread 2 ] INFO  UpdaterService       - Latest stable version: 21.1
01:29:20.696 [JavaFX Application Thread] DEBUG Menu                 - fireNewGame()
01:29:20.697 [JavaFX Application Thread] DEBUG GameApplicationServi - Starting new game
01:29:20.698 [JavaFX Application Thread] DEBUG PrimaryStageWindow   - Pop state: FXGLDefaultMenu
01:29:20.698 [JavaFX Application Thread] DEBUG Input                - Clearing active input actions
01:29:20.700 [JavaFX Application Thread] DEBUG GameApplicationServi - Removing overlay from FXGLDefaultMenu and adding to FXGLMainMenuDummyScene
01:29:20.701 [JavaFX Application Thread] DEBUG PrimaryStageWindow   - FXGLMainMenuDummyScene <- FXGLDefaultMenu
01:29:20.702 [JavaFX Application Thread] DEBUG Input                - Clearing active input actions
01:29:20.708 [JavaFX Application Thread] DEBUG GameApplicationServi - Removing overlay from FXGLMainMenuDummyScene and adding to FXGLLoadingScene
01:29:20.709 [JavaFX Application Thread] DEBUG PrimaryStageWindow   - FXGLMainMenuDummyScene -> FXGLLoadingScene
01:29:20.709 [JavaFX Application Thread] DEBUG GameApplicationServi - Clearing previous game
01:29:20.709 [JavaFX Application Thread] DEBUG GameScene            - Clearing game scene
01:29:20.709 [JavaFX Application Thread] DEBUG GameWorld            - Clearing game world
01:29:20.709 [JavaFX Application Thread] DEBUG PhysicsWorld         - Clearing physics world
01:29:20.710 [FXGL Background Thread 2 ] DEBUG FXGLApplication      - Initializing game
01:29:20.739 [FXGL Background Thread 2 ] DEBUG FXGLAssetLoaderServi - Loading from file system: file:/C:/Users/acer/OneDrive/Desktop/git%20pull/CSS124L-FINAL-PROJECT/fp/target/classes/assets/textures/Players/1P_Idle.png
01:29:20.741 [FXGL Background Thread 2 ] DEBUG FXGLAssetLoaderServi - Loading from file system: file:/C:/Users/acer/OneDrive/Desktop/git%20pull/CSS124L-FINAL-PROJECT/fp/target/classes/assets/textures/Players/1P_Walk.gif
01:29:20.746 [FXGL Background Thread 2 ] DEBUG FXGLAssetLoaderServi - Loading from file system: file:/C:/Users/acer/OneDrive/Desktop/git%20pull/CSS124L-FINAL-PROJECT/fp/target/classes/assets/textures/Players/1P_Shoot.gif
01:29:20.761 [FXGL Background Thread 2 ] INFO  FXGLApplication      - Game initialization took: 0.050 sec
01:29:20.766 [JavaFX Application Thread] DEBUG Input                - Clearing active input actions
01:29:20.773 [JavaFX Application Thread] DEBUG GameApplicationServi - Removing overlay from FXGLLoadingScene and adding to GameScene
01:29:20.775 [JavaFX Application Thread] DEBUG PrimaryStageWindow   - FXGLLoadingScene -> GameScene
01:29:20.781 [JavaFX Application Thread] DEBUG PrimaryStageWindow   - Push state: PlayerCountMenu
01:29:20.782 [JavaFX Application Thread] DEBUG Input                - Clearing active input actions
01:29:20.782 [JavaFX Application Thread] DEBUG GameApplicationServi - Removing overlay from GameScene and adding to PlayerCountMenu
01:29:20.782 [JavaFX Application Thread] DEBUG PrimaryStageWindow   - GameScene -> PlayerCountMenu
01:29:21.226 [JavaFX Application Thread] DEBUG PrimaryStageWindow   - Pop state: PlayerCountMenu
01:29:21.226 [JavaFX Application Thread] DEBUG Input                - Clearing active input actions
01:29:21.227 [JavaFX Application Thread] DEBUG GameApplicationServi - Removing overlay from PlayerCountMenu and adding to GameScene
01:29:21.227 [JavaFX Application Thread] DEBUG PrimaryStageWindow   - GameScene <- PlayerCountMenu
01:29:21.661 [JavaFX Application Thread] DEBUG FXGLAssetLoaderServi - Loading from file system: file:/C:/Users/acer/OneDrive/Desktop/git%20pull/CSS124L-FINAL-PROJECT/fp/target/classes/assets/textures/Zombies/Basic_Zombie_Walking.gif
01:29:21.662 [JavaFX Application Thread] DEBUG FXGLAssetLoaderServi - Loading from file system: file:/C:/Users/acer/OneDrive/Desktop/git%20pull/CSS124L-FINAL-PROJECT/fp/target/classes/assets/textures/Zombies/Basic_Zombie_Attack.gif
01:29:22.861 [FXGL Background Thread 3 ] DEBUG Engine               - Logging environment variables
01:29:22.862 [FXGL Background Thread 3 ] DEBUG Engine               - achievements: []
01:29:22.862 [FXGL Background Thread 3 ] DEBUG Engine               - actualHeight: 600.0
01:29:22.862 [FXGL Background Thread 3 ] DEBUG Engine               - actualHeightProperty: ReadOnlyDoubleProperty [value: 600.0]
01:29:22.862 [FXGL Background Thread 3 ] DEBUG Engine               - actualWidth: 800.0
01:29:22.862 [FXGL Background Thread 3 ] DEBUG Engine               - actualWidthProperty: ReadOnlyDoubleProperty [value: 800.0]
01:29:22.862 [FXGL Background Thread 3 ] DEBUG Engine               - appIcon: fxgl_icon.png
01:29:22.862 [FXGL Background Thread 3 ] DEBUG Engine               - applicationMode: DEVELOPER
01:29:22.862 [FXGL Background Thread 3 ] DEBUG Engine               - cSSList: [fxgl_dark.css]
01:29:22.862 [FXGL Background Thread 3 ] DEBUG Engine               - collisionDetectionStrategy: BRUTE_FORCE
01:29:22.862 [FXGL Background Thread 3 ] DEBUG Engine               - configClass: Optional.empty
01:29:22.862 [FXGL Background Thread 3 ] DEBUG Engine               - credits: []
01:29:22.862 [FXGL Background Thread 3 ] DEBUG Engine               - defaultCursor: CursorInfo(imageName=fxgl_default_cursor.png, hotspotX=7.0, hotspotY=6.0)
01:29:22.863 [FXGL Background Thread 3 ] DEBUG Engine               - devBBoxColorProperty: ObjectProperty [value: 0xff0000ff]
01:29:22.863 [FXGL Background Thread 3 ] DEBUG Engine               - devEnableDebugCameraProperty: BooleanProperty [value: false]
01:29:22.863 [FXGL Background Thread 3 ] DEBUG Engine               - devSensorColorProperty: ObjectProperty [value: 0xffff00ff]
01:29:22.863 [FXGL Background Thread 3 ] DEBUG Engine               - devShowBBoxProperty: BooleanProperty [value: false]
01:29:22.864 [FXGL Background Thread 3 ] DEBUG Engine               - devShowPositionProperty: BooleanProperty [value: false]
01:29:22.864 [FXGL Background Thread 3 ] DEBUG Engine               - enabledMenuItems: []
01:29:22.864 [FXGL Background Thread 3 ] DEBUG Engine               - engineServices: [class com.almasb.fxgl.app.services.FXGLAssetLoaderService, class com.almasb.fxgl.app.FXGLApplication$GameApplicationService, class com.almasb.fxgl.app.services.FXGLDialogService, class com.almasb.fxgl.app.services.IOTaskExecutorService, class com.almasb.fxgl.io.FileSystemService, class com.almasb.fxgl.localization.LocalizationService, class com.almasb.fxgl.app.services.SystemBundleService, class com.almasb.fxgl.profile.SaveLoadService, class com.almasb.fxgl.ui.FXGLUIFactoryServiceProvider, class com.almasb.fxgl.ui.FXGLDialogFactoryServiceProvider, class com.almasb.fxgl.audio.AudioPlayer, class com.almasb.fxgl.notification.impl.NotificationServiceProvider, class com.almasb.fxgl.achievement.AchievementService, class com.almasb.fxgl.cutscene.CutsceneService, class com.almasb.fxgl.minigames.MiniGameService, class com.almasb.fxgl.net.NetService, class com.almasb.fxgl.app.services.UpdaterService, class com.almasb.fxgl.dev.DevService, class com.almasb.fxgl.multiplayer.MultiplayerService]
01:29:22.864 [FXGL Background Thread 3 ] DEBUG Engine               - fontGame: Abel-Regular.ttf
01:29:22.864 [FXGL Background Thread 3 ] DEBUG Engine               - fontMono: lucida_console.ttf
01:29:22.864 [FXGL Background Thread 3 ] DEBUG Engine               - fontText: Courier-Prime.ttf
01:29:22.864 [FXGL Background Thread 3 ] DEBUG Engine               - fontUI: VarelaRound-Regular.ttf
01:29:22.864 [FXGL Background Thread 3 ] DEBUG Engine               - fullScreen: BooleanProperty [value: false]
01:29:22.864 [FXGL Background Thread 3 ] DEBUG Engine               - gameDifficulty: MEDIUM
01:29:22.864 [FXGL Background Thread 3 ] DEBUG Engine               - gameDifficultyProperty: ObjectProperty [value: MEDIUM]
01:29:22.864 [FXGL Background Thread 3 ] DEBUG Engine               - globalMusicVolume: 0.5
01:29:22.864 [FXGL Background Thread 3 ] DEBUG Engine               - globalMusicVolumeProperty: DoubleProperty [value: 0.5]
01:29:22.864 [FXGL Background Thread 3 ] DEBUG Engine               - globalSoundVolume: 0.5
01:29:22.864 [FXGL Background Thread 3 ] DEBUG Engine               - globalSoundVolumeProperty: DoubleProperty [value: 0.5]
01:29:22.864 [FXGL Background Thread 3 ] DEBUG Engine               - height: 600
01:29:22.864 [FXGL Background Thread 3 ] DEBUG Engine               - is3D: false
01:29:22.864 [FXGL Background Thread 3 ] DEBUG Engine               - isAndroid: false
01:29:22.864 [FXGL Background Thread 3 ] DEBUG Engine               - isBrowser: false
01:29:22.864 [FXGL Background Thread 3 ] DEBUG Engine               - isClickFeedbackEnabled: false
01:29:22.864 [FXGL Background Thread 3 ] DEBUG Engine               - isCloseConfirmation: false
01:29:22.864 [FXGL Background Thread 3 ] DEBUG Engine               - isDesktop: true
01:29:22.864 [FXGL Background Thread 3 ] DEBUG Engine               - isDeveloperMenuEnabled: true
01:29:22.864 [FXGL Background Thread 3 ] DEBUG Engine               - isEmbedded: false
01:29:22.865 [FXGL Background Thread 3 ] DEBUG Engine               - isEntityPreloadEnabled: true
01:29:22.865 [FXGL Background Thread 3 ] DEBUG Engine               - isExperimentalTiledLargeMap: false
01:29:22.865 [FXGL Background Thread 3 ] DEBUG Engine               - isFileSystemWriteAllowed: true
01:29:22.865 [FXGL Background Thread 3 ] DEBUG Engine               - isFullScreenAllowed: false
01:29:22.865 [FXGL Background Thread 3 ] DEBUG Engine               - isFullScreenFromStart: false
01:29:22.865 [FXGL Background Thread 3 ] DEBUG Engine               - isGameMenuEnabled: true
01:29:22.865 [FXGL Background Thread 3 ] DEBUG Engine               - isIOS: false
01:29:22.865 [FXGL Background Thread 3 ] DEBUG Engine               - isIntroEnabled: false
01:29:22.865 [FXGL Background Thread 3 ] DEBUG Engine               - isLinux: false
01:29:22.865 [FXGL Background Thread 3 ] DEBUG Engine               - isMac: false
01:29:22.865 [FXGL Background Thread 3 ] DEBUG Engine               - isMainMenuEnabled: true
01:29:22.865 [FXGL Background Thread 3 ] DEBUG Engine               - isManualResizeEnabled: false
01:29:22.866 [FXGL Background Thread 3 ] DEBUG Engine               - isMobile: false
01:29:22.866 [FXGL Background Thread 3 ] DEBUG Engine               - isNative: false
01:29:22.866 [FXGL Background Thread 3 ] DEBUG Engine               - isPauseMusicWhenMinimized: true
01:29:22.866 [FXGL Background Thread 3 ] DEBUG Engine               - isPreserveResizeRatio: false
01:29:22.866 [FXGL Background Thread 3 ] DEBUG Engine               - isProfilingEnabled: false
01:29:22.866 [FXGL Background Thread 3 ] DEBUG Engine               - isScaleAffectedOnResize: true
01:29:22.866 [FXGL Background Thread 3 ] DEBUG Engine               - isSingleStep: false
01:29:22.866 [FXGL Background Thread 3 ] DEBUG Engine               - isUserProfileEnabled: false
01:29:22.866 [FXGL Background Thread 3 ] DEBUG Engine               - isWindows: true
01:29:22.866 [FXGL Background Thread 3 ] DEBUG Engine               - language: ObjectProperty [value: ENGLISH]
01:29:22.866 [FXGL Background Thread 3 ] DEBUG Engine               - menuKey: ESCAPE
01:29:22.866 [FXGL Background Thread 3 ] DEBUG Engine               - mouseSensitivity: 0.2
01:29:22.866 [FXGL Background Thread 3 ] DEBUG Engine               - notificationViewClass: class com.almasb.fxgl.notification.view.XboxNotificationView
01:29:22.866 [FXGL Background Thread 3 ] DEBUG Engine               - pixelsPerMeter: 50.0
01:29:22.866 [FXGL Background Thread 3 ] DEBUG Engine               - platform: WINDOWS
01:29:22.866 [FXGL Background Thread 3 ] DEBUG Engine               - prefHeightProperty: ReadOnlyDoubleProperty [value: 600.0]
01:29:22.866 [FXGL Background Thread 3 ] DEBUG Engine               - prefWidthProperty: ReadOnlyDoubleProperty [value: 800.0]
01:29:22.866 [FXGL Background Thread 3 ] DEBUG Engine               - profileDir: profiles/
01:29:22.866 [FXGL Background Thread 3 ] DEBUG Engine               - profileName: StringProperty [value: DEFAULT]
01:29:22.866 [FXGL Background Thread 3 ] DEBUG Engine               - randomSeed: -1
01:29:22.866 [FXGL Background Thread 3 ] DEBUG Engine               - runtimeInfo: RuntimeInfo(platform=WINDOWS, version=dev-SNAPSHOT, build=28.07.2021 16.39)
01:29:22.866 [FXGL Background Thread 3 ] DEBUG Engine               - saveFileExt: sav
01:29:22.867 [FXGL Background Thread 3 ] DEBUG Engine               - scaledHeightProp$fxgl: DoubleProperty [bound, value: 600.0]
01:29:22.867 [FXGL Background Thread 3 ] DEBUG Engine               - scaledWidthProp$fxgl: DoubleProperty [bound, value: 800.0]
01:29:22.867 [FXGL Background Thread 3 ] DEBUG Engine               - sceneFactory: com.groupfour.mygame.App$1@330db5fd
01:29:22.867 [FXGL Background Thread 3 ] DEBUG Engine               - secondsIn24h: 60
01:29:22.867 [FXGL Background Thread 3 ] DEBUG Engine               - soundMenuBack: menu/back.wav
01:29:22.867 [FXGL Background Thread 3 ] DEBUG Engine               - soundMenuPress: menu/press.wav
01:29:22.867 [FXGL Background Thread 3 ] DEBUG Engine               - soundMenuSelect: menu/select.wav
01:29:22.867 [FXGL Background Thread 3 ] DEBUG Engine               - soundNotification: core/notification.wav
01:29:22.867 [FXGL Background Thread 3 ] DEBUG Engine               - stageStyle: DECORATED
01:29:22.867 [FXGL Background Thread 3 ] DEBUG Engine               - supportedLanguages: [ENGLISH, FRENCH, GERMAN, HUNGARIAN, RUSSIAN]
01:29:22.867 [FXGL Background Thread 3 ] DEBUG Engine               - ticksPerSecond: -1
01:29:22.867 [FXGL Background Thread 3 ] DEBUG Engine               - title: Flatline: Oregon
01:29:22.867 [FXGL Background Thread 3 ] DEBUG Engine               - urlGithub: https://github.com/AlmasB/FXGL
01:29:22.867 [FXGL Background Thread 3 ] DEBUG Engine               - urlLeaderboard: http://fxgl-top.herokuapp.com/
01:29:22.867 [FXGL Background Thread 3 ] DEBUG Engine               - urlPOM: https://raw.githubusercontent.com/AlmasB/FXGL/release/README.md
01:29:22.867 [FXGL Background Thread 3 ] DEBUG Engine               - userAppClass: class com.groupfour.mygame.App
01:29:22.867 [FXGL Background Thread 3 ] DEBUG Engine               - version: Alpha 0.3
01:29:22.867 [FXGL Background Thread 3 ] DEBUG Engine               - versionCheckDays: 7
01:29:22.867 [FXGL Background Thread 3 ] DEBUG Engine               - width: 800
01:29:22.867 [FXGL Background Thread 3 ] DEBUG Engine               - Logging services
01:29:22.867 [FXGL Background Thread 3 ] DEBUG Engine               - class com.almasb.fxgl.app.services.FXGLAssetLoaderService
01:29:22.867 [FXGL Background Thread 3 ] DEBUG Engine               - class com.almasb.fxgl.app.FXGLApplication$GameApplicationService
01:29:22.867 [FXGL Background Thread 3 ] DEBUG Engine               - class com.almasb.fxgl.app.services.FXGLDialogService
01:29:22.867 [FXGL Background Thread 3 ] DEBUG Engine               - class com.almasb.fxgl.app.services.IOTaskExecutorService
01:29:22.867 [FXGL Background Thread 3 ] DEBUG Engine               - class com.almasb.fxgl.io.FileSystemService
01:29:22.867 [FXGL Background Thread 3 ] DEBUG Engine               - class com.almasb.fxgl.localization.LocalizationService
01:29:22.867 [FXGL Background Thread 3 ] DEBUG Engine               - class com.almasb.fxgl.app.services.SystemBundleService
01:29:22.867 [FXGL Background Thread 3 ] DEBUG Engine               - class com.almasb.fxgl.profile.SaveLoadService
01:29:22.867 [FXGL Background Thread 3 ] DEBUG Engine               - class com.almasb.fxgl.ui.FXGLUIFactoryServiceProvider
01:29:22.867 [FXGL Background Thread 3 ] DEBUG Engine               - class com.almasb.fxgl.ui.FXGLDialogFactoryServiceProvider
01:29:22.867 [FXGL Background Thread 3 ] DEBUG Engine               - class com.almasb.fxgl.audio.AudioPlayer
01:29:22.867 [FXGL Background Thread 3 ] DEBUG Engine               - class com.almasb.fxgl.notification.impl.NotificationServiceProvider
01:29:22.868 [FXGL Background Thread 3 ] DEBUG Engine               - class com.almasb.fxgl.achievement.AchievementService
01:29:22.868 [FXGL Background Thread 3 ] DEBUG Engine               - class com.almasb.fxgl.cutscene.CutsceneService
01:29:22.868 [FXGL Background Thread 3 ] DEBUG Engine               - class com.almasb.fxgl.minigames.MiniGameService
01:29:22.868 [FXGL Background Thread 3 ] DEBUG Engine               - class com.almasb.fxgl.net.NetService
01:29:22.868 [FXGL Background Thread 3 ] DEBUG Engine               - class com.almasb.fxgl.app.services.UpdaterService
01:29:22.868 [FXGL Background Thread 3 ] DEBUG Engine               - class com.almasb.fxgl.dev.DevService
01:29:22.868 [FXGL Background Thread 3 ] DEBUG Engine               - class com.almasb.fxgl.multiplayer.MultiplayerService
01:29:31.331 [JavaFX Application Thread] DEBUG FXGLApplication      - Exiting FXGL
01:29:31.332 [JavaFX Application Thread] DEBUG LoopRunner           - Stopping loop
01:29:31.332 [JavaFX Application Thread] DEBUG SystemBundleService  - Saving FXGL system data
01:29:31.334 [JavaFX Application Thread] DEBUG FileSystemAccess     - Writing to: C:\Users\acer\OneDrive\Desktop\git pull\CSS124L-FINAL-PROJECT\system\fxgl.bundle
01:29:31.336 [JavaFX Application Thread] DEBUG Async                - Shutting down background threads
01:29:31.337 [JavaFX Application Thread] DEBUG PrimaryStageWindow   - Closing main window
01:29:31.347 [JavaFX Application Thread] DEBUG Logger               - Closing Logger
