16:42:13.890 [main                     ] DEBUG Logger               - Configured Logger
16:42:13.910 [main                     ] DEBUG GameApplication      - Logging settings
Title: Flatline: Oregon
Version: Alpha 0.19021902
Width: 800
Height: 600
Fullscreen: false
Intro: false
Profiling: false
Single step:false
App Mode: DEVELOPER
Menu Key: ESCAPE
Stage Style: DECORATED
Scene Factory: class com.groupfour.mygame.App$1

16:42:14.298 [JavaFX Application Thread] DEBUG FXGLApplication      - Initializing FXGL
16:42:14.299 [JavaFX Application Thread] INFO  Engine               - FXGL-dev-SNAPSHOT (28.07.2021 16.39) on WINDOWS (J:11.0.22 FX:16)
16:42:14.300 [JavaFX Application Thread] DEBUG Engine               - JRE Vendor Name: Oracle Corporation
16:42:14.300 [JavaFX Application Thread] DEBUG Engine               - Running on OS: Windows 11 version 10.0
16:42:14.300 [JavaFX Application Thread] DEBUG Engine               - Architecture: amd64
16:42:14.300 [JavaFX Application Thread] INFO  Engine               - Source code and latest versions at: https://github.com/AlmasB/FXGL
16:42:14.301 [JavaFX Application Thread] INFO  Engine               -              Join the FXGL chat at: https://gitter.im/AlmasB/FXGL
16:42:14.358 [JavaFX Application Thread] DEBUG PrimaryStageWindow   - Creating a JavaFX scene
16:42:14.401 [JavaFX Application Thread] DEBUG PrimaryStageWindow   - Target settings size: 800.0 x 600.0
16:42:14.401 [JavaFX Application Thread] DEBUG PrimaryStageWindow   - Scaled scene size:    800.0 x 600.0
16:42:14.401 [JavaFX Application Thread] DEBUG PrimaryStageWindow   - Scaled ratio: (1.0, 1.0)
16:42:14.402 [JavaFX Application Thread] DEBUG PrimaryStageWindow   - Set initial scene to FXGLStartupScene
16:42:14.406 [JavaFX Application Thread] DEBUG PrimaryStageWindow   - Opening main window
16:42:14.497 [JavaFX Application Thread] DEBUG PrimaryStageWindow   - Window border size: (14.4000244140625, 37.5999755859375)
16:42:14.497 [JavaFX Application Thread] DEBUG PrimaryStageWindow   - Scaled size: 800.0 x 600.0
16:42:14.497 [JavaFX Application Thread] DEBUG PrimaryStageWindow   - Scaled ratio: (1.0, 1.0)
16:42:14.497 [JavaFX Application Thread] DEBUG PrimaryStageWindow   - Scene size: 800.0 x 600.0
16:42:14.497 [JavaFX Application Thread] DEBUG PrimaryStageWindow   - Stage size: 814.4000244140625 x 637.5999755859375
16:42:14.502 [FXGL Background Thread 1 ] DEBUG Engine               - Initializing environment variables
16:42:14.553 [FXGL Background Thread 1 ] DEBUG FXGLAssetLoaderServi - User app class for loading assets: class com.groupfour.mygame.App
16:42:14.553 [FXGL Background Thread 1 ] DEBUG GameApplicationServi - Applying CSS: fxgl_dark.css
16:42:14.554 [FXGL Background Thread 1 ] DEBUG FXGLAssetLoaderServi - Loading from file system: jar:file:///C:/Users/acer/.m2/repository/com/github/almasb/fxgl/dev-SNAPSHOT/fxgl-dev-SNAPSHOT.jar!/fxglassets/ui/css/fxgl_dark.css
16:42:14.597 [FXGL Background Thread 1 ] DEBUG GameApplicationServi - Initializing application scenes
16:42:14.626 [FXGL Background Thread 1 ] DEBUG GameWorld            - Game world initialized
16:42:14.664 [FXGL Background Thread 1 ] DEBUG PhysicsWorld         - Physics world initialized: appHeight=600, physics.ppm=50.0
16:42:14.664 [FXGL Background Thread 1 ] DEBUG PhysicsWorld         - Using strategy: BRUTE_FORCE
16:42:14.666 [FXGL Background Thread 1 ] DEBUG GameScene            - Game scene initialized: 800x600
16:42:14.675 [FXGL Background Thread 1 ] DEBUG FXGL.DefaultMenu     - createMenuBodyMainMenu()
16:42:14.687 [FXGL Background Thread 1 ] DEBUG FXGL.DefaultMenu     - createOptionsMenu()
16:42:14.693 [FXGL Background Thread 1 ] DEBUG FXGLAssetLoaderServi - Loading from file system: jar:file:///C:/Users/acer/.m2/repository/com/github/almasb/fxgl/dev-SNAPSHOT/fxgl-dev-SNAPSHOT.jar!/fxglassets/textures/particles/smoke.png
16:42:14.770 [FXGL Background Thread 1 ] DEBUG FXGLAssetLoaderServi - Loading from file system: jar:file:///C:/Users/acer/.m2/repository/com/github/almasb/fxgl/dev-SNAPSHOT/fxgl-dev-SNAPSHOT.jar!/fxglassets/textures/particles/trace_horizontal.png
16:42:14.805 [FXGL Background Thread 1 ] DEBUG GameApplicationServi - Application scenes initialized
16:42:14.816 [FXGL Background Thread 1 ] DEBUG SystemBundleService  - Loading FXGL system data
16:42:14.821 [FXGL Background Thread 1 ] DEBUG FileSystemAccess     - Reading from: C:\Users\acer\OneDrive\Desktop\git pull\CSS124L-FINAL-PROJECT\system\fxgl.bundle
16:42:14.831 [FXGL Background Thread 1 ] DEBUG SystemBundleService  - Bundle FXGL: {}
16:42:14.832 [FXGL Background Thread 1 ] DEBUG UpdaterService       - Checking for updates
16:42:14.865 [FXGL Background Thread 4 ] DEBUG FXGLApplication      - Loading fonts
16:42:14.865 [FXGL Background Thread 1 ] DEBUG FXGLApplication      - Loading default localization
16:42:14.866 [FXGL Background Thread 4 ] DEBUG FXGLAssetLoaderServi - Loading from file system: jar:file:///C:/Users/acer/.m2/repository/com/github/almasb/fxgl/dev-SNAPSHOT/fxgl-dev-SNAPSHOT.jar!/fxglassets/ui/fonts/VarelaRound-Regular.ttf
16:42:14.866 [FXGL Background Thread 1 ] DEBUG FXGLAssetLoaderServi - Loading from file system: jar:file:///C:/Users/acer/.m2/repository/com/github/almasb/fxgl/dev-SNAPSHOT/fxgl-dev-SNAPSHOT.jar!/fxglassets/languages/english.lang
16:42:14.880 [FXGL Background Thread 1 ] INFO  FXGLApplication      - FXGL initialization took: 0.378 sec
16:42:14.894 [JavaFX Application Thread] DEBUG Input                - Registered new binding: Move Upwards - W
16:42:14.895 [JavaFX Application Thread] DEBUG Input                - Registered new binding: Move Down - S
16:42:14.895 [JavaFX Application Thread] DEBUG Input                - Registered new binding: Move Left - A
16:42:14.895 [JavaFX Application Thread] DEBUG Input                - Registered new binding: Move Right - D
16:42:14.895 [JavaFX Application Thread] DEBUG Input                - Registered new binding: Reload - R
16:42:14.897 [JavaFX Application Thread] DEBUG Input                - Registered new binding: Shoot - LMB
16:42:14.898 [JavaFX Application Thread] DEBUG Input                - Registered new binding: Switch Weapons - Q
16:42:14.898 [JavaFX Application Thread] DEBUG Input                - Registered new binding: Interact - F
16:42:14.899 [JavaFX Application Thread] DEBUG FXGLAssetLoaderServi - Loading from file system: jar:file:///C:/Users/acer/.m2/repository/com/github/almasb/fxgl/dev-SNAPSHOT/fxgl-dev-SNAPSHOT.jar!/fxglassets/textures/fxgl_icon.png
16:42:14.925 [JavaFX Application Thread] DEBUG FXGLAssetLoaderServi - Loading from file system: jar:file:///C:/Users/acer/.m2/repository/com/github/almasb/fxgl/dev-SNAPSHOT/fxgl-dev-SNAPSHOT.jar!/fxglassets/textures/fxgl_default_cursor.png
16:42:14.928 [JavaFX Application Thread] DEBUG Input                - Registered new binding: Screenshot - CTRL+8
16:42:14.929 [JavaFX Application Thread] DEBUG Input                - Registered new binding: Dev Options - 1
16:42:14.929 [JavaFX Application Thread] DEBUG Input                - Registered new binding: Dev Console - 2
16:42:14.930 [JavaFX Application Thread] DEBUG Input                - Registered new binding: System info dump - CTRL+9
16:42:14.930 [JavaFX Application Thread] DEBUG Input                - Registered new binding: Restart - CTRL+R
16:42:14.930 [JavaFX Application Thread] DEBUG Input                - Registered new binding: Toggle Debug Camera - CTRL+C
16:42:14.932 [JavaFX Application Thread] DEBUG LoopRunner           - Starting loop
16:42:14.956 [JavaFX Application Thread] DEBUG LoopRunner           - Initializing JavaFX AnimationTimerLoop
16:42:14.959 [JavaFX Application Thread] DEBUG Input                - Clearing active input actions
16:42:14.970 [JavaFX Application Thread] DEBUG GameApplicationServi - Removing overlay from FXGLStartupScene and adding to FXGLMainMenuDummyScene
16:42:14.976 [JavaFX Application Thread] DEBUG PrimaryStageWindow   - FXGLStartupScene -> FXGLMainMenuDummyScene
16:42:14.977 [JavaFX Application Thread] DEBUG PrimaryStageWindow   - Push state: FXGLDefaultMenu
16:42:14.983 [JavaFX Application Thread] DEBUG Input                - Clearing active input actions
16:42:14.990 [JavaFX Application Thread] DEBUG GameApplicationServi - Removing overlay from FXGLMainMenuDummyScene and adding to FXGLDefaultMenu
16:42:14.991 [JavaFX Application Thread] DEBUG PrimaryStageWindow   - FXGLMainMenuDummyScene -> FXGLDefaultMenu
16:42:15.507 [FXGL Background Thread 4 ] DEBUG FXGLAssetLoaderServi - Loading from file system: jar:file:///C:/Users/acer/.m2/repository/com/github/almasb/fxgl/dev-SNAPSHOT/fxgl-dev-SNAPSHOT.jar!/fxglassets/ui/fonts/Abel-Regular.ttf
16:42:15.513 [FXGL Background Thread 4 ] DEBUG FXGLAssetLoaderServi - Loading from file system: jar:file:///C:/Users/acer/.m2/repository/com/github/almasb/fxgl/dev-SNAPSHOT/fxgl-dev-SNAPSHOT.jar!/fxglassets/ui/fonts/lucida_console.ttf
16:42:15.521 [FXGL Background Thread 4 ] DEBUG FXGLAssetLoaderServi - Loading from file system: jar:file:///C:/Users/acer/.m2/repository/com/github/almasb/fxgl/dev-SNAPSHOT/fxgl-dev-SNAPSHOT.jar!/fxglassets/ui/fonts/Courier-Prime.ttf
16:42:15.533 [JavaFX Application Thread] DEBUG FXGLApplication      - Registering font factories with UI factory
16:42:15.859 [FXGL Background Thread 2 ] INFO  UpdaterService       - Your current version:  dev-SNAPSHOT
16:42:15.860 [FXGL Background Thread 2 ] INFO  UpdaterService       - Latest stable version: 21.1
16:42:17.660 [JavaFX Application Thread] DEBUG Menu                 - fireNewGame()
16:42:17.661 [JavaFX Application Thread] DEBUG GameApplicationServi - Starting new game
16:42:17.662 [JavaFX Application Thread] DEBUG PrimaryStageWindow   - Pop state: FXGLDefaultMenu
16:42:17.662 [JavaFX Application Thread] DEBUG Input                - Clearing active input actions
16:42:17.664 [JavaFX Application Thread] DEBUG GameApplicationServi - Removing overlay from FXGLDefaultMenu and adding to FXGLMainMenuDummyScene
16:42:17.665 [JavaFX Application Thread] DEBUG PrimaryStageWindow   - FXGLMainMenuDummyScene <- FXGLDefaultMenu
16:42:17.665 [JavaFX Application Thread] DEBUG Input                - Clearing active input actions
16:42:17.670 [JavaFX Application Thread] DEBUG GameApplicationServi - Removing overlay from FXGLMainMenuDummyScene and adding to FXGLLoadingScene
16:42:17.671 [JavaFX Application Thread] DEBUG PrimaryStageWindow   - FXGLMainMenuDummyScene -> FXGLLoadingScene
16:42:17.671 [JavaFX Application Thread] DEBUG GameApplicationServi - Clearing previous game
16:42:17.671 [JavaFX Application Thread] DEBUG GameScene            - Clearing game scene
16:42:17.671 [JavaFX Application Thread] DEBUG GameWorld            - Clearing game world
16:42:17.671 [JavaFX Application Thread] DEBUG PhysicsWorld         - Clearing physics world
16:42:17.673 [FXGL Background Thread 2 ] DEBUG FXGLApplication      - Initializing game
16:42:17.718 [FXGL Background Thread 2 ] WARN  TMXLevelLoader       - TiledMap generated from 1.11.0. Supported version: 1.2.3. Some features may not be parsed fully.
16:42:17.726 [FXGL Background Thread 2 ] DEBUG TMXLevelLoader       - Parsed TiledMap: file:/C:/Users/acer/OneDrive/Desktop/git%20pull/CSS124L-FINAL-PROJECT/fp/target/classes/assets/levels/Lobby.tmx
16:42:17.727 [FXGL Background Thread 2 ] DEBUG TMXLevelLoader       - Creating tile layer entities
16:42:17.728 [FXGL Background Thread 2 ] DEBUG TilesetLoader        - Loading view for layer Tile Layer 1
16:42:17.732 [FXGL Background Thread 2 ] DEBUG TilesetLoader        - Created buffer with size 1280.0x768.0
16:42:17.737 [FXGL Background Thread 2 ] DEBUG TMXLevelLoader       - Creating object layer entities
16:42:17.754 [FXGL Background Thread 2 ] DEBUG GameWorld            - Clearing removable entities
16:42:17.755 [FXGL Background Thread 2 ] DEBUG GameWorld            - Setting level: com.almasb.fxgl.entity.level.Level@5c5b34e9
16:42:17.763 [FXGL Background Thread 2 ] DEBUG FXGLAssetLoaderServi - Loading from file system: file:/C:/Users/acer/OneDrive/Desktop/git%20pull/CSS124L-FINAL-PROJECT/fp/target/classes/assets/ui/fonts/PIXELADE.TTF
16:42:17.783 [FXGL Background Thread 2 ] INFO  FXGLApplication      - Game initialization took: 0.111 sec
16:42:17.788 [JavaFX Application Thread] DEBUG Input                - Clearing active input actions
16:42:17.794 [JavaFX Application Thread] DEBUG GameApplicationServi - Removing overlay from FXGLLoadingScene and adding to GameScene
16:42:17.795 [JavaFX Application Thread] DEBUG PrimaryStageWindow   - FXGLLoadingScene -> GameScene
16:42:17.799 [JavaFX Application Thread] DEBUG FXGLAssetLoaderServi - Loading from file system: file:/C:/Users/acer/OneDrive/Desktop/git%20pull/CSS124L-FINAL-PROJECT/fp/target/classes/assets/textures/Interactables/microwave_close.png
16:42:17.802 [JavaFX Application Thread] DEBUG PrimaryStageWindow   - Push state: PCM_BG
16:42:17.802 [JavaFX Application Thread] DEBUG Input                - Clearing active input actions
16:42:17.802 [JavaFX Application Thread] DEBUG GameApplicationServi - Removing overlay from GameScene and adding to PCM_BG
16:42:17.803 [JavaFX Application Thread] DEBUG PrimaryStageWindow   - GameScene -> PCM_BG
16:42:17.804 [JavaFX Application Thread] DEBUG PrimaryStageWindow   - Push state: PlayerCountMenu
16:42:17.804 [JavaFX Application Thread] DEBUG Input                - Clearing active input actions
16:42:17.804 [JavaFX Application Thread] DEBUG GameApplicationServi - Removing overlay from PCM_BG and adding to PlayerCountMenu
16:42:17.809 [JavaFX Application Thread] DEBUG PrimaryStageWindow   - PCM_BG -> PlayerCountMenu
16:42:17.864 [FXGL Background Thread 3 ] DEBUG Engine               - Logging environment variables
16:42:17.864 [FXGL Background Thread 3 ] DEBUG Engine               - achievements: []
16:42:17.864 [FXGL Background Thread 3 ] DEBUG Engine               - actualHeight: 600.0
16:42:17.864 [FXGL Background Thread 3 ] DEBUG Engine               - actualHeightProperty: ReadOnlyDoubleProperty [value: 600.0]
16:42:17.865 [FXGL Background Thread 3 ] DEBUG Engine               - actualWidth: 800.0
16:42:17.865 [FXGL Background Thread 3 ] DEBUG Engine               - actualWidthProperty: ReadOnlyDoubleProperty [value: 800.0]
16:42:17.865 [FXGL Background Thread 3 ] DEBUG Engine               - appIcon: fxgl_icon.png
16:42:17.865 [FXGL Background Thread 3 ] DEBUG Engine               - applicationMode: DEVELOPER
16:42:17.865 [FXGL Background Thread 3 ] DEBUG Engine               - cSSList: [fxgl_dark.css]
16:42:17.865 [FXGL Background Thread 3 ] DEBUG Engine               - collisionDetectionStrategy: BRUTE_FORCE
16:42:17.865 [FXGL Background Thread 3 ] DEBUG Engine               - configClass: Optional.empty
16:42:17.865 [FXGL Background Thread 3 ] DEBUG Engine               - credits: []
16:42:17.865 [FXGL Background Thread 3 ] DEBUG Engine               - defaultCursor: CursorInfo(imageName=fxgl_default_cursor.png, hotspotX=7.0, hotspotY=6.0)
16:42:17.865 [FXGL Background Thread 3 ] DEBUG Engine               - devBBoxColorProperty: ObjectProperty [value: 0xff0000ff]
16:42:17.865 [FXGL Background Thread 3 ] DEBUG Engine               - devEnableDebugCameraProperty: BooleanProperty [value: false]
16:42:17.865 [FXGL Background Thread 3 ] DEBUG Engine               - devSensorColorProperty: ObjectProperty [value: 0xffff00ff]
16:42:17.865 [FXGL Background Thread 3 ] DEBUG Engine               - devShowBBoxProperty: BooleanProperty [value: false]
16:42:17.865 [FXGL Background Thread 3 ] DEBUG Engine               - devShowPositionProperty: BooleanProperty [value: false]
16:42:17.865 [FXGL Background Thread 3 ] DEBUG Engine               - enabledMenuItems: []
16:42:17.865 [FXGL Background Thread 3 ] DEBUG Engine               - engineServices: [class com.almasb.fxgl.app.services.FXGLAssetLoaderService, class com.almasb.fxgl.app.FXGLApplication$GameApplicationService, class com.almasb.fxgl.app.services.FXGLDialogService, class com.almasb.fxgl.app.services.IOTaskExecutorService, class com.almasb.fxgl.io.FileSystemService, class com.almasb.fxgl.localization.LocalizationService, class com.almasb.fxgl.app.services.SystemBundleService, class com.almasb.fxgl.profile.SaveLoadService, class com.almasb.fxgl.ui.FXGLUIFactoryServiceProvider, class com.almasb.fxgl.ui.FXGLDialogFactoryServiceProvider, class com.almasb.fxgl.audio.AudioPlayer, class com.almasb.fxgl.notification.impl.NotificationServiceProvider, class com.almasb.fxgl.achievement.AchievementService, class com.almasb.fxgl.cutscene.CutsceneService, class com.almasb.fxgl.minigames.MiniGameService, class com.almasb.fxgl.net.NetService, class com.almasb.fxgl.app.services.UpdaterService, class com.almasb.fxgl.dev.DevService, class com.almasb.fxgl.multiplayer.MultiplayerService]
16:42:17.865 [FXGL Background Thread 3 ] DEBUG Engine               - fontGame: Abel-Regular.ttf
16:42:17.865 [FXGL Background Thread 3 ] DEBUG Engine               - fontMono: lucida_console.ttf
16:42:17.866 [FXGL Background Thread 3 ] DEBUG Engine               - fontText: Courier-Prime.ttf
16:42:17.866 [FXGL Background Thread 3 ] DEBUG Engine               - fontUI: VarelaRound-Regular.ttf
16:42:17.866 [FXGL Background Thread 3 ] DEBUG Engine               - fullScreen: BooleanProperty [value: false]
16:42:17.866 [FXGL Background Thread 3 ] DEBUG Engine               - gameDifficulty: MEDIUM
16:42:17.866 [FXGL Background Thread 3 ] DEBUG Engine               - gameDifficultyProperty: ObjectProperty [value: MEDIUM]
16:42:17.866 [FXGL Background Thread 3 ] DEBUG Engine               - globalMusicVolume: 0.5
16:42:17.866 [FXGL Background Thread 3 ] DEBUG Engine               - globalMusicVolumeProperty: DoubleProperty [value: 0.5]
16:42:17.866 [FXGL Background Thread 3 ] DEBUG Engine               - globalSoundVolume: 0.5
16:42:17.866 [FXGL Background Thread 3 ] DEBUG Engine               - globalSoundVolumeProperty: DoubleProperty [value: 0.5]
16:42:17.866 [FXGL Background Thread 3 ] DEBUG Engine               - height: 600
16:42:17.866 [FXGL Background Thread 3 ] DEBUG Engine               - is3D: false
16:42:17.866 [FXGL Background Thread 3 ] DEBUG Engine               - isAndroid: false
16:42:17.866 [FXGL Background Thread 3 ] DEBUG Engine               - isBrowser: false
16:42:17.866 [FXGL Background Thread 3 ] DEBUG Engine               - isClickFeedbackEnabled: false
16:42:17.866 [FXGL Background Thread 3 ] DEBUG Engine               - isCloseConfirmation: false
16:42:17.866 [FXGL Background Thread 3 ] DEBUG Engine               - isDesktop: true
16:42:17.866 [FXGL Background Thread 3 ] DEBUG Engine               - isDeveloperMenuEnabled: true
16:42:17.866 [FXGL Background Thread 3 ] DEBUG Engine               - isEmbedded: false
16:42:17.866 [FXGL Background Thread 3 ] DEBUG Engine               - isEntityPreloadEnabled: true
16:42:17.866 [FXGL Background Thread 3 ] DEBUG Engine               - isExperimentalTiledLargeMap: false
16:42:17.866 [FXGL Background Thread 3 ] DEBUG Engine               - isFileSystemWriteAllowed: true
16:42:17.866 [FXGL Background Thread 3 ] DEBUG Engine               - isFullScreenAllowed: false
16:42:17.866 [FXGL Background Thread 3 ] DEBUG Engine               - isFullScreenFromStart: false
16:42:17.866 [FXGL Background Thread 3 ] DEBUG Engine               - isGameMenuEnabled: true
16:42:17.866 [FXGL Background Thread 3 ] DEBUG Engine               - isIOS: false
16:42:17.866 [FXGL Background Thread 3 ] DEBUG Engine               - isIntroEnabled: false
16:42:17.867 [FXGL Background Thread 3 ] DEBUG Engine               - isLinux: false
16:42:17.867 [FXGL Background Thread 3 ] DEBUG Engine               - isMac: false
16:42:17.867 [FXGL Background Thread 3 ] DEBUG Engine               - isMainMenuEnabled: true
16:42:17.867 [FXGL Background Thread 3 ] DEBUG Engine               - isManualResizeEnabled: false
16:42:17.867 [FXGL Background Thread 3 ] DEBUG Engine               - isMobile: false
16:42:17.867 [FXGL Background Thread 3 ] DEBUG Engine               - isNative: false
16:42:17.867 [FXGL Background Thread 3 ] DEBUG Engine               - isPauseMusicWhenMinimized: true
16:42:17.867 [FXGL Background Thread 3 ] DEBUG Engine               - isPreserveResizeRatio: false
16:42:17.867 [FXGL Background Thread 3 ] DEBUG Engine               - isProfilingEnabled: false
16:42:17.867 [FXGL Background Thread 3 ] DEBUG Engine               - isScaleAffectedOnResize: true
16:42:17.867 [FXGL Background Thread 3 ] DEBUG Engine               - isSingleStep: false
16:42:17.867 [FXGL Background Thread 3 ] DEBUG Engine               - isUserProfileEnabled: false
16:42:17.867 [FXGL Background Thread 3 ] DEBUG Engine               - isWindows: true
16:42:17.867 [FXGL Background Thread 3 ] DEBUG Engine               - language: ObjectProperty [value: ENGLISH]
16:42:17.867 [FXGL Background Thread 3 ] DEBUG Engine               - menuKey: ESCAPE
16:42:17.867 [FXGL Background Thread 3 ] DEBUG Engine               - mouseSensitivity: 0.2
16:42:17.867 [FXGL Background Thread 3 ] DEBUG Engine               - notificationViewClass: class com.almasb.fxgl.notification.view.XboxNotificationView
16:42:17.867 [FXGL Background Thread 3 ] DEBUG Engine               - pixelsPerMeter: 50.0
16:42:17.867 [FXGL Background Thread 3 ] DEBUG Engine               - platform: WINDOWS
16:42:17.867 [FXGL Background Thread 3 ] DEBUG Engine               - prefHeightProperty: ReadOnlyDoubleProperty [value: 600.0]
16:42:17.867 [FXGL Background Thread 3 ] DEBUG Engine               - prefWidthProperty: ReadOnlyDoubleProperty [value: 800.0]
16:42:17.867 [FXGL Background Thread 3 ] DEBUG Engine               - profileDir: profiles/
16:42:17.867 [FXGL Background Thread 3 ] DEBUG Engine               - profileName: StringProperty [value: DEFAULT]
16:42:17.867 [FXGL Background Thread 3 ] DEBUG Engine               - randomSeed: -1
16:42:17.867 [FXGL Background Thread 3 ] DEBUG Engine               - runtimeInfo: RuntimeInfo(platform=WINDOWS, version=dev-SNAPSHOT, build=28.07.2021 16.39)
16:42:17.867 [FXGL Background Thread 3 ] DEBUG Engine               - saveFileExt: sav
16:42:17.868 [FXGL Background Thread 3 ] DEBUG Engine               - scaledHeightProp$fxgl: DoubleProperty [bound, value: 600.0]
16:42:17.868 [FXGL Background Thread 3 ] DEBUG Engine               - scaledWidthProp$fxgl: DoubleProperty [bound, value: 800.0]
16:42:17.868 [FXGL Background Thread 3 ] DEBUG Engine               - sceneFactory: com.groupfour.mygame.App$1@6b4fd550
16:42:17.868 [FXGL Background Thread 3 ] DEBUG Engine               - secondsIn24h: 60
16:42:17.868 [FXGL Background Thread 3 ] DEBUG Engine               - soundMenuBack: menu/back.wav
16:42:17.868 [FXGL Background Thread 3 ] DEBUG Engine               - soundMenuPress: menu/press.wav
16:42:17.868 [FXGL Background Thread 3 ] DEBUG Engine               - soundMenuSelect: menu/select.wav
16:42:17.868 [FXGL Background Thread 3 ] DEBUG Engine               - soundNotification: core/notification.wav
16:42:17.868 [FXGL Background Thread 3 ] DEBUG Engine               - stageStyle: DECORATED
16:42:17.868 [FXGL Background Thread 3 ] DEBUG Engine               - supportedLanguages: [ENGLISH, FRENCH, GERMAN, HUNGARIAN, RUSSIAN]
16:42:17.868 [FXGL Background Thread 3 ] DEBUG Engine               - ticksPerSecond: -1
16:42:17.868 [FXGL Background Thread 3 ] DEBUG Engine               - title: Flatline: Oregon
16:42:17.868 [FXGL Background Thread 3 ] DEBUG Engine               - urlGithub: https://github.com/AlmasB/FXGL
16:42:17.868 [FXGL Background Thread 3 ] DEBUG Engine               - urlLeaderboard: http://fxgl-top.herokuapp.com/
16:42:17.868 [FXGL Background Thread 3 ] DEBUG Engine               - urlPOM: https://raw.githubusercontent.com/AlmasB/FXGL/release/README.md
16:42:17.868 [FXGL Background Thread 3 ] DEBUG Engine               - userAppClass: class com.groupfour.mygame.App
16:42:17.868 [FXGL Background Thread 3 ] DEBUG Engine               - version: Alpha 0.19021902
16:42:17.868 [FXGL Background Thread 3 ] DEBUG Engine               - versionCheckDays: 7
16:42:17.868 [FXGL Background Thread 3 ] DEBUG Engine               - width: 800
16:42:17.868 [FXGL Background Thread 3 ] DEBUG Engine               - Logging services
16:42:17.869 [FXGL Background Thread 3 ] DEBUG Engine               - class com.almasb.fxgl.app.services.FXGLAssetLoaderService
16:42:17.869 [FXGL Background Thread 3 ] DEBUG Engine               - class com.almasb.fxgl.app.FXGLApplication$GameApplicationService
16:42:17.869 [FXGL Background Thread 3 ] DEBUG Engine               - class com.almasb.fxgl.app.services.FXGLDialogService
16:42:17.869 [FXGL Background Thread 3 ] DEBUG Engine               - class com.almasb.fxgl.app.services.IOTaskExecutorService
16:42:17.869 [FXGL Background Thread 3 ] DEBUG Engine               - class com.almasb.fxgl.io.FileSystemService
16:42:17.869 [FXGL Background Thread 3 ] DEBUG Engine               - class com.almasb.fxgl.localization.LocalizationService
16:42:17.869 [FXGL Background Thread 3 ] DEBUG Engine               - class com.almasb.fxgl.app.services.SystemBundleService
16:42:17.869 [FXGL Background Thread 3 ] DEBUG Engine               - class com.almasb.fxgl.profile.SaveLoadService
16:42:17.869 [FXGL Background Thread 3 ] DEBUG Engine               - class com.almasb.fxgl.ui.FXGLUIFactoryServiceProvider
16:42:17.869 [FXGL Background Thread 3 ] DEBUG Engine               - class com.almasb.fxgl.ui.FXGLDialogFactoryServiceProvider
16:42:17.870 [FXGL Background Thread 3 ] DEBUG Engine               - class com.almasb.fxgl.audio.AudioPlayer
16:42:17.870 [FXGL Background Thread 3 ] DEBUG Engine               - class com.almasb.fxgl.notification.impl.NotificationServiceProvider
16:42:17.870 [FXGL Background Thread 3 ] DEBUG Engine               - class com.almasb.fxgl.achievement.AchievementService
16:42:17.870 [FXGL Background Thread 3 ] DEBUG Engine               - class com.almasb.fxgl.cutscene.CutsceneService
16:42:17.870 [FXGL Background Thread 3 ] DEBUG Engine               - class com.almasb.fxgl.minigames.MiniGameService
16:42:17.870 [FXGL Background Thread 3 ] DEBUG Engine               - class com.almasb.fxgl.net.NetService
16:42:17.870 [FXGL Background Thread 3 ] DEBUG Engine               - class com.almasb.fxgl.app.services.UpdaterService
16:42:17.870 [FXGL Background Thread 3 ] DEBUG Engine               - class com.almasb.fxgl.dev.DevService
16:42:17.871 [FXGL Background Thread 3 ] DEBUG Engine               - class com.almasb.fxgl.multiplayer.MultiplayerService
16:42:18.875 [JavaFX Application Thread] DEBUG FXGLAssetLoaderServi - Loading from file system: file:/C:/Users/acer/OneDrive/Desktop/git%20pull/CSS124L-FINAL-PROJECT/fp/target/classes/assets/textures/Weapons/Idle/BerettaM9_Idle.png
16:42:18.875 [JavaFX Application Thread] DEBUG FXGLAssetLoaderServi - Loading from file system: file:/C:/Users/acer/OneDrive/Desktop/git%20pull/CSS124L-FINAL-PROJECT/fp/target/classes/assets/textures/Weapons/Shooting/BerettaM9_Shooting.png
16:42:18.878 [JavaFX Application Thread] DEBUG FXGLAssetLoaderServi - Loading from file system: file:/C:/Users/acer/OneDrive/Desktop/git%20pull/CSS124L-FINAL-PROJECT/fp/target/classes/assets/textures/Players/1P_Shoot.png
16:42:18.880 [JavaFX Application Thread] DEBUG FXGLAssetLoaderServi - Loading from file system: file:/C:/Users/acer/OneDrive/Desktop/git%20pull/CSS124L-FINAL-PROJECT/fp/target/classes/assets/textures/Interactables/vending_machine.png
16:42:18.885 [JavaFX Application Thread] DEBUG PrimaryStageWindow   - Pop state: PlayerCountMenu
16:42:18.885 [JavaFX Application Thread] DEBUG Input                - Clearing active input actions
16:42:18.885 [JavaFX Application Thread] DEBUG GameApplicationServi - Removing overlay from PlayerCountMenu and adding to PCM_BG
16:42:18.886 [JavaFX Application Thread] DEBUG PrimaryStageWindow   - PCM_BG <- PlayerCountMenu
16:42:18.886 [JavaFX Application Thread] DEBUG PrimaryStageWindow   - Pop state: PCM_BG
16:42:18.886 [JavaFX Application Thread] DEBUG Input                - Clearing active input actions
16:42:18.886 [JavaFX Application Thread] DEBUG GameApplicationServi - Removing overlay from PCM_BG and adding to GameScene
16:42:18.886 [JavaFX Application Thread] DEBUG PrimaryStageWindow   - GameScene <- PCM_BG
16:42:18.973 [JavaFX Application Thread] DEBUG FXGLAssetLoaderServi - Loading from file system: file:/C:/Users/acer/OneDrive/Desktop/git%20pull/CSS124L-FINAL-PROJECT/fp/target/classes/assets/textures/Zombies/Basic_Zombie_Walking.png
16:42:18.976 [JavaFX Application Thread] DEBUG FXGLAssetLoaderServi - Loading from file system: file:/C:/Users/acer/OneDrive/Desktop/git%20pull/CSS124L-FINAL-PROJECT/fp/target/classes/assets/textures/Zombies/Basic_Zombie_Attack.png
16:42:20.195 [JavaFX Application Thread] DEBUG PrimaryStageWindow   - Push state: PlayerCountMenu
16:42:20.195 [JavaFX Application Thread] DEBUG Input                - Clearing active input actions
16:42:20.195 [JavaFX Application Thread] DEBUG GameApplicationServi - Removing overlay from GameScene and adding to PlayerCountMenu
16:42:20.196 [JavaFX Application Thread] DEBUG PrimaryStageWindow   - GameScene -> PlayerCountMenu
16:42:20.909 [JavaFX Application Thread] DEBUG PrimaryStageWindow   - Push state: DialogSubScene
16:42:20.909 [JavaFX Application Thread] DEBUG Input                - Clearing active input actions
16:42:20.909 [JavaFX Application Thread] DEBUG GameApplicationServi - Removing overlay from PlayerCountMenu and adding to DialogSubScene
16:42:20.910 [JavaFX Application Thread] DEBUG PrimaryStageWindow   - PlayerCountMenu -> DialogSubScene
16:42:21.695 [JavaFX Application Thread] DEBUG PrimaryStageWindow   - Pop state: DialogSubScene
16:42:21.695 [JavaFX Application Thread] DEBUG Input                - Clearing active input actions
16:42:21.696 [JavaFX Application Thread] DEBUG GameApplicationServi - Removing overlay from DialogSubScene and adding to PlayerCountMenu
16:42:21.696 [JavaFX Application Thread] DEBUG PrimaryStageWindow   - PlayerCountMenu <- DialogSubScene
16:42:21.700 [JavaFX Application Thread] DEBUG PrimaryStageWindow   - Push state: LoadingScreen
16:42:21.700 [JavaFX Application Thread] DEBUG Input                - Clearing active input actions
16:42:21.700 [JavaFX Application Thread] DEBUG GameApplicationServi - Removing overlay from PlayerCountMenu and adding to LoadingScreen
16:42:21.701 [JavaFX Application Thread] DEBUG PrimaryStageWindow   - PlayerCountMenu -> LoadingScreen
16:42:21.705 [ServerAsyncConnThread    ] DEBUG TCPServer            - Starting to listen at: 55555 type: class com.almasb.fxgl.core.serialization.Bundle
16:42:23.126 [ServerAsyncConnThread    ] DEBUG Endpoint             - TCPServer opening new connection (1) from /127.0.0.1:62116 type: class com.almasb.fxgl.core.serialization.Bundle
16:42:23.128 [ServerAsyncConnThread    ] DEBUG Endpoint             - TCPServer successfully opened connection (1)
16:42:23.129 [JavaFX Application Thread] DEBUG PrimaryStageWindow   - Pop state: LoadingScreen
16:42:23.129 [JavaFX Application Thread] DEBUG Input                - Clearing active input actions
16:42:23.129 [JavaFX Application Thread] DEBUG GameApplicationServi - Removing overlay from LoadingScreen and adding to PlayerCountMenu
16:42:23.130 [JavaFX Application Thread] DEBUG PrimaryStageWindow   - PlayerCountMenu <- LoadingScreen
16:42:23.130 [JavaFX Application Thread] DEBUG PrimaryStageWindow   - Push state: MultiplayerStart
16:42:23.130 [JavaFX Application Thread] DEBUG Input                - Clearing active input actions
16:42:23.131 [JavaFX Application Thread] DEBUG GameApplicationServi - Removing overlay from PlayerCountMenu and adding to MultiplayerStart
16:42:23.131 [JavaFX Application Thread] DEBUG PrimaryStageWindow   - PlayerCountMenu -> MultiplayerStart
16:42:23.132 [TCPServer_SendThread-1   ] DEBUG Writers              - Getting TCPMessageWriter for class com.almasb.fxgl.core.serialization.Bundle
16:42:23.133 [TCPServer_RecvThread-1   ] DEBUG Readers              - Getting TCPMessageReader for class com.almasb.fxgl.core.serialization.Bundle
16:42:23.134 [TCPServer_SendThread-1   ] DEBUG Writers              - Constructed TCPMessageWriter for class com.almasb.fxgl.core.serialization.Bundle: BundleTCPMessageWriter
16:42:23.135 [JavaFX Application Thread] DEBUG Input                - Registered new binding: Move Upwards - W
16:42:23.135 [JavaFX Application Thread] DEBUG Input                - Registered new binding: Move Down - S
16:42:23.135 [JavaFX Application Thread] DEBUG Input                - Registered new binding: Move Left - A
16:42:23.135 [JavaFX Application Thread] DEBUG Input                - Registered new binding: Move Right - D
16:42:23.135 [JavaFX Application Thread] DEBUG Input                - Registered new binding: Reload - R
16:42:23.135 [JavaFX Application Thread] DEBUG Input                - Registered new binding: Shoot - LMB
16:42:23.136 [JavaFX Application Thread] DEBUG Input                - Registered new binding: Switch Weapons - Q
16:42:23.137 [TCPServer_RecvThread-1   ] DEBUG Readers              - Constructed MessageReader for class com.almasb.fxgl.core.serialization.Bundle: BundleTCPMessageReader
16:42:24.170 [JavaFX Application Thread] DEBUG PrimaryStageWindow   - Pop state: MultiplayerStart
16:42:24.170 [JavaFX Application Thread] DEBUG Input                - Clearing active input actions
16:42:24.170 [JavaFX Application Thread] DEBUG GameApplicationServi - Removing overlay from MultiplayerStart and adding to PlayerCountMenu
16:42:24.171 [JavaFX Application Thread] DEBUG PrimaryStageWindow   - PlayerCountMenu <- MultiplayerStart
16:42:24.171 [JavaFX Application Thread] DEBUG PrimaryStageWindow   - Pop state: PlayerCountMenu
16:42:24.171 [JavaFX Application Thread] DEBUG Input                - Clearing active input actions
16:42:24.172 [JavaFX Application Thread] DEBUG GameApplicationServi - Removing overlay from PlayerCountMenu and adding to GameScene
16:42:24.172 [JavaFX Application Thread] DEBUG PrimaryStageWindow   - GameScene <- PlayerCountMenu
16:42:24.172 [JavaFX Application Thread] WARN  PrimaryStageWindow   - Cannot pop substate. Probably because substates are empty!
16:42:25.345 [JavaFX Application Thread] DEBUG FXGLApplication      - Exiting FXGL
16:42:25.345 [JavaFX Application Thread] DEBUG LoopRunner           - Stopping loop
16:42:25.345 [JavaFX Application Thread] DEBUG SystemBundleService  - Saving FXGL system data
16:42:25.346 [JavaFX Application Thread] DEBUG FileSystemAccess     - Writing to: C:\Users\acer\OneDrive\Desktop\git pull\CSS124L-FINAL-PROJECT\system\fxgl.bundle
16:42:25.347 [JavaFX Application Thread] DEBUG Async                - Shutting down background threads
16:42:25.347 [JavaFX Application Thread] DEBUG PrimaryStageWindow   - Closing main window
16:42:25.357 [JavaFX Application Thread] DEBUG Logger               - Closing Logger
