16:29:16.071 [main                     ] DEBUG Logger               - Configured Logger
16:29:16.073 [main                     ] DEBUG GameApplication      - Logging settings
Title: Flatline: Oregon
Version: Beta ?
Width: 800
Height: 600
Fullscreen: false
Intro: false
Profiling: false
Single step:false
App Mode: DEVELOPER
Menu Key: ESCAPE
Stage Style: DECORATED
Scene Factory: class com.groupfour.mygame.App$1

16:29:16.326 [JavaFX Application Thread] DEBUG FXGLApplication      - Initializing FXGL
16:29:16.328 [JavaFX Application Thread] INFO  Engine               - FXGL-dev-SNAPSHOT (28.07.2021 16.39) on WINDOWS (J:21.0.4 FX:16)
16:29:16.328 [JavaFX Application Thread] DEBUG Engine               - JRE Vendor Name: Eclipse Adoptium
16:29:16.328 [JavaFX Application Thread] DEBUG Engine               - Running on OS: Windows 11 version 10.0
16:29:16.328 [JavaFX Application Thread] DEBUG Engine               - Architecture: amd64
16:29:16.328 [JavaFX Application Thread] INFO  Engine               - Source code and latest versions at: https://github.com/AlmasB/FXGL
16:29:16.329 [JavaFX Application Thread] INFO  Engine               -              Join the FXGL chat at: https://gitter.im/AlmasB/FXGL
16:29:16.392 [JavaFX Application Thread] DEBUG PrimaryStageWindow   - Creating a JavaFX scene
16:29:16.422 [JavaFX Application Thread] DEBUG PrimaryStageWindow   - Target settings size: 800.0 x 600.0
16:29:16.422 [JavaFX Application Thread] DEBUG PrimaryStageWindow   - Scaled scene size:    800.0 x 600.0
16:29:16.422 [JavaFX Application Thread] DEBUG PrimaryStageWindow   - Scaled ratio: (1.0, 1.0)
16:29:16.424 [JavaFX Application Thread] DEBUG PrimaryStageWindow   - Set initial scene to FXGLStartupScene
16:29:16.428 [JavaFX Application Thread] DEBUG PrimaryStageWindow   - Opening main window
16:29:16.489 [JavaFX Application Thread] DEBUG PrimaryStageWindow   - Window border size: (14.4000244140625, 37.5999755859375)
16:29:16.489 [JavaFX Application Thread] DEBUG PrimaryStageWindow   - Scaled size: 800.0 x 600.0
16:29:16.489 [JavaFX Application Thread] DEBUG PrimaryStageWindow   - Scaled ratio: (1.0, 1.0)
16:29:16.489 [JavaFX Application Thread] DEBUG PrimaryStageWindow   - Scene size: 800.0 x 600.0
16:29:16.489 [JavaFX Application Thread] DEBUG PrimaryStageWindow   - Stage size: 814.4000244140625 x 637.5999755859375
16:29:16.496 [FXGL Background Thread 1 ] DEBUG Engine               - Initializing environment variables
16:29:16.545 [FXGL Background Thread 1 ] DEBUG FXGLAssetLoaderServi - User app class for loading assets: class com.groupfour.mygame.App
16:29:16.545 [FXGL Background Thread 1 ] DEBUG GameApplicationServi - Applying CSS: fxgl_dark.css
16:29:16.545 [FXGL Background Thread 1 ] DEBUG FXGLAssetLoaderServi - Loading from file system: jar:file:///C:/Users/Cent/.m2/repository/com/github/almasb/fxgl/dev-SNAPSHOT/fxgl-dev-SNAPSHOT.jar!/fxglassets/ui/css/fxgl_dark.css
16:29:16.583 [FXGL Background Thread 1 ] DEBUG GameApplicationServi - Initializing application scenes
16:29:16.618 [FXGL Background Thread 1 ] DEBUG GameWorld            - Game world initialized
16:29:16.678 [FXGL Background Thread 1 ] DEBUG PhysicsWorld         - Physics world initialized: appHeight=600, physics.ppm=50.0
16:29:16.678 [FXGL Background Thread 1 ] DEBUG PhysicsWorld         - Using strategy: BRUTE_FORCE
16:29:16.680 [FXGL Background Thread 1 ] DEBUG GameScene            - Game scene initialized: 800x600
16:29:16.687 [FXGL Background Thread 1 ] DEBUG FXGL.DefaultMenu     - createMenuBodyMainMenu()
16:29:16.695 [FXGL Background Thread 1 ] DEBUG FXGL.DefaultMenu     - createOptionsMenu()
16:29:16.704 [FXGL Background Thread 1 ] DEBUG FXGLAssetLoaderServi - Loading from file system: jar:file:///C:/Users/Cent/.m2/repository/com/github/almasb/fxgl/dev-SNAPSHOT/fxgl-dev-SNAPSHOT.jar!/fxglassets/textures/particles/smoke.png
16:29:16.797 [FXGL Background Thread 1 ] DEBUG FXGLAssetLoaderServi - Loading from file system: jar:file:///C:/Users/Cent/.m2/repository/com/github/almasb/fxgl/dev-SNAPSHOT/fxgl-dev-SNAPSHOT.jar!/fxglassets/textures/particles/trace_horizontal.png
16:29:16.826 [FXGL Background Thread 1 ] DEBUG FXGLAssetLoaderServi - Loading from file system: file:/C:/Users/Cent/Desktop/CSS124L-LE/FinalExam/CSS124L-FINAL-PROJECT/fp/target/classes/assets/ui/fonts/PIXELADE.TTF
16:29:16.854 [FXGL Background Thread 1 ] DEBUG FXGLAssetLoaderServi - Loading from file system: file:/C:/Users/Cent/Desktop/CSS124L-LE/FinalExam/CSS124L-FINAL-PROJECT/fp/target/classes/assets/textures/spbtn.png
16:29:16.877 [FXGL Background Thread 1 ] DEBUG FXGLAssetLoaderServi - Loading from file system: file:/C:/Users/Cent/Desktop/CSS124L-LE/FinalExam/CSS124L-FINAL-PROJECT/fp/target/classes/assets/textures/mpbtn.png
16:29:16.887 [FXGL Background Thread 1 ] DEBUG FXGLAssetLoaderServi - Loading from file system: file:/C:/Users/Cent/Desktop/CSS124L-LE/FinalExam/CSS124L-FINAL-PROJECT/fp/target/classes/assets/textures/return.png
16:29:16.899 [FXGL Background Thread 1 ] DEBUG GameApplicationServi - Application scenes initialized
16:29:16.908 [FXGL Background Thread 1 ] DEBUG SystemBundleService  - Loading FXGL system data
16:29:16.910 [FXGL Background Thread 1 ] DEBUG FileSystemAccess     - Reading from: c:\Users\Cent\Desktop\CSS124L-LE\FinalExam\CSS124L-FINAL-PROJECT\system\fxgl.bundle
16:29:16.920 [FXGL Background Thread 1 ] DEBUG SystemBundleService  - Bundle FXGL: {}
16:29:16.920 [FXGL Background Thread 1 ] DEBUG UpdaterService       - Checking for updates
16:29:16.939 [FXGL Background Thread 4 ] DEBUG FXGLApplication      - Loading fonts
16:29:16.940 [FXGL Background Thread 4 ] DEBUG FXGLAssetLoaderServi - Loading from file system: jar:file:///C:/Users/Cent/.m2/repository/com/github/almasb/fxgl/dev-SNAPSHOT/fxgl-dev-SNAPSHOT.jar!/fxglassets/ui/fonts/VarelaRound-Regular.ttf
16:29:16.940 [FXGL Background Thread 1 ] DEBUG FXGLApplication      - Loading default localization
16:29:16.940 [FXGL Background Thread 1 ] DEBUG FXGLAssetLoaderServi - Loading from file system: jar:file:///C:/Users/Cent/.m2/repository/com/github/almasb/fxgl/dev-SNAPSHOT/fxgl-dev-SNAPSHOT.jar!/fxglassets/languages/english.lang
16:29:16.944 [FXGL Background Thread 4 ] DEBUG FXGLAssetLoaderServi - Loading from file system: jar:file:///C:/Users/Cent/.m2/repository/com/github/almasb/fxgl/dev-SNAPSHOT/fxgl-dev-SNAPSHOT.jar!/fxglassets/ui/fonts/Abel-Regular.ttf
16:29:16.947 [FXGL Background Thread 4 ] DEBUG FXGLAssetLoaderServi - Loading from file system: jar:file:///C:/Users/Cent/.m2/repository/com/github/almasb/fxgl/dev-SNAPSHOT/fxgl-dev-SNAPSHOT.jar!/fxglassets/ui/fonts/lucida_console.ttf
16:29:16.951 [FXGL Background Thread 4 ] DEBUG FXGLAssetLoaderServi - Loading from file system: jar:file:///C:/Users/Cent/.m2/repository/com/github/almasb/fxgl/dev-SNAPSHOT/fxgl-dev-SNAPSHOT.jar!/fxglassets/ui/fonts/Courier-Prime.ttf
16:29:16.953 [FXGL Background Thread 1 ] INFO  FXGLApplication      - FXGL initialization took: 0.458 sec
16:29:16.961 [JavaFX Application Thread] DEBUG Input                - Registered new binding: Move Upwards - W
16:29:16.962 [JavaFX Application Thread] DEBUG Input                - Registered new binding: Move Down - S
16:29:16.962 [JavaFX Application Thread] DEBUG Input                - Registered new binding: Move Left - A
16:29:16.962 [JavaFX Application Thread] DEBUG Input                - Registered new binding: Move Right - D
16:29:16.962 [JavaFX Application Thread] DEBUG Input                - Registered new binding: Reload - R
16:29:16.963 [JavaFX Application Thread] DEBUG Input                - Registered new binding: Shoot - LMB
16:29:16.963 [JavaFX Application Thread] DEBUG Input                - Registered new binding: Switch Weapons - Q
16:29:16.963 [JavaFX Application Thread] DEBUG Input                - Registered new binding: Interact - F
16:29:16.963 [JavaFX Application Thread] DEBUG Input                - Registered new binding: Sprint - Space
16:29:16.963 [JavaFX Application Thread] DEBUG FXGLAssetLoaderServi - Loading from file system: file:/C:/Users/Cent/Desktop/CSS124L-LE/FinalExam/CSS124L-FINAL-PROJECT/fp/target/classes/assets/music/titleBGM.mp3
16:29:17.100 [JavaFX Application Thread] DEBUG AudioPlayer          - Playing music com.almasb.fxgl.audio.Music@49d1fa27
16:29:17.101 [JavaFX Application Thread] DEBUG FXGLAssetLoaderServi - Loading from file system: jar:file:///C:/Users/Cent/.m2/repository/com/github/almasb/fxgl/dev-SNAPSHOT/fxgl-dev-SNAPSHOT.jar!/fxglassets/textures/fxgl_icon.png
16:29:17.112 [JavaFX Application Thread] DEBUG FXGLAssetLoaderServi - Loading from file system: jar:file:///C:/Users/Cent/.m2/repository/com/github/almasb/fxgl/dev-SNAPSHOT/fxgl-dev-SNAPSHOT.jar!/fxglassets/textures/fxgl_default_cursor.png
16:29:17.114 [JavaFX Application Thread] DEBUG Input                - Registered new binding: Screenshot - CTRL+8
16:29:17.114 [JavaFX Application Thread] DEBUG Input                - Registered new binding: Dev Options - 1
16:29:17.115 [JavaFX Application Thread] DEBUG Input                - Registered new binding: Dev Console - 2
16:29:17.115 [JavaFX Application Thread] DEBUG Input                - Registered new binding: System info dump - CTRL+9
16:29:17.115 [JavaFX Application Thread] DEBUG Input                - Registered new binding: Restart - CTRL+R
16:29:17.116 [JavaFX Application Thread] DEBUG Input                - Registered new binding: Toggle Debug Camera - CTRL+C
16:29:17.119 [JavaFX Application Thread] DEBUG LoopRunner           - Starting loop
16:29:17.129 [JavaFX Application Thread] DEBUG LoopRunner           - Initializing JavaFX AnimationTimerLoop
16:29:17.131 [JavaFX Application Thread] DEBUG Input                - Clearing active input actions
16:29:17.143 [JavaFX Application Thread] DEBUG GameApplicationServi - Removing overlay from FXGLStartupScene and adding to FXGLMainMenuDummyScene
16:29:17.148 [JavaFX Application Thread] DEBUG PrimaryStageWindow   - FXGLStartupScene -> FXGLMainMenuDummyScene
16:29:17.148 [JavaFX Application Thread] DEBUG PrimaryStageWindow   - Push state: FXGLDefaultMenu
16:29:17.152 [JavaFX Application Thread] DEBUG Input                - Clearing active input actions
16:29:17.158 [JavaFX Application Thread] DEBUG GameApplicationServi - Removing overlay from FXGLMainMenuDummyScene and adding to FXGLDefaultMenu
16:29:17.160 [JavaFX Application Thread] DEBUG PrimaryStageWindow   - FXGLMainMenuDummyScene -> FXGLDefaultMenu
16:29:17.160 [JavaFX Application Thread] DEBUG FXGLApplication      - Registering font factories with UI factory
16:29:17.626 [FXGL Background Thread 2 ] INFO  UpdaterService       - Your current version:  dev-SNAPSHOT
16:29:17.626 [FXGL Background Thread 2 ] INFO  UpdaterService       - Latest stable version: 21.1
16:29:18.891 [JavaFX Application Thread] DEBUG Menu                 - fireNewGame()
16:29:18.891 [JavaFX Application Thread] DEBUG GameApplicationServi - Starting new game
16:29:18.892 [JavaFX Application Thread] DEBUG PrimaryStageWindow   - Pop state: FXGLDefaultMenu
16:29:18.892 [JavaFX Application Thread] DEBUG Input                - Clearing active input actions
16:29:18.894 [JavaFX Application Thread] DEBUG GameApplicationServi - Removing overlay from FXGLDefaultMenu and adding to FXGLMainMenuDummyScene
16:29:18.896 [JavaFX Application Thread] DEBUG PrimaryStageWindow   - FXGLMainMenuDummyScene <- FXGLDefaultMenu
16:29:18.896 [JavaFX Application Thread] DEBUG Input                - Clearing active input actions
16:29:18.901 [JavaFX Application Thread] DEBUG GameApplicationServi - Removing overlay from FXGLMainMenuDummyScene and adding to FXGLLoadingScene
16:29:18.901 [JavaFX Application Thread] DEBUG PrimaryStageWindow   - FXGLMainMenuDummyScene -> FXGLLoadingScene
16:29:18.901 [JavaFX Application Thread] DEBUG GameApplicationServi - Clearing previous game
16:29:18.902 [JavaFX Application Thread] DEBUG GameScene            - Clearing game scene
16:29:18.902 [JavaFX Application Thread] DEBUG GameWorld            - Clearing game world
16:29:18.902 [JavaFX Application Thread] DEBUG PhysicsWorld         - Clearing physics world
16:29:18.903 [FXGL Background Thread 2 ] DEBUG FXGLApplication      - Initializing game
16:29:18.944 [FXGL Background Thread 2 ] WARN  TMXLevelLoader       - TiledMap generated from 1.11.0. Supported version: 1.2.3. Some features may not be parsed fully.
16:29:18.963 [FXGL Background Thread 2 ] DEBUG TMXLevelLoader       - Parsed TiledMap: file:/C:/Users/Cent/Desktop/CSS124L-LE/FinalExam/CSS124L-FINAL-PROJECT/fp/target/classes/assets/levels/Warehouse.tmx
16:29:18.964 [FXGL Background Thread 2 ] DEBUG TMXLevelLoader       - Creating tile layer entities
16:29:18.964 [FXGL Background Thread 2 ] DEBUG TilesetLoader        - Loading view for layer Floor
16:29:18.980 [FXGL Background Thread 2 ] DEBUG TilesetLoader        - Created buffer with size 2240.0x1600.0
16:29:18.992 [FXGL Background Thread 2 ] DEBUG TilesetLoader        - Loading view for layer Wall
16:29:19.007 [FXGL Background Thread 2 ] DEBUG TilesetLoader        - Created buffer with size 2240.0x1600.0
16:29:19.025 [FXGL Background Thread 2 ] DEBUG TilesetLoader        - Loading view for layer Props
16:29:19.029 [FXGL Background Thread 2 ] DEBUG TilesetLoader        - Created buffer with size 2240.0x1600.0
16:29:19.045 [FXGL Background Thread 2 ] DEBUG TMXLevelLoader       - Creating object layer entities
16:29:19.063 [FXGL Background Thread 2 ] DEBUG GameWorld            - Clearing removable entities
16:29:19.065 [FXGL Background Thread 2 ] DEBUG GameWorld            - Setting level: com.almasb.fxgl.entity.level.Level@2e32ff50
16:29:19.074 [FXGL Background Thread 2 ] INFO  FXGLApplication      - Game initialization took: 0.170 sec
16:29:19.087 [JavaFX Application Thread] DEBUG Input                - Clearing active input actions
16:29:19.092 [JavaFX Application Thread] DEBUG GameApplicationServi - Removing overlay from FXGLLoadingScene and adding to GameScene
16:29:19.095 [JavaFX Application Thread] DEBUG PrimaryStageWindow   - FXGLLoadingScene -> GameScene
16:29:19.098 [JavaFX Application Thread] DEBUG FXGLAssetLoaderServi - Loading from file system: file:/C:/Users/Cent/Desktop/CSS124L-LE/FinalExam/CSS124L-FINAL-PROJECT/fp/target/classes/assets/textures/Interactables/microwave_close.png
16:29:19.098 [JavaFX Application Thread] DEBUG PrimaryStageWindow   - Push state: PCM_BG
16:29:19.098 [JavaFX Application Thread] DEBUG Input                - Clearing active input actions
16:29:19.099 [JavaFX Application Thread] DEBUG GameApplicationServi - Removing overlay from GameScene and adding to PCM_BG
16:29:19.099 [JavaFX Application Thread] DEBUG PrimaryStageWindow   - GameScene -> PCM_BG
16:29:19.105 [JavaFX Application Thread] DEBUG PrimaryStageWindow   - Push state: PlayerCountMenu
16:29:19.107 [JavaFX Application Thread] DEBUG Input                - Clearing active input actions
16:29:19.107 [JavaFX Application Thread] DEBUG GameApplicationServi - Removing overlay from PCM_BG and adding to PlayerCountMenu
16:29:19.110 [JavaFX Application Thread] DEBUG PrimaryStageWindow   - PCM_BG -> PlayerCountMenu
16:29:19.782 [JavaFX Application Thread] DEBUG AudioPlayer          - Stopping music com.almasb.fxgl.audio.Music@49d1fa27
16:29:19.788 [JavaFX Application Thread] DEBUG FXGLAssetLoaderServi - Loading from file system: file:/C:/Users/Cent/Desktop/CSS124L-LE/FinalExam/CSS124L-FINAL-PROJECT/fp/target/classes/assets/sounds/Reload.mp3
16:29:19.792 [JavaFX Application Thread] DEBUG FXGLAssetLoaderServi - Loading from file system: file:/C:/Users/Cent/Desktop/CSS124L-LE/FinalExam/CSS124L-FINAL-PROJECT/fp/target/classes/assets/sounds/BerettaM9_Shoot.mp3
16:29:19.795 [JavaFX Application Thread] WARN  FXGLAssetLoaderServi - Asset "/assets/sounds/SawedOff_Shoot.mp3" was not found!
16:29:19.795 [JavaFX Application Thread] WARN  FXGLAssetLoaderServi - Failed to load SOUND
16:29:19.797 [JavaFX Application Thread] DEBUG FXGLAssetLoaderServi - Loading from file system: file:/C:/Users/Cent/Desktop/CSS124L-LE/FinalExam/CSS124L-FINAL-PROJECT/fp/target/classes/assets/textures/Weapons/Idle/BerettaM9_Idle.png
16:29:19.798 [JavaFX Application Thread] DEBUG FXGLAssetLoaderServi - Loading from file system: file:/C:/Users/Cent/Desktop/CSS124L-LE/FinalExam/CSS124L-FINAL-PROJECT/fp/target/classes/assets/textures/Weapons/Shooting/BerettaM9_Shooting.png
16:29:19.800 [JavaFX Application Thread] DEBUG FXGLAssetLoaderServi - Loading from file system: file:/C:/Users/Cent/Desktop/CSS124L-LE/FinalExam/CSS124L-FINAL-PROJECT/fp/target/classes/assets/textures/Players/1P_Shoot.png
16:29:19.802 [JavaFX Application Thread] DEBUG FXGLAssetLoaderServi - Loading from file system: file:/C:/Users/Cent/Desktop/CSS124L-LE/FinalExam/CSS124L-FINAL-PROJECT/fp/target/classes/assets/textures/Interactables/vending_machine.png
16:29:19.804 [JavaFX Application Thread] DEBUG PrimaryStageWindow   - Pop state: PlayerCountMenu
16:29:19.805 [JavaFX Application Thread] DEBUG Input                - Clearing active input actions
16:29:19.805 [JavaFX Application Thread] DEBUG GameApplicationServi - Removing overlay from PlayerCountMenu and adding to PCM_BG
16:29:19.806 [JavaFX Application Thread] DEBUG PrimaryStageWindow   - PCM_BG <- PlayerCountMenu
16:29:19.806 [JavaFX Application Thread] DEBUG PrimaryStageWindow   - Pop state: PCM_BG
16:29:19.806 [JavaFX Application Thread] DEBUG Input                - Clearing active input actions
16:29:19.806 [JavaFX Application Thread] DEBUG GameApplicationServi - Removing overlay from PCM_BG and adding to GameScene
16:29:19.806 [JavaFX Application Thread] DEBUG PrimaryStageWindow   - GameScene <- PCM_BG
16:29:19.858 [JavaFX Application Thread] DEBUG FXGLAssetLoaderServi - Loading from file system: file:/C:/Users/Cent/Desktop/CSS124L-LE/FinalExam/CSS124L-FINAL-PROJECT/fp/target/classes/assets/textures/Zombies/Basic_Zombie_Walking.png
16:29:19.859 [JavaFX Application Thread] DEBUG FXGLAssetLoaderServi - Loading from file system: file:/C:/Users/Cent/Desktop/CSS124L-LE/FinalExam/CSS124L-FINAL-PROJECT/fp/target/classes/assets/textures/Zombies/Basic_Zombie_Attack.png
16:29:19.938 [FXGL Background Thread 3 ] DEBUG Engine               - Logging environment variables
16:29:19.938 [FXGL Background Thread 3 ] DEBUG Engine               - achievements: []
16:29:19.938 [FXGL Background Thread 3 ] DEBUG Engine               - actualHeight: 600.0
16:29:19.938 [FXGL Background Thread 3 ] DEBUG Engine               - actualHeightProperty: ReadOnlyDoubleProperty [value: 600.0]
16:29:19.938 [FXGL Background Thread 3 ] DEBUG Engine               - actualWidth: 800.0
16:29:19.938 [FXGL Background Thread 3 ] DEBUG Engine               - actualWidthProperty: ReadOnlyDoubleProperty [value: 800.0]
16:29:19.938 [FXGL Background Thread 3 ] DEBUG Engine               - appIcon: fxgl_icon.png
16:29:19.938 [FXGL Background Thread 3 ] DEBUG Engine               - applicationMode: DEVELOPER
16:29:19.938 [FXGL Background Thread 3 ] DEBUG Engine               - cSSList: [fxgl_dark.css]
16:29:19.938 [FXGL Background Thread 3 ] DEBUG Engine               - collisionDetectionStrategy: BRUTE_FORCE
16:29:19.938 [FXGL Background Thread 3 ] DEBUG Engine               - configClass: Optional.empty
16:29:19.938 [FXGL Background Thread 3 ] DEBUG Engine               - credits: []
16:29:19.938 [FXGL Background Thread 3 ] DEBUG Engine               - defaultCursor: CursorInfo(imageName=fxgl_default_cursor.png, hotspotX=7.0, hotspotY=6.0)
16:29:19.938 [FXGL Background Thread 3 ] DEBUG Engine               - devBBoxColorProperty: ObjectProperty [value: 0xff0000ff]
16:29:19.938 [FXGL Background Thread 3 ] DEBUG Engine               - devEnableDebugCameraProperty: BooleanProperty [value: false]
16:29:19.938 [FXGL Background Thread 3 ] DEBUG Engine               - devSensorColorProperty: ObjectProperty [value: 0xffff00ff]
16:29:19.938 [FXGL Background Thread 3 ] DEBUG Engine               - devShowBBoxProperty: BooleanProperty [value: false]
16:29:19.938 [FXGL Background Thread 3 ] DEBUG Engine               - devShowPositionProperty: BooleanProperty [value: false]
16:29:19.940 [FXGL Background Thread 3 ] DEBUG Engine               - enabledMenuItems: []
16:29:19.940 [FXGL Background Thread 3 ] DEBUG Engine               - engineServices: [class com.almasb.fxgl.app.services.FXGLAssetLoaderService, class com.almasb.fxgl.app.FXGLApplication$GameApplicationService, class com.almasb.fxgl.app.services.FXGLDialogService, class com.almasb.fxgl.app.services.IOTaskExecutorService, class com.almasb.fxgl.io.FileSystemService, class com.almasb.fxgl.localization.LocalizationService, class com.almasb.fxgl.app.services.SystemBundleService, class com.almasb.fxgl.profile.SaveLoadService, class com.almasb.fxgl.ui.FXGLUIFactoryServiceProvider, class com.almasb.fxgl.ui.FXGLDialogFactoryServiceProvider, class com.almasb.fxgl.audio.AudioPlayer, class com.almasb.fxgl.notification.impl.NotificationServiceProvider, class com.almasb.fxgl.achievement.AchievementService, class com.almasb.fxgl.cutscene.CutsceneService, class com.almasb.fxgl.minigames.MiniGameService, class com.almasb.fxgl.net.NetService, class com.almasb.fxgl.app.services.UpdaterService, class com.almasb.fxgl.dev.DevService, class com.almasb.fxgl.multiplayer.MultiplayerService]
16:29:19.940 [FXGL Background Thread 3 ] DEBUG Engine               - fontGame: Abel-Regular.ttf
16:29:19.940 [FXGL Background Thread 3 ] DEBUG Engine               - fontMono: lucida_console.ttf
16:29:19.940 [FXGL Background Thread 3 ] DEBUG Engine               - fontText: Courier-Prime.ttf
16:29:19.940 [FXGL Background Thread 3 ] DEBUG Engine               - fontUI: VarelaRound-Regular.ttf
16:29:19.940 [FXGL Background Thread 3 ] DEBUG Engine               - fullScreen: BooleanProperty [value: false]
16:29:19.940 [FXGL Background Thread 3 ] DEBUG Engine               - gameDifficulty: MEDIUM
16:29:19.940 [FXGL Background Thread 3 ] DEBUG Engine               - gameDifficultyProperty: ObjectProperty [value: MEDIUM]
16:29:19.940 [FXGL Background Thread 3 ] DEBUG Engine               - globalMusicVolume: 0.5
16:29:19.940 [FXGL Background Thread 3 ] DEBUG Engine               - globalMusicVolumeProperty: DoubleProperty [value: 0.5]
16:29:19.940 [FXGL Background Thread 3 ] DEBUG Engine               - globalSoundVolume: 0.5
16:29:19.940 [FXGL Background Thread 3 ] DEBUG Engine               - globalSoundVolumeProperty: DoubleProperty [value: 0.5]
16:29:19.940 [FXGL Background Thread 3 ] DEBUG Engine               - height: 600
16:29:19.940 [FXGL Background Thread 3 ] DEBUG Engine               - is3D: false
16:29:19.940 [FXGL Background Thread 3 ] DEBUG Engine               - isAndroid: false
16:29:19.940 [FXGL Background Thread 3 ] DEBUG Engine               - isBrowser: false
16:29:19.940 [FXGL Background Thread 3 ] DEBUG Engine               - isClickFeedbackEnabled: false
16:29:19.940 [FXGL Background Thread 3 ] DEBUG Engine               - isCloseConfirmation: false
16:29:19.940 [FXGL Background Thread 3 ] DEBUG Engine               - isDesktop: true
16:29:19.940 [FXGL Background Thread 3 ] DEBUG Engine               - isDeveloperMenuEnabled: true
16:29:19.940 [FXGL Background Thread 3 ] DEBUG Engine               - isEmbedded: false
16:29:19.940 [FXGL Background Thread 3 ] DEBUG Engine               - isEntityPreloadEnabled: true
16:29:19.940 [FXGL Background Thread 3 ] DEBUG Engine               - isExperimentalTiledLargeMap: false
16:29:19.940 [FXGL Background Thread 3 ] DEBUG Engine               - isFileSystemWriteAllowed: true
16:29:19.940 [FXGL Background Thread 3 ] DEBUG Engine               - isFullScreenAllowed: false
16:29:19.940 [FXGL Background Thread 3 ] DEBUG Engine               - isFullScreenFromStart: false
16:29:19.940 [FXGL Background Thread 3 ] DEBUG Engine               - isGameMenuEnabled: true
16:29:19.940 [FXGL Background Thread 3 ] DEBUG Engine               - isIOS: false
16:29:19.940 [FXGL Background Thread 3 ] DEBUG Engine               - isIntroEnabled: false
16:29:19.940 [FXGL Background Thread 3 ] DEBUG Engine               - isLinux: false
16:29:19.940 [FXGL Background Thread 3 ] DEBUG Engine               - isMac: false
16:29:19.940 [FXGL Background Thread 3 ] DEBUG Engine               - isMainMenuEnabled: true
16:29:19.941 [FXGL Background Thread 3 ] DEBUG Engine               - isManualResizeEnabled: false
16:29:19.941 [FXGL Background Thread 3 ] DEBUG Engine               - isMobile: false
16:29:19.941 [FXGL Background Thread 3 ] DEBUG Engine               - isNative: false
16:29:19.941 [FXGL Background Thread 3 ] DEBUG Engine               - isPauseMusicWhenMinimized: true
16:29:19.941 [FXGL Background Thread 3 ] DEBUG Engine               - isPreserveResizeRatio: false
16:29:19.941 [FXGL Background Thread 3 ] DEBUG Engine               - isProfilingEnabled: false
16:29:19.941 [FXGL Background Thread 3 ] DEBUG Engine               - isScaleAffectedOnResize: true
16:29:19.941 [FXGL Background Thread 3 ] DEBUG Engine               - isSingleStep: false
16:29:19.941 [FXGL Background Thread 3 ] DEBUG Engine               - isUserProfileEnabled: false
16:29:19.941 [FXGL Background Thread 3 ] DEBUG Engine               - isWindows: true
16:29:19.941 [FXGL Background Thread 3 ] DEBUG Engine               - language: ObjectProperty [value: ENGLISH]
16:29:19.941 [FXGL Background Thread 3 ] DEBUG Engine               - menuKey: ESCAPE
16:29:19.941 [FXGL Background Thread 3 ] DEBUG Engine               - mouseSensitivity: 0.2
16:29:19.941 [FXGL Background Thread 3 ] DEBUG Engine               - notificationViewClass: class com.almasb.fxgl.notification.view.XboxNotificationView
16:29:19.941 [FXGL Background Thread 3 ] DEBUG Engine               - pixelsPerMeter: 50.0
16:29:19.941 [FXGL Background Thread 3 ] DEBUG Engine               - platform: WINDOWS
16:29:19.941 [FXGL Background Thread 3 ] DEBUG Engine               - prefHeightProperty: ReadOnlyDoubleProperty [value: 600.0]
16:29:19.941 [FXGL Background Thread 3 ] DEBUG Engine               - prefWidthProperty: ReadOnlyDoubleProperty [value: 800.0]
16:29:19.941 [FXGL Background Thread 3 ] DEBUG Engine               - profileDir: profiles/
16:29:19.941 [FXGL Background Thread 3 ] DEBUG Engine               - profileName: StringProperty [value: DEFAULT]
16:29:19.941 [FXGL Background Thread 3 ] DEBUG Engine               - randomSeed: -1
16:29:19.941 [FXGL Background Thread 3 ] DEBUG Engine               - runtimeInfo: RuntimeInfo(platform=WINDOWS, version=dev-SNAPSHOT, build=28.07.2021 16.39)
16:29:19.941 [FXGL Background Thread 3 ] DEBUG Engine               - saveFileExt: sav
16:29:19.941 [FXGL Background Thread 3 ] DEBUG Engine               - scaledHeightProp$fxgl: DoubleProperty [bound, value: 600.0]
16:29:19.941 [FXGL Background Thread 3 ] DEBUG Engine               - scaledWidthProp$fxgl: DoubleProperty [bound, value: 800.0]
16:29:19.941 [FXGL Background Thread 3 ] DEBUG Engine               - sceneFactory: com.groupfour.mygame.App$1@4e5f515c
16:29:19.941 [FXGL Background Thread 3 ] DEBUG Engine               - secondsIn24h: 60
16:29:19.941 [FXGL Background Thread 3 ] DEBUG Engine               - soundMenuBack: menu/back.wav
16:29:19.941 [FXGL Background Thread 3 ] DEBUG Engine               - soundMenuPress: menu/press.wav
16:29:19.941 [FXGL Background Thread 3 ] DEBUG Engine               - soundMenuSelect: menu/select.wav
16:29:19.941 [FXGL Background Thread 3 ] DEBUG Engine               - soundNotification: core/notification.wav
16:29:19.941 [FXGL Background Thread 3 ] DEBUG Engine               - stageStyle: DECORATED
16:29:19.941 [FXGL Background Thread 3 ] DEBUG Engine               - supportedLanguages: [ENGLISH, FRENCH, GERMAN, HUNGARIAN, RUSSIAN]
16:29:19.941 [FXGL Background Thread 3 ] DEBUG Engine               - ticksPerSecond: -1
16:29:19.941 [FXGL Background Thread 3 ] DEBUG Engine               - title: Flatline: Oregon
16:29:19.941 [FXGL Background Thread 3 ] DEBUG Engine               - urlGithub: https://github.com/AlmasB/FXGL
16:29:19.941 [FXGL Background Thread 3 ] DEBUG Engine               - urlLeaderboard: http://fxgl-top.herokuapp.com/
16:29:19.941 [FXGL Background Thread 3 ] DEBUG Engine               - urlPOM: https://raw.githubusercontent.com/AlmasB/FXGL/release/README.md
16:29:19.941 [FXGL Background Thread 3 ] DEBUG Engine               - userAppClass: class com.groupfour.mygame.App
16:29:19.941 [FXGL Background Thread 3 ] DEBUG Engine               - version: Beta ?
16:29:19.941 [FXGL Background Thread 3 ] DEBUG Engine               - versionCheckDays: 7
16:29:19.941 [FXGL Background Thread 3 ] DEBUG Engine               - width: 800
16:29:19.941 [FXGL Background Thread 3 ] DEBUG Engine               - Logging services
16:29:19.941 [FXGL Background Thread 3 ] DEBUG Engine               - class com.almasb.fxgl.app.services.FXGLAssetLoaderService
16:29:19.941 [FXGL Background Thread 3 ] DEBUG Engine               - class com.almasb.fxgl.app.FXGLApplication$GameApplicationService
16:29:19.941 [FXGL Background Thread 3 ] DEBUG Engine               - class com.almasb.fxgl.app.services.FXGLDialogService
16:29:19.941 [FXGL Background Thread 3 ] DEBUG Engine               - class com.almasb.fxgl.app.services.IOTaskExecutorService
16:29:19.941 [FXGL Background Thread 3 ] DEBUG Engine               - class com.almasb.fxgl.io.FileSystemService
16:29:19.941 [FXGL Background Thread 3 ] DEBUG Engine               - class com.almasb.fxgl.localization.LocalizationService
16:29:19.941 [FXGL Background Thread 3 ] DEBUG Engine               - class com.almasb.fxgl.app.services.SystemBundleService
16:29:19.941 [FXGL Background Thread 3 ] DEBUG Engine               - class com.almasb.fxgl.profile.SaveLoadService
16:29:19.941 [FXGL Background Thread 3 ] DEBUG Engine               - class com.almasb.fxgl.ui.FXGLUIFactoryServiceProvider
16:29:19.942 [FXGL Background Thread 3 ] DEBUG Engine               - class com.almasb.fxgl.ui.FXGLDialogFactoryServiceProvider
16:29:19.942 [FXGL Background Thread 3 ] DEBUG Engine               - class com.almasb.fxgl.audio.AudioPlayer
16:29:19.942 [FXGL Background Thread 3 ] DEBUG Engine               - class com.almasb.fxgl.notification.impl.NotificationServiceProvider
16:29:19.942 [FXGL Background Thread 3 ] DEBUG Engine               - class com.almasb.fxgl.achievement.AchievementService
16:29:19.942 [FXGL Background Thread 3 ] DEBUG Engine               - class com.almasb.fxgl.cutscene.CutsceneService
16:29:19.942 [FXGL Background Thread 3 ] DEBUG Engine               - class com.almasb.fxgl.minigames.MiniGameService
16:29:19.942 [FXGL Background Thread 3 ] DEBUG Engine               - class com.almasb.fxgl.net.NetService
16:29:19.942 [FXGL Background Thread 3 ] DEBUG Engine               - class com.almasb.fxgl.app.services.UpdaterService
16:29:19.942 [FXGL Background Thread 3 ] DEBUG Engine               - class com.almasb.fxgl.dev.DevService
16:29:19.942 [FXGL Background Thread 3 ] DEBUG Engine               - class com.almasb.fxgl.multiplayer.MultiplayerService
16:29:20.176 [JavaFX Application Thread] DEBUG FXGLAssetLoaderServi - Loading from file system: file:/C:/Users/Cent/Desktop/CSS124L-LE/FinalExam/CSS124L-FINAL-PROJECT/fp/target/classes/assets/text/startGame.txt
16:29:20.179 [JavaFX Application Thread] DEBUG Input                - Registered new binding: Next RPG Line - Enter
16:29:20.179 [JavaFX Application Thread] DEBUG FXGLAssetLoaderServi - Loading from file system: file:/C:/Users/Cent/Desktop/CSS124L-LE/FinalExam/CSS124L-FINAL-PROJECT/fp/target/classes/assets/textures/helmet.png
16:29:20.182 [JavaFX Application Thread] DEBUG PrimaryStageWindow   - Push state: CutsceneScene
16:29:20.182 [JavaFX Application Thread] DEBUG Input                - Clearing active input actions
16:29:20.183 [JavaFX Application Thread] DEBUG GameApplicationServi - Removing overlay from GameScene and adding to CutsceneScene
16:29:20.183 [JavaFX Application Thread] DEBUG PrimaryStageWindow   - GameScene -> CutsceneScene
16:29:23.439 [JavaFX Application Thread] DEBUG PrimaryStageWindow   - Pop state: CutsceneScene
16:29:23.439 [JavaFX Application Thread] DEBUG Input                - Clearing active input actions
16:29:23.440 [JavaFX Application Thread] DEBUG GameApplicationServi - Removing overlay from CutsceneScene and adding to GameScene
16:29:23.441 [JavaFX Application Thread] DEBUG PrimaryStageWindow   - GameScene <- CutsceneScene
16:29:24.159 [JavaFX Application Thread] DEBUG FXGLAssetLoaderServi - Loading from file system: file:/C:/Users/Cent/Desktop/CSS124L-LE/FinalExam/CSS124L-FINAL-PROJECT/fp/target/classes/assets/textures/Weapons/Idle/M16_Idle.png
16:29:24.160 [JavaFX Application Thread] DEBUG FXGLAssetLoaderServi - Loading from file system: file:/C:/Users/Cent/Desktop/CSS124L-LE/FinalExam/CSS124L-FINAL-PROJECT/fp/target/classes/assets/textures/Weapons/Shooting/M16_Shooting.png
16:29:24.161 [JavaFX Application Thread] DEBUG FXGLAssetLoaderServi - Loading from file system: file:/C:/Users/Cent/Desktop/CSS124L-LE/FinalExam/CSS124L-FINAL-PROJECT/fp/target/classes/assets/textures/Players/1P_Rifle_Shoot.png
16:29:24.816 [JavaFX Application Thread] DEBUG FXGLAssetLoaderServi - Loading from file system: file:/C:/Users/Cent/Desktop/CSS124L-LE/FinalExam/CSS124L-FINAL-PROJECT/fp/target/classes/assets/textures/Weapons/Idle/AK47_Idle.png
16:29:24.817 [JavaFX Application Thread] DEBUG FXGLAssetLoaderServi - Loading from file system: file:/C:/Users/Cent/Desktop/CSS124L-LE/FinalExam/CSS124L-FINAL-PROJECT/fp/target/classes/assets/textures/Weapons/Shooting/AK47_Shooting.png
16:29:26.640 [JavaFX Application Thread] DEBUG FXGLAssetLoaderServi - Loading from file system: file:/C:/Users/Cent/Desktop/CSS124L-LE/FinalExam/CSS124L-FINAL-PROJECT/fp/target/classes/assets/textures/Weapons/Idle/Sawed_Off_DoubleBarrel.png
16:29:26.640 [JavaFX Application Thread] DEBUG FXGLAssetLoaderServi - Loading from file system: file:/C:/Users/Cent/Desktop/CSS124L-LE/FinalExam/CSS124L-FINAL-PROJECT/fp/target/classes/assets/textures/Weapons/Shooting/Sawed_Off_DoubleBarrel_Shooting.png
16:29:29.150 [JavaFX Application Thread] DEBUG FXGLApplication      - Exiting FXGL
16:29:29.150 [JavaFX Application Thread] DEBUG LoopRunner           - Stopping loop
16:29:29.150 [JavaFX Application Thread] DEBUG SystemBundleService  - Saving FXGL system data
16:29:29.152 [JavaFX Application Thread] DEBUG FileSystemAccess     - Writing to: c:\Users\Cent\Desktop\CSS124L-LE\FinalExam\CSS124L-FINAL-PROJECT\system\fxgl.bundle
16:29:29.154 [JavaFX Application Thread] DEBUG Async                - Shutting down background threads
16:29:29.154 [JavaFX Application Thread] DEBUG PrimaryStageWindow   - Closing main window
16:29:29.165 [JavaFX Application Thread] DEBUG Logger               - Closing Logger
