14:21:45.411 [main                     ] DEBUG Logger               - Configured Logger
14:21:45.418 [main                     ] DEBUG GameApplication      - Logging settings
Title: Flatline: Oregon
Version: Alpha 0.3
Width: 800
Height: 600
Fullscreen: false
Intro: false
Profiling: false
Single step:false
App Mode: DEVELOPER
Menu Key: ESCAPE
Stage Style: DECORATED
Scene Factory: class com.groupfour.mygame.App$1

14:21:46.086 [JavaFX Application Thread] DEBUG FXGLApplication      - Initializing FXGL
14:21:46.088 [JavaFX Application Thread] INFO  Engine               - FXGL-dev-SNAPSHOT (28.07.2021 16.39) on WINDOWS (J:21.0.4 FX:16)
14:21:46.090 [JavaFX Application Thread] DEBUG Engine               - JRE Vendor Name: Eclipse Adoptium
14:21:46.090 [JavaFX Application Thread] DEBUG Engine               - Running on OS: Windows 11 version 10.0
14:21:46.090 [JavaFX Application Thread] DEBUG Engine               - Architecture: amd64
14:21:46.091 [JavaFX Application Thread] INFO  Engine               - Source code and latest versions at: https://github.com/AlmasB/FXGL
14:21:46.091 [JavaFX Application Thread] INFO  Engine               -              Join the FXGL chat at: https://gitter.im/AlmasB/FXGL
14:21:46.233 [JavaFX Application Thread] DEBUG PrimaryStageWindow   - Creating a JavaFX scene
14:21:46.304 [JavaFX Application Thread] DEBUG PrimaryStageWindow   - Target settings size: 800.0 x 600.0
14:21:46.304 [JavaFX Application Thread] DEBUG PrimaryStageWindow   - Scaled scene size:    800.0 x 600.0
14:21:46.304 [JavaFX Application Thread] DEBUG PrimaryStageWindow   - Scaled ratio: (1.0, 1.0)
14:21:46.305 [JavaFX Application Thread] DEBUG PrimaryStageWindow   - Set initial scene to FXGLStartupScene
14:21:46.316 [JavaFX Application Thread] DEBUG PrimaryStageWindow   - Opening main window
14:21:46.481 [JavaFX Application Thread] DEBUG PrimaryStageWindow   - Window border size: (14.4000244140625, 37.5999755859375)
14:21:46.481 [JavaFX Application Thread] DEBUG PrimaryStageWindow   - Scaled size: 800.0 x 600.0
14:21:46.482 [JavaFX Application Thread] DEBUG PrimaryStageWindow   - Scaled ratio: (1.0, 1.0)
14:21:46.482 [JavaFX Application Thread] DEBUG PrimaryStageWindow   - Scene size: 800.0 x 600.0
14:21:46.482 [JavaFX Application Thread] DEBUG PrimaryStageWindow   - Stage size: 814.4000244140625 x 637.5999755859375
14:21:46.497 [FXGL Background Thread 1 ] DEBUG Engine               - Initializing environment variables
14:21:46.615 [FXGL Background Thread 1 ] DEBUG FXGLAssetLoaderServi - User app class for loading assets: class com.groupfour.mygame.App
14:21:46.615 [FXGL Background Thread 1 ] DEBUG GameApplicationServi - Applying CSS: fxgl_dark.css
14:21:46.617 [FXGL Background Thread 1 ] DEBUG FXGLAssetLoaderServi - Loading from file system: jar:file:///C:/Users/Cent/.m2/repository/com/github/almasb/fxgl/dev-SNAPSHOT/fxgl-dev-SNAPSHOT.jar!/fxglassets/ui/css/fxgl_dark.css
14:21:46.706 [FXGL Background Thread 1 ] DEBUG GameApplicationServi - Initializing application scenes
14:21:46.800 [FXGL Background Thread 1 ] DEBUG GameWorld            - Game world initialized
14:21:46.920 [FXGL Background Thread 1 ] DEBUG PhysicsWorld         - Physics world initialized: appHeight=600, physics.ppm=50.0
14:21:46.921 [FXGL Background Thread 1 ] DEBUG PhysicsWorld         - Using strategy: BRUTE_FORCE
14:21:46.926 [FXGL Background Thread 1 ] DEBUG GameScene            - Game scene initialized: 800x600
14:21:46.945 [FXGL Background Thread 1 ] DEBUG FXGL.DefaultMenu     - createMenuBodyMainMenu()
14:21:46.966 [FXGL Background Thread 1 ] DEBUG FXGL.DefaultMenu     - createOptionsMenu()
14:21:46.985 [FXGL Background Thread 1 ] DEBUG FXGLAssetLoaderServi - Loading from file system: jar:file:///C:/Users/Cent/.m2/repository/com/github/almasb/fxgl/dev-SNAPSHOT/fxgl-dev-SNAPSHOT.jar!/fxglassets/textures/particles/smoke.png
14:21:47.192 [FXGL Background Thread 1 ] DEBUG FXGLAssetLoaderServi - Loading from file system: jar:file:///C:/Users/Cent/.m2/repository/com/github/almasb/fxgl/dev-SNAPSHOT/fxgl-dev-SNAPSHOT.jar!/fxglassets/textures/particles/trace_horizontal.png
14:21:47.272 [FXGL Background Thread 1 ] DEBUG GameApplicationServi - Application scenes initialized
14:21:47.290 [FXGL Background Thread 1 ] DEBUG SystemBundleService  - Loading FXGL system data
14:21:47.296 [FXGL Background Thread 1 ] DEBUG FileSystemAccess     - Reading from: c:\Users\Cent\Desktop\CSS124L-LE\CSS124L-FinalExam\CSS124L-FINAL-PROJECT\system\fxgl.bundle
14:21:47.312 [FXGL Background Thread 1 ] DEBUG SystemBundleService  - Bundle FXGL: {}
14:21:47.313 [FXGL Background Thread 1 ] DEBUG UpdaterService       - Checking for updates
14:21:47.364 [FXGL Background Thread 4 ] DEBUG FXGLApplication      - Loading fonts
14:21:47.364 [FXGL Background Thread 1 ] DEBUG FXGLApplication      - Loading default localization
14:21:47.365 [FXGL Background Thread 4 ] DEBUG FXGLAssetLoaderServi - Loading from file system: jar:file:///C:/Users/Cent/.m2/repository/com/github/almasb/fxgl/dev-SNAPSHOT/fxgl-dev-SNAPSHOT.jar!/fxglassets/ui/fonts/VarelaRound-Regular.ttf
14:21:47.365 [FXGL Background Thread 1 ] DEBUG FXGLAssetLoaderServi - Loading from file system: jar:file:///C:/Users/Cent/.m2/repository/com/github/almasb/fxgl/dev-SNAPSHOT/fxgl-dev-SNAPSHOT.jar!/fxglassets/languages/english.lang
14:21:47.404 [FXGL Background Thread 1 ] INFO  FXGLApplication      - FXGL initialization took: 0.907 sec
14:21:47.435 [JavaFX Application Thread] DEBUG Input                - Registered new binding: Move Upwards - W
14:21:47.435 [JavaFX Application Thread] DEBUG Input                - Registered new binding: Move Down - S
14:21:47.435 [JavaFX Application Thread] DEBUG Input                - Registered new binding: Move Left - A
14:21:47.435 [JavaFX Application Thread] DEBUG Input                - Registered new binding: Move Right - D
14:21:47.435 [JavaFX Application Thread] DEBUG Input                - Registered new binding: Reload - R
14:21:47.437 [JavaFX Application Thread] DEBUG Input                - Registered new binding: Shoot - LMB
14:21:47.438 [JavaFX Application Thread] DEBUG Input                - Registered new binding: Switch Weapons - Q
14:21:47.438 [JavaFX Application Thread] DEBUG Input                - Registered new binding: Interact - F
14:21:47.439 [JavaFX Application Thread] DEBUG FXGLAssetLoaderServi - Loading from file system: jar:file:///C:/Users/Cent/.m2/repository/com/github/almasb/fxgl/dev-SNAPSHOT/fxgl-dev-SNAPSHOT.jar!/fxglassets/textures/fxgl_icon.png
14:21:47.442 [FXGL Background Thread 4 ] DEBUG FXGLAssetLoaderServi - Loading from file system: jar:file:///C:/Users/Cent/.m2/repository/com/github/almasb/fxgl/dev-SNAPSHOT/fxgl-dev-SNAPSHOT.jar!/fxglassets/ui/fonts/Abel-Regular.ttf
14:21:47.451 [FXGL Background Thread 4 ] DEBUG FXGLAssetLoaderServi - Loading from file system: jar:file:///C:/Users/Cent/.m2/repository/com/github/almasb/fxgl/dev-SNAPSHOT/fxgl-dev-SNAPSHOT.jar!/fxglassets/ui/fonts/lucida_console.ttf
14:21:47.461 [FXGL Background Thread 4 ] DEBUG FXGLAssetLoaderServi - Loading from file system: jar:file:///C:/Users/Cent/.m2/repository/com/github/almasb/fxgl/dev-SNAPSHOT/fxgl-dev-SNAPSHOT.jar!/fxglassets/ui/fonts/Courier-Prime.ttf
14:21:47.493 [JavaFX Application Thread] DEBUG FXGLAssetLoaderServi - Loading from file system: jar:file:///C:/Users/Cent/.m2/repository/com/github/almasb/fxgl/dev-SNAPSHOT/fxgl-dev-SNAPSHOT.jar!/fxglassets/textures/fxgl_default_cursor.png
14:21:47.496 [JavaFX Application Thread] DEBUG Input                - Registered new binding: Screenshot - CTRL+8
14:21:47.498 [JavaFX Application Thread] DEBUG Input                - Registered new binding: Dev Options - 1
14:21:47.498 [JavaFX Application Thread] DEBUG Input                - Registered new binding: Dev Console - 2
14:21:47.499 [JavaFX Application Thread] DEBUG Input                - Registered new binding: System info dump - CTRL+9
14:21:47.500 [JavaFX Application Thread] DEBUG Input                - Registered new binding: Restart - CTRL+R
14:21:47.500 [JavaFX Application Thread] DEBUG Input                - Registered new binding: Toggle Debug Camera - CTRL+C
14:21:47.504 [JavaFX Application Thread] DEBUG LoopRunner           - Starting loop
14:21:47.535 [JavaFX Application Thread] DEBUG LoopRunner           - Initializing JavaFX AnimationTimerLoop
14:21:47.546 [JavaFX Application Thread] DEBUG Input                - Clearing active input actions
14:21:47.559 [JavaFX Application Thread] DEBUG GameApplicationServi - Removing overlay from FXGLStartupScene and adding to FXGLMainMenuDummyScene
14:21:47.577 [JavaFX Application Thread] DEBUG PrimaryStageWindow   - FXGLStartupScene -> FXGLMainMenuDummyScene
14:21:47.578 [JavaFX Application Thread] DEBUG PrimaryStageWindow   - Push state: FXGLDefaultMenu
14:21:47.598 [JavaFX Application Thread] DEBUG Input                - Clearing active input actions
14:21:47.608 [JavaFX Application Thread] DEBUG GameApplicationServi - Removing overlay from FXGLMainMenuDummyScene and adding to FXGLDefaultMenu
14:21:47.609 [JavaFX Application Thread] DEBUG PrimaryStageWindow   - FXGLMainMenuDummyScene -> FXGLDefaultMenu
14:21:47.610 [JavaFX Application Thread] DEBUG FXGLApplication      - Registering font factories with UI factory
14:21:48.882 [JavaFX Application Thread] DEBUG Menu                 - fireNewGame()
14:21:48.883 [JavaFX Application Thread] DEBUG GameApplicationServi - Starting new game
14:21:48.889 [JavaFX Application Thread] DEBUG PrimaryStageWindow   - Pop state: FXGLDefaultMenu
14:21:48.889 [JavaFX Application Thread] DEBUG Input                - Clearing active input actions
14:21:48.893 [JavaFX Application Thread] DEBUG GameApplicationServi - Removing overlay from FXGLDefaultMenu and adding to FXGLMainMenuDummyScene
14:21:48.896 [JavaFX Application Thread] DEBUG PrimaryStageWindow   - FXGLMainMenuDummyScene <- FXGLDefaultMenu
14:21:48.897 [JavaFX Application Thread] DEBUG Input                - Clearing active input actions
14:21:48.912 [JavaFX Application Thread] DEBUG GameApplicationServi - Removing overlay from FXGLMainMenuDummyScene and adding to FXGLLoadingScene
14:21:48.913 [JavaFX Application Thread] DEBUG PrimaryStageWindow   - FXGLMainMenuDummyScene -> FXGLLoadingScene
14:21:48.915 [JavaFX Application Thread] DEBUG GameApplicationServi - Clearing previous game
14:21:48.915 [JavaFX Application Thread] DEBUG GameScene            - Clearing game scene
14:21:48.916 [JavaFX Application Thread] DEBUG GameWorld            - Clearing game world
14:21:48.916 [JavaFX Application Thread] DEBUG PhysicsWorld         - Clearing physics world
14:21:48.923 [FXGL Background Thread 4 ] DEBUG FXGLApplication      - Initializing game
14:21:48.999 [FXGL Background Thread 2 ] INFO  UpdaterService       - Your current version:  dev-SNAPSHOT
14:21:49.001 [FXGL Background Thread 2 ] INFO  UpdaterService       - Latest stable version: 21.1
14:21:49.060 [FXGL Background Thread 4 ] DEBUG FXGLAssetLoaderServi - Loading from file system: file:/C:/Users/Cent/Desktop/CSS124L-LE/CSS124L-FinalExam/CSS124L-FINAL-PROJECT/fp/target/classes/assets/textures/Players/1P_Idle.png
14:21:49.062 [FXGL Background Thread 4 ] DEBUG FXGLAssetLoaderServi - Loading from file system: file:/C:/Users/Cent/Desktop/CSS124L-LE/CSS124L-FinalExam/CSS124L-FINAL-PROJECT/fp/target/classes/assets/textures/Players/1P_Walk.gif
14:21:49.073 [FXGL Background Thread 4 ] DEBUG FXGLAssetLoaderServi - Loading from file system: file:/C:/Users/Cent/Desktop/CSS124L-LE/CSS124L-FinalExam/CSS124L-FINAL-PROJECT/fp/target/classes/assets/textures/Players/1P_Shoot.gif
14:21:49.119 [FXGL Background Thread 4 ] INFO  FXGLApplication      - Game initialization took: 0.196 sec
14:21:49.127 [JavaFX Application Thread] DEBUG Input                - Clearing active input actions
14:21:49.140 [JavaFX Application Thread] DEBUG GameApplicationServi - Removing overlay from FXGLLoadingScene and adding to GameScene
14:21:49.146 [JavaFX Application Thread] DEBUG PrimaryStageWindow   - FXGLLoadingScene -> GameScene
14:21:49.153 [JavaFX Application Thread] DEBUG PrimaryStageWindow   - Push state: PlayerCountMenu
14:21:49.153 [JavaFX Application Thread] DEBUG Input                - Clearing active input actions
14:21:49.154 [JavaFX Application Thread] DEBUG GameApplicationServi - Removing overlay from GameScene and adding to PlayerCountMenu
14:21:49.155 [JavaFX Application Thread] DEBUG PrimaryStageWindow   - GameScene -> PlayerCountMenu
14:21:50.086 [JavaFX Application Thread] DEBUG PrimaryStageWindow   - Push state: DialogSubScene
14:21:50.086 [JavaFX Application Thread] DEBUG Input                - Clearing active input actions
14:21:50.088 [JavaFX Application Thread] DEBUG GameApplicationServi - Removing overlay from PlayerCountMenu and adding to DialogSubScene
14:21:50.090 [JavaFX Application Thread] DEBUG PrimaryStageWindow   - PlayerCountMenu -> DialogSubScene
14:21:50.362 [FXGL Background Thread 3 ] DEBUG Engine               - Logging environment variables
14:21:50.362 [FXGL Background Thread 3 ] DEBUG Engine               - achievements: []
14:21:50.362 [FXGL Background Thread 3 ] DEBUG Engine               - actualHeight: 600.0
14:21:50.363 [FXGL Background Thread 3 ] DEBUG Engine               - actualHeightProperty: ReadOnlyDoubleProperty [value: 600.0]
14:21:50.363 [FXGL Background Thread 3 ] DEBUG Engine               - actualWidth: 800.0
14:21:50.363 [FXGL Background Thread 3 ] DEBUG Engine               - actualWidthProperty: ReadOnlyDoubleProperty [value: 800.0]
14:21:50.363 [FXGL Background Thread 3 ] DEBUG Engine               - appIcon: fxgl_icon.png
14:21:50.363 [FXGL Background Thread 3 ] DEBUG Engine               - applicationMode: DEVELOPER
14:21:50.363 [FXGL Background Thread 3 ] DEBUG Engine               - cSSList: [fxgl_dark.css]
14:21:50.363 [FXGL Background Thread 3 ] DEBUG Engine               - collisionDetectionStrategy: BRUTE_FORCE
14:21:50.364 [FXGL Background Thread 3 ] DEBUG Engine               - configClass: Optional.empty
14:21:50.364 [FXGL Background Thread 3 ] DEBUG Engine               - credits: []
14:21:50.364 [FXGL Background Thread 3 ] DEBUG Engine               - defaultCursor: CursorInfo(imageName=fxgl_default_cursor.png, hotspotX=7.0, hotspotY=6.0)
14:21:50.364 [FXGL Background Thread 3 ] DEBUG Engine               - devBBoxColorProperty: ObjectProperty [value: 0xff0000ff]
14:21:50.364 [FXGL Background Thread 3 ] DEBUG Engine               - devEnableDebugCameraProperty: BooleanProperty [value: false]
14:21:50.364 [FXGL Background Thread 3 ] DEBUG Engine               - devSensorColorProperty: ObjectProperty [value: 0xffff00ff]
14:21:50.365 [FXGL Background Thread 3 ] DEBUG Engine               - devShowBBoxProperty: BooleanProperty [value: false]
14:21:50.365 [FXGL Background Thread 3 ] DEBUG Engine               - devShowPositionProperty: BooleanProperty [value: false]
14:21:50.365 [FXGL Background Thread 3 ] DEBUG Engine               - enabledMenuItems: []
14:21:50.365 [FXGL Background Thread 3 ] DEBUG Engine               - engineServices: [class com.almasb.fxgl.app.services.FXGLAssetLoaderService, class com.almasb.fxgl.app.FXGLApplication$GameApplicationService, class com.almasb.fxgl.app.services.FXGLDialogService, class com.almasb.fxgl.app.services.IOTaskExecutorService, class com.almasb.fxgl.io.FileSystemService, class com.almasb.fxgl.localization.LocalizationService, class com.almasb.fxgl.app.services.SystemBundleService, class com.almasb.fxgl.profile.SaveLoadService, class com.almasb.fxgl.ui.FXGLUIFactoryServiceProvider, class com.almasb.fxgl.ui.FXGLDialogFactoryServiceProvider, class com.almasb.fxgl.audio.AudioPlayer, class com.almasb.fxgl.notification.impl.NotificationServiceProvider, class com.almasb.fxgl.achievement.AchievementService, class com.almasb.fxgl.cutscene.CutsceneService, class com.almasb.fxgl.minigames.MiniGameService, class com.almasb.fxgl.net.NetService, class com.almasb.fxgl.app.services.UpdaterService, class com.almasb.fxgl.dev.DevService, class com.almasb.fxgl.multiplayer.MultiplayerService]
14:21:50.365 [FXGL Background Thread 3 ] DEBUG Engine               - fontGame: Abel-Regular.ttf
14:21:50.365 [FXGL Background Thread 3 ] DEBUG Engine               - fontMono: lucida_console.ttf
14:21:50.365 [FXGL Background Thread 3 ] DEBUG Engine               - fontText: Courier-Prime.ttf
14:21:50.365 [FXGL Background Thread 3 ] DEBUG Engine               - fontUI: VarelaRound-Regular.ttf
14:21:50.365 [FXGL Background Thread 3 ] DEBUG Engine               - fullScreen: BooleanProperty [value: false]
14:21:50.366 [FXGL Background Thread 3 ] DEBUG Engine               - gameDifficulty: MEDIUM
14:21:50.366 [FXGL Background Thread 3 ] DEBUG Engine               - gameDifficultyProperty: ObjectProperty [value: MEDIUM]
14:21:50.366 [FXGL Background Thread 3 ] DEBUG Engine               - globalMusicVolume: 0.5
14:21:50.366 [FXGL Background Thread 3 ] DEBUG Engine               - globalMusicVolumeProperty: DoubleProperty [value: 0.5]
14:21:50.366 [FXGL Background Thread 3 ] DEBUG Engine               - globalSoundVolume: 0.5
14:21:50.368 [FXGL Background Thread 3 ] DEBUG Engine               - globalSoundVolumeProperty: DoubleProperty [value: 0.5]
14:21:50.368 [FXGL Background Thread 3 ] DEBUG Engine               - height: 600
14:21:50.368 [FXGL Background Thread 3 ] DEBUG Engine               - is3D: false
14:21:50.368 [FXGL Background Thread 3 ] DEBUG Engine               - isAndroid: false
14:21:50.368 [FXGL Background Thread 3 ] DEBUG Engine               - isBrowser: false
14:21:50.368 [FXGL Background Thread 3 ] DEBUG Engine               - isClickFeedbackEnabled: false
14:21:50.368 [FXGL Background Thread 3 ] DEBUG Engine               - isCloseConfirmation: false
14:21:50.369 [FXGL Background Thread 3 ] DEBUG Engine               - isDesktop: true
14:21:50.369 [FXGL Background Thread 3 ] DEBUG Engine               - isDeveloperMenuEnabled: true
14:21:50.369 [FXGL Background Thread 3 ] DEBUG Engine               - isEmbedded: false
14:21:50.369 [FXGL Background Thread 3 ] DEBUG Engine               - isEntityPreloadEnabled: true
14:21:50.369 [FXGL Background Thread 3 ] DEBUG Engine               - isExperimentalTiledLargeMap: false
14:21:50.369 [FXGL Background Thread 3 ] DEBUG Engine               - isFileSystemWriteAllowed: true
14:21:50.369 [FXGL Background Thread 3 ] DEBUG Engine               - isFullScreenAllowed: false
14:21:50.369 [FXGL Background Thread 3 ] DEBUG Engine               - isFullScreenFromStart: false
14:21:50.369 [FXGL Background Thread 3 ] DEBUG Engine               - isGameMenuEnabled: true
14:21:50.369 [FXGL Background Thread 3 ] DEBUG Engine               - isIOS: false
14:21:50.369 [FXGL Background Thread 3 ] DEBUG Engine               - isIntroEnabled: false
14:21:50.369 [FXGL Background Thread 3 ] DEBUG Engine               - isLinux: false
14:21:50.369 [FXGL Background Thread 3 ] DEBUG Engine               - isMac: false
14:21:50.370 [FXGL Background Thread 3 ] DEBUG Engine               - isMainMenuEnabled: true
14:21:50.370 [FXGL Background Thread 3 ] DEBUG Engine               - isManualResizeEnabled: false
14:21:50.370 [FXGL Background Thread 3 ] DEBUG Engine               - isMobile: false
14:21:50.370 [FXGL Background Thread 3 ] DEBUG Engine               - isNative: false
14:21:50.370 [FXGL Background Thread 3 ] DEBUG Engine               - isPauseMusicWhenMinimized: true
14:21:50.370 [FXGL Background Thread 3 ] DEBUG Engine               - isPreserveResizeRatio: false
14:21:50.370 [FXGL Background Thread 3 ] DEBUG Engine               - isProfilingEnabled: false
14:21:50.370 [FXGL Background Thread 3 ] DEBUG Engine               - isScaleAffectedOnResize: true
14:21:50.370 [FXGL Background Thread 3 ] DEBUG Engine               - isSingleStep: false
14:21:50.370 [FXGL Background Thread 3 ] DEBUG Engine               - isUserProfileEnabled: false
14:21:50.370 [FXGL Background Thread 3 ] DEBUG Engine               - isWindows: true
14:21:50.370 [FXGL Background Thread 3 ] DEBUG Engine               - language: ObjectProperty [value: ENGLISH]
14:21:50.370 [FXGL Background Thread 3 ] DEBUG Engine               - menuKey: ESCAPE
14:21:50.372 [FXGL Background Thread 3 ] DEBUG Engine               - mouseSensitivity: 0.2
14:21:50.372 [FXGL Background Thread 3 ] DEBUG Engine               - notificationViewClass: class com.almasb.fxgl.notification.view.XboxNotificationView
14:21:50.372 [FXGL Background Thread 3 ] DEBUG Engine               - pixelsPerMeter: 50.0
14:21:50.372 [FXGL Background Thread 3 ] DEBUG Engine               - platform: WINDOWS
14:21:50.372 [FXGL Background Thread 3 ] DEBUG Engine               - prefHeightProperty: ReadOnlyDoubleProperty [value: 600.0]
14:21:50.372 [FXGL Background Thread 3 ] DEBUG Engine               - prefWidthProperty: ReadOnlyDoubleProperty [value: 800.0]
14:21:50.372 [FXGL Background Thread 3 ] DEBUG Engine               - profileDir: profiles/
14:21:50.373 [FXGL Background Thread 3 ] DEBUG Engine               - profileName: StringProperty [value: DEFAULT]
14:21:50.373 [FXGL Background Thread 3 ] DEBUG Engine               - randomSeed: -1
14:21:50.373 [FXGL Background Thread 3 ] DEBUG Engine               - runtimeInfo: RuntimeInfo(platform=WINDOWS, version=dev-SNAPSHOT, build=28.07.2021 16.39)
14:21:50.373 [FXGL Background Thread 3 ] DEBUG Engine               - saveFileExt: sav
14:21:50.373 [FXGL Background Thread 3 ] DEBUG Engine               - scaledHeightProp$fxgl: DoubleProperty [bound, value: 600.0]
14:21:50.373 [FXGL Background Thread 3 ] DEBUG Engine               - scaledWidthProp$fxgl: DoubleProperty [bound, value: 800.0]
14:21:50.373 [FXGL Background Thread 3 ] DEBUG Engine               - sceneFactory: com.groupfour.mygame.App$1@1987b275
14:21:50.374 [FXGL Background Thread 3 ] DEBUG Engine               - secondsIn24h: 60
14:21:50.374 [FXGL Background Thread 3 ] DEBUG Engine               - soundMenuBack: menu/back.wav
14:21:50.374 [FXGL Background Thread 3 ] DEBUG Engine               - soundMenuPress: menu/press.wav
14:21:50.374 [FXGL Background Thread 3 ] DEBUG Engine               - soundMenuSelect: menu/select.wav
14:21:50.374 [FXGL Background Thread 3 ] DEBUG Engine               - soundNotification: core/notification.wav
14:21:50.374 [FXGL Background Thread 3 ] DEBUG Engine               - stageStyle: DECORATED
14:21:50.374 [FXGL Background Thread 3 ] DEBUG Engine               - supportedLanguages: [ENGLISH, FRENCH, GERMAN, HUNGARIAN, RUSSIAN]
14:21:50.374 [FXGL Background Thread 3 ] DEBUG Engine               - ticksPerSecond: -1
14:21:50.374 [FXGL Background Thread 3 ] DEBUG Engine               - title: Flatline: Oregon
14:21:50.375 [FXGL Background Thread 3 ] DEBUG Engine               - urlGithub: https://github.com/AlmasB/FXGL
14:21:50.375 [FXGL Background Thread 3 ] DEBUG Engine               - urlLeaderboard: http://fxgl-top.herokuapp.com/
14:21:50.375 [FXGL Background Thread 3 ] DEBUG Engine               - urlPOM: https://raw.githubusercontent.com/AlmasB/FXGL/release/README.md
14:21:50.375 [FXGL Background Thread 3 ] DEBUG Engine               - userAppClass: class com.groupfour.mygame.App
14:21:50.375 [FXGL Background Thread 3 ] DEBUG Engine               - version: Alpha 0.3
14:21:50.375 [FXGL Background Thread 3 ] DEBUG Engine               - versionCheckDays: 7
14:21:50.375 [FXGL Background Thread 3 ] DEBUG Engine               - width: 800
14:21:50.375 [FXGL Background Thread 3 ] DEBUG Engine               - Logging services
14:21:50.375 [FXGL Background Thread 3 ] DEBUG Engine               - class com.almasb.fxgl.app.services.FXGLAssetLoaderService
14:21:50.375 [FXGL Background Thread 3 ] DEBUG Engine               - class com.almasb.fxgl.app.FXGLApplication$GameApplicationService
14:21:50.375 [FXGL Background Thread 3 ] DEBUG Engine               - class com.almasb.fxgl.app.services.FXGLDialogService
14:21:50.376 [FXGL Background Thread 3 ] DEBUG Engine               - class com.almasb.fxgl.app.services.IOTaskExecutorService
14:21:50.376 [FXGL Background Thread 3 ] DEBUG Engine               - class com.almasb.fxgl.io.FileSystemService
14:21:50.376 [FXGL Background Thread 3 ] DEBUG Engine               - class com.almasb.fxgl.localization.LocalizationService
14:21:50.376 [FXGL Background Thread 3 ] DEBUG Engine               - class com.almasb.fxgl.app.services.SystemBundleService
14:21:50.376 [FXGL Background Thread 3 ] DEBUG Engine               - class com.almasb.fxgl.profile.SaveLoadService
14:21:50.376 [FXGL Background Thread 3 ] DEBUG Engine               - class com.almasb.fxgl.ui.FXGLUIFactoryServiceProvider
14:21:50.376 [FXGL Background Thread 3 ] DEBUG Engine               - class com.almasb.fxgl.ui.FXGLDialogFactoryServiceProvider
14:21:50.376 [FXGL Background Thread 3 ] DEBUG Engine               - class com.almasb.fxgl.audio.AudioPlayer
14:21:50.376 [FXGL Background Thread 3 ] DEBUG Engine               - class com.almasb.fxgl.notification.impl.NotificationServiceProvider
14:21:50.376 [FXGL Background Thread 3 ] DEBUG Engine               - class com.almasb.fxgl.achievement.AchievementService
14:21:50.377 [FXGL Background Thread 3 ] DEBUG Engine               - class com.almasb.fxgl.cutscene.CutsceneService
14:21:50.377 [FXGL Background Thread 3 ] DEBUG Engine               - class com.almasb.fxgl.minigames.MiniGameService
14:21:50.377 [FXGL Background Thread 3 ] DEBUG Engine               - class com.almasb.fxgl.net.NetService
14:21:50.377 [FXGL Background Thread 3 ] DEBUG Engine               - class com.almasb.fxgl.app.services.UpdaterService
14:21:50.377 [FXGL Background Thread 3 ] DEBUG Engine               - class com.almasb.fxgl.dev.DevService
14:21:50.377 [FXGL Background Thread 3 ] DEBUG Engine               - class com.almasb.fxgl.multiplayer.MultiplayerService
14:21:50.808 [JavaFX Application Thread] DEBUG PrimaryStageWindow   - Pop state: DialogSubScene
14:21:50.808 [JavaFX Application Thread] DEBUG Input                - Clearing active input actions
14:21:50.810 [JavaFX Application Thread] DEBUG GameApplicationServi - Removing overlay from DialogSubScene and adding to PlayerCountMenu
14:21:50.812 [JavaFX Application Thread] DEBUG PrimaryStageWindow   - PlayerCountMenu <- DialogSubScene
14:21:50.819 [JavaFX Application Thread] DEBUG PrimaryStageWindow   - Push state: LoadingScreen
14:21:50.819 [JavaFX Application Thread] DEBUG Input                - Clearing active input actions
14:21:50.820 [JavaFX Application Thread] DEBUG GameApplicationServi - Removing overlay from PlayerCountMenu and adding to LoadingScreen
14:21:50.821 [JavaFX Application Thread] DEBUG PrimaryStageWindow   - PlayerCountMenu -> LoadingScreen
14:21:50.825 [ServerAsyncConnThread    ] DEBUG TCPServer            - Starting to listen at: 55555 type: class com.almasb.fxgl.core.serialization.Bundle
14:22:00.183 [ServerAsyncConnThread    ] DEBUG Endpoint             - TCPServer opening new connection (1) from /127.0.0.1:60142 type: class com.almasb.fxgl.core.serialization.Bundle
14:22:00.188 [ServerAsyncConnThread    ] DEBUG Endpoint             - TCPServer successfully opened connection (1)
14:22:00.193 [JavaFX Application Thread] DEBUG PrimaryStageWindow   - Pop state: LoadingScreen
14:22:00.193 [JavaFX Application Thread] DEBUG Input                - Clearing active input actions
14:22:00.195 [JavaFX Application Thread] DEBUG GameApplicationServi - Removing overlay from LoadingScreen and adding to PlayerCountMenu
14:22:00.199 [JavaFX Application Thread] DEBUG PrimaryStageWindow   - PlayerCountMenu <- LoadingScreen
14:22:00.199 [JavaFX Application Thread] DEBUG PrimaryStageWindow   - Push state: MultiplayerStart
14:22:00.199 [TCPServer_SendThread-1   ] DEBUG Writers              - Getting TCPMessageWriter for class com.almasb.fxgl.core.serialization.Bundle
14:22:00.201 [JavaFX Application Thread] DEBUG Input                - Clearing active input actions
14:22:00.201 [JavaFX Application Thread] DEBUG GameApplicationServi - Removing overlay from PlayerCountMenu and adding to MultiplayerStart
14:22:00.203 [JavaFX Application Thread] DEBUG PrimaryStageWindow   - PlayerCountMenu -> MultiplayerStart
14:22:00.203 [TCPServer_RecvThread-1   ] DEBUG Readers              - Getting TCPMessageReader for class com.almasb.fxgl.core.serialization.Bundle
14:22:00.205 [TCPServer_RecvThread-1   ] DEBUG Readers              - Constructed MessageReader for class com.almasb.fxgl.core.serialization.Bundle: BundleTCPMessageReader
14:22:00.205 [TCPServer_SendThread-1   ] DEBUG Writers              - Constructed TCPMessageWriter for class com.almasb.fxgl.core.serialization.Bundle: BundleTCPMessageWriter
14:22:03.150 [JavaFX Application Thread] DEBUG PrimaryStageWindow   - Pop state: MultiplayerStart
14:22:03.150 [JavaFX Application Thread] DEBUG Input                - Clearing active input actions
14:22:03.152 [JavaFX Application Thread] DEBUG GameApplicationServi - Removing overlay from MultiplayerStart and adding to PlayerCountMenu
14:22:03.153 [JavaFX Application Thread] DEBUG PrimaryStageWindow   - PlayerCountMenu <- MultiplayerStart
14:22:03.153 [JavaFX Application Thread] DEBUG PrimaryStageWindow   - Pop state: PlayerCountMenu
14:22:03.153 [JavaFX Application Thread] DEBUG Input                - Clearing active input actions
14:22:03.154 [JavaFX Application Thread] DEBUG GameApplicationServi - Removing overlay from PlayerCountMenu and adding to GameScene
14:22:03.154 [JavaFX Application Thread] DEBUG PrimaryStageWindow   - GameScene <- PlayerCountMenu
14:22:04.340 [JavaFX Application Thread] DEBUG FXGLAssetLoaderServi - Loading from file system: file:/C:/Users/Cent/Desktop/CSS124L-LE/CSS124L-FinalExam/CSS124L-FINAL-PROJECT/fp/target/classes/assets/textures/Zombies/Basic_Zombie_Walking.gif
14:22:04.351 [JavaFX Application Thread] DEBUG FXGLAssetLoaderServi - Loading from file system: file:/C:/Users/Cent/Desktop/CSS124L-LE/CSS124L-FinalExam/CSS124L-FINAL-PROJECT/fp/target/classes/assets/textures/Zombies/Basic_Zombie_Attack.gif
14:22:05.263 [JavaFX Application Thread] DEBUG Input                - Mocking key press: W
14:22:05.853 [JavaFX Application Thread] DEBUG Input                - Mocking key release: W
14:22:09.043 [JavaFX Application Thread] DEBUG Input                - Mocking button press: LMB at 470.00000000000017, -205.59999991749535
14:22:09.065 [JavaFX Application Thread] DEBUG Input                - Mocking button release: LMB at 470.00000000000017, -205.59999991749535
14:22:09.179 [JavaFX Application Thread] DEBUG Input                - Mocking key press: W
14:22:10.196 [JavaFX Application Thread] DEBUG Input                - Mocking button press: LMB at 470.00000000000017, -205.59999991749535
14:22:10.310 [JavaFX Application Thread] DEBUG Input                - Mocking button release: LMB at 470.00000000000017, -205.59999991749535
14:22:10.812 [JavaFX Application Thread] DEBUG Input                - Mocking button press: LMB at 470.00000000000017, -205.59999991749535
14:22:10.868 [JavaFX Application Thread] DEBUG Input                - Mocking button release: LMB at 470.00000000000017, -205.59999991749535
14:22:11.409 [JavaFX Application Thread] DEBUG Input                - Mocking key release: W
14:22:12.412 [JavaFX Application Thread] DEBUG Input                - Mocking key press: W
14:22:13.285 [JavaFX Application Thread] DEBUG Input                - Mocking button press: LMB at 274.00000000000017, -379.91687931802437
14:22:13.328 [JavaFX Application Thread] DEBUG Input                - Mocking key release: W
14:22:13.396 [JavaFX Application Thread] DEBUG Input                - Mocking button release: LMB at 274.00000000000017, -379.91687931802437
14:22:13.701 [JavaFX Application Thread] DEBUG Input                - Mocking key press: W
14:22:14.031 [JavaFX Application Thread] DEBUG Input                - Mocking button press: LMB at 274.00000000000017, -379.91687931802437
14:22:14.146 [JavaFX Application Thread] DEBUG Input                - Mocking button release: LMB at 274.00000000000017, -379.91687931802437
14:22:14.346 [JavaFX Application Thread] DEBUG Input                - Mocking button press: LMB at 274.00000000000017, -379.91687931802437
14:22:14.426 [JavaFX Application Thread] DEBUG Input                - Mocking button release: LMB at 274.00000000000017, -379.91687931802437
14:22:14.547 [JavaFX Application Thread] DEBUG Input                - Mocking button press: LMB at 274.00000000000017, -379.91687931802437
14:22:14.676 [JavaFX Application Thread] DEBUG Input                - Mocking button release: LMB at 274.00000000000017, -379.91687931802437
14:22:14.729 [JavaFX Application Thread] DEBUG Input                - Mocking key release: W
14:22:14.899 [JavaFX Application Thread] DEBUG Input                - Mocking button press: LMB at 274.00000000000017, -379.91687931802437
14:22:14.947 [JavaFX Application Thread] DEBUG Input                - Mocking key press: W
14:22:15.027 [JavaFX Application Thread] DEBUG Input                - Mocking button release: LMB at 274.00000000000017, -379.91687931802437
14:22:15.164 [JavaFX Application Thread] DEBUG Input                - Mocking button press: LMB at 274.00000000000017, -379.91687931802437
14:22:15.276 [JavaFX Application Thread] DEBUG Input                - Mocking button release: LMB at 274.00000000000017, -379.91687931802437
14:22:15.427 [JavaFX Application Thread] DEBUG Input                - Mocking button press: LMB at 274.00000000000017, -379.91687931802437
14:22:15.512 [JavaFX Application Thread] DEBUG Input                - Mocking button release: LMB at 274.00000000000017, -379.91687931802437
14:22:15.661 [JavaFX Application Thread] DEBUG Input                - Mocking button press: LMB at 274.00000000000017, -379.91687931802437
14:22:15.759 [JavaFX Application Thread] DEBUG Input                - Mocking button release: LMB at 274.00000000000017, -379.91687931802437
14:22:15.910 [JavaFX Application Thread] DEBUG Input                - Mocking button press: LMB at 274.00000000000017, -379.91687931802437
14:22:15.977 [JavaFX Application Thread] DEBUG Input                - Mocking button release: LMB at 274.00000000000017, -379.91687931802437
14:22:16.076 [JavaFX Application Thread] DEBUG Input                - Mocking button press: LMB at 274.00000000000017, -379.91687931802437
14:22:16.177 [JavaFX Application Thread] DEBUG Input                - Mocking button release: LMB at 274.00000000000017, -379.91687931802437
14:22:16.309 [JavaFX Application Thread] DEBUG Input                - Mocking button press: LMB at 274.00000000000017, -379.91687931802437
14:22:16.377 [JavaFX Application Thread] DEBUG Input                - Mocking button release: LMB at 274.00000000000017, -379.91687931802437
14:22:16.542 [JavaFX Application Thread] DEBUG Input                - Mocking button press: LMB at 274.00000000000017, -379.91687931802437
14:22:16.660 [JavaFX Application Thread] DEBUG Input                - Mocking button release: LMB at 274.00000000000017, -379.91687931802437
14:22:16.795 [JavaFX Application Thread] DEBUG Input                - Mocking button press: LMB at 274.00000000000017, -379.91687931802437
14:22:16.894 [JavaFX Application Thread] DEBUG Input                - Mocking button release: LMB at 274.00000000000017, -379.91687931802437
14:22:16.995 [JavaFX Application Thread] DEBUG Input                - Mocking key release: W
14:22:16.997 [JavaFX Application Thread] DEBUG Input                - Mocking button press: LMB at 274.00000000000017, -379.91687931802437
14:22:17.109 [JavaFX Application Thread] DEBUG Input                - Mocking button release: LMB at 274.00000000000017, -379.91687931802437
14:22:17.194 [JavaFX Application Thread] DEBUG Input                - Mocking button press: LMB at 274.00000000000017, -379.91687931802437
14:22:17.280 [JavaFX Application Thread] DEBUG Input                - Mocking button release: LMB at 274.00000000000017, -379.91687931802437
14:22:17.281 [JavaFX Application Thread] DEBUG Input                - Mocking key press: W
14:22:17.897 [JavaFX Application Thread] DEBUG Input                - Mocking key press: D
14:22:17.995 [JavaFX Application Thread] DEBUG Input                - Mocking key release: W
14:22:19.076 [JavaFX Application Thread] DEBUG Input                - Mocking key press: S
14:22:19.178 [JavaFX Application Thread] DEBUG Input                - Mocking key release: S
14:22:20.328 [JavaFX Application Thread] DEBUG Input                - Mocking key press: S
14:22:22.428 [JavaFX Application Thread] DEBUG Input                - Mocking key release: D
14:22:23.111 [JavaFX Application Thread] DEBUG Input                - Mocking key press: D
14:22:23.359 [JavaFX Application Thread] DEBUG Input                - Mocking key release: S
14:22:27.628 [JavaFX Application Thread] DEBUG Input                - Mocking key press: S
14:22:27.962 [JavaFX Application Thread] DEBUG Input                - Mocking key release: D
14:22:30.979 [JavaFX Application Thread] DEBUG Input                - Mocking key press: A
14:22:31.894 [JavaFX Application Thread] DEBUG Input                - Mocking key release: A
14:22:32.491 [JavaFX Application Thread] DEBUG Input                - Mocking key press: A
14:22:33.244 [JavaFX Application Thread] DEBUG Input                - Mocking key release: A
14:22:33.811 [JavaFX Application Thread] DEBUG Input                - Mocking key press: D
14:22:33.961 [JavaFX Application Thread] DEBUG Input                - Mocking key release: S
14:22:34.149 [JavaFX Application Thread] DEBUG Input                - Mocking key press: S
14:22:34.361 [JavaFX Application Thread] DEBUG Input                - Mocking key release: D
14:22:34.628 [JavaFX Application Thread] DEBUG Input                - Mocking key press: A
14:22:34.744 [JavaFX Application Thread] DEBUG Input                - Mocking key release: S
14:22:34.745 [JavaFX Application Thread] DEBUG Input                - Mocking key release: A
14:22:34.861 [JavaFX Application Thread] DEBUG Input                - Mocking key press: W
14:22:35.259 [JavaFX Application Thread] DEBUG Input                - Mocking key release: W
14:22:35.343 [JavaFX Application Thread] DEBUG Input                - Mocking key press: S
14:22:37.444 [JavaFX Application Thread] DEBUG Input                - Mocking key press: A
14:22:38.295 [JavaFX Application Thread] DEBUG Input                - Mocking key release: S
14:22:39.046 [JavaFX Application Thread] DEBUG Input                - Mocking key press: S
14:22:39.547 [JavaFX Application Thread] DEBUG Input                - Mocking key release: S
14:22:40.962 [JavaFX Application Thread] DEBUG Input                - Mocking key press: S
14:22:41.095 [JavaFX Application Thread] DEBUG Input                - Mocking key release: S
14:22:41.283 [JavaFX Application Thread] DEBUG Input                - Mocking key press: S
14:22:41.375 [JavaFX Application Thread] DEBUG Input                - Mocking key release: S
14:22:41.492 [JavaFX Application Thread] DEBUG Input                - Mocking key press: S
14:22:41.562 [JavaFX Application Thread] DEBUG Input                - Mocking key release: S
14:22:41.662 [JavaFX Application Thread] DEBUG Input                - Mocking key press: S
14:22:41.727 [JavaFX Application Thread] DEBUG Input                - Mocking key release: S
14:22:41.829 [JavaFX Application Thread] DEBUG Input                - Mocking key press: S
14:22:41.911 [JavaFX Application Thread] DEBUG Input                - Mocking key release: S
14:22:41.946 [JavaFX Application Thread] DEBUG Input                - Mocking key press: S
14:22:42.060 [JavaFX Application Thread] DEBUG Input                - Mocking key release: S
14:22:42.109 [JavaFX Application Thread] DEBUG Input                - Mocking key press: S
14:22:42.194 [JavaFX Application Thread] DEBUG Input                - Mocking key release: S
14:22:42.330 [JavaFX Application Thread] DEBUG Input                - Mocking key press: S
14:22:42.412 [JavaFX Application Thread] DEBUG Input                - Mocking key release: S
14:22:42.530 [JavaFX Application Thread] DEBUG Input                - Mocking key press: S
14:22:42.612 [JavaFX Application Thread] DEBUG Input                - Mocking key release: S
14:22:42.729 [JavaFX Application Thread] DEBUG Input                - Mocking key press: S
14:22:42.796 [JavaFX Application Thread] DEBUG Input                - Mocking key release: S
14:22:42.976 [JavaFX Application Thread] DEBUG Input                - Mocking key press: S
14:22:42.993 [JavaFX Application Thread] DEBUG Input                - Mocking key release: S
14:22:43.544 [JavaFX Application Thread] DEBUG Input                - Mocking key press: W
14:22:44.276 [JavaFX Application Thread] DEBUG Input                - Mocking key release: A
14:22:44.543 [JavaFX Application Thread] DEBUG Input                - Mocking key press: D
14:22:44.780 [JavaFX Application Thread] DEBUG Input                - Mocking key release: D
14:22:44.878 [JavaFX Application Thread] DEBUG Input                - Mocking key press: A
14:22:45.194 [JavaFX Application Thread] DEBUG Input                - Mocking key release: A
14:22:45.243 [JavaFX Application Thread] DEBUG Input                - Mocking key press: D
14:22:45.326 [JavaFX Application Thread] DEBUG Input                - Mocking key release: D
14:22:45.362 [JavaFX Application Thread] DEBUG Input                - Mocking key press: A
14:22:45.745 [JavaFX Application Thread] DEBUG Input                - Mocking key press: D
14:22:45.746 [JavaFX Application Thread] DEBUG Input                - Mocking key release: A
14:22:45.860 [JavaFX Application Thread] DEBUG Input                - Mocking key release: D
14:22:45.893 [JavaFX Application Thread] DEBUG Input                - Mocking key press: A
14:22:46.129 [JavaFX Application Thread] DEBUG Input                - Mocking key release: A
14:22:46.147 [JavaFX Application Thread] DEBUG Input                - Mocking key press: D
14:22:46.277 [JavaFX Application Thread] DEBUG Input                - Mocking key release: D
14:22:46.277 [JavaFX Application Thread] DEBUG Input                - Mocking key press: A
14:22:46.547 [JavaFX Application Thread] DEBUG Input                - Mocking key release: A
14:22:46.578 [JavaFX Application Thread] DEBUG Input                - Mocking key press: D
14:22:46.676 [JavaFX Application Thread] DEBUG Input                - Mocking key release: D
14:22:46.711 [JavaFX Application Thread] DEBUG Input                - Mocking key press: A
14:22:46.943 [JavaFX Application Thread] DEBUG Input                - Mocking key release: A
14:22:46.978 [JavaFX Application Thread] DEBUG Input                - Mocking key press: D
14:22:47.110 [JavaFX Application Thread] DEBUG Input                - Mocking key release: D
14:22:47.146 [JavaFX Application Thread] DEBUG Input                - Mocking key press: A
14:22:47.331 [JavaFX Application Thread] DEBUG Input                - Mocking key press: D
14:22:47.343 [JavaFX Application Thread] DEBUG Input                - Mocking key release: A
14:22:47.477 [JavaFX Application Thread] DEBUG Input                - Mocking key release: D
14:22:47.495 [JavaFX Application Thread] DEBUG Input                - Mocking key press: A
14:22:47.645 [JavaFX Application Thread] DEBUG Input                - Mocking key press: D
14:22:47.646 [JavaFX Application Thread] DEBUG Input                - Mocking key release: A
14:22:47.777 [JavaFX Application Thread] DEBUG Input                - Mocking key release: D
14:22:47.777 [JavaFX Application Thread] DEBUG Input                - Mocking key press: A
14:22:47.910 [JavaFX Application Thread] DEBUG Input                - Mocking key press: D
14:22:47.928 [JavaFX Application Thread] DEBUG Input                - Mocking key release: A
14:22:48.011 [JavaFX Application Thread] DEBUG Input                - Mocking key release: D
14:22:48.028 [JavaFX Application Thread] DEBUG Input                - Mocking key press: A
14:22:48.127 [JavaFX Application Thread] DEBUG Input                - Mocking key press: D
14:22:48.144 [JavaFX Application Thread] DEBUG Input                - Mocking key release: A
14:22:48.411 [JavaFX Application Thread] DEBUG Input                - Mocking key release: D
14:22:48.527 [JavaFX Application Thread] DEBUG Input                - Mocking key press: A
14:22:48.844 [JavaFX Application Thread] DEBUG Input                - Mocking key release: A
14:22:49.346 [JavaFX Application Thread] DEBUG Input                - Mocking key press: E
14:22:49.460 [JavaFX Application Thread] DEBUG Input                - Mocking key release: E
14:22:50.926 [JavaFX Application Thread] DEBUG Input                - Mocking key press: A
14:22:52.694 [JavaFX Application Thread] DEBUG Input                - Mocking key release: A
14:22:53.077 [JavaFX Application Thread] DEBUG Input                - Mocking key press: D
14:22:53.243 [JavaFX Application Thread] DEBUG Input                - Mocking key release: D
14:22:53.261 [JavaFX Application Thread] DEBUG Input                - Mocking key press: A
14:22:53.376 [JavaFX Application Thread] DEBUG Input                - Mocking key press: D
14:22:53.395 [JavaFX Application Thread] DEBUG Input                - Mocking key release: A
14:22:53.509 [JavaFX Application Thread] DEBUG Input                - Mocking key release: D
14:22:53.514 [JavaFX Application Thread] DEBUG Input                - Mocking key press: A
14:22:53.611 [JavaFX Application Thread] DEBUG Input                - Mocking key press: D
14:22:53.646 [JavaFX Application Thread] DEBUG Input                - Mocking key release: A
14:22:53.717 [JavaFX Application Thread] DEBUG Input                - Mocking key release: D
14:22:53.744 [JavaFX Application Thread] DEBUG Input                - Mocking key press: A
14:22:53.876 [JavaFX Application Thread] DEBUG Input                - Mocking key press: D
14:22:53.892 [JavaFX Application Thread] DEBUG Input                - Mocking key release: A
14:22:54.027 [JavaFX Application Thread] DEBUG Input                - Mocking key release: D
14:22:54.028 [JavaFX Application Thread] DEBUG Input                - Mocking key press: A
14:22:54.193 [JavaFX Application Thread] DEBUG Input                - Mocking key release: A
14:22:54.194 [JavaFX Application Thread] DEBUG Input                - Mocking key press: D
14:22:54.347 [JavaFX Application Thread] DEBUG Input                - Mocking key release: D
14:22:54.395 [JavaFX Application Thread] DEBUG Input                - Mocking key press: A
14:22:54.543 [JavaFX Application Thread] DEBUG Input                - Mocking key release: A
14:22:54.610 [JavaFX Application Thread] DEBUG Input                - Mocking key press: D
14:22:54.729 [JavaFX Application Thread] DEBUG Input                - Mocking key release: D
14:22:54.764 [JavaFX Application Thread] DEBUG Input                - Mocking key press: A
14:22:54.894 [JavaFX Application Thread] DEBUG Input                - Mocking key release: A
14:22:54.911 [JavaFX Application Thread] DEBUG Input                - Mocking key press: D
14:22:55.059 [JavaFX Application Thread] DEBUG Input                - Mocking key release: D
14:22:55.077 [JavaFX Application Thread] DEBUG Input                - Mocking key press: A
14:22:55.244 [JavaFX Application Thread] DEBUG Input                - Mocking key release: A
14:22:55.277 [JavaFX Application Thread] DEBUG Input                - Mocking key press: D
14:22:55.428 [JavaFX Application Thread] DEBUG Input                - Mocking key release: D
14:22:55.444 [JavaFX Application Thread] DEBUG Input                - Mocking key press: A
14:22:55.593 [JavaFX Application Thread] DEBUG Input                - Mocking key release: A
14:22:55.628 [JavaFX Application Thread] DEBUG Input                - Mocking key press: D
14:22:55.776 [JavaFX Application Thread] DEBUG Input                - Mocking key release: D
14:22:55.796 [JavaFX Application Thread] DEBUG Input                - Mocking key press: A
14:22:55.910 [JavaFX Application Thread] DEBUG Input                - Mocking key release: A
14:22:55.962 [JavaFX Application Thread] DEBUG Input                - Mocking key press: D
14:22:56.109 [JavaFX Application Thread] DEBUG Input                - Mocking key release: D
14:22:56.245 [JavaFX Application Thread] DEBUG Input                - Mocking key press: D
14:22:56.277 [JavaFX Application Thread] DEBUG Input                - Mocking key release: W
14:22:56.395 [JavaFX Application Thread] DEBUG Input                - Mocking key release: D
14:22:56.396 [JavaFX Application Thread] DEBUG Input                - Mocking key press: W
14:22:57.011 [JavaFX Application Thread] DEBUG Input                - Mocking key press: A
14:22:57.692 [JavaFX Application Thread] DEBUG Input                - Mocking key release: A
14:22:59.026 [JavaFX Application Thread] DEBUG Input                - Mocking key press: A
14:22:59.476 [JavaFX Application Thread] DEBUG Input                - Mocking key release: A
14:22:59.561 [JavaFX Application Thread] DEBUG Input                - Mocking key press: D
14:22:59.644 [JavaFX Application Thread] DEBUG Input                - Mocking key release: W
14:22:59.794 [JavaFX Application Thread] DEBUG Input                - Mocking key press: S
14:22:59.866 [JavaFX Application Thread] DEBUG Input                - Mocking key release: D
14:23:00.477 [JavaFX Application Thread] DEBUG Input                - Mocking key press: A
14:23:00.545 [JavaFX Application Thread] DEBUG Input                - Mocking key release: S
14:23:04.411 [JavaFX Application Thread] DEBUG Input                - Mocking button press: LMB at 274.00000000000017, -379.91687931802437
14:23:04.494 [JavaFX Application Thread] DEBUG Input                - Mocking button release: LMB at 274.00000000000017, -379.91687931802437
14:23:04.596 [JavaFX Application Thread] DEBUG Input                - Mocking button press: LMB at 274.00000000000017, -379.91687931802437
14:23:04.677 [JavaFX Application Thread] DEBUG Input                - Mocking button release: LMB at 274.00000000000017, -379.91687931802437
14:23:04.812 [JavaFX Application Thread] DEBUG Input                - Mocking button press: LMB at 274.00000000000017, -379.91687931802437
14:23:04.877 [JavaFX Application Thread] DEBUG Input                - Mocking button release: LMB at 274.00000000000017, -379.91687931802437
14:23:04.980 [JavaFX Application Thread] DEBUG Input                - Mocking button press: LMB at 274.00000000000017, -379.91687931802437
14:23:05.094 [JavaFX Application Thread] DEBUG Input                - Mocking button release: LMB at 274.00000000000017, -379.91687931802437
14:23:05.179 [JavaFX Application Thread] DEBUG Input                - Mocking button press: LMB at 274.00000000000017, -379.91687931802437
14:23:05.280 [JavaFX Application Thread] DEBUG Input                - Mocking button release: LMB at 274.00000000000017, -379.91687931802437
14:23:05.377 [JavaFX Application Thread] DEBUG Input                - Mocking button press: LMB at 274.00000000000017, -379.91687931802437
14:23:05.495 [JavaFX Application Thread] DEBUG Input                - Mocking button release: LMB at 274.00000000000017, -379.91687931802437
14:23:05.579 [JavaFX Application Thread] DEBUG Input                - Mocking button press: LMB at 274.00000000000017, -379.91687931802437
14:23:05.677 [JavaFX Application Thread] DEBUG Input                - Mocking button release: LMB at 274.00000000000017, -379.91687931802437
14:23:05.796 [JavaFX Application Thread] DEBUG Input                - Mocking button press: LMB at 274.00000000000017, -379.91687931802437
14:23:05.894 [JavaFX Application Thread] DEBUG Input                - Mocking button release: LMB at 274.00000000000017, -379.91687931802437
14:23:05.981 [JavaFX Application Thread] DEBUG Input                - Mocking button press: LMB at 274.00000000000017, -379.91687931802437
14:23:06.065 [JavaFX Application Thread] DEBUG Input                - Mocking button release: LMB at 274.00000000000017, -379.91687931802437
14:23:06.193 [JavaFX Application Thread] DEBUG Input                - Mocking button press: LMB at 274.00000000000017, -379.91687931802437
14:23:06.276 [JavaFX Application Thread] DEBUG Input                - Mocking button release: LMB at 274.00000000000017, -379.91687931802437
14:23:06.382 [JavaFX Application Thread] DEBUG Input                - Mocking button press: LMB at 274.00000000000017, -379.91687931802437
14:23:06.461 [JavaFX Application Thread] DEBUG Input                - Mocking button release: LMB at 274.00000000000017, -379.91687931802437
14:23:06.559 [JavaFX Application Thread] DEBUG Input                - Mocking button press: LMB at 274.00000000000017, -379.91687931802437
14:23:06.627 [JavaFX Application Thread] DEBUG Input                - Mocking button release: LMB at 274.00000000000017, -379.91687931802437
14:23:06.711 [JavaFX Application Thread] DEBUG Input                - Mocking button press: LMB at 274.00000000000017, -379.91687931802437
14:23:06.828 [JavaFX Application Thread] DEBUG Input                - Mocking button release: LMB at 274.00000000000017, -379.91687931802437
14:23:06.910 [JavaFX Application Thread] DEBUG Input                - Mocking button press: LMB at 274.00000000000017, -379.91687931802437
14:23:07.043 [JavaFX Application Thread] DEBUG Input                - Mocking button release: LMB at 274.00000000000017, -379.91687931802437
14:23:07.128 [JavaFX Application Thread] DEBUG Input                - Mocking button press: LMB at 274.00000000000017, -379.91687931802437
14:23:07.245 [JavaFX Application Thread] DEBUG Input                - Mocking button release: LMB at 274.00000000000017, -379.91687931802437
14:24:21.506 [JavaFX Application Thread] DEBUG FXGLApplication      - Exiting FXGL
14:24:21.506 [JavaFX Application Thread] DEBUG LoopRunner           - Stopping loop
14:24:21.506 [JavaFX Application Thread] DEBUG SystemBundleService  - Saving FXGL system data
14:24:21.519 [JavaFX Application Thread] DEBUG FileSystemAccess     - Writing to: c:\Users\Cent\Desktop\CSS124L-LE\CSS124L-FinalExam\CSS124L-FINAL-PROJECT\system\fxgl.bundle
14:24:21.519 [JavaFX Application Thread] DEBUG Async                - Shutting down background threads
14:24:21.519 [JavaFX Application Thread] DEBUG PrimaryStageWindow   - Closing main window
14:24:21.540 [JavaFX Application Thread] DEBUG Logger               - Closing Logger
