02:06:21.341 [main                     ] DEBUG Logger               - Configured Logger
02:06:21.357 [main                     ] DEBUG GameApplication      - Logging settings
Title: Flatline: Oregon
Version: Alpha 0.3
Width: 800
Height: 600
Fullscreen: false
Intro: false
Profiling: false
Single step:false
App Mode: DEVELOPER
Menu Key: ESCAPE
Stage Style: DECORATED
Scene Factory: class com.groupfour.mygame.App$1

02:06:21.635 [JavaFX Application Thread] DEBUG FXGLApplication      - Initializing FXGL
02:06:21.636 [JavaFX Application Thread] INFO  Engine               - FXGL-dev-SNAPSHOT (28.07.2021 16.39) on WINDOWS (J:11.0.22 FX:16)
02:06:21.638 [JavaFX Application Thread] DEBUG Engine               - JRE Vendor Name: Oracle Corporation
02:06:21.638 [JavaFX Application Thread] DEBUG Engine               - Running on OS: Windows 11 version 10.0
02:06:21.638 [JavaFX Application Thread] DEBUG Engine               - Architecture: amd64
02:06:21.638 [JavaFX Application Thread] INFO  Engine               - Source code and latest versions at: https://github.com/AlmasB/FXGL
02:06:21.639 [JavaFX Application Thread] INFO  Engine               -              Join the FXGL chat at: https://gitter.im/AlmasB/FXGL
02:06:21.693 [JavaFX Application Thread] DEBUG PrimaryStageWindow   - Creating a JavaFX scene
02:06:21.728 [JavaFX Application Thread] DEBUG PrimaryStageWindow   - Target settings size: 800.0 x 600.0
02:06:21.728 [JavaFX Application Thread] DEBUG PrimaryStageWindow   - Scaled scene size:    800.0 x 600.0
02:06:21.728 [JavaFX Application Thread] DEBUG PrimaryStageWindow   - Scaled ratio: (1.0, 1.0)
02:06:21.729 [JavaFX Application Thread] DEBUG PrimaryStageWindow   - Set initial scene to FXGLStartupScene
02:06:21.733 [JavaFX Application Thread] DEBUG PrimaryStageWindow   - Opening main window
02:06:21.797 [JavaFX Application Thread] DEBUG PrimaryStageWindow   - Window border size: (14.4000244140625, 37.5999755859375)
02:06:21.797 [JavaFX Application Thread] DEBUG PrimaryStageWindow   - Scaled size: 800.0 x 600.0
02:06:21.797 [JavaFX Application Thread] DEBUG PrimaryStageWindow   - Scaled ratio: (1.0, 1.0)
02:06:21.797 [JavaFX Application Thread] DEBUG PrimaryStageWindow   - Scene size: 800.0 x 600.0
02:06:21.797 [JavaFX Application Thread] DEBUG PrimaryStageWindow   - Stage size: 814.4000244140625 x 637.5999755859375
02:06:21.801 [FXGL Background Thread 1 ] DEBUG Engine               - Initializing environment variables
02:06:21.832 [FXGL Background Thread 1 ] DEBUG FXGLAssetLoaderServi - User app class for loading assets: class com.groupfour.mygame.App
02:06:21.832 [FXGL Background Thread 1 ] DEBUG GameApplicationServi - Applying CSS: fxgl_dark.css
02:06:21.833 [FXGL Background Thread 1 ] DEBUG FXGLAssetLoaderServi - Loading from file system: jar:file:///C:/Users/acer/.m2/repository/com/github/almasb/fxgl/dev-SNAPSHOT/fxgl-dev-SNAPSHOT.jar!/fxglassets/ui/css/fxgl_dark.css
02:06:21.868 [FXGL Background Thread 1 ] DEBUG GameApplicationServi - Initializing application scenes
02:06:21.894 [FXGL Background Thread 1 ] DEBUG GameWorld            - Game world initialized
02:06:21.931 [FXGL Background Thread 1 ] DEBUG PhysicsWorld         - Physics world initialized: appHeight=600, physics.ppm=50.0
02:06:21.931 [FXGL Background Thread 1 ] DEBUG PhysicsWorld         - Using strategy: BRUTE_FORCE
02:06:21.933 [FXGL Background Thread 1 ] DEBUG GameScene            - Game scene initialized: 800x600
02:06:21.944 [FXGL Background Thread 1 ] DEBUG FXGL.DefaultMenu     - createMenuBodyMainMenu()
02:06:21.955 [FXGL Background Thread 1 ] DEBUG FXGL.DefaultMenu     - createOptionsMenu()
02:06:21.962 [FXGL Background Thread 1 ] DEBUG FXGLAssetLoaderServi - Loading from file system: jar:file:///C:/Users/acer/.m2/repository/com/github/almasb/fxgl/dev-SNAPSHOT/fxgl-dev-SNAPSHOT.jar!/fxglassets/textures/particles/smoke.png
02:06:22.030 [FXGL Background Thread 1 ] DEBUG FXGLAssetLoaderServi - Loading from file system: jar:file:///C:/Users/acer/.m2/repository/com/github/almasb/fxgl/dev-SNAPSHOT/fxgl-dev-SNAPSHOT.jar!/fxglassets/textures/particles/trace_horizontal.png
02:06:22.050 [FXGL Background Thread 1 ] DEBUG GameApplicationServi - Application scenes initialized
02:06:22.057 [FXGL Background Thread 1 ] DEBUG SystemBundleService  - Loading FXGL system data
02:06:22.062 [FXGL Background Thread 1 ] DEBUG FileSystemAccess     - Reading from: C:\Users\acer\OneDrive\Desktop\git pull\CSS124L-FINAL-PROJECT\system\fxgl.bundle
02:06:22.065 [FXGL Background Thread 1 ] DEBUG SystemBundleService  - Bundle FXGL: {}
02:06:22.065 [FXGL Background Thread 1 ] DEBUG UpdaterService       - Checking for updates
02:06:22.083 [FXGL Background Thread 4 ] DEBUG FXGLApplication      - Loading fonts
02:06:22.084 [FXGL Background Thread 1 ] DEBUG FXGLApplication      - Loading default localization
02:06:22.084 [FXGL Background Thread 1 ] DEBUG FXGLAssetLoaderServi - Loading from file system: jar:file:///C:/Users/acer/.m2/repository/com/github/almasb/fxgl/dev-SNAPSHOT/fxgl-dev-SNAPSHOT.jar!/fxglassets/languages/english.lang
02:06:22.084 [FXGL Background Thread 4 ] DEBUG FXGLAssetLoaderServi - Loading from file system: jar:file:///C:/Users/acer/.m2/repository/com/github/almasb/fxgl/dev-SNAPSHOT/fxgl-dev-SNAPSHOT.jar!/fxglassets/ui/fonts/VarelaRound-Regular.ttf
02:06:22.095 [FXGL Background Thread 1 ] INFO  FXGLApplication      - FXGL initialization took: 0.294 sec
02:06:22.103 [JavaFX Application Thread] DEBUG Input                - Registered new binding: Move Upwards - W
02:06:22.104 [JavaFX Application Thread] DEBUG Input                - Registered new binding: Move Down - S
02:06:22.104 [JavaFX Application Thread] DEBUG Input                - Registered new binding: Move Left - A
02:06:22.104 [JavaFX Application Thread] DEBUG Input                - Registered new binding: Move Right - D
02:06:22.104 [JavaFX Application Thread] DEBUG Input                - Registered new binding: Reload - R
02:06:22.105 [JavaFX Application Thread] DEBUG Input                - Registered new binding: Shoot - LMB
02:06:22.105 [JavaFX Application Thread] DEBUG Input                - Registered new binding: Switch Weapons - Q
02:06:22.105 [JavaFX Application Thread] DEBUG Input                - Registered new binding: Interact - F
02:06:22.106 [JavaFX Application Thread] DEBUG FXGLAssetLoaderServi - Loading from file system: jar:file:///C:/Users/acer/.m2/repository/com/github/almasb/fxgl/dev-SNAPSHOT/fxgl-dev-SNAPSHOT.jar!/fxglassets/textures/fxgl_icon.png
02:06:22.125 [JavaFX Application Thread] DEBUG FXGLAssetLoaderServi - Loading from file system: jar:file:///C:/Users/acer/.m2/repository/com/github/almasb/fxgl/dev-SNAPSHOT/fxgl-dev-SNAPSHOT.jar!/fxglassets/textures/fxgl_default_cursor.png
02:06:22.128 [JavaFX Application Thread] DEBUG Input                - Registered new binding: Screenshot - CTRL+8
02:06:22.128 [JavaFX Application Thread] DEBUG Input                - Registered new binding: Dev Options - 1
02:06:22.129 [JavaFX Application Thread] DEBUG Input                - Registered new binding: Dev Console - 2
02:06:22.129 [JavaFX Application Thread] DEBUG Input                - Registered new binding: System info dump - CTRL+9
02:06:22.130 [JavaFX Application Thread] DEBUG Input                - Registered new binding: Restart - CTRL+R
02:06:22.130 [JavaFX Application Thread] DEBUG Input                - Registered new binding: Toggle Debug Camera - CTRL+C
02:06:22.133 [JavaFX Application Thread] DEBUG LoopRunner           - Starting loop
02:06:22.143 [JavaFX Application Thread] DEBUG LoopRunner           - Initializing JavaFX AnimationTimerLoop
02:06:22.147 [JavaFX Application Thread] DEBUG Input                - Clearing active input actions
02:06:22.153 [JavaFX Application Thread] DEBUG GameApplicationServi - Removing overlay from FXGLStartupScene and adding to FXGLMainMenuDummyScene
02:06:22.157 [JavaFX Application Thread] DEBUG PrimaryStageWindow   - FXGLStartupScene -> FXGLMainMenuDummyScene
02:06:22.158 [JavaFX Application Thread] DEBUG PrimaryStageWindow   - Push state: FXGLDefaultMenu
02:06:22.160 [JavaFX Application Thread] DEBUG Input                - Clearing active input actions
02:06:22.165 [JavaFX Application Thread] DEBUG GameApplicationServi - Removing overlay from FXGLMainMenuDummyScene and adding to FXGLDefaultMenu
02:06:22.165 [JavaFX Application Thread] DEBUG PrimaryStageWindow   - FXGLMainMenuDummyScene -> FXGLDefaultMenu
02:06:22.428 [FXGL Background Thread 4 ] DEBUG FXGLAssetLoaderServi - Loading from file system: jar:file:///C:/Users/acer/.m2/repository/com/github/almasb/fxgl/dev-SNAPSHOT/fxgl-dev-SNAPSHOT.jar!/fxglassets/ui/fonts/Abel-Regular.ttf
02:06:22.433 [FXGL Background Thread 4 ] DEBUG FXGLAssetLoaderServi - Loading from file system: jar:file:///C:/Users/acer/.m2/repository/com/github/almasb/fxgl/dev-SNAPSHOT/fxgl-dev-SNAPSHOT.jar!/fxglassets/ui/fonts/lucida_console.ttf
02:06:22.439 [FXGL Background Thread 4 ] DEBUG FXGLAssetLoaderServi - Loading from file system: jar:file:///C:/Users/acer/.m2/repository/com/github/almasb/fxgl/dev-SNAPSHOT/fxgl-dev-SNAPSHOT.jar!/fxglassets/ui/fonts/Courier-Prime.ttf
02:06:22.446 [JavaFX Application Thread] DEBUG FXGLApplication      - Registering font factories with UI factory
02:06:22.656 [FXGL Background Thread 2 ] INFO  UpdaterService       - Your current version:  dev-SNAPSHOT
02:06:22.657 [FXGL Background Thread 2 ] INFO  UpdaterService       - Latest stable version: 21.1
02:06:22.853 [JavaFX Application Thread] DEBUG Menu                 - fireNewGame()
02:06:22.853 [JavaFX Application Thread] DEBUG GameApplicationServi - Starting new game
02:06:22.854 [JavaFX Application Thread] DEBUG PrimaryStageWindow   - Pop state: FXGLDefaultMenu
02:06:22.854 [JavaFX Application Thread] DEBUG Input                - Clearing active input actions
02:06:22.855 [JavaFX Application Thread] DEBUG GameApplicationServi - Removing overlay from FXGLDefaultMenu and adding to FXGLMainMenuDummyScene
02:06:22.856 [JavaFX Application Thread] DEBUG PrimaryStageWindow   - FXGLMainMenuDummyScene <- FXGLDefaultMenu
02:06:22.856 [JavaFX Application Thread] DEBUG Input                - Clearing active input actions
02:06:22.862 [JavaFX Application Thread] DEBUG GameApplicationServi - Removing overlay from FXGLMainMenuDummyScene and adding to FXGLLoadingScene
02:06:22.862 [JavaFX Application Thread] DEBUG PrimaryStageWindow   - FXGLMainMenuDummyScene -> FXGLLoadingScene
02:06:22.863 [JavaFX Application Thread] DEBUG GameApplicationServi - Clearing previous game
02:06:22.863 [JavaFX Application Thread] DEBUG GameScene            - Clearing game scene
02:06:22.863 [JavaFX Application Thread] DEBUG GameWorld            - Clearing game world
02:06:22.863 [JavaFX Application Thread] DEBUG PhysicsWorld         - Clearing physics world
02:06:22.864 [FXGL Background Thread 2 ] DEBUG FXGLApplication      - Initializing game
02:06:22.886 [FXGL Background Thread 2 ] DEBUG FXGLAssetLoaderServi - Loading from file system: file:/C:/Users/acer/OneDrive/Desktop/git%20pull/CSS124L-FINAL-PROJECT/fp/target/classes/assets/textures/Players/1P_Shoot.png
02:06:22.891 [FXGL Background Thread 2 ] WARN  Entity               - Entity already has component: com.groupfour.Components.AnimationComponent
02:06:22.893 [FXGL Background Thread 2 ] WARN  GameWorld            - Entity is already attached to world
02:06:22.910 [FXGL Background Thread 2 ] INFO  FXGLApplication      - Game initialization took: 0.047 sec
02:06:22.915 [JavaFX Application Thread] DEBUG Input                - Clearing active input actions
02:06:22.922 [JavaFX Application Thread] DEBUG GameApplicationServi - Removing overlay from FXGLLoadingScene and adding to GameScene
02:06:22.924 [JavaFX Application Thread] DEBUG PrimaryStageWindow   - FXGLLoadingScene -> GameScene
02:06:22.929 [JavaFX Application Thread] DEBUG PrimaryStageWindow   - Push state: PlayerCountMenu
02:06:22.929 [JavaFX Application Thread] DEBUG Input                - Clearing active input actions
02:06:22.929 [JavaFX Application Thread] DEBUG GameApplicationServi - Removing overlay from GameScene and adding to PlayerCountMenu
02:06:22.930 [JavaFX Application Thread] DEBUG PrimaryStageWindow   - GameScene -> PlayerCountMenu
02:06:23.433 [JavaFX Application Thread] DEBUG PrimaryStageWindow   - Pop state: PlayerCountMenu
02:06:23.433 [JavaFX Application Thread] DEBUG Input                - Clearing active input actions
02:06:23.433 [JavaFX Application Thread] DEBUG GameApplicationServi - Removing overlay from PlayerCountMenu and adding to GameScene
02:06:23.434 [JavaFX Application Thread] DEBUG PrimaryStageWindow   - GameScene <- PlayerCountMenu
02:06:25.083 [FXGL Background Thread 3 ] DEBUG Engine               - Logging environment variables
02:06:25.084 [FXGL Background Thread 3 ] DEBUG Engine               - achievements: []
02:06:25.084 [FXGL Background Thread 3 ] DEBUG Engine               - actualHeight: 600.0
02:06:25.084 [FXGL Background Thread 3 ] DEBUG Engine               - actualHeightProperty: ReadOnlyDoubleProperty [value: 600.0]
02:06:25.084 [FXGL Background Thread 3 ] DEBUG Engine               - actualWidth: 800.0
02:06:25.084 [FXGL Background Thread 3 ] DEBUG Engine               - actualWidthProperty: ReadOnlyDoubleProperty [value: 800.0]
02:06:25.084 [FXGL Background Thread 3 ] DEBUG Engine               - appIcon: fxgl_icon.png
02:06:25.084 [FXGL Background Thread 3 ] DEBUG Engine               - applicationMode: DEVELOPER
02:06:25.084 [FXGL Background Thread 3 ] DEBUG Engine               - cSSList: [fxgl_dark.css]
02:06:25.084 [FXGL Background Thread 3 ] DEBUG Engine               - collisionDetectionStrategy: BRUTE_FORCE
02:06:25.084 [FXGL Background Thread 3 ] DEBUG Engine               - configClass: Optional.empty
02:06:25.084 [FXGL Background Thread 3 ] DEBUG Engine               - credits: []
02:06:25.084 [FXGL Background Thread 3 ] DEBUG Engine               - defaultCursor: CursorInfo(imageName=fxgl_default_cursor.png, hotspotX=7.0, hotspotY=6.0)
02:06:25.084 [FXGL Background Thread 3 ] DEBUG Engine               - devBBoxColorProperty: ObjectProperty [value: 0xff0000ff]
02:06:25.084 [FXGL Background Thread 3 ] DEBUG Engine               - devEnableDebugCameraProperty: BooleanProperty [value: false]
02:06:25.084 [FXGL Background Thread 3 ] DEBUG Engine               - devSensorColorProperty: ObjectProperty [value: 0xffff00ff]
02:06:25.084 [FXGL Background Thread 3 ] DEBUG Engine               - devShowBBoxProperty: BooleanProperty [value: false]
02:06:25.084 [FXGL Background Thread 3 ] DEBUG Engine               - devShowPositionProperty: BooleanProperty [value: false]
02:06:25.084 [FXGL Background Thread 3 ] DEBUG Engine               - enabledMenuItems: []
02:06:25.085 [FXGL Background Thread 3 ] DEBUG Engine               - engineServices: [class com.almasb.fxgl.app.services.FXGLAssetLoaderService, class com.almasb.fxgl.app.FXGLApplication$GameApplicationService, class com.almasb.fxgl.app.services.FXGLDialogService, class com.almasb.fxgl.app.services.IOTaskExecutorService, class com.almasb.fxgl.io.FileSystemService, class com.almasb.fxgl.localization.LocalizationService, class com.almasb.fxgl.app.services.SystemBundleService, class com.almasb.fxgl.profile.SaveLoadService, class com.almasb.fxgl.ui.FXGLUIFactoryServiceProvider, class com.almasb.fxgl.ui.FXGLDialogFactoryServiceProvider, class com.almasb.fxgl.audio.AudioPlayer, class com.almasb.fxgl.notification.impl.NotificationServiceProvider, class com.almasb.fxgl.achievement.AchievementService, class com.almasb.fxgl.cutscene.CutsceneService, class com.almasb.fxgl.minigames.MiniGameService, class com.almasb.fxgl.net.NetService, class com.almasb.fxgl.app.services.UpdaterService, class com.almasb.fxgl.dev.DevService, class com.almasb.fxgl.multiplayer.MultiplayerService]
02:06:25.085 [FXGL Background Thread 3 ] DEBUG Engine               - fontGame: Abel-Regular.ttf
02:06:25.085 [FXGL Background Thread 3 ] DEBUG Engine               - fontMono: lucida_console.ttf
02:06:25.085 [FXGL Background Thread 3 ] DEBUG Engine               - fontText: Courier-Prime.ttf
02:06:25.085 [FXGL Background Thread 3 ] DEBUG Engine               - fontUI: VarelaRound-Regular.ttf
02:06:25.085 [FXGL Background Thread 3 ] DEBUG Engine               - fullScreen: BooleanProperty [value: false]
02:06:25.085 [FXGL Background Thread 3 ] DEBUG Engine               - gameDifficulty: MEDIUM
02:06:25.085 [FXGL Background Thread 3 ] DEBUG Engine               - gameDifficultyProperty: ObjectProperty [value: MEDIUM]
02:06:25.085 [FXGL Background Thread 3 ] DEBUG Engine               - globalMusicVolume: 0.5
02:06:25.085 [FXGL Background Thread 3 ] DEBUG Engine               - globalMusicVolumeProperty: DoubleProperty [value: 0.5]
02:06:25.085 [FXGL Background Thread 3 ] DEBUG Engine               - globalSoundVolume: 0.5
02:06:25.085 [FXGL Background Thread 3 ] DEBUG Engine               - globalSoundVolumeProperty: DoubleProperty [value: 0.5]
02:06:25.085 [FXGL Background Thread 3 ] DEBUG Engine               - height: 600
02:06:25.085 [FXGL Background Thread 3 ] DEBUG Engine               - is3D: false
02:06:25.085 [FXGL Background Thread 3 ] DEBUG Engine               - isAndroid: false
02:06:25.085 [FXGL Background Thread 3 ] DEBUG Engine               - isBrowser: false
02:06:25.085 [FXGL Background Thread 3 ] DEBUG Engine               - isClickFeedbackEnabled: false
02:06:25.085 [FXGL Background Thread 3 ] DEBUG Engine               - isCloseConfirmation: false
02:06:25.085 [FXGL Background Thread 3 ] DEBUG Engine               - isDesktop: true
02:06:25.085 [FXGL Background Thread 3 ] DEBUG Engine               - isDeveloperMenuEnabled: true
02:06:25.085 [FXGL Background Thread 3 ] DEBUG Engine               - isEmbedded: false
02:06:25.085 [FXGL Background Thread 3 ] DEBUG Engine               - isEntityPreloadEnabled: true
02:06:25.085 [FXGL Background Thread 3 ] DEBUG Engine               - isExperimentalTiledLargeMap: false
02:06:25.085 [FXGL Background Thread 3 ] DEBUG Engine               - isFileSystemWriteAllowed: true
02:06:25.085 [FXGL Background Thread 3 ] DEBUG Engine               - isFullScreenAllowed: false
02:06:25.085 [FXGL Background Thread 3 ] DEBUG Engine               - isFullScreenFromStart: false
02:06:25.085 [FXGL Background Thread 3 ] DEBUG Engine               - isGameMenuEnabled: true
02:06:25.085 [FXGL Background Thread 3 ] DEBUG Engine               - isIOS: false
02:06:25.085 [FXGL Background Thread 3 ] DEBUG Engine               - isIntroEnabled: false
02:06:25.085 [FXGL Background Thread 3 ] DEBUG Engine               - isLinux: false
02:06:25.085 [FXGL Background Thread 3 ] DEBUG Engine               - isMac: false
02:06:25.085 [FXGL Background Thread 3 ] DEBUG Engine               - isMainMenuEnabled: true
02:06:25.085 [FXGL Background Thread 3 ] DEBUG Engine               - isManualResizeEnabled: false
02:06:25.085 [FXGL Background Thread 3 ] DEBUG Engine               - isMobile: false
02:06:25.085 [FXGL Background Thread 3 ] DEBUG Engine               - isNative: false
02:06:25.085 [FXGL Background Thread 3 ] DEBUG Engine               - isPauseMusicWhenMinimized: true
02:06:25.085 [FXGL Background Thread 3 ] DEBUG Engine               - isPreserveResizeRatio: false
02:06:25.085 [FXGL Background Thread 3 ] DEBUG Engine               - isProfilingEnabled: false
02:06:25.085 [FXGL Background Thread 3 ] DEBUG Engine               - isScaleAffectedOnResize: true
02:06:25.085 [FXGL Background Thread 3 ] DEBUG Engine               - isSingleStep: false
02:06:25.085 [FXGL Background Thread 3 ] DEBUG Engine               - isUserProfileEnabled: false
02:06:25.085 [FXGL Background Thread 3 ] DEBUG Engine               - isWindows: true
02:06:25.085 [FXGL Background Thread 3 ] DEBUG Engine               - language: ObjectProperty [value: ENGLISH]
02:06:25.085 [FXGL Background Thread 3 ] DEBUG Engine               - menuKey: ESCAPE
02:06:25.085 [FXGL Background Thread 3 ] DEBUG Engine               - mouseSensitivity: 0.2
02:06:25.085 [FXGL Background Thread 3 ] DEBUG Engine               - notificationViewClass: class com.almasb.fxgl.notification.view.XboxNotificationView
02:06:25.086 [FXGL Background Thread 3 ] DEBUG Engine               - pixelsPerMeter: 50.0
02:06:25.086 [FXGL Background Thread 3 ] DEBUG Engine               - platform: WINDOWS
02:06:25.086 [FXGL Background Thread 3 ] DEBUG Engine               - prefHeightProperty: ReadOnlyDoubleProperty [value: 600.0]
02:06:25.086 [FXGL Background Thread 3 ] DEBUG Engine               - prefWidthProperty: ReadOnlyDoubleProperty [value: 800.0]
02:06:25.086 [FXGL Background Thread 3 ] DEBUG Engine               - profileDir: profiles/
02:06:25.086 [FXGL Background Thread 3 ] DEBUG Engine               - profileName: StringProperty [value: DEFAULT]
02:06:25.086 [FXGL Background Thread 3 ] DEBUG Engine               - randomSeed: -1
02:06:25.086 [FXGL Background Thread 3 ] DEBUG Engine               - runtimeInfo: RuntimeInfo(platform=WINDOWS, version=dev-SNAPSHOT, build=28.07.2021 16.39)
02:06:25.086 [FXGL Background Thread 3 ] DEBUG Engine               - saveFileExt: sav
02:06:25.086 [FXGL Background Thread 3 ] DEBUG Engine               - scaledHeightProp$fxgl: DoubleProperty [bound, value: 600.0]
02:06:25.086 [FXGL Background Thread 3 ] DEBUG Engine               - scaledWidthProp$fxgl: DoubleProperty [bound, value: 800.0]
02:06:25.086 [FXGL Background Thread 3 ] DEBUG Engine               - sceneFactory: com.groupfour.mygame.App$1@34bf7caf
02:06:25.086 [FXGL Background Thread 3 ] DEBUG Engine               - secondsIn24h: 60
02:06:25.086 [FXGL Background Thread 3 ] DEBUG Engine               - soundMenuBack: menu/back.wav
02:06:25.086 [FXGL Background Thread 3 ] DEBUG Engine               - soundMenuPress: menu/press.wav
02:06:25.086 [FXGL Background Thread 3 ] DEBUG Engine               - soundMenuSelect: menu/select.wav
02:06:25.086 [FXGL Background Thread 3 ] DEBUG Engine               - soundNotification: core/notification.wav
02:06:25.086 [FXGL Background Thread 3 ] DEBUG Engine               - stageStyle: DECORATED
02:06:25.086 [FXGL Background Thread 3 ] DEBUG Engine               - supportedLanguages: [ENGLISH, FRENCH, GERMAN, HUNGARIAN, RUSSIAN]
02:06:25.086 [FXGL Background Thread 3 ] DEBUG Engine               - ticksPerSecond: -1
02:06:25.086 [FXGL Background Thread 3 ] DEBUG Engine               - title: Flatline: Oregon
02:06:25.086 [FXGL Background Thread 3 ] DEBUG Engine               - urlGithub: https://github.com/AlmasB/FXGL
02:06:25.086 [FXGL Background Thread 3 ] DEBUG Engine               - urlLeaderboard: http://fxgl-top.herokuapp.com/
02:06:25.086 [FXGL Background Thread 3 ] DEBUG Engine               - urlPOM: https://raw.githubusercontent.com/AlmasB/FXGL/release/README.md
02:06:25.086 [FXGL Background Thread 3 ] DEBUG Engine               - userAppClass: class com.groupfour.mygame.App
02:06:25.086 [FXGL Background Thread 3 ] DEBUG Engine               - version: Alpha 0.3
02:06:25.086 [FXGL Background Thread 3 ] DEBUG Engine               - versionCheckDays: 7
02:06:25.086 [FXGL Background Thread 3 ] DEBUG Engine               - width: 800
02:06:25.086 [FXGL Background Thread 3 ] DEBUG Engine               - Logging services
02:06:25.086 [FXGL Background Thread 3 ] DEBUG Engine               - class com.almasb.fxgl.app.services.FXGLAssetLoaderService
02:06:25.086 [FXGL Background Thread 3 ] DEBUG Engine               - class com.almasb.fxgl.app.FXGLApplication$GameApplicationService
02:06:25.086 [FXGL Background Thread 3 ] DEBUG Engine               - class com.almasb.fxgl.app.services.FXGLDialogService
02:06:25.086 [FXGL Background Thread 3 ] DEBUG Engine               - class com.almasb.fxgl.app.services.IOTaskExecutorService
02:06:25.086 [FXGL Background Thread 3 ] DEBUG Engine               - class com.almasb.fxgl.io.FileSystemService
02:06:25.086 [FXGL Background Thread 3 ] DEBUG Engine               - class com.almasb.fxgl.localization.LocalizationService
02:06:25.086 [FXGL Background Thread 3 ] DEBUG Engine               - class com.almasb.fxgl.app.services.SystemBundleService
02:06:25.086 [FXGL Background Thread 3 ] DEBUG Engine               - class com.almasb.fxgl.profile.SaveLoadService
02:06:25.086 [FXGL Background Thread 3 ] DEBUG Engine               - class com.almasb.fxgl.ui.FXGLUIFactoryServiceProvider
02:06:25.086 [FXGL Background Thread 3 ] DEBUG Engine               - class com.almasb.fxgl.ui.FXGLDialogFactoryServiceProvider
02:06:25.086 [FXGL Background Thread 3 ] DEBUG Engine               - class com.almasb.fxgl.audio.AudioPlayer
02:06:25.086 [FXGL Background Thread 3 ] DEBUG Engine               - class com.almasb.fxgl.notification.impl.NotificationServiceProvider
02:06:25.088 [FXGL Background Thread 3 ] DEBUG Engine               - class com.almasb.fxgl.achievement.AchievementService
02:06:25.088 [FXGL Background Thread 3 ] DEBUG Engine               - class com.almasb.fxgl.cutscene.CutsceneService
02:06:25.088 [FXGL Background Thread 3 ] DEBUG Engine               - class com.almasb.fxgl.minigames.MiniGameService
02:06:25.088 [FXGL Background Thread 3 ] DEBUG Engine               - class com.almasb.fxgl.net.NetService
02:06:25.088 [FXGL Background Thread 3 ] DEBUG Engine               - class com.almasb.fxgl.app.services.UpdaterService
02:06:25.088 [FXGL Background Thread 3 ] DEBUG Engine               - class com.almasb.fxgl.dev.DevService
02:06:25.088 [FXGL Background Thread 3 ] DEBUG Engine               - class com.almasb.fxgl.multiplayer.MultiplayerService
02:06:35.923 [JavaFX Application Thread] DEBUG FXGLApplication      - Exiting FXGL
02:06:35.923 [JavaFX Application Thread] DEBUG LoopRunner           - Stopping loop
02:06:35.923 [JavaFX Application Thread] DEBUG SystemBundleService  - Saving FXGL system data
02:06:35.925 [JavaFX Application Thread] DEBUG FileSystemAccess     - Writing to: C:\Users\acer\OneDrive\Desktop\git pull\CSS124L-FINAL-PROJECT\system\fxgl.bundle
02:06:35.927 [JavaFX Application Thread] DEBUG Async                - Shutting down background threads
02:06:35.927 [JavaFX Application Thread] DEBUG PrimaryStageWindow   - Closing main window
02:06:35.940 [JavaFX Application Thread] DEBUG Logger               - Closing Logger
