00:21:04.016 [main                     ] DEBUG Logger               - Configured Logger
00:21:04.034 [main                     ] DEBUG GameApplication      - Logging settings
Title: Flatline: Oregon
Version: Alpha 0.19021902
Width: 800
Height: 600
Fullscreen: false
Intro: false
Profiling: false
Single step:false
App Mode: DEVELOPER
Menu Key: ESCAPE
Stage Style: DECORATED
Scene Factory: class com.groupfour.mygame.App$1

00:21:04.306 [JavaFX Application Thread] DEBUG FXGLApplication      - Initializing FXGL
00:21:04.308 [JavaFX Application Thread] INFO  Engine               - FXGL-dev-SNAPSHOT (28.07.2021 16.39) on WINDOWS (J:11.0.22 FX:16)
00:21:04.309 [JavaFX Application Thread] DEBUG Engine               - JRE Vendor Name: Oracle Corporation
00:21:04.309 [JavaFX Application Thread] DEBUG Engine               - Running on OS: Windows 11 version 10.0
00:21:04.309 [JavaFX Application Thread] DEBUG Engine               - Architecture: amd64
00:21:04.309 [JavaFX Application Thread] INFO  Engine               - Source code and latest versions at: https://github.com/AlmasB/FXGL
00:21:04.310 [JavaFX Application Thread] INFO  Engine               -              Join the FXGL chat at: https://gitter.im/AlmasB/FXGL
00:21:04.365 [JavaFX Application Thread] DEBUG PrimaryStageWindow   - Creating a JavaFX scene
00:21:04.401 [JavaFX Application Thread] DEBUG PrimaryStageWindow   - Target settings size: 800.0 x 600.0
00:21:04.401 [JavaFX Application Thread] DEBUG PrimaryStageWindow   - Scaled scene size:    800.0 x 600.0
00:21:04.401 [JavaFX Application Thread] DEBUG PrimaryStageWindow   - Scaled ratio: (1.0, 1.0)
00:21:04.401 [JavaFX Application Thread] DEBUG PrimaryStageWindow   - Set initial scene to FXGLStartupScene
00:21:04.405 [JavaFX Application Thread] DEBUG PrimaryStageWindow   - Opening main window
00:21:04.474 [JavaFX Application Thread] DEBUG PrimaryStageWindow   - Window border size: (14.4000244140625, 37.5999755859375)
00:21:04.474 [JavaFX Application Thread] DEBUG PrimaryStageWindow   - Scaled size: 800.0 x 600.0
00:21:04.474 [JavaFX Application Thread] DEBUG PrimaryStageWindow   - Scaled ratio: (1.0, 1.0)
00:21:04.475 [JavaFX Application Thread] DEBUG PrimaryStageWindow   - Scene size: 800.0 x 600.0
00:21:04.475 [JavaFX Application Thread] DEBUG PrimaryStageWindow   - Stage size: 814.4000244140625 x 637.5999755859375
00:21:04.481 [FXGL Background Thread 1 ] DEBUG Engine               - Initializing environment variables
00:21:04.516 [FXGL Background Thread 1 ] DEBUG FXGLAssetLoaderServi - User app class for loading assets: class com.groupfour.mygame.App
00:21:04.516 [FXGL Background Thread 1 ] DEBUG GameApplicationServi - Applying CSS: fxgl_dark.css
00:21:04.517 [FXGL Background Thread 1 ] DEBUG FXGLAssetLoaderServi - Loading from file system: jar:file:///C:/Users/acer/.m2/repository/com/github/almasb/fxgl/dev-SNAPSHOT/fxgl-dev-SNAPSHOT.jar!/fxglassets/ui/css/fxgl_dark.css
00:21:04.557 [FXGL Background Thread 1 ] DEBUG GameApplicationServi - Initializing application scenes
00:21:04.585 [FXGL Background Thread 1 ] DEBUG GameWorld            - Game world initialized
00:21:04.620 [FXGL Background Thread 1 ] DEBUG PhysicsWorld         - Physics world initialized: appHeight=600, physics.ppm=50.0
00:21:04.620 [FXGL Background Thread 1 ] DEBUG PhysicsWorld         - Using strategy: BRUTE_FORCE
00:21:04.622 [FXGL Background Thread 1 ] DEBUG GameScene            - Game scene initialized: 800x600
00:21:04.630 [FXGL Background Thread 1 ] DEBUG FXGL.DefaultMenu     - createMenuBodyMainMenu()
00:21:04.642 [FXGL Background Thread 1 ] DEBUG FXGL.DefaultMenu     - createOptionsMenu()
00:21:04.649 [FXGL Background Thread 1 ] DEBUG FXGLAssetLoaderServi - Loading from file system: jar:file:///C:/Users/acer/.m2/repository/com/github/almasb/fxgl/dev-SNAPSHOT/fxgl-dev-SNAPSHOT.jar!/fxglassets/textures/particles/smoke.png
00:21:04.712 [FXGL Background Thread 1 ] DEBUG FXGLAssetLoaderServi - Loading from file system: jar:file:///C:/Users/acer/.m2/repository/com/github/almasb/fxgl/dev-SNAPSHOT/fxgl-dev-SNAPSHOT.jar!/fxglassets/textures/particles/trace_horizontal.png
00:21:04.731 [FXGL Background Thread 1 ] DEBUG GameApplicationServi - Application scenes initialized
00:21:04.738 [FXGL Background Thread 1 ] DEBUG SystemBundleService  - Loading FXGL system data
00:21:04.742 [FXGL Background Thread 1 ] DEBUG FileSystemAccess     - Reading from: C:\Users\acer\OneDrive\Desktop\git pull\CSS124L-FINAL-PROJECT\system\fxgl.bundle
00:21:04.746 [FXGL Background Thread 1 ] DEBUG SystemBundleService  - Bundle FXGL: {}
00:21:04.746 [FXGL Background Thread 1 ] DEBUG UpdaterService       - Checking for updates
00:21:04.765 [FXGL Background Thread 1 ] DEBUG FXGLApplication      - Loading default localization
00:21:04.765 [FXGL Background Thread 4 ] DEBUG FXGLApplication      - Loading fonts
00:21:04.765 [FXGL Background Thread 1 ] DEBUG FXGLAssetLoaderServi - Loading from file system: jar:file:///C:/Users/acer/.m2/repository/com/github/almasb/fxgl/dev-SNAPSHOT/fxgl-dev-SNAPSHOT.jar!/fxglassets/languages/english.lang
00:21:04.765 [FXGL Background Thread 4 ] DEBUG FXGLAssetLoaderServi - Loading from file system: jar:file:///C:/Users/acer/.m2/repository/com/github/almasb/fxgl/dev-SNAPSHOT/fxgl-dev-SNAPSHOT.jar!/fxglassets/ui/fonts/VarelaRound-Regular.ttf
00:21:04.775 [FXGL Background Thread 1 ] INFO  FXGLApplication      - FXGL initialization took: 0.295 sec
00:21:04.785 [JavaFX Application Thread] DEBUG Input                - Registered new binding: Move Upwards - W
00:21:04.785 [JavaFX Application Thread] DEBUG Input                - Registered new binding: Move Down - S
00:21:04.785 [JavaFX Application Thread] DEBUG Input                - Registered new binding: Move Left - A
00:21:04.785 [JavaFX Application Thread] DEBUG Input                - Registered new binding: Move Right - D
00:21:04.786 [JavaFX Application Thread] DEBUG Input                - Registered new binding: Reload - R
00:21:04.786 [JavaFX Application Thread] DEBUG Input                - Registered new binding: Shoot - LMB
00:21:04.787 [JavaFX Application Thread] DEBUG Input                - Registered new binding: Switch Weapons - Q
00:21:04.787 [JavaFX Application Thread] DEBUG Input                - Registered new binding: Interact - F
00:21:04.787 [JavaFX Application Thread] DEBUG FXGLAssetLoaderServi - Loading from file system: jar:file:///C:/Users/acer/.m2/repository/com/github/almasb/fxgl/dev-SNAPSHOT/fxgl-dev-SNAPSHOT.jar!/fxglassets/textures/fxgl_icon.png
00:21:04.804 [JavaFX Application Thread] DEBUG FXGLAssetLoaderServi - Loading from file system: jar:file:///C:/Users/acer/.m2/repository/com/github/almasb/fxgl/dev-SNAPSHOT/fxgl-dev-SNAPSHOT.jar!/fxglassets/textures/fxgl_default_cursor.png
00:21:04.807 [JavaFX Application Thread] DEBUG Input                - Registered new binding: Screenshot - CTRL+8
00:21:04.807 [JavaFX Application Thread] DEBUG Input                - Registered new binding: Dev Options - 1
00:21:04.807 [JavaFX Application Thread] DEBUG Input                - Registered new binding: Dev Console - 2
00:21:04.808 [JavaFX Application Thread] DEBUG Input                - Registered new binding: System info dump - CTRL+9
00:21:04.808 [JavaFX Application Thread] DEBUG Input                - Registered new binding: Restart - CTRL+R
00:21:04.809 [JavaFX Application Thread] DEBUG Input                - Registered new binding: Toggle Debug Camera - CTRL+C
00:21:04.811 [JavaFX Application Thread] DEBUG LoopRunner           - Starting loop
00:21:04.824 [JavaFX Application Thread] DEBUG LoopRunner           - Initializing JavaFX AnimationTimerLoop
00:21:04.826 [JavaFX Application Thread] DEBUG Input                - Clearing active input actions
00:21:04.832 [JavaFX Application Thread] DEBUG GameApplicationServi - Removing overlay from FXGLStartupScene and adding to FXGLMainMenuDummyScene
00:21:04.835 [JavaFX Application Thread] DEBUG PrimaryStageWindow   - FXGLStartupScene -> FXGLMainMenuDummyScene
00:21:04.836 [JavaFX Application Thread] DEBUG PrimaryStageWindow   - Push state: FXGLDefaultMenu
00:21:04.839 [JavaFX Application Thread] DEBUG Input                - Clearing active input actions
00:21:04.843 [JavaFX Application Thread] DEBUG GameApplicationServi - Removing overlay from FXGLMainMenuDummyScene and adding to FXGLDefaultMenu
00:21:04.844 [JavaFX Application Thread] DEBUG PrimaryStageWindow   - FXGLMainMenuDummyScene -> FXGLDefaultMenu
00:21:05.118 [FXGL Background Thread 4 ] DEBUG FXGLAssetLoaderServi - Loading from file system: jar:file:///C:/Users/acer/.m2/repository/com/github/almasb/fxgl/dev-SNAPSHOT/fxgl-dev-SNAPSHOT.jar!/fxglassets/ui/fonts/Abel-Regular.ttf
00:21:05.122 [FXGL Background Thread 4 ] DEBUG FXGLAssetLoaderServi - Loading from file system: jar:file:///C:/Users/acer/.m2/repository/com/github/almasb/fxgl/dev-SNAPSHOT/fxgl-dev-SNAPSHOT.jar!/fxglassets/ui/fonts/lucida_console.ttf
00:21:05.127 [FXGL Background Thread 4 ] DEBUG FXGLAssetLoaderServi - Loading from file system: jar:file:///C:/Users/acer/.m2/repository/com/github/almasb/fxgl/dev-SNAPSHOT/fxgl-dev-SNAPSHOT.jar!/fxglassets/ui/fonts/Courier-Prime.ttf
00:21:05.134 [JavaFX Application Thread] DEBUG FXGLApplication      - Registering font factories with UI factory
00:21:05.363 [FXGL Background Thread 2 ] INFO  UpdaterService       - Your current version:  dev-SNAPSHOT
00:21:05.364 [FXGL Background Thread 2 ] INFO  UpdaterService       - Latest stable version: 21.1
00:21:05.462 [JavaFX Application Thread] DEBUG Menu                 - fireNewGame()
00:21:05.462 [JavaFX Application Thread] DEBUG GameApplicationServi - Starting new game
00:21:05.464 [JavaFX Application Thread] DEBUG PrimaryStageWindow   - Pop state: FXGLDefaultMenu
00:21:05.464 [JavaFX Application Thread] DEBUG Input                - Clearing active input actions
00:21:05.464 [JavaFX Application Thread] DEBUG GameApplicationServi - Removing overlay from FXGLDefaultMenu and adding to FXGLMainMenuDummyScene
00:21:05.465 [JavaFX Application Thread] DEBUG PrimaryStageWindow   - FXGLMainMenuDummyScene <- FXGLDefaultMenu
00:21:05.465 [JavaFX Application Thread] DEBUG Input                - Clearing active input actions
00:21:05.471 [JavaFX Application Thread] DEBUG GameApplicationServi - Removing overlay from FXGLMainMenuDummyScene and adding to FXGLLoadingScene
00:21:05.472 [JavaFX Application Thread] DEBUG PrimaryStageWindow   - FXGLMainMenuDummyScene -> FXGLLoadingScene
00:21:05.472 [JavaFX Application Thread] DEBUG GameApplicationServi - Clearing previous game
00:21:05.472 [JavaFX Application Thread] DEBUG GameScene            - Clearing game scene
00:21:05.472 [JavaFX Application Thread] DEBUG GameWorld            - Clearing game world
00:21:05.472 [JavaFX Application Thread] DEBUG PhysicsWorld         - Clearing physics world
00:21:05.473 [FXGL Background Thread 2 ] DEBUG FXGLApplication      - Initializing game
00:21:05.503 [FXGL Background Thread 2 ] WARN  TMXLevelLoader       - TiledMap generated from 1.11.0. Supported version: 1.2.3. Some features may not be parsed fully.
00:21:05.508 [FXGL Background Thread 2 ] DEBUG TMXLevelLoader       - Parsed TiledMap: file:/C:/Users/acer/OneDrive/Desktop/git%20pull/CSS124L-FINAL-PROJECT/fp/target/classes/assets/levels/Lobby.tmx
00:21:05.509 [FXGL Background Thread 2 ] DEBUG TMXLevelLoader       - Creating tile layer entities
00:21:05.509 [FXGL Background Thread 2 ] DEBUG TilesetLoader        - Loading view for layer Tile Layer 1
00:21:05.511 [FXGL Background Thread 2 ] DEBUG TilesetLoader        - Created buffer with size 1280.0x768.0
00:21:05.520 [FXGL Background Thread 2 ] DEBUG TMXLevelLoader       - Creating object layer entities
00:21:05.533 [FXGL Background Thread 2 ] DEBUG GameWorld            - Clearing removable entities
00:21:05.534 [FXGL Background Thread 2 ] DEBUG GameWorld            - Setting level: com.almasb.fxgl.entity.level.Level@41aff2a0
00:21:05.553 [FXGL Background Thread 2 ] INFO  FXGLApplication      - Game initialization took: 0.079 sec
00:21:05.556 [JavaFX Application Thread] DEBUG Input                - Clearing active input actions
00:21:05.559 [JavaFX Application Thread] DEBUG GameApplicationServi - Removing overlay from FXGLLoadingScene and adding to GameScene
00:21:05.560 [JavaFX Application Thread] DEBUG PrimaryStageWindow   - FXGLLoadingScene -> GameScene
00:21:05.564 [JavaFX Application Thread] DEBUG PrimaryStageWindow   - Push state: PlayerCountMenu
00:21:05.564 [JavaFX Application Thread] DEBUG Input                - Clearing active input actions
00:21:05.564 [JavaFX Application Thread] DEBUG GameApplicationServi - Removing overlay from GameScene and adding to PlayerCountMenu
00:21:05.564 [JavaFX Application Thread] DEBUG PrimaryStageWindow   - GameScene -> PlayerCountMenu
00:21:06.028 [JavaFX Application Thread] DEBUG FXGLAssetLoaderServi - Loading from file system: file:/C:/Users/acer/OneDrive/Desktop/git%20pull/CSS124L-FINAL-PROJECT/fp/target/classes/assets/textures/Weapons/Idle/BerettaM9_Idle.png
00:21:06.029 [JavaFX Application Thread] DEBUG FXGLAssetLoaderServi - Loading from file system: file:/C:/Users/acer/OneDrive/Desktop/git%20pull/CSS124L-FINAL-PROJECT/fp/target/classes/assets/textures/Weapons/Shooting/BerettaM9_Shooting.png
00:21:06.031 [JavaFX Application Thread] DEBUG FXGLAssetLoaderServi - Loading from file system: file:/C:/Users/acer/OneDrive/Desktop/git%20pull/CSS124L-FINAL-PROJECT/fp/target/classes/assets/textures/Players/1P_Shoot.png
00:21:06.033 [JavaFX Application Thread] DEBUG FXGLAssetLoaderServi - Loading from file system: file:/C:/Users/acer/OneDrive/Desktop/git%20pull/CSS124L-FINAL-PROJECT/fp/target/classes/assets/textures/Interactables/vending_machine.png
00:21:06.036 [JavaFX Application Thread] DEBUG FXGLAssetLoaderServi - Loading from file system: file:/C:/Users/acer/OneDrive/Desktop/git%20pull/CSS124L-FINAL-PROJECT/fp/target/classes/assets/textures/Interactables/microwave_close.png
00:21:06.038 [JavaFX Application Thread] DEBUG PrimaryStageWindow   - Pop state: PlayerCountMenu
00:21:06.038 [JavaFX Application Thread] DEBUG Input                - Clearing active input actions
00:21:06.038 [JavaFX Application Thread] DEBUG GameApplicationServi - Removing overlay from PlayerCountMenu and adding to GameScene
00:21:06.039 [JavaFX Application Thread] DEBUG PrimaryStageWindow   - GameScene <- PlayerCountMenu
00:21:06.095 [JavaFX Application Thread] DEBUG FXGLAssetLoaderServi - Loading from file system: file:/C:/Users/acer/OneDrive/Desktop/git%20pull/CSS124L-FINAL-PROJECT/fp/target/classes/assets/textures/Zombies/Basic_Zombie_Walking.png
00:21:06.097 [JavaFX Application Thread] DEBUG FXGLAssetLoaderServi - Loading from file system: file:/C:/Users/acer/OneDrive/Desktop/git%20pull/CSS124L-FINAL-PROJECT/fp/target/classes/assets/textures/Zombies/Basic_Zombie_Attack.png
00:21:07.765 [FXGL Background Thread 3 ] DEBUG Engine               - Logging environment variables
00:21:07.765 [FXGL Background Thread 3 ] DEBUG Engine               - achievements: []
00:21:07.766 [FXGL Background Thread 3 ] DEBUG Engine               - actualHeight: 600.0
00:21:07.766 [FXGL Background Thread 3 ] DEBUG Engine               - actualHeightProperty: ReadOnlyDoubleProperty [value: 600.0]
00:21:07.766 [FXGL Background Thread 3 ] DEBUG Engine               - actualWidth: 800.0
00:21:07.766 [FXGL Background Thread 3 ] DEBUG Engine               - actualWidthProperty: ReadOnlyDoubleProperty [value: 800.0]
00:21:07.766 [FXGL Background Thread 3 ] DEBUG Engine               - appIcon: fxgl_icon.png
00:21:07.766 [FXGL Background Thread 3 ] DEBUG Engine               - applicationMode: DEVELOPER
00:21:07.766 [FXGL Background Thread 3 ] DEBUG Engine               - cSSList: [fxgl_dark.css]
00:21:07.766 [FXGL Background Thread 3 ] DEBUG Engine               - collisionDetectionStrategy: BRUTE_FORCE
00:21:07.766 [FXGL Background Thread 3 ] DEBUG Engine               - configClass: Optional.empty
00:21:07.766 [FXGL Background Thread 3 ] DEBUG Engine               - credits: []
00:21:07.766 [FXGL Background Thread 3 ] DEBUG Engine               - defaultCursor: CursorInfo(imageName=fxgl_default_cursor.png, hotspotX=7.0, hotspotY=6.0)
00:21:07.767 [FXGL Background Thread 3 ] DEBUG Engine               - devBBoxColorProperty: ObjectProperty [value: 0xff0000ff]
00:21:07.767 [FXGL Background Thread 3 ] DEBUG Engine               - devEnableDebugCameraProperty: BooleanProperty [value: false]
00:21:07.767 [FXGL Background Thread 3 ] DEBUG Engine               - devSensorColorProperty: ObjectProperty [value: 0xffff00ff]
00:21:07.767 [FXGL Background Thread 3 ] DEBUG Engine               - devShowBBoxProperty: BooleanProperty [value: false]
00:21:07.767 [FXGL Background Thread 3 ] DEBUG Engine               - devShowPositionProperty: BooleanProperty [value: false]
00:21:07.767 [FXGL Background Thread 3 ] DEBUG Engine               - enabledMenuItems: []
00:21:07.767 [FXGL Background Thread 3 ] DEBUG Engine               - engineServices: [class com.almasb.fxgl.app.services.FXGLAssetLoaderService, class com.almasb.fxgl.app.FXGLApplication$GameApplicationService, class com.almasb.fxgl.app.services.FXGLDialogService, class com.almasb.fxgl.app.services.IOTaskExecutorService, class com.almasb.fxgl.io.FileSystemService, class com.almasb.fxgl.localization.LocalizationService, class com.almasb.fxgl.app.services.SystemBundleService, class com.almasb.fxgl.profile.SaveLoadService, class com.almasb.fxgl.ui.FXGLUIFactoryServiceProvider, class com.almasb.fxgl.ui.FXGLDialogFactoryServiceProvider, class com.almasb.fxgl.audio.AudioPlayer, class com.almasb.fxgl.notification.impl.NotificationServiceProvider, class com.almasb.fxgl.achievement.AchievementService, class com.almasb.fxgl.cutscene.CutsceneService, class com.almasb.fxgl.minigames.MiniGameService, class com.almasb.fxgl.net.NetService, class com.almasb.fxgl.app.services.UpdaterService, class com.almasb.fxgl.dev.DevService, class com.almasb.fxgl.multiplayer.MultiplayerService]
00:21:07.767 [FXGL Background Thread 3 ] DEBUG Engine               - fontGame: Abel-Regular.ttf
00:21:07.767 [FXGL Background Thread 3 ] DEBUG Engine               - fontMono: lucida_console.ttf
00:21:07.767 [FXGL Background Thread 3 ] DEBUG Engine               - fontText: Courier-Prime.ttf
00:21:07.767 [FXGL Background Thread 3 ] DEBUG Engine               - fontUI: VarelaRound-Regular.ttf
00:21:07.767 [FXGL Background Thread 3 ] DEBUG Engine               - fullScreen: BooleanProperty [value: false]
00:21:07.767 [FXGL Background Thread 3 ] DEBUG Engine               - gameDifficulty: MEDIUM
00:21:07.767 [FXGL Background Thread 3 ] DEBUG Engine               - gameDifficultyProperty: ObjectProperty [value: MEDIUM]
00:21:07.767 [FXGL Background Thread 3 ] DEBUG Engine               - globalMusicVolume: 0.5
00:21:07.767 [FXGL Background Thread 3 ] DEBUG Engine               - globalMusicVolumeProperty: DoubleProperty [value: 0.5]
00:21:07.767 [FXGL Background Thread 3 ] DEBUG Engine               - globalSoundVolume: 0.5
00:21:07.767 [FXGL Background Thread 3 ] DEBUG Engine               - globalSoundVolumeProperty: DoubleProperty [value: 0.5]
00:21:07.767 [FXGL Background Thread 3 ] DEBUG Engine               - height: 600
00:21:07.767 [FXGL Background Thread 3 ] DEBUG Engine               - is3D: false
00:21:07.767 [FXGL Background Thread 3 ] DEBUG Engine               - isAndroid: false
00:21:07.767 [FXGL Background Thread 3 ] DEBUG Engine               - isBrowser: false
00:21:07.768 [FXGL Background Thread 3 ] DEBUG Engine               - isClickFeedbackEnabled: false
00:21:07.768 [FXGL Background Thread 3 ] DEBUG Engine               - isCloseConfirmation: false
00:21:07.768 [FXGL Background Thread 3 ] DEBUG Engine               - isDesktop: true
00:21:07.768 [FXGL Background Thread 3 ] DEBUG Engine               - isDeveloperMenuEnabled: true
00:21:07.768 [FXGL Background Thread 3 ] DEBUG Engine               - isEmbedded: false
00:21:07.768 [FXGL Background Thread 3 ] DEBUG Engine               - isEntityPreloadEnabled: true
00:21:07.768 [FXGL Background Thread 3 ] DEBUG Engine               - isExperimentalTiledLargeMap: false
00:21:07.768 [FXGL Background Thread 3 ] DEBUG Engine               - isFileSystemWriteAllowed: true
00:21:07.768 [FXGL Background Thread 3 ] DEBUG Engine               - isFullScreenAllowed: false
00:21:07.768 [FXGL Background Thread 3 ] DEBUG Engine               - isFullScreenFromStart: false
00:21:07.768 [FXGL Background Thread 3 ] DEBUG Engine               - isGameMenuEnabled: true
00:21:07.768 [FXGL Background Thread 3 ] DEBUG Engine               - isIOS: false
00:21:07.768 [FXGL Background Thread 3 ] DEBUG Engine               - isIntroEnabled: false
00:21:07.768 [FXGL Background Thread 3 ] DEBUG Engine               - isLinux: false
00:21:07.768 [FXGL Background Thread 3 ] DEBUG Engine               - isMac: false
00:21:07.768 [FXGL Background Thread 3 ] DEBUG Engine               - isMainMenuEnabled: true
00:21:07.768 [FXGL Background Thread 3 ] DEBUG Engine               - isManualResizeEnabled: false
00:21:07.768 [FXGL Background Thread 3 ] DEBUG Engine               - isMobile: false
00:21:07.768 [FXGL Background Thread 3 ] DEBUG Engine               - isNative: false
00:21:07.768 [FXGL Background Thread 3 ] DEBUG Engine               - isPauseMusicWhenMinimized: true
00:21:07.768 [FXGL Background Thread 3 ] DEBUG Engine               - isPreserveResizeRatio: false
00:21:07.768 [FXGL Background Thread 3 ] DEBUG Engine               - isProfilingEnabled: false
00:21:07.768 [FXGL Background Thread 3 ] DEBUG Engine               - isScaleAffectedOnResize: true
00:21:07.768 [FXGL Background Thread 3 ] DEBUG Engine               - isSingleStep: false
00:21:07.768 [FXGL Background Thread 3 ] DEBUG Engine               - isUserProfileEnabled: false
00:21:07.768 [FXGL Background Thread 3 ] DEBUG Engine               - isWindows: true
00:21:07.768 [FXGL Background Thread 3 ] DEBUG Engine               - language: ObjectProperty [value: ENGLISH]
00:21:07.768 [FXGL Background Thread 3 ] DEBUG Engine               - menuKey: ESCAPE
00:21:07.768 [FXGL Background Thread 3 ] DEBUG Engine               - mouseSensitivity: 0.2
00:21:07.769 [FXGL Background Thread 3 ] DEBUG Engine               - notificationViewClass: class com.almasb.fxgl.notification.view.XboxNotificationView
00:21:07.769 [FXGL Background Thread 3 ] DEBUG Engine               - pixelsPerMeter: 50.0
00:21:07.769 [FXGL Background Thread 3 ] DEBUG Engine               - platform: WINDOWS
00:21:07.769 [FXGL Background Thread 3 ] DEBUG Engine               - prefHeightProperty: ReadOnlyDoubleProperty [value: 600.0]
00:21:07.769 [FXGL Background Thread 3 ] DEBUG Engine               - prefWidthProperty: ReadOnlyDoubleProperty [value: 800.0]
00:21:07.769 [FXGL Background Thread 3 ] DEBUG Engine               - profileDir: profiles/
00:21:07.769 [FXGL Background Thread 3 ] DEBUG Engine               - profileName: StringProperty [value: DEFAULT]
00:21:07.769 [FXGL Background Thread 3 ] DEBUG Engine               - randomSeed: -1
00:21:07.769 [FXGL Background Thread 3 ] DEBUG Engine               - runtimeInfo: RuntimeInfo(platform=WINDOWS, version=dev-SNAPSHOT, build=28.07.2021 16.39)
00:21:07.769 [FXGL Background Thread 3 ] DEBUG Engine               - saveFileExt: sav
00:21:07.769 [FXGL Background Thread 3 ] DEBUG Engine               - scaledHeightProp$fxgl: DoubleProperty [bound, value: 600.0]
00:21:07.769 [FXGL Background Thread 3 ] DEBUG Engine               - scaledWidthProp$fxgl: DoubleProperty [bound, value: 800.0]
00:21:07.769 [FXGL Background Thread 3 ] DEBUG Engine               - sceneFactory: com.groupfour.mygame.App$1@6ccfe477
00:21:07.769 [FXGL Background Thread 3 ] DEBUG Engine               - secondsIn24h: 60
00:21:07.769 [FXGL Background Thread 3 ] DEBUG Engine               - soundMenuBack: menu/back.wav
00:21:07.769 [FXGL Background Thread 3 ] DEBUG Engine               - soundMenuPress: menu/press.wav
00:21:07.769 [FXGL Background Thread 3 ] DEBUG Engine               - soundMenuSelect: menu/select.wav
00:21:07.769 [FXGL Background Thread 3 ] DEBUG Engine               - soundNotification: core/notification.wav
00:21:07.769 [FXGL Background Thread 3 ] DEBUG Engine               - stageStyle: DECORATED
00:21:07.769 [FXGL Background Thread 3 ] DEBUG Engine               - supportedLanguages: [ENGLISH, FRENCH, GERMAN, HUNGARIAN, RUSSIAN]
00:21:07.769 [FXGL Background Thread 3 ] DEBUG Engine               - ticksPerSecond: -1
00:21:07.770 [FXGL Background Thread 3 ] DEBUG Engine               - title: Flatline: Oregon
00:21:07.770 [FXGL Background Thread 3 ] DEBUG Engine               - urlGithub: https://github.com/AlmasB/FXGL
00:21:07.770 [FXGL Background Thread 3 ] DEBUG Engine               - urlLeaderboard: http://fxgl-top.herokuapp.com/
00:21:07.770 [FXGL Background Thread 3 ] DEBUG Engine               - urlPOM: https://raw.githubusercontent.com/AlmasB/FXGL/release/README.md
00:21:07.770 [FXGL Background Thread 3 ] DEBUG Engine               - userAppClass: class com.groupfour.mygame.App
00:21:07.770 [FXGL Background Thread 3 ] DEBUG Engine               - version: Alpha 0.19021902
00:21:07.770 [FXGL Background Thread 3 ] DEBUG Engine               - versionCheckDays: 7
00:21:07.770 [FXGL Background Thread 3 ] DEBUG Engine               - width: 800
00:21:07.770 [FXGL Background Thread 3 ] DEBUG Engine               - Logging services
00:21:07.770 [FXGL Background Thread 3 ] DEBUG Engine               - class com.almasb.fxgl.app.services.FXGLAssetLoaderService
00:21:07.770 [FXGL Background Thread 3 ] DEBUG Engine               - class com.almasb.fxgl.app.FXGLApplication$GameApplicationService
00:21:07.770 [FXGL Background Thread 3 ] DEBUG Engine               - class com.almasb.fxgl.app.services.FXGLDialogService
00:21:07.770 [FXGL Background Thread 3 ] DEBUG Engine               - class com.almasb.fxgl.app.services.IOTaskExecutorService
00:21:07.770 [FXGL Background Thread 3 ] DEBUG Engine               - class com.almasb.fxgl.io.FileSystemService
00:21:07.770 [FXGL Background Thread 3 ] DEBUG Engine               - class com.almasb.fxgl.localization.LocalizationService
00:21:07.770 [FXGL Background Thread 3 ] DEBUG Engine               - class com.almasb.fxgl.app.services.SystemBundleService
00:21:07.770 [FXGL Background Thread 3 ] DEBUG Engine               - class com.almasb.fxgl.profile.SaveLoadService
00:21:07.770 [FXGL Background Thread 3 ] DEBUG Engine               - class com.almasb.fxgl.ui.FXGLUIFactoryServiceProvider
00:21:07.770 [FXGL Background Thread 3 ] DEBUG Engine               - class com.almasb.fxgl.ui.FXGLDialogFactoryServiceProvider
00:21:07.770 [FXGL Background Thread 3 ] DEBUG Engine               - class com.almasb.fxgl.audio.AudioPlayer
00:21:07.770 [FXGL Background Thread 3 ] DEBUG Engine               - class com.almasb.fxgl.notification.impl.NotificationServiceProvider
00:21:07.770 [FXGL Background Thread 3 ] DEBUG Engine               - class com.almasb.fxgl.achievement.AchievementService
00:21:07.770 [FXGL Background Thread 3 ] DEBUG Engine               - class com.almasb.fxgl.cutscene.CutsceneService
00:21:07.770 [FXGL Background Thread 3 ] DEBUG Engine               - class com.almasb.fxgl.minigames.MiniGameService
00:21:07.770 [FXGL Background Thread 3 ] DEBUG Engine               - class com.almasb.fxgl.net.NetService
00:21:07.770 [FXGL Background Thread 3 ] DEBUG Engine               - class com.almasb.fxgl.app.services.UpdaterService
00:21:07.770 [FXGL Background Thread 3 ] DEBUG Engine               - class com.almasb.fxgl.dev.DevService
00:21:07.770 [FXGL Background Thread 3 ] DEBUG Engine               - class com.almasb.fxgl.multiplayer.MultiplayerService
00:21:14.045 [JavaFX Application Thread] DEBUG FXGLApplication      - Exiting FXGL
00:21:14.045 [JavaFX Application Thread] DEBUG LoopRunner           - Stopping loop
00:21:14.045 [JavaFX Application Thread] DEBUG SystemBundleService  - Saving FXGL system data
00:21:14.046 [JavaFX Application Thread] DEBUG FileSystemAccess     - Writing to: C:\Users\acer\OneDrive\Desktop\git pull\CSS124L-FINAL-PROJECT\system\fxgl.bundle
00:21:14.047 [JavaFX Application Thread] DEBUG Async                - Shutting down background threads
00:21:14.048 [JavaFX Application Thread] DEBUG PrimaryStageWindow   - Closing main window
00:21:14.060 [JavaFX Application Thread] DEBUG Logger               - Closing Logger
