15:01:23.928 [main                     ] DEBUG Logger               - Configured Logger
15:01:23.945 [main                     ] DEBUG GameApplication      - Logging settings
Title: Flatline: Oregon
Version: Beta ?
Width: 800
Height: 600
Fullscreen: false
Intro: false
Profiling: false
Single step:false
App Mode: DEVELOPER
Menu Key: ESCAPE
Stage Style: DECORATED
Scene Factory: class com.groupfour.mygame.App$1

15:01:24.195 [JavaFX Application Thread] DEBUG FXGLApplication      - Initializing FXGL
15:01:24.197 [JavaFX Application Thread] INFO  Engine               - FXGL-dev-SNAPSHOT (28.07.2021 16.39) on WINDOWS (J:11.0.22 FX:16)
15:01:24.198 [JavaFX Application Thread] DEBUG Engine               - JRE Vendor Name: Oracle Corporation
15:01:24.198 [JavaFX Application Thread] DEBUG Engine               - Running on OS: Windows 11 version 10.0
15:01:24.198 [JavaFX Application Thread] DEBUG Engine               - Architecture: amd64
15:01:24.198 [JavaFX Application Thread] INFO  Engine               - Source code and latest versions at: https://github.com/AlmasB/FXGL
15:01:24.198 [JavaFX Application Thread] INFO  Engine               -              Join the FXGL chat at: https://gitter.im/AlmasB/FXGL
15:01:24.252 [JavaFX Application Thread] DEBUG PrimaryStageWindow   - Creating a JavaFX scene
15:01:24.290 [JavaFX Application Thread] DEBUG PrimaryStageWindow   - Target settings size: 800.0 x 600.0
15:01:24.290 [JavaFX Application Thread] DEBUG PrimaryStageWindow   - Scaled scene size:    800.0 x 600.0
15:01:24.290 [JavaFX Application Thread] DEBUG PrimaryStageWindow   - Scaled ratio: (1.0, 1.0)
15:01:24.290 [JavaFX Application Thread] DEBUG PrimaryStageWindow   - Set initial scene to FXGLStartupScene
15:01:24.294 [JavaFX Application Thread] DEBUG PrimaryStageWindow   - Opening main window
15:01:24.354 [JavaFX Application Thread] DEBUG PrimaryStageWindow   - Window border size: (14.4000244140625, 37.5999755859375)
15:01:24.354 [JavaFX Application Thread] DEBUG PrimaryStageWindow   - Scaled size: 800.0 x 600.0
15:01:24.354 [JavaFX Application Thread] DEBUG PrimaryStageWindow   - Scaled ratio: (1.0, 1.0)
15:01:24.354 [JavaFX Application Thread] DEBUG PrimaryStageWindow   - Scene size: 800.0 x 600.0
15:01:24.354 [JavaFX Application Thread] DEBUG PrimaryStageWindow   - Stage size: 814.4000244140625 x 637.5999755859375
15:01:24.359 [FXGL Background Thread 1 ] DEBUG Engine               - Initializing environment variables
15:01:24.391 [FXGL Background Thread 1 ] DEBUG FXGLAssetLoaderServi - User app class for loading assets: class com.groupfour.mygame.App
15:01:24.391 [FXGL Background Thread 1 ] DEBUG GameApplicationServi - Applying CSS: fxgl_dark.css
15:01:24.392 [FXGL Background Thread 1 ] DEBUG FXGLAssetLoaderServi - Loading from file system: jar:file:///C:/Users/acer/.m2/repository/com/github/almasb/fxgl/dev-SNAPSHOT/fxgl-dev-SNAPSHOT.jar!/fxglassets/ui/css/fxgl_dark.css
15:01:24.429 [FXGL Background Thread 1 ] DEBUG GameApplicationServi - Initializing application scenes
15:01:24.452 [FXGL Background Thread 1 ] DEBUG GameWorld            - Game world initialized
15:01:24.485 [FXGL Background Thread 1 ] DEBUG PhysicsWorld         - Physics world initialized: appHeight=600, physics.ppm=50.0
15:01:24.485 [FXGL Background Thread 1 ] DEBUG PhysicsWorld         - Using strategy: BRUTE_FORCE
15:01:24.487 [FXGL Background Thread 1 ] DEBUG GameScene            - Game scene initialized: 800x600
15:01:24.494 [FXGL Background Thread 1 ] DEBUG FXGL.DefaultMenu     - createMenuBodyMainMenu()
15:01:24.504 [FXGL Background Thread 1 ] DEBUG FXGL.DefaultMenu     - createOptionsMenu()
15:01:24.509 [FXGL Background Thread 1 ] DEBUG FXGLAssetLoaderServi - Loading from file system: jar:file:///C:/Users/acer/.m2/repository/com/github/almasb/fxgl/dev-SNAPSHOT/fxgl-dev-SNAPSHOT.jar!/fxglassets/textures/particles/smoke.png
15:01:24.567 [FXGL Background Thread 1 ] DEBUG FXGLAssetLoaderServi - Loading from file system: jar:file:///C:/Users/acer/.m2/repository/com/github/almasb/fxgl/dev-SNAPSHOT/fxgl-dev-SNAPSHOT.jar!/fxglassets/textures/particles/trace_horizontal.png
15:01:24.588 [FXGL Background Thread 1 ] DEBUG FXGLAssetLoaderServi - Loading from file system: file:/C:/Users/acer/OneDrive/Desktop/git%20pull/CSS124L-FINAL-PROJECT/fp/target/classes/assets/ui/fonts/PIXELADE.TTF
15:01:24.848 [FXGL Background Thread 1 ] DEBUG FXGLAssetLoaderServi - Loading from file system: file:/C:/Users/acer/OneDrive/Desktop/git%20pull/CSS124L-FINAL-PROJECT/fp/target/classes/assets/textures/spbtn.png
15:01:24.862 [FXGL Background Thread 1 ] DEBUG FXGLAssetLoaderServi - Loading from file system: file:/C:/Users/acer/OneDrive/Desktop/git%20pull/CSS124L-FINAL-PROJECT/fp/target/classes/assets/textures/return.png
15:01:24.869 [FXGL Background Thread 1 ] DEBUG GameApplicationServi - Application scenes initialized
15:01:24.874 [FXGL Background Thread 1 ] DEBUG SystemBundleService  - Loading FXGL system data
15:01:24.877 [FXGL Background Thread 1 ] DEBUG FileSystemAccess     - Reading from: C:\Users\acer\OneDrive\Desktop\git pull\CSS124L-FINAL-PROJECT\system\fxgl.bundle
15:01:24.881 [FXGL Background Thread 1 ] DEBUG SystemBundleService  - Bundle FXGL: {}
15:01:24.881 [FXGL Background Thread 1 ] DEBUG UpdaterService       - Checking for updates
15:01:24.896 [FXGL Background Thread 1 ] DEBUG FXGLApplication      - Loading default localization
15:01:24.896 [FXGL Background Thread 4 ] DEBUG FXGLApplication      - Loading fonts
15:01:24.896 [FXGL Background Thread 1 ] DEBUG FXGLAssetLoaderServi - Loading from file system: jar:file:///C:/Users/acer/.m2/repository/com/github/almasb/fxgl/dev-SNAPSHOT/fxgl-dev-SNAPSHOT.jar!/fxglassets/languages/english.lang
15:01:24.896 [FXGL Background Thread 4 ] DEBUG FXGLAssetLoaderServi - Loading from file system: jar:file:///C:/Users/acer/.m2/repository/com/github/almasb/fxgl/dev-SNAPSHOT/fxgl-dev-SNAPSHOT.jar!/fxglassets/ui/fonts/VarelaRound-Regular.ttf
15:01:24.902 [FXGL Background Thread 4 ] DEBUG FXGLAssetLoaderServi - Loading from file system: jar:file:///C:/Users/acer/.m2/repository/com/github/almasb/fxgl/dev-SNAPSHOT/fxgl-dev-SNAPSHOT.jar!/fxglassets/ui/fonts/Abel-Regular.ttf
15:01:24.907 [FXGL Background Thread 4 ] DEBUG FXGLAssetLoaderServi - Loading from file system: jar:file:///C:/Users/acer/.m2/repository/com/github/almasb/fxgl/dev-SNAPSHOT/fxgl-dev-SNAPSHOT.jar!/fxglassets/ui/fonts/lucida_console.ttf
15:01:24.908 [FXGL Background Thread 1 ] INFO  FXGLApplication      - FXGL initialization took: 0.549 sec
15:01:24.914 [FXGL Background Thread 4 ] DEBUG FXGLAssetLoaderServi - Loading from file system: jar:file:///C:/Users/acer/.m2/repository/com/github/almasb/fxgl/dev-SNAPSHOT/fxgl-dev-SNAPSHOT.jar!/fxglassets/ui/fonts/Courier-Prime.ttf
15:01:24.916 [JavaFX Application Thread] DEBUG Input                - Registered new binding: Move Upwards - W
15:01:24.916 [JavaFX Application Thread] DEBUG Input                - Registered new binding: Move Down - S
15:01:24.916 [JavaFX Application Thread] DEBUG Input                - Registered new binding: Move Left - A
15:01:24.916 [JavaFX Application Thread] DEBUG Input                - Registered new binding: Move Right - D
15:01:24.917 [JavaFX Application Thread] DEBUG Input                - Registered new binding: Reload - R
15:01:24.917 [JavaFX Application Thread] DEBUG Input                - Registered new binding: Shoot - LMB
15:01:24.918 [JavaFX Application Thread] DEBUG Input                - Registered new binding: Switch Weapons - Q
15:01:24.918 [JavaFX Application Thread] DEBUG Input                - Registered new binding: Interact - F
15:01:24.919 [JavaFX Application Thread] DEBUG FXGLAssetLoaderServi - Loading from file system: file:/C:/Users/acer/OneDrive/Desktop/git%20pull/CSS124L-FINAL-PROJECT/fp/target/classes/assets/music/titleBGM.mp3
15:01:25.019 [JavaFX Application Thread] DEBUG AudioPlayer          - Playing music com.almasb.fxgl.audio.Music@6e88151d
15:01:25.020 [JavaFX Application Thread] DEBUG FXGLAssetLoaderServi - Loading from file system: jar:file:///C:/Users/acer/.m2/repository/com/github/almasb/fxgl/dev-SNAPSHOT/fxgl-dev-SNAPSHOT.jar!/fxglassets/textures/fxgl_icon.png
15:01:25.024 [JavaFX Application Thread] DEBUG FXGLAssetLoaderServi - Loading from file system: jar:file:///C:/Users/acer/.m2/repository/com/github/almasb/fxgl/dev-SNAPSHOT/fxgl-dev-SNAPSHOT.jar!/fxglassets/textures/fxgl_default_cursor.png
15:01:25.025 [JavaFX Application Thread] DEBUG Input                - Registered new binding: Screenshot - CTRL+8
15:01:25.025 [JavaFX Application Thread] DEBUG Input                - Registered new binding: Dev Options - 1
15:01:25.026 [JavaFX Application Thread] DEBUG Input                - Registered new binding: Dev Console - 2
15:01:25.026 [JavaFX Application Thread] DEBUG Input                - Registered new binding: System info dump - CTRL+9
15:01:25.026 [JavaFX Application Thread] DEBUG Input                - Registered new binding: Restart - CTRL+R
15:01:25.026 [JavaFX Application Thread] DEBUG Input                - Registered new binding: Toggle Debug Camera - CTRL+C
15:01:25.028 [JavaFX Application Thread] DEBUG LoopRunner           - Starting loop
15:01:25.035 [JavaFX Application Thread] DEBUG LoopRunner           - Initializing JavaFX AnimationTimerLoop
15:01:25.037 [JavaFX Application Thread] DEBUG Input                - Clearing active input actions
15:01:25.044 [JavaFX Application Thread] DEBUG GameApplicationServi - Removing overlay from FXGLStartupScene and adding to FXGLMainMenuDummyScene
15:01:25.047 [JavaFX Application Thread] DEBUG PrimaryStageWindow   - FXGLStartupScene -> FXGLMainMenuDummyScene
15:01:25.047 [JavaFX Application Thread] DEBUG PrimaryStageWindow   - Push state: FXGLDefaultMenu
15:01:25.049 [JavaFX Application Thread] DEBUG Input                - Clearing active input actions
15:01:25.053 [JavaFX Application Thread] DEBUG GameApplicationServi - Removing overlay from FXGLMainMenuDummyScene and adding to FXGLDefaultMenu
15:01:25.053 [JavaFX Application Thread] DEBUG PrimaryStageWindow   - FXGLMainMenuDummyScene -> FXGLDefaultMenu
15:01:25.063 [JavaFX Application Thread] DEBUG FXGLApplication      - Registering font factories with UI factory
15:01:25.414 [FXGL Background Thread 2 ] INFO  UpdaterService       - Your current version:  dev-SNAPSHOT
15:01:25.415 [FXGL Background Thread 2 ] INFO  UpdaterService       - Latest stable version: 21.1
15:01:25.873 [JavaFX Application Thread] DEBUG Menu                 - fireNewGame()
15:01:25.873 [JavaFX Application Thread] DEBUG GameApplicationServi - Starting new game
15:01:25.874 [JavaFX Application Thread] DEBUG PrimaryStageWindow   - Pop state: FXGLDefaultMenu
15:01:25.874 [JavaFX Application Thread] DEBUG Input                - Clearing active input actions
15:01:25.875 [JavaFX Application Thread] DEBUG GameApplicationServi - Removing overlay from FXGLDefaultMenu and adding to FXGLMainMenuDummyScene
15:01:25.876 [JavaFX Application Thread] DEBUG PrimaryStageWindow   - FXGLMainMenuDummyScene <- FXGLDefaultMenu
15:01:25.877 [JavaFX Application Thread] DEBUG Input                - Clearing active input actions
15:01:25.883 [JavaFX Application Thread] DEBUG GameApplicationServi - Removing overlay from FXGLMainMenuDummyScene and adding to FXGLLoadingScene
15:01:25.884 [JavaFX Application Thread] DEBUG PrimaryStageWindow   - FXGLMainMenuDummyScene -> FXGLLoadingScene
15:01:25.884 [JavaFX Application Thread] DEBUG GameApplicationServi - Clearing previous game
15:01:25.884 [JavaFX Application Thread] DEBUG GameScene            - Clearing game scene
15:01:25.884 [JavaFX Application Thread] DEBUG GameWorld            - Clearing game world
15:01:25.884 [JavaFX Application Thread] DEBUG PhysicsWorld         - Clearing physics world
15:01:25.886 [FXGL Background Thread 2 ] DEBUG FXGLApplication      - Initializing game
15:01:25.924 [FXGL Background Thread 2 ] WARN  TMXLevelLoader       - TiledMap generated from 1.11.0. Supported version: 1.2.3. Some features may not be parsed fully.
15:01:25.948 [FXGL Background Thread 2 ] DEBUG TMXLevelLoader       - Parsed TiledMap: file:/C:/Users/acer/OneDrive/Desktop/git%20pull/CSS124L-FINAL-PROJECT/fp/target/classes/assets/levels/Warehouse.tmx
15:01:25.949 [FXGL Background Thread 2 ] DEBUG TMXLevelLoader       - Creating tile layer entities
15:01:25.950 [FXGL Background Thread 2 ] DEBUG TilesetLoader        - Loading view for layer Floor
15:01:25.956 [FXGL Background Thread 2 ] DEBUG TilesetLoader        - Created buffer with size 2240.0x1600.0
15:01:25.970 [FXGL Background Thread 2 ] DEBUG TilesetLoader        - Loading view for layer Wall
15:01:25.976 [FXGL Background Thread 2 ] DEBUG TilesetLoader        - Created buffer with size 2240.0x1600.0
15:01:25.988 [FXGL Background Thread 2 ] DEBUG TilesetLoader        - Loading view for layer Props
15:01:25.994 [FXGL Background Thread 2 ] DEBUG TilesetLoader        - Created buffer with size 2240.0x1600.0
15:01:26.004 [FXGL Background Thread 2 ] DEBUG TMXLevelLoader       - Creating object layer entities
15:01:26.024 [FXGL Background Thread 2 ] DEBUG GameWorld            - Clearing removable entities
15:01:26.024 [FXGL Background Thread 2 ] DEBUG GameWorld            - Setting level: com.almasb.fxgl.entity.level.Level@b78ccce
15:01:26.035 [FXGL Background Thread 2 ] INFO  FXGLApplication      - Game initialization took: 0.149 sec
15:01:26.036 [JavaFX Application Thread] DEBUG Input                - Clearing active input actions
15:01:26.039 [JavaFX Application Thread] DEBUG GameApplicationServi - Removing overlay from FXGLLoadingScene and adding to GameScene
15:01:26.040 [JavaFX Application Thread] DEBUG PrimaryStageWindow   - FXGLLoadingScene -> GameScene
15:01:26.042 [JavaFX Application Thread] DEBUG FXGLAssetLoaderServi - Loading from file system: file:/C:/Users/acer/OneDrive/Desktop/git%20pull/CSS124L-FINAL-PROJECT/fp/target/classes/assets/textures/Interactables/microwave_close.png
15:01:26.044 [JavaFX Application Thread] DEBUG PrimaryStageWindow   - Push state: PCM_BG
15:01:26.044 [JavaFX Application Thread] DEBUG Input                - Clearing active input actions
15:01:26.044 [JavaFX Application Thread] DEBUG GameApplicationServi - Removing overlay from GameScene and adding to PCM_BG
15:01:26.045 [JavaFX Application Thread] DEBUG PrimaryStageWindow   - GameScene -> PCM_BG
15:01:26.051 [JavaFX Application Thread] DEBUG PrimaryStageWindow   - Push state: PlayerCountMenu
15:01:26.051 [JavaFX Application Thread] DEBUG Input                - Clearing active input actions
15:01:26.052 [JavaFX Application Thread] DEBUG GameApplicationServi - Removing overlay from PCM_BG and adding to PlayerCountMenu
15:01:26.055 [JavaFX Application Thread] DEBUG PrimaryStageWindow   - PCM_BG -> PlayerCountMenu
15:01:27.894 [FXGL Background Thread 3 ] DEBUG Engine               - Logging environment variables
15:01:27.894 [FXGL Background Thread 3 ] DEBUG Engine               - achievements: []
15:01:27.894 [FXGL Background Thread 3 ] DEBUG Engine               - actualHeight: 600.0
15:01:27.894 [FXGL Background Thread 3 ] DEBUG Engine               - actualHeightProperty: ReadOnlyDoubleProperty [value: 600.0]
15:01:27.894 [FXGL Background Thread 3 ] DEBUG Engine               - actualWidth: 800.0
15:01:27.894 [FXGL Background Thread 3 ] DEBUG Engine               - actualWidthProperty: ReadOnlyDoubleProperty [value: 800.0]
15:01:27.896 [FXGL Background Thread 3 ] DEBUG Engine               - appIcon: fxgl_icon.png
15:01:27.896 [FXGL Background Thread 3 ] DEBUG Engine               - applicationMode: DEVELOPER
15:01:27.896 [FXGL Background Thread 3 ] DEBUG Engine               - cSSList: [fxgl_dark.css]
15:01:27.896 [FXGL Background Thread 3 ] DEBUG Engine               - collisionDetectionStrategy: BRUTE_FORCE
15:01:27.896 [FXGL Background Thread 3 ] DEBUG Engine               - configClass: Optional.empty
15:01:27.896 [FXGL Background Thread 3 ] DEBUG Engine               - credits: []
15:01:27.897 [FXGL Background Thread 3 ] DEBUG Engine               - defaultCursor: CursorInfo(imageName=fxgl_default_cursor.png, hotspotX=7.0, hotspotY=6.0)
15:01:27.897 [FXGL Background Thread 3 ] DEBUG Engine               - devBBoxColorProperty: ObjectProperty [value: 0xff0000ff]
15:01:27.897 [FXGL Background Thread 3 ] DEBUG Engine               - devEnableDebugCameraProperty: BooleanProperty [value: false]
15:01:27.897 [FXGL Background Thread 3 ] DEBUG Engine               - devSensorColorProperty: ObjectProperty [value: 0xffff00ff]
15:01:27.897 [FXGL Background Thread 3 ] DEBUG Engine               - devShowBBoxProperty: BooleanProperty [value: false]
15:01:27.897 [FXGL Background Thread 3 ] DEBUG Engine               - devShowPositionProperty: BooleanProperty [value: false]
15:01:27.897 [FXGL Background Thread 3 ] DEBUG Engine               - enabledMenuItems: []
15:01:27.897 [FXGL Background Thread 3 ] DEBUG Engine               - engineServices: [class com.almasb.fxgl.app.services.FXGLAssetLoaderService, class com.almasb.fxgl.app.FXGLApplication$GameApplicationService, class com.almasb.fxgl.app.services.FXGLDialogService, class com.almasb.fxgl.app.services.IOTaskExecutorService, class com.almasb.fxgl.io.FileSystemService, class com.almasb.fxgl.localization.LocalizationService, class com.almasb.fxgl.app.services.SystemBundleService, class com.almasb.fxgl.profile.SaveLoadService, class com.almasb.fxgl.ui.FXGLUIFactoryServiceProvider, class com.almasb.fxgl.ui.FXGLDialogFactoryServiceProvider, class com.almasb.fxgl.audio.AudioPlayer, class com.almasb.fxgl.notification.impl.NotificationServiceProvider, class com.almasb.fxgl.achievement.AchievementService, class com.almasb.fxgl.cutscene.CutsceneService, class com.almasb.fxgl.minigames.MiniGameService, class com.almasb.fxgl.net.NetService, class com.almasb.fxgl.app.services.UpdaterService, class com.almasb.fxgl.dev.DevService, class com.almasb.fxgl.multiplayer.MultiplayerService]
15:01:27.897 [FXGL Background Thread 3 ] DEBUG Engine               - fontGame: Abel-Regular.ttf
15:01:27.897 [FXGL Background Thread 3 ] DEBUG Engine               - fontMono: lucida_console.ttf
15:01:27.897 [FXGL Background Thread 3 ] DEBUG Engine               - fontText: Courier-Prime.ttf
15:01:27.897 [FXGL Background Thread 3 ] DEBUG Engine               - fontUI: VarelaRound-Regular.ttf
15:01:27.897 [FXGL Background Thread 3 ] DEBUG Engine               - fullScreen: BooleanProperty [value: false]
15:01:27.898 [FXGL Background Thread 3 ] DEBUG Engine               - gameDifficulty: MEDIUM
15:01:27.898 [FXGL Background Thread 3 ] DEBUG Engine               - gameDifficultyProperty: ObjectProperty [value: MEDIUM]
15:01:27.898 [FXGL Background Thread 3 ] DEBUG Engine               - globalMusicVolume: 0.5
15:01:27.898 [FXGL Background Thread 3 ] DEBUG Engine               - globalMusicVolumeProperty: DoubleProperty [value: 0.5]
15:01:27.898 [FXGL Background Thread 3 ] DEBUG Engine               - globalSoundVolume: 0.5
15:01:27.898 [FXGL Background Thread 3 ] DEBUG Engine               - globalSoundVolumeProperty: DoubleProperty [value: 0.5]
15:01:27.898 [FXGL Background Thread 3 ] DEBUG Engine               - height: 600
15:01:27.898 [FXGL Background Thread 3 ] DEBUG Engine               - is3D: false
15:01:27.898 [FXGL Background Thread 3 ] DEBUG Engine               - isAndroid: false
15:01:27.898 [FXGL Background Thread 3 ] DEBUG Engine               - isBrowser: false
15:01:27.898 [FXGL Background Thread 3 ] DEBUG Engine               - isClickFeedbackEnabled: false
15:01:27.898 [FXGL Background Thread 3 ] DEBUG Engine               - isCloseConfirmation: false
15:01:27.898 [FXGL Background Thread 3 ] DEBUG Engine               - isDesktop: true
15:01:27.898 [FXGL Background Thread 3 ] DEBUG Engine               - isDeveloperMenuEnabled: true
15:01:27.898 [FXGL Background Thread 3 ] DEBUG Engine               - isEmbedded: false
15:01:27.898 [FXGL Background Thread 3 ] DEBUG Engine               - isEntityPreloadEnabled: true
15:01:27.898 [FXGL Background Thread 3 ] DEBUG Engine               - isExperimentalTiledLargeMap: false
15:01:27.898 [FXGL Background Thread 3 ] DEBUG Engine               - isFileSystemWriteAllowed: true
15:01:27.898 [FXGL Background Thread 3 ] DEBUG Engine               - isFullScreenAllowed: false
15:01:27.898 [FXGL Background Thread 3 ] DEBUG Engine               - isFullScreenFromStart: false
15:01:27.898 [FXGL Background Thread 3 ] DEBUG Engine               - isGameMenuEnabled: true
15:01:27.898 [FXGL Background Thread 3 ] DEBUG Engine               - isIOS: false
15:01:27.899 [FXGL Background Thread 3 ] DEBUG Engine               - isIntroEnabled: false
15:01:27.899 [FXGL Background Thread 3 ] DEBUG Engine               - isLinux: false
15:01:27.899 [FXGL Background Thread 3 ] DEBUG Engine               - isMac: false
15:01:27.899 [FXGL Background Thread 3 ] DEBUG Engine               - isMainMenuEnabled: true
15:01:27.899 [FXGL Background Thread 3 ] DEBUG Engine               - isManualResizeEnabled: false
15:01:27.899 [FXGL Background Thread 3 ] DEBUG Engine               - isMobile: false
15:01:27.899 [FXGL Background Thread 3 ] DEBUG Engine               - isNative: false
15:01:27.899 [FXGL Background Thread 3 ] DEBUG Engine               - isPauseMusicWhenMinimized: true
15:01:27.899 [FXGL Background Thread 3 ] DEBUG Engine               - isPreserveResizeRatio: false
15:01:27.899 [FXGL Background Thread 3 ] DEBUG Engine               - isProfilingEnabled: false
15:01:27.899 [FXGL Background Thread 3 ] DEBUG Engine               - isScaleAffectedOnResize: true
15:01:27.899 [FXGL Background Thread 3 ] DEBUG Engine               - isSingleStep: false
15:01:27.899 [FXGL Background Thread 3 ] DEBUG Engine               - isUserProfileEnabled: false
15:01:27.899 [FXGL Background Thread 3 ] DEBUG Engine               - isWindows: true
15:01:27.899 [FXGL Background Thread 3 ] DEBUG Engine               - language: ObjectProperty [value: ENGLISH]
15:01:27.899 [FXGL Background Thread 3 ] DEBUG Engine               - menuKey: ESCAPE
15:01:27.899 [FXGL Background Thread 3 ] DEBUG Engine               - mouseSensitivity: 0.2
15:01:27.899 [FXGL Background Thread 3 ] DEBUG Engine               - notificationViewClass: class com.almasb.fxgl.notification.view.XboxNotificationView
15:01:27.899 [FXGL Background Thread 3 ] DEBUG Engine               - pixelsPerMeter: 50.0
15:01:27.899 [FXGL Background Thread 3 ] DEBUG Engine               - platform: WINDOWS
15:01:27.899 [FXGL Background Thread 3 ] DEBUG Engine               - prefHeightProperty: ReadOnlyDoubleProperty [value: 600.0]
15:01:27.899 [FXGL Background Thread 3 ] DEBUG Engine               - prefWidthProperty: ReadOnlyDoubleProperty [value: 800.0]
15:01:27.899 [FXGL Background Thread 3 ] DEBUG Engine               - profileDir: profiles/
15:01:27.899 [FXGL Background Thread 3 ] DEBUG Engine               - profileName: StringProperty [value: DEFAULT]
15:01:27.899 [FXGL Background Thread 3 ] DEBUG Engine               - randomSeed: -1
15:01:27.899 [FXGL Background Thread 3 ] DEBUG Engine               - runtimeInfo: RuntimeInfo(platform=WINDOWS, version=dev-SNAPSHOT, build=28.07.2021 16.39)
15:01:27.899 [FXGL Background Thread 3 ] DEBUG Engine               - saveFileExt: sav
15:01:27.899 [FXGL Background Thread 3 ] DEBUG Engine               - scaledHeightProp$fxgl: DoubleProperty [bound, value: 600.0]
15:01:27.899 [FXGL Background Thread 3 ] DEBUG Engine               - scaledWidthProp$fxgl: DoubleProperty [bound, value: 800.0]
15:01:27.899 [FXGL Background Thread 3 ] DEBUG Engine               - sceneFactory: com.groupfour.mygame.App$1@57297d88
15:01:27.899 [FXGL Background Thread 3 ] DEBUG Engine               - secondsIn24h: 60
15:01:27.899 [FXGL Background Thread 3 ] DEBUG Engine               - soundMenuBack: menu/back.wav
15:01:27.899 [FXGL Background Thread 3 ] DEBUG Engine               - soundMenuPress: titleSelect.mp3
15:01:27.899 [FXGL Background Thread 3 ] DEBUG Engine               - soundMenuSelect: menu/select.wav
15:01:27.899 [FXGL Background Thread 3 ] DEBUG Engine               - soundNotification: core/notification.wav
15:01:27.899 [FXGL Background Thread 3 ] DEBUG Engine               - stageStyle: DECORATED
15:01:27.900 [FXGL Background Thread 3 ] DEBUG Engine               - supportedLanguages: [ENGLISH, FRENCH, GERMAN, HUNGARIAN, RUSSIAN]
15:01:27.900 [FXGL Background Thread 3 ] DEBUG Engine               - ticksPerSecond: -1
15:01:27.900 [FXGL Background Thread 3 ] DEBUG Engine               - title: Flatline: Oregon
15:01:27.900 [FXGL Background Thread 3 ] DEBUG Engine               - urlGithub: https://github.com/AlmasB/FXGL
15:01:27.900 [FXGL Background Thread 3 ] DEBUG Engine               - urlLeaderboard: http://fxgl-top.herokuapp.com/
15:01:27.900 [FXGL Background Thread 3 ] DEBUG Engine               - urlPOM: https://raw.githubusercontent.com/AlmasB/FXGL/release/README.md
15:01:27.900 [FXGL Background Thread 3 ] DEBUG Engine               - userAppClass: class com.groupfour.mygame.App
15:01:27.900 [FXGL Background Thread 3 ] DEBUG Engine               - version: Beta ?
15:01:27.900 [FXGL Background Thread 3 ] DEBUG Engine               - versionCheckDays: 7
15:01:27.900 [FXGL Background Thread 3 ] DEBUG Engine               - width: 800
15:01:27.900 [FXGL Background Thread 3 ] DEBUG Engine               - Logging services
15:01:27.900 [FXGL Background Thread 3 ] DEBUG Engine               - class com.almasb.fxgl.app.services.FXGLAssetLoaderService
15:01:27.900 [FXGL Background Thread 3 ] DEBUG Engine               - class com.almasb.fxgl.app.FXGLApplication$GameApplicationService
15:01:27.900 [FXGL Background Thread 3 ] DEBUG Engine               - class com.almasb.fxgl.app.services.FXGLDialogService
15:01:27.900 [FXGL Background Thread 3 ] DEBUG Engine               - class com.almasb.fxgl.app.services.IOTaskExecutorService
15:01:27.900 [FXGL Background Thread 3 ] DEBUG Engine               - class com.almasb.fxgl.io.FileSystemService
15:01:27.900 [FXGL Background Thread 3 ] DEBUG Engine               - class com.almasb.fxgl.localization.LocalizationService
15:01:27.900 [FXGL Background Thread 3 ] DEBUG Engine               - class com.almasb.fxgl.app.services.SystemBundleService
15:01:27.900 [FXGL Background Thread 3 ] DEBUG Engine               - class com.almasb.fxgl.profile.SaveLoadService
15:01:27.900 [FXGL Background Thread 3 ] DEBUG Engine               - class com.almasb.fxgl.ui.FXGLUIFactoryServiceProvider
15:01:27.901 [FXGL Background Thread 3 ] DEBUG Engine               - class com.almasb.fxgl.ui.FXGLDialogFactoryServiceProvider
15:01:27.901 [FXGL Background Thread 3 ] DEBUG Engine               - class com.almasb.fxgl.audio.AudioPlayer
15:01:27.901 [FXGL Background Thread 3 ] DEBUG Engine               - class com.almasb.fxgl.notification.impl.NotificationServiceProvider
15:01:27.901 [FXGL Background Thread 3 ] DEBUG Engine               - class com.almasb.fxgl.achievement.AchievementService
15:01:27.901 [FXGL Background Thread 3 ] DEBUG Engine               - class com.almasb.fxgl.cutscene.CutsceneService
15:01:27.901 [FXGL Background Thread 3 ] DEBUG Engine               - class com.almasb.fxgl.minigames.MiniGameService
15:01:27.901 [FXGL Background Thread 3 ] DEBUG Engine               - class com.almasb.fxgl.net.NetService
15:01:27.901 [FXGL Background Thread 3 ] DEBUG Engine               - class com.almasb.fxgl.app.services.UpdaterService
15:01:27.901 [FXGL Background Thread 3 ] DEBUG Engine               - class com.almasb.fxgl.dev.DevService
15:01:27.901 [FXGL Background Thread 3 ] DEBUG Engine               - class com.almasb.fxgl.multiplayer.MultiplayerService
15:01:33.530 [JavaFX Application Thread] DEBUG AudioPlayer          - Stopping music com.almasb.fxgl.audio.Music@6e88151d
15:01:33.584 [JavaFX Application Thread] DEBUG FXGLAssetLoaderServi - Loading from file system: file:/C:/Users/acer/OneDrive/Desktop/git%20pull/CSS124L-FINAL-PROJECT/fp/target/classes/assets/sounds/Reload.mp3
15:01:33.589 [JavaFX Application Thread] DEBUG FXGLAssetLoaderServi - Loading from file system: file:/C:/Users/acer/OneDrive/Desktop/git%20pull/CSS124L-FINAL-PROJECT/fp/target/classes/assets/sounds/BerettaM9_Shoot.mp3
15:01:33.593 [JavaFX Application Thread] DEBUG FXGLAssetLoaderServi - Loading from file system: file:/C:/Users/acer/OneDrive/Desktop/git%20pull/CSS124L-FINAL-PROJECT/fp/target/classes/assets/textures/Weapons/Idle/BerettaM9_Idle.png
15:01:33.593 [JavaFX Application Thread] DEBUG FXGLAssetLoaderServi - Loading from file system: file:/C:/Users/acer/OneDrive/Desktop/git%20pull/CSS124L-FINAL-PROJECT/fp/target/classes/assets/textures/Weapons/Shooting/BerettaM9_Shooting.png
15:01:33.595 [JavaFX Application Thread] DEBUG FXGLAssetLoaderServi - Loading from file system: file:/C:/Users/acer/OneDrive/Desktop/git%20pull/CSS124L-FINAL-PROJECT/fp/target/classes/assets/textures/Players/1P_Shoot.png
15:01:33.597 [JavaFX Application Thread] DEBUG FXGLAssetLoaderServi - Loading from file system: file:/C:/Users/acer/OneDrive/Desktop/git%20pull/CSS124L-FINAL-PROJECT/fp/target/classes/assets/textures/Interactables/vending_machine.png
15:01:33.600 [JavaFX Application Thread] DEBUG PrimaryStageWindow   - Pop state: PlayerCountMenu
15:01:33.600 [JavaFX Application Thread] DEBUG Input                - Clearing active input actions
15:01:33.600 [JavaFX Application Thread] DEBUG GameApplicationServi - Removing overlay from PlayerCountMenu and adding to PCM_BG
15:01:33.601 [JavaFX Application Thread] DEBUG PrimaryStageWindow   - PCM_BG <- PlayerCountMenu
15:01:33.601 [JavaFX Application Thread] DEBUG PrimaryStageWindow   - Pop state: PCM_BG
15:01:33.601 [JavaFX Application Thread] DEBUG Input                - Clearing active input actions
15:01:33.601 [JavaFX Application Thread] DEBUG GameApplicationServi - Removing overlay from PCM_BG and adding to GameScene
15:01:33.601 [JavaFX Application Thread] DEBUG PrimaryStageWindow   - GameScene <- PCM_BG
15:01:33.664 [JavaFX Application Thread] DEBUG FXGLAssetLoaderServi - Loading from file system: file:/C:/Users/acer/OneDrive/Desktop/git%20pull/CSS124L-FINAL-PROJECT/fp/target/classes/assets/textures/Zombies/Basic_Zombie_Walking.png
15:01:33.666 [JavaFX Application Thread] DEBUG FXGLAssetLoaderServi - Loading from file system: file:/C:/Users/acer/OneDrive/Desktop/git%20pull/CSS124L-FINAL-PROJECT/fp/target/classes/assets/textures/Zombies/Basic_Zombie_Attack.png
15:01:36.170 [JavaFX Application Thread] DEBUG FXGLApplication      - Exiting FXGL
15:01:36.170 [JavaFX Application Thread] DEBUG LoopRunner           - Stopping loop
15:01:36.170 [JavaFX Application Thread] DEBUG SystemBundleService  - Saving FXGL system data
15:01:36.171 [JavaFX Application Thread] DEBUG FileSystemAccess     - Writing to: C:\Users\acer\OneDrive\Desktop\git pull\CSS124L-FINAL-PROJECT\system\fxgl.bundle
15:01:36.173 [JavaFX Application Thread] DEBUG Async                - Shutting down background threads
15:01:36.173 [JavaFX Application Thread] DEBUG PrimaryStageWindow   - Closing main window
15:01:36.184 [JavaFX Application Thread] DEBUG Logger               - Closing Logger
