01:33:55.819 [main                     ] DEBUG Logger               - Configured Logger
01:33:55.822 [main                     ] DEBUG GameApplication      - Logging settings
Title: Flatline: Oregon
Version: Beta ?
Width: 800
Height: 600
Fullscreen: false
Intro: false
Profiling: false
Single step:false
App Mode: DEVELOPER
Menu Key: ESCAPE
Stage Style: DECORATED
Scene Factory: class com.groupfour.mygame.App$1

01:33:56.114 [JavaFX Application Thread] DEBUG FXGLApplication      - Initializing FXGL
01:33:56.115 [JavaFX Application Thread] INFO  Engine               - FXGL-dev-SNAPSHOT (28.07.2021 16.39) on WINDOWS (J:21.0.4 FX:16)
01:33:56.115 [JavaFX Application Thread] DEBUG Engine               - JRE Vendor Name: Eclipse Adoptium
01:33:56.116 [JavaFX Application Thread] DEBUG Engine               - Running on OS: Windows 11 version 10.0
01:33:56.116 [JavaFX Application Thread] DEBUG Engine               - Architecture: amd64
01:33:56.116 [JavaFX Application Thread] INFO  Engine               - Source code and latest versions at: https://github.com/AlmasB/FXGL
01:33:56.116 [JavaFX Application Thread] INFO  Engine               -              Join the FXGL chat at: https://gitter.im/AlmasB/FXGL
01:33:56.182 [JavaFX Application Thread] DEBUG PrimaryStageWindow   - Creating a JavaFX scene
01:33:56.217 [JavaFX Application Thread] DEBUG PrimaryStageWindow   - Target settings size: 800.0 x 600.0
01:33:56.218 [JavaFX Application Thread] DEBUG PrimaryStageWindow   - Scaled scene size:    800.0 x 600.0
01:33:56.218 [JavaFX Application Thread] DEBUG PrimaryStageWindow   - Scaled ratio: (1.0, 1.0)
01:33:56.218 [JavaFX Application Thread] DEBUG PrimaryStageWindow   - Set initial scene to FXGLStartupScene
01:33:56.223 [JavaFX Application Thread] DEBUG PrimaryStageWindow   - Opening main window
01:33:56.290 [JavaFX Application Thread] DEBUG PrimaryStageWindow   - Window border size: (16.0, 39.0)
01:33:56.292 [JavaFX Application Thread] DEBUG PrimaryStageWindow   - Scaled size: 800.0 x 600.0
01:33:56.292 [JavaFX Application Thread] DEBUG PrimaryStageWindow   - Scaled ratio: (1.0, 1.0)
01:33:56.292 [JavaFX Application Thread] DEBUG PrimaryStageWindow   - Scene size: 800.0 x 600.0
01:33:56.292 [JavaFX Application Thread] DEBUG PrimaryStageWindow   - Stage size: 816.0 x 639.0
01:33:56.301 [FXGL Background Thread 1 ] DEBUG Engine               - Initializing environment variables
01:33:56.380 [FXGL Background Thread 1 ] DEBUG FXGLAssetLoaderServi - User app class for loading assets: class com.groupfour.mygame.App
01:33:56.381 [FXGL Background Thread 1 ] DEBUG GameApplicationServi - Applying CSS: fxgl_dark.css
01:33:56.381 [FXGL Background Thread 1 ] DEBUG FXGLAssetLoaderServi - Loading from file system: jar:file:///C:/Users/Cent/.m2/repository/com/github/almasb/fxgl/dev-SNAPSHOT/fxgl-dev-SNAPSHOT.jar!/fxglassets/ui/css/fxgl_dark.css
01:33:56.426 [FXGL Background Thread 1 ] DEBUG GameApplicationServi - Initializing application scenes
01:33:56.471 [FXGL Background Thread 1 ] DEBUG GameWorld            - Game world initialized
01:33:56.530 [FXGL Background Thread 1 ] DEBUG PhysicsWorld         - Physics world initialized: appHeight=600, physics.ppm=50.0
01:33:56.531 [FXGL Background Thread 1 ] DEBUG PhysicsWorld         - Using strategy: BRUTE_FORCE
01:33:56.532 [FXGL Background Thread 1 ] DEBUG GameScene            - Game scene initialized: 800x600
01:33:56.542 [FXGL Background Thread 1 ] DEBUG FXGL.DefaultMenu     - createMenuBodyMainMenu()
01:33:56.555 [FXGL Background Thread 1 ] DEBUG FXGL.DefaultMenu     - createOptionsMenu()
01:33:56.561 [FXGL Background Thread 1 ] DEBUG FXGLAssetLoaderServi - Loading from file system: jar:file:///C:/Users/Cent/.m2/repository/com/github/almasb/fxgl/dev-SNAPSHOT/fxgl-dev-SNAPSHOT.jar!/fxglassets/textures/particles/smoke.png
01:33:56.652 [FXGL Background Thread 1 ] DEBUG FXGLAssetLoaderServi - Loading from file system: jar:file:///C:/Users/Cent/.m2/repository/com/github/almasb/fxgl/dev-SNAPSHOT/fxgl-dev-SNAPSHOT.jar!/fxglassets/textures/particles/trace_horizontal.png
01:33:56.679 [FXGL Background Thread 1 ] DEBUG FXGLAssetLoaderServi - Loading from file system: file:/C:/Users/Cent/Desktop/CSS124L-LE/FinalExam/CSS124L-FINAL-PROJECT/fp/target/classes/assets/ui/fonts/PIXELADE.TTF
01:33:56.711 [FXGL Background Thread 1 ] DEBUG FXGLAssetLoaderServi - Loading from file system: file:/C:/Users/Cent/Desktop/CSS124L-LE/FinalExam/CSS124L-FINAL-PROJECT/fp/target/classes/assets/textures/spbtn.png
01:33:56.732 [FXGL Background Thread 1 ] DEBUG FXGLAssetLoaderServi - Loading from file system: file:/C:/Users/Cent/Desktop/CSS124L-LE/FinalExam/CSS124L-FINAL-PROJECT/fp/target/classes/assets/textures/mpbtn.png
01:33:56.740 [FXGL Background Thread 1 ] DEBUG FXGLAssetLoaderServi - Loading from file system: file:/C:/Users/Cent/Desktop/CSS124L-LE/FinalExam/CSS124L-FINAL-PROJECT/fp/target/classes/assets/textures/return.png
01:33:56.752 [FXGL Background Thread 1 ] DEBUG GameApplicationServi - Application scenes initialized
01:33:56.759 [FXGL Background Thread 1 ] DEBUG SystemBundleService  - Loading FXGL system data
01:33:56.762 [FXGL Background Thread 1 ] DEBUG FileSystemAccess     - Reading from: c:\Users\Cent\Desktop\CSS124L-LE\FinalExam\CSS124L-FINAL-PROJECT\system\fxgl.bundle
01:33:56.771 [FXGL Background Thread 1 ] DEBUG SystemBundleService  - Bundle FXGL: {}
01:33:56.771 [FXGL Background Thread 1 ] DEBUG UpdaterService       - Checking for updates
01:33:56.788 [FXGL Background Thread 4 ] DEBUG FXGLApplication      - Loading fonts
01:33:56.788 [FXGL Background Thread 4 ] DEBUG FXGLAssetLoaderServi - Loading from file system: jar:file:///C:/Users/Cent/.m2/repository/com/github/almasb/fxgl/dev-SNAPSHOT/fxgl-dev-SNAPSHOT.jar!/fxglassets/ui/fonts/VarelaRound-Regular.ttf
01:33:56.789 [FXGL Background Thread 1 ] DEBUG FXGLApplication      - Loading default localization
01:33:56.789 [FXGL Background Thread 1 ] DEBUG FXGLAssetLoaderServi - Loading from file system: jar:file:///C:/Users/Cent/.m2/repository/com/github/almasb/fxgl/dev-SNAPSHOT/fxgl-dev-SNAPSHOT.jar!/fxglassets/languages/english.lang
01:33:56.792 [FXGL Background Thread 4 ] DEBUG FXGLAssetLoaderServi - Loading from file system: jar:file:///C:/Users/Cent/.m2/repository/com/github/almasb/fxgl/dev-SNAPSHOT/fxgl-dev-SNAPSHOT.jar!/fxglassets/ui/fonts/Abel-Regular.ttf
01:33:56.796 [FXGL Background Thread 4 ] DEBUG FXGLAssetLoaderServi - Loading from file system: jar:file:///C:/Users/Cent/.m2/repository/com/github/almasb/fxgl/dev-SNAPSHOT/fxgl-dev-SNAPSHOT.jar!/fxglassets/ui/fonts/lucida_console.ttf
01:33:56.802 [FXGL Background Thread 4 ] DEBUG FXGLAssetLoaderServi - Loading from file system: jar:file:///C:/Users/Cent/.m2/repository/com/github/almasb/fxgl/dev-SNAPSHOT/fxgl-dev-SNAPSHOT.jar!/fxglassets/ui/fonts/Courier-Prime.ttf
01:33:56.806 [JavaFX Application Thread] DEBUG FXGLApplication      - Registering font factories with UI factory
01:33:56.808 [FXGL Background Thread 1 ] INFO  FXGLApplication      - FXGL initialization took: 0.507 sec
01:33:56.816 [JavaFX Application Thread] DEBUG Input                - Registered new binding: Move Upwards - W
01:33:56.816 [JavaFX Application Thread] DEBUG Input                - Registered new binding: Move Down - S
01:33:56.816 [JavaFX Application Thread] DEBUG Input                - Registered new binding: Move Left - A
01:33:56.816 [JavaFX Application Thread] DEBUG Input                - Registered new binding: Move Right - D
01:33:56.816 [JavaFX Application Thread] DEBUG Input                - Registered new binding: Reload - R
01:33:56.818 [JavaFX Application Thread] DEBUG Input                - Registered new binding: Shoot - LMB
01:33:56.818 [JavaFX Application Thread] DEBUG Input                - Registered new binding: Switch Weapons - Q
01:33:56.818 [JavaFX Application Thread] DEBUG Input                - Registered new binding: Interact - F
01:33:56.818 [JavaFX Application Thread] DEBUG FXGLAssetLoaderServi - Loading from file system: file:/C:/Users/Cent/Desktop/CSS124L-LE/FinalExam/CSS124L-FINAL-PROJECT/fp/target/classes/assets/music/titleBGM.mp3
01:33:56.936 [JavaFX Application Thread] DEBUG AudioPlayer          - Playing music com.almasb.fxgl.audio.Music@7832ea4d
01:33:56.936 [JavaFX Application Thread] DEBUG FXGLAssetLoaderServi - Loading from file system: jar:file:///C:/Users/Cent/.m2/repository/com/github/almasb/fxgl/dev-SNAPSHOT/fxgl-dev-SNAPSHOT.jar!/fxglassets/textures/fxgl_icon.png
01:33:56.947 [JavaFX Application Thread] DEBUG FXGLAssetLoaderServi - Loading from file system: jar:file:///C:/Users/Cent/.m2/repository/com/github/almasb/fxgl/dev-SNAPSHOT/fxgl-dev-SNAPSHOT.jar!/fxglassets/textures/fxgl_default_cursor.png
01:33:56.949 [JavaFX Application Thread] DEBUG Input                - Registered new binding: Screenshot - CTRL+8
01:33:56.949 [JavaFX Application Thread] DEBUG Input                - Registered new binding: Dev Options - 1
01:33:56.950 [JavaFX Application Thread] DEBUG Input                - Registered new binding: Dev Console - 2
01:33:56.950 [JavaFX Application Thread] DEBUG Input                - Registered new binding: System info dump - CTRL+9
01:33:56.950 [JavaFX Application Thread] DEBUG Input                - Registered new binding: Restart - CTRL+R
01:33:56.951 [JavaFX Application Thread] DEBUG Input                - Registered new binding: Toggle Debug Camera - CTRL+C
01:33:56.954 [JavaFX Application Thread] DEBUG LoopRunner           - Starting loop
01:33:56.965 [JavaFX Application Thread] DEBUG LoopRunner           - Initializing JavaFX AnimationTimerLoop
01:33:56.967 [JavaFX Application Thread] DEBUG Input                - Clearing active input actions
01:33:56.978 [JavaFX Application Thread] DEBUG GameApplicationServi - Removing overlay from FXGLStartupScene and adding to FXGLMainMenuDummyScene
01:33:56.982 [JavaFX Application Thread] DEBUG PrimaryStageWindow   - FXGLStartupScene -> FXGLMainMenuDummyScene
01:33:56.983 [JavaFX Application Thread] DEBUG PrimaryStageWindow   - Push state: FXGLDefaultMenu
01:33:56.986 [JavaFX Application Thread] DEBUG Input                - Clearing active input actions
01:33:56.993 [JavaFX Application Thread] DEBUG GameApplicationServi - Removing overlay from FXGLMainMenuDummyScene and adding to FXGLDefaultMenu
01:33:56.993 [JavaFX Application Thread] DEBUG PrimaryStageWindow   - FXGLMainMenuDummyScene -> FXGLDefaultMenu
01:33:57.378 [FXGL Background Thread 2 ] INFO  UpdaterService       - Your current version:  dev-SNAPSHOT
01:33:57.378 [FXGL Background Thread 2 ] INFO  UpdaterService       - Latest stable version: 21.1
01:33:57.858 [JavaFX Application Thread] DEBUG Menu                 - fireNewGame()
01:33:57.858 [JavaFX Application Thread] DEBUG GameApplicationServi - Starting new game
01:33:57.861 [JavaFX Application Thread] DEBUG PrimaryStageWindow   - Pop state: FXGLDefaultMenu
01:33:57.861 [JavaFX Application Thread] DEBUG Input                - Clearing active input actions
01:33:57.862 [JavaFX Application Thread] DEBUG GameApplicationServi - Removing overlay from FXGLDefaultMenu and adding to FXGLMainMenuDummyScene
01:33:57.865 [JavaFX Application Thread] DEBUG PrimaryStageWindow   - FXGLMainMenuDummyScene <- FXGLDefaultMenu
01:33:57.865 [JavaFX Application Thread] DEBUG Input                - Clearing active input actions
01:33:57.871 [JavaFX Application Thread] DEBUG GameApplicationServi - Removing overlay from FXGLMainMenuDummyScene and adding to FXGLLoadingScene
01:33:57.871 [JavaFX Application Thread] DEBUG PrimaryStageWindow   - FXGLMainMenuDummyScene -> FXGLLoadingScene
01:33:57.872 [JavaFX Application Thread] DEBUG GameApplicationServi - Clearing previous game
01:33:57.872 [JavaFX Application Thread] DEBUG GameScene            - Clearing game scene
01:33:57.872 [JavaFX Application Thread] DEBUG GameWorld            - Clearing game world
01:33:57.872 [JavaFX Application Thread] DEBUG PhysicsWorld         - Clearing physics world
01:33:57.875 [FXGL Background Thread 2 ] DEBUG FXGLApplication      - Initializing game
01:33:57.943 [FXGL Background Thread 2 ] WARN  TMXLevelLoader       - TiledMap generated from 1.11.0. Supported version: 1.2.3. Some features may not be parsed fully.
01:33:57.950 [FXGL Background Thread 2 ] DEBUG TMXLevelLoader       - Parsed TiledMap: file:/C:/Users/Cent/Desktop/CSS124L-LE/FinalExam/CSS124L-FINAL-PROJECT/fp/target/classes/assets/levels/Lobby.tmx
01:33:57.951 [FXGL Background Thread 2 ] DEBUG TMXLevelLoader       - Creating tile layer entities
01:33:57.951 [FXGL Background Thread 2 ] DEBUG TilesetLoader        - Loading view for layer Tile Layer 1
01:33:57.952 [FXGL Background Thread 2 ] DEBUG TilesetLoader        - Created buffer with size 1280.0x768.0
01:33:57.958 [FXGL Background Thread 2 ] DEBUG TMXLevelLoader       - Creating object layer entities
01:33:57.978 [FXGL Background Thread 2 ] DEBUG GameWorld            - Clearing removable entities
01:33:57.978 [FXGL Background Thread 2 ] DEBUG GameWorld            - Setting level: com.almasb.fxgl.entity.level.Level@59c67832
01:33:57.985 [FXGL Background Thread 2 ] INFO  FXGLApplication      - Game initialization took: 0.109 sec
01:33:57.986 [JavaFX Application Thread] DEBUG Input                - Clearing active input actions
01:33:57.991 [JavaFX Application Thread] DEBUG GameApplicationServi - Removing overlay from FXGLLoadingScene and adding to GameScene
01:33:57.994 [JavaFX Application Thread] DEBUG PrimaryStageWindow   - FXGLLoadingScene -> GameScene
01:33:57.997 [JavaFX Application Thread] DEBUG FXGLAssetLoaderServi - Loading from file system: file:/C:/Users/Cent/Desktop/CSS124L-LE/FinalExam/CSS124L-FINAL-PROJECT/fp/target/classes/assets/textures/Interactables/microwave_close.png
01:33:57.998 [JavaFX Application Thread] DEBUG PrimaryStageWindow   - Push state: PCM_BG
01:33:57.998 [JavaFX Application Thread] DEBUG Input                - Clearing active input actions
01:33:57.998 [JavaFX Application Thread] DEBUG GameApplicationServi - Removing overlay from GameScene and adding to PCM_BG
01:33:57.998 [JavaFX Application Thread] DEBUG PrimaryStageWindow   - GameScene -> PCM_BG
01:33:58.004 [JavaFX Application Thread] DEBUG PrimaryStageWindow   - Push state: PlayerCountMenu
01:33:58.004 [JavaFX Application Thread] DEBUG Input                - Clearing active input actions
01:33:58.005 [JavaFX Application Thread] DEBUG GameApplicationServi - Removing overlay from PCM_BG and adding to PlayerCountMenu
01:33:58.009 [JavaFX Application Thread] DEBUG PrimaryStageWindow   - PCM_BG -> PlayerCountMenu
01:33:59.019 [JavaFX Application Thread] DEBUG FXGLAssetLoaderServi - Loading from file system: file:/C:/Users/Cent/Desktop/CSS124L-LE/FinalExam/CSS124L-FINAL-PROJECT/fp/target/classes/assets/sounds/Reload.mp3
01:33:59.022 [JavaFX Application Thread] DEBUG FXGLAssetLoaderServi - Loading from file system: file:/C:/Users/Cent/Desktop/CSS124L-LE/FinalExam/CSS124L-FINAL-PROJECT/fp/target/classes/assets/sounds/BerettaM9_Shoot.mp3
01:33:59.026 [JavaFX Application Thread] DEBUG FXGLAssetLoaderServi - Loading from file system: file:/C:/Users/Cent/Desktop/CSS124L-LE/FinalExam/CSS124L-FINAL-PROJECT/fp/target/classes/assets/textures/Weapons/Idle/BerettaM9_Idle.png
01:33:59.027 [JavaFX Application Thread] DEBUG FXGLAssetLoaderServi - Loading from file system: file:/C:/Users/Cent/Desktop/CSS124L-LE/FinalExam/CSS124L-FINAL-PROJECT/fp/target/classes/assets/textures/Weapons/Shooting/BerettaM9_Shooting.png
01:33:59.029 [JavaFX Application Thread] DEBUG FXGLAssetLoaderServi - Loading from file system: file:/C:/Users/Cent/Desktop/CSS124L-LE/FinalExam/CSS124L-FINAL-PROJECT/fp/target/classes/assets/textures/Players/1P_Shoot.png
01:33:59.032 [JavaFX Application Thread] DEBUG FXGLAssetLoaderServi - Loading from file system: file:/C:/Users/Cent/Desktop/CSS124L-LE/FinalExam/CSS124L-FINAL-PROJECT/fp/target/classes/assets/textures/Interactables/vending_machine.png
01:33:59.035 [JavaFX Application Thread] DEBUG PrimaryStageWindow   - Pop state: PlayerCountMenu
01:33:59.035 [JavaFX Application Thread] DEBUG Input                - Clearing active input actions
01:33:59.036 [JavaFX Application Thread] DEBUG GameApplicationServi - Removing overlay from PlayerCountMenu and adding to PCM_BG
01:33:59.036 [JavaFX Application Thread] DEBUG PrimaryStageWindow   - PCM_BG <- PlayerCountMenu
01:33:59.036 [JavaFX Application Thread] DEBUG PrimaryStageWindow   - Pop state: PCM_BG
01:33:59.036 [JavaFX Application Thread] DEBUG Input                - Clearing active input actions
01:33:59.037 [JavaFX Application Thread] DEBUG GameApplicationServi - Removing overlay from PCM_BG and adding to GameScene
01:33:59.037 [JavaFX Application Thread] DEBUG PrimaryStageWindow   - GameScene <- PCM_BG
01:33:59.120 [JavaFX Application Thread] DEBUG FXGLAssetLoaderServi - Loading from file system: file:/C:/Users/Cent/Desktop/CSS124L-LE/FinalExam/CSS124L-FINAL-PROJECT/fp/target/classes/assets/textures/Zombies/Basic_Zombie_Walking.png
01:33:59.123 [JavaFX Application Thread] DEBUG FXGLAssetLoaderServi - Loading from file system: file:/C:/Users/Cent/Desktop/CSS124L-LE/FinalExam/CSS124L-FINAL-PROJECT/fp/target/classes/assets/textures/Zombies/Basic_Zombie_Attack.png
01:33:59.788 [FXGL Background Thread 3 ] DEBUG Engine               - Logging environment variables
01:33:59.788 [FXGL Background Thread 3 ] DEBUG Engine               - achievements: []
01:33:59.788 [FXGL Background Thread 3 ] DEBUG Engine               - actualHeight: 600.0
01:33:59.788 [FXGL Background Thread 3 ] DEBUG Engine               - actualHeightProperty: ReadOnlyDoubleProperty [value: 600.0]
01:33:59.788 [FXGL Background Thread 3 ] DEBUG Engine               - actualWidth: 800.0
01:33:59.788 [FXGL Background Thread 3 ] DEBUG Engine               - actualWidthProperty: ReadOnlyDoubleProperty [value: 800.0]
01:33:59.788 [FXGL Background Thread 3 ] DEBUG Engine               - appIcon: fxgl_icon.png
01:33:59.788 [FXGL Background Thread 3 ] DEBUG Engine               - applicationMode: DEVELOPER
01:33:59.788 [FXGL Background Thread 3 ] DEBUG Engine               - cSSList: [fxgl_dark.css]
01:33:59.788 [FXGL Background Thread 3 ] DEBUG Engine               - collisionDetectionStrategy: BRUTE_FORCE
01:33:59.788 [FXGL Background Thread 3 ] DEBUG Engine               - configClass: Optional.empty
01:33:59.788 [FXGL Background Thread 3 ] DEBUG Engine               - credits: []
01:33:59.788 [FXGL Background Thread 3 ] DEBUG Engine               - defaultCursor: CursorInfo(imageName=fxgl_default_cursor.png, hotspotX=7.0, hotspotY=6.0)
01:33:59.789 [FXGL Background Thread 3 ] DEBUG Engine               - devBBoxColorProperty: ObjectProperty [value: 0xff0000ff]
01:33:59.789 [FXGL Background Thread 3 ] DEBUG Engine               - devEnableDebugCameraProperty: BooleanProperty [value: false]
01:33:59.789 [FXGL Background Thread 3 ] DEBUG Engine               - devSensorColorProperty: ObjectProperty [value: 0xffff00ff]
01:33:59.789 [FXGL Background Thread 3 ] DEBUG Engine               - devShowBBoxProperty: BooleanProperty [value: false]
01:33:59.789 [FXGL Background Thread 3 ] DEBUG Engine               - devShowPositionProperty: BooleanProperty [value: false]
01:33:59.789 [FXGL Background Thread 3 ] DEBUG Engine               - enabledMenuItems: []
01:33:59.789 [FXGL Background Thread 3 ] DEBUG Engine               - engineServices: [class com.almasb.fxgl.app.services.FXGLAssetLoaderService, class com.almasb.fxgl.app.FXGLApplication$GameApplicationService, class com.almasb.fxgl.app.services.FXGLDialogService, class com.almasb.fxgl.app.services.IOTaskExecutorService, class com.almasb.fxgl.io.FileSystemService, class com.almasb.fxgl.localization.LocalizationService, class com.almasb.fxgl.app.services.SystemBundleService, class com.almasb.fxgl.profile.SaveLoadService, class com.almasb.fxgl.ui.FXGLUIFactoryServiceProvider, class com.almasb.fxgl.ui.FXGLDialogFactoryServiceProvider, class com.almasb.fxgl.audio.AudioPlayer, class com.almasb.fxgl.notification.impl.NotificationServiceProvider, class com.almasb.fxgl.achievement.AchievementService, class com.almasb.fxgl.cutscene.CutsceneService, class com.almasb.fxgl.minigames.MiniGameService, class com.almasb.fxgl.net.NetService, class com.almasb.fxgl.app.services.UpdaterService, class com.almasb.fxgl.dev.DevService, class com.almasb.fxgl.multiplayer.MultiplayerService]
01:33:59.789 [FXGL Background Thread 3 ] DEBUG Engine               - fontGame: Abel-Regular.ttf
01:33:59.789 [FXGL Background Thread 3 ] DEBUG Engine               - fontMono: lucida_console.ttf
01:33:59.789 [FXGL Background Thread 3 ] DEBUG Engine               - fontText: Courier-Prime.ttf
01:33:59.789 [FXGL Background Thread 3 ] DEBUG Engine               - fontUI: VarelaRound-Regular.ttf
01:33:59.789 [FXGL Background Thread 3 ] DEBUG Engine               - fullScreen: BooleanProperty [value: false]
01:33:59.789 [FXGL Background Thread 3 ] DEBUG Engine               - gameDifficulty: MEDIUM
01:33:59.789 [FXGL Background Thread 3 ] DEBUG Engine               - gameDifficultyProperty: ObjectProperty [value: MEDIUM]
01:33:59.789 [FXGL Background Thread 3 ] DEBUG Engine               - globalMusicVolume: 0.5
01:33:59.789 [FXGL Background Thread 3 ] DEBUG Engine               - globalMusicVolumeProperty: DoubleProperty [value: 0.5]
01:33:59.789 [FXGL Background Thread 3 ] DEBUG Engine               - globalSoundVolume: 0.5
01:33:59.789 [FXGL Background Thread 3 ] DEBUG Engine               - globalSoundVolumeProperty: DoubleProperty [value: 0.5]
01:33:59.789 [FXGL Background Thread 3 ] DEBUG Engine               - height: 600
01:33:59.789 [FXGL Background Thread 3 ] DEBUG Engine               - is3D: false
01:33:59.789 [FXGL Background Thread 3 ] DEBUG Engine               - isAndroid: false
01:33:59.790 [FXGL Background Thread 3 ] DEBUG Engine               - isBrowser: false
01:33:59.790 [FXGL Background Thread 3 ] DEBUG Engine               - isClickFeedbackEnabled: false
01:33:59.790 [FXGL Background Thread 3 ] DEBUG Engine               - isCloseConfirmation: false
01:33:59.790 [FXGL Background Thread 3 ] DEBUG Engine               - isDesktop: true
01:33:59.790 [FXGL Background Thread 3 ] DEBUG Engine               - isDeveloperMenuEnabled: true
01:33:59.790 [FXGL Background Thread 3 ] DEBUG Engine               - isEmbedded: false
01:33:59.790 [FXGL Background Thread 3 ] DEBUG Engine               - isEntityPreloadEnabled: true
01:33:59.790 [FXGL Background Thread 3 ] DEBUG Engine               - isExperimentalTiledLargeMap: false
01:33:59.790 [FXGL Background Thread 3 ] DEBUG Engine               - isFileSystemWriteAllowed: true
01:33:59.790 [FXGL Background Thread 3 ] DEBUG Engine               - isFullScreenAllowed: false
01:33:59.790 [FXGL Background Thread 3 ] DEBUG Engine               - isFullScreenFromStart: false
01:33:59.790 [FXGL Background Thread 3 ] DEBUG Engine               - isGameMenuEnabled: true
01:33:59.790 [FXGL Background Thread 3 ] DEBUG Engine               - isIOS: false
01:33:59.790 [FXGL Background Thread 3 ] DEBUG Engine               - isIntroEnabled: false
01:33:59.790 [FXGL Background Thread 3 ] DEBUG Engine               - isLinux: false
01:33:59.790 [FXGL Background Thread 3 ] DEBUG Engine               - isMac: false
01:33:59.790 [FXGL Background Thread 3 ] DEBUG Engine               - isMainMenuEnabled: true
01:33:59.790 [FXGL Background Thread 3 ] DEBUG Engine               - isManualResizeEnabled: false
01:33:59.790 [FXGL Background Thread 3 ] DEBUG Engine               - isMobile: false
01:33:59.790 [FXGL Background Thread 3 ] DEBUG Engine               - isNative: false
01:33:59.790 [FXGL Background Thread 3 ] DEBUG Engine               - isPauseMusicWhenMinimized: true
01:33:59.790 [FXGL Background Thread 3 ] DEBUG Engine               - isPreserveResizeRatio: false
01:33:59.790 [FXGL Background Thread 3 ] DEBUG Engine               - isProfilingEnabled: false
01:33:59.790 [FXGL Background Thread 3 ] DEBUG Engine               - isScaleAffectedOnResize: true
01:33:59.790 [FXGL Background Thread 3 ] DEBUG Engine               - isSingleStep: false
01:33:59.790 [FXGL Background Thread 3 ] DEBUG Engine               - isUserProfileEnabled: false
01:33:59.790 [FXGL Background Thread 3 ] DEBUG Engine               - isWindows: true
01:33:59.790 [FXGL Background Thread 3 ] DEBUG Engine               - language: ObjectProperty [value: ENGLISH]
01:33:59.790 [FXGL Background Thread 3 ] DEBUG Engine               - menuKey: ESCAPE
01:33:59.790 [FXGL Background Thread 3 ] DEBUG Engine               - mouseSensitivity: 0.2
01:33:59.790 [FXGL Background Thread 3 ] DEBUG Engine               - notificationViewClass: class com.almasb.fxgl.notification.view.XboxNotificationView
01:33:59.790 [FXGL Background Thread 3 ] DEBUG Engine               - pixelsPerMeter: 50.0
01:33:59.790 [FXGL Background Thread 3 ] DEBUG Engine               - platform: WINDOWS
01:33:59.790 [FXGL Background Thread 3 ] DEBUG Engine               - prefHeightProperty: ReadOnlyDoubleProperty [value: 600.0]
01:33:59.791 [FXGL Background Thread 3 ] DEBUG Engine               - prefWidthProperty: ReadOnlyDoubleProperty [value: 800.0]
01:33:59.791 [FXGL Background Thread 3 ] DEBUG Engine               - profileDir: profiles/
01:33:59.791 [FXGL Background Thread 3 ] DEBUG Engine               - profileName: StringProperty [value: DEFAULT]
01:33:59.791 [FXGL Background Thread 3 ] DEBUG Engine               - randomSeed: -1
01:33:59.791 [FXGL Background Thread 3 ] DEBUG Engine               - runtimeInfo: RuntimeInfo(platform=WINDOWS, version=dev-SNAPSHOT, build=28.07.2021 16.39)
01:33:59.791 [FXGL Background Thread 3 ] DEBUG Engine               - saveFileExt: sav
01:33:59.791 [FXGL Background Thread 3 ] DEBUG Engine               - scaledHeightProp$fxgl: DoubleProperty [bound, value: 600.0]
01:33:59.791 [FXGL Background Thread 3 ] DEBUG Engine               - scaledWidthProp$fxgl: DoubleProperty [bound, value: 800.0]
01:33:59.791 [FXGL Background Thread 3 ] DEBUG Engine               - sceneFactory: com.groupfour.mygame.App$1@3e133484
01:33:59.791 [FXGL Background Thread 3 ] DEBUG Engine               - secondsIn24h: 60
01:33:59.791 [FXGL Background Thread 3 ] DEBUG Engine               - soundMenuBack: menu/back.wav
01:33:59.791 [FXGL Background Thread 3 ] DEBUG Engine               - soundMenuPress: titleSelect.mp3
01:33:59.791 [FXGL Background Thread 3 ] DEBUG Engine               - soundMenuSelect: menu/select.wav
01:33:59.791 [FXGL Background Thread 3 ] DEBUG Engine               - soundNotification: core/notification.wav
01:33:59.791 [FXGL Background Thread 3 ] DEBUG Engine               - stageStyle: DECORATED
01:33:59.791 [FXGL Background Thread 3 ] DEBUG Engine               - supportedLanguages: [ENGLISH, FRENCH, GERMAN, HUNGARIAN, RUSSIAN]
01:33:59.791 [FXGL Background Thread 3 ] DEBUG Engine               - ticksPerSecond: -1
01:33:59.791 [FXGL Background Thread 3 ] DEBUG Engine               - title: Flatline: Oregon
01:33:59.791 [FXGL Background Thread 3 ] DEBUG Engine               - urlGithub: https://github.com/AlmasB/FXGL
01:33:59.791 [FXGL Background Thread 3 ] DEBUG Engine               - urlLeaderboard: http://fxgl-top.herokuapp.com/
01:33:59.791 [FXGL Background Thread 3 ] DEBUG Engine               - urlPOM: https://raw.githubusercontent.com/AlmasB/FXGL/release/README.md
01:33:59.791 [FXGL Background Thread 3 ] DEBUG Engine               - userAppClass: class com.groupfour.mygame.App
01:33:59.791 [FXGL Background Thread 3 ] DEBUG Engine               - version: Beta ?
01:33:59.791 [FXGL Background Thread 3 ] DEBUG Engine               - versionCheckDays: 7
01:33:59.791 [FXGL Background Thread 3 ] DEBUG Engine               - width: 800
01:33:59.791 [FXGL Background Thread 3 ] DEBUG Engine               - Logging services
01:33:59.791 [FXGL Background Thread 3 ] DEBUG Engine               - class com.almasb.fxgl.app.services.FXGLAssetLoaderService
01:33:59.791 [FXGL Background Thread 3 ] DEBUG Engine               - class com.almasb.fxgl.app.FXGLApplication$GameApplicationService
01:33:59.791 [FXGL Background Thread 3 ] DEBUG Engine               - class com.almasb.fxgl.app.services.FXGLDialogService
01:33:59.791 [FXGL Background Thread 3 ] DEBUG Engine               - class com.almasb.fxgl.app.services.IOTaskExecutorService
01:33:59.791 [FXGL Background Thread 3 ] DEBUG Engine               - class com.almasb.fxgl.io.FileSystemService
01:33:59.791 [FXGL Background Thread 3 ] DEBUG Engine               - class com.almasb.fxgl.localization.LocalizationService
01:33:59.791 [FXGL Background Thread 3 ] DEBUG Engine               - class com.almasb.fxgl.app.services.SystemBundleService
01:33:59.791 [FXGL Background Thread 3 ] DEBUG Engine               - class com.almasb.fxgl.profile.SaveLoadService
01:33:59.791 [FXGL Background Thread 3 ] DEBUG Engine               - class com.almasb.fxgl.ui.FXGLUIFactoryServiceProvider
01:33:59.791 [FXGL Background Thread 3 ] DEBUG Engine               - class com.almasb.fxgl.ui.FXGLDialogFactoryServiceProvider
01:33:59.791 [FXGL Background Thread 3 ] DEBUG Engine               - class com.almasb.fxgl.audio.AudioPlayer
01:33:59.791 [FXGL Background Thread 3 ] DEBUG Engine               - class com.almasb.fxgl.notification.impl.NotificationServiceProvider
01:33:59.791 [FXGL Background Thread 3 ] DEBUG Engine               - class com.almasb.fxgl.achievement.AchievementService
01:33:59.791 [FXGL Background Thread 3 ] DEBUG Engine               - class com.almasb.fxgl.cutscene.CutsceneService
01:33:59.791 [FXGL Background Thread 3 ] DEBUG Engine               - class com.almasb.fxgl.minigames.MiniGameService
01:33:59.791 [FXGL Background Thread 3 ] DEBUG Engine               - class com.almasb.fxgl.net.NetService
01:33:59.791 [FXGL Background Thread 3 ] DEBUG Engine               - class com.almasb.fxgl.app.services.UpdaterService
01:33:59.791 [FXGL Background Thread 3 ] DEBUG Engine               - class com.almasb.fxgl.dev.DevService
01:33:59.791 [FXGL Background Thread 3 ] DEBUG Engine               - class com.almasb.fxgl.multiplayer.MultiplayerService
01:34:00.555 [JavaFX Application Thread] DEBUG PrimaryStageWindow   - Push state: DialogSubScene
01:34:00.555 [JavaFX Application Thread] DEBUG Input                - Clearing active input actions
01:34:00.556 [JavaFX Application Thread] DEBUG GameApplicationServi - Removing overlay from GameScene and adding to DialogSubScene
01:34:00.557 [JavaFX Application Thread] DEBUG PrimaryStageWindow   - GameScene -> DialogSubScene
01:34:01.129 [JavaFX Application Thread] DEBUG PrimaryStageWindow   - Pop state: DialogSubScene
01:34:01.129 [JavaFX Application Thread] DEBUG Input                - Clearing active input actions
01:34:01.129 [JavaFX Application Thread] DEBUG GameApplicationServi - Removing overlay from DialogSubScene and adding to GameScene
01:34:01.130 [JavaFX Application Thread] DEBUG PrimaryStageWindow   - GameScene <- DialogSubScene
01:34:01.131 [JavaFX Application Thread] DEBUG AudioPlayer          - Playing music com.almasb.fxgl.audio.Music@7832ea4d
01:34:01.131 [JavaFX Application Thread] DEBUG Input                - Clearing active input actions
01:34:01.135 [JavaFX Application Thread] DEBUG GameApplicationServi - Removing overlay from GameScene and adding to FXGLMainMenuDummyScene
01:34:01.135 [JavaFX Application Thread] DEBUG PrimaryStageWindow   - GameScene -> FXGLMainMenuDummyScene
01:34:01.136 [JavaFX Application Thread] DEBUG PrimaryStageWindow   - Push state: FXGLDefaultMenu
01:34:01.136 [JavaFX Application Thread] DEBUG Input                - Clearing active input actions
01:34:01.137 [JavaFX Application Thread] DEBUG GameApplicationServi - Removing overlay from FXGLMainMenuDummyScene and adding to FXGLDefaultMenu
01:34:01.139 [JavaFX Application Thread] DEBUG PrimaryStageWindow   - FXGLMainMenuDummyScene -> FXGLDefaultMenu
01:34:12.247 [JavaFX Application Thread] DEBUG Menu                 - fireNewGame()
01:34:12.247 [JavaFX Application Thread] DEBUG GameApplicationServi - Starting new game
01:34:12.247 [JavaFX Application Thread] DEBUG PrimaryStageWindow   - Pop state: FXGLDefaultMenu
01:34:12.247 [JavaFX Application Thread] DEBUG Input                - Clearing active input actions
01:34:12.247 [JavaFX Application Thread] DEBUG GameApplicationServi - Removing overlay from FXGLDefaultMenu and adding to FXGLMainMenuDummyScene
01:34:12.248 [JavaFX Application Thread] DEBUG PrimaryStageWindow   - FXGLMainMenuDummyScene <- FXGLDefaultMenu
01:34:12.248 [JavaFX Application Thread] DEBUG Input                - Clearing active input actions
01:34:12.251 [JavaFX Application Thread] DEBUG GameApplicationServi - Removing overlay from FXGLMainMenuDummyScene and adding to FXGLLoadingScene
01:34:12.251 [JavaFX Application Thread] DEBUG PrimaryStageWindow   - FXGLMainMenuDummyScene -> FXGLLoadingScene
01:34:12.251 [JavaFX Application Thread] DEBUG GameApplicationServi - Clearing previous game
01:34:12.251 [JavaFX Application Thread] DEBUG GameScene            - Clearing game scene
01:34:12.251 [JavaFX Application Thread] DEBUG GameWorld            - Clearing game world
01:34:12.252 [JavaFX Application Thread] DEBUG PhysicsWorld         - Clearing physics world
01:34:12.252 [FXGL Background Thread 2 ] DEBUG FXGLApplication      - Initializing game
01:34:12.255 [FXGL Background Thread 2 ] WARN  TMXLevelLoader       - TiledMap generated from 1.11.0. Supported version: 1.2.3. Some features may not be parsed fully.
01:34:12.257 [FXGL Background Thread 2 ] DEBUG TMXLevelLoader       - Parsed TiledMap: file:/C:/Users/Cent/Desktop/CSS124L-LE/FinalExam/CSS124L-FINAL-PROJECT/fp/target/classes/assets/levels/Lobby.tmx
01:34:12.257 [FXGL Background Thread 2 ] DEBUG TMXLevelLoader       - Creating tile layer entities
01:34:12.257 [FXGL Background Thread 2 ] DEBUG TilesetLoader        - Loading view for layer Tile Layer 1
01:34:12.257 [FXGL Background Thread 2 ] DEBUG TilesetLoader        - Created buffer with size 1280.0x768.0
01:34:12.260 [FXGL Background Thread 2 ] DEBUG TMXLevelLoader       - Creating object layer entities
01:34:12.261 [FXGL Background Thread 2 ] DEBUG GameWorld            - Clearing removable entities
01:34:12.261 [FXGL Background Thread 2 ] DEBUG GameWorld            - Setting level: com.almasb.fxgl.entity.level.Level@3e7f44f4
01:34:12.263 [FXGL Background Thread 2 ] INFO  FXGLApplication      - Game initialization took: 0.010 sec
01:34:12.272 [JavaFX Application Thread] DEBUG Input                - Clearing active input actions
01:34:12.274 [JavaFX Application Thread] DEBUG GameApplicationServi - Removing overlay from FXGLLoadingScene and adding to GameScene
01:34:12.275 [JavaFX Application Thread] DEBUG PrimaryStageWindow   - FXGLLoadingScene -> GameScene
01:34:12.290 [JavaFX Application Thread] DEBUG PrimaryStageWindow   - Push state: PCM_BG
01:34:12.290 [JavaFX Application Thread] DEBUG Input                - Clearing active input actions
01:34:12.290 [JavaFX Application Thread] DEBUG GameApplicationServi - Removing overlay from GameScene and adding to PCM_BG
01:34:12.290 [JavaFX Application Thread] DEBUG PrimaryStageWindow   - GameScene -> PCM_BG
01:34:12.293 [JavaFX Application Thread] DEBUG PrimaryStageWindow   - Push state: PlayerCountMenu
01:34:12.293 [JavaFX Application Thread] DEBUG Input                - Clearing active input actions
01:34:12.293 [JavaFX Application Thread] DEBUG GameApplicationServi - Removing overlay from PCM_BG and adding to PlayerCountMenu
01:34:12.293 [JavaFX Application Thread] DEBUG PrimaryStageWindow   - PCM_BG -> PlayerCountMenu
01:34:12.820 [JavaFX Application Thread] DEBUG PrimaryStageWindow   - Pop state: PlayerCountMenu
01:34:12.820 [JavaFX Application Thread] DEBUG Input                - Clearing active input actions
01:34:12.820 [JavaFX Application Thread] DEBUG GameApplicationServi - Removing overlay from PlayerCountMenu and adding to PCM_BG
01:34:12.821 [JavaFX Application Thread] DEBUG PrimaryStageWindow   - PCM_BG <- PlayerCountMenu
01:34:12.821 [JavaFX Application Thread] DEBUG PrimaryStageWindow   - Pop state: PCM_BG
01:34:12.821 [JavaFX Application Thread] DEBUG Input                - Clearing active input actions
01:34:12.821 [JavaFX Application Thread] DEBUG GameApplicationServi - Removing overlay from PCM_BG and adding to GameScene
01:34:12.821 [JavaFX Application Thread] DEBUG PrimaryStageWindow   - GameScene <- PCM_BG
01:35:03.971 [JavaFX Application Thread] DEBUG PrimaryStageWindow   - Push state: DialogSubScene
01:35:03.971 [JavaFX Application Thread] DEBUG Input                - Clearing active input actions
01:35:03.971 [JavaFX Application Thread] DEBUG GameApplicationServi - Removing overlay from GameScene and adding to DialogSubScene
01:35:03.972 [JavaFX Application Thread] DEBUG PrimaryStageWindow   - GameScene -> DialogSubScene
01:35:22.721 [JavaFX Application Thread] DEBUG PrimaryStageWindow   - Pop state: DialogSubScene
01:35:22.721 [JavaFX Application Thread] DEBUG Input                - Clearing active input actions
01:35:22.721 [JavaFX Application Thread] DEBUG GameApplicationServi - Removing overlay from DialogSubScene and adding to GameScene
01:35:22.722 [JavaFX Application Thread] DEBUG PrimaryStageWindow   - GameScene <- DialogSubScene
01:35:22.722 [JavaFX Application Thread] DEBUG AudioPlayer          - Playing music com.almasb.fxgl.audio.Music@7832ea4d
01:35:22.722 [JavaFX Application Thread] DEBUG Input                - Clearing active input actions
01:35:22.723 [JavaFX Application Thread] DEBUG GameApplicationServi - Removing overlay from GameScene and adding to FXGLMainMenuDummyScene
01:35:22.724 [JavaFX Application Thread] DEBUG PrimaryStageWindow   - GameScene -> FXGLMainMenuDummyScene
01:35:22.724 [JavaFX Application Thread] DEBUG PrimaryStageWindow   - Push state: FXGLDefaultMenu
01:35:22.724 [JavaFX Application Thread] DEBUG Input                - Clearing active input actions
01:35:22.724 [JavaFX Application Thread] DEBUG GameApplicationServi - Removing overlay from FXGLMainMenuDummyScene and adding to FXGLDefaultMenu
01:35:22.727 [JavaFX Application Thread] DEBUG PrimaryStageWindow   - FXGLMainMenuDummyScene -> FXGLDefaultMenu
01:35:23.580 [JavaFX Application Thread] DEBUG FXGLApplication      - Exiting FXGL
01:35:23.580 [JavaFX Application Thread] DEBUG LoopRunner           - Stopping loop
01:35:23.580 [JavaFX Application Thread] DEBUG SystemBundleService  - Saving FXGL system data
01:35:23.582 [JavaFX Application Thread] DEBUG FileSystemAccess     - Writing to: c:\Users\Cent\Desktop\CSS124L-LE\FinalExam\CSS124L-FINAL-PROJECT\system\fxgl.bundle
01:35:23.583 [JavaFX Application Thread] DEBUG Async                - Shutting down background threads
01:35:23.584 [JavaFX Application Thread] DEBUG PrimaryStageWindow   - Closing main window
01:35:23.598 [JavaFX Application Thread] DEBUG Logger               - Closing Logger
