12:23:01.750 [main                     ] DEBUG Logger               - Configured Logger
12:23:01.769 [main                     ] DEBUG GameApplication      - Logging settings
Title: Flatline: Oregon
Version: Alpha 0.3
Width: 800
Height: 600
Fullscreen: false
Intro: false
Profiling: false
Single step:false
App Mode: DEVELOPER
Menu Key: ESCAPE
Stage Style: DECORATED
Scene Factory: class com.groupfour.mygame.App$1

12:23:02.029 [JavaFX Application Thread] DEBUG FXGLApplication      - Initializing FXGL
12:23:02.030 [JavaFX Application Thread] INFO  Engine               - FXGL-dev-SNAPSHOT (28.07.2021 16.39) on WINDOWS (J:11.0.22 FX:16)
12:23:02.031 [JavaFX Application Thread] DEBUG Engine               - JRE Vendor Name: Oracle Corporation
12:23:02.031 [JavaFX Application Thread] DEBUG Engine               - Running on OS: Windows 11 version 10.0
12:23:02.031 [JavaFX Application Thread] DEBUG Engine               - Architecture: amd64
12:23:02.031 [JavaFX Application Thread] INFO  Engine               - Source code and latest versions at: https://github.com/AlmasB/FXGL
12:23:02.032 [JavaFX Application Thread] INFO  Engine               -              Join the FXGL chat at: https://gitter.im/AlmasB/FXGL
12:23:02.088 [JavaFX Application Thread] DEBUG PrimaryStageWindow   - Creating a JavaFX scene
12:23:02.125 [JavaFX Application Thread] DEBUG PrimaryStageWindow   - Target settings size: 800.0 x 600.0
12:23:02.125 [JavaFX Application Thread] DEBUG PrimaryStageWindow   - Scaled scene size:    800.0 x 600.0
12:23:02.125 [JavaFX Application Thread] DEBUG PrimaryStageWindow   - Scaled ratio: (1.0, 1.0)
12:23:02.126 [JavaFX Application Thread] DEBUG PrimaryStageWindow   - Set initial scene to FXGLStartupScene
12:23:02.129 [JavaFX Application Thread] DEBUG PrimaryStageWindow   - Opening main window
12:23:02.199 [JavaFX Application Thread] DEBUG PrimaryStageWindow   - Window border size: (14.4000244140625, 37.5999755859375)
12:23:02.199 [JavaFX Application Thread] DEBUG PrimaryStageWindow   - Scaled size: 800.0 x 600.0
12:23:02.199 [JavaFX Application Thread] DEBUG PrimaryStageWindow   - Scaled ratio: (1.0, 1.0)
12:23:02.199 [JavaFX Application Thread] DEBUG PrimaryStageWindow   - Scene size: 800.0 x 600.0
12:23:02.199 [JavaFX Application Thread] DEBUG PrimaryStageWindow   - Stage size: 814.4000244140625 x 637.5999755859375
12:23:02.204 [FXGL Background Thread 1 ] DEBUG Engine               - Initializing environment variables
12:23:02.244 [FXGL Background Thread 1 ] DEBUG FXGLAssetLoaderServi - User app class for loading assets: class com.groupfour.mygame.App
12:23:02.244 [FXGL Background Thread 1 ] DEBUG GameApplicationServi - Applying CSS: fxgl_dark.css
12:23:02.245 [FXGL Background Thread 1 ] DEBUG FXGLAssetLoaderServi - Loading from file system: jar:file:///C:/Users/acer/.m2/repository/com/github/almasb/fxgl/dev-SNAPSHOT/fxgl-dev-SNAPSHOT.jar!/fxglassets/ui/css/fxgl_dark.css
12:23:02.289 [FXGL Background Thread 1 ] DEBUG GameApplicationServi - Initializing application scenes
12:23:02.317 [FXGL Background Thread 1 ] DEBUG GameWorld            - Game world initialized
12:23:02.355 [FXGL Background Thread 1 ] DEBUG PhysicsWorld         - Physics world initialized: appHeight=600, physics.ppm=50.0
12:23:02.355 [FXGL Background Thread 1 ] DEBUG PhysicsWorld         - Using strategy: BRUTE_FORCE
12:23:02.358 [FXGL Background Thread 1 ] DEBUG GameScene            - Game scene initialized: 800x600
12:23:02.367 [FXGL Background Thread 1 ] DEBUG FXGL.DefaultMenu     - createMenuBodyMainMenu()
12:23:02.379 [FXGL Background Thread 1 ] DEBUG FXGL.DefaultMenu     - createOptionsMenu()
12:23:02.386 [FXGL Background Thread 1 ] DEBUG FXGLAssetLoaderServi - Loading from file system: jar:file:///C:/Users/acer/.m2/repository/com/github/almasb/fxgl/dev-SNAPSHOT/fxgl-dev-SNAPSHOT.jar!/fxglassets/textures/particles/smoke.png
12:23:02.451 [FXGL Background Thread 1 ] DEBUG FXGLAssetLoaderServi - Loading from file system: jar:file:///C:/Users/acer/.m2/repository/com/github/almasb/fxgl/dev-SNAPSHOT/fxgl-dev-SNAPSHOT.jar!/fxglassets/textures/particles/trace_horizontal.png
12:23:02.472 [FXGL Background Thread 1 ] DEBUG GameApplicationServi - Application scenes initialized
12:23:02.479 [FXGL Background Thread 1 ] DEBUG SystemBundleService  - Loading FXGL system data
12:23:02.483 [FXGL Background Thread 1 ] DEBUG FileSystemAccess     - Reading from: C:\Users\acer\OneDrive\Desktop\git pull\CSS124L-FINAL-PROJECT\system\fxgl.bundle
12:23:02.487 [FXGL Background Thread 1 ] DEBUG SystemBundleService  - Bundle FXGL: {}
12:23:02.487 [FXGL Background Thread 1 ] DEBUG UpdaterService       - Checking for updates
12:23:02.504 [FXGL Background Thread 1 ] DEBUG FXGLApplication      - Loading default localization
12:23:02.504 [FXGL Background Thread 4 ] DEBUG FXGLApplication      - Loading fonts
12:23:02.504 [FXGL Background Thread 1 ] DEBUG FXGLAssetLoaderServi - Loading from file system: jar:file:///C:/Users/acer/.m2/repository/com/github/almasb/fxgl/dev-SNAPSHOT/fxgl-dev-SNAPSHOT.jar!/fxglassets/languages/english.lang
12:23:02.504 [FXGL Background Thread 4 ] DEBUG FXGLAssetLoaderServi - Loading from file system: jar:file:///C:/Users/acer/.m2/repository/com/github/almasb/fxgl/dev-SNAPSHOT/fxgl-dev-SNAPSHOT.jar!/fxglassets/ui/fonts/VarelaRound-Regular.ttf
12:23:02.517 [FXGL Background Thread 1 ] INFO  FXGLApplication      - FXGL initialization took: 0.313 sec
12:23:02.527 [JavaFX Application Thread] DEBUG Input                - Registered new binding: Move Upwards - W
12:23:02.528 [JavaFX Application Thread] DEBUG Input                - Registered new binding: Move Down - S
12:23:02.528 [JavaFX Application Thread] DEBUG Input                - Registered new binding: Move Left - A
12:23:02.528 [JavaFX Application Thread] DEBUG Input                - Registered new binding: Move Right - D
12:23:02.528 [JavaFX Application Thread] DEBUG Input                - Registered new binding: Reload - R
12:23:02.530 [JavaFX Application Thread] DEBUG Input                - Registered new binding: Shoot - LMB
12:23:02.530 [JavaFX Application Thread] DEBUG Input                - Registered new binding: Switch Weapons - Q
12:23:02.531 [JavaFX Application Thread] DEBUG Input                - Registered new binding: Interact - F
12:23:02.531 [JavaFX Application Thread] DEBUG FXGLAssetLoaderServi - Loading from file system: jar:file:///C:/Users/acer/.m2/repository/com/github/almasb/fxgl/dev-SNAPSHOT/fxgl-dev-SNAPSHOT.jar!/fxglassets/textures/fxgl_icon.png
12:23:02.551 [JavaFX Application Thread] DEBUG FXGLAssetLoaderServi - Loading from file system: jar:file:///C:/Users/acer/.m2/repository/com/github/almasb/fxgl/dev-SNAPSHOT/fxgl-dev-SNAPSHOT.jar!/fxglassets/textures/fxgl_default_cursor.png
12:23:02.553 [JavaFX Application Thread] DEBUG Input                - Registered new binding: Screenshot - CTRL+8
12:23:02.554 [JavaFX Application Thread] DEBUG Input                - Registered new binding: Dev Options - 1
12:23:02.554 [JavaFX Application Thread] DEBUG Input                - Registered new binding: Dev Console - 2
12:23:02.555 [JavaFX Application Thread] DEBUG Input                - Registered new binding: System info dump - CTRL+9
12:23:02.555 [JavaFX Application Thread] DEBUG Input                - Registered new binding: Restart - CTRL+R
12:23:02.556 [JavaFX Application Thread] DEBUG Input                - Registered new binding: Toggle Debug Camera - CTRL+C
12:23:02.559 [JavaFX Application Thread] DEBUG LoopRunner           - Starting loop
12:23:02.570 [JavaFX Application Thread] DEBUG LoopRunner           - Initializing JavaFX AnimationTimerLoop
12:23:02.572 [JavaFX Application Thread] DEBUG Input                - Clearing active input actions
12:23:02.578 [JavaFX Application Thread] DEBUG GameApplicationServi - Removing overlay from FXGLStartupScene and adding to FXGLMainMenuDummyScene
12:23:02.582 [JavaFX Application Thread] DEBUG PrimaryStageWindow   - FXGLStartupScene -> FXGLMainMenuDummyScene
12:23:02.582 [JavaFX Application Thread] DEBUG PrimaryStageWindow   - Push state: FXGLDefaultMenu
12:23:02.585 [JavaFX Application Thread] DEBUG Input                - Clearing active input actions
12:23:02.591 [JavaFX Application Thread] DEBUG GameApplicationServi - Removing overlay from FXGLMainMenuDummyScene and adding to FXGLDefaultMenu
12:23:02.591 [JavaFX Application Thread] DEBUG PrimaryStageWindow   - FXGLMainMenuDummyScene -> FXGLDefaultMenu
12:23:02.889 [FXGL Background Thread 4 ] DEBUG FXGLAssetLoaderServi - Loading from file system: jar:file:///C:/Users/acer/.m2/repository/com/github/almasb/fxgl/dev-SNAPSHOT/fxgl-dev-SNAPSHOT.jar!/fxglassets/ui/fonts/Abel-Regular.ttf
12:23:02.893 [FXGL Background Thread 4 ] DEBUG FXGLAssetLoaderServi - Loading from file system: jar:file:///C:/Users/acer/.m2/repository/com/github/almasb/fxgl/dev-SNAPSHOT/fxgl-dev-SNAPSHOT.jar!/fxglassets/ui/fonts/lucida_console.ttf
12:23:02.898 [FXGL Background Thread 4 ] DEBUG FXGLAssetLoaderServi - Loading from file system: jar:file:///C:/Users/acer/.m2/repository/com/github/almasb/fxgl/dev-SNAPSHOT/fxgl-dev-SNAPSHOT.jar!/fxglassets/ui/fonts/Courier-Prime.ttf
12:23:02.908 [JavaFX Application Thread] DEBUG FXGLApplication      - Registering font factories with UI factory
12:23:03.162 [JavaFX Application Thread] DEBUG Menu                 - fireNewGame()
12:23:03.162 [JavaFX Application Thread] DEBUG GameApplicationServi - Starting new game
12:23:03.164 [JavaFX Application Thread] DEBUG PrimaryStageWindow   - Pop state: FXGLDefaultMenu
12:23:03.164 [JavaFX Application Thread] DEBUG Input                - Clearing active input actions
12:23:03.164 [JavaFX Application Thread] DEBUG GameApplicationServi - Removing overlay from FXGLDefaultMenu and adding to FXGLMainMenuDummyScene
12:23:03.165 [JavaFX Application Thread] DEBUG PrimaryStageWindow   - FXGLMainMenuDummyScene <- FXGLDefaultMenu
12:23:03.166 [JavaFX Application Thread] DEBUG Input                - Clearing active input actions
12:23:03.170 [JavaFX Application Thread] DEBUG GameApplicationServi - Removing overlay from FXGLMainMenuDummyScene and adding to FXGLLoadingScene
12:23:03.170 [JavaFX Application Thread] DEBUG PrimaryStageWindow   - FXGLMainMenuDummyScene -> FXGLLoadingScene
12:23:03.171 [JavaFX Application Thread] DEBUG GameApplicationServi - Clearing previous game
12:23:03.171 [JavaFX Application Thread] DEBUG GameScene            - Clearing game scene
12:23:03.171 [JavaFX Application Thread] DEBUG GameWorld            - Clearing game world
12:23:03.171 [JavaFX Application Thread] DEBUG PhysicsWorld         - Clearing physics world
12:23:03.171 [FXGL Background Thread 4 ] DEBUG FXGLApplication      - Initializing game
12:23:03.201 [FXGL Background Thread 2 ] INFO  UpdaterService       - Your current version:  dev-SNAPSHOT
12:23:03.203 [FXGL Background Thread 2 ] INFO  UpdaterService       - Latest stable version: 21.1
12:23:03.209 [FXGL Background Thread 4 ] WARN  TMXLevelLoader       - TiledMap generated from 1.11.0. Supported version: 1.2.3. Some features may not be parsed fully.
12:23:03.213 [FXGL Background Thread 4 ] DEBUG TMXLevelLoader       - Parsed TiledMap: file:/C:/Users/acer/OneDrive/Desktop/git%20pull/CSS124L-FINAL-PROJECT/fp/target/classes/assets/levels/Lobby.tmx
12:23:03.215 [FXGL Background Thread 4 ] DEBUG TMXLevelLoader       - Creating tile layer entities
12:23:03.216 [FXGL Background Thread 4 ] DEBUG TilesetLoader        - Loading view for layer Tile Layer 1
12:23:03.219 [FXGL Background Thread 4 ] DEBUG TilesetLoader        - Created buffer with size 1280.0x768.0
12:23:03.228 [FXGL Background Thread 4 ] DEBUG TMXLevelLoader       - Creating object layer entities
12:23:03.246 [FXGL Background Thread 4 ] DEBUG GameWorld            - Clearing removable entities
12:23:03.246 [FXGL Background Thread 4 ] DEBUG GameWorld            - Setting level: com.almasb.fxgl.entity.level.Level@4c706639
12:23:03.262 [FXGL Background Thread 4 ] INFO  FXGLApplication      - Game initialization took: 0.090 sec
12:23:03.265 [JavaFX Application Thread] DEBUG Input                - Clearing active input actions
12:23:03.269 [JavaFX Application Thread] DEBUG GameApplicationServi - Removing overlay from FXGLLoadingScene and adding to GameScene
12:23:03.270 [JavaFX Application Thread] DEBUG PrimaryStageWindow   - FXGLLoadingScene -> GameScene
12:23:03.272 [JavaFX Application Thread] DEBUG PrimaryStageWindow   - Push state: PlayerCountMenu
12:23:03.273 [JavaFX Application Thread] DEBUG Input                - Clearing active input actions
12:23:03.273 [JavaFX Application Thread] DEBUG GameApplicationServi - Removing overlay from GameScene and adding to PlayerCountMenu
12:23:03.273 [JavaFX Application Thread] DEBUG PrimaryStageWindow   - GameScene -> PlayerCountMenu
12:23:03.651 [JavaFX Application Thread] DEBUG FXGLAssetLoaderServi - Loading from file system: file:/C:/Users/acer/OneDrive/Desktop/git%20pull/CSS124L-FINAL-PROJECT/fp/target/classes/assets/textures/Weapons/Idle/BerettaM9_Idle.png
12:23:03.652 [JavaFX Application Thread] DEBUG FXGLAssetLoaderServi - Loading from file system: file:/C:/Users/acer/OneDrive/Desktop/git%20pull/CSS124L-FINAL-PROJECT/fp/target/classes/assets/textures/Weapons/Shooting/BerettaM9_Shooting.png
12:23:03.654 [JavaFX Application Thread] DEBUG FXGLAssetLoaderServi - Loading from file system: file:/C:/Users/acer/OneDrive/Desktop/git%20pull/CSS124L-FINAL-PROJECT/fp/target/classes/assets/textures/Players/1P_Shoot.png
12:23:03.658 [JavaFX Application Thread] DEBUG FXGLAssetLoaderServi - Loading from file system: file:/C:/Users/acer/OneDrive/Desktop/git%20pull/CSS124L-FINAL-PROJECT/fp/target/classes/assets/textures/Interactables/vending_machine.png
12:23:03.660 [JavaFX Application Thread] DEBUG FXGLAssetLoaderServi - Loading from file system: file:/C:/Users/acer/OneDrive/Desktop/git%20pull/CSS124L-FINAL-PROJECT/fp/target/classes/assets/textures/Interactables/microwave_close.png
12:23:03.662 [JavaFX Application Thread] DEBUG PrimaryStageWindow   - Pop state: PlayerCountMenu
12:23:03.662 [JavaFX Application Thread] DEBUG Input                - Clearing active input actions
12:23:03.663 [JavaFX Application Thread] DEBUG GameApplicationServi - Removing overlay from PlayerCountMenu and adding to GameScene
12:23:03.663 [JavaFX Application Thread] DEBUG PrimaryStageWindow   - GameScene <- PlayerCountMenu
12:23:03.734 [JavaFX Application Thread] DEBUG FXGLAssetLoaderServi - Loading from file system: file:/C:/Users/acer/OneDrive/Desktop/git%20pull/CSS124L-FINAL-PROJECT/fp/target/classes/assets/textures/Zombies/Basic_Zombie_Walking.png
12:23:03.736 [JavaFX Application Thread] DEBUG FXGLAssetLoaderServi - Loading from file system: file:/C:/Users/acer/OneDrive/Desktop/git%20pull/CSS124L-FINAL-PROJECT/fp/target/classes/assets/textures/Zombies/Basic_Zombie_Attack.png
12:23:05.503 [FXGL Background Thread 3 ] DEBUG Engine               - Logging environment variables
12:23:05.503 [FXGL Background Thread 3 ] DEBUG Engine               - achievements: []
12:23:05.504 [FXGL Background Thread 3 ] DEBUG Engine               - actualHeight: 600.0
12:23:05.504 [FXGL Background Thread 3 ] DEBUG Engine               - actualHeightProperty: ReadOnlyDoubleProperty [value: 600.0]
12:23:05.504 [FXGL Background Thread 3 ] DEBUG Engine               - actualWidth: 800.0
12:23:05.504 [FXGL Background Thread 3 ] DEBUG Engine               - actualWidthProperty: ReadOnlyDoubleProperty [value: 800.0]
12:23:05.504 [FXGL Background Thread 3 ] DEBUG Engine               - appIcon: fxgl_icon.png
12:23:05.504 [FXGL Background Thread 3 ] DEBUG Engine               - applicationMode: DEVELOPER
12:23:05.504 [FXGL Background Thread 3 ] DEBUG Engine               - cSSList: [fxgl_dark.css]
12:23:05.504 [FXGL Background Thread 3 ] DEBUG Engine               - collisionDetectionStrategy: BRUTE_FORCE
12:23:05.504 [FXGL Background Thread 3 ] DEBUG Engine               - configClass: Optional.empty
12:23:05.504 [FXGL Background Thread 3 ] DEBUG Engine               - credits: []
12:23:05.504 [FXGL Background Thread 3 ] DEBUG Engine               - defaultCursor: CursorInfo(imageName=fxgl_default_cursor.png, hotspotX=7.0, hotspotY=6.0)
12:23:05.506 [FXGL Background Thread 3 ] DEBUG Engine               - devBBoxColorProperty: ObjectProperty [value: 0xff0000ff]
12:23:05.506 [FXGL Background Thread 3 ] DEBUG Engine               - devEnableDebugCameraProperty: BooleanProperty [value: false]
12:23:05.506 [FXGL Background Thread 3 ] DEBUG Engine               - devSensorColorProperty: ObjectProperty [value: 0xffff00ff]
12:23:05.506 [FXGL Background Thread 3 ] DEBUG Engine               - devShowBBoxProperty: BooleanProperty [value: false]
12:23:05.506 [FXGL Background Thread 3 ] DEBUG Engine               - devShowPositionProperty: BooleanProperty [value: false]
12:23:05.506 [FXGL Background Thread 3 ] DEBUG Engine               - enabledMenuItems: []
12:23:05.506 [FXGL Background Thread 3 ] DEBUG Engine               - engineServices: [class com.almasb.fxgl.app.services.FXGLAssetLoaderService, class com.almasb.fxgl.app.FXGLApplication$GameApplicationService, class com.almasb.fxgl.app.services.FXGLDialogService, class com.almasb.fxgl.app.services.IOTaskExecutorService, class com.almasb.fxgl.io.FileSystemService, class com.almasb.fxgl.localization.LocalizationService, class com.almasb.fxgl.app.services.SystemBundleService, class com.almasb.fxgl.profile.SaveLoadService, class com.almasb.fxgl.ui.FXGLUIFactoryServiceProvider, class com.almasb.fxgl.ui.FXGLDialogFactoryServiceProvider, class com.almasb.fxgl.audio.AudioPlayer, class com.almasb.fxgl.notification.impl.NotificationServiceProvider, class com.almasb.fxgl.achievement.AchievementService, class com.almasb.fxgl.cutscene.CutsceneService, class com.almasb.fxgl.minigames.MiniGameService, class com.almasb.fxgl.net.NetService, class com.almasb.fxgl.app.services.UpdaterService, class com.almasb.fxgl.dev.DevService, class com.almasb.fxgl.multiplayer.MultiplayerService]
12:23:05.506 [FXGL Background Thread 3 ] DEBUG Engine               - fontGame: Abel-Regular.ttf
12:23:05.506 [FXGL Background Thread 3 ] DEBUG Engine               - fontMono: lucida_console.ttf
12:23:05.506 [FXGL Background Thread 3 ] DEBUG Engine               - fontText: Courier-Prime.ttf
12:23:05.506 [FXGL Background Thread 3 ] DEBUG Engine               - fontUI: VarelaRound-Regular.ttf
12:23:05.506 [FXGL Background Thread 3 ] DEBUG Engine               - fullScreen: BooleanProperty [value: false]
12:23:05.506 [FXGL Background Thread 3 ] DEBUG Engine               - gameDifficulty: MEDIUM
12:23:05.506 [FXGL Background Thread 3 ] DEBUG Engine               - gameDifficultyProperty: ObjectProperty [value: MEDIUM]
12:23:05.506 [FXGL Background Thread 3 ] DEBUG Engine               - globalMusicVolume: 0.5
12:23:05.507 [FXGL Background Thread 3 ] DEBUG Engine               - globalMusicVolumeProperty: DoubleProperty [value: 0.5]
12:23:05.507 [FXGL Background Thread 3 ] DEBUG Engine               - globalSoundVolume: 0.5
12:23:05.507 [FXGL Background Thread 3 ] DEBUG Engine               - globalSoundVolumeProperty: DoubleProperty [value: 0.5]
12:23:05.507 [FXGL Background Thread 3 ] DEBUG Engine               - height: 600
12:23:05.507 [FXGL Background Thread 3 ] DEBUG Engine               - is3D: false
12:23:05.507 [FXGL Background Thread 3 ] DEBUG Engine               - isAndroid: false
12:23:05.507 [FXGL Background Thread 3 ] DEBUG Engine               - isBrowser: false
12:23:05.507 [FXGL Background Thread 3 ] DEBUG Engine               - isClickFeedbackEnabled: false
12:23:05.507 [FXGL Background Thread 3 ] DEBUG Engine               - isCloseConfirmation: false
12:23:05.507 [FXGL Background Thread 3 ] DEBUG Engine               - isDesktop: true
12:23:05.507 [FXGL Background Thread 3 ] DEBUG Engine               - isDeveloperMenuEnabled: true
12:23:05.507 [FXGL Background Thread 3 ] DEBUG Engine               - isEmbedded: false
12:23:05.507 [FXGL Background Thread 3 ] DEBUG Engine               - isEntityPreloadEnabled: true
12:23:05.507 [FXGL Background Thread 3 ] DEBUG Engine               - isExperimentalTiledLargeMap: false
12:23:05.507 [FXGL Background Thread 3 ] DEBUG Engine               - isFileSystemWriteAllowed: true
12:23:05.507 [FXGL Background Thread 3 ] DEBUG Engine               - isFullScreenAllowed: false
12:23:05.507 [FXGL Background Thread 3 ] DEBUG Engine               - isFullScreenFromStart: false
12:23:05.507 [FXGL Background Thread 3 ] DEBUG Engine               - isGameMenuEnabled: true
12:23:05.507 [FXGL Background Thread 3 ] DEBUG Engine               - isIOS: false
12:23:05.507 [FXGL Background Thread 3 ] DEBUG Engine               - isIntroEnabled: false
12:23:05.507 [FXGL Background Thread 3 ] DEBUG Engine               - isLinux: false
12:23:05.507 [FXGL Background Thread 3 ] DEBUG Engine               - isMac: false
12:23:05.507 [FXGL Background Thread 3 ] DEBUG Engine               - isMainMenuEnabled: true
12:23:05.507 [FXGL Background Thread 3 ] DEBUG Engine               - isManualResizeEnabled: false
12:23:05.507 [FXGL Background Thread 3 ] DEBUG Engine               - isMobile: false
12:23:05.507 [FXGL Background Thread 3 ] DEBUG Engine               - isNative: false
12:23:05.507 [FXGL Background Thread 3 ] DEBUG Engine               - isPauseMusicWhenMinimized: true
12:23:05.507 [FXGL Background Thread 3 ] DEBUG Engine               - isPreserveResizeRatio: false
12:23:05.507 [FXGL Background Thread 3 ] DEBUG Engine               - isProfilingEnabled: false
12:23:05.507 [FXGL Background Thread 3 ] DEBUG Engine               - isScaleAffectedOnResize: true
12:23:05.507 [FXGL Background Thread 3 ] DEBUG Engine               - isSingleStep: false
12:23:05.507 [FXGL Background Thread 3 ] DEBUG Engine               - isUserProfileEnabled: false
12:23:05.507 [FXGL Background Thread 3 ] DEBUG Engine               - isWindows: true
12:23:05.508 [FXGL Background Thread 3 ] DEBUG Engine               - language: ObjectProperty [value: ENGLISH]
12:23:05.508 [FXGL Background Thread 3 ] DEBUG Engine               - menuKey: ESCAPE
12:23:05.508 [FXGL Background Thread 3 ] DEBUG Engine               - mouseSensitivity: 0.2
12:23:05.508 [FXGL Background Thread 3 ] DEBUG Engine               - notificationViewClass: class com.almasb.fxgl.notification.view.XboxNotificationView
12:23:05.508 [FXGL Background Thread 3 ] DEBUG Engine               - pixelsPerMeter: 50.0
12:23:05.508 [FXGL Background Thread 3 ] DEBUG Engine               - platform: WINDOWS
12:23:05.508 [FXGL Background Thread 3 ] DEBUG Engine               - prefHeightProperty: ReadOnlyDoubleProperty [value: 600.0]
12:23:05.508 [FXGL Background Thread 3 ] DEBUG Engine               - prefWidthProperty: ReadOnlyDoubleProperty [value: 800.0]
12:23:05.508 [FXGL Background Thread 3 ] DEBUG Engine               - profileDir: profiles/
12:23:05.508 [FXGL Background Thread 3 ] DEBUG Engine               - profileName: StringProperty [value: DEFAULT]
12:23:05.508 [FXGL Background Thread 3 ] DEBUG Engine               - randomSeed: -1
12:23:05.508 [FXGL Background Thread 3 ] DEBUG Engine               - runtimeInfo: RuntimeInfo(platform=WINDOWS, version=dev-SNAPSHOT, build=28.07.2021 16.39)
12:23:05.508 [FXGL Background Thread 3 ] DEBUG Engine               - saveFileExt: sav
12:23:05.508 [FXGL Background Thread 3 ] DEBUG Engine               - scaledHeightProp$fxgl: DoubleProperty [bound, value: 600.0]
12:23:05.508 [FXGL Background Thread 3 ] DEBUG Engine               - scaledWidthProp$fxgl: DoubleProperty [bound, value: 800.0]
12:23:05.508 [FXGL Background Thread 3 ] DEBUG Engine               - sceneFactory: com.groupfour.mygame.App$1@55f124e5
12:23:05.509 [FXGL Background Thread 3 ] DEBUG Engine               - secondsIn24h: 60
12:23:05.509 [FXGL Background Thread 3 ] DEBUG Engine               - soundMenuBack: menu/back.wav
12:23:05.509 [FXGL Background Thread 3 ] DEBUG Engine               - soundMenuPress: menu/press.wav
12:23:05.509 [FXGL Background Thread 3 ] DEBUG Engine               - soundMenuSelect: menu/select.wav
12:23:05.509 [FXGL Background Thread 3 ] DEBUG Engine               - soundNotification: core/notification.wav
12:23:05.509 [FXGL Background Thread 3 ] DEBUG Engine               - stageStyle: DECORATED
12:23:05.509 [FXGL Background Thread 3 ] DEBUG Engine               - supportedLanguages: [ENGLISH, FRENCH, GERMAN, HUNGARIAN, RUSSIAN]
12:23:05.509 [FXGL Background Thread 3 ] DEBUG Engine               - ticksPerSecond: -1
12:23:05.509 [FXGL Background Thread 3 ] DEBUG Engine               - title: Flatline: Oregon
12:23:05.509 [FXGL Background Thread 3 ] DEBUG Engine               - urlGithub: https://github.com/AlmasB/FXGL
12:23:05.509 [FXGL Background Thread 3 ] DEBUG Engine               - urlLeaderboard: http://fxgl-top.herokuapp.com/
12:23:05.509 [FXGL Background Thread 3 ] DEBUG Engine               - urlPOM: https://raw.githubusercontent.com/AlmasB/FXGL/release/README.md
12:23:05.509 [FXGL Background Thread 3 ] DEBUG Engine               - userAppClass: class com.groupfour.mygame.App
12:23:05.509 [FXGL Background Thread 3 ] DEBUG Engine               - version: Alpha 0.3
12:23:05.510 [FXGL Background Thread 3 ] DEBUG Engine               - versionCheckDays: 7
12:23:05.510 [FXGL Background Thread 3 ] DEBUG Engine               - width: 800
12:23:05.510 [FXGL Background Thread 3 ] DEBUG Engine               - Logging services
12:23:05.510 [FXGL Background Thread 3 ] DEBUG Engine               - class com.almasb.fxgl.app.services.FXGLAssetLoaderService
12:23:05.510 [FXGL Background Thread 3 ] DEBUG Engine               - class com.almasb.fxgl.app.FXGLApplication$GameApplicationService
12:23:05.510 [FXGL Background Thread 3 ] DEBUG Engine               - class com.almasb.fxgl.app.services.FXGLDialogService
12:23:05.510 [FXGL Background Thread 3 ] DEBUG Engine               - class com.almasb.fxgl.app.services.IOTaskExecutorService
12:23:05.510 [FXGL Background Thread 3 ] DEBUG Engine               - class com.almasb.fxgl.io.FileSystemService
12:23:05.510 [FXGL Background Thread 3 ] DEBUG Engine               - class com.almasb.fxgl.localization.LocalizationService
12:23:05.510 [FXGL Background Thread 3 ] DEBUG Engine               - class com.almasb.fxgl.app.services.SystemBundleService
12:23:05.510 [FXGL Background Thread 3 ] DEBUG Engine               - class com.almasb.fxgl.profile.SaveLoadService
12:23:05.510 [FXGL Background Thread 3 ] DEBUG Engine               - class com.almasb.fxgl.ui.FXGLUIFactoryServiceProvider
12:23:05.510 [FXGL Background Thread 3 ] DEBUG Engine               - class com.almasb.fxgl.ui.FXGLDialogFactoryServiceProvider
12:23:05.510 [FXGL Background Thread 3 ] DEBUG Engine               - class com.almasb.fxgl.audio.AudioPlayer
12:23:05.510 [FXGL Background Thread 3 ] DEBUG Engine               - class com.almasb.fxgl.notification.impl.NotificationServiceProvider
12:23:05.510 [FXGL Background Thread 3 ] DEBUG Engine               - class com.almasb.fxgl.achievement.AchievementService
12:23:05.510 [FXGL Background Thread 3 ] DEBUG Engine               - class com.almasb.fxgl.cutscene.CutsceneService
12:23:05.510 [FXGL Background Thread 3 ] DEBUG Engine               - class com.almasb.fxgl.minigames.MiniGameService
12:23:05.510 [FXGL Background Thread 3 ] DEBUG Engine               - class com.almasb.fxgl.net.NetService
12:23:05.510 [FXGL Background Thread 3 ] DEBUG Engine               - class com.almasb.fxgl.app.services.UpdaterService
12:23:05.510 [FXGL Background Thread 3 ] DEBUG Engine               - class com.almasb.fxgl.dev.DevService
12:23:05.510 [FXGL Background Thread 3 ] DEBUG Engine               - class com.almasb.fxgl.multiplayer.MultiplayerService
12:23:06.001 [JavaFX Application Thread] DEBUG LoopRunner           - Stopping loop
12:23:06.001 [JavaFX Application Thread] FATAL FXGLApplication      - Uncaught Exception:
java.lang.IllegalArgumentException: Component ZombieComponent not found!
	at com.almasb.fxgl.entity/com.almasb.fxgl.entity.Entity.getComponent(Entity.java:369)
	at com.groupfour.mygame/com.groupfour.Collisions.BulletZombieHandler.onCollisionBegin(BulletZombieHandler.java:17)
	at com.almasb.fxgl.entity/com.almasb.fxgl.physics.CollisionPair.collisionBegin(CollisionPair.java:37)
	at com.almasb.fxgl.entity/com.almasb.fxgl.physics.PhysicsWorld.collisionBeginFor(PhysicsWorld.java:456)
	at com.almasb.fxgl.entity/com.almasb.fxgl.physics.PhysicsWorld.checkCollisionsInGroup(PhysicsWorld.java:408)
	at com.almasb.fxgl.entity/com.almasb.fxgl.physics.PhysicsWorld.checkCollisions(PhysicsWorld.java:376)
	at com.almasb.fxgl.entity/com.almasb.fxgl.physics.PhysicsWorld.onUpdate(PhysicsWorld.java:182)
	at com.almasb.fxgl.all/com.almasb.fxgl.app.scene.GameScene.step(GameScene.kt:224)
	at com.almasb.fxgl.all/com.almasb.fxgl.app.scene.GameScene.onUpdate(GameScene.kt:219)
	at com.almasb.fxgl.scene/com.almasb.fxgl.scene.Scene.update(Scene.kt:105)
	at com.almasb.fxgl.all/com.almasb.fxgl.app.MainWindow$update$1.invoke(MainWindow.kt:115)
	at com.almasb.fxgl.all/com.almasb.fxgl.app.MainWindow$update$1.invoke(MainWindow.kt:115)
	at com.almasb.fxgl.core/com.almasb.fxgl.core.fsm.StateMachine.runOnActiveStates(StateMachine.kt:69)
	at com.almasb.fxgl.all/com.almasb.fxgl.app.MainWindow.update(MainWindow.kt:115)
	at com.almasb.fxgl.all/com.almasb.fxgl.app.FXGLApplication$GameApplicationService.onUpdate(FXGLApplication.kt:426)
	at com.almasb.fxgl.all/com.almasb.fxgl.app.Engine.loop(Engine.kt:133)
	at com.almasb.fxgl.all/com.almasb.fxgl.app.Engine.access$loop(Engine.kt:24)
	at com.almasb.fxgl.all/com.almasb.fxgl.app.Engine$loop$1.invoke(Engine.kt:28)
	at com.almasb.fxgl.all/com.almasb.fxgl.app.Engine$loop$1.invoke(Engine.kt:28)
	at com.almasb.fxgl.all/com.almasb.fxgl.app.LoopRunner.frame(LoopRunner.kt:103)
	at com.almasb.fxgl.all/com.almasb.fxgl.app.LoopRunner.access$frame(LoopRunner.kt:23)
	at com.almasb.fxgl.all/com.almasb.fxgl.app.LoopRunner$impl$2$1.onTick(LoopRunner.kt:57)
	at com.almasb.fxgl.all/com.almasb.fxgl.app.AnimationTimerLoop$timer$1.handle(LoopRunner.kt:137)
	at javafx.graphics/javafx.animation.AnimationTimer$AnimationTimerReceiver.lambda$handle$0(AnimationTimer.java:57)
	at java.base/java.security.AccessController.doPrivileged(Native Method)
	at javafx.graphics/javafx.animation.AnimationTimer$AnimationTimerReceiver.handle(AnimationTimer.java:56)
	at javafx.graphics/com.sun.scenario.animation.AbstractPrimaryTimer.timePulseImpl(AbstractPrimaryTimer.java:356)
	at javafx.graphics/com.sun.scenario.animation.AbstractPrimaryTimer$MainLoop.run(AbstractPrimaryTimer.java:266)
	at javafx.graphics/com.sun.javafx.tk.quantum.QuantumToolkit.pulse(QuantumToolkit.java:559)
	at javafx.graphics/com.sun.javafx.tk.quantum.QuantumToolkit.pulse(QuantumToolkit.java:543)
	at javafx.graphics/com.sun.javafx.tk.quantum.QuantumToolkit.pulseFromQueue(QuantumToolkit.java:536)
	at javafx.graphics/com.sun.javafx.tk.quantum.QuantumToolkit.lambda$runToolkit$11(QuantumToolkit.java:342)
	at javafx.graphics/com.sun.glass.ui.InvokeLaterDispatcher$Future.run(InvokeLaterDispatcher.java:96)
	at javafx.graphics/com.sun.glass.ui.win.WinApplication._runLoop(Native Method)
	at javafx.graphics/com.sun.glass.ui.win.WinApplication.lambda$runLoop$3(WinApplication.java:174)
	at java.base/java.lang.Thread.run(Thread.java:834)

12:23:06.003 [JavaFX Application Thread] FATAL FXGLApplication      - Application will now exit
12:23:06.006 [JavaFX Application Thread] DEBUG PrimaryStageWindow   - Push state: ErrorSubScene
12:23:06.006 [JavaFX Application Thread] DEBUG Input                - Clearing active input actions
12:23:06.006 [JavaFX Application Thread] DEBUG GameApplicationServi - Removing overlay from GameScene and adding to ErrorSubScene
12:23:06.007 [JavaFX Application Thread] DEBUG PrimaryStageWindow   - GameScene -> ErrorSubScene
12:23:08.817 [JavaFX Application Thread] DEBUG FXGLApplication      - Exiting FXGL
12:23:08.817 [JavaFX Application Thread] DEBUG Async                - Shutting down background threads
12:23:08.817 [JavaFX Application Thread] DEBUG PrimaryStageWindow   - Closing main window
12:23:08.828 [JavaFX Application Thread] DEBUG Logger               - Closing Logger
