03:21:58.565 [main                     ] DEBUG Logger               - Configured Logger
03:21:58.569 [main                     ] DEBUG GameApplication      - Logging settings
Title: Flatline: Oregon
Version: Alpha 0.3
Width: 800
Height: 600
Fullscreen: false
Intro: false
Profiling: false
Single step:false
App Mode: DEVELOPER
Menu Key: ESCAPE
Stage Style: DECORATED
Scene Factory: class com.groupfour.mygame.App$1

03:21:58.980 [JavaFX Application Thread] DEBUG FXGLApplication      - Initializing FXGL
03:21:58.981 [JavaFX Application Thread] INFO  Engine               - FXGL-dev-SNAPSHOT (28.07.2021 16.39) on WINDOWS (J:21.0.4 FX:16)
03:21:58.982 [JavaFX Application Thread] DEBUG Engine               - JRE Vendor Name: Eclipse Adoptium
03:21:58.982 [JavaFX Application Thread] DEBUG Engine               - Running on OS: Windows 11 version 10.0
03:21:58.982 [JavaFX Application Thread] DEBUG Engine               - Architecture: amd64
03:21:58.982 [JavaFX Application Thread] INFO  Engine               - Source code and latest versions at: https://github.com/AlmasB/FXGL
03:21:58.983 [JavaFX Application Thread] INFO  Engine               -              Join the FXGL chat at: https://gitter.im/AlmasB/FXGL
03:21:59.057 [JavaFX Application Thread] DEBUG PrimaryStageWindow   - Creating a JavaFX scene
03:21:59.105 [JavaFX Application Thread] DEBUG PrimaryStageWindow   - Target settings size: 800.0 x 600.0
03:21:59.105 [JavaFX Application Thread] DEBUG PrimaryStageWindow   - Scaled scene size:    800.0 x 600.0
03:21:59.105 [JavaFX Application Thread] DEBUG PrimaryStageWindow   - Scaled ratio: (1.0, 1.0)
03:21:59.106 [JavaFX Application Thread] DEBUG PrimaryStageWindow   - Set initial scene to FXGLStartupScene
03:21:59.112 [JavaFX Application Thread] DEBUG PrimaryStageWindow   - Opening main window
03:21:59.194 [JavaFX Application Thread] DEBUG PrimaryStageWindow   - Window border size: (16.0, 39.0)
03:21:59.194 [JavaFX Application Thread] DEBUG PrimaryStageWindow   - Scaled size: 800.0 x 600.0
03:21:59.194 [JavaFX Application Thread] DEBUG PrimaryStageWindow   - Scaled ratio: (1.0, 1.0)
03:21:59.194 [JavaFX Application Thread] DEBUG PrimaryStageWindow   - Scene size: 800.0 x 600.0
03:21:59.194 [JavaFX Application Thread] DEBUG PrimaryStageWindow   - Stage size: 816.0 x 639.0
03:21:59.202 [FXGL Background Thread 1 ] DEBUG Engine               - Initializing environment variables
03:21:59.275 [FXGL Background Thread 1 ] DEBUG FXGLAssetLoaderServi - User app class for loading assets: class com.groupfour.mygame.App
03:21:59.275 [FXGL Background Thread 1 ] DEBUG GameApplicationServi - Applying CSS: fxgl_dark.css
03:21:59.276 [FXGL Background Thread 1 ] DEBUG FXGLAssetLoaderServi - Loading from file system: jar:file:///C:/Users/Cent/.m2/repository/com/github/almasb/fxgl/dev-SNAPSHOT/fxgl-dev-SNAPSHOT.jar!/fxglassets/ui/css/fxgl_dark.css
03:21:59.329 [FXGL Background Thread 1 ] DEBUG GameApplicationServi - Initializing application scenes
03:21:59.392 [FXGL Background Thread 1 ] DEBUG GameWorld            - Game world initialized
03:21:59.461 [FXGL Background Thread 1 ] DEBUG PhysicsWorld         - Physics world initialized: appHeight=600, physics.ppm=50.0
03:21:59.462 [FXGL Background Thread 1 ] DEBUG PhysicsWorld         - Using strategy: BRUTE_FORCE
03:21:59.465 [FXGL Background Thread 1 ] DEBUG GameScene            - Game scene initialized: 800x600
03:21:59.476 [FXGL Background Thread 1 ] DEBUG FXGL.DefaultMenu     - createMenuBodyMainMenu()
03:21:59.492 [FXGL Background Thread 1 ] DEBUG FXGL.DefaultMenu     - createOptionsMenu()
03:21:59.506 [FXGL Background Thread 1 ] DEBUG FXGLAssetLoaderServi - Loading from file system: jar:file:///C:/Users/Cent/.m2/repository/com/github/almasb/fxgl/dev-SNAPSHOT/fxgl-dev-SNAPSHOT.jar!/fxglassets/textures/particles/smoke.png
03:21:59.610 [FXGL Background Thread 1 ] DEBUG FXGLAssetLoaderServi - Loading from file system: jar:file:///C:/Users/Cent/.m2/repository/com/github/almasb/fxgl/dev-SNAPSHOT/fxgl-dev-SNAPSHOT.jar!/fxglassets/textures/particles/trace_horizontal.png
03:21:59.654 [FXGL Background Thread 1 ] DEBUG GameApplicationServi - Application scenes initialized
03:21:59.669 [FXGL Background Thread 1 ] DEBUG SystemBundleService  - Loading FXGL system data
03:21:59.677 [FXGL Background Thread 1 ] DEBUG FileSystemAccess     - Reading from: c:\Users\Cent\Desktop\CSS124L-LE\CSS124L-FinalExam\CSS124L-FINAL-PROJECT\system\fxgl.bundle
03:21:59.692 [FXGL Background Thread 1 ] DEBUG SystemBundleService  - Bundle FXGL: {}
03:21:59.692 [FXGL Background Thread 1 ] DEBUG UpdaterService       - Checking for updates
03:21:59.726 [FXGL Background Thread 4 ] DEBUG FXGLApplication      - Loading fonts
03:21:59.727 [FXGL Background Thread 1 ] DEBUG FXGLApplication      - Loading default localization
03:21:59.727 [FXGL Background Thread 4 ] DEBUG FXGLAssetLoaderServi - Loading from file system: jar:file:///C:/Users/Cent/.m2/repository/com/github/almasb/fxgl/dev-SNAPSHOT/fxgl-dev-SNAPSHOT.jar!/fxglassets/ui/fonts/VarelaRound-Regular.ttf
03:21:59.727 [FXGL Background Thread 1 ] DEBUG FXGLAssetLoaderServi - Loading from file system: jar:file:///C:/Users/Cent/.m2/repository/com/github/almasb/fxgl/dev-SNAPSHOT/fxgl-dev-SNAPSHOT.jar!/fxglassets/languages/english.lang
03:21:59.745 [FXGL Background Thread 1 ] INFO  FXGLApplication      - FXGL initialization took: 0.542 sec
03:21:59.761 [JavaFX Application Thread] DEBUG Input                - Registered new binding: Move Upwards - W
03:21:59.761 [JavaFX Application Thread] DEBUG Input                - Registered new binding: Move Down - S
03:21:59.761 [JavaFX Application Thread] DEBUG Input                - Registered new binding: Move Left - A
03:21:59.762 [JavaFX Application Thread] DEBUG Input                - Registered new binding: Move Right - D
03:21:59.762 [JavaFX Application Thread] DEBUG Input                - Registered new binding: Reload - R
03:21:59.763 [JavaFX Application Thread] DEBUG Input                - Registered new binding: Shoot - LMB
03:21:59.763 [JavaFX Application Thread] DEBUG Input                - Registered new binding: Switch Weapons - Q
03:21:59.763 [JavaFX Application Thread] DEBUG Input                - Registered new binding: Interact - F
03:21:59.764 [JavaFX Application Thread] DEBUG FXGLAssetLoaderServi - Loading from file system: jar:file:///C:/Users/Cent/.m2/repository/com/github/almasb/fxgl/dev-SNAPSHOT/fxgl-dev-SNAPSHOT.jar!/fxglassets/textures/fxgl_icon.png
03:21:59.771 [FXGL Background Thread 4 ] DEBUG FXGLAssetLoaderServi - Loading from file system: jar:file:///C:/Users/Cent/.m2/repository/com/github/almasb/fxgl/dev-SNAPSHOT/fxgl-dev-SNAPSHOT.jar!/fxglassets/ui/fonts/Abel-Regular.ttf
03:21:59.775 [FXGL Background Thread 4 ] DEBUG FXGLAssetLoaderServi - Loading from file system: jar:file:///C:/Users/Cent/.m2/repository/com/github/almasb/fxgl/dev-SNAPSHOT/fxgl-dev-SNAPSHOT.jar!/fxglassets/ui/fonts/lucida_console.ttf
03:21:59.782 [FXGL Background Thread 4 ] DEBUG FXGLAssetLoaderServi - Loading from file system: jar:file:///C:/Users/Cent/.m2/repository/com/github/almasb/fxgl/dev-SNAPSHOT/fxgl-dev-SNAPSHOT.jar!/fxglassets/ui/fonts/Courier-Prime.ttf
03:21:59.783 [JavaFX Application Thread] DEBUG FXGLAssetLoaderServi - Loading from file system: jar:file:///C:/Users/Cent/.m2/repository/com/github/almasb/fxgl/dev-SNAPSHOT/fxgl-dev-SNAPSHOT.jar!/fxglassets/textures/fxgl_default_cursor.png
03:21:59.785 [JavaFX Application Thread] DEBUG Input                - Registered new binding: Screenshot - CTRL+8
03:21:59.786 [JavaFX Application Thread] DEBUG Input                - Registered new binding: Dev Options - 1
03:21:59.787 [JavaFX Application Thread] DEBUG Input                - Registered new binding: Dev Console - 2
03:21:59.787 [JavaFX Application Thread] DEBUG Input                - Registered new binding: System info dump - CTRL+9
03:21:59.788 [JavaFX Application Thread] DEBUG Input                - Registered new binding: Restart - CTRL+R
03:21:59.790 [JavaFX Application Thread] DEBUG Input                - Registered new binding: Toggle Debug Camera - CTRL+C
03:21:59.794 [JavaFX Application Thread] DEBUG LoopRunner           - Starting loop
03:21:59.809 [JavaFX Application Thread] DEBUG LoopRunner           - Initializing JavaFX AnimationTimerLoop
03:21:59.813 [JavaFX Application Thread] DEBUG Input                - Clearing active input actions
03:21:59.822 [JavaFX Application Thread] DEBUG GameApplicationServi - Removing overlay from FXGLStartupScene and adding to FXGLMainMenuDummyScene
03:21:59.831 [JavaFX Application Thread] DEBUG PrimaryStageWindow   - FXGLStartupScene -> FXGLMainMenuDummyScene
03:21:59.832 [JavaFX Application Thread] DEBUG PrimaryStageWindow   - Push state: FXGLDefaultMenu
03:21:59.851 [JavaFX Application Thread] DEBUG Input                - Clearing active input actions
03:21:59.860 [JavaFX Application Thread] DEBUG GameApplicationServi - Removing overlay from FXGLMainMenuDummyScene and adding to FXGLDefaultMenu
03:21:59.861 [JavaFX Application Thread] DEBUG PrimaryStageWindow   - FXGLMainMenuDummyScene -> FXGLDefaultMenu
03:21:59.863 [JavaFX Application Thread] DEBUG FXGLApplication      - Registering font factories with UI factory
03:22:00.250 [FXGL Background Thread 2 ] INFO  UpdaterService       - Your current version:  dev-SNAPSHOT
03:22:00.251 [FXGL Background Thread 2 ] INFO  UpdaterService       - Latest stable version: 21.1
03:22:02.159 [JavaFX Application Thread] DEBUG Menu                 - fireNewGame()
03:22:02.160 [JavaFX Application Thread] DEBUG GameApplicationServi - Starting new game
03:22:02.162 [JavaFX Application Thread] DEBUG PrimaryStageWindow   - Pop state: FXGLDefaultMenu
03:22:02.162 [JavaFX Application Thread] DEBUG Input                - Clearing active input actions
03:22:02.165 [JavaFX Application Thread] DEBUG GameApplicationServi - Removing overlay from FXGLDefaultMenu and adding to FXGLMainMenuDummyScene
03:22:02.166 [JavaFX Application Thread] DEBUG PrimaryStageWindow   - FXGLMainMenuDummyScene <- FXGLDefaultMenu
03:22:02.167 [JavaFX Application Thread] DEBUG Input                - Clearing active input actions
03:22:02.173 [JavaFX Application Thread] DEBUG GameApplicationServi - Removing overlay from FXGLMainMenuDummyScene and adding to FXGLLoadingScene
03:22:02.175 [JavaFX Application Thread] DEBUG PrimaryStageWindow   - FXGLMainMenuDummyScene -> FXGLLoadingScene
03:22:02.175 [JavaFX Application Thread] DEBUG GameApplicationServi - Clearing previous game
03:22:02.175 [JavaFX Application Thread] DEBUG GameScene            - Clearing game scene
03:22:02.175 [JavaFX Application Thread] DEBUG GameWorld            - Clearing game world
03:22:02.175 [JavaFX Application Thread] DEBUG PhysicsWorld         - Clearing physics world
03:22:02.179 [FXGL Background Thread 2 ] DEBUG FXGLApplication      - Initializing game
03:22:02.224 [FXGL Background Thread 2 ] INFO  FXGLApplication      - Game initialization took: 0.045 sec
03:22:02.232 [JavaFX Application Thread] DEBUG Input                - Clearing active input actions
03:22:02.239 [JavaFX Application Thread] DEBUG GameApplicationServi - Removing overlay from FXGLLoadingScene and adding to GameScene
03:22:02.242 [JavaFX Application Thread] DEBUG PrimaryStageWindow   - FXGLLoadingScene -> GameScene
03:22:02.247 [JavaFX Application Thread] DEBUG PrimaryStageWindow   - Push state: PlayerCountMenu
03:22:02.247 [JavaFX Application Thread] DEBUG Input                - Clearing active input actions
03:22:02.248 [JavaFX Application Thread] DEBUG GameApplicationServi - Removing overlay from GameScene and adding to PlayerCountMenu
03:22:02.248 [JavaFX Application Thread] DEBUG PrimaryStageWindow   - GameScene -> PlayerCountMenu
03:22:02.726 [FXGL Background Thread 3 ] DEBUG Engine               - Logging environment variables
03:22:02.726 [FXGL Background Thread 3 ] DEBUG Engine               - achievements: []
03:22:02.726 [FXGL Background Thread 3 ] DEBUG Engine               - actualHeight: 600.0
03:22:02.726 [FXGL Background Thread 3 ] DEBUG Engine               - actualHeightProperty: ReadOnlyDoubleProperty [value: 600.0]
03:22:02.726 [FXGL Background Thread 3 ] DEBUG Engine               - actualWidth: 800.0
03:22:02.726 [FXGL Background Thread 3 ] DEBUG Engine               - actualWidthProperty: ReadOnlyDoubleProperty [value: 800.0]
03:22:02.726 [FXGL Background Thread 3 ] DEBUG Engine               - appIcon: fxgl_icon.png
03:22:02.726 [FXGL Background Thread 3 ] DEBUG Engine               - applicationMode: DEVELOPER
03:22:02.726 [FXGL Background Thread 3 ] DEBUG Engine               - cSSList: [fxgl_dark.css]
03:22:02.726 [FXGL Background Thread 3 ] DEBUG Engine               - collisionDetectionStrategy: BRUTE_FORCE
03:22:02.726 [FXGL Background Thread 3 ] DEBUG Engine               - configClass: Optional.empty
03:22:02.726 [FXGL Background Thread 3 ] DEBUG Engine               - credits: []
03:22:02.726 [FXGL Background Thread 3 ] DEBUG Engine               - defaultCursor: CursorInfo(imageName=fxgl_default_cursor.png, hotspotX=7.0, hotspotY=6.0)
03:22:02.727 [FXGL Background Thread 3 ] DEBUG Engine               - devBBoxColorProperty: ObjectProperty [value: 0xff0000ff]
03:22:02.727 [FXGL Background Thread 3 ] DEBUG Engine               - devEnableDebugCameraProperty: BooleanProperty [value: false]
03:22:02.727 [FXGL Background Thread 3 ] DEBUG Engine               - devSensorColorProperty: ObjectProperty [value: 0xffff00ff]
03:22:02.727 [FXGL Background Thread 3 ] DEBUG Engine               - devShowBBoxProperty: BooleanProperty [value: false]
03:22:02.727 [FXGL Background Thread 3 ] DEBUG Engine               - devShowPositionProperty: BooleanProperty [value: false]
03:22:02.727 [FXGL Background Thread 3 ] DEBUG Engine               - enabledMenuItems: []
03:22:02.727 [FXGL Background Thread 3 ] DEBUG Engine               - engineServices: [class com.almasb.fxgl.app.services.FXGLAssetLoaderService, class com.almasb.fxgl.app.FXGLApplication$GameApplicationService, class com.almasb.fxgl.app.services.FXGLDialogService, class com.almasb.fxgl.app.services.IOTaskExecutorService, class com.almasb.fxgl.io.FileSystemService, class com.almasb.fxgl.localization.LocalizationService, class com.almasb.fxgl.app.services.SystemBundleService, class com.almasb.fxgl.profile.SaveLoadService, class com.almasb.fxgl.ui.FXGLUIFactoryServiceProvider, class com.almasb.fxgl.ui.FXGLDialogFactoryServiceProvider, class com.almasb.fxgl.audio.AudioPlayer, class com.almasb.fxgl.notification.impl.NotificationServiceProvider, class com.almasb.fxgl.achievement.AchievementService, class com.almasb.fxgl.cutscene.CutsceneService, class com.almasb.fxgl.minigames.MiniGameService, class com.almasb.fxgl.net.NetService, class com.almasb.fxgl.app.services.UpdaterService, class com.almasb.fxgl.dev.DevService, class com.almasb.fxgl.multiplayer.MultiplayerService]
03:22:02.727 [FXGL Background Thread 3 ] DEBUG Engine               - fontGame: Abel-Regular.ttf
03:22:02.727 [FXGL Background Thread 3 ] DEBUG Engine               - fontMono: lucida_console.ttf
03:22:02.727 [FXGL Background Thread 3 ] DEBUG Engine               - fontText: Courier-Prime.ttf
03:22:02.727 [FXGL Background Thread 3 ] DEBUG Engine               - fontUI: VarelaRound-Regular.ttf
03:22:02.727 [FXGL Background Thread 3 ] DEBUG Engine               - fullScreen: BooleanProperty [value: false]
03:22:02.727 [FXGL Background Thread 3 ] DEBUG Engine               - gameDifficulty: MEDIUM
03:22:02.727 [FXGL Background Thread 3 ] DEBUG Engine               - gameDifficultyProperty: ObjectProperty [value: MEDIUM]
03:22:02.727 [FXGL Background Thread 3 ] DEBUG Engine               - globalMusicVolume: 0.5
03:22:02.727 [FXGL Background Thread 3 ] DEBUG Engine               - globalMusicVolumeProperty: DoubleProperty [value: 0.5]
03:22:02.727 [FXGL Background Thread 3 ] DEBUG Engine               - globalSoundVolume: 0.5
03:22:02.727 [FXGL Background Thread 3 ] DEBUG Engine               - globalSoundVolumeProperty: DoubleProperty [value: 0.5]
03:22:02.728 [FXGL Background Thread 3 ] DEBUG Engine               - height: 600
03:22:02.728 [FXGL Background Thread 3 ] DEBUG Engine               - is3D: false
03:22:02.728 [FXGL Background Thread 3 ] DEBUG Engine               - isAndroid: false
03:22:02.728 [FXGL Background Thread 3 ] DEBUG Engine               - isBrowser: false
03:22:02.728 [FXGL Background Thread 3 ] DEBUG Engine               - isClickFeedbackEnabled: false
03:22:02.728 [FXGL Background Thread 3 ] DEBUG Engine               - isCloseConfirmation: false
03:22:02.728 [FXGL Background Thread 3 ] DEBUG Engine               - isDesktop: true
03:22:02.728 [FXGL Background Thread 3 ] DEBUG Engine               - isDeveloperMenuEnabled: true
03:22:02.728 [FXGL Background Thread 3 ] DEBUG Engine               - isEmbedded: false
03:22:02.728 [FXGL Background Thread 3 ] DEBUG Engine               - isEntityPreloadEnabled: true
03:22:02.728 [FXGL Background Thread 3 ] DEBUG Engine               - isExperimentalTiledLargeMap: false
03:22:02.728 [FXGL Background Thread 3 ] DEBUG Engine               - isFileSystemWriteAllowed: true
03:22:02.728 [FXGL Background Thread 3 ] DEBUG Engine               - isFullScreenAllowed: false
03:22:02.728 [FXGL Background Thread 3 ] DEBUG Engine               - isFullScreenFromStart: false
03:22:02.728 [FXGL Background Thread 3 ] DEBUG Engine               - isGameMenuEnabled: true
03:22:02.728 [FXGL Background Thread 3 ] DEBUG Engine               - isIOS: false
03:22:02.728 [FXGL Background Thread 3 ] DEBUG Engine               - isIntroEnabled: false
03:22:02.728 [FXGL Background Thread 3 ] DEBUG Engine               - isLinux: false
03:22:02.729 [FXGL Background Thread 3 ] DEBUG Engine               - isMac: false
03:22:02.729 [FXGL Background Thread 3 ] DEBUG Engine               - isMainMenuEnabled: true
03:22:02.729 [FXGL Background Thread 3 ] DEBUG Engine               - isManualResizeEnabled: false
03:22:02.729 [FXGL Background Thread 3 ] DEBUG Engine               - isMobile: false
03:22:02.729 [FXGL Background Thread 3 ] DEBUG Engine               - isNative: false
03:22:02.729 [FXGL Background Thread 3 ] DEBUG Engine               - isPauseMusicWhenMinimized: true
03:22:02.729 [FXGL Background Thread 3 ] DEBUG Engine               - isPreserveResizeRatio: false
03:22:02.729 [FXGL Background Thread 3 ] DEBUG Engine               - isProfilingEnabled: false
03:22:02.729 [FXGL Background Thread 3 ] DEBUG Engine               - isScaleAffectedOnResize: true
03:22:02.729 [FXGL Background Thread 3 ] DEBUG Engine               - isSingleStep: false
03:22:02.729 [FXGL Background Thread 3 ] DEBUG Engine               - isUserProfileEnabled: false
03:22:02.729 [FXGL Background Thread 3 ] DEBUG Engine               - isWindows: true
03:22:02.729 [FXGL Background Thread 3 ] DEBUG Engine               - language: ObjectProperty [value: ENGLISH]
03:22:02.729 [FXGL Background Thread 3 ] DEBUG Engine               - menuKey: ESCAPE
03:22:02.729 [FXGL Background Thread 3 ] DEBUG Engine               - mouseSensitivity: 0.2
03:22:02.729 [FXGL Background Thread 3 ] DEBUG Engine               - notificationViewClass: class com.almasb.fxgl.notification.view.XboxNotificationView
03:22:02.729 [FXGL Background Thread 3 ] DEBUG Engine               - pixelsPerMeter: 50.0
03:22:02.729 [FXGL Background Thread 3 ] DEBUG Engine               - platform: WINDOWS
03:22:02.729 [FXGL Background Thread 3 ] DEBUG Engine               - prefHeightProperty: ReadOnlyDoubleProperty [value: 600.0]
03:22:02.729 [FXGL Background Thread 3 ] DEBUG Engine               - prefWidthProperty: ReadOnlyDoubleProperty [value: 800.0]
03:22:02.729 [FXGL Background Thread 3 ] DEBUG Engine               - profileDir: profiles/
03:22:02.729 [FXGL Background Thread 3 ] DEBUG Engine               - profileName: StringProperty [value: DEFAULT]
03:22:02.729 [FXGL Background Thread 3 ] DEBUG Engine               - randomSeed: -1
03:22:02.729 [FXGL Background Thread 3 ] DEBUG Engine               - runtimeInfo: RuntimeInfo(platform=WINDOWS, version=dev-SNAPSHOT, build=28.07.2021 16.39)
03:22:02.729 [FXGL Background Thread 3 ] DEBUG Engine               - saveFileExt: sav
03:22:02.729 [FXGL Background Thread 3 ] DEBUG Engine               - scaledHeightProp$fxgl: DoubleProperty [bound, value: 600.0]
03:22:02.729 [FXGL Background Thread 3 ] DEBUG Engine               - scaledWidthProp$fxgl: DoubleProperty [bound, value: 800.0]
03:22:02.730 [FXGL Background Thread 3 ] DEBUG Engine               - sceneFactory: com.groupfour.mygame.App$1@f5b11c1
03:22:02.730 [FXGL Background Thread 3 ] DEBUG Engine               - secondsIn24h: 60
03:22:02.730 [FXGL Background Thread 3 ] DEBUG Engine               - soundMenuBack: menu/back.wav
03:22:02.730 [FXGL Background Thread 3 ] DEBUG Engine               - soundMenuPress: menu/press.wav
03:22:02.730 [FXGL Background Thread 3 ] DEBUG Engine               - soundMenuSelect: menu/select.wav
03:22:02.730 [FXGL Background Thread 3 ] DEBUG Engine               - soundNotification: core/notification.wav
03:22:02.730 [FXGL Background Thread 3 ] DEBUG Engine               - stageStyle: DECORATED
03:22:02.730 [FXGL Background Thread 3 ] DEBUG Engine               - supportedLanguages: [ENGLISH, FRENCH, GERMAN, HUNGARIAN, RUSSIAN]
03:22:02.730 [FXGL Background Thread 3 ] DEBUG Engine               - ticksPerSecond: -1
03:22:02.730 [FXGL Background Thread 3 ] DEBUG Engine               - title: Flatline: Oregon
03:22:02.730 [FXGL Background Thread 3 ] DEBUG Engine               - urlGithub: https://github.com/AlmasB/FXGL
03:22:02.730 [FXGL Background Thread 3 ] DEBUG Engine               - urlLeaderboard: http://fxgl-top.herokuapp.com/
03:22:02.730 [FXGL Background Thread 3 ] DEBUG Engine               - urlPOM: https://raw.githubusercontent.com/AlmasB/FXGL/release/README.md
03:22:02.730 [FXGL Background Thread 3 ] DEBUG Engine               - userAppClass: class com.groupfour.mygame.App
03:22:02.730 [FXGL Background Thread 3 ] DEBUG Engine               - version: Alpha 0.3
03:22:02.730 [FXGL Background Thread 3 ] DEBUG Engine               - versionCheckDays: 7
03:22:02.730 [FXGL Background Thread 3 ] DEBUG Engine               - width: 800
03:22:02.731 [FXGL Background Thread 3 ] DEBUG Engine               - Logging services
03:22:02.731 [FXGL Background Thread 3 ] DEBUG Engine               - class com.almasb.fxgl.app.services.FXGLAssetLoaderService
03:22:02.731 [FXGL Background Thread 3 ] DEBUG Engine               - class com.almasb.fxgl.app.FXGLApplication$GameApplicationService
03:22:02.731 [FXGL Background Thread 3 ] DEBUG Engine               - class com.almasb.fxgl.app.services.FXGLDialogService
03:22:02.731 [FXGL Background Thread 3 ] DEBUG Engine               - class com.almasb.fxgl.app.services.IOTaskExecutorService
03:22:02.731 [FXGL Background Thread 3 ] DEBUG Engine               - class com.almasb.fxgl.io.FileSystemService
03:22:02.731 [FXGL Background Thread 3 ] DEBUG Engine               - class com.almasb.fxgl.localization.LocalizationService
03:22:02.731 [FXGL Background Thread 3 ] DEBUG Engine               - class com.almasb.fxgl.app.services.SystemBundleService
03:22:02.731 [FXGL Background Thread 3 ] DEBUG Engine               - class com.almasb.fxgl.profile.SaveLoadService
03:22:02.731 [FXGL Background Thread 3 ] DEBUG Engine               - class com.almasb.fxgl.ui.FXGLUIFactoryServiceProvider
03:22:02.731 [FXGL Background Thread 3 ] DEBUG Engine               - class com.almasb.fxgl.ui.FXGLDialogFactoryServiceProvider
03:22:02.731 [FXGL Background Thread 3 ] DEBUG Engine               - class com.almasb.fxgl.audio.AudioPlayer
03:22:02.731 [FXGL Background Thread 3 ] DEBUG Engine               - class com.almasb.fxgl.notification.impl.NotificationServiceProvider
03:22:02.731 [FXGL Background Thread 3 ] DEBUG Engine               - class com.almasb.fxgl.achievement.AchievementService
03:22:02.731 [FXGL Background Thread 3 ] DEBUG Engine               - class com.almasb.fxgl.cutscene.CutsceneService
03:22:02.731 [FXGL Background Thread 3 ] DEBUG Engine               - class com.almasb.fxgl.minigames.MiniGameService
03:22:02.731 [FXGL Background Thread 3 ] DEBUG Engine               - class com.almasb.fxgl.net.NetService
03:22:02.731 [FXGL Background Thread 3 ] DEBUG Engine               - class com.almasb.fxgl.app.services.UpdaterService
03:22:02.731 [FXGL Background Thread 3 ] DEBUG Engine               - class com.almasb.fxgl.dev.DevService
03:22:02.731 [FXGL Background Thread 3 ] DEBUG Engine               - class com.almasb.fxgl.multiplayer.MultiplayerService
03:22:03.177 [JavaFX Application Thread] DEBUG PrimaryStageWindow   - Push state: DialogSubScene
03:22:03.177 [JavaFX Application Thread] DEBUG Input                - Clearing active input actions
03:22:03.177 [JavaFX Application Thread] DEBUG GameApplicationServi - Removing overlay from PlayerCountMenu and adding to DialogSubScene
03:22:03.178 [JavaFX Application Thread] DEBUG PrimaryStageWindow   - PlayerCountMenu -> DialogSubScene
03:22:03.717 [JavaFX Application Thread] DEBUG PrimaryStageWindow   - Pop state: DialogSubScene
03:22:03.717 [JavaFX Application Thread] DEBUG Input                - Clearing active input actions
03:22:03.718 [JavaFX Application Thread] DEBUG GameApplicationServi - Removing overlay from DialogSubScene and adding to PlayerCountMenu
03:22:03.718 [JavaFX Application Thread] DEBUG PrimaryStageWindow   - PlayerCountMenu <- DialogSubScene
03:22:03.721 [JavaFX Application Thread] DEBUG PrimaryStageWindow   - Push state: LoadingScreen
03:22:03.721 [JavaFX Application Thread] DEBUG Input                - Clearing active input actions
03:22:03.722 [JavaFX Application Thread] DEBUG GameApplicationServi - Removing overlay from PlayerCountMenu and adding to LoadingScreen
03:22:03.722 [JavaFX Application Thread] DEBUG PrimaryStageWindow   - PlayerCountMenu -> LoadingScreen
03:22:03.725 [ServerAsyncConnThread    ] DEBUG TCPServer            - Starting to listen at: 55555 type: class com.almasb.fxgl.core.serialization.Bundle
03:22:05.215 [ServerAsyncConnThread    ] DEBUG Endpoint             - TCPServer opening new connection (1) from /127.0.0.1:59573 type: class com.almasb.fxgl.core.serialization.Bundle
03:22:05.215 [ServerAsyncConnThread    ] DEBUG Endpoint             - TCPServer successfully opened connection (1)
03:22:05.216 [JavaFX Application Thread] DEBUG PrimaryStageWindow   - Pop state: LoadingScreen
03:22:05.216 [JavaFX Application Thread] DEBUG Input                - Clearing active input actions
03:22:05.216 [JavaFX Application Thread] DEBUG GameApplicationServi - Removing overlay from LoadingScreen and adding to PlayerCountMenu
03:22:05.218 [JavaFX Application Thread] DEBUG PrimaryStageWindow   - PlayerCountMenu <- LoadingScreen
03:22:05.218 [JavaFX Application Thread] DEBUG PrimaryStageWindow   - Push state: MultiplayerStart
03:22:05.218 [JavaFX Application Thread] DEBUG Input                - Clearing active input actions
03:22:05.218 [TCPServer_SendThread-1   ] DEBUG Writers              - Getting TCPMessageWriter for class com.almasb.fxgl.core.serialization.Bundle
03:22:05.218 [JavaFX Application Thread] DEBUG GameApplicationServi - Removing overlay from PlayerCountMenu and adding to MultiplayerStart
03:22:05.218 [JavaFX Application Thread] DEBUG PrimaryStageWindow   - PlayerCountMenu -> MultiplayerStart
03:22:05.219 [TCPServer_RecvThread-1   ] DEBUG Readers              - Getting TCPMessageReader for class com.almasb.fxgl.core.serialization.Bundle
03:22:05.219 [TCPServer_SendThread-1   ] DEBUG Writers              - Constructed TCPMessageWriter for class com.almasb.fxgl.core.serialization.Bundle: BundleTCPMessageWriter
03:22:05.219 [TCPServer_RecvThread-1   ] DEBUG Readers              - Constructed MessageReader for class com.almasb.fxgl.core.serialization.Bundle: BundleTCPMessageReader
03:22:06.450 [JavaFX Application Thread] DEBUG FXGLAssetLoaderServi - Loading from file system: file:/C:/Users/Cent/Desktop/CSS124L-LE/CSS124L-FinalExam/CSS124L-FINAL-PROJECT/fp/target/classes/assets/textures/Players/1P_Shoot.png
03:22:06.454 [JavaFX Application Thread] DEBUG FXGLAssetLoaderServi - Loading from file system: file:/C:/Users/Cent/Desktop/CSS124L-LE/CSS124L-FinalExam/CSS124L-FINAL-PROJECT/fp/target/classes/assets/textures/Weapons/Idle/M16_Idle.png
03:22:06.456 [JavaFX Application Thread] DEBUG FXGLAssetLoaderServi - Loading from file system: file:/C:/Users/Cent/Desktop/CSS124L-LE/CSS124L-FinalExam/CSS124L-FINAL-PROJECT/fp/target/classes/assets/textures/Weapons/Shooting/M16_Shooting.png
03:22:06.458 [JavaFX Application Thread] WARN  Entity               - Entity already has component: com.groupfour.Components.AnimationComponents.PlayerAnimComp
03:22:06.461 [JavaFX Application Thread] WARN  Entity               - Entity already has component: com.groupfour.Components.AnimationComponents.PlayerAnimComp
03:22:06.462 [JavaFX Application Thread] DEBUG PrimaryStageWindow   - Pop state: MultiplayerStart
03:22:06.462 [JavaFX Application Thread] DEBUG Input                - Clearing active input actions
03:22:06.463 [JavaFX Application Thread] DEBUG GameApplicationServi - Removing overlay from MultiplayerStart and adding to PlayerCountMenu
03:22:06.463 [JavaFX Application Thread] DEBUG PrimaryStageWindow   - PlayerCountMenu <- MultiplayerStart
03:22:06.463 [JavaFX Application Thread] DEBUG PrimaryStageWindow   - Pop state: PlayerCountMenu
03:22:06.463 [JavaFX Application Thread] DEBUG Input                - Clearing active input actions
03:22:06.463 [JavaFX Application Thread] DEBUG GameApplicationServi - Removing overlay from PlayerCountMenu and adding to GameScene
03:22:06.464 [JavaFX Application Thread] DEBUG PrimaryStageWindow   - GameScene <- PlayerCountMenu
03:22:06.946 [JavaFX Application Thread] DEBUG FXGLAssetLoaderServi - Loading from file system: file:/C:/Users/Cent/Desktop/CSS124L-LE/CSS124L-FinalExam/CSS124L-FINAL-PROJECT/fp/target/classes/assets/textures/Zombies/Basic_Zombie_Walking.png
03:22:06.949 [JavaFX Application Thread] WARN  FXGLAssetLoaderServi - Asset "/assets/textures/Zombies/Basic_Zombie_Attacking.png" was not found!
03:22:06.950 [JavaFX Application Thread] WARN  FXGLAssetLoaderServi - Failed to load IMAGE
03:22:07.432 [JavaFX Application Thread] WARN  FXGLAssetLoaderServi - Asset "/assets/textures/Zombies/Basic_Zombie_Attacking.png" was not found!
03:22:07.432 [JavaFX Application Thread] WARN  FXGLAssetLoaderServi - Failed to load IMAGE
03:22:07.883 [JavaFX Application Thread] WARN  FXGLAssetLoaderServi - Asset "/assets/textures/Zombies/Basic_Zombie_Attacking.png" was not found!
03:22:07.884 [JavaFX Application Thread] WARN  FXGLAssetLoaderServi - Failed to load IMAGE
03:22:08.707 [JavaFX Application Thread] WARN  FXGLAssetLoaderServi - Asset "/assets/textures/Zombies/Basic_Zombie_Attacking.png" was not found!
03:22:08.708 [JavaFX Application Thread] WARN  FXGLAssetLoaderServi - Failed to load IMAGE
03:22:09.548 [JavaFX Application Thread] WARN  FXGLAssetLoaderServi - Asset "/assets/textures/Zombies/Basic_Zombie_Attacking.png" was not found!
03:22:09.548 [JavaFX Application Thread] WARN  FXGLAssetLoaderServi - Failed to load IMAGE
03:22:10.471 [JavaFX Application Thread] WARN  FXGLAssetLoaderServi - Asset "/assets/textures/Zombies/Basic_Zombie_Attacking.png" was not found!
03:22:10.471 [JavaFX Application Thread] WARN  FXGLAssetLoaderServi - Failed to load IMAGE
03:22:11.466 [JavaFX Application Thread] WARN  FXGLAssetLoaderServi - Asset "/assets/textures/Zombies/Basic_Zombie_Attacking.png" was not found!
03:22:11.466 [JavaFX Application Thread] WARN  FXGLAssetLoaderServi - Failed to load IMAGE
03:22:12.516 [JavaFX Application Thread] WARN  FXGLAssetLoaderServi - Asset "/assets/textures/Zombies/Basic_Zombie_Attacking.png" was not found!
03:22:12.516 [JavaFX Application Thread] WARN  FXGLAssetLoaderServi - Failed to load IMAGE
03:22:13.514 [JavaFX Application Thread] WARN  FXGLAssetLoaderServi - Asset "/assets/textures/Zombies/Basic_Zombie_Attacking.png" was not found!
03:22:13.514 [JavaFX Application Thread] WARN  FXGLAssetLoaderServi - Failed to load IMAGE
03:22:14.505 [JavaFX Application Thread] WARN  FXGLAssetLoaderServi - Asset "/assets/textures/Zombies/Basic_Zombie_Attacking.png" was not found!
03:22:14.506 [JavaFX Application Thread] WARN  FXGLAssetLoaderServi - Failed to load IMAGE
03:22:15.478 [JavaFX Application Thread] WARN  FXGLAssetLoaderServi - Asset "/assets/textures/Zombies/Basic_Zombie_Attacking.png" was not found!
03:22:15.478 [JavaFX Application Thread] WARN  FXGLAssetLoaderServi - Failed to load IMAGE
03:22:16.484 [JavaFX Application Thread] WARN  FXGLAssetLoaderServi - Asset "/assets/textures/Zombies/Basic_Zombie_Attacking.png" was not found!
03:22:16.484 [JavaFX Application Thread] WARN  FXGLAssetLoaderServi - Failed to load IMAGE
03:22:16.801 [JavaFX Application Thread] DEBUG FXGLApplication      - Exiting FXGL
03:22:16.801 [JavaFX Application Thread] DEBUG LoopRunner           - Stopping loop
03:22:16.801 [JavaFX Application Thread] DEBUG SystemBundleService  - Saving FXGL system data
03:22:16.802 [JavaFX Application Thread] DEBUG FileSystemAccess     - Writing to: c:\Users\Cent\Desktop\CSS124L-LE\CSS124L-FinalExam\CSS124L-FINAL-PROJECT\system\fxgl.bundle
03:22:16.803 [JavaFX Application Thread] DEBUG Async                - Shutting down background threads
03:22:16.803 [JavaFX Application Thread] DEBUG PrimaryStageWindow   - Closing main window
03:22:16.821 [JavaFX Application Thread] DEBUG Logger               - Closing Logger
