17:16:53.250 [main                     ] DEBUG Logger               - Configured Logger
17:16:53.269 [main                     ] DEBUG GameApplication      - Logging settings
Title: Flatline: Oregon
Version: Alpha 0.3
Width: 800
Height: 600
Fullscreen: false
Intro: false
Profiling: false
Single step:false
App Mode: DEVELOPER
Menu Key: ESCAPE
Stage Style: DECORATED
Scene Factory: class com.groupfour.mygame.App$1

17:16:53.583 [JavaFX Application Thread] DEBUG FXGLApplication      - Initializing FXGL
17:16:53.584 [JavaFX Application Thread] INFO  Engine               - FXGL-dev-SNAPSHOT (28.07.2021 16.39) on WINDOWS (J:11.0.22 FX:16)
17:16:53.585 [JavaFX Application Thread] DEBUG Engine               - JRE Vendor Name: Oracle Corporation
17:16:53.585 [JavaFX Application Thread] DEBUG Engine               - Running on OS: Windows 11 version 10.0
17:16:53.585 [JavaFX Application Thread] DEBUG Engine               - Architecture: amd64
17:16:53.585 [JavaFX Application Thread] INFO  Engine               - Source code and latest versions at: https://github.com/AlmasB/FXGL
17:16:53.586 [JavaFX Application Thread] INFO  Engine               -              Join the FXGL chat at: https://gitter.im/AlmasB/FXGL
17:16:53.638 [JavaFX Application Thread] DEBUG PrimaryStageWindow   - Creating a JavaFX scene
17:16:53.678 [JavaFX Application Thread] DEBUG PrimaryStageWindow   - Target settings size: 800.0 x 600.0
17:16:53.679 [JavaFX Application Thread] DEBUG PrimaryStageWindow   - Scaled scene size:    800.0 x 600.0
17:16:53.679 [JavaFX Application Thread] DEBUG PrimaryStageWindow   - Scaled ratio: (1.0, 1.0)
17:16:53.679 [JavaFX Application Thread] DEBUG PrimaryStageWindow   - Set initial scene to FXGLStartupScene
17:16:53.683 [JavaFX Application Thread] DEBUG PrimaryStageWindow   - Opening main window
17:16:53.748 [JavaFX Application Thread] DEBUG PrimaryStageWindow   - Window border size: (14.4000244140625, 37.5999755859375)
17:16:53.749 [JavaFX Application Thread] DEBUG PrimaryStageWindow   - Scaled size: 800.0 x 600.0
17:16:53.749 [JavaFX Application Thread] DEBUG PrimaryStageWindow   - Scaled ratio: (1.0, 1.0)
17:16:53.749 [JavaFX Application Thread] DEBUG PrimaryStageWindow   - Scene size: 800.0 x 600.0
17:16:53.749 [JavaFX Application Thread] DEBUG PrimaryStageWindow   - Stage size: 814.4000244140625 x 637.5999755859375
17:16:53.754 [FXGL Background Thread 1 ] DEBUG Engine               - Initializing environment variables
17:16:53.790 [FXGL Background Thread 1 ] DEBUG FXGLAssetLoaderServi - User app class for loading assets: class com.groupfour.mygame.App
17:16:53.790 [FXGL Background Thread 1 ] DEBUG GameApplicationServi - Applying CSS: fxgl_dark.css
17:16:53.791 [FXGL Background Thread 1 ] DEBUG FXGLAssetLoaderServi - Loading from file system: jar:file:///C:/Users/acer/.m2/repository/com/github/almasb/fxgl/dev-SNAPSHOT/fxgl-dev-SNAPSHOT.jar!/fxglassets/ui/css/fxgl_dark.css
17:16:53.826 [FXGL Background Thread 1 ] DEBUG GameApplicationServi - Initializing application scenes
17:16:53.853 [FXGL Background Thread 1 ] DEBUG GameWorld            - Game world initialized
17:16:53.887 [FXGL Background Thread 1 ] DEBUG PhysicsWorld         - Physics world initialized: appHeight=600, physics.ppm=50.0
17:16:53.887 [FXGL Background Thread 1 ] DEBUG PhysicsWorld         - Using strategy: BRUTE_FORCE
17:16:53.888 [FXGL Background Thread 1 ] DEBUG GameScene            - Game scene initialized: 800x600
17:16:53.896 [FXGL Background Thread 1 ] DEBUG FXGL.DefaultMenu     - createMenuBodyMainMenu()
17:16:53.906 [FXGL Background Thread 1 ] DEBUG FXGL.DefaultMenu     - createOptionsMenu()
17:16:53.913 [FXGL Background Thread 1 ] DEBUG FXGLAssetLoaderServi - Loading from file system: jar:file:///C:/Users/acer/.m2/repository/com/github/almasb/fxgl/dev-SNAPSHOT/fxgl-dev-SNAPSHOT.jar!/fxglassets/textures/particles/smoke.png
17:16:53.976 [FXGL Background Thread 1 ] DEBUG FXGLAssetLoaderServi - Loading from file system: jar:file:///C:/Users/acer/.m2/repository/com/github/almasb/fxgl/dev-SNAPSHOT/fxgl-dev-SNAPSHOT.jar!/fxglassets/textures/particles/trace_horizontal.png
17:16:54.001 [FXGL Background Thread 1 ] DEBUG GameApplicationServi - Application scenes initialized
17:16:54.008 [FXGL Background Thread 1 ] DEBUG SystemBundleService  - Loading FXGL system data
17:16:54.012 [FXGL Background Thread 1 ] DEBUG FileSystemAccess     - Reading from: C:\Users\acer\OneDrive\Desktop\git pull\CSS124L-FINAL-PROJECT\system\fxgl.bundle
17:16:54.018 [FXGL Background Thread 1 ] DEBUG SystemBundleService  - Bundle FXGL: {}
17:16:54.018 [FXGL Background Thread 1 ] DEBUG UpdaterService       - Checking for updates
17:16:54.040 [FXGL Background Thread 4 ] DEBUG FXGLApplication      - Loading fonts
17:16:54.040 [FXGL Background Thread 1 ] DEBUG FXGLApplication      - Loading default localization
17:16:54.040 [FXGL Background Thread 4 ] DEBUG FXGLAssetLoaderServi - Loading from file system: jar:file:///C:/Users/acer/.m2/repository/com/github/almasb/fxgl/dev-SNAPSHOT/fxgl-dev-SNAPSHOT.jar!/fxglassets/ui/fonts/VarelaRound-Regular.ttf
17:16:54.040 [FXGL Background Thread 1 ] DEBUG FXGLAssetLoaderServi - Loading from file system: jar:file:///C:/Users/acer/.m2/repository/com/github/almasb/fxgl/dev-SNAPSHOT/fxgl-dev-SNAPSHOT.jar!/fxglassets/languages/english.lang
17:16:54.054 [FXGL Background Thread 1 ] INFO  FXGLApplication      - FXGL initialization took: 0.300 sec
17:16:54.063 [JavaFX Application Thread] DEBUG Input                - Registered new binding: Move Upwards - W
17:16:54.063 [JavaFX Application Thread] DEBUG Input                - Registered new binding: Move Down - S
17:16:54.063 [JavaFX Application Thread] DEBUG Input                - Registered new binding: Move Left - A
17:16:54.063 [JavaFX Application Thread] DEBUG Input                - Registered new binding: Move Right - D
17:16:54.063 [JavaFX Application Thread] DEBUG Input                - Registered new binding: Reload - R
17:16:54.064 [JavaFX Application Thread] DEBUG Input                - Registered new binding: Shoot - LMB
17:16:54.064 [JavaFX Application Thread] DEBUG Input                - Registered new binding: Switch Weapons - Q
17:16:54.064 [JavaFX Application Thread] DEBUG Input                - Registered new binding: Interact - F
17:16:54.065 [JavaFX Application Thread] DEBUG FXGLAssetLoaderServi - Loading from file system: jar:file:///C:/Users/acer/.m2/repository/com/github/almasb/fxgl/dev-SNAPSHOT/fxgl-dev-SNAPSHOT.jar!/fxglassets/textures/fxgl_icon.png
17:16:54.081 [JavaFX Application Thread] DEBUG FXGLAssetLoaderServi - Loading from file system: jar:file:///C:/Users/acer/.m2/repository/com/github/almasb/fxgl/dev-SNAPSHOT/fxgl-dev-SNAPSHOT.jar!/fxglassets/textures/fxgl_default_cursor.png
17:16:54.083 [JavaFX Application Thread] DEBUG Input                - Registered new binding: Screenshot - CTRL+8
17:16:54.084 [JavaFX Application Thread] DEBUG Input                - Registered new binding: Dev Options - 1
17:16:54.084 [JavaFX Application Thread] DEBUG Input                - Registered new binding: Dev Console - 2
17:16:54.085 [JavaFX Application Thread] DEBUG Input                - Registered new binding: System info dump - CTRL+9
17:16:54.085 [JavaFX Application Thread] DEBUG Input                - Registered new binding: Restart - CTRL+R
17:16:54.085 [JavaFX Application Thread] DEBUG Input                - Registered new binding: Toggle Debug Camera - CTRL+C
17:16:54.087 [JavaFX Application Thread] DEBUG LoopRunner           - Starting loop
17:16:54.097 [JavaFX Application Thread] DEBUG LoopRunner           - Initializing JavaFX AnimationTimerLoop
17:16:54.098 [JavaFX Application Thread] DEBUG Input                - Clearing active input actions
17:16:54.105 [JavaFX Application Thread] DEBUG GameApplicationServi - Removing overlay from FXGLStartupScene and adding to FXGLMainMenuDummyScene
17:16:54.109 [JavaFX Application Thread] DEBUG PrimaryStageWindow   - FXGLStartupScene -> FXGLMainMenuDummyScene
17:16:54.109 [JavaFX Application Thread] DEBUG PrimaryStageWindow   - Push state: FXGLDefaultMenu
17:16:54.113 [JavaFX Application Thread] DEBUG Input                - Clearing active input actions
17:16:54.117 [JavaFX Application Thread] DEBUG GameApplicationServi - Removing overlay from FXGLMainMenuDummyScene and adding to FXGLDefaultMenu
17:16:54.118 [JavaFX Application Thread] DEBUG PrimaryStageWindow   - FXGLMainMenuDummyScene -> FXGLDefaultMenu
17:16:54.409 [FXGL Background Thread 4 ] DEBUG FXGLAssetLoaderServi - Loading from file system: jar:file:///C:/Users/acer/.m2/repository/com/github/almasb/fxgl/dev-SNAPSHOT/fxgl-dev-SNAPSHOT.jar!/fxglassets/ui/fonts/Abel-Regular.ttf
17:16:54.414 [FXGL Background Thread 4 ] DEBUG FXGLAssetLoaderServi - Loading from file system: jar:file:///C:/Users/acer/.m2/repository/com/github/almasb/fxgl/dev-SNAPSHOT/fxgl-dev-SNAPSHOT.jar!/fxglassets/ui/fonts/lucida_console.ttf
17:16:54.420 [FXGL Background Thread 4 ] DEBUG FXGLAssetLoaderServi - Loading from file system: jar:file:///C:/Users/acer/.m2/repository/com/github/almasb/fxgl/dev-SNAPSHOT/fxgl-dev-SNAPSHOT.jar!/fxglassets/ui/fonts/Courier-Prime.ttf
17:16:54.441 [JavaFX Application Thread] DEBUG FXGLApplication      - Registering font factories with UI factory
17:16:54.686 [FXGL Background Thread 2 ] INFO  UpdaterService       - Your current version:  dev-SNAPSHOT
17:16:54.686 [FXGL Background Thread 2 ] INFO  UpdaterService       - Latest stable version: 21.1
17:16:54.934 [JavaFX Application Thread] DEBUG Menu                 - fireNewGame()
17:16:54.935 [JavaFX Application Thread] DEBUG GameApplicationServi - Starting new game
17:16:54.936 [JavaFX Application Thread] DEBUG PrimaryStageWindow   - Pop state: FXGLDefaultMenu
17:16:54.936 [JavaFX Application Thread] DEBUG Input                - Clearing active input actions
17:16:54.936 [JavaFX Application Thread] DEBUG GameApplicationServi - Removing overlay from FXGLDefaultMenu and adding to FXGLMainMenuDummyScene
17:16:54.938 [JavaFX Application Thread] DEBUG PrimaryStageWindow   - FXGLMainMenuDummyScene <- FXGLDefaultMenu
17:16:54.938 [JavaFX Application Thread] DEBUG Input                - Clearing active input actions
17:16:54.944 [JavaFX Application Thread] DEBUG GameApplicationServi - Removing overlay from FXGLMainMenuDummyScene and adding to FXGLLoadingScene
17:16:54.944 [JavaFX Application Thread] DEBUG PrimaryStageWindow   - FXGLMainMenuDummyScene -> FXGLLoadingScene
17:16:54.945 [JavaFX Application Thread] DEBUG GameApplicationServi - Clearing previous game
17:16:54.945 [JavaFX Application Thread] DEBUG GameScene            - Clearing game scene
17:16:54.945 [JavaFX Application Thread] DEBUG GameWorld            - Clearing game world
17:16:54.945 [JavaFX Application Thread] DEBUG PhysicsWorld         - Clearing physics world
17:16:54.945 [FXGL Background Thread 2 ] DEBUG FXGLApplication      - Initializing game
17:16:54.969 [FXGL Background Thread 2 ] DEBUG FXGLAssetLoaderServi - Loading from file system: file:/C:/Users/acer/OneDrive/Desktop/git%20pull/CSS124L-FINAL-PROJECT/fp/target/classes/assets/textures/Players/1P_Idle.png
17:16:54.971 [FXGL Background Thread 2 ] DEBUG FXGLAssetLoaderServi - Loading from file system: file:/C:/Users/acer/OneDrive/Desktop/git%20pull/CSS124L-FINAL-PROJECT/fp/target/classes/assets/textures/Players/1P_Walk.gif
17:16:54.977 [FXGL Background Thread 2 ] DEBUG FXGLAssetLoaderServi - Loading from file system: file:/C:/Users/acer/OneDrive/Desktop/git%20pull/CSS124L-FINAL-PROJECT/fp/target/classes/assets/textures/Players/1P_Shoot.gif
17:16:54.990 [FXGL Background Thread 2 ] INFO  FXGLApplication      - Game initialization took: 0.044 sec
17:16:54.992 [JavaFX Application Thread] DEBUG Input                - Clearing active input actions
17:16:54.997 [JavaFX Application Thread] DEBUG GameApplicationServi - Removing overlay from FXGLLoadingScene and adding to GameScene
17:16:54.998 [JavaFX Application Thread] DEBUG PrimaryStageWindow   - FXGLLoadingScene -> GameScene
17:16:55.001 [JavaFX Application Thread] DEBUG PrimaryStageWindow   - Push state: PlayerCountMenu
17:16:55.001 [JavaFX Application Thread] DEBUG Input                - Clearing active input actions
17:16:55.001 [JavaFX Application Thread] DEBUG GameApplicationServi - Removing overlay from GameScene and adding to PlayerCountMenu
17:16:55.001 [JavaFX Application Thread] DEBUG PrimaryStageWindow   - GameScene -> PlayerCountMenu
17:16:56.213 [JavaFX Application Thread] DEBUG PrimaryStageWindow   - Pop state: PlayerCountMenu
17:16:56.213 [JavaFX Application Thread] DEBUG Input                - Clearing active input actions
17:16:56.214 [JavaFX Application Thread] DEBUG GameApplicationServi - Removing overlay from PlayerCountMenu and adding to GameScene
17:16:56.214 [JavaFX Application Thread] DEBUG PrimaryStageWindow   - GameScene <- PlayerCountMenu
17:16:56.742 [JavaFX Application Thread] DEBUG FXGLAssetLoaderServi - Loading from file system: file:/C:/Users/acer/OneDrive/Desktop/git%20pull/CSS124L-FINAL-PROJECT/fp/target/classes/assets/textures/Zombies/Basic_Zombie_Walking.gif
17:16:56.745 [JavaFX Application Thread] DEBUG FXGLAssetLoaderServi - Loading from file system: file:/C:/Users/acer/OneDrive/Desktop/git%20pull/CSS124L-FINAL-PROJECT/fp/target/classes/assets/textures/Zombies/Basic_Zombie_Attack.gif
17:16:57.039 [FXGL Background Thread 3 ] DEBUG Engine               - Logging environment variables
17:16:57.039 [FXGL Background Thread 3 ] DEBUG Engine               - achievements: []
17:16:57.039 [FXGL Background Thread 3 ] DEBUG Engine               - actualHeight: 600.0
17:16:57.039 [FXGL Background Thread 3 ] DEBUG Engine               - actualHeightProperty: ReadOnlyDoubleProperty [value: 600.0]
17:16:57.039 [FXGL Background Thread 3 ] DEBUG Engine               - actualWidth: 800.0
17:16:57.039 [FXGL Background Thread 3 ] DEBUG Engine               - actualWidthProperty: ReadOnlyDoubleProperty [value: 800.0]
17:16:57.039 [FXGL Background Thread 3 ] DEBUG Engine               - appIcon: fxgl_icon.png
17:16:57.039 [FXGL Background Thread 3 ] DEBUG Engine               - applicationMode: DEVELOPER
17:16:57.039 [FXGL Background Thread 3 ] DEBUG Engine               - cSSList: [fxgl_dark.css]
17:16:57.039 [FXGL Background Thread 3 ] DEBUG Engine               - collisionDetectionStrategy: BRUTE_FORCE
17:16:57.040 [FXGL Background Thread 3 ] DEBUG Engine               - configClass: Optional.empty
17:16:57.040 [FXGL Background Thread 3 ] DEBUG Engine               - credits: []
17:16:57.040 [FXGL Background Thread 3 ] DEBUG Engine               - defaultCursor: CursorInfo(imageName=fxgl_default_cursor.png, hotspotX=7.0, hotspotY=6.0)
17:16:57.040 [FXGL Background Thread 3 ] DEBUG Engine               - devBBoxColorProperty: ObjectProperty [value: 0xff0000ff]
17:16:57.040 [FXGL Background Thread 3 ] DEBUG Engine               - devEnableDebugCameraProperty: BooleanProperty [value: false]
17:16:57.040 [FXGL Background Thread 3 ] DEBUG Engine               - devSensorColorProperty: ObjectProperty [value: 0xffff00ff]
17:16:57.040 [FXGL Background Thread 3 ] DEBUG Engine               - devShowBBoxProperty: BooleanProperty [value: false]
17:16:57.040 [FXGL Background Thread 3 ] DEBUG Engine               - devShowPositionProperty: BooleanProperty [value: false]
17:16:57.040 [FXGL Background Thread 3 ] DEBUG Engine               - enabledMenuItems: []
17:16:57.040 [FXGL Background Thread 3 ] DEBUG Engine               - engineServices: [class com.almasb.fxgl.app.services.FXGLAssetLoaderService, class com.almasb.fxgl.app.FXGLApplication$GameApplicationService, class com.almasb.fxgl.app.services.FXGLDialogService, class com.almasb.fxgl.app.services.IOTaskExecutorService, class com.almasb.fxgl.io.FileSystemService, class com.almasb.fxgl.localization.LocalizationService, class com.almasb.fxgl.app.services.SystemBundleService, class com.almasb.fxgl.profile.SaveLoadService, class com.almasb.fxgl.ui.FXGLUIFactoryServiceProvider, class com.almasb.fxgl.ui.FXGLDialogFactoryServiceProvider, class com.almasb.fxgl.audio.AudioPlayer, class com.almasb.fxgl.notification.impl.NotificationServiceProvider, class com.almasb.fxgl.achievement.AchievementService, class com.almasb.fxgl.cutscene.CutsceneService, class com.almasb.fxgl.minigames.MiniGameService, class com.almasb.fxgl.net.NetService, class com.almasb.fxgl.app.services.UpdaterService, class com.almasb.fxgl.dev.DevService, class com.almasb.fxgl.multiplayer.MultiplayerService]
17:16:57.040 [FXGL Background Thread 3 ] DEBUG Engine               - fontGame: Abel-Regular.ttf
17:16:57.040 [FXGL Background Thread 3 ] DEBUG Engine               - fontMono: lucida_console.ttf
17:16:57.040 [FXGL Background Thread 3 ] DEBUG Engine               - fontText: Courier-Prime.ttf
17:16:57.040 [FXGL Background Thread 3 ] DEBUG Engine               - fontUI: VarelaRound-Regular.ttf
17:16:57.040 [FXGL Background Thread 3 ] DEBUG Engine               - fullScreen: BooleanProperty [value: false]
17:16:57.041 [FXGL Background Thread 3 ] DEBUG Engine               - gameDifficulty: MEDIUM
17:16:57.041 [FXGL Background Thread 3 ] DEBUG Engine               - gameDifficultyProperty: ObjectProperty [value: MEDIUM]
17:16:57.041 [FXGL Background Thread 3 ] DEBUG Engine               - globalMusicVolume: 0.5
17:16:57.041 [FXGL Background Thread 3 ] DEBUG Engine               - globalMusicVolumeProperty: DoubleProperty [value: 0.5]
17:16:57.041 [FXGL Background Thread 3 ] DEBUG Engine               - globalSoundVolume: 0.5
17:16:57.041 [FXGL Background Thread 3 ] DEBUG Engine               - globalSoundVolumeProperty: DoubleProperty [value: 0.5]
17:16:57.041 [FXGL Background Thread 3 ] DEBUG Engine               - height: 600
17:16:57.041 [FXGL Background Thread 3 ] DEBUG Engine               - is3D: false
17:16:57.041 [FXGL Background Thread 3 ] DEBUG Engine               - isAndroid: false
17:16:57.041 [FXGL Background Thread 3 ] DEBUG Engine               - isBrowser: false
17:16:57.041 [FXGL Background Thread 3 ] DEBUG Engine               - isClickFeedbackEnabled: false
17:16:57.041 [FXGL Background Thread 3 ] DEBUG Engine               - isCloseConfirmation: false
17:16:57.041 [FXGL Background Thread 3 ] DEBUG Engine               - isDesktop: true
17:16:57.041 [FXGL Background Thread 3 ] DEBUG Engine               - isDeveloperMenuEnabled: true
17:16:57.041 [FXGL Background Thread 3 ] DEBUG Engine               - isEmbedded: false
17:16:57.041 [FXGL Background Thread 3 ] DEBUG Engine               - isEntityPreloadEnabled: true
17:16:57.041 [FXGL Background Thread 3 ] DEBUG Engine               - isExperimentalTiledLargeMap: false
17:16:57.041 [FXGL Background Thread 3 ] DEBUG Engine               - isFileSystemWriteAllowed: true
17:16:57.041 [FXGL Background Thread 3 ] DEBUG Engine               - isFullScreenAllowed: false
17:16:57.041 [FXGL Background Thread 3 ] DEBUG Engine               - isFullScreenFromStart: false
17:16:57.041 [FXGL Background Thread 3 ] DEBUG Engine               - isGameMenuEnabled: true
17:16:57.041 [FXGL Background Thread 3 ] DEBUG Engine               - isIOS: false
17:16:57.041 [FXGL Background Thread 3 ] DEBUG Engine               - isIntroEnabled: false
17:16:57.041 [FXGL Background Thread 3 ] DEBUG Engine               - isLinux: false
17:16:57.041 [FXGL Background Thread 3 ] DEBUG Engine               - isMac: false
17:16:57.041 [FXGL Background Thread 3 ] DEBUG Engine               - isMainMenuEnabled: true
17:16:57.041 [FXGL Background Thread 3 ] DEBUG Engine               - isManualResizeEnabled: false
17:16:57.041 [FXGL Background Thread 3 ] DEBUG Engine               - isMobile: false
17:16:57.041 [FXGL Background Thread 3 ] DEBUG Engine               - isNative: false
17:16:57.042 [FXGL Background Thread 3 ] DEBUG Engine               - isPauseMusicWhenMinimized: true
17:16:57.042 [FXGL Background Thread 3 ] DEBUG Engine               - isPreserveResizeRatio: false
17:16:57.042 [FXGL Background Thread 3 ] DEBUG Engine               - isProfilingEnabled: false
17:16:57.042 [FXGL Background Thread 3 ] DEBUG Engine               - isScaleAffectedOnResize: true
17:16:57.042 [FXGL Background Thread 3 ] DEBUG Engine               - isSingleStep: false
17:16:57.042 [FXGL Background Thread 3 ] DEBUG Engine               - isUserProfileEnabled: false
17:16:57.042 [FXGL Background Thread 3 ] DEBUG Engine               - isWindows: true
17:16:57.042 [FXGL Background Thread 3 ] DEBUG Engine               - language: ObjectProperty [value: ENGLISH]
17:16:57.042 [FXGL Background Thread 3 ] DEBUG Engine               - menuKey: ESCAPE
17:16:57.042 [FXGL Background Thread 3 ] DEBUG Engine               - mouseSensitivity: 0.2
17:16:57.042 [FXGL Background Thread 3 ] DEBUG Engine               - notificationViewClass: class com.almasb.fxgl.notification.view.XboxNotificationView
17:16:57.042 [FXGL Background Thread 3 ] DEBUG Engine               - pixelsPerMeter: 50.0
17:16:57.042 [FXGL Background Thread 3 ] DEBUG Engine               - platform: WINDOWS
17:16:57.042 [FXGL Background Thread 3 ] DEBUG Engine               - prefHeightProperty: ReadOnlyDoubleProperty [value: 600.0]
17:16:57.042 [FXGL Background Thread 3 ] DEBUG Engine               - prefWidthProperty: ReadOnlyDoubleProperty [value: 800.0]
17:16:57.042 [FXGL Background Thread 3 ] DEBUG Engine               - profileDir: profiles/
17:16:57.042 [FXGL Background Thread 3 ] DEBUG Engine               - profileName: StringProperty [value: DEFAULT]
17:16:57.042 [FXGL Background Thread 3 ] DEBUG Engine               - randomSeed: -1
17:16:57.042 [FXGL Background Thread 3 ] DEBUG Engine               - runtimeInfo: RuntimeInfo(platform=WINDOWS, version=dev-SNAPSHOT, build=28.07.2021 16.39)
17:16:57.042 [FXGL Background Thread 3 ] DEBUG Engine               - saveFileExt: sav
17:16:57.042 [FXGL Background Thread 3 ] DEBUG Engine               - scaledHeightProp$fxgl: DoubleProperty [bound, value: 600.0]
17:16:57.042 [FXGL Background Thread 3 ] DEBUG Engine               - scaledWidthProp$fxgl: DoubleProperty [bound, value: 800.0]
17:16:57.042 [FXGL Background Thread 3 ] DEBUG Engine               - sceneFactory: com.groupfour.mygame.App$1@36bac2c
17:16:57.042 [FXGL Background Thread 3 ] DEBUG Engine               - secondsIn24h: 60
17:16:57.042 [FXGL Background Thread 3 ] DEBUG Engine               - soundMenuBack: menu/back.wav
17:16:57.042 [FXGL Background Thread 3 ] DEBUG Engine               - soundMenuPress: menu/press.wav
17:16:57.043 [FXGL Background Thread 3 ] DEBUG Engine               - soundMenuSelect: menu/select.wav
17:16:57.043 [FXGL Background Thread 3 ] DEBUG Engine               - soundNotification: core/notification.wav
17:16:57.043 [FXGL Background Thread 3 ] DEBUG Engine               - stageStyle: DECORATED
17:16:57.043 [FXGL Background Thread 3 ] DEBUG Engine               - supportedLanguages: [ENGLISH, FRENCH, GERMAN, HUNGARIAN, RUSSIAN]
17:16:57.043 [FXGL Background Thread 3 ] DEBUG Engine               - ticksPerSecond: -1
17:16:57.043 [FXGL Background Thread 3 ] DEBUG Engine               - title: Flatline: Oregon
17:16:57.043 [FXGL Background Thread 3 ] DEBUG Engine               - urlGithub: https://github.com/AlmasB/FXGL
17:16:57.043 [FXGL Background Thread 3 ] DEBUG Engine               - urlLeaderboard: http://fxgl-top.herokuapp.com/
17:16:57.043 [FXGL Background Thread 3 ] DEBUG Engine               - urlPOM: https://raw.githubusercontent.com/AlmasB/FXGL/release/README.md
17:16:57.044 [FXGL Background Thread 3 ] DEBUG Engine               - userAppClass: class com.groupfour.mygame.App
17:16:57.044 [FXGL Background Thread 3 ] DEBUG Engine               - version: Alpha 0.3
17:16:57.044 [FXGL Background Thread 3 ] DEBUG Engine               - versionCheckDays: 7
17:16:57.044 [FXGL Background Thread 3 ] DEBUG Engine               - width: 800
17:16:57.044 [FXGL Background Thread 3 ] DEBUG Engine               - Logging services
17:16:57.044 [FXGL Background Thread 3 ] DEBUG Engine               - class com.almasb.fxgl.app.services.FXGLAssetLoaderService
17:16:57.044 [FXGL Background Thread 3 ] DEBUG Engine               - class com.almasb.fxgl.app.FXGLApplication$GameApplicationService
17:16:57.044 [FXGL Background Thread 3 ] DEBUG Engine               - class com.almasb.fxgl.app.services.FXGLDialogService
17:16:57.044 [FXGL Background Thread 3 ] DEBUG Engine               - class com.almasb.fxgl.app.services.IOTaskExecutorService
17:16:57.044 [FXGL Background Thread 3 ] DEBUG Engine               - class com.almasb.fxgl.io.FileSystemService
17:16:57.044 [FXGL Background Thread 3 ] DEBUG Engine               - class com.almasb.fxgl.localization.LocalizationService
17:16:57.044 [FXGL Background Thread 3 ] DEBUG Engine               - class com.almasb.fxgl.app.services.SystemBundleService
17:16:57.044 [FXGL Background Thread 3 ] DEBUG Engine               - class com.almasb.fxgl.profile.SaveLoadService
17:16:57.044 [FXGL Background Thread 3 ] DEBUG Engine               - class com.almasb.fxgl.ui.FXGLUIFactoryServiceProvider
17:16:57.044 [FXGL Background Thread 3 ] DEBUG Engine               - class com.almasb.fxgl.ui.FXGLDialogFactoryServiceProvider
17:16:57.044 [FXGL Background Thread 3 ] DEBUG Engine               - class com.almasb.fxgl.audio.AudioPlayer
17:16:57.044 [FXGL Background Thread 3 ] DEBUG Engine               - class com.almasb.fxgl.notification.impl.NotificationServiceProvider
17:16:57.044 [FXGL Background Thread 3 ] DEBUG Engine               - class com.almasb.fxgl.achievement.AchievementService
17:16:57.044 [FXGL Background Thread 3 ] DEBUG Engine               - class com.almasb.fxgl.cutscene.CutsceneService
17:16:57.044 [FXGL Background Thread 3 ] DEBUG Engine               - class com.almasb.fxgl.minigames.MiniGameService
17:16:57.044 [FXGL Background Thread 3 ] DEBUG Engine               - class com.almasb.fxgl.net.NetService
17:16:57.044 [FXGL Background Thread 3 ] DEBUG Engine               - class com.almasb.fxgl.app.services.UpdaterService
17:16:57.044 [FXGL Background Thread 3 ] DEBUG Engine               - class com.almasb.fxgl.dev.DevService
17:16:57.044 [FXGL Background Thread 3 ] DEBUG Engine               - class com.almasb.fxgl.multiplayer.MultiplayerService
17:17:03.833 [JavaFX Application Thread] DEBUG FXGLApplication      - Exiting FXGL
17:17:03.833 [JavaFX Application Thread] DEBUG LoopRunner           - Stopping loop
17:17:03.833 [JavaFX Application Thread] DEBUG SystemBundleService  - Saving FXGL system data
17:17:03.835 [JavaFX Application Thread] DEBUG FileSystemAccess     - Writing to: C:\Users\acer\OneDrive\Desktop\git pull\CSS124L-FINAL-PROJECT\system\fxgl.bundle
17:17:03.837 [JavaFX Application Thread] DEBUG Async                - Shutting down background threads
17:17:03.837 [JavaFX Application Thread] DEBUG PrimaryStageWindow   - Closing main window
17:17:03.849 [JavaFX Application Thread] DEBUG Logger               - Closing Logger
