13:26:44.302 [main                     ] DEBUG Logger               - Configured Logger
13:26:44.309 [main                     ] DEBUG GameApplication      - Logging settings
Title: Flatline: Oregon
Version: Alpha 0.19021902
Width: 800
Height: 600
Fullscreen: false
Intro: false
Profiling: false
Single step:false
App Mode: DEVELOPER
Menu Key: ESCAPE
Stage Style: DECORATED
Scene Factory: class com.groupfour.mygame.App$1

13:26:45.043 [JavaFX Application Thread] DEBUG FXGLApplication      - Initializing FXGL
13:26:45.046 [JavaFX Application Thread] INFO  Engine               - FXGL-dev-SNAPSHOT (28.07.2021 16.39) on WINDOWS (J:21.0.4 FX:16)
13:26:45.047 [JavaFX Application Thread] DEBUG Engine               - JRE Vendor Name: Eclipse Adoptium
13:26:45.047 [JavaFX Application Thread] DEBUG Engine               - Running on OS: Windows 11 version 10.0
13:26:45.049 [JavaFX Application Thread] DEBUG Engine               - Architecture: amd64
13:26:45.049 [JavaFX Application Thread] INFO  Engine               - Source code and latest versions at: https://github.com/AlmasB/FXGL
13:26:45.050 [JavaFX Application Thread] INFO  Engine               -              Join the FXGL chat at: https://gitter.im/AlmasB/FXGL
13:26:45.221 [JavaFX Application Thread] DEBUG PrimaryStageWindow   - Creating a JavaFX scene
13:26:45.309 [JavaFX Application Thread] DEBUG PrimaryStageWindow   - Target settings size: 800.0 x 600.0
13:26:45.310 [JavaFX Application Thread] DEBUG PrimaryStageWindow   - Scaled scene size:    800.0 x 600.0
13:26:45.310 [JavaFX Application Thread] DEBUG PrimaryStageWindow   - Scaled ratio: (1.0, 1.0)
13:26:45.311 [JavaFX Application Thread] DEBUG PrimaryStageWindow   - Set initial scene to FXGLStartupScene
13:26:45.324 [JavaFX Application Thread] DEBUG PrimaryStageWindow   - Opening main window
13:26:45.481 [JavaFX Application Thread] DEBUG PrimaryStageWindow   - Window border size: (14.4000244140625, 37.5999755859375)
13:26:45.481 [JavaFX Application Thread] DEBUG PrimaryStageWindow   - Scaled size: 800.0 x 600.0
13:26:45.482 [JavaFX Application Thread] DEBUG PrimaryStageWindow   - Scaled ratio: (1.0, 1.0)
13:26:45.482 [JavaFX Application Thread] DEBUG PrimaryStageWindow   - Scene size: 800.0 x 600.0
13:26:45.482 [JavaFX Application Thread] DEBUG PrimaryStageWindow   - Stage size: 814.4000244140625 x 637.5999755859375
13:26:45.498 [FXGL Background Thread 1 ] DEBUG Engine               - Initializing environment variables
13:26:45.629 [FXGL Background Thread 1 ] DEBUG FXGLAssetLoaderServi - User app class for loading assets: class com.groupfour.mygame.App
13:26:45.629 [FXGL Background Thread 1 ] DEBUG GameApplicationServi - Applying CSS: fxgl_dark.css
13:26:45.630 [FXGL Background Thread 1 ] DEBUG FXGLAssetLoaderServi - Loading from file system: jar:file:///C:/Users/Cent/.m2/repository/com/github/almasb/fxgl/dev-SNAPSHOT/fxgl-dev-SNAPSHOT.jar!/fxglassets/ui/css/fxgl_dark.css
13:26:45.724 [FXGL Background Thread 1 ] DEBUG GameApplicationServi - Initializing application scenes
13:26:45.835 [FXGL Background Thread 1 ] DEBUG GameWorld            - Game world initialized
13:26:46.038 [FXGL Background Thread 1 ] DEBUG PhysicsWorld         - Physics world initialized: appHeight=600, physics.ppm=50.0
13:26:46.040 [FXGL Background Thread 1 ] DEBUG PhysicsWorld         - Using strategy: BRUTE_FORCE
13:26:46.046 [FXGL Background Thread 1 ] DEBUG GameScene            - Game scene initialized: 800x600
13:26:46.072 [FXGL Background Thread 1 ] DEBUG FXGL.DefaultMenu     - createMenuBodyMainMenu()
13:26:46.109 [FXGL Background Thread 1 ] DEBUG FXGL.DefaultMenu     - createOptionsMenu()
13:26:46.134 [FXGL Background Thread 1 ] DEBUG FXGLAssetLoaderServi - Loading from file system: jar:file:///C:/Users/Cent/.m2/repository/com/github/almasb/fxgl/dev-SNAPSHOT/fxgl-dev-SNAPSHOT.jar!/fxglassets/textures/particles/smoke.png
13:26:46.336 [FXGL Background Thread 1 ] DEBUG FXGLAssetLoaderServi - Loading from file system: jar:file:///C:/Users/Cent/.m2/repository/com/github/almasb/fxgl/dev-SNAPSHOT/fxgl-dev-SNAPSHOT.jar!/fxglassets/textures/particles/trace_horizontal.png
13:26:46.401 [FXGL Background Thread 1 ] DEBUG GameApplicationServi - Application scenes initialized
13:26:46.420 [FXGL Background Thread 1 ] DEBUG SystemBundleService  - Loading FXGL system data
13:26:46.427 [FXGL Background Thread 1 ] DEBUG FileSystemAccess     - Reading from: c:\Users\Cent\Desktop\CSS124L-LE\CSS124L-FinalExam\CSS124L-FINAL-PROJECT\system\fxgl.bundle
13:26:46.443 [FXGL Background Thread 1 ] DEBUG SystemBundleService  - Bundle FXGL: {}
13:26:46.444 [FXGL Background Thread 1 ] DEBUG UpdaterService       - Checking for updates
13:26:46.488 [FXGL Background Thread 4 ] DEBUG FXGLApplication      - Loading fonts
13:26:46.488 [FXGL Background Thread 1 ] DEBUG FXGLApplication      - Loading default localization
13:26:46.489 [FXGL Background Thread 4 ] DEBUG FXGLAssetLoaderServi - Loading from file system: jar:file:///C:/Users/Cent/.m2/repository/com/github/almasb/fxgl/dev-SNAPSHOT/fxgl-dev-SNAPSHOT.jar!/fxglassets/ui/fonts/VarelaRound-Regular.ttf
13:26:46.489 [FXGL Background Thread 1 ] DEBUG FXGLAssetLoaderServi - Loading from file system: jar:file:///C:/Users/Cent/.m2/repository/com/github/almasb/fxgl/dev-SNAPSHOT/fxgl-dev-SNAPSHOT.jar!/fxglassets/languages/english.lang
13:26:46.530 [FXGL Background Thread 1 ] INFO  FXGLApplication      - FXGL initialization took: 1.032 sec
13:26:46.555 [JavaFX Application Thread] DEBUG Input                - Registered new binding: Move Upwards - W
13:26:46.555 [JavaFX Application Thread] DEBUG Input                - Registered new binding: Move Down - S
13:26:46.556 [JavaFX Application Thread] DEBUG Input                - Registered new binding: Move Left - A
13:26:46.556 [JavaFX Application Thread] DEBUG Input                - Registered new binding: Move Right - D
13:26:46.556 [JavaFX Application Thread] DEBUG Input                - Registered new binding: Reload - R
13:26:46.557 [FXGL Background Thread 4 ] DEBUG FXGLAssetLoaderServi - Loading from file system: jar:file:///C:/Users/Cent/.m2/repository/com/github/almasb/fxgl/dev-SNAPSHOT/fxgl-dev-SNAPSHOT.jar!/fxglassets/ui/fonts/Abel-Regular.ttf
13:26:46.558 [JavaFX Application Thread] DEBUG Input                - Registered new binding: Shoot - LMB
13:26:46.558 [JavaFX Application Thread] DEBUG Input                - Registered new binding: Switch Weapons - Q
13:26:46.558 [JavaFX Application Thread] DEBUG Input                - Registered new binding: Interact - F
13:26:46.559 [JavaFX Application Thread] DEBUG FXGLAssetLoaderServi - Loading from file system: jar:file:///C:/Users/Cent/.m2/repository/com/github/almasb/fxgl/dev-SNAPSHOT/fxgl-dev-SNAPSHOT.jar!/fxglassets/textures/fxgl_icon.png
13:26:46.564 [FXGL Background Thread 4 ] DEBUG FXGLAssetLoaderServi - Loading from file system: jar:file:///C:/Users/Cent/.m2/repository/com/github/almasb/fxgl/dev-SNAPSHOT/fxgl-dev-SNAPSHOT.jar!/fxglassets/ui/fonts/lucida_console.ttf
13:26:46.575 [FXGL Background Thread 4 ] DEBUG FXGLAssetLoaderServi - Loading from file system: jar:file:///C:/Users/Cent/.m2/repository/com/github/almasb/fxgl/dev-SNAPSHOT/fxgl-dev-SNAPSHOT.jar!/fxglassets/ui/fonts/Courier-Prime.ttf
13:26:46.597 [JavaFX Application Thread] DEBUG FXGLAssetLoaderServi - Loading from file system: jar:file:///C:/Users/Cent/.m2/repository/com/github/almasb/fxgl/dev-SNAPSHOT/fxgl-dev-SNAPSHOT.jar!/fxglassets/textures/fxgl_default_cursor.png
13:26:46.601 [JavaFX Application Thread] DEBUG Input                - Registered new binding: Screenshot - CTRL+8
13:26:46.601 [JavaFX Application Thread] DEBUG Input                - Registered new binding: Dev Options - 1
13:26:46.602 [JavaFX Application Thread] DEBUG Input                - Registered new binding: Dev Console - 2
13:26:46.603 [JavaFX Application Thread] DEBUG Input                - Registered new binding: System info dump - CTRL+9
13:26:46.603 [JavaFX Application Thread] DEBUG Input                - Registered new binding: Restart - CTRL+R
13:26:46.604 [JavaFX Application Thread] DEBUG Input                - Registered new binding: Toggle Debug Camera - CTRL+C
13:26:46.609 [JavaFX Application Thread] DEBUG LoopRunner           - Starting loop
13:26:46.633 [JavaFX Application Thread] DEBUG LoopRunner           - Initializing JavaFX AnimationTimerLoop
13:26:46.639 [JavaFX Application Thread] DEBUG Input                - Clearing active input actions
13:26:46.655 [JavaFX Application Thread] DEBUG GameApplicationServi - Removing overlay from FXGLStartupScene and adding to FXGLMainMenuDummyScene
13:26:46.674 [JavaFX Application Thread] DEBUG PrimaryStageWindow   - FXGLStartupScene -> FXGLMainMenuDummyScene
13:26:46.675 [JavaFX Application Thread] DEBUG PrimaryStageWindow   - Push state: FXGLDefaultMenu
13:26:46.714 [JavaFX Application Thread] DEBUG Input                - Clearing active input actions
13:26:46.729 [JavaFX Application Thread] DEBUG GameApplicationServi - Removing overlay from FXGLMainMenuDummyScene and adding to FXGLDefaultMenu
13:26:46.731 [JavaFX Application Thread] DEBUG PrimaryStageWindow   - FXGLMainMenuDummyScene -> FXGLDefaultMenu
13:26:46.732 [JavaFX Application Thread] DEBUG FXGLApplication      - Registering font factories with UI factory
13:26:47.426 [FXGL Background Thread 2 ] INFO  UpdaterService       - Your current version:  dev-SNAPSHOT
13:26:47.428 [FXGL Background Thread 2 ] INFO  UpdaterService       - Latest stable version: 21.1
13:26:47.623 [JavaFX Application Thread] DEBUG FXGLApplication      - Exiting FXGL
13:26:47.623 [JavaFX Application Thread] DEBUG LoopRunner           - Stopping loop
13:26:47.623 [JavaFX Application Thread] DEBUG SystemBundleService  - Saving FXGL system data
13:26:47.628 [JavaFX Application Thread] DEBUG FileSystemAccess     - Writing to: c:\Users\Cent\Desktop\CSS124L-LE\CSS124L-FinalExam\CSS124L-FINAL-PROJECT\system\fxgl.bundle
13:26:47.635 [JavaFX Application Thread] DEBUG Async                - Shutting down background threads
13:26:47.637 [JavaFX Application Thread] DEBUG PrimaryStageWindow   - Closing main window
13:26:47.658 [JavaFX Application Thread] DEBUG Logger               - Closing Logger
