13:54:19.959 [main                     ] DEBUG Logger               - Configured Logger
13:54:19.984 [main                     ] DEBUG GameApplication      - Logging settings
Title: Flatline: Oregon
Version: Alpha 0.3
Width: 800
Height: 600
Fullscreen: false
Intro: false
Profiling: false
Single step:false
App Mode: DEVELOPER
Menu Key: ESCAPE
Stage Style: DECORATED
Scene Factory: class com.groupfour.mygame.App$1

13:54:20.503 [JavaFX Application Thread] DEBUG FXGLApplication      - Initializing FXGL
13:54:20.506 [JavaFX Application Thread] INFO  Engine               - FXGL-dev-SNAPSHOT (28.07.2021 16.39) on WINDOWS (J:11.0.22 FX:16)
13:54:20.507 [JavaFX Application Thread] DEBUG Engine               - JRE Vendor Name: Oracle Corporation
13:54:20.507 [JavaFX Application Thread] DEBUG Engine               - Running on OS: Windows 11 version 10.0
13:54:20.507 [JavaFX Application Thread] DEBUG Engine               - Architecture: amd64
13:54:20.508 [JavaFX Application Thread] INFO  Engine               - Source code and latest versions at: https://github.com/AlmasB/FXGL
13:54:20.508 [JavaFX Application Thread] INFO  Engine               -              Join the FXGL chat at: https://gitter.im/AlmasB/FXGL
13:54:20.605 [JavaFX Application Thread] DEBUG PrimaryStageWindow   - Creating a JavaFX scene
13:54:20.667 [JavaFX Application Thread] DEBUG PrimaryStageWindow   - Target settings size: 800.0 x 600.0
13:54:20.668 [JavaFX Application Thread] DEBUG PrimaryStageWindow   - Scaled scene size:    800.0 x 600.0
13:54:20.668 [JavaFX Application Thread] DEBUG PrimaryStageWindow   - Scaled ratio: (1.0, 1.0)
13:54:20.669 [JavaFX Application Thread] DEBUG PrimaryStageWindow   - Set initial scene to FXGLStartupScene
13:54:20.675 [JavaFX Application Thread] DEBUG PrimaryStageWindow   - Opening main window
13:54:20.812 [JavaFX Application Thread] DEBUG PrimaryStageWindow   - Window border size: (14.4000244140625, 37.5999755859375)
13:54:20.812 [JavaFX Application Thread] DEBUG PrimaryStageWindow   - Scaled size: 800.0 x 600.0
13:54:20.812 [JavaFX Application Thread] DEBUG PrimaryStageWindow   - Scaled ratio: (1.0, 1.0)
13:54:20.813 [JavaFX Application Thread] DEBUG PrimaryStageWindow   - Scene size: 800.0 x 600.0
13:54:20.813 [JavaFX Application Thread] DEBUG PrimaryStageWindow   - Stage size: 814.4000244140625 x 637.5999755859375
13:54:20.820 [FXGL Background Thread 1 ] DEBUG Engine               - Initializing environment variables
13:54:20.876 [FXGL Background Thread 1 ] DEBUG FXGLAssetLoaderServi - User app class for loading assets: class com.groupfour.mygame.App
13:54:20.876 [FXGL Background Thread 1 ] DEBUG GameApplicationServi - Applying CSS: fxgl_dark.css
13:54:20.877 [FXGL Background Thread 1 ] DEBUG FXGLAssetLoaderServi - Loading from file system: jar:file:///C:/Users/acer/.m2/repository/com/github/almasb/fxgl/dev-SNAPSHOT/fxgl-dev-SNAPSHOT.jar!/fxglassets/ui/css/fxgl_dark.css
13:54:20.934 [FXGL Background Thread 1 ] DEBUG GameApplicationServi - Initializing application scenes
13:54:20.981 [FXGL Background Thread 1 ] DEBUG GameWorld            - Game world initialized
13:54:21.026 [FXGL Background Thread 1 ] DEBUG PhysicsWorld         - Physics world initialized: appHeight=600, physics.ppm=50.0
13:54:21.027 [FXGL Background Thread 1 ] DEBUG PhysicsWorld         - Using strategy: BRUTE_FORCE
13:54:21.029 [FXGL Background Thread 1 ] DEBUG GameScene            - Game scene initialized: 800x600
13:54:21.040 [FXGL Background Thread 1 ] DEBUG FXGL.DefaultMenu     - createMenuBodyMainMenu()
13:54:21.055 [FXGL Background Thread 1 ] DEBUG FXGL.DefaultMenu     - createOptionsMenu()
13:54:21.064 [FXGL Background Thread 1 ] DEBUG FXGLAssetLoaderServi - Loading from file system: jar:file:///C:/Users/acer/.m2/repository/com/github/almasb/fxgl/dev-SNAPSHOT/fxgl-dev-SNAPSHOT.jar!/fxglassets/textures/particles/smoke.png
13:54:21.165 [FXGL Background Thread 1 ] DEBUG FXGLAssetLoaderServi - Loading from file system: jar:file:///C:/Users/acer/.m2/repository/com/github/almasb/fxgl/dev-SNAPSHOT/fxgl-dev-SNAPSHOT.jar!/fxglassets/textures/particles/trace_horizontal.png
13:54:21.194 [FXGL Background Thread 1 ] DEBUG GameApplicationServi - Application scenes initialized
13:54:21.203 [FXGL Background Thread 1 ] DEBUG SystemBundleService  - Loading FXGL system data
13:54:21.208 [FXGL Background Thread 1 ] DEBUG FileSystemAccess     - Reading from: C:\Users\acer\OneDrive\Desktop\git pull\CSS124L-FINAL-PROJECT\system\fxgl.bundle
13:54:21.213 [FXGL Background Thread 1 ] DEBUG SystemBundleService  - Bundle FXGL: {}
13:54:21.213 [FXGL Background Thread 1 ] DEBUG UpdaterService       - Checking for updates
13:54:21.239 [FXGL Background Thread 4 ] DEBUG FXGLApplication      - Loading fonts
13:54:21.239 [FXGL Background Thread 1 ] DEBUG FXGLApplication      - Loading default localization
13:54:21.240 [FXGL Background Thread 1 ] DEBUG FXGLAssetLoaderServi - Loading from file system: jar:file:///C:/Users/acer/.m2/repository/com/github/almasb/fxgl/dev-SNAPSHOT/fxgl-dev-SNAPSHOT.jar!/fxglassets/languages/english.lang
13:54:21.240 [FXGL Background Thread 4 ] DEBUG FXGLAssetLoaderServi - Loading from file system: jar:file:///C:/Users/acer/.m2/repository/com/github/almasb/fxgl/dev-SNAPSHOT/fxgl-dev-SNAPSHOT.jar!/fxglassets/ui/fonts/VarelaRound-Regular.ttf
13:54:21.260 [FXGL Background Thread 1 ] INFO  FXGLApplication      - FXGL initialization took: 0.439 sec
13:54:21.278 [JavaFX Application Thread] DEBUG Input                - Registered new binding: Move Upwards - W
13:54:21.278 [JavaFX Application Thread] DEBUG Input                - Registered new binding: Move Down - S
13:54:21.278 [JavaFX Application Thread] DEBUG Input                - Registered new binding: Move Left - A
13:54:21.279 [JavaFX Application Thread] DEBUG Input                - Registered new binding: Move Right - D
13:54:21.279 [JavaFX Application Thread] DEBUG Input                - Registered new binding: Reload - R
13:54:21.280 [JavaFX Application Thread] DEBUG Input                - Registered new binding: Shoot - LMB
13:54:21.280 [JavaFX Application Thread] DEBUG Input                - Registered new binding: Switch Weapons - Q
13:54:21.281 [JavaFX Application Thread] DEBUG Input                - Registered new binding: Interact - F
13:54:21.281 [JavaFX Application Thread] DEBUG FXGLAssetLoaderServi - Loading from file system: jar:file:///C:/Users/acer/.m2/repository/com/github/almasb/fxgl/dev-SNAPSHOT/fxgl-dev-SNAPSHOT.jar!/fxglassets/textures/fxgl_icon.png
13:54:21.306 [JavaFX Application Thread] DEBUG FXGLAssetLoaderServi - Loading from file system: jar:file:///C:/Users/acer/.m2/repository/com/github/almasb/fxgl/dev-SNAPSHOT/fxgl-dev-SNAPSHOT.jar!/fxglassets/textures/fxgl_default_cursor.png
13:54:21.309 [JavaFX Application Thread] DEBUG Input                - Registered new binding: Screenshot - CTRL+8
13:54:21.310 [JavaFX Application Thread] DEBUG Input                - Registered new binding: Dev Options - 1
13:54:21.310 [JavaFX Application Thread] DEBUG Input                - Registered new binding: Dev Console - 2
13:54:21.311 [JavaFX Application Thread] DEBUG Input                - Registered new binding: System info dump - CTRL+9
13:54:21.311 [JavaFX Application Thread] DEBUG Input                - Registered new binding: Restart - CTRL+R
13:54:21.311 [JavaFX Application Thread] DEBUG Input                - Registered new binding: Toggle Debug Camera - CTRL+C
13:54:21.313 [JavaFX Application Thread] DEBUG LoopRunner           - Starting loop
13:54:21.324 [JavaFX Application Thread] DEBUG LoopRunner           - Initializing JavaFX AnimationTimerLoop
13:54:21.328 [JavaFX Application Thread] DEBUG Input                - Clearing active input actions
13:54:21.338 [JavaFX Application Thread] DEBUG GameApplicationServi - Removing overlay from FXGLStartupScene and adding to FXGLMainMenuDummyScene
13:54:21.344 [JavaFX Application Thread] DEBUG PrimaryStageWindow   - FXGLStartupScene -> FXGLMainMenuDummyScene
13:54:21.344 [JavaFX Application Thread] DEBUG PrimaryStageWindow   - Push state: FXGLDefaultMenu
13:54:21.347 [JavaFX Application Thread] DEBUG Input                - Clearing active input actions
13:54:21.357 [JavaFX Application Thread] DEBUG GameApplicationServi - Removing overlay from FXGLMainMenuDummyScene and adding to FXGLDefaultMenu
13:54:21.359 [JavaFX Application Thread] DEBUG PrimaryStageWindow   - FXGLMainMenuDummyScene -> FXGLDefaultMenu
13:54:21.777 [FXGL Background Thread 4 ] DEBUG FXGLAssetLoaderServi - Loading from file system: jar:file:///C:/Users/acer/.m2/repository/com/github/almasb/fxgl/dev-SNAPSHOT/fxgl-dev-SNAPSHOT.jar!/fxglassets/ui/fonts/Abel-Regular.ttf
13:54:21.782 [FXGL Background Thread 4 ] DEBUG FXGLAssetLoaderServi - Loading from file system: jar:file:///C:/Users/acer/.m2/repository/com/github/almasb/fxgl/dev-SNAPSHOT/fxgl-dev-SNAPSHOT.jar!/fxglassets/ui/fonts/lucida_console.ttf
13:54:21.790 [FXGL Background Thread 4 ] DEBUG FXGLAssetLoaderServi - Loading from file system: jar:file:///C:/Users/acer/.m2/repository/com/github/almasb/fxgl/dev-SNAPSHOT/fxgl-dev-SNAPSHOT.jar!/fxglassets/ui/fonts/Courier-Prime.ttf
13:54:21.798 [JavaFX Application Thread] DEBUG FXGLApplication      - Registering font factories with UI factory
13:54:22.600 [FXGL Background Thread 2 ] INFO  UpdaterService       - Your current version:  dev-SNAPSHOT
13:54:22.601 [FXGL Background Thread 2 ] INFO  UpdaterService       - Latest stable version: 21.1
13:54:24.238 [FXGL Background Thread 3 ] DEBUG Engine               - Logging environment variables
13:54:24.238 [FXGL Background Thread 3 ] DEBUG Engine               - achievements: []
13:54:24.238 [FXGL Background Thread 3 ] DEBUG Engine               - actualHeight: 600.0
13:54:24.239 [FXGL Background Thread 3 ] DEBUG Engine               - actualHeightProperty: ReadOnlyDoubleProperty [value: 600.0]
13:54:24.239 [FXGL Background Thread 3 ] DEBUG Engine               - actualWidth: 800.0
13:54:24.239 [FXGL Background Thread 3 ] DEBUG Engine               - actualWidthProperty: ReadOnlyDoubleProperty [value: 800.0]
13:54:24.239 [FXGL Background Thread 3 ] DEBUG Engine               - appIcon: fxgl_icon.png
13:54:24.239 [FXGL Background Thread 3 ] DEBUG Engine               - applicationMode: DEVELOPER
13:54:24.239 [FXGL Background Thread 3 ] DEBUG Engine               - cSSList: [fxgl_dark.css]
13:54:24.239 [FXGL Background Thread 3 ] DEBUG Engine               - collisionDetectionStrategy: BRUTE_FORCE
13:54:24.239 [FXGL Background Thread 3 ] DEBUG Engine               - configClass: Optional.empty
13:54:24.240 [FXGL Background Thread 3 ] DEBUG Engine               - credits: []
13:54:24.240 [FXGL Background Thread 3 ] DEBUG Engine               - defaultCursor: CursorInfo(imageName=fxgl_default_cursor.png, hotspotX=7.0, hotspotY=6.0)
13:54:24.240 [FXGL Background Thread 3 ] DEBUG Engine               - devBBoxColorProperty: ObjectProperty [value: 0xff0000ff]
13:54:24.240 [FXGL Background Thread 3 ] DEBUG Engine               - devEnableDebugCameraProperty: BooleanProperty [value: false]
13:54:24.241 [FXGL Background Thread 3 ] DEBUG Engine               - devSensorColorProperty: ObjectProperty [value: 0xffff00ff]
13:54:24.241 [FXGL Background Thread 3 ] DEBUG Engine               - devShowBBoxProperty: BooleanProperty [value: false]
13:54:24.241 [FXGL Background Thread 3 ] DEBUG Engine               - devShowPositionProperty: BooleanProperty [value: false]
13:54:24.241 [FXGL Background Thread 3 ] DEBUG Engine               - enabledMenuItems: []
13:54:24.243 [FXGL Background Thread 3 ] DEBUG Engine               - engineServices: [class com.almasb.fxgl.app.services.FXGLAssetLoaderService, class com.almasb.fxgl.app.FXGLApplication$GameApplicationService, class com.almasb.fxgl.app.services.FXGLDialogService, class com.almasb.fxgl.app.services.IOTaskExecutorService, class com.almasb.fxgl.io.FileSystemService, class com.almasb.fxgl.localization.LocalizationService, class com.almasb.fxgl.app.services.SystemBundleService, class com.almasb.fxgl.profile.SaveLoadService, class com.almasb.fxgl.ui.FXGLUIFactoryServiceProvider, class com.almasb.fxgl.ui.FXGLDialogFactoryServiceProvider, class com.almasb.fxgl.audio.AudioPlayer, class com.almasb.fxgl.notification.impl.NotificationServiceProvider, class com.almasb.fxgl.achievement.AchievementService, class com.almasb.fxgl.cutscene.CutsceneService, class com.almasb.fxgl.minigames.MiniGameService, class com.almasb.fxgl.net.NetService, class com.almasb.fxgl.app.services.UpdaterService, class com.almasb.fxgl.dev.DevService, class com.almasb.fxgl.multiplayer.MultiplayerService]
13:54:24.243 [FXGL Background Thread 3 ] DEBUG Engine               - fontGame: Abel-Regular.ttf
13:54:24.243 [FXGL Background Thread 3 ] DEBUG Engine               - fontMono: lucida_console.ttf
13:54:24.244 [FXGL Background Thread 3 ] DEBUG Engine               - fontText: Courier-Prime.ttf
13:54:24.245 [FXGL Background Thread 3 ] DEBUG Engine               - fontUI: VarelaRound-Regular.ttf
13:54:24.246 [FXGL Background Thread 3 ] DEBUG Engine               - fullScreen: BooleanProperty [value: false]
13:54:24.252 [FXGL Background Thread 3 ] DEBUG Engine               - gameDifficulty: MEDIUM
13:54:24.252 [FXGL Background Thread 3 ] DEBUG Engine               - gameDifficultyProperty: ObjectProperty [value: MEDIUM]
13:54:24.252 [FXGL Background Thread 3 ] DEBUG Engine               - globalMusicVolume: 0.5
13:54:24.253 [FXGL Background Thread 3 ] DEBUG Engine               - globalMusicVolumeProperty: DoubleProperty [value: 0.5]
13:54:24.253 [FXGL Background Thread 3 ] DEBUG Engine               - globalSoundVolume: 0.5
13:54:24.253 [FXGL Background Thread 3 ] DEBUG Engine               - globalSoundVolumeProperty: DoubleProperty [value: 0.5]
13:54:24.253 [FXGL Background Thread 3 ] DEBUG Engine               - height: 600
13:54:24.253 [FXGL Background Thread 3 ] DEBUG Engine               - is3D: false
13:54:24.254 [FXGL Background Thread 3 ] DEBUG Engine               - isAndroid: false
13:54:24.254 [FXGL Background Thread 3 ] DEBUG Engine               - isBrowser: false
13:54:24.254 [FXGL Background Thread 3 ] DEBUG Engine               - isClickFeedbackEnabled: false
13:54:24.255 [FXGL Background Thread 3 ] DEBUG Engine               - isCloseConfirmation: false
13:54:24.255 [FXGL Background Thread 3 ] DEBUG Engine               - isDesktop: true
13:54:24.255 [FXGL Background Thread 3 ] DEBUG Engine               - isDeveloperMenuEnabled: true
13:54:24.256 [FXGL Background Thread 3 ] DEBUG Engine               - isEmbedded: false
13:54:24.256 [FXGL Background Thread 3 ] DEBUG Engine               - isEntityPreloadEnabled: true
13:54:24.256 [FXGL Background Thread 3 ] DEBUG Engine               - isExperimentalTiledLargeMap: false
13:54:24.256 [FXGL Background Thread 3 ] DEBUG Engine               - isFileSystemWriteAllowed: true
13:54:24.256 [FXGL Background Thread 3 ] DEBUG Engine               - isFullScreenAllowed: false
13:54:24.256 [FXGL Background Thread 3 ] DEBUG Engine               - isFullScreenFromStart: false
13:54:24.257 [FXGL Background Thread 3 ] DEBUG Engine               - isGameMenuEnabled: true
13:54:24.257 [FXGL Background Thread 3 ] DEBUG Engine               - isIOS: false
13:54:24.257 [FXGL Background Thread 3 ] DEBUG Engine               - isIntroEnabled: false
13:54:24.258 [FXGL Background Thread 3 ] DEBUG Engine               - isLinux: false
13:54:24.258 [FXGL Background Thread 3 ] DEBUG Engine               - isMac: false
13:54:24.258 [FXGL Background Thread 3 ] DEBUG Engine               - isMainMenuEnabled: true
13:54:24.259 [FXGL Background Thread 3 ] DEBUG Engine               - isManualResizeEnabled: false
13:54:24.259 [FXGL Background Thread 3 ] DEBUG Engine               - isMobile: false
13:54:24.259 [FXGL Background Thread 3 ] DEBUG Engine               - isNative: false
13:54:24.260 [FXGL Background Thread 3 ] DEBUG Engine               - isPauseMusicWhenMinimized: true
13:54:24.261 [FXGL Background Thread 3 ] DEBUG Engine               - isPreserveResizeRatio: false
13:54:24.261 [FXGL Background Thread 3 ] DEBUG Engine               - isProfilingEnabled: false
13:54:24.261 [FXGL Background Thread 3 ] DEBUG Engine               - isScaleAffectedOnResize: true
13:54:24.261 [FXGL Background Thread 3 ] DEBUG Engine               - isSingleStep: false
13:54:24.261 [FXGL Background Thread 3 ] DEBUG Engine               - isUserProfileEnabled: false
13:54:24.261 [FXGL Background Thread 3 ] DEBUG Engine               - isWindows: true
13:54:24.261 [FXGL Background Thread 3 ] DEBUG Engine               - language: ObjectProperty [value: ENGLISH]
13:54:24.262 [FXGL Background Thread 3 ] DEBUG Engine               - menuKey: ESCAPE
13:54:24.262 [FXGL Background Thread 3 ] DEBUG Engine               - mouseSensitivity: 0.2
13:54:24.262 [FXGL Background Thread 3 ] DEBUG Engine               - notificationViewClass: class com.almasb.fxgl.notification.view.XboxNotificationView
13:54:24.262 [FXGL Background Thread 3 ] DEBUG Engine               - pixelsPerMeter: 50.0
13:54:24.262 [FXGL Background Thread 3 ] DEBUG Engine               - platform: WINDOWS
13:54:24.262 [FXGL Background Thread 3 ] DEBUG Engine               - prefHeightProperty: ReadOnlyDoubleProperty [value: 600.0]
13:54:24.262 [FXGL Background Thread 3 ] DEBUG Engine               - prefWidthProperty: ReadOnlyDoubleProperty [value: 800.0]
13:54:24.262 [FXGL Background Thread 3 ] DEBUG Engine               - profileDir: profiles/
13:54:24.263 [FXGL Background Thread 3 ] DEBUG Engine               - profileName: StringProperty [value: DEFAULT]
13:54:24.263 [FXGL Background Thread 3 ] DEBUG Engine               - randomSeed: -1
13:54:24.263 [FXGL Background Thread 3 ] DEBUG Engine               - runtimeInfo: RuntimeInfo(platform=WINDOWS, version=dev-SNAPSHOT, build=28.07.2021 16.39)
13:54:24.263 [FXGL Background Thread 3 ] DEBUG Engine               - saveFileExt: sav
13:54:24.263 [FXGL Background Thread 3 ] DEBUG Engine               - scaledHeightProp$fxgl: DoubleProperty [bound, value: 600.0]
13:54:24.263 [FXGL Background Thread 3 ] DEBUG Engine               - scaledWidthProp$fxgl: DoubleProperty [bound, value: 800.0]
13:54:24.263 [FXGL Background Thread 3 ] DEBUG Engine               - sceneFactory: com.groupfour.mygame.App$1@450e9553
13:54:24.263 [FXGL Background Thread 3 ] DEBUG Engine               - secondsIn24h: 60
13:54:24.263 [FXGL Background Thread 3 ] DEBUG Engine               - soundMenuBack: menu/back.wav
13:54:24.263 [FXGL Background Thread 3 ] DEBUG Engine               - soundMenuPress: menu/press.wav
13:54:24.264 [FXGL Background Thread 3 ] DEBUG Engine               - soundMenuSelect: menu/select.wav
13:54:24.264 [FXGL Background Thread 3 ] DEBUG Engine               - soundNotification: core/notification.wav
13:54:24.265 [FXGL Background Thread 3 ] DEBUG Engine               - stageStyle: DECORATED
13:54:24.265 [FXGL Background Thread 3 ] DEBUG Engine               - supportedLanguages: [ENGLISH, FRENCH, GERMAN, HUNGARIAN, RUSSIAN]
13:54:24.265 [FXGL Background Thread 3 ] DEBUG Engine               - ticksPerSecond: -1
13:54:24.265 [FXGL Background Thread 3 ] DEBUG Engine               - title: Flatline: Oregon
13:54:24.265 [FXGL Background Thread 3 ] DEBUG Engine               - urlGithub: https://github.com/AlmasB/FXGL
13:54:24.266 [FXGL Background Thread 3 ] DEBUG Engine               - urlLeaderboard: http://fxgl-top.herokuapp.com/
13:54:24.266 [FXGL Background Thread 3 ] DEBUG Engine               - urlPOM: https://raw.githubusercontent.com/AlmasB/FXGL/release/README.md
13:54:24.266 [FXGL Background Thread 3 ] DEBUG Engine               - userAppClass: class com.groupfour.mygame.App
13:54:24.266 [FXGL Background Thread 3 ] DEBUG Engine               - version: Alpha 0.3
13:54:24.266 [FXGL Background Thread 3 ] DEBUG Engine               - versionCheckDays: 7
13:54:24.266 [FXGL Background Thread 3 ] DEBUG Engine               - width: 800
13:54:24.266 [FXGL Background Thread 3 ] DEBUG Engine               - Logging services
13:54:24.266 [FXGL Background Thread 3 ] DEBUG Engine               - class com.almasb.fxgl.app.services.FXGLAssetLoaderService
13:54:24.266 [FXGL Background Thread 3 ] DEBUG Engine               - class com.almasb.fxgl.app.FXGLApplication$GameApplicationService
13:54:24.266 [FXGL Background Thread 3 ] DEBUG Engine               - class com.almasb.fxgl.app.services.FXGLDialogService
13:54:24.266 [FXGL Background Thread 3 ] DEBUG Engine               - class com.almasb.fxgl.app.services.IOTaskExecutorService
13:54:24.267 [FXGL Background Thread 3 ] DEBUG Engine               - class com.almasb.fxgl.io.FileSystemService
13:54:24.267 [FXGL Background Thread 3 ] DEBUG Engine               - class com.almasb.fxgl.localization.LocalizationService
13:54:24.267 [FXGL Background Thread 3 ] DEBUG Engine               - class com.almasb.fxgl.app.services.SystemBundleService
13:54:24.267 [FXGL Background Thread 3 ] DEBUG Engine               - class com.almasb.fxgl.profile.SaveLoadService
13:54:24.267 [FXGL Background Thread 3 ] DEBUG Engine               - class com.almasb.fxgl.ui.FXGLUIFactoryServiceProvider
13:54:24.267 [FXGL Background Thread 3 ] DEBUG Engine               - class com.almasb.fxgl.ui.FXGLDialogFactoryServiceProvider
13:54:24.267 [FXGL Background Thread 3 ] DEBUG Engine               - class com.almasb.fxgl.audio.AudioPlayer
13:54:24.267 [FXGL Background Thread 3 ] DEBUG Engine               - class com.almasb.fxgl.notification.impl.NotificationServiceProvider
13:54:24.267 [FXGL Background Thread 3 ] DEBUG Engine               - class com.almasb.fxgl.achievement.AchievementService
13:54:24.267 [FXGL Background Thread 3 ] DEBUG Engine               - class com.almasb.fxgl.cutscene.CutsceneService
13:54:24.267 [FXGL Background Thread 3 ] DEBUG Engine               - class com.almasb.fxgl.minigames.MiniGameService
13:54:24.267 [FXGL Background Thread 3 ] DEBUG Engine               - class com.almasb.fxgl.net.NetService
13:54:24.267 [FXGL Background Thread 3 ] DEBUG Engine               - class com.almasb.fxgl.app.services.UpdaterService
13:54:24.267 [FXGL Background Thread 3 ] DEBUG Engine               - class com.almasb.fxgl.dev.DevService
13:54:24.267 [FXGL Background Thread 3 ] DEBUG Engine               - class com.almasb.fxgl.multiplayer.MultiplayerService
13:54:28.814 [JavaFX Application Thread] DEBUG Menu                 - fireNewGame()
13:54:28.815 [JavaFX Application Thread] DEBUG GameApplicationServi - Starting new game
13:54:28.817 [JavaFX Application Thread] DEBUG PrimaryStageWindow   - Pop state: FXGLDefaultMenu
13:54:28.817 [JavaFX Application Thread] DEBUG Input                - Clearing active input actions
13:54:28.818 [JavaFX Application Thread] DEBUG GameApplicationServi - Removing overlay from FXGLDefaultMenu and adding to FXGLMainMenuDummyScene
13:54:28.820 [JavaFX Application Thread] DEBUG PrimaryStageWindow   - FXGLMainMenuDummyScene <- FXGLDefaultMenu
13:54:28.820 [JavaFX Application Thread] DEBUG Input                - Clearing active input actions
13:54:28.828 [JavaFX Application Thread] DEBUG GameApplicationServi - Removing overlay from FXGLMainMenuDummyScene and adding to FXGLLoadingScene
13:54:28.829 [JavaFX Application Thread] DEBUG PrimaryStageWindow   - FXGLMainMenuDummyScene -> FXGLLoadingScene
13:54:28.829 [JavaFX Application Thread] DEBUG GameApplicationServi - Clearing previous game
13:54:28.829 [JavaFX Application Thread] DEBUG GameScene            - Clearing game scene
13:54:28.829 [JavaFX Application Thread] DEBUG GameWorld            - Clearing game world
13:54:28.829 [JavaFX Application Thread] DEBUG PhysicsWorld         - Clearing physics world
13:54:28.830 [FXGL Background Thread 2 ] DEBUG FXGLApplication      - Initializing game
13:54:28.871 [FXGL Background Thread 2 ] DEBUG FXGLAssetLoaderServi - Loading from file system: file:/C:/Users/acer/OneDrive/Desktop/git%20pull/CSS124L-FINAL-PROJECT/fp/target/classes/assets/textures/Players/1P_Idle.png
13:54:28.875 [FXGL Background Thread 2 ] DEBUG FXGLAssetLoaderServi - Loading from file system: file:/C:/Users/acer/OneDrive/Desktop/git%20pull/CSS124L-FINAL-PROJECT/fp/target/classes/assets/textures/Players/1P_Walk.gif
13:54:28.883 [FXGL Background Thread 2 ] DEBUG FXGLAssetLoaderServi - Loading from file system: file:/C:/Users/acer/OneDrive/Desktop/git%20pull/CSS124L-FINAL-PROJECT/fp/target/classes/assets/textures/Players/1P_Shoot.gif
13:54:28.902 [FXGL Background Thread 2 ] INFO  FXGLApplication      - Game initialization took: 0.072 sec
13:54:28.904 [JavaFX Application Thread] DEBUG Input                - Clearing active input actions
13:54:28.909 [JavaFX Application Thread] DEBUG GameApplicationServi - Removing overlay from FXGLLoadingScene and adding to GameScene
13:54:28.911 [JavaFX Application Thread] DEBUG PrimaryStageWindow   - FXGLLoadingScene -> GameScene
13:54:28.914 [JavaFX Application Thread] DEBUG PrimaryStageWindow   - Push state: PlayerCountMenu
13:54:28.914 [JavaFX Application Thread] DEBUG Input                - Clearing active input actions
13:54:28.915 [JavaFX Application Thread] DEBUG GameApplicationServi - Removing overlay from GameScene and adding to PlayerCountMenu
13:54:28.915 [JavaFX Application Thread] DEBUG PrimaryStageWindow   - GameScene -> PlayerCountMenu
13:54:30.366 [JavaFX Application Thread] DEBUG PrimaryStageWindow   - Push state: DialogSubScene
13:54:30.366 [JavaFX Application Thread] DEBUG Input                - Clearing active input actions
13:54:30.366 [JavaFX Application Thread] DEBUG GameApplicationServi - Removing overlay from PlayerCountMenu and adding to DialogSubScene
13:54:30.367 [JavaFX Application Thread] DEBUG PrimaryStageWindow   - PlayerCountMenu -> DialogSubScene
13:54:31.506 [JavaFX Application Thread] DEBUG PrimaryStageWindow   - Pop state: DialogSubScene
13:54:31.506 [JavaFX Application Thread] DEBUG Input                - Clearing active input actions
13:54:31.507 [JavaFX Application Thread] DEBUG GameApplicationServi - Removing overlay from DialogSubScene and adding to PlayerCountMenu
13:54:31.508 [JavaFX Application Thread] DEBUG PrimaryStageWindow   - PlayerCountMenu <- DialogSubScene
13:54:31.512 [JavaFX Application Thread] DEBUG PrimaryStageWindow   - Push state: LoadingScreen
13:54:31.513 [JavaFX Application Thread] DEBUG Input                - Clearing active input actions
13:54:31.513 [JavaFX Application Thread] DEBUG GameApplicationServi - Removing overlay from PlayerCountMenu and adding to LoadingScreen
13:54:31.514 [JavaFX Application Thread] DEBUG PrimaryStageWindow   - PlayerCountMenu -> LoadingScreen
13:54:31.519 [ServerAsyncConnThread    ] DEBUG TCPServer            - Starting to listen at: 55555 type: class com.almasb.fxgl.core.serialization.Bundle
13:54:35.570 [ServerAsyncConnThread    ] DEBUG Endpoint             - TCPServer opening new connection (1) from /127.0.0.1:64380 type: class com.almasb.fxgl.core.serialization.Bundle
13:54:35.576 [ServerAsyncConnThread    ] DEBUG Endpoint             - TCPServer successfully opened connection (1)
13:54:35.605 [TCPServer_SendThread-1   ] DEBUG Writers              - Getting TCPMessageWriter for class com.almasb.fxgl.core.serialization.Bundle
13:54:35.609 [TCPServer_RecvThread-1   ] DEBUG Readers              - Getting TCPMessageReader for class com.almasb.fxgl.core.serialization.Bundle
13:54:35.610 [TCPServer_SendThread-1   ] DEBUG Writers              - Constructed TCPMessageWriter for class com.almasb.fxgl.core.serialization.Bundle: BundleTCPMessageWriter
13:54:35.611 [TCPServer_RecvThread-1   ] DEBUG Readers              - Constructed MessageReader for class com.almasb.fxgl.core.serialization.Bundle: BundleTCPMessageReader
13:54:42.571 [JavaFX Application Thread] DEBUG FXGLApplication      - Exiting FXGL
13:54:42.571 [JavaFX Application Thread] DEBUG LoopRunner           - Stopping loop
13:54:42.572 [JavaFX Application Thread] DEBUG SystemBundleService  - Saving FXGL system data
13:54:42.574 [JavaFX Application Thread] DEBUG FileSystemAccess     - Writing to: C:\Users\acer\OneDrive\Desktop\git pull\CSS124L-FINAL-PROJECT\system\fxgl.bundle
13:54:42.577 [JavaFX Application Thread] DEBUG Async                - Shutting down background threads
13:54:42.577 [JavaFX Application Thread] DEBUG PrimaryStageWindow   - Closing main window
13:54:42.617 [JavaFX Application Thread] DEBUG Logger               - Closing Logger
