19:15:19.642 [main                     ] DEBUG Logger               - Configured Logger
19:15:19.659 [main                     ] DEBUG GameApplication      - Logging settings
Title: Flatline: Oregon
Version: Beta ?
Width: 800
Height: 600
Fullscreen: false
Intro: false
Profiling: false
Single step:false
App Mode: DEVELOPER
Menu Key: ESCAPE
Stage Style: DECORATED
Scene Factory: class com.groupfour.mygame.App$1

19:15:19.911 [JavaFX Application Thread] DEBUG FXGLApplication      - Initializing FXGL
19:15:19.913 [JavaFX Application Thread] INFO  Engine               - FXGL-dev-SNAPSHOT (28.07.2021 16.39) on WINDOWS (J:11.0.22 FX:16)
19:15:19.914 [JavaFX Application Thread] DEBUG Engine               - JRE Vendor Name: Oracle Corporation
19:15:19.914 [JavaFX Application Thread] DEBUG Engine               - Running on OS: Windows 11 version 10.0
19:15:19.914 [JavaFX Application Thread] DEBUG Engine               - Architecture: amd64
19:15:19.914 [JavaFX Application Thread] INFO  Engine               - Source code and latest versions at: https://github.com/AlmasB/FXGL
19:15:19.915 [JavaFX Application Thread] INFO  Engine               -              Join the FXGL chat at: https://gitter.im/AlmasB/FXGL
19:15:19.970 [JavaFX Application Thread] DEBUG PrimaryStageWindow   - Creating a JavaFX scene
19:15:20.006 [JavaFX Application Thread] DEBUG PrimaryStageWindow   - Target settings size: 800.0 x 600.0
19:15:20.007 [JavaFX Application Thread] DEBUG PrimaryStageWindow   - Scaled scene size:    800.0 x 600.0
19:15:20.007 [JavaFX Application Thread] DEBUG PrimaryStageWindow   - Scaled ratio: (1.0, 1.0)
19:15:20.007 [JavaFX Application Thread] DEBUG PrimaryStageWindow   - Set initial scene to FXGLStartupScene
19:15:20.011 [JavaFX Application Thread] DEBUG PrimaryStageWindow   - Opening main window
19:15:20.069 [JavaFX Application Thread] DEBUG PrimaryStageWindow   - Window border size: (14.4000244140625, 37.5999755859375)
19:15:20.069 [JavaFX Application Thread] DEBUG PrimaryStageWindow   - Scaled size: 800.0 x 600.0
19:15:20.069 [JavaFX Application Thread] DEBUG PrimaryStageWindow   - Scaled ratio: (1.0, 1.0)
19:15:20.069 [JavaFX Application Thread] DEBUG PrimaryStageWindow   - Scene size: 800.0 x 600.0
19:15:20.070 [JavaFX Application Thread] DEBUG PrimaryStageWindow   - Stage size: 814.4000244140625 x 637.5999755859375
19:15:20.074 [FXGL Background Thread 1 ] DEBUG Engine               - Initializing environment variables
19:15:20.103 [FXGL Background Thread 1 ] DEBUG FXGLAssetLoaderServi - User app class for loading assets: class com.groupfour.mygame.App
19:15:20.103 [FXGL Background Thread 1 ] DEBUG GameApplicationServi - Applying CSS: fxgl_dark.css
19:15:20.103 [FXGL Background Thread 1 ] DEBUG FXGLAssetLoaderServi - Loading from file system: jar:file:///C:/Users/acer/.m2/repository/com/github/almasb/fxgl/dev-SNAPSHOT/fxgl-dev-SNAPSHOT.jar!/fxglassets/ui/css/fxgl_dark.css
19:15:20.138 [FXGL Background Thread 1 ] DEBUG GameApplicationServi - Initializing application scenes
19:15:20.162 [FXGL Background Thread 1 ] DEBUG GameWorld            - Game world initialized
19:15:20.194 [FXGL Background Thread 1 ] DEBUG PhysicsWorld         - Physics world initialized: appHeight=600, physics.ppm=50.0
19:15:20.195 [FXGL Background Thread 1 ] DEBUG PhysicsWorld         - Using strategy: BRUTE_FORCE
19:15:20.197 [FXGL Background Thread 1 ] DEBUG GameScene            - Game scene initialized: 800x600
19:15:20.204 [FXGL Background Thread 1 ] DEBUG FXGL.DefaultMenu     - createMenuBodyMainMenu()
19:15:20.213 [FXGL Background Thread 1 ] DEBUG FXGL.DefaultMenu     - createOptionsMenu()
19:15:20.220 [FXGL Background Thread 1 ] DEBUG FXGLAssetLoaderServi - Loading from file system: jar:file:///C:/Users/acer/.m2/repository/com/github/almasb/fxgl/dev-SNAPSHOT/fxgl-dev-SNAPSHOT.jar!/fxglassets/textures/particles/smoke.png
19:15:20.279 [FXGL Background Thread 1 ] DEBUG FXGLAssetLoaderServi - Loading from file system: jar:file:///C:/Users/acer/.m2/repository/com/github/almasb/fxgl/dev-SNAPSHOT/fxgl-dev-SNAPSHOT.jar!/fxglassets/textures/particles/trace_horizontal.png
19:15:20.298 [FXGL Background Thread 1 ] DEBUG FXGLAssetLoaderServi - Loading from file system: file:/C:/Users/acer/OneDrive/Desktop/git%20pull/CSS124L-FINAL-PROJECT/fp/target/classes/assets/ui/fonts/PIXELADE.TTF
19:15:20.540 [FXGL Background Thread 1 ] DEBUG FXGLAssetLoaderServi - Loading from file system: file:/C:/Users/acer/OneDrive/Desktop/git%20pull/CSS124L-FINAL-PROJECT/fp/target/classes/assets/textures/spbtn.png
19:15:20.555 [FXGL Background Thread 1 ] DEBUG FXGLAssetLoaderServi - Loading from file system: file:/C:/Users/acer/OneDrive/Desktop/git%20pull/CSS124L-FINAL-PROJECT/fp/target/classes/assets/textures/mpbtn.png
19:15:20.560 [FXGL Background Thread 1 ] DEBUG FXGLAssetLoaderServi - Loading from file system: file:/C:/Users/acer/OneDrive/Desktop/git%20pull/CSS124L-FINAL-PROJECT/fp/target/classes/assets/textures/return.png
19:15:20.569 [FXGL Background Thread 1 ] DEBUG GameApplicationServi - Application scenes initialized
19:15:20.575 [FXGL Background Thread 1 ] DEBUG SystemBundleService  - Loading FXGL system data
19:15:20.580 [FXGL Background Thread 1 ] DEBUG FileSystemAccess     - Reading from: C:\Users\acer\OneDrive\Desktop\git pull\CSS124L-FINAL-PROJECT\system\fxgl.bundle
19:15:20.584 [FXGL Background Thread 1 ] DEBUG SystemBundleService  - Bundle FXGL: {}
19:15:20.584 [FXGL Background Thread 1 ] DEBUG UpdaterService       - Checking for updates
19:15:20.600 [FXGL Background Thread 4 ] DEBUG FXGLApplication      - Loading fonts
19:15:20.601 [FXGL Background Thread 1 ] DEBUG FXGLApplication      - Loading default localization
19:15:20.601 [FXGL Background Thread 1 ] DEBUG FXGLAssetLoaderServi - Loading from file system: jar:file:///C:/Users/acer/.m2/repository/com/github/almasb/fxgl/dev-SNAPSHOT/fxgl-dev-SNAPSHOT.jar!/fxglassets/languages/english.lang
19:15:20.601 [FXGL Background Thread 4 ] DEBUG FXGLAssetLoaderServi - Loading from file system: jar:file:///C:/Users/acer/.m2/repository/com/github/almasb/fxgl/dev-SNAPSHOT/fxgl-dev-SNAPSHOT.jar!/fxglassets/ui/fonts/VarelaRound-Regular.ttf
19:15:20.607 [FXGL Background Thread 4 ] DEBUG FXGLAssetLoaderServi - Loading from file system: jar:file:///C:/Users/acer/.m2/repository/com/github/almasb/fxgl/dev-SNAPSHOT/fxgl-dev-SNAPSHOT.jar!/fxglassets/ui/fonts/Abel-Regular.ttf
19:15:20.611 [FXGL Background Thread 4 ] DEBUG FXGLAssetLoaderServi - Loading from file system: jar:file:///C:/Users/acer/.m2/repository/com/github/almasb/fxgl/dev-SNAPSHOT/fxgl-dev-SNAPSHOT.jar!/fxglassets/ui/fonts/lucida_console.ttf
19:15:20.612 [FXGL Background Thread 1 ] INFO  FXGLApplication      - FXGL initialization took: 0.538 sec
19:15:20.619 [FXGL Background Thread 4 ] DEBUG FXGLAssetLoaderServi - Loading from file system: jar:file:///C:/Users/acer/.m2/repository/com/github/almasb/fxgl/dev-SNAPSHOT/fxgl-dev-SNAPSHOT.jar!/fxglassets/ui/fonts/Courier-Prime.ttf
19:15:20.625 [JavaFX Application Thread] DEBUG Input                - Registered new binding: Move Upwards - W
19:15:20.625 [JavaFX Application Thread] DEBUG Input                - Registered new binding: Move Down - S
19:15:20.625 [JavaFX Application Thread] DEBUG Input                - Registered new binding: Move Left - A
19:15:20.626 [JavaFX Application Thread] DEBUG Input                - Registered new binding: Move Right - D
19:15:20.626 [JavaFX Application Thread] DEBUG Input                - Registered new binding: Reload - R
19:15:20.627 [JavaFX Application Thread] DEBUG Input                - Registered new binding: Shoot - LMB
19:15:20.627 [JavaFX Application Thread] DEBUG Input                - Registered new binding: Switch Weapons - Q
19:15:20.628 [JavaFX Application Thread] DEBUG Input                - Registered new binding: Interact - F
19:15:20.628 [JavaFX Application Thread] DEBUG FXGLAssetLoaderServi - Loading from file system: file:/C:/Users/acer/OneDrive/Desktop/git%20pull/CSS124L-FINAL-PROJECT/fp/target/classes/assets/music/titleBGM.mp3
19:15:20.733 [JavaFX Application Thread] DEBUG AudioPlayer          - Playing music com.almasb.fxgl.audio.Music@46f05049
19:15:20.733 [JavaFX Application Thread] DEBUG FXGLAssetLoaderServi - Loading from file system: jar:file:///C:/Users/acer/.m2/repository/com/github/almasb/fxgl/dev-SNAPSHOT/fxgl-dev-SNAPSHOT.jar!/fxglassets/textures/fxgl_icon.png
19:15:20.738 [JavaFX Application Thread] DEBUG FXGLAssetLoaderServi - Loading from file system: jar:file:///C:/Users/acer/.m2/repository/com/github/almasb/fxgl/dev-SNAPSHOT/fxgl-dev-SNAPSHOT.jar!/fxglassets/textures/fxgl_default_cursor.png
19:15:20.739 [JavaFX Application Thread] DEBUG Input                - Registered new binding: Screenshot - CTRL+8
19:15:20.739 [JavaFX Application Thread] DEBUG Input                - Registered new binding: Dev Options - 1
19:15:20.740 [JavaFX Application Thread] DEBUG Input                - Registered new binding: Dev Console - 2
19:15:20.740 [JavaFX Application Thread] DEBUG Input                - Registered new binding: System info dump - CTRL+9
19:15:20.740 [JavaFX Application Thread] DEBUG Input                - Registered new binding: Restart - CTRL+R
19:15:20.740 [JavaFX Application Thread] DEBUG Input                - Registered new binding: Toggle Debug Camera - CTRL+C
19:15:20.741 [JavaFX Application Thread] DEBUG LoopRunner           - Starting loop
19:15:20.748 [JavaFX Application Thread] DEBUG LoopRunner           - Initializing JavaFX AnimationTimerLoop
19:15:20.749 [JavaFX Application Thread] DEBUG Input                - Clearing active input actions
19:15:20.754 [JavaFX Application Thread] DEBUG GameApplicationServi - Removing overlay from FXGLStartupScene and adding to FXGLMainMenuDummyScene
19:15:20.757 [JavaFX Application Thread] DEBUG PrimaryStageWindow   - FXGLStartupScene -> FXGLMainMenuDummyScene
19:15:20.757 [JavaFX Application Thread] DEBUG PrimaryStageWindow   - Push state: FXGLDefaultMenu
19:15:20.760 [JavaFX Application Thread] DEBUG Input                - Clearing active input actions
19:15:20.769 [JavaFX Application Thread] DEBUG GameApplicationServi - Removing overlay from FXGLMainMenuDummyScene and adding to FXGLDefaultMenu
19:15:20.769 [JavaFX Application Thread] DEBUG PrimaryStageWindow   - FXGLMainMenuDummyScene -> FXGLDefaultMenu
19:15:20.769 [JavaFX Application Thread] DEBUG FXGLApplication      - Registering font factories with UI factory
19:15:21.850 [FXGL Background Thread 2 ] INFO  UpdaterService       - Your current version:  dev-SNAPSHOT
19:15:21.851 [FXGL Background Thread 2 ] INFO  UpdaterService       - Latest stable version: 21.1
19:15:22.795 [JavaFX Application Thread] DEBUG Menu                 - fireNewGame()
19:15:22.795 [JavaFX Application Thread] DEBUG GameApplicationServi - Starting new game
19:15:22.796 [JavaFX Application Thread] DEBUG PrimaryStageWindow   - Pop state: FXGLDefaultMenu
19:15:22.796 [JavaFX Application Thread] DEBUG Input                - Clearing active input actions
19:15:22.798 [JavaFX Application Thread] DEBUG GameApplicationServi - Removing overlay from FXGLDefaultMenu and adding to FXGLMainMenuDummyScene
19:15:22.800 [JavaFX Application Thread] DEBUG PrimaryStageWindow   - FXGLMainMenuDummyScene <- FXGLDefaultMenu
19:15:22.800 [JavaFX Application Thread] DEBUG Input                - Clearing active input actions
19:15:22.805 [JavaFX Application Thread] DEBUG GameApplicationServi - Removing overlay from FXGLMainMenuDummyScene and adding to FXGLLoadingScene
19:15:22.806 [JavaFX Application Thread] DEBUG PrimaryStageWindow   - FXGLMainMenuDummyScene -> FXGLLoadingScene
19:15:22.806 [JavaFX Application Thread] DEBUG GameApplicationServi - Clearing previous game
19:15:22.806 [JavaFX Application Thread] DEBUG GameScene            - Clearing game scene
19:15:22.806 [JavaFX Application Thread] DEBUG GameWorld            - Clearing game world
19:15:22.806 [JavaFX Application Thread] DEBUG PhysicsWorld         - Clearing physics world
19:15:22.808 [FXGL Background Thread 2 ] DEBUG FXGLApplication      - Initializing game
19:15:22.844 [FXGL Background Thread 2 ] WARN  TMXLevelLoader       - TiledMap generated from 1.11.0. Supported version: 1.2.3. Some features may not be parsed fully.
19:15:22.851 [FXGL Background Thread 2 ] DEBUG TMXLevelLoader       - Parsed TiledMap: file:/C:/Users/acer/OneDrive/Desktop/git%20pull/CSS124L-FINAL-PROJECT/fp/target/classes/assets/levels/Lobby.tmx
19:15:22.852 [FXGL Background Thread 2 ] DEBUG TMXLevelLoader       - Creating tile layer entities
19:15:22.853 [FXGL Background Thread 2 ] DEBUG TilesetLoader        - Loading view for layer Tile Layer 1
19:15:22.855 [FXGL Background Thread 2 ] DEBUG TilesetLoader        - Created buffer with size 1280.0x768.0
19:15:22.861 [FXGL Background Thread 2 ] DEBUG TMXLevelLoader       - Creating object layer entities
19:15:22.879 [FXGL Background Thread 2 ] DEBUG GameWorld            - Clearing removable entities
19:15:22.880 [FXGL Background Thread 2 ] DEBUG GameWorld            - Setting level: com.almasb.fxgl.entity.level.Level@43142d9c
19:15:22.890 [FXGL Background Thread 2 ] INFO  FXGLApplication      - Game initialization took: 0.082 sec
19:15:22.891 [JavaFX Application Thread] DEBUG Input                - Clearing active input actions
19:15:22.896 [JavaFX Application Thread] DEBUG GameApplicationServi - Removing overlay from FXGLLoadingScene and adding to GameScene
19:15:22.898 [JavaFX Application Thread] DEBUG PrimaryStageWindow   - FXGLLoadingScene -> GameScene
19:15:22.921 [JavaFX Application Thread] DEBUG FXGLAssetLoaderServi - Loading from file system: file:/C:/Users/acer/OneDrive/Desktop/git%20pull/CSS124L-FINAL-PROJECT/fp/target/classes/assets/textures/Interactables/microwave_close.png
19:15:22.922 [JavaFX Application Thread] DEBUG PrimaryStageWindow   - Push state: PCM_BG
19:15:22.922 [JavaFX Application Thread] DEBUG Input                - Clearing active input actions
19:15:22.923 [JavaFX Application Thread] DEBUG GameApplicationServi - Removing overlay from GameScene and adding to PCM_BG
19:15:22.923 [JavaFX Application Thread] DEBUG PrimaryStageWindow   - GameScene -> PCM_BG
19:15:22.928 [JavaFX Application Thread] DEBUG PrimaryStageWindow   - Push state: PlayerCountMenu
19:15:22.928 [JavaFX Application Thread] DEBUG Input                - Clearing active input actions
19:15:22.928 [JavaFX Application Thread] DEBUG GameApplicationServi - Removing overlay from PCM_BG and adding to PlayerCountMenu
19:15:22.928 [JavaFX Application Thread] DEBUG PrimaryStageWindow   - PCM_BG -> PlayerCountMenu
19:15:23.601 [FXGL Background Thread 3 ] DEBUG Engine               - Logging environment variables
19:15:23.601 [FXGL Background Thread 3 ] DEBUG Engine               - achievements: []
19:15:23.601 [FXGL Background Thread 3 ] DEBUG Engine               - actualHeight: 600.0
19:15:23.601 [FXGL Background Thread 3 ] DEBUG Engine               - actualHeightProperty: ReadOnlyDoubleProperty [value: 600.0]
19:15:23.601 [FXGL Background Thread 3 ] DEBUG Engine               - actualWidth: 800.0
19:15:23.602 [FXGL Background Thread 3 ] DEBUG Engine               - actualWidthProperty: ReadOnlyDoubleProperty [value: 800.0]
19:15:23.602 [FXGL Background Thread 3 ] DEBUG Engine               - appIcon: fxgl_icon.png
19:15:23.602 [FXGL Background Thread 3 ] DEBUG Engine               - applicationMode: DEVELOPER
19:15:23.602 [FXGL Background Thread 3 ] DEBUG Engine               - cSSList: [fxgl_dark.css]
19:15:23.602 [FXGL Background Thread 3 ] DEBUG Engine               - collisionDetectionStrategy: BRUTE_FORCE
19:15:23.602 [FXGL Background Thread 3 ] DEBUG Engine               - configClass: Optional.empty
19:15:23.602 [FXGL Background Thread 3 ] DEBUG Engine               - credits: []
19:15:23.602 [FXGL Background Thread 3 ] DEBUG Engine               - defaultCursor: CursorInfo(imageName=fxgl_default_cursor.png, hotspotX=7.0, hotspotY=6.0)
19:15:23.603 [FXGL Background Thread 3 ] DEBUG Engine               - devBBoxColorProperty: ObjectProperty [value: 0xff0000ff]
19:15:23.603 [FXGL Background Thread 3 ] DEBUG Engine               - devEnableDebugCameraProperty: BooleanProperty [value: false]
19:15:23.603 [FXGL Background Thread 3 ] DEBUG Engine               - devSensorColorProperty: ObjectProperty [value: 0xffff00ff]
19:15:23.603 [FXGL Background Thread 3 ] DEBUG Engine               - devShowBBoxProperty: BooleanProperty [value: false]
19:15:23.603 [FXGL Background Thread 3 ] DEBUG Engine               - devShowPositionProperty: BooleanProperty [value: false]
19:15:23.603 [FXGL Background Thread 3 ] DEBUG Engine               - enabledMenuItems: []
19:15:23.603 [FXGL Background Thread 3 ] DEBUG Engine               - engineServices: [class com.almasb.fxgl.app.services.FXGLAssetLoaderService, class com.almasb.fxgl.app.FXGLApplication$GameApplicationService, class com.almasb.fxgl.app.services.FXGLDialogService, class com.almasb.fxgl.app.services.IOTaskExecutorService, class com.almasb.fxgl.io.FileSystemService, class com.almasb.fxgl.localization.LocalizationService, class com.almasb.fxgl.app.services.SystemBundleService, class com.almasb.fxgl.profile.SaveLoadService, class com.almasb.fxgl.ui.FXGLUIFactoryServiceProvider, class com.almasb.fxgl.ui.FXGLDialogFactoryServiceProvider, class com.almasb.fxgl.audio.AudioPlayer, class com.almasb.fxgl.notification.impl.NotificationServiceProvider, class com.almasb.fxgl.achievement.AchievementService, class com.almasb.fxgl.cutscene.CutsceneService, class com.almasb.fxgl.minigames.MiniGameService, class com.almasb.fxgl.net.NetService, class com.almasb.fxgl.app.services.UpdaterService, class com.almasb.fxgl.dev.DevService, class com.almasb.fxgl.multiplayer.MultiplayerService]
19:15:23.603 [FXGL Background Thread 3 ] DEBUG Engine               - fontGame: Abel-Regular.ttf
19:15:23.603 [FXGL Background Thread 3 ] DEBUG Engine               - fontMono: lucida_console.ttf
19:15:23.603 [FXGL Background Thread 3 ] DEBUG Engine               - fontText: Courier-Prime.ttf
19:15:23.603 [FXGL Background Thread 3 ] DEBUG Engine               - fontUI: VarelaRound-Regular.ttf
19:15:23.603 [FXGL Background Thread 3 ] DEBUG Engine               - fullScreen: BooleanProperty [value: false]
19:15:23.603 [FXGL Background Thread 3 ] DEBUG Engine               - gameDifficulty: MEDIUM
19:15:23.603 [FXGL Background Thread 3 ] DEBUG Engine               - gameDifficultyProperty: ObjectProperty [value: MEDIUM]
19:15:23.603 [FXGL Background Thread 3 ] DEBUG Engine               - globalMusicVolume: 0.5
19:15:23.604 [FXGL Background Thread 3 ] DEBUG Engine               - globalMusicVolumeProperty: DoubleProperty [value: 0.5]
19:15:23.604 [FXGL Background Thread 3 ] DEBUG Engine               - globalSoundVolume: 0.5
19:15:23.604 [FXGL Background Thread 3 ] DEBUG Engine               - globalSoundVolumeProperty: DoubleProperty [value: 0.5]
19:15:23.604 [FXGL Background Thread 3 ] DEBUG Engine               - height: 600
19:15:23.604 [FXGL Background Thread 3 ] DEBUG Engine               - is3D: false
19:15:23.604 [FXGL Background Thread 3 ] DEBUG Engine               - isAndroid: false
19:15:23.604 [FXGL Background Thread 3 ] DEBUG Engine               - isBrowser: false
19:15:23.604 [FXGL Background Thread 3 ] DEBUG Engine               - isClickFeedbackEnabled: false
19:15:23.604 [FXGL Background Thread 3 ] DEBUG Engine               - isCloseConfirmation: false
19:15:23.604 [FXGL Background Thread 3 ] DEBUG Engine               - isDesktop: true
19:15:23.604 [FXGL Background Thread 3 ] DEBUG Engine               - isDeveloperMenuEnabled: true
19:15:23.604 [FXGL Background Thread 3 ] DEBUG Engine               - isEmbedded: false
19:15:23.604 [FXGL Background Thread 3 ] DEBUG Engine               - isEntityPreloadEnabled: true
19:15:23.604 [FXGL Background Thread 3 ] DEBUG Engine               - isExperimentalTiledLargeMap: false
19:15:23.604 [FXGL Background Thread 3 ] DEBUG Engine               - isFileSystemWriteAllowed: true
19:15:23.604 [FXGL Background Thread 3 ] DEBUG Engine               - isFullScreenAllowed: false
19:15:23.604 [FXGL Background Thread 3 ] DEBUG Engine               - isFullScreenFromStart: false
19:15:23.604 [FXGL Background Thread 3 ] DEBUG Engine               - isGameMenuEnabled: true
19:15:23.604 [FXGL Background Thread 3 ] DEBUG Engine               - isIOS: false
19:15:23.604 [FXGL Background Thread 3 ] DEBUG Engine               - isIntroEnabled: false
19:15:23.604 [FXGL Background Thread 3 ] DEBUG Engine               - isLinux: false
19:15:23.604 [FXGL Background Thread 3 ] DEBUG Engine               - isMac: false
19:15:23.604 [FXGL Background Thread 3 ] DEBUG Engine               - isMainMenuEnabled: true
19:15:23.604 [FXGL Background Thread 3 ] DEBUG Engine               - isManualResizeEnabled: false
19:15:23.604 [FXGL Background Thread 3 ] DEBUG Engine               - isMobile: false
19:15:23.604 [FXGL Background Thread 3 ] DEBUG Engine               - isNative: false
19:15:23.604 [FXGL Background Thread 3 ] DEBUG Engine               - isPauseMusicWhenMinimized: true
19:15:23.604 [FXGL Background Thread 3 ] DEBUG Engine               - isPreserveResizeRatio: false
19:15:23.604 [FXGL Background Thread 3 ] DEBUG Engine               - isProfilingEnabled: false
19:15:23.604 [FXGL Background Thread 3 ] DEBUG Engine               - isScaleAffectedOnResize: true
19:15:23.604 [FXGL Background Thread 3 ] DEBUG Engine               - isSingleStep: false
19:15:23.605 [FXGL Background Thread 3 ] DEBUG Engine               - isUserProfileEnabled: false
19:15:23.605 [FXGL Background Thread 3 ] DEBUG Engine               - isWindows: true
19:15:23.605 [FXGL Background Thread 3 ] DEBUG Engine               - language: ObjectProperty [value: ENGLISH]
19:15:23.605 [FXGL Background Thread 3 ] DEBUG Engine               - menuKey: ESCAPE
19:15:23.605 [FXGL Background Thread 3 ] DEBUG Engine               - mouseSensitivity: 0.2
19:15:23.605 [FXGL Background Thread 3 ] DEBUG Engine               - notificationViewClass: class com.almasb.fxgl.notification.view.XboxNotificationView
19:15:23.605 [FXGL Background Thread 3 ] DEBUG Engine               - pixelsPerMeter: 50.0
19:15:23.605 [FXGL Background Thread 3 ] DEBUG Engine               - platform: WINDOWS
19:15:23.605 [FXGL Background Thread 3 ] DEBUG Engine               - prefHeightProperty: ReadOnlyDoubleProperty [value: 600.0]
19:15:23.605 [FXGL Background Thread 3 ] DEBUG Engine               - prefWidthProperty: ReadOnlyDoubleProperty [value: 800.0]
19:15:23.605 [FXGL Background Thread 3 ] DEBUG Engine               - profileDir: profiles/
19:15:23.605 [FXGL Background Thread 3 ] DEBUG Engine               - profileName: StringProperty [value: DEFAULT]
19:15:23.605 [FXGL Background Thread 3 ] DEBUG Engine               - randomSeed: -1
19:15:23.605 [FXGL Background Thread 3 ] DEBUG Engine               - runtimeInfo: RuntimeInfo(platform=WINDOWS, version=dev-SNAPSHOT, build=28.07.2021 16.39)
19:15:23.605 [FXGL Background Thread 3 ] DEBUG Engine               - saveFileExt: sav
19:15:23.605 [FXGL Background Thread 3 ] DEBUG Engine               - scaledHeightProp$fxgl: DoubleProperty [bound, value: 600.0]
19:15:23.605 [FXGL Background Thread 3 ] DEBUG Engine               - scaledWidthProp$fxgl: DoubleProperty [bound, value: 800.0]
19:15:23.605 [FXGL Background Thread 3 ] DEBUG Engine               - sceneFactory: com.groupfour.mygame.App$1@5da6f6eb
19:15:23.605 [FXGL Background Thread 3 ] DEBUG Engine               - secondsIn24h: 60
19:15:23.605 [FXGL Background Thread 3 ] DEBUG Engine               - soundMenuBack: menu/back.wav
19:15:23.605 [FXGL Background Thread 3 ] DEBUG Engine               - soundMenuPress: titleSelect.mp3
19:15:23.606 [FXGL Background Thread 3 ] DEBUG Engine               - soundMenuSelect: menu/select.wav
19:15:23.606 [FXGL Background Thread 3 ] DEBUG Engine               - soundNotification: core/notification.wav
19:15:23.606 [FXGL Background Thread 3 ] DEBUG Engine               - stageStyle: DECORATED
19:15:23.606 [FXGL Background Thread 3 ] DEBUG Engine               - supportedLanguages: [ENGLISH, FRENCH, GERMAN, HUNGARIAN, RUSSIAN]
19:15:23.606 [FXGL Background Thread 3 ] DEBUG Engine               - ticksPerSecond: -1
19:15:23.606 [FXGL Background Thread 3 ] DEBUG Engine               - title: Flatline: Oregon
19:15:23.606 [FXGL Background Thread 3 ] DEBUG Engine               - urlGithub: https://github.com/AlmasB/FXGL
19:15:23.606 [FXGL Background Thread 3 ] DEBUG Engine               - urlLeaderboard: http://fxgl-top.herokuapp.com/
19:15:23.606 [FXGL Background Thread 3 ] DEBUG Engine               - urlPOM: https://raw.githubusercontent.com/AlmasB/FXGL/release/README.md
19:15:23.606 [FXGL Background Thread 3 ] DEBUG Engine               - userAppClass: class com.groupfour.mygame.App
19:15:23.606 [FXGL Background Thread 3 ] DEBUG Engine               - version: Beta ?
19:15:23.606 [FXGL Background Thread 3 ] DEBUG Engine               - versionCheckDays: 7
19:15:23.606 [FXGL Background Thread 3 ] DEBUG Engine               - width: 800
19:15:23.606 [FXGL Background Thread 3 ] DEBUG Engine               - Logging services
19:15:23.606 [FXGL Background Thread 3 ] DEBUG Engine               - class com.almasb.fxgl.app.services.FXGLAssetLoaderService
19:15:23.606 [FXGL Background Thread 3 ] DEBUG Engine               - class com.almasb.fxgl.app.FXGLApplication$GameApplicationService
19:15:23.606 [FXGL Background Thread 3 ] DEBUG Engine               - class com.almasb.fxgl.app.services.FXGLDialogService
19:15:23.606 [FXGL Background Thread 3 ] DEBUG Engine               - class com.almasb.fxgl.app.services.IOTaskExecutorService
19:15:23.606 [FXGL Background Thread 3 ] DEBUG Engine               - class com.almasb.fxgl.io.FileSystemService
19:15:23.607 [FXGL Background Thread 3 ] DEBUG Engine               - class com.almasb.fxgl.localization.LocalizationService
19:15:23.607 [FXGL Background Thread 3 ] DEBUG Engine               - class com.almasb.fxgl.app.services.SystemBundleService
19:15:23.607 [FXGL Background Thread 3 ] DEBUG Engine               - class com.almasb.fxgl.profile.SaveLoadService
19:15:23.607 [FXGL Background Thread 3 ] DEBUG Engine               - class com.almasb.fxgl.ui.FXGLUIFactoryServiceProvider
19:15:23.607 [FXGL Background Thread 3 ] DEBUG Engine               - class com.almasb.fxgl.ui.FXGLDialogFactoryServiceProvider
19:15:23.607 [FXGL Background Thread 3 ] DEBUG Engine               - class com.almasb.fxgl.audio.AudioPlayer
19:15:23.607 [FXGL Background Thread 3 ] DEBUG Engine               - class com.almasb.fxgl.notification.impl.NotificationServiceProvider
19:15:23.607 [FXGL Background Thread 3 ] DEBUG Engine               - class com.almasb.fxgl.achievement.AchievementService
19:15:23.607 [FXGL Background Thread 3 ] DEBUG Engine               - class com.almasb.fxgl.cutscene.CutsceneService
19:15:23.607 [FXGL Background Thread 3 ] DEBUG Engine               - class com.almasb.fxgl.minigames.MiniGameService
19:15:23.607 [FXGL Background Thread 3 ] DEBUG Engine               - class com.almasb.fxgl.net.NetService
19:15:23.607 [FXGL Background Thread 3 ] DEBUG Engine               - class com.almasb.fxgl.app.services.UpdaterService
19:15:23.607 [FXGL Background Thread 3 ] DEBUG Engine               - class com.almasb.fxgl.dev.DevService
19:15:23.607 [FXGL Background Thread 3 ] DEBUG Engine               - class com.almasb.fxgl.multiplayer.MultiplayerService
19:16:45.353 [JavaFX Application Thread] DEBUG PrimaryStageWindow   - Push state: DialogSubScene
19:16:45.353 [JavaFX Application Thread] DEBUG Input                - Clearing active input actions
19:16:45.353 [JavaFX Application Thread] DEBUG GameApplicationServi - Removing overlay from PlayerCountMenu and adding to DialogSubScene
19:16:45.354 [JavaFX Application Thread] DEBUG PrimaryStageWindow   - PlayerCountMenu -> DialogSubScene
19:16:46.411 [JavaFX Application Thread] DEBUG PrimaryStageWindow   - Pop state: DialogSubScene
19:16:46.411 [JavaFX Application Thread] DEBUG Input                - Clearing active input actions
19:16:46.412 [JavaFX Application Thread] DEBUG GameApplicationServi - Removing overlay from DialogSubScene and adding to PlayerCountMenu
19:16:46.413 [JavaFX Application Thread] DEBUG PrimaryStageWindow   - PlayerCountMenu <- DialogSubScene
19:16:46.413 [JavaFX Application Thread] DEBUG PrimaryStageWindow   - Pop state: PlayerCountMenu
19:16:46.413 [JavaFX Application Thread] DEBUG Input                - Clearing active input actions
19:16:46.414 [JavaFX Application Thread] DEBUG GameApplicationServi - Removing overlay from PlayerCountMenu and adding to PCM_BG
19:16:46.414 [JavaFX Application Thread] DEBUG PrimaryStageWindow   - PCM_BG <- PlayerCountMenu
19:16:46.414 [JavaFX Application Thread] DEBUG PrimaryStageWindow   - Pop state: PCM_BG
19:16:46.414 [JavaFX Application Thread] DEBUG Input                - Clearing active input actions
19:16:46.414 [JavaFX Application Thread] DEBUG GameApplicationServi - Removing overlay from PCM_BG and adding to GameScene
19:16:46.414 [JavaFX Application Thread] DEBUG PrimaryStageWindow   - GameScene <- PCM_BG
19:16:46.415 [JavaFX Application Thread] DEBUG Input                - Clearing active input actions
19:16:46.418 [JavaFX Application Thread] DEBUG GameApplicationServi - Removing overlay from GameScene and adding to FXGLMainMenuDummyScene
19:16:46.418 [JavaFX Application Thread] DEBUG PrimaryStageWindow   - GameScene -> FXGLMainMenuDummyScene
19:16:46.418 [JavaFX Application Thread] DEBUG PrimaryStageWindow   - Push state: FXGLDefaultMenu
19:16:46.418 [JavaFX Application Thread] DEBUG Input                - Clearing active input actions
19:16:46.424 [JavaFX Application Thread] DEBUG GameApplicationServi - Removing overlay from FXGLMainMenuDummyScene and adding to FXGLDefaultMenu
19:16:46.425 [JavaFX Application Thread] DEBUG PrimaryStageWindow   - FXGLMainMenuDummyScene -> FXGLDefaultMenu
19:16:46.426 [JavaFX Application Thread] DEBUG AudioPlayer          - Playing music com.almasb.fxgl.audio.Music@46f05049
19:16:49.504 [JavaFX Application Thread] DEBUG FXGLApplication      - Exiting FXGL
19:16:49.504 [JavaFX Application Thread] DEBUG LoopRunner           - Stopping loop
19:16:49.504 [JavaFX Application Thread] DEBUG SystemBundleService  - Saving FXGL system data
19:16:49.505 [JavaFX Application Thread] DEBUG FileSystemAccess     - Writing to: C:\Users\acer\OneDrive\Desktop\git pull\CSS124L-FINAL-PROJECT\system\fxgl.bundle
19:16:49.507 [JavaFX Application Thread] DEBUG Async                - Shutting down background threads
19:16:49.508 [JavaFX Application Thread] DEBUG PrimaryStageWindow   - Closing main window
19:16:49.522 [JavaFX Application Thread] DEBUG Logger               - Closing Logger
