14:25:25.545 [main                     ] DEBUG Logger               - Configured Logger
14:25:25.549 [main                     ] DEBUG GameApplication      - Logging settings
Title: Flatline: Oregon
Version: Alpha 0.3
Width: 800
Height: 600
Fullscreen: false
Intro: false
Profiling: false
Single step:false
App Mode: DEVELOPER
Menu Key: ESCAPE
Stage Style: DECORATED
Scene Factory: class com.groupfour.mygame.App$1

14:25:25.931 [JavaFX Application Thread] DEBUG FXGLApplication      - Initializing FXGL
14:25:25.933 [JavaFX Application Thread] INFO  Engine               - FXGL-dev-SNAPSHOT (28.07.2021 16.39) on WINDOWS (J:21.0.4 FX:16)
14:25:25.934 [JavaFX Application Thread] DEBUG Engine               - JRE Vendor Name: Eclipse Adoptium
14:25:25.934 [JavaFX Application Thread] DEBUG Engine               - Running on OS: Windows 11 version 10.0
14:25:25.934 [JavaFX Application Thread] DEBUG Engine               - Architecture: amd64
14:25:25.934 [JavaFX Application Thread] INFO  Engine               - Source code and latest versions at: https://github.com/AlmasB/FXGL
14:25:25.934 [JavaFX Application Thread] INFO  Engine               -              Join the FXGL chat at: https://gitter.im/AlmasB/FXGL
14:25:26.026 [JavaFX Application Thread] DEBUG PrimaryStageWindow   - Creating a JavaFX scene
14:25:26.066 [JavaFX Application Thread] DEBUG PrimaryStageWindow   - Target settings size: 800.0 x 600.0
14:25:26.066 [JavaFX Application Thread] DEBUG PrimaryStageWindow   - Scaled scene size:    800.0 x 600.0
14:25:26.066 [JavaFX Application Thread] DEBUG PrimaryStageWindow   - Scaled ratio: (1.0, 1.0)
14:25:26.067 [JavaFX Application Thread] DEBUG PrimaryStageWindow   - Set initial scene to FXGLStartupScene
14:25:26.073 [JavaFX Application Thread] DEBUG PrimaryStageWindow   - Opening main window
14:25:26.151 [JavaFX Application Thread] DEBUG PrimaryStageWindow   - Window border size: (16.0, 39.0)
14:25:26.151 [JavaFX Application Thread] DEBUG PrimaryStageWindow   - Scaled size: 800.0 x 600.0
14:25:26.151 [JavaFX Application Thread] DEBUG PrimaryStageWindow   - Scaled ratio: (1.0, 1.0)
14:25:26.151 [JavaFX Application Thread] DEBUG PrimaryStageWindow   - Scene size: 800.0 x 600.0
14:25:26.151 [JavaFX Application Thread] DEBUG PrimaryStageWindow   - Stage size: 816.0 x 639.0
14:25:26.160 [FXGL Background Thread 1 ] DEBUG Engine               - Initializing environment variables
14:25:26.234 [FXGL Background Thread 1 ] DEBUG FXGLAssetLoaderServi - User app class for loading assets: class com.groupfour.mygame.App
14:25:26.234 [FXGL Background Thread 1 ] DEBUG GameApplicationServi - Applying CSS: fxgl_dark.css
14:25:26.235 [FXGL Background Thread 1 ] DEBUG FXGLAssetLoaderServi - Loading from file system: jar:file:///C:/Users/Cent/.m2/repository/com/github/almasb/fxgl/dev-SNAPSHOT/fxgl-dev-SNAPSHOT.jar!/fxglassets/ui/css/fxgl_dark.css
14:25:26.283 [FXGL Background Thread 1 ] DEBUG GameApplicationServi - Initializing application scenes
14:25:26.332 [FXGL Background Thread 1 ] DEBUG GameWorld            - Game world initialized
14:25:26.402 [FXGL Background Thread 1 ] DEBUG PhysicsWorld         - Physics world initialized: appHeight=600, physics.ppm=50.0
14:25:26.403 [FXGL Background Thread 1 ] DEBUG PhysicsWorld         - Using strategy: BRUTE_FORCE
14:25:26.407 [FXGL Background Thread 1 ] DEBUG GameScene            - Game scene initialized: 800x600
14:25:26.417 [FXGL Background Thread 1 ] DEBUG FXGL.DefaultMenu     - createMenuBodyMainMenu()
14:25:26.430 [FXGL Background Thread 1 ] DEBUG FXGL.DefaultMenu     - createOptionsMenu()
14:25:26.439 [FXGL Background Thread 1 ] DEBUG FXGLAssetLoaderServi - Loading from file system: jar:file:///C:/Users/Cent/.m2/repository/com/github/almasb/fxgl/dev-SNAPSHOT/fxgl-dev-SNAPSHOT.jar!/fxglassets/textures/particles/smoke.png
14:25:26.548 [FXGL Background Thread 1 ] DEBUG FXGLAssetLoaderServi - Loading from file system: jar:file:///C:/Users/Cent/.m2/repository/com/github/almasb/fxgl/dev-SNAPSHOT/fxgl-dev-SNAPSHOT.jar!/fxglassets/textures/particles/trace_horizontal.png
14:25:26.596 [FXGL Background Thread 1 ] DEBUG GameApplicationServi - Application scenes initialized
14:25:26.604 [FXGL Background Thread 1 ] DEBUG SystemBundleService  - Loading FXGL system data
14:25:26.609 [FXGL Background Thread 1 ] DEBUG FileSystemAccess     - Reading from: c:\Users\Cent\Desktop\CSS124L-LE\CSS124L-FinalExam\CSS124L-FINAL-PROJECT\system\fxgl.bundle
14:25:26.619 [FXGL Background Thread 1 ] DEBUG SystemBundleService  - Bundle FXGL: {}
14:25:26.619 [FXGL Background Thread 1 ] DEBUG UpdaterService       - Checking for updates
14:25:26.622 [FXGL Background Thread 4 ] DEBUG FXGLApplication      - Loading fonts
14:25:26.622 [FXGL Background Thread 1 ] DEBUG FXGLApplication      - Loading default localization
14:25:26.622 [FXGL Background Thread 4 ] DEBUG FXGLAssetLoaderServi - Loading from file system: jar:file:///C:/Users/Cent/.m2/repository/com/github/almasb/fxgl/dev-SNAPSHOT/fxgl-dev-SNAPSHOT.jar!/fxglassets/ui/fonts/VarelaRound-Regular.ttf
14:25:26.622 [FXGL Background Thread 1 ] DEBUG FXGLAssetLoaderServi - Loading from file system: jar:file:///C:/Users/Cent/.m2/repository/com/github/almasb/fxgl/dev-SNAPSHOT/fxgl-dev-SNAPSHOT.jar!/fxglassets/languages/english.lang
14:25:26.636 [FXGL Background Thread 1 ] INFO  FXGLApplication      - FXGL initialization took: 0.476 sec
14:25:26.638 [JavaFX Application Thread] DEBUG FXGLAssetLoaderServi - Loading from file system: jar:file:///C:/Users/Cent/.m2/repository/com/github/almasb/fxgl/dev-SNAPSHOT/fxgl-dev-SNAPSHOT.jar!/fxglassets/textures/fxgl_icon.png
14:25:26.662 [FXGL Background Thread 4 ] DEBUG FXGLAssetLoaderServi - Loading from file system: jar:file:///C:/Users/Cent/.m2/repository/com/github/almasb/fxgl/dev-SNAPSHOT/fxgl-dev-SNAPSHOT.jar!/fxglassets/ui/fonts/Abel-Regular.ttf
14:25:26.665 [FXGL Background Thread 4 ] DEBUG FXGLAssetLoaderServi - Loading from file system: jar:file:///C:/Users/Cent/.m2/repository/com/github/almasb/fxgl/dev-SNAPSHOT/fxgl-dev-SNAPSHOT.jar!/fxglassets/ui/fonts/lucida_console.ttf
14:25:26.668 [JavaFX Application Thread] DEBUG FXGLAssetLoaderServi - Loading from file system: jar:file:///C:/Users/Cent/.m2/repository/com/github/almasb/fxgl/dev-SNAPSHOT/fxgl-dev-SNAPSHOT.jar!/fxglassets/textures/fxgl_default_cursor.png
14:25:26.671 [FXGL Background Thread 4 ] DEBUG FXGLAssetLoaderServi - Loading from file system: jar:file:///C:/Users/Cent/.m2/repository/com/github/almasb/fxgl/dev-SNAPSHOT/fxgl-dev-SNAPSHOT.jar!/fxglassets/ui/fonts/Courier-Prime.ttf
14:25:26.682 [JavaFX Application Thread] DEBUG Input                - Registered new binding: Screenshot - CTRL+8
14:25:26.683 [JavaFX Application Thread] DEBUG Input                - Registered new binding: System info dump - CTRL+9
14:25:26.683 [JavaFX Application Thread] DEBUG Input                - Registered new binding: Restart - CTRL+R
14:25:26.685 [JavaFX Application Thread] DEBUG Input                - Registered new binding: Toggle Debug Camera - CTRL+C
14:25:26.687 [JavaFX Application Thread] DEBUG LoopRunner           - Starting loop
14:25:26.688 [JavaFX Application Thread] DEBUG LoopRunner           - Initializing JavaFX AnimationTimerLoop
14:25:26.691 [JavaFX Application Thread] DEBUG Input                - Clearing active input actions
14:25:26.698 [JavaFX Application Thread] DEBUG GameApplicationServi - Removing overlay from FXGLStartupScene and adding to FXGLMainMenuDummyScene
14:25:26.699 [JavaFX Application Thread] DEBUG PrimaryStageWindow   - FXGLStartupScene -> FXGLMainMenuDummyScene
14:25:26.699 [JavaFX Application Thread] DEBUG PrimaryStageWindow   - Push state: FXGLDefaultMenu
14:25:26.716 [JavaFX Application Thread] DEBUG Input                - Clearing active input actions
14:25:26.727 [JavaFX Application Thread] DEBUG GameApplicationServi - Removing overlay from FXGLMainMenuDummyScene and adding to FXGLDefaultMenu
14:25:26.727 [JavaFX Application Thread] DEBUG PrimaryStageWindow   - FXGLMainMenuDummyScene -> FXGLDefaultMenu
14:25:26.733 [JavaFX Application Thread] DEBUG FXGLApplication      - Registering font factories with UI factory
14:25:27.451 [FXGL Background Thread 2 ] INFO  UpdaterService       - Your current version:  dev-SNAPSHOT
14:25:27.452 [FXGL Background Thread 2 ] INFO  UpdaterService       - Latest stable version: 21.1
14:25:27.524 [JavaFX Application Thread] DEBUG Menu                 - fireNewGame()
14:25:27.524 [JavaFX Application Thread] DEBUG GameApplicationServi - Starting new game
14:25:27.532 [JavaFX Application Thread] DEBUG PrimaryStageWindow   - Pop state: FXGLDefaultMenu
14:25:27.532 [JavaFX Application Thread] DEBUG Input                - Clearing active input actions
14:25:27.533 [JavaFX Application Thread] DEBUG GameApplicationServi - Removing overlay from FXGLDefaultMenu and adding to FXGLMainMenuDummyScene
14:25:27.534 [JavaFX Application Thread] DEBUG PrimaryStageWindow   - FXGLMainMenuDummyScene <- FXGLDefaultMenu
14:25:27.534 [JavaFX Application Thread] DEBUG Input                - Clearing active input actions
14:25:27.545 [JavaFX Application Thread] DEBUG GameApplicationServi - Removing overlay from FXGLMainMenuDummyScene and adding to FXGLLoadingScene
14:25:27.545 [JavaFX Application Thread] DEBUG PrimaryStageWindow   - FXGLMainMenuDummyScene -> FXGLLoadingScene
14:25:27.545 [JavaFX Application Thread] DEBUG GameApplicationServi - Clearing previous game
14:25:27.545 [JavaFX Application Thread] DEBUG GameScene            - Clearing game scene
14:25:27.545 [JavaFX Application Thread] DEBUG GameWorld            - Clearing game world
14:25:27.546 [JavaFX Application Thread] DEBUG PhysicsWorld         - Clearing physics world
14:25:27.549 [FXGL Background Thread 2 ] DEBUG FXGLApplication      - Initializing game
14:25:27.557 [FXGL Background Thread 2 ] INFO  FXGLApplication      - Game initialization took: 0.007 sec
14:25:27.574 [JavaFX Application Thread] DEBUG Input                - Clearing active input actions
14:25:27.581 [JavaFX Application Thread] DEBUG GameApplicationServi - Removing overlay from FXGLLoadingScene and adding to GameScene
14:25:27.581 [JavaFX Application Thread] DEBUG PrimaryStageWindow   - FXGLLoadingScene -> GameScene
14:25:27.586 [JavaFX Application Thread] DEBUG PrimaryStageWindow   - Push state: PlayerCountMenu
14:25:27.586 [JavaFX Application Thread] DEBUG Input                - Clearing active input actions
14:25:27.588 [JavaFX Application Thread] DEBUG GameApplicationServi - Removing overlay from GameScene and adding to PlayerCountMenu
14:25:27.588 [JavaFX Application Thread] DEBUG PrimaryStageWindow   - GameScene -> PlayerCountMenu
14:25:28.418 [JavaFX Application Thread] DEBUG PrimaryStageWindow   - Pop state: PlayerCountMenu
14:25:28.418 [JavaFX Application Thread] DEBUG Input                - Clearing active input actions
14:25:28.418 [JavaFX Application Thread] DEBUG GameApplicationServi - Removing overlay from PlayerCountMenu and adding to GameScene
14:25:28.419 [JavaFX Application Thread] DEBUG PrimaryStageWindow   - GameScene <- PlayerCountMenu
14:25:28.431 [JavaFX Application Thread] DEBUG FXGLAssetLoaderServi - Loading from file system: file:/C:/Users/Cent/Desktop/CSS124L-LE/CSS124L-FinalExam/CSS124L-FINAL-PROJECT/fp/target/classes/assets/textures/1P_Walk.gif
14:25:28.450 [JavaFX Application Thread] DEBUG LoopRunner           - Stopping loop
14:25:28.450 [JavaFX Application Thread] FATAL FXGLApplication      - Uncaught Exception:
java.lang.NullPointerException: Parameter specified as non-null is null: method com.almasb.fxgl.dsl.FXGL$Companion.onKeyBuilder, parameter input
	at com.almasb.fxgl.all/com.almasb.fxgl.dsl.FXGL$Companion.onKeyBuilder(FXGL.kt)
	at com.almasb.fxgl.all/com.almasb.fxgl.dsl.FXGL.onKeyBuilder(FXGL.kt)
	at com.groupfour.mygame/com.groupfour.mygame.App.setupInput(App.java:89)
	at com.groupfour.mygame/com.groupfour.mygame.App.startGame1P(App.java:164)
	at com.groupfour.mygame/com.groupfour.UI.PlayerCountMenu$playerButton.lambda$0(PlayerCountMenu.java:43)
	at javafx.base/com.sun.javafx.event.CompositeEventHandler.dispatchBubblingEvent(CompositeEventHandler.java:86)
	at javafx.base/com.sun.javafx.event.EventHandlerManager.dispatchBubblingEvent(EventHandlerManager.java:234)
	at javafx.base/com.sun.javafx.event.EventHandlerManager.dispatchBubblingEvent(EventHandlerManager.java:191)
	at javafx.base/com.sun.javafx.event.CompositeEventDispatcher.dispatchBubblingEvent(CompositeEventDispatcher.java:59)
	at javafx.base/com.sun.javafx.event.BasicEventDispatcher.dispatchEvent(BasicEventDispatcher.java:58)
	at javafx.base/com.sun.javafx.event.EventDispatchChainImpl.dispatchEvent(EventDispatchChainImpl.java:114)
	at javafx.base/com.sun.javafx.event.BasicEventDispatcher.dispatchEvent(BasicEventDispatcher.java:56)
	at javafx.base/com.sun.javafx.event.EventDispatchChainImpl.dispatchEvent(EventDispatchChainImpl.java:114)
	at javafx.base/com.sun.javafx.event.BasicEventDispatcher.dispatchEvent(BasicEventDispatcher.java:56)
	at javafx.base/com.sun.javafx.event.EventDispatchChainImpl.dispatchEvent(EventDispatchChainImpl.java:114)
	at javafx.base/com.sun.javafx.event.EventUtil.fireEventImpl(EventUtil.java:74)
	at javafx.base/com.sun.javafx.event.EventUtil.fireEvent(EventUtil.java:54)
	at javafx.base/javafx.event.Event.fireEvent(Event.java:198)
	at javafx.graphics/javafx.scene.Scene$ClickGenerator.postProcess(Scene.java:3563)
	at javafx.graphics/javafx.scene.Scene$MouseHandler.process(Scene.java:3865)
	at javafx.graphics/javafx.scene.Scene.processMouseEvent(Scene.java:1851)
	at javafx.graphics/javafx.scene.Scene$ScenePeerListener.mouseEvent(Scene.java:2584)
	at javafx.graphics/com.sun.javafx.tk.quantum.GlassViewEventHandler$MouseEventNotification.run(GlassViewEventHandler.java:409)
	at javafx.graphics/com.sun.javafx.tk.quantum.GlassViewEventHandler$MouseEventNotification.run(GlassViewEventHandler.java:299)
	at java.base/java.security.AccessController.doPrivileged(AccessController.java:400)
	at javafx.graphics/com.sun.javafx.tk.quantum.GlassViewEventHandler.lambda$handleMouseEvent$2(GlassViewEventHandler.java:447)
	at javafx.graphics/com.sun.javafx.tk.quantum.QuantumToolkit.runWithoutRenderLock(QuantumToolkit.java:412)
	at javafx.graphics/com.sun.javafx.tk.quantum.GlassViewEventHandler.handleMouseEvent(GlassViewEventHandler.java:446)
	at javafx.graphics/com.sun.glass.ui.View.handleMouseEvent(View.java:556)
	at javafx.graphics/com.sun.glass.ui.View.notifyMouse(View.java:942)
	at javafx.graphics/com.sun.glass.ui.win.WinApplication._runLoop(Native Method)
	at javafx.graphics/com.sun.glass.ui.win.WinApplication.lambda$runLoop$3(WinApplication.java:174)
	at java.base/java.lang.Thread.run(Thread.java:1583)

14:25:28.453 [JavaFX Application Thread] FATAL FXGLApplication      - Application will now exit
14:25:28.465 [JavaFX Application Thread] DEBUG PrimaryStageWindow   - Push state: ErrorSubScene
14:25:28.466 [JavaFX Application Thread] DEBUG Input                - Clearing active input actions
14:25:28.468 [JavaFX Application Thread] DEBUG GameApplicationServi - Removing overlay from GameScene and adding to ErrorSubScene
14:25:28.468 [JavaFX Application Thread] DEBUG PrimaryStageWindow   - GameScene -> ErrorSubScene
14:25:29.623 [FXGL Background Thread 3 ] DEBUG Engine               - Logging environment variables
14:25:29.623 [FXGL Background Thread 3 ] DEBUG Engine               - achievements: []
14:25:29.623 [FXGL Background Thread 3 ] DEBUG Engine               - actualHeight: 600.0
14:25:29.623 [FXGL Background Thread 3 ] DEBUG Engine               - actualHeightProperty: ReadOnlyDoubleProperty [value: 600.0]
14:25:29.623 [FXGL Background Thread 3 ] DEBUG Engine               - actualWidth: 800.0
14:25:29.623 [FXGL Background Thread 3 ] DEBUG Engine               - actualWidthProperty: ReadOnlyDoubleProperty [value: 800.0]
14:25:29.623 [FXGL Background Thread 3 ] DEBUG Engine               - appIcon: fxgl_icon.png
14:25:29.623 [FXGL Background Thread 3 ] DEBUG Engine               - applicationMode: DEVELOPER
14:25:29.623 [FXGL Background Thread 3 ] DEBUG Engine               - cSSList: [fxgl_dark.css]
14:25:29.623 [FXGL Background Thread 3 ] DEBUG Engine               - collisionDetectionStrategy: BRUTE_FORCE
14:25:29.623 [FXGL Background Thread 3 ] DEBUG Engine               - configClass: Optional.empty
14:25:29.624 [FXGL Background Thread 3 ] DEBUG Engine               - credits: []
14:25:29.624 [FXGL Background Thread 3 ] DEBUG Engine               - defaultCursor: CursorInfo(imageName=fxgl_default_cursor.png, hotspotX=7.0, hotspotY=6.0)
14:25:29.624 [FXGL Background Thread 3 ] DEBUG Engine               - devBBoxColorProperty: ObjectProperty [value: 0xff0000ff]
14:25:29.624 [FXGL Background Thread 3 ] DEBUG Engine               - devEnableDebugCameraProperty: BooleanProperty [value: false]
14:25:29.624 [FXGL Background Thread 3 ] DEBUG Engine               - devSensorColorProperty: ObjectProperty [value: 0xffff00ff]
14:25:29.624 [FXGL Background Thread 3 ] DEBUG Engine               - devShowBBoxProperty: BooleanProperty [value: false]
14:25:29.624 [FXGL Background Thread 3 ] DEBUG Engine               - devShowPositionProperty: BooleanProperty [value: false]
14:25:29.624 [FXGL Background Thread 3 ] DEBUG Engine               - enabledMenuItems: []
14:25:29.624 [FXGL Background Thread 3 ] DEBUG Engine               - engineServices: [class com.almasb.fxgl.app.services.FXGLAssetLoaderService, class com.almasb.fxgl.app.FXGLApplication$GameApplicationService, class com.almasb.fxgl.app.services.FXGLDialogService, class com.almasb.fxgl.app.services.IOTaskExecutorService, class com.almasb.fxgl.io.FileSystemService, class com.almasb.fxgl.localization.LocalizationService, class com.almasb.fxgl.app.services.SystemBundleService, class com.almasb.fxgl.profile.SaveLoadService, class com.almasb.fxgl.ui.FXGLUIFactoryServiceProvider, class com.almasb.fxgl.ui.FXGLDialogFactoryServiceProvider, class com.almasb.fxgl.audio.AudioPlayer, class com.almasb.fxgl.notification.impl.NotificationServiceProvider, class com.almasb.fxgl.achievement.AchievementService, class com.almasb.fxgl.cutscene.CutsceneService, class com.almasb.fxgl.minigames.MiniGameService, class com.almasb.fxgl.net.NetService, class com.almasb.fxgl.app.services.UpdaterService, class com.almasb.fxgl.dev.DevService, class com.almasb.fxgl.multiplayer.MultiplayerService]
14:25:29.624 [FXGL Background Thread 3 ] DEBUG Engine               - fontGame: Abel-Regular.ttf
14:25:29.624 [FXGL Background Thread 3 ] DEBUG Engine               - fontMono: lucida_console.ttf
14:25:29.624 [FXGL Background Thread 3 ] DEBUG Engine               - fontText: Courier-Prime.ttf
14:25:29.624 [FXGL Background Thread 3 ] DEBUG Engine               - fontUI: VarelaRound-Regular.ttf
14:25:29.624 [FXGL Background Thread 3 ] DEBUG Engine               - fullScreen: BooleanProperty [value: false]
14:25:29.624 [FXGL Background Thread 3 ] DEBUG Engine               - gameDifficulty: MEDIUM
14:25:29.624 [FXGL Background Thread 3 ] DEBUG Engine               - gameDifficultyProperty: ObjectProperty [value: MEDIUM]
14:25:29.624 [FXGL Background Thread 3 ] DEBUG Engine               - globalMusicVolume: 0.5
14:25:29.624 [FXGL Background Thread 3 ] DEBUG Engine               - globalMusicVolumeProperty: DoubleProperty [value: 0.5]
14:25:29.624 [FXGL Background Thread 3 ] DEBUG Engine               - globalSoundVolume: 0.5
14:25:29.625 [FXGL Background Thread 3 ] DEBUG Engine               - globalSoundVolumeProperty: DoubleProperty [value: 0.5]
14:25:29.625 [FXGL Background Thread 3 ] DEBUG Engine               - height: 600
14:25:29.625 [FXGL Background Thread 3 ] DEBUG Engine               - is3D: false
14:25:29.625 [FXGL Background Thread 3 ] DEBUG Engine               - isAndroid: false
14:25:29.625 [FXGL Background Thread 3 ] DEBUG Engine               - isBrowser: false
14:25:29.625 [FXGL Background Thread 3 ] DEBUG Engine               - isClickFeedbackEnabled: false
14:25:29.625 [FXGL Background Thread 3 ] DEBUG Engine               - isCloseConfirmation: false
14:25:29.625 [FXGL Background Thread 3 ] DEBUG Engine               - isDesktop: true
14:25:29.625 [FXGL Background Thread 3 ] DEBUG Engine               - isDeveloperMenuEnabled: false
14:25:29.625 [FXGL Background Thread 3 ] DEBUG Engine               - isEmbedded: false
14:25:29.625 [FXGL Background Thread 3 ] DEBUG Engine               - isEntityPreloadEnabled: true
14:25:29.625 [FXGL Background Thread 3 ] DEBUG Engine               - isExperimentalTiledLargeMap: false
14:25:29.625 [FXGL Background Thread 3 ] DEBUG Engine               - isFileSystemWriteAllowed: true
14:25:29.625 [FXGL Background Thread 3 ] DEBUG Engine               - isFullScreenAllowed: false
14:25:29.625 [FXGL Background Thread 3 ] DEBUG Engine               - isFullScreenFromStart: false
14:25:29.625 [FXGL Background Thread 3 ] DEBUG Engine               - isGameMenuEnabled: true
14:25:29.625 [FXGL Background Thread 3 ] DEBUG Engine               - isIOS: false
14:25:29.625 [FXGL Background Thread 3 ] DEBUG Engine               - isIntroEnabled: false
14:25:29.625 [FXGL Background Thread 3 ] DEBUG Engine               - isLinux: false
14:25:29.625 [FXGL Background Thread 3 ] DEBUG Engine               - isMac: false
14:25:29.625 [FXGL Background Thread 3 ] DEBUG Engine               - isMainMenuEnabled: true
14:25:29.625 [FXGL Background Thread 3 ] DEBUG Engine               - isManualResizeEnabled: false
14:25:29.625 [FXGL Background Thread 3 ] DEBUG Engine               - isMobile: false
14:25:29.625 [FXGL Background Thread 3 ] DEBUG Engine               - isNative: false
14:25:29.625 [FXGL Background Thread 3 ] DEBUG Engine               - isPauseMusicWhenMinimized: true
14:25:29.625 [FXGL Background Thread 3 ] DEBUG Engine               - isPreserveResizeRatio: false
14:25:29.625 [FXGL Background Thread 3 ] DEBUG Engine               - isProfilingEnabled: false
14:25:29.625 [FXGL Background Thread 3 ] DEBUG Engine               - isScaleAffectedOnResize: true
14:25:29.625 [FXGL Background Thread 3 ] DEBUG Engine               - isSingleStep: false
14:25:29.625 [FXGL Background Thread 3 ] DEBUG Engine               - isUserProfileEnabled: false
14:25:29.625 [FXGL Background Thread 3 ] DEBUG Engine               - isWindows: true
14:25:29.625 [FXGL Background Thread 3 ] DEBUG Engine               - language: ObjectProperty [value: ENGLISH]
14:25:29.625 [FXGL Background Thread 3 ] DEBUG Engine               - menuKey: ESCAPE
14:25:29.625 [FXGL Background Thread 3 ] DEBUG Engine               - mouseSensitivity: 0.2
14:25:29.625 [FXGL Background Thread 3 ] DEBUG Engine               - notificationViewClass: class com.almasb.fxgl.notification.view.XboxNotificationView
14:25:29.625 [FXGL Background Thread 3 ] DEBUG Engine               - pixelsPerMeter: 50.0
14:25:29.626 [FXGL Background Thread 3 ] DEBUG Engine               - platform: WINDOWS
14:25:29.626 [FXGL Background Thread 3 ] DEBUG Engine               - prefHeightProperty: ReadOnlyDoubleProperty [value: 600.0]
14:25:29.626 [FXGL Background Thread 3 ] DEBUG Engine               - prefWidthProperty: ReadOnlyDoubleProperty [value: 800.0]
14:25:29.626 [FXGL Background Thread 3 ] DEBUG Engine               - profileDir: profiles/
14:25:29.626 [FXGL Background Thread 3 ] DEBUG Engine               - profileName: StringProperty [value: DEFAULT]
14:25:29.626 [FXGL Background Thread 3 ] DEBUG Engine               - randomSeed: -1
14:25:29.626 [FXGL Background Thread 3 ] DEBUG Engine               - runtimeInfo: RuntimeInfo(platform=WINDOWS, version=dev-SNAPSHOT, build=28.07.2021 16.39)
14:25:29.626 [FXGL Background Thread 3 ] DEBUG Engine               - saveFileExt: sav
14:25:29.626 [FXGL Background Thread 3 ] DEBUG Engine               - scaledHeightProp$fxgl: DoubleProperty [bound, value: 600.0]
14:25:29.626 [FXGL Background Thread 3 ] DEBUG Engine               - scaledWidthProp$fxgl: DoubleProperty [bound, value: 800.0]
14:25:29.626 [FXGL Background Thread 3 ] DEBUG Engine               - sceneFactory: com.groupfour.mygame.App$1@f9de990
14:25:29.626 [FXGL Background Thread 3 ] DEBUG Engine               - secondsIn24h: 60
14:25:29.626 [FXGL Background Thread 3 ] DEBUG Engine               - soundMenuBack: menu/back.wav
14:25:29.626 [FXGL Background Thread 3 ] DEBUG Engine               - soundMenuPress: menu/press.wav
14:25:29.626 [FXGL Background Thread 3 ] DEBUG Engine               - soundMenuSelect: menu/select.wav
14:25:29.626 [FXGL Background Thread 3 ] DEBUG Engine               - soundNotification: core/notification.wav
14:25:29.626 [FXGL Background Thread 3 ] DEBUG Engine               - stageStyle: DECORATED
14:25:29.626 [FXGL Background Thread 3 ] DEBUG Engine               - supportedLanguages: [ENGLISH, FRENCH, GERMAN, HUNGARIAN, RUSSIAN]
14:25:29.626 [FXGL Background Thread 3 ] DEBUG Engine               - ticksPerSecond: -1
14:25:29.626 [FXGL Background Thread 3 ] DEBUG Engine               - title: Flatline: Oregon
14:25:29.626 [FXGL Background Thread 3 ] DEBUG Engine               - urlGithub: https://github.com/AlmasB/FXGL
14:25:29.626 [FXGL Background Thread 3 ] DEBUG Engine               - urlLeaderboard: http://fxgl-top.herokuapp.com/
14:25:29.626 [FXGL Background Thread 3 ] DEBUG Engine               - urlPOM: https://raw.githubusercontent.com/AlmasB/FXGL/release/README.md
14:25:29.626 [FXGL Background Thread 3 ] DEBUG Engine               - userAppClass: class com.groupfour.mygame.App
14:25:29.626 [FXGL Background Thread 3 ] DEBUG Engine               - version: Alpha 0.3
14:25:29.626 [FXGL Background Thread 3 ] DEBUG Engine               - versionCheckDays: 7
14:25:29.626 [FXGL Background Thread 3 ] DEBUG Engine               - width: 800
14:25:29.626 [FXGL Background Thread 3 ] DEBUG Engine               - Logging services
14:25:29.626 [FXGL Background Thread 3 ] DEBUG Engine               - class com.almasb.fxgl.app.services.FXGLAssetLoaderService
14:25:29.626 [FXGL Background Thread 3 ] DEBUG Engine               - class com.almasb.fxgl.app.FXGLApplication$GameApplicationService
14:25:29.626 [FXGL Background Thread 3 ] DEBUG Engine               - class com.almasb.fxgl.app.services.FXGLDialogService
14:25:29.626 [FXGL Background Thread 3 ] DEBUG Engine               - class com.almasb.fxgl.app.services.IOTaskExecutorService
14:25:29.626 [FXGL Background Thread 3 ] DEBUG Engine               - class com.almasb.fxgl.io.FileSystemService
14:25:29.626 [FXGL Background Thread 3 ] DEBUG Engine               - class com.almasb.fxgl.localization.LocalizationService
14:25:29.626 [FXGL Background Thread 3 ] DEBUG Engine               - class com.almasb.fxgl.app.services.SystemBundleService
14:25:29.626 [FXGL Background Thread 3 ] DEBUG Engine               - class com.almasb.fxgl.profile.SaveLoadService
14:25:29.626 [FXGL Background Thread 3 ] DEBUG Engine               - class com.almasb.fxgl.ui.FXGLUIFactoryServiceProvider
14:25:29.626 [FXGL Background Thread 3 ] DEBUG Engine               - class com.almasb.fxgl.ui.FXGLDialogFactoryServiceProvider
14:25:29.626 [FXGL Background Thread 3 ] DEBUG Engine               - class com.almasb.fxgl.audio.AudioPlayer
14:25:29.628 [FXGL Background Thread 3 ] DEBUG Engine               - class com.almasb.fxgl.notification.impl.NotificationServiceProvider
14:25:29.628 [FXGL Background Thread 3 ] DEBUG Engine               - class com.almasb.fxgl.achievement.AchievementService
14:25:29.628 [FXGL Background Thread 3 ] DEBUG Engine               - class com.almasb.fxgl.cutscene.CutsceneService
14:25:29.628 [FXGL Background Thread 3 ] DEBUG Engine               - class com.almasb.fxgl.minigames.MiniGameService
14:25:29.628 [FXGL Background Thread 3 ] DEBUG Engine               - class com.almasb.fxgl.net.NetService
14:25:29.628 [FXGL Background Thread 3 ] DEBUG Engine               - class com.almasb.fxgl.app.services.UpdaterService
14:25:29.628 [FXGL Background Thread 3 ] DEBUG Engine               - class com.almasb.fxgl.dev.DevService
14:25:29.628 [FXGL Background Thread 3 ] DEBUG Engine               - class com.almasb.fxgl.multiplayer.MultiplayerService
14:25:34.714 [JavaFX Application Thread] DEBUG FXGLApplication      - Exiting FXGL
14:25:34.714 [JavaFX Application Thread] DEBUG Async                - Shutting down background threads
14:25:34.715 [JavaFX Application Thread] DEBUG PrimaryStageWindow   - Closing main window
14:25:34.754 [JavaFX Application Thread] DEBUG Logger               - Closing Logger
