17:33:22.236 [main                     ] DEBUG Logger               - Configured Logger
17:33:22.255 [main                     ] DEBUG GameApplication      - Logging settings
Title: Flatline: Oregon
Version: Alpha 0.3
Width: 800
Height: 600
Fullscreen: false
Intro: false
Profiling: false
Single step:false
App Mode: DEVELOPER
Menu Key: ESCAPE
Stage Style: DECORATED
Scene Factory: class com.groupfour.mygame.App$1

17:33:22.541 [JavaFX Application Thread] DEBUG FXGLApplication      - Initializing FXGL
17:33:22.542 [JavaFX Application Thread] INFO  Engine               - FXGL-dev-SNAPSHOT (28.07.2021 16.39) on WINDOWS (J:11.0.22 FX:16)
17:33:22.543 [JavaFX Application Thread] DEBUG Engine               - JRE Vendor Name: Oracle Corporation
17:33:22.543 [JavaFX Application Thread] DEBUG Engine               - Running on OS: Windows 11 version 10.0
17:33:22.543 [JavaFX Application Thread] DEBUG Engine               - Architecture: amd64
17:33:22.543 [JavaFX Application Thread] INFO  Engine               - Source code and latest versions at: https://github.com/AlmasB/FXGL
17:33:22.544 [JavaFX Application Thread] INFO  Engine               -              Join the FXGL chat at: https://gitter.im/AlmasB/FXGL
17:33:22.599 [JavaFX Application Thread] DEBUG PrimaryStageWindow   - Creating a JavaFX scene
17:33:22.636 [JavaFX Application Thread] DEBUG PrimaryStageWindow   - Target settings size: 800.0 x 600.0
17:33:22.636 [JavaFX Application Thread] DEBUG PrimaryStageWindow   - Scaled scene size:    800.0 x 600.0
17:33:22.636 [JavaFX Application Thread] DEBUG PrimaryStageWindow   - Scaled ratio: (1.0, 1.0)
17:33:22.637 [JavaFX Application Thread] DEBUG PrimaryStageWindow   - Set initial scene to FXGLStartupScene
17:33:22.640 [JavaFX Application Thread] DEBUG PrimaryStageWindow   - Opening main window
17:33:22.712 [JavaFX Application Thread] DEBUG PrimaryStageWindow   - Window border size: (14.4000244140625, 37.5999755859375)
17:33:22.712 [JavaFX Application Thread] DEBUG PrimaryStageWindow   - Scaled size: 800.0 x 600.0
17:33:22.712 [JavaFX Application Thread] DEBUG PrimaryStageWindow   - Scaled ratio: (1.0, 1.0)
17:33:22.713 [JavaFX Application Thread] DEBUG PrimaryStageWindow   - Scene size: 800.0 x 600.0
17:33:22.713 [JavaFX Application Thread] DEBUG PrimaryStageWindow   - Stage size: 814.4000244140625 x 637.5999755859375
17:33:22.718 [FXGL Background Thread 1 ] DEBUG Engine               - Initializing environment variables
17:33:22.765 [FXGL Background Thread 1 ] DEBUG FXGLAssetLoaderServi - User app class for loading assets: class com.groupfour.mygame.App
17:33:22.765 [FXGL Background Thread 1 ] DEBUG GameApplicationServi - Applying CSS: fxgl_dark.css
17:33:22.766 [FXGL Background Thread 1 ] DEBUG FXGLAssetLoaderServi - Loading from file system: jar:file:///C:/Users/acer/.m2/repository/com/github/almasb/fxgl/dev-SNAPSHOT/fxgl-dev-SNAPSHOT.jar!/fxglassets/ui/css/fxgl_dark.css
17:33:22.806 [FXGL Background Thread 1 ] DEBUG GameApplicationServi - Initializing application scenes
17:33:22.835 [FXGL Background Thread 1 ] DEBUG GameWorld            - Game world initialized
17:33:22.875 [FXGL Background Thread 1 ] DEBUG PhysicsWorld         - Physics world initialized: appHeight=600, physics.ppm=50.0
17:33:22.875 [FXGL Background Thread 1 ] DEBUG PhysicsWorld         - Using strategy: BRUTE_FORCE
17:33:22.876 [FXGL Background Thread 1 ] DEBUG GameScene            - Game scene initialized: 800x600
17:33:22.885 [FXGL Background Thread 1 ] DEBUG FXGL.DefaultMenu     - createMenuBodyMainMenu()
17:33:22.898 [FXGL Background Thread 1 ] DEBUG FXGL.DefaultMenu     - createOptionsMenu()
17:33:22.906 [FXGL Background Thread 1 ] DEBUG FXGLAssetLoaderServi - Loading from file system: jar:file:///C:/Users/acer/.m2/repository/com/github/almasb/fxgl/dev-SNAPSHOT/fxgl-dev-SNAPSHOT.jar!/fxglassets/textures/particles/smoke.png
17:33:22.978 [FXGL Background Thread 1 ] DEBUG FXGLAssetLoaderServi - Loading from file system: jar:file:///C:/Users/acer/.m2/repository/com/github/almasb/fxgl/dev-SNAPSHOT/fxgl-dev-SNAPSHOT.jar!/fxglassets/textures/particles/trace_horizontal.png
17:33:23.004 [FXGL Background Thread 1 ] DEBUG GameApplicationServi - Application scenes initialized
17:33:23.011 [FXGL Background Thread 1 ] DEBUG SystemBundleService  - Loading FXGL system data
17:33:23.015 [FXGL Background Thread 1 ] DEBUG FileSystemAccess     - Reading from: C:\Users\acer\OneDrive\Desktop\git pull\CSS124L-FINAL-PROJECT\system\fxgl.bundle
17:33:23.019 [FXGL Background Thread 1 ] DEBUG SystemBundleService  - Bundle FXGL: {}
17:33:23.020 [FXGL Background Thread 1 ] DEBUG UpdaterService       - Checking for updates
17:33:23.038 [FXGL Background Thread 4 ] DEBUG FXGLApplication      - Loading fonts
17:33:23.039 [FXGL Background Thread 1 ] DEBUG FXGLApplication      - Loading default localization
17:33:23.039 [FXGL Background Thread 1 ] DEBUG FXGLAssetLoaderServi - Loading from file system: jar:file:///C:/Users/acer/.m2/repository/com/github/almasb/fxgl/dev-SNAPSHOT/fxgl-dev-SNAPSHOT.jar!/fxglassets/languages/english.lang
17:33:23.039 [FXGL Background Thread 4 ] DEBUG FXGLAssetLoaderServi - Loading from file system: jar:file:///C:/Users/acer/.m2/repository/com/github/almasb/fxgl/dev-SNAPSHOT/fxgl-dev-SNAPSHOT.jar!/fxglassets/ui/fonts/VarelaRound-Regular.ttf
17:33:23.051 [FXGL Background Thread 1 ] INFO  FXGLApplication      - FXGL initialization took: 0.333 sec
17:33:23.059 [JavaFX Application Thread] DEBUG Input                - Registered new binding: Move Upwards - W
17:33:23.060 [JavaFX Application Thread] DEBUG Input                - Registered new binding: Move Down - S
17:33:23.060 [JavaFX Application Thread] DEBUG Input                - Registered new binding: Move Left - A
17:33:23.060 [JavaFX Application Thread] DEBUG Input                - Registered new binding: Move Right - D
17:33:23.060 [JavaFX Application Thread] DEBUG Input                - Registered new binding: Reload - R
17:33:23.061 [JavaFX Application Thread] DEBUG Input                - Registered new binding: Shoot - LMB
17:33:23.061 [JavaFX Application Thread] DEBUG Input                - Registered new binding: Switch Weapons - Q
17:33:23.061 [JavaFX Application Thread] DEBUG Input                - Registered new binding: Interact - F
17:33:23.062 [JavaFX Application Thread] DEBUG FXGLAssetLoaderServi - Loading from file system: jar:file:///C:/Users/acer/.m2/repository/com/github/almasb/fxgl/dev-SNAPSHOT/fxgl-dev-SNAPSHOT.jar!/fxglassets/textures/fxgl_icon.png
17:33:23.083 [JavaFX Application Thread] DEBUG FXGLAssetLoaderServi - Loading from file system: jar:file:///C:/Users/acer/.m2/repository/com/github/almasb/fxgl/dev-SNAPSHOT/fxgl-dev-SNAPSHOT.jar!/fxglassets/textures/fxgl_default_cursor.png
17:33:23.086 [JavaFX Application Thread] DEBUG Input                - Registered new binding: Screenshot - CTRL+8
17:33:23.086 [JavaFX Application Thread] DEBUG Input                - Registered new binding: Dev Options - 1
17:33:23.087 [JavaFX Application Thread] DEBUG Input                - Registered new binding: Dev Console - 2
17:33:23.088 [JavaFX Application Thread] DEBUG Input                - Registered new binding: System info dump - CTRL+9
17:33:23.088 [JavaFX Application Thread] DEBUG Input                - Registered new binding: Restart - CTRL+R
17:33:23.089 [JavaFX Application Thread] DEBUG Input                - Registered new binding: Toggle Debug Camera - CTRL+C
17:33:23.092 [JavaFX Application Thread] DEBUG LoopRunner           - Starting loop
17:33:23.109 [JavaFX Application Thread] DEBUG LoopRunner           - Initializing JavaFX AnimationTimerLoop
17:33:23.112 [JavaFX Application Thread] DEBUG Input                - Clearing active input actions
17:33:23.123 [JavaFX Application Thread] DEBUG GameApplicationServi - Removing overlay from FXGLStartupScene and adding to FXGLMainMenuDummyScene
17:33:23.128 [JavaFX Application Thread] DEBUG PrimaryStageWindow   - FXGLStartupScene -> FXGLMainMenuDummyScene
17:33:23.129 [JavaFX Application Thread] DEBUG PrimaryStageWindow   - Push state: FXGLDefaultMenu
17:33:23.134 [JavaFX Application Thread] DEBUG Input                - Clearing active input actions
17:33:23.143 [JavaFX Application Thread] DEBUG GameApplicationServi - Removing overlay from FXGLMainMenuDummyScene and adding to FXGLDefaultMenu
17:33:23.143 [JavaFX Application Thread] DEBUG PrimaryStageWindow   - FXGLMainMenuDummyScene -> FXGLDefaultMenu
17:33:23.433 [FXGL Background Thread 4 ] DEBUG FXGLAssetLoaderServi - Loading from file system: jar:file:///C:/Users/acer/.m2/repository/com/github/almasb/fxgl/dev-SNAPSHOT/fxgl-dev-SNAPSHOT.jar!/fxglassets/ui/fonts/Abel-Regular.ttf
17:33:23.436 [FXGL Background Thread 4 ] DEBUG FXGLAssetLoaderServi - Loading from file system: jar:file:///C:/Users/acer/.m2/repository/com/github/almasb/fxgl/dev-SNAPSHOT/fxgl-dev-SNAPSHOT.jar!/fxglassets/ui/fonts/lucida_console.ttf
17:33:23.441 [FXGL Background Thread 4 ] DEBUG FXGLAssetLoaderServi - Loading from file system: jar:file:///C:/Users/acer/.m2/repository/com/github/almasb/fxgl/dev-SNAPSHOT/fxgl-dev-SNAPSHOT.jar!/fxglassets/ui/fonts/Courier-Prime.ttf
17:33:23.449 [JavaFX Application Thread] DEBUG FXGLApplication      - Registering font factories with UI factory
17:33:23.829 [JavaFX Application Thread] DEBUG Menu                 - fireNewGame()
17:33:23.829 [JavaFX Application Thread] DEBUG GameApplicationServi - Starting new game
17:33:23.830 [JavaFX Application Thread] DEBUG PrimaryStageWindow   - Pop state: FXGLDefaultMenu
17:33:23.830 [JavaFX Application Thread] DEBUG Input                - Clearing active input actions
17:33:23.832 [JavaFX Application Thread] DEBUG GameApplicationServi - Removing overlay from FXGLDefaultMenu and adding to FXGLMainMenuDummyScene
17:33:23.833 [JavaFX Application Thread] DEBUG PrimaryStageWindow   - FXGLMainMenuDummyScene <- FXGLDefaultMenu
17:33:23.833 [JavaFX Application Thread] DEBUG Input                - Clearing active input actions
17:33:23.838 [JavaFX Application Thread] DEBUG GameApplicationServi - Removing overlay from FXGLMainMenuDummyScene and adding to FXGLLoadingScene
17:33:23.838 [JavaFX Application Thread] DEBUG PrimaryStageWindow   - FXGLMainMenuDummyScene -> FXGLLoadingScene
17:33:23.839 [JavaFX Application Thread] DEBUG GameApplicationServi - Clearing previous game
17:33:23.839 [JavaFX Application Thread] DEBUG GameScene            - Clearing game scene
17:33:23.839 [JavaFX Application Thread] DEBUG GameWorld            - Clearing game world
17:33:23.839 [JavaFX Application Thread] DEBUG PhysicsWorld         - Clearing physics world
17:33:23.840 [FXGL Background Thread 4 ] DEBUG FXGLApplication      - Initializing game
17:33:23.869 [FXGL Background Thread 4 ] INFO  FXGLApplication      - Game initialization took: 0.029 sec
17:33:23.883 [JavaFX Application Thread] DEBUG Input                - Clearing active input actions
17:33:23.888 [JavaFX Application Thread] DEBUG GameApplicationServi - Removing overlay from FXGLLoadingScene and adding to GameScene
17:33:23.889 [JavaFX Application Thread] DEBUG PrimaryStageWindow   - FXGLLoadingScene -> GameScene
17:33:23.893 [JavaFX Application Thread] DEBUG PrimaryStageWindow   - Push state: PlayerCountMenu
17:33:23.893 [JavaFX Application Thread] DEBUG Input                - Clearing active input actions
17:33:23.893 [JavaFX Application Thread] DEBUG GameApplicationServi - Removing overlay from GameScene and adding to PlayerCountMenu
17:33:23.894 [JavaFX Application Thread] DEBUG PrimaryStageWindow   - GameScene -> PlayerCountMenu
17:33:24.120 [FXGL Background Thread 2 ] INFO  UpdaterService       - Your current version:  dev-SNAPSHOT
17:33:24.121 [FXGL Background Thread 2 ] INFO  UpdaterService       - Latest stable version: 21.1
17:33:24.285 [JavaFX Application Thread] DEBUG FXGLAssetLoaderServi - Loading from file system: file:/C:/Users/acer/OneDrive/Desktop/git%20pull/CSS124L-FINAL-PROJECT/fp/target/classes/assets/textures/Weapons/Idle/BerettaM9_Idle.png
17:33:24.286 [JavaFX Application Thread] DEBUG FXGLAssetLoaderServi - Loading from file system: file:/C:/Users/acer/OneDrive/Desktop/git%20pull/CSS124L-FINAL-PROJECT/fp/target/classes/assets/textures/Weapons/Shooting/BerettaM9_Shooting.png
17:33:24.288 [JavaFX Application Thread] DEBUG FXGLAssetLoaderServi - Loading from file system: file:/C:/Users/acer/OneDrive/Desktop/git%20pull/CSS124L-FINAL-PROJECT/fp/target/classes/assets/textures/Players/1P_Shoot.png
17:33:24.291 [JavaFX Application Thread] DEBUG FXGLAssetLoaderServi - Loading from file system: file:/C:/Users/acer/OneDrive/Desktop/git%20pull/CSS124L-FINAL-PROJECT/fp/target/classes/assets/textures/Interactables/vending_machine.png
17:33:24.294 [JavaFX Application Thread] DEBUG FXGLAssetLoaderServi - Loading from file system: file:/C:/Users/acer/OneDrive/Desktop/git%20pull/CSS124L-FINAL-PROJECT/fp/target/classes/assets/textures/Interactables/microwave_close.png
17:33:24.296 [JavaFX Application Thread] DEBUG PrimaryStageWindow   - Pop state: PlayerCountMenu
17:33:24.296 [JavaFX Application Thread] DEBUG Input                - Clearing active input actions
17:33:24.296 [JavaFX Application Thread] DEBUG GameApplicationServi - Removing overlay from PlayerCountMenu and adding to GameScene
17:33:24.297 [JavaFX Application Thread] DEBUG PrimaryStageWindow   - GameScene <- PlayerCountMenu
17:33:24.729 [JavaFX Application Thread] DEBUG FXGLAssetLoaderServi - Loading from file system: file:/C:/Users/acer/OneDrive/Desktop/git%20pull/CSS124L-FINAL-PROJECT/fp/target/classes/assets/textures/Zombies/Basic_Zombie_Walking.png
17:33:24.731 [JavaFX Application Thread] DEBUG FXGLAssetLoaderServi - Loading from file system: file:/C:/Users/acer/OneDrive/Desktop/git%20pull/CSS124L-FINAL-PROJECT/fp/target/classes/assets/textures/Zombies/Basic_Zombie_Attack.png
17:33:26.038 [FXGL Background Thread 3 ] DEBUG Engine               - Logging environment variables
17:33:26.038 [FXGL Background Thread 3 ] DEBUG Engine               - achievements: []
17:33:26.038 [FXGL Background Thread 3 ] DEBUG Engine               - actualHeight: 600.0
17:33:26.038 [FXGL Background Thread 3 ] DEBUG Engine               - actualHeightProperty: ReadOnlyDoubleProperty [value: 600.0]
17:33:26.038 [FXGL Background Thread 3 ] DEBUG Engine               - actualWidth: 800.0
17:33:26.038 [FXGL Background Thread 3 ] DEBUG Engine               - actualWidthProperty: ReadOnlyDoubleProperty [value: 800.0]
17:33:26.038 [FXGL Background Thread 3 ] DEBUG Engine               - appIcon: fxgl_icon.png
17:33:26.038 [FXGL Background Thread 3 ] DEBUG Engine               - applicationMode: DEVELOPER
17:33:26.039 [FXGL Background Thread 3 ] DEBUG Engine               - cSSList: [fxgl_dark.css]
17:33:26.039 [FXGL Background Thread 3 ] DEBUG Engine               - collisionDetectionStrategy: BRUTE_FORCE
17:33:26.039 [FXGL Background Thread 3 ] DEBUG Engine               - configClass: Optional.empty
17:33:26.039 [FXGL Background Thread 3 ] DEBUG Engine               - credits: []
17:33:26.039 [FXGL Background Thread 3 ] DEBUG Engine               - defaultCursor: CursorInfo(imageName=fxgl_default_cursor.png, hotspotX=7.0, hotspotY=6.0)
17:33:26.039 [FXGL Background Thread 3 ] DEBUG Engine               - devBBoxColorProperty: ObjectProperty [value: 0xff0000ff]
17:33:26.039 [FXGL Background Thread 3 ] DEBUG Engine               - devEnableDebugCameraProperty: BooleanProperty [value: false]
17:33:26.039 [FXGL Background Thread 3 ] DEBUG Engine               - devSensorColorProperty: ObjectProperty [value: 0xffff00ff]
17:33:26.039 [FXGL Background Thread 3 ] DEBUG Engine               - devShowBBoxProperty: BooleanProperty [value: false]
17:33:26.039 [FXGL Background Thread 3 ] DEBUG Engine               - devShowPositionProperty: BooleanProperty [value: false]
17:33:26.039 [FXGL Background Thread 3 ] DEBUG Engine               - enabledMenuItems: []
17:33:26.040 [FXGL Background Thread 3 ] DEBUG Engine               - engineServices: [class com.almasb.fxgl.app.services.FXGLAssetLoaderService, class com.almasb.fxgl.app.FXGLApplication$GameApplicationService, class com.almasb.fxgl.app.services.FXGLDialogService, class com.almasb.fxgl.app.services.IOTaskExecutorService, class com.almasb.fxgl.io.FileSystemService, class com.almasb.fxgl.localization.LocalizationService, class com.almasb.fxgl.app.services.SystemBundleService, class com.almasb.fxgl.profile.SaveLoadService, class com.almasb.fxgl.ui.FXGLUIFactoryServiceProvider, class com.almasb.fxgl.ui.FXGLDialogFactoryServiceProvider, class com.almasb.fxgl.audio.AudioPlayer, class com.almasb.fxgl.notification.impl.NotificationServiceProvider, class com.almasb.fxgl.achievement.AchievementService, class com.almasb.fxgl.cutscene.CutsceneService, class com.almasb.fxgl.minigames.MiniGameService, class com.almasb.fxgl.net.NetService, class com.almasb.fxgl.app.services.UpdaterService, class com.almasb.fxgl.dev.DevService, class com.almasb.fxgl.multiplayer.MultiplayerService]
17:33:26.040 [FXGL Background Thread 3 ] DEBUG Engine               - fontGame: Abel-Regular.ttf
17:33:26.041 [FXGL Background Thread 3 ] DEBUG Engine               - fontMono: lucida_console.ttf
17:33:26.041 [FXGL Background Thread 3 ] DEBUG Engine               - fontText: Courier-Prime.ttf
17:33:26.041 [FXGL Background Thread 3 ] DEBUG Engine               - fontUI: VarelaRound-Regular.ttf
17:33:26.041 [FXGL Background Thread 3 ] DEBUG Engine               - fullScreen: BooleanProperty [value: false]
17:33:26.041 [FXGL Background Thread 3 ] DEBUG Engine               - gameDifficulty: MEDIUM
17:33:26.041 [FXGL Background Thread 3 ] DEBUG Engine               - gameDifficultyProperty: ObjectProperty [value: MEDIUM]
17:33:26.041 [FXGL Background Thread 3 ] DEBUG Engine               - globalMusicVolume: 0.5
17:33:26.041 [FXGL Background Thread 3 ] DEBUG Engine               - globalMusicVolumeProperty: DoubleProperty [value: 0.5]
17:33:26.041 [FXGL Background Thread 3 ] DEBUG Engine               - globalSoundVolume: 0.5
17:33:26.041 [FXGL Background Thread 3 ] DEBUG Engine               - globalSoundVolumeProperty: DoubleProperty [value: 0.5]
17:33:26.041 [FXGL Background Thread 3 ] DEBUG Engine               - height: 600
17:33:26.041 [FXGL Background Thread 3 ] DEBUG Engine               - is3D: false
17:33:26.041 [FXGL Background Thread 3 ] DEBUG Engine               - isAndroid: false
17:33:26.041 [FXGL Background Thread 3 ] DEBUG Engine               - isBrowser: false
17:33:26.041 [FXGL Background Thread 3 ] DEBUG Engine               - isClickFeedbackEnabled: false
17:33:26.041 [FXGL Background Thread 3 ] DEBUG Engine               - isCloseConfirmation: false
17:33:26.041 [FXGL Background Thread 3 ] DEBUG Engine               - isDesktop: true
17:33:26.041 [FXGL Background Thread 3 ] DEBUG Engine               - isDeveloperMenuEnabled: true
17:33:26.041 [FXGL Background Thread 3 ] DEBUG Engine               - isEmbedded: false
17:33:26.041 [FXGL Background Thread 3 ] DEBUG Engine               - isEntityPreloadEnabled: true
17:33:26.041 [FXGL Background Thread 3 ] DEBUG Engine               - isExperimentalTiledLargeMap: false
17:33:26.041 [FXGL Background Thread 3 ] DEBUG Engine               - isFileSystemWriteAllowed: true
17:33:26.041 [FXGL Background Thread 3 ] DEBUG Engine               - isFullScreenAllowed: false
17:33:26.041 [FXGL Background Thread 3 ] DEBUG Engine               - isFullScreenFromStart: false
17:33:26.041 [FXGL Background Thread 3 ] DEBUG Engine               - isGameMenuEnabled: true
17:33:26.041 [FXGL Background Thread 3 ] DEBUG Engine               - isIOS: false
17:33:26.041 [FXGL Background Thread 3 ] DEBUG Engine               - isIntroEnabled: false
17:33:26.041 [FXGL Background Thread 3 ] DEBUG Engine               - isLinux: false
17:33:26.041 [FXGL Background Thread 3 ] DEBUG Engine               - isMac: false
17:33:26.041 [FXGL Background Thread 3 ] DEBUG Engine               - isMainMenuEnabled: true
17:33:26.042 [FXGL Background Thread 3 ] DEBUG Engine               - isManualResizeEnabled: false
17:33:26.042 [FXGL Background Thread 3 ] DEBUG Engine               - isMobile: false
17:33:26.042 [FXGL Background Thread 3 ] DEBUG Engine               - isNative: false
17:33:26.042 [FXGL Background Thread 3 ] DEBUG Engine               - isPauseMusicWhenMinimized: true
17:33:26.042 [FXGL Background Thread 3 ] DEBUG Engine               - isPreserveResizeRatio: false
17:33:26.042 [FXGL Background Thread 3 ] DEBUG Engine               - isProfilingEnabled: false
17:33:26.042 [FXGL Background Thread 3 ] DEBUG Engine               - isScaleAffectedOnResize: true
17:33:26.042 [FXGL Background Thread 3 ] DEBUG Engine               - isSingleStep: false
17:33:26.042 [FXGL Background Thread 3 ] DEBUG Engine               - isUserProfileEnabled: false
17:33:26.042 [FXGL Background Thread 3 ] DEBUG Engine               - isWindows: true
17:33:26.042 [FXGL Background Thread 3 ] DEBUG Engine               - language: ObjectProperty [value: ENGLISH]
17:33:26.042 [FXGL Background Thread 3 ] DEBUG Engine               - menuKey: ESCAPE
17:33:26.042 [FXGL Background Thread 3 ] DEBUG Engine               - mouseSensitivity: 0.2
17:33:26.042 [FXGL Background Thread 3 ] DEBUG Engine               - notificationViewClass: class com.almasb.fxgl.notification.view.XboxNotificationView
17:33:26.042 [FXGL Background Thread 3 ] DEBUG Engine               - pixelsPerMeter: 50.0
17:33:26.042 [FXGL Background Thread 3 ] DEBUG Engine               - platform: WINDOWS
17:33:26.042 [FXGL Background Thread 3 ] DEBUG Engine               - prefHeightProperty: ReadOnlyDoubleProperty [value: 600.0]
17:33:26.042 [FXGL Background Thread 3 ] DEBUG Engine               - prefWidthProperty: ReadOnlyDoubleProperty [value: 800.0]
17:33:26.042 [FXGL Background Thread 3 ] DEBUG Engine               - profileDir: profiles/
17:33:26.042 [FXGL Background Thread 3 ] DEBUG Engine               - profileName: StringProperty [value: DEFAULT]
17:33:26.042 [FXGL Background Thread 3 ] DEBUG Engine               - randomSeed: -1
17:33:26.042 [FXGL Background Thread 3 ] DEBUG Engine               - runtimeInfo: RuntimeInfo(platform=WINDOWS, version=dev-SNAPSHOT, build=28.07.2021 16.39)
17:33:26.042 [FXGL Background Thread 3 ] DEBUG Engine               - saveFileExt: sav
17:33:26.042 [FXGL Background Thread 3 ] DEBUG Engine               - scaledHeightProp$fxgl: DoubleProperty [bound, value: 600.0]
17:33:26.042 [FXGL Background Thread 3 ] DEBUG Engine               - scaledWidthProp$fxgl: DoubleProperty [bound, value: 800.0]
17:33:26.042 [FXGL Background Thread 3 ] DEBUG Engine               - sceneFactory: com.groupfour.mygame.App$1@7045e420
17:33:26.042 [FXGL Background Thread 3 ] DEBUG Engine               - secondsIn24h: 60
17:33:26.042 [FXGL Background Thread 3 ] DEBUG Engine               - soundMenuBack: menu/back.wav
17:33:26.042 [FXGL Background Thread 3 ] DEBUG Engine               - soundMenuPress: menu/press.wav
17:33:26.042 [FXGL Background Thread 3 ] DEBUG Engine               - soundMenuSelect: menu/select.wav
17:33:26.042 [FXGL Background Thread 3 ] DEBUG Engine               - soundNotification: core/notification.wav
17:33:26.043 [FXGL Background Thread 3 ] DEBUG Engine               - stageStyle: DECORATED
17:33:26.043 [FXGL Background Thread 3 ] DEBUG Engine               - supportedLanguages: [ENGLISH, FRENCH, GERMAN, HUNGARIAN, RUSSIAN]
17:33:26.043 [FXGL Background Thread 3 ] DEBUG Engine               - ticksPerSecond: -1
17:33:26.043 [FXGL Background Thread 3 ] DEBUG Engine               - title: Flatline: Oregon
17:33:26.043 [FXGL Background Thread 3 ] DEBUG Engine               - urlGithub: https://github.com/AlmasB/FXGL
17:33:26.043 [FXGL Background Thread 3 ] DEBUG Engine               - urlLeaderboard: http://fxgl-top.herokuapp.com/
17:33:26.043 [FXGL Background Thread 3 ] DEBUG Engine               - urlPOM: https://raw.githubusercontent.com/AlmasB/FXGL/release/README.md
17:33:26.043 [FXGL Background Thread 3 ] DEBUG Engine               - userAppClass: class com.groupfour.mygame.App
17:33:26.043 [FXGL Background Thread 3 ] DEBUG Engine               - version: Alpha 0.3
17:33:26.043 [FXGL Background Thread 3 ] DEBUG Engine               - versionCheckDays: 7
17:33:26.043 [FXGL Background Thread 3 ] DEBUG Engine               - width: 800
17:33:26.043 [FXGL Background Thread 3 ] DEBUG Engine               - Logging services
17:33:26.043 [FXGL Background Thread 3 ] DEBUG Engine               - class com.almasb.fxgl.app.services.FXGLAssetLoaderService
17:33:26.043 [FXGL Background Thread 3 ] DEBUG Engine               - class com.almasb.fxgl.app.FXGLApplication$GameApplicationService
17:33:26.043 [FXGL Background Thread 3 ] DEBUG Engine               - class com.almasb.fxgl.app.services.FXGLDialogService
17:33:26.043 [FXGL Background Thread 3 ] DEBUG Engine               - class com.almasb.fxgl.app.services.IOTaskExecutorService
17:33:26.043 [FXGL Background Thread 3 ] DEBUG Engine               - class com.almasb.fxgl.io.FileSystemService
17:33:26.043 [FXGL Background Thread 3 ] DEBUG Engine               - class com.almasb.fxgl.localization.LocalizationService
17:33:26.043 [FXGL Background Thread 3 ] DEBUG Engine               - class com.almasb.fxgl.app.services.SystemBundleService
17:33:26.043 [FXGL Background Thread 3 ] DEBUG Engine               - class com.almasb.fxgl.profile.SaveLoadService
17:33:26.043 [FXGL Background Thread 3 ] DEBUG Engine               - class com.almasb.fxgl.ui.FXGLUIFactoryServiceProvider
17:33:26.043 [FXGL Background Thread 3 ] DEBUG Engine               - class com.almasb.fxgl.ui.FXGLDialogFactoryServiceProvider
17:33:26.043 [FXGL Background Thread 3 ] DEBUG Engine               - class com.almasb.fxgl.audio.AudioPlayer
17:33:26.043 [FXGL Background Thread 3 ] DEBUG Engine               - class com.almasb.fxgl.notification.impl.NotificationServiceProvider
17:33:26.043 [FXGL Background Thread 3 ] DEBUG Engine               - class com.almasb.fxgl.achievement.AchievementService
17:33:26.043 [FXGL Background Thread 3 ] DEBUG Engine               - class com.almasb.fxgl.cutscene.CutsceneService
17:33:26.044 [FXGL Background Thread 3 ] DEBUG Engine               - class com.almasb.fxgl.minigames.MiniGameService
17:33:26.044 [FXGL Background Thread 3 ] DEBUG Engine               - class com.almasb.fxgl.net.NetService
17:33:26.044 [FXGL Background Thread 3 ] DEBUG Engine               - class com.almasb.fxgl.app.services.UpdaterService
17:33:26.044 [FXGL Background Thread 3 ] DEBUG Engine               - class com.almasb.fxgl.dev.DevService
17:33:26.044 [FXGL Background Thread 3 ] DEBUG Engine               - class com.almasb.fxgl.multiplayer.MultiplayerService
17:33:28.573 [JavaFX Application Thread] DEBUG FXGLApplication      - Exiting FXGL
17:33:28.574 [JavaFX Application Thread] DEBUG LoopRunner           - Stopping loop
17:33:28.574 [JavaFX Application Thread] DEBUG SystemBundleService  - Saving FXGL system data
17:33:28.575 [JavaFX Application Thread] DEBUG FileSystemAccess     - Writing to: C:\Users\acer\OneDrive\Desktop\git pull\CSS124L-FINAL-PROJECT\system\fxgl.bundle
17:33:28.576 [JavaFX Application Thread] DEBUG Async                - Shutting down background threads
17:33:28.577 [JavaFX Application Thread] DEBUG PrimaryStageWindow   - Closing main window
17:33:28.587 [JavaFX Application Thread] DEBUG Logger               - Closing Logger
