01:58:10.593 [main                     ] DEBUG Logger               - Configured Logger
01:58:10.599 [main                     ] DEBUG GameApplication      - Logging settings
Title: Flatline: Oregon
Version: Alpha 0.3
Width: 800
Height: 600
Fullscreen: false
Intro: false
Profiling: false
Single step:false
App Mode: DEVELOPER
Menu Key: ESCAPE
Stage Style: DECORATED
Scene Factory: class com.groupfour.mygame.App$1

01:58:11.037 [JavaFX Application Thread] DEBUG FXGLApplication      - Initializing FXGL
01:58:11.039 [JavaFX Application Thread] INFO  Engine               - FXGL-dev-SNAPSHOT (28.07.2021 16.39) on WINDOWS (J:21.0.4 FX:16)
01:58:11.039 [JavaFX Application Thread] DEBUG Engine               - JRE Vendor Name: Eclipse Adoptium
01:58:11.040 [JavaFX Application Thread] DEBUG Engine               - Running on OS: Windows 11 version 10.0
01:58:11.040 [JavaFX Application Thread] DEBUG Engine               - Architecture: amd64
01:58:11.040 [JavaFX Application Thread] INFO  Engine               - Source code and latest versions at: https://github.com/AlmasB/FXGL
01:58:11.040 [JavaFX Application Thread] INFO  Engine               -              Join the FXGL chat at: https://gitter.im/AlmasB/FXGL
01:58:11.167 [JavaFX Application Thread] DEBUG PrimaryStageWindow   - Creating a JavaFX scene
01:58:11.226 [JavaFX Application Thread] DEBUG PrimaryStageWindow   - Target settings size: 800.0 x 600.0
01:58:11.226 [JavaFX Application Thread] DEBUG PrimaryStageWindow   - Scaled scene size:    800.0 x 600.0
01:58:11.226 [JavaFX Application Thread] DEBUG PrimaryStageWindow   - Scaled ratio: (1.0, 1.0)
01:58:11.227 [JavaFX Application Thread] DEBUG PrimaryStageWindow   - Set initial scene to FXGLStartupScene
01:58:11.235 [JavaFX Application Thread] DEBUG PrimaryStageWindow   - Opening main window
01:58:11.327 [JavaFX Application Thread] DEBUG PrimaryStageWindow   - Window border size: (16.0, 39.0)
01:58:11.327 [JavaFX Application Thread] DEBUG PrimaryStageWindow   - Scaled size: 800.0 x 600.0
01:58:11.328 [JavaFX Application Thread] DEBUG PrimaryStageWindow   - Scaled ratio: (1.0, 1.0)
01:58:11.328 [JavaFX Application Thread] DEBUG PrimaryStageWindow   - Scene size: 800.0 x 600.0
01:58:11.328 [JavaFX Application Thread] DEBUG PrimaryStageWindow   - Stage size: 816.0 x 639.0
01:58:11.341 [FXGL Background Thread 1 ] DEBUG Engine               - Initializing environment variables
01:58:11.452 [FXGL Background Thread 1 ] DEBUG FXGLAssetLoaderServi - User app class for loading assets: class com.groupfour.mygame.App
01:58:11.453 [FXGL Background Thread 1 ] DEBUG GameApplicationServi - Applying CSS: fxgl_dark.css
01:58:11.454 [FXGL Background Thread 1 ] DEBUG FXGLAssetLoaderServi - Loading from file system: jar:file:///C:/Users/Cent/.m2/repository/com/github/almasb/fxgl/dev-SNAPSHOT/fxgl-dev-SNAPSHOT.jar!/fxglassets/ui/css/fxgl_dark.css
01:58:11.519 [FXGL Background Thread 1 ] DEBUG GameApplicationServi - Initializing application scenes
01:58:11.583 [FXGL Background Thread 1 ] DEBUG GameWorld            - Game world initialized
01:58:11.692 [FXGL Background Thread 1 ] DEBUG PhysicsWorld         - Physics world initialized: appHeight=600, physics.ppm=50.0
01:58:11.693 [FXGL Background Thread 1 ] DEBUG PhysicsWorld         - Using strategy: BRUTE_FORCE
01:58:11.698 [FXGL Background Thread 1 ] DEBUG GameScene            - Game scene initialized: 800x600
01:58:11.715 [FXGL Background Thread 1 ] DEBUG FXGL.DefaultMenu     - createMenuBodyMainMenu()
01:58:11.738 [FXGL Background Thread 1 ] DEBUG FXGL.DefaultMenu     - createOptionsMenu()
01:58:11.750 [FXGL Background Thread 1 ] DEBUG FXGLAssetLoaderServi - Loading from file system: jar:file:///C:/Users/Cent/.m2/repository/com/github/almasb/fxgl/dev-SNAPSHOT/fxgl-dev-SNAPSHOT.jar!/fxglassets/textures/particles/smoke.png
01:58:11.892 [FXGL Background Thread 1 ] DEBUG FXGLAssetLoaderServi - Loading from file system: jar:file:///C:/Users/Cent/.m2/repository/com/github/almasb/fxgl/dev-SNAPSHOT/fxgl-dev-SNAPSHOT.jar!/fxglassets/textures/particles/trace_horizontal.png
01:58:11.951 [FXGL Background Thread 1 ] DEBUG GameApplicationServi - Application scenes initialized
01:58:11.966 [FXGL Background Thread 1 ] DEBUG SystemBundleService  - Loading FXGL system data
01:58:11.972 [FXGL Background Thread 1 ] DEBUG FileSystemAccess     - Reading from: c:\Users\Cent\Desktop\CSS124L-LE\CSS124L-FinalExam\CSS124L-FINAL-PROJECT\system\fxgl.bundle
01:58:11.984 [FXGL Background Thread 1 ] DEBUG SystemBundleService  - Bundle FXGL: {}
01:58:11.984 [FXGL Background Thread 1 ] DEBUG UpdaterService       - Checking for updates
01:58:11.988 [FXGL Background Thread 4 ] DEBUG FXGLApplication      - Loading fonts
01:58:11.989 [FXGL Background Thread 1 ] DEBUG FXGLApplication      - Loading default localization
01:58:11.989 [FXGL Background Thread 4 ] DEBUG FXGLAssetLoaderServi - Loading from file system: jar:file:///C:/Users/Cent/.m2/repository/com/github/almasb/fxgl/dev-SNAPSHOT/fxgl-dev-SNAPSHOT.jar!/fxglassets/ui/fonts/VarelaRound-Regular.ttf
01:58:11.989 [FXGL Background Thread 1 ] DEBUG FXGLAssetLoaderServi - Loading from file system: jar:file:///C:/Users/Cent/.m2/repository/com/github/almasb/fxgl/dev-SNAPSHOT/fxgl-dev-SNAPSHOT.jar!/fxglassets/languages/english.lang
01:58:12.009 [FXGL Background Thread 1 ] INFO  FXGLApplication      - FXGL initialization took: 0.667 sec
01:58:12.011 [JavaFX Application Thread] DEBUG FXGLAssetLoaderServi - Loading from file system: jar:file:///C:/Users/Cent/.m2/repository/com/github/almasb/fxgl/dev-SNAPSHOT/fxgl-dev-SNAPSHOT.jar!/fxglassets/textures/fxgl_icon.png
01:58:12.044 [FXGL Background Thread 4 ] DEBUG FXGLAssetLoaderServi - Loading from file system: jar:file:///C:/Users/Cent/.m2/repository/com/github/almasb/fxgl/dev-SNAPSHOT/fxgl-dev-SNAPSHOT.jar!/fxglassets/ui/fonts/Abel-Regular.ttf
01:58:12.044 [JavaFX Application Thread] DEBUG FXGLAssetLoaderServi - Loading from file system: jar:file:///C:/Users/Cent/.m2/repository/com/github/almasb/fxgl/dev-SNAPSHOT/fxgl-dev-SNAPSHOT.jar!/fxglassets/textures/fxgl_default_cursor.png
01:58:12.052 [FXGL Background Thread 4 ] DEBUG FXGLAssetLoaderServi - Loading from file system: jar:file:///C:/Users/Cent/.m2/repository/com/github/almasb/fxgl/dev-SNAPSHOT/fxgl-dev-SNAPSHOT.jar!/fxglassets/ui/fonts/lucida_console.ttf
01:58:12.059 [FXGL Background Thread 4 ] DEBUG FXGLAssetLoaderServi - Loading from file system: jar:file:///C:/Users/Cent/.m2/repository/com/github/almasb/fxgl/dev-SNAPSHOT/fxgl-dev-SNAPSHOT.jar!/fxglassets/ui/fonts/Courier-Prime.ttf
01:58:12.063 [JavaFX Application Thread] DEBUG Input                - Registered new binding: Screenshot - CTRL+8
01:58:12.064 [JavaFX Application Thread] DEBUG Input                - Registered new binding: System info dump - CTRL+9
01:58:12.064 [JavaFX Application Thread] DEBUG Input                - Registered new binding: Restart - CTRL+R
01:58:12.065 [JavaFX Application Thread] DEBUG Input                - Registered new binding: Toggle Debug Camera - CTRL+C
01:58:12.069 [JavaFX Application Thread] DEBUG LoopRunner           - Starting loop
01:58:12.069 [JavaFX Application Thread] DEBUG LoopRunner           - Initializing JavaFX AnimationTimerLoop
01:58:12.073 [JavaFX Application Thread] DEBUG Input                - Clearing active input actions
01:58:12.085 [JavaFX Application Thread] DEBUG GameApplicationServi - Removing overlay from FXGLStartupScene and adding to FXGLMainMenuDummyScene
01:58:12.086 [JavaFX Application Thread] DEBUG PrimaryStageWindow   - FXGLStartupScene -> FXGLMainMenuDummyScene
01:58:12.086 [JavaFX Application Thread] DEBUG PrimaryStageWindow   - Push state: FXGLDefaultMenu
01:58:12.109 [JavaFX Application Thread] DEBUG Input                - Clearing active input actions
01:58:12.129 [JavaFX Application Thread] DEBUG GameApplicationServi - Removing overlay from FXGLMainMenuDummyScene and adding to FXGLDefaultMenu
01:58:12.130 [JavaFX Application Thread] DEBUG PrimaryStageWindow   - FXGLMainMenuDummyScene -> FXGLDefaultMenu
01:58:12.130 [JavaFX Application Thread] DEBUG FXGLApplication      - Registering font factories with UI factory
01:58:12.818 [FXGL Background Thread 2 ] INFO  UpdaterService       - Your current version:  dev-SNAPSHOT
01:58:12.820 [FXGL Background Thread 2 ] INFO  UpdaterService       - Latest stable version: 21.1
01:58:14.988 [FXGL Background Thread 3 ] DEBUG Engine               - Logging environment variables
01:58:14.988 [FXGL Background Thread 3 ] DEBUG Engine               - achievements: []
01:58:14.988 [FXGL Background Thread 3 ] DEBUG Engine               - actualHeight: 600.0
01:58:14.989 [FXGL Background Thread 3 ] DEBUG Engine               - actualHeightProperty: ReadOnlyDoubleProperty [value: 600.0]
01:58:14.989 [FXGL Background Thread 3 ] DEBUG Engine               - actualWidth: 800.0
01:58:14.989 [FXGL Background Thread 3 ] DEBUG Engine               - actualWidthProperty: ReadOnlyDoubleProperty [value: 800.0]
01:58:14.989 [FXGL Background Thread 3 ] DEBUG Engine               - appIcon: fxgl_icon.png
01:58:14.989 [FXGL Background Thread 3 ] DEBUG Engine               - applicationMode: DEVELOPER
01:58:14.989 [FXGL Background Thread 3 ] DEBUG Engine               - cSSList: [fxgl_dark.css]
01:58:14.989 [FXGL Background Thread 3 ] DEBUG Engine               - collisionDetectionStrategy: BRUTE_FORCE
01:58:14.989 [FXGL Background Thread 3 ] DEBUG Engine               - configClass: Optional.empty
01:58:14.989 [FXGL Background Thread 3 ] DEBUG Engine               - credits: []
01:58:14.989 [FXGL Background Thread 3 ] DEBUG Engine               - defaultCursor: CursorInfo(imageName=fxgl_default_cursor.png, hotspotX=7.0, hotspotY=6.0)
01:58:14.989 [FXGL Background Thread 3 ] DEBUG Engine               - devBBoxColorProperty: ObjectProperty [value: 0xff0000ff]
01:58:14.989 [FXGL Background Thread 3 ] DEBUG Engine               - devEnableDebugCameraProperty: BooleanProperty [value: false]
01:58:14.989 [FXGL Background Thread 3 ] DEBUG Engine               - devSensorColorProperty: ObjectProperty [value: 0xffff00ff]
01:58:14.989 [FXGL Background Thread 3 ] DEBUG Engine               - devShowBBoxProperty: BooleanProperty [value: false]
01:58:14.989 [FXGL Background Thread 3 ] DEBUG Engine               - devShowPositionProperty: BooleanProperty [value: false]
01:58:14.990 [FXGL Background Thread 3 ] DEBUG Engine               - enabledMenuItems: []
01:58:14.990 [FXGL Background Thread 3 ] DEBUG Engine               - engineServices: [class com.almasb.fxgl.app.services.FXGLAssetLoaderService, class com.almasb.fxgl.app.FXGLApplication$GameApplicationService, class com.almasb.fxgl.app.services.FXGLDialogService, class com.almasb.fxgl.app.services.IOTaskExecutorService, class com.almasb.fxgl.io.FileSystemService, class com.almasb.fxgl.localization.LocalizationService, class com.almasb.fxgl.app.services.SystemBundleService, class com.almasb.fxgl.profile.SaveLoadService, class com.almasb.fxgl.ui.FXGLUIFactoryServiceProvider, class com.almasb.fxgl.ui.FXGLDialogFactoryServiceProvider, class com.almasb.fxgl.audio.AudioPlayer, class com.almasb.fxgl.notification.impl.NotificationServiceProvider, class com.almasb.fxgl.achievement.AchievementService, class com.almasb.fxgl.cutscene.CutsceneService, class com.almasb.fxgl.minigames.MiniGameService, class com.almasb.fxgl.net.NetService, class com.almasb.fxgl.app.services.UpdaterService, class com.almasb.fxgl.dev.DevService, class com.almasb.fxgl.multiplayer.MultiplayerService]
01:58:14.990 [FXGL Background Thread 3 ] DEBUG Engine               - fontGame: Abel-Regular.ttf
01:58:14.990 [FXGL Background Thread 3 ] DEBUG Engine               - fontMono: lucida_console.ttf
01:58:14.990 [FXGL Background Thread 3 ] DEBUG Engine               - fontText: Courier-Prime.ttf
01:58:14.990 [FXGL Background Thread 3 ] DEBUG Engine               - fontUI: VarelaRound-Regular.ttf
01:58:14.990 [FXGL Background Thread 3 ] DEBUG Engine               - fullScreen: BooleanProperty [value: false]
01:58:14.990 [FXGL Background Thread 3 ] DEBUG Engine               - gameDifficulty: MEDIUM
01:58:14.990 [FXGL Background Thread 3 ] DEBUG Engine               - gameDifficultyProperty: ObjectProperty [value: MEDIUM]
01:58:14.990 [FXGL Background Thread 3 ] DEBUG Engine               - globalMusicVolume: 0.5
01:58:14.990 [FXGL Background Thread 3 ] DEBUG Engine               - globalMusicVolumeProperty: DoubleProperty [value: 0.5]
01:58:14.990 [FXGL Background Thread 3 ] DEBUG Engine               - globalSoundVolume: 0.5
01:58:14.990 [FXGL Background Thread 3 ] DEBUG Engine               - globalSoundVolumeProperty: DoubleProperty [value: 0.5]
01:58:14.990 [FXGL Background Thread 3 ] DEBUG Engine               - height: 600
01:58:14.990 [FXGL Background Thread 3 ] DEBUG Engine               - is3D: false
01:58:14.990 [FXGL Background Thread 3 ] DEBUG Engine               - isAndroid: false
01:58:14.991 [FXGL Background Thread 3 ] DEBUG Engine               - isBrowser: false
01:58:14.991 [FXGL Background Thread 3 ] DEBUG Engine               - isClickFeedbackEnabled: false
01:58:14.991 [FXGL Background Thread 3 ] DEBUG Engine               - isCloseConfirmation: false
01:58:14.991 [FXGL Background Thread 3 ] DEBUG Engine               - isDesktop: true
01:58:14.991 [FXGL Background Thread 3 ] DEBUG Engine               - isDeveloperMenuEnabled: false
01:58:14.991 [FXGL Background Thread 3 ] DEBUG Engine               - isEmbedded: false
01:58:14.991 [FXGL Background Thread 3 ] DEBUG Engine               - isEntityPreloadEnabled: true
01:58:14.991 [FXGL Background Thread 3 ] DEBUG Engine               - isExperimentalTiledLargeMap: false
01:58:14.991 [FXGL Background Thread 3 ] DEBUG Engine               - isFileSystemWriteAllowed: true
01:58:14.991 [FXGL Background Thread 3 ] DEBUG Engine               - isFullScreenAllowed: false
01:58:14.991 [FXGL Background Thread 3 ] DEBUG Engine               - isFullScreenFromStart: false
01:58:14.991 [FXGL Background Thread 3 ] DEBUG Engine               - isGameMenuEnabled: true
01:58:14.991 [FXGL Background Thread 3 ] DEBUG Engine               - isIOS: false
01:58:14.991 [FXGL Background Thread 3 ] DEBUG Engine               - isIntroEnabled: false
01:58:14.991 [FXGL Background Thread 3 ] DEBUG Engine               - isLinux: false
01:58:14.991 [FXGL Background Thread 3 ] DEBUG Engine               - isMac: false
01:58:14.991 [FXGL Background Thread 3 ] DEBUG Engine               - isMainMenuEnabled: true
01:58:14.991 [FXGL Background Thread 3 ] DEBUG Engine               - isManualResizeEnabled: false
01:58:14.991 [FXGL Background Thread 3 ] DEBUG Engine               - isMobile: false
01:58:14.991 [FXGL Background Thread 3 ] DEBUG Engine               - isNative: false
01:58:14.991 [FXGL Background Thread 3 ] DEBUG Engine               - isPauseMusicWhenMinimized: true
01:58:14.991 [FXGL Background Thread 3 ] DEBUG Engine               - isPreserveResizeRatio: false
01:58:14.991 [FXGL Background Thread 3 ] DEBUG Engine               - isProfilingEnabled: false
01:58:14.991 [FXGL Background Thread 3 ] DEBUG Engine               - isScaleAffectedOnResize: true
01:58:14.992 [FXGL Background Thread 3 ] DEBUG Engine               - isSingleStep: false
01:58:14.992 [FXGL Background Thread 3 ] DEBUG Engine               - isUserProfileEnabled: false
01:58:14.992 [FXGL Background Thread 3 ] DEBUG Engine               - isWindows: true
01:58:14.992 [FXGL Background Thread 3 ] DEBUG Engine               - language: ObjectProperty [value: ENGLISH]
01:58:14.992 [FXGL Background Thread 3 ] DEBUG Engine               - menuKey: ESCAPE
01:58:14.992 [FXGL Background Thread 3 ] DEBUG Engine               - mouseSensitivity: 0.2
01:58:14.992 [FXGL Background Thread 3 ] DEBUG Engine               - notificationViewClass: class com.almasb.fxgl.notification.view.XboxNotificationView
01:58:14.992 [FXGL Background Thread 3 ] DEBUG Engine               - pixelsPerMeter: 50.0
01:58:14.992 [FXGL Background Thread 3 ] DEBUG Engine               - platform: WINDOWS
01:58:14.992 [FXGL Background Thread 3 ] DEBUG Engine               - prefHeightProperty: ReadOnlyDoubleProperty [value: 600.0]
01:58:14.992 [FXGL Background Thread 3 ] DEBUG Engine               - prefWidthProperty: ReadOnlyDoubleProperty [value: 800.0]
01:58:14.992 [FXGL Background Thread 3 ] DEBUG Engine               - profileDir: profiles/
01:58:14.992 [FXGL Background Thread 3 ] DEBUG Engine               - profileName: StringProperty [value: DEFAULT]
01:58:14.992 [FXGL Background Thread 3 ] DEBUG Engine               - randomSeed: -1
01:58:14.992 [FXGL Background Thread 3 ] DEBUG Engine               - runtimeInfo: RuntimeInfo(platform=WINDOWS, version=dev-SNAPSHOT, build=28.07.2021 16.39)
01:58:14.993 [FXGL Background Thread 3 ] DEBUG Engine               - saveFileExt: sav
01:58:14.993 [FXGL Background Thread 3 ] DEBUG Engine               - scaledHeightProp$fxgl: DoubleProperty [bound, value: 600.0]
01:58:14.993 [FXGL Background Thread 3 ] DEBUG Engine               - scaledWidthProp$fxgl: DoubleProperty [bound, value: 800.0]
01:58:14.993 [FXGL Background Thread 3 ] DEBUG Engine               - sceneFactory: com.groupfour.mygame.App$1@18c02614
01:58:14.993 [FXGL Background Thread 3 ] DEBUG Engine               - secondsIn24h: 60
01:58:14.993 [FXGL Background Thread 3 ] DEBUG Engine               - soundMenuBack: menu/back.wav
01:58:14.993 [FXGL Background Thread 3 ] DEBUG Engine               - soundMenuPress: menu/press.wav
01:58:14.993 [FXGL Background Thread 3 ] DEBUG Engine               - soundMenuSelect: menu/select.wav
01:58:14.993 [FXGL Background Thread 3 ] DEBUG Engine               - soundNotification: core/notification.wav
01:58:14.993 [FXGL Background Thread 3 ] DEBUG Engine               - stageStyle: DECORATED
01:58:14.993 [FXGL Background Thread 3 ] DEBUG Engine               - supportedLanguages: [ENGLISH, FRENCH, GERMAN, HUNGARIAN, RUSSIAN]
01:58:14.993 [FXGL Background Thread 3 ] DEBUG Engine               - ticksPerSecond: -1
01:58:14.993 [FXGL Background Thread 3 ] DEBUG Engine               - title: Flatline: Oregon
01:58:14.993 [FXGL Background Thread 3 ] DEBUG Engine               - urlGithub: https://github.com/AlmasB/FXGL
01:58:14.993 [FXGL Background Thread 3 ] DEBUG Engine               - urlLeaderboard: http://fxgl-top.herokuapp.com/
01:58:14.994 [FXGL Background Thread 3 ] DEBUG Engine               - urlPOM: https://raw.githubusercontent.com/AlmasB/FXGL/release/README.md
01:58:14.994 [FXGL Background Thread 3 ] DEBUG Engine               - userAppClass: class com.groupfour.mygame.App
01:58:14.994 [FXGL Background Thread 3 ] DEBUG Engine               - version: Alpha 0.3
01:58:14.994 [FXGL Background Thread 3 ] DEBUG Engine               - versionCheckDays: 7
01:58:14.994 [FXGL Background Thread 3 ] DEBUG Engine               - width: 800
01:58:14.994 [FXGL Background Thread 3 ] DEBUG Engine               - Logging services
01:58:14.994 [FXGL Background Thread 3 ] DEBUG Engine               - class com.almasb.fxgl.app.services.FXGLAssetLoaderService
01:58:14.994 [FXGL Background Thread 3 ] DEBUG Engine               - class com.almasb.fxgl.app.FXGLApplication$GameApplicationService
01:58:14.994 [FXGL Background Thread 3 ] DEBUG Engine               - class com.almasb.fxgl.app.services.FXGLDialogService
01:58:14.994 [FXGL Background Thread 3 ] DEBUG Engine               - class com.almasb.fxgl.app.services.IOTaskExecutorService
01:58:14.994 [FXGL Background Thread 3 ] DEBUG Engine               - class com.almasb.fxgl.io.FileSystemService
01:58:14.994 [FXGL Background Thread 3 ] DEBUG Engine               - class com.almasb.fxgl.localization.LocalizationService
01:58:14.994 [FXGL Background Thread 3 ] DEBUG Engine               - class com.almasb.fxgl.app.services.SystemBundleService
01:58:14.994 [FXGL Background Thread 3 ] DEBUG Engine               - class com.almasb.fxgl.profile.SaveLoadService
01:58:14.994 [FXGL Background Thread 3 ] DEBUG Engine               - class com.almasb.fxgl.ui.FXGLUIFactoryServiceProvider
01:58:14.994 [FXGL Background Thread 3 ] DEBUG Engine               - class com.almasb.fxgl.ui.FXGLDialogFactoryServiceProvider
01:58:14.994 [FXGL Background Thread 3 ] DEBUG Engine               - class com.almasb.fxgl.audio.AudioPlayer
01:58:14.994 [FXGL Background Thread 3 ] DEBUG Engine               - class com.almasb.fxgl.notification.impl.NotificationServiceProvider
01:58:14.994 [FXGL Background Thread 3 ] DEBUG Engine               - class com.almasb.fxgl.achievement.AchievementService
01:58:14.994 [FXGL Background Thread 3 ] DEBUG Engine               - class com.almasb.fxgl.cutscene.CutsceneService
01:58:14.995 [FXGL Background Thread 3 ] DEBUG Engine               - class com.almasb.fxgl.minigames.MiniGameService
01:58:14.995 [FXGL Background Thread 3 ] DEBUG Engine               - class com.almasb.fxgl.net.NetService
01:58:14.995 [FXGL Background Thread 3 ] DEBUG Engine               - class com.almasb.fxgl.app.services.UpdaterService
01:58:14.995 [FXGL Background Thread 3 ] DEBUG Engine               - class com.almasb.fxgl.dev.DevService
01:58:14.995 [FXGL Background Thread 3 ] DEBUG Engine               - class com.almasb.fxgl.multiplayer.MultiplayerService
01:58:21.200 [JavaFX Application Thread] DEBUG Menu                 - fireNewGame()
01:58:21.201 [JavaFX Application Thread] DEBUG GameApplicationServi - Starting new game
01:58:21.204 [JavaFX Application Thread] DEBUG PrimaryStageWindow   - Pop state: FXGLDefaultMenu
01:58:21.204 [JavaFX Application Thread] DEBUG Input                - Clearing active input actions
01:58:21.206 [JavaFX Application Thread] DEBUG GameApplicationServi - Removing overlay from FXGLDefaultMenu and adding to FXGLMainMenuDummyScene
01:58:21.206 [JavaFX Application Thread] DEBUG PrimaryStageWindow   - FXGLMainMenuDummyScene <- FXGLDefaultMenu
01:58:21.207 [JavaFX Application Thread] DEBUG Input                - Clearing active input actions
01:58:21.222 [JavaFX Application Thread] DEBUG GameApplicationServi - Removing overlay from FXGLMainMenuDummyScene and adding to FXGLLoadingScene
01:58:21.222 [JavaFX Application Thread] DEBUG PrimaryStageWindow   - FXGLMainMenuDummyScene -> FXGLLoadingScene
01:58:21.222 [JavaFX Application Thread] DEBUG GameApplicationServi - Clearing previous game
01:58:21.222 [JavaFX Application Thread] DEBUG GameScene            - Clearing game scene
01:58:21.222 [JavaFX Application Thread] DEBUG GameWorld            - Clearing game world
01:58:21.222 [JavaFX Application Thread] DEBUG PhysicsWorld         - Clearing physics world
01:58:21.227 [FXGL Background Thread 2 ] DEBUG FXGLApplication      - Initializing game
01:58:21.235 [FXGL Background Thread 2 ] INFO  FXGLApplication      - Game initialization took: 0.008 sec
01:58:21.257 [JavaFX Application Thread] DEBUG Input                - Clearing active input actions
01:58:21.269 [JavaFX Application Thread] DEBUG GameApplicationServi - Removing overlay from FXGLLoadingScene and adding to GameScene
01:58:21.270 [JavaFX Application Thread] DEBUG PrimaryStageWindow   - FXGLLoadingScene -> GameScene
01:58:21.298 [JavaFX Application Thread] DEBUG PrimaryStageWindow   - Push state: PlayerCountMenu
01:58:21.298 [JavaFX Application Thread] DEBUG Input                - Clearing active input actions
01:58:21.298 [JavaFX Application Thread] DEBUG GameApplicationServi - Removing overlay from GameScene and adding to PlayerCountMenu
01:58:21.298 [JavaFX Application Thread] DEBUG PrimaryStageWindow   - GameScene -> PlayerCountMenu
01:58:22.105 [JavaFX Application Thread] DEBUG PrimaryStageWindow   - Pop state: PlayerCountMenu
01:58:22.105 [JavaFX Application Thread] DEBUG Input                - Clearing active input actions
01:58:22.105 [JavaFX Application Thread] DEBUG GameApplicationServi - Removing overlay from PlayerCountMenu and adding to GameScene
01:58:22.105 [JavaFX Application Thread] DEBUG PrimaryStageWindow   - GameScene <- PlayerCountMenu
01:58:22.110 [JavaFX Application Thread] DEBUG FXGLAssetLoaderServi - Loading from file system: file:/C:/Users/Cent/Desktop/CSS124L-LE/CSS124L-FinalExam/CSS124L-FINAL-PROJECT/fp/target/classes/assets/textures/1P_Walk.gif
01:58:22.131 [JavaFX Application Thread] DEBUG Input                - Registered new binding: AUTO-0 - W
01:58:22.131 [JavaFX Application Thread] DEBUG Input                - Registered new binding: AUTO-1 - S
01:58:22.131 [JavaFX Application Thread] DEBUG Input                - Registered new binding: AUTO-2 - A
01:58:22.131 [JavaFX Application Thread] DEBUG Input                - Registered new binding: AUTO-3 - D
01:58:22.132 [JavaFX Application Thread] DEBUG Input                - Registered new binding: Start Shooting - LMB
01:58:22.132 [JavaFX Application Thread] DEBUG Input                - Registered new binding: Reload - R
01:58:48.931 [JavaFX Application Thread] DEBUG FXGLApplication      - Exiting FXGL
01:58:48.931 [JavaFX Application Thread] DEBUG LoopRunner           - Stopping loop
01:58:48.931 [JavaFX Application Thread] DEBUG SystemBundleService  - Saving FXGL system data
01:58:48.932 [JavaFX Application Thread] DEBUG FileSystemAccess     - Writing to: c:\Users\Cent\Desktop\CSS124L-LE\CSS124L-FinalExam\CSS124L-FINAL-PROJECT\system\fxgl.bundle
01:58:48.934 [JavaFX Application Thread] DEBUG Async                - Shutting down background threads
01:58:48.935 [JavaFX Application Thread] DEBUG PrimaryStageWindow   - Closing main window
01:58:48.960 [JavaFX Application Thread] DEBUG Logger               - Closing Logger
