17:34:40.497 [main                     ] DEBUG Logger               - Configured Logger
17:34:40.518 [main                     ] DEBUG GameApplication      - Logging settings
Title: Flatline: Oregon
Version: Alpha 0.3
Width: 800
Height: 600
Fullscreen: false
Intro: false
Profiling: false
Single step:false
App Mode: DEVELOPER
Menu Key: ESCAPE
Stage Style: DECORATED
Scene Factory: class com.groupfour.mygame.App$1

17:34:40.833 [JavaFX Application Thread] DEBUG FXGLApplication      - Initializing FXGL
17:34:40.835 [JavaFX Application Thread] INFO  Engine               - FXGL-dev-SNAPSHOT (28.07.2021 16.39) on WINDOWS (J:11.0.22 FX:16)
17:34:40.836 [JavaFX Application Thread] DEBUG Engine               - JRE Vendor Name: Oracle Corporation
17:34:40.836 [JavaFX Application Thread] DEBUG Engine               - Running on OS: Windows 11 version 10.0
17:34:40.836 [JavaFX Application Thread] DEBUG Engine               - Architecture: amd64
17:34:40.836 [JavaFX Application Thread] INFO  Engine               - Source code and latest versions at: https://github.com/AlmasB/FXGL
17:34:40.837 [JavaFX Application Thread] INFO  Engine               -              Join the FXGL chat at: https://gitter.im/AlmasB/FXGL
17:34:40.907 [JavaFX Application Thread] DEBUG PrimaryStageWindow   - Creating a JavaFX scene
17:34:40.947 [JavaFX Application Thread] DEBUG PrimaryStageWindow   - Target settings size: 800.0 x 600.0
17:34:40.947 [JavaFX Application Thread] DEBUG PrimaryStageWindow   - Scaled scene size:    800.0 x 600.0
17:34:40.947 [JavaFX Application Thread] DEBUG PrimaryStageWindow   - Scaled ratio: (1.0, 1.0)
17:34:40.947 [JavaFX Application Thread] DEBUG PrimaryStageWindow   - Set initial scene to FXGLStartupScene
17:34:40.951 [JavaFX Application Thread] DEBUG PrimaryStageWindow   - Opening main window
17:34:41.008 [JavaFX Application Thread] DEBUG PrimaryStageWindow   - Window border size: (14.4000244140625, 37.5999755859375)
17:34:41.008 [JavaFX Application Thread] DEBUG PrimaryStageWindow   - Scaled size: 800.0 x 600.0
17:34:41.008 [JavaFX Application Thread] DEBUG PrimaryStageWindow   - Scaled ratio: (1.0, 1.0)
17:34:41.008 [JavaFX Application Thread] DEBUG PrimaryStageWindow   - Scene size: 800.0 x 600.0
17:34:41.009 [JavaFX Application Thread] DEBUG PrimaryStageWindow   - Stage size: 814.4000244140625 x 637.5999755859375
17:34:41.013 [FXGL Background Thread 1 ] DEBUG Engine               - Initializing environment variables
17:34:41.046 [FXGL Background Thread 1 ] DEBUG FXGLAssetLoaderServi - User app class for loading assets: class com.groupfour.mygame.App
17:34:41.046 [FXGL Background Thread 1 ] DEBUG GameApplicationServi - Applying CSS: fxgl_dark.css
17:34:41.047 [FXGL Background Thread 1 ] DEBUG FXGLAssetLoaderServi - Loading from file system: jar:file:///C:/Users/acer/.m2/repository/com/github/almasb/fxgl/dev-SNAPSHOT/fxgl-dev-SNAPSHOT.jar!/fxglassets/ui/css/fxgl_dark.css
17:34:41.087 [FXGL Background Thread 1 ] DEBUG GameApplicationServi - Initializing application scenes
17:34:41.115 [FXGL Background Thread 1 ] DEBUG GameWorld            - Game world initialized
17:34:41.150 [FXGL Background Thread 1 ] DEBUG PhysicsWorld         - Physics world initialized: appHeight=600, physics.ppm=50.0
17:34:41.150 [FXGL Background Thread 1 ] DEBUG PhysicsWorld         - Using strategy: BRUTE_FORCE
17:34:41.153 [FXGL Background Thread 1 ] DEBUG GameScene            - Game scene initialized: 800x600
17:34:41.162 [FXGL Background Thread 1 ] DEBUG FXGL.DefaultMenu     - createMenuBodyMainMenu()
17:34:41.174 [FXGL Background Thread 1 ] DEBUG FXGL.DefaultMenu     - createOptionsMenu()
17:34:41.179 [FXGL Background Thread 1 ] DEBUG FXGLAssetLoaderServi - Loading from file system: jar:file:///C:/Users/acer/.m2/repository/com/github/almasb/fxgl/dev-SNAPSHOT/fxgl-dev-SNAPSHOT.jar!/fxglassets/textures/particles/smoke.png
17:34:41.251 [FXGL Background Thread 1 ] DEBUG FXGLAssetLoaderServi - Loading from file system: jar:file:///C:/Users/acer/.m2/repository/com/github/almasb/fxgl/dev-SNAPSHOT/fxgl-dev-SNAPSHOT.jar!/fxglassets/textures/particles/trace_horizontal.png
17:34:41.286 [FXGL Background Thread 1 ] DEBUG GameApplicationServi - Application scenes initialized
17:34:41.292 [FXGL Background Thread 1 ] DEBUG SystemBundleService  - Loading FXGL system data
17:34:41.295 [FXGL Background Thread 1 ] DEBUG FileSystemAccess     - Reading from: C:\Users\acer\OneDrive\Desktop\git pull\CSS124L-FINAL-PROJECT\system\fxgl.bundle
17:34:41.299 [FXGL Background Thread 1 ] DEBUG SystemBundleService  - Bundle FXGL: {}
17:34:41.299 [FXGL Background Thread 1 ] DEBUG UpdaterService       - Checking for updates
17:34:41.315 [FXGL Background Thread 1 ] DEBUG FXGLApplication      - Loading default localization
17:34:41.315 [FXGL Background Thread 4 ] DEBUG FXGLApplication      - Loading fonts
17:34:41.315 [FXGL Background Thread 1 ] DEBUG FXGLAssetLoaderServi - Loading from file system: jar:file:///C:/Users/acer/.m2/repository/com/github/almasb/fxgl/dev-SNAPSHOT/fxgl-dev-SNAPSHOT.jar!/fxglassets/languages/english.lang
17:34:41.315 [FXGL Background Thread 4 ] DEBUG FXGLAssetLoaderServi - Loading from file system: jar:file:///C:/Users/acer/.m2/repository/com/github/almasb/fxgl/dev-SNAPSHOT/fxgl-dev-SNAPSHOT.jar!/fxglassets/ui/fonts/VarelaRound-Regular.ttf
17:34:41.327 [FXGL Background Thread 1 ] INFO  FXGLApplication      - FXGL initialization took: 0.315 sec
17:34:41.337 [JavaFX Application Thread] DEBUG Input                - Registered new binding: Move Upwards - W
17:34:41.337 [JavaFX Application Thread] DEBUG Input                - Registered new binding: Move Down - S
17:34:41.337 [JavaFX Application Thread] DEBUG Input                - Registered new binding: Move Left - A
17:34:41.337 [JavaFX Application Thread] DEBUG Input                - Registered new binding: Move Right - D
17:34:41.338 [JavaFX Application Thread] DEBUG Input                - Registered new binding: Reload - R
17:34:41.338 [JavaFX Application Thread] DEBUG Input                - Registered new binding: Shoot - LMB
17:34:41.339 [JavaFX Application Thread] DEBUG Input                - Registered new binding: Switch Weapons - Q
17:34:41.339 [JavaFX Application Thread] DEBUG Input                - Registered new binding: Interact - F
17:34:41.340 [JavaFX Application Thread] DEBUG FXGLAssetLoaderServi - Loading from file system: jar:file:///C:/Users/acer/.m2/repository/com/github/almasb/fxgl/dev-SNAPSHOT/fxgl-dev-SNAPSHOT.jar!/fxglassets/textures/fxgl_icon.png
17:34:41.354 [JavaFX Application Thread] DEBUG FXGLAssetLoaderServi - Loading from file system: jar:file:///C:/Users/acer/.m2/repository/com/github/almasb/fxgl/dev-SNAPSHOT/fxgl-dev-SNAPSHOT.jar!/fxglassets/textures/fxgl_default_cursor.png
17:34:41.355 [JavaFX Application Thread] DEBUG Input                - Registered new binding: Screenshot - CTRL+8
17:34:41.356 [JavaFX Application Thread] DEBUG Input                - Registered new binding: Dev Options - 1
17:34:41.356 [JavaFX Application Thread] DEBUG Input                - Registered new binding: Dev Console - 2
17:34:41.356 [JavaFX Application Thread] DEBUG Input                - Registered new binding: System info dump - CTRL+9
17:34:41.356 [JavaFX Application Thread] DEBUG Input                - Registered new binding: Restart - CTRL+R
17:34:41.356 [JavaFX Application Thread] DEBUG Input                - Registered new binding: Toggle Debug Camera - CTRL+C
17:34:41.359 [JavaFX Application Thread] DEBUG LoopRunner           - Starting loop
17:34:41.370 [JavaFX Application Thread] DEBUG LoopRunner           - Initializing JavaFX AnimationTimerLoop
17:34:41.371 [JavaFX Application Thread] DEBUG Input                - Clearing active input actions
17:34:41.378 [JavaFX Application Thread] DEBUG GameApplicationServi - Removing overlay from FXGLStartupScene and adding to FXGLMainMenuDummyScene
17:34:41.381 [JavaFX Application Thread] DEBUG PrimaryStageWindow   - FXGLStartupScene -> FXGLMainMenuDummyScene
17:34:41.381 [JavaFX Application Thread] DEBUG PrimaryStageWindow   - Push state: FXGLDefaultMenu
17:34:41.384 [JavaFX Application Thread] DEBUG Input                - Clearing active input actions
17:34:41.388 [JavaFX Application Thread] DEBUG GameApplicationServi - Removing overlay from FXGLMainMenuDummyScene and adding to FXGLDefaultMenu
17:34:41.389 [JavaFX Application Thread] DEBUG PrimaryStageWindow   - FXGLMainMenuDummyScene -> FXGLDefaultMenu
17:34:41.683 [FXGL Background Thread 4 ] DEBUG FXGLAssetLoaderServi - Loading from file system: jar:file:///C:/Users/acer/.m2/repository/com/github/almasb/fxgl/dev-SNAPSHOT/fxgl-dev-SNAPSHOT.jar!/fxglassets/ui/fonts/Abel-Regular.ttf
17:34:41.688 [FXGL Background Thread 4 ] DEBUG FXGLAssetLoaderServi - Loading from file system: jar:file:///C:/Users/acer/.m2/repository/com/github/almasb/fxgl/dev-SNAPSHOT/fxgl-dev-SNAPSHOT.jar!/fxglassets/ui/fonts/lucida_console.ttf
17:34:41.692 [FXGL Background Thread 4 ] DEBUG FXGLAssetLoaderServi - Loading from file system: jar:file:///C:/Users/acer/.m2/repository/com/github/almasb/fxgl/dev-SNAPSHOT/fxgl-dev-SNAPSHOT.jar!/fxglassets/ui/fonts/Courier-Prime.ttf
17:34:41.698 [JavaFX Application Thread] DEBUG FXGLApplication      - Registering font factories with UI factory
17:34:42.066 [FXGL Background Thread 2 ] INFO  UpdaterService       - Your current version:  dev-SNAPSHOT
17:34:42.067 [FXGL Background Thread 2 ] INFO  UpdaterService       - Latest stable version: 21.1
17:34:44.008 [JavaFX Application Thread] DEBUG Menu                 - fireNewGame()
17:34:44.008 [JavaFX Application Thread] DEBUG GameApplicationServi - Starting new game
17:34:44.009 [JavaFX Application Thread] DEBUG PrimaryStageWindow   - Pop state: FXGLDefaultMenu
17:34:44.009 [JavaFX Application Thread] DEBUG Input                - Clearing active input actions
17:34:44.010 [JavaFX Application Thread] DEBUG GameApplicationServi - Removing overlay from FXGLDefaultMenu and adding to FXGLMainMenuDummyScene
17:34:44.011 [JavaFX Application Thread] DEBUG PrimaryStageWindow   - FXGLMainMenuDummyScene <- FXGLDefaultMenu
17:34:44.011 [JavaFX Application Thread] DEBUG Input                - Clearing active input actions
17:34:44.014 [JavaFX Application Thread] DEBUG GameApplicationServi - Removing overlay from FXGLMainMenuDummyScene and adding to FXGLLoadingScene
17:34:44.015 [JavaFX Application Thread] DEBUG PrimaryStageWindow   - FXGLMainMenuDummyScene -> FXGLLoadingScene
17:34:44.015 [JavaFX Application Thread] DEBUG GameApplicationServi - Clearing previous game
17:34:44.015 [JavaFX Application Thread] DEBUG GameScene            - Clearing game scene
17:34:44.015 [JavaFX Application Thread] DEBUG GameWorld            - Clearing game world
17:34:44.015 [JavaFX Application Thread] DEBUG PhysicsWorld         - Clearing physics world
17:34:44.016 [FXGL Background Thread 2 ] DEBUG FXGLApplication      - Initializing game
17:34:44.043 [FXGL Background Thread 2 ] INFO  FXGLApplication      - Game initialization took: 0.027 sec
17:34:44.047 [JavaFX Application Thread] DEBUG Input                - Clearing active input actions
17:34:44.053 [JavaFX Application Thread] DEBUG GameApplicationServi - Removing overlay from FXGLLoadingScene and adding to GameScene
17:34:44.053 [JavaFX Application Thread] DEBUG PrimaryStageWindow   - FXGLLoadingScene -> GameScene
17:34:44.072 [JavaFX Application Thread] DEBUG PrimaryStageWindow   - Push state: PlayerCountMenu
17:34:44.072 [JavaFX Application Thread] DEBUG Input                - Clearing active input actions
17:34:44.072 [JavaFX Application Thread] DEBUG GameApplicationServi - Removing overlay from GameScene and adding to PlayerCountMenu
17:34:44.072 [JavaFX Application Thread] DEBUG PrimaryStageWindow   - GameScene -> PlayerCountMenu
17:34:44.315 [FXGL Background Thread 3 ] DEBUG Engine               - Logging environment variables
17:34:44.315 [FXGL Background Thread 3 ] DEBUG Engine               - achievements: []
17:34:44.315 [FXGL Background Thread 3 ] DEBUG Engine               - actualHeight: 600.0
17:34:44.315 [FXGL Background Thread 3 ] DEBUG Engine               - actualHeightProperty: ReadOnlyDoubleProperty [value: 600.0]
17:34:44.315 [FXGL Background Thread 3 ] DEBUG Engine               - actualWidth: 800.0
17:34:44.315 [FXGL Background Thread 3 ] DEBUG Engine               - actualWidthProperty: ReadOnlyDoubleProperty [value: 800.0]
17:34:44.315 [FXGL Background Thread 3 ] DEBUG Engine               - appIcon: fxgl_icon.png
17:34:44.315 [FXGL Background Thread 3 ] DEBUG Engine               - applicationMode: DEVELOPER
17:34:44.315 [FXGL Background Thread 3 ] DEBUG Engine               - cSSList: [fxgl_dark.css]
17:34:44.315 [FXGL Background Thread 3 ] DEBUG Engine               - collisionDetectionStrategy: BRUTE_FORCE
17:34:44.315 [FXGL Background Thread 3 ] DEBUG Engine               - configClass: Optional.empty
17:34:44.315 [FXGL Background Thread 3 ] DEBUG Engine               - credits: []
17:34:44.315 [FXGL Background Thread 3 ] DEBUG Engine               - defaultCursor: CursorInfo(imageName=fxgl_default_cursor.png, hotspotX=7.0, hotspotY=6.0)
17:34:44.316 [FXGL Background Thread 3 ] DEBUG Engine               - devBBoxColorProperty: ObjectProperty [value: 0xff0000ff]
17:34:44.316 [FXGL Background Thread 3 ] DEBUG Engine               - devEnableDebugCameraProperty: BooleanProperty [value: false]
17:34:44.316 [FXGL Background Thread 3 ] DEBUG Engine               - devSensorColorProperty: ObjectProperty [value: 0xffff00ff]
17:34:44.316 [FXGL Background Thread 3 ] DEBUG Engine               - devShowBBoxProperty: BooleanProperty [value: false]
17:34:44.316 [FXGL Background Thread 3 ] DEBUG Engine               - devShowPositionProperty: BooleanProperty [value: false]
17:34:44.316 [FXGL Background Thread 3 ] DEBUG Engine               - enabledMenuItems: []
17:34:44.316 [FXGL Background Thread 3 ] DEBUG Engine               - engineServices: [class com.almasb.fxgl.app.services.FXGLAssetLoaderService, class com.almasb.fxgl.app.FXGLApplication$GameApplicationService, class com.almasb.fxgl.app.services.FXGLDialogService, class com.almasb.fxgl.app.services.IOTaskExecutorService, class com.almasb.fxgl.io.FileSystemService, class com.almasb.fxgl.localization.LocalizationService, class com.almasb.fxgl.app.services.SystemBundleService, class com.almasb.fxgl.profile.SaveLoadService, class com.almasb.fxgl.ui.FXGLUIFactoryServiceProvider, class com.almasb.fxgl.ui.FXGLDialogFactoryServiceProvider, class com.almasb.fxgl.audio.AudioPlayer, class com.almasb.fxgl.notification.impl.NotificationServiceProvider, class com.almasb.fxgl.achievement.AchievementService, class com.almasb.fxgl.cutscene.CutsceneService, class com.almasb.fxgl.minigames.MiniGameService, class com.almasb.fxgl.net.NetService, class com.almasb.fxgl.app.services.UpdaterService, class com.almasb.fxgl.dev.DevService, class com.almasb.fxgl.multiplayer.MultiplayerService]
17:34:44.316 [FXGL Background Thread 3 ] DEBUG Engine               - fontGame: Abel-Regular.ttf
17:34:44.316 [FXGL Background Thread 3 ] DEBUG Engine               - fontMono: lucida_console.ttf
17:34:44.316 [FXGL Background Thread 3 ] DEBUG Engine               - fontText: Courier-Prime.ttf
17:34:44.317 [FXGL Background Thread 3 ] DEBUG Engine               - fontUI: VarelaRound-Regular.ttf
17:34:44.317 [FXGL Background Thread 3 ] DEBUG Engine               - fullScreen: BooleanProperty [value: false]
17:34:44.317 [FXGL Background Thread 3 ] DEBUG Engine               - gameDifficulty: MEDIUM
17:34:44.317 [FXGL Background Thread 3 ] DEBUG Engine               - gameDifficultyProperty: ObjectProperty [value: MEDIUM]
17:34:44.317 [FXGL Background Thread 3 ] DEBUG Engine               - globalMusicVolume: 0.5
17:34:44.317 [FXGL Background Thread 3 ] DEBUG Engine               - globalMusicVolumeProperty: DoubleProperty [value: 0.5]
17:34:44.317 [FXGL Background Thread 3 ] DEBUG Engine               - globalSoundVolume: 0.5
17:34:44.317 [FXGL Background Thread 3 ] DEBUG Engine               - globalSoundVolumeProperty: DoubleProperty [value: 0.5]
17:34:44.317 [FXGL Background Thread 3 ] DEBUG Engine               - height: 600
17:34:44.317 [FXGL Background Thread 3 ] DEBUG Engine               - is3D: false
17:34:44.317 [FXGL Background Thread 3 ] DEBUG Engine               - isAndroid: false
17:34:44.317 [FXGL Background Thread 3 ] DEBUG Engine               - isBrowser: false
17:34:44.317 [FXGL Background Thread 3 ] DEBUG Engine               - isClickFeedbackEnabled: false
17:34:44.317 [FXGL Background Thread 3 ] DEBUG Engine               - isCloseConfirmation: false
17:34:44.317 [FXGL Background Thread 3 ] DEBUG Engine               - isDesktop: true
17:34:44.317 [FXGL Background Thread 3 ] DEBUG Engine               - isDeveloperMenuEnabled: true
17:34:44.317 [FXGL Background Thread 3 ] DEBUG Engine               - isEmbedded: false
17:34:44.317 [FXGL Background Thread 3 ] DEBUG Engine               - isEntityPreloadEnabled: true
17:34:44.317 [FXGL Background Thread 3 ] DEBUG Engine               - isExperimentalTiledLargeMap: false
17:34:44.317 [FXGL Background Thread 3 ] DEBUG Engine               - isFileSystemWriteAllowed: true
17:34:44.317 [FXGL Background Thread 3 ] DEBUG Engine               - isFullScreenAllowed: false
17:34:44.317 [FXGL Background Thread 3 ] DEBUG Engine               - isFullScreenFromStart: false
17:34:44.317 [FXGL Background Thread 3 ] DEBUG Engine               - isGameMenuEnabled: true
17:34:44.317 [FXGL Background Thread 3 ] DEBUG Engine               - isIOS: false
17:34:44.317 [FXGL Background Thread 3 ] DEBUG Engine               - isIntroEnabled: false
17:34:44.317 [FXGL Background Thread 3 ] DEBUG Engine               - isLinux: false
17:34:44.317 [FXGL Background Thread 3 ] DEBUG Engine               - isMac: false
17:34:44.317 [FXGL Background Thread 3 ] DEBUG Engine               - isMainMenuEnabled: true
17:34:44.318 [FXGL Background Thread 3 ] DEBUG Engine               - isManualResizeEnabled: false
17:34:44.318 [FXGL Background Thread 3 ] DEBUG Engine               - isMobile: false
17:34:44.318 [FXGL Background Thread 3 ] DEBUG Engine               - isNative: false
17:34:44.318 [FXGL Background Thread 3 ] DEBUG Engine               - isPauseMusicWhenMinimized: true
17:34:44.318 [FXGL Background Thread 3 ] DEBUG Engine               - isPreserveResizeRatio: false
17:34:44.318 [FXGL Background Thread 3 ] DEBUG Engine               - isProfilingEnabled: false
17:34:44.318 [FXGL Background Thread 3 ] DEBUG Engine               - isScaleAffectedOnResize: true
17:34:44.318 [FXGL Background Thread 3 ] DEBUG Engine               - isSingleStep: false
17:34:44.318 [FXGL Background Thread 3 ] DEBUG Engine               - isUserProfileEnabled: false
17:34:44.318 [FXGL Background Thread 3 ] DEBUG Engine               - isWindows: true
17:34:44.318 [FXGL Background Thread 3 ] DEBUG Engine               - language: ObjectProperty [value: ENGLISH]
17:34:44.318 [FXGL Background Thread 3 ] DEBUG Engine               - menuKey: ESCAPE
17:34:44.318 [FXGL Background Thread 3 ] DEBUG Engine               - mouseSensitivity: 0.2
17:34:44.318 [FXGL Background Thread 3 ] DEBUG Engine               - notificationViewClass: class com.almasb.fxgl.notification.view.XboxNotificationView
17:34:44.318 [FXGL Background Thread 3 ] DEBUG Engine               - pixelsPerMeter: 50.0
17:34:44.318 [FXGL Background Thread 3 ] DEBUG Engine               - platform: WINDOWS
17:34:44.318 [FXGL Background Thread 3 ] DEBUG Engine               - prefHeightProperty: ReadOnlyDoubleProperty [value: 600.0]
17:34:44.318 [FXGL Background Thread 3 ] DEBUG Engine               - prefWidthProperty: ReadOnlyDoubleProperty [value: 800.0]
17:34:44.318 [FXGL Background Thread 3 ] DEBUG Engine               - profileDir: profiles/
17:34:44.318 [FXGL Background Thread 3 ] DEBUG Engine               - profileName: StringProperty [value: DEFAULT]
17:34:44.318 [FXGL Background Thread 3 ] DEBUG Engine               - randomSeed: -1
17:34:44.318 [FXGL Background Thread 3 ] DEBUG Engine               - runtimeInfo: RuntimeInfo(platform=WINDOWS, version=dev-SNAPSHOT, build=28.07.2021 16.39)
17:34:44.318 [FXGL Background Thread 3 ] DEBUG Engine               - saveFileExt: sav
17:34:44.318 [FXGL Background Thread 3 ] DEBUG Engine               - scaledHeightProp$fxgl: DoubleProperty [bound, value: 600.0]
17:34:44.318 [FXGL Background Thread 3 ] DEBUG Engine               - scaledWidthProp$fxgl: DoubleProperty [bound, value: 800.0]
17:34:44.318 [FXGL Background Thread 3 ] DEBUG Engine               - sceneFactory: com.groupfour.mygame.App$1@4aef2ccc
17:34:44.318 [FXGL Background Thread 3 ] DEBUG Engine               - secondsIn24h: 60
17:34:44.318 [FXGL Background Thread 3 ] DEBUG Engine               - soundMenuBack: menu/back.wav
17:34:44.319 [FXGL Background Thread 3 ] DEBUG Engine               - soundMenuPress: menu/press.wav
17:34:44.319 [FXGL Background Thread 3 ] DEBUG Engine               - soundMenuSelect: menu/select.wav
17:34:44.319 [FXGL Background Thread 3 ] DEBUG Engine               - soundNotification: core/notification.wav
17:34:44.319 [FXGL Background Thread 3 ] DEBUG Engine               - stageStyle: DECORATED
17:34:44.319 [FXGL Background Thread 3 ] DEBUG Engine               - supportedLanguages: [ENGLISH, FRENCH, GERMAN, HUNGARIAN, RUSSIAN]
17:34:44.319 [FXGL Background Thread 3 ] DEBUG Engine               - ticksPerSecond: -1
17:34:44.319 [FXGL Background Thread 3 ] DEBUG Engine               - title: Flatline: Oregon
17:34:44.319 [FXGL Background Thread 3 ] DEBUG Engine               - urlGithub: https://github.com/AlmasB/FXGL
17:34:44.319 [FXGL Background Thread 3 ] DEBUG Engine               - urlLeaderboard: http://fxgl-top.herokuapp.com/
17:34:44.319 [FXGL Background Thread 3 ] DEBUG Engine               - urlPOM: https://raw.githubusercontent.com/AlmasB/FXGL/release/README.md
17:34:44.319 [FXGL Background Thread 3 ] DEBUG Engine               - userAppClass: class com.groupfour.mygame.App
17:34:44.319 [FXGL Background Thread 3 ] DEBUG Engine               - version: Alpha 0.3
17:34:44.319 [FXGL Background Thread 3 ] DEBUG Engine               - versionCheckDays: 7
17:34:44.319 [FXGL Background Thread 3 ] DEBUG Engine               - width: 800
17:34:44.319 [FXGL Background Thread 3 ] DEBUG Engine               - Logging services
17:34:44.319 [FXGL Background Thread 3 ] DEBUG Engine               - class com.almasb.fxgl.app.services.FXGLAssetLoaderService
17:34:44.319 [FXGL Background Thread 3 ] DEBUG Engine               - class com.almasb.fxgl.app.FXGLApplication$GameApplicationService
17:34:44.320 [FXGL Background Thread 3 ] DEBUG Engine               - class com.almasb.fxgl.app.services.FXGLDialogService
17:34:44.320 [FXGL Background Thread 3 ] DEBUG Engine               - class com.almasb.fxgl.app.services.IOTaskExecutorService
17:34:44.320 [FXGL Background Thread 3 ] DEBUG Engine               - class com.almasb.fxgl.io.FileSystemService
17:34:44.320 [FXGL Background Thread 3 ] DEBUG Engine               - class com.almasb.fxgl.localization.LocalizationService
17:34:44.320 [FXGL Background Thread 3 ] DEBUG Engine               - class com.almasb.fxgl.app.services.SystemBundleService
17:34:44.320 [FXGL Background Thread 3 ] DEBUG Engine               - class com.almasb.fxgl.profile.SaveLoadService
17:34:44.320 [FXGL Background Thread 3 ] DEBUG Engine               - class com.almasb.fxgl.ui.FXGLUIFactoryServiceProvider
17:34:44.320 [FXGL Background Thread 3 ] DEBUG Engine               - class com.almasb.fxgl.ui.FXGLDialogFactoryServiceProvider
17:34:44.320 [FXGL Background Thread 3 ] DEBUG Engine               - class com.almasb.fxgl.audio.AudioPlayer
17:34:44.320 [FXGL Background Thread 3 ] DEBUG Engine               - class com.almasb.fxgl.notification.impl.NotificationServiceProvider
17:34:44.320 [FXGL Background Thread 3 ] DEBUG Engine               - class com.almasb.fxgl.achievement.AchievementService
17:34:44.320 [FXGL Background Thread 3 ] DEBUG Engine               - class com.almasb.fxgl.cutscene.CutsceneService
17:34:44.320 [FXGL Background Thread 3 ] DEBUG Engine               - class com.almasb.fxgl.minigames.MiniGameService
17:34:44.320 [FXGL Background Thread 3 ] DEBUG Engine               - class com.almasb.fxgl.net.NetService
17:34:44.320 [FXGL Background Thread 3 ] DEBUG Engine               - class com.almasb.fxgl.app.services.UpdaterService
17:34:44.320 [FXGL Background Thread 3 ] DEBUG Engine               - class com.almasb.fxgl.dev.DevService
17:34:44.320 [FXGL Background Thread 3 ] DEBUG Engine               - class com.almasb.fxgl.multiplayer.MultiplayerService
17:34:44.730 [JavaFX Application Thread] DEBUG FXGLAssetLoaderServi - Loading from file system: file:/C:/Users/acer/OneDrive/Desktop/git%20pull/CSS124L-FINAL-PROJECT/fp/target/classes/assets/textures/Weapons/Idle/BerettaM9_Idle.png
17:34:44.731 [JavaFX Application Thread] DEBUG FXGLAssetLoaderServi - Loading from file system: file:/C:/Users/acer/OneDrive/Desktop/git%20pull/CSS124L-FINAL-PROJECT/fp/target/classes/assets/textures/Weapons/Shooting/BerettaM9_Shooting.png
17:34:44.733 [JavaFX Application Thread] DEBUG FXGLAssetLoaderServi - Loading from file system: file:/C:/Users/acer/OneDrive/Desktop/git%20pull/CSS124L-FINAL-PROJECT/fp/target/classes/assets/textures/Players/1P_Shoot.png
17:34:44.736 [JavaFX Application Thread] DEBUG FXGLAssetLoaderServi - Loading from file system: file:/C:/Users/acer/OneDrive/Desktop/git%20pull/CSS124L-FINAL-PROJECT/fp/target/classes/assets/textures/Interactables/vending_machine.png
17:34:44.739 [JavaFX Application Thread] DEBUG FXGLAssetLoaderServi - Loading from file system: file:/C:/Users/acer/OneDrive/Desktop/git%20pull/CSS124L-FINAL-PROJECT/fp/target/classes/assets/textures/Interactables/microwave_close.png
17:34:44.742 [JavaFX Application Thread] DEBUG PrimaryStageWindow   - Pop state: PlayerCountMenu
17:34:44.742 [JavaFX Application Thread] DEBUG Input                - Clearing active input actions
17:34:44.743 [JavaFX Application Thread] DEBUG GameApplicationServi - Removing overlay from PlayerCountMenu and adding to GameScene
17:34:44.743 [JavaFX Application Thread] DEBUG PrimaryStageWindow   - GameScene <- PlayerCountMenu
17:34:45.564 [JavaFX Application Thread] DEBUG FXGLAssetLoaderServi - Loading from file system: file:/C:/Users/acer/OneDrive/Desktop/git%20pull/CSS124L-FINAL-PROJECT/fp/target/classes/assets/textures/Zombies/Basic_Zombie_Walking.png
17:34:45.566 [JavaFX Application Thread] DEBUG FXGLAssetLoaderServi - Loading from file system: file:/C:/Users/acer/OneDrive/Desktop/git%20pull/CSS124L-FINAL-PROJECT/fp/target/classes/assets/textures/Zombies/Basic_Zombie_Attack.png
17:34:52.512 [JavaFX Application Thread] DEBUG FXGLAssetLoaderServi - Loading from file system: file:/C:/Users/acer/OneDrive/Desktop/git%20pull/CSS124L-FINAL-PROJECT/fp/target/classes/assets/textures/Weapons/Idle/AK47_Idle.png
17:34:52.513 [JavaFX Application Thread] DEBUG FXGLAssetLoaderServi - Loading from file system: file:/C:/Users/acer/OneDrive/Desktop/git%20pull/CSS124L-FINAL-PROJECT/fp/target/classes/assets/textures/Weapons/Shooting/AK47_Shooting.png
17:34:52.514 [JavaFX Application Thread] DEBUG FXGLAssetLoaderServi - Loading from file system: file:/C:/Users/acer/OneDrive/Desktop/git%20pull/CSS124L-FINAL-PROJECT/fp/target/classes/assets/textures/Players/1P_Rifle_Shoot.png
17:35:00.742 [JavaFX Application Thread] DEBUG FXGLApplication      - Exiting FXGL
17:35:00.742 [JavaFX Application Thread] DEBUG LoopRunner           - Stopping loop
17:35:00.742 [JavaFX Application Thread] DEBUG SystemBundleService  - Saving FXGL system data
17:35:00.743 [JavaFX Application Thread] DEBUG FileSystemAccess     - Writing to: C:\Users\acer\OneDrive\Desktop\git pull\CSS124L-FINAL-PROJECT\system\fxgl.bundle
17:35:00.745 [JavaFX Application Thread] DEBUG Async                - Shutting down background threads
17:35:00.745 [JavaFX Application Thread] DEBUG PrimaryStageWindow   - Closing main window
17:35:00.756 [JavaFX Application Thread] DEBUG Logger               - Closing Logger
