19:18:53.961 [main                     ] DEBUG Logger               - Configured Logger
19:18:53.965 [main                     ] DEBUG GameApplication      - Logging settings
Title: Flatline: Oregon
Version: Alpha 0.3
Width: 800
Height: 600
Fullscreen: false
Intro: false
Profiling: false
Single step:false
App Mode: DEVELOPER
Menu Key: ESCAPE
Stage Style: DECORATED
Scene Factory: class com.groupfour.mygame.App$1

19:18:54.264 [JavaFX Application Thread] DEBUG FXGLApplication      - Initializing FXGL
19:18:54.266 [JavaFX Application Thread] INFO  Engine               - FXGL-dev-SNAPSHOT (28.07.2021 16.39) on WINDOWS (J:21.0.4 FX:16)
19:18:54.266 [JavaFX Application Thread] DEBUG Engine               - JRE Vendor Name: Eclipse Adoptium
19:18:54.266 [JavaFX Application Thread] DEBUG Engine               - Running on OS: Windows 11 version 10.0
19:18:54.266 [JavaFX Application Thread] DEBUG Engine               - Architecture: amd64
19:18:54.266 [JavaFX Application Thread] INFO  Engine               - Source code and latest versions at: https://github.com/AlmasB/FXGL
19:18:54.267 [JavaFX Application Thread] INFO  Engine               -              Join the FXGL chat at: https://gitter.im/AlmasB/FXGL
19:18:54.334 [JavaFX Application Thread] DEBUG PrimaryStageWindow   - Creating a JavaFX scene
19:18:54.374 [JavaFX Application Thread] DEBUG PrimaryStageWindow   - Target settings size: 800.0 x 600.0
19:18:54.374 [JavaFX Application Thread] DEBUG PrimaryStageWindow   - Scaled scene size:    800.0 x 600.0
19:18:54.374 [JavaFX Application Thread] DEBUG PrimaryStageWindow   - Scaled ratio: (1.0, 1.0)
19:18:54.374 [JavaFX Application Thread] DEBUG PrimaryStageWindow   - Set initial scene to FXGLStartupScene
19:18:54.380 [JavaFX Application Thread] DEBUG PrimaryStageWindow   - Opening main window
19:18:54.454 [JavaFX Application Thread] DEBUG PrimaryStageWindow   - Window border size: (16.0, 39.0)
19:18:54.454 [JavaFX Application Thread] DEBUG PrimaryStageWindow   - Scaled size: 800.0 x 600.0
19:18:54.454 [JavaFX Application Thread] DEBUG PrimaryStageWindow   - Scaled ratio: (1.0, 1.0)
19:18:54.454 [JavaFX Application Thread] DEBUG PrimaryStageWindow   - Scene size: 800.0 x 600.0
19:18:54.454 [JavaFX Application Thread] DEBUG PrimaryStageWindow   - Stage size: 816.0 x 639.0
19:18:54.463 [FXGL Background Thread 1 ] DEBUG Engine               - Initializing environment variables
19:18:54.539 [FXGL Background Thread 1 ] DEBUG FXGLAssetLoaderServi - User app class for loading assets: class com.groupfour.mygame.App
19:18:54.539 [FXGL Background Thread 1 ] DEBUG GameApplicationServi - Applying CSS: fxgl_dark.css
19:18:54.540 [FXGL Background Thread 1 ] DEBUG FXGLAssetLoaderServi - Loading from file system: jar:file:///C:/Users/Cent/.m2/repository/com/github/almasb/fxgl/dev-SNAPSHOT/fxgl-dev-SNAPSHOT.jar!/fxglassets/ui/css/fxgl_dark.css
19:18:54.589 [FXGL Background Thread 1 ] DEBUG GameApplicationServi - Initializing application scenes
19:18:54.639 [FXGL Background Thread 1 ] DEBUG GameWorld            - Game world initialized
19:18:54.706 [FXGL Background Thread 1 ] DEBUG PhysicsWorld         - Physics world initialized: appHeight=600, physics.ppm=50.0
19:18:54.707 [FXGL Background Thread 1 ] DEBUG PhysicsWorld         - Using strategy: BRUTE_FORCE
19:18:54.710 [FXGL Background Thread 1 ] DEBUG GameScene            - Game scene initialized: 800x600
19:18:54.718 [FXGL Background Thread 1 ] DEBUG FXGL.DefaultMenu     - createMenuBodyMainMenu()
19:18:54.729 [FXGL Background Thread 1 ] DEBUG FXGL.DefaultMenu     - createOptionsMenu()
19:18:54.736 [FXGL Background Thread 1 ] DEBUG FXGLAssetLoaderServi - Loading from file system: jar:file:///C:/Users/Cent/.m2/repository/com/github/almasb/fxgl/dev-SNAPSHOT/fxgl-dev-SNAPSHOT.jar!/fxglassets/textures/particles/smoke.png
19:18:54.839 [FXGL Background Thread 1 ] DEBUG FXGLAssetLoaderServi - Loading from file system: jar:file:///C:/Users/Cent/.m2/repository/com/github/almasb/fxgl/dev-SNAPSHOT/fxgl-dev-SNAPSHOT.jar!/fxglassets/textures/particles/trace_horizontal.png
19:18:54.868 [FXGL Background Thread 1 ] DEBUG GameApplicationServi - Application scenes initialized
19:18:54.877 [FXGL Background Thread 1 ] DEBUG SystemBundleService  - Loading FXGL system data
19:18:54.880 [FXGL Background Thread 1 ] DEBUG FileSystemAccess     - Reading from: C:\Users\Cent\Desktop\CSS124L-LE\CSS124L-FinalExam\CSS124L-FINAL-PROJECT\system\fxgl.bundle
19:18:54.889 [FXGL Background Thread 1 ] DEBUG SystemBundleService  - Bundle FXGL: {}
19:18:54.889 [FXGL Background Thread 1 ] DEBUG UpdaterService       - Checking for updates
19:18:54.891 [FXGL Background Thread 4 ] DEBUG FXGLApplication      - Loading fonts
19:18:54.891 [FXGL Background Thread 1 ] DEBUG FXGLApplication      - Loading default localization
19:18:54.892 [FXGL Background Thread 4 ] DEBUG FXGLAssetLoaderServi - Loading from file system: jar:file:///C:/Users/Cent/.m2/repository/com/github/almasb/fxgl/dev-SNAPSHOT/fxgl-dev-SNAPSHOT.jar!/fxglassets/ui/fonts/VarelaRound-Regular.ttf
19:18:54.892 [FXGL Background Thread 1 ] DEBUG FXGLAssetLoaderServi - Loading from file system: jar:file:///C:/Users/Cent/.m2/repository/com/github/almasb/fxgl/dev-SNAPSHOT/fxgl-dev-SNAPSHOT.jar!/fxglassets/languages/english.lang
19:18:54.902 [FXGL Background Thread 1 ] INFO  FXGLApplication      - FXGL initialization took: 0.439 sec
19:18:54.923 [JavaFX Application Thread] DEBUG Input                - Registered new binding: Move Upwards - W
19:18:54.923 [JavaFX Application Thread] DEBUG Input                - Registered new binding: Move Down - S
19:18:54.923 [JavaFX Application Thread] DEBUG Input                - Registered new binding: Move Left - A
19:18:54.923 [JavaFX Application Thread] DEBUG Input                - Registered new binding: Move Right - D
19:18:54.923 [JavaFX Application Thread] DEBUG Input                - Registered new binding: Reload - R
19:18:54.926 [JavaFX Application Thread] DEBUG Input                - Registered new binding: Shoot - LMB
19:18:54.926 [FXGL Background Thread 4 ] DEBUG FXGLAssetLoaderServi - Loading from file system: jar:file:///C:/Users/Cent/.m2/repository/com/github/almasb/fxgl/dev-SNAPSHOT/fxgl-dev-SNAPSHOT.jar!/fxglassets/ui/fonts/Abel-Regular.ttf
19:18:54.926 [JavaFX Application Thread] DEBUG FXGLAssetLoaderServi - Loading from file system: jar:file:///C:/Users/Cent/.m2/repository/com/github/almasb/fxgl/dev-SNAPSHOT/fxgl-dev-SNAPSHOT.jar!/fxglassets/textures/fxgl_icon.png
19:18:54.929 [FXGL Background Thread 4 ] DEBUG FXGLAssetLoaderServi - Loading from file system: jar:file:///C:/Users/Cent/.m2/repository/com/github/almasb/fxgl/dev-SNAPSHOT/fxgl-dev-SNAPSHOT.jar!/fxglassets/ui/fonts/lucida_console.ttf
19:18:54.934 [FXGL Background Thread 4 ] DEBUG FXGLAssetLoaderServi - Loading from file system: jar:file:///C:/Users/Cent/.m2/repository/com/github/almasb/fxgl/dev-SNAPSHOT/fxgl-dev-SNAPSHOT.jar!/fxglassets/ui/fonts/Courier-Prime.ttf
19:18:54.944 [JavaFX Application Thread] DEBUG FXGLAssetLoaderServi - Loading from file system: jar:file:///C:/Users/Cent/.m2/repository/com/github/almasb/fxgl/dev-SNAPSHOT/fxgl-dev-SNAPSHOT.jar!/fxglassets/textures/fxgl_default_cursor.png
19:18:54.945 [JavaFX Application Thread] DEBUG Input                - Registered new binding: Screenshot - CTRL+8
19:18:54.946 [JavaFX Application Thread] DEBUG Input                - Registered new binding: System info dump - CTRL+9
19:18:54.946 [JavaFX Application Thread] DEBUG Input                - Registered new binding: Restart - CTRL+R
19:18:54.946 [JavaFX Application Thread] DEBUG Input                - Registered new binding: Toggle Debug Camera - CTRL+C
19:18:54.948 [JavaFX Application Thread] DEBUG LoopRunner           - Starting loop
19:18:54.949 [JavaFX Application Thread] DEBUG LoopRunner           - Initializing JavaFX AnimationTimerLoop
19:18:54.951 [JavaFX Application Thread] DEBUG Input                - Clearing active input actions
19:18:54.957 [JavaFX Application Thread] DEBUG GameApplicationServi - Removing overlay from FXGLStartupScene and adding to FXGLMainMenuDummyScene
19:18:54.958 [JavaFX Application Thread] DEBUG PrimaryStageWindow   - FXGLStartupScene -> FXGLMainMenuDummyScene
19:18:54.958 [JavaFX Application Thread] DEBUG PrimaryStageWindow   - Push state: FXGLDefaultMenu
19:18:54.975 [JavaFX Application Thread] DEBUG Input                - Clearing active input actions
19:18:54.983 [JavaFX Application Thread] DEBUG GameApplicationServi - Removing overlay from FXGLMainMenuDummyScene and adding to FXGLDefaultMenu
19:18:54.983 [JavaFX Application Thread] DEBUG PrimaryStageWindow   - FXGLMainMenuDummyScene -> FXGLDefaultMenu
19:18:54.985 [JavaFX Application Thread] DEBUG FXGLApplication      - Registering font factories with UI factory
19:18:55.371 [FXGL Background Thread 2 ] INFO  UpdaterService       - Your current version:  dev-SNAPSHOT
19:18:55.371 [FXGL Background Thread 2 ] INFO  UpdaterService       - Latest stable version: 21.1
19:18:56.103 [JavaFX Application Thread] DEBUG Menu                 - fireNewGame()
19:18:56.104 [JavaFX Application Thread] DEBUG GameApplicationServi - Starting new game
19:18:56.106 [JavaFX Application Thread] DEBUG PrimaryStageWindow   - Pop state: FXGLDefaultMenu
19:18:56.106 [JavaFX Application Thread] DEBUG Input                - Clearing active input actions
19:18:56.107 [JavaFX Application Thread] DEBUG GameApplicationServi - Removing overlay from FXGLDefaultMenu and adding to FXGLMainMenuDummyScene
19:18:56.107 [JavaFX Application Thread] DEBUG PrimaryStageWindow   - FXGLMainMenuDummyScene <- FXGLDefaultMenu
19:18:56.109 [JavaFX Application Thread] DEBUG Input                - Clearing active input actions
19:18:56.117 [JavaFX Application Thread] DEBUG GameApplicationServi - Removing overlay from FXGLMainMenuDummyScene and adding to FXGLLoadingScene
19:18:56.117 [JavaFX Application Thread] DEBUG PrimaryStageWindow   - FXGLMainMenuDummyScene -> FXGLLoadingScene
19:18:56.117 [JavaFX Application Thread] DEBUG GameApplicationServi - Clearing previous game
19:18:56.117 [JavaFX Application Thread] DEBUG GameScene            - Clearing game scene
19:18:56.117 [JavaFX Application Thread] DEBUG GameWorld            - Clearing game world
19:18:56.117 [JavaFX Application Thread] DEBUG PhysicsWorld         - Clearing physics world
19:18:56.120 [FXGL Background Thread 2 ] DEBUG FXGLApplication      - Initializing game
19:18:56.129 [FXGL Background Thread 2 ] DEBUG FXGLAssetLoaderServi - Loading from file system: file:/C:/Users/Cent/Desktop/CSS124L-LE/CSS124L-FinalExam/CSS124L-FINAL-PROJECT/fp/target/classes/assets/textures/1P_Walk.gif
19:18:56.160 [FXGL Background Thread 2 ] INFO  FXGLApplication      - Game initialization took: 0.040 sec
19:18:56.166 [JavaFX Application Thread] DEBUG Input                - Clearing active input actions
19:18:56.173 [JavaFX Application Thread] DEBUG GameApplicationServi - Removing overlay from FXGLLoadingScene and adding to GameScene
19:18:56.173 [JavaFX Application Thread] DEBUG PrimaryStageWindow   - FXGLLoadingScene -> GameScene
19:18:56.175 [JavaFX Application Thread] DEBUG PrimaryStageWindow   - Push state: PlayerCountMenu
19:18:56.176 [JavaFX Application Thread] DEBUG Input                - Clearing active input actions
19:18:56.176 [JavaFX Application Thread] DEBUG GameApplicationServi - Removing overlay from GameScene and adding to PlayerCountMenu
19:18:56.176 [JavaFX Application Thread] DEBUG PrimaryStageWindow   - GameScene -> PlayerCountMenu
19:18:57.098 [JavaFX Application Thread] DEBUG PrimaryStageWindow   - Push state: DialogSubScene
19:18:57.098 [JavaFX Application Thread] DEBUG Input                - Clearing active input actions
19:18:57.099 [JavaFX Application Thread] DEBUG GameApplicationServi - Removing overlay from PlayerCountMenu and adding to DialogSubScene
19:18:57.099 [JavaFX Application Thread] DEBUG PrimaryStageWindow   - PlayerCountMenu -> DialogSubScene
19:18:57.706 [JavaFX Application Thread] DEBUG PrimaryStageWindow   - Pop state: DialogSubScene
19:18:57.706 [JavaFX Application Thread] DEBUG Input                - Clearing active input actions
19:18:57.707 [JavaFX Application Thread] DEBUG GameApplicationServi - Removing overlay from DialogSubScene and adding to PlayerCountMenu
19:18:57.707 [JavaFX Application Thread] DEBUG PrimaryStageWindow   - PlayerCountMenu <- DialogSubScene
19:18:57.714 [ClientAsyncConnThread    ] DEBUG TCPClient            - Connecting to localhost:55555 type: class com.almasb.fxgl.core.serialization.Bundle
19:18:57.715 [ClientAsyncConnThread    ] DEBUG TCPClient            - Created socket to localhost:55555
19:18:57.718 [ClientAsyncConnThread    ] DEBUG Endpoint             - TCPClient opening new connection (1) from localhost/127.0.0.1:55555 type: class com.almasb.fxgl.core.serialization.Bundle
19:18:57.719 [ClientAsyncConnThread    ] DEBUG Endpoint             - TCPClient successfully opened connection (1)
19:18:57.720 [JavaFX Application Thread] DEBUG PrimaryStageWindow   - Pop state: PlayerCountMenu
19:18:57.720 [JavaFX Application Thread] DEBUG Input                - Clearing active input actions
19:18:57.720 [JavaFX Application Thread] DEBUG GameApplicationServi - Removing overlay from PlayerCountMenu and adding to GameScene
19:18:57.720 [JavaFX Application Thread] DEBUG PrimaryStageWindow   - GameScene <- PlayerCountMenu
19:18:57.721 [TCPClient_SendThread-1   ] DEBUG Writers              - Getting TCPMessageWriter for class com.almasb.fxgl.core.serialization.Bundle
19:18:57.722 [TCPClient_RecvThread-1   ] DEBUG Readers              - Getting TCPMessageReader for class com.almasb.fxgl.core.serialization.Bundle
19:18:57.722 [TCPClient_SendThread-1   ] DEBUG Writers              - Constructed TCPMessageWriter for class com.almasb.fxgl.core.serialization.Bundle: BundleTCPMessageWriter
19:18:57.723 [TCPClient_RecvThread-1   ] DEBUG Readers              - Constructed MessageReader for class com.almasb.fxgl.core.serialization.Bundle: BundleTCPMessageReader
19:18:57.892 [FXGL Background Thread 3 ] DEBUG Engine               - Logging environment variables
19:18:57.892 [FXGL Background Thread 3 ] DEBUG Engine               - achievements: []
19:18:57.892 [FXGL Background Thread 3 ] DEBUG Engine               - actualHeight: 600.0
19:18:57.892 [FXGL Background Thread 3 ] DEBUG Engine               - actualHeightProperty: ReadOnlyDoubleProperty [value: 600.0]
19:18:57.892 [FXGL Background Thread 3 ] DEBUG Engine               - actualWidth: 800.0
19:18:57.892 [FXGL Background Thread 3 ] DEBUG Engine               - actualWidthProperty: ReadOnlyDoubleProperty [value: 800.0]
19:18:57.892 [FXGL Background Thread 3 ] DEBUG Engine               - appIcon: fxgl_icon.png
19:18:57.892 [FXGL Background Thread 3 ] DEBUG Engine               - applicationMode: DEVELOPER
19:18:57.892 [FXGL Background Thread 3 ] DEBUG Engine               - cSSList: [fxgl_dark.css]
19:18:57.892 [FXGL Background Thread 3 ] DEBUG Engine               - collisionDetectionStrategy: BRUTE_FORCE
19:18:57.892 [FXGL Background Thread 3 ] DEBUG Engine               - configClass: Optional.empty
19:18:57.892 [FXGL Background Thread 3 ] DEBUG Engine               - credits: []
19:18:57.892 [FXGL Background Thread 3 ] DEBUG Engine               - defaultCursor: CursorInfo(imageName=fxgl_default_cursor.png, hotspotX=7.0, hotspotY=6.0)
19:18:57.892 [FXGL Background Thread 3 ] DEBUG Engine               - devBBoxColorProperty: ObjectProperty [value: 0xff0000ff]
19:18:57.892 [FXGL Background Thread 3 ] DEBUG Engine               - devEnableDebugCameraProperty: BooleanProperty [value: false]
19:18:57.892 [FXGL Background Thread 3 ] DEBUG Engine               - devSensorColorProperty: ObjectProperty [value: 0xffff00ff]
19:18:57.892 [FXGL Background Thread 3 ] DEBUG Engine               - devShowBBoxProperty: BooleanProperty [value: false]
19:18:57.892 [FXGL Background Thread 3 ] DEBUG Engine               - devShowPositionProperty: BooleanProperty [value: false]
19:18:57.892 [FXGL Background Thread 3 ] DEBUG Engine               - enabledMenuItems: []
19:18:57.893 [FXGL Background Thread 3 ] DEBUG Engine               - engineServices: [class com.almasb.fxgl.app.services.FXGLAssetLoaderService, class com.almasb.fxgl.app.FXGLApplication$GameApplicationService, class com.almasb.fxgl.app.services.FXGLDialogService, class com.almasb.fxgl.app.services.IOTaskExecutorService, class com.almasb.fxgl.io.FileSystemService, class com.almasb.fxgl.localization.LocalizationService, class com.almasb.fxgl.app.services.SystemBundleService, class com.almasb.fxgl.profile.SaveLoadService, class com.almasb.fxgl.ui.FXGLUIFactoryServiceProvider, class com.almasb.fxgl.ui.FXGLDialogFactoryServiceProvider, class com.almasb.fxgl.audio.AudioPlayer, class com.almasb.fxgl.notification.impl.NotificationServiceProvider, class com.almasb.fxgl.achievement.AchievementService, class com.almasb.fxgl.cutscene.CutsceneService, class com.almasb.fxgl.minigames.MiniGameService, class com.almasb.fxgl.net.NetService, class com.almasb.fxgl.app.services.UpdaterService, class com.almasb.fxgl.dev.DevService, class com.almasb.fxgl.multiplayer.MultiplayerService]
19:18:57.893 [FXGL Background Thread 3 ] DEBUG Engine               - fontGame: Abel-Regular.ttf
19:18:57.893 [FXGL Background Thread 3 ] DEBUG Engine               - fontMono: lucida_console.ttf
19:18:57.893 [FXGL Background Thread 3 ] DEBUG Engine               - fontText: Courier-Prime.ttf
19:18:57.893 [FXGL Background Thread 3 ] DEBUG Engine               - fontUI: VarelaRound-Regular.ttf
19:18:57.893 [FXGL Background Thread 3 ] DEBUG Engine               - fullScreen: BooleanProperty [value: false]
19:18:57.893 [FXGL Background Thread 3 ] DEBUG Engine               - gameDifficulty: MEDIUM
19:18:57.893 [FXGL Background Thread 3 ] DEBUG Engine               - gameDifficultyProperty: ObjectProperty [value: MEDIUM]
19:18:57.893 [FXGL Background Thread 3 ] DEBUG Engine               - globalMusicVolume: 0.5
19:18:57.893 [FXGL Background Thread 3 ] DEBUG Engine               - globalMusicVolumeProperty: DoubleProperty [value: 0.5]
19:18:57.893 [FXGL Background Thread 3 ] DEBUG Engine               - globalSoundVolume: 0.5
19:18:57.893 [FXGL Background Thread 3 ] DEBUG Engine               - globalSoundVolumeProperty: DoubleProperty [value: 0.5]
19:18:57.893 [FXGL Background Thread 3 ] DEBUG Engine               - height: 600
19:18:57.893 [FXGL Background Thread 3 ] DEBUG Engine               - is3D: false
19:18:57.893 [FXGL Background Thread 3 ] DEBUG Engine               - isAndroid: false
19:18:57.893 [FXGL Background Thread 3 ] DEBUG Engine               - isBrowser: false
19:18:57.893 [FXGL Background Thread 3 ] DEBUG Engine               - isClickFeedbackEnabled: false
19:18:57.893 [FXGL Background Thread 3 ] DEBUG Engine               - isCloseConfirmation: false
19:18:57.893 [FXGL Background Thread 3 ] DEBUG Engine               - isDesktop: true
19:18:57.893 [FXGL Background Thread 3 ] DEBUG Engine               - isDeveloperMenuEnabled: false
19:18:57.893 [FXGL Background Thread 3 ] DEBUG Engine               - isEmbedded: false
19:18:57.893 [FXGL Background Thread 3 ] DEBUG Engine               - isEntityPreloadEnabled: true
19:18:57.893 [FXGL Background Thread 3 ] DEBUG Engine               - isExperimentalTiledLargeMap: false
19:18:57.893 [FXGL Background Thread 3 ] DEBUG Engine               - isFileSystemWriteAllowed: true
19:18:57.893 [FXGL Background Thread 3 ] DEBUG Engine               - isFullScreenAllowed: false
19:18:57.893 [FXGL Background Thread 3 ] DEBUG Engine               - isFullScreenFromStart: false
19:18:57.893 [FXGL Background Thread 3 ] DEBUG Engine               - isGameMenuEnabled: true
19:18:57.893 [FXGL Background Thread 3 ] DEBUG Engine               - isIOS: false
19:18:57.893 [FXGL Background Thread 3 ] DEBUG Engine               - isIntroEnabled: false
19:18:57.893 [FXGL Background Thread 3 ] DEBUG Engine               - isLinux: false
19:18:57.893 [FXGL Background Thread 3 ] DEBUG Engine               - isMac: false
19:18:57.893 [FXGL Background Thread 3 ] DEBUG Engine               - isMainMenuEnabled: true
19:18:57.893 [FXGL Background Thread 3 ] DEBUG Engine               - isManualResizeEnabled: false
19:18:57.893 [FXGL Background Thread 3 ] DEBUG Engine               - isMobile: false
19:18:57.893 [FXGL Background Thread 3 ] DEBUG Engine               - isNative: false
19:18:57.893 [FXGL Background Thread 3 ] DEBUG Engine               - isPauseMusicWhenMinimized: true
19:18:57.894 [FXGL Background Thread 3 ] DEBUG Engine               - isPreserveResizeRatio: false
19:18:57.894 [FXGL Background Thread 3 ] DEBUG Engine               - isProfilingEnabled: false
19:18:57.894 [FXGL Background Thread 3 ] DEBUG Engine               - isScaleAffectedOnResize: true
19:18:57.894 [FXGL Background Thread 3 ] DEBUG Engine               - isSingleStep: false
19:18:57.894 [FXGL Background Thread 3 ] DEBUG Engine               - isUserProfileEnabled: false
19:18:57.894 [FXGL Background Thread 3 ] DEBUG Engine               - isWindows: true
19:18:57.894 [FXGL Background Thread 3 ] DEBUG Engine               - language: ObjectProperty [value: ENGLISH]
19:18:57.894 [FXGL Background Thread 3 ] DEBUG Engine               - menuKey: ESCAPE
19:18:57.894 [FXGL Background Thread 3 ] DEBUG Engine               - mouseSensitivity: 0.2
19:18:57.894 [FXGL Background Thread 3 ] DEBUG Engine               - notificationViewClass: class com.almasb.fxgl.notification.view.XboxNotificationView
19:18:57.894 [FXGL Background Thread 3 ] DEBUG Engine               - pixelsPerMeter: 50.0
19:18:57.894 [FXGL Background Thread 3 ] DEBUG Engine               - platform: WINDOWS
19:18:57.894 [FXGL Background Thread 3 ] DEBUG Engine               - prefHeightProperty: ReadOnlyDoubleProperty [value: 600.0]
19:18:57.894 [FXGL Background Thread 3 ] DEBUG Engine               - prefWidthProperty: ReadOnlyDoubleProperty [value: 800.0]
19:18:57.894 [FXGL Background Thread 3 ] DEBUG Engine               - profileDir: profiles/
19:18:57.894 [FXGL Background Thread 3 ] DEBUG Engine               - profileName: StringProperty [value: DEFAULT]
19:18:57.894 [FXGL Background Thread 3 ] DEBUG Engine               - randomSeed: -1
19:18:57.894 [FXGL Background Thread 3 ] DEBUG Engine               - runtimeInfo: RuntimeInfo(platform=WINDOWS, version=dev-SNAPSHOT, build=28.07.2021 16.39)
19:18:57.894 [FXGL Background Thread 3 ] DEBUG Engine               - saveFileExt: sav
19:18:57.894 [FXGL Background Thread 3 ] DEBUG Engine               - scaledHeightProp$fxgl: DoubleProperty [bound, value: 600.0]
19:18:57.894 [FXGL Background Thread 3 ] DEBUG Engine               - scaledWidthProp$fxgl: DoubleProperty [bound, value: 800.0]
19:18:57.894 [FXGL Background Thread 3 ] DEBUG Engine               - sceneFactory: com.groupfour.mygame.App$1@a031502
19:18:57.894 [FXGL Background Thread 3 ] DEBUG Engine               - secondsIn24h: 60
19:18:57.894 [FXGL Background Thread 3 ] DEBUG Engine               - soundMenuBack: menu/back.wav
19:18:57.894 [FXGL Background Thread 3 ] DEBUG Engine               - soundMenuPress: menu/press.wav
19:18:57.894 [FXGL Background Thread 3 ] DEBUG Engine               - soundMenuSelect: menu/select.wav
19:18:57.894 [FXGL Background Thread 3 ] DEBUG Engine               - soundNotification: core/notification.wav
19:18:57.894 [FXGL Background Thread 3 ] DEBUG Engine               - stageStyle: DECORATED
19:18:57.894 [FXGL Background Thread 3 ] DEBUG Engine               - supportedLanguages: [ENGLISH, FRENCH, GERMAN, HUNGARIAN, RUSSIAN]
19:18:57.894 [FXGL Background Thread 3 ] DEBUG Engine               - ticksPerSecond: -1
19:18:57.894 [FXGL Background Thread 3 ] DEBUG Engine               - title: Flatline: Oregon
19:18:57.894 [FXGL Background Thread 3 ] DEBUG Engine               - urlGithub: https://github.com/AlmasB/FXGL
19:18:57.894 [FXGL Background Thread 3 ] DEBUG Engine               - urlLeaderboard: http://fxgl-top.herokuapp.com/
19:18:57.894 [FXGL Background Thread 3 ] DEBUG Engine               - urlPOM: https://raw.githubusercontent.com/AlmasB/FXGL/release/README.md
19:18:57.894 [FXGL Background Thread 3 ] DEBUG Engine               - userAppClass: class com.groupfour.mygame.App
19:18:57.894 [FXGL Background Thread 3 ] DEBUG Engine               - version: Alpha 0.3
19:18:57.894 [FXGL Background Thread 3 ] DEBUG Engine               - versionCheckDays: 7
19:18:57.895 [FXGL Background Thread 3 ] DEBUG Engine               - width: 800
19:18:57.895 [FXGL Background Thread 3 ] DEBUG Engine               - Logging services
19:18:57.895 [FXGL Background Thread 3 ] DEBUG Engine               - class com.almasb.fxgl.app.services.FXGLAssetLoaderService
19:18:57.895 [FXGL Background Thread 3 ] DEBUG Engine               - class com.almasb.fxgl.app.FXGLApplication$GameApplicationService
19:18:57.895 [FXGL Background Thread 3 ] DEBUG Engine               - class com.almasb.fxgl.app.services.FXGLDialogService
19:18:57.895 [FXGL Background Thread 3 ] DEBUG Engine               - class com.almasb.fxgl.app.services.IOTaskExecutorService
19:18:57.895 [FXGL Background Thread 3 ] DEBUG Engine               - class com.almasb.fxgl.io.FileSystemService
19:18:57.895 [FXGL Background Thread 3 ] DEBUG Engine               - class com.almasb.fxgl.localization.LocalizationService
19:18:57.895 [FXGL Background Thread 3 ] DEBUG Engine               - class com.almasb.fxgl.app.services.SystemBundleService
19:18:57.895 [FXGL Background Thread 3 ] DEBUG Engine               - class com.almasb.fxgl.profile.SaveLoadService
19:18:57.895 [FXGL Background Thread 3 ] DEBUG Engine               - class com.almasb.fxgl.ui.FXGLUIFactoryServiceProvider
19:18:57.895 [FXGL Background Thread 3 ] DEBUG Engine               - class com.almasb.fxgl.ui.FXGLDialogFactoryServiceProvider
19:18:57.895 [FXGL Background Thread 3 ] DEBUG Engine               - class com.almasb.fxgl.audio.AudioPlayer
19:18:57.895 [FXGL Background Thread 3 ] DEBUG Engine               - class com.almasb.fxgl.notification.impl.NotificationServiceProvider
19:18:57.895 [FXGL Background Thread 3 ] DEBUG Engine               - class com.almasb.fxgl.achievement.AchievementService
19:18:57.895 [FXGL Background Thread 3 ] DEBUG Engine               - class com.almasb.fxgl.cutscene.CutsceneService
19:18:57.895 [FXGL Background Thread 3 ] DEBUG Engine               - class com.almasb.fxgl.minigames.MiniGameService
19:18:57.895 [FXGL Background Thread 3 ] DEBUG Engine               - class com.almasb.fxgl.net.NetService
19:18:57.895 [FXGL Background Thread 3 ] DEBUG Engine               - class com.almasb.fxgl.app.services.UpdaterService
19:18:57.895 [FXGL Background Thread 3 ] DEBUG Engine               - class com.almasb.fxgl.dev.DevService
19:18:57.895 [FXGL Background Thread 3 ] DEBUG Engine               - class com.almasb.fxgl.multiplayer.MultiplayerService
19:19:06.240 [JavaFX Application Thread] DEBUG FXGLApplication      - Exiting FXGL
19:19:06.241 [JavaFX Application Thread] DEBUG LoopRunner           - Stopping loop
19:19:06.241 [JavaFX Application Thread] DEBUG SystemBundleService  - Saving FXGL system data
19:19:06.242 [JavaFX Application Thread] DEBUG FileSystemAccess     - Writing to: C:\Users\Cent\Desktop\CSS124L-LE\CSS124L-FinalExam\CSS124L-FINAL-PROJECT\system\fxgl.bundle
19:19:06.242 [JavaFX Application Thread] DEBUG Async                - Shutting down background threads
19:19:06.242 [JavaFX Application Thread] DEBUG PrimaryStageWindow   - Closing main window
19:19:06.288 [JavaFX Application Thread] DEBUG Logger               - Closing Logger
