17:25:57.433 [main                     ] DEBUG Logger               - Configured Logger
17:25:57.452 [main                     ] DEBUG GameApplication      - Logging settings
Title: Flatline: Oregon
Version: Alpha 0.3
Width: 800
Height: 600
Fullscreen: false
Intro: false
Profiling: false
Single step:false
App Mode: DEVELOPER
Menu Key: ESCAPE
Stage Style: DECORATED
Scene Factory: class com.groupfour.mygame.App$1

17:25:57.720 [JavaFX Application Thread] DEBUG FXGLApplication      - Initializing FXGL
17:25:57.722 [JavaFX Application Thread] INFO  Engine               - FXGL-dev-SNAPSHOT (28.07.2021 16.39) on WINDOWS (J:11.0.22 FX:16)
17:25:57.723 [JavaFX Application Thread] DEBUG Engine               - JRE Vendor Name: Oracle Corporation
17:25:57.723 [JavaFX Application Thread] DEBUG Engine               - Running on OS: Windows 11 version 10.0
17:25:57.723 [JavaFX Application Thread] DEBUG Engine               - Architecture: amd64
17:25:57.723 [JavaFX Application Thread] INFO  Engine               - Source code and latest versions at: https://github.com/AlmasB/FXGL
17:25:57.723 [JavaFX Application Thread] INFO  Engine               -              Join the FXGL chat at: https://gitter.im/AlmasB/FXGL
17:25:57.782 [JavaFX Application Thread] DEBUG PrimaryStageWindow   - Creating a JavaFX scene
17:25:57.822 [JavaFX Application Thread] DEBUG PrimaryStageWindow   - Target settings size: 800.0 x 600.0
17:25:57.822 [JavaFX Application Thread] DEBUG PrimaryStageWindow   - Scaled scene size:    800.0 x 600.0
17:25:57.823 [JavaFX Application Thread] DEBUG PrimaryStageWindow   - Scaled ratio: (1.0, 1.0)
17:25:57.823 [JavaFX Application Thread] DEBUG PrimaryStageWindow   - Set initial scene to FXGLStartupScene
17:25:57.828 [JavaFX Application Thread] DEBUG PrimaryStageWindow   - Opening main window
17:25:57.903 [JavaFX Application Thread] DEBUG PrimaryStageWindow   - Window border size: (14.4000244140625, 37.5999755859375)
17:25:57.903 [JavaFX Application Thread] DEBUG PrimaryStageWindow   - Scaled size: 800.0 x 600.0
17:25:57.903 [JavaFX Application Thread] DEBUG PrimaryStageWindow   - Scaled ratio: (1.0, 1.0)
17:25:57.903 [JavaFX Application Thread] DEBUG PrimaryStageWindow   - Scene size: 800.0 x 600.0
17:25:57.903 [JavaFX Application Thread] DEBUG PrimaryStageWindow   - Stage size: 814.4000244140625 x 637.5999755859375
17:25:57.908 [FXGL Background Thread 1 ] DEBUG Engine               - Initializing environment variables
17:25:57.945 [FXGL Background Thread 1 ] DEBUG FXGLAssetLoaderServi - User app class for loading assets: class com.groupfour.mygame.App
17:25:57.946 [FXGL Background Thread 1 ] DEBUG GameApplicationServi - Applying CSS: fxgl_dark.css
17:25:57.946 [FXGL Background Thread 1 ] DEBUG FXGLAssetLoaderServi - Loading from file system: jar:file:///C:/Users/acer/.m2/repository/com/github/almasb/fxgl/dev-SNAPSHOT/fxgl-dev-SNAPSHOT.jar!/fxglassets/ui/css/fxgl_dark.css
17:25:57.986 [FXGL Background Thread 1 ] DEBUG GameApplicationServi - Initializing application scenes
17:25:58.018 [FXGL Background Thread 1 ] DEBUG GameWorld            - Game world initialized
17:25:58.057 [FXGL Background Thread 1 ] DEBUG PhysicsWorld         - Physics world initialized: appHeight=600, physics.ppm=50.0
17:25:58.058 [FXGL Background Thread 1 ] DEBUG PhysicsWorld         - Using strategy: BRUTE_FORCE
17:25:58.060 [FXGL Background Thread 1 ] DEBUG GameScene            - Game scene initialized: 800x600
17:25:58.071 [FXGL Background Thread 1 ] DEBUG FXGL.DefaultMenu     - createMenuBodyMainMenu()
17:25:58.084 [FXGL Background Thread 1 ] DEBUG FXGL.DefaultMenu     - createOptionsMenu()
17:25:58.091 [FXGL Background Thread 1 ] DEBUG FXGLAssetLoaderServi - Loading from file system: jar:file:///C:/Users/acer/.m2/repository/com/github/almasb/fxgl/dev-SNAPSHOT/fxgl-dev-SNAPSHOT.jar!/fxglassets/textures/particles/smoke.png
17:25:58.162 [FXGL Background Thread 1 ] DEBUG FXGLAssetLoaderServi - Loading from file system: jar:file:///C:/Users/acer/.m2/repository/com/github/almasb/fxgl/dev-SNAPSHOT/fxgl-dev-SNAPSHOT.jar!/fxglassets/textures/particles/trace_horizontal.png
17:25:58.194 [FXGL Background Thread 1 ] DEBUG GameApplicationServi - Application scenes initialized
17:25:58.200 [FXGL Background Thread 1 ] DEBUG SystemBundleService  - Loading FXGL system data
17:25:58.203 [FXGL Background Thread 1 ] DEBUG FileSystemAccess     - Reading from: C:\Users\acer\OneDrive\Desktop\git pull\CSS124L-FINAL-PROJECT\system\fxgl.bundle
17:25:58.208 [FXGL Background Thread 1 ] DEBUG SystemBundleService  - Bundle FXGL: {}
17:25:58.208 [FXGL Background Thread 1 ] DEBUG UpdaterService       - Checking for updates
17:25:58.225 [FXGL Background Thread 4 ] DEBUG FXGLApplication      - Loading fonts
17:25:58.225 [FXGL Background Thread 1 ] DEBUG FXGLApplication      - Loading default localization
17:25:58.225 [FXGL Background Thread 1 ] DEBUG FXGLAssetLoaderServi - Loading from file system: jar:file:///C:/Users/acer/.m2/repository/com/github/almasb/fxgl/dev-SNAPSHOT/fxgl-dev-SNAPSHOT.jar!/fxglassets/languages/english.lang
17:25:58.225 [FXGL Background Thread 4 ] DEBUG FXGLAssetLoaderServi - Loading from file system: jar:file:///C:/Users/acer/.m2/repository/com/github/almasb/fxgl/dev-SNAPSHOT/fxgl-dev-SNAPSHOT.jar!/fxglassets/ui/fonts/VarelaRound-Regular.ttf
17:25:58.239 [FXGL Background Thread 1 ] INFO  FXGLApplication      - FXGL initialization took: 0.331 sec
17:25:58.247 [JavaFX Application Thread] DEBUG Input                - Registered new binding: Move Upwards - W
17:25:58.247 [JavaFX Application Thread] DEBUG Input                - Registered new binding: Move Down - S
17:25:58.248 [JavaFX Application Thread] DEBUG Input                - Registered new binding: Move Left - A
17:25:58.248 [JavaFX Application Thread] DEBUG Input                - Registered new binding: Move Right - D
17:25:58.248 [JavaFX Application Thread] DEBUG Input                - Registered new binding: Reload - R
17:25:58.249 [JavaFX Application Thread] DEBUG Input                - Registered new binding: Shoot - LMB
17:25:58.249 [JavaFX Application Thread] DEBUG Input                - Registered new binding: Switch Weapons - Q
17:25:58.250 [JavaFX Application Thread] DEBUG Input                - Registered new binding: Interact - F
17:25:58.250 [JavaFX Application Thread] DEBUG FXGLAssetLoaderServi - Loading from file system: jar:file:///C:/Users/acer/.m2/repository/com/github/almasb/fxgl/dev-SNAPSHOT/fxgl-dev-SNAPSHOT.jar!/fxglassets/textures/fxgl_icon.png
17:25:58.263 [JavaFX Application Thread] DEBUG FXGLAssetLoaderServi - Loading from file system: jar:file:///C:/Users/acer/.m2/repository/com/github/almasb/fxgl/dev-SNAPSHOT/fxgl-dev-SNAPSHOT.jar!/fxglassets/textures/fxgl_default_cursor.png
17:25:58.267 [JavaFX Application Thread] DEBUG Input                - Registered new binding: Screenshot - CTRL+8
17:25:58.267 [JavaFX Application Thread] DEBUG Input                - Registered new binding: Dev Options - 1
17:25:58.267 [JavaFX Application Thread] DEBUG Input                - Registered new binding: Dev Console - 2
17:25:58.268 [JavaFX Application Thread] DEBUG Input                - Registered new binding: System info dump - CTRL+9
17:25:58.269 [JavaFX Application Thread] DEBUG Input                - Registered new binding: Restart - CTRL+R
17:25:58.269 [JavaFX Application Thread] DEBUG Input                - Registered new binding: Toggle Debug Camera - CTRL+C
17:25:58.273 [JavaFX Application Thread] DEBUG LoopRunner           - Starting loop
17:25:58.287 [JavaFX Application Thread] DEBUG LoopRunner           - Initializing JavaFX AnimationTimerLoop
17:25:58.289 [JavaFX Application Thread] DEBUG Input                - Clearing active input actions
17:25:58.298 [JavaFX Application Thread] DEBUG GameApplicationServi - Removing overlay from FXGLStartupScene and adding to FXGLMainMenuDummyScene
17:25:58.301 [JavaFX Application Thread] DEBUG PrimaryStageWindow   - FXGLStartupScene -> FXGLMainMenuDummyScene
17:25:58.301 [JavaFX Application Thread] DEBUG PrimaryStageWindow   - Push state: FXGLDefaultMenu
17:25:58.305 [JavaFX Application Thread] DEBUG Input                - Clearing active input actions
17:25:58.310 [JavaFX Application Thread] DEBUG GameApplicationServi - Removing overlay from FXGLMainMenuDummyScene and adding to FXGLDefaultMenu
17:25:58.310 [JavaFX Application Thread] DEBUG PrimaryStageWindow   - FXGLMainMenuDummyScene -> FXGLDefaultMenu
17:25:58.637 [FXGL Background Thread 4 ] DEBUG FXGLAssetLoaderServi - Loading from file system: jar:file:///C:/Users/acer/.m2/repository/com/github/almasb/fxgl/dev-SNAPSHOT/fxgl-dev-SNAPSHOT.jar!/fxglassets/ui/fonts/Abel-Regular.ttf
17:25:58.641 [FXGL Background Thread 4 ] DEBUG FXGLAssetLoaderServi - Loading from file system: jar:file:///C:/Users/acer/.m2/repository/com/github/almasb/fxgl/dev-SNAPSHOT/fxgl-dev-SNAPSHOT.jar!/fxglassets/ui/fonts/lucida_console.ttf
17:25:58.650 [FXGL Background Thread 4 ] DEBUG FXGLAssetLoaderServi - Loading from file system: jar:file:///C:/Users/acer/.m2/repository/com/github/almasb/fxgl/dev-SNAPSHOT/fxgl-dev-SNAPSHOT.jar!/fxglassets/ui/fonts/Courier-Prime.ttf
17:25:58.656 [JavaFX Application Thread] DEBUG FXGLApplication      - Registering font factories with UI factory
17:25:58.871 [JavaFX Application Thread] DEBUG Menu                 - fireNewGame()
17:25:58.871 [JavaFX Application Thread] DEBUG GameApplicationServi - Starting new game
17:25:58.873 [JavaFX Application Thread] DEBUG PrimaryStageWindow   - Pop state: FXGLDefaultMenu
17:25:58.874 [JavaFX Application Thread] DEBUG Input                - Clearing active input actions
17:25:58.876 [JavaFX Application Thread] DEBUG GameApplicationServi - Removing overlay from FXGLDefaultMenu and adding to FXGLMainMenuDummyScene
17:25:58.878 [JavaFX Application Thread] DEBUG PrimaryStageWindow   - FXGLMainMenuDummyScene <- FXGLDefaultMenu
17:25:58.878 [JavaFX Application Thread] DEBUG Input                - Clearing active input actions
17:25:58.887 [JavaFX Application Thread] DEBUG GameApplicationServi - Removing overlay from FXGLMainMenuDummyScene and adding to FXGLLoadingScene
17:25:58.888 [JavaFX Application Thread] DEBUG PrimaryStageWindow   - FXGLMainMenuDummyScene -> FXGLLoadingScene
17:25:58.888 [JavaFX Application Thread] DEBUG GameApplicationServi - Clearing previous game
17:25:58.888 [JavaFX Application Thread] DEBUG GameScene            - Clearing game scene
17:25:58.888 [JavaFX Application Thread] DEBUG GameWorld            - Clearing game world
17:25:58.888 [JavaFX Application Thread] DEBUG PhysicsWorld         - Clearing physics world
17:25:58.890 [FXGL Background Thread 4 ] DEBUG FXGLApplication      - Initializing game
17:25:58.926 [FXGL Background Thread 4 ] INFO  FXGLApplication      - Game initialization took: 0.035 sec
17:25:58.954 [JavaFX Application Thread] DEBUG Input                - Clearing active input actions
17:25:58.958 [JavaFX Application Thread] DEBUG GameApplicationServi - Removing overlay from FXGLLoadingScene and adding to GameScene
17:25:58.960 [JavaFX Application Thread] DEBUG PrimaryStageWindow   - FXGLLoadingScene -> GameScene
17:25:58.963 [JavaFX Application Thread] DEBUG PrimaryStageWindow   - Push state: PlayerCountMenu
17:25:58.965 [JavaFX Application Thread] DEBUG Input                - Clearing active input actions
17:25:58.965 [JavaFX Application Thread] DEBUG GameApplicationServi - Removing overlay from GameScene and adding to PlayerCountMenu
17:25:58.965 [JavaFX Application Thread] DEBUG PrimaryStageWindow   - GameScene -> PlayerCountMenu
17:25:58.986 [FXGL Background Thread 2 ] INFO  UpdaterService       - Your current version:  dev-SNAPSHOT
17:25:58.987 [FXGL Background Thread 2 ] INFO  UpdaterService       - Latest stable version: 21.1
17:25:59.315 [JavaFX Application Thread] DEBUG FXGLAssetLoaderServi - Loading from file system: file:/C:/Users/acer/OneDrive/Desktop/git%20pull/CSS124L-FINAL-PROJECT/fp/target/classes/assets/textures/Weapons/Idle/BerettaM9_Idle.png
17:25:59.316 [JavaFX Application Thread] DEBUG FXGLAssetLoaderServi - Loading from file system: file:/C:/Users/acer/OneDrive/Desktop/git%20pull/CSS124L-FINAL-PROJECT/fp/target/classes/assets/textures/Weapons/Shooting/BerettaM9_Shooting.png
17:25:59.318 [JavaFX Application Thread] DEBUG FXGLAssetLoaderServi - Loading from file system: file:/C:/Users/acer/OneDrive/Desktop/git%20pull/CSS124L-FINAL-PROJECT/fp/target/classes/assets/textures/Players/1P_Shoot.png
17:25:59.321 [JavaFX Application Thread] DEBUG FXGLAssetLoaderServi - Loading from file system: file:/C:/Users/acer/OneDrive/Desktop/git%20pull/CSS124L-FINAL-PROJECT/fp/target/classes/assets/textures/Interactables/vending_machine.png
17:25:59.324 [JavaFX Application Thread] DEBUG FXGLAssetLoaderServi - Loading from file system: file:/C:/Users/acer/OneDrive/Desktop/git%20pull/CSS124L-FINAL-PROJECT/fp/target/classes/assets/textures/Interactables/microwave_close.png
17:25:59.326 [JavaFX Application Thread] DEBUG PrimaryStageWindow   - Pop state: PlayerCountMenu
17:25:59.327 [JavaFX Application Thread] DEBUG Input                - Clearing active input actions
17:25:59.327 [JavaFX Application Thread] DEBUG GameApplicationServi - Removing overlay from PlayerCountMenu and adding to GameScene
17:25:59.328 [JavaFX Application Thread] DEBUG PrimaryStageWindow   - GameScene <- PlayerCountMenu
17:25:59.781 [JavaFX Application Thread] DEBUG FXGLAssetLoaderServi - Loading from file system: file:/C:/Users/acer/OneDrive/Desktop/git%20pull/CSS124L-FINAL-PROJECT/fp/target/classes/assets/textures/Zombies/Basic_Zombie_Walking.png
17:25:59.784 [JavaFX Application Thread] DEBUG FXGLAssetLoaderServi - Loading from file system: file:/C:/Users/acer/OneDrive/Desktop/git%20pull/CSS124L-FINAL-PROJECT/fp/target/classes/assets/textures/Zombies/Basic_Zombie_Attack.png
17:26:01.226 [FXGL Background Thread 3 ] DEBUG Engine               - Logging environment variables
17:26:01.226 [FXGL Background Thread 3 ] DEBUG Engine               - achievements: []
17:26:01.226 [FXGL Background Thread 3 ] DEBUG Engine               - actualHeight: 600.0
17:26:01.226 [FXGL Background Thread 3 ] DEBUG Engine               - actualHeightProperty: ReadOnlyDoubleProperty [value: 600.0]
17:26:01.226 [FXGL Background Thread 3 ] DEBUG Engine               - actualWidth: 800.0
17:26:01.226 [FXGL Background Thread 3 ] DEBUG Engine               - actualWidthProperty: ReadOnlyDoubleProperty [value: 800.0]
17:26:01.226 [FXGL Background Thread 3 ] DEBUG Engine               - appIcon: fxgl_icon.png
17:26:01.227 [FXGL Background Thread 3 ] DEBUG Engine               - applicationMode: DEVELOPER
17:26:01.227 [FXGL Background Thread 3 ] DEBUG Engine               - cSSList: [fxgl_dark.css]
17:26:01.227 [FXGL Background Thread 3 ] DEBUG Engine               - collisionDetectionStrategy: BRUTE_FORCE
17:26:01.227 [FXGL Background Thread 3 ] DEBUG Engine               - configClass: Optional.empty
17:26:01.227 [FXGL Background Thread 3 ] DEBUG Engine               - credits: []
17:26:01.227 [FXGL Background Thread 3 ] DEBUG Engine               - defaultCursor: CursorInfo(imageName=fxgl_default_cursor.png, hotspotX=7.0, hotspotY=6.0)
17:26:01.227 [FXGL Background Thread 3 ] DEBUG Engine               - devBBoxColorProperty: ObjectProperty [value: 0xff0000ff]
17:26:01.227 [FXGL Background Thread 3 ] DEBUG Engine               - devEnableDebugCameraProperty: BooleanProperty [value: false]
17:26:01.227 [FXGL Background Thread 3 ] DEBUG Engine               - devSensorColorProperty: ObjectProperty [value: 0xffff00ff]
17:26:01.228 [FXGL Background Thread 3 ] DEBUG Engine               - devShowBBoxProperty: BooleanProperty [value: false]
17:26:01.228 [FXGL Background Thread 3 ] DEBUG Engine               - devShowPositionProperty: BooleanProperty [value: false]
17:26:01.228 [FXGL Background Thread 3 ] DEBUG Engine               - enabledMenuItems: []
17:26:01.228 [FXGL Background Thread 3 ] DEBUG Engine               - engineServices: [class com.almasb.fxgl.app.services.FXGLAssetLoaderService, class com.almasb.fxgl.app.FXGLApplication$GameApplicationService, class com.almasb.fxgl.app.services.FXGLDialogService, class com.almasb.fxgl.app.services.IOTaskExecutorService, class com.almasb.fxgl.io.FileSystemService, class com.almasb.fxgl.localization.LocalizationService, class com.almasb.fxgl.app.services.SystemBundleService, class com.almasb.fxgl.profile.SaveLoadService, class com.almasb.fxgl.ui.FXGLUIFactoryServiceProvider, class com.almasb.fxgl.ui.FXGLDialogFactoryServiceProvider, class com.almasb.fxgl.audio.AudioPlayer, class com.almasb.fxgl.notification.impl.NotificationServiceProvider, class com.almasb.fxgl.achievement.AchievementService, class com.almasb.fxgl.cutscene.CutsceneService, class com.almasb.fxgl.minigames.MiniGameService, class com.almasb.fxgl.net.NetService, class com.almasb.fxgl.app.services.UpdaterService, class com.almasb.fxgl.dev.DevService, class com.almasb.fxgl.multiplayer.MultiplayerService]
17:26:01.228 [FXGL Background Thread 3 ] DEBUG Engine               - fontGame: Abel-Regular.ttf
17:26:01.228 [FXGL Background Thread 3 ] DEBUG Engine               - fontMono: lucida_console.ttf
17:26:01.228 [FXGL Background Thread 3 ] DEBUG Engine               - fontText: Courier-Prime.ttf
17:26:01.228 [FXGL Background Thread 3 ] DEBUG Engine               - fontUI: VarelaRound-Regular.ttf
17:26:01.228 [FXGL Background Thread 3 ] DEBUG Engine               - fullScreen: BooleanProperty [value: false]
17:26:01.228 [FXGL Background Thread 3 ] DEBUG Engine               - gameDifficulty: MEDIUM
17:26:01.228 [FXGL Background Thread 3 ] DEBUG Engine               - gameDifficultyProperty: ObjectProperty [value: MEDIUM]
17:26:01.228 [FXGL Background Thread 3 ] DEBUG Engine               - globalMusicVolume: 0.5
17:26:01.228 [FXGL Background Thread 3 ] DEBUG Engine               - globalMusicVolumeProperty: DoubleProperty [value: 0.5]
17:26:01.228 [FXGL Background Thread 3 ] DEBUG Engine               - globalSoundVolume: 0.5
17:26:01.228 [FXGL Background Thread 3 ] DEBUG Engine               - globalSoundVolumeProperty: DoubleProperty [value: 0.5]
17:26:01.228 [FXGL Background Thread 3 ] DEBUG Engine               - height: 600
17:26:01.228 [FXGL Background Thread 3 ] DEBUG Engine               - is3D: false
17:26:01.229 [FXGL Background Thread 3 ] DEBUG Engine               - isAndroid: false
17:26:01.229 [FXGL Background Thread 3 ] DEBUG Engine               - isBrowser: false
17:26:01.229 [FXGL Background Thread 3 ] DEBUG Engine               - isClickFeedbackEnabled: false
17:26:01.229 [FXGL Background Thread 3 ] DEBUG Engine               - isCloseConfirmation: false
17:26:01.229 [FXGL Background Thread 3 ] DEBUG Engine               - isDesktop: true
17:26:01.229 [FXGL Background Thread 3 ] DEBUG Engine               - isDeveloperMenuEnabled: true
17:26:01.229 [FXGL Background Thread 3 ] DEBUG Engine               - isEmbedded: false
17:26:01.229 [FXGL Background Thread 3 ] DEBUG Engine               - isEntityPreloadEnabled: true
17:26:01.229 [FXGL Background Thread 3 ] DEBUG Engine               - isExperimentalTiledLargeMap: false
17:26:01.229 [FXGL Background Thread 3 ] DEBUG Engine               - isFileSystemWriteAllowed: true
17:26:01.229 [FXGL Background Thread 3 ] DEBUG Engine               - isFullScreenAllowed: false
17:26:01.229 [FXGL Background Thread 3 ] DEBUG Engine               - isFullScreenFromStart: false
17:26:01.229 [FXGL Background Thread 3 ] DEBUG Engine               - isGameMenuEnabled: true
17:26:01.229 [FXGL Background Thread 3 ] DEBUG Engine               - isIOS: false
17:26:01.229 [FXGL Background Thread 3 ] DEBUG Engine               - isIntroEnabled: false
17:26:01.229 [FXGL Background Thread 3 ] DEBUG Engine               - isLinux: false
17:26:01.229 [FXGL Background Thread 3 ] DEBUG Engine               - isMac: false
17:26:01.229 [FXGL Background Thread 3 ] DEBUG Engine               - isMainMenuEnabled: true
17:26:01.229 [FXGL Background Thread 3 ] DEBUG Engine               - isManualResizeEnabled: false
17:26:01.229 [FXGL Background Thread 3 ] DEBUG Engine               - isMobile: false
17:26:01.229 [FXGL Background Thread 3 ] DEBUG Engine               - isNative: false
17:26:01.229 [FXGL Background Thread 3 ] DEBUG Engine               - isPauseMusicWhenMinimized: true
17:26:01.229 [FXGL Background Thread 3 ] DEBUG Engine               - isPreserveResizeRatio: false
17:26:01.229 [FXGL Background Thread 3 ] DEBUG Engine               - isProfilingEnabled: false
17:26:01.229 [FXGL Background Thread 3 ] DEBUG Engine               - isScaleAffectedOnResize: true
17:26:01.229 [FXGL Background Thread 3 ] DEBUG Engine               - isSingleStep: false
17:26:01.229 [FXGL Background Thread 3 ] DEBUG Engine               - isUserProfileEnabled: false
17:26:01.229 [FXGL Background Thread 3 ] DEBUG Engine               - isWindows: true
17:26:01.229 [FXGL Background Thread 3 ] DEBUG Engine               - language: ObjectProperty [value: ENGLISH]
17:26:01.229 [FXGL Background Thread 3 ] DEBUG Engine               - menuKey: ESCAPE
17:26:01.229 [FXGL Background Thread 3 ] DEBUG Engine               - mouseSensitivity: 0.2
17:26:01.229 [FXGL Background Thread 3 ] DEBUG Engine               - notificationViewClass: class com.almasb.fxgl.notification.view.XboxNotificationView
17:26:01.229 [FXGL Background Thread 3 ] DEBUG Engine               - pixelsPerMeter: 50.0
17:26:01.229 [FXGL Background Thread 3 ] DEBUG Engine               - platform: WINDOWS
17:26:01.229 [FXGL Background Thread 3 ] DEBUG Engine               - prefHeightProperty: ReadOnlyDoubleProperty [value: 600.0]
17:26:01.229 [FXGL Background Thread 3 ] DEBUG Engine               - prefWidthProperty: ReadOnlyDoubleProperty [value: 800.0]
17:26:01.230 [FXGL Background Thread 3 ] DEBUG Engine               - profileDir: profiles/
17:26:01.230 [FXGL Background Thread 3 ] DEBUG Engine               - profileName: StringProperty [value: DEFAULT]
17:26:01.230 [FXGL Background Thread 3 ] DEBUG Engine               - randomSeed: -1
17:26:01.230 [FXGL Background Thread 3 ] DEBUG Engine               - runtimeInfo: RuntimeInfo(platform=WINDOWS, version=dev-SNAPSHOT, build=28.07.2021 16.39)
17:26:01.230 [FXGL Background Thread 3 ] DEBUG Engine               - saveFileExt: sav
17:26:01.230 [FXGL Background Thread 3 ] DEBUG Engine               - scaledHeightProp$fxgl: DoubleProperty [bound, value: 600.0]
17:26:01.230 [FXGL Background Thread 3 ] DEBUG Engine               - scaledWidthProp$fxgl: DoubleProperty [bound, value: 800.0]
17:26:01.230 [FXGL Background Thread 3 ] DEBUG Engine               - sceneFactory: com.groupfour.mygame.App$1@7025b7cb
17:26:01.230 [FXGL Background Thread 3 ] DEBUG Engine               - secondsIn24h: 60
17:26:01.230 [FXGL Background Thread 3 ] DEBUG Engine               - soundMenuBack: menu/back.wav
17:26:01.230 [FXGL Background Thread 3 ] DEBUG Engine               - soundMenuPress: menu/press.wav
17:26:01.230 [FXGL Background Thread 3 ] DEBUG Engine               - soundMenuSelect: menu/select.wav
17:26:01.230 [FXGL Background Thread 3 ] DEBUG Engine               - soundNotification: core/notification.wav
17:26:01.230 [FXGL Background Thread 3 ] DEBUG Engine               - stageStyle: DECORATED
17:26:01.230 [FXGL Background Thread 3 ] DEBUG Engine               - supportedLanguages: [ENGLISH, FRENCH, GERMAN, HUNGARIAN, RUSSIAN]
17:26:01.230 [FXGL Background Thread 3 ] DEBUG Engine               - ticksPerSecond: -1
17:26:01.230 [FXGL Background Thread 3 ] DEBUG Engine               - title: Flatline: Oregon
17:26:01.230 [FXGL Background Thread 3 ] DEBUG Engine               - urlGithub: https://github.com/AlmasB/FXGL
17:26:01.230 [FXGL Background Thread 3 ] DEBUG Engine               - urlLeaderboard: http://fxgl-top.herokuapp.com/
17:26:01.230 [FXGL Background Thread 3 ] DEBUG Engine               - urlPOM: https://raw.githubusercontent.com/AlmasB/FXGL/release/README.md
17:26:01.230 [FXGL Background Thread 3 ] DEBUG Engine               - userAppClass: class com.groupfour.mygame.App
17:26:01.230 [FXGL Background Thread 3 ] DEBUG Engine               - version: Alpha 0.3
17:26:01.230 [FXGL Background Thread 3 ] DEBUG Engine               - versionCheckDays: 7
17:26:01.230 [FXGL Background Thread 3 ] DEBUG Engine               - width: 800
17:26:01.230 [FXGL Background Thread 3 ] DEBUG Engine               - Logging services
17:26:01.230 [FXGL Background Thread 3 ] DEBUG Engine               - class com.almasb.fxgl.app.services.FXGLAssetLoaderService
17:26:01.230 [FXGL Background Thread 3 ] DEBUG Engine               - class com.almasb.fxgl.app.FXGLApplication$GameApplicationService
17:26:01.230 [FXGL Background Thread 3 ] DEBUG Engine               - class com.almasb.fxgl.app.services.FXGLDialogService
17:26:01.230 [FXGL Background Thread 3 ] DEBUG Engine               - class com.almasb.fxgl.app.services.IOTaskExecutorService
17:26:01.230 [FXGL Background Thread 3 ] DEBUG Engine               - class com.almasb.fxgl.io.FileSystemService
17:26:01.230 [FXGL Background Thread 3 ] DEBUG Engine               - class com.almasb.fxgl.localization.LocalizationService
17:26:01.230 [FXGL Background Thread 3 ] DEBUG Engine               - class com.almasb.fxgl.app.services.SystemBundleService
17:26:01.230 [FXGL Background Thread 3 ] DEBUG Engine               - class com.almasb.fxgl.profile.SaveLoadService
17:26:01.230 [FXGL Background Thread 3 ] DEBUG Engine               - class com.almasb.fxgl.ui.FXGLUIFactoryServiceProvider
17:26:01.230 [FXGL Background Thread 3 ] DEBUG Engine               - class com.almasb.fxgl.ui.FXGLDialogFactoryServiceProvider
17:26:01.231 [FXGL Background Thread 3 ] DEBUG Engine               - class com.almasb.fxgl.audio.AudioPlayer
17:26:01.231 [FXGL Background Thread 3 ] DEBUG Engine               - class com.almasb.fxgl.notification.impl.NotificationServiceProvider
17:26:01.231 [FXGL Background Thread 3 ] DEBUG Engine               - class com.almasb.fxgl.achievement.AchievementService
17:26:01.231 [FXGL Background Thread 3 ] DEBUG Engine               - class com.almasb.fxgl.cutscene.CutsceneService
17:26:01.231 [FXGL Background Thread 3 ] DEBUG Engine               - class com.almasb.fxgl.minigames.MiniGameService
17:26:01.231 [FXGL Background Thread 3 ] DEBUG Engine               - class com.almasb.fxgl.net.NetService
17:26:01.231 [FXGL Background Thread 3 ] DEBUG Engine               - class com.almasb.fxgl.app.services.UpdaterService
17:26:01.231 [FXGL Background Thread 3 ] DEBUG Engine               - class com.almasb.fxgl.dev.DevService
17:26:01.231 [FXGL Background Thread 3 ] DEBUG Engine               - class com.almasb.fxgl.multiplayer.MultiplayerService
17:26:11.204 [JavaFX Application Thread] DEBUG PrimaryStageWindow   - Push state: DialogSubScene
17:26:11.204 [JavaFX Application Thread] DEBUG Input                - Clearing active input actions
17:26:11.204 [JavaFX Application Thread] DEBUG GameApplicationServi - Removing overlay from GameScene and adding to DialogSubScene
17:26:11.205 [JavaFX Application Thread] DEBUG PrimaryStageWindow   - GameScene -> DialogSubScene
17:26:11.862 [JavaFX Application Thread] DEBUG PrimaryStageWindow   - Pop state: DialogSubScene
17:26:11.862 [JavaFX Application Thread] DEBUG Input                - Clearing active input actions
17:26:11.863 [JavaFX Application Thread] DEBUG GameApplicationServi - Removing overlay from DialogSubScene and adding to GameScene
17:26:11.863 [JavaFX Application Thread] DEBUG PrimaryStageWindow   - GameScene <- DialogSubScene
17:26:11.863 [JavaFX Application Thread] DEBUG Input                - Clearing active input actions
17:26:11.866 [JavaFX Application Thread] DEBUG GameApplicationServi - Removing overlay from GameScene and adding to FXGLMainMenuDummyScene
17:26:11.867 [JavaFX Application Thread] DEBUG PrimaryStageWindow   - GameScene -> FXGLMainMenuDummyScene
17:26:11.867 [JavaFX Application Thread] DEBUG PrimaryStageWindow   - Push state: FXGLDefaultMenu
17:26:11.867 [JavaFX Application Thread] DEBUG Input                - Clearing active input actions
17:26:11.868 [JavaFX Application Thread] DEBUG GameApplicationServi - Removing overlay from FXGLMainMenuDummyScene and adding to FXGLDefaultMenu
17:26:11.870 [JavaFX Application Thread] DEBUG PrimaryStageWindow   - FXGLMainMenuDummyScene -> FXGLDefaultMenu
17:26:12.398 [JavaFX Application Thread] DEBUG Menu                 - fireNewGame()
17:26:12.399 [JavaFX Application Thread] DEBUG GameApplicationServi - Starting new game
17:26:12.399 [JavaFX Application Thread] DEBUG PrimaryStageWindow   - Pop state: FXGLDefaultMenu
17:26:12.399 [JavaFX Application Thread] DEBUG Input                - Clearing active input actions
17:26:12.399 [JavaFX Application Thread] DEBUG GameApplicationServi - Removing overlay from FXGLDefaultMenu and adding to FXGLMainMenuDummyScene
17:26:12.400 [JavaFX Application Thread] DEBUG PrimaryStageWindow   - FXGLMainMenuDummyScene <- FXGLDefaultMenu
17:26:12.400 [JavaFX Application Thread] DEBUG Input                - Clearing active input actions
17:26:12.402 [JavaFX Application Thread] DEBUG GameApplicationServi - Removing overlay from FXGLMainMenuDummyScene and adding to FXGLLoadingScene
17:26:12.402 [JavaFX Application Thread] DEBUG PrimaryStageWindow   - FXGLMainMenuDummyScene -> FXGLLoadingScene
17:26:12.402 [JavaFX Application Thread] DEBUG GameApplicationServi - Clearing previous game
17:26:12.402 [JavaFX Application Thread] DEBUG GameScene            - Clearing game scene
17:26:12.402 [JavaFX Application Thread] DEBUG GameWorld            - Clearing game world
17:26:12.403 [JavaFX Application Thread] DEBUG PhysicsWorld         - Clearing physics world
17:26:12.403 [FXGL Background Thread 2 ] DEBUG FXGLApplication      - Initializing game
17:26:12.404 [FXGL Background Thread 2 ] INFO  FXGLApplication      - Game initialization took: 0.001 sec
17:26:12.416 [JavaFX Application Thread] DEBUG Input                - Clearing active input actions
17:26:12.419 [JavaFX Application Thread] DEBUG GameApplicationServi - Removing overlay from FXGLLoadingScene and adding to GameScene
17:26:12.420 [JavaFX Application Thread] DEBUG PrimaryStageWindow   - FXGLLoadingScene -> GameScene
17:26:12.422 [JavaFX Application Thread] DEBUG LoopRunner           - Stopping loop
17:26:12.424 [JavaFX Application Thread] FATAL FXGLApplication      - Uncaught Exception:
java.lang.IllegalArgumentException: Component PlayerComponent not found!
	at com.almasb.fxgl.entity/com.almasb.fxgl.entity.Entity.getComponent(Entity.java:369)
	at com.groupfour.mygame/com.groupfour.mygame.App.onUpdate(App.java:416)
	at com.almasb.fxgl.all/com.almasb.fxgl.app.FXGLApplication$GameApplicationService.onGameUpdate(FXGLApplication.kt:421)
	at com.almasb.fxgl.all/com.almasb.fxgl.app.Engine.onGameUpdate(Engine.kt:137)
	at com.almasb.fxgl.all/com.almasb.fxgl.app.FXGLApplication.postServicesInit$lambda-7(FXGLApplication.kt:182)
	at com.almasb.fxgl.scene/com.almasb.fxgl.scene.Scene.update(Scene.kt:113)
	at com.almasb.fxgl.all/com.almasb.fxgl.app.MainWindow$update$1.invoke(MainWindow.kt:115)
	at com.almasb.fxgl.all/com.almasb.fxgl.app.MainWindow$update$1.invoke(MainWindow.kt:115)
	at com.almasb.fxgl.core/com.almasb.fxgl.core.fsm.StateMachine.runOnActiveStates(StateMachine.kt:69)
	at com.almasb.fxgl.all/com.almasb.fxgl.app.MainWindow.update(MainWindow.kt:115)
	at com.almasb.fxgl.all/com.almasb.fxgl.app.FXGLApplication$GameApplicationService.onUpdate(FXGLApplication.kt:426)
	at com.almasb.fxgl.all/com.almasb.fxgl.app.Engine.loop(Engine.kt:133)
	at com.almasb.fxgl.all/com.almasb.fxgl.app.Engine.access$loop(Engine.kt:24)
	at com.almasb.fxgl.all/com.almasb.fxgl.app.Engine$loop$1.invoke(Engine.kt:28)
	at com.almasb.fxgl.all/com.almasb.fxgl.app.Engine$loop$1.invoke(Engine.kt:28)
	at com.almasb.fxgl.all/com.almasb.fxgl.app.LoopRunner.frame(LoopRunner.kt:103)
	at com.almasb.fxgl.all/com.almasb.fxgl.app.LoopRunner.access$frame(LoopRunner.kt:23)
	at com.almasb.fxgl.all/com.almasb.fxgl.app.LoopRunner$impl$2$1.onTick(LoopRunner.kt:57)
	at com.almasb.fxgl.all/com.almasb.fxgl.app.AnimationTimerLoop$timer$1.handle(LoopRunner.kt:137)
	at javafx.graphics/javafx.animation.AnimationTimer$AnimationTimerReceiver.lambda$handle$0(AnimationTimer.java:57)
	at java.base/java.security.AccessController.doPrivileged(Native Method)
	at javafx.graphics/javafx.animation.AnimationTimer$AnimationTimerReceiver.handle(AnimationTimer.java:56)
	at javafx.graphics/com.sun.scenario.animation.AbstractPrimaryTimer.timePulseImpl(AbstractPrimaryTimer.java:356)
	at javafx.graphics/com.sun.scenario.animation.AbstractPrimaryTimer$MainLoop.run(AbstractPrimaryTimer.java:266)
	at javafx.graphics/com.sun.javafx.tk.quantum.QuantumToolkit.pulse(QuantumToolkit.java:559)
	at javafx.graphics/com.sun.javafx.tk.quantum.QuantumToolkit.pulse(QuantumToolkit.java:543)
	at javafx.graphics/com.sun.javafx.tk.quantum.QuantumToolkit.pulseFromQueue(QuantumToolkit.java:536)
	at javafx.graphics/com.sun.javafx.tk.quantum.QuantumToolkit.lambda$runToolkit$11(QuantumToolkit.java:342)
	at javafx.graphics/com.sun.glass.ui.InvokeLaterDispatcher$Future.run(InvokeLaterDispatcher.java:96)
	at javafx.graphics/com.sun.glass.ui.win.WinApplication._runLoop(Native Method)
	at javafx.graphics/com.sun.glass.ui.win.WinApplication.lambda$runLoop$3(WinApplication.java:174)
	at java.base/java.lang.Thread.run(Thread.java:834)

17:26:12.427 [JavaFX Application Thread] FATAL FXGLApplication      - Application will now exit
17:26:12.430 [JavaFX Application Thread] DEBUG PrimaryStageWindow   - Push state: ErrorSubScene
17:26:12.430 [JavaFX Application Thread] DEBUG Input                - Clearing active input actions
17:26:12.431 [JavaFX Application Thread] DEBUG GameApplicationServi - Removing overlay from GameScene and adding to ErrorSubScene
17:26:12.431 [JavaFX Application Thread] DEBUG PrimaryStageWindow   - GameScene -> ErrorSubScene
17:26:13.861 [JavaFX Application Thread] DEBUG FXGLApplication      - Exiting FXGL
17:26:13.861 [JavaFX Application Thread] DEBUG Async                - Shutting down background threads
17:26:13.861 [JavaFX Application Thread] DEBUG PrimaryStageWindow   - Closing main window
17:26:13.872 [JavaFX Application Thread] DEBUG Logger               - Closing Logger
