14:13:27.564 [main                     ] DEBUG Logger               - Configured Logger
14:13:27.572 [main                     ] DEBUG GameApplication      - Logging settings
Title: Flatline: Oregon
Version: Alpha 0.3
Width: 800
Height: 600
Fullscreen: false
Intro: false
Profiling: false
Single step:false
App Mode: DEVELOPER
Menu Key: ESCAPE
Stage Style: DECORATED
Scene Factory: class com.groupfour.mygame.App$1

14:13:28.213 [JavaFX Application Thread] DEBUG FXGLApplication      - Initializing FXGL
14:13:28.216 [JavaFX Application Thread] INFO  Engine               - FXGL-dev-SNAPSHOT (28.07.2021 16.39) on WINDOWS (J:21.0.4 FX:16)
14:13:28.217 [JavaFX Application Thread] DEBUG Engine               - JRE Vendor Name: Eclipse Adoptium
14:13:28.217 [JavaFX Application Thread] DEBUG Engine               - Running on OS: Windows 11 version 10.0
14:13:28.217 [JavaFX Application Thread] DEBUG Engine               - Architecture: amd64
14:13:28.217 [JavaFX Application Thread] INFO  Engine               - Source code and latest versions at: https://github.com/AlmasB/FXGL
14:13:28.218 [JavaFX Application Thread] INFO  Engine               -              Join the FXGL chat at: https://gitter.im/AlmasB/FXGL
14:13:28.369 [JavaFX Application Thread] DEBUG PrimaryStageWindow   - Creating a JavaFX scene
14:13:28.440 [JavaFX Application Thread] DEBUG PrimaryStageWindow   - Target settings size: 800.0 x 600.0
14:13:28.441 [JavaFX Application Thread] DEBUG PrimaryStageWindow   - Scaled scene size:    800.0 x 600.0
14:13:28.441 [JavaFX Application Thread] DEBUG PrimaryStageWindow   - Scaled ratio: (1.0, 1.0)
14:13:28.442 [JavaFX Application Thread] DEBUG PrimaryStageWindow   - Set initial scene to FXGLStartupScene
14:13:28.453 [JavaFX Application Thread] DEBUG PrimaryStageWindow   - Opening main window
14:13:28.601 [JavaFX Application Thread] DEBUG PrimaryStageWindow   - Window border size: (14.4000244140625, 37.5999755859375)
14:13:28.601 [JavaFX Application Thread] DEBUG PrimaryStageWindow   - Scaled size: 800.0 x 600.0
14:13:28.601 [JavaFX Application Thread] DEBUG PrimaryStageWindow   - Scaled ratio: (1.0, 1.0)
14:13:28.601 [JavaFX Application Thread] DEBUG PrimaryStageWindow   - Scene size: 800.0 x 600.0
14:13:28.602 [JavaFX Application Thread] DEBUG PrimaryStageWindow   - Stage size: 814.4000244140625 x 637.5999755859375
14:13:28.617 [FXGL Background Thread 1 ] DEBUG Engine               - Initializing environment variables
14:13:28.735 [FXGL Background Thread 1 ] DEBUG FXGLAssetLoaderServi - User app class for loading assets: class com.groupfour.mygame.App
14:13:28.736 [FXGL Background Thread 1 ] DEBUG GameApplicationServi - Applying CSS: fxgl_dark.css
14:13:28.736 [FXGL Background Thread 1 ] DEBUG FXGLAssetLoaderServi - Loading from file system: jar:file:///C:/Users/Cent/.m2/repository/com/github/almasb/fxgl/dev-SNAPSHOT/fxgl-dev-SNAPSHOT.jar!/fxglassets/ui/css/fxgl_dark.css
14:13:28.831 [FXGL Background Thread 1 ] DEBUG GameApplicationServi - Initializing application scenes
14:13:28.924 [FXGL Background Thread 1 ] DEBUG GameWorld            - Game world initialized
14:13:29.039 [FXGL Background Thread 1 ] DEBUG PhysicsWorld         - Physics world initialized: appHeight=600, physics.ppm=50.0
14:13:29.039 [FXGL Background Thread 1 ] DEBUG PhysicsWorld         - Using strategy: BRUTE_FORCE
14:13:29.044 [FXGL Background Thread 1 ] DEBUG GameScene            - Game scene initialized: 800x600
14:13:29.064 [FXGL Background Thread 1 ] DEBUG FXGL.DefaultMenu     - createMenuBodyMainMenu()
14:13:29.084 [FXGL Background Thread 1 ] DEBUG FXGL.DefaultMenu     - createOptionsMenu()
14:13:29.101 [FXGL Background Thread 1 ] DEBUG FXGLAssetLoaderServi - Loading from file system: jar:file:///C:/Users/Cent/.m2/repository/com/github/almasb/fxgl/dev-SNAPSHOT/fxgl-dev-SNAPSHOT.jar!/fxglassets/textures/particles/smoke.png
14:13:29.284 [FXGL Background Thread 1 ] DEBUG FXGLAssetLoaderServi - Loading from file system: jar:file:///C:/Users/Cent/.m2/repository/com/github/almasb/fxgl/dev-SNAPSHOT/fxgl-dev-SNAPSHOT.jar!/fxglassets/textures/particles/trace_horizontal.png
14:13:29.342 [FXGL Background Thread 1 ] DEBUG GameApplicationServi - Application scenes initialized
14:13:29.362 [FXGL Background Thread 1 ] DEBUG SystemBundleService  - Loading FXGL system data
14:13:29.368 [FXGL Background Thread 1 ] DEBUG FileSystemAccess     - Reading from: c:\Users\Cent\Desktop\CSS124L-LE\CSS124L-FinalExam\CSS124L-FINAL-PROJECT\system\fxgl.bundle
14:13:29.385 [FXGL Background Thread 1 ] DEBUG SystemBundleService  - Bundle FXGL: {}
14:13:29.385 [FXGL Background Thread 1 ] DEBUG UpdaterService       - Checking for updates
14:13:29.424 [FXGL Background Thread 4 ] DEBUG FXGLApplication      - Loading fonts
14:13:29.424 [FXGL Background Thread 4 ] DEBUG FXGLAssetLoaderServi - Loading from file system: jar:file:///C:/Users/Cent/.m2/repository/com/github/almasb/fxgl/dev-SNAPSHOT/fxgl-dev-SNAPSHOT.jar!/fxglassets/ui/fonts/VarelaRound-Regular.ttf
14:13:29.425 [FXGL Background Thread 1 ] DEBUG FXGLApplication      - Loading default localization
14:13:29.425 [FXGL Background Thread 1 ] DEBUG FXGLAssetLoaderServi - Loading from file system: jar:file:///C:/Users/Cent/.m2/repository/com/github/almasb/fxgl/dev-SNAPSHOT/fxgl-dev-SNAPSHOT.jar!/fxglassets/languages/english.lang
14:13:29.476 [FXGL Background Thread 1 ] INFO  FXGLApplication      - FXGL initialization took: 0.859 sec
14:13:29.512 [JavaFX Application Thread] DEBUG Input                - Registered new binding: Move Upwards - W
14:13:29.512 [JavaFX Application Thread] DEBUG Input                - Registered new binding: Move Down - S
14:13:29.512 [JavaFX Application Thread] DEBUG Input                - Registered new binding: Move Left - A
14:13:29.512 [JavaFX Application Thread] DEBUG Input                - Registered new binding: Move Right - D
14:13:29.513 [JavaFX Application Thread] DEBUG Input                - Registered new binding: Reload - R
14:13:29.515 [JavaFX Application Thread] DEBUG Input                - Registered new binding: Shoot - LMB
14:13:29.515 [JavaFX Application Thread] DEBUG Input                - Registered new binding: Switch Weapons - Q
14:13:29.515 [FXGL Background Thread 4 ] DEBUG FXGLAssetLoaderServi - Loading from file system: jar:file:///C:/Users/Cent/.m2/repository/com/github/almasb/fxgl/dev-SNAPSHOT/fxgl-dev-SNAPSHOT.jar!/fxglassets/ui/fonts/Abel-Regular.ttf
14:13:29.515 [JavaFX Application Thread] DEBUG Input                - Registered new binding: Interact - F
14:13:29.516 [JavaFX Application Thread] DEBUG FXGLAssetLoaderServi - Loading from file system: jar:file:///C:/Users/Cent/.m2/repository/com/github/almasb/fxgl/dev-SNAPSHOT/fxgl-dev-SNAPSHOT.jar!/fxglassets/textures/fxgl_icon.png
14:13:29.523 [FXGL Background Thread 4 ] DEBUG FXGLAssetLoaderServi - Loading from file system: jar:file:///C:/Users/Cent/.m2/repository/com/github/almasb/fxgl/dev-SNAPSHOT/fxgl-dev-SNAPSHOT.jar!/fxglassets/ui/fonts/lucida_console.ttf
14:13:29.532 [FXGL Background Thread 4 ] DEBUG FXGLAssetLoaderServi - Loading from file system: jar:file:///C:/Users/Cent/.m2/repository/com/github/almasb/fxgl/dev-SNAPSHOT/fxgl-dev-SNAPSHOT.jar!/fxglassets/ui/fonts/Courier-Prime.ttf
14:13:29.554 [JavaFX Application Thread] DEBUG FXGLAssetLoaderServi - Loading from file system: jar:file:///C:/Users/Cent/.m2/repository/com/github/almasb/fxgl/dev-SNAPSHOT/fxgl-dev-SNAPSHOT.jar!/fxglassets/textures/fxgl_default_cursor.png
14:13:29.561 [JavaFX Application Thread] DEBUG Input                - Registered new binding: Screenshot - CTRL+8
14:13:29.563 [JavaFX Application Thread] DEBUG Input                - Registered new binding: Dev Options - 1
14:13:29.565 [JavaFX Application Thread] DEBUG Input                - Registered new binding: Dev Console - 2
14:13:29.566 [JavaFX Application Thread] DEBUG Input                - Registered new binding: System info dump - CTRL+9
14:13:29.567 [JavaFX Application Thread] DEBUG Input                - Registered new binding: Restart - CTRL+R
14:13:29.568 [JavaFX Application Thread] DEBUG Input                - Registered new binding: Toggle Debug Camera - CTRL+C
14:13:29.575 [JavaFX Application Thread] DEBUG LoopRunner           - Starting loop
14:13:29.598 [JavaFX Application Thread] DEBUG LoopRunner           - Initializing JavaFX AnimationTimerLoop
14:13:29.604 [JavaFX Application Thread] DEBUG Input                - Clearing active input actions
14:13:29.622 [JavaFX Application Thread] DEBUG GameApplicationServi - Removing overlay from FXGLStartupScene and adding to FXGLMainMenuDummyScene
14:13:29.642 [JavaFX Application Thread] DEBUG PrimaryStageWindow   - FXGLStartupScene -> FXGLMainMenuDummyScene
14:13:29.642 [JavaFX Application Thread] DEBUG PrimaryStageWindow   - Push state: FXGLDefaultMenu
14:13:29.678 [JavaFX Application Thread] DEBUG Input                - Clearing active input actions
14:13:29.691 [JavaFX Application Thread] DEBUG GameApplicationServi - Removing overlay from FXGLMainMenuDummyScene and adding to FXGLDefaultMenu
14:13:29.692 [JavaFX Application Thread] DEBUG PrimaryStageWindow   - FXGLMainMenuDummyScene -> FXGLDefaultMenu
14:13:29.692 [JavaFX Application Thread] DEBUG FXGLApplication      - Registering font factories with UI factory
14:13:30.527 [FXGL Background Thread 2 ] INFO  UpdaterService       - Your current version:  dev-SNAPSHOT
14:13:30.528 [FXGL Background Thread 2 ] INFO  UpdaterService       - Latest stable version: 21.1
14:13:32.422 [FXGL Background Thread 3 ] DEBUG Engine               - Logging environment variables
14:13:32.423 [FXGL Background Thread 3 ] DEBUG Engine               - achievements: []
14:13:32.423 [FXGL Background Thread 3 ] DEBUG Engine               - actualHeight: 600.0
14:13:32.424 [FXGL Background Thread 3 ] DEBUG Engine               - actualHeightProperty: ReadOnlyDoubleProperty [value: 600.0]
14:13:32.424 [FXGL Background Thread 3 ] DEBUG Engine               - actualWidth: 800.0
14:13:32.424 [FXGL Background Thread 3 ] DEBUG Engine               - actualWidthProperty: ReadOnlyDoubleProperty [value: 800.0]
14:13:32.424 [FXGL Background Thread 3 ] DEBUG Engine               - appIcon: fxgl_icon.png
14:13:32.424 [FXGL Background Thread 3 ] DEBUG Engine               - applicationMode: DEVELOPER
14:13:32.425 [FXGL Background Thread 3 ] DEBUG Engine               - cSSList: [fxgl_dark.css]
14:13:32.425 [FXGL Background Thread 3 ] DEBUG Engine               - collisionDetectionStrategy: BRUTE_FORCE
14:13:32.425 [FXGL Background Thread 3 ] DEBUG Engine               - configClass: Optional.empty
14:13:32.425 [FXGL Background Thread 3 ] DEBUG Engine               - credits: []
14:13:32.425 [FXGL Background Thread 3 ] DEBUG Engine               - defaultCursor: CursorInfo(imageName=fxgl_default_cursor.png, hotspotX=7.0, hotspotY=6.0)
14:13:32.425 [FXGL Background Thread 3 ] DEBUG Engine               - devBBoxColorProperty: ObjectProperty [value: 0xff0000ff]
14:13:32.425 [FXGL Background Thread 3 ] DEBUG Engine               - devEnableDebugCameraProperty: BooleanProperty [value: false]
14:13:32.426 [FXGL Background Thread 3 ] DEBUG Engine               - devSensorColorProperty: ObjectProperty [value: 0xffff00ff]
14:13:32.426 [FXGL Background Thread 3 ] DEBUG Engine               - devShowBBoxProperty: BooleanProperty [value: false]
14:13:32.427 [FXGL Background Thread 3 ] DEBUG Engine               - devShowPositionProperty: BooleanProperty [value: false]
14:13:32.427 [FXGL Background Thread 3 ] DEBUG Engine               - enabledMenuItems: []
14:13:32.427 [FXGL Background Thread 3 ] DEBUG Engine               - engineServices: [class com.almasb.fxgl.app.services.FXGLAssetLoaderService, class com.almasb.fxgl.app.FXGLApplication$GameApplicationService, class com.almasb.fxgl.app.services.FXGLDialogService, class com.almasb.fxgl.app.services.IOTaskExecutorService, class com.almasb.fxgl.io.FileSystemService, class com.almasb.fxgl.localization.LocalizationService, class com.almasb.fxgl.app.services.SystemBundleService, class com.almasb.fxgl.profile.SaveLoadService, class com.almasb.fxgl.ui.FXGLUIFactoryServiceProvider, class com.almasb.fxgl.ui.FXGLDialogFactoryServiceProvider, class com.almasb.fxgl.audio.AudioPlayer, class com.almasb.fxgl.notification.impl.NotificationServiceProvider, class com.almasb.fxgl.achievement.AchievementService, class com.almasb.fxgl.cutscene.CutsceneService, class com.almasb.fxgl.minigames.MiniGameService, class com.almasb.fxgl.net.NetService, class com.almasb.fxgl.app.services.UpdaterService, class com.almasb.fxgl.dev.DevService, class com.almasb.fxgl.multiplayer.MultiplayerService]
14:13:32.427 [FXGL Background Thread 3 ] DEBUG Engine               - fontGame: Abel-Regular.ttf
14:13:32.427 [FXGL Background Thread 3 ] DEBUG Engine               - fontMono: lucida_console.ttf
14:13:32.428 [FXGL Background Thread 3 ] DEBUG Engine               - fontText: Courier-Prime.ttf
14:13:32.428 [FXGL Background Thread 3 ] DEBUG Engine               - fontUI: VarelaRound-Regular.ttf
14:13:32.428 [FXGL Background Thread 3 ] DEBUG Engine               - fullScreen: BooleanProperty [value: false]
14:13:32.428 [FXGL Background Thread 3 ] DEBUG Engine               - gameDifficulty: MEDIUM
14:13:32.428 [FXGL Background Thread 3 ] DEBUG Engine               - gameDifficultyProperty: ObjectProperty [value: MEDIUM]
14:13:32.428 [FXGL Background Thread 3 ] DEBUG Engine               - globalMusicVolume: 0.5
14:13:32.429 [FXGL Background Thread 3 ] DEBUG Engine               - globalMusicVolumeProperty: DoubleProperty [value: 0.5]
14:13:32.429 [FXGL Background Thread 3 ] DEBUG Engine               - globalSoundVolume: 0.5
14:13:32.429 [FXGL Background Thread 3 ] DEBUG Engine               - globalSoundVolumeProperty: DoubleProperty [value: 0.5]
14:13:32.429 [FXGL Background Thread 3 ] DEBUG Engine               - height: 600
14:13:32.429 [FXGL Background Thread 3 ] DEBUG Engine               - is3D: false
14:13:32.430 [FXGL Background Thread 3 ] DEBUG Engine               - isAndroid: false
14:13:32.430 [FXGL Background Thread 3 ] DEBUG Engine               - isBrowser: false
14:13:32.430 [FXGL Background Thread 3 ] DEBUG Engine               - isClickFeedbackEnabled: false
14:13:32.430 [FXGL Background Thread 3 ] DEBUG Engine               - isCloseConfirmation: false
14:13:32.430 [FXGL Background Thread 3 ] DEBUG Engine               - isDesktop: true
14:13:32.430 [FXGL Background Thread 3 ] DEBUG Engine               - isDeveloperMenuEnabled: true
14:13:32.430 [FXGL Background Thread 3 ] DEBUG Engine               - isEmbedded: false
14:13:32.431 [FXGL Background Thread 3 ] DEBUG Engine               - isEntityPreloadEnabled: true
14:13:32.431 [FXGL Background Thread 3 ] DEBUG Engine               - isExperimentalTiledLargeMap: false
14:13:32.431 [FXGL Background Thread 3 ] DEBUG Engine               - isFileSystemWriteAllowed: true
14:13:32.431 [FXGL Background Thread 3 ] DEBUG Engine               - isFullScreenAllowed: false
14:13:32.431 [FXGL Background Thread 3 ] DEBUG Engine               - isFullScreenFromStart: false
14:13:32.431 [FXGL Background Thread 3 ] DEBUG Engine               - isGameMenuEnabled: true
14:13:32.432 [FXGL Background Thread 3 ] DEBUG Engine               - isIOS: false
14:13:32.432 [FXGL Background Thread 3 ] DEBUG Engine               - isIntroEnabled: false
14:13:32.432 [FXGL Background Thread 3 ] DEBUG Engine               - isLinux: false
14:13:32.432 [FXGL Background Thread 3 ] DEBUG Engine               - isMac: false
14:13:32.432 [FXGL Background Thread 3 ] DEBUG Engine               - isMainMenuEnabled: true
14:13:32.432 [FXGL Background Thread 3 ] DEBUG Engine               - isManualResizeEnabled: false
14:13:32.432 [FXGL Background Thread 3 ] DEBUG Engine               - isMobile: false
14:13:32.432 [FXGL Background Thread 3 ] DEBUG Engine               - isNative: false
14:13:32.433 [FXGL Background Thread 3 ] DEBUG Engine               - isPauseMusicWhenMinimized: true
14:13:32.433 [FXGL Background Thread 3 ] DEBUG Engine               - isPreserveResizeRatio: false
14:13:32.433 [FXGL Background Thread 3 ] DEBUG Engine               - isProfilingEnabled: false
14:13:32.433 [FXGL Background Thread 3 ] DEBUG Engine               - isScaleAffectedOnResize: true
14:13:32.434 [FXGL Background Thread 3 ] DEBUG Engine               - isSingleStep: false
14:13:32.434 [FXGL Background Thread 3 ] DEBUG Engine               - isUserProfileEnabled: false
14:13:32.434 [FXGL Background Thread 3 ] DEBUG Engine               - isWindows: true
14:13:32.434 [FXGL Background Thread 3 ] DEBUG Engine               - language: ObjectProperty [value: ENGLISH]
14:13:32.434 [FXGL Background Thread 3 ] DEBUG Engine               - menuKey: ESCAPE
14:13:32.434 [FXGL Background Thread 3 ] DEBUG Engine               - mouseSensitivity: 0.2
14:13:32.434 [FXGL Background Thread 3 ] DEBUG Engine               - notificationViewClass: class com.almasb.fxgl.notification.view.XboxNotificationView
14:13:32.434 [FXGL Background Thread 3 ] DEBUG Engine               - pixelsPerMeter: 50.0
14:13:32.434 [FXGL Background Thread 3 ] DEBUG Engine               - platform: WINDOWS
14:13:32.435 [FXGL Background Thread 3 ] DEBUG Engine               - prefHeightProperty: ReadOnlyDoubleProperty [value: 600.0]
14:13:32.435 [FXGL Background Thread 3 ] DEBUG Engine               - prefWidthProperty: ReadOnlyDoubleProperty [value: 800.0]
14:13:32.435 [FXGL Background Thread 3 ] DEBUG Engine               - profileDir: profiles/
14:13:32.435 [FXGL Background Thread 3 ] DEBUG Engine               - profileName: StringProperty [value: DEFAULT]
14:13:32.435 [FXGL Background Thread 3 ] DEBUG Engine               - randomSeed: -1
14:13:32.435 [FXGL Background Thread 3 ] DEBUG Engine               - runtimeInfo: RuntimeInfo(platform=WINDOWS, version=dev-SNAPSHOT, build=28.07.2021 16.39)
14:13:32.435 [FXGL Background Thread 3 ] DEBUG Engine               - saveFileExt: sav
14:13:32.435 [FXGL Background Thread 3 ] DEBUG Engine               - scaledHeightProp$fxgl: DoubleProperty [bound, value: 600.0]
14:13:32.435 [FXGL Background Thread 3 ] DEBUG Engine               - scaledWidthProp$fxgl: DoubleProperty [bound, value: 800.0]
14:13:32.436 [FXGL Background Thread 3 ] DEBUG Engine               - sceneFactory: com.groupfour.mygame.App$1@1e0f9c53
14:13:32.436 [FXGL Background Thread 3 ] DEBUG Engine               - secondsIn24h: 60
14:13:32.436 [FXGL Background Thread 3 ] DEBUG Engine               - soundMenuBack: menu/back.wav
14:13:32.436 [FXGL Background Thread 3 ] DEBUG Engine               - soundMenuPress: menu/press.wav
14:13:32.436 [FXGL Background Thread 3 ] DEBUG Engine               - soundMenuSelect: menu/select.wav
14:13:32.436 [FXGL Background Thread 3 ] DEBUG Engine               - soundNotification: core/notification.wav
14:13:32.437 [FXGL Background Thread 3 ] DEBUG Engine               - stageStyle: DECORATED
14:13:32.437 [FXGL Background Thread 3 ] DEBUG Engine               - supportedLanguages: [ENGLISH, FRENCH, GERMAN, HUNGARIAN, RUSSIAN]
14:13:32.437 [FXGL Background Thread 3 ] DEBUG Engine               - ticksPerSecond: -1
14:13:32.437 [FXGL Background Thread 3 ] DEBUG Engine               - title: Flatline: Oregon
14:13:32.437 [FXGL Background Thread 3 ] DEBUG Engine               - urlGithub: https://github.com/AlmasB/FXGL
14:13:32.437 [FXGL Background Thread 3 ] DEBUG Engine               - urlLeaderboard: http://fxgl-top.herokuapp.com/
14:13:32.437 [FXGL Background Thread 3 ] DEBUG Engine               - urlPOM: https://raw.githubusercontent.com/AlmasB/FXGL/release/README.md
14:13:32.437 [FXGL Background Thread 3 ] DEBUG Engine               - userAppClass: class com.groupfour.mygame.App
14:13:32.438 [FXGL Background Thread 3 ] DEBUG Engine               - version: Alpha 0.3
14:13:32.438 [FXGL Background Thread 3 ] DEBUG Engine               - versionCheckDays: 7
14:13:32.438 [FXGL Background Thread 3 ] DEBUG Engine               - width: 800
14:13:32.438 [FXGL Background Thread 3 ] DEBUG Engine               - Logging services
14:13:32.438 [FXGL Background Thread 3 ] DEBUG Engine               - class com.almasb.fxgl.app.services.FXGLAssetLoaderService
14:13:32.438 [FXGL Background Thread 3 ] DEBUG Engine               - class com.almasb.fxgl.app.FXGLApplication$GameApplicationService
14:13:32.438 [FXGL Background Thread 3 ] DEBUG Engine               - class com.almasb.fxgl.app.services.FXGLDialogService
14:13:32.438 [FXGL Background Thread 3 ] DEBUG Engine               - class com.almasb.fxgl.app.services.IOTaskExecutorService
14:13:32.438 [FXGL Background Thread 3 ] DEBUG Engine               - class com.almasb.fxgl.io.FileSystemService
14:13:32.438 [FXGL Background Thread 3 ] DEBUG Engine               - class com.almasb.fxgl.localization.LocalizationService
14:13:32.438 [FXGL Background Thread 3 ] DEBUG Engine               - class com.almasb.fxgl.app.services.SystemBundleService
14:13:32.438 [FXGL Background Thread 3 ] DEBUG Engine               - class com.almasb.fxgl.profile.SaveLoadService
14:13:32.438 [FXGL Background Thread 3 ] DEBUG Engine               - class com.almasb.fxgl.ui.FXGLUIFactoryServiceProvider
14:13:32.439 [FXGL Background Thread 3 ] DEBUG Engine               - class com.almasb.fxgl.ui.FXGLDialogFactoryServiceProvider
14:13:32.439 [FXGL Background Thread 3 ] DEBUG Engine               - class com.almasb.fxgl.audio.AudioPlayer
14:13:32.439 [FXGL Background Thread 3 ] DEBUG Engine               - class com.almasb.fxgl.notification.impl.NotificationServiceProvider
14:13:32.439 [FXGL Background Thread 3 ] DEBUG Engine               - class com.almasb.fxgl.achievement.AchievementService
14:13:32.439 [FXGL Background Thread 3 ] DEBUG Engine               - class com.almasb.fxgl.cutscene.CutsceneService
14:13:32.439 [FXGL Background Thread 3 ] DEBUG Engine               - class com.almasb.fxgl.minigames.MiniGameService
14:13:32.439 [FXGL Background Thread 3 ] DEBUG Engine               - class com.almasb.fxgl.net.NetService
14:13:32.439 [FXGL Background Thread 3 ] DEBUG Engine               - class com.almasb.fxgl.app.services.UpdaterService
14:13:32.439 [FXGL Background Thread 3 ] DEBUG Engine               - class com.almasb.fxgl.dev.DevService
14:13:32.439 [FXGL Background Thread 3 ] DEBUG Engine               - class com.almasb.fxgl.multiplayer.MultiplayerService
14:13:32.715 [JavaFX Application Thread] DEBUG Menu                 - fireNewGame()
14:13:32.715 [JavaFX Application Thread] DEBUG GameApplicationServi - Starting new game
14:13:32.721 [JavaFX Application Thread] DEBUG PrimaryStageWindow   - Pop state: FXGLDefaultMenu
14:13:32.722 [JavaFX Application Thread] DEBUG Input                - Clearing active input actions
14:13:32.726 [JavaFX Application Thread] DEBUG GameApplicationServi - Removing overlay from FXGLDefaultMenu and adding to FXGLMainMenuDummyScene
14:13:32.728 [JavaFX Application Thread] DEBUG PrimaryStageWindow   - FXGLMainMenuDummyScene <- FXGLDefaultMenu
14:13:32.729 [JavaFX Application Thread] DEBUG Input                - Clearing active input actions
14:13:32.741 [JavaFX Application Thread] DEBUG GameApplicationServi - Removing overlay from FXGLMainMenuDummyScene and adding to FXGLLoadingScene
14:13:32.743 [JavaFX Application Thread] DEBUG PrimaryStageWindow   - FXGLMainMenuDummyScene -> FXGLLoadingScene
14:13:32.743 [JavaFX Application Thread] DEBUG GameApplicationServi - Clearing previous game
14:13:32.743 [JavaFX Application Thread] DEBUG GameScene            - Clearing game scene
14:13:32.744 [JavaFX Application Thread] DEBUG GameWorld            - Clearing game world
14:13:32.744 [JavaFX Application Thread] DEBUG PhysicsWorld         - Clearing physics world
14:13:32.748 [FXGL Background Thread 2 ] DEBUG FXGLApplication      - Initializing game
14:13:32.830 [FXGL Background Thread 2 ] DEBUG FXGLAssetLoaderServi - Loading from file system: file:/C:/Users/Cent/Desktop/CSS124L-LE/CSS124L-FinalExam/CSS124L-FINAL-PROJECT/fp/target/classes/assets/textures/Players/1P_Idle.png
14:13:32.833 [FXGL Background Thread 2 ] DEBUG FXGLAssetLoaderServi - Loading from file system: file:/C:/Users/Cent/Desktop/CSS124L-LE/CSS124L-FinalExam/CSS124L-FINAL-PROJECT/fp/target/classes/assets/textures/Players/1P_Walk.gif
14:13:32.843 [FXGL Background Thread 2 ] DEBUG FXGLAssetLoaderServi - Loading from file system: file:/C:/Users/Cent/Desktop/CSS124L-LE/CSS124L-FinalExam/CSS124L-FINAL-PROJECT/fp/target/classes/assets/textures/Players/1P_Shoot.gif
14:13:32.869 [FXGL Background Thread 2 ] INFO  FXGLApplication      - Game initialization took: 0.120 sec
14:13:32.878 [JavaFX Application Thread] DEBUG Input                - Clearing active input actions
14:13:32.887 [JavaFX Application Thread] DEBUG GameApplicationServi - Removing overlay from FXGLLoadingScene and adding to GameScene
14:13:32.891 [JavaFX Application Thread] DEBUG PrimaryStageWindow   - FXGLLoadingScene -> GameScene
14:13:32.896 [JavaFX Application Thread] DEBUG PrimaryStageWindow   - Push state: PlayerCountMenu
14:13:32.896 [JavaFX Application Thread] DEBUG Input                - Clearing active input actions
14:13:32.897 [JavaFX Application Thread] DEBUG GameApplicationServi - Removing overlay from GameScene and adding to PlayerCountMenu
14:13:32.898 [JavaFX Application Thread] DEBUG PrimaryStageWindow   - GameScene -> PlayerCountMenu
14:13:33.850 [JavaFX Application Thread] DEBUG PrimaryStageWindow   - Push state: DialogSubScene
14:13:33.850 [JavaFX Application Thread] DEBUG Input                - Clearing active input actions
14:13:33.851 [JavaFX Application Thread] DEBUG GameApplicationServi - Removing overlay from PlayerCountMenu and adding to DialogSubScene
14:13:33.854 [JavaFX Application Thread] DEBUG PrimaryStageWindow   - PlayerCountMenu -> DialogSubScene
14:13:34.603 [JavaFX Application Thread] DEBUG PrimaryStageWindow   - Pop state: DialogSubScene
14:13:34.603 [JavaFX Application Thread] DEBUG Input                - Clearing active input actions
14:13:34.604 [JavaFX Application Thread] DEBUG GameApplicationServi - Removing overlay from DialogSubScene and adding to PlayerCountMenu
14:13:34.606 [JavaFX Application Thread] DEBUG PrimaryStageWindow   - PlayerCountMenu <- DialogSubScene
14:13:34.613 [JavaFX Application Thread] DEBUG PrimaryStageWindow   - Push state: LoadingScreen
14:13:34.614 [JavaFX Application Thread] DEBUG Input                - Clearing active input actions
14:13:34.614 [JavaFX Application Thread] DEBUG GameApplicationServi - Removing overlay from PlayerCountMenu and adding to LoadingScreen
14:13:34.614 [JavaFX Application Thread] DEBUG PrimaryStageWindow   - PlayerCountMenu -> LoadingScreen
14:13:34.619 [ServerAsyncConnThread    ] DEBUG TCPServer            - Starting to listen at: 55555 type: class com.almasb.fxgl.core.serialization.Bundle
14:13:38.468 [ServerAsyncConnThread    ] DEBUG Endpoint             - TCPServer opening new connection (1) from /127.0.0.1:60086 type: class com.almasb.fxgl.core.serialization.Bundle
14:13:38.470 [ServerAsyncConnThread    ] DEBUG Endpoint             - TCPServer successfully opened connection (1)
14:13:38.472 [JavaFX Application Thread] DEBUG PrimaryStageWindow   - Pop state: LoadingScreen
14:13:38.473 [JavaFX Application Thread] DEBUG Input                - Clearing active input actions
14:13:38.473 [JavaFX Application Thread] DEBUG GameApplicationServi - Removing overlay from LoadingScreen and adding to PlayerCountMenu
14:13:38.475 [JavaFX Application Thread] DEBUG PrimaryStageWindow   - PlayerCountMenu <- LoadingScreen
14:13:38.476 [JavaFX Application Thread] DEBUG PrimaryStageWindow   - Push state: MultiplayerStart
14:13:38.476 [JavaFX Application Thread] DEBUG Input                - Clearing active input actions
14:13:38.477 [JavaFX Application Thread] DEBUG GameApplicationServi - Removing overlay from PlayerCountMenu and adding to MultiplayerStart
14:13:38.478 [JavaFX Application Thread] DEBUG PrimaryStageWindow   - PlayerCountMenu -> MultiplayerStart
14:13:38.482 [TCPServer_SendThread-1   ] DEBUG Writers              - Getting TCPMessageWriter for class com.almasb.fxgl.core.serialization.Bundle
14:13:38.490 [TCPServer_RecvThread-1   ] DEBUG Readers              - Getting TCPMessageReader for class com.almasb.fxgl.core.serialization.Bundle
14:13:38.493 [TCPServer_RecvThread-1   ] DEBUG Readers              - Constructed MessageReader for class com.almasb.fxgl.core.serialization.Bundle: BundleTCPMessageReader
14:13:38.494 [TCPServer_SendThread-1   ] DEBUG Writers              - Constructed TCPMessageWriter for class com.almasb.fxgl.core.serialization.Bundle: BundleTCPMessageWriter
14:13:40.081 [JavaFX Application Thread] DEBUG PrimaryStageWindow   - Pop state: MultiplayerStart
14:13:40.081 [JavaFX Application Thread] DEBUG Input                - Clearing active input actions
14:13:40.082 [JavaFX Application Thread] DEBUG GameApplicationServi - Removing overlay from MultiplayerStart and adding to PlayerCountMenu
14:13:40.084 [JavaFX Application Thread] DEBUG PrimaryStageWindow   - PlayerCountMenu <- MultiplayerStart
14:13:40.084 [JavaFX Application Thread] DEBUG PrimaryStageWindow   - Pop state: PlayerCountMenu
14:13:40.084 [JavaFX Application Thread] DEBUG Input                - Clearing active input actions
14:13:40.085 [JavaFX Application Thread] DEBUG GameApplicationServi - Removing overlay from PlayerCountMenu and adding to GameScene
14:13:40.085 [JavaFX Application Thread] DEBUG PrimaryStageWindow   - GameScene <- PlayerCountMenu
14:13:41.312 [JavaFX Application Thread] DEBUG FXGLAssetLoaderServi - Loading from file system: file:/C:/Users/Cent/Desktop/CSS124L-LE/CSS124L-FinalExam/CSS124L-FINAL-PROJECT/fp/target/classes/assets/textures/Zombies/Basic_Zombie_Walking.gif
14:13:41.320 [JavaFX Application Thread] DEBUG FXGLAssetLoaderServi - Loading from file system: file:/C:/Users/Cent/Desktop/CSS124L-LE/CSS124L-FinalExam/CSS124L-FINAL-PROJECT/fp/target/classes/assets/textures/Zombies/Basic_Zombie_Attack.gif
14:13:49.482 [JavaFX Application Thread] DEBUG FXGLApplication      - Exiting FXGL
14:13:49.482 [JavaFX Application Thread] DEBUG LoopRunner           - Stopping loop
14:13:49.482 [JavaFX Application Thread] DEBUG SystemBundleService  - Saving FXGL system data
14:13:49.484 [JavaFX Application Thread] DEBUG FileSystemAccess     - Writing to: c:\Users\Cent\Desktop\CSS124L-LE\CSS124L-FinalExam\CSS124L-FINAL-PROJECT\system\fxgl.bundle
14:13:49.485 [JavaFX Application Thread] DEBUG Async                - Shutting down background threads
14:13:49.486 [JavaFX Application Thread] DEBUG PrimaryStageWindow   - Closing main window
14:13:49.507 [JavaFX Application Thread] DEBUG Logger               - Closing Logger
