12:41:00.877 [main                     ] DEBUG Logger               - Configured Logger
12:41:00.895 [main                     ] DEBUG GameApplication      - Logging settings
Title: Flatline: Oregon
Version: Alpha 0.3
Width: 800
Height: 600
Fullscreen: false
Intro: false
Profiling: false
Single step:false
App Mode: DEVELOPER
Menu Key: ESCAPE
Stage Style: DECORATED
Scene Factory: class com.groupfour.mygame.App$1

12:41:01.151 [JavaFX Application Thread] DEBUG FXGLApplication      - Initializing FXGL
12:41:01.154 [JavaFX Application Thread] INFO  Engine               - FXGL-dev-SNAPSHOT (28.07.2021 16.39) on WINDOWS (J:11.0.22 FX:16)
12:41:01.154 [JavaFX Application Thread] DEBUG Engine               - JRE Vendor Name: Oracle Corporation
12:41:01.155 [JavaFX Application Thread] DEBUG Engine               - Running on OS: Windows 11 version 10.0
12:41:01.155 [JavaFX Application Thread] DEBUG Engine               - Architecture: amd64
12:41:01.155 [JavaFX Application Thread] INFO  Engine               - Source code and latest versions at: https://github.com/AlmasB/FXGL
12:41:01.155 [JavaFX Application Thread] INFO  Engine               -              Join the FXGL chat at: https://gitter.im/AlmasB/FXGL
12:41:01.208 [JavaFX Application Thread] DEBUG PrimaryStageWindow   - Creating a JavaFX scene
12:41:01.245 [JavaFX Application Thread] DEBUG PrimaryStageWindow   - Target settings size: 800.0 x 600.0
12:41:01.245 [JavaFX Application Thread] DEBUG PrimaryStageWindow   - Scaled scene size:    800.0 x 600.0
12:41:01.246 [JavaFX Application Thread] DEBUG PrimaryStageWindow   - Scaled ratio: (1.0, 1.0)
12:41:01.246 [JavaFX Application Thread] DEBUG PrimaryStageWindow   - Set initial scene to FXGLStartupScene
12:41:01.250 [JavaFX Application Thread] DEBUG PrimaryStageWindow   - Opening main window
12:41:01.311 [JavaFX Application Thread] DEBUG PrimaryStageWindow   - Window border size: (14.4000244140625, 37.5999755859375)
12:41:01.311 [JavaFX Application Thread] DEBUG PrimaryStageWindow   - Scaled size: 800.0 x 600.0
12:41:01.311 [JavaFX Application Thread] DEBUG PrimaryStageWindow   - Scaled ratio: (1.0, 1.0)
12:41:01.313 [JavaFX Application Thread] DEBUG PrimaryStageWindow   - Scene size: 800.0 x 600.0
12:41:01.313 [JavaFX Application Thread] DEBUG PrimaryStageWindow   - Stage size: 814.4000244140625 x 637.5999755859375
12:41:01.319 [FXGL Background Thread 1 ] DEBUG Engine               - Initializing environment variables
12:41:01.359 [FXGL Background Thread 1 ] DEBUG FXGLAssetLoaderServi - User app class for loading assets: class com.groupfour.mygame.App
12:41:01.359 [FXGL Background Thread 1 ] DEBUG GameApplicationServi - Applying CSS: fxgl_dark.css
12:41:01.360 [FXGL Background Thread 1 ] DEBUG FXGLAssetLoaderServi - Loading from file system: jar:file:///C:/Users/acer/.m2/repository/com/github/almasb/fxgl/dev-SNAPSHOT/fxgl-dev-SNAPSHOT.jar!/fxglassets/ui/css/fxgl_dark.css
12:41:01.398 [FXGL Background Thread 1 ] DEBUG GameApplicationServi - Initializing application scenes
12:41:01.426 [FXGL Background Thread 1 ] DEBUG GameWorld            - Game world initialized
12:41:01.465 [FXGL Background Thread 1 ] DEBUG PhysicsWorld         - Physics world initialized: appHeight=600, physics.ppm=50.0
12:41:01.465 [FXGL Background Thread 1 ] DEBUG PhysicsWorld         - Using strategy: BRUTE_FORCE
12:41:01.468 [FXGL Background Thread 1 ] DEBUG GameScene            - Game scene initialized: 800x600
12:41:01.475 [FXGL Background Thread 1 ] DEBUG FXGL.DefaultMenu     - createMenuBodyMainMenu()
12:41:01.484 [FXGL Background Thread 1 ] DEBUG FXGL.DefaultMenu     - createOptionsMenu()
12:41:01.490 [FXGL Background Thread 1 ] DEBUG FXGLAssetLoaderServi - Loading from file system: jar:file:///C:/Users/acer/.m2/repository/com/github/almasb/fxgl/dev-SNAPSHOT/fxgl-dev-SNAPSHOT.jar!/fxglassets/textures/particles/smoke.png
12:41:01.560 [FXGL Background Thread 1 ] DEBUG FXGLAssetLoaderServi - Loading from file system: jar:file:///C:/Users/acer/.m2/repository/com/github/almasb/fxgl/dev-SNAPSHOT/fxgl-dev-SNAPSHOT.jar!/fxglassets/textures/particles/trace_horizontal.png
12:41:01.581 [FXGL Background Thread 1 ] DEBUG GameApplicationServi - Application scenes initialized
12:41:01.587 [FXGL Background Thread 1 ] DEBUG SystemBundleService  - Loading FXGL system data
12:41:01.591 [FXGL Background Thread 1 ] DEBUG FileSystemAccess     - Reading from: C:\Users\acer\OneDrive\Desktop\git pull\CSS124L-FINAL-PROJECT\system\fxgl.bundle
12:41:01.595 [FXGL Background Thread 1 ] DEBUG SystemBundleService  - Bundle FXGL: {}
12:41:01.595 [FXGL Background Thread 1 ] DEBUG UpdaterService       - Checking for updates
12:41:01.615 [FXGL Background Thread 4 ] DEBUG FXGLApplication      - Loading fonts
12:41:01.615 [FXGL Background Thread 1 ] DEBUG FXGLApplication      - Loading default localization
12:41:01.615 [FXGL Background Thread 4 ] DEBUG FXGLAssetLoaderServi - Loading from file system: jar:file:///C:/Users/acer/.m2/repository/com/github/almasb/fxgl/dev-SNAPSHOT/fxgl-dev-SNAPSHOT.jar!/fxglassets/ui/fonts/VarelaRound-Regular.ttf
12:41:01.616 [FXGL Background Thread 1 ] DEBUG FXGLAssetLoaderServi - Loading from file system: jar:file:///C:/Users/acer/.m2/repository/com/github/almasb/fxgl/dev-SNAPSHOT/fxgl-dev-SNAPSHOT.jar!/fxglassets/languages/english.lang
12:41:01.631 [FXGL Background Thread 1 ] INFO  FXGLApplication      - FXGL initialization took: 0.311 sec
12:41:01.641 [JavaFX Application Thread] DEBUG Input                - Registered new binding: Move Upwards - W
12:41:01.641 [JavaFX Application Thread] DEBUG Input                - Registered new binding: Move Down - S
12:41:01.641 [JavaFX Application Thread] DEBUG Input                - Registered new binding: Move Left - A
12:41:01.641 [JavaFX Application Thread] DEBUG Input                - Registered new binding: Move Right - D
12:41:01.642 [JavaFX Application Thread] DEBUG Input                - Registered new binding: Reload - R
12:41:01.642 [JavaFX Application Thread] DEBUG Input                - Registered new binding: Shoot - LMB
12:41:01.642 [JavaFX Application Thread] DEBUG Input                - Registered new binding: Switch Weapons - Q
12:41:01.642 [JavaFX Application Thread] DEBUG Input                - Registered new binding: Interact - F
12:41:01.643 [JavaFX Application Thread] DEBUG FXGLAssetLoaderServi - Loading from file system: jar:file:///C:/Users/acer/.m2/repository/com/github/almasb/fxgl/dev-SNAPSHOT/fxgl-dev-SNAPSHOT.jar!/fxglassets/textures/fxgl_icon.png
12:41:01.658 [JavaFX Application Thread] DEBUG FXGLAssetLoaderServi - Loading from file system: jar:file:///C:/Users/acer/.m2/repository/com/github/almasb/fxgl/dev-SNAPSHOT/fxgl-dev-SNAPSHOT.jar!/fxglassets/textures/fxgl_default_cursor.png
12:41:01.661 [JavaFX Application Thread] DEBUG Input                - Registered new binding: Screenshot - CTRL+8
12:41:01.662 [JavaFX Application Thread] DEBUG Input                - Registered new binding: Dev Options - 1
12:41:01.662 [JavaFX Application Thread] DEBUG Input                - Registered new binding: Dev Console - 2
12:41:01.662 [JavaFX Application Thread] DEBUG Input                - Registered new binding: System info dump - CTRL+9
12:41:01.663 [JavaFX Application Thread] DEBUG Input                - Registered new binding: Restart - CTRL+R
12:41:01.663 [JavaFX Application Thread] DEBUG Input                - Registered new binding: Toggle Debug Camera - CTRL+C
12:41:01.665 [JavaFX Application Thread] DEBUG LoopRunner           - Starting loop
12:41:01.676 [JavaFX Application Thread] DEBUG LoopRunner           - Initializing JavaFX AnimationTimerLoop
12:41:01.677 [JavaFX Application Thread] DEBUG Input                - Clearing active input actions
12:41:01.683 [JavaFX Application Thread] DEBUG GameApplicationServi - Removing overlay from FXGLStartupScene and adding to FXGLMainMenuDummyScene
12:41:01.686 [JavaFX Application Thread] DEBUG PrimaryStageWindow   - FXGLStartupScene -> FXGLMainMenuDummyScene
12:41:01.686 [JavaFX Application Thread] DEBUG PrimaryStageWindow   - Push state: FXGLDefaultMenu
12:41:01.690 [JavaFX Application Thread] DEBUG Input                - Clearing active input actions
12:41:01.694 [JavaFX Application Thread] DEBUG GameApplicationServi - Removing overlay from FXGLMainMenuDummyScene and adding to FXGLDefaultMenu
12:41:01.695 [JavaFX Application Thread] DEBUG PrimaryStageWindow   - FXGLMainMenuDummyScene -> FXGLDefaultMenu
12:41:01.979 [FXGL Background Thread 4 ] DEBUG FXGLAssetLoaderServi - Loading from file system: jar:file:///C:/Users/acer/.m2/repository/com/github/almasb/fxgl/dev-SNAPSHOT/fxgl-dev-SNAPSHOT.jar!/fxglassets/ui/fonts/Abel-Regular.ttf
12:41:01.985 [FXGL Background Thread 4 ] DEBUG FXGLAssetLoaderServi - Loading from file system: jar:file:///C:/Users/acer/.m2/repository/com/github/almasb/fxgl/dev-SNAPSHOT/fxgl-dev-SNAPSHOT.jar!/fxglassets/ui/fonts/lucida_console.ttf
12:41:01.991 [FXGL Background Thread 4 ] DEBUG FXGLAssetLoaderServi - Loading from file system: jar:file:///C:/Users/acer/.m2/repository/com/github/almasb/fxgl/dev-SNAPSHOT/fxgl-dev-SNAPSHOT.jar!/fxglassets/ui/fonts/Courier-Prime.ttf
12:41:02.003 [JavaFX Application Thread] DEBUG FXGLApplication      - Registering font factories with UI factory
12:41:02.605 [FXGL Background Thread 2 ] INFO  UpdaterService       - Your current version:  dev-SNAPSHOT
12:41:02.606 [FXGL Background Thread 2 ] INFO  UpdaterService       - Latest stable version: 21.1
12:41:04.614 [FXGL Background Thread 3 ] DEBUG Engine               - Logging environment variables
12:41:04.614 [FXGL Background Thread 3 ] DEBUG Engine               - achievements: []
12:41:04.614 [FXGL Background Thread 3 ] DEBUG Engine               - actualHeight: 600.0
12:41:04.614 [FXGL Background Thread 3 ] DEBUG Engine               - actualHeightProperty: ReadOnlyDoubleProperty [value: 600.0]
12:41:04.614 [FXGL Background Thread 3 ] DEBUG Engine               - actualWidth: 800.0
12:41:04.614 [FXGL Background Thread 3 ] DEBUG Engine               - actualWidthProperty: ReadOnlyDoubleProperty [value: 800.0]
12:41:04.615 [FXGL Background Thread 3 ] DEBUG Engine               - appIcon: fxgl_icon.png
12:41:04.615 [FXGL Background Thread 3 ] DEBUG Engine               - applicationMode: DEVELOPER
12:41:04.615 [FXGL Background Thread 3 ] DEBUG Engine               - cSSList: [fxgl_dark.css]
12:41:04.615 [FXGL Background Thread 3 ] DEBUG Engine               - collisionDetectionStrategy: BRUTE_FORCE
12:41:04.615 [FXGL Background Thread 3 ] DEBUG Engine               - configClass: Optional.empty
12:41:04.615 [FXGL Background Thread 3 ] DEBUG Engine               - credits: []
12:41:04.615 [FXGL Background Thread 3 ] DEBUG Engine               - defaultCursor: CursorInfo(imageName=fxgl_default_cursor.png, hotspotX=7.0, hotspotY=6.0)
12:41:04.615 [FXGL Background Thread 3 ] DEBUG Engine               - devBBoxColorProperty: ObjectProperty [value: 0xff0000ff]
12:41:04.615 [FXGL Background Thread 3 ] DEBUG Engine               - devEnableDebugCameraProperty: BooleanProperty [value: false]
12:41:04.615 [FXGL Background Thread 3 ] DEBUG Engine               - devSensorColorProperty: ObjectProperty [value: 0xffff00ff]
12:41:04.615 [FXGL Background Thread 3 ] DEBUG Engine               - devShowBBoxProperty: BooleanProperty [value: false]
12:41:04.615 [FXGL Background Thread 3 ] DEBUG Engine               - devShowPositionProperty: BooleanProperty [value: false]
12:41:04.615 [FXGL Background Thread 3 ] DEBUG Engine               - enabledMenuItems: []
12:41:04.615 [FXGL Background Thread 3 ] DEBUG Engine               - engineServices: [class com.almasb.fxgl.app.services.FXGLAssetLoaderService, class com.almasb.fxgl.app.FXGLApplication$GameApplicationService, class com.almasb.fxgl.app.services.FXGLDialogService, class com.almasb.fxgl.app.services.IOTaskExecutorService, class com.almasb.fxgl.io.FileSystemService, class com.almasb.fxgl.localization.LocalizationService, class com.almasb.fxgl.app.services.SystemBundleService, class com.almasb.fxgl.profile.SaveLoadService, class com.almasb.fxgl.ui.FXGLUIFactoryServiceProvider, class com.almasb.fxgl.ui.FXGLDialogFactoryServiceProvider, class com.almasb.fxgl.audio.AudioPlayer, class com.almasb.fxgl.notification.impl.NotificationServiceProvider, class com.almasb.fxgl.achievement.AchievementService, class com.almasb.fxgl.cutscene.CutsceneService, class com.almasb.fxgl.minigames.MiniGameService, class com.almasb.fxgl.net.NetService, class com.almasb.fxgl.app.services.UpdaterService, class com.almasb.fxgl.dev.DevService, class com.almasb.fxgl.multiplayer.MultiplayerService]
12:41:04.615 [FXGL Background Thread 3 ] DEBUG Engine               - fontGame: Abel-Regular.ttf
12:41:04.615 [FXGL Background Thread 3 ] DEBUG Engine               - fontMono: lucida_console.ttf
12:41:04.615 [FXGL Background Thread 3 ] DEBUG Engine               - fontText: Courier-Prime.ttf
12:41:04.615 [FXGL Background Thread 3 ] DEBUG Engine               - fontUI: VarelaRound-Regular.ttf
12:41:04.615 [FXGL Background Thread 3 ] DEBUG Engine               - fullScreen: BooleanProperty [value: false]
12:41:04.615 [FXGL Background Thread 3 ] DEBUG Engine               - gameDifficulty: MEDIUM
12:41:04.615 [FXGL Background Thread 3 ] DEBUG Engine               - gameDifficultyProperty: ObjectProperty [value: MEDIUM]
12:41:04.615 [FXGL Background Thread 3 ] DEBUG Engine               - globalMusicVolume: 0.5
12:41:04.615 [FXGL Background Thread 3 ] DEBUG Engine               - globalMusicVolumeProperty: DoubleProperty [value: 0.5]
12:41:04.616 [FXGL Background Thread 3 ] DEBUG Engine               - globalSoundVolume: 0.5
12:41:04.616 [FXGL Background Thread 3 ] DEBUG Engine               - globalSoundVolumeProperty: DoubleProperty [value: 0.5]
12:41:04.616 [FXGL Background Thread 3 ] DEBUG Engine               - height: 600
12:41:04.616 [FXGL Background Thread 3 ] DEBUG Engine               - is3D: false
12:41:04.616 [FXGL Background Thread 3 ] DEBUG Engine               - isAndroid: false
12:41:04.616 [FXGL Background Thread 3 ] DEBUG Engine               - isBrowser: false
12:41:04.616 [FXGL Background Thread 3 ] DEBUG Engine               - isClickFeedbackEnabled: false
12:41:04.616 [FXGL Background Thread 3 ] DEBUG Engine               - isCloseConfirmation: false
12:41:04.616 [FXGL Background Thread 3 ] DEBUG Engine               - isDesktop: true
12:41:04.616 [FXGL Background Thread 3 ] DEBUG Engine               - isDeveloperMenuEnabled: true
12:41:04.616 [FXGL Background Thread 3 ] DEBUG Engine               - isEmbedded: false
12:41:04.616 [FXGL Background Thread 3 ] DEBUG Engine               - isEntityPreloadEnabled: true
12:41:04.616 [FXGL Background Thread 3 ] DEBUG Engine               - isExperimentalTiledLargeMap: false
12:41:04.616 [FXGL Background Thread 3 ] DEBUG Engine               - isFileSystemWriteAllowed: true
12:41:04.616 [FXGL Background Thread 3 ] DEBUG Engine               - isFullScreenAllowed: false
12:41:04.616 [FXGL Background Thread 3 ] DEBUG Engine               - isFullScreenFromStart: false
12:41:04.616 [FXGL Background Thread 3 ] DEBUG Engine               - isGameMenuEnabled: true
12:41:04.616 [FXGL Background Thread 3 ] DEBUG Engine               - isIOS: false
12:41:04.616 [FXGL Background Thread 3 ] DEBUG Engine               - isIntroEnabled: false
12:41:04.616 [FXGL Background Thread 3 ] DEBUG Engine               - isLinux: false
12:41:04.616 [FXGL Background Thread 3 ] DEBUG Engine               - isMac: false
12:41:04.616 [FXGL Background Thread 3 ] DEBUG Engine               - isMainMenuEnabled: true
12:41:04.616 [FXGL Background Thread 3 ] DEBUG Engine               - isManualResizeEnabled: false
12:41:04.616 [FXGL Background Thread 3 ] DEBUG Engine               - isMobile: false
12:41:04.616 [FXGL Background Thread 3 ] DEBUG Engine               - isNative: false
12:41:04.617 [FXGL Background Thread 3 ] DEBUG Engine               - isPauseMusicWhenMinimized: true
12:41:04.617 [FXGL Background Thread 3 ] DEBUG Engine               - isPreserveResizeRatio: false
12:41:04.617 [FXGL Background Thread 3 ] DEBUG Engine               - isProfilingEnabled: false
12:41:04.617 [FXGL Background Thread 3 ] DEBUG Engine               - isScaleAffectedOnResize: true
12:41:04.617 [FXGL Background Thread 3 ] DEBUG Engine               - isSingleStep: false
12:41:04.617 [FXGL Background Thread 3 ] DEBUG Engine               - isUserProfileEnabled: false
12:41:04.617 [FXGL Background Thread 3 ] DEBUG Engine               - isWindows: true
12:41:04.617 [FXGL Background Thread 3 ] DEBUG Engine               - language: ObjectProperty [value: ENGLISH]
12:41:04.617 [FXGL Background Thread 3 ] DEBUG Engine               - menuKey: ESCAPE
12:41:04.617 [FXGL Background Thread 3 ] DEBUG Engine               - mouseSensitivity: 0.2
12:41:04.617 [FXGL Background Thread 3 ] DEBUG Engine               - notificationViewClass: class com.almasb.fxgl.notification.view.XboxNotificationView
12:41:04.617 [FXGL Background Thread 3 ] DEBUG Engine               - pixelsPerMeter: 50.0
12:41:04.617 [FXGL Background Thread 3 ] DEBUG Engine               - platform: WINDOWS
12:41:04.617 [FXGL Background Thread 3 ] DEBUG Engine               - prefHeightProperty: ReadOnlyDoubleProperty [value: 600.0]
12:41:04.617 [FXGL Background Thread 3 ] DEBUG Engine               - prefWidthProperty: ReadOnlyDoubleProperty [value: 800.0]
12:41:04.617 [FXGL Background Thread 3 ] DEBUG Engine               - profileDir: profiles/
12:41:04.617 [FXGL Background Thread 3 ] DEBUG Engine               - profileName: StringProperty [value: DEFAULT]
12:41:04.617 [FXGL Background Thread 3 ] DEBUG Engine               - randomSeed: -1
12:41:04.617 [FXGL Background Thread 3 ] DEBUG Engine               - runtimeInfo: RuntimeInfo(platform=WINDOWS, version=dev-SNAPSHOT, build=28.07.2021 16.39)
12:41:04.617 [FXGL Background Thread 3 ] DEBUG Engine               - saveFileExt: sav
12:41:04.617 [FXGL Background Thread 3 ] DEBUG Engine               - scaledHeightProp$fxgl: DoubleProperty [bound, value: 600.0]
12:41:04.617 [FXGL Background Thread 3 ] DEBUG Engine               - scaledWidthProp$fxgl: DoubleProperty [bound, value: 800.0]
12:41:04.617 [FXGL Background Thread 3 ] DEBUG Engine               - sceneFactory: com.groupfour.mygame.App$1@6108ff83
12:41:04.617 [FXGL Background Thread 3 ] DEBUG Engine               - secondsIn24h: 60
12:41:04.617 [FXGL Background Thread 3 ] DEBUG Engine               - soundMenuBack: menu/back.wav
12:41:04.617 [FXGL Background Thread 3 ] DEBUG Engine               - soundMenuPress: menu/press.wav
12:41:04.617 [FXGL Background Thread 3 ] DEBUG Engine               - soundMenuSelect: menu/select.wav
12:41:04.618 [FXGL Background Thread 3 ] DEBUG Engine               - soundNotification: core/notification.wav
12:41:04.618 [FXGL Background Thread 3 ] DEBUG Engine               - stageStyle: DECORATED
12:41:04.618 [FXGL Background Thread 3 ] DEBUG Engine               - supportedLanguages: [ENGLISH, FRENCH, GERMAN, HUNGARIAN, RUSSIAN]
12:41:04.618 [FXGL Background Thread 3 ] DEBUG Engine               - ticksPerSecond: -1
12:41:04.618 [FXGL Background Thread 3 ] DEBUG Engine               - title: Flatline: Oregon
12:41:04.618 [FXGL Background Thread 3 ] DEBUG Engine               - urlGithub: https://github.com/AlmasB/FXGL
12:41:04.618 [FXGL Background Thread 3 ] DEBUG Engine               - urlLeaderboard: http://fxgl-top.herokuapp.com/
12:41:04.618 [FXGL Background Thread 3 ] DEBUG Engine               - urlPOM: https://raw.githubusercontent.com/AlmasB/FXGL/release/README.md
12:41:04.618 [FXGL Background Thread 3 ] DEBUG Engine               - userAppClass: class com.groupfour.mygame.App
12:41:04.618 [FXGL Background Thread 3 ] DEBUG Engine               - version: Alpha 0.3
12:41:04.618 [FXGL Background Thread 3 ] DEBUG Engine               - versionCheckDays: 7
12:41:04.618 [FXGL Background Thread 3 ] DEBUG Engine               - width: 800
12:41:04.618 [FXGL Background Thread 3 ] DEBUG Engine               - Logging services
12:41:04.618 [FXGL Background Thread 3 ] DEBUG Engine               - class com.almasb.fxgl.app.services.FXGLAssetLoaderService
12:41:04.618 [FXGL Background Thread 3 ] DEBUG Engine               - class com.almasb.fxgl.app.FXGLApplication$GameApplicationService
12:41:04.618 [FXGL Background Thread 3 ] DEBUG Engine               - class com.almasb.fxgl.app.services.FXGLDialogService
12:41:04.618 [FXGL Background Thread 3 ] DEBUG Engine               - class com.almasb.fxgl.app.services.IOTaskExecutorService
12:41:04.618 [FXGL Background Thread 3 ] DEBUG Engine               - class com.almasb.fxgl.io.FileSystemService
12:41:04.618 [FXGL Background Thread 3 ] DEBUG Engine               - class com.almasb.fxgl.localization.LocalizationService
12:41:04.618 [FXGL Background Thread 3 ] DEBUG Engine               - class com.almasb.fxgl.app.services.SystemBundleService
12:41:04.618 [FXGL Background Thread 3 ] DEBUG Engine               - class com.almasb.fxgl.profile.SaveLoadService
12:41:04.618 [FXGL Background Thread 3 ] DEBUG Engine               - class com.almasb.fxgl.ui.FXGLUIFactoryServiceProvider
12:41:04.618 [FXGL Background Thread 3 ] DEBUG Engine               - class com.almasb.fxgl.ui.FXGLDialogFactoryServiceProvider
12:41:04.618 [FXGL Background Thread 3 ] DEBUG Engine               - class com.almasb.fxgl.audio.AudioPlayer
12:41:04.618 [FXGL Background Thread 3 ] DEBUG Engine               - class com.almasb.fxgl.notification.impl.NotificationServiceProvider
12:41:04.618 [FXGL Background Thread 3 ] DEBUG Engine               - class com.almasb.fxgl.achievement.AchievementService
12:41:04.618 [FXGL Background Thread 3 ] DEBUG Engine               - class com.almasb.fxgl.cutscene.CutsceneService
12:41:04.618 [FXGL Background Thread 3 ] DEBUG Engine               - class com.almasb.fxgl.minigames.MiniGameService
12:41:04.618 [FXGL Background Thread 3 ] DEBUG Engine               - class com.almasb.fxgl.net.NetService
12:41:04.618 [FXGL Background Thread 3 ] DEBUG Engine               - class com.almasb.fxgl.app.services.UpdaterService
12:41:04.618 [FXGL Background Thread 3 ] DEBUG Engine               - class com.almasb.fxgl.dev.DevService
12:41:04.618 [FXGL Background Thread 3 ] DEBUG Engine               - class com.almasb.fxgl.multiplayer.MultiplayerService
12:41:05.966 [JavaFX Application Thread] DEBUG Menu                 - fireNewGame()
12:41:05.966 [JavaFX Application Thread] DEBUG GameApplicationServi - Starting new game
12:41:05.967 [JavaFX Application Thread] DEBUG PrimaryStageWindow   - Pop state: FXGLDefaultMenu
12:41:05.967 [JavaFX Application Thread] DEBUG Input                - Clearing active input actions
12:41:05.968 [JavaFX Application Thread] DEBUG GameApplicationServi - Removing overlay from FXGLDefaultMenu and adding to FXGLMainMenuDummyScene
12:41:05.969 [JavaFX Application Thread] DEBUG PrimaryStageWindow   - FXGLMainMenuDummyScene <- FXGLDefaultMenu
12:41:05.969 [JavaFX Application Thread] DEBUG Input                - Clearing active input actions
12:41:05.975 [JavaFX Application Thread] DEBUG GameApplicationServi - Removing overlay from FXGLMainMenuDummyScene and adding to FXGLLoadingScene
12:41:05.975 [JavaFX Application Thread] DEBUG PrimaryStageWindow   - FXGLMainMenuDummyScene -> FXGLLoadingScene
12:41:05.975 [JavaFX Application Thread] DEBUG GameApplicationServi - Clearing previous game
12:41:05.975 [JavaFX Application Thread] DEBUG GameScene            - Clearing game scene
12:41:05.975 [JavaFX Application Thread] DEBUG GameWorld            - Clearing game world
12:41:05.976 [JavaFX Application Thread] DEBUG PhysicsWorld         - Clearing physics world
12:41:05.976 [FXGL Background Thread 2 ] DEBUG FXGLApplication      - Initializing game
12:41:06.008 [FXGL Background Thread 2 ] WARN  TMXLevelLoader       - TiledMap generated from 1.11.0. Supported version: 1.2.3. Some features may not be parsed fully.
12:41:06.012 [FXGL Background Thread 2 ] DEBUG TMXLevelLoader       - Parsed TiledMap: file:/C:/Users/acer/OneDrive/Desktop/git%20pull/CSS124L-FINAL-PROJECT/fp/target/classes/assets/levels/Lobby.tmx
12:41:06.013 [FXGL Background Thread 2 ] DEBUG TMXLevelLoader       - Creating tile layer entities
12:41:06.014 [FXGL Background Thread 2 ] DEBUG TilesetLoader        - Loading view for layer Tile Layer 1
12:41:06.017 [FXGL Background Thread 2 ] DEBUG TilesetLoader        - Created buffer with size 1280.0x768.0
12:41:06.026 [FXGL Background Thread 2 ] DEBUG TMXLevelLoader       - Creating object layer entities
12:41:06.042 [FXGL Background Thread 2 ] DEBUG GameWorld            - Clearing removable entities
12:41:06.042 [FXGL Background Thread 2 ] DEBUG GameWorld            - Setting level: com.almasb.fxgl.entity.level.Level@1b1f06b0
12:41:06.059 [FXGL Background Thread 2 ] INFO  FXGLApplication      - Game initialization took: 0.083 sec
12:41:06.063 [JavaFX Application Thread] DEBUG Input                - Clearing active input actions
12:41:06.066 [JavaFX Application Thread] DEBUG GameApplicationServi - Removing overlay from FXGLLoadingScene and adding to GameScene
12:41:06.067 [JavaFX Application Thread] DEBUG PrimaryStageWindow   - FXGLLoadingScene -> GameScene
12:41:06.096 [JavaFX Application Thread] DEBUG PrimaryStageWindow   - Push state: PlayerCountMenu
12:41:06.097 [JavaFX Application Thread] DEBUG Input                - Clearing active input actions
12:41:06.097 [JavaFX Application Thread] DEBUG GameApplicationServi - Removing overlay from GameScene and adding to PlayerCountMenu
12:41:06.097 [JavaFX Application Thread] DEBUG PrimaryStageWindow   - GameScene -> PlayerCountMenu
12:41:06.688 [JavaFX Application Thread] DEBUG FXGLAssetLoaderServi - Loading from file system: file:/C:/Users/acer/OneDrive/Desktop/git%20pull/CSS124L-FINAL-PROJECT/fp/target/classes/assets/textures/Weapons/Idle/BerettaM9_Idle.png
12:41:06.689 [JavaFX Application Thread] DEBUG FXGLAssetLoaderServi - Loading from file system: file:/C:/Users/acer/OneDrive/Desktop/git%20pull/CSS124L-FINAL-PROJECT/fp/target/classes/assets/textures/Weapons/Shooting/BerettaM9_Shooting.png
12:41:06.690 [JavaFX Application Thread] DEBUG FXGLAssetLoaderServi - Loading from file system: file:/C:/Users/acer/OneDrive/Desktop/git%20pull/CSS124L-FINAL-PROJECT/fp/target/classes/assets/textures/Players/1P_Shoot.png
12:41:06.693 [JavaFX Application Thread] DEBUG FXGLAssetLoaderServi - Loading from file system: file:/C:/Users/acer/OneDrive/Desktop/git%20pull/CSS124L-FINAL-PROJECT/fp/target/classes/assets/textures/Interactables/vending_machine.png
12:41:06.695 [JavaFX Application Thread] DEBUG FXGLAssetLoaderServi - Loading from file system: file:/C:/Users/acer/OneDrive/Desktop/git%20pull/CSS124L-FINAL-PROJECT/fp/target/classes/assets/textures/Interactables/microwave_close.png
12:41:06.697 [JavaFX Application Thread] DEBUG PrimaryStageWindow   - Pop state: PlayerCountMenu
12:41:06.697 [JavaFX Application Thread] DEBUG Input                - Clearing active input actions
12:41:06.697 [JavaFX Application Thread] DEBUG GameApplicationServi - Removing overlay from PlayerCountMenu and adding to GameScene
12:41:06.698 [JavaFX Application Thread] DEBUG PrimaryStageWindow   - GameScene <- PlayerCountMenu
12:41:06.808 [JavaFX Application Thread] DEBUG FXGLAssetLoaderServi - Loading from file system: file:/C:/Users/acer/OneDrive/Desktop/git%20pull/CSS124L-FINAL-PROJECT/fp/target/classes/assets/textures/Zombies/Basic_Zombie_Walking.png
12:41:06.810 [JavaFX Application Thread] DEBUG FXGLAssetLoaderServi - Loading from file system: file:/C:/Users/acer/OneDrive/Desktop/git%20pull/CSS124L-FINAL-PROJECT/fp/target/classes/assets/textures/Zombies/Basic_Zombie_Attack.png
12:41:07.366 [JavaFX Application Thread] DEBUG PrimaryStageWindow   - Push state: PlayerCountMenu
12:41:07.366 [JavaFX Application Thread] DEBUG Input                - Clearing active input actions
12:41:07.366 [JavaFX Application Thread] DEBUG GameApplicationServi - Removing overlay from GameScene and adding to PlayerCountMenu
12:41:07.367 [JavaFX Application Thread] DEBUG PrimaryStageWindow   - GameScene -> PlayerCountMenu
12:41:08.054 [JavaFX Application Thread] DEBUG PrimaryStageWindow   - Pop state: PlayerCountMenu
12:41:08.054 [JavaFX Application Thread] DEBUG Input                - Clearing active input actions
12:41:08.055 [JavaFX Application Thread] DEBUG GameApplicationServi - Removing overlay from PlayerCountMenu and adding to GameScene
12:41:08.055 [JavaFX Application Thread] DEBUG PrimaryStageWindow   - GameScene <- PlayerCountMenu
12:41:24.452 [JavaFX Application Thread] DEBUG PrimaryStageWindow   - Push state: DialogSubScene
12:41:24.452 [JavaFX Application Thread] DEBUG Input                - Clearing active input actions
12:41:24.452 [JavaFX Application Thread] DEBUG GameApplicationServi - Removing overlay from GameScene and adding to DialogSubScene
12:41:24.453 [JavaFX Application Thread] DEBUG PrimaryStageWindow   - GameScene -> DialogSubScene
12:41:25.210 [JavaFX Application Thread] DEBUG PrimaryStageWindow   - Pop state: DialogSubScene
12:41:25.210 [JavaFX Application Thread] DEBUG Input                - Clearing active input actions
12:41:25.210 [JavaFX Application Thread] DEBUG GameApplicationServi - Removing overlay from DialogSubScene and adding to GameScene
12:41:25.212 [JavaFX Application Thread] DEBUG PrimaryStageWindow   - GameScene <- DialogSubScene
12:41:25.212 [JavaFX Application Thread] DEBUG Input                - Clearing active input actions
12:41:25.214 [JavaFX Application Thread] DEBUG GameApplicationServi - Removing overlay from GameScene and adding to FXGLMainMenuDummyScene
12:41:25.214 [JavaFX Application Thread] DEBUG PrimaryStageWindow   - GameScene -> FXGLMainMenuDummyScene
12:41:25.214 [JavaFX Application Thread] DEBUG PrimaryStageWindow   - Push state: FXGLDefaultMenu
12:41:25.214 [JavaFX Application Thread] DEBUG Input                - Clearing active input actions
12:41:25.215 [JavaFX Application Thread] DEBUG GameApplicationServi - Removing overlay from FXGLMainMenuDummyScene and adding to FXGLDefaultMenu
12:41:25.217 [JavaFX Application Thread] DEBUG PrimaryStageWindow   - FXGLMainMenuDummyScene -> FXGLDefaultMenu
12:41:25.803 [JavaFX Application Thread] DEBUG Menu                 - fireNewGame()
12:41:25.803 [JavaFX Application Thread] DEBUG GameApplicationServi - Starting new game
12:41:25.803 [JavaFX Application Thread] DEBUG PrimaryStageWindow   - Pop state: FXGLDefaultMenu
12:41:25.803 [JavaFX Application Thread] DEBUG Input                - Clearing active input actions
12:41:25.804 [JavaFX Application Thread] DEBUG GameApplicationServi - Removing overlay from FXGLDefaultMenu and adding to FXGLMainMenuDummyScene
12:41:25.805 [JavaFX Application Thread] DEBUG PrimaryStageWindow   - FXGLMainMenuDummyScene <- FXGLDefaultMenu
12:41:25.805 [JavaFX Application Thread] DEBUG Input                - Clearing active input actions
12:41:25.808 [JavaFX Application Thread] DEBUG GameApplicationServi - Removing overlay from FXGLMainMenuDummyScene and adding to FXGLLoadingScene
12:41:25.808 [JavaFX Application Thread] DEBUG PrimaryStageWindow   - FXGLMainMenuDummyScene -> FXGLLoadingScene
12:41:25.808 [JavaFX Application Thread] DEBUG GameApplicationServi - Clearing previous game
12:41:25.808 [JavaFX Application Thread] DEBUG GameScene            - Clearing game scene
12:41:25.808 [JavaFX Application Thread] DEBUG GameWorld            - Clearing game world
12:41:25.809 [JavaFX Application Thread] DEBUG PhysicsWorld         - Clearing physics world
12:41:25.810 [FXGL Background Thread 2 ] DEBUG FXGLApplication      - Initializing game
12:41:25.811 [FXGL Background Thread 2 ] WARN  TMXLevelLoader       - TiledMap generated from 1.11.0. Supported version: 1.2.3. Some features may not be parsed fully.
12:41:25.813 [FXGL Background Thread 2 ] DEBUG TMXLevelLoader       - Parsed TiledMap: file:/C:/Users/acer/OneDrive/Desktop/git%20pull/CSS124L-FINAL-PROJECT/fp/target/classes/assets/levels/Lobby.tmx
12:41:25.813 [FXGL Background Thread 2 ] DEBUG TMXLevelLoader       - Creating tile layer entities
12:41:25.813 [FXGL Background Thread 2 ] DEBUG TilesetLoader        - Loading view for layer Tile Layer 1
12:41:25.815 [FXGL Background Thread 2 ] DEBUG TilesetLoader        - Created buffer with size 1280.0x768.0
12:41:25.818 [FXGL Background Thread 2 ] DEBUG TMXLevelLoader       - Creating object layer entities
12:41:25.819 [FXGL Background Thread 2 ] DEBUG GameWorld            - Clearing removable entities
12:41:25.819 [FXGL Background Thread 2 ] DEBUG GameWorld            - Setting level: com.almasb.fxgl.entity.level.Level@33725528
12:41:25.820 [FXGL Background Thread 2 ] INFO  FXGLApplication      - Game initialization took: 0.010 sec
12:41:25.833 [JavaFX Application Thread] DEBUG Input                - Clearing active input actions
12:41:25.836 [JavaFX Application Thread] DEBUG GameApplicationServi - Removing overlay from FXGLLoadingScene and adding to GameScene
12:41:25.836 [JavaFX Application Thread] DEBUG PrimaryStageWindow   - FXGLLoadingScene -> GameScene
12:41:25.839 [JavaFX Application Thread] DEBUG LoopRunner           - Stopping loop
12:41:25.840 [JavaFX Application Thread] FATAL FXGLApplication      - Uncaught Exception:
java.lang.IllegalArgumentException: Component PlayerComponent not found!
	at com.almasb.fxgl.entity/com.almasb.fxgl.entity.Entity.getComponent(Entity.java:369)
	at com.groupfour.mygame/com.groupfour.mygame.App.onUpdate(App.java:349)
	at com.almasb.fxgl.all/com.almasb.fxgl.app.FXGLApplication$GameApplicationService.onGameUpdate(FXGLApplication.kt:421)
	at com.almasb.fxgl.all/com.almasb.fxgl.app.Engine.onGameUpdate(Engine.kt:137)
	at com.almasb.fxgl.all/com.almasb.fxgl.app.FXGLApplication.postServicesInit$lambda-7(FXGLApplication.kt:182)
	at com.almasb.fxgl.scene/com.almasb.fxgl.scene.Scene.update(Scene.kt:113)
	at com.almasb.fxgl.all/com.almasb.fxgl.app.MainWindow$update$1.invoke(MainWindow.kt:115)
	at com.almasb.fxgl.all/com.almasb.fxgl.app.MainWindow$update$1.invoke(MainWindow.kt:115)
	at com.almasb.fxgl.core/com.almasb.fxgl.core.fsm.StateMachine.runOnActiveStates(StateMachine.kt:69)
	at com.almasb.fxgl.all/com.almasb.fxgl.app.MainWindow.update(MainWindow.kt:115)
	at com.almasb.fxgl.all/com.almasb.fxgl.app.FXGLApplication$GameApplicationService.onUpdate(FXGLApplication.kt:426)
	at com.almasb.fxgl.all/com.almasb.fxgl.app.Engine.loop(Engine.kt:133)
	at com.almasb.fxgl.all/com.almasb.fxgl.app.Engine.access$loop(Engine.kt:24)
	at com.almasb.fxgl.all/com.almasb.fxgl.app.Engine$loop$1.invoke(Engine.kt:28)
	at com.almasb.fxgl.all/com.almasb.fxgl.app.Engine$loop$1.invoke(Engine.kt:28)
	at com.almasb.fxgl.all/com.almasb.fxgl.app.LoopRunner.frame(LoopRunner.kt:103)
	at com.almasb.fxgl.all/com.almasb.fxgl.app.LoopRunner.access$frame(LoopRunner.kt:23)
	at com.almasb.fxgl.all/com.almasb.fxgl.app.LoopRunner$impl$2$1.onTick(LoopRunner.kt:57)
	at com.almasb.fxgl.all/com.almasb.fxgl.app.AnimationTimerLoop$timer$1.handle(LoopRunner.kt:137)
	at javafx.graphics/javafx.animation.AnimationTimer$AnimationTimerReceiver.lambda$handle$0(AnimationTimer.java:57)
	at java.base/java.security.AccessController.doPrivileged(Native Method)
	at javafx.graphics/javafx.animation.AnimationTimer$AnimationTimerReceiver.handle(AnimationTimer.java:56)
	at javafx.graphics/com.sun.scenario.animation.AbstractPrimaryTimer.timePulseImpl(AbstractPrimaryTimer.java:356)
	at javafx.graphics/com.sun.scenario.animation.AbstractPrimaryTimer$MainLoop.run(AbstractPrimaryTimer.java:266)
	at javafx.graphics/com.sun.javafx.tk.quantum.QuantumToolkit.pulse(QuantumToolkit.java:559)
	at javafx.graphics/com.sun.javafx.tk.quantum.QuantumToolkit.pulse(QuantumToolkit.java:543)
	at javafx.graphics/com.sun.javafx.tk.quantum.QuantumToolkit.pulseFromQueue(QuantumToolkit.java:536)
	at javafx.graphics/com.sun.javafx.tk.quantum.QuantumToolkit.lambda$runToolkit$11(QuantumToolkit.java:342)
	at javafx.graphics/com.sun.glass.ui.InvokeLaterDispatcher$Future.run(InvokeLaterDispatcher.java:96)
	at javafx.graphics/com.sun.glass.ui.win.WinApplication._runLoop(Native Method)
	at javafx.graphics/com.sun.glass.ui.win.WinApplication.lambda$runLoop$3(WinApplication.java:174)
	at java.base/java.lang.Thread.run(Thread.java:834)

12:41:25.844 [JavaFX Application Thread] FATAL FXGLApplication      - Application will now exit
12:41:25.846 [JavaFX Application Thread] DEBUG PrimaryStageWindow   - Push state: ErrorSubScene
12:41:25.847 [JavaFX Application Thread] DEBUG Input                - Clearing active input actions
12:41:25.847 [JavaFX Application Thread] DEBUG GameApplicationServi - Removing overlay from GameScene and adding to ErrorSubScene
12:41:25.847 [JavaFX Application Thread] DEBUG PrimaryStageWindow   - GameScene -> ErrorSubScene
12:41:30.717 [JavaFX Application Thread] DEBUG FXGLApplication      - Exiting FXGL
12:41:30.718 [JavaFX Application Thread] DEBUG Async                - Shutting down background threads
12:41:30.718 [JavaFX Application Thread] DEBUG PrimaryStageWindow   - Closing main window
12:41:30.731 [JavaFX Application Thread] DEBUG Logger               - Closing Logger
