19:18:05.472 [main                     ] DEBUG Logger               - Configured Logger
19:18:05.476 [main                     ] DEBUG GameApplication      - Logging settings
Title: Flatline: Oregon
Version: Alpha 0.3
Width: 800
Height: 600
Fullscreen: false
Intro: false
Profiling: false
Single step:false
App Mode: DEVELOPER
Menu Key: ESCAPE
Stage Style: DECORATED
Scene Factory: class com.groupfour.mygame.App$1

19:18:05.739 [JavaFX Application Thread] DEBUG FXGLApplication      - Initializing FXGL
19:18:05.740 [JavaFX Application Thread] INFO  Engine               - FXGL-dev-SNAPSHOT (28.07.2021 16.39) on WINDOWS (J:21.0.4 FX:16)
19:18:05.740 [JavaFX Application Thread] DEBUG Engine               - JRE Vendor Name: Eclipse Adoptium
19:18:05.740 [JavaFX Application Thread] DEBUG Engine               - Running on OS: Windows 11 version 10.0
19:18:05.741 [JavaFX Application Thread] DEBUG Engine               - Architecture: amd64
19:18:05.741 [JavaFX Application Thread] INFO  Engine               - Source code and latest versions at: https://github.com/AlmasB/FXGL
19:18:05.741 [JavaFX Application Thread] INFO  Engine               -              Join the FXGL chat at: https://gitter.im/AlmasB/FXGL
19:18:05.802 [JavaFX Application Thread] DEBUG PrimaryStageWindow   - Creating a JavaFX scene
19:18:05.835 [JavaFX Application Thread] DEBUG PrimaryStageWindow   - Target settings size: 800.0 x 600.0
19:18:05.835 [JavaFX Application Thread] DEBUG PrimaryStageWindow   - Scaled scene size:    800.0 x 600.0
19:18:05.835 [JavaFX Application Thread] DEBUG PrimaryStageWindow   - Scaled ratio: (1.0, 1.0)
19:18:05.836 [JavaFX Application Thread] DEBUG PrimaryStageWindow   - Set initial scene to FXGLStartupScene
19:18:05.841 [JavaFX Application Thread] DEBUG PrimaryStageWindow   - Opening main window
19:18:05.902 [JavaFX Application Thread] DEBUG PrimaryStageWindow   - Window border size: (16.0, 39.0)
19:18:05.902 [JavaFX Application Thread] DEBUG PrimaryStageWindow   - Scaled size: 800.0 x 600.0
19:18:05.902 [JavaFX Application Thread] DEBUG PrimaryStageWindow   - Scaled ratio: (1.0, 1.0)
19:18:05.902 [JavaFX Application Thread] DEBUG PrimaryStageWindow   - Scene size: 800.0 x 600.0
19:18:05.902 [JavaFX Application Thread] DEBUG PrimaryStageWindow   - Stage size: 816.0 x 639.0
19:18:05.908 [FXGL Background Thread 1 ] DEBUG Engine               - Initializing environment variables
19:18:05.965 [FXGL Background Thread 1 ] DEBUG FXGLAssetLoaderServi - User app class for loading assets: class com.groupfour.mygame.App
19:18:05.966 [FXGL Background Thread 1 ] DEBUG GameApplicationServi - Applying CSS: fxgl_dark.css
19:18:05.966 [FXGL Background Thread 1 ] DEBUG FXGLAssetLoaderServi - Loading from file system: jar:file:///C:/Users/Cent/.m2/repository/com/github/almasb/fxgl/dev-SNAPSHOT/fxgl-dev-SNAPSHOT.jar!/fxglassets/ui/css/fxgl_dark.css
19:18:06.021 [FXGL Background Thread 1 ] DEBUG GameApplicationServi - Initializing application scenes
19:18:06.067 [FXGL Background Thread 1 ] DEBUG GameWorld            - Game world initialized
19:18:06.122 [FXGL Background Thread 1 ] DEBUG PhysicsWorld         - Physics world initialized: appHeight=600, physics.ppm=50.0
19:18:06.122 [FXGL Background Thread 1 ] DEBUG PhysicsWorld         - Using strategy: BRUTE_FORCE
19:18:06.126 [FXGL Background Thread 1 ] DEBUG GameScene            - Game scene initialized: 800x600
19:18:06.133 [FXGL Background Thread 1 ] DEBUG FXGL.DefaultMenu     - createMenuBodyMainMenu()
19:18:06.143 [FXGL Background Thread 1 ] DEBUG FXGL.DefaultMenu     - createOptionsMenu()
19:18:06.150 [FXGL Background Thread 1 ] DEBUG FXGLAssetLoaderServi - Loading from file system: jar:file:///C:/Users/Cent/.m2/repository/com/github/almasb/fxgl/dev-SNAPSHOT/fxgl-dev-SNAPSHOT.jar!/fxglassets/textures/particles/smoke.png
19:18:06.236 [FXGL Background Thread 1 ] DEBUG FXGLAssetLoaderServi - Loading from file system: jar:file:///C:/Users/Cent/.m2/repository/com/github/almasb/fxgl/dev-SNAPSHOT/fxgl-dev-SNAPSHOT.jar!/fxglassets/textures/particles/trace_horizontal.png
19:18:06.263 [FXGL Background Thread 1 ] DEBUG GameApplicationServi - Application scenes initialized
19:18:06.270 [FXGL Background Thread 1 ] DEBUG SystemBundleService  - Loading FXGL system data
19:18:06.273 [FXGL Background Thread 1 ] DEBUG FileSystemAccess     - Reading from: c:\Users\Cent\Desktop\CSS124L-LE\CSS124L-FinalExam\CSS124L-FINAL-PROJECT\system\fxgl.bundle
19:18:06.284 [FXGL Background Thread 1 ] DEBUG SystemBundleService  - Bundle FXGL: {}
19:18:06.284 [FXGL Background Thread 1 ] DEBUG UpdaterService       - Checking for updates
19:18:06.287 [FXGL Background Thread 4 ] DEBUG FXGLApplication      - Loading fonts
19:18:06.287 [FXGL Background Thread 1 ] DEBUG FXGLApplication      - Loading default localization
19:18:06.287 [FXGL Background Thread 4 ] DEBUG FXGLAssetLoaderServi - Loading from file system: jar:file:///C:/Users/Cent/.m2/repository/com/github/almasb/fxgl/dev-SNAPSHOT/fxgl-dev-SNAPSHOT.jar!/fxglassets/ui/fonts/VarelaRound-Regular.ttf
19:18:06.287 [FXGL Background Thread 1 ] DEBUG FXGLAssetLoaderServi - Loading from file system: jar:file:///C:/Users/Cent/.m2/repository/com/github/almasb/fxgl/dev-SNAPSHOT/fxgl-dev-SNAPSHOT.jar!/fxglassets/languages/english.lang
19:18:06.301 [FXGL Background Thread 1 ] INFO  FXGLApplication      - FXGL initialization took: 0.393 sec
19:18:06.322 [JavaFX Application Thread] DEBUG Input                - Registered new binding: Move Upwards - W
19:18:06.322 [JavaFX Application Thread] DEBUG Input                - Registered new binding: Move Down - S
19:18:06.322 [JavaFX Application Thread] DEBUG Input                - Registered new binding: Move Left - A
19:18:06.322 [FXGL Background Thread 4 ] DEBUG FXGLAssetLoaderServi - Loading from file system: jar:file:///C:/Users/Cent/.m2/repository/com/github/almasb/fxgl/dev-SNAPSHOT/fxgl-dev-SNAPSHOT.jar!/fxglassets/ui/fonts/Abel-Regular.ttf
19:18:06.323 [JavaFX Application Thread] DEBUG Input                - Registered new binding: Move Right - D
19:18:06.323 [JavaFX Application Thread] DEBUG Input                - Registered new binding: Reload - R
19:18:06.323 [JavaFX Application Thread] DEBUG Input                - Registered new binding: Shoot - LMB
19:18:06.324 [JavaFX Application Thread] DEBUG FXGLAssetLoaderServi - Loading from file system: jar:file:///C:/Users/Cent/.m2/repository/com/github/almasb/fxgl/dev-SNAPSHOT/fxgl-dev-SNAPSHOT.jar!/fxglassets/textures/fxgl_icon.png
19:18:06.326 [FXGL Background Thread 4 ] DEBUG FXGLAssetLoaderServi - Loading from file system: jar:file:///C:/Users/Cent/.m2/repository/com/github/almasb/fxgl/dev-SNAPSHOT/fxgl-dev-SNAPSHOT.jar!/fxglassets/ui/fonts/lucida_console.ttf
19:18:06.331 [FXGL Background Thread 4 ] DEBUG FXGLAssetLoaderServi - Loading from file system: jar:file:///C:/Users/Cent/.m2/repository/com/github/almasb/fxgl/dev-SNAPSHOT/fxgl-dev-SNAPSHOT.jar!/fxglassets/ui/fonts/Courier-Prime.ttf
19:18:06.346 [JavaFX Application Thread] DEBUG FXGLAssetLoaderServi - Loading from file system: jar:file:///C:/Users/Cent/.m2/repository/com/github/almasb/fxgl/dev-SNAPSHOT/fxgl-dev-SNAPSHOT.jar!/fxglassets/textures/fxgl_default_cursor.png
19:18:06.348 [JavaFX Application Thread] DEBUG Input                - Registered new binding: Screenshot - CTRL+8
19:18:06.348 [JavaFX Application Thread] DEBUG Input                - Registered new binding: System info dump - CTRL+9
19:18:06.349 [JavaFX Application Thread] DEBUG Input                - Registered new binding: Restart - CTRL+R
19:18:06.349 [JavaFX Application Thread] DEBUG Input                - Registered new binding: Toggle Debug Camera - CTRL+C
19:18:06.351 [JavaFX Application Thread] DEBUG LoopRunner           - Starting loop
19:18:06.352 [JavaFX Application Thread] DEBUG LoopRunner           - Initializing JavaFX AnimationTimerLoop
19:18:06.354 [JavaFX Application Thread] DEBUG Input                - Clearing active input actions
19:18:06.361 [JavaFX Application Thread] DEBUG GameApplicationServi - Removing overlay from FXGLStartupScene and adding to FXGLMainMenuDummyScene
19:18:06.362 [JavaFX Application Thread] DEBUG PrimaryStageWindow   - FXGLStartupScene -> FXGLMainMenuDummyScene
19:18:06.362 [JavaFX Application Thread] DEBUG PrimaryStageWindow   - Push state: FXGLDefaultMenu
19:18:06.380 [JavaFX Application Thread] DEBUG Input                - Clearing active input actions
19:18:06.390 [JavaFX Application Thread] DEBUG GameApplicationServi - Removing overlay from FXGLMainMenuDummyScene and adding to FXGLDefaultMenu
19:18:06.390 [JavaFX Application Thread] DEBUG PrimaryStageWindow   - FXGLMainMenuDummyScene -> FXGLDefaultMenu
19:18:06.399 [JavaFX Application Thread] DEBUG FXGLApplication      - Registering font factories with UI factory
19:18:06.780 [FXGL Background Thread 2 ] INFO  UpdaterService       - Your current version:  dev-SNAPSHOT
19:18:06.781 [FXGL Background Thread 2 ] INFO  UpdaterService       - Latest stable version: 21.1
19:18:07.226 [JavaFX Application Thread] DEBUG Menu                 - fireNewGame()
19:18:07.226 [JavaFX Application Thread] DEBUG GameApplicationServi - Starting new game
19:18:07.227 [JavaFX Application Thread] DEBUG PrimaryStageWindow   - Pop state: FXGLDefaultMenu
19:18:07.227 [JavaFX Application Thread] DEBUG Input                - Clearing active input actions
19:18:07.228 [JavaFX Application Thread] DEBUG GameApplicationServi - Removing overlay from FXGLDefaultMenu and adding to FXGLMainMenuDummyScene
19:18:07.229 [JavaFX Application Thread] DEBUG PrimaryStageWindow   - FXGLMainMenuDummyScene <- FXGLDefaultMenu
19:18:07.229 [JavaFX Application Thread] DEBUG Input                - Clearing active input actions
19:18:07.235 [JavaFX Application Thread] DEBUG GameApplicationServi - Removing overlay from FXGLMainMenuDummyScene and adding to FXGLLoadingScene
19:18:07.235 [JavaFX Application Thread] DEBUG PrimaryStageWindow   - FXGLMainMenuDummyScene -> FXGLLoadingScene
19:18:07.235 [JavaFX Application Thread] DEBUG GameApplicationServi - Clearing previous game
19:18:07.235 [JavaFX Application Thread] DEBUG GameScene            - Clearing game scene
19:18:07.236 [JavaFX Application Thread] DEBUG GameWorld            - Clearing game world
19:18:07.236 [JavaFX Application Thread] DEBUG PhysicsWorld         - Clearing physics world
19:18:07.237 [FXGL Background Thread 2 ] DEBUG FXGLApplication      - Initializing game
19:18:07.245 [FXGL Background Thread 2 ] DEBUG FXGLAssetLoaderServi - Loading from file system: file:/C:/Users/Cent/Desktop/CSS124L-LE/CSS124L-FinalExam/CSS124L-FINAL-PROJECT/fp/target/classes/assets/textures/1P_Walk.gif
19:18:07.268 [FXGL Background Thread 2 ] INFO  FXGLApplication      - Game initialization took: 0.030 sec
19:18:07.273 [JavaFX Application Thread] DEBUG Input                - Clearing active input actions
19:18:07.280 [JavaFX Application Thread] DEBUG GameApplicationServi - Removing overlay from FXGLLoadingScene and adding to GameScene
19:18:07.280 [JavaFX Application Thread] DEBUG PrimaryStageWindow   - FXGLLoadingScene -> GameScene
19:18:07.282 [JavaFX Application Thread] DEBUG PrimaryStageWindow   - Push state: PlayerCountMenu
19:18:07.282 [JavaFX Application Thread] DEBUG Input                - Clearing active input actions
19:18:07.282 [JavaFX Application Thread] DEBUG GameApplicationServi - Removing overlay from GameScene and adding to PlayerCountMenu
19:18:07.283 [JavaFX Application Thread] DEBUG PrimaryStageWindow   - GameScene -> PlayerCountMenu
19:18:08.025 [JavaFX Application Thread] DEBUG PrimaryStageWindow   - Push state: DialogSubScene
19:18:08.025 [JavaFX Application Thread] DEBUG Input                - Clearing active input actions
19:18:08.026 [JavaFX Application Thread] DEBUG GameApplicationServi - Removing overlay from PlayerCountMenu and adding to DialogSubScene
19:18:08.026 [JavaFX Application Thread] DEBUG PrimaryStageWindow   - PlayerCountMenu -> DialogSubScene
19:18:08.702 [JavaFX Application Thread] DEBUG PrimaryStageWindow   - Pop state: DialogSubScene
19:18:08.702 [JavaFX Application Thread] DEBUG Input                - Clearing active input actions
19:18:08.702 [JavaFX Application Thread] DEBUG GameApplicationServi - Removing overlay from DialogSubScene and adding to PlayerCountMenu
19:18:08.702 [JavaFX Application Thread] DEBUG PrimaryStageWindow   - PlayerCountMenu <- DialogSubScene
19:18:08.704 [JavaFX Application Thread] DEBUG LoopRunner           - Stopping loop
19:18:08.705 [JavaFX Application Thread] FATAL FXGLApplication      - Uncaught Exception:
java.lang.IndexOutOfBoundsException: Index 0 out of bounds for length 0
	at java.base/jdk.internal.util.Preconditions.outOfBounds(Preconditions.java:100)
	at java.base/jdk.internal.util.Preconditions.outOfBoundsCheckIndex(Preconditions.java:106)
	at java.base/jdk.internal.util.Preconditions.checkIndex(Preconditions.java:302)
	at java.base/java.util.Objects.checkIndex(Objects.java:385)
	at java.base/java.util.ArrayList.set(ArrayList.java:470)
	at com.groupfour.mygame/com.groupfour.mygame.App.lambda$10(App.java:184)
	at com.almasb.fxgl.all/com.almasb.fxgl.app.services.FXGLDialogService.showConfirmationBox$lambda-2(FXGLDialogService.kt:130)
	at com.almasb.fxgl.scene/com.almasb.fxgl.ui.FXGLDialogFactoryServiceProvider.confirmationDialog$lambda-1(FXGLDialogFactoryServiceProvider.kt:75)
	at javafx.base/com.sun.javafx.event.CompositeEventHandler.dispatchBubblingEvent(CompositeEventHandler.java:86)
	at javafx.base/com.sun.javafx.event.EventHandlerManager.dispatchBubblingEvent(EventHandlerManager.java:234)
	at javafx.base/com.sun.javafx.event.EventHandlerManager.dispatchBubblingEvent(EventHandlerManager.java:191)
	at javafx.base/com.sun.javafx.event.CompositeEventDispatcher.dispatchBubblingEvent(CompositeEventDispatcher.java:59)
	at javafx.base/com.sun.javafx.event.BasicEventDispatcher.dispatchEvent(BasicEventDispatcher.java:58)
	at javafx.base/com.sun.javafx.event.EventDispatchChainImpl.dispatchEvent(EventDispatchChainImpl.java:114)
	at javafx.base/com.sun.javafx.event.BasicEventDispatcher.dispatchEvent(BasicEventDispatcher.java:56)
	at javafx.base/com.sun.javafx.event.EventDispatchChainImpl.dispatchEvent(EventDispatchChainImpl.java:114)
	at javafx.base/com.sun.javafx.event.BasicEventDispatcher.dispatchEvent(BasicEventDispatcher.java:56)
	at javafx.base/com.sun.javafx.event.EventDispatchChainImpl.dispatchEvent(EventDispatchChainImpl.java:114)
	at javafx.base/com.sun.javafx.event.BasicEventDispatcher.dispatchEvent(BasicEventDispatcher.java:56)
	at javafx.base/com.sun.javafx.event.EventDispatchChainImpl.dispatchEvent(EventDispatchChainImpl.java:114)
	at javafx.base/com.sun.javafx.event.EventUtil.fireEventImpl(EventUtil.java:74)
	at javafx.base/com.sun.javafx.event.EventUtil.fireEvent(EventUtil.java:49)
	at javafx.base/javafx.event.Event.fireEvent(Event.java:198)
	at javafx.graphics/javafx.scene.Node.fireEvent(Node.java:8889)
	at javafx.controls/javafx.scene.control.Button.fire(Button.java:203)
	at javafx.controls/com.sun.javafx.scene.control.behavior.ButtonBehavior.mouseReleased(ButtonBehavior.java:208)
	at javafx.controls/com.sun.javafx.scene.control.inputmap.InputMap.handle(InputMap.java:274)
	at javafx.base/com.sun.javafx.event.CompositeEventHandler$NormalEventHandlerRecord.handleBubblingEvent(CompositeEventHandler.java:247)
	at javafx.base/com.sun.javafx.event.CompositeEventHandler.dispatchBubblingEvent(CompositeEventHandler.java:80)
	at javafx.base/com.sun.javafx.event.EventHandlerManager.dispatchBubblingEvent(EventHandlerManager.java:234)
	at javafx.base/com.sun.javafx.event.EventHandlerManager.dispatchBubblingEvent(EventHandlerManager.java:191)
	at javafx.base/com.sun.javafx.event.CompositeEventDispatcher.dispatchBubblingEvent(CompositeEventDispatcher.java:59)
	at javafx.base/com.sun.javafx.event.BasicEventDispatcher.dispatchEvent(BasicEventDispatcher.java:58)
	at javafx.base/com.sun.javafx.event.EventDispatchChainImpl.dispatchEvent(EventDispatchChainImpl.java:114)
	at javafx.base/com.sun.javafx.event.BasicEventDispatcher.dispatchEvent(BasicEventDispatcher.java:56)
	at javafx.base/com.sun.javafx.event.EventDispatchChainImpl.dispatchEvent(EventDispatchChainImpl.java:114)
	at javafx.base/com.sun.javafx.event.BasicEventDispatcher.dispatchEvent(BasicEventDispatcher.java:56)
	at javafx.base/com.sun.javafx.event.EventDispatchChainImpl.dispatchEvent(EventDispatchChainImpl.java:114)
	at javafx.base/com.sun.javafx.event.BasicEventDispatcher.dispatchEvent(BasicEventDispatcher.java:56)
	at javafx.base/com.sun.javafx.event.EventDispatchChainImpl.dispatchEvent(EventDispatchChainImpl.java:114)
	at javafx.base/com.sun.javafx.event.EventUtil.fireEventImpl(EventUtil.java:74)
	at javafx.base/com.sun.javafx.event.EventUtil.fireEvent(EventUtil.java:54)
	at javafx.base/javafx.event.Event.fireEvent(Event.java:198)
	at javafx.graphics/javafx.scene.Scene$MouseHandler.process(Scene.java:3856)
	at javafx.graphics/javafx.scene.Scene.processMouseEvent(Scene.java:1851)
	at javafx.graphics/javafx.scene.Scene$ScenePeerListener.mouseEvent(Scene.java:2584)
	at javafx.graphics/com.sun.javafx.tk.quantum.GlassViewEventHandler$MouseEventNotification.run(GlassViewEventHandler.java:409)
	at javafx.graphics/com.sun.javafx.tk.quantum.GlassViewEventHandler$MouseEventNotification.run(GlassViewEventHandler.java:299)
	at java.base/java.security.AccessController.doPrivileged(AccessController.java:400)
	at javafx.graphics/com.sun.javafx.tk.quantum.GlassViewEventHandler.lambda$handleMouseEvent$2(GlassViewEventHandler.java:447)
	at javafx.graphics/com.sun.javafx.tk.quantum.QuantumToolkit.runWithoutRenderLock(QuantumToolkit.java:412)
	at javafx.graphics/com.sun.javafx.tk.quantum.GlassViewEventHandler.handleMouseEvent(GlassViewEventHandler.java:446)
	at javafx.graphics/com.sun.glass.ui.View.handleMouseEvent(View.java:556)
	at javafx.graphics/com.sun.glass.ui.View.notifyMouse(View.java:942)
	at javafx.graphics/com.sun.glass.ui.win.WinApplication._runLoop(Native Method)
	at javafx.graphics/com.sun.glass.ui.win.WinApplication.lambda$runLoop$3(WinApplication.java:174)
	at java.base/java.lang.Thread.run(Thread.java:1583)

19:18:08.709 [JavaFX Application Thread] FATAL FXGLApplication      - Application will now exit
19:18:08.719 [JavaFX Application Thread] DEBUG PrimaryStageWindow   - Push state: ErrorSubScene
19:18:08.719 [JavaFX Application Thread] DEBUG Input                - Clearing active input actions
19:18:08.720 [JavaFX Application Thread] DEBUG GameApplicationServi - Removing overlay from PlayerCountMenu and adding to ErrorSubScene
19:18:08.720 [JavaFX Application Thread] DEBUG PrimaryStageWindow   - PlayerCountMenu -> ErrorSubScene
19:18:09.286 [FXGL Background Thread 3 ] DEBUG Engine               - Logging environment variables
19:18:09.286 [FXGL Background Thread 3 ] DEBUG Engine               - achievements: []
19:18:09.286 [FXGL Background Thread 3 ] DEBUG Engine               - actualHeight: 600.0
19:18:09.286 [FXGL Background Thread 3 ] DEBUG Engine               - actualHeightProperty: ReadOnlyDoubleProperty [value: 600.0]
19:18:09.286 [FXGL Background Thread 3 ] DEBUG Engine               - actualWidth: 800.0
19:18:09.286 [FXGL Background Thread 3 ] DEBUG Engine               - actualWidthProperty: ReadOnlyDoubleProperty [value: 800.0]
19:18:09.286 [FXGL Background Thread 3 ] DEBUG Engine               - appIcon: fxgl_icon.png
19:18:09.286 [FXGL Background Thread 3 ] DEBUG Engine               - applicationMode: DEVELOPER
19:18:09.286 [FXGL Background Thread 3 ] DEBUG Engine               - cSSList: [fxgl_dark.css]
19:18:09.286 [FXGL Background Thread 3 ] DEBUG Engine               - collisionDetectionStrategy: BRUTE_FORCE
19:18:09.286 [FXGL Background Thread 3 ] DEBUG Engine               - configClass: Optional.empty
19:18:09.286 [FXGL Background Thread 3 ] DEBUG Engine               - credits: []
19:18:09.286 [FXGL Background Thread 3 ] DEBUG Engine               - defaultCursor: CursorInfo(imageName=fxgl_default_cursor.png, hotspotX=7.0, hotspotY=6.0)
19:18:09.286 [FXGL Background Thread 3 ] DEBUG Engine               - devBBoxColorProperty: ObjectProperty [value: 0xff0000ff]
19:18:09.286 [FXGL Background Thread 3 ] DEBUG Engine               - devEnableDebugCameraProperty: BooleanProperty [value: false]
19:18:09.286 [FXGL Background Thread 3 ] DEBUG Engine               - devSensorColorProperty: ObjectProperty [value: 0xffff00ff]
19:18:09.286 [FXGL Background Thread 3 ] DEBUG Engine               - devShowBBoxProperty: BooleanProperty [value: false]
19:18:09.286 [FXGL Background Thread 3 ] DEBUG Engine               - devShowPositionProperty: BooleanProperty [value: false]
19:18:09.286 [FXGL Background Thread 3 ] DEBUG Engine               - enabledMenuItems: []
19:18:09.286 [FXGL Background Thread 3 ] DEBUG Engine               - engineServices: [class com.almasb.fxgl.app.services.FXGLAssetLoaderService, class com.almasb.fxgl.app.FXGLApplication$GameApplicationService, class com.almasb.fxgl.app.services.FXGLDialogService, class com.almasb.fxgl.app.services.IOTaskExecutorService, class com.almasb.fxgl.io.FileSystemService, class com.almasb.fxgl.localization.LocalizationService, class com.almasb.fxgl.app.services.SystemBundleService, class com.almasb.fxgl.profile.SaveLoadService, class com.almasb.fxgl.ui.FXGLUIFactoryServiceProvider, class com.almasb.fxgl.ui.FXGLDialogFactoryServiceProvider, class com.almasb.fxgl.audio.AudioPlayer, class com.almasb.fxgl.notification.impl.NotificationServiceProvider, class com.almasb.fxgl.achievement.AchievementService, class com.almasb.fxgl.cutscene.CutsceneService, class com.almasb.fxgl.minigames.MiniGameService, class com.almasb.fxgl.net.NetService, class com.almasb.fxgl.app.services.UpdaterService, class com.almasb.fxgl.dev.DevService, class com.almasb.fxgl.multiplayer.MultiplayerService]
19:18:09.286 [FXGL Background Thread 3 ] DEBUG Engine               - fontGame: Abel-Regular.ttf
19:18:09.286 [FXGL Background Thread 3 ] DEBUG Engine               - fontMono: lucida_console.ttf
19:18:09.286 [FXGL Background Thread 3 ] DEBUG Engine               - fontText: Courier-Prime.ttf
19:18:09.286 [FXGL Background Thread 3 ] DEBUG Engine               - fontUI: VarelaRound-Regular.ttf
19:18:09.287 [FXGL Background Thread 3 ] DEBUG Engine               - fullScreen: BooleanProperty [value: false]
19:18:09.287 [FXGL Background Thread 3 ] DEBUG Engine               - gameDifficulty: MEDIUM
19:18:09.287 [FXGL Background Thread 3 ] DEBUG Engine               - gameDifficultyProperty: ObjectProperty [value: MEDIUM]
19:18:09.287 [FXGL Background Thread 3 ] DEBUG Engine               - globalMusicVolume: 0.5
19:18:09.287 [FXGL Background Thread 3 ] DEBUG Engine               - globalMusicVolumeProperty: DoubleProperty [value: 0.5]
19:18:09.287 [FXGL Background Thread 3 ] DEBUG Engine               - globalSoundVolume: 0.5
19:18:09.287 [FXGL Background Thread 3 ] DEBUG Engine               - globalSoundVolumeProperty: DoubleProperty [value: 0.5]
19:18:09.287 [FXGL Background Thread 3 ] DEBUG Engine               - height: 600
19:18:09.287 [FXGL Background Thread 3 ] DEBUG Engine               - is3D: false
19:18:09.287 [FXGL Background Thread 3 ] DEBUG Engine               - isAndroid: false
19:18:09.287 [FXGL Background Thread 3 ] DEBUG Engine               - isBrowser: false
19:18:09.287 [FXGL Background Thread 3 ] DEBUG Engine               - isClickFeedbackEnabled: false
19:18:09.287 [FXGL Background Thread 3 ] DEBUG Engine               - isCloseConfirmation: false
19:18:09.287 [FXGL Background Thread 3 ] DEBUG Engine               - isDesktop: true
19:18:09.287 [FXGL Background Thread 3 ] DEBUG Engine               - isDeveloperMenuEnabled: false
19:18:09.287 [FXGL Background Thread 3 ] DEBUG Engine               - isEmbedded: false
19:18:09.287 [FXGL Background Thread 3 ] DEBUG Engine               - isEntityPreloadEnabled: true
19:18:09.287 [FXGL Background Thread 3 ] DEBUG Engine               - isExperimentalTiledLargeMap: false
19:18:09.287 [FXGL Background Thread 3 ] DEBUG Engine               - isFileSystemWriteAllowed: true
19:18:09.287 [FXGL Background Thread 3 ] DEBUG Engine               - isFullScreenAllowed: false
19:18:09.287 [FXGL Background Thread 3 ] DEBUG Engine               - isFullScreenFromStart: false
19:18:09.287 [FXGL Background Thread 3 ] DEBUG Engine               - isGameMenuEnabled: true
19:18:09.287 [FXGL Background Thread 3 ] DEBUG Engine               - isIOS: false
19:18:09.287 [FXGL Background Thread 3 ] DEBUG Engine               - isIntroEnabled: false
19:18:09.287 [FXGL Background Thread 3 ] DEBUG Engine               - isLinux: false
19:18:09.287 [FXGL Background Thread 3 ] DEBUG Engine               - isMac: false
19:18:09.287 [FXGL Background Thread 3 ] DEBUG Engine               - isMainMenuEnabled: true
19:18:09.287 [FXGL Background Thread 3 ] DEBUG Engine               - isManualResizeEnabled: false
19:18:09.287 [FXGL Background Thread 3 ] DEBUG Engine               - isMobile: false
19:18:09.287 [FXGL Background Thread 3 ] DEBUG Engine               - isNative: false
19:18:09.287 [FXGL Background Thread 3 ] DEBUG Engine               - isPauseMusicWhenMinimized: true
19:18:09.287 [FXGL Background Thread 3 ] DEBUG Engine               - isPreserveResizeRatio: false
19:18:09.287 [FXGL Background Thread 3 ] DEBUG Engine               - isProfilingEnabled: false
19:18:09.287 [FXGL Background Thread 3 ] DEBUG Engine               - isScaleAffectedOnResize: true
19:18:09.287 [FXGL Background Thread 3 ] DEBUG Engine               - isSingleStep: false
19:18:09.287 [FXGL Background Thread 3 ] DEBUG Engine               - isUserProfileEnabled: false
19:18:09.287 [FXGL Background Thread 3 ] DEBUG Engine               - isWindows: true
19:18:09.287 [FXGL Background Thread 3 ] DEBUG Engine               - language: ObjectProperty [value: ENGLISH]
19:18:09.287 [FXGL Background Thread 3 ] DEBUG Engine               - menuKey: ESCAPE
19:18:09.287 [FXGL Background Thread 3 ] DEBUG Engine               - mouseSensitivity: 0.2
19:18:09.287 [FXGL Background Thread 3 ] DEBUG Engine               - notificationViewClass: class com.almasb.fxgl.notification.view.XboxNotificationView
19:18:09.287 [FXGL Background Thread 3 ] DEBUG Engine               - pixelsPerMeter: 50.0
19:18:09.287 [FXGL Background Thread 3 ] DEBUG Engine               - platform: WINDOWS
19:18:09.287 [FXGL Background Thread 3 ] DEBUG Engine               - prefHeightProperty: ReadOnlyDoubleProperty [value: 600.0]
19:18:09.287 [FXGL Background Thread 3 ] DEBUG Engine               - prefWidthProperty: ReadOnlyDoubleProperty [value: 800.0]
19:18:09.287 [FXGL Background Thread 3 ] DEBUG Engine               - profileDir: profiles/
19:18:09.289 [FXGL Background Thread 3 ] DEBUG Engine               - profileName: StringProperty [value: DEFAULT]
19:18:09.289 [FXGL Background Thread 3 ] DEBUG Engine               - randomSeed: -1
19:18:09.289 [FXGL Background Thread 3 ] DEBUG Engine               - runtimeInfo: RuntimeInfo(platform=WINDOWS, version=dev-SNAPSHOT, build=28.07.2021 16.39)
19:18:09.289 [FXGL Background Thread 3 ] DEBUG Engine               - saveFileExt: sav
19:18:09.289 [FXGL Background Thread 3 ] DEBUG Engine               - scaledHeightProp$fxgl: DoubleProperty [bound, value: 600.0]
19:18:09.289 [FXGL Background Thread 3 ] DEBUG Engine               - scaledWidthProp$fxgl: DoubleProperty [bound, value: 800.0]
19:18:09.289 [FXGL Background Thread 3 ] DEBUG Engine               - sceneFactory: com.groupfour.mygame.App$1@698a671
19:18:09.289 [FXGL Background Thread 3 ] DEBUG Engine               - secondsIn24h: 60
19:18:09.289 [FXGL Background Thread 3 ] DEBUG Engine               - soundMenuBack: menu/back.wav
19:18:09.289 [FXGL Background Thread 3 ] DEBUG Engine               - soundMenuPress: menu/press.wav
19:18:09.289 [FXGL Background Thread 3 ] DEBUG Engine               - soundMenuSelect: menu/select.wav
19:18:09.289 [FXGL Background Thread 3 ] DEBUG Engine               - soundNotification: core/notification.wav
19:18:09.289 [FXGL Background Thread 3 ] DEBUG Engine               - stageStyle: DECORATED
19:18:09.289 [FXGL Background Thread 3 ] DEBUG Engine               - supportedLanguages: [ENGLISH, FRENCH, GERMAN, HUNGARIAN, RUSSIAN]
19:18:09.289 [FXGL Background Thread 3 ] DEBUG Engine               - ticksPerSecond: -1
19:18:09.289 [FXGL Background Thread 3 ] DEBUG Engine               - title: Flatline: Oregon
19:18:09.289 [FXGL Background Thread 3 ] DEBUG Engine               - urlGithub: https://github.com/AlmasB/FXGL
19:18:09.289 [FXGL Background Thread 3 ] DEBUG Engine               - urlLeaderboard: http://fxgl-top.herokuapp.com/
19:18:09.289 [FXGL Background Thread 3 ] DEBUG Engine               - urlPOM: https://raw.githubusercontent.com/AlmasB/FXGL/release/README.md
19:18:09.289 [FXGL Background Thread 3 ] DEBUG Engine               - userAppClass: class com.groupfour.mygame.App
19:18:09.289 [FXGL Background Thread 3 ] DEBUG Engine               - version: Alpha 0.3
19:18:09.289 [FXGL Background Thread 3 ] DEBUG Engine               - versionCheckDays: 7
19:18:09.289 [FXGL Background Thread 3 ] DEBUG Engine               - width: 800
19:18:09.289 [FXGL Background Thread 3 ] DEBUG Engine               - Logging services
19:18:09.289 [FXGL Background Thread 3 ] DEBUG Engine               - class com.almasb.fxgl.app.services.FXGLAssetLoaderService
19:18:09.289 [FXGL Background Thread 3 ] DEBUG Engine               - class com.almasb.fxgl.app.FXGLApplication$GameApplicationService
19:18:09.289 [FXGL Background Thread 3 ] DEBUG Engine               - class com.almasb.fxgl.app.services.FXGLDialogService
19:18:09.289 [FXGL Background Thread 3 ] DEBUG Engine               - class com.almasb.fxgl.app.services.IOTaskExecutorService
19:18:09.289 [FXGL Background Thread 3 ] DEBUG Engine               - class com.almasb.fxgl.io.FileSystemService
19:18:09.289 [FXGL Background Thread 3 ] DEBUG Engine               - class com.almasb.fxgl.localization.LocalizationService
19:18:09.289 [FXGL Background Thread 3 ] DEBUG Engine               - class com.almasb.fxgl.app.services.SystemBundleService
19:18:09.289 [FXGL Background Thread 3 ] DEBUG Engine               - class com.almasb.fxgl.profile.SaveLoadService
19:18:09.289 [FXGL Background Thread 3 ] DEBUG Engine               - class com.almasb.fxgl.ui.FXGLUIFactoryServiceProvider
19:18:09.289 [FXGL Background Thread 3 ] DEBUG Engine               - class com.almasb.fxgl.ui.FXGLDialogFactoryServiceProvider
19:18:09.289 [FXGL Background Thread 3 ] DEBUG Engine               - class com.almasb.fxgl.audio.AudioPlayer
19:18:09.289 [FXGL Background Thread 3 ] DEBUG Engine               - class com.almasb.fxgl.notification.impl.NotificationServiceProvider
19:18:09.289 [FXGL Background Thread 3 ] DEBUG Engine               - class com.almasb.fxgl.achievement.AchievementService
19:18:09.289 [FXGL Background Thread 3 ] DEBUG Engine               - class com.almasb.fxgl.cutscene.CutsceneService
19:18:09.289 [FXGL Background Thread 3 ] DEBUG Engine               - class com.almasb.fxgl.minigames.MiniGameService
19:18:09.289 [FXGL Background Thread 3 ] DEBUG Engine               - class com.almasb.fxgl.net.NetService
19:18:09.289 [FXGL Background Thread 3 ] DEBUG Engine               - class com.almasb.fxgl.app.services.UpdaterService
19:18:09.289 [FXGL Background Thread 3 ] DEBUG Engine               - class com.almasb.fxgl.dev.DevService
19:18:09.289 [FXGL Background Thread 3 ] DEBUG Engine               - class com.almasb.fxgl.multiplayer.MultiplayerService
19:18:12.760 [JavaFX Application Thread] DEBUG FXGLApplication      - Exiting FXGL
19:18:12.760 [JavaFX Application Thread] DEBUG Async                - Shutting down background threads
19:18:12.760 [JavaFX Application Thread] DEBUG PrimaryStageWindow   - Closing main window
19:18:12.773 [JavaFX Application Thread] DEBUG Logger               - Closing Logger
