18:13:01.299 [main                     ] DEBUG Logger               - Configured Logger
18:13:01.329 [main                     ] DEBUG GameApplication      - Logging settings
Title: Flatline: Oregon
Version: Beta ?
Width: 800
Height: 600
Fullscreen: false
Intro: false
Profiling: false
Single step:false
App Mode: DEVELOPER
Menu Key: ESCAPE
Stage Style: DECORATED
Scene Factory: class com.groupfour.mygame.App$1

18:13:01.819 [JavaFX Application Thread] DEBUG FXGLApplication      - Initializing FXGL
18:13:01.823 [JavaFX Application Thread] INFO  Engine               - FXGL-dev-SNAPSHOT (28.07.2021 16.39) on WINDOWS (J:11.0.22 FX:16)
18:13:01.825 [JavaFX Application Thread] DEBUG Engine               - JRE Vendor Name: Oracle Corporation
18:13:01.826 [JavaFX Application Thread] DEBUG Engine               - Running on OS: Windows 11 version 10.0
18:13:01.826 [JavaFX Application Thread] DEBUG Engine               - Architecture: amd64
18:13:01.826 [JavaFX Application Thread] INFO  Engine               - Source code and latest versions at: https://github.com/AlmasB/FXGL
18:13:01.827 [JavaFX Application Thread] INFO  Engine               -              Join the FXGL chat at: https://gitter.im/AlmasB/FXGL
18:13:01.950 [JavaFX Application Thread] DEBUG PrimaryStageWindow   - Creating a JavaFX scene
18:13:02.039 [JavaFX Application Thread] DEBUG PrimaryStageWindow   - Target settings size: 800.0 x 600.0
18:13:02.040 [JavaFX Application Thread] DEBUG PrimaryStageWindow   - Scaled scene size:    800.0 x 600.0
18:13:02.040 [JavaFX Application Thread] DEBUG PrimaryStageWindow   - Scaled ratio: (1.0, 1.0)
18:13:02.041 [JavaFX Application Thread] DEBUG PrimaryStageWindow   - Set initial scene to FXGLStartupScene
18:13:02.049 [JavaFX Application Thread] DEBUG PrimaryStageWindow   - Opening main window
18:13:02.204 [JavaFX Application Thread] DEBUG PrimaryStageWindow   - Window border size: (14.4000244140625, 37.5999755859375)
18:13:02.204 [JavaFX Application Thread] DEBUG PrimaryStageWindow   - Scaled size: 800.0 x 600.0
18:13:02.204 [JavaFX Application Thread] DEBUG PrimaryStageWindow   - Scaled ratio: (1.0, 1.0)
18:13:02.205 [JavaFX Application Thread] DEBUG PrimaryStageWindow   - Scene size: 800.0 x 600.0
18:13:02.205 [JavaFX Application Thread] DEBUG PrimaryStageWindow   - Stage size: 814.4000244140625 x 637.5999755859375
18:13:02.213 [FXGL Background Thread 1 ] DEBUG Engine               - Initializing environment variables
18:13:02.274 [FXGL Background Thread 1 ] DEBUG FXGLAssetLoaderServi - User app class for loading assets: class com.groupfour.mygame.App
18:13:02.275 [FXGL Background Thread 1 ] DEBUG GameApplicationServi - Applying CSS: fxgl_dark.css
18:13:02.276 [FXGL Background Thread 1 ] DEBUG FXGLAssetLoaderServi - Loading from file system: jar:file:///C:/Users/acer/.m2/repository/com/github/almasb/fxgl/dev-SNAPSHOT/fxgl-dev-SNAPSHOT.jar!/fxglassets/ui/css/fxgl_dark.css
18:13:02.327 [FXGL Background Thread 1 ] DEBUG GameApplicationServi - Initializing application scenes
18:13:02.367 [FXGL Background Thread 1 ] DEBUG GameWorld            - Game world initialized
18:13:02.413 [FXGL Background Thread 1 ] DEBUG PhysicsWorld         - Physics world initialized: appHeight=600, physics.ppm=50.0
18:13:02.414 [FXGL Background Thread 1 ] DEBUG PhysicsWorld         - Using strategy: BRUTE_FORCE
18:13:02.416 [FXGL Background Thread 1 ] DEBUG GameScene            - Game scene initialized: 800x600
18:13:02.431 [FXGL Background Thread 1 ] DEBUG FXGL.DefaultMenu     - createMenuBodyMainMenu()
18:13:02.450 [FXGL Background Thread 1 ] DEBUG FXGL.DefaultMenu     - createOptionsMenu()
18:13:02.459 [FXGL Background Thread 1 ] DEBUG FXGLAssetLoaderServi - Loading from file system: jar:file:///C:/Users/acer/.m2/repository/com/github/almasb/fxgl/dev-SNAPSHOT/fxgl-dev-SNAPSHOT.jar!/fxglassets/textures/particles/smoke.png
18:13:02.559 [FXGL Background Thread 1 ] DEBUG FXGLAssetLoaderServi - Loading from file system: jar:file:///C:/Users/acer/.m2/repository/com/github/almasb/fxgl/dev-SNAPSHOT/fxgl-dev-SNAPSHOT.jar!/fxglassets/textures/particles/trace_horizontal.png
18:13:02.590 [FXGL Background Thread 1 ] DEBUG FXGLAssetLoaderServi - Loading from file system: file:/C:/Users/acer/OneDrive/Desktop/git%20pull/CSS124L-FINAL-PROJECT/fp/target/classes/assets/ui/fonts/PIXELADE.TTF
18:13:03.057 [FXGL Background Thread 1 ] DEBUG FXGLAssetLoaderServi - Loading from file system: file:/C:/Users/acer/OneDrive/Desktop/git%20pull/CSS124L-FINAL-PROJECT/fp/target/classes/assets/textures/spbtn.png
18:13:03.081 [FXGL Background Thread 1 ] DEBUG FXGLAssetLoaderServi - Loading from file system: file:/C:/Users/acer/OneDrive/Desktop/git%20pull/CSS124L-FINAL-PROJECT/fp/target/classes/assets/textures/return.png
18:13:03.093 [FXGL Background Thread 1 ] DEBUG GameApplicationServi - Application scenes initialized
18:13:03.100 [FXGL Background Thread 1 ] DEBUG SystemBundleService  - Loading FXGL system data
18:13:03.105 [FXGL Background Thread 1 ] DEBUG FileSystemAccess     - Reading from: C:\Users\acer\OneDrive\Desktop\git pull\CSS124L-FINAL-PROJECT\system\fxgl.bundle
18:13:03.110 [FXGL Background Thread 1 ] DEBUG SystemBundleService  - Bundle FXGL: {}
18:13:03.110 [FXGL Background Thread 1 ] DEBUG UpdaterService       - Checking for updates
18:13:03.130 [FXGL Background Thread 4 ] DEBUG FXGLApplication      - Loading fonts
18:13:03.132 [FXGL Background Thread 1 ] DEBUG FXGLApplication      - Loading default localization
18:13:03.132 [FXGL Background Thread 1 ] DEBUG FXGLAssetLoaderServi - Loading from file system: jar:file:///C:/Users/acer/.m2/repository/com/github/almasb/fxgl/dev-SNAPSHOT/fxgl-dev-SNAPSHOT.jar!/fxglassets/languages/english.lang
18:13:03.133 [FXGL Background Thread 4 ] DEBUG FXGLAssetLoaderServi - Loading from file system: jar:file:///C:/Users/acer/.m2/repository/com/github/almasb/fxgl/dev-SNAPSHOT/fxgl-dev-SNAPSHOT.jar!/fxglassets/ui/fonts/VarelaRound-Regular.ttf
18:13:03.141 [FXGL Background Thread 4 ] DEBUG FXGLAssetLoaderServi - Loading from file system: jar:file:///C:/Users/acer/.m2/repository/com/github/almasb/fxgl/dev-SNAPSHOT/fxgl-dev-SNAPSHOT.jar!/fxglassets/ui/fonts/Abel-Regular.ttf
18:13:03.146 [FXGL Background Thread 4 ] DEBUG FXGLAssetLoaderServi - Loading from file system: jar:file:///C:/Users/acer/.m2/repository/com/github/almasb/fxgl/dev-SNAPSHOT/fxgl-dev-SNAPSHOT.jar!/fxglassets/ui/fonts/lucida_console.ttf
18:13:03.147 [FXGL Background Thread 1 ] INFO  FXGLApplication      - FXGL initialization took: 0.933 sec
18:13:03.155 [FXGL Background Thread 4 ] DEBUG FXGLAssetLoaderServi - Loading from file system: jar:file:///C:/Users/acer/.m2/repository/com/github/almasb/fxgl/dev-SNAPSHOT/fxgl-dev-SNAPSHOT.jar!/fxglassets/ui/fonts/Courier-Prime.ttf
18:13:03.160 [JavaFX Application Thread] DEBUG Input                - Registered new binding: Move Upwards - W
18:13:03.160 [JavaFX Application Thread] DEBUG Input                - Registered new binding: Move Down - S
18:13:03.161 [JavaFX Application Thread] DEBUG Input                - Registered new binding: Move Left - A
18:13:03.161 [JavaFX Application Thread] DEBUG Input                - Registered new binding: Move Right - D
18:13:03.161 [JavaFX Application Thread] DEBUG Input                - Registered new binding: Reload - R
18:13:03.162 [JavaFX Application Thread] DEBUG Input                - Registered new binding: Shoot - LMB
18:13:03.163 [JavaFX Application Thread] DEBUG Input                - Registered new binding: Switch Weapons - Q
18:13:03.163 [JavaFX Application Thread] DEBUG Input                - Registered new binding: Interact - F
18:13:03.163 [JavaFX Application Thread] DEBUG Input                - Registered new binding: Sprint - Space
18:13:03.163 [JavaFX Application Thread] DEBUG FXGLAssetLoaderServi - Loading from file system: file:/C:/Users/acer/OneDrive/Desktop/git%20pull/CSS124L-FINAL-PROJECT/fp/target/classes/assets/music/titleBGM.mp3
18:13:03.270 [FXGL Background Thread 2 ] WARN  UpdaterService       - Failed to find updates: java.net.UnknownHostException: raw.githubusercontent.com
18:13:03.313 [JavaFX Application Thread] DEBUG AudioPlayer          - Playing music com.almasb.fxgl.audio.Music@63f1f3a0
18:13:03.314 [JavaFX Application Thread] DEBUG FXGLAssetLoaderServi - Loading from file system: jar:file:///C:/Users/acer/.m2/repository/com/github/almasb/fxgl/dev-SNAPSHOT/fxgl-dev-SNAPSHOT.jar!/fxglassets/textures/fxgl_icon.png
18:13:03.325 [JavaFX Application Thread] DEBUG FXGLAssetLoaderServi - Loading from file system: jar:file:///C:/Users/acer/.m2/repository/com/github/almasb/fxgl/dev-SNAPSHOT/fxgl-dev-SNAPSHOT.jar!/fxglassets/textures/fxgl_default_cursor.png
18:13:03.327 [JavaFX Application Thread] DEBUG Input                - Registered new binding: Screenshot - CTRL+8
18:13:03.327 [JavaFX Application Thread] DEBUG Input                - Registered new binding: Dev Options - 1
18:13:03.327 [JavaFX Application Thread] DEBUG Input                - Registered new binding: Dev Console - 2
18:13:03.328 [JavaFX Application Thread] DEBUG Input                - Registered new binding: System info dump - CTRL+9
18:13:03.328 [JavaFX Application Thread] DEBUG Input                - Registered new binding: Restart - CTRL+R
18:13:03.329 [JavaFX Application Thread] DEBUG Input                - Registered new binding: Toggle Debug Camera - CTRL+C
18:13:03.330 [JavaFX Application Thread] DEBUG LoopRunner           - Starting loop
18:13:03.342 [JavaFX Application Thread] DEBUG LoopRunner           - Initializing JavaFX AnimationTimerLoop
18:13:03.344 [JavaFX Application Thread] DEBUG Input                - Clearing active input actions
18:13:03.363 [JavaFX Application Thread] DEBUG GameApplicationServi - Removing overlay from FXGLStartupScene and adding to FXGLMainMenuDummyScene
18:13:03.366 [JavaFX Application Thread] DEBUG PrimaryStageWindow   - FXGLStartupScene -> FXGLMainMenuDummyScene
18:13:03.367 [JavaFX Application Thread] DEBUG PrimaryStageWindow   - Push state: FXGLDefaultMenu
18:13:03.370 [JavaFX Application Thread] DEBUG Input                - Clearing active input actions
18:13:03.378 [JavaFX Application Thread] DEBUG GameApplicationServi - Removing overlay from FXGLMainMenuDummyScene and adding to FXGLDefaultMenu
18:13:03.379 [JavaFX Application Thread] DEBUG PrimaryStageWindow   - FXGLMainMenuDummyScene -> FXGLDefaultMenu
18:13:03.379 [JavaFX Application Thread] DEBUG FXGLApplication      - Registering font factories with UI factory
18:13:06.131 [FXGL Background Thread 3 ] DEBUG Engine               - Logging environment variables
18:13:06.132 [FXGL Background Thread 3 ] DEBUG Engine               - achievements: []
18:13:06.133 [FXGL Background Thread 3 ] DEBUG Engine               - actualHeight: 600.0
18:13:06.133 [FXGL Background Thread 3 ] DEBUG Engine               - actualHeightProperty: ReadOnlyDoubleProperty [value: 600.0]
18:13:06.133 [FXGL Background Thread 3 ] DEBUG Engine               - actualWidth: 800.0
18:13:06.133 [FXGL Background Thread 3 ] DEBUG Engine               - actualWidthProperty: ReadOnlyDoubleProperty [value: 800.0]
18:13:06.133 [FXGL Background Thread 3 ] DEBUG Engine               - appIcon: fxgl_icon.png
18:13:06.133 [FXGL Background Thread 3 ] DEBUG Engine               - applicationMode: DEVELOPER
18:13:06.133 [FXGL Background Thread 3 ] DEBUG Engine               - cSSList: [fxgl_dark.css]
18:13:06.134 [FXGL Background Thread 3 ] DEBUG Engine               - collisionDetectionStrategy: BRUTE_FORCE
18:13:06.134 [FXGL Background Thread 3 ] DEBUG Engine               - configClass: Optional.empty
18:13:06.134 [FXGL Background Thread 3 ] DEBUG Engine               - credits: []
18:13:06.134 [FXGL Background Thread 3 ] DEBUG Engine               - defaultCursor: CursorInfo(imageName=fxgl_default_cursor.png, hotspotX=7.0, hotspotY=6.0)
18:13:06.134 [FXGL Background Thread 3 ] DEBUG Engine               - devBBoxColorProperty: ObjectProperty [value: 0xff0000ff]
18:13:06.134 [FXGL Background Thread 3 ] DEBUG Engine               - devEnableDebugCameraProperty: BooleanProperty [value: false]
18:13:06.135 [FXGL Background Thread 3 ] DEBUG Engine               - devSensorColorProperty: ObjectProperty [value: 0xffff00ff]
18:13:06.135 [FXGL Background Thread 3 ] DEBUG Engine               - devShowBBoxProperty: BooleanProperty [value: false]
18:13:06.135 [FXGL Background Thread 3 ] DEBUG Engine               - devShowPositionProperty: BooleanProperty [value: false]
18:13:06.135 [FXGL Background Thread 3 ] DEBUG Engine               - enabledMenuItems: []
18:13:06.135 [FXGL Background Thread 3 ] DEBUG Engine               - engineServices: [class com.almasb.fxgl.app.services.FXGLAssetLoaderService, class com.almasb.fxgl.app.FXGLApplication$GameApplicationService, class com.almasb.fxgl.app.services.FXGLDialogService, class com.almasb.fxgl.app.services.IOTaskExecutorService, class com.almasb.fxgl.io.FileSystemService, class com.almasb.fxgl.localization.LocalizationService, class com.almasb.fxgl.app.services.SystemBundleService, class com.almasb.fxgl.profile.SaveLoadService, class com.almasb.fxgl.ui.FXGLUIFactoryServiceProvider, class com.almasb.fxgl.ui.FXGLDialogFactoryServiceProvider, class com.almasb.fxgl.audio.AudioPlayer, class com.almasb.fxgl.notification.impl.NotificationServiceProvider, class com.almasb.fxgl.achievement.AchievementService, class com.almasb.fxgl.cutscene.CutsceneService, class com.almasb.fxgl.minigames.MiniGameService, class com.almasb.fxgl.net.NetService, class com.almasb.fxgl.app.services.UpdaterService, class com.almasb.fxgl.dev.DevService, class com.almasb.fxgl.multiplayer.MultiplayerService]
18:13:06.135 [FXGL Background Thread 3 ] DEBUG Engine               - fontGame: Abel-Regular.ttf
18:13:06.135 [FXGL Background Thread 3 ] DEBUG Engine               - fontMono: lucida_console.ttf
18:13:06.135 [FXGL Background Thread 3 ] DEBUG Engine               - fontText: Courier-Prime.ttf
18:13:06.136 [FXGL Background Thread 3 ] DEBUG Engine               - fontUI: VarelaRound-Regular.ttf
18:13:06.136 [FXGL Background Thread 3 ] DEBUG Engine               - fullScreen: BooleanProperty [value: false]
18:13:06.136 [FXGL Background Thread 3 ] DEBUG Engine               - gameDifficulty: MEDIUM
18:13:06.137 [FXGL Background Thread 3 ] DEBUG Engine               - gameDifficultyProperty: ObjectProperty [value: MEDIUM]
18:13:06.137 [FXGL Background Thread 3 ] DEBUG Engine               - globalMusicVolume: 0.5
18:13:06.137 [FXGL Background Thread 3 ] DEBUG Engine               - globalMusicVolumeProperty: DoubleProperty [value: 0.5]
18:13:06.137 [FXGL Background Thread 3 ] DEBUG Engine               - globalSoundVolume: 0.5
18:13:06.137 [FXGL Background Thread 3 ] DEBUG Engine               - globalSoundVolumeProperty: DoubleProperty [value: 0.5]
18:13:06.137 [FXGL Background Thread 3 ] DEBUG Engine               - height: 600
18:13:06.137 [FXGL Background Thread 3 ] DEBUG Engine               - is3D: false
18:13:06.138 [FXGL Background Thread 3 ] DEBUG Engine               - isAndroid: false
18:13:06.138 [FXGL Background Thread 3 ] DEBUG Engine               - isBrowser: false
18:13:06.138 [FXGL Background Thread 3 ] DEBUG Engine               - isClickFeedbackEnabled: false
18:13:06.138 [FXGL Background Thread 3 ] DEBUG Engine               - isCloseConfirmation: false
18:13:06.138 [FXGL Background Thread 3 ] DEBUG Engine               - isDesktop: true
18:13:06.139 [FXGL Background Thread 3 ] DEBUG Engine               - isDeveloperMenuEnabled: true
18:13:06.140 [FXGL Background Thread 3 ] DEBUG Engine               - isEmbedded: false
18:13:06.140 [FXGL Background Thread 3 ] DEBUG Engine               - isEntityPreloadEnabled: true
18:13:06.141 [FXGL Background Thread 3 ] DEBUG Engine               - isExperimentalTiledLargeMap: false
18:13:06.141 [FXGL Background Thread 3 ] DEBUG Engine               - isFileSystemWriteAllowed: true
18:13:06.141 [FXGL Background Thread 3 ] DEBUG Engine               - isFullScreenAllowed: false
18:13:06.141 [FXGL Background Thread 3 ] DEBUG Engine               - isFullScreenFromStart: false
18:13:06.141 [FXGL Background Thread 3 ] DEBUG Engine               - isGameMenuEnabled: true
18:13:06.141 [FXGL Background Thread 3 ] DEBUG Engine               - isIOS: false
18:13:06.141 [FXGL Background Thread 3 ] DEBUG Engine               - isIntroEnabled: false
18:13:06.141 [FXGL Background Thread 3 ] DEBUG Engine               - isLinux: false
18:13:06.142 [FXGL Background Thread 3 ] DEBUG Engine               - isMac: false
18:13:06.142 [FXGL Background Thread 3 ] DEBUG Engine               - isMainMenuEnabled: true
18:13:06.142 [FXGL Background Thread 3 ] DEBUG Engine               - isManualResizeEnabled: false
18:13:06.142 [FXGL Background Thread 3 ] DEBUG Engine               - isMobile: false
18:13:06.142 [FXGL Background Thread 3 ] DEBUG Engine               - isNative: false
18:13:06.142 [FXGL Background Thread 3 ] DEBUG Engine               - isPauseMusicWhenMinimized: true
18:13:06.142 [FXGL Background Thread 3 ] DEBUG Engine               - isPreserveResizeRatio: false
18:13:06.142 [FXGL Background Thread 3 ] DEBUG Engine               - isProfilingEnabled: false
18:13:06.143 [FXGL Background Thread 3 ] DEBUG Engine               - isScaleAffectedOnResize: true
18:13:06.143 [FXGL Background Thread 3 ] DEBUG Engine               - isSingleStep: false
18:13:06.143 [FXGL Background Thread 3 ] DEBUG Engine               - isUserProfileEnabled: false
18:13:06.143 [FXGL Background Thread 3 ] DEBUG Engine               - isWindows: true
18:13:06.143 [FXGL Background Thread 3 ] DEBUG Engine               - language: ObjectProperty [value: ENGLISH]
18:13:06.143 [FXGL Background Thread 3 ] DEBUG Engine               - menuKey: ESCAPE
18:13:06.143 [FXGL Background Thread 3 ] DEBUG Engine               - mouseSensitivity: 0.2
18:13:06.144 [FXGL Background Thread 3 ] DEBUG Engine               - notificationViewClass: class com.almasb.fxgl.notification.view.XboxNotificationView
18:13:06.144 [FXGL Background Thread 3 ] DEBUG Engine               - pixelsPerMeter: 50.0
18:13:06.144 [FXGL Background Thread 3 ] DEBUG Engine               - platform: WINDOWS
18:13:06.144 [FXGL Background Thread 3 ] DEBUG Engine               - prefHeightProperty: ReadOnlyDoubleProperty [value: 600.0]
18:13:06.144 [FXGL Background Thread 3 ] DEBUG Engine               - prefWidthProperty: ReadOnlyDoubleProperty [value: 800.0]
18:13:06.144 [FXGL Background Thread 3 ] DEBUG Engine               - profileDir: profiles/
18:13:06.145 [FXGL Background Thread 3 ] DEBUG Engine               - profileName: StringProperty [value: DEFAULT]
18:13:06.145 [FXGL Background Thread 3 ] DEBUG Engine               - randomSeed: -1
18:13:06.145 [FXGL Background Thread 3 ] DEBUG Engine               - runtimeInfo: RuntimeInfo(platform=WINDOWS, version=dev-SNAPSHOT, build=28.07.2021 16.39)
18:13:06.145 [FXGL Background Thread 3 ] DEBUG Engine               - saveFileExt: sav
18:13:06.145 [FXGL Background Thread 3 ] DEBUG Engine               - scaledHeightProp$fxgl: DoubleProperty [bound, value: 600.0]
18:13:06.145 [FXGL Background Thread 3 ] DEBUG Engine               - scaledWidthProp$fxgl: DoubleProperty [bound, value: 800.0]
18:13:06.145 [FXGL Background Thread 3 ] DEBUG Engine               - sceneFactory: com.groupfour.mygame.App$1@775aa390
18:13:06.145 [FXGL Background Thread 3 ] DEBUG Engine               - secondsIn24h: 60
18:13:06.145 [FXGL Background Thread 3 ] DEBUG Engine               - soundMenuBack: menu/back.wav
18:13:06.145 [FXGL Background Thread 3 ] DEBUG Engine               - soundMenuPress: menu/press.wav
18:13:06.145 [FXGL Background Thread 3 ] DEBUG Engine               - soundMenuSelect: menu/select.wav
18:13:06.146 [FXGL Background Thread 3 ] DEBUG Engine               - soundNotification: core/notification.wav
18:13:06.146 [FXGL Background Thread 3 ] DEBUG Engine               - stageStyle: DECORATED
18:13:06.146 [FXGL Background Thread 3 ] DEBUG Engine               - supportedLanguages: [ENGLISH, FRENCH, GERMAN, HUNGARIAN, RUSSIAN]
18:13:06.146 [FXGL Background Thread 3 ] DEBUG Engine               - ticksPerSecond: -1
18:13:06.146 [FXGL Background Thread 3 ] DEBUG Engine               - title: Flatline: Oregon
18:13:06.146 [FXGL Background Thread 3 ] DEBUG Engine               - urlGithub: https://github.com/AlmasB/FXGL
18:13:06.146 [FXGL Background Thread 3 ] DEBUG Engine               - urlLeaderboard: http://fxgl-top.herokuapp.com/
18:13:06.146 [FXGL Background Thread 3 ] DEBUG Engine               - urlPOM: https://raw.githubusercontent.com/AlmasB/FXGL/release/README.md
18:13:06.146 [FXGL Background Thread 3 ] DEBUG Engine               - userAppClass: class com.groupfour.mygame.App
18:13:06.146 [FXGL Background Thread 3 ] DEBUG Engine               - version: Beta ?
18:13:06.146 [FXGL Background Thread 3 ] DEBUG Engine               - versionCheckDays: 7
18:13:06.146 [FXGL Background Thread 3 ] DEBUG Engine               - width: 800
18:13:06.146 [FXGL Background Thread 3 ] DEBUG Engine               - Logging services
18:13:06.146 [FXGL Background Thread 3 ] DEBUG Engine               - class com.almasb.fxgl.app.services.FXGLAssetLoaderService
18:13:06.146 [FXGL Background Thread 3 ] DEBUG Engine               - class com.almasb.fxgl.app.FXGLApplication$GameApplicationService
18:13:06.147 [FXGL Background Thread 3 ] DEBUG Engine               - class com.almasb.fxgl.app.services.FXGLDialogService
18:13:06.147 [FXGL Background Thread 3 ] DEBUG Engine               - class com.almasb.fxgl.app.services.IOTaskExecutorService
18:13:06.147 [FXGL Background Thread 3 ] DEBUG Engine               - class com.almasb.fxgl.io.FileSystemService
18:13:06.147 [FXGL Background Thread 3 ] DEBUG Engine               - class com.almasb.fxgl.localization.LocalizationService
18:13:06.147 [FXGL Background Thread 3 ] DEBUG Engine               - class com.almasb.fxgl.app.services.SystemBundleService
18:13:06.147 [FXGL Background Thread 3 ] DEBUG Engine               - class com.almasb.fxgl.profile.SaveLoadService
18:13:06.147 [FXGL Background Thread 3 ] DEBUG Engine               - class com.almasb.fxgl.ui.FXGLUIFactoryServiceProvider
18:13:06.147 [FXGL Background Thread 3 ] DEBUG Engine               - class com.almasb.fxgl.ui.FXGLDialogFactoryServiceProvider
18:13:06.147 [FXGL Background Thread 3 ] DEBUG Engine               - class com.almasb.fxgl.audio.AudioPlayer
18:13:06.147 [FXGL Background Thread 3 ] DEBUG Engine               - class com.almasb.fxgl.notification.impl.NotificationServiceProvider
18:13:06.147 [FXGL Background Thread 3 ] DEBUG Engine               - class com.almasb.fxgl.achievement.AchievementService
18:13:06.147 [FXGL Background Thread 3 ] DEBUG Engine               - class com.almasb.fxgl.cutscene.CutsceneService
18:13:06.147 [FXGL Background Thread 3 ] DEBUG Engine               - class com.almasb.fxgl.minigames.MiniGameService
18:13:06.147 [FXGL Background Thread 3 ] DEBUG Engine               - class com.almasb.fxgl.net.NetService
18:13:06.147 [FXGL Background Thread 3 ] DEBUG Engine               - class com.almasb.fxgl.app.services.UpdaterService
18:13:06.147 [FXGL Background Thread 3 ] DEBUG Engine               - class com.almasb.fxgl.dev.DevService
18:13:06.147 [FXGL Background Thread 3 ] DEBUG Engine               - class com.almasb.fxgl.multiplayer.MultiplayerService
18:13:10.805 [JavaFX Application Thread] DEBUG FXGLApplication      - Exiting FXGL
18:13:10.805 [JavaFX Application Thread] DEBUG LoopRunner           - Stopping loop
18:13:10.805 [JavaFX Application Thread] DEBUG SystemBundleService  - Saving FXGL system data
18:13:10.807 [JavaFX Application Thread] DEBUG FileSystemAccess     - Writing to: C:\Users\acer\OneDrive\Desktop\git pull\CSS124L-FINAL-PROJECT\system\fxgl.bundle
18:13:10.809 [JavaFX Application Thread] DEBUG Async                - Shutting down background threads
18:13:10.809 [JavaFX Application Thread] DEBUG PrimaryStageWindow   - Closing main window
18:13:10.901 [JavaFX Application Thread] DEBUG Logger               - Closing Logger
