19:35:43.217 [main                     ] DEBUG Logger               - Configured Logger
19:35:43.237 [main                     ] DEBUG GameApplication      - Logging settings
Title: Flatline: Oregon
Version: 0.0
Width: 800
Height: 600
Fullscreen: false
Intro: false
Profiling: false
Single step:false
App Mode: DEVELOPER
Menu Key: ESCAPE
Stage Style: DECORATED
Scene Factory: class com.groupfour.mygame.App$1

19:35:43.532 [JavaFX Application Thread] DEBUG FXGLApplication      - Initializing FXGL
19:35:43.534 [JavaFX Application Thread] INFO  Engine               - FXGL-dev-SNAPSHOT (28.07.2021 16.39) on WINDOWS (J:11.0.22 FX:16)
19:35:43.535 [JavaFX Application Thread] DEBUG Engine               - JRE Vendor Name: Oracle Corporation
19:35:43.535 [JavaFX Application Thread] DEBUG Engine               - Running on OS: Windows 11 version 10.0
19:35:43.535 [JavaFX Application Thread] DEBUG Engine               - Architecture: amd64
19:35:43.535 [JavaFX Application Thread] INFO  Engine               - Source code and latest versions at: https://github.com/AlmasB/FXGL
19:35:43.535 [JavaFX Application Thread] INFO  Engine               -              Join the FXGL chat at: https://gitter.im/AlmasB/FXGL
19:35:43.594 [JavaFX Application Thread] DEBUG PrimaryStageWindow   - Creating a JavaFX scene
19:35:43.633 [JavaFX Application Thread] DEBUG PrimaryStageWindow   - Target settings size: 800.0 x 600.0
19:35:43.634 [JavaFX Application Thread] DEBUG PrimaryStageWindow   - Scaled scene size:    800.0 x 600.0
19:35:43.634 [JavaFX Application Thread] DEBUG PrimaryStageWindow   - Scaled ratio: (1.0, 1.0)
19:35:43.634 [JavaFX Application Thread] DEBUG PrimaryStageWindow   - Set initial scene to FXGLStartupScene
19:35:43.638 [JavaFX Application Thread] DEBUG PrimaryStageWindow   - Opening main window
19:35:43.706 [JavaFX Application Thread] DEBUG PrimaryStageWindow   - Window border size: (14.4000244140625, 37.5999755859375)
19:35:43.706 [JavaFX Application Thread] DEBUG PrimaryStageWindow   - Scaled size: 800.0 x 600.0
19:35:43.706 [JavaFX Application Thread] DEBUG PrimaryStageWindow   - Scaled ratio: (1.0, 1.0)
19:35:43.706 [JavaFX Application Thread] DEBUG PrimaryStageWindow   - Scene size: 800.0 x 600.0
19:35:43.707 [JavaFX Application Thread] DEBUG PrimaryStageWindow   - Stage size: 814.4000244140625 x 637.5999755859375
19:35:43.712 [FXGL Background Thread 1 ] DEBUG Engine               - Initializing environment variables
19:35:43.753 [FXGL Background Thread 1 ] DEBUG FXGLAssetLoaderServi - User app class for loading assets: class com.groupfour.mygame.App
19:35:43.754 [FXGL Background Thread 1 ] DEBUG GameApplicationServi - Applying CSS: fxgl_dark.css
19:35:43.755 [FXGL Background Thread 1 ] DEBUG FXGLAssetLoaderServi - Loading from file system: jar:file:///C:/Users/acer/.m2/repository/com/github/almasb/fxgl/dev-SNAPSHOT/fxgl-dev-SNAPSHOT.jar!/fxglassets/ui/css/fxgl_dark.css
19:35:43.792 [FXGL Background Thread 1 ] DEBUG GameApplicationServi - Initializing application scenes
19:35:43.819 [FXGL Background Thread 1 ] DEBUG GameWorld            - Game world initialized
19:35:43.853 [FXGL Background Thread 1 ] DEBUG PhysicsWorld         - Physics world initialized: appHeight=600, physics.ppm=50.0
19:35:43.854 [FXGL Background Thread 1 ] DEBUG PhysicsWorld         - Using strategy: BRUTE_FORCE
19:35:43.856 [FXGL Background Thread 1 ] DEBUG GameScene            - Game scene initialized: 800x600
19:35:43.866 [FXGL Background Thread 1 ] DEBUG FXGL.DefaultMenu     - createMenuBodyMainMenu()
19:35:43.876 [FXGL Background Thread 1 ] DEBUG FXGL.DefaultMenu     - createOptionsMenu()
19:35:43.883 [FXGL Background Thread 1 ] DEBUG FXGLAssetLoaderServi - Loading from file system: jar:file:///C:/Users/acer/.m2/repository/com/github/almasb/fxgl/dev-SNAPSHOT/fxgl-dev-SNAPSHOT.jar!/fxglassets/textures/particles/smoke.png
19:35:43.954 [FXGL Background Thread 1 ] DEBUG FXGLAssetLoaderServi - Loading from file system: jar:file:///C:/Users/acer/.m2/repository/com/github/almasb/fxgl/dev-SNAPSHOT/fxgl-dev-SNAPSHOT.jar!/fxglassets/textures/particles/trace_horizontal.png
19:35:43.976 [FXGL Background Thread 1 ] DEBUG FXGLAssetLoaderServi - Loading from file system: file:/C:/Users/acer/OneDrive/Desktop/git%20pull/CSS124L-FINAL-PROJECT/fp/target/classes/assets/textures/spbtn.png
19:35:43.995 [FXGL Background Thread 1 ] DEBUG FXGLAssetLoaderServi - Loading from file system: file:/C:/Users/acer/OneDrive/Desktop/git%20pull/CSS124L-FINAL-PROJECT/fp/target/classes/assets/textures/mm.png
19:35:44.002 [FXGL Background Thread 1 ] DEBUG GameApplicationServi - Application scenes initialized
19:35:44.009 [FXGL Background Thread 1 ] DEBUG SystemBundleService  - Loading FXGL system data
19:35:44.013 [FXGL Background Thread 1 ] DEBUG FileSystemAccess     - Reading from: C:\Users\acer\OneDrive\Desktop\git pull\CSS124L-FINAL-PROJECT\system\fxgl.bundle
19:35:44.017 [FXGL Background Thread 1 ] DEBUG SystemBundleService  - Bundle FXGL: {}
19:35:44.017 [FXGL Background Thread 1 ] DEBUG UpdaterService       - Checking for updates
19:35:44.020 [FXGL Background Thread 4 ] DEBUG FXGLApplication      - Loading fonts
19:35:44.020 [FXGL Background Thread 1 ] DEBUG FXGLApplication      - Loading default localization
19:35:44.020 [FXGL Background Thread 4 ] DEBUG FXGLAssetLoaderServi - Loading from file system: jar:file:///C:/Users/acer/.m2/repository/com/github/almasb/fxgl/dev-SNAPSHOT/fxgl-dev-SNAPSHOT.jar!/fxglassets/ui/fonts/VarelaRound-Regular.ttf
19:35:44.020 [FXGL Background Thread 1 ] DEBUG FXGLAssetLoaderServi - Loading from file system: jar:file:///C:/Users/acer/.m2/repository/com/github/almasb/fxgl/dev-SNAPSHOT/fxgl-dev-SNAPSHOT.jar!/fxglassets/languages/english.lang
19:35:44.034 [FXGL Background Thread 1 ] INFO  FXGLApplication      - FXGL initialization took: 0.321 sec
19:35:44.045 [JavaFX Application Thread] DEBUG Input                - Registered new binding: Move Upwards - W
19:35:44.045 [JavaFX Application Thread] DEBUG Input                - Registered new binding: Move Down - S
19:35:44.045 [JavaFX Application Thread] DEBUG Input                - Registered new binding: Move Left - A
19:35:44.045 [JavaFX Application Thread] DEBUG Input                - Registered new binding: Move Right - D
19:35:44.045 [JavaFX Application Thread] DEBUG Input                - Registered new binding: Reload - R
19:35:44.046 [JavaFX Application Thread] DEBUG Input                - Registered new binding: Shoot - LMB
19:35:44.046 [JavaFX Application Thread] DEBUG Input                - Registered new binding: Switch Weapons - Q
19:35:44.047 [JavaFX Application Thread] DEBUG Input                - Registered new binding: Interact - F
19:35:44.047 [JavaFX Application Thread] DEBUG Input                - Registered new binding: Sprint - Space
19:35:44.048 [JavaFX Application Thread] DEBUG Input                - Registered new binding: Game Menu - Esc
19:35:44.048 [JavaFX Application Thread] DEBUG FXGLAssetLoaderServi - Loading from file system: file:/C:/Users/acer/OneDrive/Desktop/git%20pull/CSS124L-FINAL-PROJECT/fp/target/classes/assets/music/titleBGM.mp3
19:35:44.172 [JavaFX Application Thread] DEBUG AudioPlayer          - Playing music com.almasb.fxgl.audio.Music@19befcbb
19:35:44.172 [JavaFX Application Thread] DEBUG FXGLAssetLoaderServi - Loading from file system: jar:file:///C:/Users/acer/.m2/repository/com/github/almasb/fxgl/dev-SNAPSHOT/fxgl-dev-SNAPSHOT.jar!/fxglassets/textures/fxgl_icon.png
19:35:44.177 [JavaFX Application Thread] DEBUG FXGLAssetLoaderServi - Loading from file system: jar:file:///C:/Users/acer/.m2/repository/com/github/almasb/fxgl/dev-SNAPSHOT/fxgl-dev-SNAPSHOT.jar!/fxglassets/textures/fxgl_default_cursor.png
19:35:44.179 [JavaFX Application Thread] DEBUG Input                - Registered new binding: Screenshot - CTRL+8
19:35:44.179 [JavaFX Application Thread] DEBUG Input                - Registered new binding: System info dump - CTRL+9
19:35:44.179 [JavaFX Application Thread] DEBUG Input                - Registered new binding: Restart - CTRL+R
19:35:44.179 [JavaFX Application Thread] DEBUG Input                - Registered new binding: Toggle Debug Camera - CTRL+C
19:35:44.180 [JavaFX Application Thread] DEBUG LoopRunner           - Starting loop
19:35:44.180 [JavaFX Application Thread] DEBUG LoopRunner           - Initializing JavaFX AnimationTimerLoop
19:35:44.183 [JavaFX Application Thread] DEBUG Input                - Clearing active input actions
19:35:44.188 [JavaFX Application Thread] DEBUG GameApplicationServi - Removing overlay from FXGLStartupScene and adding to FXGLMainMenuDummyScene
19:35:44.189 [JavaFX Application Thread] DEBUG PrimaryStageWindow   - FXGLStartupScene -> FXGLMainMenuDummyScene
19:35:44.189 [JavaFX Application Thread] DEBUG PrimaryStageWindow   - Push state: FXGLDefaultMenu
19:35:44.192 [JavaFX Application Thread] DEBUG Input                - Clearing active input actions
19:35:44.197 [JavaFX Application Thread] DEBUG GameApplicationServi - Removing overlay from FXGLMainMenuDummyScene and adding to FXGLDefaultMenu
19:35:44.197 [JavaFX Application Thread] DEBUG PrimaryStageWindow   - FXGLMainMenuDummyScene -> FXGLDefaultMenu
19:35:44.419 [FXGL Background Thread 4 ] DEBUG FXGLAssetLoaderServi - Loading from file system: jar:file:///C:/Users/acer/.m2/repository/com/github/almasb/fxgl/dev-SNAPSHOT/fxgl-dev-SNAPSHOT.jar!/fxglassets/ui/fonts/Abel-Regular.ttf
19:35:44.422 [FXGL Background Thread 4 ] DEBUG FXGLAssetLoaderServi - Loading from file system: jar:file:///C:/Users/acer/.m2/repository/com/github/almasb/fxgl/dev-SNAPSHOT/fxgl-dev-SNAPSHOT.jar!/fxglassets/ui/fonts/lucida_console.ttf
19:35:44.427 [FXGL Background Thread 4 ] DEBUG FXGLAssetLoaderServi - Loading from file system: jar:file:///C:/Users/acer/.m2/repository/com/github/almasb/fxgl/dev-SNAPSHOT/fxgl-dev-SNAPSHOT.jar!/fxglassets/ui/fonts/Courier-Prime.ttf
19:35:44.436 [JavaFX Application Thread] DEBUG FXGLApplication      - Registering font factories with UI factory
19:35:45.028 [JavaFX Application Thread] DEBUG Menu                 - fireNewGame()
19:35:45.028 [JavaFX Application Thread] DEBUG GameApplicationServi - Starting new game
19:35:45.030 [JavaFX Application Thread] DEBUG PrimaryStageWindow   - Pop state: FXGLDefaultMenu
19:35:45.030 [JavaFX Application Thread] DEBUG Input                - Clearing active input actions
19:35:45.031 [JavaFX Application Thread] DEBUG GameApplicationServi - Removing overlay from FXGLDefaultMenu and adding to FXGLMainMenuDummyScene
19:35:45.031 [JavaFX Application Thread] DEBUG PrimaryStageWindow   - FXGLMainMenuDummyScene <- FXGLDefaultMenu
19:35:45.031 [JavaFX Application Thread] DEBUG Input                - Clearing active input actions
19:35:45.034 [JavaFX Application Thread] DEBUG GameApplicationServi - Removing overlay from FXGLMainMenuDummyScene and adding to FXGLLoadingScene
19:35:45.034 [JavaFX Application Thread] DEBUG PrimaryStageWindow   - FXGLMainMenuDummyScene -> FXGLLoadingScene
19:35:45.034 [JavaFX Application Thread] DEBUG GameApplicationServi - Clearing previous game
19:35:45.034 [JavaFX Application Thread] DEBUG GameScene            - Clearing game scene
19:35:45.034 [JavaFX Application Thread] DEBUG GameWorld            - Clearing game world
19:35:45.035 [JavaFX Application Thread] DEBUG PhysicsWorld         - Clearing physics world
19:35:45.035 [FXGL Background Thread 4 ] DEBUG FXGLApplication      - Initializing game
19:35:45.061 [FXGL Background Thread 4 ] WARN  TMXLevelLoader       - TiledMap generated from 1.11.0. Supported version: 1.2.3. Some features may not be parsed fully.
19:35:45.076 [FXGL Background Thread 4 ] DEBUG TMXLevelLoader       - Parsed TiledMap: file:/C:/Users/acer/OneDrive/Desktop/git%20pull/CSS124L-FINAL-PROJECT/fp/target/classes/assets/levels/Warehouse.tmx
19:35:45.078 [FXGL Background Thread 4 ] DEBUG TMXLevelLoader       - Creating tile layer entities
19:35:45.079 [FXGL Background Thread 4 ] DEBUG TilesetLoader        - Loading view for layer Floor
19:35:45.086 [FXGL Background Thread 4 ] DEBUG TilesetLoader        - Created buffer with size 2240.0x1600.0
19:35:45.095 [FXGL Background Thread 4 ] DEBUG TilesetLoader        - Loading view for layer Wall
19:35:45.102 [FXGL Background Thread 4 ] DEBUG TilesetLoader        - Created buffer with size 2240.0x1600.0
19:35:45.118 [FXGL Background Thread 4 ] DEBUG TilesetLoader        - Loading view for layer Props
19:35:45.119 [FXGL Background Thread 2 ] INFO  UpdaterService       - Your current version:  dev-SNAPSHOT
19:35:45.124 [FXGL Background Thread 4 ] DEBUG TilesetLoader        - Created buffer with size 2240.0x1600.0
19:35:45.123 [FXGL Background Thread 2 ] INFO  UpdaterService       - Latest stable version: 21.1
19:35:45.138 [FXGL Background Thread 4 ] DEBUG TMXLevelLoader       - Creating object layer entities
19:35:45.157 [FXGL Background Thread 4 ] DEBUG GameWorld            - Clearing removable entities
19:35:45.157 [FXGL Background Thread 4 ] DEBUG GameWorld            - Setting level: com.almasb.fxgl.entity.level.Level@608ee858
19:35:45.162 [FXGL Background Thread 4 ] DEBUG FXGLAssetLoaderServi - Loading from file system: file:/C:/Users/acer/OneDrive/Desktop/git%20pull/CSS124L-FINAL-PROJECT/fp/target/classes/assets/ui/fonts/PIXELADE.TTF
19:35:45.169 [FXGL Background Thread 4 ] INFO  FXGLApplication      - Game initialization took: 0.134 sec
19:35:45.170 [JavaFX Application Thread] DEBUG Input                - Clearing active input actions
19:35:45.174 [JavaFX Application Thread] DEBUG GameApplicationServi - Removing overlay from FXGLLoadingScene and adding to GameScene
19:35:45.174 [JavaFX Application Thread] DEBUG PrimaryStageWindow   - FXGLLoadingScene -> GameScene
19:35:45.174 [JavaFX Application Thread] DEBUG FXGLAssetLoaderServi - Loading from file system: file:/C:/Users/acer/OneDrive/Desktop/git%20pull/CSS124L-FINAL-PROJECT/fp/target/classes/assets/textures/banner.png
19:35:45.219 [JavaFX Application Thread] DEBUG PrimaryStageWindow   - Push state: PCM_BG
19:35:45.220 [JavaFX Application Thread] DEBUG Input                - Clearing active input actions
19:35:45.220 [JavaFX Application Thread] DEBUG GameApplicationServi - Removing overlay from GameScene and adding to PCM_BG
19:35:45.220 [JavaFX Application Thread] DEBUG PrimaryStageWindow   - GameScene -> PCM_BG
19:35:45.220 [JavaFX Application Thread] DEBUG PrimaryStageWindow   - Push state: MainMenu
19:35:45.220 [JavaFX Application Thread] DEBUG Input                - Clearing active input actions
19:35:45.222 [JavaFX Application Thread] DEBUG GameApplicationServi - Removing overlay from PCM_BG and adding to MainMenu
19:35:45.222 [JavaFX Application Thread] DEBUG PrimaryStageWindow   - PCM_BG -> MainMenu
19:35:47.021 [FXGL Background Thread 3 ] DEBUG Engine               - Logging environment variables
19:35:47.021 [FXGL Background Thread 3 ] DEBUG Engine               - achievements: []
19:35:47.021 [FXGL Background Thread 3 ] DEBUG Engine               - actualHeight: 600.0
19:35:47.021 [FXGL Background Thread 3 ] DEBUG Engine               - actualHeightProperty: ReadOnlyDoubleProperty [value: 600.0]
19:35:47.021 [FXGL Background Thread 3 ] DEBUG Engine               - actualWidth: 800.0
19:35:47.021 [FXGL Background Thread 3 ] DEBUG Engine               - actualWidthProperty: ReadOnlyDoubleProperty [value: 800.0]
19:35:47.021 [FXGL Background Thread 3 ] DEBUG Engine               - appIcon: fxgl_icon.png
19:35:47.021 [FXGL Background Thread 3 ] DEBUG Engine               - applicationMode: DEVELOPER
19:35:47.021 [FXGL Background Thread 3 ] DEBUG Engine               - cSSList: [fxgl_dark.css]
19:35:47.021 [FXGL Background Thread 3 ] DEBUG Engine               - collisionDetectionStrategy: BRUTE_FORCE
19:35:47.022 [FXGL Background Thread 3 ] DEBUG Engine               - configClass: Optional.empty
19:35:47.022 [FXGL Background Thread 3 ] DEBUG Engine               - credits: []
19:35:47.022 [FXGL Background Thread 3 ] DEBUG Engine               - defaultCursor: CursorInfo(imageName=fxgl_default_cursor.png, hotspotX=7.0, hotspotY=6.0)
19:35:47.022 [FXGL Background Thread 3 ] DEBUG Engine               - devBBoxColorProperty: ObjectProperty [value: 0xff0000ff]
19:35:47.022 [FXGL Background Thread 3 ] DEBUG Engine               - devEnableDebugCameraProperty: BooleanProperty [value: false]
19:35:47.022 [FXGL Background Thread 3 ] DEBUG Engine               - devSensorColorProperty: ObjectProperty [value: 0xffff00ff]
19:35:47.022 [FXGL Background Thread 3 ] DEBUG Engine               - devShowBBoxProperty: BooleanProperty [value: false]
19:35:47.022 [FXGL Background Thread 3 ] DEBUG Engine               - devShowPositionProperty: BooleanProperty [value: false]
19:35:47.022 [FXGL Background Thread 3 ] DEBUG Engine               - enabledMenuItems: []
19:35:47.022 [FXGL Background Thread 3 ] DEBUG Engine               - engineServices: [class com.almasb.fxgl.app.services.FXGLAssetLoaderService, class com.almasb.fxgl.app.FXGLApplication$GameApplicationService, class com.almasb.fxgl.app.services.FXGLDialogService, class com.almasb.fxgl.app.services.IOTaskExecutorService, class com.almasb.fxgl.io.FileSystemService, class com.almasb.fxgl.localization.LocalizationService, class com.almasb.fxgl.app.services.SystemBundleService, class com.almasb.fxgl.profile.SaveLoadService, class com.almasb.fxgl.ui.FXGLUIFactoryServiceProvider, class com.almasb.fxgl.ui.FXGLDialogFactoryServiceProvider, class com.almasb.fxgl.audio.AudioPlayer, class com.almasb.fxgl.notification.impl.NotificationServiceProvider, class com.almasb.fxgl.achievement.AchievementService, class com.almasb.fxgl.cutscene.CutsceneService, class com.almasb.fxgl.minigames.MiniGameService, class com.almasb.fxgl.net.NetService, class com.almasb.fxgl.app.services.UpdaterService, class com.almasb.fxgl.dev.DevService, class com.almasb.fxgl.multiplayer.MultiplayerService]
19:35:47.022 [FXGL Background Thread 3 ] DEBUG Engine               - fontGame: Abel-Regular.ttf
19:35:47.022 [FXGL Background Thread 3 ] DEBUG Engine               - fontMono: lucida_console.ttf
19:35:47.022 [FXGL Background Thread 3 ] DEBUG Engine               - fontText: Courier-Prime.ttf
19:35:47.022 [FXGL Background Thread 3 ] DEBUG Engine               - fontUI: VarelaRound-Regular.ttf
19:35:47.022 [FXGL Background Thread 3 ] DEBUG Engine               - fullScreen: BooleanProperty [value: false]
19:35:47.022 [FXGL Background Thread 3 ] DEBUG Engine               - gameDifficulty: MEDIUM
19:35:47.022 [FXGL Background Thread 3 ] DEBUG Engine               - gameDifficultyProperty: ObjectProperty [value: MEDIUM]
19:35:47.022 [FXGL Background Thread 3 ] DEBUG Engine               - globalMusicVolume: 0.5
19:35:47.022 [FXGL Background Thread 3 ] DEBUG Engine               - globalMusicVolumeProperty: DoubleProperty [value: 0.5]
19:35:47.022 [FXGL Background Thread 3 ] DEBUG Engine               - globalSoundVolume: 0.5
19:35:47.022 [FXGL Background Thread 3 ] DEBUG Engine               - globalSoundVolumeProperty: DoubleProperty [value: 0.5]
19:35:47.022 [FXGL Background Thread 3 ] DEBUG Engine               - height: 600
19:35:47.022 [FXGL Background Thread 3 ] DEBUG Engine               - is3D: false
19:35:47.022 [FXGL Background Thread 3 ] DEBUG Engine               - isAndroid: false
19:35:47.022 [FXGL Background Thread 3 ] DEBUG Engine               - isBrowser: false
19:35:47.022 [FXGL Background Thread 3 ] DEBUG Engine               - isClickFeedbackEnabled: false
19:35:47.022 [FXGL Background Thread 3 ] DEBUG Engine               - isCloseConfirmation: false
19:35:47.022 [FXGL Background Thread 3 ] DEBUG Engine               - isDesktop: true
19:35:47.022 [FXGL Background Thread 3 ] DEBUG Engine               - isDeveloperMenuEnabled: false
19:35:47.022 [FXGL Background Thread 3 ] DEBUG Engine               - isEmbedded: false
19:35:47.022 [FXGL Background Thread 3 ] DEBUG Engine               - isEntityPreloadEnabled: true
19:35:47.022 [FXGL Background Thread 3 ] DEBUG Engine               - isExperimentalTiledLargeMap: false
19:35:47.022 [FXGL Background Thread 3 ] DEBUG Engine               - isFileSystemWriteAllowed: true
19:35:47.023 [FXGL Background Thread 3 ] DEBUG Engine               - isFullScreenAllowed: false
19:35:47.023 [FXGL Background Thread 3 ] DEBUG Engine               - isFullScreenFromStart: false
19:35:47.023 [FXGL Background Thread 3 ] DEBUG Engine               - isGameMenuEnabled: true
19:35:47.023 [FXGL Background Thread 3 ] DEBUG Engine               - isIOS: false
19:35:47.023 [FXGL Background Thread 3 ] DEBUG Engine               - isIntroEnabled: false
19:35:47.023 [FXGL Background Thread 3 ] DEBUG Engine               - isLinux: false
19:35:47.023 [FXGL Background Thread 3 ] DEBUG Engine               - isMac: false
19:35:47.023 [FXGL Background Thread 3 ] DEBUG Engine               - isMainMenuEnabled: true
19:35:47.023 [FXGL Background Thread 3 ] DEBUG Engine               - isManualResizeEnabled: false
19:35:47.023 [FXGL Background Thread 3 ] DEBUG Engine               - isMobile: false
19:35:47.023 [FXGL Background Thread 3 ] DEBUG Engine               - isNative: false
19:35:47.023 [FXGL Background Thread 3 ] DEBUG Engine               - isPauseMusicWhenMinimized: true
19:35:47.023 [FXGL Background Thread 3 ] DEBUG Engine               - isPreserveResizeRatio: false
19:35:47.023 [FXGL Background Thread 3 ] DEBUG Engine               - isProfilingEnabled: false
19:35:47.023 [FXGL Background Thread 3 ] DEBUG Engine               - isScaleAffectedOnResize: true
19:35:47.023 [FXGL Background Thread 3 ] DEBUG Engine               - isSingleStep: false
19:35:47.023 [FXGL Background Thread 3 ] DEBUG Engine               - isUserProfileEnabled: false
19:35:47.023 [FXGL Background Thread 3 ] DEBUG Engine               - isWindows: true
19:35:47.023 [FXGL Background Thread 3 ] DEBUG Engine               - language: ObjectProperty [value: ENGLISH]
19:35:47.023 [FXGL Background Thread 3 ] DEBUG Engine               - menuKey: ESCAPE
19:35:47.023 [FXGL Background Thread 3 ] DEBUG Engine               - mouseSensitivity: 0.2
19:35:47.023 [FXGL Background Thread 3 ] DEBUG Engine               - notificationViewClass: class com.almasb.fxgl.notification.view.XboxNotificationView
19:35:47.023 [FXGL Background Thread 3 ] DEBUG Engine               - pixelsPerMeter: 50.0
19:35:47.023 [FXGL Background Thread 3 ] DEBUG Engine               - platform: WINDOWS
19:35:47.023 [FXGL Background Thread 3 ] DEBUG Engine               - prefHeightProperty: ReadOnlyDoubleProperty [value: 600.0]
19:35:47.023 [FXGL Background Thread 3 ] DEBUG Engine               - prefWidthProperty: ReadOnlyDoubleProperty [value: 800.0]
19:35:47.023 [FXGL Background Thread 3 ] DEBUG Engine               - profileDir: profiles/
19:35:47.023 [FXGL Background Thread 3 ] DEBUG Engine               - profileName: StringProperty [value: DEFAULT]
19:35:47.023 [FXGL Background Thread 3 ] DEBUG Engine               - randomSeed: -1
19:35:47.023 [FXGL Background Thread 3 ] DEBUG Engine               - runtimeInfo: RuntimeInfo(platform=WINDOWS, version=dev-SNAPSHOT, build=28.07.2021 16.39)
19:35:47.023 [FXGL Background Thread 3 ] DEBUG Engine               - saveFileExt: sav
19:35:47.023 [FXGL Background Thread 3 ] DEBUG Engine               - scaledHeightProp$fxgl: DoubleProperty [bound, value: 600.0]
19:35:47.023 [FXGL Background Thread 3 ] DEBUG Engine               - scaledWidthProp$fxgl: DoubleProperty [bound, value: 800.0]
19:35:47.023 [FXGL Background Thread 3 ] DEBUG Engine               - sceneFactory: com.groupfour.mygame.App$1@31853b20
19:35:47.023 [FXGL Background Thread 3 ] DEBUG Engine               - secondsIn24h: 60
19:35:47.023 [FXGL Background Thread 3 ] DEBUG Engine               - soundMenuBack: menu/back.wav
19:35:47.023 [FXGL Background Thread 3 ] DEBUG Engine               - soundMenuPress: menu/press.wav
19:35:47.023 [FXGL Background Thread 3 ] DEBUG Engine               - soundMenuSelect: menu/select.wav
19:35:47.023 [FXGL Background Thread 3 ] DEBUG Engine               - soundNotification: core/notification.wav
19:35:47.023 [FXGL Background Thread 3 ] DEBUG Engine               - stageStyle: DECORATED
19:35:47.023 [FXGL Background Thread 3 ] DEBUG Engine               - supportedLanguages: [ENGLISH, FRENCH, GERMAN, HUNGARIAN, RUSSIAN]
19:35:47.023 [FXGL Background Thread 3 ] DEBUG Engine               - ticksPerSecond: -1
19:35:47.023 [FXGL Background Thread 3 ] DEBUG Engine               - title: Flatline: Oregon
19:35:47.023 [FXGL Background Thread 3 ] DEBUG Engine               - urlGithub: https://github.com/AlmasB/FXGL
19:35:47.023 [FXGL Background Thread 3 ] DEBUG Engine               - urlLeaderboard: http://fxgl-top.herokuapp.com/
19:35:47.023 [FXGL Background Thread 3 ] DEBUG Engine               - urlPOM: https://raw.githubusercontent.com/AlmasB/FXGL/release/README.md
19:35:47.023 [FXGL Background Thread 3 ] DEBUG Engine               - userAppClass: class com.groupfour.mygame.App
19:35:47.023 [FXGL Background Thread 3 ] DEBUG Engine               - version: 0.0
19:35:47.023 [FXGL Background Thread 3 ] DEBUG Engine               - versionCheckDays: 7
19:35:47.023 [FXGL Background Thread 3 ] DEBUG Engine               - width: 800
19:35:47.023 [FXGL Background Thread 3 ] DEBUG Engine               - Logging services
19:35:47.024 [FXGL Background Thread 3 ] DEBUG Engine               - class com.almasb.fxgl.app.services.FXGLAssetLoaderService
19:35:47.024 [FXGL Background Thread 3 ] DEBUG Engine               - class com.almasb.fxgl.app.FXGLApplication$GameApplicationService
19:35:47.024 [FXGL Background Thread 3 ] DEBUG Engine               - class com.almasb.fxgl.app.services.FXGLDialogService
19:35:47.024 [FXGL Background Thread 3 ] DEBUG Engine               - class com.almasb.fxgl.app.services.IOTaskExecutorService
19:35:47.024 [FXGL Background Thread 3 ] DEBUG Engine               - class com.almasb.fxgl.io.FileSystemService
19:35:47.024 [FXGL Background Thread 3 ] DEBUG Engine               - class com.almasb.fxgl.localization.LocalizationService
19:35:47.024 [FXGL Background Thread 3 ] DEBUG Engine               - class com.almasb.fxgl.app.services.SystemBundleService
19:35:47.024 [FXGL Background Thread 3 ] DEBUG Engine               - class com.almasb.fxgl.profile.SaveLoadService
19:35:47.024 [FXGL Background Thread 3 ] DEBUG Engine               - class com.almasb.fxgl.ui.FXGLUIFactoryServiceProvider
19:35:47.024 [FXGL Background Thread 3 ] DEBUG Engine               - class com.almasb.fxgl.ui.FXGLDialogFactoryServiceProvider
19:35:47.024 [FXGL Background Thread 3 ] DEBUG Engine               - class com.almasb.fxgl.audio.AudioPlayer
19:35:47.024 [FXGL Background Thread 3 ] DEBUG Engine               - class com.almasb.fxgl.notification.impl.NotificationServiceProvider
19:35:47.024 [FXGL Background Thread 3 ] DEBUG Engine               - class com.almasb.fxgl.achievement.AchievementService
19:35:47.024 [FXGL Background Thread 3 ] DEBUG Engine               - class com.almasb.fxgl.cutscene.CutsceneService
19:35:47.024 [FXGL Background Thread 3 ] DEBUG Engine               - class com.almasb.fxgl.minigames.MiniGameService
19:35:47.024 [FXGL Background Thread 3 ] DEBUG Engine               - class com.almasb.fxgl.net.NetService
19:35:47.024 [FXGL Background Thread 3 ] DEBUG Engine               - class com.almasb.fxgl.app.services.UpdaterService
19:35:47.024 [FXGL Background Thread 3 ] DEBUG Engine               - class com.almasb.fxgl.dev.DevService
19:35:47.024 [FXGL Background Thread 3 ] DEBUG Engine               - class com.almasb.fxgl.multiplayer.MultiplayerService
19:35:48.907 [JavaFX Application Thread] DEBUG AudioPlayer          - Stopping music com.almasb.fxgl.audio.Music@19befcbb
19:35:48.913 [JavaFX Application Thread] DEBUG FXGLAssetLoaderServi - Loading from file system: file:/C:/Users/acer/OneDrive/Desktop/git%20pull/CSS124L-FINAL-PROJECT/fp/target/classes/assets/sounds/Reload.mp3
19:35:48.917 [JavaFX Application Thread] DEBUG FXGLAssetLoaderServi - Loading from file system: file:/C:/Users/acer/OneDrive/Desktop/git%20pull/CSS124L-FINAL-PROJECT/fp/target/classes/assets/sounds/BerettaM9_Shoot.mp3
19:35:48.920 [JavaFX Application Thread] DEBUG FXGLAssetLoaderServi - Loading from file system: file:/C:/Users/acer/OneDrive/Desktop/git%20pull/CSS124L-FINAL-PROJECT/fp/target/classes/assets/textures/Weapons/Idle/BerettaM9_Idle.png
19:35:48.921 [JavaFX Application Thread] DEBUG FXGLAssetLoaderServi - Loading from file system: file:/C:/Users/acer/OneDrive/Desktop/git%20pull/CSS124L-FINAL-PROJECT/fp/target/classes/assets/textures/Weapons/Shooting/BerettaM9_Shooting.png
19:35:48.922 [JavaFX Application Thread] DEBUG FXGLAssetLoaderServi - Loading from file system: file:/C:/Users/acer/OneDrive/Desktop/git%20pull/CSS124L-FINAL-PROJECT/fp/target/classes/assets/textures/Players/1P_Shoot.png
19:35:48.926 [JavaFX Application Thread] DEBUG FXGLAssetLoaderServi - Loading from file system: file:/C:/Users/acer/OneDrive/Desktop/git%20pull/CSS124L-FINAL-PROJECT/fp/target/classes/assets/textures/Interactables/vending_machine.png
19:35:48.929 [JavaFX Application Thread] DEBUG FXGLAssetLoaderServi - Loading from file system: file:/C:/Users/acer/OneDrive/Desktop/git%20pull/CSS124L-FINAL-PROJECT/fp/target/classes/assets/sounds/Soda_Can_Opening.mp3
19:35:48.932 [JavaFX Application Thread] DEBUG FXGLAssetLoaderServi - Loading from file system: file:/C:/Users/acer/OneDrive/Desktop/git%20pull/CSS124L-FINAL-PROJECT/fp/target/classes/assets/textures/Interactables/microwave_close.png
19:35:48.936 [JavaFX Application Thread] DEBUG PrimaryStageWindow   - Pop state: MainMenu
19:35:48.936 [JavaFX Application Thread] DEBUG Input                - Clearing active input actions
19:35:48.936 [JavaFX Application Thread] DEBUG GameApplicationServi - Removing overlay from MainMenu and adding to PCM_BG
19:35:48.936 [JavaFX Application Thread] DEBUG PrimaryStageWindow   - PCM_BG <- MainMenu
19:35:48.936 [JavaFX Application Thread] DEBUG PrimaryStageWindow   - Pop state: PCM_BG
19:35:48.936 [JavaFX Application Thread] DEBUG Input                - Clearing active input actions
19:35:48.936 [JavaFX Application Thread] DEBUG GameApplicationServi - Removing overlay from PCM_BG and adding to GameScene
19:35:48.936 [JavaFX Application Thread] DEBUG PrimaryStageWindow   - GameScene <- PCM_BG
19:35:49.038 [JavaFX Application Thread] DEBUG FXGLAssetLoaderServi - Loading from file system: file:/C:/Users/acer/OneDrive/Desktop/git%20pull/CSS124L-FINAL-PROJECT/fp/target/classes/assets/textures/Zombies/Basic_Zombie_Walking.png
19:35:49.040 [JavaFX Application Thread] DEBUG FXGLAssetLoaderServi - Loading from file system: file:/C:/Users/acer/OneDrive/Desktop/git%20pull/CSS124L-FINAL-PROJECT/fp/target/classes/assets/textures/Zombies/Basic_Zombie_Attack.png
19:35:49.429 [JavaFX Application Thread] DEBUG FXGLAssetLoaderServi - Loading from file system: file:/C:/Users/acer/OneDrive/Desktop/git%20pull/CSS124L-FINAL-PROJECT/fp/target/classes/assets/text/startGame.txt
19:35:49.432 [JavaFX Application Thread] DEBUG Input                - Registered new binding: Next RPG Line - Enter
19:35:49.433 [JavaFX Application Thread] DEBUG FXGLAssetLoaderServi - Loading from file system: file:/C:/Users/acer/OneDrive/Desktop/git%20pull/CSS124L-FINAL-PROJECT/fp/target/classes/assets/textures/helmet.png
19:35:49.434 [JavaFX Application Thread] DEBUG PrimaryStageWindow   - Push state: CutsceneScene
19:35:49.435 [JavaFX Application Thread] DEBUG Input                - Clearing active input actions
19:35:49.435 [JavaFX Application Thread] DEBUG GameApplicationServi - Removing overlay from GameScene and adding to CutsceneScene
19:35:49.435 [JavaFX Application Thread] DEBUG PrimaryStageWindow   - GameScene -> CutsceneScene
19:35:52.405 [JavaFX Application Thread] DEBUG PrimaryStageWindow   - Pop state: CutsceneScene
19:35:52.405 [JavaFX Application Thread] DEBUG Input                - Clearing active input actions
19:35:52.405 [JavaFX Application Thread] DEBUG GameApplicationServi - Removing overlay from CutsceneScene and adding to GameScene
19:35:52.406 [JavaFX Application Thread] DEBUG PrimaryStageWindow   - GameScene <- CutsceneScene
19:35:56.793 [JavaFX Application Thread] WARN  GameWorld            - Attempted to remove entity which is not active
19:35:57.462 [JavaFX Application Thread] WARN  GameWorld            - Attempted to remove entity which is not active
19:35:59.526 [JavaFX Application Thread] DEBUG FXGLAssetLoaderServi - Loading from file system: file:/C:/Users/acer/OneDrive/Desktop/git%20pull/CSS124L-FINAL-PROJECT/fp/target/classes/assets/sounds/ZombieAttack.mp3
19:35:59.575 [JavaFX Application Thread] WARN  GameWorld            - Attempted to remove entity which is not active
19:36:00.487 [JavaFX Application Thread] WARN  GameWorld            - Attempted to remove entity which is not active
19:36:01.162 [JavaFX Application Thread] WARN  GameWorld            - Attempted to remove entity which is not active
19:36:03.702 [JavaFX Application Thread] WARN  GameWorld            - Attempted to remove entity which is not active
19:36:04.246 [JavaFX Application Thread] WARN  GameWorld            - Attempted to remove entity which is not active
19:36:04.950 [JavaFX Application Thread] WARN  GameWorld            - Attempted to remove entity which is not active
19:36:07.831 [JavaFX Application Thread] WARN  GameWorld            - Attempted to remove entity which is not active
19:36:08.054 [JavaFX Application Thread] WARN  GameWorld            - Attempted to remove entity which is not active
19:36:12.437 [JavaFX Application Thread] DEBUG FXGLAssetLoaderServi - Loading from file system: file:/C:/Users/acer/OneDrive/Desktop/git%20pull/CSS124L-FINAL-PROJECT/fp/target/classes/assets/textures/Weapons/Idle/FAMAS_Idle.png
19:36:12.438 [JavaFX Application Thread] DEBUG FXGLAssetLoaderServi - Loading from file system: file:/C:/Users/acer/OneDrive/Desktop/git%20pull/CSS124L-FINAL-PROJECT/fp/target/classes/assets/textures/Weapons/Shooting/FAMAS_Shooting.png
19:36:12.439 [JavaFX Application Thread] DEBUG FXGLAssetLoaderServi - Loading from file system: file:/C:/Users/acer/OneDrive/Desktop/git%20pull/CSS124L-FINAL-PROJECT/fp/target/classes/assets/textures/Players/1P_Rifle_Shoot.png
19:36:22.566 [JavaFX Application Thread] WARN  GameWorld            - Attempted to remove entity which is not active
19:36:23.637 [JavaFX Application Thread] WARN  GameWorld            - Attempted to remove entity which is not active
19:36:25.110 [JavaFX Application Thread] WARN  GameWorld            - Attempted to remove entity which is not active
19:36:26.357 [JavaFX Application Thread] WARN  GameWorld            - Attempted to remove entity which is not active
19:36:26.565 [JavaFX Application Thread] WARN  GameWorld            - Attempted to remove entity which is not active
19:36:27.445 [JavaFX Application Thread] WARN  GameWorld            - Attempted to remove entity which is not active
19:36:28.233 [JavaFX Application Thread] DEBUG FXGLAssetLoaderServi - Loading from file system: file:/C:/Users/acer/OneDrive/Desktop/git%20pull/CSS124L-FINAL-PROJECT/fp/target/classes/assets/textures/Zombies/Welder_Walking.png
19:36:28.233 [JavaFX Application Thread] DEBUG FXGLAssetLoaderServi - Loading from file system: file:/C:/Users/acer/OneDrive/Desktop/git%20pull/CSS124L-FINAL-PROJECT/fp/target/classes/assets/textures/Zombies/Welder_Torching.png
19:36:28.454 [JavaFX Application Thread] WARN  GameWorld            - Attempted to remove entity which is not active
19:36:29.270 [JavaFX Application Thread] WARN  GameWorld            - Attempted to remove entity which is not active
19:36:30.167 [JavaFX Application Thread] WARN  GameWorld            - Attempted to remove entity which is not active
19:36:31.077 [JavaFX Application Thread] WARN  GameWorld            - Attempted to remove entity which is not active
19:36:32.166 [JavaFX Application Thread] WARN  GameWorld            - Attempted to remove entity which is not active
19:36:37.798 [JavaFX Application Thread] WARN  GameWorld            - Attempted to remove entity which is not active
19:36:37.799 [JavaFX Application Thread] WARN  GameWorld            - Attempted to remove entity which is not active
19:36:37.799 [JavaFX Application Thread] WARN  GameWorld            - Attempted to remove entity which is not active
19:36:37.800 [JavaFX Application Thread] WARN  GameWorld            - Attempted to remove entity which is not active
19:36:37.800 [JavaFX Application Thread] WARN  GameWorld            - Attempted to remove entity which is not active
19:36:37.800 [JavaFX Application Thread] WARN  GameWorld            - Attempted to remove entity which is not active
19:36:37.800 [JavaFX Application Thread] WARN  GameWorld            - Attempted to remove entity which is not active
19:36:37.800 [JavaFX Application Thread] WARN  GameWorld            - Attempted to remove entity which is not active
19:36:37.802 [JavaFX Application Thread] WARN  GameWorld            - Attempted to remove entity which is not active
19:36:37.802 [JavaFX Application Thread] WARN  GameWorld            - Attempted to remove entity which is not active
19:36:37.802 [JavaFX Application Thread] WARN  GameWorld            - Attempted to remove entity which is not active
19:36:37.802 [JavaFX Application Thread] WARN  GameWorld            - Attempted to remove entity which is not active
19:36:38.711 [JavaFX Application Thread] WARN  GameWorld            - Attempted to remove entity which is not active
19:36:38.918 [JavaFX Application Thread] WARN  GameWorld            - Attempted to remove entity which is not active
19:36:39.654 [JavaFX Application Thread] WARN  GameWorld            - Attempted to remove entity which is not active
19:36:40.518 [JavaFX Application Thread] WARN  GameWorld            - Attempted to remove entity which is not active
19:36:41.190 [JavaFX Application Thread] WARN  GameWorld            - Attempted to remove entity which is not active
19:36:41.302 [JavaFX Application Thread] WARN  GameWorld            - Attempted to remove entity which is not active
19:36:43.445 [JavaFX Application Thread] WARN  GameWorld            - Attempted to remove entity which is not active
19:36:44.278 [JavaFX Application Thread] WARN  GameWorld            - Attempted to remove entity which is not active
19:36:45.173 [JavaFX Application Thread] WARN  GameWorld            - Attempted to remove entity which is not active
19:36:45.462 [JavaFX Application Thread] WARN  GameWorld            - Attempted to remove entity which is not active
19:36:46.070 [JavaFX Application Thread] WARN  GameWorld            - Attempted to remove entity which is not active
19:36:46.855 [JavaFX Application Thread] WARN  GameWorld            - Attempted to remove entity which is not active
19:36:47.046 [JavaFX Application Thread] WARN  GameWorld            - Attempted to remove entity which is not active
19:36:48.709 [JavaFX Application Thread] WARN  GameWorld            - Attempted to remove entity which is not active
19:36:48.998 [JavaFX Application Thread] WARN  GameWorld            - Attempted to remove entity which is not active
19:36:49.527 [JavaFX Application Thread] WARN  GameWorld            - Attempted to remove entity which is not active
19:36:53.254 [JavaFX Application Thread] WARN  GameWorld            - Attempted to remove entity which is not active
19:36:53.814 [JavaFX Application Thread] WARN  GameWorld            - Attempted to remove entity which is not active
19:36:54.037 [JavaFX Application Thread] WARN  GameWorld            - Attempted to remove entity which is not active
19:36:54.744 [JavaFX Application Thread] WARN  GameWorld            - Attempted to remove entity which is not active
19:36:57.495 [JavaFX Application Thread] WARN  GameWorld            - Attempted to remove entity which is not active
19:36:58.102 [JavaFX Application Thread] WARN  GameWorld            - Attempted to remove entity which is not active
19:36:58.709 [JavaFX Application Thread] WARN  GameWorld            - Attempted to remove entity which is not active
19:36:59.717 [JavaFX Application Thread] WARN  GameWorld            - Attempted to remove entity which is not active
19:37:01.109 [JavaFX Application Thread] WARN  GameWorld            - Attempted to remove entity which is not active
19:37:01.329 [JavaFX Application Thread] WARN  GameWorld            - Attempted to remove entity which is not active
19:37:02.420 [JavaFX Application Thread] WARN  GameWorld            - Attempted to remove entity which is not active
19:37:03.303 [JavaFX Application Thread] WARN  GameWorld            - Attempted to remove entity which is not active
19:37:04.150 [JavaFX Application Thread] WARN  GameWorld            - Attempted to remove entity which is not active
19:37:06.294 [JavaFX Application Thread] WARN  GameWorld            - Attempted to remove entity which is not active
19:37:08.915 [JavaFX Application Thread] DEBUG FXGLAssetLoaderServi - Loading from file system: file:/C:/Users/acer/OneDrive/Desktop/git%20pull/CSS124L-FINAL-PROJECT/fp/target/classes/assets/sounds/Sawed_Off_Shotgun_Shoot.mp3
19:37:10.149 [JavaFX Application Thread] DEBUG FXGLAssetLoaderServi - Loading from file system: file:/C:/Users/acer/OneDrive/Desktop/git%20pull/CSS124L-FINAL-PROJECT/fp/target/classes/assets/textures/Weapons/Idle/Sawed_Off_DoubleBarrel.png
19:37:10.150 [JavaFX Application Thread] DEBUG FXGLAssetLoaderServi - Loading from file system: file:/C:/Users/acer/OneDrive/Desktop/git%20pull/CSS124L-FINAL-PROJECT/fp/target/classes/assets/textures/Weapons/Shooting/Sawed_Off_DoubleBarrel_Shooting.png
19:37:20.070 [JavaFX Application Thread] WARN  GameWorld            - Attempted to remove entity which is not active
19:37:22.298 [JavaFX Application Thread] WARN  GameWorld            - Attempted to remove entity which is not active
19:37:22.312 [JavaFX Application Thread] WARN  GameWorld            - Attempted to remove entity which is not active
19:37:39.333 [JavaFX Application Thread] WARN  GameWorld            - Attempted to remove entity which is not active
19:37:41.994 [JavaFX Application Thread] WARN  GameWorld            - Attempted to remove entity which is not active
19:37:41.995 [JavaFX Application Thread] WARN  GameWorld            - Attempted to remove entity which is not active
19:37:42.571 [JavaFX Application Thread] WARN  GameWorld            - Attempted to remove entity which is not active
19:37:42.573 [JavaFX Application Thread] WARN  GameWorld            - Attempted to remove entity which is not active
19:37:42.582 [JavaFX Application Thread] WARN  GameWorld            - Attempted to remove entity which is not active
19:37:42.583 [JavaFX Application Thread] WARN  GameWorld            - Attempted to remove entity which is not active
19:37:42.583 [JavaFX Application Thread] WARN  GameWorld            - Attempted to remove entity which is not active
19:37:42.583 [JavaFX Application Thread] WARN  GameWorld            - Attempted to remove entity which is not active
19:37:42.584 [JavaFX Application Thread] WARN  GameWorld            - Attempted to remove entity which is not active
19:37:42.584 [JavaFX Application Thread] WARN  GameWorld            - Attempted to remove entity which is not active
19:37:42.584 [JavaFX Application Thread] WARN  GameWorld            - Attempted to remove entity which is not active
19:37:42.585 [JavaFX Application Thread] WARN  GameWorld            - Attempted to remove entity which is not active
19:37:42.585 [JavaFX Application Thread] WARN  GameWorld            - Attempted to remove entity which is not active
19:37:42.585 [JavaFX Application Thread] WARN  GameWorld            - Attempted to remove entity which is not active
19:37:42.585 [JavaFX Application Thread] WARN  GameWorld            - Attempted to remove entity which is not active
19:37:42.586 [JavaFX Application Thread] WARN  GameWorld            - Attempted to remove entity which is not active
19:37:42.586 [JavaFX Application Thread] WARN  GameWorld            - Attempted to remove entity which is not active
19:37:45.398 [JavaFX Application Thread] WARN  GameWorld            - Attempted to remove entity which is not active
19:37:45.414 [JavaFX Application Thread] WARN  GameWorld            - Attempted to remove entity which is not active
19:37:46.470 [JavaFX Application Thread] WARN  GameWorld            - Attempted to remove entity which is not active
19:37:46.487 [JavaFX Application Thread] WARN  GameWorld            - Attempted to remove entity which is not active
19:37:46.677 [JavaFX Application Thread] WARN  GameWorld            - Attempted to remove entity which is not active
19:37:46.855 [JavaFX Application Thread] WARN  GameWorld            - Attempted to remove entity which is not active
19:37:49.638 [JavaFX Application Thread] WARN  GameWorld            - Attempted to remove entity which is not active
19:37:49.670 [JavaFX Application Thread] WARN  GameWorld            - Attempted to remove entity which is not active
19:37:50.617 [JavaFX Application Thread] WARN  GameWorld            - Attempted to remove entity which is not active
19:37:50.618 [JavaFX Application Thread] WARN  GameWorld            - Attempted to remove entity which is not active
19:37:53.498 [JavaFX Application Thread] WARN  GameWorld            - Attempted to remove entity which is not active
19:37:53.500 [JavaFX Application Thread] WARN  GameWorld            - Attempted to remove entity which is not active
19:37:54.614 [JavaFX Application Thread] WARN  GameWorld            - Attempted to remove entity which is not active
19:37:55.014 [JavaFX Application Thread] WARN  GameWorld            - Attempted to remove entity which is not active
19:37:55.047 [JavaFX Application Thread] WARN  GameWorld            - Attempted to remove entity which is not active
19:37:55.192 [JavaFX Application Thread] WARN  GameWorld            - Attempted to remove entity which is not active
19:37:55.255 [JavaFX Application Thread] WARN  GameWorld            - Attempted to remove entity which is not active
19:37:55.335 [JavaFX Application Thread] WARN  GameWorld            - Attempted to remove entity which is not active
19:37:57.798 [JavaFX Application Thread] WARN  GameWorld            - Attempted to remove entity which is not active
19:37:58.859 [JavaFX Application Thread] WARN  GameWorld            - Attempted to remove entity which is not active
19:37:58.870 [JavaFX Application Thread] WARN  GameWorld            - Attempted to remove entity which is not active
19:37:58.902 [JavaFX Application Thread] WARN  GameWorld            - Attempted to remove entity which is not active
19:38:05.430 [JavaFX Application Thread] DEBUG FXGLAssetLoaderServi - Loading from file system: file:/C:/Users/acer/OneDrive/Desktop/git%20pull/CSS124L-FINAL-PROJECT/fp/target/classes/assets/textures/Weapons/Idle/M16_Idle.png
19:38:05.430 [JavaFX Application Thread] DEBUG FXGLAssetLoaderServi - Loading from file system: file:/C:/Users/acer/OneDrive/Desktop/git%20pull/CSS124L-FINAL-PROJECT/fp/target/classes/assets/textures/Weapons/Shooting/M16_Shooting.png
19:38:09.017 [JavaFX Application Thread] DEBUG FXGLAssetLoaderServi - Loading from file system: file:/C:/Users/acer/OneDrive/Desktop/git%20pull/CSS124L-FINAL-PROJECT/fp/target/classes/assets/textures/Zombies/Spitter_Walking.png
19:38:09.017 [JavaFX Application Thread] DEBUG FXGLAssetLoaderServi - Loading from file system: file:/C:/Users/acer/OneDrive/Desktop/git%20pull/CSS124L-FINAL-PROJECT/fp/target/classes/assets/textures/Zombies/Spitter_Attack.png
19:38:17.141 [JavaFX Application Thread] WARN  GameWorld            - Attempted to remove entity which is not active
19:38:18.181 [JavaFX Application Thread] WARN  GameWorld            - Attempted to remove entity which is not active
19:38:19.927 [JavaFX Application Thread] WARN  GameWorld            - Attempted to remove entity which is not active
19:38:19.928 [JavaFX Application Thread] WARN  GameWorld            - Attempted to remove entity which is not active
19:38:19.928 [JavaFX Application Thread] WARN  GameWorld            - Attempted to remove entity which is not active
19:38:19.929 [JavaFX Application Thread] WARN  GameWorld            - Attempted to remove entity which is not active
19:38:25.397 [JavaFX Application Thread] WARN  GameWorld            - Attempted to remove entity which is not active
19:38:29.780 [JavaFX Application Thread] WARN  GameWorld            - Attempted to remove entity which is not active
19:38:30.230 [JavaFX Application Thread] WARN  GameWorld            - Attempted to remove entity which is not active
19:38:31.702 [JavaFX Application Thread] WARN  GameWorld            - Attempted to remove entity which is not active
19:38:31.790 [JavaFX Application Thread] WARN  GameWorld            - Attempted to remove entity which is not active
19:38:32.470 [JavaFX Application Thread] WARN  GameWorld            - Attempted to remove entity which is not active
19:38:33.317 [JavaFX Application Thread] WARN  GameWorld            - Attempted to remove entity which is not active
19:38:33.525 [JavaFX Application Thread] WARN  GameWorld            - Attempted to remove entity which is not active
19:38:34.325 [JavaFX Application Thread] WARN  GameWorld            - Attempted to remove entity which is not active
19:38:35.174 [JavaFX Application Thread] WARN  GameWorld            - Attempted to remove entity which is not active
19:38:35.366 [JavaFX Application Thread] WARN  GameWorld            - Attempted to remove entity which is not active
19:38:36.006 [JavaFX Application Thread] WARN  GameWorld            - Attempted to remove entity which is not active
19:38:36.214 [JavaFX Application Thread] WARN  GameWorld            - Attempted to remove entity which is not active
19:38:38.166 [JavaFX Application Thread] WARN  GameWorld            - Attempted to remove entity which is not active
19:38:38.266 [JavaFX Application Thread] WARN  GameWorld            - Attempted to remove entity which is not active
19:38:39.146 [JavaFX Application Thread] WARN  GameWorld            - Attempted to remove entity which is not active
19:38:39.147 [JavaFX Application Thread] WARN  GameWorld            - Attempted to remove entity which is not active
19:38:40.185 [JavaFX Application Thread] WARN  GameWorld            - Attempted to remove entity which is not active
19:38:40.329 [JavaFX Application Thread] WARN  GameWorld            - Attempted to remove entity which is not active
19:38:40.330 [JavaFX Application Thread] WARN  GameWorld            - Attempted to remove entity which is not active
19:38:40.331 [JavaFX Application Thread] WARN  GameWorld            - Attempted to remove entity which is not active
19:38:42.790 [JavaFX Application Thread] WARN  GameWorld            - Attempted to remove entity which is not active
19:38:43.641 [JavaFX Application Thread] WARN  GameWorld            - Attempted to remove entity which is not active
19:38:43.735 [JavaFX Application Thread] WARN  GameWorld            - Attempted to remove entity which is not active
19:38:43.798 [JavaFX Application Thread] WARN  GameWorld            - Attempted to remove entity which is not active
19:38:43.942 [JavaFX Application Thread] WARN  GameWorld            - Attempted to remove entity which is not active
19:38:44.630 [JavaFX Application Thread] WARN  GameWorld            - Attempted to remove entity which is not active
19:38:44.726 [JavaFX Application Thread] WARN  GameWorld            - Attempted to remove entity which is not active
19:38:47.062 [JavaFX Application Thread] WARN  GameWorld            - Attempted to remove entity which is not active
19:38:47.639 [JavaFX Application Thread] WARN  GameWorld            - Attempted to remove entity which is not active
19:38:47.640 [JavaFX Application Thread] WARN  GameWorld            - Attempted to remove entity which is not active
19:38:48.102 [JavaFX Application Thread] WARN  GameWorld            - Attempted to remove entity which is not active
19:38:50.261 [JavaFX Application Thread] WARN  GameWorld            - Attempted to remove entity which is not active
19:38:50.294 [JavaFX Application Thread] WARN  GameWorld            - Attempted to remove entity which is not active
19:38:51.158 [JavaFX Application Thread] WARN  GameWorld            - Attempted to remove entity which is not active
19:38:51.478 [JavaFX Application Thread] WARN  GameWorld            - Attempted to remove entity which is not active
19:38:52.039 [JavaFX Application Thread] WARN  GameWorld            - Attempted to remove entity which is not active
19:38:52.565 [JavaFX Application Thread] WARN  GameWorld            - Attempted to remove entity which is not active
19:38:55.497 [JavaFX Application Thread] WARN  GameWorld            - Attempted to remove entity which is not active
19:38:55.497 [JavaFX Application Thread] WARN  GameWorld            - Attempted to remove entity which is not active
19:38:57.717 [JavaFX Application Thread] WARN  GameWorld            - Attempted to remove entity which is not active
19:38:58.774 [JavaFX Application Thread] WARN  GameWorld            - Attempted to remove entity which is not active
19:38:59.655 [JavaFX Application Thread] WARN  GameWorld            - Attempted to remove entity which is not active
19:39:00.518 [JavaFX Application Thread] WARN  GameWorld            - Attempted to remove entity which is not active
19:39:04.790 [JavaFX Application Thread] WARN  GameWorld            - Attempted to remove entity which is not active
19:39:05.654 [JavaFX Application Thread] WARN  GameWorld            - Attempted to remove entity which is not active
19:39:06.118 [JavaFX Application Thread] WARN  GameWorld            - Attempted to remove entity which is not active
19:39:07.014 [JavaFX Application Thread] WARN  GameWorld            - Attempted to remove entity which is not active
19:39:25.605 [JavaFX Application Thread] WARN  GameWorld            - Attempted to remove entity which is not active
19:39:26.278 [JavaFX Application Thread] WARN  GameWorld            - Attempted to remove entity which is not active
19:39:26.998 [JavaFX Application Thread] WARN  GameWorld            - Attempted to remove entity which is not active
19:39:32.580 [JavaFX Application Thread] WARN  GameWorld            - Attempted to remove entity which is not active
19:39:32.582 [JavaFX Application Thread] WARN  GameWorld            - Attempted to remove entity which is not active
19:39:32.582 [JavaFX Application Thread] WARN  GameWorld            - Attempted to remove entity which is not active
19:39:32.583 [JavaFX Application Thread] WARN  GameWorld            - Attempted to remove entity which is not active
19:39:32.583 [JavaFX Application Thread] WARN  GameWorld            - Attempted to remove entity which is not active
19:39:32.583 [JavaFX Application Thread] WARN  GameWorld            - Attempted to remove entity which is not active
19:39:32.584 [JavaFX Application Thread] WARN  GameWorld            - Attempted to remove entity which is not active
19:39:32.584 [JavaFX Application Thread] WARN  GameWorld            - Attempted to remove entity which is not active
19:39:32.584 [JavaFX Application Thread] WARN  GameWorld            - Attempted to remove entity which is not active
19:39:32.585 [JavaFX Application Thread] WARN  GameWorld            - Attempted to remove entity which is not active
19:39:32.585 [JavaFX Application Thread] WARN  GameWorld            - Attempted to remove entity which is not active
19:39:32.585 [JavaFX Application Thread] WARN  GameWorld            - Attempted to remove entity which is not active
19:39:32.585 [JavaFX Application Thread] WARN  GameWorld            - Attempted to remove entity which is not active
19:39:32.585 [JavaFX Application Thread] WARN  GameWorld            - Attempted to remove entity which is not active
19:39:32.586 [JavaFX Application Thread] WARN  GameWorld            - Attempted to remove entity which is not active
19:39:32.586 [JavaFX Application Thread] WARN  GameWorld            - Attempted to remove entity which is not active
19:39:32.586 [JavaFX Application Thread] WARN  GameWorld            - Attempted to remove entity which is not active
19:39:32.586 [JavaFX Application Thread] WARN  GameWorld            - Attempted to remove entity which is not active
19:39:32.586 [JavaFX Application Thread] WARN  GameWorld            - Attempted to remove entity which is not active
19:39:32.586 [JavaFX Application Thread] WARN  GameWorld            - Attempted to remove entity which is not active
19:39:32.587 [JavaFX Application Thread] WARN  GameWorld            - Attempted to remove entity which is not active
19:39:32.587 [JavaFX Application Thread] WARN  GameWorld            - Attempted to remove entity which is not active
19:39:32.587 [JavaFX Application Thread] WARN  GameWorld            - Attempted to remove entity which is not active
19:39:35.239 [JavaFX Application Thread] DEBUG FXGLApplication      - Exiting FXGL
19:39:35.239 [JavaFX Application Thread] DEBUG LoopRunner           - Stopping loop
19:39:35.239 [JavaFX Application Thread] DEBUG SystemBundleService  - Saving FXGL system data
19:39:35.241 [JavaFX Application Thread] DEBUG FileSystemAccess     - Writing to: C:\Users\acer\OneDrive\Desktop\git pull\CSS124L-FINAL-PROJECT\system\fxgl.bundle
19:39:35.243 [JavaFX Application Thread] DEBUG Async                - Shutting down background threads
19:39:35.243 [JavaFX Application Thread] DEBUG PrimaryStageWindow   - Closing main window
19:39:35.256 [JavaFX Application Thread] DEBUG Logger               - Closing Logger
