01:59:28.210 [main                     ] DEBUG Logger               - Configured Logger
01:59:28.214 [main                     ] DEBUG GameApplication      - Logging settings
Title: Flatline: Oregon
Version: Alpha 0.3
Width: 800
Height: 600
Fullscreen: false
Intro: false
Profiling: false
Single step:false
App Mode: DEVELOPER
Menu Key: ESCAPE
Stage Style: DECORATED
Scene Factory: class com.groupfour.mygame.App$1

01:59:28.576 [JavaFX Application Thread] DEBUG FXGLApplication      - Initializing FXGL
01:59:28.578 [JavaFX Application Thread] INFO  Engine               - FXGL-dev-SNAPSHOT (28.07.2021 16.39) on WINDOWS (J:21.0.4 FX:16)
01:59:28.578 [JavaFX Application Thread] DEBUG Engine               - JRE Vendor Name: Eclipse Adoptium
01:59:28.578 [JavaFX Application Thread] DEBUG Engine               - Running on OS: Windows 11 version 10.0
01:59:28.578 [JavaFX Application Thread] DEBUG Engine               - Architecture: amd64
01:59:28.578 [JavaFX Application Thread] INFO  Engine               - Source code and latest versions at: https://github.com/AlmasB/FXGL
01:59:28.579 [JavaFX Application Thread] INFO  Engine               -              Join the FXGL chat at: https://gitter.im/AlmasB/FXGL
01:59:28.684 [JavaFX Application Thread] DEBUG PrimaryStageWindow   - Creating a JavaFX scene
01:59:28.740 [JavaFX Application Thread] DEBUG PrimaryStageWindow   - Target settings size: 800.0 x 600.0
01:59:28.740 [JavaFX Application Thread] DEBUG PrimaryStageWindow   - Scaled scene size:    800.0 x 600.0
01:59:28.740 [JavaFX Application Thread] DEBUG PrimaryStageWindow   - Scaled ratio: (1.0, 1.0)
01:59:28.741 [JavaFX Application Thread] DEBUG PrimaryStageWindow   - Set initial scene to FXGLStartupScene
01:59:28.749 [JavaFX Application Thread] DEBUG PrimaryStageWindow   - Opening main window
01:59:28.861 [JavaFX Application Thread] DEBUG PrimaryStageWindow   - Window border size: (16.0, 39.0)
01:59:28.861 [JavaFX Application Thread] DEBUG PrimaryStageWindow   - Scaled size: 800.0 x 600.0
01:59:28.861 [JavaFX Application Thread] DEBUG PrimaryStageWindow   - Scaled ratio: (1.0, 1.0)
01:59:28.861 [JavaFX Application Thread] DEBUG PrimaryStageWindow   - Scene size: 800.0 x 600.0
01:59:28.861 [JavaFX Application Thread] DEBUG PrimaryStageWindow   - Stage size: 816.0 x 639.0
01:59:28.872 [FXGL Background Thread 1 ] DEBUG Engine               - Initializing environment variables
01:59:28.983 [FXGL Background Thread 1 ] DEBUG FXGLAssetLoaderServi - User app class for loading assets: class com.groupfour.mygame.App
01:59:28.984 [FXGL Background Thread 1 ] DEBUG GameApplicationServi - Applying CSS: fxgl_dark.css
01:59:28.984 [FXGL Background Thread 1 ] DEBUG FXGLAssetLoaderServi - Loading from file system: jar:file:///C:/Users/Cent/.m2/repository/com/github/almasb/fxgl/dev-SNAPSHOT/fxgl-dev-SNAPSHOT.jar!/fxglassets/ui/css/fxgl_dark.css
01:59:29.043 [FXGL Background Thread 1 ] DEBUG GameApplicationServi - Initializing application scenes
01:59:29.095 [FXGL Background Thread 1 ] DEBUG GameWorld            - Game world initialized
01:59:29.197 [FXGL Background Thread 1 ] DEBUG PhysicsWorld         - Physics world initialized: appHeight=600, physics.ppm=50.0
01:59:29.198 [FXGL Background Thread 1 ] DEBUG PhysicsWorld         - Using strategy: BRUTE_FORCE
01:59:29.202 [FXGL Background Thread 1 ] DEBUG GameScene            - Game scene initialized: 800x600
01:59:29.213 [FXGL Background Thread 1 ] DEBUG FXGL.DefaultMenu     - createMenuBodyMainMenu()
01:59:29.228 [FXGL Background Thread 1 ] DEBUG FXGL.DefaultMenu     - createOptionsMenu()
01:59:29.238 [FXGL Background Thread 1 ] DEBUG FXGLAssetLoaderServi - Loading from file system: jar:file:///C:/Users/Cent/.m2/repository/com/github/almasb/fxgl/dev-SNAPSHOT/fxgl-dev-SNAPSHOT.jar!/fxglassets/textures/particles/smoke.png
01:59:29.356 [FXGL Background Thread 1 ] DEBUG FXGLAssetLoaderServi - Loading from file system: jar:file:///C:/Users/Cent/.m2/repository/com/github/almasb/fxgl/dev-SNAPSHOT/fxgl-dev-SNAPSHOT.jar!/fxglassets/textures/particles/trace_horizontal.png
01:59:29.390 [FXGL Background Thread 1 ] DEBUG GameApplicationServi - Application scenes initialized
01:59:29.402 [FXGL Background Thread 1 ] DEBUG SystemBundleService  - Loading FXGL system data
01:59:29.406 [FXGL Background Thread 1 ] DEBUG FileSystemAccess     - Reading from: c:\Users\Cent\Desktop\CSS124L-LE\CSS124L-FinalExam\CSS124L-FINAL-PROJECT\system\fxgl.bundle
01:59:29.421 [FXGL Background Thread 1 ] DEBUG SystemBundleService  - Bundle FXGL: {}
01:59:29.421 [FXGL Background Thread 1 ] DEBUG UpdaterService       - Checking for updates
01:59:29.424 [FXGL Background Thread 4 ] DEBUG FXGLApplication      - Loading fonts
01:59:29.426 [FXGL Background Thread 1 ] DEBUG FXGLApplication      - Loading default localization
01:59:29.426 [FXGL Background Thread 4 ] DEBUG FXGLAssetLoaderServi - Loading from file system: jar:file:///C:/Users/Cent/.m2/repository/com/github/almasb/fxgl/dev-SNAPSHOT/fxgl-dev-SNAPSHOT.jar!/fxglassets/ui/fonts/VarelaRound-Regular.ttf
01:59:29.426 [FXGL Background Thread 1 ] DEBUG FXGLAssetLoaderServi - Loading from file system: jar:file:///C:/Users/Cent/.m2/repository/com/github/almasb/fxgl/dev-SNAPSHOT/fxgl-dev-SNAPSHOT.jar!/fxglassets/languages/english.lang
01:59:29.443 [FXGL Background Thread 1 ] INFO  FXGLApplication      - FXGL initialization took: 0.570 sec
01:59:29.444 [JavaFX Application Thread] DEBUG FXGLAssetLoaderServi - Loading from file system: jar:file:///C:/Users/Cent/.m2/repository/com/github/almasb/fxgl/dev-SNAPSHOT/fxgl-dev-SNAPSHOT.jar!/fxglassets/textures/fxgl_icon.png
01:59:29.477 [FXGL Background Thread 4 ] DEBUG FXGLAssetLoaderServi - Loading from file system: jar:file:///C:/Users/Cent/.m2/repository/com/github/almasb/fxgl/dev-SNAPSHOT/fxgl-dev-SNAPSHOT.jar!/fxglassets/ui/fonts/Abel-Regular.ttf
01:59:29.484 [FXGL Background Thread 4 ] DEBUG FXGLAssetLoaderServi - Loading from file system: jar:file:///C:/Users/Cent/.m2/repository/com/github/almasb/fxgl/dev-SNAPSHOT/fxgl-dev-SNAPSHOT.jar!/fxglassets/ui/fonts/lucida_console.ttf
01:59:29.486 [JavaFX Application Thread] DEBUG FXGLAssetLoaderServi - Loading from file system: jar:file:///C:/Users/Cent/.m2/repository/com/github/almasb/fxgl/dev-SNAPSHOT/fxgl-dev-SNAPSHOT.jar!/fxglassets/textures/fxgl_default_cursor.png
01:59:29.492 [FXGL Background Thread 4 ] DEBUG FXGLAssetLoaderServi - Loading from file system: jar:file:///C:/Users/Cent/.m2/repository/com/github/almasb/fxgl/dev-SNAPSHOT/fxgl-dev-SNAPSHOT.jar!/fxglassets/ui/fonts/Courier-Prime.ttf
01:59:29.502 [JavaFX Application Thread] DEBUG Input                - Registered new binding: Screenshot - CTRL+8
01:59:29.504 [JavaFX Application Thread] DEBUG Input                - Registered new binding: System info dump - CTRL+9
01:59:29.504 [JavaFX Application Thread] DEBUG Input                - Registered new binding: Restart - CTRL+R
01:59:29.506 [JavaFX Application Thread] DEBUG Input                - Registered new binding: Toggle Debug Camera - CTRL+C
01:59:29.509 [JavaFX Application Thread] DEBUG LoopRunner           - Starting loop
01:59:29.509 [JavaFX Application Thread] DEBUG LoopRunner           - Initializing JavaFX AnimationTimerLoop
01:59:29.512 [JavaFX Application Thread] DEBUG Input                - Clearing active input actions
01:59:29.523 [JavaFX Application Thread] DEBUG GameApplicationServi - Removing overlay from FXGLStartupScene and adding to FXGLMainMenuDummyScene
01:59:29.523 [JavaFX Application Thread] DEBUG PrimaryStageWindow   - FXGLStartupScene -> FXGLMainMenuDummyScene
01:59:29.523 [JavaFX Application Thread] DEBUG PrimaryStageWindow   - Push state: FXGLDefaultMenu
01:59:29.537 [JavaFX Application Thread] DEBUG Input                - Clearing active input actions
01:59:29.551 [JavaFX Application Thread] DEBUG GameApplicationServi - Removing overlay from FXGLMainMenuDummyScene and adding to FXGLDefaultMenu
01:59:29.552 [JavaFX Application Thread] DEBUG PrimaryStageWindow   - FXGLMainMenuDummyScene -> FXGLDefaultMenu
01:59:29.572 [JavaFX Application Thread] DEBUG FXGLApplication      - Registering font factories with UI factory
01:59:30.099 [FXGL Background Thread 2 ] INFO  UpdaterService       - Your current version:  dev-SNAPSHOT
01:59:30.099 [FXGL Background Thread 2 ] INFO  UpdaterService       - Latest stable version: 21.1
01:59:30.316 [JavaFX Application Thread] DEBUG Menu                 - fireNewGame()
01:59:30.317 [JavaFX Application Thread] DEBUG GameApplicationServi - Starting new game
01:59:30.320 [JavaFX Application Thread] DEBUG PrimaryStageWindow   - Pop state: FXGLDefaultMenu
01:59:30.321 [JavaFX Application Thread] DEBUG Input                - Clearing active input actions
01:59:30.323 [JavaFX Application Thread] DEBUG GameApplicationServi - Removing overlay from FXGLDefaultMenu and adding to FXGLMainMenuDummyScene
01:59:30.324 [JavaFX Application Thread] DEBUG PrimaryStageWindow   - FXGLMainMenuDummyScene <- FXGLDefaultMenu
01:59:30.324 [JavaFX Application Thread] DEBUG Input                - Clearing active input actions
01:59:30.335 [JavaFX Application Thread] DEBUG GameApplicationServi - Removing overlay from FXGLMainMenuDummyScene and adding to FXGLLoadingScene
01:59:30.336 [JavaFX Application Thread] DEBUG PrimaryStageWindow   - FXGLMainMenuDummyScene -> FXGLLoadingScene
01:59:30.336 [JavaFX Application Thread] DEBUG GameApplicationServi - Clearing previous game
01:59:30.336 [JavaFX Application Thread] DEBUG GameScene            - Clearing game scene
01:59:30.336 [JavaFX Application Thread] DEBUG GameWorld            - Clearing game world
01:59:30.336 [JavaFX Application Thread] DEBUG PhysicsWorld         - Clearing physics world
01:59:30.340 [FXGL Background Thread 2 ] DEBUG FXGLApplication      - Initializing game
01:59:30.350 [FXGL Background Thread 2 ] INFO  FXGLApplication      - Game initialization took: 0.009 sec
01:59:30.371 [JavaFX Application Thread] DEBUG Input                - Clearing active input actions
01:59:30.379 [JavaFX Application Thread] DEBUG GameApplicationServi - Removing overlay from FXGLLoadingScene and adding to GameScene
01:59:30.379 [JavaFX Application Thread] DEBUG PrimaryStageWindow   - FXGLLoadingScene -> GameScene
01:59:30.385 [JavaFX Application Thread] DEBUG PrimaryStageWindow   - Push state: PlayerCountMenu
01:59:30.385 [JavaFX Application Thread] DEBUG Input                - Clearing active input actions
01:59:30.386 [JavaFX Application Thread] DEBUG GameApplicationServi - Removing overlay from GameScene and adding to PlayerCountMenu
01:59:30.386 [JavaFX Application Thread] DEBUG PrimaryStageWindow   - GameScene -> PlayerCountMenu
01:59:31.185 [JavaFX Application Thread] DEBUG PrimaryStageWindow   - Pop state: PlayerCountMenu
01:59:31.185 [JavaFX Application Thread] DEBUG Input                - Clearing active input actions
01:59:31.187 [JavaFX Application Thread] DEBUG GameApplicationServi - Removing overlay from PlayerCountMenu and adding to GameScene
01:59:31.187 [JavaFX Application Thread] DEBUG PrimaryStageWindow   - GameScene <- PlayerCountMenu
01:59:31.190 [JavaFX Application Thread] DEBUG FXGLAssetLoaderServi - Loading from file system: file:/C:/Users/Cent/Desktop/CSS124L-LE/CSS124L-FinalExam/CSS124L-FINAL-PROJECT/fp/target/classes/assets/textures/1P_Walk.gif
01:59:31.210 [JavaFX Application Thread] DEBUG Input                - Registered new binding: AUTO-0 - W
01:59:31.210 [JavaFX Application Thread] DEBUG Input                - Registered new binding: AUTO-1 - S
01:59:31.210 [JavaFX Application Thread] DEBUG Input                - Registered new binding: AUTO-2 - A
01:59:31.210 [JavaFX Application Thread] DEBUG Input                - Registered new binding: AUTO-3 - D
01:59:31.210 [JavaFX Application Thread] DEBUG Input                - Registered new binding: Start Shooting - LMB
01:59:31.211 [JavaFX Application Thread] DEBUG Input                - Registered new binding: Reload - R
01:59:32.424 [FXGL Background Thread 3 ] DEBUG Engine               - Logging environment variables
01:59:32.424 [FXGL Background Thread 3 ] DEBUG Engine               - achievements: []
01:59:32.424 [FXGL Background Thread 3 ] DEBUG Engine               - actualHeight: 600.0
01:59:32.424 [FXGL Background Thread 3 ] DEBUG Engine               - actualHeightProperty: ReadOnlyDoubleProperty [value: 600.0]
01:59:32.424 [FXGL Background Thread 3 ] DEBUG Engine               - actualWidth: 800.0
01:59:32.424 [FXGL Background Thread 3 ] DEBUG Engine               - actualWidthProperty: ReadOnlyDoubleProperty [value: 800.0]
01:59:32.424 [FXGL Background Thread 3 ] DEBUG Engine               - appIcon: fxgl_icon.png
01:59:32.424 [FXGL Background Thread 3 ] DEBUG Engine               - applicationMode: DEVELOPER
01:59:32.424 [FXGL Background Thread 3 ] DEBUG Engine               - cSSList: [fxgl_dark.css]
01:59:32.424 [FXGL Background Thread 3 ] DEBUG Engine               - collisionDetectionStrategy: BRUTE_FORCE
01:59:32.424 [FXGL Background Thread 3 ] DEBUG Engine               - configClass: Optional.empty
01:59:32.424 [FXGL Background Thread 3 ] DEBUG Engine               - credits: []
01:59:32.424 [FXGL Background Thread 3 ] DEBUG Engine               - defaultCursor: CursorInfo(imageName=fxgl_default_cursor.png, hotspotX=7.0, hotspotY=6.0)
01:59:32.424 [FXGL Background Thread 3 ] DEBUG Engine               - devBBoxColorProperty: ObjectProperty [value: 0xff0000ff]
01:59:32.424 [FXGL Background Thread 3 ] DEBUG Engine               - devEnableDebugCameraProperty: BooleanProperty [value: false]
01:59:32.424 [FXGL Background Thread 3 ] DEBUG Engine               - devSensorColorProperty: ObjectProperty [value: 0xffff00ff]
01:59:32.424 [FXGL Background Thread 3 ] DEBUG Engine               - devShowBBoxProperty: BooleanProperty [value: false]
01:59:32.425 [FXGL Background Thread 3 ] DEBUG Engine               - devShowPositionProperty: BooleanProperty [value: false]
01:59:32.425 [FXGL Background Thread 3 ] DEBUG Engine               - enabledMenuItems: []
01:59:32.425 [FXGL Background Thread 3 ] DEBUG Engine               - engineServices: [class com.almasb.fxgl.app.services.FXGLAssetLoaderService, class com.almasb.fxgl.app.FXGLApplication$GameApplicationService, class com.almasb.fxgl.app.services.FXGLDialogService, class com.almasb.fxgl.app.services.IOTaskExecutorService, class com.almasb.fxgl.io.FileSystemService, class com.almasb.fxgl.localization.LocalizationService, class com.almasb.fxgl.app.services.SystemBundleService, class com.almasb.fxgl.profile.SaveLoadService, class com.almasb.fxgl.ui.FXGLUIFactoryServiceProvider, class com.almasb.fxgl.ui.FXGLDialogFactoryServiceProvider, class com.almasb.fxgl.audio.AudioPlayer, class com.almasb.fxgl.notification.impl.NotificationServiceProvider, class com.almasb.fxgl.achievement.AchievementService, class com.almasb.fxgl.cutscene.CutsceneService, class com.almasb.fxgl.minigames.MiniGameService, class com.almasb.fxgl.net.NetService, class com.almasb.fxgl.app.services.UpdaterService, class com.almasb.fxgl.dev.DevService, class com.almasb.fxgl.multiplayer.MultiplayerService]
01:59:32.425 [FXGL Background Thread 3 ] DEBUG Engine               - fontGame: Abel-Regular.ttf
01:59:32.425 [FXGL Background Thread 3 ] DEBUG Engine               - fontMono: lucida_console.ttf
01:59:32.425 [FXGL Background Thread 3 ] DEBUG Engine               - fontText: Courier-Prime.ttf
01:59:32.425 [FXGL Background Thread 3 ] DEBUG Engine               - fontUI: VarelaRound-Regular.ttf
01:59:32.425 [FXGL Background Thread 3 ] DEBUG Engine               - fullScreen: BooleanProperty [value: false]
01:59:32.425 [FXGL Background Thread 3 ] DEBUG Engine               - gameDifficulty: MEDIUM
01:59:32.425 [FXGL Background Thread 3 ] DEBUG Engine               - gameDifficultyProperty: ObjectProperty [value: MEDIUM]
01:59:32.425 [FXGL Background Thread 3 ] DEBUG Engine               - globalMusicVolume: 0.5
01:59:32.425 [FXGL Background Thread 3 ] DEBUG Engine               - globalMusicVolumeProperty: DoubleProperty [value: 0.5]
01:59:32.425 [FXGL Background Thread 3 ] DEBUG Engine               - globalSoundVolume: 0.5
01:59:32.425 [FXGL Background Thread 3 ] DEBUG Engine               - globalSoundVolumeProperty: DoubleProperty [value: 0.5]
01:59:32.425 [FXGL Background Thread 3 ] DEBUG Engine               - height: 600
01:59:32.425 [FXGL Background Thread 3 ] DEBUG Engine               - is3D: false
01:59:32.425 [FXGL Background Thread 3 ] DEBUG Engine               - isAndroid: false
01:59:32.425 [FXGL Background Thread 3 ] DEBUG Engine               - isBrowser: false
01:59:32.425 [FXGL Background Thread 3 ] DEBUG Engine               - isClickFeedbackEnabled: false
01:59:32.425 [FXGL Background Thread 3 ] DEBUG Engine               - isCloseConfirmation: false
01:59:32.425 [FXGL Background Thread 3 ] DEBUG Engine               - isDesktop: true
01:59:32.425 [FXGL Background Thread 3 ] DEBUG Engine               - isDeveloperMenuEnabled: false
01:59:32.425 [FXGL Background Thread 3 ] DEBUG Engine               - isEmbedded: false
01:59:32.425 [FXGL Background Thread 3 ] DEBUG Engine               - isEntityPreloadEnabled: true
01:59:32.425 [FXGL Background Thread 3 ] DEBUG Engine               - isExperimentalTiledLargeMap: false
01:59:32.425 [FXGL Background Thread 3 ] DEBUG Engine               - isFileSystemWriteAllowed: true
01:59:32.425 [FXGL Background Thread 3 ] DEBUG Engine               - isFullScreenAllowed: false
01:59:32.425 [FXGL Background Thread 3 ] DEBUG Engine               - isFullScreenFromStart: false
01:59:32.425 [FXGL Background Thread 3 ] DEBUG Engine               - isGameMenuEnabled: true
01:59:32.425 [FXGL Background Thread 3 ] DEBUG Engine               - isIOS: false
01:59:32.426 [FXGL Background Thread 3 ] DEBUG Engine               - isIntroEnabled: false
01:59:32.426 [FXGL Background Thread 3 ] DEBUG Engine               - isLinux: false
01:59:32.426 [FXGL Background Thread 3 ] DEBUG Engine               - isMac: false
01:59:32.426 [FXGL Background Thread 3 ] DEBUG Engine               - isMainMenuEnabled: true
01:59:32.426 [FXGL Background Thread 3 ] DEBUG Engine               - isManualResizeEnabled: false
01:59:32.426 [FXGL Background Thread 3 ] DEBUG Engine               - isMobile: false
01:59:32.426 [FXGL Background Thread 3 ] DEBUG Engine               - isNative: false
01:59:32.426 [FXGL Background Thread 3 ] DEBUG Engine               - isPauseMusicWhenMinimized: true
01:59:32.426 [FXGL Background Thread 3 ] DEBUG Engine               - isPreserveResizeRatio: false
01:59:32.426 [FXGL Background Thread 3 ] DEBUG Engine               - isProfilingEnabled: false
01:59:32.426 [FXGL Background Thread 3 ] DEBUG Engine               - isScaleAffectedOnResize: true
01:59:32.426 [FXGL Background Thread 3 ] DEBUG Engine               - isSingleStep: false
01:59:32.426 [FXGL Background Thread 3 ] DEBUG Engine               - isUserProfileEnabled: false
01:59:32.426 [FXGL Background Thread 3 ] DEBUG Engine               - isWindows: true
01:59:32.426 [FXGL Background Thread 3 ] DEBUG Engine               - language: ObjectProperty [value: ENGLISH]
01:59:32.426 [FXGL Background Thread 3 ] DEBUG Engine               - menuKey: ESCAPE
01:59:32.426 [FXGL Background Thread 3 ] DEBUG Engine               - mouseSensitivity: 0.2
01:59:32.426 [FXGL Background Thread 3 ] DEBUG Engine               - notificationViewClass: class com.almasb.fxgl.notification.view.XboxNotificationView
01:59:32.426 [FXGL Background Thread 3 ] DEBUG Engine               - pixelsPerMeter: 50.0
01:59:32.426 [FXGL Background Thread 3 ] DEBUG Engine               - platform: WINDOWS
01:59:32.426 [FXGL Background Thread 3 ] DEBUG Engine               - prefHeightProperty: ReadOnlyDoubleProperty [value: 600.0]
01:59:32.426 [FXGL Background Thread 3 ] DEBUG Engine               - prefWidthProperty: ReadOnlyDoubleProperty [value: 800.0]
01:59:32.426 [FXGL Background Thread 3 ] DEBUG Engine               - profileDir: profiles/
01:59:32.426 [FXGL Background Thread 3 ] DEBUG Engine               - profileName: StringProperty [value: DEFAULT]
01:59:32.426 [FXGL Background Thread 3 ] DEBUG Engine               - randomSeed: -1
01:59:32.426 [FXGL Background Thread 3 ] DEBUG Engine               - runtimeInfo: RuntimeInfo(platform=WINDOWS, version=dev-SNAPSHOT, build=28.07.2021 16.39)
01:59:32.426 [FXGL Background Thread 3 ] DEBUG Engine               - saveFileExt: sav
01:59:32.426 [FXGL Background Thread 3 ] DEBUG Engine               - scaledHeightProp$fxgl: DoubleProperty [bound, value: 600.0]
01:59:32.426 [FXGL Background Thread 3 ] DEBUG Engine               - scaledWidthProp$fxgl: DoubleProperty [bound, value: 800.0]
01:59:32.426 [FXGL Background Thread 3 ] DEBUG Engine               - sceneFactory: com.groupfour.mygame.App$1@2bc7e2f2
01:59:32.426 [FXGL Background Thread 3 ] DEBUG Engine               - secondsIn24h: 60
01:59:32.426 [FXGL Background Thread 3 ] DEBUG Engine               - soundMenuBack: menu/back.wav
01:59:32.426 [FXGL Background Thread 3 ] DEBUG Engine               - soundMenuPress: menu/press.wav
01:59:32.426 [FXGL Background Thread 3 ] DEBUG Engine               - soundMenuSelect: menu/select.wav
01:59:32.426 [FXGL Background Thread 3 ] DEBUG Engine               - soundNotification: core/notification.wav
01:59:32.426 [FXGL Background Thread 3 ] DEBUG Engine               - stageStyle: DECORATED
01:59:32.426 [FXGL Background Thread 3 ] DEBUG Engine               - supportedLanguages: [ENGLISH, FRENCH, GERMAN, HUNGARIAN, RUSSIAN]
01:59:32.426 [FXGL Background Thread 3 ] DEBUG Engine               - ticksPerSecond: -1
01:59:32.426 [FXGL Background Thread 3 ] DEBUG Engine               - title: Flatline: Oregon
01:59:32.426 [FXGL Background Thread 3 ] DEBUG Engine               - urlGithub: https://github.com/AlmasB/FXGL
01:59:32.426 [FXGL Background Thread 3 ] DEBUG Engine               - urlLeaderboard: http://fxgl-top.herokuapp.com/
01:59:32.426 [FXGL Background Thread 3 ] DEBUG Engine               - urlPOM: https://raw.githubusercontent.com/AlmasB/FXGL/release/README.md
01:59:32.426 [FXGL Background Thread 3 ] DEBUG Engine               - userAppClass: class com.groupfour.mygame.App
01:59:32.426 [FXGL Background Thread 3 ] DEBUG Engine               - version: Alpha 0.3
01:59:32.426 [FXGL Background Thread 3 ] DEBUG Engine               - versionCheckDays: 7
01:59:32.426 [FXGL Background Thread 3 ] DEBUG Engine               - width: 800
01:59:32.427 [FXGL Background Thread 3 ] DEBUG Engine               - Logging services
01:59:32.427 [FXGL Background Thread 3 ] DEBUG Engine               - class com.almasb.fxgl.app.services.FXGLAssetLoaderService
01:59:32.427 [FXGL Background Thread 3 ] DEBUG Engine               - class com.almasb.fxgl.app.FXGLApplication$GameApplicationService
01:59:32.427 [FXGL Background Thread 3 ] DEBUG Engine               - class com.almasb.fxgl.app.services.FXGLDialogService
01:59:32.427 [FXGL Background Thread 3 ] DEBUG Engine               - class com.almasb.fxgl.app.services.IOTaskExecutorService
01:59:32.427 [FXGL Background Thread 3 ] DEBUG Engine               - class com.almasb.fxgl.io.FileSystemService
01:59:32.427 [FXGL Background Thread 3 ] DEBUG Engine               - class com.almasb.fxgl.localization.LocalizationService
01:59:32.427 [FXGL Background Thread 3 ] DEBUG Engine               - class com.almasb.fxgl.app.services.SystemBundleService
01:59:32.427 [FXGL Background Thread 3 ] DEBUG Engine               - class com.almasb.fxgl.profile.SaveLoadService
01:59:32.427 [FXGL Background Thread 3 ] DEBUG Engine               - class com.almasb.fxgl.ui.FXGLUIFactoryServiceProvider
01:59:32.427 [FXGL Background Thread 3 ] DEBUG Engine               - class com.almasb.fxgl.ui.FXGLDialogFactoryServiceProvider
01:59:32.427 [FXGL Background Thread 3 ] DEBUG Engine               - class com.almasb.fxgl.audio.AudioPlayer
01:59:32.427 [FXGL Background Thread 3 ] DEBUG Engine               - class com.almasb.fxgl.notification.impl.NotificationServiceProvider
01:59:32.427 [FXGL Background Thread 3 ] DEBUG Engine               - class com.almasb.fxgl.achievement.AchievementService
01:59:32.427 [FXGL Background Thread 3 ] DEBUG Engine               - class com.almasb.fxgl.cutscene.CutsceneService
01:59:32.427 [FXGL Background Thread 3 ] DEBUG Engine               - class com.almasb.fxgl.minigames.MiniGameService
01:59:32.427 [FXGL Background Thread 3 ] DEBUG Engine               - class com.almasb.fxgl.net.NetService
01:59:32.427 [FXGL Background Thread 3 ] DEBUG Engine               - class com.almasb.fxgl.app.services.UpdaterService
01:59:32.427 [FXGL Background Thread 3 ] DEBUG Engine               - class com.almasb.fxgl.dev.DevService
01:59:32.427 [FXGL Background Thread 3 ] DEBUG Engine               - class com.almasb.fxgl.multiplayer.MultiplayerService
01:59:39.573 [JavaFX Application Thread] DEBUG FXGLApplication      - Exiting FXGL
01:59:39.573 [JavaFX Application Thread] DEBUG LoopRunner           - Stopping loop
01:59:39.573 [JavaFX Application Thread] DEBUG SystemBundleService  - Saving FXGL system data
01:59:39.575 [JavaFX Application Thread] DEBUG FileSystemAccess     - Writing to: c:\Users\Cent\Desktop\CSS124L-LE\CSS124L-FinalExam\CSS124L-FINAL-PROJECT\system\fxgl.bundle
01:59:39.576 [JavaFX Application Thread] DEBUG Async                - Shutting down background threads
01:59:39.576 [JavaFX Application Thread] DEBUG PrimaryStageWindow   - Closing main window
01:59:39.601 [JavaFX Application Thread] DEBUG Logger               - Closing Logger
