19:21:43.842 [main                     ] DEBUG Logger               - Configured Logger
19:21:43.873 [main                     ] DEBUG GameApplication      - Logging settings
Title: Flatline: Oregon
Version: Beta ?
Width: 800
Height: 600
Fullscreen: false
Intro: false
Profiling: false
Single step:false
App Mode: DEVELOPER
Menu Key: ESCAPE
Stage Style: DECORATED
Scene Factory: class com.groupfour.mygame.App$1

19:21:44.207 [JavaFX Application Thread] DEBUG FXGLApplication      - Initializing FXGL
19:21:44.209 [JavaFX Application Thread] INFO  Engine               - FXGL-dev-SNAPSHOT (28.07.2021 16.39) on WINDOWS (J:11.0.22 FX:16)
19:21:44.210 [JavaFX Application Thread] DEBUG Engine               - JRE Vendor Name: Oracle Corporation
19:21:44.210 [JavaFX Application Thread] DEBUG Engine               - Running on OS: Windows 11 version 10.0
19:21:44.210 [JavaFX Application Thread] DEBUG Engine               - Architecture: amd64
19:21:44.210 [JavaFX Application Thread] INFO  Engine               - Source code and latest versions at: https://github.com/AlmasB/FXGL
19:21:44.210 [JavaFX Application Thread] INFO  Engine               -              Join the FXGL chat at: https://gitter.im/AlmasB/FXGL
19:21:44.267 [JavaFX Application Thread] DEBUG PrimaryStageWindow   - Creating a JavaFX scene
19:21:44.304 [JavaFX Application Thread] DEBUG PrimaryStageWindow   - Target settings size: 800.0 x 600.0
19:21:44.305 [JavaFX Application Thread] DEBUG PrimaryStageWindow   - Scaled scene size:    800.0 x 600.0
19:21:44.305 [JavaFX Application Thread] DEBUG PrimaryStageWindow   - Scaled ratio: (1.0, 1.0)
19:21:44.305 [JavaFX Application Thread] DEBUG PrimaryStageWindow   - Set initial scene to FXGLStartupScene
19:21:44.309 [JavaFX Application Thread] DEBUG PrimaryStageWindow   - Opening main window
19:21:44.382 [JavaFX Application Thread] DEBUG PrimaryStageWindow   - Window border size: (14.4000244140625, 37.5999755859375)
19:21:44.382 [JavaFX Application Thread] DEBUG PrimaryStageWindow   - Scaled size: 800.0 x 600.0
19:21:44.382 [JavaFX Application Thread] DEBUG PrimaryStageWindow   - Scaled ratio: (1.0, 1.0)
19:21:44.382 [JavaFX Application Thread] DEBUG PrimaryStageWindow   - Scene size: 800.0 x 600.0
19:21:44.382 [JavaFX Application Thread] DEBUG PrimaryStageWindow   - Stage size: 814.4000244140625 x 637.5999755859375
19:21:44.386 [FXGL Background Thread 1 ] DEBUG Engine               - Initializing environment variables
19:21:44.421 [FXGL Background Thread 1 ] DEBUG FXGLAssetLoaderServi - User app class for loading assets: class com.groupfour.mygame.App
19:21:44.421 [FXGL Background Thread 1 ] DEBUG GameApplicationServi - Applying CSS: fxgl_dark.css
19:21:44.421 [FXGL Background Thread 1 ] DEBUG FXGLAssetLoaderServi - Loading from file system: jar:file:///C:/Users/acer/.m2/repository/com/github/almasb/fxgl/dev-SNAPSHOT/fxgl-dev-SNAPSHOT.jar!/fxglassets/ui/css/fxgl_dark.css
19:21:44.460 [FXGL Background Thread 1 ] DEBUG GameApplicationServi - Initializing application scenes
19:21:44.485 [FXGL Background Thread 1 ] DEBUG GameWorld            - Game world initialized
19:21:44.518 [FXGL Background Thread 1 ] DEBUG PhysicsWorld         - Physics world initialized: appHeight=600, physics.ppm=50.0
19:21:44.519 [FXGL Background Thread 1 ] DEBUG PhysicsWorld         - Using strategy: BRUTE_FORCE
19:21:44.521 [FXGL Background Thread 1 ] DEBUG GameScene            - Game scene initialized: 800x600
19:21:44.529 [FXGL Background Thread 1 ] DEBUG FXGL.DefaultMenu     - createMenuBodyMainMenu()
19:21:44.541 [FXGL Background Thread 1 ] DEBUG FXGL.DefaultMenu     - createOptionsMenu()
19:21:44.548 [FXGL Background Thread 1 ] DEBUG FXGLAssetLoaderServi - Loading from file system: jar:file:///C:/Users/acer/.m2/repository/com/github/almasb/fxgl/dev-SNAPSHOT/fxgl-dev-SNAPSHOT.jar!/fxglassets/textures/particles/smoke.png
19:21:44.609 [FXGL Background Thread 1 ] DEBUG FXGLAssetLoaderServi - Loading from file system: jar:file:///C:/Users/acer/.m2/repository/com/github/almasb/fxgl/dev-SNAPSHOT/fxgl-dev-SNAPSHOT.jar!/fxglassets/textures/particles/trace_horizontal.png
19:21:44.626 [FXGL Background Thread 1 ] DEBUG FXGLAssetLoaderServi - Loading from file system: file:/C:/Users/acer/OneDrive/Desktop/git%20pull/CSS124L-FINAL-PROJECT/fp/target/classes/assets/ui/fonts/PIXELADE.TTF
19:21:44.901 [FXGL Background Thread 1 ] DEBUG FXGLAssetLoaderServi - Loading from file system: file:/C:/Users/acer/OneDrive/Desktop/git%20pull/CSS124L-FINAL-PROJECT/fp/target/classes/assets/textures/spbtn.png
19:21:44.916 [FXGL Background Thread 1 ] DEBUG FXGLAssetLoaderServi - Loading from file system: file:/C:/Users/acer/OneDrive/Desktop/git%20pull/CSS124L-FINAL-PROJECT/fp/target/classes/assets/textures/mpbtn.png
19:21:44.921 [FXGL Background Thread 1 ] DEBUG FXGLAssetLoaderServi - Loading from file system: file:/C:/Users/acer/OneDrive/Desktop/git%20pull/CSS124L-FINAL-PROJECT/fp/target/classes/assets/textures/return.png
19:21:44.933 [FXGL Background Thread 1 ] DEBUG GameApplicationServi - Application scenes initialized
19:21:44.938 [FXGL Background Thread 1 ] DEBUG SystemBundleService  - Loading FXGL system data
19:21:44.942 [FXGL Background Thread 1 ] DEBUG FileSystemAccess     - Reading from: C:\Users\acer\OneDrive\Desktop\git pull\CSS124L-FINAL-PROJECT\system\fxgl.bundle
19:21:44.945 [FXGL Background Thread 1 ] DEBUG SystemBundleService  - Bundle FXGL: {}
19:21:44.945 [FXGL Background Thread 1 ] DEBUG UpdaterService       - Checking for updates
19:21:44.958 [FXGL Background Thread 4 ] DEBUG FXGLApplication      - Loading fonts
19:21:44.958 [FXGL Background Thread 1 ] DEBUG FXGLApplication      - Loading default localization
19:21:44.959 [FXGL Background Thread 4 ] DEBUG FXGLAssetLoaderServi - Loading from file system: jar:file:///C:/Users/acer/.m2/repository/com/github/almasb/fxgl/dev-SNAPSHOT/fxgl-dev-SNAPSHOT.jar!/fxglassets/ui/fonts/VarelaRound-Regular.ttf
19:21:44.959 [FXGL Background Thread 1 ] DEBUG FXGLAssetLoaderServi - Loading from file system: jar:file:///C:/Users/acer/.m2/repository/com/github/almasb/fxgl/dev-SNAPSHOT/fxgl-dev-SNAPSHOT.jar!/fxglassets/languages/english.lang
19:21:44.964 [FXGL Background Thread 4 ] DEBUG FXGLAssetLoaderServi - Loading from file system: jar:file:///C:/Users/acer/.m2/repository/com/github/almasb/fxgl/dev-SNAPSHOT/fxgl-dev-SNAPSHOT.jar!/fxglassets/ui/fonts/Abel-Regular.ttf
19:21:44.967 [FXGL Background Thread 4 ] DEBUG FXGLAssetLoaderServi - Loading from file system: jar:file:///C:/Users/acer/.m2/repository/com/github/almasb/fxgl/dev-SNAPSHOT/fxgl-dev-SNAPSHOT.jar!/fxglassets/ui/fonts/lucida_console.ttf
19:21:44.967 [FXGL Background Thread 1 ] INFO  FXGLApplication      - FXGL initialization took: 0.581 sec
19:21:44.972 [FXGL Background Thread 4 ] DEBUG FXGLAssetLoaderServi - Loading from file system: jar:file:///C:/Users/acer/.m2/repository/com/github/almasb/fxgl/dev-SNAPSHOT/fxgl-dev-SNAPSHOT.jar!/fxglassets/ui/fonts/Courier-Prime.ttf
19:21:44.976 [JavaFX Application Thread] DEBUG Input                - Registered new binding: Move Upwards - W
19:21:44.976 [JavaFX Application Thread] DEBUG Input                - Registered new binding: Move Down - S
19:21:44.976 [JavaFX Application Thread] DEBUG Input                - Registered new binding: Move Left - A
19:21:44.976 [JavaFX Application Thread] DEBUG Input                - Registered new binding: Move Right - D
19:21:44.976 [JavaFX Application Thread] DEBUG Input                - Registered new binding: Reload - R
19:21:44.977 [JavaFX Application Thread] DEBUG Input                - Registered new binding: Shoot - LMB
19:21:44.977 [JavaFX Application Thread] DEBUG Input                - Registered new binding: Switch Weapons - Q
19:21:44.977 [JavaFX Application Thread] DEBUG Input                - Registered new binding: Interact - F
19:21:44.978 [JavaFX Application Thread] DEBUG FXGLAssetLoaderServi - Loading from file system: file:/C:/Users/acer/OneDrive/Desktop/git%20pull/CSS124L-FINAL-PROJECT/fp/target/classes/assets/music/titleBGM.mp3
19:21:45.079 [JavaFX Application Thread] DEBUG AudioPlayer          - Playing music com.almasb.fxgl.audio.Music@61521afa
19:21:45.079 [JavaFX Application Thread] DEBUG FXGLAssetLoaderServi - Loading from file system: jar:file:///C:/Users/acer/.m2/repository/com/github/almasb/fxgl/dev-SNAPSHOT/fxgl-dev-SNAPSHOT.jar!/fxglassets/textures/fxgl_icon.png
19:21:45.086 [JavaFX Application Thread] DEBUG FXGLAssetLoaderServi - Loading from file system: jar:file:///C:/Users/acer/.m2/repository/com/github/almasb/fxgl/dev-SNAPSHOT/fxgl-dev-SNAPSHOT.jar!/fxglassets/textures/fxgl_default_cursor.png
19:21:45.087 [JavaFX Application Thread] DEBUG Input                - Registered new binding: Screenshot - CTRL+8
19:21:45.087 [JavaFX Application Thread] DEBUG Input                - Registered new binding: Dev Options - 1
19:21:45.088 [JavaFX Application Thread] DEBUG Input                - Registered new binding: Dev Console - 2
19:21:45.088 [JavaFX Application Thread] DEBUG Input                - Registered new binding: System info dump - CTRL+9
19:21:45.088 [JavaFX Application Thread] DEBUG Input                - Registered new binding: Restart - CTRL+R
19:21:45.088 [JavaFX Application Thread] DEBUG Input                - Registered new binding: Toggle Debug Camera - CTRL+C
19:21:45.090 [JavaFX Application Thread] DEBUG LoopRunner           - Starting loop
19:21:45.104 [JavaFX Application Thread] DEBUG LoopRunner           - Initializing JavaFX AnimationTimerLoop
19:21:45.105 [JavaFX Application Thread] DEBUG Input                - Clearing active input actions
19:21:45.109 [JavaFX Application Thread] DEBUG GameApplicationServi - Removing overlay from FXGLStartupScene and adding to FXGLMainMenuDummyScene
19:21:45.112 [JavaFX Application Thread] DEBUG PrimaryStageWindow   - FXGLStartupScene -> FXGLMainMenuDummyScene
19:21:45.112 [JavaFX Application Thread] DEBUG PrimaryStageWindow   - Push state: FXGLDefaultMenu
19:21:45.114 [JavaFX Application Thread] DEBUG Input                - Clearing active input actions
19:21:45.117 [JavaFX Application Thread] DEBUG GameApplicationServi - Removing overlay from FXGLMainMenuDummyScene and adding to FXGLDefaultMenu
19:21:45.117 [JavaFX Application Thread] DEBUG PrimaryStageWindow   - FXGLMainMenuDummyScene -> FXGLDefaultMenu
19:21:45.118 [JavaFX Application Thread] DEBUG FXGLApplication      - Registering font factories with UI factory
19:21:45.831 [FXGL Background Thread 2 ] INFO  UpdaterService       - Your current version:  dev-SNAPSHOT
19:21:45.831 [FXGL Background Thread 2 ] INFO  UpdaterService       - Latest stable version: 21.1
19:21:47.332 [JavaFX Application Thread] DEBUG Menu                 - fireNewGame()
19:21:47.332 [JavaFX Application Thread] DEBUG GameApplicationServi - Starting new game
19:21:47.333 [JavaFX Application Thread] DEBUG PrimaryStageWindow   - Pop state: FXGLDefaultMenu
19:21:47.333 [JavaFX Application Thread] DEBUG Input                - Clearing active input actions
19:21:47.335 [JavaFX Application Thread] DEBUG GameApplicationServi - Removing overlay from FXGLDefaultMenu and adding to FXGLMainMenuDummyScene
19:21:47.335 [JavaFX Application Thread] DEBUG PrimaryStageWindow   - FXGLMainMenuDummyScene <- FXGLDefaultMenu
19:21:47.336 [JavaFX Application Thread] DEBUG Input                - Clearing active input actions
19:21:47.341 [JavaFX Application Thread] DEBUG GameApplicationServi - Removing overlay from FXGLMainMenuDummyScene and adding to FXGLLoadingScene
19:21:47.342 [JavaFX Application Thread] DEBUG PrimaryStageWindow   - FXGLMainMenuDummyScene -> FXGLLoadingScene
19:21:47.342 [JavaFX Application Thread] DEBUG GameApplicationServi - Clearing previous game
19:21:47.342 [JavaFX Application Thread] DEBUG GameScene            - Clearing game scene
19:21:47.342 [JavaFX Application Thread] DEBUG GameWorld            - Clearing game world
19:21:47.342 [JavaFX Application Thread] DEBUG PhysicsWorld         - Clearing physics world
19:21:47.343 [FXGL Background Thread 2 ] DEBUG FXGLApplication      - Initializing game
19:21:47.378 [FXGL Background Thread 2 ] WARN  TMXLevelLoader       - TiledMap generated from 1.11.0. Supported version: 1.2.3. Some features may not be parsed fully.
19:21:47.389 [FXGL Background Thread 2 ] DEBUG TMXLevelLoader       - Parsed TiledMap: file:/C:/Users/acer/OneDrive/Desktop/git%20pull/CSS124L-FINAL-PROJECT/fp/target/classes/assets/levels/Lobby.tmx
19:21:47.390 [FXGL Background Thread 2 ] DEBUG TMXLevelLoader       - Creating tile layer entities
19:21:47.391 [FXGL Background Thread 2 ] DEBUG TilesetLoader        - Loading view for layer Tile Layer 1
19:21:47.394 [FXGL Background Thread 2 ] DEBUG TilesetLoader        - Created buffer with size 1280.0x768.0
19:21:47.403 [FXGL Background Thread 2 ] DEBUG TMXLevelLoader       - Creating object layer entities
19:21:47.419 [FXGL Background Thread 2 ] DEBUG GameWorld            - Clearing removable entities
19:21:47.420 [FXGL Background Thread 2 ] DEBUG GameWorld            - Setting level: com.almasb.fxgl.entity.level.Level@50798d93
19:21:47.434 [FXGL Background Thread 2 ] INFO  FXGLApplication      - Game initialization took: 0.090 sec
19:21:47.435 [JavaFX Application Thread] DEBUG Input                - Clearing active input actions
19:21:47.441 [JavaFX Application Thread] DEBUG GameApplicationServi - Removing overlay from FXGLLoadingScene and adding to GameScene
19:21:47.443 [JavaFX Application Thread] DEBUG PrimaryStageWindow   - FXGLLoadingScene -> GameScene
19:21:47.445 [JavaFX Application Thread] DEBUG FXGLAssetLoaderServi - Loading from file system: file:/C:/Users/acer/OneDrive/Desktop/git%20pull/CSS124L-FINAL-PROJECT/fp/target/classes/assets/textures/Interactables/microwave_close.png
19:21:47.447 [JavaFX Application Thread] DEBUG PrimaryStageWindow   - Push state: PCM_BG
19:21:47.447 [JavaFX Application Thread] DEBUG Input                - Clearing active input actions
19:21:47.447 [JavaFX Application Thread] DEBUG GameApplicationServi - Removing overlay from GameScene and adding to PCM_BG
19:21:47.448 [JavaFX Application Thread] DEBUG PrimaryStageWindow   - GameScene -> PCM_BG
19:21:47.453 [JavaFX Application Thread] DEBUG PrimaryStageWindow   - Push state: PlayerCountMenu
19:21:47.453 [JavaFX Application Thread] DEBUG Input                - Clearing active input actions
19:21:47.454 [JavaFX Application Thread] DEBUG GameApplicationServi - Removing overlay from PCM_BG and adding to PlayerCountMenu
19:21:47.458 [JavaFX Application Thread] DEBUG PrimaryStageWindow   - PCM_BG -> PlayerCountMenu
19:21:47.958 [FXGL Background Thread 3 ] DEBUG Engine               - Logging environment variables
19:21:47.959 [FXGL Background Thread 3 ] DEBUG Engine               - achievements: []
19:21:47.959 [FXGL Background Thread 3 ] DEBUG Engine               - actualHeight: 600.0
19:21:47.959 [FXGL Background Thread 3 ] DEBUG Engine               - actualHeightProperty: ReadOnlyDoubleProperty [value: 600.0]
19:21:47.959 [FXGL Background Thread 3 ] DEBUG Engine               - actualWidth: 800.0
19:21:47.959 [FXGL Background Thread 3 ] DEBUG Engine               - actualWidthProperty: ReadOnlyDoubleProperty [value: 800.0]
19:21:47.959 [FXGL Background Thread 3 ] DEBUG Engine               - appIcon: fxgl_icon.png
19:21:47.959 [FXGL Background Thread 3 ] DEBUG Engine               - applicationMode: DEVELOPER
19:21:47.959 [FXGL Background Thread 3 ] DEBUG Engine               - cSSList: [fxgl_dark.css]
19:21:47.960 [FXGL Background Thread 3 ] DEBUG Engine               - collisionDetectionStrategy: BRUTE_FORCE
19:21:47.960 [FXGL Background Thread 3 ] DEBUG Engine               - configClass: Optional.empty
19:21:47.960 [FXGL Background Thread 3 ] DEBUG Engine               - credits: []
19:21:47.960 [FXGL Background Thread 3 ] DEBUG Engine               - defaultCursor: CursorInfo(imageName=fxgl_default_cursor.png, hotspotX=7.0, hotspotY=6.0)
19:21:47.960 [FXGL Background Thread 3 ] DEBUG Engine               - devBBoxColorProperty: ObjectProperty [value: 0xff0000ff]
19:21:47.960 [FXGL Background Thread 3 ] DEBUG Engine               - devEnableDebugCameraProperty: BooleanProperty [value: false]
19:21:47.961 [FXGL Background Thread 3 ] DEBUG Engine               - devSensorColorProperty: ObjectProperty [value: 0xffff00ff]
19:21:47.961 [FXGL Background Thread 3 ] DEBUG Engine               - devShowBBoxProperty: BooleanProperty [value: false]
19:21:47.961 [FXGL Background Thread 3 ] DEBUG Engine               - devShowPositionProperty: BooleanProperty [value: false]
19:21:47.961 [FXGL Background Thread 3 ] DEBUG Engine               - enabledMenuItems: []
19:21:47.961 [FXGL Background Thread 3 ] DEBUG Engine               - engineServices: [class com.almasb.fxgl.app.services.FXGLAssetLoaderService, class com.almasb.fxgl.app.FXGLApplication$GameApplicationService, class com.almasb.fxgl.app.services.FXGLDialogService, class com.almasb.fxgl.app.services.IOTaskExecutorService, class com.almasb.fxgl.io.FileSystemService, class com.almasb.fxgl.localization.LocalizationService, class com.almasb.fxgl.app.services.SystemBundleService, class com.almasb.fxgl.profile.SaveLoadService, class com.almasb.fxgl.ui.FXGLUIFactoryServiceProvider, class com.almasb.fxgl.ui.FXGLDialogFactoryServiceProvider, class com.almasb.fxgl.audio.AudioPlayer, class com.almasb.fxgl.notification.impl.NotificationServiceProvider, class com.almasb.fxgl.achievement.AchievementService, class com.almasb.fxgl.cutscene.CutsceneService, class com.almasb.fxgl.minigames.MiniGameService, class com.almasb.fxgl.net.NetService, class com.almasb.fxgl.app.services.UpdaterService, class com.almasb.fxgl.dev.DevService, class com.almasb.fxgl.multiplayer.MultiplayerService]
19:21:47.961 [FXGL Background Thread 3 ] DEBUG Engine               - fontGame: Abel-Regular.ttf
19:21:47.961 [FXGL Background Thread 3 ] DEBUG Engine               - fontMono: lucida_console.ttf
19:21:47.961 [FXGL Background Thread 3 ] DEBUG Engine               - fontText: Courier-Prime.ttf
19:21:47.961 [FXGL Background Thread 3 ] DEBUG Engine               - fontUI: VarelaRound-Regular.ttf
19:21:47.961 [FXGL Background Thread 3 ] DEBUG Engine               - fullScreen: BooleanProperty [value: false]
19:21:47.961 [FXGL Background Thread 3 ] DEBUG Engine               - gameDifficulty: MEDIUM
19:21:47.961 [FXGL Background Thread 3 ] DEBUG Engine               - gameDifficultyProperty: ObjectProperty [value: MEDIUM]
19:21:47.961 [FXGL Background Thread 3 ] DEBUG Engine               - globalMusicVolume: 0.5
19:21:47.961 [FXGL Background Thread 3 ] DEBUG Engine               - globalMusicVolumeProperty: DoubleProperty [value: 0.5]
19:21:47.961 [FXGL Background Thread 3 ] DEBUG Engine               - globalSoundVolume: 0.5
19:21:47.961 [FXGL Background Thread 3 ] DEBUG Engine               - globalSoundVolumeProperty: DoubleProperty [value: 0.5]
19:21:47.961 [FXGL Background Thread 3 ] DEBUG Engine               - height: 600
19:21:47.961 [FXGL Background Thread 3 ] DEBUG Engine               - is3D: false
19:21:47.961 [FXGL Background Thread 3 ] DEBUG Engine               - isAndroid: false
19:21:47.961 [FXGL Background Thread 3 ] DEBUG Engine               - isBrowser: false
19:21:47.961 [FXGL Background Thread 3 ] DEBUG Engine               - isClickFeedbackEnabled: false
19:21:47.961 [FXGL Background Thread 3 ] DEBUG Engine               - isCloseConfirmation: false
19:21:47.961 [FXGL Background Thread 3 ] DEBUG Engine               - isDesktop: true
19:21:47.961 [FXGL Background Thread 3 ] DEBUG Engine               - isDeveloperMenuEnabled: true
19:21:47.961 [FXGL Background Thread 3 ] DEBUG Engine               - isEmbedded: false
19:21:47.961 [FXGL Background Thread 3 ] DEBUG Engine               - isEntityPreloadEnabled: true
19:21:47.961 [FXGL Background Thread 3 ] DEBUG Engine               - isExperimentalTiledLargeMap: false
19:21:47.961 [FXGL Background Thread 3 ] DEBUG Engine               - isFileSystemWriteAllowed: true
19:21:47.961 [FXGL Background Thread 3 ] DEBUG Engine               - isFullScreenAllowed: false
19:21:47.961 [FXGL Background Thread 3 ] DEBUG Engine               - isFullScreenFromStart: false
19:21:47.961 [FXGL Background Thread 3 ] DEBUG Engine               - isGameMenuEnabled: true
19:21:47.961 [FXGL Background Thread 3 ] DEBUG Engine               - isIOS: false
19:21:47.961 [FXGL Background Thread 3 ] DEBUG Engine               - isIntroEnabled: false
19:21:47.961 [FXGL Background Thread 3 ] DEBUG Engine               - isLinux: false
19:21:47.961 [FXGL Background Thread 3 ] DEBUG Engine               - isMac: false
19:21:47.962 [FXGL Background Thread 3 ] DEBUG Engine               - isMainMenuEnabled: true
19:21:47.962 [FXGL Background Thread 3 ] DEBUG Engine               - isManualResizeEnabled: false
19:21:47.962 [FXGL Background Thread 3 ] DEBUG Engine               - isMobile: false
19:21:47.962 [FXGL Background Thread 3 ] DEBUG Engine               - isNative: false
19:21:47.962 [FXGL Background Thread 3 ] DEBUG Engine               - isPauseMusicWhenMinimized: true
19:21:47.962 [FXGL Background Thread 3 ] DEBUG Engine               - isPreserveResizeRatio: false
19:21:47.962 [FXGL Background Thread 3 ] DEBUG Engine               - isProfilingEnabled: false
19:21:47.962 [FXGL Background Thread 3 ] DEBUG Engine               - isScaleAffectedOnResize: true
19:21:47.962 [FXGL Background Thread 3 ] DEBUG Engine               - isSingleStep: false
19:21:47.962 [FXGL Background Thread 3 ] DEBUG Engine               - isUserProfileEnabled: false
19:21:47.962 [FXGL Background Thread 3 ] DEBUG Engine               - isWindows: true
19:21:47.962 [FXGL Background Thread 3 ] DEBUG Engine               - language: ObjectProperty [value: ENGLISH]
19:21:47.962 [FXGL Background Thread 3 ] DEBUG Engine               - menuKey: ESCAPE
19:21:47.962 [FXGL Background Thread 3 ] DEBUG Engine               - mouseSensitivity: 0.2
19:21:47.962 [FXGL Background Thread 3 ] DEBUG Engine               - notificationViewClass: class com.almasb.fxgl.notification.view.XboxNotificationView
19:21:47.962 [FXGL Background Thread 3 ] DEBUG Engine               - pixelsPerMeter: 50.0
19:21:47.962 [FXGL Background Thread 3 ] DEBUG Engine               - platform: WINDOWS
19:21:47.962 [FXGL Background Thread 3 ] DEBUG Engine               - prefHeightProperty: ReadOnlyDoubleProperty [value: 600.0]
19:21:47.963 [FXGL Background Thread 3 ] DEBUG Engine               - prefWidthProperty: ReadOnlyDoubleProperty [value: 800.0]
19:21:47.963 [FXGL Background Thread 3 ] DEBUG Engine               - profileDir: profiles/
19:21:47.963 [FXGL Background Thread 3 ] DEBUG Engine               - profileName: StringProperty [value: DEFAULT]
19:21:47.963 [FXGL Background Thread 3 ] DEBUG Engine               - randomSeed: -1
19:21:47.963 [FXGL Background Thread 3 ] DEBUG Engine               - runtimeInfo: RuntimeInfo(platform=WINDOWS, version=dev-SNAPSHOT, build=28.07.2021 16.39)
19:21:47.963 [FXGL Background Thread 3 ] DEBUG Engine               - saveFileExt: sav
19:21:47.963 [FXGL Background Thread 3 ] DEBUG Engine               - scaledHeightProp$fxgl: DoubleProperty [bound, value: 600.0]
19:21:47.963 [FXGL Background Thread 3 ] DEBUG Engine               - scaledWidthProp$fxgl: DoubleProperty [bound, value: 800.0]
19:21:47.963 [FXGL Background Thread 3 ] DEBUG Engine               - sceneFactory: com.groupfour.mygame.App$1@90c5af
19:21:47.963 [FXGL Background Thread 3 ] DEBUG Engine               - secondsIn24h: 60
19:21:47.963 [FXGL Background Thread 3 ] DEBUG Engine               - soundMenuBack: menu/back.wav
19:21:47.963 [FXGL Background Thread 3 ] DEBUG Engine               - soundMenuPress: titleSelect.mp3
19:21:47.963 [FXGL Background Thread 3 ] DEBUG Engine               - soundMenuSelect: menu/select.wav
19:21:47.963 [FXGL Background Thread 3 ] DEBUG Engine               - soundNotification: core/notification.wav
19:21:47.963 [FXGL Background Thread 3 ] DEBUG Engine               - stageStyle: DECORATED
19:21:47.963 [FXGL Background Thread 3 ] DEBUG Engine               - supportedLanguages: [ENGLISH, FRENCH, GERMAN, HUNGARIAN, RUSSIAN]
19:21:47.963 [FXGL Background Thread 3 ] DEBUG Engine               - ticksPerSecond: -1
19:21:47.963 [FXGL Background Thread 3 ] DEBUG Engine               - title: Flatline: Oregon
19:21:47.963 [FXGL Background Thread 3 ] DEBUG Engine               - urlGithub: https://github.com/AlmasB/FXGL
19:21:47.963 [FXGL Background Thread 3 ] DEBUG Engine               - urlLeaderboard: http://fxgl-top.herokuapp.com/
19:21:47.963 [FXGL Background Thread 3 ] DEBUG Engine               - urlPOM: https://raw.githubusercontent.com/AlmasB/FXGL/release/README.md
19:21:47.963 [FXGL Background Thread 3 ] DEBUG Engine               - userAppClass: class com.groupfour.mygame.App
19:21:47.963 [FXGL Background Thread 3 ] DEBUG Engine               - version: Beta ?
19:21:47.963 [FXGL Background Thread 3 ] DEBUG Engine               - versionCheckDays: 7
19:21:47.963 [FXGL Background Thread 3 ] DEBUG Engine               - width: 800
19:21:47.963 [FXGL Background Thread 3 ] DEBUG Engine               - Logging services
19:21:47.963 [FXGL Background Thread 3 ] DEBUG Engine               - class com.almasb.fxgl.app.services.FXGLAssetLoaderService
19:21:47.963 [FXGL Background Thread 3 ] DEBUG Engine               - class com.almasb.fxgl.app.FXGLApplication$GameApplicationService
19:21:47.963 [FXGL Background Thread 3 ] DEBUG Engine               - class com.almasb.fxgl.app.services.FXGLDialogService
19:21:47.963 [FXGL Background Thread 3 ] DEBUG Engine               - class com.almasb.fxgl.app.services.IOTaskExecutorService
19:21:47.963 [FXGL Background Thread 3 ] DEBUG Engine               - class com.almasb.fxgl.io.FileSystemService
19:21:47.963 [FXGL Background Thread 3 ] DEBUG Engine               - class com.almasb.fxgl.localization.LocalizationService
19:21:47.963 [FXGL Background Thread 3 ] DEBUG Engine               - class com.almasb.fxgl.app.services.SystemBundleService
19:21:47.963 [FXGL Background Thread 3 ] DEBUG Engine               - class com.almasb.fxgl.profile.SaveLoadService
19:21:47.963 [FXGL Background Thread 3 ] DEBUG Engine               - class com.almasb.fxgl.ui.FXGLUIFactoryServiceProvider
19:21:47.964 [FXGL Background Thread 3 ] DEBUG Engine               - class com.almasb.fxgl.ui.FXGLDialogFactoryServiceProvider
19:21:47.964 [FXGL Background Thread 3 ] DEBUG Engine               - class com.almasb.fxgl.audio.AudioPlayer
19:21:47.964 [FXGL Background Thread 3 ] DEBUG Engine               - class com.almasb.fxgl.notification.impl.NotificationServiceProvider
19:21:47.964 [FXGL Background Thread 3 ] DEBUG Engine               - class com.almasb.fxgl.achievement.AchievementService
19:21:47.964 [FXGL Background Thread 3 ] DEBUG Engine               - class com.almasb.fxgl.cutscene.CutsceneService
19:21:47.964 [FXGL Background Thread 3 ] DEBUG Engine               - class com.almasb.fxgl.minigames.MiniGameService
19:21:47.964 [FXGL Background Thread 3 ] DEBUG Engine               - class com.almasb.fxgl.net.NetService
19:21:47.964 [FXGL Background Thread 3 ] DEBUG Engine               - class com.almasb.fxgl.app.services.UpdaterService
19:21:47.964 [FXGL Background Thread 3 ] DEBUG Engine               - class com.almasb.fxgl.dev.DevService
19:21:47.964 [FXGL Background Thread 3 ] DEBUG Engine               - class com.almasb.fxgl.multiplayer.MultiplayerService
19:21:48.262 [JavaFX Application Thread] DEBUG FXGLAssetLoaderServi - Loading from file system: file:/C:/Users/acer/OneDrive/Desktop/git%20pull/CSS124L-FINAL-PROJECT/fp/target/classes/assets/sounds/Reload.mp3
19:21:48.268 [JavaFX Application Thread] DEBUG FXGLAssetLoaderServi - Loading from file system: file:/C:/Users/acer/OneDrive/Desktop/git%20pull/CSS124L-FINAL-PROJECT/fp/target/classes/assets/sounds/BerettaM9_Shoot.mp3
19:21:48.272 [JavaFX Application Thread] DEBUG FXGLAssetLoaderServi - Loading from file system: file:/C:/Users/acer/OneDrive/Desktop/git%20pull/CSS124L-FINAL-PROJECT/fp/target/classes/assets/textures/Weapons/Idle/BerettaM9_Idle.png
19:21:48.273 [JavaFX Application Thread] DEBUG FXGLAssetLoaderServi - Loading from file system: file:/C:/Users/acer/OneDrive/Desktop/git%20pull/CSS124L-FINAL-PROJECT/fp/target/classes/assets/textures/Weapons/Shooting/BerettaM9_Shooting.png
19:21:48.274 [JavaFX Application Thread] DEBUG FXGLAssetLoaderServi - Loading from file system: file:/C:/Users/acer/OneDrive/Desktop/git%20pull/CSS124L-FINAL-PROJECT/fp/target/classes/assets/textures/Players/1P_Shoot.png
19:21:48.277 [JavaFX Application Thread] DEBUG FXGLAssetLoaderServi - Loading from file system: file:/C:/Users/acer/OneDrive/Desktop/git%20pull/CSS124L-FINAL-PROJECT/fp/target/classes/assets/textures/Interactables/vending_machine.png
19:21:48.282 [JavaFX Application Thread] DEBUG PrimaryStageWindow   - Pop state: PlayerCountMenu
19:21:48.282 [JavaFX Application Thread] DEBUG Input                - Clearing active input actions
19:21:48.282 [JavaFX Application Thread] DEBUG GameApplicationServi - Removing overlay from PlayerCountMenu and adding to PCM_BG
19:21:48.283 [JavaFX Application Thread] DEBUG PrimaryStageWindow   - PCM_BG <- PlayerCountMenu
19:21:48.283 [JavaFX Application Thread] DEBUG PrimaryStageWindow   - Pop state: PCM_BG
19:21:48.283 [JavaFX Application Thread] DEBUG Input                - Clearing active input actions
19:21:48.283 [JavaFX Application Thread] DEBUG GameApplicationServi - Removing overlay from PCM_BG and adding to GameScene
19:21:48.283 [JavaFX Application Thread] DEBUG PrimaryStageWindow   - GameScene <- PCM_BG
19:21:48.381 [JavaFX Application Thread] DEBUG FXGLAssetLoaderServi - Loading from file system: file:/C:/Users/acer/OneDrive/Desktop/git%20pull/CSS124L-FINAL-PROJECT/fp/target/classes/assets/textures/Zombies/Basic_Zombie_Walking.png
19:21:48.383 [JavaFX Application Thread] DEBUG FXGLAssetLoaderServi - Loading from file system: file:/C:/Users/acer/OneDrive/Desktop/git%20pull/CSS124L-FINAL-PROJECT/fp/target/classes/assets/textures/Zombies/Basic_Zombie_Attack.png
19:21:58.274 [JavaFX Application Thread] DEBUG PrimaryStageWindow   - Push state: DialogSubScene
19:21:58.274 [JavaFX Application Thread] DEBUG Input                - Clearing active input actions
19:21:58.275 [JavaFX Application Thread] DEBUG GameApplicationServi - Removing overlay from GameScene and adding to DialogSubScene
19:21:58.275 [JavaFX Application Thread] DEBUG PrimaryStageWindow   - GameScene -> DialogSubScene
19:21:59.611 [JavaFX Application Thread] DEBUG PrimaryStageWindow   - Pop state: DialogSubScene
19:21:59.611 [JavaFX Application Thread] DEBUG Input                - Clearing active input actions
19:21:59.611 [JavaFX Application Thread] DEBUG GameApplicationServi - Removing overlay from DialogSubScene and adding to GameScene
19:21:59.612 [JavaFX Application Thread] DEBUG PrimaryStageWindow   - GameScene <- DialogSubScene
19:21:59.612 [JavaFX Application Thread] DEBUG AudioPlayer          - Playing music com.almasb.fxgl.audio.Music@61521afa
19:21:59.612 [JavaFX Application Thread] DEBUG Input                - Clearing active input actions
19:21:59.614 [JavaFX Application Thread] DEBUG GameApplicationServi - Removing overlay from GameScene and adding to FXGLMainMenuDummyScene
19:21:59.614 [JavaFX Application Thread] DEBUG PrimaryStageWindow   - GameScene -> FXGLMainMenuDummyScene
19:21:59.614 [JavaFX Application Thread] DEBUG PrimaryStageWindow   - Push state: FXGLDefaultMenu
19:21:59.614 [JavaFX Application Thread] DEBUG Input                - Clearing active input actions
19:21:59.615 [JavaFX Application Thread] DEBUG GameApplicationServi - Removing overlay from FXGLMainMenuDummyScene and adding to FXGLDefaultMenu
19:21:59.616 [JavaFX Application Thread] DEBUG PrimaryStageWindow   - FXGLMainMenuDummyScene -> FXGLDefaultMenu
19:22:00.654 [JavaFX Application Thread] DEBUG Menu                 - fireNewGame()
19:22:00.654 [JavaFX Application Thread] DEBUG GameApplicationServi - Starting new game
19:22:00.655 [JavaFX Application Thread] DEBUG PrimaryStageWindow   - Pop state: FXGLDefaultMenu
19:22:00.655 [JavaFX Application Thread] DEBUG Input                - Clearing active input actions
19:22:00.655 [JavaFX Application Thread] DEBUG GameApplicationServi - Removing overlay from FXGLDefaultMenu and adding to FXGLMainMenuDummyScene
19:22:00.655 [JavaFX Application Thread] DEBUG PrimaryStageWindow   - FXGLMainMenuDummyScene <- FXGLDefaultMenu
19:22:00.655 [JavaFX Application Thread] DEBUG Input                - Clearing active input actions
19:22:00.657 [JavaFX Application Thread] DEBUG GameApplicationServi - Removing overlay from FXGLMainMenuDummyScene and adding to FXGLLoadingScene
19:22:00.657 [JavaFX Application Thread] DEBUG PrimaryStageWindow   - FXGLMainMenuDummyScene -> FXGLLoadingScene
19:22:00.657 [JavaFX Application Thread] DEBUG GameApplicationServi - Clearing previous game
19:22:00.657 [JavaFX Application Thread] DEBUG GameScene            - Clearing game scene
19:22:00.657 [JavaFX Application Thread] DEBUG GameWorld            - Clearing game world
19:22:00.658 [JavaFX Application Thread] DEBUG PhysicsWorld         - Clearing physics world
19:22:00.659 [FXGL Background Thread 2 ] DEBUG FXGLApplication      - Initializing game
19:22:00.661 [FXGL Background Thread 2 ] WARN  TMXLevelLoader       - TiledMap generated from 1.11.0. Supported version: 1.2.3. Some features may not be parsed fully.
19:22:00.663 [FXGL Background Thread 2 ] DEBUG TMXLevelLoader       - Parsed TiledMap: file:/C:/Users/acer/OneDrive/Desktop/git%20pull/CSS124L-FINAL-PROJECT/fp/target/classes/assets/levels/Lobby.tmx
19:22:00.663 [FXGL Background Thread 2 ] DEBUG TMXLevelLoader       - Creating tile layer entities
19:22:00.663 [FXGL Background Thread 2 ] DEBUG TilesetLoader        - Loading view for layer Tile Layer 1
19:22:00.664 [FXGL Background Thread 2 ] DEBUG TilesetLoader        - Created buffer with size 1280.0x768.0
19:22:00.669 [FXGL Background Thread 2 ] DEBUG TMXLevelLoader       - Creating object layer entities
19:22:00.671 [FXGL Background Thread 2 ] DEBUG GameWorld            - Clearing removable entities
19:22:00.671 [FXGL Background Thread 2 ] DEBUG GameWorld            - Setting level: com.almasb.fxgl.entity.level.Level@44d134d9
19:22:00.676 [FXGL Background Thread 2 ] INFO  FXGLApplication      - Game initialization took: 0.017 sec
19:22:00.679 [JavaFX Application Thread] DEBUG Input                - Clearing active input actions
19:22:00.681 [JavaFX Application Thread] DEBUG GameApplicationServi - Removing overlay from FXGLLoadingScene and adding to GameScene
19:22:00.682 [JavaFX Application Thread] DEBUG PrimaryStageWindow   - FXGLLoadingScene -> GameScene
19:22:00.697 [JavaFX Application Thread] DEBUG PrimaryStageWindow   - Push state: PCM_BG
19:22:00.697 [JavaFX Application Thread] DEBUG Input                - Clearing active input actions
19:22:00.697 [JavaFX Application Thread] DEBUG GameApplicationServi - Removing overlay from GameScene and adding to PCM_BG
19:22:00.698 [JavaFX Application Thread] DEBUG PrimaryStageWindow   - GameScene -> PCM_BG
19:22:00.700 [JavaFX Application Thread] DEBUG PrimaryStageWindow   - Push state: PlayerCountMenu
19:22:00.700 [JavaFX Application Thread] DEBUG Input                - Clearing active input actions
19:22:00.700 [JavaFX Application Thread] DEBUG GameApplicationServi - Removing overlay from PCM_BG and adding to PlayerCountMenu
19:22:00.701 [JavaFX Application Thread] DEBUG PrimaryStageWindow   - PCM_BG -> PlayerCountMenu
19:22:01.377 [JavaFX Application Thread] DEBUG PrimaryStageWindow   - Pop state: PlayerCountMenu
19:22:01.377 [JavaFX Application Thread] DEBUG Input                - Clearing active input actions
19:22:01.377 [JavaFX Application Thread] DEBUG GameApplicationServi - Removing overlay from PlayerCountMenu and adding to PCM_BG
19:22:01.377 [JavaFX Application Thread] DEBUG PrimaryStageWindow   - PCM_BG <- PlayerCountMenu
19:22:01.378 [JavaFX Application Thread] DEBUG PrimaryStageWindow   - Pop state: PCM_BG
19:22:01.378 [JavaFX Application Thread] DEBUG Input                - Clearing active input actions
19:22:01.378 [JavaFX Application Thread] DEBUG GameApplicationServi - Removing overlay from PCM_BG and adding to GameScene
19:22:01.378 [JavaFX Application Thread] DEBUG PrimaryStageWindow   - GameScene <- PCM_BG
19:22:09.913 [JavaFX Application Thread] DEBUG PrimaryStageWindow   - Push state: DialogSubScene
19:22:09.913 [JavaFX Application Thread] DEBUG Input                - Clearing active input actions
19:22:09.913 [JavaFX Application Thread] DEBUG GameApplicationServi - Removing overlay from GameScene and adding to DialogSubScene
19:22:09.914 [JavaFX Application Thread] DEBUG PrimaryStageWindow   - GameScene -> DialogSubScene
19:22:30.078 [JavaFX Application Thread] DEBUG PrimaryStageWindow   - Pop state: DialogSubScene
19:22:30.078 [JavaFX Application Thread] DEBUG Input                - Clearing active input actions
19:22:30.078 [JavaFX Application Thread] DEBUG GameApplicationServi - Removing overlay from DialogSubScene and adding to GameScene
19:22:30.078 [JavaFX Application Thread] DEBUG PrimaryStageWindow   - GameScene <- DialogSubScene
19:22:30.078 [JavaFX Application Thread] DEBUG AudioPlayer          - Playing music com.almasb.fxgl.audio.Music@61521afa
19:22:30.078 [JavaFX Application Thread] DEBUG Input                - Clearing active input actions
19:22:30.080 [JavaFX Application Thread] DEBUG GameApplicationServi - Removing overlay from GameScene and adding to FXGLMainMenuDummyScene
19:22:30.080 [JavaFX Application Thread] DEBUG PrimaryStageWindow   - GameScene -> FXGLMainMenuDummyScene
19:22:30.080 [JavaFX Application Thread] DEBUG PrimaryStageWindow   - Push state: FXGLDefaultMenu
19:22:30.080 [JavaFX Application Thread] DEBUG Input                - Clearing active input actions
19:22:30.080 [JavaFX Application Thread] DEBUG GameApplicationServi - Removing overlay from FXGLMainMenuDummyScene and adding to FXGLDefaultMenu
19:22:30.082 [JavaFX Application Thread] DEBUG PrimaryStageWindow   - FXGLMainMenuDummyScene -> FXGLDefaultMenu
19:22:32.192 [JavaFX Application Thread] DEBUG FXGLApplication      - Exiting FXGL
19:22:32.194 [JavaFX Application Thread] DEBUG LoopRunner           - Stopping loop
19:22:32.194 [JavaFX Application Thread] DEBUG SystemBundleService  - Saving FXGL system data
19:22:32.195 [JavaFX Application Thread] DEBUG FileSystemAccess     - Writing to: C:\Users\acer\OneDrive\Desktop\git pull\CSS124L-FINAL-PROJECT\system\fxgl.bundle
19:22:32.196 [JavaFX Application Thread] DEBUG Async                - Shutting down background threads
19:22:32.197 [JavaFX Application Thread] DEBUG PrimaryStageWindow   - Closing main window
19:22:32.210 [JavaFX Application Thread] DEBUG Logger               - Closing Logger
