14:12:16.221 [main                     ] DEBUG Logger               - Configured Logger
14:12:16.250 [main                     ] DEBUG GameApplication      - Logging settings
Title: Flatline: Oregon
Version: Alpha 0.19021902
Width: 800
Height: 600
Fullscreen: false
Intro: false
Profiling: false
Single step:false
App Mode: DEVELOPER
Menu Key: ESCAPE
Stage Style: DECORATED
Scene Factory: class com.groupfour.mygame.App$1

14:12:16.594 [JavaFX Application Thread] DEBUG FXGLApplication      - Initializing FXGL
14:12:16.596 [JavaFX Application Thread] INFO  Engine               - FXGL-dev-SNAPSHOT (28.07.2021 16.39) on WINDOWS (J:11.0.22 FX:16)
14:12:16.598 [JavaFX Application Thread] DEBUG Engine               - JRE Vendor Name: Oracle Corporation
14:12:16.598 [JavaFX Application Thread] DEBUG Engine               - Running on OS: Windows 11 version 10.0
14:12:16.598 [JavaFX Application Thread] DEBUG Engine               - Architecture: amd64
14:12:16.598 [JavaFX Application Thread] INFO  Engine               - Source code and latest versions at: https://github.com/AlmasB/FXGL
14:12:16.598 [JavaFX Application Thread] INFO  Engine               -              Join the FXGL chat at: https://gitter.im/AlmasB/FXGL
14:12:16.660 [JavaFX Application Thread] DEBUG PrimaryStageWindow   - Creating a JavaFX scene
14:12:16.703 [JavaFX Application Thread] DEBUG PrimaryStageWindow   - Target settings size: 800.0 x 600.0
14:12:16.704 [JavaFX Application Thread] DEBUG PrimaryStageWindow   - Scaled scene size:    800.0 x 600.0
14:12:16.704 [JavaFX Application Thread] DEBUG PrimaryStageWindow   - Scaled ratio: (1.0, 1.0)
14:12:16.704 [JavaFX Application Thread] DEBUG PrimaryStageWindow   - Set initial scene to FXGLStartupScene
14:12:16.708 [JavaFX Application Thread] DEBUG PrimaryStageWindow   - Opening main window
14:12:16.764 [JavaFX Application Thread] DEBUG PrimaryStageWindow   - Window border size: (14.4000244140625, 37.5999755859375)
14:12:16.765 [JavaFX Application Thread] DEBUG PrimaryStageWindow   - Scaled size: 800.0 x 600.0
14:12:16.765 [JavaFX Application Thread] DEBUG PrimaryStageWindow   - Scaled ratio: (1.0, 1.0)
14:12:16.765 [JavaFX Application Thread] DEBUG PrimaryStageWindow   - Scene size: 800.0 x 600.0
14:12:16.765 [JavaFX Application Thread] DEBUG PrimaryStageWindow   - Stage size: 814.4000244140625 x 637.5999755859375
14:12:16.771 [FXGL Background Thread 1 ] DEBUG Engine               - Initializing environment variables
14:12:16.809 [FXGL Background Thread 1 ] DEBUG FXGLAssetLoaderServi - User app class for loading assets: class com.groupfour.mygame.App
14:12:16.809 [FXGL Background Thread 1 ] DEBUG GameApplicationServi - Applying CSS: fxgl_dark.css
14:12:16.811 [FXGL Background Thread 1 ] DEBUG FXGLAssetLoaderServi - Loading from file system: jar:file:///C:/Users/acer/.m2/repository/com/github/almasb/fxgl/dev-SNAPSHOT/fxgl-dev-SNAPSHOT.jar!/fxglassets/ui/css/fxgl_dark.css
14:12:16.859 [FXGL Background Thread 1 ] DEBUG GameApplicationServi - Initializing application scenes
14:12:16.889 [FXGL Background Thread 1 ] DEBUG GameWorld            - Game world initialized
14:12:16.928 [FXGL Background Thread 1 ] DEBUG PhysicsWorld         - Physics world initialized: appHeight=600, physics.ppm=50.0
14:12:16.928 [FXGL Background Thread 1 ] DEBUG PhysicsWorld         - Using strategy: BRUTE_FORCE
14:12:16.930 [FXGL Background Thread 1 ] DEBUG GameScene            - Game scene initialized: 800x600
14:12:16.940 [FXGL Background Thread 1 ] DEBUG FXGL.DefaultMenu     - createMenuBodyMainMenu()
14:12:16.952 [FXGL Background Thread 1 ] DEBUG FXGL.DefaultMenu     - createOptionsMenu()
14:12:16.959 [FXGL Background Thread 1 ] DEBUG FXGLAssetLoaderServi - Loading from file system: jar:file:///C:/Users/acer/.m2/repository/com/github/almasb/fxgl/dev-SNAPSHOT/fxgl-dev-SNAPSHOT.jar!/fxglassets/textures/particles/smoke.png
14:12:17.043 [FXGL Background Thread 1 ] DEBUG FXGLAssetLoaderServi - Loading from file system: jar:file:///C:/Users/acer/.m2/repository/com/github/almasb/fxgl/dev-SNAPSHOT/fxgl-dev-SNAPSHOT.jar!/fxglassets/textures/particles/trace_horizontal.png
14:12:17.067 [FXGL Background Thread 1 ] DEBUG GameApplicationServi - Application scenes initialized
14:12:17.074 [FXGL Background Thread 1 ] DEBUG SystemBundleService  - Loading FXGL system data
14:12:17.078 [FXGL Background Thread 1 ] DEBUG FileSystemAccess     - Reading from: C:\Users\acer\OneDrive\Desktop\git pull\CSS124L-FINAL-PROJECT\system\fxgl.bundle
14:12:17.081 [FXGL Background Thread 1 ] DEBUG SystemBundleService  - Bundle FXGL: {}
14:12:17.082 [FXGL Background Thread 1 ] DEBUG UpdaterService       - Checking for updates
14:12:17.100 [FXGL Background Thread 4 ] DEBUG FXGLApplication      - Loading fonts
14:12:17.100 [FXGL Background Thread 1 ] DEBUG FXGLApplication      - Loading default localization
14:12:17.101 [FXGL Background Thread 4 ] DEBUG FXGLAssetLoaderServi - Loading from file system: jar:file:///C:/Users/acer/.m2/repository/com/github/almasb/fxgl/dev-SNAPSHOT/fxgl-dev-SNAPSHOT.jar!/fxglassets/ui/fonts/VarelaRound-Regular.ttf
14:12:17.101 [FXGL Background Thread 1 ] DEBUG FXGLAssetLoaderServi - Loading from file system: jar:file:///C:/Users/acer/.m2/repository/com/github/almasb/fxgl/dev-SNAPSHOT/fxgl-dev-SNAPSHOT.jar!/fxglassets/languages/english.lang
14:12:17.113 [FXGL Background Thread 1 ] INFO  FXGLApplication      - FXGL initialization took: 0.341 sec
14:12:17.123 [JavaFX Application Thread] DEBUG Input                - Registered new binding: Move Upwards - W
14:12:17.124 [JavaFX Application Thread] DEBUG Input                - Registered new binding: Move Down - S
14:12:17.124 [JavaFX Application Thread] DEBUG Input                - Registered new binding: Move Left - A
14:12:17.124 [JavaFX Application Thread] DEBUG Input                - Registered new binding: Move Right - D
14:12:17.124 [JavaFX Application Thread] DEBUG Input                - Registered new binding: Reload - R
14:12:17.125 [JavaFX Application Thread] DEBUG Input                - Registered new binding: Shoot - LMB
14:12:17.125 [JavaFX Application Thread] DEBUG Input                - Registered new binding: Switch Weapons - Q
14:12:17.125 [JavaFX Application Thread] DEBUG Input                - Registered new binding: Interact - F
14:12:17.126 [JavaFX Application Thread] DEBUG FXGLAssetLoaderServi - Loading from file system: jar:file:///C:/Users/acer/.m2/repository/com/github/almasb/fxgl/dev-SNAPSHOT/fxgl-dev-SNAPSHOT.jar!/fxglassets/textures/fxgl_icon.png
14:12:17.143 [JavaFX Application Thread] DEBUG FXGLAssetLoaderServi - Loading from file system: jar:file:///C:/Users/acer/.m2/repository/com/github/almasb/fxgl/dev-SNAPSHOT/fxgl-dev-SNAPSHOT.jar!/fxglassets/textures/fxgl_default_cursor.png
14:12:17.145 [JavaFX Application Thread] DEBUG Input                - Registered new binding: Screenshot - CTRL+8
14:12:17.145 [JavaFX Application Thread] DEBUG Input                - Registered new binding: Dev Options - 1
14:12:17.145 [JavaFX Application Thread] DEBUG Input                - Registered new binding: Dev Console - 2
14:12:17.146 [JavaFX Application Thread] DEBUG Input                - Registered new binding: System info dump - CTRL+9
14:12:17.146 [JavaFX Application Thread] DEBUG Input                - Registered new binding: Restart - CTRL+R
14:12:17.146 [JavaFX Application Thread] DEBUG Input                - Registered new binding: Toggle Debug Camera - CTRL+C
14:12:17.149 [JavaFX Application Thread] DEBUG LoopRunner           - Starting loop
14:12:17.166 [JavaFX Application Thread] DEBUG LoopRunner           - Initializing JavaFX AnimationTimerLoop
14:12:17.168 [JavaFX Application Thread] DEBUG Input                - Clearing active input actions
14:12:17.177 [JavaFX Application Thread] DEBUG GameApplicationServi - Removing overlay from FXGLStartupScene and adding to FXGLMainMenuDummyScene
14:12:17.181 [JavaFX Application Thread] DEBUG PrimaryStageWindow   - FXGLStartupScene -> FXGLMainMenuDummyScene
14:12:17.181 [JavaFX Application Thread] DEBUG PrimaryStageWindow   - Push state: FXGLDefaultMenu
14:12:17.185 [JavaFX Application Thread] DEBUG Input                - Clearing active input actions
14:12:17.192 [JavaFX Application Thread] DEBUG GameApplicationServi - Removing overlay from FXGLMainMenuDummyScene and adding to FXGLDefaultMenu
14:12:17.193 [JavaFX Application Thread] DEBUG PrimaryStageWindow   - FXGLMainMenuDummyScene -> FXGLDefaultMenu
14:12:17.515 [FXGL Background Thread 4 ] DEBUG FXGLAssetLoaderServi - Loading from file system: jar:file:///C:/Users/acer/.m2/repository/com/github/almasb/fxgl/dev-SNAPSHOT/fxgl-dev-SNAPSHOT.jar!/fxglassets/ui/fonts/Abel-Regular.ttf
14:12:17.519 [FXGL Background Thread 4 ] DEBUG FXGLAssetLoaderServi - Loading from file system: jar:file:///C:/Users/acer/.m2/repository/com/github/almasb/fxgl/dev-SNAPSHOT/fxgl-dev-SNAPSHOT.jar!/fxglassets/ui/fonts/lucida_console.ttf
14:12:17.523 [FXGL Background Thread 4 ] DEBUG FXGLAssetLoaderServi - Loading from file system: jar:file:///C:/Users/acer/.m2/repository/com/github/almasb/fxgl/dev-SNAPSHOT/fxgl-dev-SNAPSHOT.jar!/fxglassets/ui/fonts/Courier-Prime.ttf
14:12:17.533 [JavaFX Application Thread] DEBUG FXGLApplication      - Registering font factories with UI factory
14:12:17.850 [FXGL Background Thread 2 ] INFO  UpdaterService       - Your current version:  dev-SNAPSHOT
14:12:17.850 [FXGL Background Thread 2 ] INFO  UpdaterService       - Latest stable version: 21.1
14:12:20.099 [FXGL Background Thread 3 ] DEBUG Engine               - Logging environment variables
14:12:20.100 [FXGL Background Thread 3 ] DEBUG Engine               - achievements: []
14:12:20.100 [FXGL Background Thread 3 ] DEBUG Engine               - actualHeight: 600.0
14:12:20.101 [FXGL Background Thread 3 ] DEBUG Engine               - actualHeightProperty: ReadOnlyDoubleProperty [value: 600.0]
14:12:20.101 [FXGL Background Thread 3 ] DEBUG Engine               - actualWidth: 800.0
14:12:20.102 [FXGL Background Thread 3 ] DEBUG Engine               - actualWidthProperty: ReadOnlyDoubleProperty [value: 800.0]
14:12:20.102 [FXGL Background Thread 3 ] DEBUG Engine               - appIcon: fxgl_icon.png
14:12:20.102 [FXGL Background Thread 3 ] DEBUG Engine               - applicationMode: DEVELOPER
14:12:20.102 [FXGL Background Thread 3 ] DEBUG Engine               - cSSList: [fxgl_dark.css]
14:12:20.102 [FXGL Background Thread 3 ] DEBUG Engine               - collisionDetectionStrategy: BRUTE_FORCE
14:12:20.102 [FXGL Background Thread 3 ] DEBUG Engine               - configClass: Optional.empty
14:12:20.102 [FXGL Background Thread 3 ] DEBUG Engine               - credits: []
14:12:20.102 [FXGL Background Thread 3 ] DEBUG Engine               - defaultCursor: CursorInfo(imageName=fxgl_default_cursor.png, hotspotX=7.0, hotspotY=6.0)
14:12:20.104 [FXGL Background Thread 3 ] DEBUG Engine               - devBBoxColorProperty: ObjectProperty [value: 0xff0000ff]
14:12:20.104 [FXGL Background Thread 3 ] DEBUG Engine               - devEnableDebugCameraProperty: BooleanProperty [value: false]
14:12:20.104 [FXGL Background Thread 3 ] DEBUG Engine               - devSensorColorProperty: ObjectProperty [value: 0xffff00ff]
14:12:20.104 [FXGL Background Thread 3 ] DEBUG Engine               - devShowBBoxProperty: BooleanProperty [value: false]
14:12:20.104 [FXGL Background Thread 3 ] DEBUG Engine               - devShowPositionProperty: BooleanProperty [value: false]
14:12:20.104 [FXGL Background Thread 3 ] DEBUG Engine               - enabledMenuItems: []
14:12:20.105 [FXGL Background Thread 3 ] DEBUG Engine               - engineServices: [class com.almasb.fxgl.app.services.FXGLAssetLoaderService, class com.almasb.fxgl.app.FXGLApplication$GameApplicationService, class com.almasb.fxgl.app.services.FXGLDialogService, class com.almasb.fxgl.app.services.IOTaskExecutorService, class com.almasb.fxgl.io.FileSystemService, class com.almasb.fxgl.localization.LocalizationService, class com.almasb.fxgl.app.services.SystemBundleService, class com.almasb.fxgl.profile.SaveLoadService, class com.almasb.fxgl.ui.FXGLUIFactoryServiceProvider, class com.almasb.fxgl.ui.FXGLDialogFactoryServiceProvider, class com.almasb.fxgl.audio.AudioPlayer, class com.almasb.fxgl.notification.impl.NotificationServiceProvider, class com.almasb.fxgl.achievement.AchievementService, class com.almasb.fxgl.cutscene.CutsceneService, class com.almasb.fxgl.minigames.MiniGameService, class com.almasb.fxgl.net.NetService, class com.almasb.fxgl.app.services.UpdaterService, class com.almasb.fxgl.dev.DevService, class com.almasb.fxgl.multiplayer.MultiplayerService]
14:12:20.105 [FXGL Background Thread 3 ] DEBUG Engine               - fontGame: Abel-Regular.ttf
14:12:20.105 [FXGL Background Thread 3 ] DEBUG Engine               - fontMono: lucida_console.ttf
14:12:20.105 [FXGL Background Thread 3 ] DEBUG Engine               - fontText: Courier-Prime.ttf
14:12:20.105 [FXGL Background Thread 3 ] DEBUG Engine               - fontUI: VarelaRound-Regular.ttf
14:12:20.105 [FXGL Background Thread 3 ] DEBUG Engine               - fullScreen: BooleanProperty [value: false]
14:12:20.105 [FXGL Background Thread 3 ] DEBUG Engine               - gameDifficulty: MEDIUM
14:12:20.105 [FXGL Background Thread 3 ] DEBUG Engine               - gameDifficultyProperty: ObjectProperty [value: MEDIUM]
14:12:20.105 [FXGL Background Thread 3 ] DEBUG Engine               - globalMusicVolume: 0.5
14:12:20.105 [FXGL Background Thread 3 ] DEBUG Engine               - globalMusicVolumeProperty: DoubleProperty [value: 0.5]
14:12:20.106 [FXGL Background Thread 3 ] DEBUG Engine               - globalSoundVolume: 0.5
14:12:20.106 [FXGL Background Thread 3 ] DEBUG Engine               - globalSoundVolumeProperty: DoubleProperty [value: 0.5]
14:12:20.106 [FXGL Background Thread 3 ] DEBUG Engine               - height: 600
14:12:20.106 [FXGL Background Thread 3 ] DEBUG Engine               - is3D: false
14:12:20.106 [FXGL Background Thread 3 ] DEBUG Engine               - isAndroid: false
14:12:20.106 [FXGL Background Thread 3 ] DEBUG Engine               - isBrowser: false
14:12:20.106 [FXGL Background Thread 3 ] DEBUG Engine               - isClickFeedbackEnabled: false
14:12:20.106 [FXGL Background Thread 3 ] DEBUG Engine               - isCloseConfirmation: false
14:12:20.107 [FXGL Background Thread 3 ] DEBUG Engine               - isDesktop: true
14:12:20.107 [FXGL Background Thread 3 ] DEBUG Engine               - isDeveloperMenuEnabled: true
14:12:20.107 [FXGL Background Thread 3 ] DEBUG Engine               - isEmbedded: false
14:12:20.107 [FXGL Background Thread 3 ] DEBUG Engine               - isEntityPreloadEnabled: true
14:12:20.107 [FXGL Background Thread 3 ] DEBUG Engine               - isExperimentalTiledLargeMap: false
14:12:20.107 [FXGL Background Thread 3 ] DEBUG Engine               - isFileSystemWriteAllowed: true
14:12:20.107 [FXGL Background Thread 3 ] DEBUG Engine               - isFullScreenAllowed: false
14:12:20.107 [FXGL Background Thread 3 ] DEBUG Engine               - isFullScreenFromStart: false
14:12:20.107 [FXGL Background Thread 3 ] DEBUG Engine               - isGameMenuEnabled: true
14:12:20.107 [FXGL Background Thread 3 ] DEBUG Engine               - isIOS: false
14:12:20.107 [FXGL Background Thread 3 ] DEBUG Engine               - isIntroEnabled: false
14:12:20.107 [FXGL Background Thread 3 ] DEBUG Engine               - isLinux: false
14:12:20.107 [FXGL Background Thread 3 ] DEBUG Engine               - isMac: false
14:12:20.108 [FXGL Background Thread 3 ] DEBUG Engine               - isMainMenuEnabled: true
14:12:20.108 [FXGL Background Thread 3 ] DEBUG Engine               - isManualResizeEnabled: false
14:12:20.108 [FXGL Background Thread 3 ] DEBUG Engine               - isMobile: false
14:12:20.108 [FXGL Background Thread 3 ] DEBUG Engine               - isNative: false
14:12:20.108 [FXGL Background Thread 3 ] DEBUG Engine               - isPauseMusicWhenMinimized: true
14:12:20.108 [FXGL Background Thread 3 ] DEBUG Engine               - isPreserveResizeRatio: false
14:12:20.108 [FXGL Background Thread 3 ] DEBUG Engine               - isProfilingEnabled: false
14:12:20.108 [FXGL Background Thread 3 ] DEBUG Engine               - isScaleAffectedOnResize: true
14:12:20.108 [FXGL Background Thread 3 ] DEBUG Engine               - isSingleStep: false
14:12:20.108 [FXGL Background Thread 3 ] DEBUG Engine               - isUserProfileEnabled: false
14:12:20.108 [FXGL Background Thread 3 ] DEBUG Engine               - isWindows: true
14:12:20.108 [FXGL Background Thread 3 ] DEBUG Engine               - language: ObjectProperty [value: ENGLISH]
14:12:20.108 [FXGL Background Thread 3 ] DEBUG Engine               - menuKey: ESCAPE
14:12:20.109 [FXGL Background Thread 3 ] DEBUG Engine               - mouseSensitivity: 0.2
14:12:20.109 [FXGL Background Thread 3 ] DEBUG Engine               - notificationViewClass: class com.almasb.fxgl.notification.view.XboxNotificationView
14:12:20.109 [FXGL Background Thread 3 ] DEBUG Engine               - pixelsPerMeter: 50.0
14:12:20.109 [FXGL Background Thread 3 ] DEBUG Engine               - platform: WINDOWS
14:12:20.109 [FXGL Background Thread 3 ] DEBUG Engine               - prefHeightProperty: ReadOnlyDoubleProperty [value: 600.0]
14:12:20.109 [FXGL Background Thread 3 ] DEBUG Engine               - prefWidthProperty: ReadOnlyDoubleProperty [value: 800.0]
14:12:20.109 [FXGL Background Thread 3 ] DEBUG Engine               - profileDir: profiles/
14:12:20.109 [FXGL Background Thread 3 ] DEBUG Engine               - profileName: StringProperty [value: DEFAULT]
14:12:20.109 [FXGL Background Thread 3 ] DEBUG Engine               - randomSeed: -1
14:12:20.109 [FXGL Background Thread 3 ] DEBUG Engine               - runtimeInfo: RuntimeInfo(platform=WINDOWS, version=dev-SNAPSHOT, build=28.07.2021 16.39)
14:12:20.110 [FXGL Background Thread 3 ] DEBUG Engine               - saveFileExt: sav
14:12:20.110 [FXGL Background Thread 3 ] DEBUG Engine               - scaledHeightProp$fxgl: DoubleProperty [bound, value: 600.0]
14:12:20.110 [FXGL Background Thread 3 ] DEBUG Engine               - scaledWidthProp$fxgl: DoubleProperty [bound, value: 800.0]
14:12:20.110 [FXGL Background Thread 3 ] DEBUG Engine               - sceneFactory: com.groupfour.mygame.App$1@510288d2
14:12:20.110 [FXGL Background Thread 3 ] DEBUG Engine               - secondsIn24h: 60
14:12:20.110 [FXGL Background Thread 3 ] DEBUG Engine               - soundMenuBack: menu/back.wav
14:12:20.110 [FXGL Background Thread 3 ] DEBUG Engine               - soundMenuPress: menu/press.wav
14:12:20.110 [FXGL Background Thread 3 ] DEBUG Engine               - soundMenuSelect: menu/select.wav
14:12:20.110 [FXGL Background Thread 3 ] DEBUG Engine               - soundNotification: core/notification.wav
14:12:20.110 [FXGL Background Thread 3 ] DEBUG Engine               - stageStyle: DECORATED
14:12:20.110 [FXGL Background Thread 3 ] DEBUG Engine               - supportedLanguages: [ENGLISH, FRENCH, GERMAN, HUNGARIAN, RUSSIAN]
14:12:20.110 [FXGL Background Thread 3 ] DEBUG Engine               - ticksPerSecond: -1
14:12:20.110 [FXGL Background Thread 3 ] DEBUG Engine               - title: Flatline: Oregon
14:12:20.110 [FXGL Background Thread 3 ] DEBUG Engine               - urlGithub: https://github.com/AlmasB/FXGL
14:12:20.110 [FXGL Background Thread 3 ] DEBUG Engine               - urlLeaderboard: http://fxgl-top.herokuapp.com/
14:12:20.110 [FXGL Background Thread 3 ] DEBUG Engine               - urlPOM: https://raw.githubusercontent.com/AlmasB/FXGL/release/README.md
14:12:20.110 [FXGL Background Thread 3 ] DEBUG Engine               - userAppClass: class com.groupfour.mygame.App
14:12:20.110 [FXGL Background Thread 3 ] DEBUG Engine               - version: Alpha 0.19021902
14:12:20.110 [FXGL Background Thread 3 ] DEBUG Engine               - versionCheckDays: 7
14:12:20.110 [FXGL Background Thread 3 ] DEBUG Engine               - width: 800
14:12:20.110 [FXGL Background Thread 3 ] DEBUG Engine               - Logging services
14:12:20.110 [FXGL Background Thread 3 ] DEBUG Engine               - class com.almasb.fxgl.app.services.FXGLAssetLoaderService
14:12:20.110 [FXGL Background Thread 3 ] DEBUG Engine               - class com.almasb.fxgl.app.FXGLApplication$GameApplicationService
14:12:20.110 [FXGL Background Thread 3 ] DEBUG Engine               - class com.almasb.fxgl.app.services.FXGLDialogService
14:12:20.110 [FXGL Background Thread 3 ] DEBUG Engine               - class com.almasb.fxgl.app.services.IOTaskExecutorService
14:12:20.110 [FXGL Background Thread 3 ] DEBUG Engine               - class com.almasb.fxgl.io.FileSystemService
14:12:20.110 [FXGL Background Thread 3 ] DEBUG Engine               - class com.almasb.fxgl.localization.LocalizationService
14:12:20.111 [FXGL Background Thread 3 ] DEBUG Engine               - class com.almasb.fxgl.app.services.SystemBundleService
14:12:20.111 [FXGL Background Thread 3 ] DEBUG Engine               - class com.almasb.fxgl.profile.SaveLoadService
14:12:20.111 [FXGL Background Thread 3 ] DEBUG Engine               - class com.almasb.fxgl.ui.FXGLUIFactoryServiceProvider
14:12:20.111 [FXGL Background Thread 3 ] DEBUG Engine               - class com.almasb.fxgl.ui.FXGLDialogFactoryServiceProvider
14:12:20.111 [FXGL Background Thread 3 ] DEBUG Engine               - class com.almasb.fxgl.audio.AudioPlayer
14:12:20.111 [FXGL Background Thread 3 ] DEBUG Engine               - class com.almasb.fxgl.notification.impl.NotificationServiceProvider
14:12:20.111 [FXGL Background Thread 3 ] DEBUG Engine               - class com.almasb.fxgl.achievement.AchievementService
14:12:20.111 [FXGL Background Thread 3 ] DEBUG Engine               - class com.almasb.fxgl.cutscene.CutsceneService
14:12:20.111 [FXGL Background Thread 3 ] DEBUG Engine               - class com.almasb.fxgl.minigames.MiniGameService
14:12:20.111 [FXGL Background Thread 3 ] DEBUG Engine               - class com.almasb.fxgl.net.NetService
14:12:20.111 [FXGL Background Thread 3 ] DEBUG Engine               - class com.almasb.fxgl.app.services.UpdaterService
14:12:20.111 [FXGL Background Thread 3 ] DEBUG Engine               - class com.almasb.fxgl.dev.DevService
14:12:20.111 [FXGL Background Thread 3 ] DEBUG Engine               - class com.almasb.fxgl.multiplayer.MultiplayerService
14:12:26.123 [JavaFX Application Thread] DEBUG Menu                 - fireNewGame()
14:12:26.123 [JavaFX Application Thread] DEBUG GameApplicationServi - Starting new game
14:12:26.124 [JavaFX Application Thread] DEBUG PrimaryStageWindow   - Pop state: FXGLDefaultMenu
14:12:26.124 [JavaFX Application Thread] DEBUG Input                - Clearing active input actions
14:12:26.125 [JavaFX Application Thread] DEBUG GameApplicationServi - Removing overlay from FXGLDefaultMenu and adding to FXGLMainMenuDummyScene
14:12:26.126 [JavaFX Application Thread] DEBUG PrimaryStageWindow   - FXGLMainMenuDummyScene <- FXGLDefaultMenu
14:12:26.126 [JavaFX Application Thread] DEBUG Input                - Clearing active input actions
14:12:26.130 [JavaFX Application Thread] DEBUG GameApplicationServi - Removing overlay from FXGLMainMenuDummyScene and adding to FXGLLoadingScene
14:12:26.130 [JavaFX Application Thread] DEBUG PrimaryStageWindow   - FXGLMainMenuDummyScene -> FXGLLoadingScene
14:12:26.131 [JavaFX Application Thread] DEBUG GameApplicationServi - Clearing previous game
14:12:26.131 [JavaFX Application Thread] DEBUG GameScene            - Clearing game scene
14:12:26.131 [JavaFX Application Thread] DEBUG GameWorld            - Clearing game world
14:12:26.131 [JavaFX Application Thread] DEBUG PhysicsWorld         - Clearing physics world
14:12:26.131 [FXGL Background Thread 2 ] DEBUG FXGLApplication      - Initializing game
14:12:26.170 [FXGL Background Thread 2 ] WARN  TMXLevelLoader       - TiledMap generated from 1.11.0. Supported version: 1.2.3. Some features may not be parsed fully.
14:12:26.177 [FXGL Background Thread 2 ] DEBUG TMXLevelLoader       - Parsed TiledMap: file:/C:/Users/acer/OneDrive/Desktop/git%20pull/CSS124L-FINAL-PROJECT/fp/target/classes/assets/levels/Lobby.tmx
14:12:26.178 [FXGL Background Thread 2 ] DEBUG TMXLevelLoader       - Creating tile layer entities
14:12:26.179 [FXGL Background Thread 2 ] DEBUG TilesetLoader        - Loading view for layer Tile Layer 1
14:12:26.181 [FXGL Background Thread 2 ] DEBUG TilesetLoader        - Created buffer with size 1280.0x768.0
14:12:26.190 [FXGL Background Thread 2 ] DEBUG TMXLevelLoader       - Creating object layer entities
14:12:26.207 [FXGL Background Thread 2 ] DEBUG GameWorld            - Clearing removable entities
14:12:26.208 [FXGL Background Thread 2 ] DEBUG GameWorld            - Setting level: com.almasb.fxgl.entity.level.Level@4af6bb85
14:12:26.237 [FXGL Background Thread 2 ] INFO  FXGLApplication      - Game initialization took: 0.105 sec
14:12:26.243 [JavaFX Application Thread] DEBUG Input                - Clearing active input actions
14:12:26.248 [JavaFX Application Thread] DEBUG GameApplicationServi - Removing overlay from FXGLLoadingScene and adding to GameScene
14:12:26.249 [JavaFX Application Thread] DEBUG PrimaryStageWindow   - FXGLLoadingScene -> GameScene
14:12:26.254 [JavaFX Application Thread] DEBUG FXGLAssetLoaderServi - Loading from file system: file:/C:/Users/acer/OneDrive/Desktop/git%20pull/CSS124L-FINAL-PROJECT/fp/target/classes/assets/textures/Interactables/microwave_close.png
14:12:26.256 [JavaFX Application Thread] DEBUG PrimaryStageWindow   - Push state: PCM_BG
14:12:26.256 [JavaFX Application Thread] DEBUG Input                - Clearing active input actions
14:12:26.256 [JavaFX Application Thread] DEBUG GameApplicationServi - Removing overlay from GameScene and adding to PCM_BG
14:12:26.257 [JavaFX Application Thread] DEBUG PrimaryStageWindow   - GameScene -> PCM_BG
14:12:26.258 [JavaFX Application Thread] DEBUG PrimaryStageWindow   - Push state: PlayerCountMenu
14:12:26.258 [JavaFX Application Thread] DEBUG Input                - Clearing active input actions
14:12:26.258 [JavaFX Application Thread] DEBUG GameApplicationServi - Removing overlay from PCM_BG and adding to PlayerCountMenu
14:12:26.261 [JavaFX Application Thread] DEBUG PrimaryStageWindow   - PCM_BG -> PlayerCountMenu
14:12:26.983 [JavaFX Application Thread] DEBUG FXGLAssetLoaderServi - Loading from file system: file:/C:/Users/acer/OneDrive/Desktop/git%20pull/CSS124L-FINAL-PROJECT/fp/target/classes/assets/textures/Weapons/Idle/BerettaM9_Idle.png
14:12:26.984 [JavaFX Application Thread] DEBUG FXGLAssetLoaderServi - Loading from file system: file:/C:/Users/acer/OneDrive/Desktop/git%20pull/CSS124L-FINAL-PROJECT/fp/target/classes/assets/textures/Weapons/Shooting/BerettaM9_Shooting.png
14:12:26.986 [JavaFX Application Thread] DEBUG FXGLAssetLoaderServi - Loading from file system: file:/C:/Users/acer/OneDrive/Desktop/git%20pull/CSS124L-FINAL-PROJECT/fp/target/classes/assets/textures/Players/1P_Shoot.png
14:12:26.990 [JavaFX Application Thread] DEBUG FXGLAssetLoaderServi - Loading from file system: file:/C:/Users/acer/OneDrive/Desktop/git%20pull/CSS124L-FINAL-PROJECT/fp/target/classes/assets/textures/Interactables/vending_machine.png
14:12:26.993 [JavaFX Application Thread] DEBUG PrimaryStageWindow   - Pop state: PlayerCountMenu
14:12:26.993 [JavaFX Application Thread] DEBUG Input                - Clearing active input actions
14:12:26.993 [JavaFX Application Thread] DEBUG GameApplicationServi - Removing overlay from PlayerCountMenu and adding to PCM_BG
14:12:26.993 [JavaFX Application Thread] DEBUG PrimaryStageWindow   - PCM_BG <- PlayerCountMenu
14:12:26.993 [JavaFX Application Thread] DEBUG PrimaryStageWindow   - Pop state: PCM_BG
14:12:26.993 [JavaFX Application Thread] DEBUG Input                - Clearing active input actions
14:12:26.993 [JavaFX Application Thread] DEBUG GameApplicationServi - Removing overlay from PCM_BG and adding to GameScene
14:12:26.993 [JavaFX Application Thread] DEBUG PrimaryStageWindow   - GameScene <- PCM_BG
14:12:27.063 [JavaFX Application Thread] DEBUG FXGLAssetLoaderServi - Loading from file system: file:/C:/Users/acer/OneDrive/Desktop/git%20pull/CSS124L-FINAL-PROJECT/fp/target/classes/assets/textures/Zombies/Basic_Zombie_Walking.png
14:12:27.066 [JavaFX Application Thread] DEBUG FXGLAssetLoaderServi - Loading from file system: file:/C:/Users/acer/OneDrive/Desktop/git%20pull/CSS124L-FINAL-PROJECT/fp/target/classes/assets/textures/Zombies/Basic_Zombie_Attack.png
14:12:37.461 [JavaFX Application Thread] DEBUG FXGLApplication      - Exiting FXGL
14:12:37.461 [JavaFX Application Thread] DEBUG LoopRunner           - Stopping loop
14:12:37.461 [JavaFX Application Thread] DEBUG SystemBundleService  - Saving FXGL system data
14:12:37.463 [JavaFX Application Thread] DEBUG FileSystemAccess     - Writing to: C:\Users\acer\OneDrive\Desktop\git pull\CSS124L-FINAL-PROJECT\system\fxgl.bundle
14:12:37.464 [JavaFX Application Thread] DEBUG Async                - Shutting down background threads
14:12:37.465 [JavaFX Application Thread] DEBUG PrimaryStageWindow   - Closing main window
14:12:37.476 [JavaFX Application Thread] DEBUG Logger               - Closing Logger
