14:16:18.209 [main                     ] DEBUG Logger               - Configured Logger
14:16:18.218 [main                     ] DEBUG GameApplication      - Logging settings
Title: Flatline: Oregon
Version: Alpha 0.3
Width: 800
Height: 600
Fullscreen: false
Intro: false
Profiling: false
Single step:false
App Mode: DEVELOPER
Menu Key: ESCAPE
Stage Style: DECORATED
Scene Factory: class com.groupfour.mygame.App$1

14:16:18.868 [JavaFX Application Thread] DEBUG FXGLApplication      - Initializing FXGL
14:16:18.871 [JavaFX Application Thread] INFO  Engine               - FXGL-dev-SNAPSHOT (28.07.2021 16.39) on WINDOWS (J:21.0.4 FX:16)
14:16:18.872 [JavaFX Application Thread] DEBUG Engine               - JRE Vendor Name: Eclipse Adoptium
14:16:18.872 [JavaFX Application Thread] DEBUG Engine               - Running on OS: Windows 11 version 10.0
14:16:18.873 [JavaFX Application Thread] DEBUG Engine               - Architecture: amd64
14:16:18.873 [JavaFX Application Thread] INFO  Engine               - Source code and latest versions at: https://github.com/AlmasB/FXGL
14:16:18.873 [JavaFX Application Thread] INFO  Engine               -              Join the FXGL chat at: https://gitter.im/AlmasB/FXGL
14:16:19.014 [JavaFX Application Thread] DEBUG PrimaryStageWindow   - Creating a JavaFX scene
14:16:19.086 [JavaFX Application Thread] DEBUG PrimaryStageWindow   - Target settings size: 800.0 x 600.0
14:16:19.086 [JavaFX Application Thread] DEBUG PrimaryStageWindow   - Scaled scene size:    800.0 x 600.0
14:16:19.087 [JavaFX Application Thread] DEBUG PrimaryStageWindow   - Scaled ratio: (1.0, 1.0)
14:16:19.088 [JavaFX Application Thread] DEBUG PrimaryStageWindow   - Set initial scene to FXGLStartupScene
14:16:19.100 [JavaFX Application Thread] DEBUG PrimaryStageWindow   - Opening main window
14:16:19.240 [JavaFX Application Thread] DEBUG PrimaryStageWindow   - Window border size: (14.4000244140625, 37.5999755859375)
14:16:19.242 [JavaFX Application Thread] DEBUG PrimaryStageWindow   - Scaled size: 800.0 x 600.0
14:16:19.242 [JavaFX Application Thread] DEBUG PrimaryStageWindow   - Scaled ratio: (1.0, 1.0)
14:16:19.242 [JavaFX Application Thread] DEBUG PrimaryStageWindow   - Scene size: 800.0 x 600.0
14:16:19.242 [JavaFX Application Thread] DEBUG PrimaryStageWindow   - Stage size: 814.4000244140625 x 637.5999755859375
14:16:19.256 [FXGL Background Thread 1 ] DEBUG Engine               - Initializing environment variables
14:16:19.379 [FXGL Background Thread 1 ] DEBUG FXGLAssetLoaderServi - User app class for loading assets: class com.groupfour.mygame.App
14:16:19.379 [FXGL Background Thread 1 ] DEBUG GameApplicationServi - Applying CSS: fxgl_dark.css
14:16:19.380 [FXGL Background Thread 1 ] DEBUG FXGLAssetLoaderServi - Loading from file system: jar:file:///C:/Users/Cent/.m2/repository/com/github/almasb/fxgl/dev-SNAPSHOT/fxgl-dev-SNAPSHOT.jar!/fxglassets/ui/css/fxgl_dark.css
14:16:19.465 [FXGL Background Thread 1 ] DEBUG GameApplicationServi - Initializing application scenes
14:16:19.543 [FXGL Background Thread 1 ] DEBUG GameWorld            - Game world initialized
14:16:19.675 [FXGL Background Thread 1 ] DEBUG PhysicsWorld         - Physics world initialized: appHeight=600, physics.ppm=50.0
14:16:19.675 [FXGL Background Thread 1 ] DEBUG PhysicsWorld         - Using strategy: BRUTE_FORCE
14:16:19.679 [FXGL Background Thread 1 ] DEBUG GameScene            - Game scene initialized: 800x600
14:16:19.696 [FXGL Background Thread 1 ] DEBUG FXGL.DefaultMenu     - createMenuBodyMainMenu()
14:16:19.719 [FXGL Background Thread 1 ] DEBUG FXGL.DefaultMenu     - createOptionsMenu()
14:16:19.737 [FXGL Background Thread 1 ] DEBUG FXGLAssetLoaderServi - Loading from file system: jar:file:///C:/Users/Cent/.m2/repository/com/github/almasb/fxgl/dev-SNAPSHOT/fxgl-dev-SNAPSHOT.jar!/fxglassets/textures/particles/smoke.png
14:16:19.943 [FXGL Background Thread 1 ] DEBUG FXGLAssetLoaderServi - Loading from file system: jar:file:///C:/Users/Cent/.m2/repository/com/github/almasb/fxgl/dev-SNAPSHOT/fxgl-dev-SNAPSHOT.jar!/fxglassets/textures/particles/trace_horizontal.png
14:16:20.004 [FXGL Background Thread 1 ] DEBUG GameApplicationServi - Application scenes initialized
14:16:20.021 [FXGL Background Thread 1 ] DEBUG SystemBundleService  - Loading FXGL system data
14:16:20.029 [FXGL Background Thread 1 ] DEBUG FileSystemAccess     - Reading from: c:\Users\Cent\Desktop\CSS124L-LE\CSS124L-FinalExam\CSS124L-FINAL-PROJECT\system\fxgl.bundle
14:16:20.045 [FXGL Background Thread 1 ] DEBUG SystemBundleService  - Bundle FXGL: {}
14:16:20.046 [FXGL Background Thread 1 ] DEBUG UpdaterService       - Checking for updates
14:16:20.090 [FXGL Background Thread 4 ] DEBUG FXGLApplication      - Loading fonts
14:16:20.091 [FXGL Background Thread 4 ] DEBUG FXGLAssetLoaderServi - Loading from file system: jar:file:///C:/Users/Cent/.m2/repository/com/github/almasb/fxgl/dev-SNAPSHOT/fxgl-dev-SNAPSHOT.jar!/fxglassets/ui/fonts/VarelaRound-Regular.ttf
14:16:20.092 [FXGL Background Thread 1 ] DEBUG FXGLApplication      - Loading default localization
14:16:20.093 [FXGL Background Thread 1 ] DEBUG FXGLAssetLoaderServi - Loading from file system: jar:file:///C:/Users/Cent/.m2/repository/com/github/almasb/fxgl/dev-SNAPSHOT/fxgl-dev-SNAPSHOT.jar!/fxglassets/languages/english.lang
14:16:20.139 [FXGL Background Thread 1 ] INFO  FXGLApplication      - FXGL initialization took: 0.883 sec
14:16:20.175 [JavaFX Application Thread] DEBUG Input                - Registered new binding: Move Upwards - W
14:16:20.177 [JavaFX Application Thread] DEBUG Input                - Registered new binding: Move Down - S
14:16:20.177 [JavaFX Application Thread] DEBUG Input                - Registered new binding: Move Left - A
14:16:20.178 [JavaFX Application Thread] DEBUG Input                - Registered new binding: Move Right - D
14:16:20.178 [JavaFX Application Thread] DEBUG Input                - Registered new binding: Reload - R
14:16:20.180 [FXGL Background Thread 4 ] DEBUG FXGLAssetLoaderServi - Loading from file system: jar:file:///C:/Users/Cent/.m2/repository/com/github/almasb/fxgl/dev-SNAPSHOT/fxgl-dev-SNAPSHOT.jar!/fxglassets/ui/fonts/Abel-Regular.ttf
14:16:20.181 [JavaFX Application Thread] DEBUG Input                - Registered new binding: Shoot - LMB
14:16:20.182 [JavaFX Application Thread] DEBUG Input                - Registered new binding: Switch Weapons - Q
14:16:20.182 [JavaFX Application Thread] DEBUG Input                - Registered new binding: Interact - F
14:16:20.184 [JavaFX Application Thread] DEBUG FXGLAssetLoaderServi - Loading from file system: jar:file:///C:/Users/Cent/.m2/repository/com/github/almasb/fxgl/dev-SNAPSHOT/fxgl-dev-SNAPSHOT.jar!/fxglassets/textures/fxgl_icon.png
14:16:20.187 [FXGL Background Thread 4 ] DEBUG FXGLAssetLoaderServi - Loading from file system: jar:file:///C:/Users/Cent/.m2/repository/com/github/almasb/fxgl/dev-SNAPSHOT/fxgl-dev-SNAPSHOT.jar!/fxglassets/ui/fonts/lucida_console.ttf
14:16:20.197 [FXGL Background Thread 4 ] DEBUG FXGLAssetLoaderServi - Loading from file system: jar:file:///C:/Users/Cent/.m2/repository/com/github/almasb/fxgl/dev-SNAPSHOT/fxgl-dev-SNAPSHOT.jar!/fxglassets/ui/fonts/Courier-Prime.ttf
14:16:20.218 [JavaFX Application Thread] DEBUG FXGLAssetLoaderServi - Loading from file system: jar:file:///C:/Users/Cent/.m2/repository/com/github/almasb/fxgl/dev-SNAPSHOT/fxgl-dev-SNAPSHOT.jar!/fxglassets/textures/fxgl_default_cursor.png
14:16:20.227 [JavaFX Application Thread] DEBUG Input                - Registered new binding: Screenshot - CTRL+8
14:16:20.229 [JavaFX Application Thread] DEBUG Input                - Registered new binding: Dev Options - 1
14:16:20.230 [JavaFX Application Thread] DEBUG Input                - Registered new binding: Dev Console - 2
14:16:20.231 [JavaFX Application Thread] DEBUG Input                - Registered new binding: System info dump - CTRL+9
14:16:20.231 [JavaFX Application Thread] DEBUG Input                - Registered new binding: Restart - CTRL+R
14:16:20.232 [JavaFX Application Thread] DEBUG Input                - Registered new binding: Toggle Debug Camera - CTRL+C
14:16:20.239 [JavaFX Application Thread] DEBUG LoopRunner           - Starting loop
14:16:20.270 [JavaFX Application Thread] DEBUG LoopRunner           - Initializing JavaFX AnimationTimerLoop
14:16:20.278 [JavaFX Application Thread] DEBUG Input                - Clearing active input actions
14:16:20.292 [JavaFX Application Thread] DEBUG GameApplicationServi - Removing overlay from FXGLStartupScene and adding to FXGLMainMenuDummyScene
14:16:20.310 [JavaFX Application Thread] DEBUG PrimaryStageWindow   - FXGLStartupScene -> FXGLMainMenuDummyScene
14:16:20.310 [JavaFX Application Thread] DEBUG PrimaryStageWindow   - Push state: FXGLDefaultMenu
14:16:20.349 [JavaFX Application Thread] DEBUG Input                - Clearing active input actions
14:16:20.373 [JavaFX Application Thread] DEBUG GameApplicationServi - Removing overlay from FXGLMainMenuDummyScene and adding to FXGLDefaultMenu
14:16:20.375 [JavaFX Application Thread] DEBUG PrimaryStageWindow   - FXGLMainMenuDummyScene -> FXGLDefaultMenu
14:16:20.386 [JavaFX Application Thread] DEBUG FXGLApplication      - Registering font factories with UI factory
14:16:21.517 [FXGL Background Thread 2 ] INFO  UpdaterService       - Your current version:  dev-SNAPSHOT
14:16:21.518 [FXGL Background Thread 2 ] INFO  UpdaterService       - Latest stable version: 21.1
14:16:21.627 [JavaFX Application Thread] DEBUG Menu                 - fireNewGame()
14:16:21.627 [JavaFX Application Thread] DEBUG GameApplicationServi - Starting new game
14:16:21.633 [JavaFX Application Thread] DEBUG PrimaryStageWindow   - Pop state: FXGLDefaultMenu
14:16:21.633 [JavaFX Application Thread] DEBUG Input                - Clearing active input actions
14:16:21.637 [JavaFX Application Thread] DEBUG GameApplicationServi - Removing overlay from FXGLDefaultMenu and adding to FXGLMainMenuDummyScene
14:16:21.642 [JavaFX Application Thread] DEBUG PrimaryStageWindow   - FXGLMainMenuDummyScene <- FXGLDefaultMenu
14:16:21.643 [JavaFX Application Thread] DEBUG Input                - Clearing active input actions
14:16:21.662 [JavaFX Application Thread] DEBUG GameApplicationServi - Removing overlay from FXGLMainMenuDummyScene and adding to FXGLLoadingScene
14:16:21.664 [JavaFX Application Thread] DEBUG PrimaryStageWindow   - FXGLMainMenuDummyScene -> FXGLLoadingScene
14:16:21.664 [JavaFX Application Thread] DEBUG GameApplicationServi - Clearing previous game
14:16:21.665 [JavaFX Application Thread] DEBUG GameScene            - Clearing game scene
14:16:21.665 [JavaFX Application Thread] DEBUG GameWorld            - Clearing game world
14:16:21.666 [JavaFX Application Thread] DEBUG PhysicsWorld         - Clearing physics world
14:16:21.672 [FXGL Background Thread 2 ] DEBUG FXGLApplication      - Initializing game
14:16:21.787 [FXGL Background Thread 2 ] DEBUG FXGLAssetLoaderServi - Loading from file system: file:/C:/Users/Cent/Desktop/CSS124L-LE/CSS124L-FinalExam/CSS124L-FINAL-PROJECT/fp/target/classes/assets/textures/Players/1P_Idle.png
14:16:21.790 [FXGL Background Thread 2 ] DEBUG FXGLAssetLoaderServi - Loading from file system: file:/C:/Users/Cent/Desktop/CSS124L-LE/CSS124L-FinalExam/CSS124L-FINAL-PROJECT/fp/target/classes/assets/textures/Players/1P_Walk.gif
14:16:21.801 [FXGL Background Thread 2 ] DEBUG FXGLAssetLoaderServi - Loading from file system: file:/C:/Users/Cent/Desktop/CSS124L-LE/CSS124L-FinalExam/CSS124L-FINAL-PROJECT/fp/target/classes/assets/textures/Players/1P_Shoot.gif
14:16:21.837 [FXGL Background Thread 2 ] INFO  FXGLApplication      - Game initialization took: 0.166 sec
14:16:21.843 [JavaFX Application Thread] DEBUG Input                - Clearing active input actions
14:16:21.862 [JavaFX Application Thread] DEBUG GameApplicationServi - Removing overlay from FXGLLoadingScene and adding to GameScene
14:16:21.866 [JavaFX Application Thread] DEBUG PrimaryStageWindow   - FXGLLoadingScene -> GameScene
14:16:21.872 [JavaFX Application Thread] DEBUG PrimaryStageWindow   - Push state: PlayerCountMenu
14:16:21.872 [JavaFX Application Thread] DEBUG Input                - Clearing active input actions
14:16:21.873 [JavaFX Application Thread] DEBUG GameApplicationServi - Removing overlay from GameScene and adding to PlayerCountMenu
14:16:21.875 [JavaFX Application Thread] DEBUG PrimaryStageWindow   - GameScene -> PlayerCountMenu
14:16:23.088 [FXGL Background Thread 3 ] DEBUG Engine               - Logging environment variables
14:16:23.088 [FXGL Background Thread 3 ] DEBUG Engine               - achievements: []
14:16:23.089 [FXGL Background Thread 3 ] DEBUG Engine               - actualHeight: 600.0
14:16:23.089 [FXGL Background Thread 3 ] DEBUG Engine               - actualHeightProperty: ReadOnlyDoubleProperty [value: 600.0]
14:16:23.089 [FXGL Background Thread 3 ] DEBUG Engine               - actualWidth: 800.0
14:16:23.089 [FXGL Background Thread 3 ] DEBUG Engine               - actualWidthProperty: ReadOnlyDoubleProperty [value: 800.0]
14:16:23.090 [FXGL Background Thread 3 ] DEBUG Engine               - appIcon: fxgl_icon.png
14:16:23.090 [FXGL Background Thread 3 ] DEBUG Engine               - applicationMode: DEVELOPER
14:16:23.090 [FXGL Background Thread 3 ] DEBUG Engine               - cSSList: [fxgl_dark.css]
14:16:23.091 [FXGL Background Thread 3 ] DEBUG Engine               - collisionDetectionStrategy: BRUTE_FORCE
14:16:23.091 [FXGL Background Thread 3 ] DEBUG Engine               - configClass: Optional.empty
14:16:23.091 [FXGL Background Thread 3 ] DEBUG Engine               - credits: []
14:16:23.091 [FXGL Background Thread 3 ] DEBUG Engine               - defaultCursor: CursorInfo(imageName=fxgl_default_cursor.png, hotspotX=7.0, hotspotY=6.0)
14:16:23.092 [FXGL Background Thread 3 ] DEBUG Engine               - devBBoxColorProperty: ObjectProperty [value: 0xff0000ff]
14:16:23.092 [FXGL Background Thread 3 ] DEBUG Engine               - devEnableDebugCameraProperty: BooleanProperty [value: false]
14:16:23.093 [FXGL Background Thread 3 ] DEBUG Engine               - devSensorColorProperty: ObjectProperty [value: 0xffff00ff]
14:16:23.093 [FXGL Background Thread 3 ] DEBUG Engine               - devShowBBoxProperty: BooleanProperty [value: false]
14:16:23.093 [FXGL Background Thread 3 ] DEBUG Engine               - devShowPositionProperty: BooleanProperty [value: false]
14:16:23.093 [FXGL Background Thread 3 ] DEBUG Engine               - enabledMenuItems: []
14:16:23.094 [FXGL Background Thread 3 ] DEBUG Engine               - engineServices: [class com.almasb.fxgl.app.services.FXGLAssetLoaderService, class com.almasb.fxgl.app.FXGLApplication$GameApplicationService, class com.almasb.fxgl.app.services.FXGLDialogService, class com.almasb.fxgl.app.services.IOTaskExecutorService, class com.almasb.fxgl.io.FileSystemService, class com.almasb.fxgl.localization.LocalizationService, class com.almasb.fxgl.app.services.SystemBundleService, class com.almasb.fxgl.profile.SaveLoadService, class com.almasb.fxgl.ui.FXGLUIFactoryServiceProvider, class com.almasb.fxgl.ui.FXGLDialogFactoryServiceProvider, class com.almasb.fxgl.audio.AudioPlayer, class com.almasb.fxgl.notification.impl.NotificationServiceProvider, class com.almasb.fxgl.achievement.AchievementService, class com.almasb.fxgl.cutscene.CutsceneService, class com.almasb.fxgl.minigames.MiniGameService, class com.almasb.fxgl.net.NetService, class com.almasb.fxgl.app.services.UpdaterService, class com.almasb.fxgl.dev.DevService, class com.almasb.fxgl.multiplayer.MultiplayerService]
14:16:23.094 [FXGL Background Thread 3 ] DEBUG Engine               - fontGame: Abel-Regular.ttf
14:16:23.094 [FXGL Background Thread 3 ] DEBUG Engine               - fontMono: lucida_console.ttf
14:16:23.094 [FXGL Background Thread 3 ] DEBUG Engine               - fontText: Courier-Prime.ttf
14:16:23.094 [FXGL Background Thread 3 ] DEBUG Engine               - fontUI: VarelaRound-Regular.ttf
14:16:23.094 [FXGL Background Thread 3 ] DEBUG Engine               - fullScreen: BooleanProperty [value: false]
14:16:23.094 [FXGL Background Thread 3 ] DEBUG Engine               - gameDifficulty: MEDIUM
14:16:23.096 [FXGL Background Thread 3 ] DEBUG Engine               - gameDifficultyProperty: ObjectProperty [value: MEDIUM]
14:16:23.098 [FXGL Background Thread 3 ] DEBUG Engine               - globalMusicVolume: 0.5
14:16:23.098 [FXGL Background Thread 3 ] DEBUG Engine               - globalMusicVolumeProperty: DoubleProperty [value: 0.5]
14:16:23.098 [FXGL Background Thread 3 ] DEBUG Engine               - globalSoundVolume: 0.5
14:16:23.098 [FXGL Background Thread 3 ] DEBUG Engine               - globalSoundVolumeProperty: DoubleProperty [value: 0.5]
14:16:23.100 [FXGL Background Thread 3 ] DEBUG Engine               - height: 600
14:16:23.100 [FXGL Background Thread 3 ] DEBUG Engine               - is3D: false
14:16:23.100 [FXGL Background Thread 3 ] DEBUG Engine               - isAndroid: false
14:16:23.101 [FXGL Background Thread 3 ] DEBUG Engine               - isBrowser: false
14:16:23.102 [FXGL Background Thread 3 ] DEBUG Engine               - isClickFeedbackEnabled: false
14:16:23.103 [FXGL Background Thread 3 ] DEBUG Engine               - isCloseConfirmation: false
14:16:23.103 [FXGL Background Thread 3 ] DEBUG Engine               - isDesktop: true
14:16:23.103 [FXGL Background Thread 3 ] DEBUG Engine               - isDeveloperMenuEnabled: true
14:16:23.103 [FXGL Background Thread 3 ] DEBUG Engine               - isEmbedded: false
14:16:23.103 [FXGL Background Thread 3 ] DEBUG Engine               - isEntityPreloadEnabled: true
14:16:23.103 [FXGL Background Thread 3 ] DEBUG Engine               - isExperimentalTiledLargeMap: false
14:16:23.104 [FXGL Background Thread 3 ] DEBUG Engine               - isFileSystemWriteAllowed: true
14:16:23.104 [FXGL Background Thread 3 ] DEBUG Engine               - isFullScreenAllowed: false
14:16:23.104 [FXGL Background Thread 3 ] DEBUG Engine               - isFullScreenFromStart: false
14:16:23.104 [FXGL Background Thread 3 ] DEBUG Engine               - isGameMenuEnabled: true
14:16:23.104 [FXGL Background Thread 3 ] DEBUG Engine               - isIOS: false
14:16:23.104 [FXGL Background Thread 3 ] DEBUG Engine               - isIntroEnabled: false
14:16:23.104 [FXGL Background Thread 3 ] DEBUG Engine               - isLinux: false
14:16:23.104 [FXGL Background Thread 3 ] DEBUG Engine               - isMac: false
14:16:23.105 [FXGL Background Thread 3 ] DEBUG Engine               - isMainMenuEnabled: true
14:16:23.105 [FXGL Background Thread 3 ] DEBUG Engine               - isManualResizeEnabled: false
14:16:23.105 [FXGL Background Thread 3 ] DEBUG Engine               - isMobile: false
14:16:23.105 [FXGL Background Thread 3 ] DEBUG Engine               - isNative: false
14:16:23.106 [FXGL Background Thread 3 ] DEBUG Engine               - isPauseMusicWhenMinimized: true
14:16:23.106 [FXGL Background Thread 3 ] DEBUG Engine               - isPreserveResizeRatio: false
14:16:23.106 [FXGL Background Thread 3 ] DEBUG Engine               - isProfilingEnabled: false
14:16:23.106 [FXGL Background Thread 3 ] DEBUG Engine               - isScaleAffectedOnResize: true
14:16:23.106 [FXGL Background Thread 3 ] DEBUG Engine               - isSingleStep: false
14:16:23.107 [FXGL Background Thread 3 ] DEBUG Engine               - isUserProfileEnabled: false
14:16:23.107 [FXGL Background Thread 3 ] DEBUG Engine               - isWindows: true
14:16:23.107 [FXGL Background Thread 3 ] DEBUG Engine               - language: ObjectProperty [value: ENGLISH]
14:16:23.107 [FXGL Background Thread 3 ] DEBUG Engine               - menuKey: ESCAPE
14:16:23.108 [FXGL Background Thread 3 ] DEBUG Engine               - mouseSensitivity: 0.2
14:16:23.108 [FXGL Background Thread 3 ] DEBUG Engine               - notificationViewClass: class com.almasb.fxgl.notification.view.XboxNotificationView
14:16:23.108 [FXGL Background Thread 3 ] DEBUG Engine               - pixelsPerMeter: 50.0
14:16:23.108 [FXGL Background Thread 3 ] DEBUG Engine               - platform: WINDOWS
14:16:23.108 [FXGL Background Thread 3 ] DEBUG Engine               - prefHeightProperty: ReadOnlyDoubleProperty [value: 600.0]
14:16:23.108 [FXGL Background Thread 3 ] DEBUG Engine               - prefWidthProperty: ReadOnlyDoubleProperty [value: 800.0]
14:16:23.109 [FXGL Background Thread 3 ] DEBUG Engine               - profileDir: profiles/
14:16:23.109 [FXGL Background Thread 3 ] DEBUG Engine               - profileName: StringProperty [value: DEFAULT]
14:16:23.109 [FXGL Background Thread 3 ] DEBUG Engine               - randomSeed: -1
14:16:23.109 [FXGL Background Thread 3 ] DEBUG Engine               - runtimeInfo: RuntimeInfo(platform=WINDOWS, version=dev-SNAPSHOT, build=28.07.2021 16.39)
14:16:23.109 [FXGL Background Thread 3 ] DEBUG Engine               - saveFileExt: sav
14:16:23.109 [FXGL Background Thread 3 ] DEBUG Engine               - scaledHeightProp$fxgl: DoubleProperty [bound, value: 600.0]
14:16:23.109 [FXGL Background Thread 3 ] DEBUG Engine               - scaledWidthProp$fxgl: DoubleProperty [bound, value: 800.0]
14:16:23.110 [FXGL Background Thread 3 ] DEBUG Engine               - sceneFactory: com.groupfour.mygame.App$1@d3e935b
14:16:23.110 [FXGL Background Thread 3 ] DEBUG Engine               - secondsIn24h: 60
14:16:23.110 [FXGL Background Thread 3 ] DEBUG Engine               - soundMenuBack: menu/back.wav
14:16:23.110 [FXGL Background Thread 3 ] DEBUG Engine               - soundMenuPress: menu/press.wav
14:16:23.110 [FXGL Background Thread 3 ] DEBUG Engine               - soundMenuSelect: menu/select.wav
14:16:23.110 [FXGL Background Thread 3 ] DEBUG Engine               - soundNotification: core/notification.wav
14:16:23.110 [FXGL Background Thread 3 ] DEBUG Engine               - stageStyle: DECORATED
14:16:23.111 [FXGL Background Thread 3 ] DEBUG Engine               - supportedLanguages: [ENGLISH, FRENCH, GERMAN, HUNGARIAN, RUSSIAN]
14:16:23.111 [FXGL Background Thread 3 ] DEBUG Engine               - ticksPerSecond: -1
14:16:23.111 [FXGL Background Thread 3 ] DEBUG Engine               - title: Flatline: Oregon
14:16:23.111 [FXGL Background Thread 3 ] DEBUG Engine               - urlGithub: https://github.com/AlmasB/FXGL
14:16:23.111 [FXGL Background Thread 3 ] DEBUG Engine               - urlLeaderboard: http://fxgl-top.herokuapp.com/
14:16:23.111 [FXGL Background Thread 3 ] DEBUG Engine               - urlPOM: https://raw.githubusercontent.com/AlmasB/FXGL/release/README.md
14:16:23.111 [FXGL Background Thread 3 ] DEBUG Engine               - userAppClass: class com.groupfour.mygame.App
14:16:23.112 [FXGL Background Thread 3 ] DEBUG Engine               - version: Alpha 0.3
14:16:23.112 [FXGL Background Thread 3 ] DEBUG Engine               - versionCheckDays: 7
14:16:23.112 [FXGL Background Thread 3 ] DEBUG Engine               - width: 800
14:16:23.112 [FXGL Background Thread 3 ] DEBUG Engine               - Logging services
14:16:23.112 [FXGL Background Thread 3 ] DEBUG Engine               - class com.almasb.fxgl.app.services.FXGLAssetLoaderService
14:16:23.112 [FXGL Background Thread 3 ] DEBUG Engine               - class com.almasb.fxgl.app.FXGLApplication$GameApplicationService
14:16:23.112 [FXGL Background Thread 3 ] DEBUG Engine               - class com.almasb.fxgl.app.services.FXGLDialogService
14:16:23.112 [FXGL Background Thread 3 ] DEBUG Engine               - class com.almasb.fxgl.app.services.IOTaskExecutorService
14:16:23.112 [FXGL Background Thread 3 ] DEBUG Engine               - class com.almasb.fxgl.io.FileSystemService
14:16:23.112 [FXGL Background Thread 3 ] DEBUG Engine               - class com.almasb.fxgl.localization.LocalizationService
14:16:23.112 [FXGL Background Thread 3 ] DEBUG Engine               - class com.almasb.fxgl.app.services.SystemBundleService
14:16:23.112 [FXGL Background Thread 3 ] DEBUG Engine               - class com.almasb.fxgl.profile.SaveLoadService
14:16:23.112 [FXGL Background Thread 3 ] DEBUG Engine               - class com.almasb.fxgl.ui.FXGLUIFactoryServiceProvider
14:16:23.112 [FXGL Background Thread 3 ] DEBUG Engine               - class com.almasb.fxgl.ui.FXGLDialogFactoryServiceProvider
14:16:23.113 [FXGL Background Thread 3 ] DEBUG Engine               - class com.almasb.fxgl.audio.AudioPlayer
14:16:23.113 [FXGL Background Thread 3 ] DEBUG Engine               - class com.almasb.fxgl.notification.impl.NotificationServiceProvider
14:16:23.113 [FXGL Background Thread 3 ] DEBUG Engine               - class com.almasb.fxgl.achievement.AchievementService
14:16:23.113 [FXGL Background Thread 3 ] DEBUG Engine               - class com.almasb.fxgl.cutscene.CutsceneService
14:16:23.113 [FXGL Background Thread 3 ] DEBUG Engine               - class com.almasb.fxgl.minigames.MiniGameService
14:16:23.113 [FXGL Background Thread 3 ] DEBUG Engine               - class com.almasb.fxgl.net.NetService
14:16:23.113 [FXGL Background Thread 3 ] DEBUG Engine               - class com.almasb.fxgl.app.services.UpdaterService
14:16:23.113 [FXGL Background Thread 3 ] DEBUG Engine               - class com.almasb.fxgl.dev.DevService
14:16:23.113 [FXGL Background Thread 3 ] DEBUG Engine               - class com.almasb.fxgl.multiplayer.MultiplayerService
14:16:23.264 [JavaFX Application Thread] DEBUG PrimaryStageWindow   - Push state: DialogSubScene
14:16:23.264 [JavaFX Application Thread] DEBUG Input                - Clearing active input actions
14:16:23.265 [JavaFX Application Thread] DEBUG GameApplicationServi - Removing overlay from PlayerCountMenu and adding to DialogSubScene
14:16:23.267 [JavaFX Application Thread] DEBUG PrimaryStageWindow   - PlayerCountMenu -> DialogSubScene
14:16:23.748 [JavaFX Application Thread] DEBUG PrimaryStageWindow   - Pop state: DialogSubScene
14:16:23.748 [JavaFX Application Thread] DEBUG Input                - Clearing active input actions
14:16:23.749 [JavaFX Application Thread] DEBUG GameApplicationServi - Removing overlay from DialogSubScene and adding to PlayerCountMenu
14:16:23.750 [JavaFX Application Thread] DEBUG PrimaryStageWindow   - PlayerCountMenu <- DialogSubScene
14:16:23.757 [JavaFX Application Thread] DEBUG PrimaryStageWindow   - Push state: LoadingScreen
14:16:23.757 [JavaFX Application Thread] DEBUG Input                - Clearing active input actions
14:16:23.757 [JavaFX Application Thread] DEBUG GameApplicationServi - Removing overlay from PlayerCountMenu and adding to LoadingScreen
14:16:23.758 [JavaFX Application Thread] DEBUG PrimaryStageWindow   - PlayerCountMenu -> LoadingScreen
14:16:23.763 [ServerAsyncConnThread    ] DEBUG TCPServer            - Starting to listen at: 55555 type: class com.almasb.fxgl.core.serialization.Bundle
14:16:32.137 [ServerAsyncConnThread    ] DEBUG Endpoint             - TCPServer opening new connection (1) from /127.0.0.1:60103 type: class com.almasb.fxgl.core.serialization.Bundle
14:16:32.139 [ServerAsyncConnThread    ] DEBUG Endpoint             - TCPServer successfully opened connection (1)
14:16:32.141 [JavaFX Application Thread] DEBUG PrimaryStageWindow   - Pop state: LoadingScreen
14:16:32.141 [JavaFX Application Thread] DEBUG Input                - Clearing active input actions
14:16:32.142 [JavaFX Application Thread] DEBUG GameApplicationServi - Removing overlay from LoadingScreen and adding to PlayerCountMenu
14:16:32.146 [JavaFX Application Thread] DEBUG PrimaryStageWindow   - PlayerCountMenu <- LoadingScreen
14:16:32.146 [JavaFX Application Thread] DEBUG PrimaryStageWindow   - Push state: MultiplayerStart
14:16:32.147 [JavaFX Application Thread] DEBUG Input                - Clearing active input actions
14:16:32.148 [JavaFX Application Thread] DEBUG GameApplicationServi - Removing overlay from PlayerCountMenu and adding to MultiplayerStart
14:16:32.148 [TCPServer_SendThread-1   ] DEBUG Writers              - Getting TCPMessageWriter for class com.almasb.fxgl.core.serialization.Bundle
14:16:32.149 [JavaFX Application Thread] DEBUG PrimaryStageWindow   - PlayerCountMenu -> MultiplayerStart
14:16:32.150 [TCPServer_RecvThread-1   ] DEBUG Readers              - Getting TCPMessageReader for class com.almasb.fxgl.core.serialization.Bundle
14:16:32.151 [TCPServer_SendThread-1   ] DEBUG Writers              - Constructed TCPMessageWriter for class com.almasb.fxgl.core.serialization.Bundle: BundleTCPMessageWriter
14:16:32.152 [TCPServer_RecvThread-1   ] DEBUG Readers              - Constructed MessageReader for class com.almasb.fxgl.core.serialization.Bundle: BundleTCPMessageReader
14:16:34.061 [JavaFX Application Thread] DEBUG PrimaryStageWindow   - Pop state: MultiplayerStart
14:16:34.061 [JavaFX Application Thread] DEBUG Input                - Clearing active input actions
14:16:34.063 [JavaFX Application Thread] DEBUG GameApplicationServi - Removing overlay from MultiplayerStart and adding to PlayerCountMenu
14:16:34.064 [JavaFX Application Thread] DEBUG PrimaryStageWindow   - PlayerCountMenu <- MultiplayerStart
14:16:34.064 [JavaFX Application Thread] DEBUG PrimaryStageWindow   - Pop state: PlayerCountMenu
14:16:34.065 [JavaFX Application Thread] DEBUG Input                - Clearing active input actions
14:16:34.065 [JavaFX Application Thread] DEBUG GameApplicationServi - Removing overlay from PlayerCountMenu and adding to GameScene
14:16:34.065 [JavaFX Application Thread] DEBUG PrimaryStageWindow   - GameScene <- PlayerCountMenu
14:16:35.260 [JavaFX Application Thread] DEBUG FXGLAssetLoaderServi - Loading from file system: file:/C:/Users/Cent/Desktop/CSS124L-LE/CSS124L-FinalExam/CSS124L-FINAL-PROJECT/fp/target/classes/assets/textures/Zombies/Basic_Zombie_Walking.gif
14:16:35.272 [JavaFX Application Thread] DEBUG FXGLAssetLoaderServi - Loading from file system: file:/C:/Users/Cent/Desktop/CSS124L-LE/CSS124L-FinalExam/CSS124L-FINAL-PROJECT/fp/target/classes/assets/textures/Zombies/Basic_Zombie_Attack.gif
14:16:35.895 [JavaFX Application Thread] DEBUG Input                - Mocking key press: W
14:16:36.192 [JavaFX Application Thread] DEBUG Input                - Mocking key release: W
14:16:39.563 [JavaFX Application Thread] DEBUG Input                - Mocking key press: W
14:16:40.080 [JavaFX Application Thread] DEBUG Input                - Mocking key release: W
14:16:56.297 [JavaFX Application Thread] DEBUG FXGLApplication      - Exiting FXGL
14:16:56.297 [JavaFX Application Thread] DEBUG LoopRunner           - Stopping loop
14:16:56.298 [JavaFX Application Thread] DEBUG SystemBundleService  - Saving FXGL system data
14:16:56.300 [JavaFX Application Thread] DEBUG FileSystemAccess     - Writing to: c:\Users\Cent\Desktop\CSS124L-LE\CSS124L-FinalExam\CSS124L-FINAL-PROJECT\system\fxgl.bundle
14:16:56.302 [JavaFX Application Thread] DEBUG Async                - Shutting down background threads
14:16:56.303 [JavaFX Application Thread] DEBUG PrimaryStageWindow   - Closing main window
14:16:56.333 [JavaFX Application Thread] DEBUG Logger               - Closing Logger
