17:01:10.262 [main                     ] DEBUG Logger               - Configured Logger
17:01:10.284 [main                     ] DEBUG GameApplication      - Logging settings
Title: Flatline: Oregon
Version: Alpha 0.19021902
Width: 800
Height: 600
Fullscreen: false
Intro: false
Profiling: false
Single step:false
App Mode: DEVELOPER
Menu Key: ESCAPE
Stage Style: DECORATED
Scene Factory: class com.groupfour.mygame.App$1

17:01:10.577 [JavaFX Application Thread] DEBUG FXGLApplication      - Initializing FXGL
17:01:10.579 [JavaFX Application Thread] INFO  Engine               - FXGL-dev-SNAPSHOT (28.07.2021 16.39) on WINDOWS (J:11.0.22 FX:16)
17:01:10.581 [JavaFX Application Thread] DEBUG Engine               - JRE Vendor Name: Oracle Corporation
17:01:10.581 [JavaFX Application Thread] DEBUG Engine               - Running on OS: Windows 11 version 10.0
17:01:10.581 [JavaFX Application Thread] DEBUG Engine               - Architecture: amd64
17:01:10.581 [JavaFX Application Thread] INFO  Engine               - Source code and latest versions at: https://github.com/AlmasB/FXGL
17:01:10.581 [JavaFX Application Thread] INFO  Engine               -              Join the FXGL chat at: https://gitter.im/AlmasB/FXGL
17:01:10.641 [JavaFX Application Thread] DEBUG PrimaryStageWindow   - Creating a JavaFX scene
17:01:10.683 [JavaFX Application Thread] DEBUG PrimaryStageWindow   - Target settings size: 800.0 x 600.0
17:01:10.684 [JavaFX Application Thread] DEBUG PrimaryStageWindow   - Scaled scene size:    800.0 x 600.0
17:01:10.684 [JavaFX Application Thread] DEBUG PrimaryStageWindow   - Scaled ratio: (1.0, 1.0)
17:01:10.684 [JavaFX Application Thread] DEBUG PrimaryStageWindow   - Set initial scene to FXGLStartupScene
17:01:10.688 [JavaFX Application Thread] DEBUG PrimaryStageWindow   - Opening main window
17:01:10.741 [JavaFX Application Thread] DEBUG PrimaryStageWindow   - Window border size: (14.4000244140625, 37.5999755859375)
17:01:10.741 [JavaFX Application Thread] DEBUG PrimaryStageWindow   - Scaled size: 800.0 x 600.0
17:01:10.741 [JavaFX Application Thread] DEBUG PrimaryStageWindow   - Scaled ratio: (1.0, 1.0)
17:01:10.741 [JavaFX Application Thread] DEBUG PrimaryStageWindow   - Scene size: 800.0 x 600.0
17:01:10.741 [JavaFX Application Thread] DEBUG PrimaryStageWindow   - Stage size: 814.4000244140625 x 637.5999755859375
17:01:10.745 [FXGL Background Thread 1 ] DEBUG Engine               - Initializing environment variables
17:01:10.772 [FXGL Background Thread 1 ] DEBUG FXGLAssetLoaderServi - User app class for loading assets: class com.groupfour.mygame.App
17:01:10.772 [FXGL Background Thread 1 ] DEBUG GameApplicationServi - Applying CSS: fxgl_dark.css
17:01:10.773 [FXGL Background Thread 1 ] DEBUG FXGLAssetLoaderServi - Loading from file system: jar:file:///C:/Users/acer/.m2/repository/com/github/almasb/fxgl/dev-SNAPSHOT/fxgl-dev-SNAPSHOT.jar!/fxglassets/ui/css/fxgl_dark.css
17:01:10.813 [FXGL Background Thread 1 ] DEBUG GameApplicationServi - Initializing application scenes
17:01:10.841 [FXGL Background Thread 1 ] DEBUG GameWorld            - Game world initialized
17:01:10.882 [FXGL Background Thread 1 ] DEBUG PhysicsWorld         - Physics world initialized: appHeight=600, physics.ppm=50.0
17:01:10.882 [FXGL Background Thread 1 ] DEBUG PhysicsWorld         - Using strategy: BRUTE_FORCE
17:01:10.884 [FXGL Background Thread 1 ] DEBUG GameScene            - Game scene initialized: 800x600
17:01:10.893 [FXGL Background Thread 1 ] DEBUG FXGL.DefaultMenu     - createMenuBodyMainMenu()
17:01:10.904 [FXGL Background Thread 1 ] DEBUG FXGL.DefaultMenu     - createOptionsMenu()
17:01:10.912 [FXGL Background Thread 1 ] DEBUG FXGLAssetLoaderServi - Loading from file system: jar:file:///C:/Users/acer/.m2/repository/com/github/almasb/fxgl/dev-SNAPSHOT/fxgl-dev-SNAPSHOT.jar!/fxglassets/textures/particles/smoke.png
17:01:10.983 [FXGL Background Thread 1 ] DEBUG FXGLAssetLoaderServi - Loading from file system: jar:file:///C:/Users/acer/.m2/repository/com/github/almasb/fxgl/dev-SNAPSHOT/fxgl-dev-SNAPSHOT.jar!/fxglassets/textures/particles/trace_horizontal.png
17:01:11.010 [FXGL Background Thread 1 ] DEBUG GameApplicationServi - Application scenes initialized
17:01:11.019 [FXGL Background Thread 1 ] DEBUG SystemBundleService  - Loading FXGL system data
17:01:11.023 [FXGL Background Thread 1 ] DEBUG FileSystemAccess     - Reading from: C:\Users\acer\OneDrive\Desktop\git pull\CSS124L-FINAL-PROJECT\system\fxgl.bundle
17:01:11.028 [FXGL Background Thread 1 ] DEBUG SystemBundleService  - Bundle FXGL: {}
17:01:11.028 [FXGL Background Thread 1 ] DEBUG UpdaterService       - Checking for updates
17:01:11.047 [FXGL Background Thread 1 ] DEBUG FXGLApplication      - Loading default localization
17:01:11.047 [FXGL Background Thread 4 ] DEBUG FXGLApplication      - Loading fonts
17:01:11.047 [FXGL Background Thread 1 ] DEBUG FXGLAssetLoaderServi - Loading from file system: jar:file:///C:/Users/acer/.m2/repository/com/github/almasb/fxgl/dev-SNAPSHOT/fxgl-dev-SNAPSHOT.jar!/fxglassets/languages/english.lang
17:01:11.047 [FXGL Background Thread 4 ] DEBUG FXGLAssetLoaderServi - Loading from file system: jar:file:///C:/Users/acer/.m2/repository/com/github/almasb/fxgl/dev-SNAPSHOT/fxgl-dev-SNAPSHOT.jar!/fxglassets/ui/fonts/VarelaRound-Regular.ttf
17:01:11.059 [FXGL Background Thread 1 ] INFO  FXGLApplication      - FXGL initialization took: 0.314 sec
17:01:11.069 [JavaFX Application Thread] DEBUG Input                - Registered new binding: Move Upwards - W
17:01:11.069 [JavaFX Application Thread] DEBUG Input                - Registered new binding: Move Down - S
17:01:11.069 [JavaFX Application Thread] DEBUG Input                - Registered new binding: Move Left - A
17:01:11.069 [JavaFX Application Thread] DEBUG Input                - Registered new binding: Move Right - D
17:01:11.069 [JavaFX Application Thread] DEBUG Input                - Registered new binding: Reload - R
17:01:11.070 [JavaFX Application Thread] DEBUG Input                - Registered new binding: Shoot - LMB
17:01:11.070 [JavaFX Application Thread] DEBUG Input                - Registered new binding: Switch Weapons - Q
17:01:11.070 [JavaFX Application Thread] DEBUG Input                - Registered new binding: Interact - F
17:01:11.071 [JavaFX Application Thread] DEBUG FXGLAssetLoaderServi - Loading from file system: jar:file:///C:/Users/acer/.m2/repository/com/github/almasb/fxgl/dev-SNAPSHOT/fxgl-dev-SNAPSHOT.jar!/fxglassets/textures/fxgl_icon.png
17:01:11.088 [JavaFX Application Thread] DEBUG FXGLAssetLoaderServi - Loading from file system: jar:file:///C:/Users/acer/.m2/repository/com/github/almasb/fxgl/dev-SNAPSHOT/fxgl-dev-SNAPSHOT.jar!/fxglassets/textures/fxgl_default_cursor.png
17:01:11.090 [JavaFX Application Thread] DEBUG Input                - Registered new binding: Screenshot - CTRL+8
17:01:11.090 [JavaFX Application Thread] DEBUG Input                - Registered new binding: Dev Options - 1
17:01:11.090 [JavaFX Application Thread] DEBUG Input                - Registered new binding: Dev Console - 2
17:01:11.091 [JavaFX Application Thread] DEBUG Input                - Registered new binding: System info dump - CTRL+9
17:01:11.091 [JavaFX Application Thread] DEBUG Input                - Registered new binding: Restart - CTRL+R
17:01:11.092 [JavaFX Application Thread] DEBUG Input                - Registered new binding: Toggle Debug Camera - CTRL+C
17:01:11.095 [JavaFX Application Thread] DEBUG LoopRunner           - Starting loop
17:01:11.111 [JavaFX Application Thread] DEBUG LoopRunner           - Initializing JavaFX AnimationTimerLoop
17:01:11.113 [JavaFX Application Thread] DEBUG Input                - Clearing active input actions
17:01:11.119 [JavaFX Application Thread] DEBUG GameApplicationServi - Removing overlay from FXGLStartupScene and adding to FXGLMainMenuDummyScene
17:01:11.123 [JavaFX Application Thread] DEBUG PrimaryStageWindow   - FXGLStartupScene -> FXGLMainMenuDummyScene
17:01:11.123 [JavaFX Application Thread] DEBUG PrimaryStageWindow   - Push state: FXGLDefaultMenu
17:01:11.126 [JavaFX Application Thread] DEBUG Input                - Clearing active input actions
17:01:11.130 [JavaFX Application Thread] DEBUG GameApplicationServi - Removing overlay from FXGLMainMenuDummyScene and adding to FXGLDefaultMenu
17:01:11.131 [JavaFX Application Thread] DEBUG PrimaryStageWindow   - FXGLMainMenuDummyScene -> FXGLDefaultMenu
17:01:11.419 [FXGL Background Thread 4 ] DEBUG FXGLAssetLoaderServi - Loading from file system: jar:file:///C:/Users/acer/.m2/repository/com/github/almasb/fxgl/dev-SNAPSHOT/fxgl-dev-SNAPSHOT.jar!/fxglassets/ui/fonts/Abel-Regular.ttf
17:01:11.422 [FXGL Background Thread 4 ] DEBUG FXGLAssetLoaderServi - Loading from file system: jar:file:///C:/Users/acer/.m2/repository/com/github/almasb/fxgl/dev-SNAPSHOT/fxgl-dev-SNAPSHOT.jar!/fxglassets/ui/fonts/lucida_console.ttf
17:01:11.428 [FXGL Background Thread 4 ] DEBUG FXGLAssetLoaderServi - Loading from file system: jar:file:///C:/Users/acer/.m2/repository/com/github/almasb/fxgl/dev-SNAPSHOT/fxgl-dev-SNAPSHOT.jar!/fxglassets/ui/fonts/Courier-Prime.ttf
17:01:11.437 [JavaFX Application Thread] DEBUG FXGLApplication      - Registering font factories with UI factory
17:01:11.813 [FXGL Background Thread 2 ] INFO  UpdaterService       - Your current version:  dev-SNAPSHOT
17:01:11.814 [FXGL Background Thread 2 ] INFO  UpdaterService       - Latest stable version: 21.1
17:01:14.047 [FXGL Background Thread 3 ] DEBUG Engine               - Logging environment variables
17:01:14.047 [FXGL Background Thread 3 ] DEBUG Engine               - achievements: []
17:01:14.047 [FXGL Background Thread 3 ] DEBUG Engine               - actualHeight: 600.0
17:01:14.048 [FXGL Background Thread 3 ] DEBUG Engine               - actualHeightProperty: ReadOnlyDoubleProperty [value: 600.0]
17:01:14.048 [FXGL Background Thread 3 ] DEBUG Engine               - actualWidth: 800.0
17:01:14.048 [FXGL Background Thread 3 ] DEBUG Engine               - actualWidthProperty: ReadOnlyDoubleProperty [value: 800.0]
17:01:14.048 [FXGL Background Thread 3 ] DEBUG Engine               - appIcon: fxgl_icon.png
17:01:14.048 [FXGL Background Thread 3 ] DEBUG Engine               - applicationMode: DEVELOPER
17:01:14.048 [FXGL Background Thread 3 ] DEBUG Engine               - cSSList: [fxgl_dark.css]
17:01:14.048 [FXGL Background Thread 3 ] DEBUG Engine               - collisionDetectionStrategy: BRUTE_FORCE
17:01:14.048 [FXGL Background Thread 3 ] DEBUG Engine               - configClass: Optional.empty
17:01:14.048 [FXGL Background Thread 3 ] DEBUG Engine               - credits: []
17:01:14.048 [FXGL Background Thread 3 ] DEBUG Engine               - defaultCursor: CursorInfo(imageName=fxgl_default_cursor.png, hotspotX=7.0, hotspotY=6.0)
17:01:14.048 [FXGL Background Thread 3 ] DEBUG Engine               - devBBoxColorProperty: ObjectProperty [value: 0xff0000ff]
17:01:14.048 [FXGL Background Thread 3 ] DEBUG Engine               - devEnableDebugCameraProperty: BooleanProperty [value: false]
17:01:14.049 [FXGL Background Thread 3 ] DEBUG Engine               - devSensorColorProperty: ObjectProperty [value: 0xffff00ff]
17:01:14.049 [FXGL Background Thread 3 ] DEBUG Engine               - devShowBBoxProperty: BooleanProperty [value: false]
17:01:14.049 [FXGL Background Thread 3 ] DEBUG Engine               - devShowPositionProperty: BooleanProperty [value: false]
17:01:14.049 [FXGL Background Thread 3 ] DEBUG Engine               - enabledMenuItems: []
17:01:14.049 [FXGL Background Thread 3 ] DEBUG Engine               - engineServices: [class com.almasb.fxgl.app.services.FXGLAssetLoaderService, class com.almasb.fxgl.app.FXGLApplication$GameApplicationService, class com.almasb.fxgl.app.services.FXGLDialogService, class com.almasb.fxgl.app.services.IOTaskExecutorService, class com.almasb.fxgl.io.FileSystemService, class com.almasb.fxgl.localization.LocalizationService, class com.almasb.fxgl.app.services.SystemBundleService, class com.almasb.fxgl.profile.SaveLoadService, class com.almasb.fxgl.ui.FXGLUIFactoryServiceProvider, class com.almasb.fxgl.ui.FXGLDialogFactoryServiceProvider, class com.almasb.fxgl.audio.AudioPlayer, class com.almasb.fxgl.notification.impl.NotificationServiceProvider, class com.almasb.fxgl.achievement.AchievementService, class com.almasb.fxgl.cutscene.CutsceneService, class com.almasb.fxgl.minigames.MiniGameService, class com.almasb.fxgl.net.NetService, class com.almasb.fxgl.app.services.UpdaterService, class com.almasb.fxgl.dev.DevService, class com.almasb.fxgl.multiplayer.MultiplayerService]
17:01:14.049 [FXGL Background Thread 3 ] DEBUG Engine               - fontGame: Abel-Regular.ttf
17:01:14.049 [FXGL Background Thread 3 ] DEBUG Engine               - fontMono: lucida_console.ttf
17:01:14.049 [FXGL Background Thread 3 ] DEBUG Engine               - fontText: Courier-Prime.ttf
17:01:14.050 [FXGL Background Thread 3 ] DEBUG Engine               - fontUI: VarelaRound-Regular.ttf
17:01:14.050 [FXGL Background Thread 3 ] DEBUG Engine               - fullScreen: BooleanProperty [value: false]
17:01:14.050 [FXGL Background Thread 3 ] DEBUG Engine               - gameDifficulty: MEDIUM
17:01:14.050 [FXGL Background Thread 3 ] DEBUG Engine               - gameDifficultyProperty: ObjectProperty [value: MEDIUM]
17:01:14.050 [FXGL Background Thread 3 ] DEBUG Engine               - globalMusicVolume: 0.5
17:01:14.050 [FXGL Background Thread 3 ] DEBUG Engine               - globalMusicVolumeProperty: DoubleProperty [value: 0.5]
17:01:14.050 [FXGL Background Thread 3 ] DEBUG Engine               - globalSoundVolume: 0.5
17:01:14.050 [FXGL Background Thread 3 ] DEBUG Engine               - globalSoundVolumeProperty: DoubleProperty [value: 0.5]
17:01:14.050 [FXGL Background Thread 3 ] DEBUG Engine               - height: 600
17:01:14.050 [FXGL Background Thread 3 ] DEBUG Engine               - is3D: false
17:01:14.050 [FXGL Background Thread 3 ] DEBUG Engine               - isAndroid: false
17:01:14.050 [FXGL Background Thread 3 ] DEBUG Engine               - isBrowser: false
17:01:14.050 [FXGL Background Thread 3 ] DEBUG Engine               - isClickFeedbackEnabled: false
17:01:14.050 [FXGL Background Thread 3 ] DEBUG Engine               - isCloseConfirmation: false
17:01:14.050 [FXGL Background Thread 3 ] DEBUG Engine               - isDesktop: true
17:01:14.050 [FXGL Background Thread 3 ] DEBUG Engine               - isDeveloperMenuEnabled: true
17:01:14.050 [FXGL Background Thread 3 ] DEBUG Engine               - isEmbedded: false
17:01:14.050 [FXGL Background Thread 3 ] DEBUG Engine               - isEntityPreloadEnabled: true
17:01:14.050 [FXGL Background Thread 3 ] DEBUG Engine               - isExperimentalTiledLargeMap: false
17:01:14.050 [FXGL Background Thread 3 ] DEBUG Engine               - isFileSystemWriteAllowed: true
17:01:14.050 [FXGL Background Thread 3 ] DEBUG Engine               - isFullScreenAllowed: false
17:01:14.050 [FXGL Background Thread 3 ] DEBUG Engine               - isFullScreenFromStart: false
17:01:14.050 [FXGL Background Thread 3 ] DEBUG Engine               - isGameMenuEnabled: true
17:01:14.050 [FXGL Background Thread 3 ] DEBUG Engine               - isIOS: false
17:01:14.050 [FXGL Background Thread 3 ] DEBUG Engine               - isIntroEnabled: false
17:01:14.051 [FXGL Background Thread 3 ] DEBUG Engine               - isLinux: false
17:01:14.051 [FXGL Background Thread 3 ] DEBUG Engine               - isMac: false
17:01:14.051 [FXGL Background Thread 3 ] DEBUG Engine               - isMainMenuEnabled: true
17:01:14.051 [FXGL Background Thread 3 ] DEBUG Engine               - isManualResizeEnabled: false
17:01:14.051 [FXGL Background Thread 3 ] DEBUG Engine               - isMobile: false
17:01:14.051 [FXGL Background Thread 3 ] DEBUG Engine               - isNative: false
17:01:14.051 [FXGL Background Thread 3 ] DEBUG Engine               - isPauseMusicWhenMinimized: true
17:01:14.051 [FXGL Background Thread 3 ] DEBUG Engine               - isPreserveResizeRatio: false
17:01:14.051 [FXGL Background Thread 3 ] DEBUG Engine               - isProfilingEnabled: false
17:01:14.051 [FXGL Background Thread 3 ] DEBUG Engine               - isScaleAffectedOnResize: true
17:01:14.051 [FXGL Background Thread 3 ] DEBUG Engine               - isSingleStep: false
17:01:14.051 [FXGL Background Thread 3 ] DEBUG Engine               - isUserProfileEnabled: false
17:01:14.051 [FXGL Background Thread 3 ] DEBUG Engine               - isWindows: true
17:01:14.051 [FXGL Background Thread 3 ] DEBUG Engine               - language: ObjectProperty [value: ENGLISH]
17:01:14.051 [FXGL Background Thread 3 ] DEBUG Engine               - menuKey: ESCAPE
17:01:14.052 [FXGL Background Thread 3 ] DEBUG Engine               - mouseSensitivity: 0.2
17:01:14.052 [FXGL Background Thread 3 ] DEBUG Engine               - notificationViewClass: class com.almasb.fxgl.notification.view.XboxNotificationView
17:01:14.052 [FXGL Background Thread 3 ] DEBUG Engine               - pixelsPerMeter: 50.0
17:01:14.052 [FXGL Background Thread 3 ] DEBUG Engine               - platform: WINDOWS
17:01:14.052 [FXGL Background Thread 3 ] DEBUG Engine               - prefHeightProperty: ReadOnlyDoubleProperty [value: 600.0]
17:01:14.052 [FXGL Background Thread 3 ] DEBUG Engine               - prefWidthProperty: ReadOnlyDoubleProperty [value: 800.0]
17:01:14.052 [FXGL Background Thread 3 ] DEBUG Engine               - profileDir: profiles/
17:01:14.052 [FXGL Background Thread 3 ] DEBUG Engine               - profileName: StringProperty [value: DEFAULT]
17:01:14.052 [FXGL Background Thread 3 ] DEBUG Engine               - randomSeed: -1
17:01:14.052 [FXGL Background Thread 3 ] DEBUG Engine               - runtimeInfo: RuntimeInfo(platform=WINDOWS, version=dev-SNAPSHOT, build=28.07.2021 16.39)
17:01:14.052 [FXGL Background Thread 3 ] DEBUG Engine               - saveFileExt: sav
17:01:14.052 [FXGL Background Thread 3 ] DEBUG Engine               - scaledHeightProp$fxgl: DoubleProperty [bound, value: 600.0]
17:01:14.052 [FXGL Background Thread 3 ] DEBUG Engine               - scaledWidthProp$fxgl: DoubleProperty [bound, value: 800.0]
17:01:14.052 [FXGL Background Thread 3 ] DEBUG Engine               - sceneFactory: com.groupfour.mygame.App$1@248b9b18
17:01:14.052 [FXGL Background Thread 3 ] DEBUG Engine               - secondsIn24h: 60
17:01:14.052 [FXGL Background Thread 3 ] DEBUG Engine               - soundMenuBack: menu/back.wav
17:01:14.052 [FXGL Background Thread 3 ] DEBUG Engine               - soundMenuPress: menu/press.wav
17:01:14.052 [FXGL Background Thread 3 ] DEBUG Engine               - soundMenuSelect: menu/select.wav
17:01:14.052 [FXGL Background Thread 3 ] DEBUG Engine               - soundNotification: core/notification.wav
17:01:14.052 [FXGL Background Thread 3 ] DEBUG Engine               - stageStyle: DECORATED
17:01:14.052 [FXGL Background Thread 3 ] DEBUG Engine               - supportedLanguages: [ENGLISH, FRENCH, GERMAN, HUNGARIAN, RUSSIAN]
17:01:14.052 [FXGL Background Thread 3 ] DEBUG Engine               - ticksPerSecond: -1
17:01:14.052 [FXGL Background Thread 3 ] DEBUG Engine               - title: Flatline: Oregon
17:01:14.052 [FXGL Background Thread 3 ] DEBUG Engine               - urlGithub: https://github.com/AlmasB/FXGL
17:01:14.052 [FXGL Background Thread 3 ] DEBUG Engine               - urlLeaderboard: http://fxgl-top.herokuapp.com/
17:01:14.052 [FXGL Background Thread 3 ] DEBUG Engine               - urlPOM: https://raw.githubusercontent.com/AlmasB/FXGL/release/README.md
17:01:14.052 [FXGL Background Thread 3 ] DEBUG Engine               - userAppClass: class com.groupfour.mygame.App
17:01:14.052 [FXGL Background Thread 3 ] DEBUG Engine               - version: Alpha 0.19021902
17:01:14.052 [FXGL Background Thread 3 ] DEBUG Engine               - versionCheckDays: 7
17:01:14.052 [FXGL Background Thread 3 ] DEBUG Engine               - width: 800
17:01:14.052 [FXGL Background Thread 3 ] DEBUG Engine               - Logging services
17:01:14.052 [FXGL Background Thread 3 ] DEBUG Engine               - class com.almasb.fxgl.app.services.FXGLAssetLoaderService
17:01:14.052 [FXGL Background Thread 3 ] DEBUG Engine               - class com.almasb.fxgl.app.FXGLApplication$GameApplicationService
17:01:14.052 [FXGL Background Thread 3 ] DEBUG Engine               - class com.almasb.fxgl.app.services.FXGLDialogService
17:01:14.054 [FXGL Background Thread 3 ] DEBUG Engine               - class com.almasb.fxgl.app.services.IOTaskExecutorService
17:01:14.054 [FXGL Background Thread 3 ] DEBUG Engine               - class com.almasb.fxgl.io.FileSystemService
17:01:14.054 [FXGL Background Thread 3 ] DEBUG Engine               - class com.almasb.fxgl.localization.LocalizationService
17:01:14.054 [FXGL Background Thread 3 ] DEBUG Engine               - class com.almasb.fxgl.app.services.SystemBundleService
17:01:14.054 [FXGL Background Thread 3 ] DEBUG Engine               - class com.almasb.fxgl.profile.SaveLoadService
17:01:14.054 [FXGL Background Thread 3 ] DEBUG Engine               - class com.almasb.fxgl.ui.FXGLUIFactoryServiceProvider
17:01:14.054 [FXGL Background Thread 3 ] DEBUG Engine               - class com.almasb.fxgl.ui.FXGLDialogFactoryServiceProvider
17:01:14.054 [FXGL Background Thread 3 ] DEBUG Engine               - class com.almasb.fxgl.audio.AudioPlayer
17:01:14.054 [FXGL Background Thread 3 ] DEBUG Engine               - class com.almasb.fxgl.notification.impl.NotificationServiceProvider
17:01:14.054 [FXGL Background Thread 3 ] DEBUG Engine               - class com.almasb.fxgl.achievement.AchievementService
17:01:14.054 [FXGL Background Thread 3 ] DEBUG Engine               - class com.almasb.fxgl.cutscene.CutsceneService
17:01:14.054 [FXGL Background Thread 3 ] DEBUG Engine               - class com.almasb.fxgl.minigames.MiniGameService
17:01:14.054 [FXGL Background Thread 3 ] DEBUG Engine               - class com.almasb.fxgl.net.NetService
17:01:14.054 [FXGL Background Thread 3 ] DEBUG Engine               - class com.almasb.fxgl.app.services.UpdaterService
17:01:14.054 [FXGL Background Thread 3 ] DEBUG Engine               - class com.almasb.fxgl.dev.DevService
17:01:14.054 [FXGL Background Thread 3 ] DEBUG Engine               - class com.almasb.fxgl.multiplayer.MultiplayerService
17:01:14.280 [JavaFX Application Thread] DEBUG Menu                 - fireNewGame()
17:01:14.280 [JavaFX Application Thread] DEBUG GameApplicationServi - Starting new game
17:01:14.281 [JavaFX Application Thread] DEBUG PrimaryStageWindow   - Pop state: FXGLDefaultMenu
17:01:14.281 [JavaFX Application Thread] DEBUG Input                - Clearing active input actions
17:01:14.283 [JavaFX Application Thread] DEBUG GameApplicationServi - Removing overlay from FXGLDefaultMenu and adding to FXGLMainMenuDummyScene
17:01:14.284 [JavaFX Application Thread] DEBUG PrimaryStageWindow   - FXGLMainMenuDummyScene <- FXGLDefaultMenu
17:01:14.284 [JavaFX Application Thread] DEBUG Input                - Clearing active input actions
17:01:14.290 [JavaFX Application Thread] DEBUG GameApplicationServi - Removing overlay from FXGLMainMenuDummyScene and adding to FXGLLoadingScene
17:01:14.290 [JavaFX Application Thread] DEBUG PrimaryStageWindow   - FXGLMainMenuDummyScene -> FXGLLoadingScene
17:01:14.290 [JavaFX Application Thread] DEBUG GameApplicationServi - Clearing previous game
17:01:14.290 [JavaFX Application Thread] DEBUG GameScene            - Clearing game scene
17:01:14.290 [JavaFX Application Thread] DEBUG GameWorld            - Clearing game world
17:01:14.290 [JavaFX Application Thread] DEBUG PhysicsWorld         - Clearing physics world
17:01:14.291 [FXGL Background Thread 2 ] DEBUG FXGLApplication      - Initializing game
17:01:14.326 [FXGL Background Thread 2 ] WARN  TMXLevelLoader       - TiledMap generated from 1.11.0. Supported version: 1.2.3. Some features may not be parsed fully.
17:01:14.331 [FXGL Background Thread 2 ] DEBUG TMXLevelLoader       - Parsed TiledMap: file:/C:/Users/acer/OneDrive/Desktop/git%20pull/CSS124L-FINAL-PROJECT/fp/target/classes/assets/levels/Lobby.tmx
17:01:14.332 [FXGL Background Thread 2 ] DEBUG TMXLevelLoader       - Creating tile layer entities
17:01:14.333 [FXGL Background Thread 2 ] DEBUG TilesetLoader        - Loading view for layer Tile Layer 1
17:01:14.335 [FXGL Background Thread 2 ] DEBUG TilesetLoader        - Created buffer with size 1280.0x768.0
17:01:14.342 [FXGL Background Thread 2 ] DEBUG TMXLevelLoader       - Creating object layer entities
17:01:14.358 [FXGL Background Thread 2 ] DEBUG GameWorld            - Clearing removable entities
17:01:14.359 [FXGL Background Thread 2 ] DEBUG GameWorld            - Setting level: com.almasb.fxgl.entity.level.Level@695b31f2
17:01:14.366 [FXGL Background Thread 2 ] DEBUG FXGLAssetLoaderServi - Loading from file system: file:/C:/Users/acer/OneDrive/Desktop/git%20pull/CSS124L-FINAL-PROJECT/fp/target/classes/assets/ui/fonts/PIXELADE.TTF
17:01:14.387 [FXGL Background Thread 2 ] INFO  FXGLApplication      - Game initialization took: 0.097 sec
17:01:14.389 [JavaFX Application Thread] DEBUG Input                - Clearing active input actions
17:01:14.394 [JavaFX Application Thread] DEBUG GameApplicationServi - Removing overlay from FXGLLoadingScene and adding to GameScene
17:01:14.396 [JavaFX Application Thread] DEBUG PrimaryStageWindow   - FXGLLoadingScene -> GameScene
17:01:14.424 [JavaFX Application Thread] DEBUG FXGLAssetLoaderServi - Loading from file system: file:/C:/Users/acer/OneDrive/Desktop/git%20pull/CSS124L-FINAL-PROJECT/fp/target/classes/assets/textures/Interactables/microwave_close.png
17:01:14.426 [JavaFX Application Thread] DEBUG PrimaryStageWindow   - Push state: PCM_BG
17:01:14.426 [JavaFX Application Thread] DEBUG Input                - Clearing active input actions
17:01:14.427 [JavaFX Application Thread] DEBUG GameApplicationServi - Removing overlay from GameScene and adding to PCM_BG
17:01:14.428 [JavaFX Application Thread] DEBUG PrimaryStageWindow   - GameScene -> PCM_BG
17:01:14.428 [JavaFX Application Thread] DEBUG PrimaryStageWindow   - Push state: PlayerCountMenu
17:01:14.429 [JavaFX Application Thread] DEBUG Input                - Clearing active input actions
17:01:14.429 [JavaFX Application Thread] DEBUG GameApplicationServi - Removing overlay from PCM_BG and adding to PlayerCountMenu
17:01:14.429 [JavaFX Application Thread] DEBUG PrimaryStageWindow   - PCM_BG -> PlayerCountMenu
17:01:14.949 [JavaFX Application Thread] DEBUG PrimaryStageWindow   - Push state: DialogSubScene
17:01:14.949 [JavaFX Application Thread] DEBUG Input                - Clearing active input actions
17:01:14.949 [JavaFX Application Thread] DEBUG GameApplicationServi - Removing overlay from PlayerCountMenu and adding to DialogSubScene
17:01:14.950 [JavaFX Application Thread] DEBUG PrimaryStageWindow   - PlayerCountMenu -> DialogSubScene
17:01:16.193 [JavaFX Application Thread] DEBUG PrimaryStageWindow   - Pop state: DialogSubScene
17:01:16.193 [JavaFX Application Thread] DEBUG Input                - Clearing active input actions
17:01:16.195 [JavaFX Application Thread] DEBUG GameApplicationServi - Removing overlay from DialogSubScene and adding to PlayerCountMenu
17:01:16.195 [JavaFX Application Thread] DEBUG PrimaryStageWindow   - PlayerCountMenu <- DialogSubScene
17:01:16.202 [JavaFX Application Thread] DEBUG FXGLAssetLoaderServi - Loading from file system: file:/C:/Users/acer/OneDrive/Desktop/git%20pull/CSS124L-FINAL-PROJECT/fp/target/classes/assets/textures/Weapons/Idle/BerettaM9_Idle.png
17:01:16.203 [JavaFX Application Thread] DEBUG FXGLAssetLoaderServi - Loading from file system: file:/C:/Users/acer/OneDrive/Desktop/git%20pull/CSS124L-FINAL-PROJECT/fp/target/classes/assets/textures/Weapons/Shooting/BerettaM9_Shooting.png
17:01:16.205 [JavaFX Application Thread] DEBUG FXGLAssetLoaderServi - Loading from file system: file:/C:/Users/acer/OneDrive/Desktop/git%20pull/CSS124L-FINAL-PROJECT/fp/target/classes/assets/textures/Players/1P_Shoot.png
17:01:16.207 [JavaFX Application Thread] DEBUG FXGLAssetLoaderServi - Loading from file system: file:/C:/Users/acer/OneDrive/Desktop/git%20pull/CSS124L-FINAL-PROJECT/fp/target/classes/assets/textures/Interactables/vending_machine.png
17:01:16.215 [ClientAsyncConnThread    ] DEBUG TCPClient            - Connecting to localhost:55555 type: class com.almasb.fxgl.core.serialization.Bundle
17:01:16.223 [ClientAsyncConnThread    ] DEBUG TCPClient            - Created socket to localhost:55555
17:01:16.230 [ClientAsyncConnThread    ] DEBUG Endpoint             - TCPClient opening new connection (1) from localhost/127.0.0.1:55555 type: class com.almasb.fxgl.core.serialization.Bundle
17:01:16.232 [ClientAsyncConnThread    ] DEBUG Endpoint             - TCPClient successfully opened connection (1)
17:01:16.239 [TCPClient_SendThread-1   ] DEBUG Writers              - Getting TCPMessageWriter for class com.almasb.fxgl.core.serialization.Bundle
17:01:16.239 [JavaFX Application Thread] DEBUG PrimaryStageWindow   - Pop state: PlayerCountMenu
17:01:16.239 [JavaFX Application Thread] DEBUG Input                - Clearing active input actions
17:01:16.239 [TCPClient_RecvThread-1   ] DEBUG Readers              - Getting TCPMessageReader for class com.almasb.fxgl.core.serialization.Bundle
17:01:16.240 [JavaFX Application Thread] DEBUG GameApplicationServi - Removing overlay from PlayerCountMenu and adding to PCM_BG
17:01:16.240 [TCPClient_SendThread-1   ] DEBUG Writers              - Constructed TCPMessageWriter for class com.almasb.fxgl.core.serialization.Bundle: BundleTCPMessageWriter
17:01:16.240 [TCPClient_RecvThread-1   ] DEBUG Readers              - Constructed MessageReader for class com.almasb.fxgl.core.serialization.Bundle: BundleTCPMessageReader
17:01:16.241 [JavaFX Application Thread] DEBUG PrimaryStageWindow   - PCM_BG <- PlayerCountMenu
17:01:16.241 [JavaFX Application Thread] DEBUG PrimaryStageWindow   - Pop state: PCM_BG
17:01:16.241 [JavaFX Application Thread] DEBUG Input                - Clearing active input actions
17:01:16.241 [JavaFX Application Thread] DEBUG GameApplicationServi - Removing overlay from PCM_BG and adding to GameScene
17:01:16.241 [JavaFX Application Thread] DEBUG PrimaryStageWindow   - GameScene <- PCM_BG
17:01:20.359 [JavaFX Application Thread] DEBUG FXGLAssetLoaderServi - Loading from file system: file:/C:/Users/acer/OneDrive/Desktop/git%20pull/CSS124L-FINAL-PROJECT/fp/target/classes/assets/music/BerettaM9_Shoot.mp3
17:01:20.469 [JavaFX Application Thread] DEBUG AudioPlayer          - Playing music com.almasb.fxgl.audio.Music@3c9af0a1
17:01:20.522 [JavaFX Application Thread] DEBUG AudioPlayer          - Playing music com.almasb.fxgl.audio.Music@3c9af0a1
17:01:20.690 [JavaFX Application Thread] DEBUG AudioPlayer          - Playing music com.almasb.fxgl.audio.Music@3c9af0a1
17:01:21.061 [JavaFX Application Thread] DEBUG AudioPlayer          - Playing music com.almasb.fxgl.audio.Music@3c9af0a1
17:01:21.364 [JavaFX Application Thread] DEBUG AudioPlayer          - Playing music com.almasb.fxgl.audio.Music@3c9af0a1
17:01:21.541 [JavaFX Application Thread] DEBUG AudioPlayer          - Playing music com.almasb.fxgl.audio.Music@3c9af0a1
17:01:21.714 [JavaFX Application Thread] DEBUG AudioPlayer          - Playing music com.almasb.fxgl.audio.Music@3c9af0a1
17:01:21.903 [JavaFX Application Thread] DEBUG AudioPlayer          - Playing music com.almasb.fxgl.audio.Music@3c9af0a1
17:01:22.117 [JavaFX Application Thread] DEBUG AudioPlayer          - Playing music com.almasb.fxgl.audio.Music@3c9af0a1
17:01:22.293 [JavaFX Application Thread] DEBUG AudioPlayer          - Playing music com.almasb.fxgl.audio.Music@3c9af0a1
17:01:22.443 [JavaFX Application Thread] DEBUG AudioPlayer          - Playing music com.almasb.fxgl.audio.Music@3c9af0a1
17:01:23.167 [JavaFX Application Thread] DEBUG AudioPlayer          - Playing music com.almasb.fxgl.audio.Music@3c9af0a1
17:01:23.785 [JavaFX Application Thread] DEBUG AudioPlayer          - Playing music com.almasb.fxgl.audio.Music@3c9af0a1
17:01:23.940 [JavaFX Application Thread] DEBUG AudioPlayer          - Playing music com.almasb.fxgl.audio.Music@3c9af0a1
17:01:25.181 [JavaFX Application Thread] DEBUG AudioPlayer          - Playing music com.almasb.fxgl.audio.Music@3c9af0a1
17:01:25.341 [JavaFX Application Thread] DEBUG AudioPlayer          - Playing music com.almasb.fxgl.audio.Music@3c9af0a1
17:01:25.508 [JavaFX Application Thread] DEBUG AudioPlayer          - Playing music com.almasb.fxgl.audio.Music@3c9af0a1
17:01:25.660 [JavaFX Application Thread] DEBUG AudioPlayer          - Playing music com.almasb.fxgl.audio.Music@3c9af0a1
17:01:25.819 [JavaFX Application Thread] DEBUG AudioPlayer          - Playing music com.almasb.fxgl.audio.Music@3c9af0a1
17:01:38.120 [JavaFX Application Thread] DEBUG AudioPlayer          - Playing music com.almasb.fxgl.audio.Music@3c9af0a1
17:01:45.509 [TCPClient_RecvThread-1   ] DEBUG Endpoint             - Connection 1 was unexpectedly disconnected: Connection reset
17:01:45.509 [TCPClient_RecvThread-1   ] DEBUG Connection           - Closing connection 1
17:01:45.511 [TCPClient_RecvThread-1   ] DEBUG Connection           - Connection 1 was correctly closed from local endpoint.
17:01:45.511 [TCPClient_RecvThread-1   ] DEBUG Endpoint             - TCPClient connection (1) was closed
17:01:45.803 [JavaFX Application Thread] DEBUG FXGLApplication      - Exiting FXGL
17:01:45.803 [JavaFX Application Thread] DEBUG LoopRunner           - Stopping loop
17:01:45.803 [JavaFX Application Thread] DEBUG SystemBundleService  - Saving FXGL system data
17:01:45.804 [JavaFX Application Thread] DEBUG FileSystemAccess     - Writing to: C:\Users\acer\OneDrive\Desktop\git pull\CSS124L-FINAL-PROJECT\system\fxgl.bundle
17:01:45.805 [JavaFX Application Thread] DEBUG Async                - Shutting down background threads
17:01:45.805 [JavaFX Application Thread] DEBUG PrimaryStageWindow   - Closing main window
17:01:45.817 [JavaFX Application Thread] DEBUG Logger               - Closing Logger
