15:31:39.295 [main                     ] DEBUG Logger               - Configured Logger
15:31:39.315 [main                     ] DEBUG GameApplication      - Logging settings
Title: Flatline: Oregon
Version: Alpha 0.19021902
Width: 800
Height: 600
Fullscreen: false
Intro: false
Profiling: false
Single step:false
App Mode: DEVELOPER
Menu Key: ESCAPE
Stage Style: DECORATED
Scene Factory: class com.groupfour.mygame.App$1

15:31:39.619 [JavaFX Application Thread] DEBUG FXGLApplication      - Initializing FXGL
15:31:39.621 [JavaFX Application Thread] INFO  Engine               - FXGL-dev-SNAPSHOT (28.07.2021 16.39) on WINDOWS (J:11.0.22 FX:16)
15:31:39.622 [JavaFX Application Thread] DEBUG Engine               - JRE Vendor Name: Oracle Corporation
15:31:39.622 [JavaFX Application Thread] DEBUG Engine               - Running on OS: Windows 11 version 10.0
15:31:39.622 [JavaFX Application Thread] DEBUG Engine               - Architecture: amd64
15:31:39.622 [JavaFX Application Thread] INFO  Engine               - Source code and latest versions at: https://github.com/AlmasB/FXGL
15:31:39.622 [JavaFX Application Thread] INFO  Engine               -              Join the FXGL chat at: https://gitter.im/AlmasB/FXGL
15:31:39.689 [JavaFX Application Thread] DEBUG PrimaryStageWindow   - Creating a JavaFX scene
15:31:39.736 [JavaFX Application Thread] DEBUG PrimaryStageWindow   - Target settings size: 800.0 x 600.0
15:31:39.737 [JavaFX Application Thread] DEBUG PrimaryStageWindow   - Scaled scene size:    800.0 x 600.0
15:31:39.737 [JavaFX Application Thread] DEBUG PrimaryStageWindow   - Scaled ratio: (1.0, 1.0)
15:31:39.737 [JavaFX Application Thread] DEBUG PrimaryStageWindow   - Set initial scene to FXGLStartupScene
15:31:39.742 [JavaFX Application Thread] DEBUG PrimaryStageWindow   - Opening main window
15:31:39.840 [JavaFX Application Thread] DEBUG PrimaryStageWindow   - Window border size: (14.4000244140625, 37.5999755859375)
15:31:39.841 [JavaFX Application Thread] DEBUG PrimaryStageWindow   - Scaled size: 800.0 x 600.0
15:31:39.841 [JavaFX Application Thread] DEBUG PrimaryStageWindow   - Scaled ratio: (1.0, 1.0)
15:31:39.841 [JavaFX Application Thread] DEBUG PrimaryStageWindow   - Scene size: 800.0 x 600.0
15:31:39.842 [JavaFX Application Thread] DEBUG PrimaryStageWindow   - Stage size: 814.4000244140625 x 637.5999755859375
15:31:39.849 [FXGL Background Thread 1 ] DEBUG Engine               - Initializing environment variables
15:31:39.889 [FXGL Background Thread 1 ] DEBUG FXGLAssetLoaderServi - User app class for loading assets: class com.groupfour.mygame.App
15:31:39.889 [FXGL Background Thread 1 ] DEBUG GameApplicationServi - Applying CSS: fxgl_dark.css
15:31:39.889 [FXGL Background Thread 1 ] DEBUG FXGLAssetLoaderServi - Loading from file system: jar:file:///C:/Users/acer/.m2/repository/com/github/almasb/fxgl/dev-SNAPSHOT/fxgl-dev-SNAPSHOT.jar!/fxglassets/ui/css/fxgl_dark.css
15:31:39.925 [FXGL Background Thread 1 ] DEBUG GameApplicationServi - Initializing application scenes
15:31:39.956 [FXGL Background Thread 1 ] DEBUG GameWorld            - Game world initialized
15:31:39.994 [FXGL Background Thread 1 ] DEBUG PhysicsWorld         - Physics world initialized: appHeight=600, physics.ppm=50.0
15:31:39.995 [FXGL Background Thread 1 ] DEBUG PhysicsWorld         - Using strategy: BRUTE_FORCE
15:31:39.996 [FXGL Background Thread 1 ] DEBUG GameScene            - Game scene initialized: 800x600
15:31:40.006 [FXGL Background Thread 1 ] DEBUG FXGL.DefaultMenu     - createMenuBodyMainMenu()
15:31:40.018 [FXGL Background Thread 1 ] DEBUG FXGL.DefaultMenu     - createOptionsMenu()
15:31:40.024 [FXGL Background Thread 1 ] DEBUG FXGLAssetLoaderServi - Loading from file system: jar:file:///C:/Users/acer/.m2/repository/com/github/almasb/fxgl/dev-SNAPSHOT/fxgl-dev-SNAPSHOT.jar!/fxglassets/textures/particles/smoke.png
15:31:40.092 [FXGL Background Thread 1 ] DEBUG FXGLAssetLoaderServi - Loading from file system: jar:file:///C:/Users/acer/.m2/repository/com/github/almasb/fxgl/dev-SNAPSHOT/fxgl-dev-SNAPSHOT.jar!/fxglassets/textures/particles/trace_horizontal.png
15:31:40.115 [FXGL Background Thread 1 ] DEBUG GameApplicationServi - Application scenes initialized
15:31:40.123 [FXGL Background Thread 1 ] DEBUG SystemBundleService  - Loading FXGL system data
15:31:40.127 [FXGL Background Thread 1 ] DEBUG FileSystemAccess     - Reading from: C:\Users\acer\OneDrive\Desktop\git pull\CSS124L-FINAL-PROJECT\system\fxgl.bundle
15:31:40.131 [FXGL Background Thread 1 ] DEBUG SystemBundleService  - Bundle FXGL: {}
15:31:40.131 [FXGL Background Thread 1 ] DEBUG UpdaterService       - Checking for updates
15:31:40.151 [FXGL Background Thread 4 ] DEBUG FXGLApplication      - Loading fonts
15:31:40.151 [FXGL Background Thread 1 ] DEBUG FXGLApplication      - Loading default localization
15:31:40.151 [FXGL Background Thread 4 ] DEBUG FXGLAssetLoaderServi - Loading from file system: jar:file:///C:/Users/acer/.m2/repository/com/github/almasb/fxgl/dev-SNAPSHOT/fxgl-dev-SNAPSHOT.jar!/fxglassets/ui/fonts/VarelaRound-Regular.ttf
15:31:40.151 [FXGL Background Thread 1 ] DEBUG FXGLAssetLoaderServi - Loading from file system: jar:file:///C:/Users/acer/.m2/repository/com/github/almasb/fxgl/dev-SNAPSHOT/fxgl-dev-SNAPSHOT.jar!/fxglassets/languages/english.lang
15:31:40.164 [FXGL Background Thread 1 ] INFO  FXGLApplication      - FXGL initialization took: 0.315 sec
15:31:40.176 [JavaFX Application Thread] DEBUG Input                - Registered new binding: Move Upwards - W
15:31:40.176 [JavaFX Application Thread] DEBUG Input                - Registered new binding: Move Down - S
15:31:40.176 [JavaFX Application Thread] DEBUG Input                - Registered new binding: Move Left - A
15:31:40.177 [JavaFX Application Thread] DEBUG Input                - Registered new binding: Move Right - D
15:31:40.177 [JavaFX Application Thread] DEBUG Input                - Registered new binding: Reload - R
15:31:40.178 [JavaFX Application Thread] DEBUG Input                - Registered new binding: Shoot - LMB
15:31:40.178 [JavaFX Application Thread] DEBUG Input                - Registered new binding: Switch Weapons - Q
15:31:40.178 [JavaFX Application Thread] DEBUG Input                - Registered new binding: Interact - F
15:31:40.179 [JavaFX Application Thread] DEBUG FXGLAssetLoaderServi - Loading from file system: jar:file:///C:/Users/acer/.m2/repository/com/github/almasb/fxgl/dev-SNAPSHOT/fxgl-dev-SNAPSHOT.jar!/fxglassets/textures/fxgl_icon.png
15:31:40.197 [JavaFX Application Thread] DEBUG FXGLAssetLoaderServi - Loading from file system: jar:file:///C:/Users/acer/.m2/repository/com/github/almasb/fxgl/dev-SNAPSHOT/fxgl-dev-SNAPSHOT.jar!/fxglassets/textures/fxgl_default_cursor.png
15:31:40.199 [JavaFX Application Thread] DEBUG Input                - Registered new binding: Screenshot - CTRL+8
15:31:40.199 [JavaFX Application Thread] DEBUG Input                - Registered new binding: Dev Options - 1
15:31:40.200 [JavaFX Application Thread] DEBUG Input                - Registered new binding: Dev Console - 2
15:31:40.200 [JavaFX Application Thread] DEBUG Input                - Registered new binding: System info dump - CTRL+9
15:31:40.200 [JavaFX Application Thread] DEBUG Input                - Registered new binding: Restart - CTRL+R
15:31:40.201 [JavaFX Application Thread] DEBUG Input                - Registered new binding: Toggle Debug Camera - CTRL+C
15:31:40.204 [JavaFX Application Thread] DEBUG LoopRunner           - Starting loop
15:31:40.217 [JavaFX Application Thread] DEBUG LoopRunner           - Initializing JavaFX AnimationTimerLoop
15:31:40.219 [JavaFX Application Thread] DEBUG Input                - Clearing active input actions
15:31:40.225 [JavaFX Application Thread] DEBUG GameApplicationServi - Removing overlay from FXGLStartupScene and adding to FXGLMainMenuDummyScene
15:31:40.230 [JavaFX Application Thread] DEBUG PrimaryStageWindow   - FXGLStartupScene -> FXGLMainMenuDummyScene
15:31:40.230 [JavaFX Application Thread] DEBUG PrimaryStageWindow   - Push state: FXGLDefaultMenu
15:31:40.234 [JavaFX Application Thread] DEBUG Input                - Clearing active input actions
15:31:40.240 [JavaFX Application Thread] DEBUG GameApplicationServi - Removing overlay from FXGLMainMenuDummyScene and adding to FXGLDefaultMenu
15:31:40.240 [JavaFX Application Thread] DEBUG PrimaryStageWindow   - FXGLMainMenuDummyScene -> FXGLDefaultMenu
15:31:40.536 [FXGL Background Thread 4 ] DEBUG FXGLAssetLoaderServi - Loading from file system: jar:file:///C:/Users/acer/.m2/repository/com/github/almasb/fxgl/dev-SNAPSHOT/fxgl-dev-SNAPSHOT.jar!/fxglassets/ui/fonts/Abel-Regular.ttf
15:31:40.542 [FXGL Background Thread 4 ] DEBUG FXGLAssetLoaderServi - Loading from file system: jar:file:///C:/Users/acer/.m2/repository/com/github/almasb/fxgl/dev-SNAPSHOT/fxgl-dev-SNAPSHOT.jar!/fxglassets/ui/fonts/lucida_console.ttf
15:31:40.550 [FXGL Background Thread 4 ] DEBUG FXGLAssetLoaderServi - Loading from file system: jar:file:///C:/Users/acer/.m2/repository/com/github/almasb/fxgl/dev-SNAPSHOT/fxgl-dev-SNAPSHOT.jar!/fxglassets/ui/fonts/Courier-Prime.ttf
15:31:40.555 [JavaFX Application Thread] DEBUG FXGLApplication      - Registering font factories with UI factory
15:31:40.869 [FXGL Background Thread 2 ] INFO  UpdaterService       - Your current version:  dev-SNAPSHOT
15:31:40.870 [FXGL Background Thread 2 ] INFO  UpdaterService       - Latest stable version: 21.1
15:31:41.009 [JavaFX Application Thread] DEBUG Menu                 - fireNewGame()
15:31:41.009 [JavaFX Application Thread] DEBUG GameApplicationServi - Starting new game
15:31:41.011 [JavaFX Application Thread] DEBUG PrimaryStageWindow   - Pop state: FXGLDefaultMenu
15:31:41.011 [JavaFX Application Thread] DEBUG Input                - Clearing active input actions
15:31:41.014 [JavaFX Application Thread] DEBUG GameApplicationServi - Removing overlay from FXGLDefaultMenu and adding to FXGLMainMenuDummyScene
15:31:41.015 [JavaFX Application Thread] DEBUG PrimaryStageWindow   - FXGLMainMenuDummyScene <- FXGLDefaultMenu
15:31:41.015 [JavaFX Application Thread] DEBUG Input                - Clearing active input actions
15:31:41.023 [JavaFX Application Thread] DEBUG GameApplicationServi - Removing overlay from FXGLMainMenuDummyScene and adding to FXGLLoadingScene
15:31:41.024 [JavaFX Application Thread] DEBUG PrimaryStageWindow   - FXGLMainMenuDummyScene -> FXGLLoadingScene
15:31:41.024 [JavaFX Application Thread] DEBUG GameApplicationServi - Clearing previous game
15:31:41.024 [JavaFX Application Thread] DEBUG GameScene            - Clearing game scene
15:31:41.024 [JavaFX Application Thread] DEBUG GameWorld            - Clearing game world
15:31:41.024 [JavaFX Application Thread] DEBUG PhysicsWorld         - Clearing physics world
15:31:41.025 [FXGL Background Thread 2 ] DEBUG FXGLApplication      - Initializing game
15:31:41.064 [FXGL Background Thread 2 ] WARN  TMXLevelLoader       - TiledMap generated from 1.11.0. Supported version: 1.2.3. Some features may not be parsed fully.
15:31:41.072 [FXGL Background Thread 2 ] DEBUG TMXLevelLoader       - Parsed TiledMap: file:/C:/Users/acer/OneDrive/Desktop/git%20pull/CSS124L-FINAL-PROJECT/fp/target/classes/assets/levels/Lobby.tmx
15:31:41.073 [FXGL Background Thread 2 ] DEBUG TMXLevelLoader       - Creating tile layer entities
15:31:41.074 [FXGL Background Thread 2 ] DEBUG TilesetLoader        - Loading view for layer Tile Layer 1
15:31:41.077 [FXGL Background Thread 2 ] DEBUG TilesetLoader        - Created buffer with size 1280.0x768.0
15:31:41.086 [FXGL Background Thread 2 ] DEBUG TMXLevelLoader       - Creating object layer entities
15:31:41.099 [FXGL Background Thread 2 ] DEBUG GameWorld            - Clearing removable entities
15:31:41.100 [FXGL Background Thread 2 ] DEBUG GameWorld            - Setting level: com.almasb.fxgl.entity.level.Level@3f7e2801
15:31:41.107 [FXGL Background Thread 2 ] DEBUG FXGLAssetLoaderServi - Loading from file system: file:/C:/Users/acer/OneDrive/Desktop/git%20pull/CSS124L-FINAL-PROJECT/fp/target/classes/assets/ui/fonts/PIXELADE.TTF
15:31:41.129 [FXGL Background Thread 2 ] INFO  FXGLApplication      - Game initialization took: 0.104 sec
15:31:41.130 [JavaFX Application Thread] DEBUG Input                - Clearing active input actions
15:31:41.134 [JavaFX Application Thread] DEBUG GameApplicationServi - Removing overlay from FXGLLoadingScene and adding to GameScene
15:31:41.135 [JavaFX Application Thread] DEBUG PrimaryStageWindow   - FXGLLoadingScene -> GameScene
15:31:41.138 [JavaFX Application Thread] DEBUG FXGLAssetLoaderServi - Loading from file system: file:/C:/Users/acer/OneDrive/Desktop/git%20pull/CSS124L-FINAL-PROJECT/fp/target/classes/assets/textures/Interactables/microwave_close.png
15:31:41.139 [JavaFX Application Thread] DEBUG PrimaryStageWindow   - Push state: PCM_BG
15:31:41.140 [JavaFX Application Thread] DEBUG Input                - Clearing active input actions
15:31:41.140 [JavaFX Application Thread] DEBUG GameApplicationServi - Removing overlay from GameScene and adding to PCM_BG
15:31:41.140 [JavaFX Application Thread] DEBUG PrimaryStageWindow   - GameScene -> PCM_BG
15:31:41.141 [JavaFX Application Thread] DEBUG PrimaryStageWindow   - Push state: PlayerCountMenu
15:31:41.141 [JavaFX Application Thread] DEBUG Input                - Clearing active input actions
15:31:41.141 [JavaFX Application Thread] DEBUG GameApplicationServi - Removing overlay from PCM_BG and adding to PlayerCountMenu
15:31:41.142 [JavaFX Application Thread] DEBUG PrimaryStageWindow   - PCM_BG -> PlayerCountMenu
15:31:41.591 [JavaFX Application Thread] DEBUG FXGLAssetLoaderServi - Loading from file system: file:/C:/Users/acer/OneDrive/Desktop/git%20pull/CSS124L-FINAL-PROJECT/fp/target/classes/assets/textures/Weapons/Idle/BerettaM9_Idle.png
15:31:41.592 [JavaFX Application Thread] DEBUG FXGLAssetLoaderServi - Loading from file system: file:/C:/Users/acer/OneDrive/Desktop/git%20pull/CSS124L-FINAL-PROJECT/fp/target/classes/assets/textures/Weapons/Shooting/BerettaM9_Shooting.png
15:31:41.595 [JavaFX Application Thread] DEBUG FXGLAssetLoaderServi - Loading from file system: file:/C:/Users/acer/OneDrive/Desktop/git%20pull/CSS124L-FINAL-PROJECT/fp/target/classes/assets/textures/Players/1P_Shoot.png
15:31:41.597 [JavaFX Application Thread] DEBUG FXGLAssetLoaderServi - Loading from file system: file:/C:/Users/acer/OneDrive/Desktop/git%20pull/CSS124L-FINAL-PROJECT/fp/target/classes/assets/textures/Interactables/vending_machine.png
15:31:41.604 [JavaFX Application Thread] DEBUG PrimaryStageWindow   - Pop state: PlayerCountMenu
15:31:41.604 [JavaFX Application Thread] DEBUG Input                - Clearing active input actions
15:31:41.604 [JavaFX Application Thread] DEBUG GameApplicationServi - Removing overlay from PlayerCountMenu and adding to PCM_BG
15:31:41.604 [JavaFX Application Thread] DEBUG PrimaryStageWindow   - PCM_BG <- PlayerCountMenu
15:31:41.604 [JavaFX Application Thread] DEBUG PrimaryStageWindow   - Pop state: PCM_BG
15:31:41.604 [JavaFX Application Thread] DEBUG Input                - Clearing active input actions
15:31:41.604 [JavaFX Application Thread] DEBUG GameApplicationServi - Removing overlay from PCM_BG and adding to GameScene
15:31:41.605 [JavaFX Application Thread] DEBUG PrimaryStageWindow   - GameScene <- PCM_BG
15:31:41.660 [JavaFX Application Thread] DEBUG LoopRunner           - Stopping loop
15:31:41.661 [JavaFX Application Thread] FATAL FXGLApplication      - Uncaught Exception:
java.lang.NullPointerException
	at com.groupfour.mygame/com.groupfour.mygame.App.sendWaveUpdateToClients(App.java:279)
	at com.groupfour.mygame/com.groupfour.mygame.App.lambda$6(App.java:256)
	at com.almasb.fxgl.core/com.almasb.fxgl.time.TimerAction.update(TimerAction.kt:69)
	at com.almasb.fxgl.core/com.almasb.fxgl.time.Timer.update(Timer.kt:38)
	at com.almasb.fxgl.scene/com.almasb.fxgl.scene.Scene.update(Scene.kt:104)
	at com.almasb.fxgl.all/com.almasb.fxgl.app.MainWindow$update$1.invoke(MainWindow.kt:115)
	at com.almasb.fxgl.all/com.almasb.fxgl.app.MainWindow$update$1.invoke(MainWindow.kt:115)
	at com.almasb.fxgl.core/com.almasb.fxgl.core.fsm.StateMachine.runOnActiveStates(StateMachine.kt:69)
	at com.almasb.fxgl.all/com.almasb.fxgl.app.MainWindow.update(MainWindow.kt:115)
	at com.almasb.fxgl.all/com.almasb.fxgl.app.FXGLApplication$GameApplicationService.onUpdate(FXGLApplication.kt:426)
	at com.almasb.fxgl.all/com.almasb.fxgl.app.Engine.loop(Engine.kt:133)
	at com.almasb.fxgl.all/com.almasb.fxgl.app.Engine.access$loop(Engine.kt:24)
	at com.almasb.fxgl.all/com.almasb.fxgl.app.Engine$loop$1.invoke(Engine.kt:28)
	at com.almasb.fxgl.all/com.almasb.fxgl.app.Engine$loop$1.invoke(Engine.kt:28)
	at com.almasb.fxgl.all/com.almasb.fxgl.app.LoopRunner.frame(LoopRunner.kt:103)
	at com.almasb.fxgl.all/com.almasb.fxgl.app.LoopRunner.access$frame(LoopRunner.kt:23)
	at com.almasb.fxgl.all/com.almasb.fxgl.app.LoopRunner$impl$2$1.onTick(LoopRunner.kt:57)
	at com.almasb.fxgl.all/com.almasb.fxgl.app.AnimationTimerLoop$timer$1.handle(LoopRunner.kt:137)
	at javafx.graphics/javafx.animation.AnimationTimer$AnimationTimerReceiver.lambda$handle$0(AnimationTimer.java:57)
	at java.base/java.security.AccessController.doPrivileged(Native Method)
	at javafx.graphics/javafx.animation.AnimationTimer$AnimationTimerReceiver.handle(AnimationTimer.java:56)
	at javafx.graphics/com.sun.scenario.animation.AbstractPrimaryTimer.timePulseImpl(AbstractPrimaryTimer.java:356)
	at javafx.graphics/com.sun.scenario.animation.AbstractPrimaryTimer$MainLoop.run(AbstractPrimaryTimer.java:266)
	at javafx.graphics/com.sun.javafx.tk.quantum.QuantumToolkit.pulse(QuantumToolkit.java:559)
	at javafx.graphics/com.sun.javafx.tk.quantum.QuantumToolkit.pulse(QuantumToolkit.java:543)
	at javafx.graphics/com.sun.javafx.tk.quantum.QuantumToolkit.pulseFromQueue(QuantumToolkit.java:536)
	at javafx.graphics/com.sun.javafx.tk.quantum.QuantumToolkit.lambda$runToolkit$11(QuantumToolkit.java:342)
	at javafx.graphics/com.sun.glass.ui.InvokeLaterDispatcher$Future.run(InvokeLaterDispatcher.java:96)
	at javafx.graphics/com.sun.glass.ui.win.WinApplication._runLoop(Native Method)
	at javafx.graphics/com.sun.glass.ui.win.WinApplication.lambda$runLoop$3(WinApplication.java:174)
	at java.base/java.lang.Thread.run(Thread.java:834)

15:31:41.664 [JavaFX Application Thread] FATAL FXGLApplication      - Application will now exit
15:31:41.666 [JavaFX Application Thread] DEBUG PrimaryStageWindow   - Push state: ErrorSubScene
15:31:41.666 [JavaFX Application Thread] DEBUG Input                - Clearing active input actions
15:31:41.667 [JavaFX Application Thread] DEBUG GameApplicationServi - Removing overlay from GameScene and adding to ErrorSubScene
15:31:41.668 [JavaFX Application Thread] DEBUG PrimaryStageWindow   - GameScene -> ErrorSubScene
15:31:43.150 [FXGL Background Thread 3 ] DEBUG Engine               - Logging environment variables
15:31:43.150 [FXGL Background Thread 3 ] DEBUG Engine               - achievements: []
15:31:43.151 [FXGL Background Thread 3 ] DEBUG Engine               - actualHeight: 600.0
15:31:43.151 [FXGL Background Thread 3 ] DEBUG Engine               - actualHeightProperty: ReadOnlyDoubleProperty [value: 600.0]
15:31:43.151 [FXGL Background Thread 3 ] DEBUG Engine               - actualWidth: 800.0
15:31:43.151 [FXGL Background Thread 3 ] DEBUG Engine               - actualWidthProperty: ReadOnlyDoubleProperty [value: 800.0]
15:31:43.151 [FXGL Background Thread 3 ] DEBUG Engine               - appIcon: fxgl_icon.png
15:31:43.151 [FXGL Background Thread 3 ] DEBUG Engine               - applicationMode: DEVELOPER
15:31:43.151 [FXGL Background Thread 3 ] DEBUG Engine               - cSSList: [fxgl_dark.css]
15:31:43.151 [FXGL Background Thread 3 ] DEBUG Engine               - collisionDetectionStrategy: BRUTE_FORCE
15:31:43.151 [FXGL Background Thread 3 ] DEBUG Engine               - configClass: Optional.empty
15:31:43.151 [FXGL Background Thread 3 ] DEBUG Engine               - credits: []
15:31:43.151 [FXGL Background Thread 3 ] DEBUG Engine               - defaultCursor: CursorInfo(imageName=fxgl_default_cursor.png, hotspotX=7.0, hotspotY=6.0)
15:31:43.151 [FXGL Background Thread 3 ] DEBUG Engine               - devBBoxColorProperty: ObjectProperty [value: 0xff0000ff]
15:31:43.151 [FXGL Background Thread 3 ] DEBUG Engine               - devEnableDebugCameraProperty: BooleanProperty [value: false]
15:31:43.151 [FXGL Background Thread 3 ] DEBUG Engine               - devSensorColorProperty: ObjectProperty [value: 0xffff00ff]
15:31:43.151 [FXGL Background Thread 3 ] DEBUG Engine               - devShowBBoxProperty: BooleanProperty [value: false]
15:31:43.151 [FXGL Background Thread 3 ] DEBUG Engine               - devShowPositionProperty: BooleanProperty [value: false]
15:31:43.151 [FXGL Background Thread 3 ] DEBUG Engine               - enabledMenuItems: []
15:31:43.151 [FXGL Background Thread 3 ] DEBUG Engine               - engineServices: [class com.almasb.fxgl.app.services.FXGLAssetLoaderService, class com.almasb.fxgl.app.FXGLApplication$GameApplicationService, class com.almasb.fxgl.app.services.FXGLDialogService, class com.almasb.fxgl.app.services.IOTaskExecutorService, class com.almasb.fxgl.io.FileSystemService, class com.almasb.fxgl.localization.LocalizationService, class com.almasb.fxgl.app.services.SystemBundleService, class com.almasb.fxgl.profile.SaveLoadService, class com.almasb.fxgl.ui.FXGLUIFactoryServiceProvider, class com.almasb.fxgl.ui.FXGLDialogFactoryServiceProvider, class com.almasb.fxgl.audio.AudioPlayer, class com.almasb.fxgl.notification.impl.NotificationServiceProvider, class com.almasb.fxgl.achievement.AchievementService, class com.almasb.fxgl.cutscene.CutsceneService, class com.almasb.fxgl.minigames.MiniGameService, class com.almasb.fxgl.net.NetService, class com.almasb.fxgl.app.services.UpdaterService, class com.almasb.fxgl.dev.DevService, class com.almasb.fxgl.multiplayer.MultiplayerService]
15:31:43.151 [FXGL Background Thread 3 ] DEBUG Engine               - fontGame: Abel-Regular.ttf
15:31:43.152 [FXGL Background Thread 3 ] DEBUG Engine               - fontMono: lucida_console.ttf
15:31:43.152 [FXGL Background Thread 3 ] DEBUG Engine               - fontText: Courier-Prime.ttf
15:31:43.152 [FXGL Background Thread 3 ] DEBUG Engine               - fontUI: VarelaRound-Regular.ttf
15:31:43.152 [FXGL Background Thread 3 ] DEBUG Engine               - fullScreen: BooleanProperty [value: false]
15:31:43.152 [FXGL Background Thread 3 ] DEBUG Engine               - gameDifficulty: MEDIUM
15:31:43.152 [FXGL Background Thread 3 ] DEBUG Engine               - gameDifficultyProperty: ObjectProperty [value: MEDIUM]
15:31:43.152 [FXGL Background Thread 3 ] DEBUG Engine               - globalMusicVolume: 0.5
15:31:43.152 [FXGL Background Thread 3 ] DEBUG Engine               - globalMusicVolumeProperty: DoubleProperty [value: 0.5]
15:31:43.152 [FXGL Background Thread 3 ] DEBUG Engine               - globalSoundVolume: 0.5
15:31:43.152 [FXGL Background Thread 3 ] DEBUG Engine               - globalSoundVolumeProperty: DoubleProperty [value: 0.5]
15:31:43.152 [FXGL Background Thread 3 ] DEBUG Engine               - height: 600
15:31:43.152 [FXGL Background Thread 3 ] DEBUG Engine               - is3D: false
15:31:43.152 [FXGL Background Thread 3 ] DEBUG Engine               - isAndroid: false
15:31:43.152 [FXGL Background Thread 3 ] DEBUG Engine               - isBrowser: false
15:31:43.152 [FXGL Background Thread 3 ] DEBUG Engine               - isClickFeedbackEnabled: false
15:31:43.152 [FXGL Background Thread 3 ] DEBUG Engine               - isCloseConfirmation: false
15:31:43.152 [FXGL Background Thread 3 ] DEBUG Engine               - isDesktop: true
15:31:43.152 [FXGL Background Thread 3 ] DEBUG Engine               - isDeveloperMenuEnabled: true
15:31:43.152 [FXGL Background Thread 3 ] DEBUG Engine               - isEmbedded: false
15:31:43.152 [FXGL Background Thread 3 ] DEBUG Engine               - isEntityPreloadEnabled: true
15:31:43.152 [FXGL Background Thread 3 ] DEBUG Engine               - isExperimentalTiledLargeMap: false
15:31:43.152 [FXGL Background Thread 3 ] DEBUG Engine               - isFileSystemWriteAllowed: true
15:31:43.153 [FXGL Background Thread 3 ] DEBUG Engine               - isFullScreenAllowed: false
15:31:43.153 [FXGL Background Thread 3 ] DEBUG Engine               - isFullScreenFromStart: false
15:31:43.153 [FXGL Background Thread 3 ] DEBUG Engine               - isGameMenuEnabled: true
15:31:43.153 [FXGL Background Thread 3 ] DEBUG Engine               - isIOS: false
15:31:43.153 [FXGL Background Thread 3 ] DEBUG Engine               - isIntroEnabled: false
15:31:43.153 [FXGL Background Thread 3 ] DEBUG Engine               - isLinux: false
15:31:43.153 [FXGL Background Thread 3 ] DEBUG Engine               - isMac: false
15:31:43.153 [FXGL Background Thread 3 ] DEBUG Engine               - isMainMenuEnabled: true
15:31:43.153 [FXGL Background Thread 3 ] DEBUG Engine               - isManualResizeEnabled: false
15:31:43.153 [FXGL Background Thread 3 ] DEBUG Engine               - isMobile: false
15:31:43.153 [FXGL Background Thread 3 ] DEBUG Engine               - isNative: false
15:31:43.153 [FXGL Background Thread 3 ] DEBUG Engine               - isPauseMusicWhenMinimized: true
15:31:43.153 [FXGL Background Thread 3 ] DEBUG Engine               - isPreserveResizeRatio: false
15:31:43.153 [FXGL Background Thread 3 ] DEBUG Engine               - isProfilingEnabled: false
15:31:43.153 [FXGL Background Thread 3 ] DEBUG Engine               - isScaleAffectedOnResize: true
15:31:43.153 [FXGL Background Thread 3 ] DEBUG Engine               - isSingleStep: false
15:31:43.153 [FXGL Background Thread 3 ] DEBUG Engine               - isUserProfileEnabled: false
15:31:43.153 [FXGL Background Thread 3 ] DEBUG Engine               - isWindows: true
15:31:43.153 [FXGL Background Thread 3 ] DEBUG Engine               - language: ObjectProperty [value: ENGLISH]
15:31:43.154 [FXGL Background Thread 3 ] DEBUG Engine               - menuKey: ESCAPE
15:31:43.154 [FXGL Background Thread 3 ] DEBUG Engine               - mouseSensitivity: 0.2
15:31:43.154 [FXGL Background Thread 3 ] DEBUG Engine               - notificationViewClass: class com.almasb.fxgl.notification.view.XboxNotificationView
15:31:43.154 [FXGL Background Thread 3 ] DEBUG Engine               - pixelsPerMeter: 50.0
15:31:43.154 [FXGL Background Thread 3 ] DEBUG Engine               - platform: WINDOWS
15:31:43.154 [FXGL Background Thread 3 ] DEBUG Engine               - prefHeightProperty: ReadOnlyDoubleProperty [value: 600.0]
15:31:43.154 [FXGL Background Thread 3 ] DEBUG Engine               - prefWidthProperty: ReadOnlyDoubleProperty [value: 800.0]
15:31:43.154 [FXGL Background Thread 3 ] DEBUG Engine               - profileDir: profiles/
15:31:43.154 [FXGL Background Thread 3 ] DEBUG Engine               - profileName: StringProperty [value: DEFAULT]
15:31:43.154 [FXGL Background Thread 3 ] DEBUG Engine               - randomSeed: -1
15:31:43.154 [FXGL Background Thread 3 ] DEBUG Engine               - runtimeInfo: RuntimeInfo(platform=WINDOWS, version=dev-SNAPSHOT, build=28.07.2021 16.39)
15:31:43.154 [FXGL Background Thread 3 ] DEBUG Engine               - saveFileExt: sav
15:31:43.155 [FXGL Background Thread 3 ] DEBUG Engine               - scaledHeightProp$fxgl: DoubleProperty [bound, value: 600.0]
15:31:43.155 [FXGL Background Thread 3 ] DEBUG Engine               - scaledWidthProp$fxgl: DoubleProperty [bound, value: 800.0]
15:31:43.155 [FXGL Background Thread 3 ] DEBUG Engine               - sceneFactory: com.groupfour.mygame.App$1@41888335
15:31:43.155 [FXGL Background Thread 3 ] DEBUG Engine               - secondsIn24h: 60
15:31:43.155 [FXGL Background Thread 3 ] DEBUG Engine               - soundMenuBack: menu/back.wav
15:31:43.155 [FXGL Background Thread 3 ] DEBUG Engine               - soundMenuPress: menu/press.wav
15:31:43.155 [FXGL Background Thread 3 ] DEBUG Engine               - soundMenuSelect: menu/select.wav
15:31:43.155 [FXGL Background Thread 3 ] DEBUG Engine               - soundNotification: core/notification.wav
15:31:43.155 [FXGL Background Thread 3 ] DEBUG Engine               - stageStyle: DECORATED
15:31:43.155 [FXGL Background Thread 3 ] DEBUG Engine               - supportedLanguages: [ENGLISH, FRENCH, GERMAN, HUNGARIAN, RUSSIAN]
15:31:43.155 [FXGL Background Thread 3 ] DEBUG Engine               - ticksPerSecond: -1
15:31:43.155 [FXGL Background Thread 3 ] DEBUG Engine               - title: Flatline: Oregon
15:31:43.155 [FXGL Background Thread 3 ] DEBUG Engine               - urlGithub: https://github.com/AlmasB/FXGL
15:31:43.155 [FXGL Background Thread 3 ] DEBUG Engine               - urlLeaderboard: http://fxgl-top.herokuapp.com/
15:31:43.155 [FXGL Background Thread 3 ] DEBUG Engine               - urlPOM: https://raw.githubusercontent.com/AlmasB/FXGL/release/README.md
15:31:43.155 [FXGL Background Thread 3 ] DEBUG Engine               - userAppClass: class com.groupfour.mygame.App
15:31:43.155 [FXGL Background Thread 3 ] DEBUG Engine               - version: Alpha 0.19021902
15:31:43.155 [FXGL Background Thread 3 ] DEBUG Engine               - versionCheckDays: 7
15:31:43.155 [FXGL Background Thread 3 ] DEBUG Engine               - width: 800
15:31:43.156 [FXGL Background Thread 3 ] DEBUG Engine               - Logging services
15:31:43.156 [FXGL Background Thread 3 ] DEBUG Engine               - class com.almasb.fxgl.app.services.FXGLAssetLoaderService
15:31:43.156 [FXGL Background Thread 3 ] DEBUG Engine               - class com.almasb.fxgl.app.FXGLApplication$GameApplicationService
15:31:43.156 [FXGL Background Thread 3 ] DEBUG Engine               - class com.almasb.fxgl.app.services.FXGLDialogService
15:31:43.156 [FXGL Background Thread 3 ] DEBUG Engine               - class com.almasb.fxgl.app.services.IOTaskExecutorService
15:31:43.156 [FXGL Background Thread 3 ] DEBUG Engine               - class com.almasb.fxgl.io.FileSystemService
15:31:43.156 [FXGL Background Thread 3 ] DEBUG Engine               - class com.almasb.fxgl.localization.LocalizationService
15:31:43.156 [FXGL Background Thread 3 ] DEBUG Engine               - class com.almasb.fxgl.app.services.SystemBundleService
15:31:43.156 [FXGL Background Thread 3 ] DEBUG Engine               - class com.almasb.fxgl.profile.SaveLoadService
15:31:43.156 [FXGL Background Thread 3 ] DEBUG Engine               - class com.almasb.fxgl.ui.FXGLUIFactoryServiceProvider
15:31:43.156 [FXGL Background Thread 3 ] DEBUG Engine               - class com.almasb.fxgl.ui.FXGLDialogFactoryServiceProvider
15:31:43.156 [FXGL Background Thread 3 ] DEBUG Engine               - class com.almasb.fxgl.audio.AudioPlayer
15:31:43.156 [FXGL Background Thread 3 ] DEBUG Engine               - class com.almasb.fxgl.notification.impl.NotificationServiceProvider
15:31:43.156 [FXGL Background Thread 3 ] DEBUG Engine               - class com.almasb.fxgl.achievement.AchievementService
15:31:43.156 [FXGL Background Thread 3 ] DEBUG Engine               - class com.almasb.fxgl.cutscene.CutsceneService
15:31:43.156 [FXGL Background Thread 3 ] DEBUG Engine               - class com.almasb.fxgl.minigames.MiniGameService
15:31:43.156 [FXGL Background Thread 3 ] DEBUG Engine               - class com.almasb.fxgl.net.NetService
15:31:43.156 [FXGL Background Thread 3 ] DEBUG Engine               - class com.almasb.fxgl.app.services.UpdaterService
15:31:43.156 [FXGL Background Thread 3 ] DEBUG Engine               - class com.almasb.fxgl.dev.DevService
15:31:43.156 [FXGL Background Thread 3 ] DEBUG Engine               - class com.almasb.fxgl.multiplayer.MultiplayerService
15:31:45.530 [JavaFX Application Thread] DEBUG FXGLApplication      - Exiting FXGL
15:31:45.530 [JavaFX Application Thread] DEBUG Async                - Shutting down background threads
15:31:45.530 [JavaFX Application Thread] DEBUG PrimaryStageWindow   - Closing main window
15:31:45.542 [JavaFX Application Thread] DEBUG Logger               - Closing Logger
