22:19:59.712 [main                     ] DEBUG Logger               - Configured Logger
22:19:59.733 [main                     ] DEBUG GameApplication      - Logging settings
Title: Flatline: Oregon
Version: Alpha 0.19021902
Width: 800
Height: 600
Fullscreen: false
Intro: false
Profiling: false
Single step:false
App Mode: DEVELOPER
Menu Key: ESCAPE
Stage Style: DECORATED
Scene Factory: class com.groupfour.mygame.App$1

22:20:00.079 [JavaFX Application Thread] DEBUG FXGLApplication      - Initializing FXGL
22:20:00.081 [JavaFX Application Thread] INFO  Engine               - FXGL-dev-SNAPSHOT (28.07.2021 16.39) on WINDOWS (J:11.0.22 FX:16)
22:20:00.082 [JavaFX Application Thread] DEBUG Engine               - JRE Vendor Name: Oracle Corporation
22:20:00.082 [JavaFX Application Thread] DEBUG Engine               - Running on OS: Windows 11 version 10.0
22:20:00.082 [JavaFX Application Thread] DEBUG Engine               - Architecture: amd64
22:20:00.083 [JavaFX Application Thread] INFO  Engine               - Source code and latest versions at: https://github.com/AlmasB/FXGL
22:20:00.083 [JavaFX Application Thread] INFO  Engine               -              Join the FXGL chat at: https://gitter.im/AlmasB/FXGL
22:20:00.149 [JavaFX Application Thread] DEBUG PrimaryStageWindow   - Creating a JavaFX scene
22:20:00.193 [JavaFX Application Thread] DEBUG PrimaryStageWindow   - Target settings size: 800.0 x 600.0
22:20:00.193 [JavaFX Application Thread] DEBUG PrimaryStageWindow   - Scaled scene size:    800.0 x 600.0
22:20:00.193 [JavaFX Application Thread] DEBUG PrimaryStageWindow   - Scaled ratio: (1.0, 1.0)
22:20:00.194 [JavaFX Application Thread] DEBUG PrimaryStageWindow   - Set initial scene to FXGLStartupScene
22:20:00.198 [JavaFX Application Thread] DEBUG PrimaryStageWindow   - Opening main window
22:20:00.259 [JavaFX Application Thread] DEBUG PrimaryStageWindow   - Window border size: (14.4000244140625, 37.5999755859375)
22:20:00.259 [JavaFX Application Thread] DEBUG PrimaryStageWindow   - Scaled size: 800.0 x 600.0
22:20:00.259 [JavaFX Application Thread] DEBUG PrimaryStageWindow   - Scaled ratio: (1.0, 1.0)
22:20:00.259 [JavaFX Application Thread] DEBUG PrimaryStageWindow   - Scene size: 800.0 x 600.0
22:20:00.259 [JavaFX Application Thread] DEBUG PrimaryStageWindow   - Stage size: 814.4000244140625 x 637.5999755859375
22:20:00.263 [FXGL Background Thread 1 ] DEBUG Engine               - Initializing environment variables
22:20:00.319 [FXGL Background Thread 1 ] DEBUG FXGLAssetLoaderServi - User app class for loading assets: class com.groupfour.mygame.App
22:20:00.320 [FXGL Background Thread 1 ] DEBUG GameApplicationServi - Applying CSS: fxgl_dark.css
22:20:00.321 [FXGL Background Thread 1 ] DEBUG FXGLAssetLoaderServi - Loading from file system: jar:file:///C:/Users/acer/.m2/repository/com/github/almasb/fxgl/dev-SNAPSHOT/fxgl-dev-SNAPSHOT.jar!/fxglassets/ui/css/fxgl_dark.css
22:20:00.371 [FXGL Background Thread 1 ] DEBUG GameApplicationServi - Initializing application scenes
22:20:00.408 [FXGL Background Thread 1 ] DEBUG GameWorld            - Game world initialized
22:20:00.445 [FXGL Background Thread 1 ] DEBUG PhysicsWorld         - Physics world initialized: appHeight=600, physics.ppm=50.0
22:20:00.446 [FXGL Background Thread 1 ] DEBUG PhysicsWorld         - Using strategy: BRUTE_FORCE
22:20:00.450 [FXGL Background Thread 1 ] DEBUG GameScene            - Game scene initialized: 800x600
22:20:00.459 [FXGL Background Thread 1 ] DEBUG FXGL.DefaultMenu     - createMenuBodyMainMenu()
22:20:00.476 [FXGL Background Thread 1 ] DEBUG FXGL.DefaultMenu     - createOptionsMenu()
22:20:00.485 [FXGL Background Thread 1 ] DEBUG FXGLAssetLoaderServi - Loading from file system: jar:file:///C:/Users/acer/.m2/repository/com/github/almasb/fxgl/dev-SNAPSHOT/fxgl-dev-SNAPSHOT.jar!/fxglassets/textures/particles/smoke.png
22:20:00.558 [FXGL Background Thread 1 ] DEBUG FXGLAssetLoaderServi - Loading from file system: jar:file:///C:/Users/acer/.m2/repository/com/github/almasb/fxgl/dev-SNAPSHOT/fxgl-dev-SNAPSHOT.jar!/fxglassets/textures/particles/trace_horizontal.png
22:20:00.580 [FXGL Background Thread 1 ] DEBUG GameApplicationServi - Application scenes initialized
22:20:00.588 [FXGL Background Thread 1 ] DEBUG SystemBundleService  - Loading FXGL system data
22:20:00.593 [FXGL Background Thread 1 ] DEBUG FileSystemAccess     - Reading from: C:\Users\acer\OneDrive\Desktop\git pull\CSS124L-FINAL-PROJECT\system\fxgl.bundle
22:20:00.597 [FXGL Background Thread 1 ] DEBUG SystemBundleService  - Bundle FXGL: {}
22:20:00.597 [FXGL Background Thread 1 ] DEBUG UpdaterService       - Checking for updates
22:20:00.622 [FXGL Background Thread 4 ] DEBUG FXGLApplication      - Loading fonts
22:20:00.622 [FXGL Background Thread 1 ] DEBUG FXGLApplication      - Loading default localization
22:20:00.622 [FXGL Background Thread 1 ] DEBUG FXGLAssetLoaderServi - Loading from file system: jar:file:///C:/Users/acer/.m2/repository/com/github/almasb/fxgl/dev-SNAPSHOT/fxgl-dev-SNAPSHOT.jar!/fxglassets/languages/english.lang
22:20:00.622 [FXGL Background Thread 4 ] DEBUG FXGLAssetLoaderServi - Loading from file system: jar:file:///C:/Users/acer/.m2/repository/com/github/almasb/fxgl/dev-SNAPSHOT/fxgl-dev-SNAPSHOT.jar!/fxglassets/ui/fonts/VarelaRound-Regular.ttf
22:20:00.636 [FXGL Background Thread 1 ] INFO  FXGLApplication      - FXGL initialization took: 0.373 sec
22:20:00.649 [JavaFX Application Thread] DEBUG Input                - Registered new binding: Move Upwards - W
22:20:00.649 [JavaFX Application Thread] DEBUG Input                - Registered new binding: Move Down - S
22:20:00.649 [JavaFX Application Thread] DEBUG Input                - Registered new binding: Move Left - A
22:20:00.649 [JavaFX Application Thread] DEBUG Input                - Registered new binding: Move Right - D
22:20:00.650 [JavaFX Application Thread] DEBUG Input                - Registered new binding: Reload - R
22:20:00.651 [JavaFX Application Thread] DEBUG Input                - Registered new binding: Shoot - LMB
22:20:00.651 [JavaFX Application Thread] DEBUG Input                - Registered new binding: Switch Weapons - Q
22:20:00.651 [JavaFX Application Thread] DEBUG Input                - Registered new binding: Interact - F
22:20:00.652 [JavaFX Application Thread] DEBUG FXGLAssetLoaderServi - Loading from file system: jar:file:///C:/Users/acer/.m2/repository/com/github/almasb/fxgl/dev-SNAPSHOT/fxgl-dev-SNAPSHOT.jar!/fxglassets/textures/fxgl_icon.png
22:20:00.669 [JavaFX Application Thread] DEBUG FXGLAssetLoaderServi - Loading from file system: jar:file:///C:/Users/acer/.m2/repository/com/github/almasb/fxgl/dev-SNAPSHOT/fxgl-dev-SNAPSHOT.jar!/fxglassets/textures/fxgl_default_cursor.png
22:20:00.672 [JavaFX Application Thread] DEBUG Input                - Registered new binding: Screenshot - CTRL+8
22:20:00.672 [JavaFX Application Thread] DEBUG Input                - Registered new binding: Dev Options - 1
22:20:00.673 [JavaFX Application Thread] DEBUG Input                - Registered new binding: Dev Console - 2
22:20:00.673 [JavaFX Application Thread] DEBUG Input                - Registered new binding: System info dump - CTRL+9
22:20:00.674 [JavaFX Application Thread] DEBUG Input                - Registered new binding: Restart - CTRL+R
22:20:00.674 [JavaFX Application Thread] DEBUG Input                - Registered new binding: Toggle Debug Camera - CTRL+C
22:20:00.676 [JavaFX Application Thread] DEBUG LoopRunner           - Starting loop
22:20:00.690 [JavaFX Application Thread] DEBUG LoopRunner           - Initializing JavaFX AnimationTimerLoop
22:20:00.691 [JavaFX Application Thread] DEBUG Input                - Clearing active input actions
22:20:00.700 [JavaFX Application Thread] DEBUG GameApplicationServi - Removing overlay from FXGLStartupScene and adding to FXGLMainMenuDummyScene
22:20:00.706 [JavaFX Application Thread] DEBUG PrimaryStageWindow   - FXGLStartupScene -> FXGLMainMenuDummyScene
22:20:00.706 [JavaFX Application Thread] DEBUG PrimaryStageWindow   - Push state: FXGLDefaultMenu
22:20:00.711 [JavaFX Application Thread] DEBUG Input                - Clearing active input actions
22:20:00.717 [JavaFX Application Thread] DEBUG GameApplicationServi - Removing overlay from FXGLMainMenuDummyScene and adding to FXGLDefaultMenu
22:20:00.718 [JavaFX Application Thread] DEBUG PrimaryStageWindow   - FXGLMainMenuDummyScene -> FXGLDefaultMenu
22:20:01.078 [FXGL Background Thread 4 ] DEBUG FXGLAssetLoaderServi - Loading from file system: jar:file:///C:/Users/acer/.m2/repository/com/github/almasb/fxgl/dev-SNAPSHOT/fxgl-dev-SNAPSHOT.jar!/fxglassets/ui/fonts/Abel-Regular.ttf
22:20:01.084 [FXGL Background Thread 4 ] DEBUG FXGLAssetLoaderServi - Loading from file system: jar:file:///C:/Users/acer/.m2/repository/com/github/almasb/fxgl/dev-SNAPSHOT/fxgl-dev-SNAPSHOT.jar!/fxglassets/ui/fonts/lucida_console.ttf
22:20:01.092 [FXGL Background Thread 4 ] DEBUG FXGLAssetLoaderServi - Loading from file system: jar:file:///C:/Users/acer/.m2/repository/com/github/almasb/fxgl/dev-SNAPSHOT/fxgl-dev-SNAPSHOT.jar!/fxglassets/ui/fonts/Courier-Prime.ttf
22:20:01.101 [JavaFX Application Thread] DEBUG FXGLApplication      - Registering font factories with UI factory
22:20:01.441 [FXGL Background Thread 2 ] INFO  UpdaterService       - Your current version:  dev-SNAPSHOT
22:20:01.442 [FXGL Background Thread 2 ] INFO  UpdaterService       - Latest stable version: 21.1
22:20:02.316 [JavaFX Application Thread] DEBUG Menu                 - fireNewGame()
22:20:02.316 [JavaFX Application Thread] DEBUG GameApplicationServi - Starting new game
22:20:02.318 [JavaFX Application Thread] DEBUG PrimaryStageWindow   - Pop state: FXGLDefaultMenu
22:20:02.318 [JavaFX Application Thread] DEBUG Input                - Clearing active input actions
22:20:02.320 [JavaFX Application Thread] DEBUG GameApplicationServi - Removing overlay from FXGLDefaultMenu and adding to FXGLMainMenuDummyScene
22:20:02.320 [JavaFX Application Thread] DEBUG PrimaryStageWindow   - FXGLMainMenuDummyScene <- FXGLDefaultMenu
22:20:02.321 [JavaFX Application Thread] DEBUG Input                - Clearing active input actions
22:20:02.328 [JavaFX Application Thread] DEBUG GameApplicationServi - Removing overlay from FXGLMainMenuDummyScene and adding to FXGLLoadingScene
22:20:02.328 [JavaFX Application Thread] DEBUG PrimaryStageWindow   - FXGLMainMenuDummyScene -> FXGLLoadingScene
22:20:02.328 [JavaFX Application Thread] DEBUG GameApplicationServi - Clearing previous game
22:20:02.328 [JavaFX Application Thread] DEBUG GameScene            - Clearing game scene
22:20:02.329 [JavaFX Application Thread] DEBUG GameWorld            - Clearing game world
22:20:02.329 [JavaFX Application Thread] DEBUG PhysicsWorld         - Clearing physics world
22:20:02.330 [FXGL Background Thread 2 ] DEBUG FXGLApplication      - Initializing game
22:20:02.375 [FXGL Background Thread 2 ] WARN  TMXLevelLoader       - TiledMap generated from 1.11.0. Supported version: 1.2.3. Some features may not be parsed fully.
22:20:02.383 [FXGL Background Thread 2 ] DEBUG TMXLevelLoader       - Parsed TiledMap: file:/C:/Users/acer/OneDrive/Desktop/git%20pull/CSS124L-FINAL-PROJECT/fp/target/classes/assets/levels/Lobby.tmx
22:20:02.385 [FXGL Background Thread 2 ] DEBUG TMXLevelLoader       - Creating tile layer entities
22:20:02.386 [FXGL Background Thread 2 ] DEBUG TilesetLoader        - Loading view for layer Tile Layer 1
22:20:02.390 [FXGL Background Thread 2 ] DEBUG TilesetLoader        - Created buffer with size 1280.0x768.0
22:20:02.400 [FXGL Background Thread 2 ] DEBUG TMXLevelLoader       - Creating object layer entities
22:20:02.412 [FXGL Background Thread 2 ] DEBUG GameWorld            - Clearing removable entities
22:20:02.413 [FXGL Background Thread 2 ] DEBUG GameWorld            - Setting level: com.almasb.fxgl.entity.level.Level@22d20605
22:20:02.422 [FXGL Background Thread 2 ] DEBUG FXGLAssetLoaderServi - Loading from file system: file:/C:/Users/acer/OneDrive/Desktop/git%20pull/CSS124L-FINAL-PROJECT/fp/target/classes/assets/ui/fonts/PIXELADE.TTF
22:20:02.472 [FXGL Background Thread 2 ] INFO  FXGLApplication      - Game initialization took: 0.142 sec
22:20:02.477 [JavaFX Application Thread] DEBUG Input                - Clearing active input actions
22:20:02.482 [JavaFX Application Thread] DEBUG GameApplicationServi - Removing overlay from FXGLLoadingScene and adding to GameScene
22:20:02.484 [JavaFX Application Thread] DEBUG PrimaryStageWindow   - FXGLLoadingScene -> GameScene
22:20:02.490 [JavaFX Application Thread] DEBUG FXGLAssetLoaderServi - Loading from file system: file:/C:/Users/acer/OneDrive/Desktop/git%20pull/CSS124L-FINAL-PROJECT/fp/target/classes/assets/textures/Interactables/microwave_close.png
22:20:02.492 [JavaFX Application Thread] DEBUG PrimaryStageWindow   - Push state: PCM_BG
22:20:02.492 [JavaFX Application Thread] DEBUG Input                - Clearing active input actions
22:20:02.492 [JavaFX Application Thread] DEBUG GameApplicationServi - Removing overlay from GameScene and adding to PCM_BG
22:20:02.492 [JavaFX Application Thread] DEBUG PrimaryStageWindow   - GameScene -> PCM_BG
22:20:02.493 [JavaFX Application Thread] DEBUG PrimaryStageWindow   - Push state: PlayerCountMenu
22:20:02.494 [JavaFX Application Thread] DEBUG Input                - Clearing active input actions
22:20:02.494 [JavaFX Application Thread] DEBUG GameApplicationServi - Removing overlay from PCM_BG and adding to PlayerCountMenu
22:20:02.497 [JavaFX Application Thread] DEBUG PrimaryStageWindow   - PCM_BG -> PlayerCountMenu
22:20:02.936 [JavaFX Application Thread] DEBUG FXGLAssetLoaderServi - Loading from file system: file:/C:/Users/acer/OneDrive/Desktop/git%20pull/CSS124L-FINAL-PROJECT/fp/target/classes/assets/textures/Weapons/Idle/BerettaM9_Idle.png
22:20:02.936 [JavaFX Application Thread] DEBUG FXGLAssetLoaderServi - Loading from file system: file:/C:/Users/acer/OneDrive/Desktop/git%20pull/CSS124L-FINAL-PROJECT/fp/target/classes/assets/textures/Weapons/Shooting/BerettaM9_Shooting.png
22:20:02.940 [JavaFX Application Thread] DEBUG FXGLAssetLoaderServi - Loading from file system: file:/C:/Users/acer/OneDrive/Desktop/git%20pull/CSS124L-FINAL-PROJECT/fp/target/classes/assets/textures/Players/1P_Shoot.png
22:20:02.943 [JavaFX Application Thread] DEBUG FXGLAssetLoaderServi - Loading from file system: file:/C:/Users/acer/OneDrive/Desktop/git%20pull/CSS124L-FINAL-PROJECT/fp/target/classes/assets/textures/Interactables/vending_machine.png
22:20:02.948 [JavaFX Application Thread] DEBUG PrimaryStageWindow   - Pop state: PlayerCountMenu
22:20:02.948 [JavaFX Application Thread] DEBUG Input                - Clearing active input actions
22:20:02.949 [JavaFX Application Thread] DEBUG GameApplicationServi - Removing overlay from PlayerCountMenu and adding to PCM_BG
22:20:02.949 [JavaFX Application Thread] DEBUG PrimaryStageWindow   - PCM_BG <- PlayerCountMenu
22:20:02.949 [JavaFX Application Thread] DEBUG PrimaryStageWindow   - Pop state: PCM_BG
22:20:02.949 [JavaFX Application Thread] DEBUG Input                - Clearing active input actions
22:20:02.949 [JavaFX Application Thread] DEBUG GameApplicationServi - Removing overlay from PCM_BG and adding to GameScene
22:20:02.949 [JavaFX Application Thread] DEBUG PrimaryStageWindow   - GameScene <- PCM_BG
22:20:03.040 [JavaFX Application Thread] DEBUG FXGLAssetLoaderServi - Loading from file system: file:/C:/Users/acer/OneDrive/Desktop/git%20pull/CSS124L-FINAL-PROJECT/fp/target/classes/assets/textures/Zombies/Basic_Zombie_Walking.png
22:20:03.042 [JavaFX Application Thread] DEBUG FXGLAssetLoaderServi - Loading from file system: file:/C:/Users/acer/OneDrive/Desktop/git%20pull/CSS124L-FINAL-PROJECT/fp/target/classes/assets/textures/Zombies/Basic_Zombie_Attack.png
22:20:03.621 [FXGL Background Thread 3 ] DEBUG Engine               - Logging environment variables
22:20:03.621 [FXGL Background Thread 3 ] DEBUG Engine               - achievements: []
22:20:03.621 [FXGL Background Thread 3 ] DEBUG Engine               - actualHeight: 600.0
22:20:03.621 [FXGL Background Thread 3 ] DEBUG Engine               - actualHeightProperty: ReadOnlyDoubleProperty [value: 600.0]
22:20:03.621 [FXGL Background Thread 3 ] DEBUG Engine               - actualWidth: 800.0
22:20:03.621 [FXGL Background Thread 3 ] DEBUG Engine               - actualWidthProperty: ReadOnlyDoubleProperty [value: 800.0]
22:20:03.622 [FXGL Background Thread 3 ] DEBUG Engine               - appIcon: fxgl_icon.png
22:20:03.622 [FXGL Background Thread 3 ] DEBUG Engine               - applicationMode: DEVELOPER
22:20:03.622 [FXGL Background Thread 3 ] DEBUG Engine               - cSSList: [fxgl_dark.css]
22:20:03.622 [FXGL Background Thread 3 ] DEBUG Engine               - collisionDetectionStrategy: BRUTE_FORCE
22:20:03.622 [FXGL Background Thread 3 ] DEBUG Engine               - configClass: Optional.empty
22:20:03.622 [FXGL Background Thread 3 ] DEBUG Engine               - credits: []
22:20:03.622 [FXGL Background Thread 3 ] DEBUG Engine               - defaultCursor: CursorInfo(imageName=fxgl_default_cursor.png, hotspotX=7.0, hotspotY=6.0)
22:20:03.622 [FXGL Background Thread 3 ] DEBUG Engine               - devBBoxColorProperty: ObjectProperty [value: 0xff0000ff]
22:20:03.622 [FXGL Background Thread 3 ] DEBUG Engine               - devEnableDebugCameraProperty: BooleanProperty [value: false]
22:20:03.622 [FXGL Background Thread 3 ] DEBUG Engine               - devSensorColorProperty: ObjectProperty [value: 0xffff00ff]
22:20:03.622 [FXGL Background Thread 3 ] DEBUG Engine               - devShowBBoxProperty: BooleanProperty [value: false]
22:20:03.622 [FXGL Background Thread 3 ] DEBUG Engine               - devShowPositionProperty: BooleanProperty [value: false]
22:20:03.622 [FXGL Background Thread 3 ] DEBUG Engine               - enabledMenuItems: []
22:20:03.622 [FXGL Background Thread 3 ] DEBUG Engine               - engineServices: [class com.almasb.fxgl.app.services.FXGLAssetLoaderService, class com.almasb.fxgl.app.FXGLApplication$GameApplicationService, class com.almasb.fxgl.app.services.FXGLDialogService, class com.almasb.fxgl.app.services.IOTaskExecutorService, class com.almasb.fxgl.io.FileSystemService, class com.almasb.fxgl.localization.LocalizationService, class com.almasb.fxgl.app.services.SystemBundleService, class com.almasb.fxgl.profile.SaveLoadService, class com.almasb.fxgl.ui.FXGLUIFactoryServiceProvider, class com.almasb.fxgl.ui.FXGLDialogFactoryServiceProvider, class com.almasb.fxgl.audio.AudioPlayer, class com.almasb.fxgl.notification.impl.NotificationServiceProvider, class com.almasb.fxgl.achievement.AchievementService, class com.almasb.fxgl.cutscene.CutsceneService, class com.almasb.fxgl.minigames.MiniGameService, class com.almasb.fxgl.net.NetService, class com.almasb.fxgl.app.services.UpdaterService, class com.almasb.fxgl.dev.DevService, class com.almasb.fxgl.multiplayer.MultiplayerService]
22:20:03.622 [FXGL Background Thread 3 ] DEBUG Engine               - fontGame: Abel-Regular.ttf
22:20:03.622 [FXGL Background Thread 3 ] DEBUG Engine               - fontMono: lucida_console.ttf
22:20:03.622 [FXGL Background Thread 3 ] DEBUG Engine               - fontText: Courier-Prime.ttf
22:20:03.622 [FXGL Background Thread 3 ] DEBUG Engine               - fontUI: VarelaRound-Regular.ttf
22:20:03.622 [FXGL Background Thread 3 ] DEBUG Engine               - fullScreen: BooleanProperty [value: false]
22:20:03.622 [FXGL Background Thread 3 ] DEBUG Engine               - gameDifficulty: MEDIUM
22:20:03.622 [FXGL Background Thread 3 ] DEBUG Engine               - gameDifficultyProperty: ObjectProperty [value: MEDIUM]
22:20:03.622 [FXGL Background Thread 3 ] DEBUG Engine               - globalMusicVolume: 0.5
22:20:03.622 [FXGL Background Thread 3 ] DEBUG Engine               - globalMusicVolumeProperty: DoubleProperty [value: 0.5]
22:20:03.622 [FXGL Background Thread 3 ] DEBUG Engine               - globalSoundVolume: 0.5
22:20:03.622 [FXGL Background Thread 3 ] DEBUG Engine               - globalSoundVolumeProperty: DoubleProperty [value: 0.5]
22:20:03.622 [FXGL Background Thread 3 ] DEBUG Engine               - height: 600
22:20:03.622 [FXGL Background Thread 3 ] DEBUG Engine               - is3D: false
22:20:03.622 [FXGL Background Thread 3 ] DEBUG Engine               - isAndroid: false
22:20:03.622 [FXGL Background Thread 3 ] DEBUG Engine               - isBrowser: false
22:20:03.622 [FXGL Background Thread 3 ] DEBUG Engine               - isClickFeedbackEnabled: false
22:20:03.622 [FXGL Background Thread 3 ] DEBUG Engine               - isCloseConfirmation: false
22:20:03.622 [FXGL Background Thread 3 ] DEBUG Engine               - isDesktop: true
22:20:03.622 [FXGL Background Thread 3 ] DEBUG Engine               - isDeveloperMenuEnabled: true
22:20:03.622 [FXGL Background Thread 3 ] DEBUG Engine               - isEmbedded: false
22:20:03.622 [FXGL Background Thread 3 ] DEBUG Engine               - isEntityPreloadEnabled: true
22:20:03.622 [FXGL Background Thread 3 ] DEBUG Engine               - isExperimentalTiledLargeMap: false
22:20:03.623 [FXGL Background Thread 3 ] DEBUG Engine               - isFileSystemWriteAllowed: true
22:20:03.623 [FXGL Background Thread 3 ] DEBUG Engine               - isFullScreenAllowed: false
22:20:03.623 [FXGL Background Thread 3 ] DEBUG Engine               - isFullScreenFromStart: false
22:20:03.623 [FXGL Background Thread 3 ] DEBUG Engine               - isGameMenuEnabled: true
22:20:03.623 [FXGL Background Thread 3 ] DEBUG Engine               - isIOS: false
22:20:03.623 [FXGL Background Thread 3 ] DEBUG Engine               - isIntroEnabled: false
22:20:03.623 [FXGL Background Thread 3 ] DEBUG Engine               - isLinux: false
22:20:03.623 [FXGL Background Thread 3 ] DEBUG Engine               - isMac: false
22:20:03.623 [FXGL Background Thread 3 ] DEBUG Engine               - isMainMenuEnabled: true
22:20:03.623 [FXGL Background Thread 3 ] DEBUG Engine               - isManualResizeEnabled: false
22:20:03.623 [FXGL Background Thread 3 ] DEBUG Engine               - isMobile: false
22:20:03.623 [FXGL Background Thread 3 ] DEBUG Engine               - isNative: false
22:20:03.623 [FXGL Background Thread 3 ] DEBUG Engine               - isPauseMusicWhenMinimized: true
22:20:03.623 [FXGL Background Thread 3 ] DEBUG Engine               - isPreserveResizeRatio: false
22:20:03.623 [FXGL Background Thread 3 ] DEBUG Engine               - isProfilingEnabled: false
22:20:03.623 [FXGL Background Thread 3 ] DEBUG Engine               - isScaleAffectedOnResize: true
22:20:03.623 [FXGL Background Thread 3 ] DEBUG Engine               - isSingleStep: false
22:20:03.623 [FXGL Background Thread 3 ] DEBUG Engine               - isUserProfileEnabled: false
22:20:03.623 [FXGL Background Thread 3 ] DEBUG Engine               - isWindows: true
22:20:03.623 [FXGL Background Thread 3 ] DEBUG Engine               - language: ObjectProperty [value: ENGLISH]
22:20:03.623 [FXGL Background Thread 3 ] DEBUG Engine               - menuKey: ESCAPE
22:20:03.623 [FXGL Background Thread 3 ] DEBUG Engine               - mouseSensitivity: 0.2
22:20:03.623 [FXGL Background Thread 3 ] DEBUG Engine               - notificationViewClass: class com.almasb.fxgl.notification.view.XboxNotificationView
22:20:03.623 [FXGL Background Thread 3 ] DEBUG Engine               - pixelsPerMeter: 50.0
22:20:03.623 [FXGL Background Thread 3 ] DEBUG Engine               - platform: WINDOWS
22:20:03.625 [FXGL Background Thread 3 ] DEBUG Engine               - prefHeightProperty: ReadOnlyDoubleProperty [value: 600.0]
22:20:03.625 [FXGL Background Thread 3 ] DEBUG Engine               - prefWidthProperty: ReadOnlyDoubleProperty [value: 800.0]
22:20:03.625 [FXGL Background Thread 3 ] DEBUG Engine               - profileDir: profiles/
22:20:03.626 [FXGL Background Thread 3 ] DEBUG Engine               - profileName: StringProperty [value: DEFAULT]
22:20:03.626 [FXGL Background Thread 3 ] DEBUG Engine               - randomSeed: -1
22:20:03.626 [FXGL Background Thread 3 ] DEBUG Engine               - runtimeInfo: RuntimeInfo(platform=WINDOWS, version=dev-SNAPSHOT, build=28.07.2021 16.39)
22:20:03.626 [FXGL Background Thread 3 ] DEBUG Engine               - saveFileExt: sav
22:20:03.626 [FXGL Background Thread 3 ] DEBUG Engine               - scaledHeightProp$fxgl: DoubleProperty [bound, value: 600.0]
22:20:03.626 [FXGL Background Thread 3 ] DEBUG Engine               - scaledWidthProp$fxgl: DoubleProperty [bound, value: 800.0]
22:20:03.626 [FXGL Background Thread 3 ] DEBUG Engine               - sceneFactory: com.groupfour.mygame.App$1@19837fb5
22:20:03.626 [FXGL Background Thread 3 ] DEBUG Engine               - secondsIn24h: 60
22:20:03.627 [FXGL Background Thread 3 ] DEBUG Engine               - soundMenuBack: menu/back.wav
22:20:03.627 [FXGL Background Thread 3 ] DEBUG Engine               - soundMenuPress: menu/press.wav
22:20:03.627 [FXGL Background Thread 3 ] DEBUG Engine               - soundMenuSelect: menu/select.wav
22:20:03.627 [FXGL Background Thread 3 ] DEBUG Engine               - soundNotification: core/notification.wav
22:20:03.627 [FXGL Background Thread 3 ] DEBUG Engine               - stageStyle: DECORATED
22:20:03.627 [FXGL Background Thread 3 ] DEBUG Engine               - supportedLanguages: [ENGLISH, FRENCH, GERMAN, HUNGARIAN, RUSSIAN]
22:20:03.627 [FXGL Background Thread 3 ] DEBUG Engine               - ticksPerSecond: -1
22:20:03.627 [FXGL Background Thread 3 ] DEBUG Engine               - title: Flatline: Oregon
22:20:03.627 [FXGL Background Thread 3 ] DEBUG Engine               - urlGithub: https://github.com/AlmasB/FXGL
22:20:03.627 [FXGL Background Thread 3 ] DEBUG Engine               - urlLeaderboard: http://fxgl-top.herokuapp.com/
22:20:03.627 [FXGL Background Thread 3 ] DEBUG Engine               - urlPOM: https://raw.githubusercontent.com/AlmasB/FXGL/release/README.md
22:20:03.627 [FXGL Background Thread 3 ] DEBUG Engine               - userAppClass: class com.groupfour.mygame.App
22:20:03.627 [FXGL Background Thread 3 ] DEBUG Engine               - version: Alpha 0.19021902
22:20:03.627 [FXGL Background Thread 3 ] DEBUG Engine               - versionCheckDays: 7
22:20:03.627 [FXGL Background Thread 3 ] DEBUG Engine               - width: 800
22:20:03.627 [FXGL Background Thread 3 ] DEBUG Engine               - Logging services
22:20:03.627 [FXGL Background Thread 3 ] DEBUG Engine               - class com.almasb.fxgl.app.services.FXGLAssetLoaderService
22:20:03.627 [FXGL Background Thread 3 ] DEBUG Engine               - class com.almasb.fxgl.app.FXGLApplication$GameApplicationService
22:20:03.627 [FXGL Background Thread 3 ] DEBUG Engine               - class com.almasb.fxgl.app.services.FXGLDialogService
22:20:03.627 [FXGL Background Thread 3 ] DEBUG Engine               - class com.almasb.fxgl.app.services.IOTaskExecutorService
22:20:03.627 [FXGL Background Thread 3 ] DEBUG Engine               - class com.almasb.fxgl.io.FileSystemService
22:20:03.627 [FXGL Background Thread 3 ] DEBUG Engine               - class com.almasb.fxgl.localization.LocalizationService
22:20:03.627 [FXGL Background Thread 3 ] DEBUG Engine               - class com.almasb.fxgl.app.services.SystemBundleService
22:20:03.627 [FXGL Background Thread 3 ] DEBUG Engine               - class com.almasb.fxgl.profile.SaveLoadService
22:20:03.628 [FXGL Background Thread 3 ] DEBUG Engine               - class com.almasb.fxgl.ui.FXGLUIFactoryServiceProvider
22:20:03.628 [FXGL Background Thread 3 ] DEBUG Engine               - class com.almasb.fxgl.ui.FXGLDialogFactoryServiceProvider
22:20:03.628 [FXGL Background Thread 3 ] DEBUG Engine               - class com.almasb.fxgl.audio.AudioPlayer
22:20:03.628 [FXGL Background Thread 3 ] DEBUG Engine               - class com.almasb.fxgl.notification.impl.NotificationServiceProvider
22:20:03.628 [FXGL Background Thread 3 ] DEBUG Engine               - class com.almasb.fxgl.achievement.AchievementService
22:20:03.628 [FXGL Background Thread 3 ] DEBUG Engine               - class com.almasb.fxgl.cutscene.CutsceneService
22:20:03.628 [FXGL Background Thread 3 ] DEBUG Engine               - class com.almasb.fxgl.minigames.MiniGameService
22:20:03.628 [FXGL Background Thread 3 ] DEBUG Engine               - class com.almasb.fxgl.net.NetService
22:20:03.628 [FXGL Background Thread 3 ] DEBUG Engine               - class com.almasb.fxgl.app.services.UpdaterService
22:20:03.628 [FXGL Background Thread 3 ] DEBUG Engine               - class com.almasb.fxgl.dev.DevService
22:20:03.628 [FXGL Background Thread 3 ] DEBUG Engine               - class com.almasb.fxgl.multiplayer.MultiplayerService
22:20:05.261 [JavaFX Application Thread] DEBUG FXGLAssetLoaderServi - Loading from file system: file:/C:/Users/acer/OneDrive/Desktop/git%20pull/CSS124L-FINAL-PROJECT/fp/target/classes/assets/music/BerettaM9_Shoot.mp3
22:20:05.364 [JavaFX Application Thread] DEBUG AudioPlayer          - Playing music com.almasb.fxgl.audio.Music@5a81e718
22:20:05.495 [JavaFX Application Thread] DEBUG AudioPlayer          - Playing music com.almasb.fxgl.audio.Music@5a81e718
22:20:05.554 [JavaFX Application Thread] DEBUG AudioPlayer          - Playing music com.almasb.fxgl.audio.Music@5a81e718
22:20:05.710 [JavaFX Application Thread] DEBUG AudioPlayer          - Playing music com.almasb.fxgl.audio.Music@5a81e718
22:20:15.904 [JavaFX Application Thread] DEBUG FXGLApplication      - Exiting FXGL
22:20:15.904 [JavaFX Application Thread] DEBUG LoopRunner           - Stopping loop
22:20:15.904 [JavaFX Application Thread] DEBUG SystemBundleService  - Saving FXGL system data
22:20:15.906 [JavaFX Application Thread] DEBUG FileSystemAccess     - Writing to: C:\Users\acer\OneDrive\Desktop\git pull\CSS124L-FINAL-PROJECT\system\fxgl.bundle
22:20:15.907 [JavaFX Application Thread] DEBUG Async                - Shutting down background threads
22:20:15.907 [JavaFX Application Thread] DEBUG PrimaryStageWindow   - Closing main window
22:20:15.917 [JavaFX Application Thread] DEBUG Logger               - Closing Logger
