14:02:26.562 [main                     ] DEBUG Logger               - Configured Logger
14:02:26.569 [main                     ] DEBUG GameApplication      - Logging settings
Title: Flatline: Oregon
Version: Alpha 0.19021902
Width: 800
Height: 600
Fullscreen: false
Intro: false
Profiling: false
Single step:false
App Mode: DEVELOPER
Menu Key: ESCAPE
Stage Style: DECORATED
Scene Factory: class com.groupfour.mygame.App$1

14:02:27.222 [JavaFX Application Thread] DEBUG FXGLApplication      - Initializing FXGL
14:02:27.225 [JavaFX Application Thread] INFO  Engine               - FXGL-dev-SNAPSHOT (28.07.2021 16.39) on WINDOWS (J:21.0.4 FX:16)
14:02:27.227 [JavaFX Application Thread] DEBUG Engine               - JRE Vendor Name: Eclipse Adoptium
14:02:27.227 [JavaFX Application Thread] DEBUG Engine               - Running on OS: Windows 11 version 10.0
14:02:27.227 [JavaFX Application Thread] DEBUG Engine               - Architecture: amd64
14:02:27.227 [JavaFX Application Thread] INFO  Engine               - Source code and latest versions at: https://github.com/AlmasB/FXGL
14:02:27.228 [JavaFX Application Thread] INFO  Engine               -              Join the FXGL chat at: https://gitter.im/AlmasB/FXGL
14:02:27.382 [JavaFX Application Thread] DEBUG PrimaryStageWindow   - Creating a JavaFX scene
14:02:27.454 [JavaFX Application Thread] DEBUG PrimaryStageWindow   - Target settings size: 800.0 x 600.0
14:02:27.454 [JavaFX Application Thread] DEBUG PrimaryStageWindow   - Scaled scene size:    800.0 x 600.0
14:02:27.454 [JavaFX Application Thread] DEBUG PrimaryStageWindow   - Scaled ratio: (1.0, 1.0)
14:02:27.455 [JavaFX Application Thread] DEBUG PrimaryStageWindow   - Set initial scene to FXGLStartupScene
14:02:27.466 [JavaFX Application Thread] DEBUG PrimaryStageWindow   - Opening main window
14:02:27.591 [JavaFX Application Thread] DEBUG PrimaryStageWindow   - Window border size: (14.4000244140625, 37.5999755859375)
14:02:27.591 [JavaFX Application Thread] DEBUG PrimaryStageWindow   - Scaled size: 800.0 x 600.0
14:02:27.591 [JavaFX Application Thread] DEBUG PrimaryStageWindow   - Scaled ratio: (1.0, 1.0)
14:02:27.591 [JavaFX Application Thread] DEBUG PrimaryStageWindow   - Scene size: 800.0 x 600.0
14:02:27.592 [JavaFX Application Thread] DEBUG PrimaryStageWindow   - Stage size: 814.4000244140625 x 637.5999755859375
14:02:27.608 [FXGL Background Thread 1 ] DEBUG Engine               - Initializing environment variables
14:02:27.732 [FXGL Background Thread 1 ] DEBUG FXGLAssetLoaderServi - User app class for loading assets: class com.groupfour.mygame.App
14:02:27.732 [FXGL Background Thread 1 ] DEBUG GameApplicationServi - Applying CSS: fxgl_dark.css
14:02:27.734 [FXGL Background Thread 1 ] DEBUG FXGLAssetLoaderServi - Loading from file system: jar:file:///C:/Users/Cent/.m2/repository/com/github/almasb/fxgl/dev-SNAPSHOT/fxgl-dev-SNAPSHOT.jar!/fxglassets/ui/css/fxgl_dark.css
14:02:27.846 [FXGL Background Thread 1 ] DEBUG GameApplicationServi - Initializing application scenes
14:02:27.921 [FXGL Background Thread 1 ] DEBUG GameWorld            - Game world initialized
14:02:28.113 [FXGL Background Thread 1 ] DEBUG PhysicsWorld         - Physics world initialized: appHeight=600, physics.ppm=50.0
14:02:28.115 [FXGL Background Thread 1 ] DEBUG PhysicsWorld         - Using strategy: BRUTE_FORCE
14:02:28.123 [FXGL Background Thread 1 ] DEBUG GameScene            - Game scene initialized: 800x600
14:02:28.150 [FXGL Background Thread 1 ] DEBUG FXGL.DefaultMenu     - createMenuBodyMainMenu()
14:02:28.171 [FXGL Background Thread 1 ] DEBUG FXGL.DefaultMenu     - createOptionsMenu()
14:02:28.191 [FXGL Background Thread 1 ] DEBUG FXGLAssetLoaderServi - Loading from file system: jar:file:///C:/Users/Cent/.m2/repository/com/github/almasb/fxgl/dev-SNAPSHOT/fxgl-dev-SNAPSHOT.jar!/fxglassets/textures/particles/smoke.png
14:02:28.381 [FXGL Background Thread 1 ] DEBUG FXGLAssetLoaderServi - Loading from file system: jar:file:///C:/Users/Cent/.m2/repository/com/github/almasb/fxgl/dev-SNAPSHOT/fxgl-dev-SNAPSHOT.jar!/fxglassets/textures/particles/trace_horizontal.png
14:02:28.465 [FXGL Background Thread 1 ] DEBUG GameApplicationServi - Application scenes initialized
14:02:28.487 [FXGL Background Thread 1 ] DEBUG SystemBundleService  - Loading FXGL system data
14:02:28.496 [FXGL Background Thread 1 ] DEBUG FileSystemAccess     - Reading from: C:\Users\Cent\Desktop\CSS124L-LE\CSS124L-FinalExam\CSS124L-FINAL-PROJECT\system\fxgl.bundle
14:02:28.521 [FXGL Background Thread 1 ] DEBUG SystemBundleService  - Bundle FXGL: {}
14:02:28.522 [FXGL Background Thread 1 ] DEBUG UpdaterService       - Checking for updates
14:02:28.574 [FXGL Background Thread 4 ] DEBUG FXGLApplication      - Loading fonts
14:02:28.574 [FXGL Background Thread 1 ] DEBUG FXGLApplication      - Loading default localization
14:02:28.575 [FXGL Background Thread 1 ] DEBUG FXGLAssetLoaderServi - Loading from file system: jar:file:///C:/Users/Cent/.m2/repository/com/github/almasb/fxgl/dev-SNAPSHOT/fxgl-dev-SNAPSHOT.jar!/fxglassets/languages/english.lang
14:02:28.575 [FXGL Background Thread 4 ] DEBUG FXGLAssetLoaderServi - Loading from file system: jar:file:///C:/Users/Cent/.m2/repository/com/github/almasb/fxgl/dev-SNAPSHOT/fxgl-dev-SNAPSHOT.jar!/fxglassets/ui/fonts/VarelaRound-Regular.ttf
14:02:28.635 [FXGL Background Thread 1 ] INFO  FXGLApplication      - FXGL initialization took: 1.026 sec
14:02:28.660 [JavaFX Application Thread] DEBUG Input                - Registered new binding: Move Upwards - W
14:02:28.662 [JavaFX Application Thread] DEBUG Input                - Registered new binding: Move Down - S
14:02:28.662 [JavaFX Application Thread] DEBUG Input                - Registered new binding: Move Left - A
14:02:28.662 [JavaFX Application Thread] DEBUG Input                - Registered new binding: Move Right - D
14:02:28.662 [JavaFX Application Thread] DEBUG Input                - Registered new binding: Reload - R
14:02:28.664 [FXGL Background Thread 4 ] DEBUG FXGLAssetLoaderServi - Loading from file system: jar:file:///C:/Users/Cent/.m2/repository/com/github/almasb/fxgl/dev-SNAPSHOT/fxgl-dev-SNAPSHOT.jar!/fxglassets/ui/fonts/Abel-Regular.ttf
14:02:28.665 [JavaFX Application Thread] DEBUG Input                - Registered new binding: Shoot - LMB
14:02:28.665 [JavaFX Application Thread] DEBUG Input                - Registered new binding: Switch Weapons - Q
14:02:28.666 [JavaFX Application Thread] DEBUG Input                - Registered new binding: Interact - F
14:02:28.666 [JavaFX Application Thread] DEBUG FXGLAssetLoaderServi - Loading from file system: jar:file:///C:/Users/Cent/.m2/repository/com/github/almasb/fxgl/dev-SNAPSHOT/fxgl-dev-SNAPSHOT.jar!/fxglassets/textures/fxgl_icon.png
14:02:28.672 [FXGL Background Thread 4 ] DEBUG FXGLAssetLoaderServi - Loading from file system: jar:file:///C:/Users/Cent/.m2/repository/com/github/almasb/fxgl/dev-SNAPSHOT/fxgl-dev-SNAPSHOT.jar!/fxglassets/ui/fonts/lucida_console.ttf
14:02:28.681 [FXGL Background Thread 4 ] DEBUG FXGLAssetLoaderServi - Loading from file system: jar:file:///C:/Users/Cent/.m2/repository/com/github/almasb/fxgl/dev-SNAPSHOT/fxgl-dev-SNAPSHOT.jar!/fxglassets/ui/fonts/Courier-Prime.ttf
14:02:28.698 [JavaFX Application Thread] DEBUG FXGLAssetLoaderServi - Loading from file system: jar:file:///C:/Users/Cent/.m2/repository/com/github/almasb/fxgl/dev-SNAPSHOT/fxgl-dev-SNAPSHOT.jar!/fxglassets/textures/fxgl_default_cursor.png
14:02:28.703 [JavaFX Application Thread] DEBUG Input                - Registered new binding: Screenshot - CTRL+8
14:02:28.703 [JavaFX Application Thread] DEBUG Input                - Registered new binding: Dev Options - 1
14:02:28.703 [JavaFX Application Thread] DEBUG Input                - Registered new binding: Dev Console - 2
14:02:28.704 [JavaFX Application Thread] DEBUG Input                - Registered new binding: System info dump - CTRL+9
14:02:28.705 [JavaFX Application Thread] DEBUG Input                - Registered new binding: Restart - CTRL+R
14:02:28.707 [JavaFX Application Thread] DEBUG Input                - Registered new binding: Toggle Debug Camera - CTRL+C
14:02:28.714 [JavaFX Application Thread] DEBUG LoopRunner           - Starting loop
14:02:28.758 [JavaFX Application Thread] DEBUG LoopRunner           - Initializing JavaFX AnimationTimerLoop
14:02:28.770 [JavaFX Application Thread] DEBUG Input                - Clearing active input actions
14:02:28.792 [JavaFX Application Thread] DEBUG GameApplicationServi - Removing overlay from FXGLStartupScene and adding to FXGLMainMenuDummyScene
14:02:28.811 [JavaFX Application Thread] DEBUG PrimaryStageWindow   - FXGLStartupScene -> FXGLMainMenuDummyScene
14:02:28.811 [JavaFX Application Thread] DEBUG PrimaryStageWindow   - Push state: FXGLDefaultMenu
14:02:28.822 [JavaFX Application Thread] DEBUG Input                - Clearing active input actions
14:02:28.836 [JavaFX Application Thread] DEBUG GameApplicationServi - Removing overlay from FXGLMainMenuDummyScene and adding to FXGLDefaultMenu
14:02:28.837 [JavaFX Application Thread] DEBUG PrimaryStageWindow   - FXGLMainMenuDummyScene -> FXGLDefaultMenu
14:02:28.837 [JavaFX Application Thread] DEBUG FXGLApplication      - Registering font factories with UI factory
14:02:30.052 [FXGL Background Thread 2 ] INFO  UpdaterService       - Your current version:  dev-SNAPSHOT
14:02:30.052 [FXGL Background Thread 2 ] INFO  UpdaterService       - Latest stable version: 21.1
14:02:31.572 [FXGL Background Thread 3 ] DEBUG Engine               - Logging environment variables
14:02:31.572 [FXGL Background Thread 3 ] DEBUG Engine               - achievements: []
14:02:31.573 [FXGL Background Thread 3 ] DEBUG Engine               - actualHeight: 600.0
14:02:31.573 [FXGL Background Thread 3 ] DEBUG Engine               - actualHeightProperty: ReadOnlyDoubleProperty [value: 600.0]
14:02:31.573 [FXGL Background Thread 3 ] DEBUG Engine               - actualWidth: 800.0
14:02:31.573 [FXGL Background Thread 3 ] DEBUG Engine               - actualWidthProperty: ReadOnlyDoubleProperty [value: 800.0]
14:02:31.573 [FXGL Background Thread 3 ] DEBUG Engine               - appIcon: fxgl_icon.png
14:02:31.573 [FXGL Background Thread 3 ] DEBUG Engine               - applicationMode: DEVELOPER
14:02:31.573 [FXGL Background Thread 3 ] DEBUG Engine               - cSSList: [fxgl_dark.css]
14:02:31.574 [FXGL Background Thread 3 ] DEBUG Engine               - collisionDetectionStrategy: BRUTE_FORCE
14:02:31.574 [FXGL Background Thread 3 ] DEBUG Engine               - configClass: Optional.empty
14:02:31.574 [FXGL Background Thread 3 ] DEBUG Engine               - credits: []
14:02:31.574 [FXGL Background Thread 3 ] DEBUG Engine               - defaultCursor: CursorInfo(imageName=fxgl_default_cursor.png, hotspotX=7.0, hotspotY=6.0)
14:02:31.575 [FXGL Background Thread 3 ] DEBUG Engine               - devBBoxColorProperty: ObjectProperty [value: 0xff0000ff]
14:02:31.575 [FXGL Background Thread 3 ] DEBUG Engine               - devEnableDebugCameraProperty: BooleanProperty [value: false]
14:02:31.575 [FXGL Background Thread 3 ] DEBUG Engine               - devSensorColorProperty: ObjectProperty [value: 0xffff00ff]
14:02:31.575 [FXGL Background Thread 3 ] DEBUG Engine               - devShowBBoxProperty: BooleanProperty [value: false]
14:02:31.575 [FXGL Background Thread 3 ] DEBUG Engine               - devShowPositionProperty: BooleanProperty [value: false]
14:02:31.575 [FXGL Background Thread 3 ] DEBUG Engine               - enabledMenuItems: []
14:02:31.577 [FXGL Background Thread 3 ] DEBUG Engine               - engineServices: [class com.almasb.fxgl.app.services.FXGLAssetLoaderService, class com.almasb.fxgl.app.FXGLApplication$GameApplicationService, class com.almasb.fxgl.app.services.FXGLDialogService, class com.almasb.fxgl.app.services.IOTaskExecutorService, class com.almasb.fxgl.io.FileSystemService, class com.almasb.fxgl.localization.LocalizationService, class com.almasb.fxgl.app.services.SystemBundleService, class com.almasb.fxgl.profile.SaveLoadService, class com.almasb.fxgl.ui.FXGLUIFactoryServiceProvider, class com.almasb.fxgl.ui.FXGLDialogFactoryServiceProvider, class com.almasb.fxgl.audio.AudioPlayer, class com.almasb.fxgl.notification.impl.NotificationServiceProvider, class com.almasb.fxgl.achievement.AchievementService, class com.almasb.fxgl.cutscene.CutsceneService, class com.almasb.fxgl.minigames.MiniGameService, class com.almasb.fxgl.net.NetService, class com.almasb.fxgl.app.services.UpdaterService, class com.almasb.fxgl.dev.DevService, class com.almasb.fxgl.multiplayer.MultiplayerService]
14:02:31.577 [FXGL Background Thread 3 ] DEBUG Engine               - fontGame: Abel-Regular.ttf
14:02:31.577 [FXGL Background Thread 3 ] DEBUG Engine               - fontMono: lucida_console.ttf
14:02:31.577 [FXGL Background Thread 3 ] DEBUG Engine               - fontText: Courier-Prime.ttf
14:02:31.578 [FXGL Background Thread 3 ] DEBUG Engine               - fontUI: VarelaRound-Regular.ttf
14:02:31.578 [FXGL Background Thread 3 ] DEBUG Engine               - fullScreen: BooleanProperty [value: false]
14:02:31.578 [FXGL Background Thread 3 ] DEBUG Engine               - gameDifficulty: MEDIUM
14:02:31.578 [FXGL Background Thread 3 ] DEBUG Engine               - gameDifficultyProperty: ObjectProperty [value: MEDIUM]
14:02:31.578 [FXGL Background Thread 3 ] DEBUG Engine               - globalMusicVolume: 0.5
14:02:31.578 [FXGL Background Thread 3 ] DEBUG Engine               - globalMusicVolumeProperty: DoubleProperty [value: 0.5]
14:02:31.578 [FXGL Background Thread 3 ] DEBUG Engine               - globalSoundVolume: 0.5
14:02:31.579 [FXGL Background Thread 3 ] DEBUG Engine               - globalSoundVolumeProperty: DoubleProperty [value: 0.5]
14:02:31.579 [FXGL Background Thread 3 ] DEBUG Engine               - height: 600
14:02:31.579 [FXGL Background Thread 3 ] DEBUG Engine               - is3D: false
14:02:31.579 [FXGL Background Thread 3 ] DEBUG Engine               - isAndroid: false
14:02:31.579 [FXGL Background Thread 3 ] DEBUG Engine               - isBrowser: false
14:02:31.579 [FXGL Background Thread 3 ] DEBUG Engine               - isClickFeedbackEnabled: false
14:02:31.580 [FXGL Background Thread 3 ] DEBUG Engine               - isCloseConfirmation: false
14:02:31.580 [FXGL Background Thread 3 ] DEBUG Engine               - isDesktop: true
14:02:31.580 [FXGL Background Thread 3 ] DEBUG Engine               - isDeveloperMenuEnabled: true
14:02:31.580 [FXGL Background Thread 3 ] DEBUG Engine               - isEmbedded: false
14:02:31.580 [FXGL Background Thread 3 ] DEBUG Engine               - isEntityPreloadEnabled: true
14:02:31.580 [FXGL Background Thread 3 ] DEBUG Engine               - isExperimentalTiledLargeMap: false
14:02:31.581 [FXGL Background Thread 3 ] DEBUG Engine               - isFileSystemWriteAllowed: true
14:02:31.581 [FXGL Background Thread 3 ] DEBUG Engine               - isFullScreenAllowed: false
14:02:31.581 [FXGL Background Thread 3 ] DEBUG Engine               - isFullScreenFromStart: false
14:02:31.581 [FXGL Background Thread 3 ] DEBUG Engine               - isGameMenuEnabled: true
14:02:31.581 [FXGL Background Thread 3 ] DEBUG Engine               - isIOS: false
14:02:31.581 [FXGL Background Thread 3 ] DEBUG Engine               - isIntroEnabled: false
14:02:31.581 [FXGL Background Thread 3 ] DEBUG Engine               - isLinux: false
14:02:31.582 [FXGL Background Thread 3 ] DEBUG Engine               - isMac: false
14:02:31.582 [FXGL Background Thread 3 ] DEBUG Engine               - isMainMenuEnabled: true
14:02:31.582 [FXGL Background Thread 3 ] DEBUG Engine               - isManualResizeEnabled: false
14:02:31.582 [FXGL Background Thread 3 ] DEBUG Engine               - isMobile: false
14:02:31.582 [FXGL Background Thread 3 ] DEBUG Engine               - isNative: false
14:02:31.582 [FXGL Background Thread 3 ] DEBUG Engine               - isPauseMusicWhenMinimized: true
14:02:31.582 [FXGL Background Thread 3 ] DEBUG Engine               - isPreserveResizeRatio: false
14:02:31.582 [FXGL Background Thread 3 ] DEBUG Engine               - isProfilingEnabled: false
14:02:31.583 [FXGL Background Thread 3 ] DEBUG Engine               - isScaleAffectedOnResize: true
14:02:31.583 [FXGL Background Thread 3 ] DEBUG Engine               - isSingleStep: false
14:02:31.583 [FXGL Background Thread 3 ] DEBUG Engine               - isUserProfileEnabled: false
14:02:31.583 [FXGL Background Thread 3 ] DEBUG Engine               - isWindows: true
14:02:31.583 [FXGL Background Thread 3 ] DEBUG Engine               - language: ObjectProperty [value: ENGLISH]
14:02:31.583 [FXGL Background Thread 3 ] DEBUG Engine               - menuKey: ESCAPE
14:02:31.584 [FXGL Background Thread 3 ] DEBUG Engine               - mouseSensitivity: 0.2
14:02:31.584 [FXGL Background Thread 3 ] DEBUG Engine               - notificationViewClass: class com.almasb.fxgl.notification.view.XboxNotificationView
14:02:31.584 [FXGL Background Thread 3 ] DEBUG Engine               - pixelsPerMeter: 50.0
14:02:31.584 [FXGL Background Thread 3 ] DEBUG Engine               - platform: WINDOWS
14:02:31.584 [FXGL Background Thread 3 ] DEBUG Engine               - prefHeightProperty: ReadOnlyDoubleProperty [value: 600.0]
14:02:31.585 [FXGL Background Thread 3 ] DEBUG Engine               - prefWidthProperty: ReadOnlyDoubleProperty [value: 800.0]
14:02:31.585 [FXGL Background Thread 3 ] DEBUG Engine               - profileDir: profiles/
14:02:31.585 [FXGL Background Thread 3 ] DEBUG Engine               - profileName: StringProperty [value: DEFAULT]
14:02:31.585 [FXGL Background Thread 3 ] DEBUG Engine               - randomSeed: -1
14:02:31.585 [FXGL Background Thread 3 ] DEBUG Engine               - runtimeInfo: RuntimeInfo(platform=WINDOWS, version=dev-SNAPSHOT, build=28.07.2021 16.39)
14:02:31.585 [FXGL Background Thread 3 ] DEBUG Engine               - saveFileExt: sav
14:02:31.585 [FXGL Background Thread 3 ] DEBUG Engine               - scaledHeightProp$fxgl: DoubleProperty [bound, value: 600.0]
14:02:31.585 [FXGL Background Thread 3 ] DEBUG Engine               - scaledWidthProp$fxgl: DoubleProperty [bound, value: 800.0]
14:02:31.585 [FXGL Background Thread 3 ] DEBUG Engine               - sceneFactory: com.groupfour.mygame.App$1@105c08d6
14:02:31.586 [FXGL Background Thread 3 ] DEBUG Engine               - secondsIn24h: 60
14:02:31.586 [FXGL Background Thread 3 ] DEBUG Engine               - soundMenuBack: menu/back.wav
14:02:31.586 [FXGL Background Thread 3 ] DEBUG Engine               - soundMenuPress: menu/press.wav
14:02:31.586 [FXGL Background Thread 3 ] DEBUG Engine               - soundMenuSelect: menu/select.wav
14:02:31.586 [FXGL Background Thread 3 ] DEBUG Engine               - soundNotification: core/notification.wav
14:02:31.586 [FXGL Background Thread 3 ] DEBUG Engine               - stageStyle: DECORATED
14:02:31.586 [FXGL Background Thread 3 ] DEBUG Engine               - supportedLanguages: [ENGLISH, FRENCH, GERMAN, HUNGARIAN, RUSSIAN]
14:02:31.586 [FXGL Background Thread 3 ] DEBUG Engine               - ticksPerSecond: -1
14:02:31.586 [FXGL Background Thread 3 ] DEBUG Engine               - title: Flatline: Oregon
14:02:31.587 [FXGL Background Thread 3 ] DEBUG Engine               - urlGithub: https://github.com/AlmasB/FXGL
14:02:31.587 [FXGL Background Thread 3 ] DEBUG Engine               - urlLeaderboard: http://fxgl-top.herokuapp.com/
14:02:31.587 [FXGL Background Thread 3 ] DEBUG Engine               - urlPOM: https://raw.githubusercontent.com/AlmasB/FXGL/release/README.md
14:02:31.587 [FXGL Background Thread 3 ] DEBUG Engine               - userAppClass: class com.groupfour.mygame.App
14:02:31.587 [FXGL Background Thread 3 ] DEBUG Engine               - version: Alpha 0.19021902
14:02:31.587 [FXGL Background Thread 3 ] DEBUG Engine               - versionCheckDays: 7
14:02:31.587 [FXGL Background Thread 3 ] DEBUG Engine               - width: 800
14:02:31.587 [FXGL Background Thread 3 ] DEBUG Engine               - Logging services
14:02:31.587 [FXGL Background Thread 3 ] DEBUG Engine               - class com.almasb.fxgl.app.services.FXGLAssetLoaderService
14:02:31.588 [FXGL Background Thread 3 ] DEBUG Engine               - class com.almasb.fxgl.app.FXGLApplication$GameApplicationService
14:02:31.588 [FXGL Background Thread 3 ] DEBUG Engine               - class com.almasb.fxgl.app.services.FXGLDialogService
14:02:31.588 [FXGL Background Thread 3 ] DEBUG Engine               - class com.almasb.fxgl.app.services.IOTaskExecutorService
14:02:31.588 [FXGL Background Thread 3 ] DEBUG Engine               - class com.almasb.fxgl.io.FileSystemService
14:02:31.588 [FXGL Background Thread 3 ] DEBUG Engine               - class com.almasb.fxgl.localization.LocalizationService
14:02:31.588 [FXGL Background Thread 3 ] DEBUG Engine               - class com.almasb.fxgl.app.services.SystemBundleService
14:02:31.588 [FXGL Background Thread 3 ] DEBUG Engine               - class com.almasb.fxgl.profile.SaveLoadService
14:02:31.590 [FXGL Background Thread 3 ] DEBUG Engine               - class com.almasb.fxgl.ui.FXGLUIFactoryServiceProvider
14:02:31.590 [FXGL Background Thread 3 ] DEBUG Engine               - class com.almasb.fxgl.ui.FXGLDialogFactoryServiceProvider
14:02:31.590 [FXGL Background Thread 3 ] DEBUG Engine               - class com.almasb.fxgl.audio.AudioPlayer
14:02:31.590 [FXGL Background Thread 3 ] DEBUG Engine               - class com.almasb.fxgl.notification.impl.NotificationServiceProvider
14:02:31.590 [FXGL Background Thread 3 ] DEBUG Engine               - class com.almasb.fxgl.achievement.AchievementService
14:02:31.590 [FXGL Background Thread 3 ] DEBUG Engine               - class com.almasb.fxgl.cutscene.CutsceneService
14:02:31.590 [FXGL Background Thread 3 ] DEBUG Engine               - class com.almasb.fxgl.minigames.MiniGameService
14:02:31.590 [FXGL Background Thread 3 ] DEBUG Engine               - class com.almasb.fxgl.net.NetService
14:02:31.591 [FXGL Background Thread 3 ] DEBUG Engine               - class com.almasb.fxgl.app.services.UpdaterService
14:02:31.591 [FXGL Background Thread 3 ] DEBUG Engine               - class com.almasb.fxgl.dev.DevService
14:02:31.591 [FXGL Background Thread 3 ] DEBUG Engine               - class com.almasb.fxgl.multiplayer.MultiplayerService
14:02:33.088 [JavaFX Application Thread] DEBUG Menu                 - fireNewGame()
14:02:33.089 [JavaFX Application Thread] DEBUG GameApplicationServi - Starting new game
14:02:33.092 [JavaFX Application Thread] DEBUG PrimaryStageWindow   - Pop state: FXGLDefaultMenu
14:02:33.092 [JavaFX Application Thread] DEBUG Input                - Clearing active input actions
14:02:33.097 [JavaFX Application Thread] DEBUG GameApplicationServi - Removing overlay from FXGLDefaultMenu and adding to FXGLMainMenuDummyScene
14:02:33.100 [JavaFX Application Thread] DEBUG PrimaryStageWindow   - FXGLMainMenuDummyScene <- FXGLDefaultMenu
14:02:33.101 [JavaFX Application Thread] DEBUG Input                - Clearing active input actions
14:02:33.115 [JavaFX Application Thread] DEBUG GameApplicationServi - Removing overlay from FXGLMainMenuDummyScene and adding to FXGLLoadingScene
14:02:33.116 [JavaFX Application Thread] DEBUG PrimaryStageWindow   - FXGLMainMenuDummyScene -> FXGLLoadingScene
14:02:33.117 [JavaFX Application Thread] DEBUG GameApplicationServi - Clearing previous game
14:02:33.117 [JavaFX Application Thread] DEBUG GameScene            - Clearing game scene
14:02:33.117 [JavaFX Application Thread] DEBUG GameWorld            - Clearing game world
14:02:33.117 [JavaFX Application Thread] DEBUG PhysicsWorld         - Clearing physics world
14:02:33.120 [FXGL Background Thread 2 ] DEBUG FXGLApplication      - Initializing game
14:02:33.280 [FXGL Background Thread 2 ] WARN  TMXLevelLoader       - TiledMap generated from 1.11.0. Supported version: 1.2.3. Some features may not be parsed fully.
14:02:33.307 [FXGL Background Thread 2 ] DEBUG TMXLevelLoader       - Parsed TiledMap: file:/C:/Users/Cent/Desktop/CSS124L-LE/CSS124L-FinalExam/CSS124L-FINAL-PROJECT/fp/target/classes/assets/levels/Lobby.tmx
14:02:33.311 [FXGL Background Thread 2 ] DEBUG TMXLevelLoader       - Creating tile layer entities
14:02:33.315 [FXGL Background Thread 2 ] DEBUG TilesetLoader        - Loading view for layer Tile Layer 1
14:02:33.316 [FXGL Background Thread 2 ] DEBUG TilesetLoader        - Created buffer with size 1280.0x768.0
14:02:33.327 [FXGL Background Thread 2 ] DEBUG TMXLevelLoader       - Creating object layer entities
14:02:33.381 [FXGL Background Thread 2 ] DEBUG GameWorld            - Clearing removable entities
14:02:33.382 [FXGL Background Thread 2 ] DEBUG GameWorld            - Setting level: com.almasb.fxgl.entity.level.Level@3107de3d
14:02:33.391 [FXGL Background Thread 2 ] DEBUG FXGLAssetLoaderServi - Loading from file system: file:/C:/Users/Cent/Desktop/CSS124L-LE/CSS124L-FinalExam/CSS124L-FINAL-PROJECT/fp/target/classes/assets/ui/fonts/PIXELADE.TTF
14:02:33.405 [FXGL Background Thread 2 ] INFO  FXGLApplication      - Game initialization took: 0.286 sec
14:02:33.407 [JavaFX Application Thread] DEBUG Input                - Clearing active input actions
14:02:33.422 [JavaFX Application Thread] DEBUG GameApplicationServi - Removing overlay from FXGLLoadingScene and adding to GameScene
14:02:33.430 [JavaFX Application Thread] DEBUG PrimaryStageWindow   - FXGLLoadingScene -> GameScene
14:02:33.437 [JavaFX Application Thread] DEBUG FXGLAssetLoaderServi - Loading from file system: file:/C:/Users/Cent/Desktop/CSS124L-LE/CSS124L-FinalExam/CSS124L-FINAL-PROJECT/fp/target/classes/assets/textures/Interactables/microwave_close.png
14:02:33.441 [JavaFX Application Thread] DEBUG PrimaryStageWindow   - Push state: PCM_BG
14:02:33.441 [JavaFX Application Thread] DEBUG Input                - Clearing active input actions
14:02:33.441 [JavaFX Application Thread] DEBUG GameApplicationServi - Removing overlay from GameScene and adding to PCM_BG
14:02:33.444 [JavaFX Application Thread] DEBUG PrimaryStageWindow   - GameScene -> PCM_BG
14:02:33.446 [JavaFX Application Thread] DEBUG PrimaryStageWindow   - Push state: PlayerCountMenu
14:02:33.447 [JavaFX Application Thread] DEBUG Input                - Clearing active input actions
14:02:33.447 [JavaFX Application Thread] DEBUG GameApplicationServi - Removing overlay from PCM_BG and adding to PlayerCountMenu
14:02:33.457 [JavaFX Application Thread] DEBUG PrimaryStageWindow   - PCM_BG -> PlayerCountMenu
14:02:34.071 [JavaFX Application Thread] DEBUG PrimaryStageWindow   - Push state: DialogSubScene
14:02:34.071 [JavaFX Application Thread] DEBUG Input                - Clearing active input actions
14:02:34.072 [JavaFX Application Thread] DEBUG GameApplicationServi - Removing overlay from PlayerCountMenu and adding to DialogSubScene
14:02:34.075 [JavaFX Application Thread] DEBUG PrimaryStageWindow   - PlayerCountMenu -> DialogSubScene
14:02:34.870 [JavaFX Application Thread] DEBUG PrimaryStageWindow   - Pop state: DialogSubScene
14:02:34.870 [JavaFX Application Thread] DEBUG Input                - Clearing active input actions
14:02:34.871 [JavaFX Application Thread] DEBUG GameApplicationServi - Removing overlay from DialogSubScene and adding to PlayerCountMenu
14:02:34.873 [JavaFX Application Thread] DEBUG PrimaryStageWindow   - PlayerCountMenu <- DialogSubScene
14:02:34.885 [JavaFX Application Thread] DEBUG FXGLAssetLoaderServi - Loading from file system: file:/C:/Users/Cent/Desktop/CSS124L-LE/CSS124L-FinalExam/CSS124L-FINAL-PROJECT/fp/target/classes/assets/sounds/BerettaM9_Shoot.mp3
14:02:35.019 [JavaFX Application Thread] DEBUG FXGLAssetLoaderServi - Loading from file system: file:/C:/Users/Cent/Desktop/CSS124L-LE/CSS124L-FinalExam/CSS124L-FINAL-PROJECT/fp/target/classes/assets/textures/Weapons/Idle/BerettaM9_Idle.png
14:02:35.021 [JavaFX Application Thread] DEBUG FXGLAssetLoaderServi - Loading from file system: file:/C:/Users/Cent/Desktop/CSS124L-LE/CSS124L-FinalExam/CSS124L-FINAL-PROJECT/fp/target/classes/assets/textures/Weapons/Shooting/BerettaM9_Shooting.png
14:02:35.026 [JavaFX Application Thread] DEBUG FXGLAssetLoaderServi - Loading from file system: file:/C:/Users/Cent/Desktop/CSS124L-LE/CSS124L-FinalExam/CSS124L-FINAL-PROJECT/fp/target/classes/assets/textures/Players/1P_Shoot.png
14:02:35.034 [JavaFX Application Thread] DEBUG FXGLAssetLoaderServi - Loading from file system: file:/C:/Users/Cent/Desktop/CSS124L-LE/CSS124L-FinalExam/CSS124L-FINAL-PROJECT/fp/target/classes/assets/textures/Interactables/vending_machine.png
14:02:35.051 [JavaFX Application Thread] DEBUG PrimaryStageWindow   - Push state: LoadingScreen
14:02:35.051 [JavaFX Application Thread] DEBUG Input                - Clearing active input actions
14:02:35.051 [JavaFX Application Thread] DEBUG GameApplicationServi - Removing overlay from PlayerCountMenu and adding to LoadingScreen
14:02:35.052 [JavaFX Application Thread] DEBUG PrimaryStageWindow   - PlayerCountMenu -> LoadingScreen
14:02:35.058 [ServerAsyncConnThread    ] DEBUG TCPServer            - Starting to listen at: 55555 type: class com.almasb.fxgl.core.serialization.Bundle
14:02:37.512 [ServerAsyncConnThread    ] DEBUG Endpoint             - TCPServer opening new connection (1) from /127.0.0.1:49958 type: class com.almasb.fxgl.core.serialization.Bundle
14:02:37.514 [ServerAsyncConnThread    ] DEBUG Endpoint             - TCPServer successfully opened connection (1)
14:02:37.515 [JavaFX Application Thread] DEBUG PrimaryStageWindow   - Pop state: LoadingScreen
14:02:37.515 [JavaFX Application Thread] DEBUG Input                - Clearing active input actions
14:02:37.516 [JavaFX Application Thread] DEBUG GameApplicationServi - Removing overlay from LoadingScreen and adding to PlayerCountMenu
14:02:37.518 [JavaFX Application Thread] DEBUG PrimaryStageWindow   - PlayerCountMenu <- LoadingScreen
14:02:37.518 [JavaFX Application Thread] DEBUG PrimaryStageWindow   - Push state: MultiplayerStart
14:02:37.519 [JavaFX Application Thread] DEBUG Input                - Clearing active input actions
14:02:37.519 [JavaFX Application Thread] DEBUG GameApplicationServi - Removing overlay from PlayerCountMenu and adding to MultiplayerStart
14:02:37.520 [JavaFX Application Thread] DEBUG PrimaryStageWindow   - PlayerCountMenu -> MultiplayerStart
14:02:37.522 [TCPServer_SendThread-1   ] DEBUG Writers              - Getting TCPMessageWriter for class com.almasb.fxgl.core.serialization.Bundle
14:02:37.529 [TCPServer_RecvThread-1   ] DEBUG Readers              - Getting TCPMessageReader for class com.almasb.fxgl.core.serialization.Bundle
14:02:37.531 [TCPServer_SendThread-1   ] DEBUG Writers              - Constructed TCPMessageWriter for class com.almasb.fxgl.core.serialization.Bundle: BundleTCPMessageWriter
14:02:37.533 [JavaFX Application Thread] DEBUG Input                - Registered new binding: Move Upwards - W
14:02:37.533 [JavaFX Application Thread] DEBUG Input                - Registered new binding: Move Down - S
14:02:37.533 [JavaFX Application Thread] DEBUG Input                - Registered new binding: Move Left - A
14:02:37.534 [JavaFX Application Thread] DEBUG Input                - Registered new binding: Move Right - D
14:02:37.534 [TCPServer_RecvThread-1   ] DEBUG Readers              - Constructed MessageReader for class com.almasb.fxgl.core.serialization.Bundle: BundleTCPMessageReader
14:02:37.534 [JavaFX Application Thread] DEBUG Input                - Registered new binding: Reload - R
14:02:37.535 [JavaFX Application Thread] DEBUG Input                - Registered new binding: Shoot - LMB
14:02:37.536 [JavaFX Application Thread] DEBUG Input                - Registered new binding: Switch Weapons - Q
14:03:39.469 [JavaFX Application Thread] DEBUG PrimaryStageWindow   - Pop state: MultiplayerStart
14:03:39.469 [JavaFX Application Thread] DEBUG Input                - Clearing active input actions
14:03:39.471 [JavaFX Application Thread] DEBUG GameApplicationServi - Removing overlay from MultiplayerStart and adding to PlayerCountMenu
14:03:39.472 [JavaFX Application Thread] DEBUG PrimaryStageWindow   - PlayerCountMenu <- MultiplayerStart
14:03:39.472 [JavaFX Application Thread] DEBUG PrimaryStageWindow   - Pop state: PlayerCountMenu
14:03:39.472 [JavaFX Application Thread] DEBUG Input                - Clearing active input actions
14:03:39.472 [JavaFX Application Thread] DEBUG GameApplicationServi - Removing overlay from PlayerCountMenu and adding to PCM_BG
14:03:39.472 [JavaFX Application Thread] DEBUG PrimaryStageWindow   - PCM_BG <- PlayerCountMenu
14:03:39.472 [JavaFX Application Thread] DEBUG PrimaryStageWindow   - Pop state: PCM_BG
14:03:39.472 [JavaFX Application Thread] DEBUG Input                - Clearing active input actions
14:03:39.473 [JavaFX Application Thread] DEBUG GameApplicationServi - Removing overlay from PCM_BG and adding to GameScene
14:03:39.474 [JavaFX Application Thread] DEBUG PrimaryStageWindow   - GameScene <- PCM_BG
14:03:39.626 [JavaFX Application Thread] DEBUG FXGLAssetLoaderServi - Loading from file system: file:/C:/Users/Cent/Desktop/CSS124L-LE/CSS124L-FinalExam/CSS124L-FINAL-PROJECT/fp/target/classes/assets/textures/Zombies/Basic_Zombie_Walking.png
14:03:39.633 [JavaFX Application Thread] DEBUG FXGLAssetLoaderServi - Loading from file system: file:/C:/Users/Cent/Desktop/CSS124L-LE/CSS124L-FinalExam/CSS124L-FINAL-PROJECT/fp/target/classes/assets/textures/Zombies/Basic_Zombie_Attack.png
14:03:41.044 [JavaFX Application Thread] DEBUG Input                - Mocking button press: LMB at 0.0, 0.0
14:03:41.098 [JavaFX Application Thread] DEBUG Input                - Mocking button release: LMB at 0.0, 0.0
14:03:41.115 [JavaFX Application Thread] DEBUG Input                - Mocking key press: D
14:03:41.319 [JavaFX Application Thread] DEBUG Input                - Mocking key press: W
14:03:41.354 [JavaFX Application Thread] DEBUG Input                - Mocking key release: D
14:03:41.614 [JavaFX Application Thread] DEBUG Input                - Mocking key press: D
14:03:41.665 [JavaFX Application Thread] DEBUG Input                - Mocking key release: W
14:03:41.873 [JavaFX Application Thread] DEBUG Input                - Mocking key press: S
14:03:41.936 [JavaFX Application Thread] DEBUG Input                - Mocking key release: D
14:03:42.113 [JavaFX Application Thread] DEBUG Input                - Mocking key press: A
14:03:42.233 [JavaFX Application Thread] DEBUG Input                - Mocking key press: D
14:03:42.265 [JavaFX Application Thread] DEBUG Input                - Mocking key release: S
14:03:42.266 [JavaFX Application Thread] DEBUG Input                - Mocking key release: A
14:03:42.685 [JavaFX Application Thread] DEBUG Input                - Mocking key release: D
14:03:42.897 [JavaFX Application Thread] DEBUG Input                - Mocking key press: D
14:03:43.074 [JavaFX Application Thread] DEBUG Input                - Mocking key release: D
14:03:46.073 [TCPServer_RecvThread-1   ] DEBUG Endpoint             - Connection 1 was unexpectedly disconnected: Connection reset
14:03:46.074 [TCPServer_RecvThread-1   ] DEBUG Connection           - Closing connection 1
14:03:46.075 [TCPServer_RecvThread-1   ] DEBUG Connection           - Connection 1 was correctly closed from local endpoint.
14:03:46.075 [TCPServer_RecvThread-1   ] DEBUG Endpoint             - TCPServer connection (1) was closed
14:03:46.082 [TCPServer_SendThread-1   ] WARN  Endpoint             - TCPServer_SendThread-1 crashed
java.net.SocketException: Socket closed
	at java.base/sun.nio.ch.NioSocketImpl.ensureOpenAndConnected(NioSocketImpl.java:163)
	at java.base/sun.nio.ch.NioSocketImpl.beginWrite(NioSocketImpl.java:362)
	at java.base/sun.nio.ch.NioSocketImpl.implWrite(NioSocketImpl.java:407)
	at java.base/sun.nio.ch.NioSocketImpl.write(NioSocketImpl.java:440)
	at java.base/sun.nio.ch.NioSocketImpl$2.write(NioSocketImpl.java:819)
	at java.base/java.net.Socket$SocketOutputStream.write(Socket.java:1195)
	at java.base/java.io.ObjectOutputStream$BlockDataOutputStream.drain(ObjectOutputStream.java:1899)
	at java.base/java.io.ObjectOutputStream$BlockDataOutputStream.setBlockDataMode(ObjectOutputStream.java:1808)
	at java.base/java.io.ObjectOutputStream.writeNonProxyDesc(ObjectOutputStream.java:1302)
	at java.base/java.io.ObjectOutputStream.writeClassDesc(ObjectOutputStream.java:1247)
	at java.base/java.io.ObjectOutputStream.writeOrdinaryObject(ObjectOutputStream.java:1443)
	at java.base/java.io.ObjectOutputStream.writeObject0(ObjectOutputStream.java:1194)
	at java.base/java.io.ObjectOutputStream.writeFatalException(ObjectOutputStream.java:1615)
	at java.base/java.io.ObjectOutputStream.writeObject(ObjectOutputStream.java:361)
	at com.almasb.fxgl.io/com.almasb.fxgl.net.BundleTCPMessageWriter.write(Writers.kt:98)
	at com.almasb.fxgl.io/com.almasb.fxgl.net.BundleTCPMessageWriter.write(Writers.kt:93)
	at com.almasb.fxgl.io/com.almasb.fxgl.net.Endpoint.lambda$openTCPConnection$2(Endpoint.java:80)
	at java.base/java.lang.Thread.run(Thread.java:1583)

14:03:46.398 [JavaFX Application Thread] DEBUG FXGLApplication      - Exiting FXGL
14:03:46.398 [JavaFX Application Thread] DEBUG LoopRunner           - Stopping loop
14:03:46.398 [JavaFX Application Thread] DEBUG SystemBundleService  - Saving FXGL system data
14:03:46.399 [JavaFX Application Thread] DEBUG FileSystemAccess     - Writing to: C:\Users\Cent\Desktop\CSS124L-LE\CSS124L-FinalExam\CSS124L-FINAL-PROJECT\system\fxgl.bundle
14:03:46.401 [JavaFX Application Thread] DEBUG Async                - Shutting down background threads
14:03:46.401 [JavaFX Application Thread] DEBUG PrimaryStageWindow   - Closing main window
14:03:46.423 [JavaFX Application Thread] DEBUG Logger               - Closing Logger
