17:10:07.845 [main                     ] DEBUG Logger               - Configured Logger
17:10:07.865 [main                     ] DEBUG GameApplication      - Logging settings
Title: Flatline: Oregon
Version: Alpha 0.3
Width: 800
Height: 600
Fullscreen: false
Intro: false
Profiling: false
Single step:false
App Mode: DEVELOPER
Menu Key: ESCAPE
Stage Style: DECORATED
Scene Factory: class com.groupfour.mygame.App$1

17:10:08.183 [JavaFX Application Thread] DEBUG FXGLApplication      - Initializing FXGL
17:10:08.184 [JavaFX Application Thread] INFO  Engine               - FXGL-dev-SNAPSHOT (28.07.2021 16.39) on WINDOWS (J:11.0.22 FX:16)
17:10:08.185 [JavaFX Application Thread] DEBUG Engine               - JRE Vendor Name: Oracle Corporation
17:10:08.185 [JavaFX Application Thread] DEBUG Engine               - Running on OS: Windows 11 version 10.0
17:10:08.185 [JavaFX Application Thread] DEBUG Engine               - Architecture: amd64
17:10:08.185 [JavaFX Application Thread] INFO  Engine               - Source code and latest versions at: https://github.com/AlmasB/FXGL
17:10:08.186 [JavaFX Application Thread] INFO  Engine               -              Join the FXGL chat at: https://gitter.im/AlmasB/FXGL
17:10:08.241 [JavaFX Application Thread] DEBUG PrimaryStageWindow   - Creating a JavaFX scene
17:10:08.279 [JavaFX Application Thread] DEBUG PrimaryStageWindow   - Target settings size: 800.0 x 600.0
17:10:08.280 [JavaFX Application Thread] DEBUG PrimaryStageWindow   - Scaled scene size:    800.0 x 600.0
17:10:08.280 [JavaFX Application Thread] DEBUG PrimaryStageWindow   - Scaled ratio: (1.0, 1.0)
17:10:08.280 [JavaFX Application Thread] DEBUG PrimaryStageWindow   - Set initial scene to FXGLStartupScene
17:10:08.285 [JavaFX Application Thread] DEBUG PrimaryStageWindow   - Opening main window
17:10:08.352 [JavaFX Application Thread] DEBUG PrimaryStageWindow   - Window border size: (14.4000244140625, 37.5999755859375)
17:10:08.352 [JavaFX Application Thread] DEBUG PrimaryStageWindow   - Scaled size: 800.0 x 600.0
17:10:08.353 [JavaFX Application Thread] DEBUG PrimaryStageWindow   - Scaled ratio: (1.0, 1.0)
17:10:08.353 [JavaFX Application Thread] DEBUG PrimaryStageWindow   - Scene size: 800.0 x 600.0
17:10:08.353 [JavaFX Application Thread] DEBUG PrimaryStageWindow   - Stage size: 814.4000244140625 x 637.5999755859375
17:10:08.358 [FXGL Background Thread 1 ] DEBUG Engine               - Initializing environment variables
17:10:08.393 [FXGL Background Thread 1 ] DEBUG FXGLAssetLoaderServi - User app class for loading assets: class com.groupfour.mygame.App
17:10:08.393 [FXGL Background Thread 1 ] DEBUG GameApplicationServi - Applying CSS: fxgl_dark.css
17:10:08.394 [FXGL Background Thread 1 ] DEBUG FXGLAssetLoaderServi - Loading from file system: jar:file:///C:/Users/acer/.m2/repository/com/github/almasb/fxgl/dev-SNAPSHOT/fxgl-dev-SNAPSHOT.jar!/fxglassets/ui/css/fxgl_dark.css
17:10:08.437 [FXGL Background Thread 1 ] DEBUG GameApplicationServi - Initializing application scenes
17:10:08.464 [FXGL Background Thread 1 ] DEBUG GameWorld            - Game world initialized
17:10:08.505 [FXGL Background Thread 1 ] DEBUG PhysicsWorld         - Physics world initialized: appHeight=600, physics.ppm=50.0
17:10:08.505 [FXGL Background Thread 1 ] DEBUG PhysicsWorld         - Using strategy: BRUTE_FORCE
17:10:08.509 [FXGL Background Thread 1 ] DEBUG GameScene            - Game scene initialized: 800x600
17:10:08.518 [FXGL Background Thread 1 ] DEBUG FXGL.DefaultMenu     - createMenuBodyMainMenu()
17:10:08.530 [FXGL Background Thread 1 ] DEBUG FXGL.DefaultMenu     - createOptionsMenu()
17:10:08.536 [FXGL Background Thread 1 ] DEBUG FXGLAssetLoaderServi - Loading from file system: jar:file:///C:/Users/acer/.m2/repository/com/github/almasb/fxgl/dev-SNAPSHOT/fxgl-dev-SNAPSHOT.jar!/fxglassets/textures/particles/smoke.png
17:10:08.610 [FXGL Background Thread 1 ] DEBUG FXGLAssetLoaderServi - Loading from file system: jar:file:///C:/Users/acer/.m2/repository/com/github/almasb/fxgl/dev-SNAPSHOT/fxgl-dev-SNAPSHOT.jar!/fxglassets/textures/particles/trace_horizontal.png
17:10:08.635 [FXGL Background Thread 1 ] DEBUG GameApplicationServi - Application scenes initialized
17:10:08.642 [FXGL Background Thread 1 ] DEBUG SystemBundleService  - Loading FXGL system data
17:10:08.646 [FXGL Background Thread 1 ] DEBUG FileSystemAccess     - Reading from: C:\Users\acer\OneDrive\Desktop\git pull\CSS124L-FINAL-PROJECT\system\fxgl.bundle
17:10:08.651 [FXGL Background Thread 1 ] DEBUG SystemBundleService  - Bundle FXGL: {}
17:10:08.651 [FXGL Background Thread 1 ] DEBUG UpdaterService       - Checking for updates
17:10:08.678 [FXGL Background Thread 4 ] DEBUG FXGLApplication      - Loading fonts
17:10:08.679 [FXGL Background Thread 1 ] DEBUG FXGLApplication      - Loading default localization
17:10:08.679 [FXGL Background Thread 1 ] DEBUG FXGLAssetLoaderServi - Loading from file system: jar:file:///C:/Users/acer/.m2/repository/com/github/almasb/fxgl/dev-SNAPSHOT/fxgl-dev-SNAPSHOT.jar!/fxglassets/languages/english.lang
17:10:08.679 [FXGL Background Thread 4 ] DEBUG FXGLAssetLoaderServi - Loading from file system: jar:file:///C:/Users/acer/.m2/repository/com/github/almasb/fxgl/dev-SNAPSHOT/fxgl-dev-SNAPSHOT.jar!/fxglassets/ui/fonts/VarelaRound-Regular.ttf
17:10:08.694 [FXGL Background Thread 1 ] INFO  FXGLApplication      - FXGL initialization took: 0.335 sec
17:10:08.703 [JavaFX Application Thread] DEBUG Input                - Registered new binding: Move Upwards - W
17:10:08.703 [JavaFX Application Thread] DEBUG Input                - Registered new binding: Move Down - S
17:10:08.703 [JavaFX Application Thread] DEBUG Input                - Registered new binding: Move Left - A
17:10:08.704 [JavaFX Application Thread] DEBUG Input                - Registered new binding: Move Right - D
17:10:08.704 [JavaFX Application Thread] DEBUG Input                - Registered new binding: Reload - R
17:10:08.705 [JavaFX Application Thread] DEBUG Input                - Registered new binding: Shoot - LMB
17:10:08.705 [JavaFX Application Thread] DEBUG Input                - Registered new binding: Switch Weapons - Q
17:10:08.705 [JavaFX Application Thread] DEBUG Input                - Registered new binding: Interact - F
17:10:08.706 [JavaFX Application Thread] DEBUG FXGLAssetLoaderServi - Loading from file system: jar:file:///C:/Users/acer/.m2/repository/com/github/almasb/fxgl/dev-SNAPSHOT/fxgl-dev-SNAPSHOT.jar!/fxglassets/textures/fxgl_icon.png
17:10:08.720 [JavaFX Application Thread] DEBUG FXGLAssetLoaderServi - Loading from file system: jar:file:///C:/Users/acer/.m2/repository/com/github/almasb/fxgl/dev-SNAPSHOT/fxgl-dev-SNAPSHOT.jar!/fxglassets/textures/fxgl_default_cursor.png
17:10:08.722 [JavaFX Application Thread] DEBUG Input                - Registered new binding: Screenshot - CTRL+8
17:10:08.722 [JavaFX Application Thread] DEBUG Input                - Registered new binding: Dev Options - 1
17:10:08.722 [JavaFX Application Thread] DEBUG Input                - Registered new binding: Dev Console - 2
17:10:08.723 [JavaFX Application Thread] DEBUG Input                - Registered new binding: System info dump - CTRL+9
17:10:08.723 [JavaFX Application Thread] DEBUG Input                - Registered new binding: Restart - CTRL+R
17:10:08.724 [JavaFX Application Thread] DEBUG Input                - Registered new binding: Toggle Debug Camera - CTRL+C
17:10:08.726 [JavaFX Application Thread] DEBUG LoopRunner           - Starting loop
17:10:08.734 [JavaFX Application Thread] DEBUG LoopRunner           - Initializing JavaFX AnimationTimerLoop
17:10:08.736 [JavaFX Application Thread] DEBUG Input                - Clearing active input actions
17:10:08.742 [JavaFX Application Thread] DEBUG GameApplicationServi - Removing overlay from FXGLStartupScene and adding to FXGLMainMenuDummyScene
17:10:08.747 [JavaFX Application Thread] DEBUG PrimaryStageWindow   - FXGLStartupScene -> FXGLMainMenuDummyScene
17:10:08.747 [JavaFX Application Thread] DEBUG PrimaryStageWindow   - Push state: FXGLDefaultMenu
17:10:08.751 [JavaFX Application Thread] DEBUG Input                - Clearing active input actions
17:10:08.756 [JavaFX Application Thread] DEBUG GameApplicationServi - Removing overlay from FXGLMainMenuDummyScene and adding to FXGLDefaultMenu
17:10:08.757 [JavaFX Application Thread] DEBUG PrimaryStageWindow   - FXGLMainMenuDummyScene -> FXGLDefaultMenu
17:10:09.050 [FXGL Background Thread 4 ] DEBUG FXGLAssetLoaderServi - Loading from file system: jar:file:///C:/Users/acer/.m2/repository/com/github/almasb/fxgl/dev-SNAPSHOT/fxgl-dev-SNAPSHOT.jar!/fxglassets/ui/fonts/Abel-Regular.ttf
17:10:09.054 [FXGL Background Thread 4 ] DEBUG FXGLAssetLoaderServi - Loading from file system: jar:file:///C:/Users/acer/.m2/repository/com/github/almasb/fxgl/dev-SNAPSHOT/fxgl-dev-SNAPSHOT.jar!/fxglassets/ui/fonts/lucida_console.ttf
17:10:09.059 [FXGL Background Thread 4 ] DEBUG FXGLAssetLoaderServi - Loading from file system: jar:file:///C:/Users/acer/.m2/repository/com/github/almasb/fxgl/dev-SNAPSHOT/fxgl-dev-SNAPSHOT.jar!/fxglassets/ui/fonts/Courier-Prime.ttf
17:10:09.067 [JavaFX Application Thread] DEBUG FXGLApplication      - Registering font factories with UI factory
17:10:09.382 [FXGL Background Thread 2 ] INFO  UpdaterService       - Your current version:  dev-SNAPSHOT
17:10:09.383 [FXGL Background Thread 2 ] INFO  UpdaterService       - Latest stable version: 21.1
17:10:09.393 [JavaFX Application Thread] DEBUG Menu                 - fireNewGame()
17:10:09.393 [JavaFX Application Thread] DEBUG GameApplicationServi - Starting new game
17:10:09.394 [JavaFX Application Thread] DEBUG PrimaryStageWindow   - Pop state: FXGLDefaultMenu
17:10:09.394 [JavaFX Application Thread] DEBUG Input                - Clearing active input actions
17:10:09.396 [JavaFX Application Thread] DEBUG GameApplicationServi - Removing overlay from FXGLDefaultMenu and adding to FXGLMainMenuDummyScene
17:10:09.397 [JavaFX Application Thread] DEBUG PrimaryStageWindow   - FXGLMainMenuDummyScene <- FXGLDefaultMenu
17:10:09.397 [JavaFX Application Thread] DEBUG Input                - Clearing active input actions
17:10:09.404 [JavaFX Application Thread] DEBUG GameApplicationServi - Removing overlay from FXGLMainMenuDummyScene and adding to FXGLLoadingScene
17:10:09.404 [JavaFX Application Thread] DEBUG PrimaryStageWindow   - FXGLMainMenuDummyScene -> FXGLLoadingScene
17:10:09.405 [JavaFX Application Thread] DEBUG GameApplicationServi - Clearing previous game
17:10:09.405 [JavaFX Application Thread] DEBUG GameScene            - Clearing game scene
17:10:09.405 [JavaFX Application Thread] DEBUG GameWorld            - Clearing game world
17:10:09.406 [JavaFX Application Thread] DEBUG PhysicsWorld         - Clearing physics world
17:10:09.407 [FXGL Background Thread 2 ] DEBUG FXGLApplication      - Initializing game
17:10:09.439 [FXGL Background Thread 2 ] DEBUG FXGLAssetLoaderServi - Loading from file system: file:/C:/Users/acer/OneDrive/Desktop/git%20pull/CSS124L-FINAL-PROJECT/fp/target/classes/assets/textures/Players/1P_Idle.png
17:10:09.442 [FXGL Background Thread 2 ] DEBUG FXGLAssetLoaderServi - Loading from file system: file:/C:/Users/acer/OneDrive/Desktop/git%20pull/CSS124L-FINAL-PROJECT/fp/target/classes/assets/textures/Players/1P_Walk.gif
17:10:09.448 [FXGL Background Thread 2 ] DEBUG FXGLAssetLoaderServi - Loading from file system: file:/C:/Users/acer/OneDrive/Desktop/git%20pull/CSS124L-FINAL-PROJECT/fp/target/classes/assets/textures/Players/1P_Shoot.gif
17:10:09.471 [FXGL Background Thread 2 ] INFO  FXGLApplication      - Game initialization took: 0.063 sec
17:10:09.472 [JavaFX Application Thread] DEBUG Input                - Clearing active input actions
17:10:09.480 [JavaFX Application Thread] DEBUG GameApplicationServi - Removing overlay from FXGLLoadingScene and adding to GameScene
17:10:09.482 [JavaFX Application Thread] DEBUG PrimaryStageWindow   - FXGLLoadingScene -> GameScene
17:10:09.487 [JavaFX Application Thread] DEBUG PrimaryStageWindow   - Push state: PlayerCountMenu
17:10:09.488 [JavaFX Application Thread] DEBUG Input                - Clearing active input actions
17:10:09.488 [JavaFX Application Thread] DEBUG GameApplicationServi - Removing overlay from GameScene and adding to PlayerCountMenu
17:10:09.489 [JavaFX Application Thread] DEBUG PrimaryStageWindow   - GameScene -> PlayerCountMenu
17:10:09.997 [JavaFX Application Thread] DEBUG PrimaryStageWindow   - Pop state: PlayerCountMenu
17:10:09.997 [JavaFX Application Thread] DEBUG Input                - Clearing active input actions
17:10:09.997 [JavaFX Application Thread] DEBUG GameApplicationServi - Removing overlay from PlayerCountMenu and adding to GameScene
17:10:09.998 [JavaFX Application Thread] DEBUG PrimaryStageWindow   - GameScene <- PlayerCountMenu
17:10:11.678 [FXGL Background Thread 3 ] DEBUG Engine               - Logging environment variables
17:10:11.678 [FXGL Background Thread 3 ] DEBUG Engine               - achievements: []
17:10:11.679 [FXGL Background Thread 3 ] DEBUG Engine               - actualHeight: 600.0
17:10:11.679 [FXGL Background Thread 3 ] DEBUG Engine               - actualHeightProperty: ReadOnlyDoubleProperty [value: 600.0]
17:10:11.679 [FXGL Background Thread 3 ] DEBUG Engine               - actualWidth: 800.0
17:10:11.679 [FXGL Background Thread 3 ] DEBUG Engine               - actualWidthProperty: ReadOnlyDoubleProperty [value: 800.0]
17:10:11.679 [FXGL Background Thread 3 ] DEBUG Engine               - appIcon: fxgl_icon.png
17:10:11.679 [FXGL Background Thread 3 ] DEBUG Engine               - applicationMode: DEVELOPER
17:10:11.679 [FXGL Background Thread 3 ] DEBUG Engine               - cSSList: [fxgl_dark.css]
17:10:11.679 [FXGL Background Thread 3 ] DEBUG Engine               - collisionDetectionStrategy: BRUTE_FORCE
17:10:11.679 [FXGL Background Thread 3 ] DEBUG Engine               - configClass: Optional.empty
17:10:11.679 [FXGL Background Thread 3 ] DEBUG Engine               - credits: []
17:10:11.679 [FXGL Background Thread 3 ] DEBUG Engine               - defaultCursor: CursorInfo(imageName=fxgl_default_cursor.png, hotspotX=7.0, hotspotY=6.0)
17:10:11.679 [FXGL Background Thread 3 ] DEBUG Engine               - devBBoxColorProperty: ObjectProperty [value: 0xff0000ff]
17:10:11.679 [FXGL Background Thread 3 ] DEBUG Engine               - devEnableDebugCameraProperty: BooleanProperty [value: false]
17:10:11.679 [FXGL Background Thread 3 ] DEBUG Engine               - devSensorColorProperty: ObjectProperty [value: 0xffff00ff]
17:10:11.679 [FXGL Background Thread 3 ] DEBUG Engine               - devShowBBoxProperty: BooleanProperty [value: false]
17:10:11.679 [FXGL Background Thread 3 ] DEBUG Engine               - devShowPositionProperty: BooleanProperty [value: false]
17:10:11.679 [FXGL Background Thread 3 ] DEBUG Engine               - enabledMenuItems: []
17:10:11.680 [FXGL Background Thread 3 ] DEBUG Engine               - engineServices: [class com.almasb.fxgl.app.services.FXGLAssetLoaderService, class com.almasb.fxgl.app.FXGLApplication$GameApplicationService, class com.almasb.fxgl.app.services.FXGLDialogService, class com.almasb.fxgl.app.services.IOTaskExecutorService, class com.almasb.fxgl.io.FileSystemService, class com.almasb.fxgl.localization.LocalizationService, class com.almasb.fxgl.app.services.SystemBundleService, class com.almasb.fxgl.profile.SaveLoadService, class com.almasb.fxgl.ui.FXGLUIFactoryServiceProvider, class com.almasb.fxgl.ui.FXGLDialogFactoryServiceProvider, class com.almasb.fxgl.audio.AudioPlayer, class com.almasb.fxgl.notification.impl.NotificationServiceProvider, class com.almasb.fxgl.achievement.AchievementService, class com.almasb.fxgl.cutscene.CutsceneService, class com.almasb.fxgl.minigames.MiniGameService, class com.almasb.fxgl.net.NetService, class com.almasb.fxgl.app.services.UpdaterService, class com.almasb.fxgl.dev.DevService, class com.almasb.fxgl.multiplayer.MultiplayerService]
17:10:11.680 [FXGL Background Thread 3 ] DEBUG Engine               - fontGame: Abel-Regular.ttf
17:10:11.680 [FXGL Background Thread 3 ] DEBUG Engine               - fontMono: lucida_console.ttf
17:10:11.680 [FXGL Background Thread 3 ] DEBUG Engine               - fontText: Courier-Prime.ttf
17:10:11.680 [FXGL Background Thread 3 ] DEBUG Engine               - fontUI: VarelaRound-Regular.ttf
17:10:11.680 [FXGL Background Thread 3 ] DEBUG Engine               - fullScreen: BooleanProperty [value: false]
17:10:11.681 [FXGL Background Thread 3 ] DEBUG Engine               - gameDifficulty: MEDIUM
17:10:11.681 [FXGL Background Thread 3 ] DEBUG Engine               - gameDifficultyProperty: ObjectProperty [value: MEDIUM]
17:10:11.681 [FXGL Background Thread 3 ] DEBUG Engine               - globalMusicVolume: 0.5
17:10:11.681 [FXGL Background Thread 3 ] DEBUG Engine               - globalMusicVolumeProperty: DoubleProperty [value: 0.5]
17:10:11.681 [FXGL Background Thread 3 ] DEBUG Engine               - globalSoundVolume: 0.5
17:10:11.681 [FXGL Background Thread 3 ] DEBUG Engine               - globalSoundVolumeProperty: DoubleProperty [value: 0.5]
17:10:11.681 [FXGL Background Thread 3 ] DEBUG Engine               - height: 600
17:10:11.681 [FXGL Background Thread 3 ] DEBUG Engine               - is3D: false
17:10:11.681 [FXGL Background Thread 3 ] DEBUG Engine               - isAndroid: false
17:10:11.681 [FXGL Background Thread 3 ] DEBUG Engine               - isBrowser: false
17:10:11.681 [FXGL Background Thread 3 ] DEBUG Engine               - isClickFeedbackEnabled: false
17:10:11.681 [FXGL Background Thread 3 ] DEBUG Engine               - isCloseConfirmation: false
17:10:11.681 [FXGL Background Thread 3 ] DEBUG Engine               - isDesktop: true
17:10:11.681 [FXGL Background Thread 3 ] DEBUG Engine               - isDeveloperMenuEnabled: true
17:10:11.681 [FXGL Background Thread 3 ] DEBUG Engine               - isEmbedded: false
17:10:11.681 [FXGL Background Thread 3 ] DEBUG Engine               - isEntityPreloadEnabled: true
17:10:11.681 [FXGL Background Thread 3 ] DEBUG Engine               - isExperimentalTiledLargeMap: false
17:10:11.681 [FXGL Background Thread 3 ] DEBUG Engine               - isFileSystemWriteAllowed: true
17:10:11.681 [FXGL Background Thread 3 ] DEBUG Engine               - isFullScreenAllowed: false
17:10:11.681 [FXGL Background Thread 3 ] DEBUG Engine               - isFullScreenFromStart: false
17:10:11.681 [FXGL Background Thread 3 ] DEBUG Engine               - isGameMenuEnabled: true
17:10:11.681 [FXGL Background Thread 3 ] DEBUG Engine               - isIOS: false
17:10:11.681 [FXGL Background Thread 3 ] DEBUG Engine               - isIntroEnabled: false
17:10:11.681 [FXGL Background Thread 3 ] DEBUG Engine               - isLinux: false
17:10:11.681 [FXGL Background Thread 3 ] DEBUG Engine               - isMac: false
17:10:11.681 [FXGL Background Thread 3 ] DEBUG Engine               - isMainMenuEnabled: true
17:10:11.681 [FXGL Background Thread 3 ] DEBUG Engine               - isManualResizeEnabled: false
17:10:11.681 [FXGL Background Thread 3 ] DEBUG Engine               - isMobile: false
17:10:11.682 [FXGL Background Thread 3 ] DEBUG Engine               - isNative: false
17:10:11.682 [FXGL Background Thread 3 ] DEBUG Engine               - isPauseMusicWhenMinimized: true
17:10:11.682 [FXGL Background Thread 3 ] DEBUG Engine               - isPreserveResizeRatio: false
17:10:11.682 [FXGL Background Thread 3 ] DEBUG Engine               - isProfilingEnabled: false
17:10:11.682 [FXGL Background Thread 3 ] DEBUG Engine               - isScaleAffectedOnResize: true
17:10:11.682 [FXGL Background Thread 3 ] DEBUG Engine               - isSingleStep: false
17:10:11.682 [FXGL Background Thread 3 ] DEBUG Engine               - isUserProfileEnabled: false
17:10:11.682 [FXGL Background Thread 3 ] DEBUG Engine               - isWindows: true
17:10:11.682 [FXGL Background Thread 3 ] DEBUG Engine               - language: ObjectProperty [value: ENGLISH]
17:10:11.682 [FXGL Background Thread 3 ] DEBUG Engine               - menuKey: ESCAPE
17:10:11.682 [FXGL Background Thread 3 ] DEBUG Engine               - mouseSensitivity: 0.2
17:10:11.682 [FXGL Background Thread 3 ] DEBUG Engine               - notificationViewClass: class com.almasb.fxgl.notification.view.XboxNotificationView
17:10:11.682 [FXGL Background Thread 3 ] DEBUG Engine               - pixelsPerMeter: 50.0
17:10:11.682 [FXGL Background Thread 3 ] DEBUG Engine               - platform: WINDOWS
17:10:11.682 [FXGL Background Thread 3 ] DEBUG Engine               - prefHeightProperty: ReadOnlyDoubleProperty [value: 600.0]
17:10:11.682 [FXGL Background Thread 3 ] DEBUG Engine               - prefWidthProperty: ReadOnlyDoubleProperty [value: 800.0]
17:10:11.682 [FXGL Background Thread 3 ] DEBUG Engine               - profileDir: profiles/
17:10:11.682 [FXGL Background Thread 3 ] DEBUG Engine               - profileName: StringProperty [value: DEFAULT]
17:10:11.682 [FXGL Background Thread 3 ] DEBUG Engine               - randomSeed: -1
17:10:11.682 [FXGL Background Thread 3 ] DEBUG Engine               - runtimeInfo: RuntimeInfo(platform=WINDOWS, version=dev-SNAPSHOT, build=28.07.2021 16.39)
17:10:11.682 [FXGL Background Thread 3 ] DEBUG Engine               - saveFileExt: sav
17:10:11.682 [FXGL Background Thread 3 ] DEBUG Engine               - scaledHeightProp$fxgl: DoubleProperty [bound, value: 600.0]
17:10:11.682 [FXGL Background Thread 3 ] DEBUG Engine               - scaledWidthProp$fxgl: DoubleProperty [bound, value: 800.0]
17:10:11.682 [FXGL Background Thread 3 ] DEBUG Engine               - sceneFactory: com.groupfour.mygame.App$1@57c0d1c6
17:10:11.682 [FXGL Background Thread 3 ] DEBUG Engine               - secondsIn24h: 60
17:10:11.682 [FXGL Background Thread 3 ] DEBUG Engine               - soundMenuBack: menu/back.wav
17:10:11.682 [FXGL Background Thread 3 ] DEBUG Engine               - soundMenuPress: menu/press.wav
17:10:11.682 [FXGL Background Thread 3 ] DEBUG Engine               - soundMenuSelect: menu/select.wav
17:10:11.682 [FXGL Background Thread 3 ] DEBUG Engine               - soundNotification: core/notification.wav
17:10:11.682 [FXGL Background Thread 3 ] DEBUG Engine               - stageStyle: DECORATED
17:10:11.682 [FXGL Background Thread 3 ] DEBUG Engine               - supportedLanguages: [ENGLISH, FRENCH, GERMAN, HUNGARIAN, RUSSIAN]
17:10:11.682 [FXGL Background Thread 3 ] DEBUG Engine               - ticksPerSecond: -1
17:10:11.682 [FXGL Background Thread 3 ] DEBUG Engine               - title: Flatline: Oregon
17:10:11.683 [FXGL Background Thread 3 ] DEBUG Engine               - urlGithub: https://github.com/AlmasB/FXGL
17:10:11.683 [FXGL Background Thread 3 ] DEBUG Engine               - urlLeaderboard: http://fxgl-top.herokuapp.com/
17:10:11.683 [FXGL Background Thread 3 ] DEBUG Engine               - urlPOM: https://raw.githubusercontent.com/AlmasB/FXGL/release/README.md
17:10:11.683 [FXGL Background Thread 3 ] DEBUG Engine               - userAppClass: class com.groupfour.mygame.App
17:10:11.683 [FXGL Background Thread 3 ] DEBUG Engine               - version: Alpha 0.3
17:10:11.683 [FXGL Background Thread 3 ] DEBUG Engine               - versionCheckDays: 7
17:10:11.683 [FXGL Background Thread 3 ] DEBUG Engine               - width: 800
17:10:11.683 [FXGL Background Thread 3 ] DEBUG Engine               - Logging services
17:10:11.683 [FXGL Background Thread 3 ] DEBUG Engine               - class com.almasb.fxgl.app.services.FXGLAssetLoaderService
17:10:11.683 [FXGL Background Thread 3 ] DEBUG Engine               - class com.almasb.fxgl.app.FXGLApplication$GameApplicationService
17:10:11.683 [FXGL Background Thread 3 ] DEBUG Engine               - class com.almasb.fxgl.app.services.FXGLDialogService
17:10:11.683 [FXGL Background Thread 3 ] DEBUG Engine               - class com.almasb.fxgl.app.services.IOTaskExecutorService
17:10:11.683 [FXGL Background Thread 3 ] DEBUG Engine               - class com.almasb.fxgl.io.FileSystemService
17:10:11.683 [FXGL Background Thread 3 ] DEBUG Engine               - class com.almasb.fxgl.localization.LocalizationService
17:10:11.683 [FXGL Background Thread 3 ] DEBUG Engine               - class com.almasb.fxgl.app.services.SystemBundleService
17:10:11.683 [FXGL Background Thread 3 ] DEBUG Engine               - class com.almasb.fxgl.profile.SaveLoadService
17:10:11.683 [FXGL Background Thread 3 ] DEBUG Engine               - class com.almasb.fxgl.ui.FXGLUIFactoryServiceProvider
17:10:11.683 [FXGL Background Thread 3 ] DEBUG Engine               - class com.almasb.fxgl.ui.FXGLDialogFactoryServiceProvider
17:10:11.683 [FXGL Background Thread 3 ] DEBUG Engine               - class com.almasb.fxgl.audio.AudioPlayer
17:10:11.683 [FXGL Background Thread 3 ] DEBUG Engine               - class com.almasb.fxgl.notification.impl.NotificationServiceProvider
17:10:11.683 [FXGL Background Thread 3 ] DEBUG Engine               - class com.almasb.fxgl.achievement.AchievementService
17:10:11.683 [FXGL Background Thread 3 ] DEBUG Engine               - class com.almasb.fxgl.cutscene.CutsceneService
17:10:11.683 [FXGL Background Thread 3 ] DEBUG Engine               - class com.almasb.fxgl.minigames.MiniGameService
17:10:11.683 [FXGL Background Thread 3 ] DEBUG Engine               - class com.almasb.fxgl.net.NetService
17:10:11.683 [FXGL Background Thread 3 ] DEBUG Engine               - class com.almasb.fxgl.app.services.UpdaterService
17:10:11.683 [FXGL Background Thread 3 ] DEBUG Engine               - class com.almasb.fxgl.dev.DevService
17:10:11.683 [FXGL Background Thread 3 ] DEBUG Engine               - class com.almasb.fxgl.multiplayer.MultiplayerService
17:10:23.252 [JavaFX Application Thread] DEBUG FXGLApplication      - Exiting FXGL
17:10:23.252 [JavaFX Application Thread] DEBUG LoopRunner           - Stopping loop
17:10:23.252 [JavaFX Application Thread] DEBUG SystemBundleService  - Saving FXGL system data
17:10:23.253 [JavaFX Application Thread] DEBUG FileSystemAccess     - Writing to: C:\Users\acer\OneDrive\Desktop\git pull\CSS124L-FINAL-PROJECT\system\fxgl.bundle
17:10:23.255 [JavaFX Application Thread] DEBUG Async                - Shutting down background threads
17:10:23.255 [JavaFX Application Thread] DEBUG PrimaryStageWindow   - Closing main window
17:10:23.265 [JavaFX Application Thread] DEBUG Logger               - Closing Logger
