19:24:59.751 [main                     ] DEBUG Logger               - Configured Logger
19:24:59.770 [main                     ] DEBUG GameApplication      - Logging settings
Title: Flatline: Oregon
Version: Beta ?
Width: 800
Height: 600
Fullscreen: false
Intro: false
Profiling: false
Single step:false
App Mode: DEVELOPER
Menu Key: ESCAPE
Stage Style: DECORATED
Scene Factory: class com.groupfour.mygame.App$1

19:25:00.044 [JavaFX Application Thread] DEBUG FXGLApplication      - Initializing FXGL
19:25:00.046 [JavaFX Application Thread] INFO  Engine               - FXGL-dev-SNAPSHOT (28.07.2021 16.39) on WINDOWS (J:11.0.22 FX:16)
19:25:00.047 [JavaFX Application Thread] DEBUG Engine               - JRE Vendor Name: Oracle Corporation
19:25:00.047 [JavaFX Application Thread] DEBUG Engine               - Running on OS: Windows 11 version 10.0
19:25:00.047 [JavaFX Application Thread] DEBUG Engine               - Architecture: amd64
19:25:00.047 [JavaFX Application Thread] INFO  Engine               - Source code and latest versions at: https://github.com/AlmasB/FXGL
19:25:00.047 [JavaFX Application Thread] INFO  Engine               -              Join the FXGL chat at: https://gitter.im/AlmasB/FXGL
19:25:00.109 [JavaFX Application Thread] DEBUG PrimaryStageWindow   - Creating a JavaFX scene
19:25:00.150 [JavaFX Application Thread] DEBUG PrimaryStageWindow   - Target settings size: 800.0 x 600.0
19:25:00.150 [JavaFX Application Thread] DEBUG PrimaryStageWindow   - Scaled scene size:    800.0 x 600.0
19:25:00.150 [JavaFX Application Thread] DEBUG PrimaryStageWindow   - Scaled ratio: (1.0, 1.0)
19:25:00.151 [JavaFX Application Thread] DEBUG PrimaryStageWindow   - Set initial scene to FXGLStartupScene
19:25:00.156 [JavaFX Application Thread] DEBUG PrimaryStageWindow   - Opening main window
19:25:00.230 [JavaFX Application Thread] DEBUG PrimaryStageWindow   - Window border size: (14.4000244140625, 37.5999755859375)
19:25:00.231 [JavaFX Application Thread] DEBUG PrimaryStageWindow   - Scaled size: 800.0 x 600.0
19:25:00.231 [JavaFX Application Thread] DEBUG PrimaryStageWindow   - Scaled ratio: (1.0, 1.0)
19:25:00.231 [JavaFX Application Thread] DEBUG PrimaryStageWindow   - Scene size: 800.0 x 600.0
19:25:00.231 [JavaFX Application Thread] DEBUG PrimaryStageWindow   - Stage size: 814.4000244140625 x 637.5999755859375
19:25:00.235 [FXGL Background Thread 1 ] DEBUG Engine               - Initializing environment variables
19:25:00.268 [FXGL Background Thread 1 ] DEBUG FXGLAssetLoaderServi - User app class for loading assets: class com.groupfour.mygame.App
19:25:00.268 [FXGL Background Thread 1 ] DEBUG GameApplicationServi - Applying CSS: fxgl_dark.css
19:25:00.268 [FXGL Background Thread 1 ] DEBUG FXGLAssetLoaderServi - Loading from file system: jar:file:///C:/Users/acer/.m2/repository/com/github/almasb/fxgl/dev-SNAPSHOT/fxgl-dev-SNAPSHOT.jar!/fxglassets/ui/css/fxgl_dark.css
19:25:00.310 [FXGL Background Thread 1 ] DEBUG GameApplicationServi - Initializing application scenes
19:25:00.338 [FXGL Background Thread 1 ] DEBUG GameWorld            - Game world initialized
19:25:00.375 [FXGL Background Thread 1 ] DEBUG PhysicsWorld         - Physics world initialized: appHeight=600, physics.ppm=50.0
19:25:00.376 [FXGL Background Thread 1 ] DEBUG PhysicsWorld         - Using strategy: BRUTE_FORCE
19:25:00.378 [FXGL Background Thread 1 ] DEBUG GameScene            - Game scene initialized: 800x600
19:25:00.386 [FXGL Background Thread 1 ] DEBUG FXGL.DefaultMenu     - createMenuBodyMainMenu()
19:25:00.397 [FXGL Background Thread 1 ] DEBUG FXGL.DefaultMenu     - createOptionsMenu()
19:25:00.402 [FXGL Background Thread 1 ] DEBUG FXGLAssetLoaderServi - Loading from file system: jar:file:///C:/Users/acer/.m2/repository/com/github/almasb/fxgl/dev-SNAPSHOT/fxgl-dev-SNAPSHOT.jar!/fxglassets/textures/particles/smoke.png
19:25:00.465 [FXGL Background Thread 1 ] DEBUG FXGLAssetLoaderServi - Loading from file system: jar:file:///C:/Users/acer/.m2/repository/com/github/almasb/fxgl/dev-SNAPSHOT/fxgl-dev-SNAPSHOT.jar!/fxglassets/textures/particles/trace_horizontal.png
19:25:00.485 [FXGL Background Thread 1 ] DEBUG FXGLAssetLoaderServi - Loading from file system: file:/C:/Users/acer/OneDrive/Desktop/git%20pull/CSS124L-FINAL-PROJECT/fp/target/classes/assets/ui/fonts/PIXELADE.TTF
19:25:00.741 [FXGL Background Thread 1 ] DEBUG FXGLAssetLoaderServi - Loading from file system: file:/C:/Users/acer/OneDrive/Desktop/git%20pull/CSS124L-FINAL-PROJECT/fp/target/classes/assets/textures/spbtn.png
19:25:00.754 [FXGL Background Thread 1 ] DEBUG FXGLAssetLoaderServi - Loading from file system: file:/C:/Users/acer/OneDrive/Desktop/git%20pull/CSS124L-FINAL-PROJECT/fp/target/classes/assets/textures/mpbtn.png
19:25:00.760 [FXGL Background Thread 1 ] DEBUG FXGLAssetLoaderServi - Loading from file system: file:/C:/Users/acer/OneDrive/Desktop/git%20pull/CSS124L-FINAL-PROJECT/fp/target/classes/assets/textures/return.png
19:25:00.768 [FXGL Background Thread 1 ] DEBUG GameApplicationServi - Application scenes initialized
19:25:00.774 [FXGL Background Thread 1 ] DEBUG SystemBundleService  - Loading FXGL system data
19:25:00.778 [FXGL Background Thread 1 ] DEBUG FileSystemAccess     - Reading from: C:\Users\acer\OneDrive\Desktop\git pull\CSS124L-FINAL-PROJECT\system\fxgl.bundle
19:25:00.782 [FXGL Background Thread 1 ] DEBUG SystemBundleService  - Bundle FXGL: {}
19:25:00.782 [FXGL Background Thread 1 ] DEBUG UpdaterService       - Checking for updates
19:25:00.798 [FXGL Background Thread 1 ] DEBUG FXGLApplication      - Loading default localization
19:25:00.798 [FXGL Background Thread 4 ] DEBUG FXGLApplication      - Loading fonts
19:25:00.798 [FXGL Background Thread 1 ] DEBUG FXGLAssetLoaderServi - Loading from file system: jar:file:///C:/Users/acer/.m2/repository/com/github/almasb/fxgl/dev-SNAPSHOT/fxgl-dev-SNAPSHOT.jar!/fxglassets/languages/english.lang
19:25:00.798 [FXGL Background Thread 4 ] DEBUG FXGLAssetLoaderServi - Loading from file system: jar:file:///C:/Users/acer/.m2/repository/com/github/almasb/fxgl/dev-SNAPSHOT/fxgl-dev-SNAPSHOT.jar!/fxglassets/ui/fonts/VarelaRound-Regular.ttf
19:25:00.804 [FXGL Background Thread 4 ] DEBUG FXGLAssetLoaderServi - Loading from file system: jar:file:///C:/Users/acer/.m2/repository/com/github/almasb/fxgl/dev-SNAPSHOT/fxgl-dev-SNAPSHOT.jar!/fxglassets/ui/fonts/Abel-Regular.ttf
19:25:00.808 [FXGL Background Thread 1 ] INFO  FXGLApplication      - FXGL initialization took: 0.573 sec
19:25:00.808 [FXGL Background Thread 4 ] DEBUG FXGLAssetLoaderServi - Loading from file system: jar:file:///C:/Users/acer/.m2/repository/com/github/almasb/fxgl/dev-SNAPSHOT/fxgl-dev-SNAPSHOT.jar!/fxglassets/ui/fonts/lucida_console.ttf
19:25:00.817 [JavaFX Application Thread] DEBUG Input                - Registered new binding: Move Upwards - W
19:25:00.817 [JavaFX Application Thread] DEBUG Input                - Registered new binding: Move Down - S
19:25:00.817 [JavaFX Application Thread] DEBUG Input                - Registered new binding: Move Left - A
19:25:00.817 [JavaFX Application Thread] DEBUG Input                - Registered new binding: Move Right - D
19:25:00.817 [JavaFX Application Thread] DEBUG Input                - Registered new binding: Reload - R
19:25:00.819 [JavaFX Application Thread] DEBUG Input                - Registered new binding: Shoot - LMB
19:25:00.820 [JavaFX Application Thread] DEBUG Input                - Registered new binding: Switch Weapons - Q
19:25:00.820 [JavaFX Application Thread] DEBUG Input                - Registered new binding: Interact - F
19:25:00.820 [JavaFX Application Thread] DEBUG FXGLAssetLoaderServi - Loading from file system: file:/C:/Users/acer/OneDrive/Desktop/git%20pull/CSS124L-FINAL-PROJECT/fp/target/classes/assets/music/titleBGM.mp3
19:25:00.820 [FXGL Background Thread 4 ] DEBUG FXGLAssetLoaderServi - Loading from file system: jar:file:///C:/Users/acer/.m2/repository/com/github/almasb/fxgl/dev-SNAPSHOT/fxgl-dev-SNAPSHOT.jar!/fxglassets/ui/fonts/Courier-Prime.ttf
19:25:00.925 [JavaFX Application Thread] DEBUG AudioPlayer          - Playing music com.almasb.fxgl.audio.Music@24f7a837
19:25:00.925 [JavaFX Application Thread] DEBUG FXGLAssetLoaderServi - Loading from file system: jar:file:///C:/Users/acer/.m2/repository/com/github/almasb/fxgl/dev-SNAPSHOT/fxgl-dev-SNAPSHOT.jar!/fxglassets/textures/fxgl_icon.png
19:25:00.934 [JavaFX Application Thread] DEBUG FXGLAssetLoaderServi - Loading from file system: jar:file:///C:/Users/acer/.m2/repository/com/github/almasb/fxgl/dev-SNAPSHOT/fxgl-dev-SNAPSHOT.jar!/fxglassets/textures/fxgl_default_cursor.png
19:25:00.935 [JavaFX Application Thread] DEBUG Input                - Registered new binding: Screenshot - CTRL+8
19:25:00.935 [JavaFX Application Thread] DEBUG Input                - Registered new binding: Dev Options - 1
19:25:00.935 [JavaFX Application Thread] DEBUG Input                - Registered new binding: Dev Console - 2
19:25:00.936 [JavaFX Application Thread] DEBUG Input                - Registered new binding: System info dump - CTRL+9
19:25:00.936 [JavaFX Application Thread] DEBUG Input                - Registered new binding: Restart - CTRL+R
19:25:00.936 [JavaFX Application Thread] DEBUG Input                - Registered new binding: Toggle Debug Camera - CTRL+C
19:25:00.938 [JavaFX Application Thread] DEBUG LoopRunner           - Starting loop
19:25:00.953 [JavaFX Application Thread] DEBUG LoopRunner           - Initializing JavaFX AnimationTimerLoop
19:25:00.955 [JavaFX Application Thread] DEBUG Input                - Clearing active input actions
19:25:00.961 [JavaFX Application Thread] DEBUG GameApplicationServi - Removing overlay from FXGLStartupScene and adding to FXGLMainMenuDummyScene
19:25:00.963 [JavaFX Application Thread] DEBUG PrimaryStageWindow   - FXGLStartupScene -> FXGLMainMenuDummyScene
19:25:00.963 [JavaFX Application Thread] DEBUG PrimaryStageWindow   - Push state: FXGLDefaultMenu
19:25:00.966 [JavaFX Application Thread] DEBUG Input                - Clearing active input actions
19:25:00.970 [JavaFX Application Thread] DEBUG GameApplicationServi - Removing overlay from FXGLMainMenuDummyScene and adding to FXGLDefaultMenu
19:25:00.971 [JavaFX Application Thread] DEBUG PrimaryStageWindow   - FXGLMainMenuDummyScene -> FXGLDefaultMenu
19:25:00.976 [JavaFX Application Thread] DEBUG FXGLApplication      - Registering font factories with UI factory
19:25:01.245 [FXGL Background Thread 2 ] INFO  UpdaterService       - Your current version:  dev-SNAPSHOT
19:25:01.246 [FXGL Background Thread 2 ] INFO  UpdaterService       - Latest stable version: 21.1
19:25:02.122 [JavaFX Application Thread] DEBUG Menu                 - fireNewGame()
19:25:02.122 [JavaFX Application Thread] DEBUG GameApplicationServi - Starting new game
19:25:02.124 [JavaFX Application Thread] DEBUG PrimaryStageWindow   - Pop state: FXGLDefaultMenu
19:25:02.124 [JavaFX Application Thread] DEBUG Input                - Clearing active input actions
19:25:02.126 [JavaFX Application Thread] DEBUG GameApplicationServi - Removing overlay from FXGLDefaultMenu and adding to FXGLMainMenuDummyScene
19:25:02.127 [JavaFX Application Thread] DEBUG PrimaryStageWindow   - FXGLMainMenuDummyScene <- FXGLDefaultMenu
19:25:02.127 [JavaFX Application Thread] DEBUG Input                - Clearing active input actions
19:25:02.134 [JavaFX Application Thread] DEBUG GameApplicationServi - Removing overlay from FXGLMainMenuDummyScene and adding to FXGLLoadingScene
19:25:02.134 [JavaFX Application Thread] DEBUG PrimaryStageWindow   - FXGLMainMenuDummyScene -> FXGLLoadingScene
19:25:02.134 [JavaFX Application Thread] DEBUG GameApplicationServi - Clearing previous game
19:25:02.134 [JavaFX Application Thread] DEBUG GameScene            - Clearing game scene
19:25:02.135 [JavaFX Application Thread] DEBUG GameWorld            - Clearing game world
19:25:02.135 [JavaFX Application Thread] DEBUG PhysicsWorld         - Clearing physics world
19:25:02.136 [FXGL Background Thread 2 ] DEBUG FXGLApplication      - Initializing game
19:25:02.170 [FXGL Background Thread 2 ] WARN  TMXLevelLoader       - TiledMap generated from 1.11.0. Supported version: 1.2.3. Some features may not be parsed fully.
19:25:02.176 [FXGL Background Thread 2 ] DEBUG TMXLevelLoader       - Parsed TiledMap: file:/C:/Users/acer/OneDrive/Desktop/git%20pull/CSS124L-FINAL-PROJECT/fp/target/classes/assets/levels/Lobby.tmx
19:25:02.177 [FXGL Background Thread 2 ] DEBUG TMXLevelLoader       - Creating tile layer entities
19:25:02.178 [FXGL Background Thread 2 ] DEBUG TilesetLoader        - Loading view for layer Tile Layer 1
19:25:02.179 [FXGL Background Thread 2 ] DEBUG TilesetLoader        - Created buffer with size 1280.0x768.0
19:25:02.184 [FXGL Background Thread 2 ] DEBUG TMXLevelLoader       - Creating object layer entities
19:25:02.199 [FXGL Background Thread 2 ] DEBUG GameWorld            - Clearing removable entities
19:25:02.199 [FXGL Background Thread 2 ] DEBUG GameWorld            - Setting level: com.almasb.fxgl.entity.level.Level@6257ed5e
19:25:02.213 [FXGL Background Thread 2 ] INFO  FXGLApplication      - Game initialization took: 0.077 sec
19:25:02.214 [JavaFX Application Thread] DEBUG Input                - Clearing active input actions
19:25:02.220 [JavaFX Application Thread] DEBUG GameApplicationServi - Removing overlay from FXGLLoadingScene and adding to GameScene
19:25:02.221 [JavaFX Application Thread] DEBUG PrimaryStageWindow   - FXGLLoadingScene -> GameScene
19:25:02.223 [JavaFX Application Thread] DEBUG FXGLAssetLoaderServi - Loading from file system: file:/C:/Users/acer/OneDrive/Desktop/git%20pull/CSS124L-FINAL-PROJECT/fp/target/classes/assets/textures/Interactables/microwave_close.png
19:25:02.224 [JavaFX Application Thread] DEBUG PrimaryStageWindow   - Push state: PCM_BG
19:25:02.224 [JavaFX Application Thread] DEBUG Input                - Clearing active input actions
19:25:02.224 [JavaFX Application Thread] DEBUG GameApplicationServi - Removing overlay from GameScene and adding to PCM_BG
19:25:02.225 [JavaFX Application Thread] DEBUG PrimaryStageWindow   - GameScene -> PCM_BG
19:25:02.231 [JavaFX Application Thread] DEBUG PrimaryStageWindow   - Push state: PlayerCountMenu
19:25:02.231 [JavaFX Application Thread] DEBUG Input                - Clearing active input actions
19:25:02.231 [JavaFX Application Thread] DEBUG GameApplicationServi - Removing overlay from PCM_BG and adding to PlayerCountMenu
19:25:02.235 [JavaFX Application Thread] DEBUG PrimaryStageWindow   - PCM_BG -> PlayerCountMenu
19:25:02.865 [JavaFX Application Thread] DEBUG PrimaryStageWindow   - Push state: DialogSubScene
19:25:02.865 [JavaFX Application Thread] DEBUG Input                - Clearing active input actions
19:25:02.866 [JavaFX Application Thread] DEBUG GameApplicationServi - Removing overlay from PlayerCountMenu and adding to DialogSubScene
19:25:02.866 [JavaFX Application Thread] DEBUG PrimaryStageWindow   - PlayerCountMenu -> DialogSubScene
19:25:03.509 [JavaFX Application Thread] DEBUG PrimaryStageWindow   - Pop state: DialogSubScene
19:25:03.509 [JavaFX Application Thread] DEBUG Input                - Clearing active input actions
19:25:03.510 [JavaFX Application Thread] DEBUG GameApplicationServi - Removing overlay from DialogSubScene and adding to PlayerCountMenu
19:25:03.511 [JavaFX Application Thread] DEBUG PrimaryStageWindow   - PlayerCountMenu <- DialogSubScene
19:25:03.517 [JavaFX Application Thread] DEBUG FXGLAssetLoaderServi - Loading from file system: file:/C:/Users/acer/OneDrive/Desktop/git%20pull/CSS124L-FINAL-PROJECT/fp/target/classes/assets/sounds/Reload.mp3
19:25:03.522 [JavaFX Application Thread] DEBUG FXGLAssetLoaderServi - Loading from file system: file:/C:/Users/acer/OneDrive/Desktop/git%20pull/CSS124L-FINAL-PROJECT/fp/target/classes/assets/sounds/BerettaM9_Shoot.mp3
19:25:03.525 [JavaFX Application Thread] DEBUG FXGLAssetLoaderServi - Loading from file system: file:/C:/Users/acer/OneDrive/Desktop/git%20pull/CSS124L-FINAL-PROJECT/fp/target/classes/assets/textures/Weapons/Idle/BerettaM9_Idle.png
19:25:03.526 [JavaFX Application Thread] DEBUG FXGLAssetLoaderServi - Loading from file system: file:/C:/Users/acer/OneDrive/Desktop/git%20pull/CSS124L-FINAL-PROJECT/fp/target/classes/assets/textures/Weapons/Shooting/BerettaM9_Shooting.png
19:25:03.528 [JavaFX Application Thread] DEBUG FXGLAssetLoaderServi - Loading from file system: file:/C:/Users/acer/OneDrive/Desktop/git%20pull/CSS124L-FINAL-PROJECT/fp/target/classes/assets/textures/Players/1P_Shoot.png
19:25:03.532 [JavaFX Application Thread] DEBUG FXGLAssetLoaderServi - Loading from file system: file:/C:/Users/acer/OneDrive/Desktop/git%20pull/CSS124L-FINAL-PROJECT/fp/target/classes/assets/textures/Interactables/vending_machine.png
19:25:03.546 [ClientAsyncConnThread    ] DEBUG TCPClient            - Connecting to localhost:55555 type: class com.almasb.fxgl.core.serialization.Bundle
19:25:03.552 [ClientAsyncConnThread    ] DEBUG TCPClient            - Created socket to localhost:55555
19:25:03.558 [ClientAsyncConnThread    ] DEBUG Endpoint             - TCPClient opening new connection (1) from localhost/127.0.0.1:55555 type: class com.almasb.fxgl.core.serialization.Bundle
19:25:03.561 [ClientAsyncConnThread    ] DEBUG Endpoint             - TCPClient successfully opened connection (1)
19:25:03.567 [TCPClient_SendThread-1   ] DEBUG Writers              - Getting TCPMessageWriter for class com.almasb.fxgl.core.serialization.Bundle
19:25:03.567 [JavaFX Application Thread] DEBUG PrimaryStageWindow   - Pop state: PlayerCountMenu
19:25:03.568 [JavaFX Application Thread] DEBUG Input                - Clearing active input actions
19:25:03.568 [TCPClient_RecvThread-1   ] DEBUG Readers              - Getting TCPMessageReader for class com.almasb.fxgl.core.serialization.Bundle
19:25:03.568 [JavaFX Application Thread] DEBUG GameApplicationServi - Removing overlay from PlayerCountMenu and adding to PCM_BG
19:25:03.568 [TCPClient_SendThread-1   ] DEBUG Writers              - Constructed TCPMessageWriter for class com.almasb.fxgl.core.serialization.Bundle: BundleTCPMessageWriter
19:25:03.568 [TCPClient_RecvThread-1   ] DEBUG Readers              - Constructed MessageReader for class com.almasb.fxgl.core.serialization.Bundle: BundleTCPMessageReader
19:25:03.568 [JavaFX Application Thread] DEBUG PrimaryStageWindow   - PCM_BG <- PlayerCountMenu
19:25:03.568 [JavaFX Application Thread] DEBUG PrimaryStageWindow   - Pop state: PCM_BG
19:25:03.569 [JavaFX Application Thread] DEBUG Input                - Clearing active input actions
19:25:03.569 [JavaFX Application Thread] DEBUG GameApplicationServi - Removing overlay from PCM_BG and adding to GameScene
19:25:03.569 [JavaFX Application Thread] DEBUG PrimaryStageWindow   - GameScene <- PCM_BG
19:25:03.577 [JavaFX Application Thread] DEBUG LoopRunner           - Stopping loop
19:25:03.578 [JavaFX Application Thread] FATAL FXGLApplication      - Uncaught Exception:
java.lang.NullPointerException
	at com.almasb.fxgl.entity/com.almasb.fxgl.entity.Entity.distance(Entity.java:821)
	at com.groupfour.mygame/com.groupfour.mygame.App.onUpdate(App.java:475)
	at com.almasb.fxgl.all/com.almasb.fxgl.app.FXGLApplication$GameApplicationService.onGameUpdate(FXGLApplication.kt:421)
	at com.almasb.fxgl.all/com.almasb.fxgl.app.Engine.onGameUpdate(Engine.kt:137)
	at com.almasb.fxgl.all/com.almasb.fxgl.app.FXGLApplication.postServicesInit$lambda-7(FXGLApplication.kt:182)
	at com.almasb.fxgl.scene/com.almasb.fxgl.scene.Scene.update(Scene.kt:113)
	at com.almasb.fxgl.all/com.almasb.fxgl.app.MainWindow$update$1.invoke(MainWindow.kt:115)
	at com.almasb.fxgl.all/com.almasb.fxgl.app.MainWindow$update$1.invoke(MainWindow.kt:115)
	at com.almasb.fxgl.core/com.almasb.fxgl.core.fsm.StateMachine.runOnActiveStates(StateMachine.kt:69)
	at com.almasb.fxgl.all/com.almasb.fxgl.app.MainWindow.update(MainWindow.kt:115)
	at com.almasb.fxgl.all/com.almasb.fxgl.app.FXGLApplication$GameApplicationService.onUpdate(FXGLApplication.kt:426)
	at com.almasb.fxgl.all/com.almasb.fxgl.app.Engine.loop(Engine.kt:133)
	at com.almasb.fxgl.all/com.almasb.fxgl.app.Engine.access$loop(Engine.kt:24)
	at com.almasb.fxgl.all/com.almasb.fxgl.app.Engine$loop$1.invoke(Engine.kt:28)
	at com.almasb.fxgl.all/com.almasb.fxgl.app.Engine$loop$1.invoke(Engine.kt:28)
	at com.almasb.fxgl.all/com.almasb.fxgl.app.LoopRunner.frame(LoopRunner.kt:103)
	at com.almasb.fxgl.all/com.almasb.fxgl.app.LoopRunner.access$frame(LoopRunner.kt:23)
	at com.almasb.fxgl.all/com.almasb.fxgl.app.LoopRunner$impl$2$1.onTick(LoopRunner.kt:57)
	at com.almasb.fxgl.all/com.almasb.fxgl.app.AnimationTimerLoop$timer$1.handle(LoopRunner.kt:137)
	at javafx.graphics/javafx.animation.AnimationTimer$AnimationTimerReceiver.lambda$handle$0(AnimationTimer.java:57)
	at java.base/java.security.AccessController.doPrivileged(Native Method)
	at javafx.graphics/javafx.animation.AnimationTimer$AnimationTimerReceiver.handle(AnimationTimer.java:56)
	at javafx.graphics/com.sun.scenario.animation.AbstractPrimaryTimer.timePulseImpl(AbstractPrimaryTimer.java:356)
	at javafx.graphics/com.sun.scenario.animation.AbstractPrimaryTimer$MainLoop.run(AbstractPrimaryTimer.java:266)
	at javafx.graphics/com.sun.javafx.tk.quantum.QuantumToolkit.pulse(QuantumToolkit.java:559)
	at javafx.graphics/com.sun.javafx.tk.quantum.QuantumToolkit.pulse(QuantumToolkit.java:543)
	at javafx.graphics/com.sun.javafx.tk.quantum.QuantumToolkit.pulseFromQueue(QuantumToolkit.java:536)
	at javafx.graphics/com.sun.javafx.tk.quantum.QuantumToolkit.lambda$runToolkit$11(QuantumToolkit.java:342)
	at javafx.graphics/com.sun.glass.ui.InvokeLaterDispatcher$Future.run(InvokeLaterDispatcher.java:96)
	at javafx.graphics/com.sun.glass.ui.win.WinApplication._runLoop(Native Method)
	at javafx.graphics/com.sun.glass.ui.win.WinApplication.lambda$runLoop$3(WinApplication.java:174)
	at java.base/java.lang.Thread.run(Thread.java:834)

19:25:03.582 [JavaFX Application Thread] FATAL FXGLApplication      - Application will now exit
19:25:03.586 [JavaFX Application Thread] DEBUG PrimaryStageWindow   - Push state: ErrorSubScene
19:25:03.586 [JavaFX Application Thread] DEBUG Input                - Clearing active input actions
19:25:03.587 [JavaFX Application Thread] DEBUG GameApplicationServi - Removing overlay from GameScene and adding to ErrorSubScene
19:25:03.588 [JavaFX Application Thread] DEBUG PrimaryStageWindow   - GameScene -> ErrorSubScene
19:25:03.799 [FXGL Background Thread 3 ] DEBUG Engine               - Logging environment variables
19:25:03.799 [FXGL Background Thread 3 ] DEBUG Engine               - achievements: []
19:25:03.799 [FXGL Background Thread 3 ] DEBUG Engine               - actualHeight: 600.0
19:25:03.799 [FXGL Background Thread 3 ] DEBUG Engine               - actualHeightProperty: ReadOnlyDoubleProperty [value: 600.0]
19:25:03.799 [FXGL Background Thread 3 ] DEBUG Engine               - actualWidth: 800.0
19:25:03.799 [FXGL Background Thread 3 ] DEBUG Engine               - actualWidthProperty: ReadOnlyDoubleProperty [value: 800.0]
19:25:03.799 [FXGL Background Thread 3 ] DEBUG Engine               - appIcon: fxgl_icon.png
19:25:03.799 [FXGL Background Thread 3 ] DEBUG Engine               - applicationMode: DEVELOPER
19:25:03.800 [FXGL Background Thread 3 ] DEBUG Engine               - cSSList: [fxgl_dark.css]
19:25:03.800 [FXGL Background Thread 3 ] DEBUG Engine               - collisionDetectionStrategy: BRUTE_FORCE
19:25:03.800 [FXGL Background Thread 3 ] DEBUG Engine               - configClass: Optional.empty
19:25:03.800 [FXGL Background Thread 3 ] DEBUG Engine               - credits: []
19:25:03.800 [FXGL Background Thread 3 ] DEBUG Engine               - defaultCursor: CursorInfo(imageName=fxgl_default_cursor.png, hotspotX=7.0, hotspotY=6.0)
19:25:03.800 [FXGL Background Thread 3 ] DEBUG Engine               - devBBoxColorProperty: ObjectProperty [value: 0xff0000ff]
19:25:03.800 [FXGL Background Thread 3 ] DEBUG Engine               - devEnableDebugCameraProperty: BooleanProperty [value: false]
19:25:03.800 [FXGL Background Thread 3 ] DEBUG Engine               - devSensorColorProperty: ObjectProperty [value: 0xffff00ff]
19:25:03.800 [FXGL Background Thread 3 ] DEBUG Engine               - devShowBBoxProperty: BooleanProperty [value: false]
19:25:03.800 [FXGL Background Thread 3 ] DEBUG Engine               - devShowPositionProperty: BooleanProperty [value: false]
19:25:03.800 [FXGL Background Thread 3 ] DEBUG Engine               - enabledMenuItems: []
19:25:03.800 [FXGL Background Thread 3 ] DEBUG Engine               - engineServices: [class com.almasb.fxgl.app.services.FXGLAssetLoaderService, class com.almasb.fxgl.app.FXGLApplication$GameApplicationService, class com.almasb.fxgl.app.services.FXGLDialogService, class com.almasb.fxgl.app.services.IOTaskExecutorService, class com.almasb.fxgl.io.FileSystemService, class com.almasb.fxgl.localization.LocalizationService, class com.almasb.fxgl.app.services.SystemBundleService, class com.almasb.fxgl.profile.SaveLoadService, class com.almasb.fxgl.ui.FXGLUIFactoryServiceProvider, class com.almasb.fxgl.ui.FXGLDialogFactoryServiceProvider, class com.almasb.fxgl.audio.AudioPlayer, class com.almasb.fxgl.notification.impl.NotificationServiceProvider, class com.almasb.fxgl.achievement.AchievementService, class com.almasb.fxgl.cutscene.CutsceneService, class com.almasb.fxgl.minigames.MiniGameService, class com.almasb.fxgl.net.NetService, class com.almasb.fxgl.app.services.UpdaterService, class com.almasb.fxgl.dev.DevService, class com.almasb.fxgl.multiplayer.MultiplayerService]
19:25:03.800 [FXGL Background Thread 3 ] DEBUG Engine               - fontGame: Abel-Regular.ttf
19:25:03.800 [FXGL Background Thread 3 ] DEBUG Engine               - fontMono: lucida_console.ttf
19:25:03.800 [FXGL Background Thread 3 ] DEBUG Engine               - fontText: Courier-Prime.ttf
19:25:03.800 [FXGL Background Thread 3 ] DEBUG Engine               - fontUI: VarelaRound-Regular.ttf
19:25:03.800 [FXGL Background Thread 3 ] DEBUG Engine               - fullScreen: BooleanProperty [value: false]
19:25:03.800 [FXGL Background Thread 3 ] DEBUG Engine               - gameDifficulty: MEDIUM
19:25:03.800 [FXGL Background Thread 3 ] DEBUG Engine               - gameDifficultyProperty: ObjectProperty [value: MEDIUM]
19:25:03.800 [FXGL Background Thread 3 ] DEBUG Engine               - globalMusicVolume: 0.5
19:25:03.800 [FXGL Background Thread 3 ] DEBUG Engine               - globalMusicVolumeProperty: DoubleProperty [value: 0.5]
19:25:03.800 [FXGL Background Thread 3 ] DEBUG Engine               - globalSoundVolume: 0.5
19:25:03.800 [FXGL Background Thread 3 ] DEBUG Engine               - globalSoundVolumeProperty: DoubleProperty [value: 0.5]
19:25:03.801 [FXGL Background Thread 3 ] DEBUG Engine               - height: 600
19:25:03.801 [FXGL Background Thread 3 ] DEBUG Engine               - is3D: false
19:25:03.801 [FXGL Background Thread 3 ] DEBUG Engine               - isAndroid: false
19:25:03.801 [FXGL Background Thread 3 ] DEBUG Engine               - isBrowser: false
19:25:03.801 [FXGL Background Thread 3 ] DEBUG Engine               - isClickFeedbackEnabled: false
19:25:03.801 [FXGL Background Thread 3 ] DEBUG Engine               - isCloseConfirmation: false
19:25:03.801 [FXGL Background Thread 3 ] DEBUG Engine               - isDesktop: true
19:25:03.801 [FXGL Background Thread 3 ] DEBUG Engine               - isDeveloperMenuEnabled: true
19:25:03.801 [FXGL Background Thread 3 ] DEBUG Engine               - isEmbedded: false
19:25:03.801 [FXGL Background Thread 3 ] DEBUG Engine               - isEntityPreloadEnabled: true
19:25:03.801 [FXGL Background Thread 3 ] DEBUG Engine               - isExperimentalTiledLargeMap: false
19:25:03.801 [FXGL Background Thread 3 ] DEBUG Engine               - isFileSystemWriteAllowed: true
19:25:03.801 [FXGL Background Thread 3 ] DEBUG Engine               - isFullScreenAllowed: false
19:25:03.801 [FXGL Background Thread 3 ] DEBUG Engine               - isFullScreenFromStart: false
19:25:03.801 [FXGL Background Thread 3 ] DEBUG Engine               - isGameMenuEnabled: true
19:25:03.801 [FXGL Background Thread 3 ] DEBUG Engine               - isIOS: false
19:25:03.801 [FXGL Background Thread 3 ] DEBUG Engine               - isIntroEnabled: false
19:25:03.801 [FXGL Background Thread 3 ] DEBUG Engine               - isLinux: false
19:25:03.801 [FXGL Background Thread 3 ] DEBUG Engine               - isMac: false
19:25:03.801 [FXGL Background Thread 3 ] DEBUG Engine               - isMainMenuEnabled: true
19:25:03.802 [FXGL Background Thread 3 ] DEBUG Engine               - isManualResizeEnabled: false
19:25:03.802 [FXGL Background Thread 3 ] DEBUG Engine               - isMobile: false
19:25:03.802 [FXGL Background Thread 3 ] DEBUG Engine               - isNative: false
19:25:03.802 [FXGL Background Thread 3 ] DEBUG Engine               - isPauseMusicWhenMinimized: true
19:25:03.802 [FXGL Background Thread 3 ] DEBUG Engine               - isPreserveResizeRatio: false
19:25:03.802 [FXGL Background Thread 3 ] DEBUG Engine               - isProfilingEnabled: false
19:25:03.802 [FXGL Background Thread 3 ] DEBUG Engine               - isScaleAffectedOnResize: true
19:25:03.802 [FXGL Background Thread 3 ] DEBUG Engine               - isSingleStep: false
19:25:03.802 [FXGL Background Thread 3 ] DEBUG Engine               - isUserProfileEnabled: false
19:25:03.802 [FXGL Background Thread 3 ] DEBUG Engine               - isWindows: true
19:25:03.802 [FXGL Background Thread 3 ] DEBUG Engine               - language: ObjectProperty [value: ENGLISH]
19:25:03.802 [FXGL Background Thread 3 ] DEBUG Engine               - menuKey: ESCAPE
19:25:03.802 [FXGL Background Thread 3 ] DEBUG Engine               - mouseSensitivity: 0.2
19:25:03.802 [FXGL Background Thread 3 ] DEBUG Engine               - notificationViewClass: class com.almasb.fxgl.notification.view.XboxNotificationView
19:25:03.802 [FXGL Background Thread 3 ] DEBUG Engine               - pixelsPerMeter: 50.0
19:25:03.802 [FXGL Background Thread 3 ] DEBUG Engine               - platform: WINDOWS
19:25:03.802 [FXGL Background Thread 3 ] DEBUG Engine               - prefHeightProperty: ReadOnlyDoubleProperty [value: 600.0]
19:25:03.802 [FXGL Background Thread 3 ] DEBUG Engine               - prefWidthProperty: ReadOnlyDoubleProperty [value: 800.0]
19:25:03.802 [FXGL Background Thread 3 ] DEBUG Engine               - profileDir: profiles/
19:25:03.802 [FXGL Background Thread 3 ] DEBUG Engine               - profileName: StringProperty [value: DEFAULT]
19:25:03.802 [FXGL Background Thread 3 ] DEBUG Engine               - randomSeed: -1
19:25:03.802 [FXGL Background Thread 3 ] DEBUG Engine               - runtimeInfo: RuntimeInfo(platform=WINDOWS, version=dev-SNAPSHOT, build=28.07.2021 16.39)
19:25:03.802 [FXGL Background Thread 3 ] DEBUG Engine               - saveFileExt: sav
19:25:03.802 [FXGL Background Thread 3 ] DEBUG Engine               - scaledHeightProp$fxgl: DoubleProperty [bound, value: 600.0]
19:25:03.803 [FXGL Background Thread 3 ] DEBUG Engine               - scaledWidthProp$fxgl: DoubleProperty [bound, value: 800.0]
19:25:03.803 [FXGL Background Thread 3 ] DEBUG Engine               - sceneFactory: com.groupfour.mygame.App$1@44c44c57
19:25:03.803 [FXGL Background Thread 3 ] DEBUG Engine               - secondsIn24h: 60
19:25:03.803 [FXGL Background Thread 3 ] DEBUG Engine               - soundMenuBack: menu/back.wav
19:25:03.803 [FXGL Background Thread 3 ] DEBUG Engine               - soundMenuPress: titleSelect.mp3
19:25:03.803 [FXGL Background Thread 3 ] DEBUG Engine               - soundMenuSelect: menu/select.wav
19:25:03.803 [FXGL Background Thread 3 ] DEBUG Engine               - soundNotification: core/notification.wav
19:25:03.803 [FXGL Background Thread 3 ] DEBUG Engine               - stageStyle: DECORATED
19:25:03.803 [FXGL Background Thread 3 ] DEBUG Engine               - supportedLanguages: [ENGLISH, FRENCH, GERMAN, HUNGARIAN, RUSSIAN]
19:25:03.803 [FXGL Background Thread 3 ] DEBUG Engine               - ticksPerSecond: -1
19:25:03.803 [FXGL Background Thread 3 ] DEBUG Engine               - title: Flatline: Oregon
19:25:03.803 [FXGL Background Thread 3 ] DEBUG Engine               - urlGithub: https://github.com/AlmasB/FXGL
19:25:03.803 [FXGL Background Thread 3 ] DEBUG Engine               - urlLeaderboard: http://fxgl-top.herokuapp.com/
19:25:03.803 [FXGL Background Thread 3 ] DEBUG Engine               - urlPOM: https://raw.githubusercontent.com/AlmasB/FXGL/release/README.md
19:25:03.803 [FXGL Background Thread 3 ] DEBUG Engine               - userAppClass: class com.groupfour.mygame.App
19:25:03.804 [FXGL Background Thread 3 ] DEBUG Engine               - version: Beta ?
19:25:03.804 [FXGL Background Thread 3 ] DEBUG Engine               - versionCheckDays: 7
19:25:03.804 [FXGL Background Thread 3 ] DEBUG Engine               - width: 800
19:25:03.804 [FXGL Background Thread 3 ] DEBUG Engine               - Logging services
19:25:03.804 [FXGL Background Thread 3 ] DEBUG Engine               - class com.almasb.fxgl.app.services.FXGLAssetLoaderService
19:25:03.804 [FXGL Background Thread 3 ] DEBUG Engine               - class com.almasb.fxgl.app.FXGLApplication$GameApplicationService
19:25:03.804 [FXGL Background Thread 3 ] DEBUG Engine               - class com.almasb.fxgl.app.services.FXGLDialogService
19:25:03.805 [FXGL Background Thread 3 ] DEBUG Engine               - class com.almasb.fxgl.app.services.IOTaskExecutorService
19:25:03.805 [FXGL Background Thread 3 ] DEBUG Engine               - class com.almasb.fxgl.io.FileSystemService
19:25:03.805 [FXGL Background Thread 3 ] DEBUG Engine               - class com.almasb.fxgl.localization.LocalizationService
19:25:03.805 [FXGL Background Thread 3 ] DEBUG Engine               - class com.almasb.fxgl.app.services.SystemBundleService
19:25:03.805 [FXGL Background Thread 3 ] DEBUG Engine               - class com.almasb.fxgl.profile.SaveLoadService
19:25:03.805 [FXGL Background Thread 3 ] DEBUG Engine               - class com.almasb.fxgl.ui.FXGLUIFactoryServiceProvider
19:25:03.805 [FXGL Background Thread 3 ] DEBUG Engine               - class com.almasb.fxgl.ui.FXGLDialogFactoryServiceProvider
19:25:03.805 [FXGL Background Thread 3 ] DEBUG Engine               - class com.almasb.fxgl.audio.AudioPlayer
19:25:03.805 [FXGL Background Thread 3 ] DEBUG Engine               - class com.almasb.fxgl.notification.impl.NotificationServiceProvider
19:25:03.806 [FXGL Background Thread 3 ] DEBUG Engine               - class com.almasb.fxgl.achievement.AchievementService
19:25:03.806 [FXGL Background Thread 3 ] DEBUG Engine               - class com.almasb.fxgl.cutscene.CutsceneService
19:25:03.806 [FXGL Background Thread 3 ] DEBUG Engine               - class com.almasb.fxgl.minigames.MiniGameService
19:25:03.806 [FXGL Background Thread 3 ] DEBUG Engine               - class com.almasb.fxgl.net.NetService
19:25:03.806 [FXGL Background Thread 3 ] DEBUG Engine               - class com.almasb.fxgl.app.services.UpdaterService
19:25:03.806 [FXGL Background Thread 3 ] DEBUG Engine               - class com.almasb.fxgl.dev.DevService
19:25:03.806 [FXGL Background Thread 3 ] DEBUG Engine               - class com.almasb.fxgl.multiplayer.MultiplayerService
19:25:08.384 [JavaFX Application Thread] DEBUG FXGLApplication      - Exiting FXGL
19:25:08.384 [JavaFX Application Thread] DEBUG Async                - Shutting down background threads
19:25:08.385 [JavaFX Application Thread] DEBUG PrimaryStageWindow   - Closing main window
19:25:08.396 [JavaFX Application Thread] DEBUG Logger               - Closing Logger
