21:21:47.449 [main                     ] DEBUG Logger               - Configured Logger
21:21:47.492 [main                     ] DEBUG GameApplication      - Logging settings
Title: Flatline: Oregon
Version: Beta ?
Width: 800
Height: 600
Fullscreen: false
Intro: false
Profiling: false
Single step:false
App Mode: DEVELOPER
Menu Key: ESCAPE
Stage Style: DECORATED
Scene Factory: class com.groupfour.mygame.App$1

21:21:47.956 [JavaFX Application Thread] DEBUG FXGLApplication      - Initializing FXGL
21:21:47.959 [JavaFX Application Thread] INFO  Engine               - FXGL-dev-SNAPSHOT (28.07.2021 16.39) on WINDOWS (J:11.0.22 FX:16)
21:21:47.962 [JavaFX Application Thread] DEBUG Engine               - JRE Vendor Name: Oracle Corporation
21:21:47.962 [JavaFX Application Thread] DEBUG Engine               - Running on OS: Windows 11 version 10.0
21:21:47.963 [JavaFX Application Thread] DEBUG Engine               - Architecture: amd64
21:21:47.963 [JavaFX Application Thread] INFO  Engine               - Source code and latest versions at: https://github.com/AlmasB/FXGL
21:21:47.964 [JavaFX Application Thread] INFO  Engine               -              Join the FXGL chat at: https://gitter.im/AlmasB/FXGL
21:21:48.057 [JavaFX Application Thread] DEBUG PrimaryStageWindow   - Creating a JavaFX scene
21:21:48.128 [JavaFX Application Thread] DEBUG PrimaryStageWindow   - Target settings size: 800.0 x 600.0
21:21:48.128 [JavaFX Application Thread] DEBUG PrimaryStageWindow   - Scaled scene size:    800.0 x 600.0
21:21:48.128 [JavaFX Application Thread] DEBUG PrimaryStageWindow   - Scaled ratio: (1.0, 1.0)
21:21:48.129 [JavaFX Application Thread] DEBUG PrimaryStageWindow   - Set initial scene to FXGLStartupScene
21:21:48.136 [JavaFX Application Thread] DEBUG PrimaryStageWindow   - Opening main window
21:21:48.284 [JavaFX Application Thread] DEBUG PrimaryStageWindow   - Window border size: (14.4000244140625, 37.5999755859375)
21:21:48.284 [JavaFX Application Thread] DEBUG PrimaryStageWindow   - Scaled size: 800.0 x 600.0
21:21:48.285 [JavaFX Application Thread] DEBUG PrimaryStageWindow   - Scaled ratio: (1.0, 1.0)
21:21:48.285 [JavaFX Application Thread] DEBUG PrimaryStageWindow   - Scene size: 800.0 x 600.0
21:21:48.285 [JavaFX Application Thread] DEBUG PrimaryStageWindow   - Stage size: 814.4000244140625 x 637.5999755859375
21:21:48.294 [FXGL Background Thread 1 ] DEBUG Engine               - Initializing environment variables
21:21:48.373 [FXGL Background Thread 1 ] DEBUG FXGLAssetLoaderServi - User app class for loading assets: class com.groupfour.mygame.App
21:21:48.373 [FXGL Background Thread 1 ] DEBUG GameApplicationServi - Applying CSS: fxgl_dark.css
21:21:48.374 [FXGL Background Thread 1 ] DEBUG FXGLAssetLoaderServi - Loading from file system: jar:file:///C:/Users/acer/.m2/repository/com/github/almasb/fxgl/dev-SNAPSHOT/fxgl-dev-SNAPSHOT.jar!/fxglassets/ui/css/fxgl_dark.css
21:21:48.428 [FXGL Background Thread 1 ] DEBUG GameApplicationServi - Initializing application scenes
21:21:48.469 [FXGL Background Thread 1 ] DEBUG GameWorld            - Game world initialized
21:21:48.524 [FXGL Background Thread 1 ] DEBUG PhysicsWorld         - Physics world initialized: appHeight=600, physics.ppm=50.0
21:21:48.525 [FXGL Background Thread 1 ] DEBUG PhysicsWorld         - Using strategy: BRUTE_FORCE
21:21:48.528 [FXGL Background Thread 1 ] DEBUG GameScene            - Game scene initialized: 800x600
21:21:48.542 [FXGL Background Thread 1 ] DEBUG FXGL.DefaultMenu     - createMenuBodyMainMenu()
21:21:48.561 [FXGL Background Thread 1 ] DEBUG FXGL.DefaultMenu     - createOptionsMenu()
21:21:48.572 [FXGL Background Thread 1 ] DEBUG FXGLAssetLoaderServi - Loading from file system: jar:file:///C:/Users/acer/.m2/repository/com/github/almasb/fxgl/dev-SNAPSHOT/fxgl-dev-SNAPSHOT.jar!/fxglassets/textures/particles/smoke.png
21:21:48.698 [FXGL Background Thread 1 ] DEBUG FXGLAssetLoaderServi - Loading from file system: jar:file:///C:/Users/acer/.m2/repository/com/github/almasb/fxgl/dev-SNAPSHOT/fxgl-dev-SNAPSHOT.jar!/fxglassets/textures/particles/trace_horizontal.png
21:21:48.746 [FXGL Background Thread 1 ] DEBUG FXGLAssetLoaderServi - Loading from file system: file:/C:/Users/acer/OneDrive/Desktop/git%20pull/CSS124L-FINAL-PROJECT/fp/target/classes/assets/ui/fonts/PIXELADE.TTF
21:21:49.354 [FXGL Background Thread 1 ] DEBUG FXGLAssetLoaderServi - Loading from file system: file:/C:/Users/acer/OneDrive/Desktop/git%20pull/CSS124L-FINAL-PROJECT/fp/target/classes/assets/textures/spbtn.png
21:21:49.380 [FXGL Background Thread 1 ] DEBUG FXGLAssetLoaderServi - Loading from file system: file:/C:/Users/acer/OneDrive/Desktop/git%20pull/CSS124L-FINAL-PROJECT/fp/target/classes/assets/textures/mpbtn.png
21:21:49.389 [FXGL Background Thread 1 ] DEBUG FXGLAssetLoaderServi - Loading from file system: file:/C:/Users/acer/OneDrive/Desktop/git%20pull/CSS124L-FINAL-PROJECT/fp/target/classes/assets/textures/return.png
21:21:49.408 [FXGL Background Thread 1 ] DEBUG GameApplicationServi - Application scenes initialized
21:21:49.417 [FXGL Background Thread 1 ] DEBUG SystemBundleService  - Loading FXGL system data
21:21:49.423 [FXGL Background Thread 1 ] DEBUG FileSystemAccess     - Reading from: C:\Users\acer\OneDrive\Desktop\git pull\CSS124L-FINAL-PROJECT\system\fxgl.bundle
21:21:49.428 [FXGL Background Thread 1 ] DEBUG SystemBundleService  - Bundle FXGL: {}
21:21:49.428 [FXGL Background Thread 1 ] DEBUG UpdaterService       - Checking for updates
21:21:49.456 [FXGL Background Thread 1 ] DEBUG FXGLApplication      - Loading default localization
21:21:49.456 [FXGL Background Thread 4 ] DEBUG FXGLApplication      - Loading fonts
21:21:49.457 [FXGL Background Thread 1 ] DEBUG FXGLAssetLoaderServi - Loading from file system: jar:file:///C:/Users/acer/.m2/repository/com/github/almasb/fxgl/dev-SNAPSHOT/fxgl-dev-SNAPSHOT.jar!/fxglassets/languages/english.lang
21:21:49.457 [FXGL Background Thread 4 ] DEBUG FXGLAssetLoaderServi - Loading from file system: jar:file:///C:/Users/acer/.m2/repository/com/github/almasb/fxgl/dev-SNAPSHOT/fxgl-dev-SNAPSHOT.jar!/fxglassets/ui/fonts/VarelaRound-Regular.ttf
21:21:49.467 [FXGL Background Thread 4 ] DEBUG FXGLAssetLoaderServi - Loading from file system: jar:file:///C:/Users/acer/.m2/repository/com/github/almasb/fxgl/dev-SNAPSHOT/fxgl-dev-SNAPSHOT.jar!/fxglassets/ui/fonts/Abel-Regular.ttf
21:21:49.472 [FXGL Background Thread 1 ] INFO  FXGLApplication      - FXGL initialization took: 1.178 sec
21:21:49.474 [FXGL Background Thread 4 ] DEBUG FXGLAssetLoaderServi - Loading from file system: jar:file:///C:/Users/acer/.m2/repository/com/github/almasb/fxgl/dev-SNAPSHOT/fxgl-dev-SNAPSHOT.jar!/fxglassets/ui/fonts/lucida_console.ttf
21:21:49.486 [JavaFX Application Thread] DEBUG Input                - Registered new binding: Move Upwards - W
21:21:49.486 [JavaFX Application Thread] DEBUG Input                - Registered new binding: Move Down - S
21:21:49.486 [JavaFX Application Thread] DEBUG Input                - Registered new binding: Move Left - A
21:21:49.486 [JavaFX Application Thread] DEBUG Input                - Registered new binding: Move Right - D
21:21:49.487 [JavaFX Application Thread] DEBUG Input                - Registered new binding: Reload - R
21:21:49.488 [JavaFX Application Thread] DEBUG Input                - Registered new binding: Shoot - LMB
21:21:49.488 [JavaFX Application Thread] DEBUG Input                - Registered new binding: Switch Weapons - Q
21:21:49.488 [JavaFX Application Thread] DEBUG Input                - Registered new binding: Interact - F
21:21:49.488 [FXGL Background Thread 4 ] DEBUG FXGLAssetLoaderServi - Loading from file system: jar:file:///C:/Users/acer/.m2/repository/com/github/almasb/fxgl/dev-SNAPSHOT/fxgl-dev-SNAPSHOT.jar!/fxglassets/ui/fonts/Courier-Prime.ttf
21:21:49.489 [JavaFX Application Thread] DEBUG FXGLAssetLoaderServi - Loading from file system: file:/C:/Users/acer/OneDrive/Desktop/git%20pull/CSS124L-FINAL-PROJECT/fp/target/classes/assets/music/titleBGM.mp3
21:21:49.665 [JavaFX Application Thread] DEBUG AudioPlayer          - Playing music com.almasb.fxgl.audio.Music@26a4ffd3
21:21:49.666 [JavaFX Application Thread] DEBUG FXGLAssetLoaderServi - Loading from file system: jar:file:///C:/Users/acer/.m2/repository/com/github/almasb/fxgl/dev-SNAPSHOT/fxgl-dev-SNAPSHOT.jar!/fxglassets/textures/fxgl_icon.png
21:21:49.688 [JavaFX Application Thread] DEBUG FXGLAssetLoaderServi - Loading from file system: jar:file:///C:/Users/acer/.m2/repository/com/github/almasb/fxgl/dev-SNAPSHOT/fxgl-dev-SNAPSHOT.jar!/fxglassets/textures/fxgl_default_cursor.png
21:21:49.691 [JavaFX Application Thread] DEBUG Input                - Registered new binding: Screenshot - CTRL+8
21:21:49.692 [JavaFX Application Thread] DEBUG Input                - Registered new binding: Dev Options - 1
21:21:49.694 [JavaFX Application Thread] DEBUG Input                - Registered new binding: Dev Console - 2
21:21:49.695 [JavaFX Application Thread] DEBUG Input                - Registered new binding: System info dump - CTRL+9
21:21:49.695 [JavaFX Application Thread] DEBUG Input                - Registered new binding: Restart - CTRL+R
21:21:49.696 [JavaFX Application Thread] DEBUG Input                - Registered new binding: Toggle Debug Camera - CTRL+C
21:21:49.700 [JavaFX Application Thread] DEBUG LoopRunner           - Starting loop
21:21:49.733 [JavaFX Application Thread] DEBUG LoopRunner           - Initializing JavaFX AnimationTimerLoop
21:21:49.738 [JavaFX Application Thread] DEBUG Input                - Clearing active input actions
21:21:49.749 [JavaFX Application Thread] DEBUG GameApplicationServi - Removing overlay from FXGLStartupScene and adding to FXGLMainMenuDummyScene
21:21:49.754 [JavaFX Application Thread] DEBUG PrimaryStageWindow   - FXGLStartupScene -> FXGLMainMenuDummyScene
21:21:49.754 [JavaFX Application Thread] DEBUG PrimaryStageWindow   - Push state: FXGLDefaultMenu
21:21:49.757 [JavaFX Application Thread] DEBUG Input                - Clearing active input actions
21:21:49.766 [JavaFX Application Thread] DEBUG GameApplicationServi - Removing overlay from FXGLMainMenuDummyScene and adding to FXGLDefaultMenu
21:21:49.767 [JavaFX Application Thread] DEBUG PrimaryStageWindow   - FXGLMainMenuDummyScene -> FXGLDefaultMenu
21:21:49.768 [JavaFX Application Thread] DEBUG FXGLApplication      - Registering font factories with UI factory
21:21:50.788 [FXGL Background Thread 2 ] INFO  UpdaterService       - Your current version:  dev-SNAPSHOT
21:21:50.789 [FXGL Background Thread 2 ] INFO  UpdaterService       - Latest stable version: 21.1
21:21:52.454 [FXGL Background Thread 3 ] DEBUG Engine               - Logging environment variables
21:21:52.456 [FXGL Background Thread 3 ] DEBUG Engine               - achievements: []
21:21:52.456 [FXGL Background Thread 3 ] DEBUG Engine               - actualHeight: 600.0
21:21:52.457 [FXGL Background Thread 3 ] DEBUG Engine               - actualHeightProperty: ReadOnlyDoubleProperty [value: 600.0]
21:21:52.457 [FXGL Background Thread 3 ] DEBUG Engine               - actualWidth: 800.0
21:21:52.457 [FXGL Background Thread 3 ] DEBUG Engine               - actualWidthProperty: ReadOnlyDoubleProperty [value: 800.0]
21:21:52.457 [FXGL Background Thread 3 ] DEBUG Engine               - appIcon: fxgl_icon.png
21:21:52.457 [FXGL Background Thread 3 ] DEBUG Engine               - applicationMode: DEVELOPER
21:21:52.458 [FXGL Background Thread 3 ] DEBUG Engine               - cSSList: [fxgl_dark.css]
21:21:52.458 [FXGL Background Thread 3 ] DEBUG Engine               - collisionDetectionStrategy: BRUTE_FORCE
21:21:52.458 [FXGL Background Thread 3 ] DEBUG Engine               - configClass: Optional.empty
21:21:52.458 [FXGL Background Thread 3 ] DEBUG Engine               - credits: []
21:21:52.458 [FXGL Background Thread 3 ] DEBUG Engine               - defaultCursor: CursorInfo(imageName=fxgl_default_cursor.png, hotspotX=7.0, hotspotY=6.0)
21:21:52.459 [FXGL Background Thread 3 ] DEBUG Engine               - devBBoxColorProperty: ObjectProperty [value: 0xff0000ff]
21:21:52.459 [FXGL Background Thread 3 ] DEBUG Engine               - devEnableDebugCameraProperty: BooleanProperty [value: false]
21:21:52.459 [FXGL Background Thread 3 ] DEBUG Engine               - devSensorColorProperty: ObjectProperty [value: 0xffff00ff]
21:21:52.459 [FXGL Background Thread 3 ] DEBUG Engine               - devShowBBoxProperty: BooleanProperty [value: false]
21:21:52.459 [FXGL Background Thread 3 ] DEBUG Engine               - devShowPositionProperty: BooleanProperty [value: false]
21:21:52.459 [FXGL Background Thread 3 ] DEBUG Engine               - enabledMenuItems: []
21:21:52.460 [FXGL Background Thread 3 ] DEBUG Engine               - engineServices: [class com.almasb.fxgl.app.services.FXGLAssetLoaderService, class com.almasb.fxgl.app.FXGLApplication$GameApplicationService, class com.almasb.fxgl.app.services.FXGLDialogService, class com.almasb.fxgl.app.services.IOTaskExecutorService, class com.almasb.fxgl.io.FileSystemService, class com.almasb.fxgl.localization.LocalizationService, class com.almasb.fxgl.app.services.SystemBundleService, class com.almasb.fxgl.profile.SaveLoadService, class com.almasb.fxgl.ui.FXGLUIFactoryServiceProvider, class com.almasb.fxgl.ui.FXGLDialogFactoryServiceProvider, class com.almasb.fxgl.audio.AudioPlayer, class com.almasb.fxgl.notification.impl.NotificationServiceProvider, class com.almasb.fxgl.achievement.AchievementService, class com.almasb.fxgl.cutscene.CutsceneService, class com.almasb.fxgl.minigames.MiniGameService, class com.almasb.fxgl.net.NetService, class com.almasb.fxgl.app.services.UpdaterService, class com.almasb.fxgl.dev.DevService, class com.almasb.fxgl.multiplayer.MultiplayerService]
21:21:52.460 [FXGL Background Thread 3 ] DEBUG Engine               - fontGame: Abel-Regular.ttf
21:21:52.460 [FXGL Background Thread 3 ] DEBUG Engine               - fontMono: lucida_console.ttf
21:21:52.460 [FXGL Background Thread 3 ] DEBUG Engine               - fontText: Courier-Prime.ttf
21:21:52.460 [FXGL Background Thread 3 ] DEBUG Engine               - fontUI: VarelaRound-Regular.ttf
21:21:52.460 [FXGL Background Thread 3 ] DEBUG Engine               - fullScreen: BooleanProperty [value: false]
21:21:52.460 [FXGL Background Thread 3 ] DEBUG Engine               - gameDifficulty: MEDIUM
21:21:52.460 [FXGL Background Thread 3 ] DEBUG Engine               - gameDifficultyProperty: ObjectProperty [value: MEDIUM]
21:21:52.460 [FXGL Background Thread 3 ] DEBUG Engine               - globalMusicVolume: 0.5
21:21:52.460 [FXGL Background Thread 3 ] DEBUG Engine               - globalMusicVolumeProperty: DoubleProperty [value: 0.5]
21:21:52.461 [FXGL Background Thread 3 ] DEBUG Engine               - globalSoundVolume: 0.5
21:21:52.461 [FXGL Background Thread 3 ] DEBUG Engine               - globalSoundVolumeProperty: DoubleProperty [value: 0.5]
21:21:52.461 [FXGL Background Thread 3 ] DEBUG Engine               - height: 600
21:21:52.461 [FXGL Background Thread 3 ] DEBUG Engine               - is3D: false
21:21:52.461 [FXGL Background Thread 3 ] DEBUG Engine               - isAndroid: false
21:21:52.461 [FXGL Background Thread 3 ] DEBUG Engine               - isBrowser: false
21:21:52.461 [FXGL Background Thread 3 ] DEBUG Engine               - isClickFeedbackEnabled: false
21:21:52.462 [FXGL Background Thread 3 ] DEBUG Engine               - isCloseConfirmation: false
21:21:52.462 [FXGL Background Thread 3 ] DEBUG Engine               - isDesktop: true
21:21:52.462 [FXGL Background Thread 3 ] DEBUG Engine               - isDeveloperMenuEnabled: true
21:21:52.462 [FXGL Background Thread 3 ] DEBUG Engine               - isEmbedded: false
21:21:52.462 [FXGL Background Thread 3 ] DEBUG Engine               - isEntityPreloadEnabled: true
21:21:52.462 [FXGL Background Thread 3 ] DEBUG Engine               - isExperimentalTiledLargeMap: false
21:21:52.462 [FXGL Background Thread 3 ] DEBUG Engine               - isFileSystemWriteAllowed: true
21:21:52.463 [FXGL Background Thread 3 ] DEBUG Engine               - isFullScreenAllowed: false
21:21:52.463 [FXGL Background Thread 3 ] DEBUG Engine               - isFullScreenFromStart: false
21:21:52.463 [FXGL Background Thread 3 ] DEBUG Engine               - isGameMenuEnabled: true
21:21:52.463 [FXGL Background Thread 3 ] DEBUG Engine               - isIOS: false
21:21:52.463 [FXGL Background Thread 3 ] DEBUG Engine               - isIntroEnabled: false
21:21:52.464 [FXGL Background Thread 3 ] DEBUG Engine               - isLinux: false
21:21:52.464 [FXGL Background Thread 3 ] DEBUG Engine               - isMac: false
21:21:52.464 [FXGL Background Thread 3 ] DEBUG Engine               - isMainMenuEnabled: true
21:21:52.464 [FXGL Background Thread 3 ] DEBUG Engine               - isManualResizeEnabled: false
21:21:52.464 [FXGL Background Thread 3 ] DEBUG Engine               - isMobile: false
21:21:52.464 [FXGL Background Thread 3 ] DEBUG Engine               - isNative: false
21:21:52.464 [FXGL Background Thread 3 ] DEBUG Engine               - isPauseMusicWhenMinimized: true
21:21:52.464 [FXGL Background Thread 3 ] DEBUG Engine               - isPreserveResizeRatio: false
21:21:52.464 [FXGL Background Thread 3 ] DEBUG Engine               - isProfilingEnabled: false
21:21:52.464 [FXGL Background Thread 3 ] DEBUG Engine               - isScaleAffectedOnResize: true
21:21:52.464 [FXGL Background Thread 3 ] DEBUG Engine               - isSingleStep: false
21:21:52.465 [FXGL Background Thread 3 ] DEBUG Engine               - isUserProfileEnabled: false
21:21:52.465 [FXGL Background Thread 3 ] DEBUG Engine               - isWindows: true
21:21:52.465 [FXGL Background Thread 3 ] DEBUG Engine               - language: ObjectProperty [value: ENGLISH]
21:21:52.465 [FXGL Background Thread 3 ] DEBUG Engine               - menuKey: ESCAPE
21:21:52.465 [FXGL Background Thread 3 ] DEBUG Engine               - mouseSensitivity: 0.2
21:21:52.465 [FXGL Background Thread 3 ] DEBUG Engine               - notificationViewClass: class com.almasb.fxgl.notification.view.XboxNotificationView
21:21:52.465 [FXGL Background Thread 3 ] DEBUG Engine               - pixelsPerMeter: 50.0
21:21:52.465 [FXGL Background Thread 3 ] DEBUG Engine               - platform: WINDOWS
21:21:52.465 [FXGL Background Thread 3 ] DEBUG Engine               - prefHeightProperty: ReadOnlyDoubleProperty [value: 600.0]
21:21:52.466 [FXGL Background Thread 3 ] DEBUG Engine               - prefWidthProperty: ReadOnlyDoubleProperty [value: 800.0]
21:21:52.466 [FXGL Background Thread 3 ] DEBUG Engine               - profileDir: profiles/
21:21:52.466 [FXGL Background Thread 3 ] DEBUG Engine               - profileName: StringProperty [value: DEFAULT]
21:21:52.466 [FXGL Background Thread 3 ] DEBUG Engine               - randomSeed: -1
21:21:52.466 [FXGL Background Thread 3 ] DEBUG Engine               - runtimeInfo: RuntimeInfo(platform=WINDOWS, version=dev-SNAPSHOT, build=28.07.2021 16.39)
21:21:52.466 [FXGL Background Thread 3 ] DEBUG Engine               - saveFileExt: sav
21:21:52.466 [FXGL Background Thread 3 ] DEBUG Engine               - scaledHeightProp$fxgl: DoubleProperty [bound, value: 600.0]
21:21:52.466 [FXGL Background Thread 3 ] DEBUG Engine               - scaledWidthProp$fxgl: DoubleProperty [bound, value: 800.0]
21:21:52.467 [FXGL Background Thread 3 ] DEBUG Engine               - sceneFactory: com.groupfour.mygame.App$1@7a3f2c2b
21:21:52.467 [FXGL Background Thread 3 ] DEBUG Engine               - secondsIn24h: 60
21:21:52.467 [FXGL Background Thread 3 ] DEBUG Engine               - soundMenuBack: menu/back.wav
21:21:52.467 [FXGL Background Thread 3 ] DEBUG Engine               - soundMenuPress: titleSelect.mp3
21:21:52.467 [FXGL Background Thread 3 ] DEBUG Engine               - soundMenuSelect: menu/select.wav
21:21:52.467 [FXGL Background Thread 3 ] DEBUG Engine               - soundNotification: core/notification.wav
21:21:52.467 [FXGL Background Thread 3 ] DEBUG Engine               - stageStyle: DECORATED
21:21:52.467 [FXGL Background Thread 3 ] DEBUG Engine               - supportedLanguages: [ENGLISH, FRENCH, GERMAN, HUNGARIAN, RUSSIAN]
21:21:52.467 [FXGL Background Thread 3 ] DEBUG Engine               - ticksPerSecond: -1
21:21:52.467 [FXGL Background Thread 3 ] DEBUG Engine               - title: Flatline: Oregon
21:21:52.468 [FXGL Background Thread 3 ] DEBUG Engine               - urlGithub: https://github.com/AlmasB/FXGL
21:21:52.468 [FXGL Background Thread 3 ] DEBUG Engine               - urlLeaderboard: http://fxgl-top.herokuapp.com/
21:21:52.468 [FXGL Background Thread 3 ] DEBUG Engine               - urlPOM: https://raw.githubusercontent.com/AlmasB/FXGL/release/README.md
21:21:52.468 [FXGL Background Thread 3 ] DEBUG Engine               - userAppClass: class com.groupfour.mygame.App
21:21:52.468 [FXGL Background Thread 3 ] DEBUG Engine               - version: Beta ?
21:21:52.468 [FXGL Background Thread 3 ] DEBUG Engine               - versionCheckDays: 7
21:21:52.468 [FXGL Background Thread 3 ] DEBUG Engine               - width: 800
21:21:52.468 [FXGL Background Thread 3 ] DEBUG Engine               - Logging services
21:21:52.468 [FXGL Background Thread 3 ] DEBUG Engine               - class com.almasb.fxgl.app.services.FXGLAssetLoaderService
21:21:52.468 [FXGL Background Thread 3 ] DEBUG Engine               - class com.almasb.fxgl.app.FXGLApplication$GameApplicationService
21:21:52.468 [FXGL Background Thread 3 ] DEBUG Engine               - class com.almasb.fxgl.app.services.FXGLDialogService
21:21:52.469 [FXGL Background Thread 3 ] DEBUG Engine               - class com.almasb.fxgl.app.services.IOTaskExecutorService
21:21:52.469 [FXGL Background Thread 3 ] DEBUG Engine               - class com.almasb.fxgl.io.FileSystemService
21:21:52.469 [FXGL Background Thread 3 ] DEBUG Engine               - class com.almasb.fxgl.localization.LocalizationService
21:21:52.469 [FXGL Background Thread 3 ] DEBUG Engine               - class com.almasb.fxgl.app.services.SystemBundleService
21:21:52.469 [FXGL Background Thread 3 ] DEBUG Engine               - class com.almasb.fxgl.profile.SaveLoadService
21:21:52.469 [FXGL Background Thread 3 ] DEBUG Engine               - class com.almasb.fxgl.ui.FXGLUIFactoryServiceProvider
21:21:52.469 [FXGL Background Thread 3 ] DEBUG Engine               - class com.almasb.fxgl.ui.FXGLDialogFactoryServiceProvider
21:21:52.469 [FXGL Background Thread 3 ] DEBUG Engine               - class com.almasb.fxgl.audio.AudioPlayer
21:21:52.469 [FXGL Background Thread 3 ] DEBUG Engine               - class com.almasb.fxgl.notification.impl.NotificationServiceProvider
21:21:52.470 [FXGL Background Thread 3 ] DEBUG Engine               - class com.almasb.fxgl.achievement.AchievementService
21:21:52.470 [FXGL Background Thread 3 ] DEBUG Engine               - class com.almasb.fxgl.cutscene.CutsceneService
21:21:52.470 [FXGL Background Thread 3 ] DEBUG Engine               - class com.almasb.fxgl.minigames.MiniGameService
21:21:52.470 [FXGL Background Thread 3 ] DEBUG Engine               - class com.almasb.fxgl.net.NetService
21:21:52.470 [FXGL Background Thread 3 ] DEBUG Engine               - class com.almasb.fxgl.app.services.UpdaterService
21:21:52.470 [FXGL Background Thread 3 ] DEBUG Engine               - class com.almasb.fxgl.dev.DevService
21:21:52.470 [FXGL Background Thread 3 ] DEBUG Engine               - class com.almasb.fxgl.multiplayer.MultiplayerService
21:21:56.830 [JavaFX Application Thread] DEBUG Menu                 - fireNewGame()
21:21:56.830 [JavaFX Application Thread] DEBUG GameApplicationServi - Starting new game
21:21:56.832 [JavaFX Application Thread] DEBUG PrimaryStageWindow   - Pop state: FXGLDefaultMenu
21:21:56.832 [JavaFX Application Thread] DEBUG Input                - Clearing active input actions
21:21:56.833 [JavaFX Application Thread] DEBUG GameApplicationServi - Removing overlay from FXGLDefaultMenu and adding to FXGLMainMenuDummyScene
21:21:56.835 [JavaFX Application Thread] DEBUG PrimaryStageWindow   - FXGLMainMenuDummyScene <- FXGLDefaultMenu
21:21:56.835 [JavaFX Application Thread] DEBUG Input                - Clearing active input actions
21:21:56.842 [JavaFX Application Thread] DEBUG GameApplicationServi - Removing overlay from FXGLMainMenuDummyScene and adding to FXGLLoadingScene
21:21:56.842 [JavaFX Application Thread] DEBUG PrimaryStageWindow   - FXGLMainMenuDummyScene -> FXGLLoadingScene
21:21:56.842 [JavaFX Application Thread] DEBUG GameApplicationServi - Clearing previous game
21:21:56.842 [JavaFX Application Thread] DEBUG GameScene            - Clearing game scene
21:21:56.843 [JavaFX Application Thread] DEBUG GameWorld            - Clearing game world
21:21:56.843 [JavaFX Application Thread] DEBUG PhysicsWorld         - Clearing physics world
21:21:56.844 [FXGL Background Thread 2 ] DEBUG FXGLApplication      - Initializing game
21:21:56.897 [FXGL Background Thread 2 ] WARN  TMXLevelLoader       - TiledMap generated from 1.11.0. Supported version: 1.2.3. Some features may not be parsed fully.
21:21:56.908 [FXGL Background Thread 2 ] DEBUG TMXLevelLoader       - Parsed TiledMap: file:/C:/Users/acer/OneDrive/Desktop/git%20pull/CSS124L-FINAL-PROJECT/fp/target/classes/assets/levels/Lobby.tmx
21:21:56.911 [FXGL Background Thread 2 ] DEBUG TMXLevelLoader       - Creating tile layer entities
21:21:56.912 [FXGL Background Thread 2 ] DEBUG TilesetLoader        - Loading view for layer Tile Layer 1
21:21:56.916 [FXGL Background Thread 2 ] DEBUG TilesetLoader        - Created buffer with size 1280.0x768.0
21:21:56.928 [FXGL Background Thread 2 ] DEBUG TMXLevelLoader       - Creating object layer entities
21:21:56.944 [FXGL Background Thread 2 ] DEBUG GameWorld            - Clearing removable entities
21:21:56.944 [FXGL Background Thread 2 ] DEBUG GameWorld            - Setting level: com.almasb.fxgl.entity.level.Level@6f8d7983
21:21:56.957 [FXGL Background Thread 2 ] INFO  FXGLApplication      - Game initialization took: 0.113 sec
21:21:56.959 [JavaFX Application Thread] DEBUG Input                - Clearing active input actions
21:21:56.963 [JavaFX Application Thread] DEBUG GameApplicationServi - Removing overlay from FXGLLoadingScene and adding to GameScene
21:21:56.965 [JavaFX Application Thread] DEBUG PrimaryStageWindow   - FXGLLoadingScene -> GameScene
21:21:56.968 [JavaFX Application Thread] DEBUG FXGLAssetLoaderServi - Loading from file system: file:/C:/Users/acer/OneDrive/Desktop/git%20pull/CSS124L-FINAL-PROJECT/fp/target/classes/assets/textures/Interactables/microwave_close.png
21:21:56.969 [JavaFX Application Thread] DEBUG PrimaryStageWindow   - Push state: PCM_BG
21:21:56.969 [JavaFX Application Thread] DEBUG Input                - Clearing active input actions
21:21:56.969 [JavaFX Application Thread] DEBUG GameApplicationServi - Removing overlay from GameScene and adding to PCM_BG
21:21:56.970 [JavaFX Application Thread] DEBUG PrimaryStageWindow   - GameScene -> PCM_BG
21:21:56.977 [JavaFX Application Thread] DEBUG PrimaryStageWindow   - Push state: PlayerCountMenu
21:21:56.977 [JavaFX Application Thread] DEBUG Input                - Clearing active input actions
21:21:56.977 [JavaFX Application Thread] DEBUG GameApplicationServi - Removing overlay from PCM_BG and adding to PlayerCountMenu
21:21:56.983 [JavaFX Application Thread] DEBUG PrimaryStageWindow   - PCM_BG -> PlayerCountMenu
21:21:57.645 [JavaFX Application Thread] DEBUG PrimaryStageWindow   - Push state: DialogSubScene
21:21:57.645 [JavaFX Application Thread] DEBUG Input                - Clearing active input actions
21:21:57.646 [JavaFX Application Thread] DEBUG GameApplicationServi - Removing overlay from PlayerCountMenu and adding to DialogSubScene
21:21:57.647 [JavaFX Application Thread] DEBUG PrimaryStageWindow   - PlayerCountMenu -> DialogSubScene
21:21:58.980 [JavaFX Application Thread] DEBUG PrimaryStageWindow   - Pop state: DialogSubScene
21:21:58.980 [JavaFX Application Thread] DEBUG Input                - Clearing active input actions
21:21:58.981 [JavaFX Application Thread] DEBUG GameApplicationServi - Removing overlay from DialogSubScene and adding to PlayerCountMenu
21:21:58.981 [JavaFX Application Thread] DEBUG PrimaryStageWindow   - PlayerCountMenu <- DialogSubScene
21:21:58.990 [JavaFX Application Thread] DEBUG FXGLAssetLoaderServi - Loading from file system: file:/C:/Users/acer/OneDrive/Desktop/git%20pull/CSS124L-FINAL-PROJECT/fp/target/classes/assets/sounds/Reload.mp3
21:21:58.998 [JavaFX Application Thread] DEBUG FXGLAssetLoaderServi - Loading from file system: file:/C:/Users/acer/OneDrive/Desktop/git%20pull/CSS124L-FINAL-PROJECT/fp/target/classes/assets/sounds/BerettaM9_Shoot.mp3
21:21:59.004 [JavaFX Application Thread] DEBUG FXGLAssetLoaderServi - Loading from file system: file:/C:/Users/acer/OneDrive/Desktop/git%20pull/CSS124L-FINAL-PROJECT/fp/target/classes/assets/textures/Weapons/Idle/BerettaM9_Idle.png
21:21:59.005 [JavaFX Application Thread] DEBUG FXGLAssetLoaderServi - Loading from file system: file:/C:/Users/acer/OneDrive/Desktop/git%20pull/CSS124L-FINAL-PROJECT/fp/target/classes/assets/textures/Weapons/Shooting/BerettaM9_Shooting.png
21:21:59.008 [JavaFX Application Thread] DEBUG FXGLAssetLoaderServi - Loading from file system: file:/C:/Users/acer/OneDrive/Desktop/git%20pull/CSS124L-FINAL-PROJECT/fp/target/classes/assets/textures/Players/1P_Shoot.png
21:21:59.013 [JavaFX Application Thread] DEBUG FXGLAssetLoaderServi - Loading from file system: file:/C:/Users/acer/OneDrive/Desktop/git%20pull/CSS124L-FINAL-PROJECT/fp/target/classes/assets/textures/Interactables/vending_machine.png
21:21:59.023 [JavaFX Application Thread] DEBUG PrimaryStageWindow   - Push state: LoadingScreen
21:21:59.024 [JavaFX Application Thread] DEBUG Input                - Clearing active input actions
21:21:59.024 [JavaFX Application Thread] DEBUG GameApplicationServi - Removing overlay from PlayerCountMenu and adding to LoadingScreen
21:21:59.025 [JavaFX Application Thread] DEBUG PrimaryStageWindow   - PlayerCountMenu -> LoadingScreen
21:21:59.034 [ServerAsyncConnThread    ] DEBUG TCPServer            - Starting to listen at: 55555 type: class com.almasb.fxgl.core.serialization.Bundle
21:22:01.701 [ServerAsyncConnThread    ] DEBUG Endpoint             - TCPServer opening new connection (1) from /127.0.0.1:56424 type: class com.almasb.fxgl.core.serialization.Bundle
21:22:01.706 [ServerAsyncConnThread    ] DEBUG Endpoint             - TCPServer successfully opened connection (1)
21:22:01.707 [ServerAsyncConnThread    ] DEBUG PrimaryStageWindow   - Pop state: LoadingScreen
21:22:01.707 [ServerAsyncConnThread    ] DEBUG Input                - Clearing active input actions
21:22:01.708 [ServerAsyncConnThread    ] WARN  Endpoint             - Exception occurred in onConnected callback
java.lang.IllegalStateException: Not on FX application thread; currentThread = ServerAsyncConnThread
	at javafx.graphics/com.sun.javafx.tk.Toolkit.checkFxUserThread(Toolkit.java:292)
	at javafx.graphics/com.sun.javafx.tk.quantum.QuantumToolkit.checkFxUserThread(QuantumToolkit.java:446)
	at javafx.graphics/javafx.scene.Parent$3.onProposedChange(Parent.java:474)
	at javafx.base/com.sun.javafx.collections.VetoableListDecorator.remove(VetoableListDecorator.java:328)
	at javafx.base/com.sun.javafx.collections.VetoableListDecorator.remove(VetoableListDecorator.java:220)
	at com.almasb.fxgl.all/com.almasb.fxgl.app.MainWindow.popState(MainWindow.kt:185)
	at com.almasb.fxgl.all/com.almasb.fxgl.app.FXGLApplication$GameApplicationService.popSubScene(FXGLApplication.kt:715)
	at com.groupfour.mygame/com.groupfour.mygame.App.lambda$12(App.java:342)
	at com.almasb.fxgl.io/com.almasb.fxgl.net.Endpoint.onConnectionOpened(Endpoint.java:170)
	at com.almasb.fxgl.io/com.almasb.fxgl.net.Endpoint.openTCPConnection(Endpoint.java:67)
	at com.almasb.fxgl.io/com.almasb.fxgl.net.tcp.TCPServer.start(TCPServer.java:50)
	at com.almasb.fxgl.core/com.almasb.fxgl.core.concurrent.IOTask.lambda$ofVoid$5(IOTask.java:184)
	at com.almasb.fxgl.core/com.almasb.fxgl.core.concurrent.IOTask$2.onExecute(IOTask.java:197)
	at com.almasb.fxgl.core/com.almasb.fxgl.core.concurrent.IOTask.run(IOTask.java:118)
	at java.base/java.lang.Thread.run(Thread.java:834)

21:22:01.719 [TCPServer_SendThread-1   ] DEBUG Writers              - Getting TCPMessageWriter for class com.almasb.fxgl.core.serialization.Bundle
21:22:01.720 [TCPServer_RecvThread-1   ] DEBUG Readers              - Getting TCPMessageReader for class com.almasb.fxgl.core.serialization.Bundle
21:22:01.720 [TCPServer_SendThread-1   ] DEBUG Writers              - Constructed TCPMessageWriter for class com.almasb.fxgl.core.serialization.Bundle: BundleTCPMessageWriter
21:22:01.721 [TCPServer_RecvThread-1   ] DEBUG Readers              - Constructed MessageReader for class com.almasb.fxgl.core.serialization.Bundle: BundleTCPMessageReader
21:22:08.541 [JavaFX Application Thread] DEBUG FXGLApplication      - Exiting FXGL
21:22:08.541 [JavaFX Application Thread] DEBUG LoopRunner           - Stopping loop
21:22:08.542 [JavaFX Application Thread] DEBUG SystemBundleService  - Saving FXGL system data
21:22:08.544 [JavaFX Application Thread] DEBUG FileSystemAccess     - Writing to: C:\Users\acer\OneDrive\Desktop\git pull\CSS124L-FINAL-PROJECT\system\fxgl.bundle
21:22:08.548 [JavaFX Application Thread] DEBUG Async                - Shutting down background threads
21:22:08.548 [JavaFX Application Thread] DEBUG PrimaryStageWindow   - Closing main window
21:22:08.593 [JavaFX Application Thread] DEBUG Logger               - Closing Logger
