02:21:36.155 [main                     ] DEBUG Logger               - Configured Logger
02:21:36.159 [main                     ] DEBUG GameApplication      - Logging settings
Title: Flatline: Oregon
Version: Alpha 0.19021902
Width: 800
Height: 600
Fullscreen: false
Intro: false
Profiling: false
Single step:false
App Mode: DEVELOPER
Menu Key: ESCAPE
Stage Style: DECORATED
Scene Factory: class com.groupfour.mygame.App$1

02:21:36.426 [JavaFX Application Thread] DEBUG FXGLApplication      - Initializing FXGL
02:21:36.427 [JavaFX Application Thread] INFO  Engine               - FXGL-dev-SNAPSHOT (28.07.2021 16.39) on WINDOWS (J:21.0.4 FX:16)
02:21:36.428 [JavaFX Application Thread] DEBUG Engine               - JRE Vendor Name: Eclipse Adoptium
02:21:36.428 [JavaFX Application Thread] DEBUG Engine               - Running on OS: Windows 11 version 10.0
02:21:36.428 [JavaFX Application Thread] DEBUG Engine               - Architecture: amd64
02:21:36.428 [JavaFX Application Thread] INFO  Engine               - Source code and latest versions at: https://github.com/AlmasB/FXGL
02:21:36.428 [JavaFX Application Thread] INFO  Engine               -              Join the FXGL chat at: https://gitter.im/AlmasB/FXGL
02:21:36.492 [JavaFX Application Thread] DEBUG PrimaryStageWindow   - Creating a JavaFX scene
02:21:36.525 [JavaFX Application Thread] DEBUG PrimaryStageWindow   - Target settings size: 800.0 x 600.0
02:21:36.525 [JavaFX Application Thread] DEBUG PrimaryStageWindow   - Scaled scene size:    800.0 x 600.0
02:21:36.525 [JavaFX Application Thread] DEBUG PrimaryStageWindow   - Scaled ratio: (1.0, 1.0)
02:21:36.526 [JavaFX Application Thread] DEBUG PrimaryStageWindow   - Set initial scene to FXGLStartupScene
02:21:36.531 [JavaFX Application Thread] DEBUG PrimaryStageWindow   - Opening main window
02:21:36.609 [JavaFX Application Thread] DEBUG PrimaryStageWindow   - Window border size: (16.0, 39.0)
02:21:36.609 [JavaFX Application Thread] DEBUG PrimaryStageWindow   - Scaled size: 800.0 x 600.0
02:21:36.609 [JavaFX Application Thread] DEBUG PrimaryStageWindow   - Scaled ratio: (1.0, 1.0)
02:21:36.609 [JavaFX Application Thread] DEBUG PrimaryStageWindow   - Scene size: 800.0 x 600.0
02:21:36.609 [JavaFX Application Thread] DEBUG PrimaryStageWindow   - Stage size: 816.0 x 639.0
02:21:36.616 [FXGL Background Thread 1 ] DEBUG Engine               - Initializing environment variables
02:21:36.675 [FXGL Background Thread 1 ] DEBUG FXGLAssetLoaderServi - User app class for loading assets: class com.groupfour.mygame.App
02:21:36.675 [FXGL Background Thread 1 ] DEBUG GameApplicationServi - Applying CSS: fxgl_dark.css
02:21:36.677 [FXGL Background Thread 1 ] DEBUG FXGLAssetLoaderServi - Loading from file system: jar:file:///C:/Users/Cent/.m2/repository/com/github/almasb/fxgl/dev-SNAPSHOT/fxgl-dev-SNAPSHOT.jar!/fxglassets/ui/css/fxgl_dark.css
02:21:36.722 [FXGL Background Thread 1 ] DEBUG GameApplicationServi - Initializing application scenes
02:21:36.771 [FXGL Background Thread 1 ] DEBUG GameWorld            - Game world initialized
02:21:36.825 [FXGL Background Thread 1 ] DEBUG PhysicsWorld         - Physics world initialized: appHeight=600, physics.ppm=50.0
02:21:36.826 [FXGL Background Thread 1 ] DEBUG PhysicsWorld         - Using strategy: BRUTE_FORCE
02:21:36.827 [FXGL Background Thread 1 ] DEBUG GameScene            - Game scene initialized: 800x600
02:21:36.836 [FXGL Background Thread 1 ] DEBUG FXGL.DefaultMenu     - createMenuBodyMainMenu()
02:21:36.845 [FXGL Background Thread 1 ] DEBUG FXGL.DefaultMenu     - createOptionsMenu()
02:21:36.852 [FXGL Background Thread 1 ] DEBUG FXGLAssetLoaderServi - Loading from file system: jar:file:///C:/Users/Cent/.m2/repository/com/github/almasb/fxgl/dev-SNAPSHOT/fxgl-dev-SNAPSHOT.jar!/fxglassets/textures/particles/smoke.png
02:21:36.939 [FXGL Background Thread 1 ] DEBUG FXGLAssetLoaderServi - Loading from file system: jar:file:///C:/Users/Cent/.m2/repository/com/github/almasb/fxgl/dev-SNAPSHOT/fxgl-dev-SNAPSHOT.jar!/fxglassets/textures/particles/trace_horizontal.png
02:21:36.969 [FXGL Background Thread 1 ] DEBUG GameApplicationServi - Application scenes initialized
02:21:36.979 [FXGL Background Thread 1 ] DEBUG SystemBundleService  - Loading FXGL system data
02:21:36.982 [FXGL Background Thread 1 ] DEBUG FileSystemAccess     - Reading from: c:\Users\Cent\Desktop\CSS124L-LE\CSS124L-FinalExam\CSS124L-FINAL-PROJECT\system\fxgl.bundle
02:21:36.990 [FXGL Background Thread 1 ] DEBUG SystemBundleService  - Bundle FXGL: {}
02:21:36.990 [FXGL Background Thread 1 ] DEBUG UpdaterService       - Checking for updates
02:21:37.011 [FXGL Background Thread 4 ] DEBUG FXGLApplication      - Loading fonts
02:21:37.012 [FXGL Background Thread 1 ] DEBUG FXGLApplication      - Loading default localization
02:21:37.012 [FXGL Background Thread 1 ] DEBUG FXGLAssetLoaderServi - Loading from file system: jar:file:///C:/Users/Cent/.m2/repository/com/github/almasb/fxgl/dev-SNAPSHOT/fxgl-dev-SNAPSHOT.jar!/fxglassets/languages/english.lang
02:21:37.012 [FXGL Background Thread 4 ] DEBUG FXGLAssetLoaderServi - Loading from file system: jar:file:///C:/Users/Cent/.m2/repository/com/github/almasb/fxgl/dev-SNAPSHOT/fxgl-dev-SNAPSHOT.jar!/fxglassets/ui/fonts/VarelaRound-Regular.ttf
02:21:37.025 [FXGL Background Thread 1 ] INFO  FXGLApplication      - FXGL initialization took: 0.409 sec
02:21:37.040 [JavaFX Application Thread] DEBUG Input                - Registered new binding: Move Upwards - W
02:21:37.040 [JavaFX Application Thread] DEBUG Input                - Registered new binding: Move Down - S
02:21:37.040 [JavaFX Application Thread] DEBUG Input                - Registered new binding: Move Left - A
02:21:37.041 [JavaFX Application Thread] DEBUG Input                - Registered new binding: Move Right - D
02:21:37.041 [JavaFX Application Thread] DEBUG Input                - Registered new binding: Reload - R
02:21:37.042 [JavaFX Application Thread] DEBUG Input                - Registered new binding: Shoot - LMB
02:21:37.042 [JavaFX Application Thread] DEBUG Input                - Registered new binding: Switch Weapons - Q
02:21:37.042 [JavaFX Application Thread] DEBUG Input                - Registered new binding: Interact - F
02:21:37.043 [JavaFX Application Thread] DEBUG FXGLAssetLoaderServi - Loading from file system: jar:file:///C:/Users/Cent/.m2/repository/com/github/almasb/fxgl/dev-SNAPSHOT/fxgl-dev-SNAPSHOT.jar!/fxglassets/textures/fxgl_icon.png
02:21:37.044 [FXGL Background Thread 4 ] DEBUG FXGLAssetLoaderServi - Loading from file system: jar:file:///C:/Users/Cent/.m2/repository/com/github/almasb/fxgl/dev-SNAPSHOT/fxgl-dev-SNAPSHOT.jar!/fxglassets/ui/fonts/Abel-Regular.ttf
02:21:37.047 [FXGL Background Thread 4 ] DEBUG FXGLAssetLoaderServi - Loading from file system: jar:file:///C:/Users/Cent/.m2/repository/com/github/almasb/fxgl/dev-SNAPSHOT/fxgl-dev-SNAPSHOT.jar!/fxglassets/ui/fonts/lucida_console.ttf
02:21:37.052 [FXGL Background Thread 4 ] DEBUG FXGLAssetLoaderServi - Loading from file system: jar:file:///C:/Users/Cent/.m2/repository/com/github/almasb/fxgl/dev-SNAPSHOT/fxgl-dev-SNAPSHOT.jar!/fxglassets/ui/fonts/Courier-Prime.ttf
02:21:37.063 [JavaFX Application Thread] DEBUG FXGLAssetLoaderServi - Loading from file system: jar:file:///C:/Users/Cent/.m2/repository/com/github/almasb/fxgl/dev-SNAPSHOT/fxgl-dev-SNAPSHOT.jar!/fxglassets/textures/fxgl_default_cursor.png
02:21:37.064 [JavaFX Application Thread] DEBUG Input                - Registered new binding: Screenshot - CTRL+8
02:21:37.065 [JavaFX Application Thread] DEBUG Input                - Registered new binding: Dev Options - 1
02:21:37.065 [JavaFX Application Thread] DEBUG Input                - Registered new binding: Dev Console - 2
02:21:37.065 [JavaFX Application Thread] DEBUG Input                - Registered new binding: System info dump - CTRL+9
02:21:37.066 [JavaFX Application Thread] DEBUG Input                - Registered new binding: Restart - CTRL+R
02:21:37.066 [JavaFX Application Thread] DEBUG Input                - Registered new binding: Toggle Debug Camera - CTRL+C
02:21:37.068 [JavaFX Application Thread] DEBUG LoopRunner           - Starting loop
02:21:37.082 [JavaFX Application Thread] DEBUG LoopRunner           - Initializing JavaFX AnimationTimerLoop
02:21:37.088 [JavaFX Application Thread] DEBUG Input                - Clearing active input actions
02:21:37.094 [JavaFX Application Thread] DEBUG GameApplicationServi - Removing overlay from FXGLStartupScene and adding to FXGLMainMenuDummyScene
02:21:37.102 [JavaFX Application Thread] DEBUG PrimaryStageWindow   - FXGLStartupScene -> FXGLMainMenuDummyScene
02:21:37.102 [JavaFX Application Thread] DEBUG PrimaryStageWindow   - Push state: FXGLDefaultMenu
02:21:37.112 [JavaFX Application Thread] DEBUG Input                - Clearing active input actions
02:21:37.117 [JavaFX Application Thread] DEBUG GameApplicationServi - Removing overlay from FXGLMainMenuDummyScene and adding to FXGLDefaultMenu
02:21:37.118 [JavaFX Application Thread] DEBUG PrimaryStageWindow   - FXGLMainMenuDummyScene -> FXGLDefaultMenu
02:21:37.123 [JavaFX Application Thread] DEBUG FXGLApplication      - Registering font factories with UI factory
02:21:37.721 [FXGL Background Thread 2 ] INFO  UpdaterService       - Your current version:  dev-SNAPSHOT
02:21:37.731 [FXGL Background Thread 2 ] INFO  UpdaterService       - Latest stable version: 21.1
02:21:37.904 [JavaFX Application Thread] DEBUG Menu                 - fireNewGame()
02:21:37.904 [JavaFX Application Thread] DEBUG GameApplicationServi - Starting new game
02:21:37.906 [JavaFX Application Thread] DEBUG PrimaryStageWindow   - Pop state: FXGLDefaultMenu
02:21:37.906 [JavaFX Application Thread] DEBUG Input                - Clearing active input actions
02:21:37.907 [JavaFX Application Thread] DEBUG GameApplicationServi - Removing overlay from FXGLDefaultMenu and adding to FXGLMainMenuDummyScene
02:21:37.910 [JavaFX Application Thread] DEBUG PrimaryStageWindow   - FXGLMainMenuDummyScene <- FXGLDefaultMenu
02:21:37.911 [JavaFX Application Thread] DEBUG Input                - Clearing active input actions
02:21:37.919 [JavaFX Application Thread] DEBUG GameApplicationServi - Removing overlay from FXGLMainMenuDummyScene and adding to FXGLLoadingScene
02:21:37.921 [JavaFX Application Thread] DEBUG PrimaryStageWindow   - FXGLMainMenuDummyScene -> FXGLLoadingScene
02:21:37.921 [JavaFX Application Thread] DEBUG GameApplicationServi - Clearing previous game
02:21:37.921 [JavaFX Application Thread] DEBUG GameScene            - Clearing game scene
02:21:37.922 [JavaFX Application Thread] DEBUG GameWorld            - Clearing game world
02:21:37.922 [JavaFX Application Thread] DEBUG PhysicsWorld         - Clearing physics world
02:21:37.925 [FXGL Background Thread 2 ] DEBUG FXGLApplication      - Initializing game
02:21:37.988 [FXGL Background Thread 2 ] WARN  TMXLevelLoader       - TiledMap generated from 1.11.0. Supported version: 1.2.3. Some features may not be parsed fully.
02:21:37.995 [FXGL Background Thread 2 ] DEBUG TMXLevelLoader       - Parsed TiledMap: file:/C:/Users/Cent/Desktop/CSS124L-LE/CSS124L-FinalExam/CSS124L-FINAL-PROJECT/fp/target/classes/assets/levels/Lobby.tmx
02:21:37.996 [FXGL Background Thread 2 ] DEBUG TMXLevelLoader       - Creating tile layer entities
02:21:37.997 [FXGL Background Thread 2 ] DEBUG TilesetLoader        - Loading view for layer Tile Layer 1
02:21:37.999 [FXGL Background Thread 2 ] DEBUG TilesetLoader        - Created buffer with size 1280.0x768.0
02:21:38.009 [FXGL Background Thread 2 ] DEBUG TMXLevelLoader       - Creating object layer entities
02:21:38.029 [FXGL Background Thread 2 ] DEBUG GameWorld            - Clearing removable entities
02:21:38.030 [FXGL Background Thread 2 ] DEBUG GameWorld            - Setting level: com.almasb.fxgl.entity.level.Level@5a9b9396
02:21:38.035 [FXGL Background Thread 2 ] DEBUG FXGLAssetLoaderServi - Loading from file system: file:/C:/Users/Cent/Desktop/CSS124L-LE/CSS124L-FinalExam/CSS124L-FINAL-PROJECT/fp/target/classes/assets/ui/fonts/PIXELADE.TTF
02:21:38.061 [FXGL Background Thread 2 ] INFO  FXGLApplication      - Game initialization took: 0.136 sec
02:21:38.063 [JavaFX Application Thread] DEBUG Input                - Clearing active input actions
02:21:38.069 [JavaFX Application Thread] DEBUG GameApplicationServi - Removing overlay from FXGLLoadingScene and adding to GameScene
02:21:38.072 [JavaFX Application Thread] DEBUG PrimaryStageWindow   - FXGLLoadingScene -> GameScene
02:21:38.077 [JavaFX Application Thread] DEBUG FXGLAssetLoaderServi - Loading from file system: file:/C:/Users/Cent/Desktop/CSS124L-LE/CSS124L-FinalExam/CSS124L-FINAL-PROJECT/fp/target/classes/assets/textures/Interactables/microwave_close.png
02:21:38.079 [JavaFX Application Thread] DEBUG PrimaryStageWindow   - Push state: PCM_BG
02:21:38.079 [JavaFX Application Thread] DEBUG Input                - Clearing active input actions
02:21:38.079 [JavaFX Application Thread] DEBUG GameApplicationServi - Removing overlay from GameScene and adding to PCM_BG
02:21:38.080 [JavaFX Application Thread] DEBUG PrimaryStageWindow   - GameScene -> PCM_BG
02:21:38.083 [JavaFX Application Thread] DEBUG PrimaryStageWindow   - Push state: PlayerCountMenu
02:21:38.083 [JavaFX Application Thread] DEBUG Input                - Clearing active input actions
02:21:38.083 [JavaFX Application Thread] DEBUG GameApplicationServi - Removing overlay from PCM_BG and adding to PlayerCountMenu
02:21:38.086 [JavaFX Application Thread] DEBUG PrimaryStageWindow   - PCM_BG -> PlayerCountMenu
02:21:38.616 [JavaFX Application Thread] DEBUG FXGLAssetLoaderServi - Loading from file system: file:/C:/Users/Cent/Desktop/CSS124L-LE/CSS124L-FinalExam/CSS124L-FINAL-PROJECT/fp/target/classes/assets/textures/Weapons/Idle/BerettaM9_Idle.png
02:21:38.617 [JavaFX Application Thread] DEBUG FXGLAssetLoaderServi - Loading from file system: file:/C:/Users/Cent/Desktop/CSS124L-LE/CSS124L-FinalExam/CSS124L-FINAL-PROJECT/fp/target/classes/assets/textures/Weapons/Shooting/BerettaM9_Shooting.png
02:21:38.619 [JavaFX Application Thread] DEBUG FXGLAssetLoaderServi - Loading from file system: file:/C:/Users/Cent/Desktop/CSS124L-LE/CSS124L-FinalExam/CSS124L-FINAL-PROJECT/fp/target/classes/assets/textures/Players/1P_Shoot.png
02:21:38.622 [JavaFX Application Thread] DEBUG FXGLAssetLoaderServi - Loading from file system: file:/C:/Users/Cent/Desktop/CSS124L-LE/CSS124L-FinalExam/CSS124L-FINAL-PROJECT/fp/target/classes/assets/textures/Interactables/vending_machine.png
02:21:38.627 [JavaFX Application Thread] DEBUG PrimaryStageWindow   - Pop state: PlayerCountMenu
02:21:38.627 [JavaFX Application Thread] DEBUG Input                - Clearing active input actions
02:21:38.628 [JavaFX Application Thread] DEBUG GameApplicationServi - Removing overlay from PlayerCountMenu and adding to PCM_BG
02:21:38.628 [JavaFX Application Thread] DEBUG PrimaryStageWindow   - PCM_BG <- PlayerCountMenu
02:21:38.628 [JavaFX Application Thread] DEBUG PrimaryStageWindow   - Pop state: PCM_BG
02:21:38.628 [JavaFX Application Thread] DEBUG Input                - Clearing active input actions
02:21:38.629 [JavaFX Application Thread] DEBUG GameApplicationServi - Removing overlay from PCM_BG and adding to GameScene
02:21:38.629 [JavaFX Application Thread] DEBUG PrimaryStageWindow   - GameScene <- PCM_BG
02:21:38.710 [JavaFX Application Thread] DEBUG FXGLAssetLoaderServi - Loading from file system: file:/C:/Users/Cent/Desktop/CSS124L-LE/CSS124L-FinalExam/CSS124L-FINAL-PROJECT/fp/target/classes/assets/textures/Zombies/Basic_Zombie_Walking.png
02:21:38.714 [JavaFX Application Thread] DEBUG FXGLAssetLoaderServi - Loading from file system: file:/C:/Users/Cent/Desktop/CSS124L-LE/CSS124L-FinalExam/CSS124L-FINAL-PROJECT/fp/target/classes/assets/textures/Zombies/Basic_Zombie_Attack.png
02:21:39.755 [JavaFX Application Thread] DEBUG FXGLAssetLoaderServi - Loading from file system: file:/C:/Users/Cent/Desktop/CSS124L-LE/CSS124L-FinalExam/CSS124L-FINAL-PROJECT/fp/target/classes/assets/textures/Weapons/Idle/AK47_Idle.png
02:21:39.758 [JavaFX Application Thread] DEBUG FXGLAssetLoaderServi - Loading from file system: file:/C:/Users/Cent/Desktop/CSS124L-LE/CSS124L-FinalExam/CSS124L-FINAL-PROJECT/fp/target/classes/assets/textures/Weapons/Shooting/AK47_Shooting.png
02:21:39.759 [JavaFX Application Thread] DEBUG FXGLAssetLoaderServi - Loading from file system: file:/C:/Users/Cent/Desktop/CSS124L-LE/CSS124L-FinalExam/CSS124L-FINAL-PROJECT/fp/target/classes/assets/textures/Players/1P_Rifle_Shoot.png
02:21:40.012 [FXGL Background Thread 3 ] DEBUG Engine               - Logging environment variables
02:21:40.012 [FXGL Background Thread 3 ] DEBUG Engine               - achievements: []
02:21:40.012 [FXGL Background Thread 3 ] DEBUG Engine               - actualHeight: 600.0
02:21:40.012 [FXGL Background Thread 3 ] DEBUG Engine               - actualHeightProperty: ReadOnlyDoubleProperty [value: 600.0]
02:21:40.012 [FXGL Background Thread 3 ] DEBUG Engine               - actualWidth: 800.0
02:21:40.012 [FXGL Background Thread 3 ] DEBUG Engine               - actualWidthProperty: ReadOnlyDoubleProperty [value: 800.0]
02:21:40.012 [FXGL Background Thread 3 ] DEBUG Engine               - appIcon: fxgl_icon.png
02:21:40.012 [FXGL Background Thread 3 ] DEBUG Engine               - applicationMode: DEVELOPER
02:21:40.012 [FXGL Background Thread 3 ] DEBUG Engine               - cSSList: [fxgl_dark.css]
02:21:40.012 [FXGL Background Thread 3 ] DEBUG Engine               - collisionDetectionStrategy: BRUTE_FORCE
02:21:40.012 [FXGL Background Thread 3 ] DEBUG Engine               - configClass: Optional.empty
02:21:40.012 [FXGL Background Thread 3 ] DEBUG Engine               - credits: []
02:21:40.012 [FXGL Background Thread 3 ] DEBUG Engine               - defaultCursor: CursorInfo(imageName=fxgl_default_cursor.png, hotspotX=7.0, hotspotY=6.0)
02:21:40.012 [FXGL Background Thread 3 ] DEBUG Engine               - devBBoxColorProperty: ObjectProperty [value: 0xff0000ff]
02:21:40.012 [FXGL Background Thread 3 ] DEBUG Engine               - devEnableDebugCameraProperty: BooleanProperty [value: false]
02:21:40.012 [FXGL Background Thread 3 ] DEBUG Engine               - devSensorColorProperty: ObjectProperty [value: 0xffff00ff]
02:21:40.013 [FXGL Background Thread 3 ] DEBUG Engine               - devShowBBoxProperty: BooleanProperty [value: false]
02:21:40.013 [FXGL Background Thread 3 ] DEBUG Engine               - devShowPositionProperty: BooleanProperty [value: false]
02:21:40.013 [FXGL Background Thread 3 ] DEBUG Engine               - enabledMenuItems: []
02:21:40.013 [FXGL Background Thread 3 ] DEBUG Engine               - engineServices: [class com.almasb.fxgl.app.services.FXGLAssetLoaderService, class com.almasb.fxgl.app.FXGLApplication$GameApplicationService, class com.almasb.fxgl.app.services.FXGLDialogService, class com.almasb.fxgl.app.services.IOTaskExecutorService, class com.almasb.fxgl.io.FileSystemService, class com.almasb.fxgl.localization.LocalizationService, class com.almasb.fxgl.app.services.SystemBundleService, class com.almasb.fxgl.profile.SaveLoadService, class com.almasb.fxgl.ui.FXGLUIFactoryServiceProvider, class com.almasb.fxgl.ui.FXGLDialogFactoryServiceProvider, class com.almasb.fxgl.audio.AudioPlayer, class com.almasb.fxgl.notification.impl.NotificationServiceProvider, class com.almasb.fxgl.achievement.AchievementService, class com.almasb.fxgl.cutscene.CutsceneService, class com.almasb.fxgl.minigames.MiniGameService, class com.almasb.fxgl.net.NetService, class com.almasb.fxgl.app.services.UpdaterService, class com.almasb.fxgl.dev.DevService, class com.almasb.fxgl.multiplayer.MultiplayerService]
02:21:40.013 [FXGL Background Thread 3 ] DEBUG Engine               - fontGame: Abel-Regular.ttf
02:21:40.013 [FXGL Background Thread 3 ] DEBUG Engine               - fontMono: lucida_console.ttf
02:21:40.013 [FXGL Background Thread 3 ] DEBUG Engine               - fontText: Courier-Prime.ttf
02:21:40.013 [FXGL Background Thread 3 ] DEBUG Engine               - fontUI: VarelaRound-Regular.ttf
02:21:40.013 [FXGL Background Thread 3 ] DEBUG Engine               - fullScreen: BooleanProperty [value: false]
02:21:40.013 [FXGL Background Thread 3 ] DEBUG Engine               - gameDifficulty: MEDIUM
02:21:40.013 [FXGL Background Thread 3 ] DEBUG Engine               - gameDifficultyProperty: ObjectProperty [value: MEDIUM]
02:21:40.013 [FXGL Background Thread 3 ] DEBUG Engine               - globalMusicVolume: 0.5
02:21:40.013 [FXGL Background Thread 3 ] DEBUG Engine               - globalMusicVolumeProperty: DoubleProperty [value: 0.5]
02:21:40.013 [FXGL Background Thread 3 ] DEBUG Engine               - globalSoundVolume: 0.5
02:21:40.013 [FXGL Background Thread 3 ] DEBUG Engine               - globalSoundVolumeProperty: DoubleProperty [value: 0.5]
02:21:40.013 [FXGL Background Thread 3 ] DEBUG Engine               - height: 600
02:21:40.013 [FXGL Background Thread 3 ] DEBUG Engine               - is3D: false
02:21:40.013 [FXGL Background Thread 3 ] DEBUG Engine               - isAndroid: false
02:21:40.013 [FXGL Background Thread 3 ] DEBUG Engine               - isBrowser: false
02:21:40.013 [FXGL Background Thread 3 ] DEBUG Engine               - isClickFeedbackEnabled: false
02:21:40.013 [FXGL Background Thread 3 ] DEBUG Engine               - isCloseConfirmation: false
02:21:40.013 [FXGL Background Thread 3 ] DEBUG Engine               - isDesktop: true
02:21:40.013 [FXGL Background Thread 3 ] DEBUG Engine               - isDeveloperMenuEnabled: true
02:21:40.013 [FXGL Background Thread 3 ] DEBUG Engine               - isEmbedded: false
02:21:40.013 [FXGL Background Thread 3 ] DEBUG Engine               - isEntityPreloadEnabled: true
02:21:40.013 [FXGL Background Thread 3 ] DEBUG Engine               - isExperimentalTiledLargeMap: false
02:21:40.013 [FXGL Background Thread 3 ] DEBUG Engine               - isFileSystemWriteAllowed: true
02:21:40.013 [FXGL Background Thread 3 ] DEBUG Engine               - isFullScreenAllowed: false
02:21:40.013 [FXGL Background Thread 3 ] DEBUG Engine               - isFullScreenFromStart: false
02:21:40.013 [FXGL Background Thread 3 ] DEBUG Engine               - isGameMenuEnabled: true
02:21:40.013 [FXGL Background Thread 3 ] DEBUG Engine               - isIOS: false
02:21:40.014 [FXGL Background Thread 3 ] DEBUG Engine               - isIntroEnabled: false
02:21:40.014 [FXGL Background Thread 3 ] DEBUG Engine               - isLinux: false
02:21:40.014 [FXGL Background Thread 3 ] DEBUG Engine               - isMac: false
02:21:40.014 [FXGL Background Thread 3 ] DEBUG Engine               - isMainMenuEnabled: true
02:21:40.014 [FXGL Background Thread 3 ] DEBUG Engine               - isManualResizeEnabled: false
02:21:40.014 [FXGL Background Thread 3 ] DEBUG Engine               - isMobile: false
02:21:40.014 [FXGL Background Thread 3 ] DEBUG Engine               - isNative: false
02:21:40.014 [FXGL Background Thread 3 ] DEBUG Engine               - isPauseMusicWhenMinimized: true
02:21:40.014 [FXGL Background Thread 3 ] DEBUG Engine               - isPreserveResizeRatio: false
02:21:40.014 [FXGL Background Thread 3 ] DEBUG Engine               - isProfilingEnabled: false
02:21:40.014 [FXGL Background Thread 3 ] DEBUG Engine               - isScaleAffectedOnResize: true
02:21:40.014 [FXGL Background Thread 3 ] DEBUG Engine               - isSingleStep: false
02:21:40.014 [FXGL Background Thread 3 ] DEBUG Engine               - isUserProfileEnabled: false
02:21:40.014 [FXGL Background Thread 3 ] DEBUG Engine               - isWindows: true
02:21:40.014 [FXGL Background Thread 3 ] DEBUG Engine               - language: ObjectProperty [value: ENGLISH]
02:21:40.014 [FXGL Background Thread 3 ] DEBUG Engine               - menuKey: ESCAPE
02:21:40.014 [FXGL Background Thread 3 ] DEBUG Engine               - mouseSensitivity: 0.2
02:21:40.014 [FXGL Background Thread 3 ] DEBUG Engine               - notificationViewClass: class com.almasb.fxgl.notification.view.XboxNotificationView
02:21:40.014 [FXGL Background Thread 3 ] DEBUG Engine               - pixelsPerMeter: 50.0
02:21:40.014 [FXGL Background Thread 3 ] DEBUG Engine               - platform: WINDOWS
02:21:40.014 [FXGL Background Thread 3 ] DEBUG Engine               - prefHeightProperty: ReadOnlyDoubleProperty [value: 600.0]
02:21:40.014 [FXGL Background Thread 3 ] DEBUG Engine               - prefWidthProperty: ReadOnlyDoubleProperty [value: 800.0]
02:21:40.014 [FXGL Background Thread 3 ] DEBUG Engine               - profileDir: profiles/
02:21:40.014 [FXGL Background Thread 3 ] DEBUG Engine               - profileName: StringProperty [value: DEFAULT]
02:21:40.014 [FXGL Background Thread 3 ] DEBUG Engine               - randomSeed: -1
02:21:40.014 [FXGL Background Thread 3 ] DEBUG Engine               - runtimeInfo: RuntimeInfo(platform=WINDOWS, version=dev-SNAPSHOT, build=28.07.2021 16.39)
02:21:40.014 [FXGL Background Thread 3 ] DEBUG Engine               - saveFileExt: sav
02:21:40.014 [FXGL Background Thread 3 ] DEBUG Engine               - scaledHeightProp$fxgl: DoubleProperty [bound, value: 600.0]
02:21:40.014 [FXGL Background Thread 3 ] DEBUG Engine               - scaledWidthProp$fxgl: DoubleProperty [bound, value: 800.0]
02:21:40.014 [FXGL Background Thread 3 ] DEBUG Engine               - sceneFactory: com.groupfour.mygame.App$1@3e42ecf7
02:21:40.014 [FXGL Background Thread 3 ] DEBUG Engine               - secondsIn24h: 60
02:21:40.014 [FXGL Background Thread 3 ] DEBUG Engine               - soundMenuBack: menu/back.wav
02:21:40.014 [FXGL Background Thread 3 ] DEBUG Engine               - soundMenuPress: menu/press.wav
02:21:40.014 [FXGL Background Thread 3 ] DEBUG Engine               - soundMenuSelect: menu/select.wav
02:21:40.014 [FXGL Background Thread 3 ] DEBUG Engine               - soundNotification: core/notification.wav
02:21:40.014 [FXGL Background Thread 3 ] DEBUG Engine               - stageStyle: DECORATED
02:21:40.014 [FXGL Background Thread 3 ] DEBUG Engine               - supportedLanguages: [ENGLISH, FRENCH, GERMAN, HUNGARIAN, RUSSIAN]
02:21:40.014 [FXGL Background Thread 3 ] DEBUG Engine               - ticksPerSecond: -1
02:21:40.015 [FXGL Background Thread 3 ] DEBUG Engine               - title: Flatline: Oregon
02:21:40.015 [FXGL Background Thread 3 ] DEBUG Engine               - urlGithub: https://github.com/AlmasB/FXGL
02:21:40.015 [FXGL Background Thread 3 ] DEBUG Engine               - urlLeaderboard: http://fxgl-top.herokuapp.com/
02:21:40.015 [FXGL Background Thread 3 ] DEBUG Engine               - urlPOM: https://raw.githubusercontent.com/AlmasB/FXGL/release/README.md
02:21:40.015 [FXGL Background Thread 3 ] DEBUG Engine               - userAppClass: class com.groupfour.mygame.App
02:21:40.015 [FXGL Background Thread 3 ] DEBUG Engine               - version: Alpha 0.19021902
02:21:40.015 [FXGL Background Thread 3 ] DEBUG Engine               - versionCheckDays: 7
02:21:40.015 [FXGL Background Thread 3 ] DEBUG Engine               - width: 800
02:21:40.015 [FXGL Background Thread 3 ] DEBUG Engine               - Logging services
02:21:40.015 [FXGL Background Thread 3 ] DEBUG Engine               - class com.almasb.fxgl.app.services.FXGLAssetLoaderService
02:21:40.015 [FXGL Background Thread 3 ] DEBUG Engine               - class com.almasb.fxgl.app.FXGLApplication$GameApplicationService
02:21:40.015 [FXGL Background Thread 3 ] DEBUG Engine               - class com.almasb.fxgl.app.services.FXGLDialogService
02:21:40.015 [FXGL Background Thread 3 ] DEBUG Engine               - class com.almasb.fxgl.app.services.IOTaskExecutorService
02:21:40.015 [FXGL Background Thread 3 ] DEBUG Engine               - class com.almasb.fxgl.io.FileSystemService
02:21:40.015 [FXGL Background Thread 3 ] DEBUG Engine               - class com.almasb.fxgl.localization.LocalizationService
02:21:40.015 [FXGL Background Thread 3 ] DEBUG Engine               - class com.almasb.fxgl.app.services.SystemBundleService
02:21:40.015 [FXGL Background Thread 3 ] DEBUG Engine               - class com.almasb.fxgl.profile.SaveLoadService
02:21:40.015 [FXGL Background Thread 3 ] DEBUG Engine               - class com.almasb.fxgl.ui.FXGLUIFactoryServiceProvider
02:21:40.015 [FXGL Background Thread 3 ] DEBUG Engine               - class com.almasb.fxgl.ui.FXGLDialogFactoryServiceProvider
02:21:40.015 [FXGL Background Thread 3 ] DEBUG Engine               - class com.almasb.fxgl.audio.AudioPlayer
02:21:40.015 [FXGL Background Thread 3 ] DEBUG Engine               - class com.almasb.fxgl.notification.impl.NotificationServiceProvider
02:21:40.015 [FXGL Background Thread 3 ] DEBUG Engine               - class com.almasb.fxgl.achievement.AchievementService
02:21:40.015 [FXGL Background Thread 3 ] DEBUG Engine               - class com.almasb.fxgl.cutscene.CutsceneService
02:21:40.015 [FXGL Background Thread 3 ] DEBUG Engine               - class com.almasb.fxgl.minigames.MiniGameService
02:21:40.015 [FXGL Background Thread 3 ] DEBUG Engine               - class com.almasb.fxgl.net.NetService
02:21:40.015 [FXGL Background Thread 3 ] DEBUG Engine               - class com.almasb.fxgl.app.services.UpdaterService
02:21:40.015 [FXGL Background Thread 3 ] DEBUG Engine               - class com.almasb.fxgl.dev.DevService
02:21:40.015 [FXGL Background Thread 3 ] DEBUG Engine               - class com.almasb.fxgl.multiplayer.MultiplayerService
02:21:40.498 [JavaFX Application Thread] DEBUG FXGLAssetLoaderServi - Loading from file system: file:/C:/Users/Cent/Desktop/CSS124L-LE/CSS124L-FinalExam/CSS124L-FINAL-PROJECT/fp/target/classes/assets/textures/Weapons/Idle/M16_Idle.png
02:21:40.499 [JavaFX Application Thread] DEBUG FXGLAssetLoaderServi - Loading from file system: file:/C:/Users/Cent/Desktop/CSS124L-LE/CSS124L-FinalExam/CSS124L-FINAL-PROJECT/fp/target/classes/assets/textures/Weapons/Shooting/M16_Shooting.png
02:21:51.103 [JavaFX Application Thread] DEBUG FXGLApplication      - Exiting FXGL
02:21:51.103 [JavaFX Application Thread] DEBUG LoopRunner           - Stopping loop
02:21:51.103 [JavaFX Application Thread] DEBUG SystemBundleService  - Saving FXGL system data
02:21:51.105 [JavaFX Application Thread] DEBUG FileSystemAccess     - Writing to: c:\Users\Cent\Desktop\CSS124L-LE\CSS124L-FinalExam\CSS124L-FINAL-PROJECT\system\fxgl.bundle
02:21:51.106 [JavaFX Application Thread] DEBUG Async                - Shutting down background threads
02:21:51.107 [JavaFX Application Thread] DEBUG PrimaryStageWindow   - Closing main window
02:21:51.126 [JavaFX Application Thread] DEBUG Logger               - Closing Logger
