18:00:38.599 [main                     ] DEBUG Logger               - Configured Logger
18:00:38.629 [main                     ] DEBUG GameApplication      - Logging settings
Title: Flatline: Oregon
Version: Beta ?
Width: 800
Height: 600
Fullscreen: false
Intro: true
Profiling: false
Single step:false
App Mode: DEVELOPER
Menu Key: ESCAPE
Stage Style: DECORATED
Scene Factory: class com.groupfour.mygame.App$1

18:00:39.089 [JavaFX Application Thread] DEBUG FXGLApplication      - Initializing FXGL
18:00:39.092 [JavaFX Application Thread] INFO  Engine               - FXGL-dev-SNAPSHOT (28.07.2021 16.39) on WINDOWS (J:11.0.22 FX:16)
18:00:39.093 [JavaFX Application Thread] DEBUG Engine               - JRE Vendor Name: Oracle Corporation
18:00:39.093 [JavaFX Application Thread] DEBUG Engine               - Running on OS: Windows 11 version 10.0
18:00:39.094 [JavaFX Application Thread] DEBUG Engine               - Architecture: amd64
18:00:39.094 [JavaFX Application Thread] INFO  Engine               - Source code and latest versions at: https://github.com/AlmasB/FXGL
18:00:39.094 [JavaFX Application Thread] INFO  Engine               -              Join the FXGL chat at: https://gitter.im/AlmasB/FXGL
18:00:39.196 [JavaFX Application Thread] DEBUG PrimaryStageWindow   - Creating a JavaFX scene
18:00:39.257 [JavaFX Application Thread] DEBUG PrimaryStageWindow   - Target settings size: 800.0 x 600.0
18:00:39.257 [JavaFX Application Thread] DEBUG PrimaryStageWindow   - Scaled scene size:    800.0 x 600.0
18:00:39.257 [JavaFX Application Thread] DEBUG PrimaryStageWindow   - Scaled ratio: (1.0, 1.0)
18:00:39.258 [JavaFX Application Thread] DEBUG PrimaryStageWindow   - Set initial scene to FXGLStartupScene
18:00:39.264 [JavaFX Application Thread] DEBUG PrimaryStageWindow   - Opening main window
18:00:39.414 [JavaFX Application Thread] DEBUG PrimaryStageWindow   - Window border size: (14.4000244140625, 37.5999755859375)
18:00:39.415 [JavaFX Application Thread] DEBUG PrimaryStageWindow   - Scaled size: 800.0 x 600.0
18:00:39.416 [JavaFX Application Thread] DEBUG PrimaryStageWindow   - Scaled ratio: (1.0, 1.0)
18:00:39.416 [JavaFX Application Thread] DEBUG PrimaryStageWindow   - Scene size: 800.0 x 600.0
18:00:39.416 [JavaFX Application Thread] DEBUG PrimaryStageWindow   - Stage size: 814.4000244140625 x 637.5999755859375
18:00:39.432 [FXGL Background Thread 1 ] DEBUG Engine               - Initializing environment variables
18:00:39.515 [FXGL Background Thread 1 ] DEBUG FXGLAssetLoaderServi - User app class for loading assets: class com.groupfour.mygame.App
18:00:39.515 [FXGL Background Thread 1 ] DEBUG GameApplicationServi - Applying CSS: fxgl_dark.css
18:00:39.516 [FXGL Background Thread 1 ] DEBUG FXGLAssetLoaderServi - Loading from file system: jar:file:///C:/Users/acer/.m2/repository/com/github/almasb/fxgl/dev-SNAPSHOT/fxgl-dev-SNAPSHOT.jar!/fxglassets/ui/css/fxgl_dark.css
18:00:39.567 [FXGL Background Thread 1 ] DEBUG GameApplicationServi - Initializing application scenes
18:00:39.609 [FXGL Background Thread 1 ] DEBUG GameWorld            - Game world initialized
18:00:39.661 [FXGL Background Thread 1 ] DEBUG PhysicsWorld         - Physics world initialized: appHeight=600, physics.ppm=50.0
18:00:39.662 [FXGL Background Thread 1 ] DEBUG PhysicsWorld         - Using strategy: BRUTE_FORCE
18:00:39.664 [FXGL Background Thread 1 ] DEBUG GameScene            - Game scene initialized: 800x600
18:00:39.668 [FXGL Background Thread 1 ] DEBUG FXGLAssetLoaderServi - Loading from file system: jar:file:///C:/Users/acer/.m2/repository/com/github/almasb/fxgl/dev-SNAPSHOT/fxgl-dev-SNAPSHOT.jar!/fxglassets/textures/intro/fxgl_logo.png
18:00:39.699 [FXGL Background Thread 1 ] DEBUG FXGLAssetLoaderServi - Loading from file system: jar:file:///C:/Users/acer/.m2/repository/com/github/almasb/fxgl/dev-SNAPSHOT/fxgl-dev-SNAPSHOT.jar!/fxglassets/textures/intro/javafx_logo.png
18:00:39.803 [FXGL Background Thread 1 ] DEBUG FXGL.DefaultMenu     - createMenuBodyMainMenu()
18:00:39.822 [FXGL Background Thread 1 ] DEBUG FXGL.DefaultMenu     - createOptionsMenu()
18:00:39.830 [FXGL Background Thread 1 ] DEBUG FXGLAssetLoaderServi - Loading from file system: jar:file:///C:/Users/acer/.m2/repository/com/github/almasb/fxgl/dev-SNAPSHOT/fxgl-dev-SNAPSHOT.jar!/fxglassets/textures/particles/smoke.png
18:00:39.894 [FXGL Background Thread 1 ] DEBUG FXGLAssetLoaderServi - Loading from file system: jar:file:///C:/Users/acer/.m2/repository/com/github/almasb/fxgl/dev-SNAPSHOT/fxgl-dev-SNAPSHOT.jar!/fxglassets/textures/particles/trace_horizontal.png
18:00:39.917 [FXGL Background Thread 1 ] DEBUG FXGLAssetLoaderServi - Loading from file system: file:/C:/Users/acer/OneDrive/Desktop/git%20pull/CSS124L-FINAL-PROJECT/fp/target/classes/assets/ui/fonts/PIXELADE.TTF
18:00:40.353 [FXGL Background Thread 1 ] DEBUG FXGLAssetLoaderServi - Loading from file system: file:/C:/Users/acer/OneDrive/Desktop/git%20pull/CSS124L-FINAL-PROJECT/fp/target/classes/assets/textures/spbtn.png
18:00:40.367 [FXGL Background Thread 1 ] DEBUG FXGLAssetLoaderServi - Loading from file system: file:/C:/Users/acer/OneDrive/Desktop/git%20pull/CSS124L-FINAL-PROJECT/fp/target/classes/assets/textures/return.png
18:00:40.379 [FXGL Background Thread 1 ] DEBUG GameApplicationServi - Application scenes initialized
18:00:40.388 [FXGL Background Thread 1 ] DEBUG SystemBundleService  - Loading FXGL system data
18:00:40.393 [FXGL Background Thread 1 ] DEBUG FileSystemAccess     - Reading from: C:\Users\acer\OneDrive\Desktop\git pull\CSS124L-FINAL-PROJECT\system\fxgl.bundle
18:00:40.398 [FXGL Background Thread 1 ] DEBUG SystemBundleService  - Bundle FXGL: {}
18:00:40.399 [FXGL Background Thread 1 ] DEBUG UpdaterService       - Checking for updates
18:00:40.425 [FXGL Background Thread 1 ] DEBUG FXGLApplication      - Loading default localization
18:00:40.425 [FXGL Background Thread 4 ] DEBUG FXGLApplication      - Loading fonts
18:00:40.425 [FXGL Background Thread 1 ] DEBUG FXGLAssetLoaderServi - Loading from file system: jar:file:///C:/Users/acer/.m2/repository/com/github/almasb/fxgl/dev-SNAPSHOT/fxgl-dev-SNAPSHOT.jar!/fxglassets/languages/english.lang
18:00:40.426 [FXGL Background Thread 4 ] DEBUG FXGLAssetLoaderServi - Loading from file system: jar:file:///C:/Users/acer/.m2/repository/com/github/almasb/fxgl/dev-SNAPSHOT/fxgl-dev-SNAPSHOT.jar!/fxglassets/ui/fonts/VarelaRound-Regular.ttf
18:00:40.437 [FXGL Background Thread 4 ] DEBUG FXGLAssetLoaderServi - Loading from file system: jar:file:///C:/Users/acer/.m2/repository/com/github/almasb/fxgl/dev-SNAPSHOT/fxgl-dev-SNAPSHOT.jar!/fxglassets/ui/fonts/Abel-Regular.ttf
18:00:40.448 [FXGL Background Thread 4 ] DEBUG FXGLAssetLoaderServi - Loading from file system: jar:file:///C:/Users/acer/.m2/repository/com/github/almasb/fxgl/dev-SNAPSHOT/fxgl-dev-SNAPSHOT.jar!/fxglassets/ui/fonts/lucida_console.ttf
18:00:40.451 [FXGL Background Thread 1 ] INFO  FXGLApplication      - FXGL initialization took: 1.019 sec
18:00:40.456 [FXGL Background Thread 4 ] DEBUG FXGLAssetLoaderServi - Loading from file system: jar:file:///C:/Users/acer/.m2/repository/com/github/almasb/fxgl/dev-SNAPSHOT/fxgl-dev-SNAPSHOT.jar!/fxglassets/ui/fonts/Courier-Prime.ttf
18:00:40.463 [JavaFX Application Thread] DEBUG Input                - Registered new binding: Move Upwards - W
18:00:40.464 [JavaFX Application Thread] DEBUG Input                - Registered new binding: Move Down - S
18:00:40.464 [JavaFX Application Thread] DEBUG Input                - Registered new binding: Move Left - A
18:00:40.464 [JavaFX Application Thread] DEBUG Input                - Registered new binding: Move Right - D
18:00:40.464 [JavaFX Application Thread] DEBUG Input                - Registered new binding: Reload - R
18:00:40.465 [JavaFX Application Thread] DEBUG Input                - Registered new binding: Shoot - LMB
18:00:40.466 [JavaFX Application Thread] DEBUG Input                - Registered new binding: Switch Weapons - Q
18:00:40.466 [JavaFX Application Thread] DEBUG Input                - Registered new binding: Interact - F
18:00:40.466 [JavaFX Application Thread] DEBUG Input                - Registered new binding: Sprint - Space
18:00:40.467 [JavaFX Application Thread] DEBUG FXGLAssetLoaderServi - Loading from file system: file:/C:/Users/acer/OneDrive/Desktop/git%20pull/CSS124L-FINAL-PROJECT/fp/target/classes/assets/music/titleBGM.mp3
18:00:40.564 [FXGL Background Thread 2 ] WARN  UpdaterService       - Failed to find updates: java.net.UnknownHostException: raw.githubusercontent.com
18:00:40.609 [JavaFX Application Thread] DEBUG AudioPlayer          - Playing music com.almasb.fxgl.audio.Music@43879a17
18:00:40.609 [JavaFX Application Thread] DEBUG FXGLAssetLoaderServi - Loading from file system: jar:file:///C:/Users/acer/.m2/repository/com/github/almasb/fxgl/dev-SNAPSHOT/fxgl-dev-SNAPSHOT.jar!/fxglassets/textures/fxgl_icon.png
18:00:40.617 [JavaFX Application Thread] DEBUG FXGLAssetLoaderServi - Loading from file system: jar:file:///C:/Users/acer/.m2/repository/com/github/almasb/fxgl/dev-SNAPSHOT/fxgl-dev-SNAPSHOT.jar!/fxglassets/textures/fxgl_default_cursor.png
18:00:40.618 [JavaFX Application Thread] DEBUG Input                - Registered new binding: Screenshot - CTRL+8
18:00:40.619 [JavaFX Application Thread] DEBUG Input                - Registered new binding: Dev Options - 1
18:00:40.619 [JavaFX Application Thread] DEBUG Input                - Registered new binding: Dev Console - 2
18:00:40.619 [JavaFX Application Thread] DEBUG Input                - Registered new binding: System info dump - CTRL+9
18:00:40.619 [JavaFX Application Thread] DEBUG Input                - Registered new binding: Restart - CTRL+R
18:00:40.620 [JavaFX Application Thread] DEBUG Input                - Registered new binding: Toggle Debug Camera - CTRL+C
18:00:40.622 [JavaFX Application Thread] DEBUG LoopRunner           - Starting loop
18:00:40.633 [JavaFX Application Thread] DEBUG LoopRunner           - Initializing JavaFX AnimationTimerLoop
18:00:40.654 [JavaFX Application Thread] DEBUG Input                - Clearing active input actions
18:00:40.666 [JavaFX Application Thread] DEBUG GameApplicationServi - Removing overlay from FXGLStartupScene and adding to FXGLIntroScene
18:00:40.669 [JavaFX Application Thread] DEBUG PrimaryStageWindow   - FXGLStartupScene -> FXGLIntroScene
18:00:40.670 [JavaFX Application Thread] DEBUG FXGLApplication      - Registering font factories with UI factory
18:00:43.424 [FXGL Background Thread 3 ] DEBUG Engine               - Logging environment variables
18:00:43.425 [FXGL Background Thread 3 ] DEBUG Engine               - achievements: []
18:00:43.425 [FXGL Background Thread 3 ] DEBUG Engine               - actualHeight: 600.0
18:00:43.425 [FXGL Background Thread 3 ] DEBUG Engine               - actualHeightProperty: ReadOnlyDoubleProperty [value: 600.0]
18:00:43.425 [FXGL Background Thread 3 ] DEBUG Engine               - actualWidth: 800.0
18:00:43.425 [FXGL Background Thread 3 ] DEBUG Engine               - actualWidthProperty: ReadOnlyDoubleProperty [value: 800.0]
18:00:43.425 [FXGL Background Thread 3 ] DEBUG Engine               - appIcon: fxgl_icon.png
18:00:43.425 [FXGL Background Thread 3 ] DEBUG Engine               - applicationMode: DEVELOPER
18:00:43.425 [FXGL Background Thread 3 ] DEBUG Engine               - cSSList: [fxgl_dark.css]
18:00:43.426 [FXGL Background Thread 3 ] DEBUG Engine               - collisionDetectionStrategy: BRUTE_FORCE
18:00:43.426 [FXGL Background Thread 3 ] DEBUG Engine               - configClass: Optional.empty
18:00:43.426 [FXGL Background Thread 3 ] DEBUG Engine               - credits: []
18:00:43.426 [FXGL Background Thread 3 ] DEBUG Engine               - defaultCursor: CursorInfo(imageName=fxgl_default_cursor.png, hotspotX=7.0, hotspotY=6.0)
18:00:43.427 [FXGL Background Thread 3 ] DEBUG Engine               - devBBoxColorProperty: ObjectProperty [value: 0xff0000ff]
18:00:43.427 [FXGL Background Thread 3 ] DEBUG Engine               - devEnableDebugCameraProperty: BooleanProperty [value: false]
18:00:43.428 [FXGL Background Thread 3 ] DEBUG Engine               - devSensorColorProperty: ObjectProperty [value: 0xffff00ff]
18:00:43.428 [FXGL Background Thread 3 ] DEBUG Engine               - devShowBBoxProperty: BooleanProperty [value: false]
18:00:43.428 [FXGL Background Thread 3 ] DEBUG Engine               - devShowPositionProperty: BooleanProperty [value: false]
18:00:43.428 [FXGL Background Thread 3 ] DEBUG Engine               - enabledMenuItems: []
18:00:43.428 [FXGL Background Thread 3 ] DEBUG Engine               - engineServices: [class com.almasb.fxgl.app.services.FXGLAssetLoaderService, class com.almasb.fxgl.app.FXGLApplication$GameApplicationService, class com.almasb.fxgl.app.services.FXGLDialogService, class com.almasb.fxgl.app.services.IOTaskExecutorService, class com.almasb.fxgl.io.FileSystemService, class com.almasb.fxgl.localization.LocalizationService, class com.almasb.fxgl.app.services.SystemBundleService, class com.almasb.fxgl.profile.SaveLoadService, class com.almasb.fxgl.ui.FXGLUIFactoryServiceProvider, class com.almasb.fxgl.ui.FXGLDialogFactoryServiceProvider, class com.almasb.fxgl.audio.AudioPlayer, class com.almasb.fxgl.notification.impl.NotificationServiceProvider, class com.almasb.fxgl.achievement.AchievementService, class com.almasb.fxgl.cutscene.CutsceneService, class com.almasb.fxgl.minigames.MiniGameService, class com.almasb.fxgl.net.NetService, class com.almasb.fxgl.app.services.UpdaterService, class com.almasb.fxgl.dev.DevService, class com.almasb.fxgl.multiplayer.MultiplayerService]
18:00:43.428 [FXGL Background Thread 3 ] DEBUG Engine               - fontGame: Abel-Regular.ttf
18:00:43.428 [FXGL Background Thread 3 ] DEBUG Engine               - fontMono: lucida_console.ttf
18:00:43.429 [FXGL Background Thread 3 ] DEBUG Engine               - fontText: Courier-Prime.ttf
18:00:43.429 [FXGL Background Thread 3 ] DEBUG Engine               - fontUI: VarelaRound-Regular.ttf
18:00:43.429 [FXGL Background Thread 3 ] DEBUG Engine               - fullScreen: BooleanProperty [value: false]
18:00:43.429 [FXGL Background Thread 3 ] DEBUG Engine               - gameDifficulty: MEDIUM
18:00:43.429 [FXGL Background Thread 3 ] DEBUG Engine               - gameDifficultyProperty: ObjectProperty [value: MEDIUM]
18:00:43.429 [FXGL Background Thread 3 ] DEBUG Engine               - globalMusicVolume: 0.5
18:00:43.430 [FXGL Background Thread 3 ] DEBUG Engine               - globalMusicVolumeProperty: DoubleProperty [value: 0.5]
18:00:43.430 [FXGL Background Thread 3 ] DEBUG Engine               - globalSoundVolume: 0.5
18:00:43.430 [FXGL Background Thread 3 ] DEBUG Engine               - globalSoundVolumeProperty: DoubleProperty [value: 0.5]
18:00:43.430 [FXGL Background Thread 3 ] DEBUG Engine               - height: 600
18:00:43.430 [FXGL Background Thread 3 ] DEBUG Engine               - is3D: false
18:00:43.430 [FXGL Background Thread 3 ] DEBUG Engine               - isAndroid: false
18:00:43.430 [FXGL Background Thread 3 ] DEBUG Engine               - isBrowser: false
18:00:43.431 [FXGL Background Thread 3 ] DEBUG Engine               - isClickFeedbackEnabled: false
18:00:43.431 [FXGL Background Thread 3 ] DEBUG Engine               - isCloseConfirmation: false
18:00:43.431 [FXGL Background Thread 3 ] DEBUG Engine               - isDesktop: true
18:00:43.431 [FXGL Background Thread 3 ] DEBUG Engine               - isDeveloperMenuEnabled: true
18:00:43.431 [FXGL Background Thread 3 ] DEBUG Engine               - isEmbedded: false
18:00:43.432 [FXGL Background Thread 3 ] DEBUG Engine               - isEntityPreloadEnabled: true
18:00:43.432 [FXGL Background Thread 3 ] DEBUG Engine               - isExperimentalTiledLargeMap: false
18:00:43.432 [FXGL Background Thread 3 ] DEBUG Engine               - isFileSystemWriteAllowed: true
18:00:43.432 [FXGL Background Thread 3 ] DEBUG Engine               - isFullScreenAllowed: false
18:00:43.433 [FXGL Background Thread 3 ] DEBUG Engine               - isFullScreenFromStart: false
18:00:43.433 [FXGL Background Thread 3 ] DEBUG Engine               - isGameMenuEnabled: true
18:00:43.433 [FXGL Background Thread 3 ] DEBUG Engine               - isIOS: false
18:00:43.433 [FXGL Background Thread 3 ] DEBUG Engine               - isIntroEnabled: true
18:00:43.433 [FXGL Background Thread 3 ] DEBUG Engine               - isLinux: false
18:00:43.433 [FXGL Background Thread 3 ] DEBUG Engine               - isMac: false
18:00:43.433 [FXGL Background Thread 3 ] DEBUG Engine               - isMainMenuEnabled: true
18:00:43.433 [FXGL Background Thread 3 ] DEBUG Engine               - isManualResizeEnabled: false
18:00:43.433 [FXGL Background Thread 3 ] DEBUG Engine               - isMobile: false
18:00:43.434 [FXGL Background Thread 3 ] DEBUG Engine               - isNative: false
18:00:43.434 [FXGL Background Thread 3 ] DEBUG Engine               - isPauseMusicWhenMinimized: true
18:00:43.434 [FXGL Background Thread 3 ] DEBUG Engine               - isPreserveResizeRatio: false
18:00:43.434 [FXGL Background Thread 3 ] DEBUG Engine               - isProfilingEnabled: false
18:00:43.434 [FXGL Background Thread 3 ] DEBUG Engine               - isScaleAffectedOnResize: true
18:00:43.434 [FXGL Background Thread 3 ] DEBUG Engine               - isSingleStep: false
18:00:43.435 [FXGL Background Thread 3 ] DEBUG Engine               - isUserProfileEnabled: false
18:00:43.435 [FXGL Background Thread 3 ] DEBUG Engine               - isWindows: true
18:00:43.435 [FXGL Background Thread 3 ] DEBUG Engine               - language: ObjectProperty [value: ENGLISH]
18:00:43.435 [FXGL Background Thread 3 ] DEBUG Engine               - menuKey: ESCAPE
18:00:43.435 [FXGL Background Thread 3 ] DEBUG Engine               - mouseSensitivity: 0.2
18:00:43.435 [FXGL Background Thread 3 ] DEBUG Engine               - notificationViewClass: class com.almasb.fxgl.notification.view.XboxNotificationView
18:00:43.435 [FXGL Background Thread 3 ] DEBUG Engine               - pixelsPerMeter: 50.0
18:00:43.435 [FXGL Background Thread 3 ] DEBUG Engine               - platform: WINDOWS
18:00:43.435 [FXGL Background Thread 3 ] DEBUG Engine               - prefHeightProperty: ReadOnlyDoubleProperty [value: 600.0]
18:00:43.435 [FXGL Background Thread 3 ] DEBUG Engine               - prefWidthProperty: ReadOnlyDoubleProperty [value: 800.0]
18:00:43.435 [FXGL Background Thread 3 ] DEBUG Engine               - profileDir: profiles/
18:00:43.436 [FXGL Background Thread 3 ] DEBUG Engine               - profileName: StringProperty [value: DEFAULT]
18:00:43.436 [FXGL Background Thread 3 ] DEBUG Engine               - randomSeed: -1
18:00:43.436 [FXGL Background Thread 3 ] DEBUG Engine               - runtimeInfo: RuntimeInfo(platform=WINDOWS, version=dev-SNAPSHOT, build=28.07.2021 16.39)
18:00:43.436 [FXGL Background Thread 3 ] DEBUG Engine               - saveFileExt: sav
18:00:43.436 [FXGL Background Thread 3 ] DEBUG Engine               - scaledHeightProp$fxgl: DoubleProperty [bound, value: 600.0]
18:00:43.436 [FXGL Background Thread 3 ] DEBUG Engine               - scaledWidthProp$fxgl: DoubleProperty [bound, value: 800.0]
18:00:43.436 [FXGL Background Thread 3 ] DEBUG Engine               - sceneFactory: com.groupfour.mygame.App$1@8f758d1
18:00:43.436 [FXGL Background Thread 3 ] DEBUG Engine               - secondsIn24h: 60
18:00:43.436 [FXGL Background Thread 3 ] DEBUG Engine               - soundMenuBack: menu/back.wav
18:00:43.436 [FXGL Background Thread 3 ] DEBUG Engine               - soundMenuPress: menu/press.wav
18:00:43.436 [FXGL Background Thread 3 ] DEBUG Engine               - soundMenuSelect: menu/select.wav
18:00:43.436 [FXGL Background Thread 3 ] DEBUG Engine               - soundNotification: core/notification.wav
18:00:43.436 [FXGL Background Thread 3 ] DEBUG Engine               - stageStyle: DECORATED
18:00:43.436 [FXGL Background Thread 3 ] DEBUG Engine               - supportedLanguages: [ENGLISH, FRENCH, GERMAN, HUNGARIAN, RUSSIAN]
18:00:43.437 [FXGL Background Thread 3 ] DEBUG Engine               - ticksPerSecond: -1
18:00:43.437 [FXGL Background Thread 3 ] DEBUG Engine               - title: Flatline: Oregon
18:00:43.437 [FXGL Background Thread 3 ] DEBUG Engine               - urlGithub: https://github.com/AlmasB/FXGL
18:00:43.437 [FXGL Background Thread 3 ] DEBUG Engine               - urlLeaderboard: http://fxgl-top.herokuapp.com/
18:00:43.437 [FXGL Background Thread 3 ] DEBUG Engine               - urlPOM: https://raw.githubusercontent.com/AlmasB/FXGL/release/README.md
18:00:43.437 [FXGL Background Thread 3 ] DEBUG Engine               - userAppClass: class com.groupfour.mygame.App
18:00:43.437 [FXGL Background Thread 3 ] DEBUG Engine               - version: Beta ?
18:00:43.437 [FXGL Background Thread 3 ] DEBUG Engine               - versionCheckDays: 7
18:00:43.437 [FXGL Background Thread 3 ] DEBUG Engine               - width: 800
18:00:43.438 [FXGL Background Thread 3 ] DEBUG Engine               - Logging services
18:00:43.438 [FXGL Background Thread 3 ] DEBUG Engine               - class com.almasb.fxgl.app.services.FXGLAssetLoaderService
18:00:43.438 [FXGL Background Thread 3 ] DEBUG Engine               - class com.almasb.fxgl.app.FXGLApplication$GameApplicationService
18:00:43.438 [FXGL Background Thread 3 ] DEBUG Engine               - class com.almasb.fxgl.app.services.FXGLDialogService
18:00:43.438 [FXGL Background Thread 3 ] DEBUG Engine               - class com.almasb.fxgl.app.services.IOTaskExecutorService
18:00:43.438 [FXGL Background Thread 3 ] DEBUG Engine               - class com.almasb.fxgl.io.FileSystemService
18:00:43.438 [FXGL Background Thread 3 ] DEBUG Engine               - class com.almasb.fxgl.localization.LocalizationService
18:00:43.438 [FXGL Background Thread 3 ] DEBUG Engine               - class com.almasb.fxgl.app.services.SystemBundleService
18:00:43.438 [FXGL Background Thread 3 ] DEBUG Engine               - class com.almasb.fxgl.profile.SaveLoadService
18:00:43.438 [FXGL Background Thread 3 ] DEBUG Engine               - class com.almasb.fxgl.ui.FXGLUIFactoryServiceProvider
18:00:43.438 [FXGL Background Thread 3 ] DEBUG Engine               - class com.almasb.fxgl.ui.FXGLDialogFactoryServiceProvider
18:00:43.438 [FXGL Background Thread 3 ] DEBUG Engine               - class com.almasb.fxgl.audio.AudioPlayer
18:00:43.438 [FXGL Background Thread 3 ] DEBUG Engine               - class com.almasb.fxgl.notification.impl.NotificationServiceProvider
18:00:43.438 [FXGL Background Thread 3 ] DEBUG Engine               - class com.almasb.fxgl.achievement.AchievementService
18:00:43.438 [FXGL Background Thread 3 ] DEBUG Engine               - class com.almasb.fxgl.cutscene.CutsceneService
18:00:43.438 [FXGL Background Thread 3 ] DEBUG Engine               - class com.almasb.fxgl.minigames.MiniGameService
18:00:43.438 [FXGL Background Thread 3 ] DEBUG Engine               - class com.almasb.fxgl.net.NetService
18:00:43.439 [FXGL Background Thread 3 ] DEBUG Engine               - class com.almasb.fxgl.app.services.UpdaterService
18:00:43.439 [FXGL Background Thread 3 ] DEBUG Engine               - class com.almasb.fxgl.dev.DevService
18:00:43.439 [FXGL Background Thread 3 ] DEBUG Engine               - class com.almasb.fxgl.multiplayer.MultiplayerService
18:00:46.823 [JavaFX Application Thread] DEBUG Input                - Clearing active input actions
18:00:46.832 [JavaFX Application Thread] DEBUG GameApplicationServi - Removing overlay from FXGLIntroScene and adding to FXGLMainMenuDummyScene
18:00:46.841 [JavaFX Application Thread] DEBUG PrimaryStageWindow   - FXGLIntroScene -> FXGLMainMenuDummyScene
18:00:46.841 [JavaFX Application Thread] DEBUG PrimaryStageWindow   - Push state: FXGLDefaultMenu
18:00:46.850 [JavaFX Application Thread] DEBUG Input                - Clearing active input actions
18:00:46.852 [JavaFX Application Thread] DEBUG GameApplicationServi - Removing overlay from FXGLMainMenuDummyScene and adding to FXGLDefaultMenu
18:00:46.852 [JavaFX Application Thread] DEBUG PrimaryStageWindow   - FXGLMainMenuDummyScene -> FXGLDefaultMenu
18:00:49.433 [JavaFX Application Thread] DEBUG Menu                 - fireNewGame()
18:00:49.433 [JavaFX Application Thread] DEBUG GameApplicationServi - Starting new game
18:00:49.434 [JavaFX Application Thread] DEBUG PrimaryStageWindow   - Pop state: FXGLDefaultMenu
18:00:49.434 [JavaFX Application Thread] DEBUG Input                - Clearing active input actions
18:00:49.435 [JavaFX Application Thread] DEBUG GameApplicationServi - Removing overlay from FXGLDefaultMenu and adding to FXGLMainMenuDummyScene
18:00:49.437 [JavaFX Application Thread] DEBUG PrimaryStageWindow   - FXGLMainMenuDummyScene <- FXGLDefaultMenu
18:00:49.437 [JavaFX Application Thread] DEBUG Input                - Clearing active input actions
18:00:49.441 [JavaFX Application Thread] DEBUG GameApplicationServi - Removing overlay from FXGLMainMenuDummyScene and adding to FXGLLoadingScene
18:00:49.441 [JavaFX Application Thread] DEBUG PrimaryStageWindow   - FXGLMainMenuDummyScene -> FXGLLoadingScene
18:00:49.441 [JavaFX Application Thread] DEBUG GameApplicationServi - Clearing previous game
18:00:49.441 [JavaFX Application Thread] DEBUG GameScene            - Clearing game scene
18:00:49.441 [JavaFX Application Thread] DEBUG GameWorld            - Clearing game world
18:00:49.441 [JavaFX Application Thread] DEBUG PhysicsWorld         - Clearing physics world
18:00:49.442 [FXGL Background Thread 2 ] DEBUG FXGLApplication      - Initializing game
18:00:49.479 [FXGL Background Thread 2 ] WARN  TMXLevelLoader       - TiledMap generated from 1.11.0. Supported version: 1.2.3. Some features may not be parsed fully.
18:00:49.508 [FXGL Background Thread 2 ] DEBUG TMXLevelLoader       - Parsed TiledMap: file:/C:/Users/acer/OneDrive/Desktop/git%20pull/CSS124L-FINAL-PROJECT/fp/target/classes/assets/levels/Warehouse.tmx
18:00:49.510 [FXGL Background Thread 2 ] DEBUG TMXLevelLoader       - Creating tile layer entities
18:00:49.511 [FXGL Background Thread 2 ] DEBUG TilesetLoader        - Loading view for layer Floor
18:00:49.520 [FXGL Background Thread 2 ] DEBUG TilesetLoader        - Created buffer with size 2240.0x1600.0
18:00:49.536 [FXGL Background Thread 2 ] DEBUG TilesetLoader        - Loading view for layer Wall
18:00:49.544 [FXGL Background Thread 2 ] DEBUG TilesetLoader        - Created buffer with size 2240.0x1600.0
18:00:49.560 [FXGL Background Thread 2 ] DEBUG TilesetLoader        - Loading view for layer Props
18:00:49.567 [FXGL Background Thread 2 ] DEBUG TilesetLoader        - Created buffer with size 2240.0x1600.0
18:00:49.581 [FXGL Background Thread 2 ] DEBUG TMXLevelLoader       - Creating object layer entities
18:00:49.604 [FXGL Background Thread 2 ] DEBUG GameWorld            - Clearing removable entities
18:00:49.605 [FXGL Background Thread 2 ] DEBUG GameWorld            - Setting level: com.almasb.fxgl.entity.level.Level@4751fbf9
18:00:49.614 [FXGL Background Thread 2 ] INFO  FXGLApplication      - Game initialization took: 0.172 sec
18:00:49.616 [JavaFX Application Thread] DEBUG Input                - Clearing active input actions
18:00:49.620 [JavaFX Application Thread] DEBUG GameApplicationServi - Removing overlay from FXGLLoadingScene and adding to GameScene
18:00:49.621 [JavaFX Application Thread] DEBUG PrimaryStageWindow   - FXGLLoadingScene -> GameScene
18:00:49.656 [JavaFX Application Thread] DEBUG FXGLAssetLoaderServi - Loading from file system: file:/C:/Users/acer/OneDrive/Desktop/git%20pull/CSS124L-FINAL-PROJECT/fp/target/classes/assets/textures/banner.png
18:00:49.704 [JavaFX Application Thread] DEBUG PrimaryStageWindow   - Push state: PCM_BG
18:00:49.704 [JavaFX Application Thread] DEBUG Input                - Clearing active input actions
18:00:49.704 [JavaFX Application Thread] DEBUG GameApplicationServi - Removing overlay from GameScene and adding to PCM_BG
18:00:49.705 [JavaFX Application Thread] DEBUG PrimaryStageWindow   - GameScene -> PCM_BG
18:00:49.710 [JavaFX Application Thread] DEBUG PrimaryStageWindow   - Push state: PlayerCountMenu
18:00:49.710 [JavaFX Application Thread] DEBUG Input                - Clearing active input actions
18:00:49.710 [JavaFX Application Thread] DEBUG GameApplicationServi - Removing overlay from PCM_BG and adding to PlayerCountMenu
18:00:49.710 [JavaFX Application Thread] DEBUG PrimaryStageWindow   - PCM_BG -> PlayerCountMenu
18:00:50.395 [JavaFX Application Thread] DEBUG AudioPlayer          - Stopping music com.almasb.fxgl.audio.Music@43879a17
18:00:50.402 [JavaFX Application Thread] DEBUG FXGLAssetLoaderServi - Loading from file system: file:/C:/Users/acer/OneDrive/Desktop/git%20pull/CSS124L-FINAL-PROJECT/fp/target/classes/assets/sounds/Reload.mp3
18:00:50.408 [JavaFX Application Thread] DEBUG FXGLAssetLoaderServi - Loading from file system: file:/C:/Users/acer/OneDrive/Desktop/git%20pull/CSS124L-FINAL-PROJECT/fp/target/classes/assets/sounds/BerettaM9_Shoot.mp3
18:00:50.416 [JavaFX Application Thread] DEBUG FXGLAssetLoaderServi - Loading from file system: file:/C:/Users/acer/OneDrive/Desktop/git%20pull/CSS124L-FINAL-PROJECT/fp/target/classes/assets/textures/Weapons/Idle/BerettaM9_Idle.png
18:00:50.417 [JavaFX Application Thread] DEBUG FXGLAssetLoaderServi - Loading from file system: file:/C:/Users/acer/OneDrive/Desktop/git%20pull/CSS124L-FINAL-PROJECT/fp/target/classes/assets/textures/Weapons/Shooting/BerettaM9_Shooting.png
18:00:50.420 [JavaFX Application Thread] DEBUG FXGLAssetLoaderServi - Loading from file system: file:/C:/Users/acer/OneDrive/Desktop/git%20pull/CSS124L-FINAL-PROJECT/fp/target/classes/assets/textures/Players/1P_Shoot.png
18:00:50.425 [JavaFX Application Thread] DEBUG FXGLAssetLoaderServi - Loading from file system: file:/C:/Users/acer/OneDrive/Desktop/git%20pull/CSS124L-FINAL-PROJECT/fp/target/classes/assets/textures/Interactables/vending_machine.png
18:00:50.428 [JavaFX Application Thread] DEBUG FXGLAssetLoaderServi - Loading from file system: file:/C:/Users/acer/OneDrive/Desktop/git%20pull/CSS124L-FINAL-PROJECT/fp/target/classes/assets/sounds/Soda_Can_Opening.mp3
18:00:50.432 [JavaFX Application Thread] DEBUG FXGLAssetLoaderServi - Loading from file system: file:/C:/Users/acer/OneDrive/Desktop/git%20pull/CSS124L-FINAL-PROJECT/fp/target/classes/assets/textures/Interactables/microwave_close.png
18:00:50.436 [JavaFX Application Thread] DEBUG PrimaryStageWindow   - Pop state: PlayerCountMenu
18:00:50.436 [JavaFX Application Thread] DEBUG Input                - Clearing active input actions
18:00:50.437 [JavaFX Application Thread] DEBUG GameApplicationServi - Removing overlay from PlayerCountMenu and adding to PCM_BG
18:00:50.437 [JavaFX Application Thread] DEBUG PrimaryStageWindow   - PCM_BG <- PlayerCountMenu
18:00:50.438 [JavaFX Application Thread] DEBUG PrimaryStageWindow   - Pop state: PCM_BG
18:00:50.438 [JavaFX Application Thread] DEBUG Input                - Clearing active input actions
18:00:50.438 [JavaFX Application Thread] DEBUG GameApplicationServi - Removing overlay from PCM_BG and adding to GameScene
18:00:50.438 [JavaFX Application Thread] DEBUG PrimaryStageWindow   - GameScene <- PCM_BG
18:00:50.546 [JavaFX Application Thread] DEBUG FXGLAssetLoaderServi - Loading from file system: file:/C:/Users/acer/OneDrive/Desktop/git%20pull/CSS124L-FINAL-PROJECT/fp/target/classes/assets/textures/Zombies/Basic_Zombie_Walking.png
18:00:50.548 [JavaFX Application Thread] DEBUG FXGLAssetLoaderServi - Loading from file system: file:/C:/Users/acer/OneDrive/Desktop/git%20pull/CSS124L-FINAL-PROJECT/fp/target/classes/assets/textures/Zombies/Basic_Zombie_Attack.png
18:00:50.827 [JavaFX Application Thread] DEBUG FXGLAssetLoaderServi - Loading from file system: file:/C:/Users/acer/OneDrive/Desktop/git%20pull/CSS124L-FINAL-PROJECT/fp/target/classes/assets/text/startGame.txt
18:00:50.831 [JavaFX Application Thread] DEBUG Input                - Registered new binding: Next RPG Line - Enter
18:00:50.832 [JavaFX Application Thread] DEBUG FXGLAssetLoaderServi - Loading from file system: file:/C:/Users/acer/OneDrive/Desktop/git%20pull/CSS124L-FINAL-PROJECT/fp/target/classes/assets/textures/helmet.png
18:00:50.834 [JavaFX Application Thread] DEBUG PrimaryStageWindow   - Push state: CutsceneScene
18:00:50.834 [JavaFX Application Thread] DEBUG Input                - Clearing active input actions
18:00:50.836 [JavaFX Application Thread] DEBUG GameApplicationServi - Removing overlay from GameScene and adding to CutsceneScene
18:00:50.836 [JavaFX Application Thread] DEBUG PrimaryStageWindow   - GameScene -> CutsceneScene
18:00:52.293 [JavaFX Application Thread] DEBUG PrimaryStageWindow   - Pop state: CutsceneScene
18:00:52.294 [JavaFX Application Thread] DEBUG Input                - Clearing active input actions
18:00:52.294 [JavaFX Application Thread] DEBUG GameApplicationServi - Removing overlay from CutsceneScene and adding to GameScene
18:00:52.296 [JavaFX Application Thread] DEBUG PrimaryStageWindow   - GameScene <- CutsceneScene
18:00:57.493 [JavaFX Application Thread] DEBUG FXGLApplication      - Exiting FXGL
18:00:57.493 [JavaFX Application Thread] DEBUG LoopRunner           - Stopping loop
18:00:57.493 [JavaFX Application Thread] DEBUG SystemBundleService  - Saving FXGL system data
18:00:57.495 [JavaFX Application Thread] DEBUG FileSystemAccess     - Writing to: C:\Users\acer\OneDrive\Desktop\git pull\CSS124L-FINAL-PROJECT\system\fxgl.bundle
18:00:57.498 [JavaFX Application Thread] DEBUG Async                - Shutting down background threads
18:00:57.498 [JavaFX Application Thread] DEBUG PrimaryStageWindow   - Closing main window
18:00:57.549 [JavaFX Application Thread] DEBUG Logger               - Closing Logger
