19:07:53.536 [main                     ] DEBUG Logger               - Configured Logger
19:07:53.538 [main                     ] DEBUG GameApplication      - Logging settings
Title: Flatline: Oregon
Version: Alpha 0.3
Width: 800
Height: 600
Fullscreen: false
Intro: false
Profiling: false
Single step:false
App Mode: DEVELOPER
Menu Key: ESCAPE
Stage Style: DECORATED
Scene Factory: class com.groupfour.mygame.App$1

19:07:53.830 [JavaFX Application Thread] DEBUG FXGLApplication      - Initializing FXGL
19:07:53.831 [JavaFX Application Thread] INFO  Engine               - FXGL-dev-SNAPSHOT (28.07.2021 16.39) on WINDOWS (J:21.0.4 FX:16)
19:07:53.832 [JavaFX Application Thread] DEBUG Engine               - JRE Vendor Name: Eclipse Adoptium
19:07:53.832 [JavaFX Application Thread] DEBUG Engine               - Running on OS: Windows 11 version 10.0
19:07:53.832 [JavaFX Application Thread] DEBUG Engine               - Architecture: amd64
19:07:53.832 [JavaFX Application Thread] INFO  Engine               - Source code and latest versions at: https://github.com/AlmasB/FXGL
19:07:53.832 [JavaFX Application Thread] INFO  Engine               -              Join the FXGL chat at: https://gitter.im/AlmasB/FXGL
19:07:53.899 [JavaFX Application Thread] DEBUG PrimaryStageWindow   - Creating a JavaFX scene
19:07:53.934 [JavaFX Application Thread] DEBUG PrimaryStageWindow   - Target settings size: 800.0 x 600.0
19:07:53.934 [JavaFX Application Thread] DEBUG PrimaryStageWindow   - Scaled scene size:    800.0 x 600.0
19:07:53.934 [JavaFX Application Thread] DEBUG PrimaryStageWindow   - Scaled ratio: (1.0, 1.0)
19:07:53.934 [JavaFX Application Thread] DEBUG PrimaryStageWindow   - Set initial scene to FXGLStartupScene
19:07:53.940 [JavaFX Application Thread] DEBUG PrimaryStageWindow   - Opening main window
19:07:54.011 [JavaFX Application Thread] DEBUG PrimaryStageWindow   - Window border size: (16.0, 39.0)
19:07:54.011 [JavaFX Application Thread] DEBUG PrimaryStageWindow   - Scaled size: 800.0 x 600.0
19:07:54.011 [JavaFX Application Thread] DEBUG PrimaryStageWindow   - Scaled ratio: (1.0, 1.0)
19:07:54.011 [JavaFX Application Thread] DEBUG PrimaryStageWindow   - Scene size: 800.0 x 600.0
19:07:54.011 [JavaFX Application Thread] DEBUG PrimaryStageWindow   - Stage size: 816.0 x 639.0
19:07:54.019 [FXGL Background Thread 1 ] DEBUG Engine               - Initializing environment variables
19:07:54.080 [FXGL Background Thread 1 ] DEBUG FXGLAssetLoaderServi - User app class for loading assets: class com.groupfour.mygame.App
19:07:54.080 [FXGL Background Thread 1 ] DEBUG GameApplicationServi - Applying CSS: fxgl_dark.css
19:07:54.081 [FXGL Background Thread 1 ] DEBUG FXGLAssetLoaderServi - Loading from file system: jar:file:///C:/Users/Cent/.m2/repository/com/github/almasb/fxgl/dev-SNAPSHOT/fxgl-dev-SNAPSHOT.jar!/fxglassets/ui/css/fxgl_dark.css
19:07:54.122 [FXGL Background Thread 1 ] DEBUG GameApplicationServi - Initializing application scenes
19:07:54.166 [FXGL Background Thread 1 ] DEBUG GameWorld            - Game world initialized
19:07:54.225 [FXGL Background Thread 1 ] DEBUG PhysicsWorld         - Physics world initialized: appHeight=600, physics.ppm=50.0
19:07:54.226 [FXGL Background Thread 1 ] DEBUG PhysicsWorld         - Using strategy: BRUTE_FORCE
19:07:54.228 [FXGL Background Thread 1 ] DEBUG GameScene            - Game scene initialized: 800x600
19:07:54.235 [FXGL Background Thread 1 ] DEBUG FXGL.DefaultMenu     - createMenuBodyMainMenu()
19:07:54.246 [FXGL Background Thread 1 ] DEBUG FXGL.DefaultMenu     - createOptionsMenu()
19:07:54.253 [FXGL Background Thread 1 ] DEBUG FXGLAssetLoaderServi - Loading from file system: jar:file:///C:/Users/Cent/.m2/repository/com/github/almasb/fxgl/dev-SNAPSHOT/fxgl-dev-SNAPSHOT.jar!/fxglassets/textures/particles/smoke.png
19:07:54.332 [FXGL Background Thread 1 ] DEBUG FXGLAssetLoaderServi - Loading from file system: jar:file:///C:/Users/Cent/.m2/repository/com/github/almasb/fxgl/dev-SNAPSHOT/fxgl-dev-SNAPSHOT.jar!/fxglassets/textures/particles/trace_horizontal.png
19:07:54.357 [FXGL Background Thread 1 ] DEBUG GameApplicationServi - Application scenes initialized
19:07:54.366 [FXGL Background Thread 1 ] DEBUG SystemBundleService  - Loading FXGL system data
19:07:54.370 [FXGL Background Thread 1 ] DEBUG FileSystemAccess     - Reading from: c:\Users\Cent\Desktop\CSS124L-LE\CSS124L-FinalExam\CSS124L-FINAL-PROJECT\system\fxgl.bundle
19:07:54.378 [FXGL Background Thread 1 ] DEBUG SystemBundleService  - Bundle FXGL: {}
19:07:54.378 [FXGL Background Thread 1 ] DEBUG UpdaterService       - Checking for updates
19:07:54.381 [FXGL Background Thread 4 ] DEBUG FXGLApplication      - Loading fonts
19:07:54.381 [FXGL Background Thread 1 ] DEBUG FXGLApplication      - Loading default localization
19:07:54.381 [FXGL Background Thread 4 ] DEBUG FXGLAssetLoaderServi - Loading from file system: jar:file:///C:/Users/Cent/.m2/repository/com/github/almasb/fxgl/dev-SNAPSHOT/fxgl-dev-SNAPSHOT.jar!/fxglassets/ui/fonts/VarelaRound-Regular.ttf
19:07:54.381 [FXGL Background Thread 1 ] DEBUG FXGLAssetLoaderServi - Loading from file system: jar:file:///C:/Users/Cent/.m2/repository/com/github/almasb/fxgl/dev-SNAPSHOT/fxgl-dev-SNAPSHOT.jar!/fxglassets/languages/english.lang
19:07:54.392 [FXGL Background Thread 1 ] INFO  FXGLApplication      - FXGL initialization took: 0.373 sec
19:07:54.413 [JavaFX Application Thread] DEBUG Input                - Registered new binding: Move Upwards - W
19:07:54.414 [JavaFX Application Thread] DEBUG Input                - Registered new binding: Move Down - S
19:07:54.414 [JavaFX Application Thread] DEBUG Input                - Registered new binding: Move Left - A
19:07:54.414 [JavaFX Application Thread] DEBUG Input                - Registered new binding: Move Right - D
19:07:54.414 [JavaFX Application Thread] DEBUG Input                - Registered new binding: Reload - R
19:07:54.415 [FXGL Background Thread 4 ] DEBUG FXGLAssetLoaderServi - Loading from file system: jar:file:///C:/Users/Cent/.m2/repository/com/github/almasb/fxgl/dev-SNAPSHOT/fxgl-dev-SNAPSHOT.jar!/fxglassets/ui/fonts/Abel-Regular.ttf
19:07:54.416 [JavaFX Application Thread] DEBUG Input                - Registered new binding: Shoot - LMB
19:07:54.416 [JavaFX Application Thread] DEBUG FXGLAssetLoaderServi - Loading from file system: jar:file:///C:/Users/Cent/.m2/repository/com/github/almasb/fxgl/dev-SNAPSHOT/fxgl-dev-SNAPSHOT.jar!/fxglassets/textures/fxgl_icon.png
19:07:54.418 [FXGL Background Thread 4 ] DEBUG FXGLAssetLoaderServi - Loading from file system: jar:file:///C:/Users/Cent/.m2/repository/com/github/almasb/fxgl/dev-SNAPSHOT/fxgl-dev-SNAPSHOT.jar!/fxglassets/ui/fonts/lucida_console.ttf
19:07:54.422 [FXGL Background Thread 4 ] DEBUG FXGLAssetLoaderServi - Loading from file system: jar:file:///C:/Users/Cent/.m2/repository/com/github/almasb/fxgl/dev-SNAPSHOT/fxgl-dev-SNAPSHOT.jar!/fxglassets/ui/fonts/Courier-Prime.ttf
19:07:54.434 [JavaFX Application Thread] DEBUG FXGLAssetLoaderServi - Loading from file system: jar:file:///C:/Users/Cent/.m2/repository/com/github/almasb/fxgl/dev-SNAPSHOT/fxgl-dev-SNAPSHOT.jar!/fxglassets/textures/fxgl_default_cursor.png
19:07:54.437 [JavaFX Application Thread] DEBUG Input                - Registered new binding: Screenshot - CTRL+8
19:07:54.437 [JavaFX Application Thread] DEBUG Input                - Registered new binding: System info dump - CTRL+9
19:07:54.437 [JavaFX Application Thread] DEBUG Input                - Registered new binding: Restart - CTRL+R
19:07:54.438 [JavaFX Application Thread] DEBUG Input                - Registered new binding: Toggle Debug Camera - CTRL+C
19:07:54.441 [JavaFX Application Thread] DEBUG LoopRunner           - Starting loop
19:07:54.441 [JavaFX Application Thread] DEBUG LoopRunner           - Initializing JavaFX AnimationTimerLoop
19:07:54.444 [JavaFX Application Thread] DEBUG Input                - Clearing active input actions
19:07:54.451 [JavaFX Application Thread] DEBUG GameApplicationServi - Removing overlay from FXGLStartupScene and adding to FXGLMainMenuDummyScene
19:07:54.451 [JavaFX Application Thread] DEBUG PrimaryStageWindow   - FXGLStartupScene -> FXGLMainMenuDummyScene
19:07:54.452 [JavaFX Application Thread] DEBUG PrimaryStageWindow   - Push state: FXGLDefaultMenu
19:07:54.464 [JavaFX Application Thread] DEBUG Input                - Clearing active input actions
19:07:54.470 [JavaFX Application Thread] DEBUG GameApplicationServi - Removing overlay from FXGLMainMenuDummyScene and adding to FXGLDefaultMenu
19:07:54.472 [JavaFX Application Thread] DEBUG PrimaryStageWindow   - FXGLMainMenuDummyScene -> FXGLDefaultMenu
19:07:54.478 [JavaFX Application Thread] DEBUG FXGLApplication      - Registering font factories with UI factory
19:07:54.833 [FXGL Background Thread 2 ] INFO  UpdaterService       - Your current version:  dev-SNAPSHOT
19:07:54.834 [FXGL Background Thread 2 ] INFO  UpdaterService       - Latest stable version: 21.1
19:07:55.140 [JavaFX Application Thread] DEBUG Menu                 - fireNewGame()
19:07:55.140 [JavaFX Application Thread] DEBUG GameApplicationServi - Starting new game
19:07:55.141 [JavaFX Application Thread] DEBUG PrimaryStageWindow   - Pop state: FXGLDefaultMenu
19:07:55.141 [JavaFX Application Thread] DEBUG Input                - Clearing active input actions
19:07:55.142 [JavaFX Application Thread] DEBUG GameApplicationServi - Removing overlay from FXGLDefaultMenu and adding to FXGLMainMenuDummyScene
19:07:55.143 [JavaFX Application Thread] DEBUG PrimaryStageWindow   - FXGLMainMenuDummyScene <- FXGLDefaultMenu
19:07:55.143 [JavaFX Application Thread] DEBUG Input                - Clearing active input actions
19:07:55.150 [JavaFX Application Thread] DEBUG GameApplicationServi - Removing overlay from FXGLMainMenuDummyScene and adding to FXGLLoadingScene
19:07:55.150 [JavaFX Application Thread] DEBUG PrimaryStageWindow   - FXGLMainMenuDummyScene -> FXGLLoadingScene
19:07:55.150 [JavaFX Application Thread] DEBUG GameApplicationServi - Clearing previous game
19:07:55.150 [JavaFX Application Thread] DEBUG GameScene            - Clearing game scene
19:07:55.150 [JavaFX Application Thread] DEBUG GameWorld            - Clearing game world
19:07:55.150 [JavaFX Application Thread] DEBUG PhysicsWorld         - Clearing physics world
19:07:55.152 [FXGL Background Thread 2 ] DEBUG FXGLApplication      - Initializing game
19:07:55.165 [FXGL Background Thread 2 ] DEBUG FXGLAssetLoaderServi - Loading from file system: file:/C:/Users/Cent/Desktop/CSS124L-LE/CSS124L-FinalExam/CSS124L-FINAL-PROJECT/fp/target/classes/assets/textures/1P_Walk.gif
19:07:55.186 [FXGL Background Thread 2 ] INFO  FXGLApplication      - Game initialization took: 0.033 sec
19:07:55.187 [JavaFX Application Thread] DEBUG Input                - Clearing active input actions
19:07:55.199 [JavaFX Application Thread] DEBUG GameApplicationServi - Removing overlay from FXGLLoadingScene and adding to GameScene
19:07:55.199 [JavaFX Application Thread] DEBUG PrimaryStageWindow   - FXGLLoadingScene -> GameScene
19:07:55.201 [JavaFX Application Thread] DEBUG PrimaryStageWindow   - Push state: PlayerCountMenu
19:07:55.201 [JavaFX Application Thread] DEBUG Input                - Clearing active input actions
19:07:55.201 [JavaFX Application Thread] DEBUG GameApplicationServi - Removing overlay from GameScene and adding to PlayerCountMenu
19:07:55.201 [JavaFX Application Thread] DEBUG PrimaryStageWindow   - GameScene -> PlayerCountMenu
19:07:56.387 [JavaFX Application Thread] DEBUG PrimaryStageWindow   - Push state: DialogSubScene
19:07:56.387 [JavaFX Application Thread] DEBUG Input                - Clearing active input actions
19:07:56.388 [JavaFX Application Thread] DEBUG GameApplicationServi - Removing overlay from PlayerCountMenu and adding to DialogSubScene
19:07:56.388 [JavaFX Application Thread] DEBUG PrimaryStageWindow   - PlayerCountMenu -> DialogSubScene
19:07:57.074 [JavaFX Application Thread] DEBUG PrimaryStageWindow   - Pop state: DialogSubScene
19:07:57.074 [JavaFX Application Thread] DEBUG Input                - Clearing active input actions
19:07:57.074 [JavaFX Application Thread] DEBUG GameApplicationServi - Removing overlay from DialogSubScene and adding to PlayerCountMenu
19:07:57.074 [JavaFX Application Thread] DEBUG PrimaryStageWindow   - PlayerCountMenu <- DialogSubScene
19:07:57.076 [JavaFX Application Thread] DEBUG LoopRunner           - Stopping loop
19:07:57.077 [JavaFX Application Thread] FATAL FXGLApplication      - Uncaught Exception:
java.lang.IllegalArgumentException: Duplicated @Spawns(player) in com.groupfour.Factories.SpawnFactory@677ac439. Already exists in com.groupfour.Factories.SpawnFactory@3effadd6=[player, bullet]
	at com.almasb.fxgl.entity/com.almasb.fxgl.entity.GameWorld.checkDuplicateSpawners(GameWorld.kt:341)
	at com.almasb.fxgl.entity/com.almasb.fxgl.entity.GameWorld.addEntityFactory$lambda-9(GameWorld.kt:314)
	at java.base/java.util.HashMap.forEach(HashMap.java:1429)
	at com.almasb.fxgl.entity/com.almasb.fxgl.entity.GameWorld.addEntityFactory(GameWorld.kt:310)
	at com.groupfour.mygame/com.groupfour.mygame.App.lambda$10(App.java:181)
	at com.almasb.fxgl.all/com.almasb.fxgl.app.services.FXGLDialogService.showConfirmationBox$lambda-2(FXGLDialogService.kt:130)
	at com.almasb.fxgl.scene/com.almasb.fxgl.ui.FXGLDialogFactoryServiceProvider.confirmationDialog$lambda-1(FXGLDialogFactoryServiceProvider.kt:75)
	at javafx.base/com.sun.javafx.event.CompositeEventHandler.dispatchBubblingEvent(CompositeEventHandler.java:86)
	at javafx.base/com.sun.javafx.event.EventHandlerManager.dispatchBubblingEvent(EventHandlerManager.java:234)
	at javafx.base/com.sun.javafx.event.EventHandlerManager.dispatchBubblingEvent(EventHandlerManager.java:191)
	at javafx.base/com.sun.javafx.event.CompositeEventDispatcher.dispatchBubblingEvent(CompositeEventDispatcher.java:59)
	at javafx.base/com.sun.javafx.event.BasicEventDispatcher.dispatchEvent(BasicEventDispatcher.java:58)
	at javafx.base/com.sun.javafx.event.EventDispatchChainImpl.dispatchEvent(EventDispatchChainImpl.java:114)
	at javafx.base/com.sun.javafx.event.BasicEventDispatcher.dispatchEvent(BasicEventDispatcher.java:56)
	at javafx.base/com.sun.javafx.event.EventDispatchChainImpl.dispatchEvent(EventDispatchChainImpl.java:114)
	at javafx.base/com.sun.javafx.event.BasicEventDispatcher.dispatchEvent(BasicEventDispatcher.java:56)
	at javafx.base/com.sun.javafx.event.EventDispatchChainImpl.dispatchEvent(EventDispatchChainImpl.java:114)
	at javafx.base/com.sun.javafx.event.BasicEventDispatcher.dispatchEvent(BasicEventDispatcher.java:56)
	at javafx.base/com.sun.javafx.event.EventDispatchChainImpl.dispatchEvent(EventDispatchChainImpl.java:114)
	at javafx.base/com.sun.javafx.event.EventUtil.fireEventImpl(EventUtil.java:74)
	at javafx.base/com.sun.javafx.event.EventUtil.fireEvent(EventUtil.java:49)
	at javafx.base/javafx.event.Event.fireEvent(Event.java:198)
	at javafx.graphics/javafx.scene.Node.fireEvent(Node.java:8889)
	at javafx.controls/javafx.scene.control.Button.fire(Button.java:203)
	at javafx.controls/com.sun.javafx.scene.control.behavior.ButtonBehavior.mouseReleased(ButtonBehavior.java:208)
	at javafx.controls/com.sun.javafx.scene.control.inputmap.InputMap.handle(InputMap.java:274)
	at javafx.base/com.sun.javafx.event.CompositeEventHandler$NormalEventHandlerRecord.handleBubblingEvent(CompositeEventHandler.java:247)
	at javafx.base/com.sun.javafx.event.CompositeEventHandler.dispatchBubblingEvent(CompositeEventHandler.java:80)
	at javafx.base/com.sun.javafx.event.EventHandlerManager.dispatchBubblingEvent(EventHandlerManager.java:234)
	at javafx.base/com.sun.javafx.event.EventHandlerManager.dispatchBubblingEvent(EventHandlerManager.java:191)
	at javafx.base/com.sun.javafx.event.CompositeEventDispatcher.dispatchBubblingEvent(CompositeEventDispatcher.java:59)
	at javafx.base/com.sun.javafx.event.BasicEventDispatcher.dispatchEvent(BasicEventDispatcher.java:58)
	at javafx.base/com.sun.javafx.event.EventDispatchChainImpl.dispatchEvent(EventDispatchChainImpl.java:114)
	at javafx.base/com.sun.javafx.event.BasicEventDispatcher.dispatchEvent(BasicEventDispatcher.java:56)
	at javafx.base/com.sun.javafx.event.EventDispatchChainImpl.dispatchEvent(EventDispatchChainImpl.java:114)
	at javafx.base/com.sun.javafx.event.BasicEventDispatcher.dispatchEvent(BasicEventDispatcher.java:56)
	at javafx.base/com.sun.javafx.event.EventDispatchChainImpl.dispatchEvent(EventDispatchChainImpl.java:114)
	at javafx.base/com.sun.javafx.event.BasicEventDispatcher.dispatchEvent(BasicEventDispatcher.java:56)
	at javafx.base/com.sun.javafx.event.EventDispatchChainImpl.dispatchEvent(EventDispatchChainImpl.java:114)
	at javafx.base/com.sun.javafx.event.EventUtil.fireEventImpl(EventUtil.java:74)
	at javafx.base/com.sun.javafx.event.EventUtil.fireEvent(EventUtil.java:54)
	at javafx.base/javafx.event.Event.fireEvent(Event.java:198)
	at javafx.graphics/javafx.scene.Scene$MouseHandler.process(Scene.java:3856)
	at javafx.graphics/javafx.scene.Scene.processMouseEvent(Scene.java:1851)
	at javafx.graphics/javafx.scene.Scene$ScenePeerListener.mouseEvent(Scene.java:2584)
	at javafx.graphics/com.sun.javafx.tk.quantum.GlassViewEventHandler$MouseEventNotification.run(GlassViewEventHandler.java:409)
	at javafx.graphics/com.sun.javafx.tk.quantum.GlassViewEventHandler$MouseEventNotification.run(GlassViewEventHandler.java:299)
	at java.base/java.security.AccessController.doPrivileged(AccessController.java:400)
	at javafx.graphics/com.sun.javafx.tk.quantum.GlassViewEventHandler.lambda$handleMouseEvent$2(GlassViewEventHandler.java:447)
	at javafx.graphics/com.sun.javafx.tk.quantum.QuantumToolkit.runWithoutRenderLock(QuantumToolkit.java:412)
	at javafx.graphics/com.sun.javafx.tk.quantum.GlassViewEventHandler.handleMouseEvent(GlassViewEventHandler.java:446)
	at javafx.graphics/com.sun.glass.ui.View.handleMouseEvent(View.java:556)
	at javafx.graphics/com.sun.glass.ui.View.notifyMouse(View.java:942)
	at javafx.graphics/com.sun.glass.ui.win.WinApplication._runLoop(Native Method)
	at javafx.graphics/com.sun.glass.ui.win.WinApplication.lambda$runLoop$3(WinApplication.java:174)
	at java.base/java.lang.Thread.run(Thread.java:1583)

19:07:57.081 [JavaFX Application Thread] FATAL FXGLApplication      - Application will now exit
19:07:57.093 [JavaFX Application Thread] DEBUG PrimaryStageWindow   - Push state: ErrorSubScene
19:07:57.093 [JavaFX Application Thread] DEBUG Input                - Clearing active input actions
19:07:57.094 [JavaFX Application Thread] DEBUG GameApplicationServi - Removing overlay from PlayerCountMenu and adding to ErrorSubScene
19:07:57.094 [JavaFX Application Thread] DEBUG PrimaryStageWindow   - PlayerCountMenu -> ErrorSubScene
19:07:57.381 [FXGL Background Thread 3 ] DEBUG Engine               - Logging environment variables
19:07:57.381 [FXGL Background Thread 3 ] DEBUG Engine               - achievements: []
19:07:57.381 [FXGL Background Thread 3 ] DEBUG Engine               - actualHeight: 600.0
19:07:57.381 [FXGL Background Thread 3 ] DEBUG Engine               - actualHeightProperty: ReadOnlyDoubleProperty [value: 600.0]
19:07:57.381 [FXGL Background Thread 3 ] DEBUG Engine               - actualWidth: 800.0
19:07:57.381 [FXGL Background Thread 3 ] DEBUG Engine               - actualWidthProperty: ReadOnlyDoubleProperty [value: 800.0]
19:07:57.381 [FXGL Background Thread 3 ] DEBUG Engine               - appIcon: fxgl_icon.png
19:07:57.381 [FXGL Background Thread 3 ] DEBUG Engine               - applicationMode: DEVELOPER
19:07:57.382 [FXGL Background Thread 3 ] DEBUG Engine               - cSSList: [fxgl_dark.css]
19:07:57.382 [FXGL Background Thread 3 ] DEBUG Engine               - collisionDetectionStrategy: BRUTE_FORCE
19:07:57.382 [FXGL Background Thread 3 ] DEBUG Engine               - configClass: Optional.empty
19:07:57.382 [FXGL Background Thread 3 ] DEBUG Engine               - credits: []
19:07:57.382 [FXGL Background Thread 3 ] DEBUG Engine               - defaultCursor: CursorInfo(imageName=fxgl_default_cursor.png, hotspotX=7.0, hotspotY=6.0)
19:07:57.382 [FXGL Background Thread 3 ] DEBUG Engine               - devBBoxColorProperty: ObjectProperty [value: 0xff0000ff]
19:07:57.382 [FXGL Background Thread 3 ] DEBUG Engine               - devEnableDebugCameraProperty: BooleanProperty [value: false]
19:07:57.382 [FXGL Background Thread 3 ] DEBUG Engine               - devSensorColorProperty: ObjectProperty [value: 0xffff00ff]
19:07:57.382 [FXGL Background Thread 3 ] DEBUG Engine               - devShowBBoxProperty: BooleanProperty [value: false]
19:07:57.382 [FXGL Background Thread 3 ] DEBUG Engine               - devShowPositionProperty: BooleanProperty [value: false]
19:07:57.382 [FXGL Background Thread 3 ] DEBUG Engine               - enabledMenuItems: []
19:07:57.382 [FXGL Background Thread 3 ] DEBUG Engine               - engineServices: [class com.almasb.fxgl.app.services.FXGLAssetLoaderService, class com.almasb.fxgl.app.FXGLApplication$GameApplicationService, class com.almasb.fxgl.app.services.FXGLDialogService, class com.almasb.fxgl.app.services.IOTaskExecutorService, class com.almasb.fxgl.io.FileSystemService, class com.almasb.fxgl.localization.LocalizationService, class com.almasb.fxgl.app.services.SystemBundleService, class com.almasb.fxgl.profile.SaveLoadService, class com.almasb.fxgl.ui.FXGLUIFactoryServiceProvider, class com.almasb.fxgl.ui.FXGLDialogFactoryServiceProvider, class com.almasb.fxgl.audio.AudioPlayer, class com.almasb.fxgl.notification.impl.NotificationServiceProvider, class com.almasb.fxgl.achievement.AchievementService, class com.almasb.fxgl.cutscene.CutsceneService, class com.almasb.fxgl.minigames.MiniGameService, class com.almasb.fxgl.net.NetService, class com.almasb.fxgl.app.services.UpdaterService, class com.almasb.fxgl.dev.DevService, class com.almasb.fxgl.multiplayer.MultiplayerService]
19:07:57.382 [FXGL Background Thread 3 ] DEBUG Engine               - fontGame: Abel-Regular.ttf
19:07:57.382 [FXGL Background Thread 3 ] DEBUG Engine               - fontMono: lucida_console.ttf
19:07:57.382 [FXGL Background Thread 3 ] DEBUG Engine               - fontText: Courier-Prime.ttf
19:07:57.382 [FXGL Background Thread 3 ] DEBUG Engine               - fontUI: VarelaRound-Regular.ttf
19:07:57.382 [FXGL Background Thread 3 ] DEBUG Engine               - fullScreen: BooleanProperty [value: false]
19:07:57.382 [FXGL Background Thread 3 ] DEBUG Engine               - gameDifficulty: MEDIUM
19:07:57.382 [FXGL Background Thread 3 ] DEBUG Engine               - gameDifficultyProperty: ObjectProperty [value: MEDIUM]
19:07:57.383 [FXGL Background Thread 3 ] DEBUG Engine               - globalMusicVolume: 0.5
19:07:57.383 [FXGL Background Thread 3 ] DEBUG Engine               - globalMusicVolumeProperty: DoubleProperty [value: 0.5]
19:07:57.383 [FXGL Background Thread 3 ] DEBUG Engine               - globalSoundVolume: 0.5
19:07:57.383 [FXGL Background Thread 3 ] DEBUG Engine               - globalSoundVolumeProperty: DoubleProperty [value: 0.5]
19:07:57.383 [FXGL Background Thread 3 ] DEBUG Engine               - height: 600
19:07:57.383 [FXGL Background Thread 3 ] DEBUG Engine               - is3D: false
19:07:57.383 [FXGL Background Thread 3 ] DEBUG Engine               - isAndroid: false
19:07:57.383 [FXGL Background Thread 3 ] DEBUG Engine               - isBrowser: false
19:07:57.383 [FXGL Background Thread 3 ] DEBUG Engine               - isClickFeedbackEnabled: false
19:07:57.383 [FXGL Background Thread 3 ] DEBUG Engine               - isCloseConfirmation: false
19:07:57.383 [FXGL Background Thread 3 ] DEBUG Engine               - isDesktop: true
19:07:57.383 [FXGL Background Thread 3 ] DEBUG Engine               - isDeveloperMenuEnabled: false
19:07:57.383 [FXGL Background Thread 3 ] DEBUG Engine               - isEmbedded: false
19:07:57.383 [FXGL Background Thread 3 ] DEBUG Engine               - isEntityPreloadEnabled: true
19:07:57.383 [FXGL Background Thread 3 ] DEBUG Engine               - isExperimentalTiledLargeMap: false
19:07:57.383 [FXGL Background Thread 3 ] DEBUG Engine               - isFileSystemWriteAllowed: true
19:07:57.383 [FXGL Background Thread 3 ] DEBUG Engine               - isFullScreenAllowed: false
19:07:57.383 [FXGL Background Thread 3 ] DEBUG Engine               - isFullScreenFromStart: false
19:07:57.383 [FXGL Background Thread 3 ] DEBUG Engine               - isGameMenuEnabled: true
19:07:57.383 [FXGL Background Thread 3 ] DEBUG Engine               - isIOS: false
19:07:57.383 [FXGL Background Thread 3 ] DEBUG Engine               - isIntroEnabled: false
19:07:57.383 [FXGL Background Thread 3 ] DEBUG Engine               - isLinux: false
19:07:57.383 [FXGL Background Thread 3 ] DEBUG Engine               - isMac: false
19:07:57.383 [FXGL Background Thread 3 ] DEBUG Engine               - isMainMenuEnabled: true
19:07:57.383 [FXGL Background Thread 3 ] DEBUG Engine               - isManualResizeEnabled: false
19:07:57.383 [FXGL Background Thread 3 ] DEBUG Engine               - isMobile: false
19:07:57.383 [FXGL Background Thread 3 ] DEBUG Engine               - isNative: false
19:07:57.383 [FXGL Background Thread 3 ] DEBUG Engine               - isPauseMusicWhenMinimized: true
19:07:57.383 [FXGL Background Thread 3 ] DEBUG Engine               - isPreserveResizeRatio: false
19:07:57.383 [FXGL Background Thread 3 ] DEBUG Engine               - isProfilingEnabled: false
19:07:57.383 [FXGL Background Thread 3 ] DEBUG Engine               - isScaleAffectedOnResize: true
19:07:57.383 [FXGL Background Thread 3 ] DEBUG Engine               - isSingleStep: false
19:07:57.383 [FXGL Background Thread 3 ] DEBUG Engine               - isUserProfileEnabled: false
19:07:57.383 [FXGL Background Thread 3 ] DEBUG Engine               - isWindows: true
19:07:57.383 [FXGL Background Thread 3 ] DEBUG Engine               - language: ObjectProperty [value: ENGLISH]
19:07:57.383 [FXGL Background Thread 3 ] DEBUG Engine               - menuKey: ESCAPE
19:07:57.384 [FXGL Background Thread 3 ] DEBUG Engine               - mouseSensitivity: 0.2
19:07:57.384 [FXGL Background Thread 3 ] DEBUG Engine               - notificationViewClass: class com.almasb.fxgl.notification.view.XboxNotificationView
19:07:57.384 [FXGL Background Thread 3 ] DEBUG Engine               - pixelsPerMeter: 50.0
19:07:57.384 [FXGL Background Thread 3 ] DEBUG Engine               - platform: WINDOWS
19:07:57.384 [FXGL Background Thread 3 ] DEBUG Engine               - prefHeightProperty: ReadOnlyDoubleProperty [value: 600.0]
19:07:57.384 [FXGL Background Thread 3 ] DEBUG Engine               - prefWidthProperty: ReadOnlyDoubleProperty [value: 800.0]
19:07:57.384 [FXGL Background Thread 3 ] DEBUG Engine               - profileDir: profiles/
19:07:57.384 [FXGL Background Thread 3 ] DEBUG Engine               - profileName: StringProperty [value: DEFAULT]
19:07:57.384 [FXGL Background Thread 3 ] DEBUG Engine               - randomSeed: -1
19:07:57.384 [FXGL Background Thread 3 ] DEBUG Engine               - runtimeInfo: RuntimeInfo(platform=WINDOWS, version=dev-SNAPSHOT, build=28.07.2021 16.39)
19:07:57.384 [FXGL Background Thread 3 ] DEBUG Engine               - saveFileExt: sav
19:07:57.384 [FXGL Background Thread 3 ] DEBUG Engine               - scaledHeightProp$fxgl: DoubleProperty [bound, value: 600.0]
19:07:57.384 [FXGL Background Thread 3 ] DEBUG Engine               - scaledWidthProp$fxgl: DoubleProperty [bound, value: 800.0]
19:07:57.384 [FXGL Background Thread 3 ] DEBUG Engine               - sceneFactory: com.groupfour.mygame.App$1@5a6dcc6c
19:07:57.385 [FXGL Background Thread 3 ] DEBUG Engine               - secondsIn24h: 60
19:07:57.385 [FXGL Background Thread 3 ] DEBUG Engine               - soundMenuBack: menu/back.wav
19:07:57.385 [FXGL Background Thread 3 ] DEBUG Engine               - soundMenuPress: menu/press.wav
19:07:57.385 [FXGL Background Thread 3 ] DEBUG Engine               - soundMenuSelect: menu/select.wav
19:07:57.385 [FXGL Background Thread 3 ] DEBUG Engine               - soundNotification: core/notification.wav
19:07:57.385 [FXGL Background Thread 3 ] DEBUG Engine               - stageStyle: DECORATED
19:07:57.385 [FXGL Background Thread 3 ] DEBUG Engine               - supportedLanguages: [ENGLISH, FRENCH, GERMAN, HUNGARIAN, RUSSIAN]
19:07:57.385 [FXGL Background Thread 3 ] DEBUG Engine               - ticksPerSecond: -1
19:07:57.385 [FXGL Background Thread 3 ] DEBUG Engine               - title: Flatline: Oregon
19:07:57.385 [FXGL Background Thread 3 ] DEBUG Engine               - urlGithub: https://github.com/AlmasB/FXGL
19:07:57.385 [FXGL Background Thread 3 ] DEBUG Engine               - urlLeaderboard: http://fxgl-top.herokuapp.com/
19:07:57.385 [FXGL Background Thread 3 ] DEBUG Engine               - urlPOM: https://raw.githubusercontent.com/AlmasB/FXGL/release/README.md
19:07:57.385 [FXGL Background Thread 3 ] DEBUG Engine               - userAppClass: class com.groupfour.mygame.App
19:07:57.385 [FXGL Background Thread 3 ] DEBUG Engine               - version: Alpha 0.3
19:07:57.385 [FXGL Background Thread 3 ] DEBUG Engine               - versionCheckDays: 7
19:07:57.385 [FXGL Background Thread 3 ] DEBUG Engine               - width: 800
19:07:57.385 [FXGL Background Thread 3 ] DEBUG Engine               - Logging services
19:07:57.385 [FXGL Background Thread 3 ] DEBUG Engine               - class com.almasb.fxgl.app.services.FXGLAssetLoaderService
19:07:57.385 [FXGL Background Thread 3 ] DEBUG Engine               - class com.almasb.fxgl.app.FXGLApplication$GameApplicationService
19:07:57.385 [FXGL Background Thread 3 ] DEBUG Engine               - class com.almasb.fxgl.app.services.FXGLDialogService
19:07:57.385 [FXGL Background Thread 3 ] DEBUG Engine               - class com.almasb.fxgl.app.services.IOTaskExecutorService
19:07:57.385 [FXGL Background Thread 3 ] DEBUG Engine               - class com.almasb.fxgl.io.FileSystemService
19:07:57.385 [FXGL Background Thread 3 ] DEBUG Engine               - class com.almasb.fxgl.localization.LocalizationService
19:07:57.385 [FXGL Background Thread 3 ] DEBUG Engine               - class com.almasb.fxgl.app.services.SystemBundleService
19:07:57.385 [FXGL Background Thread 3 ] DEBUG Engine               - class com.almasb.fxgl.profile.SaveLoadService
19:07:57.386 [FXGL Background Thread 3 ] DEBUG Engine               - class com.almasb.fxgl.ui.FXGLUIFactoryServiceProvider
19:07:57.386 [FXGL Background Thread 3 ] DEBUG Engine               - class com.almasb.fxgl.ui.FXGLDialogFactoryServiceProvider
19:07:57.386 [FXGL Background Thread 3 ] DEBUG Engine               - class com.almasb.fxgl.audio.AudioPlayer
19:07:57.386 [FXGL Background Thread 3 ] DEBUG Engine               - class com.almasb.fxgl.notification.impl.NotificationServiceProvider
19:07:57.386 [FXGL Background Thread 3 ] DEBUG Engine               - class com.almasb.fxgl.achievement.AchievementService
19:07:57.386 [FXGL Background Thread 3 ] DEBUG Engine               - class com.almasb.fxgl.cutscene.CutsceneService
19:07:57.386 [FXGL Background Thread 3 ] DEBUG Engine               - class com.almasb.fxgl.minigames.MiniGameService
19:07:57.386 [FXGL Background Thread 3 ] DEBUG Engine               - class com.almasb.fxgl.net.NetService
19:07:57.386 [FXGL Background Thread 3 ] DEBUG Engine               - class com.almasb.fxgl.app.services.UpdaterService
19:07:57.386 [FXGL Background Thread 3 ] DEBUG Engine               - class com.almasb.fxgl.dev.DevService
19:07:57.386 [FXGL Background Thread 3 ] DEBUG Engine               - class com.almasb.fxgl.multiplayer.MultiplayerService
19:08:08.700 [JavaFX Application Thread] DEBUG FXGLApplication      - Exiting FXGL
19:08:08.700 [JavaFX Application Thread] DEBUG Async                - Shutting down background threads
19:08:08.700 [JavaFX Application Thread] DEBUG PrimaryStageWindow   - Closing main window
19:08:08.721 [JavaFX Application Thread] DEBUG Logger               - Closing Logger
