19:20:36.285 [main                     ] DEBUG Logger               - Configured Logger
19:20:36.306 [main                     ] DEBUG GameApplication      - Logging settings
Title: Flatline: Oregon
Version: Beta ?
Width: 800
Height: 600
Fullscreen: false
Intro: false
Profiling: false
Single step:false
App Mode: DEVELOPER
Menu Key: ESCAPE
Stage Style: DECORATED
Scene Factory: class com.groupfour.mygame.App$1

19:20:36.562 [JavaFX Application Thread] DEBUG FXGLApplication      - Initializing FXGL
19:20:36.564 [JavaFX Application Thread] INFO  Engine               - FXGL-dev-SNAPSHOT (28.07.2021 16.39) on WINDOWS (J:11.0.22 FX:16)
19:20:36.564 [JavaFX Application Thread] DEBUG Engine               - JRE Vendor Name: Oracle Corporation
19:20:36.565 [JavaFX Application Thread] DEBUG Engine               - Running on OS: Windows 11 version 10.0
19:20:36.565 [JavaFX Application Thread] DEBUG Engine               - Architecture: amd64
19:20:36.565 [JavaFX Application Thread] INFO  Engine               - Source code and latest versions at: https://github.com/AlmasB/FXGL
19:20:36.565 [JavaFX Application Thread] INFO  Engine               -              Join the FXGL chat at: https://gitter.im/AlmasB/FXGL
19:20:36.619 [JavaFX Application Thread] DEBUG PrimaryStageWindow   - Creating a JavaFX scene
19:20:36.657 [JavaFX Application Thread] DEBUG PrimaryStageWindow   - Target settings size: 800.0 x 600.0
19:20:36.657 [JavaFX Application Thread] DEBUG PrimaryStageWindow   - Scaled scene size:    800.0 x 600.0
19:20:36.657 [JavaFX Application Thread] DEBUG PrimaryStageWindow   - Scaled ratio: (1.0, 1.0)
19:20:36.658 [JavaFX Application Thread] DEBUG PrimaryStageWindow   - Set initial scene to FXGLStartupScene
19:20:36.662 [JavaFX Application Thread] DEBUG PrimaryStageWindow   - Opening main window
19:20:36.720 [JavaFX Application Thread] DEBUG PrimaryStageWindow   - Window border size: (14.4000244140625, 37.5999755859375)
19:20:36.720 [JavaFX Application Thread] DEBUG PrimaryStageWindow   - Scaled size: 800.0 x 600.0
19:20:36.720 [JavaFX Application Thread] DEBUG PrimaryStageWindow   - Scaled ratio: (1.0, 1.0)
19:20:36.720 [JavaFX Application Thread] DEBUG PrimaryStageWindow   - Scene size: 800.0 x 600.0
19:20:36.720 [JavaFX Application Thread] DEBUG PrimaryStageWindow   - Stage size: 814.4000244140625 x 637.5999755859375
19:20:36.725 [FXGL Background Thread 1 ] DEBUG Engine               - Initializing environment variables
19:20:36.758 [FXGL Background Thread 1 ] DEBUG FXGLAssetLoaderServi - User app class for loading assets: class com.groupfour.mygame.App
19:20:36.758 [FXGL Background Thread 1 ] DEBUG GameApplicationServi - Applying CSS: fxgl_dark.css
19:20:36.759 [FXGL Background Thread 1 ] DEBUG FXGLAssetLoaderServi - Loading from file system: jar:file:///C:/Users/acer/.m2/repository/com/github/almasb/fxgl/dev-SNAPSHOT/fxgl-dev-SNAPSHOT.jar!/fxglassets/ui/css/fxgl_dark.css
19:20:36.793 [FXGL Background Thread 1 ] DEBUG GameApplicationServi - Initializing application scenes
19:20:36.815 [FXGL Background Thread 1 ] DEBUG GameWorld            - Game world initialized
19:20:36.848 [FXGL Background Thread 1 ] DEBUG PhysicsWorld         - Physics world initialized: appHeight=600, physics.ppm=50.0
19:20:36.848 [FXGL Background Thread 1 ] DEBUG PhysicsWorld         - Using strategy: BRUTE_FORCE
19:20:36.850 [FXGL Background Thread 1 ] DEBUG GameScene            - Game scene initialized: 800x600
19:20:36.857 [FXGL Background Thread 1 ] DEBUG FXGL.DefaultMenu     - createMenuBodyMainMenu()
19:20:36.867 [FXGL Background Thread 1 ] DEBUG FXGL.DefaultMenu     - createOptionsMenu()
19:20:36.872 [FXGL Background Thread 1 ] DEBUG FXGLAssetLoaderServi - Loading from file system: jar:file:///C:/Users/acer/.m2/repository/com/github/almasb/fxgl/dev-SNAPSHOT/fxgl-dev-SNAPSHOT.jar!/fxglassets/textures/particles/smoke.png
19:20:36.927 [FXGL Background Thread 1 ] DEBUG FXGLAssetLoaderServi - Loading from file system: jar:file:///C:/Users/acer/.m2/repository/com/github/almasb/fxgl/dev-SNAPSHOT/fxgl-dev-SNAPSHOT.jar!/fxglassets/textures/particles/trace_horizontal.png
19:20:36.945 [FXGL Background Thread 1 ] DEBUG FXGLAssetLoaderServi - Loading from file system: file:/C:/Users/acer/OneDrive/Desktop/git%20pull/CSS124L-FINAL-PROJECT/fp/target/classes/assets/ui/fonts/PIXELADE.TTF
19:20:37.178 [FXGL Background Thread 1 ] DEBUG FXGLAssetLoaderServi - Loading from file system: file:/C:/Users/acer/OneDrive/Desktop/git%20pull/CSS124L-FINAL-PROJECT/fp/target/classes/assets/textures/spbtn.png
19:20:37.191 [FXGL Background Thread 1 ] DEBUG FXGLAssetLoaderServi - Loading from file system: file:/C:/Users/acer/OneDrive/Desktop/git%20pull/CSS124L-FINAL-PROJECT/fp/target/classes/assets/textures/mpbtn.png
19:20:37.195 [FXGL Background Thread 1 ] DEBUG FXGLAssetLoaderServi - Loading from file system: file:/C:/Users/acer/OneDrive/Desktop/git%20pull/CSS124L-FINAL-PROJECT/fp/target/classes/assets/textures/return.png
19:20:37.204 [FXGL Background Thread 1 ] DEBUG GameApplicationServi - Application scenes initialized
19:20:37.209 [FXGL Background Thread 1 ] DEBUG SystemBundleService  - Loading FXGL system data
19:20:37.213 [FXGL Background Thread 1 ] DEBUG FileSystemAccess     - Reading from: C:\Users\acer\OneDrive\Desktop\git pull\CSS124L-FINAL-PROJECT\system\fxgl.bundle
19:20:37.216 [FXGL Background Thread 1 ] DEBUG SystemBundleService  - Bundle FXGL: {}
19:20:37.217 [FXGL Background Thread 1 ] DEBUG UpdaterService       - Checking for updates
19:20:37.231 [FXGL Background Thread 4 ] DEBUG FXGLApplication      - Loading fonts
19:20:37.231 [FXGL Background Thread 1 ] DEBUG FXGLApplication      - Loading default localization
19:20:37.231 [FXGL Background Thread 1 ] DEBUG FXGLAssetLoaderServi - Loading from file system: jar:file:///C:/Users/acer/.m2/repository/com/github/almasb/fxgl/dev-SNAPSHOT/fxgl-dev-SNAPSHOT.jar!/fxglassets/languages/english.lang
19:20:37.231 [FXGL Background Thread 4 ] DEBUG FXGLAssetLoaderServi - Loading from file system: jar:file:///C:/Users/acer/.m2/repository/com/github/almasb/fxgl/dev-SNAPSHOT/fxgl-dev-SNAPSHOT.jar!/fxglassets/ui/fonts/VarelaRound-Regular.ttf
19:20:37.236 [FXGL Background Thread 4 ] DEBUG FXGLAssetLoaderServi - Loading from file system: jar:file:///C:/Users/acer/.m2/repository/com/github/almasb/fxgl/dev-SNAPSHOT/fxgl-dev-SNAPSHOT.jar!/fxglassets/ui/fonts/Abel-Regular.ttf
19:20:37.239 [FXGL Background Thread 1 ] INFO  FXGLApplication      - FXGL initialization took: 0.514 sec
19:20:37.240 [FXGL Background Thread 4 ] DEBUG FXGLAssetLoaderServi - Loading from file system: jar:file:///C:/Users/acer/.m2/repository/com/github/almasb/fxgl/dev-SNAPSHOT/fxgl-dev-SNAPSHOT.jar!/fxglassets/ui/fonts/lucida_console.ttf
19:20:37.247 [JavaFX Application Thread] DEBUG Input                - Registered new binding: Move Upwards - W
19:20:37.247 [JavaFX Application Thread] DEBUG Input                - Registered new binding: Move Down - S
19:20:37.247 [JavaFX Application Thread] DEBUG Input                - Registered new binding: Move Left - A
19:20:37.247 [JavaFX Application Thread] DEBUG Input                - Registered new binding: Move Right - D
19:20:37.247 [JavaFX Application Thread] DEBUG Input                - Registered new binding: Reload - R
19:20:37.248 [JavaFX Application Thread] DEBUG Input                - Registered new binding: Shoot - LMB
19:20:37.248 [JavaFX Application Thread] DEBUG Input                - Registered new binding: Switch Weapons - Q
19:20:37.248 [JavaFX Application Thread] DEBUG Input                - Registered new binding: Interact - F
19:20:37.248 [JavaFX Application Thread] DEBUG FXGLAssetLoaderServi - Loading from file system: file:/C:/Users/acer/OneDrive/Desktop/git%20pull/CSS124L-FINAL-PROJECT/fp/target/classes/assets/music/titleBGM.mp3
19:20:37.248 [FXGL Background Thread 4 ] DEBUG FXGLAssetLoaderServi - Loading from file system: jar:file:///C:/Users/acer/.m2/repository/com/github/almasb/fxgl/dev-SNAPSHOT/fxgl-dev-SNAPSHOT.jar!/fxglassets/ui/fonts/Courier-Prime.ttf
19:20:37.344 [JavaFX Application Thread] DEBUG AudioPlayer          - Playing music com.almasb.fxgl.audio.Music@546adce2
19:20:37.345 [JavaFX Application Thread] DEBUG FXGLAssetLoaderServi - Loading from file system: jar:file:///C:/Users/acer/.m2/repository/com/github/almasb/fxgl/dev-SNAPSHOT/fxgl-dev-SNAPSHOT.jar!/fxglassets/textures/fxgl_icon.png
19:20:37.350 [JavaFX Application Thread] DEBUG FXGLAssetLoaderServi - Loading from file system: jar:file:///C:/Users/acer/.m2/repository/com/github/almasb/fxgl/dev-SNAPSHOT/fxgl-dev-SNAPSHOT.jar!/fxglassets/textures/fxgl_default_cursor.png
19:20:37.351 [JavaFX Application Thread] DEBUG Input                - Registered new binding: Screenshot - CTRL+8
19:20:37.351 [JavaFX Application Thread] DEBUG Input                - Registered new binding: Dev Options - 1
19:20:37.352 [JavaFX Application Thread] DEBUG Input                - Registered new binding: Dev Console - 2
19:20:37.352 [JavaFX Application Thread] DEBUG Input                - Registered new binding: System info dump - CTRL+9
19:20:37.352 [JavaFX Application Thread] DEBUG Input                - Registered new binding: Restart - CTRL+R
19:20:37.353 [JavaFX Application Thread] DEBUG Input                - Registered new binding: Toggle Debug Camera - CTRL+C
19:20:37.355 [JavaFX Application Thread] DEBUG LoopRunner           - Starting loop
19:20:37.363 [JavaFX Application Thread] DEBUG LoopRunner           - Initializing JavaFX AnimationTimerLoop
19:20:37.366 [JavaFX Application Thread] DEBUG Input                - Clearing active input actions
19:20:37.374 [JavaFX Application Thread] DEBUG GameApplicationServi - Removing overlay from FXGLStartupScene and adding to FXGLMainMenuDummyScene
19:20:37.383 [JavaFX Application Thread] DEBUG PrimaryStageWindow   - FXGLStartupScene -> FXGLMainMenuDummyScene
19:20:37.383 [JavaFX Application Thread] DEBUG PrimaryStageWindow   - Push state: FXGLDefaultMenu
19:20:37.385 [JavaFX Application Thread] DEBUG Input                - Clearing active input actions
19:20:37.390 [JavaFX Application Thread] DEBUG GameApplicationServi - Removing overlay from FXGLMainMenuDummyScene and adding to FXGLDefaultMenu
19:20:37.390 [JavaFX Application Thread] DEBUG PrimaryStageWindow   - FXGLMainMenuDummyScene -> FXGLDefaultMenu
19:20:37.391 [JavaFX Application Thread] DEBUG FXGLApplication      - Registering font factories with UI factory
19:20:37.581 [FXGL Background Thread 2 ] INFO  UpdaterService       - Your current version:  dev-SNAPSHOT
19:20:37.583 [FXGL Background Thread 2 ] INFO  UpdaterService       - Latest stable version: 21.1
19:20:38.850 [JavaFX Application Thread] DEBUG Menu                 - fireNewGame()
19:20:38.850 [JavaFX Application Thread] DEBUG GameApplicationServi - Starting new game
19:20:38.852 [JavaFX Application Thread] DEBUG PrimaryStageWindow   - Pop state: FXGLDefaultMenu
19:20:38.852 [JavaFX Application Thread] DEBUG Input                - Clearing active input actions
19:20:38.855 [JavaFX Application Thread] DEBUG GameApplicationServi - Removing overlay from FXGLDefaultMenu and adding to FXGLMainMenuDummyScene
19:20:38.856 [JavaFX Application Thread] DEBUG PrimaryStageWindow   - FXGLMainMenuDummyScene <- FXGLDefaultMenu
19:20:38.857 [JavaFX Application Thread] DEBUG Input                - Clearing active input actions
19:20:38.863 [JavaFX Application Thread] DEBUG GameApplicationServi - Removing overlay from FXGLMainMenuDummyScene and adding to FXGLLoadingScene
19:20:38.864 [JavaFX Application Thread] DEBUG PrimaryStageWindow   - FXGLMainMenuDummyScene -> FXGLLoadingScene
19:20:38.864 [JavaFX Application Thread] DEBUG GameApplicationServi - Clearing previous game
19:20:38.864 [JavaFX Application Thread] DEBUG GameScene            - Clearing game scene
19:20:38.864 [JavaFX Application Thread] DEBUG GameWorld            - Clearing game world
19:20:38.864 [JavaFX Application Thread] DEBUG PhysicsWorld         - Clearing physics world
19:20:38.865 [FXGL Background Thread 2 ] DEBUG FXGLApplication      - Initializing game
19:20:38.906 [FXGL Background Thread 2 ] WARN  TMXLevelLoader       - TiledMap generated from 1.11.0. Supported version: 1.2.3. Some features may not be parsed fully.
19:20:38.914 [FXGL Background Thread 2 ] DEBUG TMXLevelLoader       - Parsed TiledMap: file:/C:/Users/acer/OneDrive/Desktop/git%20pull/CSS124L-FINAL-PROJECT/fp/target/classes/assets/levels/Lobby.tmx
19:20:38.915 [FXGL Background Thread 2 ] DEBUG TMXLevelLoader       - Creating tile layer entities
19:20:38.917 [FXGL Background Thread 2 ] DEBUG TilesetLoader        - Loading view for layer Tile Layer 1
19:20:38.920 [FXGL Background Thread 2 ] DEBUG TilesetLoader        - Created buffer with size 1280.0x768.0
19:20:38.930 [FXGL Background Thread 2 ] DEBUG TMXLevelLoader       - Creating object layer entities
19:20:38.948 [FXGL Background Thread 2 ] DEBUG GameWorld            - Clearing removable entities
19:20:38.948 [FXGL Background Thread 2 ] DEBUG GameWorld            - Setting level: com.almasb.fxgl.entity.level.Level@2365cafc
19:20:38.961 [FXGL Background Thread 2 ] INFO  FXGLApplication      - Game initialization took: 0.096 sec
19:20:38.962 [JavaFX Application Thread] DEBUG Input                - Clearing active input actions
19:20:38.968 [JavaFX Application Thread] DEBUG GameApplicationServi - Removing overlay from FXGLLoadingScene and adding to GameScene
19:20:38.970 [JavaFX Application Thread] DEBUG PrimaryStageWindow   - FXGLLoadingScene -> GameScene
19:20:38.971 [JavaFX Application Thread] DEBUG FXGLAssetLoaderServi - Loading from file system: file:/C:/Users/acer/OneDrive/Desktop/git%20pull/CSS124L-FINAL-PROJECT/fp/target/classes/assets/textures/Interactables/microwave_close.png
19:20:38.973 [JavaFX Application Thread] DEBUG PrimaryStageWindow   - Push state: PCM_BG
19:20:38.973 [JavaFX Application Thread] DEBUG Input                - Clearing active input actions
19:20:38.973 [JavaFX Application Thread] DEBUG GameApplicationServi - Removing overlay from GameScene and adding to PCM_BG
19:20:38.974 [JavaFX Application Thread] DEBUG PrimaryStageWindow   - GameScene -> PCM_BG
19:20:38.981 [JavaFX Application Thread] DEBUG PrimaryStageWindow   - Push state: PlayerCountMenu
19:20:38.981 [JavaFX Application Thread] DEBUG Input                - Clearing active input actions
19:20:38.982 [JavaFX Application Thread] DEBUG GameApplicationServi - Removing overlay from PCM_BG and adding to PlayerCountMenu
19:20:38.985 [JavaFX Application Thread] DEBUG PrimaryStageWindow   - PCM_BG -> PlayerCountMenu
19:20:40.229 [FXGL Background Thread 3 ] DEBUG Engine               - Logging environment variables
19:20:40.230 [FXGL Background Thread 3 ] DEBUG Engine               - achievements: []
19:20:40.231 [FXGL Background Thread 3 ] DEBUG Engine               - actualHeight: 600.0
19:20:40.231 [FXGL Background Thread 3 ] DEBUG Engine               - actualHeightProperty: ReadOnlyDoubleProperty [value: 600.0]
19:20:40.231 [FXGL Background Thread 3 ] DEBUG Engine               - actualWidth: 800.0
19:20:40.231 [FXGL Background Thread 3 ] DEBUG Engine               - actualWidthProperty: ReadOnlyDoubleProperty [value: 800.0]
19:20:40.231 [FXGL Background Thread 3 ] DEBUG Engine               - appIcon: fxgl_icon.png
19:20:40.231 [FXGL Background Thread 3 ] DEBUG Engine               - applicationMode: DEVELOPER
19:20:40.231 [FXGL Background Thread 3 ] DEBUG Engine               - cSSList: [fxgl_dark.css]
19:20:40.231 [FXGL Background Thread 3 ] DEBUG Engine               - collisionDetectionStrategy: BRUTE_FORCE
19:20:40.231 [FXGL Background Thread 3 ] DEBUG Engine               - configClass: Optional.empty
19:20:40.231 [FXGL Background Thread 3 ] DEBUG Engine               - credits: []
19:20:40.231 [FXGL Background Thread 3 ] DEBUG Engine               - defaultCursor: CursorInfo(imageName=fxgl_default_cursor.png, hotspotX=7.0, hotspotY=6.0)
19:20:40.232 [FXGL Background Thread 3 ] DEBUG Engine               - devBBoxColorProperty: ObjectProperty [value: 0xff0000ff]
19:20:40.232 [FXGL Background Thread 3 ] DEBUG Engine               - devEnableDebugCameraProperty: BooleanProperty [value: false]
19:20:40.232 [FXGL Background Thread 3 ] DEBUG Engine               - devSensorColorProperty: ObjectProperty [value: 0xffff00ff]
19:20:40.233 [FXGL Background Thread 3 ] DEBUG Engine               - devShowBBoxProperty: BooleanProperty [value: false]
19:20:40.233 [FXGL Background Thread 3 ] DEBUG Engine               - devShowPositionProperty: BooleanProperty [value: false]
19:20:40.233 [FXGL Background Thread 3 ] DEBUG Engine               - enabledMenuItems: []
19:20:40.233 [FXGL Background Thread 3 ] DEBUG Engine               - engineServices: [class com.almasb.fxgl.app.services.FXGLAssetLoaderService, class com.almasb.fxgl.app.FXGLApplication$GameApplicationService, class com.almasb.fxgl.app.services.FXGLDialogService, class com.almasb.fxgl.app.services.IOTaskExecutorService, class com.almasb.fxgl.io.FileSystemService, class com.almasb.fxgl.localization.LocalizationService, class com.almasb.fxgl.app.services.SystemBundleService, class com.almasb.fxgl.profile.SaveLoadService, class com.almasb.fxgl.ui.FXGLUIFactoryServiceProvider, class com.almasb.fxgl.ui.FXGLDialogFactoryServiceProvider, class com.almasb.fxgl.audio.AudioPlayer, class com.almasb.fxgl.notification.impl.NotificationServiceProvider, class com.almasb.fxgl.achievement.AchievementService, class com.almasb.fxgl.cutscene.CutsceneService, class com.almasb.fxgl.minigames.MiniGameService, class com.almasb.fxgl.net.NetService, class com.almasb.fxgl.app.services.UpdaterService, class com.almasb.fxgl.dev.DevService, class com.almasb.fxgl.multiplayer.MultiplayerService]
19:20:40.233 [FXGL Background Thread 3 ] DEBUG Engine               - fontGame: Abel-Regular.ttf
19:20:40.233 [FXGL Background Thread 3 ] DEBUG Engine               - fontMono: lucida_console.ttf
19:20:40.233 [FXGL Background Thread 3 ] DEBUG Engine               - fontText: Courier-Prime.ttf
19:20:40.233 [FXGL Background Thread 3 ] DEBUG Engine               - fontUI: VarelaRound-Regular.ttf
19:20:40.233 [FXGL Background Thread 3 ] DEBUG Engine               - fullScreen: BooleanProperty [value: false]
19:20:40.233 [FXGL Background Thread 3 ] DEBUG Engine               - gameDifficulty: MEDIUM
19:20:40.233 [FXGL Background Thread 3 ] DEBUG Engine               - gameDifficultyProperty: ObjectProperty [value: MEDIUM]
19:20:40.233 [FXGL Background Thread 3 ] DEBUG Engine               - globalMusicVolume: 0.5
19:20:40.233 [FXGL Background Thread 3 ] DEBUG Engine               - globalMusicVolumeProperty: DoubleProperty [value: 0.5]
19:20:40.233 [FXGL Background Thread 3 ] DEBUG Engine               - globalSoundVolume: 0.5
19:20:40.233 [FXGL Background Thread 3 ] DEBUG Engine               - globalSoundVolumeProperty: DoubleProperty [value: 0.5]
19:20:40.233 [FXGL Background Thread 3 ] DEBUG Engine               - height: 600
19:20:40.233 [FXGL Background Thread 3 ] DEBUG Engine               - is3D: false
19:20:40.233 [FXGL Background Thread 3 ] DEBUG Engine               - isAndroid: false
19:20:40.233 [FXGL Background Thread 3 ] DEBUG Engine               - isBrowser: false
19:20:40.233 [FXGL Background Thread 3 ] DEBUG Engine               - isClickFeedbackEnabled: false
19:20:40.233 [FXGL Background Thread 3 ] DEBUG Engine               - isCloseConfirmation: false
19:20:40.233 [FXGL Background Thread 3 ] DEBUG Engine               - isDesktop: true
19:20:40.233 [FXGL Background Thread 3 ] DEBUG Engine               - isDeveloperMenuEnabled: true
19:20:40.233 [FXGL Background Thread 3 ] DEBUG Engine               - isEmbedded: false
19:20:40.233 [FXGL Background Thread 3 ] DEBUG Engine               - isEntityPreloadEnabled: true
19:20:40.234 [FXGL Background Thread 3 ] DEBUG Engine               - isExperimentalTiledLargeMap: false
19:20:40.234 [FXGL Background Thread 3 ] DEBUG Engine               - isFileSystemWriteAllowed: true
19:20:40.234 [FXGL Background Thread 3 ] DEBUG Engine               - isFullScreenAllowed: false
19:20:40.234 [FXGL Background Thread 3 ] DEBUG Engine               - isFullScreenFromStart: false
19:20:40.234 [FXGL Background Thread 3 ] DEBUG Engine               - isGameMenuEnabled: true
19:20:40.234 [FXGL Background Thread 3 ] DEBUG Engine               - isIOS: false
19:20:40.234 [FXGL Background Thread 3 ] DEBUG Engine               - isIntroEnabled: false
19:20:40.234 [FXGL Background Thread 3 ] DEBUG Engine               - isLinux: false
19:20:40.234 [FXGL Background Thread 3 ] DEBUG Engine               - isMac: false
19:20:40.234 [FXGL Background Thread 3 ] DEBUG Engine               - isMainMenuEnabled: true
19:20:40.234 [FXGL Background Thread 3 ] DEBUG Engine               - isManualResizeEnabled: false
19:20:40.234 [FXGL Background Thread 3 ] DEBUG Engine               - isMobile: false
19:20:40.234 [FXGL Background Thread 3 ] DEBUG Engine               - isNative: false
19:20:40.234 [FXGL Background Thread 3 ] DEBUG Engine               - isPauseMusicWhenMinimized: true
19:20:40.234 [FXGL Background Thread 3 ] DEBUG Engine               - isPreserveResizeRatio: false
19:20:40.234 [FXGL Background Thread 3 ] DEBUG Engine               - isProfilingEnabled: false
19:20:40.234 [FXGL Background Thread 3 ] DEBUG Engine               - isScaleAffectedOnResize: true
19:20:40.234 [FXGL Background Thread 3 ] DEBUG Engine               - isSingleStep: false
19:20:40.234 [FXGL Background Thread 3 ] DEBUG Engine               - isUserProfileEnabled: false
19:20:40.234 [FXGL Background Thread 3 ] DEBUG Engine               - isWindows: true
19:20:40.234 [FXGL Background Thread 3 ] DEBUG Engine               - language: ObjectProperty [value: ENGLISH]
19:20:40.234 [FXGL Background Thread 3 ] DEBUG Engine               - menuKey: ESCAPE
19:20:40.234 [FXGL Background Thread 3 ] DEBUG Engine               - mouseSensitivity: 0.2
19:20:40.234 [FXGL Background Thread 3 ] DEBUG Engine               - notificationViewClass: class com.almasb.fxgl.notification.view.XboxNotificationView
19:20:40.234 [FXGL Background Thread 3 ] DEBUG Engine               - pixelsPerMeter: 50.0
19:20:40.234 [FXGL Background Thread 3 ] DEBUG Engine               - platform: WINDOWS
19:20:40.234 [FXGL Background Thread 3 ] DEBUG Engine               - prefHeightProperty: ReadOnlyDoubleProperty [value: 600.0]
19:20:40.234 [FXGL Background Thread 3 ] DEBUG Engine               - prefWidthProperty: ReadOnlyDoubleProperty [value: 800.0]
19:20:40.234 [FXGL Background Thread 3 ] DEBUG Engine               - profileDir: profiles/
19:20:40.235 [FXGL Background Thread 3 ] DEBUG Engine               - profileName: StringProperty [value: DEFAULT]
19:20:40.235 [FXGL Background Thread 3 ] DEBUG Engine               - randomSeed: -1
19:20:40.235 [FXGL Background Thread 3 ] DEBUG Engine               - runtimeInfo: RuntimeInfo(platform=WINDOWS, version=dev-SNAPSHOT, build=28.07.2021 16.39)
19:20:40.235 [FXGL Background Thread 3 ] DEBUG Engine               - saveFileExt: sav
19:20:40.235 [FXGL Background Thread 3 ] DEBUG Engine               - scaledHeightProp$fxgl: DoubleProperty [bound, value: 600.0]
19:20:40.235 [FXGL Background Thread 3 ] DEBUG Engine               - scaledWidthProp$fxgl: DoubleProperty [bound, value: 800.0]
19:20:40.235 [FXGL Background Thread 3 ] DEBUG Engine               - sceneFactory: com.groupfour.mygame.App$1@415ba787
19:20:40.235 [FXGL Background Thread 3 ] DEBUG Engine               - secondsIn24h: 60
19:20:40.235 [FXGL Background Thread 3 ] DEBUG Engine               - soundMenuBack: menu/back.wav
19:20:40.235 [FXGL Background Thread 3 ] DEBUG Engine               - soundMenuPress: titleSelect.mp3
19:20:40.235 [FXGL Background Thread 3 ] DEBUG Engine               - soundMenuSelect: menu/select.wav
19:20:40.235 [FXGL Background Thread 3 ] DEBUG Engine               - soundNotification: core/notification.wav
19:20:40.235 [FXGL Background Thread 3 ] DEBUG Engine               - stageStyle: DECORATED
19:20:40.235 [FXGL Background Thread 3 ] DEBUG Engine               - supportedLanguages: [ENGLISH, FRENCH, GERMAN, HUNGARIAN, RUSSIAN]
19:20:40.235 [FXGL Background Thread 3 ] DEBUG Engine               - ticksPerSecond: -1
19:20:40.235 [FXGL Background Thread 3 ] DEBUG Engine               - title: Flatline: Oregon
19:20:40.235 [FXGL Background Thread 3 ] DEBUG Engine               - urlGithub: https://github.com/AlmasB/FXGL
19:20:40.235 [FXGL Background Thread 3 ] DEBUG Engine               - urlLeaderboard: http://fxgl-top.herokuapp.com/
19:20:40.235 [FXGL Background Thread 3 ] DEBUG Engine               - urlPOM: https://raw.githubusercontent.com/AlmasB/FXGL/release/README.md
19:20:40.235 [FXGL Background Thread 3 ] DEBUG Engine               - userAppClass: class com.groupfour.mygame.App
19:20:40.235 [FXGL Background Thread 3 ] DEBUG Engine               - version: Beta ?
19:20:40.235 [FXGL Background Thread 3 ] DEBUG Engine               - versionCheckDays: 7
19:20:40.235 [FXGL Background Thread 3 ] DEBUG Engine               - width: 800
19:20:40.235 [FXGL Background Thread 3 ] DEBUG Engine               - Logging services
19:20:40.235 [FXGL Background Thread 3 ] DEBUG Engine               - class com.almasb.fxgl.app.services.FXGLAssetLoaderService
19:20:40.235 [FXGL Background Thread 3 ] DEBUG Engine               - class com.almasb.fxgl.app.FXGLApplication$GameApplicationService
19:20:40.235 [FXGL Background Thread 3 ] DEBUG Engine               - class com.almasb.fxgl.app.services.FXGLDialogService
19:20:40.235 [FXGL Background Thread 3 ] DEBUG Engine               - class com.almasb.fxgl.app.services.IOTaskExecutorService
19:20:40.235 [FXGL Background Thread 3 ] DEBUG Engine               - class com.almasb.fxgl.io.FileSystemService
19:20:40.235 [FXGL Background Thread 3 ] DEBUG Engine               - class com.almasb.fxgl.localization.LocalizationService
19:20:40.236 [FXGL Background Thread 3 ] DEBUG Engine               - class com.almasb.fxgl.app.services.SystemBundleService
19:20:40.236 [FXGL Background Thread 3 ] DEBUG Engine               - class com.almasb.fxgl.profile.SaveLoadService
19:20:40.236 [FXGL Background Thread 3 ] DEBUG Engine               - class com.almasb.fxgl.ui.FXGLUIFactoryServiceProvider
19:20:40.236 [FXGL Background Thread 3 ] DEBUG Engine               - class com.almasb.fxgl.ui.FXGLDialogFactoryServiceProvider
19:20:40.236 [FXGL Background Thread 3 ] DEBUG Engine               - class com.almasb.fxgl.audio.AudioPlayer
19:20:40.236 [FXGL Background Thread 3 ] DEBUG Engine               - class com.almasb.fxgl.notification.impl.NotificationServiceProvider
19:20:40.236 [FXGL Background Thread 3 ] DEBUG Engine               - class com.almasb.fxgl.achievement.AchievementService
19:20:40.236 [FXGL Background Thread 3 ] DEBUG Engine               - class com.almasb.fxgl.cutscene.CutsceneService
19:20:40.236 [FXGL Background Thread 3 ] DEBUG Engine               - class com.almasb.fxgl.minigames.MiniGameService
19:20:40.236 [FXGL Background Thread 3 ] DEBUG Engine               - class com.almasb.fxgl.net.NetService
19:20:40.236 [FXGL Background Thread 3 ] DEBUG Engine               - class com.almasb.fxgl.app.services.UpdaterService
19:20:40.236 [FXGL Background Thread 3 ] DEBUG Engine               - class com.almasb.fxgl.dev.DevService
19:20:40.236 [FXGL Background Thread 3 ] DEBUG Engine               - class com.almasb.fxgl.multiplayer.MultiplayerService
19:20:40.472 [JavaFX Application Thread] DEBUG FXGLAssetLoaderServi - Loading from file system: file:/C:/Users/acer/OneDrive/Desktop/git%20pull/CSS124L-FINAL-PROJECT/fp/target/classes/assets/sounds/Reload.mp3
19:20:40.475 [JavaFX Application Thread] DEBUG FXGLAssetLoaderServi - Loading from file system: file:/C:/Users/acer/OneDrive/Desktop/git%20pull/CSS124L-FINAL-PROJECT/fp/target/classes/assets/sounds/BerettaM9_Shoot.mp3
19:20:40.479 [JavaFX Application Thread] DEBUG FXGLAssetLoaderServi - Loading from file system: file:/C:/Users/acer/OneDrive/Desktop/git%20pull/CSS124L-FINAL-PROJECT/fp/target/classes/assets/textures/Weapons/Idle/BerettaM9_Idle.png
19:20:40.479 [JavaFX Application Thread] DEBUG FXGLAssetLoaderServi - Loading from file system: file:/C:/Users/acer/OneDrive/Desktop/git%20pull/CSS124L-FINAL-PROJECT/fp/target/classes/assets/textures/Weapons/Shooting/BerettaM9_Shooting.png
19:20:40.482 [JavaFX Application Thread] DEBUG FXGLAssetLoaderServi - Loading from file system: file:/C:/Users/acer/OneDrive/Desktop/git%20pull/CSS124L-FINAL-PROJECT/fp/target/classes/assets/textures/Players/1P_Shoot.png
19:20:40.484 [JavaFX Application Thread] DEBUG FXGLAssetLoaderServi - Loading from file system: file:/C:/Users/acer/OneDrive/Desktop/git%20pull/CSS124L-FINAL-PROJECT/fp/target/classes/assets/textures/Interactables/vending_machine.png
19:20:40.488 [JavaFX Application Thread] DEBUG PrimaryStageWindow   - Pop state: PlayerCountMenu
19:20:40.489 [JavaFX Application Thread] DEBUG Input                - Clearing active input actions
19:20:40.489 [JavaFX Application Thread] DEBUG GameApplicationServi - Removing overlay from PlayerCountMenu and adding to PCM_BG
19:20:40.489 [JavaFX Application Thread] DEBUG PrimaryStageWindow   - PCM_BG <- PlayerCountMenu
19:20:40.489 [JavaFX Application Thread] DEBUG PrimaryStageWindow   - Pop state: PCM_BG
19:20:40.489 [JavaFX Application Thread] DEBUG Input                - Clearing active input actions
19:20:40.489 [JavaFX Application Thread] DEBUG GameApplicationServi - Removing overlay from PCM_BG and adding to GameScene
19:20:40.490 [JavaFX Application Thread] DEBUG PrimaryStageWindow   - GameScene <- PCM_BG
19:20:40.591 [JavaFX Application Thread] DEBUG FXGLAssetLoaderServi - Loading from file system: file:/C:/Users/acer/OneDrive/Desktop/git%20pull/CSS124L-FINAL-PROJECT/fp/target/classes/assets/textures/Zombies/Basic_Zombie_Walking.png
19:20:40.592 [JavaFX Application Thread] DEBUG FXGLAssetLoaderServi - Loading from file system: file:/C:/Users/acer/OneDrive/Desktop/git%20pull/CSS124L-FINAL-PROJECT/fp/target/classes/assets/textures/Zombies/Basic_Zombie_Attack.png
19:20:57.000 [JavaFX Application Thread] DEBUG FXGLApplication      - Exiting FXGL
19:20:57.000 [JavaFX Application Thread] DEBUG LoopRunner           - Stopping loop
19:20:57.000 [JavaFX Application Thread] DEBUG SystemBundleService  - Saving FXGL system data
19:20:57.002 [JavaFX Application Thread] DEBUG FileSystemAccess     - Writing to: C:\Users\acer\OneDrive\Desktop\git pull\CSS124L-FINAL-PROJECT\system\fxgl.bundle
19:20:57.003 [JavaFX Application Thread] DEBUG Async                - Shutting down background threads
19:20:57.003 [JavaFX Application Thread] DEBUG PrimaryStageWindow   - Closing main window
19:20:57.016 [JavaFX Application Thread] DEBUG Logger               - Closing Logger
