03:26:45.633 [main                     ] DEBUG Logger               - Configured Logger
03:26:45.649 [main                     ] DEBUG GameApplication      - Logging settings
Title: Flatline: Oregon
Version: Beta ?
Width: 800
Height: 600
Fullscreen: false
Intro: false
Profiling: false
Single step:false
App Mode: DEVELOPER
Menu Key: ESCAPE
Stage Style: DECORATED
Scene Factory: class com.groupfour.mygame.App$1

03:26:45.960 [JavaFX Application Thread] DEBUG FXGLApplication      - Initializing FXGL
03:26:45.961 [JavaFX Application Thread] INFO  Engine               - FXGL-dev-SNAPSHOT (28.07.2021 16.39) on WINDOWS (J:11.0.22 FX:16)
03:26:45.962 [JavaFX Application Thread] DEBUG Engine               - JRE Vendor Name: Oracle Corporation
03:26:45.962 [JavaFX Application Thread] DEBUG Engine               - Running on OS: Windows 11 version 10.0
03:26:45.962 [JavaFX Application Thread] DEBUG Engine               - Architecture: amd64
03:26:45.962 [JavaFX Application Thread] INFO  Engine               - Source code and latest versions at: https://github.com/AlmasB/FXGL
03:26:45.963 [JavaFX Application Thread] INFO  Engine               -              Join the FXGL chat at: https://gitter.im/AlmasB/FXGL
03:26:46.018 [JavaFX Application Thread] DEBUG PrimaryStageWindow   - Creating a JavaFX scene
03:26:46.058 [JavaFX Application Thread] DEBUG PrimaryStageWindow   - Target settings size: 800.0 x 600.0
03:26:46.058 [JavaFX Application Thread] DEBUG PrimaryStageWindow   - Scaled scene size:    800.0 x 600.0
03:26:46.058 [JavaFX Application Thread] DEBUG PrimaryStageWindow   - Scaled ratio: (1.0, 1.0)
03:26:46.059 [JavaFX Application Thread] DEBUG PrimaryStageWindow   - Set initial scene to FXGLStartupScene
03:26:46.063 [JavaFX Application Thread] DEBUG PrimaryStageWindow   - Opening main window
03:26:46.136 [JavaFX Application Thread] DEBUG PrimaryStageWindow   - Window border size: (14.4000244140625, 37.5999755859375)
03:26:46.136 [JavaFX Application Thread] DEBUG PrimaryStageWindow   - Scaled size: 800.0 x 600.0
03:26:46.136 [JavaFX Application Thread] DEBUG PrimaryStageWindow   - Scaled ratio: (1.0, 1.0)
03:26:46.137 [JavaFX Application Thread] DEBUG PrimaryStageWindow   - Scene size: 800.0 x 600.0
03:26:46.137 [JavaFX Application Thread] DEBUG PrimaryStageWindow   - Stage size: 814.4000244140625 x 637.5999755859375
03:26:46.142 [FXGL Background Thread 1 ] DEBUG Engine               - Initializing environment variables
03:26:46.180 [FXGL Background Thread 1 ] DEBUG FXGLAssetLoaderServi - User app class for loading assets: class com.groupfour.mygame.App
03:26:46.180 [FXGL Background Thread 1 ] DEBUG GameApplicationServi - Applying CSS: fxgl_dark.css
03:26:46.181 [FXGL Background Thread 1 ] DEBUG FXGLAssetLoaderServi - Loading from file system: jar:file:///C:/Users/acer/.m2/repository/com/github/almasb/fxgl/dev-SNAPSHOT/fxgl-dev-SNAPSHOT.jar!/fxglassets/ui/css/fxgl_dark.css
03:26:46.230 [FXGL Background Thread 1 ] DEBUG GameApplicationServi - Initializing application scenes
03:26:46.269 [FXGL Background Thread 1 ] DEBUG GameWorld            - Game world initialized
03:26:46.312 [FXGL Background Thread 1 ] DEBUG PhysicsWorld         - Physics world initialized: appHeight=600, physics.ppm=50.0
03:26:46.312 [FXGL Background Thread 1 ] DEBUG PhysicsWorld         - Using strategy: BRUTE_FORCE
03:26:46.314 [FXGL Background Thread 1 ] DEBUG GameScene            - Game scene initialized: 800x600
03:26:46.326 [FXGL Background Thread 1 ] DEBUG FXGL.DefaultMenu     - createMenuBodyMainMenu()
03:26:46.341 [FXGL Background Thread 1 ] DEBUG FXGL.DefaultMenu     - createOptionsMenu()
03:26:46.350 [FXGL Background Thread 1 ] DEBUG FXGLAssetLoaderServi - Loading from file system: jar:file:///C:/Users/acer/.m2/repository/com/github/almasb/fxgl/dev-SNAPSHOT/fxgl-dev-SNAPSHOT.jar!/fxglassets/textures/particles/smoke.png
03:26:46.427 [FXGL Background Thread 1 ] DEBUG FXGLAssetLoaderServi - Loading from file system: jar:file:///C:/Users/acer/.m2/repository/com/github/almasb/fxgl/dev-SNAPSHOT/fxgl-dev-SNAPSHOT.jar!/fxglassets/textures/particles/trace_horizontal.png
03:26:46.449 [FXGL Background Thread 1 ] DEBUG FXGLAssetLoaderServi - Loading from file system: file:/C:/Users/acer/OneDrive/Desktop/git%20pull/CSS124L-FINAL-PROJECT/fp/target/classes/assets/ui/fonts/PIXELADE.TTF
03:26:46.774 [FXGL Background Thread 1 ] DEBUG FXGLAssetLoaderServi - Loading from file system: file:/C:/Users/acer/OneDrive/Desktop/git%20pull/CSS124L-FINAL-PROJECT/fp/target/classes/assets/textures/spbtn.png
03:26:46.796 [FXGL Background Thread 1 ] DEBUG FXGLAssetLoaderServi - Loading from file system: file:/C:/Users/acer/OneDrive/Desktop/git%20pull/CSS124L-FINAL-PROJECT/fp/target/classes/assets/textures/mpbtn.png
03:26:46.806 [FXGL Background Thread 1 ] DEBUG FXGLAssetLoaderServi - Loading from file system: file:/C:/Users/acer/OneDrive/Desktop/git%20pull/CSS124L-FINAL-PROJECT/fp/target/classes/assets/textures/return.png
03:26:46.818 [FXGL Background Thread 1 ] DEBUG GameApplicationServi - Application scenes initialized
03:26:46.827 [FXGL Background Thread 1 ] DEBUG SystemBundleService  - Loading FXGL system data
03:26:46.833 [FXGL Background Thread 1 ] DEBUG FileSystemAccess     - Reading from: C:\Users\acer\OneDrive\Desktop\git pull\CSS124L-FINAL-PROJECT\system\fxgl.bundle
03:26:46.841 [FXGL Background Thread 1 ] DEBUG SystemBundleService  - Bundle FXGL: {}
03:26:46.841 [FXGL Background Thread 1 ] DEBUG UpdaterService       - Checking for updates
03:26:46.869 [FXGL Background Thread 4 ] DEBUG FXGLApplication      - Loading fonts
03:26:46.869 [FXGL Background Thread 1 ] DEBUG FXGLApplication      - Loading default localization
03:26:46.870 [FXGL Background Thread 4 ] DEBUG FXGLAssetLoaderServi - Loading from file system: jar:file:///C:/Users/acer/.m2/repository/com/github/almasb/fxgl/dev-SNAPSHOT/fxgl-dev-SNAPSHOT.jar!/fxglassets/ui/fonts/VarelaRound-Regular.ttf
03:26:46.870 [FXGL Background Thread 1 ] DEBUG FXGLAssetLoaderServi - Loading from file system: jar:file:///C:/Users/acer/.m2/repository/com/github/almasb/fxgl/dev-SNAPSHOT/fxgl-dev-SNAPSHOT.jar!/fxglassets/languages/english.lang
03:26:46.878 [FXGL Background Thread 4 ] DEBUG FXGLAssetLoaderServi - Loading from file system: jar:file:///C:/Users/acer/.m2/repository/com/github/almasb/fxgl/dev-SNAPSHOT/fxgl-dev-SNAPSHOT.jar!/fxglassets/ui/fonts/Abel-Regular.ttf
03:26:46.883 [FXGL Background Thread 4 ] DEBUG FXGLAssetLoaderServi - Loading from file system: jar:file:///C:/Users/acer/.m2/repository/com/github/almasb/fxgl/dev-SNAPSHOT/fxgl-dev-SNAPSHOT.jar!/fxglassets/ui/fonts/lucida_console.ttf
03:26:46.885 [FXGL Background Thread 1 ] INFO  FXGLApplication      - FXGL initialization took: 0.744 sec
03:26:46.899 [FXGL Background Thread 4 ] DEBUG FXGLAssetLoaderServi - Loading from file system: jar:file:///C:/Users/acer/.m2/repository/com/github/almasb/fxgl/dev-SNAPSHOT/fxgl-dev-SNAPSHOT.jar!/fxglassets/ui/fonts/Courier-Prime.ttf
03:26:46.899 [JavaFX Application Thread] DEBUG Input                - Registered new binding: Move Upwards - W
03:26:46.900 [JavaFX Application Thread] DEBUG Input                - Registered new binding: Move Down - S
03:26:46.900 [JavaFX Application Thread] DEBUG Input                - Registered new binding: Move Left - A
03:26:46.900 [JavaFX Application Thread] DEBUG Input                - Registered new binding: Move Right - D
03:26:46.900 [JavaFX Application Thread] DEBUG Input                - Registered new binding: Reload - R
03:26:46.901 [JavaFX Application Thread] DEBUG Input                - Registered new binding: Shoot - LMB
03:26:46.902 [JavaFX Application Thread] DEBUG Input                - Registered new binding: Switch Weapons - Q
03:26:46.902 [JavaFX Application Thread] DEBUG Input                - Registered new binding: Interact - F
03:26:46.902 [JavaFX Application Thread] DEBUG FXGLAssetLoaderServi - Loading from file system: file:/C:/Users/acer/OneDrive/Desktop/git%20pull/CSS124L-FINAL-PROJECT/fp/target/classes/assets/music/titleBGM.mp3
03:26:47.052 [JavaFX Application Thread] DEBUG AudioPlayer          - Playing music com.almasb.fxgl.audio.Music@55b665de
03:26:47.053 [JavaFX Application Thread] DEBUG FXGLAssetLoaderServi - Loading from file system: jar:file:///C:/Users/acer/.m2/repository/com/github/almasb/fxgl/dev-SNAPSHOT/fxgl-dev-SNAPSHOT.jar!/fxglassets/textures/fxgl_icon.png
03:26:47.065 [JavaFX Application Thread] DEBUG FXGLAssetLoaderServi - Loading from file system: jar:file:///C:/Users/acer/.m2/repository/com/github/almasb/fxgl/dev-SNAPSHOT/fxgl-dev-SNAPSHOT.jar!/fxglassets/textures/fxgl_default_cursor.png
03:26:47.067 [JavaFX Application Thread] DEBUG Input                - Registered new binding: Screenshot - CTRL+8
03:26:47.067 [JavaFX Application Thread] DEBUG Input                - Registered new binding: Dev Options - 1
03:26:47.068 [JavaFX Application Thread] DEBUG Input                - Registered new binding: Dev Console - 2
03:26:47.068 [JavaFX Application Thread] DEBUG Input                - Registered new binding: System info dump - CTRL+9
03:26:47.068 [JavaFX Application Thread] DEBUG Input                - Registered new binding: Restart - CTRL+R
03:26:47.070 [JavaFX Application Thread] DEBUG Input                - Registered new binding: Toggle Debug Camera - CTRL+C
03:26:47.073 [JavaFX Application Thread] DEBUG LoopRunner           - Starting loop
03:26:47.089 [JavaFX Application Thread] DEBUG LoopRunner           - Initializing JavaFX AnimationTimerLoop
03:26:47.091 [JavaFX Application Thread] DEBUG Input                - Clearing active input actions
03:26:47.105 [JavaFX Application Thread] DEBUG GameApplicationServi - Removing overlay from FXGLStartupScene and adding to FXGLMainMenuDummyScene
03:26:47.108 [JavaFX Application Thread] DEBUG PrimaryStageWindow   - FXGLStartupScene -> FXGLMainMenuDummyScene
03:26:47.109 [JavaFX Application Thread] DEBUG PrimaryStageWindow   - Push state: FXGLDefaultMenu
03:26:47.111 [JavaFX Application Thread] DEBUG Input                - Clearing active input actions
03:26:47.117 [JavaFX Application Thread] DEBUG GameApplicationServi - Removing overlay from FXGLMainMenuDummyScene and adding to FXGLDefaultMenu
03:26:47.117 [JavaFX Application Thread] DEBUG PrimaryStageWindow   - FXGLMainMenuDummyScene -> FXGLDefaultMenu
03:26:47.118 [JavaFX Application Thread] DEBUG FXGLApplication      - Registering font factories with UI factory
03:26:47.221 [FXGL Background Thread 2 ] INFO  UpdaterService       - Your current version:  dev-SNAPSHOT
03:26:47.221 [FXGL Background Thread 2 ] INFO  UpdaterService       - Latest stable version: 21.1
03:26:49.142 [JavaFX Application Thread] DEBUG Menu                 - fireNewGame()
03:26:49.142 [JavaFX Application Thread] DEBUG GameApplicationServi - Starting new game
03:26:49.145 [JavaFX Application Thread] DEBUG PrimaryStageWindow   - Pop state: FXGLDefaultMenu
03:26:49.145 [JavaFX Application Thread] DEBUG Input                - Clearing active input actions
03:26:49.148 [JavaFX Application Thread] DEBUG GameApplicationServi - Removing overlay from FXGLDefaultMenu and adding to FXGLMainMenuDummyScene
03:26:49.149 [JavaFX Application Thread] DEBUG PrimaryStageWindow   - FXGLMainMenuDummyScene <- FXGLDefaultMenu
03:26:49.150 [JavaFX Application Thread] DEBUG Input                - Clearing active input actions
03:26:49.159 [JavaFX Application Thread] DEBUG GameApplicationServi - Removing overlay from FXGLMainMenuDummyScene and adding to FXGLLoadingScene
03:26:49.160 [JavaFX Application Thread] DEBUG PrimaryStageWindow   - FXGLMainMenuDummyScene -> FXGLLoadingScene
03:26:49.160 [JavaFX Application Thread] DEBUG GameApplicationServi - Clearing previous game
03:26:49.160 [JavaFX Application Thread] DEBUG GameScene            - Clearing game scene
03:26:49.160 [JavaFX Application Thread] DEBUG GameWorld            - Clearing game world
03:26:49.160 [JavaFX Application Thread] DEBUG PhysicsWorld         - Clearing physics world
03:26:49.162 [FXGL Background Thread 2 ] DEBUG FXGLApplication      - Initializing game
03:26:49.209 [FXGL Background Thread 2 ] WARN  TMXLevelLoader       - TiledMap generated from 1.11.0. Supported version: 1.2.3. Some features may not be parsed fully.
03:26:49.217 [FXGL Background Thread 2 ] DEBUG TMXLevelLoader       - Parsed TiledMap: file:/C:/Users/acer/OneDrive/Desktop/git%20pull/CSS124L-FINAL-PROJECT/fp/target/classes/assets/levels/Lobby.tmx
03:26:49.218 [FXGL Background Thread 2 ] DEBUG TMXLevelLoader       - Creating tile layer entities
03:26:49.219 [FXGL Background Thread 2 ] DEBUG TilesetLoader        - Loading view for layer Tile Layer 1
03:26:49.221 [FXGL Background Thread 2 ] DEBUG TilesetLoader        - Created buffer with size 1280.0x768.0
03:26:49.228 [FXGL Background Thread 2 ] DEBUG TMXLevelLoader       - Creating object layer entities
03:26:49.248 [FXGL Background Thread 2 ] DEBUG GameWorld            - Clearing removable entities
03:26:49.248 [FXGL Background Thread 2 ] DEBUG GameWorld            - Setting level: com.almasb.fxgl.entity.level.Level@3373da39
03:26:49.263 [FXGL Background Thread 2 ] INFO  FXGLApplication      - Game initialization took: 0.100 sec
03:26:49.265 [JavaFX Application Thread] DEBUG Input                - Clearing active input actions
03:26:49.273 [JavaFX Application Thread] DEBUG GameApplicationServi - Removing overlay from FXGLLoadingScene and adding to GameScene
03:26:49.275 [JavaFX Application Thread] DEBUG PrimaryStageWindow   - FXGLLoadingScene -> GameScene
03:26:49.279 [JavaFX Application Thread] DEBUG FXGLAssetLoaderServi - Loading from file system: file:/C:/Users/acer/OneDrive/Desktop/git%20pull/CSS124L-FINAL-PROJECT/fp/target/classes/assets/textures/Interactables/microwave_close.png
03:26:49.281 [JavaFX Application Thread] DEBUG PrimaryStageWindow   - Push state: PCM_BG
03:26:49.281 [JavaFX Application Thread] DEBUG Input                - Clearing active input actions
03:26:49.281 [JavaFX Application Thread] DEBUG GameApplicationServi - Removing overlay from GameScene and adding to PCM_BG
03:26:49.282 [JavaFX Application Thread] DEBUG PrimaryStageWindow   - GameScene -> PCM_BG
03:26:49.290 [JavaFX Application Thread] DEBUG PrimaryStageWindow   - Push state: PlayerCountMenu
03:26:49.290 [JavaFX Application Thread] DEBUG Input                - Clearing active input actions
03:26:49.290 [JavaFX Application Thread] DEBUG GameApplicationServi - Removing overlay from PCM_BG and adding to PlayerCountMenu
03:26:49.295 [JavaFX Application Thread] DEBUG PrimaryStageWindow   - PCM_BG -> PlayerCountMenu
03:26:49.867 [FXGL Background Thread 3 ] DEBUG Engine               - Logging environment variables
03:26:49.867 [FXGL Background Thread 3 ] DEBUG Engine               - achievements: []
03:26:49.867 [FXGL Background Thread 3 ] DEBUG Engine               - actualHeight: 600.0
03:26:49.867 [FXGL Background Thread 3 ] DEBUG Engine               - actualHeightProperty: ReadOnlyDoubleProperty [value: 600.0]
03:26:49.868 [FXGL Background Thread 3 ] DEBUG Engine               - actualWidth: 800.0
03:26:49.868 [FXGL Background Thread 3 ] DEBUG Engine               - actualWidthProperty: ReadOnlyDoubleProperty [value: 800.0]
03:26:49.868 [FXGL Background Thread 3 ] DEBUG Engine               - appIcon: fxgl_icon.png
03:26:49.868 [FXGL Background Thread 3 ] DEBUG Engine               - applicationMode: DEVELOPER
03:26:49.868 [FXGL Background Thread 3 ] DEBUG Engine               - cSSList: [fxgl_dark.css]
03:26:49.868 [FXGL Background Thread 3 ] DEBUG Engine               - collisionDetectionStrategy: BRUTE_FORCE
03:26:49.868 [FXGL Background Thread 3 ] DEBUG Engine               - configClass: Optional.empty
03:26:49.868 [FXGL Background Thread 3 ] DEBUG Engine               - credits: []
03:26:49.869 [FXGL Background Thread 3 ] DEBUG Engine               - defaultCursor: CursorInfo(imageName=fxgl_default_cursor.png, hotspotX=7.0, hotspotY=6.0)
03:26:49.869 [FXGL Background Thread 3 ] DEBUG Engine               - devBBoxColorProperty: ObjectProperty [value: 0xff0000ff]
03:26:49.869 [FXGL Background Thread 3 ] DEBUG Engine               - devEnableDebugCameraProperty: BooleanProperty [value: false]
03:26:49.869 [FXGL Background Thread 3 ] DEBUG Engine               - devSensorColorProperty: ObjectProperty [value: 0xffff00ff]
03:26:49.869 [FXGL Background Thread 3 ] DEBUG Engine               - devShowBBoxProperty: BooleanProperty [value: false]
03:26:49.869 [FXGL Background Thread 3 ] DEBUG Engine               - devShowPositionProperty: BooleanProperty [value: false]
03:26:49.869 [FXGL Background Thread 3 ] DEBUG Engine               - enabledMenuItems: []
03:26:49.869 [FXGL Background Thread 3 ] DEBUG Engine               - engineServices: [class com.almasb.fxgl.app.services.FXGLAssetLoaderService, class com.almasb.fxgl.app.FXGLApplication$GameApplicationService, class com.almasb.fxgl.app.services.FXGLDialogService, class com.almasb.fxgl.app.services.IOTaskExecutorService, class com.almasb.fxgl.io.FileSystemService, class com.almasb.fxgl.localization.LocalizationService, class com.almasb.fxgl.app.services.SystemBundleService, class com.almasb.fxgl.profile.SaveLoadService, class com.almasb.fxgl.ui.FXGLUIFactoryServiceProvider, class com.almasb.fxgl.ui.FXGLDialogFactoryServiceProvider, class com.almasb.fxgl.audio.AudioPlayer, class com.almasb.fxgl.notification.impl.NotificationServiceProvider, class com.almasb.fxgl.achievement.AchievementService, class com.almasb.fxgl.cutscene.CutsceneService, class com.almasb.fxgl.minigames.MiniGameService, class com.almasb.fxgl.net.NetService, class com.almasb.fxgl.app.services.UpdaterService, class com.almasb.fxgl.dev.DevService, class com.almasb.fxgl.multiplayer.MultiplayerService]
03:26:49.869 [FXGL Background Thread 3 ] DEBUG Engine               - fontGame: Abel-Regular.ttf
03:26:49.869 [FXGL Background Thread 3 ] DEBUG Engine               - fontMono: lucida_console.ttf
03:26:49.869 [FXGL Background Thread 3 ] DEBUG Engine               - fontText: Courier-Prime.ttf
03:26:49.869 [FXGL Background Thread 3 ] DEBUG Engine               - fontUI: VarelaRound-Regular.ttf
03:26:49.869 [FXGL Background Thread 3 ] DEBUG Engine               - fullScreen: BooleanProperty [value: false]
03:26:49.869 [FXGL Background Thread 3 ] DEBUG Engine               - gameDifficulty: MEDIUM
03:26:49.869 [FXGL Background Thread 3 ] DEBUG Engine               - gameDifficultyProperty: ObjectProperty [value: MEDIUM]
03:26:49.869 [FXGL Background Thread 3 ] DEBUG Engine               - globalMusicVolume: 0.5
03:26:49.869 [FXGL Background Thread 3 ] DEBUG Engine               - globalMusicVolumeProperty: DoubleProperty [value: 0.5]
03:26:49.869 [FXGL Background Thread 3 ] DEBUG Engine               - globalSoundVolume: 0.5
03:26:49.869 [FXGL Background Thread 3 ] DEBUG Engine               - globalSoundVolumeProperty: DoubleProperty [value: 0.5]
03:26:49.869 [FXGL Background Thread 3 ] DEBUG Engine               - height: 600
03:26:49.869 [FXGL Background Thread 3 ] DEBUG Engine               - is3D: false
03:26:49.869 [FXGL Background Thread 3 ] DEBUG Engine               - isAndroid: false
03:26:49.869 [FXGL Background Thread 3 ] DEBUG Engine               - isBrowser: false
03:26:49.869 [FXGL Background Thread 3 ] DEBUG Engine               - isClickFeedbackEnabled: false
03:26:49.869 [FXGL Background Thread 3 ] DEBUG Engine               - isCloseConfirmation: false
03:26:49.869 [FXGL Background Thread 3 ] DEBUG Engine               - isDesktop: true
03:26:49.870 [FXGL Background Thread 3 ] DEBUG Engine               - isDeveloperMenuEnabled: true
03:26:49.870 [FXGL Background Thread 3 ] DEBUG Engine               - isEmbedded: false
03:26:49.870 [FXGL Background Thread 3 ] DEBUG Engine               - isEntityPreloadEnabled: true
03:26:49.870 [FXGL Background Thread 3 ] DEBUG Engine               - isExperimentalTiledLargeMap: false
03:26:49.870 [FXGL Background Thread 3 ] DEBUG Engine               - isFileSystemWriteAllowed: true
03:26:49.870 [FXGL Background Thread 3 ] DEBUG Engine               - isFullScreenAllowed: false
03:26:49.870 [FXGL Background Thread 3 ] DEBUG Engine               - isFullScreenFromStart: false
03:26:49.870 [FXGL Background Thread 3 ] DEBUG Engine               - isGameMenuEnabled: true
03:26:49.870 [FXGL Background Thread 3 ] DEBUG Engine               - isIOS: false
03:26:49.870 [FXGL Background Thread 3 ] DEBUG Engine               - isIntroEnabled: false
03:26:49.870 [FXGL Background Thread 3 ] DEBUG Engine               - isLinux: false
03:26:49.870 [FXGL Background Thread 3 ] DEBUG Engine               - isMac: false
03:26:49.870 [FXGL Background Thread 3 ] DEBUG Engine               - isMainMenuEnabled: true
03:26:49.870 [FXGL Background Thread 3 ] DEBUG Engine               - isManualResizeEnabled: false
03:26:49.870 [FXGL Background Thread 3 ] DEBUG Engine               - isMobile: false
03:26:49.870 [FXGL Background Thread 3 ] DEBUG Engine               - isNative: false
03:26:49.870 [FXGL Background Thread 3 ] DEBUG Engine               - isPauseMusicWhenMinimized: true
03:26:49.870 [FXGL Background Thread 3 ] DEBUG Engine               - isPreserveResizeRatio: false
03:26:49.870 [FXGL Background Thread 3 ] DEBUG Engine               - isProfilingEnabled: false
03:26:49.870 [FXGL Background Thread 3 ] DEBUG Engine               - isScaleAffectedOnResize: true
03:26:49.870 [FXGL Background Thread 3 ] DEBUG Engine               - isSingleStep: false
03:26:49.870 [FXGL Background Thread 3 ] DEBUG Engine               - isUserProfileEnabled: false
03:26:49.870 [FXGL Background Thread 3 ] DEBUG Engine               - isWindows: true
03:26:49.870 [FXGL Background Thread 3 ] DEBUG Engine               - language: ObjectProperty [value: ENGLISH]
03:26:49.870 [FXGL Background Thread 3 ] DEBUG Engine               - menuKey: ESCAPE
03:26:49.870 [FXGL Background Thread 3 ] DEBUG Engine               - mouseSensitivity: 0.2
03:26:49.870 [FXGL Background Thread 3 ] DEBUG Engine               - notificationViewClass: class com.almasb.fxgl.notification.view.XboxNotificationView
03:26:49.870 [FXGL Background Thread 3 ] DEBUG Engine               - pixelsPerMeter: 50.0
03:26:49.870 [FXGL Background Thread 3 ] DEBUG Engine               - platform: WINDOWS
03:26:49.870 [FXGL Background Thread 3 ] DEBUG Engine               - prefHeightProperty: ReadOnlyDoubleProperty [value: 600.0]
03:26:49.870 [FXGL Background Thread 3 ] DEBUG Engine               - prefWidthProperty: ReadOnlyDoubleProperty [value: 800.0]
03:26:49.870 [FXGL Background Thread 3 ] DEBUG Engine               - profileDir: profiles/
03:26:49.870 [FXGL Background Thread 3 ] DEBUG Engine               - profileName: StringProperty [value: DEFAULT]
03:26:49.870 [FXGL Background Thread 3 ] DEBUG Engine               - randomSeed: -1
03:26:49.870 [FXGL Background Thread 3 ] DEBUG Engine               - runtimeInfo: RuntimeInfo(platform=WINDOWS, version=dev-SNAPSHOT, build=28.07.2021 16.39)
03:26:49.870 [FXGL Background Thread 3 ] DEBUG Engine               - saveFileExt: sav
03:26:49.871 [FXGL Background Thread 3 ] DEBUG Engine               - scaledHeightProp$fxgl: DoubleProperty [bound, value: 600.0]
03:26:49.871 [FXGL Background Thread 3 ] DEBUG Engine               - scaledWidthProp$fxgl: DoubleProperty [bound, value: 800.0]
03:26:49.871 [FXGL Background Thread 3 ] DEBUG Engine               - sceneFactory: com.groupfour.mygame.App$1@4d9ba305
03:26:49.871 [FXGL Background Thread 3 ] DEBUG Engine               - secondsIn24h: 60
03:26:49.871 [FXGL Background Thread 3 ] DEBUG Engine               - soundMenuBack: menu/back.wav
03:26:49.871 [FXGL Background Thread 3 ] DEBUG Engine               - soundMenuPress: titleSelect.mp3
03:26:49.871 [FXGL Background Thread 3 ] DEBUG Engine               - soundMenuSelect: menu/select.wav
03:26:49.871 [FXGL Background Thread 3 ] DEBUG Engine               - soundNotification: core/notification.wav
03:26:49.871 [FXGL Background Thread 3 ] DEBUG Engine               - stageStyle: DECORATED
03:26:49.871 [FXGL Background Thread 3 ] DEBUG Engine               - supportedLanguages: [ENGLISH, FRENCH, GERMAN, HUNGARIAN, RUSSIAN]
03:26:49.871 [FXGL Background Thread 3 ] DEBUG Engine               - ticksPerSecond: -1
03:26:49.871 [FXGL Background Thread 3 ] DEBUG Engine               - title: Flatline: Oregon
03:26:49.871 [FXGL Background Thread 3 ] DEBUG Engine               - urlGithub: https://github.com/AlmasB/FXGL
03:26:49.871 [FXGL Background Thread 3 ] DEBUG Engine               - urlLeaderboard: http://fxgl-top.herokuapp.com/
03:26:49.871 [FXGL Background Thread 3 ] DEBUG Engine               - urlPOM: https://raw.githubusercontent.com/AlmasB/FXGL/release/README.md
03:26:49.871 [FXGL Background Thread 3 ] DEBUG Engine               - userAppClass: class com.groupfour.mygame.App
03:26:49.871 [FXGL Background Thread 3 ] DEBUG Engine               - version: Beta ?
03:26:49.871 [FXGL Background Thread 3 ] DEBUG Engine               - versionCheckDays: 7
03:26:49.871 [FXGL Background Thread 3 ] DEBUG Engine               - width: 800
03:26:49.871 [FXGL Background Thread 3 ] DEBUG Engine               - Logging services
03:26:49.872 [FXGL Background Thread 3 ] DEBUG Engine               - class com.almasb.fxgl.app.services.FXGLAssetLoaderService
03:26:49.872 [FXGL Background Thread 3 ] DEBUG Engine               - class com.almasb.fxgl.app.FXGLApplication$GameApplicationService
03:26:49.872 [FXGL Background Thread 3 ] DEBUG Engine               - class com.almasb.fxgl.app.services.FXGLDialogService
03:26:49.872 [FXGL Background Thread 3 ] DEBUG Engine               - class com.almasb.fxgl.app.services.IOTaskExecutorService
03:26:49.872 [FXGL Background Thread 3 ] DEBUG Engine               - class com.almasb.fxgl.io.FileSystemService
03:26:49.872 [FXGL Background Thread 3 ] DEBUG Engine               - class com.almasb.fxgl.localization.LocalizationService
03:26:49.873 [FXGL Background Thread 3 ] DEBUG Engine               - class com.almasb.fxgl.app.services.SystemBundleService
03:26:49.873 [FXGL Background Thread 3 ] DEBUG Engine               - class com.almasb.fxgl.profile.SaveLoadService
03:26:49.873 [FXGL Background Thread 3 ] DEBUG Engine               - class com.almasb.fxgl.ui.FXGLUIFactoryServiceProvider
03:26:49.873 [FXGL Background Thread 3 ] DEBUG Engine               - class com.almasb.fxgl.ui.FXGLDialogFactoryServiceProvider
03:26:49.873 [FXGL Background Thread 3 ] DEBUG Engine               - class com.almasb.fxgl.audio.AudioPlayer
03:26:49.873 [FXGL Background Thread 3 ] DEBUG Engine               - class com.almasb.fxgl.notification.impl.NotificationServiceProvider
03:26:49.873 [FXGL Background Thread 3 ] DEBUG Engine               - class com.almasb.fxgl.achievement.AchievementService
03:26:49.873 [FXGL Background Thread 3 ] DEBUG Engine               - class com.almasb.fxgl.cutscene.CutsceneService
03:26:49.873 [FXGL Background Thread 3 ] DEBUG Engine               - class com.almasb.fxgl.minigames.MiniGameService
03:26:49.873 [FXGL Background Thread 3 ] DEBUG Engine               - class com.almasb.fxgl.net.NetService
03:26:49.873 [FXGL Background Thread 3 ] DEBUG Engine               - class com.almasb.fxgl.app.services.UpdaterService
03:26:49.873 [FXGL Background Thread 3 ] DEBUG Engine               - class com.almasb.fxgl.dev.DevService
03:26:49.873 [FXGL Background Thread 3 ] DEBUG Engine               - class com.almasb.fxgl.multiplayer.MultiplayerService
03:26:50.512 [JavaFX Application Thread] DEBUG PrimaryStageWindow   - Push state: DialogSubScene
03:26:50.512 [JavaFX Application Thread] DEBUG Input                - Clearing active input actions
03:26:50.513 [JavaFX Application Thread] DEBUG GameApplicationServi - Removing overlay from PlayerCountMenu and adding to DialogSubScene
03:26:50.513 [JavaFX Application Thread] DEBUG PrimaryStageWindow   - PlayerCountMenu -> DialogSubScene
03:26:50.899 [JavaFX Application Thread] DEBUG PrimaryStageWindow   - Pop state: DialogSubScene
03:26:50.899 [JavaFX Application Thread] DEBUG Input                - Clearing active input actions
03:26:50.899 [JavaFX Application Thread] DEBUG GameApplicationServi - Removing overlay from DialogSubScene and adding to PlayerCountMenu
03:26:50.900 [JavaFX Application Thread] DEBUG PrimaryStageWindow   - PlayerCountMenu <- DialogSubScene
03:26:50.907 [ServerAsyncConnThread    ] DEBUG TCPServer            - Starting to listen at: 55555 type: class com.almasb.fxgl.core.serialization.Bundle
03:26:51.783 [ServerAsyncConnThread    ] DEBUG Endpoint             - TCPServer opening new connection (1) from /127.0.0.1:54679 type: class com.almasb.fxgl.core.serialization.Bundle
03:26:51.786 [ServerAsyncConnThread    ] DEBUG Endpoint             - TCPServer successfully opened connection (1)
03:26:51.787 [JavaFX Application Thread] DEBUG PrimaryStageWindow   - Pop state: PlayerCountMenu
03:26:51.787 [JavaFX Application Thread] DEBUG Input                - Clearing active input actions
03:26:51.788 [JavaFX Application Thread] DEBUG GameApplicationServi - Removing overlay from PlayerCountMenu and adding to PCM_BG
03:26:51.789 [JavaFX Application Thread] DEBUG PrimaryStageWindow   - PCM_BG <- PlayerCountMenu
03:26:51.789 [JavaFX Application Thread] DEBUG PrimaryStageWindow   - Pop state: PCM_BG
03:26:51.789 [JavaFX Application Thread] DEBUG Input                - Clearing active input actions
03:26:51.791 [JavaFX Application Thread] DEBUG GameApplicationServi - Removing overlay from PCM_BG and adding to GameScene
03:26:51.791 [JavaFX Application Thread] DEBUG PrimaryStageWindow   - GameScene <- PCM_BG
03:26:51.792 [TCPServer_SendThread-1   ] DEBUG Writers              - Getting TCPMessageWriter for class com.almasb.fxgl.core.serialization.Bundle
03:26:51.793 [TCPServer_RecvThread-1   ] DEBUG Readers              - Getting TCPMessageReader for class com.almasb.fxgl.core.serialization.Bundle
03:26:51.794 [TCPServer_SendThread-1   ] DEBUG Writers              - Constructed TCPMessageWriter for class com.almasb.fxgl.core.serialization.Bundle: BundleTCPMessageWriter
03:26:51.797 [TCPServer_RecvThread-1   ] DEBUG Readers              - Constructed MessageReader for class com.almasb.fxgl.core.serialization.Bundle: BundleTCPMessageReader
03:26:51.801 [JavaFX Application Thread] DEBUG FXGLAssetLoaderServi - Loading from file system: file:/C:/Users/acer/OneDrive/Desktop/git%20pull/CSS124L-FINAL-PROJECT/fp/target/classes/assets/sounds/Reload.mp3
03:26:51.808 [JavaFX Application Thread] DEBUG FXGLAssetLoaderServi - Loading from file system: file:/C:/Users/acer/OneDrive/Desktop/git%20pull/CSS124L-FINAL-PROJECT/fp/target/classes/assets/sounds/BerettaM9_Shoot.mp3
03:26:51.813 [JavaFX Application Thread] DEBUG FXGLAssetLoaderServi - Loading from file system: file:/C:/Users/acer/OneDrive/Desktop/git%20pull/CSS124L-FINAL-PROJECT/fp/target/classes/assets/textures/Weapons/Idle/BerettaM9_Idle.png
03:26:51.813 [JavaFX Application Thread] DEBUG FXGLAssetLoaderServi - Loading from file system: file:/C:/Users/acer/OneDrive/Desktop/git%20pull/CSS124L-FINAL-PROJECT/fp/target/classes/assets/textures/Weapons/Shooting/BerettaM9_Shooting.png
03:26:51.816 [JavaFX Application Thread] DEBUG FXGLAssetLoaderServi - Loading from file system: file:/C:/Users/acer/OneDrive/Desktop/git%20pull/CSS124L-FINAL-PROJECT/fp/target/classes/assets/textures/Players/1P_Shoot.png
03:26:51.819 [JavaFX Application Thread] DEBUG FXGLAssetLoaderServi - Loading from file system: file:/C:/Users/acer/OneDrive/Desktop/git%20pull/CSS124L-FINAL-PROJECT/fp/target/classes/assets/textures/Interactables/vending_machine.png
03:26:51.826 [JavaFX Application Thread] DEBUG Input                - Registered new binding: Move Upwards - W
03:26:51.827 [JavaFX Application Thread] DEBUG Input                - Registered new binding: Move Down - S
03:26:51.827 [JavaFX Application Thread] DEBUG Input                - Registered new binding: Move Left - A
03:26:51.827 [JavaFX Application Thread] DEBUG Input                - Registered new binding: Move Right - D
03:26:51.827 [JavaFX Application Thread] DEBUG Input                - Registered new binding: Reload - R
03:26:51.827 [JavaFX Application Thread] DEBUG Input                - Registered new binding: Shoot - LMB
03:26:51.827 [JavaFX Application Thread] DEBUG Input                - Registered new binding: Switch Weapons - Q
03:26:52.169 [JavaFX Application Thread] DEBUG Input                - Mocking key press: D
03:26:52.257 [JavaFX Application Thread] DEBUG Input                - Mocking key press: W
03:26:52.323 [JavaFX Application Thread] DEBUG Input                - Mocking key press: A
03:26:52.393 [JavaFX Application Thread] DEBUG Input                - Mocking key release: D
03:26:52.714 [JavaFX Application Thread] DEBUG Input                - Mocking key release: A
03:26:52.797 [JavaFX Application Thread] DEBUG Input                - Mocking key release: W
03:26:52.935 [JavaFX Application Thread] DEBUG Input                - Mocking key press: D
03:26:53.062 [JavaFX Application Thread] DEBUG Input                - Mocking key release: D
03:26:53.174 [JavaFX Application Thread] DEBUG Input                - Mocking key press: S
03:26:53.606 [JavaFX Application Thread] DEBUG Input                - Mocking key press: D
03:26:53.973 [JavaFX Application Thread] DEBUG Input                - Mocking key release: D
03:26:54.105 [JavaFX Application Thread] DEBUG Input                - Mocking key release: S
03:26:54.243 [JavaFX Application Thread] DEBUG Input                - Mocking button press: LMB at 0.0, 0.0
03:26:54.245 [JavaFX Application Thread] DEBUG Input                - Mocking button press: LMB at 0.0, 0.0
03:26:54.322 [JavaFX Application Thread] DEBUG Input                - Mocking button release: LMB at 0.0, 0.0
03:26:54.323 [JavaFX Application Thread] DEBUG Input                - Mocking button release: LMB at 0.0, 0.0
03:26:54.349 [JavaFX Application Thread] DEBUG Input                - Mocking key press: A
03:26:54.350 [JavaFX Application Thread] DEBUG Input                - Mocking key press: A
03:26:54.474 [JavaFX Application Thread] DEBUG Input                - Mocking key press: W
03:26:54.475 [JavaFX Application Thread] DEBUG Input                - Mocking key press: W
03:26:54.772 [JavaFX Application Thread] DEBUG Input                - Mocking key release: W
03:26:54.773 [JavaFX Application Thread] DEBUG Input                - Mocking key release: W
03:26:54.998 [JavaFX Application Thread] DEBUG Input                - Mocking key press: S
03:26:54.998 [JavaFX Application Thread] DEBUG Input                - Mocking key press: S
03:26:55.034 [JavaFX Application Thread] DEBUG Input                - Mocking key release: A
03:26:55.034 [JavaFX Application Thread] DEBUG Input                - Mocking key release: A
03:26:55.327 [JavaFX Application Thread] DEBUG Input                - Mocking key press: D
03:26:55.331 [JavaFX Application Thread] DEBUG Input                - Mocking key press: D
03:26:55.687 [JavaFX Application Thread] DEBUG Input                - Mocking key release: S
03:26:55.688 [JavaFX Application Thread] DEBUG Input                - Mocking key release: S
03:26:55.759 [JavaFX Application Thread] DEBUG Input                - Mocking key release: D
03:26:55.764 [JavaFX Application Thread] DEBUG Input                - Mocking key release: D
03:26:56.471 [JavaFX Application Thread] DEBUG Input                - Mocking key press: W
03:26:56.472 [JavaFX Application Thread] DEBUG Input                - Mocking key press: W
03:26:57.561 [JavaFX Application Thread] DEBUG Input                - Mocking key press: D
03:26:57.561 [JavaFX Application Thread] DEBUG Input                - Mocking key press: D
03:26:57.589 [JavaFX Application Thread] DEBUG Input                - Mocking key release: W
03:26:57.589 [JavaFX Application Thread] DEBUG Input                - Mocking key release: W
03:26:58.214 [JavaFX Application Thread] DEBUG Input                - Mocking key press: S
03:26:58.216 [JavaFX Application Thread] DEBUG Input                - Mocking key press: S
03:26:58.290 [JavaFX Application Thread] DEBUG Input                - Mocking key release: D
03:26:58.291 [JavaFX Application Thread] DEBUG Input                - Mocking key release: D
03:26:59.323 [JavaFX Application Thread] DEBUG Input                - Mocking key press: A
03:26:59.324 [JavaFX Application Thread] DEBUG Input                - Mocking key press: A
03:26:59.349 [JavaFX Application Thread] DEBUG Input                - Mocking key release: S
03:26:59.349 [JavaFX Application Thread] DEBUG Input                - Mocking key release: S
03:27:00.371 [JavaFX Application Thread] DEBUG Input                - Mocking key press: W
03:27:00.371 [JavaFX Application Thread] DEBUG Input                - Mocking key press: W
03:27:00.374 [JavaFX Application Thread] DEBUG Input                - Mocking key release: A
03:27:00.375 [JavaFX Application Thread] DEBUG Input                - Mocking key release: A
03:27:00.738 [JavaFX Application Thread] DEBUG Input                - Mocking key press: D
03:27:00.739 [JavaFX Application Thread] DEBUG Input                - Mocking key press: D
03:27:01.532 [JavaFX Application Thread] DEBUG Input                - Mocking key release: W
03:27:01.532 [JavaFX Application Thread] DEBUG Input                - Mocking key release: W
03:27:02.308 [JavaFX Application Thread] DEBUG Input                - Mocking key press: S
03:27:02.309 [JavaFX Application Thread] DEBUG Input                - Mocking key press: S
03:27:02.608 [JavaFX Application Thread] DEBUG Input                - Mocking key release: D
03:27:02.608 [JavaFX Application Thread] DEBUG Input                - Mocking key release: D
03:27:02.677 [JavaFX Application Thread] DEBUG Input                - Mocking key press: A
03:27:02.677 [JavaFX Application Thread] DEBUG Input                - Mocking key press: A
03:27:03.027 [JavaFX Application Thread] DEBUG Input                - Mocking key release: S
03:27:03.027 [JavaFX Application Thread] DEBUG Input                - Mocking key release: S
03:27:03.061 [JavaFX Application Thread] DEBUG Input                - Mocking key release: A
03:27:03.062 [JavaFX Application Thread] DEBUG Input                - Mocking key release: A
03:27:03.691 [JavaFX Application Thread] DEBUG FXGLApplication      - Exiting FXGL
03:27:03.691 [JavaFX Application Thread] DEBUG LoopRunner           - Stopping loop
03:27:03.691 [JavaFX Application Thread] DEBUG SystemBundleService  - Saving FXGL system data
03:27:03.692 [JavaFX Application Thread] DEBUG FileSystemAccess     - Writing to: C:\Users\acer\OneDrive\Desktop\git pull\CSS124L-FINAL-PROJECT\system\fxgl.bundle
03:27:03.693 [JavaFX Application Thread] DEBUG Async                - Shutting down background threads
03:27:03.693 [JavaFX Application Thread] DEBUG PrimaryStageWindow   - Closing main window
03:27:03.703 [JavaFX Application Thread] DEBUG Logger               - Closing Logger
