14:21:53.946 [main                     ] DEBUG Logger               - Configured Logger
14:21:53.954 [main                     ] DEBUG GameApplication      - Logging settings
Title: Flatline: Oregon
Version: Alpha 0.3
Width: 800
Height: 600
Fullscreen: false
Intro: false
Profiling: false
Single step:false
App Mode: DEVELOPER
Menu Key: ESCAPE
Stage Style: DECORATED
Scene Factory: class com.groupfour.mygame.App$1

14:21:54.609 [JavaFX Application Thread] DEBUG FXGLApplication      - Initializing FXGL
14:21:54.612 [JavaFX Application Thread] INFO  Engine               - FXGL-dev-SNAPSHOT (28.07.2021 16.39) on WINDOWS (J:21.0.4 FX:16)
14:21:54.613 [JavaFX Application Thread] DEBUG Engine               - JRE Vendor Name: Eclipse Adoptium
14:21:54.614 [JavaFX Application Thread] DEBUG Engine               - Running on OS: Windows 11 version 10.0
14:21:54.614 [JavaFX Application Thread] DEBUG Engine               - Architecture: amd64
14:21:54.614 [JavaFX Application Thread] INFO  Engine               - Source code and latest versions at: https://github.com/AlmasB/FXGL
14:21:54.615 [JavaFX Application Thread] INFO  Engine               -              Join the FXGL chat at: https://gitter.im/AlmasB/FXGL
14:21:54.760 [JavaFX Application Thread] DEBUG PrimaryStageWindow   - Creating a JavaFX scene
14:21:54.830 [JavaFX Application Thread] DEBUG PrimaryStageWindow   - Target settings size: 800.0 x 600.0
14:21:54.831 [JavaFX Application Thread] DEBUG PrimaryStageWindow   - Scaled scene size:    800.0 x 600.0
14:21:54.831 [JavaFX Application Thread] DEBUG PrimaryStageWindow   - Scaled ratio: (1.0, 1.0)
14:21:54.832 [JavaFX Application Thread] DEBUG PrimaryStageWindow   - Set initial scene to FXGLStartupScene
14:21:54.844 [JavaFX Application Thread] DEBUG PrimaryStageWindow   - Opening main window
14:21:54.989 [JavaFX Application Thread] DEBUG PrimaryStageWindow   - Window border size: (14.4000244140625, 37.5999755859375)
14:21:54.989 [JavaFX Application Thread] DEBUG PrimaryStageWindow   - Scaled size: 800.0 x 600.0
14:21:54.991 [JavaFX Application Thread] DEBUG PrimaryStageWindow   - Scaled ratio: (1.0, 1.0)
14:21:54.991 [JavaFX Application Thread] DEBUG PrimaryStageWindow   - Scene size: 800.0 x 600.0
14:21:54.991 [JavaFX Application Thread] DEBUG PrimaryStageWindow   - Stage size: 814.4000244140625 x 637.5999755859375
14:21:55.006 [FXGL Background Thread 1 ] DEBUG Engine               - Initializing environment variables
14:21:55.123 [FXGL Background Thread 1 ] DEBUG FXGLAssetLoaderServi - User app class for loading assets: class com.groupfour.mygame.App
14:21:55.123 [FXGL Background Thread 1 ] DEBUG GameApplicationServi - Applying CSS: fxgl_dark.css
14:21:55.125 [FXGL Background Thread 1 ] DEBUG FXGLAssetLoaderServi - Loading from file system: jar:file:///C:/Users/Cent/.m2/repository/com/github/almasb/fxgl/dev-SNAPSHOT/fxgl-dev-SNAPSHOT.jar!/fxglassets/ui/css/fxgl_dark.css
14:21:55.216 [FXGL Background Thread 1 ] DEBUG GameApplicationServi - Initializing application scenes
14:21:55.304 [FXGL Background Thread 1 ] DEBUG GameWorld            - Game world initialized
14:21:55.434 [FXGL Background Thread 1 ] DEBUG PhysicsWorld         - Physics world initialized: appHeight=600, physics.ppm=50.0
14:21:55.434 [FXGL Background Thread 1 ] DEBUG PhysicsWorld         - Using strategy: BRUTE_FORCE
14:21:55.438 [FXGL Background Thread 1 ] DEBUG GameScene            - Game scene initialized: 800x600
14:21:55.458 [FXGL Background Thread 1 ] DEBUG FXGL.DefaultMenu     - createMenuBodyMainMenu()
14:21:55.482 [FXGL Background Thread 1 ] DEBUG FXGL.DefaultMenu     - createOptionsMenu()
14:21:55.500 [FXGL Background Thread 1 ] DEBUG FXGLAssetLoaderServi - Loading from file system: jar:file:///C:/Users/Cent/.m2/repository/com/github/almasb/fxgl/dev-SNAPSHOT/fxgl-dev-SNAPSHOT.jar!/fxglassets/textures/particles/smoke.png
14:21:55.698 [FXGL Background Thread 1 ] DEBUG FXGLAssetLoaderServi - Loading from file system: jar:file:///C:/Users/Cent/.m2/repository/com/github/almasb/fxgl/dev-SNAPSHOT/fxgl-dev-SNAPSHOT.jar!/fxglassets/textures/particles/trace_horizontal.png
14:21:55.778 [FXGL Background Thread 1 ] DEBUG GameApplicationServi - Application scenes initialized
14:21:55.796 [FXGL Background Thread 1 ] DEBUG SystemBundleService  - Loading FXGL system data
14:21:55.802 [FXGL Background Thread 1 ] DEBUG FileSystemAccess     - Reading from: c:\Users\Cent\Desktop\CSS124L-LE\CSS124L-FinalExam\CSS124L-FINAL-PROJECT\system\fxgl.bundle
14:21:55.818 [FXGL Background Thread 1 ] DEBUG SystemBundleService  - Bundle FXGL: {}
14:21:55.818 [FXGL Background Thread 1 ] DEBUG UpdaterService       - Checking for updates
14:21:55.864 [FXGL Background Thread 4 ] DEBUG FXGLApplication      - Loading fonts
14:21:55.865 [FXGL Background Thread 4 ] DEBUG FXGLAssetLoaderServi - Loading from file system: jar:file:///C:/Users/Cent/.m2/repository/com/github/almasb/fxgl/dev-SNAPSHOT/fxgl-dev-SNAPSHOT.jar!/fxglassets/ui/fonts/VarelaRound-Regular.ttf
14:21:55.866 [FXGL Background Thread 1 ] DEBUG FXGLApplication      - Loading default localization
14:21:55.867 [FXGL Background Thread 1 ] DEBUG FXGLAssetLoaderServi - Loading from file system: jar:file:///C:/Users/Cent/.m2/repository/com/github/almasb/fxgl/dev-SNAPSHOT/fxgl-dev-SNAPSHOT.jar!/fxglassets/languages/english.lang
14:21:55.914 [FXGL Background Thread 1 ] INFO  FXGLApplication      - FXGL initialization took: 0.908 sec
14:21:55.942 [JavaFX Application Thread] DEBUG Input                - Registered new binding: Move Upwards - W
14:21:55.942 [JavaFX Application Thread] DEBUG Input                - Registered new binding: Move Down - S
14:21:55.943 [JavaFX Application Thread] DEBUG Input                - Registered new binding: Move Left - A
14:21:55.943 [JavaFX Application Thread] DEBUG Input                - Registered new binding: Move Right - D
14:21:55.943 [JavaFX Application Thread] DEBUG Input                - Registered new binding: Reload - R
14:21:55.947 [JavaFX Application Thread] DEBUG Input                - Registered new binding: Shoot - LMB
14:21:55.948 [JavaFX Application Thread] DEBUG Input                - Registered new binding: Switch Weapons - Q
14:21:55.948 [JavaFX Application Thread] DEBUG Input                - Registered new binding: Interact - F
14:21:55.949 [JavaFX Application Thread] DEBUG FXGLAssetLoaderServi - Loading from file system: jar:file:///C:/Users/Cent/.m2/repository/com/github/almasb/fxgl/dev-SNAPSHOT/fxgl-dev-SNAPSHOT.jar!/fxglassets/textures/fxgl_icon.png
14:21:55.950 [FXGL Background Thread 4 ] DEBUG FXGLAssetLoaderServi - Loading from file system: jar:file:///C:/Users/Cent/.m2/repository/com/github/almasb/fxgl/dev-SNAPSHOT/fxgl-dev-SNAPSHOT.jar!/fxglassets/ui/fonts/Abel-Regular.ttf
14:21:55.957 [FXGL Background Thread 4 ] DEBUG FXGLAssetLoaderServi - Loading from file system: jar:file:///C:/Users/Cent/.m2/repository/com/github/almasb/fxgl/dev-SNAPSHOT/fxgl-dev-SNAPSHOT.jar!/fxglassets/ui/fonts/lucida_console.ttf
14:21:55.967 [FXGL Background Thread 4 ] DEBUG FXGLAssetLoaderServi - Loading from file system: jar:file:///C:/Users/Cent/.m2/repository/com/github/almasb/fxgl/dev-SNAPSHOT/fxgl-dev-SNAPSHOT.jar!/fxglassets/ui/fonts/Courier-Prime.ttf
14:21:56.012 [JavaFX Application Thread] DEBUG FXGLAssetLoaderServi - Loading from file system: jar:file:///C:/Users/Cent/.m2/repository/com/github/almasb/fxgl/dev-SNAPSHOT/fxgl-dev-SNAPSHOT.jar!/fxglassets/textures/fxgl_default_cursor.png
14:21:56.016 [JavaFX Application Thread] DEBUG Input                - Registered new binding: Screenshot - CTRL+8
14:21:56.016 [JavaFX Application Thread] DEBUG Input                - Registered new binding: Dev Options - 1
14:21:56.017 [JavaFX Application Thread] DEBUG Input                - Registered new binding: Dev Console - 2
14:21:56.017 [JavaFX Application Thread] DEBUG Input                - Registered new binding: System info dump - CTRL+9
14:21:56.018 [JavaFX Application Thread] DEBUG Input                - Registered new binding: Restart - CTRL+R
14:21:56.020 [JavaFX Application Thread] DEBUG Input                - Registered new binding: Toggle Debug Camera - CTRL+C
14:21:56.029 [JavaFX Application Thread] DEBUG LoopRunner           - Starting loop
14:21:56.061 [JavaFX Application Thread] DEBUG LoopRunner           - Initializing JavaFX AnimationTimerLoop
14:21:56.069 [JavaFX Application Thread] DEBUG Input                - Clearing active input actions
14:21:56.080 [JavaFX Application Thread] DEBUG GameApplicationServi - Removing overlay from FXGLStartupScene and adding to FXGLMainMenuDummyScene
14:21:56.096 [JavaFX Application Thread] DEBUG PrimaryStageWindow   - FXGLStartupScene -> FXGLMainMenuDummyScene
14:21:56.097 [JavaFX Application Thread] DEBUG PrimaryStageWindow   - Push state: FXGLDefaultMenu
14:21:56.138 [JavaFX Application Thread] DEBUG Input                - Clearing active input actions
14:21:56.150 [JavaFX Application Thread] DEBUG GameApplicationServi - Removing overlay from FXGLMainMenuDummyScene and adding to FXGLDefaultMenu
14:21:56.151 [JavaFX Application Thread] DEBUG PrimaryStageWindow   - FXGLMainMenuDummyScene -> FXGLDefaultMenu
14:21:56.163 [JavaFX Application Thread] DEBUG FXGLApplication      - Registering font factories with UI factory
14:21:57.113 [FXGL Background Thread 2 ] INFO  UpdaterService       - Your current version:  dev-SNAPSHOT
14:21:57.114 [FXGL Background Thread 2 ] INFO  UpdaterService       - Latest stable version: 21.1
14:21:57.444 [JavaFX Application Thread] DEBUG Menu                 - fireNewGame()
14:21:57.445 [JavaFX Application Thread] DEBUG GameApplicationServi - Starting new game
14:21:57.452 [JavaFX Application Thread] DEBUG PrimaryStageWindow   - Pop state: FXGLDefaultMenu
14:21:57.452 [JavaFX Application Thread] DEBUG Input                - Clearing active input actions
14:21:57.456 [JavaFX Application Thread] DEBUG GameApplicationServi - Removing overlay from FXGLDefaultMenu and adding to FXGLMainMenuDummyScene
14:21:57.461 [JavaFX Application Thread] DEBUG PrimaryStageWindow   - FXGLMainMenuDummyScene <- FXGLDefaultMenu
14:21:57.461 [JavaFX Application Thread] DEBUG Input                - Clearing active input actions
14:21:57.478 [JavaFX Application Thread] DEBUG GameApplicationServi - Removing overlay from FXGLMainMenuDummyScene and adding to FXGLLoadingScene
14:21:57.479 [JavaFX Application Thread] DEBUG PrimaryStageWindow   - FXGLMainMenuDummyScene -> FXGLLoadingScene
14:21:57.479 [JavaFX Application Thread] DEBUG GameApplicationServi - Clearing previous game
14:21:57.480 [JavaFX Application Thread] DEBUG GameScene            - Clearing game scene
14:21:57.480 [JavaFX Application Thread] DEBUG GameWorld            - Clearing game world
14:21:57.481 [JavaFX Application Thread] DEBUG PhysicsWorld         - Clearing physics world
14:21:57.487 [FXGL Background Thread 2 ] DEBUG FXGLApplication      - Initializing game
14:21:57.608 [FXGL Background Thread 2 ] DEBUG FXGLAssetLoaderServi - Loading from file system: file:/C:/Users/Cent/Desktop/CSS124L-LE/CSS124L-FinalExam/CSS124L-FINAL-PROJECT/fp/target/classes/assets/textures/Players/1P_Idle.png
14:21:57.611 [FXGL Background Thread 2 ] DEBUG FXGLAssetLoaderServi - Loading from file system: file:/C:/Users/Cent/Desktop/CSS124L-LE/CSS124L-FinalExam/CSS124L-FINAL-PROJECT/fp/target/classes/assets/textures/Players/1P_Walk.gif
14:21:57.623 [FXGL Background Thread 2 ] DEBUG FXGLAssetLoaderServi - Loading from file system: file:/C:/Users/Cent/Desktop/CSS124L-LE/CSS124L-FinalExam/CSS124L-FINAL-PROJECT/fp/target/classes/assets/textures/Players/1P_Shoot.gif
14:21:57.666 [FXGL Background Thread 2 ] INFO  FXGLApplication      - Game initialization took: 0.179 sec
14:21:57.669 [JavaFX Application Thread] DEBUG Input                - Clearing active input actions
14:21:57.681 [JavaFX Application Thread] DEBUG GameApplicationServi - Removing overlay from FXGLLoadingScene and adding to GameScene
14:21:57.684 [JavaFX Application Thread] DEBUG PrimaryStageWindow   - FXGLLoadingScene -> GameScene
14:21:57.690 [JavaFX Application Thread] DEBUG PrimaryStageWindow   - Push state: PlayerCountMenu
14:21:57.691 [JavaFX Application Thread] DEBUG Input                - Clearing active input actions
14:21:57.692 [JavaFX Application Thread] DEBUG GameApplicationServi - Removing overlay from GameScene and adding to PlayerCountMenu
14:21:57.693 [JavaFX Application Thread] DEBUG PrimaryStageWindow   - GameScene -> PlayerCountMenu
14:21:58.859 [FXGL Background Thread 3 ] DEBUG Engine               - Logging environment variables
14:21:58.860 [FXGL Background Thread 3 ] DEBUG Engine               - achievements: []
14:21:58.860 [FXGL Background Thread 3 ] DEBUG Engine               - actualHeight: 600.0
14:21:58.860 [FXGL Background Thread 3 ] DEBUG Engine               - actualHeightProperty: ReadOnlyDoubleProperty [value: 600.0]
14:21:58.860 [FXGL Background Thread 3 ] DEBUG Engine               - actualWidth: 800.0
14:21:58.860 [FXGL Background Thread 3 ] DEBUG Engine               - actualWidthProperty: ReadOnlyDoubleProperty [value: 800.0]
14:21:58.860 [FXGL Background Thread 3 ] DEBUG Engine               - appIcon: fxgl_icon.png
14:21:58.860 [FXGL Background Thread 3 ] DEBUG Engine               - applicationMode: DEVELOPER
14:21:58.860 [FXGL Background Thread 3 ] DEBUG Engine               - cSSList: [fxgl_dark.css]
14:21:58.862 [FXGL Background Thread 3 ] DEBUG Engine               - collisionDetectionStrategy: BRUTE_FORCE
14:21:58.862 [FXGL Background Thread 3 ] DEBUG Engine               - configClass: Optional.empty
14:21:58.862 [FXGL Background Thread 3 ] DEBUG Engine               - credits: []
14:21:58.862 [FXGL Background Thread 3 ] DEBUG Engine               - defaultCursor: CursorInfo(imageName=fxgl_default_cursor.png, hotspotX=7.0, hotspotY=6.0)
14:21:58.862 [FXGL Background Thread 3 ] DEBUG Engine               - devBBoxColorProperty: ObjectProperty [value: 0xff0000ff]
14:21:58.862 [FXGL Background Thread 3 ] DEBUG Engine               - devEnableDebugCameraProperty: BooleanProperty [value: false]
14:21:58.862 [FXGL Background Thread 3 ] DEBUG Engine               - devSensorColorProperty: ObjectProperty [value: 0xffff00ff]
14:21:58.862 [FXGL Background Thread 3 ] DEBUG Engine               - devShowBBoxProperty: BooleanProperty [value: false]
14:21:58.862 [FXGL Background Thread 3 ] DEBUG Engine               - devShowPositionProperty: BooleanProperty [value: false]
14:21:58.862 [FXGL Background Thread 3 ] DEBUG Engine               - enabledMenuItems: []
14:21:58.863 [FXGL Background Thread 3 ] DEBUG Engine               - engineServices: [class com.almasb.fxgl.app.services.FXGLAssetLoaderService, class com.almasb.fxgl.app.FXGLApplication$GameApplicationService, class com.almasb.fxgl.app.services.FXGLDialogService, class com.almasb.fxgl.app.services.IOTaskExecutorService, class com.almasb.fxgl.io.FileSystemService, class com.almasb.fxgl.localization.LocalizationService, class com.almasb.fxgl.app.services.SystemBundleService, class com.almasb.fxgl.profile.SaveLoadService, class com.almasb.fxgl.ui.FXGLUIFactoryServiceProvider, class com.almasb.fxgl.ui.FXGLDialogFactoryServiceProvider, class com.almasb.fxgl.audio.AudioPlayer, class com.almasb.fxgl.notification.impl.NotificationServiceProvider, class com.almasb.fxgl.achievement.AchievementService, class com.almasb.fxgl.cutscene.CutsceneService, class com.almasb.fxgl.minigames.MiniGameService, class com.almasb.fxgl.net.NetService, class com.almasb.fxgl.app.services.UpdaterService, class com.almasb.fxgl.dev.DevService, class com.almasb.fxgl.multiplayer.MultiplayerService]
14:21:58.863 [FXGL Background Thread 3 ] DEBUG Engine               - fontGame: Abel-Regular.ttf
14:21:58.863 [FXGL Background Thread 3 ] DEBUG Engine               - fontMono: lucida_console.ttf
14:21:58.863 [FXGL Background Thread 3 ] DEBUG Engine               - fontText: Courier-Prime.ttf
14:21:58.863 [FXGL Background Thread 3 ] DEBUG Engine               - fontUI: VarelaRound-Regular.ttf
14:21:58.863 [FXGL Background Thread 3 ] DEBUG Engine               - fullScreen: BooleanProperty [value: false]
14:21:58.863 [FXGL Background Thread 3 ] DEBUG Engine               - gameDifficulty: MEDIUM
14:21:58.865 [FXGL Background Thread 3 ] DEBUG Engine               - gameDifficultyProperty: ObjectProperty [value: MEDIUM]
14:21:58.865 [FXGL Background Thread 3 ] DEBUG Engine               - globalMusicVolume: 0.5
14:21:58.865 [FXGL Background Thread 3 ] DEBUG Engine               - globalMusicVolumeProperty: DoubleProperty [value: 0.5]
14:21:58.865 [FXGL Background Thread 3 ] DEBUG Engine               - globalSoundVolume: 0.5
14:21:58.865 [FXGL Background Thread 3 ] DEBUG Engine               - globalSoundVolumeProperty: DoubleProperty [value: 0.5]
14:21:58.865 [FXGL Background Thread 3 ] DEBUG Engine               - height: 600
14:21:58.865 [FXGL Background Thread 3 ] DEBUG Engine               - is3D: false
14:21:58.865 [FXGL Background Thread 3 ] DEBUG Engine               - isAndroid: false
14:21:58.865 [FXGL Background Thread 3 ] DEBUG Engine               - isBrowser: false
14:21:58.865 [FXGL Background Thread 3 ] DEBUG Engine               - isClickFeedbackEnabled: false
14:21:58.867 [FXGL Background Thread 3 ] DEBUG Engine               - isCloseConfirmation: false
14:21:58.867 [FXGL Background Thread 3 ] DEBUG Engine               - isDesktop: true
14:21:58.867 [FXGL Background Thread 3 ] DEBUG Engine               - isDeveloperMenuEnabled: true
14:21:58.867 [FXGL Background Thread 3 ] DEBUG Engine               - isEmbedded: false
14:21:58.867 [FXGL Background Thread 3 ] DEBUG Engine               - isEntityPreloadEnabled: true
14:21:58.867 [FXGL Background Thread 3 ] DEBUG Engine               - isExperimentalTiledLargeMap: false
14:21:58.867 [FXGL Background Thread 3 ] DEBUG Engine               - isFileSystemWriteAllowed: true
14:21:58.867 [FXGL Background Thread 3 ] DEBUG Engine               - isFullScreenAllowed: false
14:21:58.867 [FXGL Background Thread 3 ] DEBUG Engine               - isFullScreenFromStart: false
14:21:58.867 [FXGL Background Thread 3 ] DEBUG Engine               - isGameMenuEnabled: true
14:21:58.867 [FXGL Background Thread 3 ] DEBUG Engine               - isIOS: false
14:21:58.868 [FXGL Background Thread 3 ] DEBUG Engine               - isIntroEnabled: false
14:21:58.868 [FXGL Background Thread 3 ] DEBUG Engine               - isLinux: false
14:21:58.868 [FXGL Background Thread 3 ] DEBUG Engine               - isMac: false
14:21:58.868 [FXGL Background Thread 3 ] DEBUG Engine               - isMainMenuEnabled: true
14:21:58.868 [FXGL Background Thread 3 ] DEBUG Engine               - isManualResizeEnabled: false
14:21:58.868 [FXGL Background Thread 3 ] DEBUG Engine               - isMobile: false
14:21:58.868 [FXGL Background Thread 3 ] DEBUG Engine               - isNative: false
14:21:58.868 [FXGL Background Thread 3 ] DEBUG Engine               - isPauseMusicWhenMinimized: true
14:21:58.868 [FXGL Background Thread 3 ] DEBUG Engine               - isPreserveResizeRatio: false
14:21:58.868 [FXGL Background Thread 3 ] DEBUG Engine               - isProfilingEnabled: false
14:21:58.869 [FXGL Background Thread 3 ] DEBUG Engine               - isScaleAffectedOnResize: true
14:21:58.869 [FXGL Background Thread 3 ] DEBUG Engine               - isSingleStep: false
14:21:58.869 [FXGL Background Thread 3 ] DEBUG Engine               - isUserProfileEnabled: false
14:21:58.869 [FXGL Background Thread 3 ] DEBUG Engine               - isWindows: true
14:21:58.869 [FXGL Background Thread 3 ] DEBUG Engine               - language: ObjectProperty [value: ENGLISH]
14:21:58.869 [FXGL Background Thread 3 ] DEBUG Engine               - menuKey: ESCAPE
14:21:58.869 [FXGL Background Thread 3 ] DEBUG Engine               - mouseSensitivity: 0.2
14:21:58.869 [FXGL Background Thread 3 ] DEBUG Engine               - notificationViewClass: class com.almasb.fxgl.notification.view.XboxNotificationView
14:21:58.870 [FXGL Background Thread 3 ] DEBUG Engine               - pixelsPerMeter: 50.0
14:21:58.870 [FXGL Background Thread 3 ] DEBUG Engine               - platform: WINDOWS
14:21:58.870 [FXGL Background Thread 3 ] DEBUG Engine               - prefHeightProperty: ReadOnlyDoubleProperty [value: 600.0]
14:21:58.870 [FXGL Background Thread 3 ] DEBUG Engine               - prefWidthProperty: ReadOnlyDoubleProperty [value: 800.0]
14:21:58.870 [FXGL Background Thread 3 ] DEBUG Engine               - profileDir: profiles/
14:21:58.870 [FXGL Background Thread 3 ] DEBUG Engine               - profileName: StringProperty [value: DEFAULT]
14:21:58.871 [FXGL Background Thread 3 ] DEBUG Engine               - randomSeed: -1
14:21:58.871 [FXGL Background Thread 3 ] DEBUG Engine               - runtimeInfo: RuntimeInfo(platform=WINDOWS, version=dev-SNAPSHOT, build=28.07.2021 16.39)
14:21:58.871 [FXGL Background Thread 3 ] DEBUG Engine               - saveFileExt: sav
14:21:58.871 [FXGL Background Thread 3 ] DEBUG Engine               - scaledHeightProp$fxgl: DoubleProperty [bound, value: 600.0]
14:21:58.871 [FXGL Background Thread 3 ] DEBUG Engine               - scaledWidthProp$fxgl: DoubleProperty [bound, value: 800.0]
14:21:58.871 [FXGL Background Thread 3 ] DEBUG Engine               - sceneFactory: com.groupfour.mygame.App$1@46da2104
14:21:58.871 [FXGL Background Thread 3 ] DEBUG Engine               - secondsIn24h: 60
14:21:58.871 [FXGL Background Thread 3 ] DEBUG Engine               - soundMenuBack: menu/back.wav
14:21:58.872 [FXGL Background Thread 3 ] DEBUG Engine               - soundMenuPress: menu/press.wav
14:21:58.872 [FXGL Background Thread 3 ] DEBUG Engine               - soundMenuSelect: menu/select.wav
14:21:58.872 [FXGL Background Thread 3 ] DEBUG Engine               - soundNotification: core/notification.wav
14:21:58.872 [FXGL Background Thread 3 ] DEBUG Engine               - stageStyle: DECORATED
14:21:58.872 [FXGL Background Thread 3 ] DEBUG Engine               - supportedLanguages: [ENGLISH, FRENCH, GERMAN, HUNGARIAN, RUSSIAN]
14:21:58.872 [FXGL Background Thread 3 ] DEBUG Engine               - ticksPerSecond: -1
14:21:58.873 [FXGL Background Thread 3 ] DEBUG Engine               - title: Flatline: Oregon
14:21:58.873 [FXGL Background Thread 3 ] DEBUG Engine               - urlGithub: https://github.com/AlmasB/FXGL
14:21:58.873 [FXGL Background Thread 3 ] DEBUG Engine               - urlLeaderboard: http://fxgl-top.herokuapp.com/
14:21:58.873 [FXGL Background Thread 3 ] DEBUG Engine               - urlPOM: https://raw.githubusercontent.com/AlmasB/FXGL/release/README.md
14:21:58.874 [FXGL Background Thread 3 ] DEBUG Engine               - userAppClass: class com.groupfour.mygame.App
14:21:58.874 [FXGL Background Thread 3 ] DEBUG Engine               - version: Alpha 0.3
14:21:58.874 [FXGL Background Thread 3 ] DEBUG Engine               - versionCheckDays: 7
14:21:58.874 [FXGL Background Thread 3 ] DEBUG Engine               - width: 800
14:21:58.874 [FXGL Background Thread 3 ] DEBUG Engine               - Logging services
14:21:58.874 [FXGL Background Thread 3 ] DEBUG Engine               - class com.almasb.fxgl.app.services.FXGLAssetLoaderService
14:21:58.874 [FXGL Background Thread 3 ] DEBUG Engine               - class com.almasb.fxgl.app.FXGLApplication$GameApplicationService
14:21:58.874 [FXGL Background Thread 3 ] DEBUG Engine               - class com.almasb.fxgl.app.services.FXGLDialogService
14:21:58.874 [FXGL Background Thread 3 ] DEBUG Engine               - class com.almasb.fxgl.app.services.IOTaskExecutorService
14:21:58.874 [FXGL Background Thread 3 ] DEBUG Engine               - class com.almasb.fxgl.io.FileSystemService
14:21:58.875 [FXGL Background Thread 3 ] DEBUG Engine               - class com.almasb.fxgl.localization.LocalizationService
14:21:58.875 [FXGL Background Thread 3 ] DEBUG Engine               - class com.almasb.fxgl.app.services.SystemBundleService
14:21:58.875 [FXGL Background Thread 3 ] DEBUG Engine               - class com.almasb.fxgl.profile.SaveLoadService
14:21:58.875 [FXGL Background Thread 3 ] DEBUG Engine               - class com.almasb.fxgl.ui.FXGLUIFactoryServiceProvider
14:21:58.875 [FXGL Background Thread 3 ] DEBUG Engine               - class com.almasb.fxgl.ui.FXGLDialogFactoryServiceProvider
14:21:58.875 [FXGL Background Thread 3 ] DEBUG Engine               - class com.almasb.fxgl.audio.AudioPlayer
14:21:58.875 [FXGL Background Thread 3 ] DEBUG Engine               - class com.almasb.fxgl.notification.impl.NotificationServiceProvider
14:21:58.875 [FXGL Background Thread 3 ] DEBUG Engine               - class com.almasb.fxgl.achievement.AchievementService
14:21:58.875 [FXGL Background Thread 3 ] DEBUG Engine               - class com.almasb.fxgl.cutscene.CutsceneService
14:21:58.875 [FXGL Background Thread 3 ] DEBUG Engine               - class com.almasb.fxgl.minigames.MiniGameService
14:21:58.875 [FXGL Background Thread 3 ] DEBUG Engine               - class com.almasb.fxgl.net.NetService
14:21:58.875 [FXGL Background Thread 3 ] DEBUG Engine               - class com.almasb.fxgl.app.services.UpdaterService
14:21:58.875 [FXGL Background Thread 3 ] DEBUG Engine               - class com.almasb.fxgl.dev.DevService
14:21:58.875 [FXGL Background Thread 3 ] DEBUG Engine               - class com.almasb.fxgl.multiplayer.MultiplayerService
14:21:59.497 [JavaFX Application Thread] DEBUG PrimaryStageWindow   - Push state: DialogSubScene
14:21:59.498 [JavaFX Application Thread] DEBUG Input                - Clearing active input actions
14:21:59.499 [JavaFX Application Thread] DEBUG GameApplicationServi - Removing overlay from PlayerCountMenu and adding to DialogSubScene
14:21:59.502 [JavaFX Application Thread] DEBUG PrimaryStageWindow   - PlayerCountMenu -> DialogSubScene
14:22:00.142 [JavaFX Application Thread] DEBUG PrimaryStageWindow   - Pop state: DialogSubScene
14:22:00.143 [JavaFX Application Thread] DEBUG Input                - Clearing active input actions
14:22:00.144 [JavaFX Application Thread] DEBUG GameApplicationServi - Removing overlay from DialogSubScene and adding to PlayerCountMenu
14:22:00.146 [JavaFX Application Thread] DEBUG PrimaryStageWindow   - PlayerCountMenu <- DialogSubScene
14:22:00.162 [ClientAsyncConnThread    ] DEBUG TCPClient            - Connecting to localhost:55555 type: class com.almasb.fxgl.core.serialization.Bundle
14:22:00.166 [ClientAsyncConnThread    ] DEBUG TCPClient            - Created socket to localhost:55555
14:22:00.175 [ClientAsyncConnThread    ] DEBUG Endpoint             - TCPClient opening new connection (1) from localhost/127.0.0.1:55555 type: class com.almasb.fxgl.core.serialization.Bundle
14:22:00.178 [ClientAsyncConnThread    ] DEBUG Endpoint             - TCPClient successfully opened connection (1)
14:22:00.183 [JavaFX Application Thread] DEBUG PrimaryStageWindow   - Pop state: PlayerCountMenu
14:22:00.183 [JavaFX Application Thread] DEBUG Input                - Clearing active input actions
14:22:00.186 [JavaFX Application Thread] DEBUG GameApplicationServi - Removing overlay from PlayerCountMenu and adding to GameScene
14:22:00.187 [TCPClient_SendThread-1   ] DEBUG Writers              - Getting TCPMessageWriter for class com.almasb.fxgl.core.serialization.Bundle
14:22:00.188 [JavaFX Application Thread] DEBUG PrimaryStageWindow   - GameScene <- PlayerCountMenu
14:22:00.192 [TCPClient_SendThread-1   ] DEBUG Writers              - Constructed TCPMessageWriter for class com.almasb.fxgl.core.serialization.Bundle: BundleTCPMessageWriter
14:22:00.191 [TCPClient_RecvThread-1   ] DEBUG Readers              - Getting TCPMessageReader for class com.almasb.fxgl.core.serialization.Bundle
14:22:00.205 [TCPClient_RecvThread-1   ] DEBUG Readers              - Constructed MessageReader for class com.almasb.fxgl.core.serialization.Bundle: BundleTCPMessageReader
14:22:04.384 [JavaFX Application Thread] DEBUG FXGLAssetLoaderServi - Loading from file system: file:/C:/Users/Cent/Desktop/CSS124L-LE/CSS124L-FinalExam/CSS124L-FINAL-PROJECT/fp/target/classes/assets/textures/Zombies/Basic_Zombie_Walking.gif
14:22:04.390 [JavaFX Application Thread] DEBUG FXGLAssetLoaderServi - Loading from file system: file:/C:/Users/Cent/Desktop/CSS124L-LE/CSS124L-FinalExam/CSS124L-FINAL-PROJECT/fp/target/classes/assets/textures/Zombies/Basic_Zombie_Attack.gif
14:24:22.136 [TCPClient_RecvThread-1   ] DEBUG Endpoint             - Connection 1 was unexpectedly disconnected: Connection reset
14:24:22.138 [TCPClient_RecvThread-1   ] DEBUG Connection           - Closing connection 1
14:24:22.138 [TCPClient_RecvThread-1   ] DEBUG Connection           - Connection 1 was correctly closed from local endpoint.
14:24:22.138 [TCPClient_RecvThread-1   ] DEBUG Endpoint             - TCPClient connection (1) was closed
14:24:23.762 [JavaFX Application Thread] DEBUG FXGLApplication      - Exiting FXGL
14:24:23.762 [JavaFX Application Thread] DEBUG LoopRunner           - Stopping loop
14:24:23.762 [JavaFX Application Thread] DEBUG SystemBundleService  - Saving FXGL system data
14:24:23.776 [JavaFX Application Thread] DEBUG FileSystemAccess     - Writing to: c:\Users\Cent\Desktop\CSS124L-LE\CSS124L-FinalExam\CSS124L-FINAL-PROJECT\system\fxgl.bundle
14:24:23.779 [JavaFX Application Thread] DEBUG Async                - Shutting down background threads
14:24:23.779 [JavaFX Application Thread] DEBUG PrimaryStageWindow   - Closing main window
14:24:23.808 [JavaFX Application Thread] DEBUG Logger               - Closing Logger
