03:25:14.575 [main                     ] DEBUG Logger               - Configured Logger
03:25:14.595 [main                     ] DEBUG GameApplication      - Logging settings
Title: Flatline: Oregon
Version: Beta ?
Width: 800
Height: 600
Fullscreen: false
Intro: false
Profiling: false
Single step:false
App Mode: DEVELOPER
Menu Key: ESCAPE
Stage Style: DECORATED
Scene Factory: class com.groupfour.mygame.App$1

03:25:14.930 [JavaFX Application Thread] DEBUG FXGLApplication      - Initializing FXGL
03:25:14.933 [JavaFX Application Thread] INFO  Engine               - FXGL-dev-SNAPSHOT (28.07.2021 16.39) on WINDOWS (J:11.0.22 FX:16)
03:25:14.934 [JavaFX Application Thread] DEBUG Engine               - JRE Vendor Name: Oracle Corporation
03:25:14.934 [JavaFX Application Thread] DEBUG Engine               - Running on OS: Windows 11 version 10.0
03:25:14.934 [JavaFX Application Thread] DEBUG Engine               - Architecture: amd64
03:25:14.934 [JavaFX Application Thread] INFO  Engine               - Source code and latest versions at: https://github.com/AlmasB/FXGL
03:25:14.934 [JavaFX Application Thread] INFO  Engine               -              Join the FXGL chat at: https://gitter.im/AlmasB/FXGL
03:25:15.017 [JavaFX Application Thread] DEBUG PrimaryStageWindow   - Creating a JavaFX scene
03:25:15.065 [JavaFX Application Thread] DEBUG PrimaryStageWindow   - Target settings size: 800.0 x 600.0
03:25:15.065 [JavaFX Application Thread] DEBUG PrimaryStageWindow   - Scaled scene size:    800.0 x 600.0
03:25:15.065 [JavaFX Application Thread] DEBUG PrimaryStageWindow   - Scaled ratio: (1.0, 1.0)
03:25:15.066 [JavaFX Application Thread] DEBUG PrimaryStageWindow   - Set initial scene to FXGLStartupScene
03:25:15.071 [JavaFX Application Thread] DEBUG PrimaryStageWindow   - Opening main window
03:25:15.155 [JavaFX Application Thread] DEBUG PrimaryStageWindow   - Window border size: (14.4000244140625, 37.5999755859375)
03:25:15.156 [JavaFX Application Thread] DEBUG PrimaryStageWindow   - Scaled size: 800.0 x 600.0
03:25:15.156 [JavaFX Application Thread] DEBUG PrimaryStageWindow   - Scaled ratio: (1.0, 1.0)
03:25:15.156 [JavaFX Application Thread] DEBUG PrimaryStageWindow   - Scene size: 800.0 x 600.0
03:25:15.156 [JavaFX Application Thread] DEBUG PrimaryStageWindow   - Stage size: 814.4000244140625 x 637.5999755859375
03:25:15.163 [FXGL Background Thread 1 ] DEBUG Engine               - Initializing environment variables
03:25:15.216 [FXGL Background Thread 1 ] DEBUG FXGLAssetLoaderServi - User app class for loading assets: class com.groupfour.mygame.App
03:25:15.217 [FXGL Background Thread 1 ] DEBUG GameApplicationServi - Applying CSS: fxgl_dark.css
03:25:15.218 [FXGL Background Thread 1 ] DEBUG FXGLAssetLoaderServi - Loading from file system: jar:file:///C:/Users/acer/.m2/repository/com/github/almasb/fxgl/dev-SNAPSHOT/fxgl-dev-SNAPSHOT.jar!/fxglassets/ui/css/fxgl_dark.css
03:25:15.262 [FXGL Background Thread 1 ] DEBUG GameApplicationServi - Initializing application scenes
03:25:15.289 [FXGL Background Thread 1 ] DEBUG GameWorld            - Game world initialized
03:25:15.334 [FXGL Background Thread 1 ] DEBUG PhysicsWorld         - Physics world initialized: appHeight=600, physics.ppm=50.0
03:25:15.335 [FXGL Background Thread 1 ] DEBUG PhysicsWorld         - Using strategy: BRUTE_FORCE
03:25:15.337 [FXGL Background Thread 1 ] DEBUG GameScene            - Game scene initialized: 800x600
03:25:15.351 [FXGL Background Thread 1 ] DEBUG FXGL.DefaultMenu     - createMenuBodyMainMenu()
03:25:15.363 [FXGL Background Thread 1 ] DEBUG FXGL.DefaultMenu     - createOptionsMenu()
03:25:15.371 [FXGL Background Thread 1 ] DEBUG FXGLAssetLoaderServi - Loading from file system: jar:file:///C:/Users/acer/.m2/repository/com/github/almasb/fxgl/dev-SNAPSHOT/fxgl-dev-SNAPSHOT.jar!/fxglassets/textures/particles/smoke.png
03:25:15.441 [FXGL Background Thread 1 ] DEBUG FXGLAssetLoaderServi - Loading from file system: jar:file:///C:/Users/acer/.m2/repository/com/github/almasb/fxgl/dev-SNAPSHOT/fxgl-dev-SNAPSHOT.jar!/fxglassets/textures/particles/trace_horizontal.png
03:25:15.463 [FXGL Background Thread 1 ] DEBUG FXGLAssetLoaderServi - Loading from file system: file:/C:/Users/acer/OneDrive/Desktop/git%20pull/CSS124L-FINAL-PROJECT/fp/target/classes/assets/ui/fonts/PIXELADE.TTF
03:25:15.848 [FXGL Background Thread 1 ] DEBUG FXGLAssetLoaderServi - Loading from file system: file:/C:/Users/acer/OneDrive/Desktop/git%20pull/CSS124L-FINAL-PROJECT/fp/target/classes/assets/textures/spbtn.png
03:25:15.866 [FXGL Background Thread 1 ] DEBUG FXGLAssetLoaderServi - Loading from file system: file:/C:/Users/acer/OneDrive/Desktop/git%20pull/CSS124L-FINAL-PROJECT/fp/target/classes/assets/textures/mpbtn.png
03:25:15.873 [FXGL Background Thread 1 ] DEBUG FXGLAssetLoaderServi - Loading from file system: file:/C:/Users/acer/OneDrive/Desktop/git%20pull/CSS124L-FINAL-PROJECT/fp/target/classes/assets/textures/return.png
03:25:15.897 [FXGL Background Thread 1 ] DEBUG GameApplicationServi - Application scenes initialized
03:25:15.903 [FXGL Background Thread 1 ] DEBUG SystemBundleService  - Loading FXGL system data
03:25:15.907 [FXGL Background Thread 1 ] DEBUG FileSystemAccess     - Reading from: C:\Users\acer\OneDrive\Desktop\git pull\CSS124L-FINAL-PROJECT\system\fxgl.bundle
03:25:15.911 [FXGL Background Thread 1 ] DEBUG SystemBundleService  - Bundle FXGL: {}
03:25:15.912 [FXGL Background Thread 1 ] DEBUG UpdaterService       - Checking for updates
03:25:15.930 [FXGL Background Thread 1 ] DEBUG FXGLApplication      - Loading default localization
03:25:15.930 [FXGL Background Thread 1 ] DEBUG FXGLAssetLoaderServi - Loading from file system: jar:file:///C:/Users/acer/.m2/repository/com/github/almasb/fxgl/dev-SNAPSHOT/fxgl-dev-SNAPSHOT.jar!/fxglassets/languages/english.lang
03:25:15.930 [FXGL Background Thread 4 ] DEBUG FXGLApplication      - Loading fonts
03:25:15.931 [FXGL Background Thread 4 ] DEBUG FXGLAssetLoaderServi - Loading from file system: jar:file:///C:/Users/acer/.m2/repository/com/github/almasb/fxgl/dev-SNAPSHOT/fxgl-dev-SNAPSHOT.jar!/fxglassets/ui/fonts/VarelaRound-Regular.ttf
03:25:15.936 [FXGL Background Thread 4 ] DEBUG FXGLAssetLoaderServi - Loading from file system: jar:file:///C:/Users/acer/.m2/repository/com/github/almasb/fxgl/dev-SNAPSHOT/fxgl-dev-SNAPSHOT.jar!/fxglassets/ui/fonts/Abel-Regular.ttf
03:25:15.940 [FXGL Background Thread 1 ] INFO  FXGLApplication      - FXGL initialization took: 0.778 sec
03:25:15.942 [FXGL Background Thread 4 ] DEBUG FXGLAssetLoaderServi - Loading from file system: jar:file:///C:/Users/acer/.m2/repository/com/github/almasb/fxgl/dev-SNAPSHOT/fxgl-dev-SNAPSHOT.jar!/fxglassets/ui/fonts/lucida_console.ttf
03:25:15.950 [JavaFX Application Thread] DEBUG Input                - Registered new binding: Move Upwards - W
03:25:15.950 [JavaFX Application Thread] DEBUG Input                - Registered new binding: Move Down - S
03:25:15.951 [JavaFX Application Thread] DEBUG Input                - Registered new binding: Move Left - A
03:25:15.951 [JavaFX Application Thread] DEBUG Input                - Registered new binding: Move Right - D
03:25:15.951 [JavaFX Application Thread] DEBUG Input                - Registered new binding: Reload - R
03:25:15.952 [JavaFX Application Thread] DEBUG Input                - Registered new binding: Shoot - LMB
03:25:15.952 [JavaFX Application Thread] DEBUG Input                - Registered new binding: Switch Weapons - Q
03:25:15.952 [JavaFX Application Thread] DEBUG Input                - Registered new binding: Interact - F
03:25:15.953 [JavaFX Application Thread] DEBUG FXGLAssetLoaderServi - Loading from file system: file:/C:/Users/acer/OneDrive/Desktop/git%20pull/CSS124L-FINAL-PROJECT/fp/target/classes/assets/music/titleBGM.mp3
03:25:15.954 [FXGL Background Thread 4 ] DEBUG FXGLAssetLoaderServi - Loading from file system: jar:file:///C:/Users/acer/.m2/repository/com/github/almasb/fxgl/dev-SNAPSHOT/fxgl-dev-SNAPSHOT.jar!/fxglassets/ui/fonts/Courier-Prime.ttf
03:25:16.093 [JavaFX Application Thread] DEBUG AudioPlayer          - Playing music com.almasb.fxgl.audio.Music@398fadd
03:25:16.093 [JavaFX Application Thread] DEBUG FXGLAssetLoaderServi - Loading from file system: jar:file:///C:/Users/acer/.m2/repository/com/github/almasb/fxgl/dev-SNAPSHOT/fxgl-dev-SNAPSHOT.jar!/fxglassets/textures/fxgl_icon.png
03:25:16.102 [JavaFX Application Thread] DEBUG FXGLAssetLoaderServi - Loading from file system: jar:file:///C:/Users/acer/.m2/repository/com/github/almasb/fxgl/dev-SNAPSHOT/fxgl-dev-SNAPSHOT.jar!/fxglassets/textures/fxgl_default_cursor.png
03:25:16.104 [JavaFX Application Thread] DEBUG Input                - Registered new binding: Screenshot - CTRL+8
03:25:16.104 [JavaFX Application Thread] DEBUG Input                - Registered new binding: Dev Options - 1
03:25:16.105 [JavaFX Application Thread] DEBUG Input                - Registered new binding: Dev Console - 2
03:25:16.105 [JavaFX Application Thread] DEBUG Input                - Registered new binding: System info dump - CTRL+9
03:25:16.106 [JavaFX Application Thread] DEBUG Input                - Registered new binding: Restart - CTRL+R
03:25:16.106 [JavaFX Application Thread] DEBUG Input                - Registered new binding: Toggle Debug Camera - CTRL+C
03:25:16.108 [JavaFX Application Thread] DEBUG LoopRunner           - Starting loop
03:25:16.122 [JavaFX Application Thread] DEBUG LoopRunner           - Initializing JavaFX AnimationTimerLoop
03:25:16.123 [JavaFX Application Thread] DEBUG Input                - Clearing active input actions
03:25:16.129 [JavaFX Application Thread] DEBUG GameApplicationServi - Removing overlay from FXGLStartupScene and adding to FXGLMainMenuDummyScene
03:25:16.133 [JavaFX Application Thread] DEBUG PrimaryStageWindow   - FXGLStartupScene -> FXGLMainMenuDummyScene
03:25:16.134 [JavaFX Application Thread] DEBUG PrimaryStageWindow   - Push state: FXGLDefaultMenu
03:25:16.136 [JavaFX Application Thread] DEBUG Input                - Clearing active input actions
03:25:16.140 [JavaFX Application Thread] DEBUG GameApplicationServi - Removing overlay from FXGLMainMenuDummyScene and adding to FXGLDefaultMenu
03:25:16.141 [JavaFX Application Thread] DEBUG PrimaryStageWindow   - FXGLMainMenuDummyScene -> FXGLDefaultMenu
03:25:16.142 [JavaFX Application Thread] DEBUG FXGLApplication      - Registering font factories with UI factory
03:25:16.251 [FXGL Background Thread 2 ] INFO  UpdaterService       - Your current version:  dev-SNAPSHOT
03:25:16.252 [FXGL Background Thread 2 ] INFO  UpdaterService       - Latest stable version: 21.1
03:25:18.929 [FXGL Background Thread 3 ] DEBUG Engine               - Logging environment variables
03:25:18.929 [FXGL Background Thread 3 ] DEBUG Engine               - achievements: []
03:25:18.929 [FXGL Background Thread 3 ] DEBUG Engine               - actualHeight: 600.0
03:25:18.929 [FXGL Background Thread 3 ] DEBUG Engine               - actualHeightProperty: ReadOnlyDoubleProperty [value: 600.0]
03:25:18.929 [FXGL Background Thread 3 ] DEBUG Engine               - actualWidth: 800.0
03:25:18.929 [FXGL Background Thread 3 ] DEBUG Engine               - actualWidthProperty: ReadOnlyDoubleProperty [value: 800.0]
03:25:18.929 [FXGL Background Thread 3 ] DEBUG Engine               - appIcon: fxgl_icon.png
03:25:18.929 [FXGL Background Thread 3 ] DEBUG Engine               - applicationMode: DEVELOPER
03:25:18.929 [FXGL Background Thread 3 ] DEBUG Engine               - cSSList: [fxgl_dark.css]
03:25:18.929 [FXGL Background Thread 3 ] DEBUG Engine               - collisionDetectionStrategy: BRUTE_FORCE
03:25:18.929 [FXGL Background Thread 3 ] DEBUG Engine               - configClass: Optional.empty
03:25:18.929 [FXGL Background Thread 3 ] DEBUG Engine               - credits: []
03:25:18.930 [FXGL Background Thread 3 ] DEBUG Engine               - defaultCursor: CursorInfo(imageName=fxgl_default_cursor.png, hotspotX=7.0, hotspotY=6.0)
03:25:18.930 [FXGL Background Thread 3 ] DEBUG Engine               - devBBoxColorProperty: ObjectProperty [value: 0xff0000ff]
03:25:18.930 [FXGL Background Thread 3 ] DEBUG Engine               - devEnableDebugCameraProperty: BooleanProperty [value: false]
03:25:18.930 [FXGL Background Thread 3 ] DEBUG Engine               - devSensorColorProperty: ObjectProperty [value: 0xffff00ff]
03:25:18.930 [FXGL Background Thread 3 ] DEBUG Engine               - devShowBBoxProperty: BooleanProperty [value: false]
03:25:18.930 [FXGL Background Thread 3 ] DEBUG Engine               - devShowPositionProperty: BooleanProperty [value: false]
03:25:18.930 [FXGL Background Thread 3 ] DEBUG Engine               - enabledMenuItems: []
03:25:18.930 [FXGL Background Thread 3 ] DEBUG Engine               - engineServices: [class com.almasb.fxgl.app.services.FXGLAssetLoaderService, class com.almasb.fxgl.app.FXGLApplication$GameApplicationService, class com.almasb.fxgl.app.services.FXGLDialogService, class com.almasb.fxgl.app.services.IOTaskExecutorService, class com.almasb.fxgl.io.FileSystemService, class com.almasb.fxgl.localization.LocalizationService, class com.almasb.fxgl.app.services.SystemBundleService, class com.almasb.fxgl.profile.SaveLoadService, class com.almasb.fxgl.ui.FXGLUIFactoryServiceProvider, class com.almasb.fxgl.ui.FXGLDialogFactoryServiceProvider, class com.almasb.fxgl.audio.AudioPlayer, class com.almasb.fxgl.notification.impl.NotificationServiceProvider, class com.almasb.fxgl.achievement.AchievementService, class com.almasb.fxgl.cutscene.CutsceneService, class com.almasb.fxgl.minigames.MiniGameService, class com.almasb.fxgl.net.NetService, class com.almasb.fxgl.app.services.UpdaterService, class com.almasb.fxgl.dev.DevService, class com.almasb.fxgl.multiplayer.MultiplayerService]
03:25:18.931 [FXGL Background Thread 3 ] DEBUG Engine               - fontGame: Abel-Regular.ttf
03:25:18.931 [FXGL Background Thread 3 ] DEBUG Engine               - fontMono: lucida_console.ttf
03:25:18.931 [FXGL Background Thread 3 ] DEBUG Engine               - fontText: Courier-Prime.ttf
03:25:18.931 [FXGL Background Thread 3 ] DEBUG Engine               - fontUI: VarelaRound-Regular.ttf
03:25:18.931 [FXGL Background Thread 3 ] DEBUG Engine               - fullScreen: BooleanProperty [value: false]
03:25:18.931 [FXGL Background Thread 3 ] DEBUG Engine               - gameDifficulty: MEDIUM
03:25:18.931 [FXGL Background Thread 3 ] DEBUG Engine               - gameDifficultyProperty: ObjectProperty [value: MEDIUM]
03:25:18.931 [FXGL Background Thread 3 ] DEBUG Engine               - globalMusicVolume: 0.5
03:25:18.931 [FXGL Background Thread 3 ] DEBUG Engine               - globalMusicVolumeProperty: DoubleProperty [value: 0.5]
03:25:18.931 [FXGL Background Thread 3 ] DEBUG Engine               - globalSoundVolume: 0.5
03:25:18.931 [FXGL Background Thread 3 ] DEBUG Engine               - globalSoundVolumeProperty: DoubleProperty [value: 0.5]
03:25:18.931 [FXGL Background Thread 3 ] DEBUG Engine               - height: 600
03:25:18.931 [FXGL Background Thread 3 ] DEBUG Engine               - is3D: false
03:25:18.931 [FXGL Background Thread 3 ] DEBUG Engine               - isAndroid: false
03:25:18.931 [FXGL Background Thread 3 ] DEBUG Engine               - isBrowser: false
03:25:18.931 [FXGL Background Thread 3 ] DEBUG Engine               - isClickFeedbackEnabled: false
03:25:18.932 [FXGL Background Thread 3 ] DEBUG Engine               - isCloseConfirmation: false
03:25:18.932 [FXGL Background Thread 3 ] DEBUG Engine               - isDesktop: true
03:25:18.932 [FXGL Background Thread 3 ] DEBUG Engine               - isDeveloperMenuEnabled: true
03:25:18.932 [FXGL Background Thread 3 ] DEBUG Engine               - isEmbedded: false
03:25:18.932 [FXGL Background Thread 3 ] DEBUG Engine               - isEntityPreloadEnabled: true
03:25:18.932 [FXGL Background Thread 3 ] DEBUG Engine               - isExperimentalTiledLargeMap: false
03:25:18.932 [FXGL Background Thread 3 ] DEBUG Engine               - isFileSystemWriteAllowed: true
03:25:18.932 [FXGL Background Thread 3 ] DEBUG Engine               - isFullScreenAllowed: false
03:25:18.932 [FXGL Background Thread 3 ] DEBUG Engine               - isFullScreenFromStart: false
03:25:18.933 [FXGL Background Thread 3 ] DEBUG Engine               - isGameMenuEnabled: true
03:25:18.933 [FXGL Background Thread 3 ] DEBUG Engine               - isIOS: false
03:25:18.933 [FXGL Background Thread 3 ] DEBUG Engine               - isIntroEnabled: false
03:25:18.933 [FXGL Background Thread 3 ] DEBUG Engine               - isLinux: false
03:25:18.933 [FXGL Background Thread 3 ] DEBUG Engine               - isMac: false
03:25:18.933 [FXGL Background Thread 3 ] DEBUG Engine               - isMainMenuEnabled: true
03:25:18.933 [FXGL Background Thread 3 ] DEBUG Engine               - isManualResizeEnabled: false
03:25:18.933 [FXGL Background Thread 3 ] DEBUG Engine               - isMobile: false
03:25:18.933 [FXGL Background Thread 3 ] DEBUG Engine               - isNative: false
03:25:18.933 [FXGL Background Thread 3 ] DEBUG Engine               - isPauseMusicWhenMinimized: true
03:25:18.933 [FXGL Background Thread 3 ] DEBUG Engine               - isPreserveResizeRatio: false
03:25:18.933 [FXGL Background Thread 3 ] DEBUG Engine               - isProfilingEnabled: false
03:25:18.933 [FXGL Background Thread 3 ] DEBUG Engine               - isScaleAffectedOnResize: true
03:25:18.933 [FXGL Background Thread 3 ] DEBUG Engine               - isSingleStep: false
03:25:18.933 [FXGL Background Thread 3 ] DEBUG Engine               - isUserProfileEnabled: false
03:25:18.933 [FXGL Background Thread 3 ] DEBUG Engine               - isWindows: true
03:25:18.934 [FXGL Background Thread 3 ] DEBUG Engine               - language: ObjectProperty [value: ENGLISH]
03:25:18.934 [FXGL Background Thread 3 ] DEBUG Engine               - menuKey: ESCAPE
03:25:18.934 [FXGL Background Thread 3 ] DEBUG Engine               - mouseSensitivity: 0.2
03:25:18.934 [FXGL Background Thread 3 ] DEBUG Engine               - notificationViewClass: class com.almasb.fxgl.notification.view.XboxNotificationView
03:25:18.934 [FXGL Background Thread 3 ] DEBUG Engine               - pixelsPerMeter: 50.0
03:25:18.934 [FXGL Background Thread 3 ] DEBUG Engine               - platform: WINDOWS
03:25:18.934 [FXGL Background Thread 3 ] DEBUG Engine               - prefHeightProperty: ReadOnlyDoubleProperty [value: 600.0]
03:25:18.934 [FXGL Background Thread 3 ] DEBUG Engine               - prefWidthProperty: ReadOnlyDoubleProperty [value: 800.0]
03:25:18.934 [FXGL Background Thread 3 ] DEBUG Engine               - profileDir: profiles/
03:25:18.934 [FXGL Background Thread 3 ] DEBUG Engine               - profileName: StringProperty [value: DEFAULT]
03:25:18.934 [FXGL Background Thread 3 ] DEBUG Engine               - randomSeed: -1
03:25:18.934 [FXGL Background Thread 3 ] DEBUG Engine               - runtimeInfo: RuntimeInfo(platform=WINDOWS, version=dev-SNAPSHOT, build=28.07.2021 16.39)
03:25:18.934 [FXGL Background Thread 3 ] DEBUG Engine               - saveFileExt: sav
03:25:18.934 [FXGL Background Thread 3 ] DEBUG Engine               - scaledHeightProp$fxgl: DoubleProperty [bound, value: 600.0]
03:25:18.934 [FXGL Background Thread 3 ] DEBUG Engine               - scaledWidthProp$fxgl: DoubleProperty [bound, value: 800.0]
03:25:18.934 [FXGL Background Thread 3 ] DEBUG Engine               - sceneFactory: com.groupfour.mygame.App$1@793233ed
03:25:18.935 [FXGL Background Thread 3 ] DEBUG Engine               - secondsIn24h: 60
03:25:18.935 [FXGL Background Thread 3 ] DEBUG Engine               - soundMenuBack: menu/back.wav
03:25:18.935 [FXGL Background Thread 3 ] DEBUG Engine               - soundMenuPress: titleSelect.mp3
03:25:18.935 [FXGL Background Thread 3 ] DEBUG Engine               - soundMenuSelect: menu/select.wav
03:25:18.935 [FXGL Background Thread 3 ] DEBUG Engine               - soundNotification: core/notification.wav
03:25:18.936 [FXGL Background Thread 3 ] DEBUG Engine               - stageStyle: DECORATED
03:25:18.936 [FXGL Background Thread 3 ] DEBUG Engine               - supportedLanguages: [ENGLISH, FRENCH, GERMAN, HUNGARIAN, RUSSIAN]
03:25:18.936 [FXGL Background Thread 3 ] DEBUG Engine               - ticksPerSecond: -1
03:25:18.936 [FXGL Background Thread 3 ] DEBUG Engine               - title: Flatline: Oregon
03:25:18.936 [FXGL Background Thread 3 ] DEBUG Engine               - urlGithub: https://github.com/AlmasB/FXGL
03:25:18.936 [FXGL Background Thread 3 ] DEBUG Engine               - urlLeaderboard: http://fxgl-top.herokuapp.com/
03:25:18.936 [FXGL Background Thread 3 ] DEBUG Engine               - urlPOM: https://raw.githubusercontent.com/AlmasB/FXGL/release/README.md
03:25:18.936 [FXGL Background Thread 3 ] DEBUG Engine               - userAppClass: class com.groupfour.mygame.App
03:25:18.936 [FXGL Background Thread 3 ] DEBUG Engine               - version: Beta ?
03:25:18.936 [FXGL Background Thread 3 ] DEBUG Engine               - versionCheckDays: 7
03:25:18.936 [FXGL Background Thread 3 ] DEBUG Engine               - width: 800
03:25:18.936 [FXGL Background Thread 3 ] DEBUG Engine               - Logging services
03:25:18.936 [FXGL Background Thread 3 ] DEBUG Engine               - class com.almasb.fxgl.app.services.FXGLAssetLoaderService
03:25:18.936 [FXGL Background Thread 3 ] DEBUG Engine               - class com.almasb.fxgl.app.FXGLApplication$GameApplicationService
03:25:18.936 [FXGL Background Thread 3 ] DEBUG Engine               - class com.almasb.fxgl.app.services.FXGLDialogService
03:25:18.936 [FXGL Background Thread 3 ] DEBUG Engine               - class com.almasb.fxgl.app.services.IOTaskExecutorService
03:25:18.936 [FXGL Background Thread 3 ] DEBUG Engine               - class com.almasb.fxgl.io.FileSystemService
03:25:18.936 [FXGL Background Thread 3 ] DEBUG Engine               - class com.almasb.fxgl.localization.LocalizationService
03:25:18.936 [FXGL Background Thread 3 ] DEBUG Engine               - class com.almasb.fxgl.app.services.SystemBundleService
03:25:18.937 [FXGL Background Thread 3 ] DEBUG Engine               - class com.almasb.fxgl.profile.SaveLoadService
03:25:18.937 [FXGL Background Thread 3 ] DEBUG Engine               - class com.almasb.fxgl.ui.FXGLUIFactoryServiceProvider
03:25:18.937 [FXGL Background Thread 3 ] DEBUG Engine               - class com.almasb.fxgl.ui.FXGLDialogFactoryServiceProvider
03:25:18.937 [FXGL Background Thread 3 ] DEBUG Engine               - class com.almasb.fxgl.audio.AudioPlayer
03:25:18.937 [FXGL Background Thread 3 ] DEBUG Engine               - class com.almasb.fxgl.notification.impl.NotificationServiceProvider
03:25:18.937 [FXGL Background Thread 3 ] DEBUG Engine               - class com.almasb.fxgl.achievement.AchievementService
03:25:18.937 [FXGL Background Thread 3 ] DEBUG Engine               - class com.almasb.fxgl.cutscene.CutsceneService
03:25:18.937 [FXGL Background Thread 3 ] DEBUG Engine               - class com.almasb.fxgl.minigames.MiniGameService
03:25:18.937 [FXGL Background Thread 3 ] DEBUG Engine               - class com.almasb.fxgl.net.NetService
03:25:18.937 [FXGL Background Thread 3 ] DEBUG Engine               - class com.almasb.fxgl.app.services.UpdaterService
03:25:18.937 [FXGL Background Thread 3 ] DEBUG Engine               - class com.almasb.fxgl.dev.DevService
03:25:18.937 [FXGL Background Thread 3 ] DEBUG Engine               - class com.almasb.fxgl.multiplayer.MultiplayerService
03:25:21.123 [JavaFX Application Thread] DEBUG Menu                 - fireNewGame()
03:25:21.123 [JavaFX Application Thread] DEBUG GameApplicationServi - Starting new game
03:25:21.124 [JavaFX Application Thread] DEBUG PrimaryStageWindow   - Pop state: FXGLDefaultMenu
03:25:21.124 [JavaFX Application Thread] DEBUG Input                - Clearing active input actions
03:25:21.125 [JavaFX Application Thread] DEBUG GameApplicationServi - Removing overlay from FXGLDefaultMenu and adding to FXGLMainMenuDummyScene
03:25:21.126 [JavaFX Application Thread] DEBUG PrimaryStageWindow   - FXGLMainMenuDummyScene <- FXGLDefaultMenu
03:25:21.127 [JavaFX Application Thread] DEBUG Input                - Clearing active input actions
03:25:21.130 [JavaFX Application Thread] DEBUG GameApplicationServi - Removing overlay from FXGLMainMenuDummyScene and adding to FXGLLoadingScene
03:25:21.130 [JavaFX Application Thread] DEBUG PrimaryStageWindow   - FXGLMainMenuDummyScene -> FXGLLoadingScene
03:25:21.130 [JavaFX Application Thread] DEBUG GameApplicationServi - Clearing previous game
03:25:21.130 [JavaFX Application Thread] DEBUG GameScene            - Clearing game scene
03:25:21.130 [JavaFX Application Thread] DEBUG GameWorld            - Clearing game world
03:25:21.130 [JavaFX Application Thread] DEBUG PhysicsWorld         - Clearing physics world
03:25:21.131 [FXGL Background Thread 2 ] DEBUG FXGLApplication      - Initializing game
03:25:21.164 [FXGL Background Thread 2 ] WARN  TMXLevelLoader       - TiledMap generated from 1.11.0. Supported version: 1.2.3. Some features may not be parsed fully.
03:25:21.170 [FXGL Background Thread 2 ] DEBUG TMXLevelLoader       - Parsed TiledMap: file:/C:/Users/acer/OneDrive/Desktop/git%20pull/CSS124L-FINAL-PROJECT/fp/target/classes/assets/levels/Lobby.tmx
03:25:21.171 [FXGL Background Thread 2 ] DEBUG TMXLevelLoader       - Creating tile layer entities
03:25:21.171 [FXGL Background Thread 2 ] DEBUG TilesetLoader        - Loading view for layer Tile Layer 1
03:25:21.173 [FXGL Background Thread 2 ] DEBUG TilesetLoader        - Created buffer with size 1280.0x768.0
03:25:21.180 [FXGL Background Thread 2 ] DEBUG TMXLevelLoader       - Creating object layer entities
03:25:21.194 [FXGL Background Thread 2 ] DEBUG GameWorld            - Clearing removable entities
03:25:21.195 [FXGL Background Thread 2 ] DEBUG GameWorld            - Setting level: com.almasb.fxgl.entity.level.Level@bb9e73f
03:25:21.205 [FXGL Background Thread 2 ] INFO  FXGLApplication      - Game initialization took: 0.073 sec
03:25:21.207 [JavaFX Application Thread] DEBUG Input                - Clearing active input actions
03:25:21.213 [JavaFX Application Thread] DEBUG GameApplicationServi - Removing overlay from FXGLLoadingScene and adding to GameScene
03:25:21.214 [JavaFX Application Thread] DEBUG PrimaryStageWindow   - FXGLLoadingScene -> GameScene
03:25:21.218 [JavaFX Application Thread] DEBUG FXGLAssetLoaderServi - Loading from file system: file:/C:/Users/acer/OneDrive/Desktop/git%20pull/CSS124L-FINAL-PROJECT/fp/target/classes/assets/textures/Interactables/microwave_close.png
03:25:21.219 [JavaFX Application Thread] DEBUG PrimaryStageWindow   - Push state: PCM_BG
03:25:21.219 [JavaFX Application Thread] DEBUG Input                - Clearing active input actions
03:25:21.219 [JavaFX Application Thread] DEBUG GameApplicationServi - Removing overlay from GameScene and adding to PCM_BG
03:25:21.219 [JavaFX Application Thread] DEBUG PrimaryStageWindow   - GameScene -> PCM_BG
03:25:21.223 [JavaFX Application Thread] DEBUG PrimaryStageWindow   - Push state: PlayerCountMenu
03:25:21.224 [JavaFX Application Thread] DEBUG Input                - Clearing active input actions
03:25:21.224 [JavaFX Application Thread] DEBUG GameApplicationServi - Removing overlay from PCM_BG and adding to PlayerCountMenu
03:25:21.226 [JavaFX Application Thread] DEBUG PrimaryStageWindow   - PCM_BG -> PlayerCountMenu
03:25:21.691 [JavaFX Application Thread] DEBUG PrimaryStageWindow   - Push state: DialogSubScene
03:25:21.691 [JavaFX Application Thread] DEBUG Input                - Clearing active input actions
03:25:21.691 [JavaFX Application Thread] DEBUG GameApplicationServi - Removing overlay from PlayerCountMenu and adding to DialogSubScene
03:25:21.692 [JavaFX Application Thread] DEBUG PrimaryStageWindow   - PlayerCountMenu -> DialogSubScene
03:25:21.970 [JavaFX Application Thread] DEBUG PrimaryStageWindow   - Pop state: DialogSubScene
03:25:21.970 [JavaFX Application Thread] DEBUG Input                - Clearing active input actions
03:25:21.970 [JavaFX Application Thread] DEBUG GameApplicationServi - Removing overlay from DialogSubScene and adding to PlayerCountMenu
03:25:21.971 [JavaFX Application Thread] DEBUG PrimaryStageWindow   - PlayerCountMenu <- DialogSubScene
03:25:21.971 [JavaFX Application Thread] DEBUG PrimaryStageWindow   - Push state: DialogSubScene
03:25:21.971 [JavaFX Application Thread] DEBUG Input                - Clearing active input actions
03:25:21.972 [JavaFX Application Thread] DEBUG GameApplicationServi - Removing overlay from PlayerCountMenu and adding to DialogSubScene
03:25:21.972 [JavaFX Application Thread] DEBUG PrimaryStageWindow   - PlayerCountMenu -> DialogSubScene
03:25:22.268 [JavaFX Application Thread] DEBUG PrimaryStageWindow   - Pop state: DialogSubScene
03:25:22.269 [JavaFX Application Thread] DEBUG Input                - Clearing active input actions
03:25:22.269 [JavaFX Application Thread] DEBUG GameApplicationServi - Removing overlay from DialogSubScene and adding to PlayerCountMenu
03:25:22.270 [JavaFX Application Thread] DEBUG PrimaryStageWindow   - PlayerCountMenu <- DialogSubScene
03:25:22.278 [ClientAsyncConnThread    ] DEBUG TCPClient            - Connecting to localhost:55555 type: class com.almasb.fxgl.core.serialization.Bundle
03:25:22.282 [ClientAsyncConnThread    ] DEBUG TCPClient            - Created socket to localhost:55555
03:25:22.288 [ClientAsyncConnThread    ] DEBUG Endpoint             - TCPClient opening new connection (1) from localhost/127.0.0.1:55555 type: class com.almasb.fxgl.core.serialization.Bundle
03:25:22.291 [ClientAsyncConnThread    ] DEBUG Endpoint             - TCPClient successfully opened connection (1)
03:25:22.298 [TCPClient_SendThread-1   ] DEBUG Writers              - Getting TCPMessageWriter for class com.almasb.fxgl.core.serialization.Bundle
03:25:22.299 [TCPClient_RecvThread-1   ] DEBUG Readers              - Getting TCPMessageReader for class com.almasb.fxgl.core.serialization.Bundle
03:25:22.299 [TCPClient_SendThread-1   ] DEBUG Writers              - Constructed TCPMessageWriter for class com.almasb.fxgl.core.serialization.Bundle: BundleTCPMessageWriter
03:25:22.299 [TCPClient_RecvThread-1   ] DEBUG Readers              - Constructed MessageReader for class com.almasb.fxgl.core.serialization.Bundle: BundleTCPMessageReader
03:25:22.303 [JavaFX Application Thread] DEBUG FXGLAssetLoaderServi - Loading from file system: file:/C:/Users/acer/OneDrive/Desktop/git%20pull/CSS124L-FINAL-PROJECT/fp/target/classes/assets/sounds/Reload.mp3
03:25:22.309 [JavaFX Application Thread] DEBUG FXGLAssetLoaderServi - Loading from file system: file:/C:/Users/acer/OneDrive/Desktop/git%20pull/CSS124L-FINAL-PROJECT/fp/target/classes/assets/sounds/BerettaM9_Shoot.mp3
03:25:22.316 [JavaFX Application Thread] DEBUG FXGLAssetLoaderServi - Loading from file system: file:/C:/Users/acer/OneDrive/Desktop/git%20pull/CSS124L-FINAL-PROJECT/fp/target/classes/assets/textures/Weapons/Idle/BerettaM9_Idle.png
03:25:22.317 [JavaFX Application Thread] DEBUG FXGLAssetLoaderServi - Loading from file system: file:/C:/Users/acer/OneDrive/Desktop/git%20pull/CSS124L-FINAL-PROJECT/fp/target/classes/assets/textures/Weapons/Shooting/BerettaM9_Shooting.png
03:25:22.320 [JavaFX Application Thread] DEBUG FXGLAssetLoaderServi - Loading from file system: file:/C:/Users/acer/OneDrive/Desktop/git%20pull/CSS124L-FINAL-PROJECT/fp/target/classes/assets/textures/Players/1P_Shoot.png
03:25:22.323 [JavaFX Application Thread] DEBUG Input                - Registered new binding: Move Upwards - W
03:25:22.323 [JavaFX Application Thread] DEBUG Input                - Registered new binding: Move Down - S
03:25:22.323 [JavaFX Application Thread] DEBUG Input                - Registered new binding: Move Left - A
03:25:22.323 [JavaFX Application Thread] DEBUG Input                - Registered new binding: Move Right - D
03:25:22.323 [JavaFX Application Thread] DEBUG Input                - Registered new binding: Reload - R
03:25:22.323 [JavaFX Application Thread] DEBUG Input                - Registered new binding: Shoot - LMB
03:25:22.323 [JavaFX Application Thread] DEBUG Input                - Registered new binding: Switch Weapons - Q
03:25:22.325 [JavaFX Application Thread] DEBUG FXGLAssetLoaderServi - Loading from file system: file:/C:/Users/acer/OneDrive/Desktop/git%20pull/CSS124L-FINAL-PROJECT/fp/target/classes/assets/textures/Interactables/vending_machine.png
03:25:22.331 [JavaFX Application Thread] DEBUG Input                - Registered new binding: Move Upwards - W
03:25:22.331 [JavaFX Application Thread] DEBUG Input                - Registered new binding: Move Down - S
03:25:22.332 [JavaFX Application Thread] DEBUG Input                - Registered new binding: Move Left - A
03:25:22.332 [JavaFX Application Thread] DEBUG Input                - Registered new binding: Move Right - D
03:25:22.332 [JavaFX Application Thread] DEBUG Input                - Registered new binding: Reload - R
03:25:22.332 [JavaFX Application Thread] DEBUG Input                - Registered new binding: Shoot - LMB
03:25:22.332 [JavaFX Application Thread] DEBUG Input                - Registered new binding: Switch Weapons - Q
03:25:22.332 [JavaFX Application Thread] DEBUG PrimaryStageWindow   - Pop state: PlayerCountMenu
03:25:22.332 [JavaFX Application Thread] DEBUG Input                - Clearing active input actions
03:25:22.333 [JavaFX Application Thread] DEBUG GameApplicationServi - Removing overlay from PlayerCountMenu and adding to PCM_BG
03:25:22.333 [JavaFX Application Thread] DEBUG PrimaryStageWindow   - PCM_BG <- PlayerCountMenu
03:25:22.333 [JavaFX Application Thread] DEBUG PrimaryStageWindow   - Pop state: PCM_BG
03:25:22.333 [JavaFX Application Thread] DEBUG Input                - Clearing active input actions
03:25:22.333 [JavaFX Application Thread] DEBUG GameApplicationServi - Removing overlay from PCM_BG and adding to GameScene
03:25:22.334 [JavaFX Application Thread] DEBUG PrimaryStageWindow   - GameScene <- PCM_BG
03:25:38.921 [JavaFX Application Thread] DEBUG FXGLApplication      - Exiting FXGL
03:25:38.921 [JavaFX Application Thread] DEBUG LoopRunner           - Stopping loop
03:25:38.921 [JavaFX Application Thread] DEBUG SystemBundleService  - Saving FXGL system data
03:25:38.922 [JavaFX Application Thread] DEBUG FileSystemAccess     - Writing to: C:\Users\acer\OneDrive\Desktop\git pull\CSS124L-FINAL-PROJECT\system\fxgl.bundle
03:25:38.923 [JavaFX Application Thread] DEBUG Async                - Shutting down background threads
03:25:38.923 [JavaFX Application Thread] DEBUG PrimaryStageWindow   - Closing main window
03:25:38.934 [JavaFX Application Thread] DEBUG Logger               - Closing Logger
