02:26:09.017 [main                     ] DEBUG Logger               - Configured Logger
02:26:09.023 [main                     ] DEBUG GameApplication      - Logging settings
Title: Flatline: Oregon
Version: Alpha 0.3
Width: 800
Height: 600
Fullscreen: false
Intro: false
Profiling: false
Single step:false
App Mode: DEVELOPER
Menu Key: ESCAPE
Stage Style: DECORATED
Scene Factory: class com.groupfour.mygame.App$1

02:26:09.492 [JavaFX Application Thread] DEBUG FXGLApplication      - Initializing FXGL
02:26:09.494 [JavaFX Application Thread] INFO  Engine               - FXGL-dev-SNAPSHOT (28.07.2021 16.39) on WINDOWS (J:21.0.4 FX:16)
02:26:09.494 [JavaFX Application Thread] DEBUG Engine               - JRE Vendor Name: Eclipse Adoptium
02:26:09.494 [JavaFX Application Thread] DEBUG Engine               - Running on OS: Windows 11 version 10.0
02:26:09.496 [JavaFX Application Thread] DEBUG Engine               - Architecture: amd64
02:26:09.496 [JavaFX Application Thread] INFO  Engine               - Source code and latest versions at: https://github.com/AlmasB/FXGL
02:26:09.496 [JavaFX Application Thread] INFO  Engine               -              Join the FXGL chat at: https://gitter.im/AlmasB/FXGL
02:26:09.614 [JavaFX Application Thread] DEBUG PrimaryStageWindow   - Creating a JavaFX scene
02:26:09.664 [JavaFX Application Thread] DEBUG PrimaryStageWindow   - Target settings size: 800.0 x 600.0
02:26:09.664 [JavaFX Application Thread] DEBUG PrimaryStageWindow   - Scaled scene size:    800.0 x 600.0
02:26:09.665 [JavaFX Application Thread] DEBUG PrimaryStageWindow   - Scaled ratio: (1.0, 1.0)
02:26:09.665 [JavaFX Application Thread] DEBUG PrimaryStageWindow   - Set initial scene to FXGLStartupScene
02:26:09.672 [JavaFX Application Thread] DEBUG PrimaryStageWindow   - Opening main window
02:26:09.782 [JavaFX Application Thread] DEBUG PrimaryStageWindow   - Window border size: (16.0, 39.0)
02:26:09.782 [JavaFX Application Thread] DEBUG PrimaryStageWindow   - Scaled size: 800.0 x 600.0
02:26:09.783 [JavaFX Application Thread] DEBUG PrimaryStageWindow   - Scaled ratio: (1.0, 1.0)
02:26:09.783 [JavaFX Application Thread] DEBUG PrimaryStageWindow   - Scene size: 800.0 x 600.0
02:26:09.783 [JavaFX Application Thread] DEBUG PrimaryStageWindow   - Stage size: 816.0 x 639.0
02:26:09.793 [FXGL Background Thread 1 ] DEBUG Engine               - Initializing environment variables
02:26:09.894 [FXGL Background Thread 1 ] DEBUG FXGLAssetLoaderServi - User app class for loading assets: class com.groupfour.mygame.App
02:26:09.894 [FXGL Background Thread 1 ] DEBUG GameApplicationServi - Applying CSS: fxgl_dark.css
02:26:09.895 [FXGL Background Thread 1 ] DEBUG FXGLAssetLoaderServi - Loading from file system: jar:file:///C:/Users/Cent/.m2/repository/com/github/almasb/fxgl/dev-SNAPSHOT/fxgl-dev-SNAPSHOT.jar!/fxglassets/ui/css/fxgl_dark.css
02:26:09.960 [FXGL Background Thread 1 ] DEBUG GameApplicationServi - Initializing application scenes
02:26:10.026 [FXGL Background Thread 1 ] DEBUG GameWorld            - Game world initialized
02:26:10.131 [FXGL Background Thread 1 ] DEBUG PhysicsWorld         - Physics world initialized: appHeight=600, physics.ppm=50.0
02:26:10.133 [FXGL Background Thread 1 ] DEBUG PhysicsWorld         - Using strategy: BRUTE_FORCE
02:26:10.137 [FXGL Background Thread 1 ] DEBUG GameScene            - Game scene initialized: 800x600
02:26:10.158 [FXGL Background Thread 1 ] DEBUG FXGL.DefaultMenu     - createMenuBodyMainMenu()
02:26:10.178 [FXGL Background Thread 1 ] DEBUG FXGL.DefaultMenu     - createOptionsMenu()
02:26:10.192 [FXGL Background Thread 1 ] DEBUG FXGLAssetLoaderServi - Loading from file system: jar:file:///C:/Users/Cent/.m2/repository/com/github/almasb/fxgl/dev-SNAPSHOT/fxgl-dev-SNAPSHOT.jar!/fxglassets/textures/particles/smoke.png
02:26:10.344 [FXGL Background Thread 1 ] DEBUG FXGLAssetLoaderServi - Loading from file system: jar:file:///C:/Users/Cent/.m2/repository/com/github/almasb/fxgl/dev-SNAPSHOT/fxgl-dev-SNAPSHOT.jar!/fxglassets/textures/particles/trace_horizontal.png
02:26:10.396 [FXGL Background Thread 1 ] DEBUG GameApplicationServi - Application scenes initialized
02:26:10.411 [FXGL Background Thread 1 ] DEBUG SystemBundleService  - Loading FXGL system data
02:26:10.416 [FXGL Background Thread 1 ] DEBUG FileSystemAccess     - Reading from: c:\Users\Cent\Desktop\CSS124L-LE\CSS124L-FinalExam\CSS124L-FINAL-PROJECT\system\fxgl.bundle
02:26:10.427 [FXGL Background Thread 1 ] DEBUG SystemBundleService  - Bundle FXGL: {}
02:26:10.428 [FXGL Background Thread 1 ] DEBUG UpdaterService       - Checking for updates
02:26:10.432 [FXGL Background Thread 4 ] DEBUG FXGLApplication      - Loading fonts
02:26:10.433 [FXGL Background Thread 1 ] DEBUG FXGLApplication      - Loading default localization
02:26:10.433 [FXGL Background Thread 4 ] DEBUG FXGLAssetLoaderServi - Loading from file system: jar:file:///C:/Users/Cent/.m2/repository/com/github/almasb/fxgl/dev-SNAPSHOT/fxgl-dev-SNAPSHOT.jar!/fxglassets/ui/fonts/VarelaRound-Regular.ttf
02:26:10.433 [FXGL Background Thread 1 ] DEBUG FXGLAssetLoaderServi - Loading from file system: jar:file:///C:/Users/Cent/.m2/repository/com/github/almasb/fxgl/dev-SNAPSHOT/fxgl-dev-SNAPSHOT.jar!/fxglassets/languages/english.lang
02:26:10.457 [FXGL Background Thread 1 ] INFO  FXGLApplication      - FXGL initialization took: 0.663 sec
02:26:10.490 [FXGL Background Thread 4 ] DEBUG FXGLAssetLoaderServi - Loading from file system: jar:file:///C:/Users/Cent/.m2/repository/com/github/almasb/fxgl/dev-SNAPSHOT/fxgl-dev-SNAPSHOT.jar!/fxglassets/ui/fonts/Abel-Regular.ttf
02:26:10.496 [FXGL Background Thread 4 ] DEBUG FXGLAssetLoaderServi - Loading from file system: jar:file:///C:/Users/Cent/.m2/repository/com/github/almasb/fxgl/dev-SNAPSHOT/fxgl-dev-SNAPSHOT.jar!/fxglassets/ui/fonts/lucida_console.ttf
02:26:10.506 [FXGL Background Thread 4 ] DEBUG FXGLAssetLoaderServi - Loading from file system: jar:file:///C:/Users/Cent/.m2/repository/com/github/almasb/fxgl/dev-SNAPSHOT/fxgl-dev-SNAPSHOT.jar!/fxglassets/ui/fonts/Courier-Prime.ttf
02:26:10.507 [JavaFX Application Thread] DEBUG FXGLApplication      - Exiting FXGL
02:26:10.507 [JavaFX Application Thread] DEBUG LoopRunner           - Stopping loop
02:26:10.507 [JavaFX Application Thread] DEBUG LoopRunner           - Initializing JavaFX AnimationTimerLoop
02:26:10.511 [JavaFX Application Thread] DEBUG SystemBundleService  - Saving FXGL system data
02:26:10.516 [JavaFX Application Thread] DEBUG FileSystemAccess     - Writing to: c:\Users\Cent\Desktop\CSS124L-LE\CSS124L-FinalExam\CSS124L-FINAL-PROJECT\system\fxgl.bundle
02:26:10.521 [JavaFX Application Thread] DEBUG Async                - Shutting down background threads
02:26:10.521 [JavaFX Application Thread] DEBUG PrimaryStageWindow   - Closing main window
02:26:10.564 [JavaFX Application Thread] DEBUG Logger               - Closing Logger
