21:22:22.595 [main                     ] DEBUG Logger               - Configured Logger
21:22:22.624 [main                     ] DEBUG GameApplication      - Logging settings
Title: Flatline: Oregon
Version: Beta ?
Width: 800
Height: 600
Fullscreen: false
Intro: false
Profiling: false
Single step:false
App Mode: DEVELOPER
Menu Key: ESCAPE
Stage Style: DECORATED
Scene Factory: class com.groupfour.mygame.App$1

21:22:23.131 [JavaFX Application Thread] DEBUG FXGLApplication      - Initializing FXGL
21:22:23.134 [JavaFX Application Thread] INFO  Engine               - FXGL-dev-SNAPSHOT (28.07.2021 16.39) on WINDOWS (J:11.0.22 FX:16)
21:22:23.135 [JavaFX Application Thread] DEBUG Engine               - JRE Vendor Name: Oracle Corporation
21:22:23.136 [JavaFX Application Thread] DEBUG Engine               - Running on OS: Windows 11 version 10.0
21:22:23.136 [JavaFX Application Thread] DEBUG Engine               - Architecture: amd64
21:22:23.136 [JavaFX Application Thread] INFO  Engine               - Source code and latest versions at: https://github.com/AlmasB/FXGL
21:22:23.137 [JavaFX Application Thread] INFO  Engine               -              Join the FXGL chat at: https://gitter.im/AlmasB/FXGL
21:22:23.222 [JavaFX Application Thread] DEBUG PrimaryStageWindow   - Creating a JavaFX scene
21:22:23.292 [JavaFX Application Thread] DEBUG PrimaryStageWindow   - Target settings size: 800.0 x 600.0
21:22:23.292 [JavaFX Application Thread] DEBUG PrimaryStageWindow   - Scaled scene size:    800.0 x 600.0
21:22:23.292 [JavaFX Application Thread] DEBUG PrimaryStageWindow   - Scaled ratio: (1.0, 1.0)
21:22:23.293 [JavaFX Application Thread] DEBUG PrimaryStageWindow   - Set initial scene to FXGLStartupScene
21:22:23.300 [JavaFX Application Thread] DEBUG PrimaryStageWindow   - Opening main window
21:22:23.414 [JavaFX Application Thread] DEBUG PrimaryStageWindow   - Window border size: (14.4000244140625, 37.5999755859375)
21:22:23.414 [JavaFX Application Thread] DEBUG PrimaryStageWindow   - Scaled size: 800.0 x 600.0
21:22:23.415 [JavaFX Application Thread] DEBUG PrimaryStageWindow   - Scaled ratio: (1.0, 1.0)
21:22:23.415 [JavaFX Application Thread] DEBUG PrimaryStageWindow   - Scene size: 800.0 x 600.0
21:22:23.415 [JavaFX Application Thread] DEBUG PrimaryStageWindow   - Stage size: 814.4000244140625 x 637.5999755859375
21:22:23.422 [FXGL Background Thread 1 ] DEBUG Engine               - Initializing environment variables
21:22:23.482 [FXGL Background Thread 1 ] DEBUG FXGLAssetLoaderServi - User app class for loading assets: class com.groupfour.mygame.App
21:22:23.482 [FXGL Background Thread 1 ] DEBUG GameApplicationServi - Applying CSS: fxgl_dark.css
21:22:23.483 [FXGL Background Thread 1 ] DEBUG FXGLAssetLoaderServi - Loading from file system: jar:file:///C:/Users/acer/.m2/repository/com/github/almasb/fxgl/dev-SNAPSHOT/fxgl-dev-SNAPSHOT.jar!/fxglassets/ui/css/fxgl_dark.css
21:22:23.541 [FXGL Background Thread 1 ] DEBUG GameApplicationServi - Initializing application scenes
21:22:23.585 [FXGL Background Thread 1 ] DEBUG GameWorld            - Game world initialized
21:22:23.642 [FXGL Background Thread 1 ] DEBUG PhysicsWorld         - Physics world initialized: appHeight=600, physics.ppm=50.0
21:22:23.643 [FXGL Background Thread 1 ] DEBUG PhysicsWorld         - Using strategy: BRUTE_FORCE
21:22:23.645 [FXGL Background Thread 1 ] DEBUG GameScene            - Game scene initialized: 800x600
21:22:23.659 [FXGL Background Thread 1 ] DEBUG FXGL.DefaultMenu     - createMenuBodyMainMenu()
21:22:23.680 [FXGL Background Thread 1 ] DEBUG FXGL.DefaultMenu     - createOptionsMenu()
21:22:23.695 [FXGL Background Thread 1 ] DEBUG FXGLAssetLoaderServi - Loading from file system: jar:file:///C:/Users/acer/.m2/repository/com/github/almasb/fxgl/dev-SNAPSHOT/fxgl-dev-SNAPSHOT.jar!/fxglassets/textures/particles/smoke.png
21:22:23.799 [FXGL Background Thread 1 ] DEBUG FXGLAssetLoaderServi - Loading from file system: jar:file:///C:/Users/acer/.m2/repository/com/github/almasb/fxgl/dev-SNAPSHOT/fxgl-dev-SNAPSHOT.jar!/fxglassets/textures/particles/trace_horizontal.png
21:22:23.833 [FXGL Background Thread 1 ] DEBUG FXGLAssetLoaderServi - Loading from file system: file:/C:/Users/acer/OneDrive/Desktop/git%20pull/CSS124L-FINAL-PROJECT/fp/target/classes/assets/ui/fonts/PIXELADE.TTF
21:22:24.363 [FXGL Background Thread 1 ] DEBUG FXGLAssetLoaderServi - Loading from file system: file:/C:/Users/acer/OneDrive/Desktop/git%20pull/CSS124L-FINAL-PROJECT/fp/target/classes/assets/textures/spbtn.png
21:22:24.396 [FXGL Background Thread 1 ] DEBUG FXGLAssetLoaderServi - Loading from file system: file:/C:/Users/acer/OneDrive/Desktop/git%20pull/CSS124L-FINAL-PROJECT/fp/target/classes/assets/textures/mpbtn.png
21:22:24.411 [FXGL Background Thread 1 ] DEBUG FXGLAssetLoaderServi - Loading from file system: file:/C:/Users/acer/OneDrive/Desktop/git%20pull/CSS124L-FINAL-PROJECT/fp/target/classes/assets/textures/return.png
21:22:24.427 [FXGL Background Thread 1 ] DEBUG GameApplicationServi - Application scenes initialized
21:22:24.437 [FXGL Background Thread 1 ] DEBUG SystemBundleService  - Loading FXGL system data
21:22:24.443 [FXGL Background Thread 1 ] DEBUG FileSystemAccess     - Reading from: C:\Users\acer\OneDrive\Desktop\git pull\CSS124L-FINAL-PROJECT\system\fxgl.bundle
21:22:24.449 [FXGL Background Thread 1 ] DEBUG SystemBundleService  - Bundle FXGL: {}
21:22:24.449 [FXGL Background Thread 1 ] DEBUG UpdaterService       - Checking for updates
21:22:24.478 [FXGL Background Thread 1 ] DEBUG FXGLApplication      - Loading default localization
21:22:24.478 [FXGL Background Thread 4 ] DEBUG FXGLApplication      - Loading fonts
21:22:24.479 [FXGL Background Thread 1 ] DEBUG FXGLAssetLoaderServi - Loading from file system: jar:file:///C:/Users/acer/.m2/repository/com/github/almasb/fxgl/dev-SNAPSHOT/fxgl-dev-SNAPSHOT.jar!/fxglassets/languages/english.lang
21:22:24.479 [FXGL Background Thread 4 ] DEBUG FXGLAssetLoaderServi - Loading from file system: jar:file:///C:/Users/acer/.m2/repository/com/github/almasb/fxgl/dev-SNAPSHOT/fxgl-dev-SNAPSHOT.jar!/fxglassets/ui/fonts/VarelaRound-Regular.ttf
21:22:24.491 [FXGL Background Thread 4 ] DEBUG FXGLAssetLoaderServi - Loading from file system: jar:file:///C:/Users/acer/.m2/repository/com/github/almasb/fxgl/dev-SNAPSHOT/fxgl-dev-SNAPSHOT.jar!/fxglassets/ui/fonts/Abel-Regular.ttf
21:22:24.498 [FXGL Background Thread 4 ] DEBUG FXGLAssetLoaderServi - Loading from file system: jar:file:///C:/Users/acer/.m2/repository/com/github/almasb/fxgl/dev-SNAPSHOT/fxgl-dev-SNAPSHOT.jar!/fxglassets/ui/fonts/lucida_console.ttf
21:22:24.501 [FXGL Background Thread 1 ] INFO  FXGLApplication      - FXGL initialization took: 1.079 sec
21:22:24.519 [FXGL Background Thread 4 ] DEBUG FXGLAssetLoaderServi - Loading from file system: jar:file:///C:/Users/acer/.m2/repository/com/github/almasb/fxgl/dev-SNAPSHOT/fxgl-dev-SNAPSHOT.jar!/fxglassets/ui/fonts/Courier-Prime.ttf
21:22:24.520 [JavaFX Application Thread] DEBUG Input                - Registered new binding: Move Upwards - W
21:22:24.520 [JavaFX Application Thread] DEBUG Input                - Registered new binding: Move Down - S
21:22:24.520 [JavaFX Application Thread] DEBUG Input                - Registered new binding: Move Left - A
21:22:24.521 [JavaFX Application Thread] DEBUG Input                - Registered new binding: Move Right - D
21:22:24.521 [JavaFX Application Thread] DEBUG Input                - Registered new binding: Reload - R
21:22:24.523 [JavaFX Application Thread] DEBUG Input                - Registered new binding: Shoot - LMB
21:22:24.523 [JavaFX Application Thread] DEBUG Input                - Registered new binding: Switch Weapons - Q
21:22:24.523 [JavaFX Application Thread] DEBUG Input                - Registered new binding: Interact - F
21:22:24.524 [JavaFX Application Thread] DEBUG FXGLAssetLoaderServi - Loading from file system: file:/C:/Users/acer/OneDrive/Desktop/git%20pull/CSS124L-FINAL-PROJECT/fp/target/classes/assets/music/titleBGM.mp3
21:22:24.713 [JavaFX Application Thread] DEBUG AudioPlayer          - Playing music com.almasb.fxgl.audio.Music@6f35f454
21:22:24.714 [JavaFX Application Thread] DEBUG FXGLAssetLoaderServi - Loading from file system: jar:file:///C:/Users/acer/.m2/repository/com/github/almasb/fxgl/dev-SNAPSHOT/fxgl-dev-SNAPSHOT.jar!/fxglassets/textures/fxgl_icon.png
21:22:24.722 [JavaFX Application Thread] DEBUG FXGLAssetLoaderServi - Loading from file system: jar:file:///C:/Users/acer/.m2/repository/com/github/almasb/fxgl/dev-SNAPSHOT/fxgl-dev-SNAPSHOT.jar!/fxglassets/textures/fxgl_default_cursor.png
21:22:24.724 [JavaFX Application Thread] DEBUG Input                - Registered new binding: Screenshot - CTRL+8
21:22:24.724 [JavaFX Application Thread] DEBUG Input                - Registered new binding: Dev Options - 1
21:22:24.726 [JavaFX Application Thread] DEBUG Input                - Registered new binding: Dev Console - 2
21:22:24.727 [JavaFX Application Thread] DEBUG Input                - Registered new binding: System info dump - CTRL+9
21:22:24.727 [JavaFX Application Thread] DEBUG Input                - Registered new binding: Restart - CTRL+R
21:22:24.728 [JavaFX Application Thread] DEBUG Input                - Registered new binding: Toggle Debug Camera - CTRL+C
21:22:24.730 [JavaFX Application Thread] DEBUG LoopRunner           - Starting loop
21:22:24.751 [JavaFX Application Thread] DEBUG LoopRunner           - Initializing JavaFX AnimationTimerLoop
21:22:24.754 [JavaFX Application Thread] DEBUG Input                - Clearing active input actions
21:22:24.763 [JavaFX Application Thread] DEBUG GameApplicationServi - Removing overlay from FXGLStartupScene and adding to FXGLMainMenuDummyScene
21:22:24.768 [JavaFX Application Thread] DEBUG PrimaryStageWindow   - FXGLStartupScene -> FXGLMainMenuDummyScene
21:22:24.768 [JavaFX Application Thread] DEBUG PrimaryStageWindow   - Push state: FXGLDefaultMenu
21:22:24.772 [JavaFX Application Thread] DEBUG Input                - Clearing active input actions
21:22:24.778 [JavaFX Application Thread] DEBUG GameApplicationServi - Removing overlay from FXGLMainMenuDummyScene and adding to FXGLDefaultMenu
21:22:24.779 [JavaFX Application Thread] DEBUG PrimaryStageWindow   - FXGLMainMenuDummyScene -> FXGLDefaultMenu
21:22:24.780 [JavaFX Application Thread] DEBUG FXGLApplication      - Registering font factories with UI factory
21:22:26.423 [FXGL Background Thread 2 ] INFO  UpdaterService       - Your current version:  dev-SNAPSHOT
21:22:26.425 [FXGL Background Thread 2 ] INFO  UpdaterService       - Latest stable version: 21.1
21:22:27.478 [FXGL Background Thread 3 ] DEBUG Engine               - Logging environment variables
21:22:27.479 [FXGL Background Thread 3 ] DEBUG Engine               - achievements: []
21:22:27.479 [FXGL Background Thread 3 ] DEBUG Engine               - actualHeight: 600.0
21:22:27.479 [FXGL Background Thread 3 ] DEBUG Engine               - actualHeightProperty: ReadOnlyDoubleProperty [value: 600.0]
21:22:27.480 [FXGL Background Thread 3 ] DEBUG Engine               - actualWidth: 800.0
21:22:27.480 [FXGL Background Thread 3 ] DEBUG Engine               - actualWidthProperty: ReadOnlyDoubleProperty [value: 800.0]
21:22:27.481 [FXGL Background Thread 3 ] DEBUG Engine               - appIcon: fxgl_icon.png
21:22:27.481 [FXGL Background Thread 3 ] DEBUG Engine               - applicationMode: DEVELOPER
21:22:27.481 [FXGL Background Thread 3 ] DEBUG Engine               - cSSList: [fxgl_dark.css]
21:22:27.481 [FXGL Background Thread 3 ] DEBUG Engine               - collisionDetectionStrategy: BRUTE_FORCE
21:22:27.482 [FXGL Background Thread 3 ] DEBUG Engine               - configClass: Optional.empty
21:22:27.482 [FXGL Background Thread 3 ] DEBUG Engine               - credits: []
21:22:27.482 [FXGL Background Thread 3 ] DEBUG Engine               - defaultCursor: CursorInfo(imageName=fxgl_default_cursor.png, hotspotX=7.0, hotspotY=6.0)
21:22:27.483 [FXGL Background Thread 3 ] DEBUG Engine               - devBBoxColorProperty: ObjectProperty [value: 0xff0000ff]
21:22:27.484 [FXGL Background Thread 3 ] DEBUG Engine               - devEnableDebugCameraProperty: BooleanProperty [value: false]
21:22:27.484 [FXGL Background Thread 3 ] DEBUG Engine               - devSensorColorProperty: ObjectProperty [value: 0xffff00ff]
21:22:27.484 [FXGL Background Thread 3 ] DEBUG Engine               - devShowBBoxProperty: BooleanProperty [value: false]
21:22:27.484 [FXGL Background Thread 3 ] DEBUG Engine               - devShowPositionProperty: BooleanProperty [value: false]
21:22:27.484 [FXGL Background Thread 3 ] DEBUG Engine               - enabledMenuItems: []
21:22:27.485 [FXGL Background Thread 3 ] DEBUG Engine               - engineServices: [class com.almasb.fxgl.app.services.FXGLAssetLoaderService, class com.almasb.fxgl.app.FXGLApplication$GameApplicationService, class com.almasb.fxgl.app.services.FXGLDialogService, class com.almasb.fxgl.app.services.IOTaskExecutorService, class com.almasb.fxgl.io.FileSystemService, class com.almasb.fxgl.localization.LocalizationService, class com.almasb.fxgl.app.services.SystemBundleService, class com.almasb.fxgl.profile.SaveLoadService, class com.almasb.fxgl.ui.FXGLUIFactoryServiceProvider, class com.almasb.fxgl.ui.FXGLDialogFactoryServiceProvider, class com.almasb.fxgl.audio.AudioPlayer, class com.almasb.fxgl.notification.impl.NotificationServiceProvider, class com.almasb.fxgl.achievement.AchievementService, class com.almasb.fxgl.cutscene.CutsceneService, class com.almasb.fxgl.minigames.MiniGameService, class com.almasb.fxgl.net.NetService, class com.almasb.fxgl.app.services.UpdaterService, class com.almasb.fxgl.dev.DevService, class com.almasb.fxgl.multiplayer.MultiplayerService]
21:22:27.485 [FXGL Background Thread 3 ] DEBUG Engine               - fontGame: Abel-Regular.ttf
21:22:27.485 [FXGL Background Thread 3 ] DEBUG Engine               - fontMono: lucida_console.ttf
21:22:27.485 [FXGL Background Thread 3 ] DEBUG Engine               - fontText: Courier-Prime.ttf
21:22:27.486 [FXGL Background Thread 3 ] DEBUG Engine               - fontUI: VarelaRound-Regular.ttf
21:22:27.486 [FXGL Background Thread 3 ] DEBUG Engine               - fullScreen: BooleanProperty [value: false]
21:22:27.486 [FXGL Background Thread 3 ] DEBUG Engine               - gameDifficulty: MEDIUM
21:22:27.486 [FXGL Background Thread 3 ] DEBUG Engine               - gameDifficultyProperty: ObjectProperty [value: MEDIUM]
21:22:27.486 [FXGL Background Thread 3 ] DEBUG Engine               - globalMusicVolume: 0.5
21:22:27.486 [FXGL Background Thread 3 ] DEBUG Engine               - globalMusicVolumeProperty: DoubleProperty [value: 0.5]
21:22:27.487 [FXGL Background Thread 3 ] DEBUG Engine               - globalSoundVolume: 0.5
21:22:27.488 [FXGL Background Thread 3 ] DEBUG Engine               - globalSoundVolumeProperty: DoubleProperty [value: 0.5]
21:22:27.488 [FXGL Background Thread 3 ] DEBUG Engine               - height: 600
21:22:27.488 [FXGL Background Thread 3 ] DEBUG Engine               - is3D: false
21:22:27.489 [FXGL Background Thread 3 ] DEBUG Engine               - isAndroid: false
21:22:27.489 [FXGL Background Thread 3 ] DEBUG Engine               - isBrowser: false
21:22:27.489 [FXGL Background Thread 3 ] DEBUG Engine               - isClickFeedbackEnabled: false
21:22:27.489 [FXGL Background Thread 3 ] DEBUG Engine               - isCloseConfirmation: false
21:22:27.490 [FXGL Background Thread 3 ] DEBUG Engine               - isDesktop: true
21:22:27.491 [FXGL Background Thread 3 ] DEBUG Engine               - isDeveloperMenuEnabled: true
21:22:27.491 [FXGL Background Thread 3 ] DEBUG Engine               - isEmbedded: false
21:22:27.491 [FXGL Background Thread 3 ] DEBUG Engine               - isEntityPreloadEnabled: true
21:22:27.491 [FXGL Background Thread 3 ] DEBUG Engine               - isExperimentalTiledLargeMap: false
21:22:27.491 [FXGL Background Thread 3 ] DEBUG Engine               - isFileSystemWriteAllowed: true
21:22:27.492 [FXGL Background Thread 3 ] DEBUG Engine               - isFullScreenAllowed: false
21:22:27.492 [FXGL Background Thread 3 ] DEBUG Engine               - isFullScreenFromStart: false
21:22:27.492 [FXGL Background Thread 3 ] DEBUG Engine               - isGameMenuEnabled: true
21:22:27.492 [FXGL Background Thread 3 ] DEBUG Engine               - isIOS: false
21:22:27.493 [FXGL Background Thread 3 ] DEBUG Engine               - isIntroEnabled: false
21:22:27.493 [FXGL Background Thread 3 ] DEBUG Engine               - isLinux: false
21:22:27.494 [FXGL Background Thread 3 ] DEBUG Engine               - isMac: false
21:22:27.494 [FXGL Background Thread 3 ] DEBUG Engine               - isMainMenuEnabled: true
21:22:27.495 [FXGL Background Thread 3 ] DEBUG Engine               - isManualResizeEnabled: false
21:22:27.495 [FXGL Background Thread 3 ] DEBUG Engine               - isMobile: false
21:22:27.496 [FXGL Background Thread 3 ] DEBUG Engine               - isNative: false
21:22:27.496 [FXGL Background Thread 3 ] DEBUG Engine               - isPauseMusicWhenMinimized: true
21:22:27.496 [FXGL Background Thread 3 ] DEBUG Engine               - isPreserveResizeRatio: false
21:22:27.496 [FXGL Background Thread 3 ] DEBUG Engine               - isProfilingEnabled: false
21:22:27.496 [FXGL Background Thread 3 ] DEBUG Engine               - isScaleAffectedOnResize: true
21:22:27.496 [FXGL Background Thread 3 ] DEBUG Engine               - isSingleStep: false
21:22:27.496 [FXGL Background Thread 3 ] DEBUG Engine               - isUserProfileEnabled: false
21:22:27.496 [FXGL Background Thread 3 ] DEBUG Engine               - isWindows: true
21:22:27.496 [FXGL Background Thread 3 ] DEBUG Engine               - language: ObjectProperty [value: ENGLISH]
21:22:27.496 [FXGL Background Thread 3 ] DEBUG Engine               - menuKey: ESCAPE
21:22:27.496 [FXGL Background Thread 3 ] DEBUG Engine               - mouseSensitivity: 0.2
21:22:27.496 [FXGL Background Thread 3 ] DEBUG Engine               - notificationViewClass: class com.almasb.fxgl.notification.view.XboxNotificationView
21:22:27.496 [FXGL Background Thread 3 ] DEBUG Engine               - pixelsPerMeter: 50.0
21:22:27.498 [FXGL Background Thread 3 ] DEBUG Engine               - platform: WINDOWS
21:22:27.498 [FXGL Background Thread 3 ] DEBUG Engine               - prefHeightProperty: ReadOnlyDoubleProperty [value: 600.0]
21:22:27.498 [FXGL Background Thread 3 ] DEBUG Engine               - prefWidthProperty: ReadOnlyDoubleProperty [value: 800.0]
21:22:27.498 [FXGL Background Thread 3 ] DEBUG Engine               - profileDir: profiles/
21:22:27.498 [FXGL Background Thread 3 ] DEBUG Engine               - profileName: StringProperty [value: DEFAULT]
21:22:27.498 [FXGL Background Thread 3 ] DEBUG Engine               - randomSeed: -1
21:22:27.498 [FXGL Background Thread 3 ] DEBUG Engine               - runtimeInfo: RuntimeInfo(platform=WINDOWS, version=dev-SNAPSHOT, build=28.07.2021 16.39)
21:22:27.498 [FXGL Background Thread 3 ] DEBUG Engine               - saveFileExt: sav
21:22:27.498 [FXGL Background Thread 3 ] DEBUG Engine               - scaledHeightProp$fxgl: DoubleProperty [bound, value: 600.0]
21:22:27.498 [FXGL Background Thread 3 ] DEBUG Engine               - scaledWidthProp$fxgl: DoubleProperty [bound, value: 800.0]
21:22:27.499 [FXGL Background Thread 3 ] DEBUG Engine               - sceneFactory: com.groupfour.mygame.App$1@7cd2dff1
21:22:27.499 [FXGL Background Thread 3 ] DEBUG Engine               - secondsIn24h: 60
21:22:27.499 [FXGL Background Thread 3 ] DEBUG Engine               - soundMenuBack: menu/back.wav
21:22:27.499 [FXGL Background Thread 3 ] DEBUG Engine               - soundMenuPress: titleSelect.mp3
21:22:27.499 [FXGL Background Thread 3 ] DEBUG Engine               - soundMenuSelect: menu/select.wav
21:22:27.499 [FXGL Background Thread 3 ] DEBUG Engine               - soundNotification: core/notification.wav
21:22:27.500 [FXGL Background Thread 3 ] DEBUG Engine               - stageStyle: DECORATED
21:22:27.500 [FXGL Background Thread 3 ] DEBUG Engine               - supportedLanguages: [ENGLISH, FRENCH, GERMAN, HUNGARIAN, RUSSIAN]
21:22:27.500 [FXGL Background Thread 3 ] DEBUG Engine               - ticksPerSecond: -1
21:22:27.500 [FXGL Background Thread 3 ] DEBUG Engine               - title: Flatline: Oregon
21:22:27.500 [FXGL Background Thread 3 ] DEBUG Engine               - urlGithub: https://github.com/AlmasB/FXGL
21:22:27.500 [FXGL Background Thread 3 ] DEBUG Engine               - urlLeaderboard: http://fxgl-top.herokuapp.com/
21:22:27.500 [FXGL Background Thread 3 ] DEBUG Engine               - urlPOM: https://raw.githubusercontent.com/AlmasB/FXGL/release/README.md
21:22:27.500 [FXGL Background Thread 3 ] DEBUG Engine               - userAppClass: class com.groupfour.mygame.App
21:22:27.500 [FXGL Background Thread 3 ] DEBUG Engine               - version: Beta ?
21:22:27.501 [FXGL Background Thread 3 ] DEBUG Engine               - versionCheckDays: 7
21:22:27.501 [FXGL Background Thread 3 ] DEBUG Engine               - width: 800
21:22:27.501 [FXGL Background Thread 3 ] DEBUG Engine               - Logging services
21:22:27.501 [FXGL Background Thread 3 ] DEBUG Engine               - class com.almasb.fxgl.app.services.FXGLAssetLoaderService
21:22:27.501 [FXGL Background Thread 3 ] DEBUG Engine               - class com.almasb.fxgl.app.FXGLApplication$GameApplicationService
21:22:27.502 [FXGL Background Thread 3 ] DEBUG Engine               - class com.almasb.fxgl.app.services.FXGLDialogService
21:22:27.502 [FXGL Background Thread 3 ] DEBUG Engine               - class com.almasb.fxgl.app.services.IOTaskExecutorService
21:22:27.502 [FXGL Background Thread 3 ] DEBUG Engine               - class com.almasb.fxgl.io.FileSystemService
21:22:27.502 [FXGL Background Thread 3 ] DEBUG Engine               - class com.almasb.fxgl.localization.LocalizationService
21:22:27.502 [FXGL Background Thread 3 ] DEBUG Engine               - class com.almasb.fxgl.app.services.SystemBundleService
21:22:27.502 [FXGL Background Thread 3 ] DEBUG Engine               - class com.almasb.fxgl.profile.SaveLoadService
21:22:27.502 [FXGL Background Thread 3 ] DEBUG Engine               - class com.almasb.fxgl.ui.FXGLUIFactoryServiceProvider
21:22:27.502 [FXGL Background Thread 3 ] DEBUG Engine               - class com.almasb.fxgl.ui.FXGLDialogFactoryServiceProvider
21:22:27.502 [FXGL Background Thread 3 ] DEBUG Engine               - class com.almasb.fxgl.audio.AudioPlayer
21:22:27.502 [FXGL Background Thread 3 ] DEBUG Engine               - class com.almasb.fxgl.notification.impl.NotificationServiceProvider
21:22:27.502 [FXGL Background Thread 3 ] DEBUG Engine               - class com.almasb.fxgl.achievement.AchievementService
21:22:27.503 [FXGL Background Thread 3 ] DEBUG Engine               - class com.almasb.fxgl.cutscene.CutsceneService
21:22:27.503 [FXGL Background Thread 3 ] DEBUG Engine               - class com.almasb.fxgl.minigames.MiniGameService
21:22:27.503 [FXGL Background Thread 3 ] DEBUG Engine               - class com.almasb.fxgl.net.NetService
21:22:27.503 [FXGL Background Thread 3 ] DEBUG Engine               - class com.almasb.fxgl.app.services.UpdaterService
21:22:27.503 [FXGL Background Thread 3 ] DEBUG Engine               - class com.almasb.fxgl.dev.DevService
21:22:27.503 [FXGL Background Thread 3 ] DEBUG Engine               - class com.almasb.fxgl.multiplayer.MultiplayerService
21:22:33.782 [JavaFX Application Thread] DEBUG Menu                 - fireNewGame()
21:22:33.782 [JavaFX Application Thread] DEBUG GameApplicationServi - Starting new game
21:22:33.784 [JavaFX Application Thread] DEBUG PrimaryStageWindow   - Pop state: FXGLDefaultMenu
21:22:33.784 [JavaFX Application Thread] DEBUG Input                - Clearing active input actions
21:22:33.786 [JavaFX Application Thread] DEBUG GameApplicationServi - Removing overlay from FXGLDefaultMenu and adding to FXGLMainMenuDummyScene
21:22:33.788 [JavaFX Application Thread] DEBUG PrimaryStageWindow   - FXGLMainMenuDummyScene <- FXGLDefaultMenu
21:22:33.789 [JavaFX Application Thread] DEBUG Input                - Clearing active input actions
21:22:33.797 [JavaFX Application Thread] DEBUG GameApplicationServi - Removing overlay from FXGLMainMenuDummyScene and adding to FXGLLoadingScene
21:22:33.798 [JavaFX Application Thread] DEBUG PrimaryStageWindow   - FXGLMainMenuDummyScene -> FXGLLoadingScene
21:22:33.798 [JavaFX Application Thread] DEBUG GameApplicationServi - Clearing previous game
21:22:33.798 [JavaFX Application Thread] DEBUG GameScene            - Clearing game scene
21:22:33.798 [JavaFX Application Thread] DEBUG GameWorld            - Clearing game world
21:22:33.798 [JavaFX Application Thread] DEBUG PhysicsWorld         - Clearing physics world
21:22:33.800 [FXGL Background Thread 2 ] DEBUG FXGLApplication      - Initializing game
21:22:33.842 [FXGL Background Thread 2 ] WARN  TMXLevelLoader       - TiledMap generated from 1.11.0. Supported version: 1.2.3. Some features may not be parsed fully.
21:22:33.850 [FXGL Background Thread 2 ] DEBUG TMXLevelLoader       - Parsed TiledMap: file:/C:/Users/acer/OneDrive/Desktop/git%20pull/CSS124L-FINAL-PROJECT/fp/target/classes/assets/levels/Lobby.tmx
21:22:33.852 [FXGL Background Thread 2 ] DEBUG TMXLevelLoader       - Creating tile layer entities
21:22:33.854 [FXGL Background Thread 2 ] DEBUG TilesetLoader        - Loading view for layer Tile Layer 1
21:22:33.856 [FXGL Background Thread 2 ] DEBUG TilesetLoader        - Created buffer with size 1280.0x768.0
21:22:33.867 [FXGL Background Thread 2 ] DEBUG TMXLevelLoader       - Creating object layer entities
21:22:33.882 [FXGL Background Thread 2 ] DEBUG GameWorld            - Clearing removable entities
21:22:33.882 [FXGL Background Thread 2 ] DEBUG GameWorld            - Setting level: com.almasb.fxgl.entity.level.Level@5069daa4
21:22:33.895 [FXGL Background Thread 2 ] INFO  FXGLApplication      - Game initialization took: 0.093 sec
21:22:33.896 [JavaFX Application Thread] DEBUG Input                - Clearing active input actions
21:22:33.904 [JavaFX Application Thread] DEBUG GameApplicationServi - Removing overlay from FXGLLoadingScene and adding to GameScene
21:22:33.905 [JavaFX Application Thread] DEBUG PrimaryStageWindow   - FXGLLoadingScene -> GameScene
21:22:33.907 [JavaFX Application Thread] DEBUG FXGLAssetLoaderServi - Loading from file system: file:/C:/Users/acer/OneDrive/Desktop/git%20pull/CSS124L-FINAL-PROJECT/fp/target/classes/assets/textures/Interactables/microwave_close.png
21:22:33.910 [JavaFX Application Thread] DEBUG PrimaryStageWindow   - Push state: PCM_BG
21:22:33.910 [JavaFX Application Thread] DEBUG Input                - Clearing active input actions
21:22:33.910 [JavaFX Application Thread] DEBUG GameApplicationServi - Removing overlay from GameScene and adding to PCM_BG
21:22:33.911 [JavaFX Application Thread] DEBUG PrimaryStageWindow   - GameScene -> PCM_BG
21:22:33.917 [JavaFX Application Thread] DEBUG PrimaryStageWindow   - Push state: PlayerCountMenu
21:22:33.917 [JavaFX Application Thread] DEBUG Input                - Clearing active input actions
21:22:33.917 [JavaFX Application Thread] DEBUG GameApplicationServi - Removing overlay from PCM_BG and adding to PlayerCountMenu
21:22:33.921 [JavaFX Application Thread] DEBUG PrimaryStageWindow   - PCM_BG -> PlayerCountMenu
21:22:34.528 [JavaFX Application Thread] DEBUG PrimaryStageWindow   - Push state: DialogSubScene
21:22:34.529 [JavaFX Application Thread] DEBUG Input                - Clearing active input actions
21:22:34.530 [JavaFX Application Thread] DEBUG GameApplicationServi - Removing overlay from PlayerCountMenu and adding to DialogSubScene
21:22:34.531 [JavaFX Application Thread] DEBUG PrimaryStageWindow   - PlayerCountMenu -> DialogSubScene
21:22:35.099 [JavaFX Application Thread] DEBUG PrimaryStageWindow   - Pop state: DialogSubScene
21:22:35.099 [JavaFX Application Thread] DEBUG Input                - Clearing active input actions
21:22:35.100 [JavaFX Application Thread] DEBUG GameApplicationServi - Removing overlay from DialogSubScene and adding to PlayerCountMenu
21:22:35.102 [JavaFX Application Thread] DEBUG PrimaryStageWindow   - PlayerCountMenu <- DialogSubScene
21:22:35.119 [JavaFX Application Thread] DEBUG FXGLAssetLoaderServi - Loading from file system: file:/C:/Users/acer/OneDrive/Desktop/git%20pull/CSS124L-FINAL-PROJECT/fp/target/classes/assets/sounds/Reload.mp3
21:22:35.127 [JavaFX Application Thread] DEBUG FXGLAssetLoaderServi - Loading from file system: file:/C:/Users/acer/OneDrive/Desktop/git%20pull/CSS124L-FINAL-PROJECT/fp/target/classes/assets/sounds/BerettaM9_Shoot.mp3
21:22:35.135 [JavaFX Application Thread] DEBUG FXGLAssetLoaderServi - Loading from file system: file:/C:/Users/acer/OneDrive/Desktop/git%20pull/CSS124L-FINAL-PROJECT/fp/target/classes/assets/textures/Weapons/Idle/BerettaM9_Idle.png
21:22:35.136 [JavaFX Application Thread] DEBUG FXGLAssetLoaderServi - Loading from file system: file:/C:/Users/acer/OneDrive/Desktop/git%20pull/CSS124L-FINAL-PROJECT/fp/target/classes/assets/textures/Weapons/Shooting/BerettaM9_Shooting.png
21:22:35.140 [JavaFX Application Thread] DEBUG FXGLAssetLoaderServi - Loading from file system: file:/C:/Users/acer/OneDrive/Desktop/git%20pull/CSS124L-FINAL-PROJECT/fp/target/classes/assets/textures/Players/1P_Shoot.png
21:22:35.144 [JavaFX Application Thread] DEBUG FXGLAssetLoaderServi - Loading from file system: file:/C:/Users/acer/OneDrive/Desktop/git%20pull/CSS124L-FINAL-PROJECT/fp/target/classes/assets/textures/Interactables/vending_machine.png
21:22:35.167 [ClientAsyncConnThread    ] DEBUG TCPClient            - Connecting to localhost:55555 type: class com.almasb.fxgl.core.serialization.Bundle
21:22:35.175 [ClientAsyncConnThread    ] DEBUG TCPClient            - Created socket to localhost:55555
21:22:35.184 [ClientAsyncConnThread    ] DEBUG Endpoint             - TCPClient opening new connection (1) from localhost/127.0.0.1:55555 type: class com.almasb.fxgl.core.serialization.Bundle
21:22:35.187 [ClientAsyncConnThread    ] DEBUG Endpoint             - TCPClient successfully opened connection (1)
21:22:35.195 [JavaFX Application Thread] DEBUG PrimaryStageWindow   - Pop state: PlayerCountMenu
21:22:35.195 [JavaFX Application Thread] DEBUG Input                - Clearing active input actions
21:22:35.196 [JavaFX Application Thread] DEBUG GameApplicationServi - Removing overlay from PlayerCountMenu and adding to PCM_BG
21:22:35.197 [JavaFX Application Thread] DEBUG PrimaryStageWindow   - PCM_BG <- PlayerCountMenu
21:22:35.198 [JavaFX Application Thread] DEBUG PrimaryStageWindow   - Pop state: PCM_BG
21:22:35.198 [JavaFX Application Thread] DEBUG Input                - Clearing active input actions
21:22:35.198 [JavaFX Application Thread] DEBUG GameApplicationServi - Removing overlay from PCM_BG and adding to GameScene
21:22:35.198 [JavaFX Application Thread] DEBUG PrimaryStageWindow   - GameScene <- PCM_BG
21:22:35.198 [TCPClient_SendThread-1   ] DEBUG Writers              - Getting TCPMessageWriter for class com.almasb.fxgl.core.serialization.Bundle
21:22:35.200 [TCPClient_RecvThread-1   ] DEBUG Readers              - Getting TCPMessageReader for class com.almasb.fxgl.core.serialization.Bundle
21:22:35.202 [TCPClient_SendThread-1   ] DEBUG Writers              - Constructed TCPMessageWriter for class com.almasb.fxgl.core.serialization.Bundle: BundleTCPMessageWriter
21:22:35.211 [TCPClient_RecvThread-1   ] DEBUG Readers              - Constructed MessageReader for class com.almasb.fxgl.core.serialization.Bundle: BundleTCPMessageReader
21:22:44.050 [JavaFX Application Thread] DEBUG FXGLApplication      - Exiting FXGL
21:22:44.050 [JavaFX Application Thread] DEBUG LoopRunner           - Stopping loop
21:22:44.050 [JavaFX Application Thread] DEBUG SystemBundleService  - Saving FXGL system data
21:22:44.052 [JavaFX Application Thread] DEBUG FileSystemAccess     - Writing to: C:\Users\acer\OneDrive\Desktop\git pull\CSS124L-FINAL-PROJECT\system\fxgl.bundle
21:22:44.056 [JavaFX Application Thread] DEBUG Async                - Shutting down background threads
21:22:44.056 [JavaFX Application Thread] DEBUG PrimaryStageWindow   - Closing main window
21:22:44.144 [JavaFX Application Thread] DEBUG Logger               - Closing Logger
