10:56:00.045 [main                     ] DEBUG Logger               - Configured Logger
10:56:00.067 [main                     ] DEBUG GameApplication      - Logging settings
Title: Flatline: Oregon
Version: Alpha 0.3
Width: 800
Height: 600
Fullscreen: false
Intro: false
Profiling: false
Single step:false
App Mode: DEVELOPER
Menu Key: ESCAPE
Stage Style: DECORATED
Scene Factory: class com.groupfour.mygame.App$1

10:56:00.420 [JavaFX Application Thread] DEBUG FXGLApplication      - Initializing FXGL
10:56:00.422 [JavaFX Application Thread] INFO  Engine               - FXGL-dev-SNAPSHOT (28.07.2021 16.39) on WINDOWS (J:11.0.22 FX:16)
10:56:00.422 [JavaFX Application Thread] DEBUG Engine               - JRE Vendor Name: Oracle Corporation
10:56:00.423 [JavaFX Application Thread] DEBUG Engine               - Running on OS: Windows 11 version 10.0
10:56:00.423 [JavaFX Application Thread] DEBUG Engine               - Architecture: amd64
10:56:00.423 [JavaFX Application Thread] INFO  Engine               - Source code and latest versions at: https://github.com/AlmasB/FXGL
10:56:00.423 [JavaFX Application Thread] INFO  Engine               -              Join the FXGL chat at: https://gitter.im/AlmasB/FXGL
10:56:00.490 [JavaFX Application Thread] DEBUG PrimaryStageWindow   - Creating a JavaFX scene
10:56:00.529 [JavaFX Application Thread] DEBUG PrimaryStageWindow   - Target settings size: 800.0 x 600.0
10:56:00.530 [JavaFX Application Thread] DEBUG PrimaryStageWindow   - Scaled scene size:    800.0 x 600.0
10:56:00.530 [JavaFX Application Thread] DEBUG PrimaryStageWindow   - Scaled ratio: (1.0, 1.0)
10:56:00.530 [JavaFX Application Thread] DEBUG PrimaryStageWindow   - Set initial scene to FXGLStartupScene
10:56:00.534 [JavaFX Application Thread] DEBUG PrimaryStageWindow   - Opening main window
10:56:00.592 [JavaFX Application Thread] DEBUG PrimaryStageWindow   - Window border size: (14.4000244140625, 37.5999755859375)
10:56:00.593 [JavaFX Application Thread] DEBUG PrimaryStageWindow   - Scaled size: 800.0 x 600.0
10:56:00.593 [JavaFX Application Thread] DEBUG PrimaryStageWindow   - Scaled ratio: (1.0, 1.0)
10:56:00.593 [JavaFX Application Thread] DEBUG PrimaryStageWindow   - Scene size: 800.0 x 600.0
10:56:00.593 [JavaFX Application Thread] DEBUG PrimaryStageWindow   - Stage size: 814.4000244140625 x 637.5999755859375
10:56:00.597 [FXGL Background Thread 1 ] DEBUG Engine               - Initializing environment variables
10:56:00.637 [FXGL Background Thread 1 ] DEBUG FXGLAssetLoaderServi - User app class for loading assets: class com.groupfour.mygame.App
10:56:00.637 [FXGL Background Thread 1 ] DEBUG GameApplicationServi - Applying CSS: fxgl_dark.css
10:56:00.638 [FXGL Background Thread 1 ] DEBUG FXGLAssetLoaderServi - Loading from file system: jar:file:///C:/Users/acer/.m2/repository/com/github/almasb/fxgl/dev-SNAPSHOT/fxgl-dev-SNAPSHOT.jar!/fxglassets/ui/css/fxgl_dark.css
10:56:00.668 [FXGL Background Thread 1 ] DEBUG GameApplicationServi - Initializing application scenes
10:56:00.694 [FXGL Background Thread 1 ] DEBUG GameWorld            - Game world initialized
10:56:00.734 [FXGL Background Thread 1 ] DEBUG PhysicsWorld         - Physics world initialized: appHeight=600, physics.ppm=50.0
10:56:00.734 [FXGL Background Thread 1 ] DEBUG PhysicsWorld         - Using strategy: BRUTE_FORCE
10:56:00.737 [FXGL Background Thread 1 ] DEBUG GameScene            - Game scene initialized: 800x600
10:56:00.746 [FXGL Background Thread 1 ] DEBUG FXGL.DefaultMenu     - createMenuBodyMainMenu()
10:56:00.757 [FXGL Background Thread 1 ] DEBUG FXGL.DefaultMenu     - createOptionsMenu()
10:56:00.763 [FXGL Background Thread 1 ] DEBUG FXGLAssetLoaderServi - Loading from file system: jar:file:///C:/Users/acer/.m2/repository/com/github/almasb/fxgl/dev-SNAPSHOT/fxgl-dev-SNAPSHOT.jar!/fxglassets/textures/particles/smoke.png
10:56:00.828 [FXGL Background Thread 1 ] DEBUG FXGLAssetLoaderServi - Loading from file system: jar:file:///C:/Users/acer/.m2/repository/com/github/almasb/fxgl/dev-SNAPSHOT/fxgl-dev-SNAPSHOT.jar!/fxglassets/textures/particles/trace_horizontal.png
10:56:00.856 [FXGL Background Thread 1 ] DEBUG GameApplicationServi - Application scenes initialized
10:56:00.867 [FXGL Background Thread 1 ] DEBUG SystemBundleService  - Loading FXGL system data
10:56:00.875 [FXGL Background Thread 1 ] DEBUG FileSystemAccess     - Reading from: C:\Users\acer\OneDrive\Desktop\git pull\CSS124L-FINAL-PROJECT\system\fxgl.bundle
10:56:00.882 [FXGL Background Thread 1 ] DEBUG SystemBundleService  - Bundle FXGL: {}
10:56:00.882 [FXGL Background Thread 1 ] DEBUG UpdaterService       - Checking for updates
10:56:00.919 [FXGL Background Thread 4 ] DEBUG FXGLApplication      - Loading fonts
10:56:00.919 [FXGL Background Thread 1 ] DEBUG FXGLApplication      - Loading default localization
10:56:00.919 [FXGL Background Thread 4 ] DEBUG FXGLAssetLoaderServi - Loading from file system: jar:file:///C:/Users/acer/.m2/repository/com/github/almasb/fxgl/dev-SNAPSHOT/fxgl-dev-SNAPSHOT.jar!/fxglassets/ui/fonts/VarelaRound-Regular.ttf
10:56:00.920 [FXGL Background Thread 1 ] DEBUG FXGLAssetLoaderServi - Loading from file system: jar:file:///C:/Users/acer/.m2/repository/com/github/almasb/fxgl/dev-SNAPSHOT/fxgl-dev-SNAPSHOT.jar!/fxglassets/languages/english.lang
10:56:00.935 [FXGL Background Thread 1 ] INFO  FXGLApplication      - FXGL initialization took: 0.338 sec
10:56:00.949 [JavaFX Application Thread] DEBUG Input                - Registered new binding: Move Upwards - W
10:56:00.949 [JavaFX Application Thread] DEBUG Input                - Registered new binding: Move Down - S
10:56:00.949 [JavaFX Application Thread] DEBUG Input                - Registered new binding: Move Left - A
10:56:00.949 [JavaFX Application Thread] DEBUG Input                - Registered new binding: Move Right - D
10:56:00.950 [JavaFX Application Thread] DEBUG Input                - Registered new binding: Reload - R
10:56:00.951 [JavaFX Application Thread] DEBUG Input                - Registered new binding: Shoot - LMB
10:56:00.951 [JavaFX Application Thread] DEBUG Input                - Registered new binding: Switch Weapons - Q
10:56:00.951 [JavaFX Application Thread] DEBUG Input                - Registered new binding: Interact - F
10:56:00.952 [JavaFX Application Thread] DEBUG FXGLAssetLoaderServi - Loading from file system: jar:file:///C:/Users/acer/.m2/repository/com/github/almasb/fxgl/dev-SNAPSHOT/fxgl-dev-SNAPSHOT.jar!/fxglassets/textures/fxgl_icon.png
10:56:00.974 [JavaFX Application Thread] DEBUG FXGLAssetLoaderServi - Loading from file system: jar:file:///C:/Users/acer/.m2/repository/com/github/almasb/fxgl/dev-SNAPSHOT/fxgl-dev-SNAPSHOT.jar!/fxglassets/textures/fxgl_default_cursor.png
10:56:00.978 [JavaFX Application Thread] DEBUG Input                - Registered new binding: Screenshot - CTRL+8
10:56:00.979 [JavaFX Application Thread] DEBUG Input                - Registered new binding: Dev Options - 1
10:56:00.979 [JavaFX Application Thread] DEBUG Input                - Registered new binding: Dev Console - 2
10:56:00.980 [JavaFX Application Thread] DEBUG Input                - Registered new binding: System info dump - CTRL+9
10:56:00.981 [JavaFX Application Thread] DEBUG Input                - Registered new binding: Restart - CTRL+R
10:56:00.981 [JavaFX Application Thread] DEBUG Input                - Registered new binding: Toggle Debug Camera - CTRL+C
10:56:00.985 [JavaFX Application Thread] DEBUG LoopRunner           - Starting loop
10:56:01.003 [JavaFX Application Thread] DEBUG LoopRunner           - Initializing JavaFX AnimationTimerLoop
10:56:01.006 [JavaFX Application Thread] DEBUG Input                - Clearing active input actions
10:56:01.014 [JavaFX Application Thread] DEBUG GameApplicationServi - Removing overlay from FXGLStartupScene and adding to FXGLMainMenuDummyScene
10:56:01.018 [JavaFX Application Thread] DEBUG PrimaryStageWindow   - FXGLStartupScene -> FXGLMainMenuDummyScene
10:56:01.018 [JavaFX Application Thread] DEBUG PrimaryStageWindow   - Push state: FXGLDefaultMenu
10:56:01.022 [JavaFX Application Thread] DEBUG Input                - Clearing active input actions
10:56:01.029 [JavaFX Application Thread] DEBUG GameApplicationServi - Removing overlay from FXGLMainMenuDummyScene and adding to FXGLDefaultMenu
10:56:01.030 [JavaFX Application Thread] DEBUG PrimaryStageWindow   - FXGLMainMenuDummyScene -> FXGLDefaultMenu
10:56:01.391 [FXGL Background Thread 4 ] DEBUG FXGLAssetLoaderServi - Loading from file system: jar:file:///C:/Users/acer/.m2/repository/com/github/almasb/fxgl/dev-SNAPSHOT/fxgl-dev-SNAPSHOT.jar!/fxglassets/ui/fonts/Abel-Regular.ttf
10:56:01.397 [FXGL Background Thread 4 ] DEBUG FXGLAssetLoaderServi - Loading from file system: jar:file:///C:/Users/acer/.m2/repository/com/github/almasb/fxgl/dev-SNAPSHOT/fxgl-dev-SNAPSHOT.jar!/fxglassets/ui/fonts/lucida_console.ttf
10:56:01.405 [FXGL Background Thread 4 ] DEBUG FXGLAssetLoaderServi - Loading from file system: jar:file:///C:/Users/acer/.m2/repository/com/github/almasb/fxgl/dev-SNAPSHOT/fxgl-dev-SNAPSHOT.jar!/fxglassets/ui/fonts/Courier-Prime.ttf
10:56:01.418 [JavaFX Application Thread] DEBUG FXGLApplication      - Registering font factories with UI factory
10:56:01.728 [FXGL Background Thread 2 ] INFO  UpdaterService       - Your current version:  dev-SNAPSHOT
10:56:01.728 [FXGL Background Thread 2 ] INFO  UpdaterService       - Latest stable version: 21.1
10:56:03.162 [JavaFX Application Thread] DEBUG Menu                 - fireNewGame()
10:56:03.162 [JavaFX Application Thread] DEBUG GameApplicationServi - Starting new game
10:56:03.164 [JavaFX Application Thread] DEBUG PrimaryStageWindow   - Pop state: FXGLDefaultMenu
10:56:03.164 [JavaFX Application Thread] DEBUG Input                - Clearing active input actions
10:56:03.165 [JavaFX Application Thread] DEBUG GameApplicationServi - Removing overlay from FXGLDefaultMenu and adding to FXGLMainMenuDummyScene
10:56:03.166 [JavaFX Application Thread] DEBUG PrimaryStageWindow   - FXGLMainMenuDummyScene <- FXGLDefaultMenu
10:56:03.166 [JavaFX Application Thread] DEBUG Input                - Clearing active input actions
10:56:03.170 [JavaFX Application Thread] DEBUG GameApplicationServi - Removing overlay from FXGLMainMenuDummyScene and adding to FXGLLoadingScene
10:56:03.171 [JavaFX Application Thread] DEBUG PrimaryStageWindow   - FXGLMainMenuDummyScene -> FXGLLoadingScene
10:56:03.171 [JavaFX Application Thread] DEBUG GameApplicationServi - Clearing previous game
10:56:03.171 [JavaFX Application Thread] DEBUG GameScene            - Clearing game scene
10:56:03.171 [JavaFX Application Thread] DEBUG GameWorld            - Clearing game world
10:56:03.171 [JavaFX Application Thread] DEBUG PhysicsWorld         - Clearing physics world
10:56:03.172 [FXGL Background Thread 2 ] DEBUG FXGLApplication      - Initializing game
10:56:03.208 [FXGL Background Thread 2 ] WARN  TMXLevelLoader       - TiledMap generated from 1.11.0. Supported version: 1.2.3. Some features may not be parsed fully.
10:56:03.214 [FXGL Background Thread 2 ] DEBUG TMXLevelLoader       - Parsed TiledMap: file:/C:/Users/acer/OneDrive/Desktop/git%20pull/CSS124L-FINAL-PROJECT/fp/target/classes/assets/levels/Lobby.tmx
10:56:03.215 [FXGL Background Thread 2 ] DEBUG TMXLevelLoader       - Creating tile layer entities
10:56:03.216 [FXGL Background Thread 2 ] DEBUG TilesetLoader        - Loading view for layer Tile Layer 1
10:56:03.217 [FXGL Background Thread 2 ] DEBUG TilesetLoader        - Created buffer with size 1280.0x768.0
10:56:03.224 [FXGL Background Thread 2 ] DEBUG TMXLevelLoader       - Creating object layer entities
10:56:03.243 [FXGL Background Thread 2 ] DEBUG GameWorld            - Clearing removable entities
10:56:03.243 [FXGL Background Thread 2 ] DEBUG GameWorld            - Setting level: com.almasb.fxgl.entity.level.Level@4340f696
10:56:03.261 [FXGL Background Thread 2 ] INFO  FXGLApplication      - Game initialization took: 0.089 sec
10:56:03.268 [JavaFX Application Thread] DEBUG Input                - Clearing active input actions
10:56:03.271 [JavaFX Application Thread] DEBUG GameApplicationServi - Removing overlay from FXGLLoadingScene and adding to GameScene
10:56:03.272 [JavaFX Application Thread] DEBUG PrimaryStageWindow   - FXGLLoadingScene -> GameScene
10:56:03.304 [JavaFX Application Thread] DEBUG PrimaryStageWindow   - Push state: PlayerCountMenu
10:56:03.304 [JavaFX Application Thread] DEBUG Input                - Clearing active input actions
10:56:03.304 [JavaFX Application Thread] DEBUG GameApplicationServi - Removing overlay from GameScene and adding to PlayerCountMenu
10:56:03.305 [JavaFX Application Thread] DEBUG PrimaryStageWindow   - GameScene -> PlayerCountMenu
10:56:03.723 [JavaFX Application Thread] DEBUG FXGLAssetLoaderServi - Loading from file system: file:/C:/Users/acer/OneDrive/Desktop/git%20pull/CSS124L-FINAL-PROJECT/fp/target/classes/assets/textures/Weapons/Idle/BerettaM9_Idle.png
10:56:03.726 [JavaFX Application Thread] DEBUG FXGLAssetLoaderServi - Loading from file system: file:/C:/Users/acer/OneDrive/Desktop/git%20pull/CSS124L-FINAL-PROJECT/fp/target/classes/assets/textures/Weapons/Shooting/BerettaM9_Shooting.png
10:56:03.728 [JavaFX Application Thread] DEBUG FXGLAssetLoaderServi - Loading from file system: file:/C:/Users/acer/OneDrive/Desktop/git%20pull/CSS124L-FINAL-PROJECT/fp/target/classes/assets/textures/Players/1P_Shoot.png
10:56:03.730 [JavaFX Application Thread] DEBUG FXGLAssetLoaderServi - Loading from file system: file:/C:/Users/acer/OneDrive/Desktop/git%20pull/CSS124L-FINAL-PROJECT/fp/target/classes/assets/textures/Interactables/vending_machine.png
10:56:03.732 [JavaFX Application Thread] DEBUG FXGLAssetLoaderServi - Loading from file system: file:/C:/Users/acer/OneDrive/Desktop/git%20pull/CSS124L-FINAL-PROJECT/fp/target/classes/assets/textures/Interactables/microwave_close.png
10:56:03.734 [JavaFX Application Thread] DEBUG PrimaryStageWindow   - Pop state: PlayerCountMenu
10:56:03.734 [JavaFX Application Thread] DEBUG Input                - Clearing active input actions
10:56:03.734 [JavaFX Application Thread] DEBUG GameApplicationServi - Removing overlay from PlayerCountMenu and adding to GameScene
10:56:03.734 [JavaFX Application Thread] DEBUG PrimaryStageWindow   - GameScene <- PlayerCountMenu
10:56:03.831 [JavaFX Application Thread] DEBUG FXGLAssetLoaderServi - Loading from file system: file:/C:/Users/acer/OneDrive/Desktop/git%20pull/CSS124L-FINAL-PROJECT/fp/target/classes/assets/textures/Zombies/Basic_Zombie_Walking.png
10:56:03.833 [JavaFX Application Thread] DEBUG FXGLAssetLoaderServi - Loading from file system: file:/C:/Users/acer/OneDrive/Desktop/git%20pull/CSS124L-FINAL-PROJECT/fp/target/classes/assets/textures/Zombies/Basic_Zombie_Attack.png
10:56:03.918 [FXGL Background Thread 3 ] DEBUG Engine               - Logging environment variables
10:56:03.918 [FXGL Background Thread 3 ] DEBUG Engine               - achievements: []
10:56:03.918 [FXGL Background Thread 3 ] DEBUG Engine               - actualHeight: 600.0
10:56:03.918 [FXGL Background Thread 3 ] DEBUG Engine               - actualHeightProperty: ReadOnlyDoubleProperty [value: 600.0]
10:56:03.918 [FXGL Background Thread 3 ] DEBUG Engine               - actualWidth: 800.0
10:56:03.918 [FXGL Background Thread 3 ] DEBUG Engine               - actualWidthProperty: ReadOnlyDoubleProperty [value: 800.0]
10:56:03.918 [FXGL Background Thread 3 ] DEBUG Engine               - appIcon: fxgl_icon.png
10:56:03.919 [FXGL Background Thread 3 ] DEBUG Engine               - applicationMode: DEVELOPER
10:56:03.919 [FXGL Background Thread 3 ] DEBUG Engine               - cSSList: [fxgl_dark.css]
10:56:03.919 [FXGL Background Thread 3 ] DEBUG Engine               - collisionDetectionStrategy: BRUTE_FORCE
10:56:03.919 [FXGL Background Thread 3 ] DEBUG Engine               - configClass: Optional.empty
10:56:03.919 [FXGL Background Thread 3 ] DEBUG Engine               - credits: []
10:56:03.919 [FXGL Background Thread 3 ] DEBUG Engine               - defaultCursor: CursorInfo(imageName=fxgl_default_cursor.png, hotspotX=7.0, hotspotY=6.0)
10:56:03.920 [FXGL Background Thread 3 ] DEBUG Engine               - devBBoxColorProperty: ObjectProperty [value: 0xff0000ff]
10:56:03.920 [FXGL Background Thread 3 ] DEBUG Engine               - devEnableDebugCameraProperty: BooleanProperty [value: false]
10:56:03.920 [FXGL Background Thread 3 ] DEBUG Engine               - devSensorColorProperty: ObjectProperty [value: 0xffff00ff]
10:56:03.920 [FXGL Background Thread 3 ] DEBUG Engine               - devShowBBoxProperty: BooleanProperty [value: false]
10:56:03.920 [FXGL Background Thread 3 ] DEBUG Engine               - devShowPositionProperty: BooleanProperty [value: false]
10:56:03.920 [FXGL Background Thread 3 ] DEBUG Engine               - enabledMenuItems: []
10:56:03.920 [FXGL Background Thread 3 ] DEBUG Engine               - engineServices: [class com.almasb.fxgl.app.services.FXGLAssetLoaderService, class com.almasb.fxgl.app.FXGLApplication$GameApplicationService, class com.almasb.fxgl.app.services.FXGLDialogService, class com.almasb.fxgl.app.services.IOTaskExecutorService, class com.almasb.fxgl.io.FileSystemService, class com.almasb.fxgl.localization.LocalizationService, class com.almasb.fxgl.app.services.SystemBundleService, class com.almasb.fxgl.profile.SaveLoadService, class com.almasb.fxgl.ui.FXGLUIFactoryServiceProvider, class com.almasb.fxgl.ui.FXGLDialogFactoryServiceProvider, class com.almasb.fxgl.audio.AudioPlayer, class com.almasb.fxgl.notification.impl.NotificationServiceProvider, class com.almasb.fxgl.achievement.AchievementService, class com.almasb.fxgl.cutscene.CutsceneService, class com.almasb.fxgl.minigames.MiniGameService, class com.almasb.fxgl.net.NetService, class com.almasb.fxgl.app.services.UpdaterService, class com.almasb.fxgl.dev.DevService, class com.almasb.fxgl.multiplayer.MultiplayerService]
10:56:03.920 [FXGL Background Thread 3 ] DEBUG Engine               - fontGame: Abel-Regular.ttf
10:56:03.920 [FXGL Background Thread 3 ] DEBUG Engine               - fontMono: lucida_console.ttf
10:56:03.920 [FXGL Background Thread 3 ] DEBUG Engine               - fontText: Courier-Prime.ttf
10:56:03.920 [FXGL Background Thread 3 ] DEBUG Engine               - fontUI: VarelaRound-Regular.ttf
10:56:03.920 [FXGL Background Thread 3 ] DEBUG Engine               - fullScreen: BooleanProperty [value: false]
10:56:03.920 [FXGL Background Thread 3 ] DEBUG Engine               - gameDifficulty: MEDIUM
10:56:03.920 [FXGL Background Thread 3 ] DEBUG Engine               - gameDifficultyProperty: ObjectProperty [value: MEDIUM]
10:56:03.920 [FXGL Background Thread 3 ] DEBUG Engine               - globalMusicVolume: 0.5
10:56:03.920 [FXGL Background Thread 3 ] DEBUG Engine               - globalMusicVolumeProperty: DoubleProperty [value: 0.5]
10:56:03.920 [FXGL Background Thread 3 ] DEBUG Engine               - globalSoundVolume: 0.5
10:56:03.920 [FXGL Background Thread 3 ] DEBUG Engine               - globalSoundVolumeProperty: DoubleProperty [value: 0.5]
10:56:03.920 [FXGL Background Thread 3 ] DEBUG Engine               - height: 600
10:56:03.921 [FXGL Background Thread 3 ] DEBUG Engine               - is3D: false
10:56:03.921 [FXGL Background Thread 3 ] DEBUG Engine               - isAndroid: false
10:56:03.921 [FXGL Background Thread 3 ] DEBUG Engine               - isBrowser: false
10:56:03.921 [FXGL Background Thread 3 ] DEBUG Engine               - isClickFeedbackEnabled: false
10:56:03.921 [FXGL Background Thread 3 ] DEBUG Engine               - isCloseConfirmation: false
10:56:03.921 [FXGL Background Thread 3 ] DEBUG Engine               - isDesktop: true
10:56:03.921 [FXGL Background Thread 3 ] DEBUG Engine               - isDeveloperMenuEnabled: true
10:56:03.921 [FXGL Background Thread 3 ] DEBUG Engine               - isEmbedded: false
10:56:03.921 [FXGL Background Thread 3 ] DEBUG Engine               - isEntityPreloadEnabled: true
10:56:03.921 [FXGL Background Thread 3 ] DEBUG Engine               - isExperimentalTiledLargeMap: false
10:56:03.921 [FXGL Background Thread 3 ] DEBUG Engine               - isFileSystemWriteAllowed: true
10:56:03.921 [FXGL Background Thread 3 ] DEBUG Engine               - isFullScreenAllowed: false
10:56:03.921 [FXGL Background Thread 3 ] DEBUG Engine               - isFullScreenFromStart: false
10:56:03.921 [FXGL Background Thread 3 ] DEBUG Engine               - isGameMenuEnabled: true
10:56:03.921 [FXGL Background Thread 3 ] DEBUG Engine               - isIOS: false
10:56:03.921 [FXGL Background Thread 3 ] DEBUG Engine               - isIntroEnabled: false
10:56:03.921 [FXGL Background Thread 3 ] DEBUG Engine               - isLinux: false
10:56:03.921 [FXGL Background Thread 3 ] DEBUG Engine               - isMac: false
10:56:03.921 [FXGL Background Thread 3 ] DEBUG Engine               - isMainMenuEnabled: true
10:56:03.921 [FXGL Background Thread 3 ] DEBUG Engine               - isManualResizeEnabled: false
10:56:03.921 [FXGL Background Thread 3 ] DEBUG Engine               - isMobile: false
10:56:03.921 [FXGL Background Thread 3 ] DEBUG Engine               - isNative: false
10:56:03.921 [FXGL Background Thread 3 ] DEBUG Engine               - isPauseMusicWhenMinimized: true
10:56:03.921 [FXGL Background Thread 3 ] DEBUG Engine               - isPreserveResizeRatio: false
10:56:03.921 [FXGL Background Thread 3 ] DEBUG Engine               - isProfilingEnabled: false
10:56:03.921 [FXGL Background Thread 3 ] DEBUG Engine               - isScaleAffectedOnResize: true
10:56:03.921 [FXGL Background Thread 3 ] DEBUG Engine               - isSingleStep: false
10:56:03.921 [FXGL Background Thread 3 ] DEBUG Engine               - isUserProfileEnabled: false
10:56:03.921 [FXGL Background Thread 3 ] DEBUG Engine               - isWindows: true
10:56:03.921 [FXGL Background Thread 3 ] DEBUG Engine               - language: ObjectProperty [value: ENGLISH]
10:56:03.921 [FXGL Background Thread 3 ] DEBUG Engine               - menuKey: ESCAPE
10:56:03.921 [FXGL Background Thread 3 ] DEBUG Engine               - mouseSensitivity: 0.2
10:56:03.921 [FXGL Background Thread 3 ] DEBUG Engine               - notificationViewClass: class com.almasb.fxgl.notification.view.XboxNotificationView
10:56:03.921 [FXGL Background Thread 3 ] DEBUG Engine               - pixelsPerMeter: 50.0
10:56:03.921 [FXGL Background Thread 3 ] DEBUG Engine               - platform: WINDOWS
10:56:03.921 [FXGL Background Thread 3 ] DEBUG Engine               - prefHeightProperty: ReadOnlyDoubleProperty [value: 600.0]
10:56:03.921 [FXGL Background Thread 3 ] DEBUG Engine               - prefWidthProperty: ReadOnlyDoubleProperty [value: 800.0]
10:56:03.922 [FXGL Background Thread 3 ] DEBUG Engine               - profileDir: profiles/
10:56:03.922 [FXGL Background Thread 3 ] DEBUG Engine               - profileName: StringProperty [value: DEFAULT]
10:56:03.922 [FXGL Background Thread 3 ] DEBUG Engine               - randomSeed: -1
10:56:03.922 [FXGL Background Thread 3 ] DEBUG Engine               - runtimeInfo: RuntimeInfo(platform=WINDOWS, version=dev-SNAPSHOT, build=28.07.2021 16.39)
10:56:03.922 [FXGL Background Thread 3 ] DEBUG Engine               - saveFileExt: sav
10:56:03.922 [FXGL Background Thread 3 ] DEBUG Engine               - scaledHeightProp$fxgl: DoubleProperty [bound, value: 600.0]
10:56:03.922 [FXGL Background Thread 3 ] DEBUG Engine               - scaledWidthProp$fxgl: DoubleProperty [bound, value: 800.0]
10:56:03.922 [FXGL Background Thread 3 ] DEBUG Engine               - sceneFactory: com.groupfour.mygame.App$1@798dde15
10:56:03.922 [FXGL Background Thread 3 ] DEBUG Engine               - secondsIn24h: 60
10:56:03.922 [FXGL Background Thread 3 ] DEBUG Engine               - soundMenuBack: menu/back.wav
10:56:03.922 [FXGL Background Thread 3 ] DEBUG Engine               - soundMenuPress: menu/press.wav
10:56:03.922 [FXGL Background Thread 3 ] DEBUG Engine               - soundMenuSelect: menu/select.wav
10:56:03.922 [FXGL Background Thread 3 ] DEBUG Engine               - soundNotification: core/notification.wav
10:56:03.922 [FXGL Background Thread 3 ] DEBUG Engine               - stageStyle: DECORATED
10:56:03.922 [FXGL Background Thread 3 ] DEBUG Engine               - supportedLanguages: [ENGLISH, FRENCH, GERMAN, HUNGARIAN, RUSSIAN]
10:56:03.922 [FXGL Background Thread 3 ] DEBUG Engine               - ticksPerSecond: -1
10:56:03.922 [FXGL Background Thread 3 ] DEBUG Engine               - title: Flatline: Oregon
10:56:03.922 [FXGL Background Thread 3 ] DEBUG Engine               - urlGithub: https://github.com/AlmasB/FXGL
10:56:03.922 [FXGL Background Thread 3 ] DEBUG Engine               - urlLeaderboard: http://fxgl-top.herokuapp.com/
10:56:03.922 [FXGL Background Thread 3 ] DEBUG Engine               - urlPOM: https://raw.githubusercontent.com/AlmasB/FXGL/release/README.md
10:56:03.922 [FXGL Background Thread 3 ] DEBUG Engine               - userAppClass: class com.groupfour.mygame.App
10:56:03.922 [FXGL Background Thread 3 ] DEBUG Engine               - version: Alpha 0.3
10:56:03.922 [FXGL Background Thread 3 ] DEBUG Engine               - versionCheckDays: 7
10:56:03.922 [FXGL Background Thread 3 ] DEBUG Engine               - width: 800
10:56:03.922 [FXGL Background Thread 3 ] DEBUG Engine               - Logging services
10:56:03.922 [FXGL Background Thread 3 ] DEBUG Engine               - class com.almasb.fxgl.app.services.FXGLAssetLoaderService
10:56:03.922 [FXGL Background Thread 3 ] DEBUG Engine               - class com.almasb.fxgl.app.FXGLApplication$GameApplicationService
10:56:03.922 [FXGL Background Thread 3 ] DEBUG Engine               - class com.almasb.fxgl.app.services.FXGLDialogService
10:56:03.923 [FXGL Background Thread 3 ] DEBUG Engine               - class com.almasb.fxgl.app.services.IOTaskExecutorService
10:56:03.923 [FXGL Background Thread 3 ] DEBUG Engine               - class com.almasb.fxgl.io.FileSystemService
10:56:03.923 [FXGL Background Thread 3 ] DEBUG Engine               - class com.almasb.fxgl.localization.LocalizationService
10:56:03.923 [FXGL Background Thread 3 ] DEBUG Engine               - class com.almasb.fxgl.app.services.SystemBundleService
10:56:03.923 [FXGL Background Thread 3 ] DEBUG Engine               - class com.almasb.fxgl.profile.SaveLoadService
10:56:03.923 [FXGL Background Thread 3 ] DEBUG Engine               - class com.almasb.fxgl.ui.FXGLUIFactoryServiceProvider
10:56:03.923 [FXGL Background Thread 3 ] DEBUG Engine               - class com.almasb.fxgl.ui.FXGLDialogFactoryServiceProvider
10:56:03.923 [FXGL Background Thread 3 ] DEBUG Engine               - class com.almasb.fxgl.audio.AudioPlayer
10:56:03.923 [FXGL Background Thread 3 ] DEBUG Engine               - class com.almasb.fxgl.notification.impl.NotificationServiceProvider
10:56:03.923 [FXGL Background Thread 3 ] DEBUG Engine               - class com.almasb.fxgl.achievement.AchievementService
10:56:03.923 [FXGL Background Thread 3 ] DEBUG Engine               - class com.almasb.fxgl.cutscene.CutsceneService
10:56:03.923 [FXGL Background Thread 3 ] DEBUG Engine               - class com.almasb.fxgl.minigames.MiniGameService
10:56:03.923 [FXGL Background Thread 3 ] DEBUG Engine               - class com.almasb.fxgl.net.NetService
10:56:03.923 [FXGL Background Thread 3 ] DEBUG Engine               - class com.almasb.fxgl.app.services.UpdaterService
10:56:03.923 [FXGL Background Thread 3 ] DEBUG Engine               - class com.almasb.fxgl.dev.DevService
10:56:03.923 [FXGL Background Thread 3 ] DEBUG Engine               - class com.almasb.fxgl.multiplayer.MultiplayerService
10:56:19.657 [JavaFX Application Thread] DEBUG FXGLApplication      - Exiting FXGL
10:56:19.657 [JavaFX Application Thread] DEBUG LoopRunner           - Stopping loop
10:56:19.657 [JavaFX Application Thread] DEBUG SystemBundleService  - Saving FXGL system data
10:56:19.658 [JavaFX Application Thread] DEBUG FileSystemAccess     - Writing to: C:\Users\acer\OneDrive\Desktop\git pull\CSS124L-FINAL-PROJECT\system\fxgl.bundle
10:56:19.660 [JavaFX Application Thread] DEBUG Async                - Shutting down background threads
10:56:19.660 [JavaFX Application Thread] DEBUG PrimaryStageWindow   - Closing main window
10:56:19.680 [JavaFX Application Thread] DEBUG Logger               - Closing Logger
