02:06:48.669 [main                     ] DEBUG Logger               - Configured Logger
02:06:48.690 [main                     ] DEBUG GameApplication      - Logging settings
Title: Flatline: Oregon
Version: Alpha 0.19021902
Width: 800
Height: 600
Fullscreen: false
Intro: false
Profiling: false
Single step:false
App Mode: DEVELOPER
Menu Key: ESCAPE
Stage Style: DECORATED
Scene Factory: class com.groupfour.mygame.App$1

02:06:48.974 [JavaFX Application Thread] DEBUG FXGLApplication      - Initializing FXGL
02:06:48.975 [JavaFX Application Thread] INFO  Engine               - FXGL-dev-SNAPSHOT (28.07.2021 16.39) on WINDOWS (J:11.0.22 FX:16)
02:06:48.976 [JavaFX Application Thread] DEBUG Engine               - JRE Vendor Name: Oracle Corporation
02:06:48.976 [JavaFX Application Thread] DEBUG Engine               - Running on OS: Windows 11 version 10.0
02:06:48.976 [JavaFX Application Thread] DEBUG Engine               - Architecture: amd64
02:06:48.976 [JavaFX Application Thread] INFO  Engine               - Source code and latest versions at: https://github.com/AlmasB/FXGL
02:06:48.977 [JavaFX Application Thread] INFO  Engine               -              Join the FXGL chat at: https://gitter.im/AlmasB/FXGL
02:06:49.035 [JavaFX Application Thread] DEBUG PrimaryStageWindow   - Creating a JavaFX scene
02:06:49.080 [JavaFX Application Thread] DEBUG PrimaryStageWindow   - Target settings size: 800.0 x 600.0
02:06:49.080 [JavaFX Application Thread] DEBUG PrimaryStageWindow   - Scaled scene size:    800.0 x 600.0
02:06:49.080 [JavaFX Application Thread] DEBUG PrimaryStageWindow   - Scaled ratio: (1.0, 1.0)
02:06:49.081 [JavaFX Application Thread] DEBUG PrimaryStageWindow   - Set initial scene to FXGLStartupScene
02:06:49.086 [JavaFX Application Thread] DEBUG PrimaryStageWindow   - Opening main window
02:06:49.152 [JavaFX Application Thread] DEBUG PrimaryStageWindow   - Window border size: (14.4000244140625, 37.5999755859375)
02:06:49.152 [JavaFX Application Thread] DEBUG PrimaryStageWindow   - Scaled size: 800.0 x 600.0
02:06:49.152 [JavaFX Application Thread] DEBUG PrimaryStageWindow   - Scaled ratio: (1.0, 1.0)
02:06:49.152 [JavaFX Application Thread] DEBUG PrimaryStageWindow   - Scene size: 800.0 x 600.0
02:06:49.152 [JavaFX Application Thread] DEBUG PrimaryStageWindow   - Stage size: 814.4000244140625 x 637.5999755859375
02:06:49.157 [FXGL Background Thread 1 ] DEBUG Engine               - Initializing environment variables
02:06:49.193 [FXGL Background Thread 1 ] DEBUG FXGLAssetLoaderServi - User app class for loading assets: class com.groupfour.mygame.App
02:06:49.193 [FXGL Background Thread 1 ] DEBUG GameApplicationServi - Applying CSS: fxgl_dark.css
02:06:49.194 [FXGL Background Thread 1 ] DEBUG FXGLAssetLoaderServi - Loading from file system: jar:file:///C:/Users/acer/.m2/repository/com/github/almasb/fxgl/dev-SNAPSHOT/fxgl-dev-SNAPSHOT.jar!/fxglassets/ui/css/fxgl_dark.css
02:06:49.231 [FXGL Background Thread 1 ] DEBUG GameApplicationServi - Initializing application scenes
02:06:49.259 [FXGL Background Thread 1 ] DEBUG GameWorld            - Game world initialized
02:06:49.294 [FXGL Background Thread 1 ] DEBUG PhysicsWorld         - Physics world initialized: appHeight=600, physics.ppm=50.0
02:06:49.294 [FXGL Background Thread 1 ] DEBUG PhysicsWorld         - Using strategy: BRUTE_FORCE
02:06:49.297 [FXGL Background Thread 1 ] DEBUG GameScene            - Game scene initialized: 800x600
02:06:49.307 [FXGL Background Thread 1 ] DEBUG FXGL.DefaultMenu     - createMenuBodyMainMenu()
02:06:49.319 [FXGL Background Thread 1 ] DEBUG FXGL.DefaultMenu     - createOptionsMenu()
02:06:49.327 [FXGL Background Thread 1 ] DEBUG FXGLAssetLoaderServi - Loading from file system: jar:file:///C:/Users/acer/.m2/repository/com/github/almasb/fxgl/dev-SNAPSHOT/fxgl-dev-SNAPSHOT.jar!/fxglassets/textures/particles/smoke.png
02:06:49.399 [FXGL Background Thread 1 ] DEBUG FXGLAssetLoaderServi - Loading from file system: jar:file:///C:/Users/acer/.m2/repository/com/github/almasb/fxgl/dev-SNAPSHOT/fxgl-dev-SNAPSHOT.jar!/fxglassets/textures/particles/trace_horizontal.png
02:06:49.449 [FXGL Background Thread 1 ] DEBUG GameApplicationServi - Application scenes initialized
02:06:49.457 [FXGL Background Thread 1 ] DEBUG SystemBundleService  - Loading FXGL system data
02:06:49.463 [FXGL Background Thread 1 ] DEBUG FileSystemAccess     - Reading from: C:\Users\acer\OneDrive\Desktop\git pull\CSS124L-FINAL-PROJECT\system\fxgl.bundle
02:06:49.467 [FXGL Background Thread 1 ] DEBUG SystemBundleService  - Bundle FXGL: {}
02:06:49.468 [FXGL Background Thread 1 ] DEBUG UpdaterService       - Checking for updates
02:06:49.492 [FXGL Background Thread 1 ] DEBUG FXGLApplication      - Loading default localization
02:06:49.492 [FXGL Background Thread 4 ] DEBUG FXGLApplication      - Loading fonts
02:06:49.494 [FXGL Background Thread 4 ] DEBUG FXGLAssetLoaderServi - Loading from file system: jar:file:///C:/Users/acer/.m2/repository/com/github/almasb/fxgl/dev-SNAPSHOT/fxgl-dev-SNAPSHOT.jar!/fxglassets/ui/fonts/VarelaRound-Regular.ttf
02:06:49.494 [FXGL Background Thread 1 ] DEBUG FXGLAssetLoaderServi - Loading from file system: jar:file:///C:/Users/acer/.m2/repository/com/github/almasb/fxgl/dev-SNAPSHOT/fxgl-dev-SNAPSHOT.jar!/fxglassets/languages/english.lang
02:06:49.515 [FXGL Background Thread 1 ] INFO  FXGLApplication      - FXGL initialization took: 0.358 sec
02:06:49.542 [JavaFX Application Thread] DEBUG Input                - Registered new binding: Move Upwards - W
02:06:49.543 [JavaFX Application Thread] DEBUG Input                - Registered new binding: Move Down - S
02:06:49.543 [JavaFX Application Thread] DEBUG Input                - Registered new binding: Move Left - A
02:06:49.543 [JavaFX Application Thread] DEBUG Input                - Registered new binding: Move Right - D
02:06:49.543 [JavaFX Application Thread] DEBUG Input                - Registered new binding: Reload - R
02:06:49.544 [JavaFX Application Thread] DEBUG Input                - Registered new binding: Shoot - LMB
02:06:49.544 [JavaFX Application Thread] DEBUG Input                - Registered new binding: Switch Weapons - Q
02:06:49.544 [JavaFX Application Thread] DEBUG Input                - Registered new binding: Interact - F
02:06:49.545 [JavaFX Application Thread] DEBUG FXGLAssetLoaderServi - Loading from file system: jar:file:///C:/Users/acer/.m2/repository/com/github/almasb/fxgl/dev-SNAPSHOT/fxgl-dev-SNAPSHOT.jar!/fxglassets/textures/fxgl_icon.png
02:06:49.563 [JavaFX Application Thread] DEBUG FXGLAssetLoaderServi - Loading from file system: jar:file:///C:/Users/acer/.m2/repository/com/github/almasb/fxgl/dev-SNAPSHOT/fxgl-dev-SNAPSHOT.jar!/fxglassets/textures/fxgl_default_cursor.png
02:06:49.565 [JavaFX Application Thread] DEBUG Input                - Registered new binding: Screenshot - CTRL+8
02:06:49.565 [JavaFX Application Thread] DEBUG Input                - Registered new binding: Dev Options - 1
02:06:49.565 [JavaFX Application Thread] DEBUG Input                - Registered new binding: Dev Console - 2
02:06:49.565 [JavaFX Application Thread] DEBUG Input                - Registered new binding: System info dump - CTRL+9
02:06:49.565 [JavaFX Application Thread] DEBUG Input                - Registered new binding: Restart - CTRL+R
02:06:49.566 [JavaFX Application Thread] DEBUG Input                - Registered new binding: Toggle Debug Camera - CTRL+C
02:06:49.569 [JavaFX Application Thread] DEBUG LoopRunner           - Starting loop
02:06:49.580 [JavaFX Application Thread] DEBUG LoopRunner           - Initializing JavaFX AnimationTimerLoop
02:06:49.582 [JavaFX Application Thread] DEBUG Input                - Clearing active input actions
02:06:49.588 [JavaFX Application Thread] DEBUG GameApplicationServi - Removing overlay from FXGLStartupScene and adding to FXGLMainMenuDummyScene
02:06:49.592 [JavaFX Application Thread] DEBUG PrimaryStageWindow   - FXGLStartupScene -> FXGLMainMenuDummyScene
02:06:49.592 [JavaFX Application Thread] DEBUG PrimaryStageWindow   - Push state: FXGLDefaultMenu
02:06:49.596 [JavaFX Application Thread] DEBUG Input                - Clearing active input actions
02:06:49.602 [JavaFX Application Thread] DEBUG GameApplicationServi - Removing overlay from FXGLMainMenuDummyScene and adding to FXGLDefaultMenu
02:06:49.603 [JavaFX Application Thread] DEBUG PrimaryStageWindow   - FXGLMainMenuDummyScene -> FXGLDefaultMenu
02:06:49.926 [FXGL Background Thread 4 ] DEBUG FXGLAssetLoaderServi - Loading from file system: jar:file:///C:/Users/acer/.m2/repository/com/github/almasb/fxgl/dev-SNAPSHOT/fxgl-dev-SNAPSHOT.jar!/fxglassets/ui/fonts/Abel-Regular.ttf
02:06:49.931 [FXGL Background Thread 4 ] DEBUG FXGLAssetLoaderServi - Loading from file system: jar:file:///C:/Users/acer/.m2/repository/com/github/almasb/fxgl/dev-SNAPSHOT/fxgl-dev-SNAPSHOT.jar!/fxglassets/ui/fonts/lucida_console.ttf
02:06:49.939 [FXGL Background Thread 4 ] DEBUG FXGLAssetLoaderServi - Loading from file system: jar:file:///C:/Users/acer/.m2/repository/com/github/almasb/fxgl/dev-SNAPSHOT/fxgl-dev-SNAPSHOT.jar!/fxglassets/ui/fonts/Courier-Prime.ttf
02:06:49.948 [JavaFX Application Thread] DEBUG FXGLApplication      - Registering font factories with UI factory
02:06:50.194 [FXGL Background Thread 2 ] INFO  UpdaterService       - Your current version:  dev-SNAPSHOT
02:06:50.195 [FXGL Background Thread 2 ] INFO  UpdaterService       - Latest stable version: 21.1
02:06:50.216 [JavaFX Application Thread] DEBUG Menu                 - fireNewGame()
02:06:50.216 [JavaFX Application Thread] DEBUG GameApplicationServi - Starting new game
02:06:50.218 [JavaFX Application Thread] DEBUG PrimaryStageWindow   - Pop state: FXGLDefaultMenu
02:06:50.218 [JavaFX Application Thread] DEBUG Input                - Clearing active input actions
02:06:50.219 [JavaFX Application Thread] DEBUG GameApplicationServi - Removing overlay from FXGLDefaultMenu and adding to FXGLMainMenuDummyScene
02:06:50.221 [JavaFX Application Thread] DEBUG PrimaryStageWindow   - FXGLMainMenuDummyScene <- FXGLDefaultMenu
02:06:50.221 [JavaFX Application Thread] DEBUG Input                - Clearing active input actions
02:06:50.227 [JavaFX Application Thread] DEBUG GameApplicationServi - Removing overlay from FXGLMainMenuDummyScene and adding to FXGLLoadingScene
02:06:50.228 [JavaFX Application Thread] DEBUG PrimaryStageWindow   - FXGLMainMenuDummyScene -> FXGLLoadingScene
02:06:50.228 [JavaFX Application Thread] DEBUG GameApplicationServi - Clearing previous game
02:06:50.228 [JavaFX Application Thread] DEBUG GameScene            - Clearing game scene
02:06:50.228 [JavaFX Application Thread] DEBUG GameWorld            - Clearing game world
02:06:50.228 [JavaFX Application Thread] DEBUG PhysicsWorld         - Clearing physics world
02:06:50.229 [FXGL Background Thread 2 ] DEBUG FXGLApplication      - Initializing game
02:06:50.262 [FXGL Background Thread 2 ] WARN  TMXLevelLoader       - TiledMap generated from 1.11.0. Supported version: 1.2.3. Some features may not be parsed fully.
02:06:50.269 [FXGL Background Thread 2 ] DEBUG TMXLevelLoader       - Parsed TiledMap: file:/C:/Users/acer/OneDrive/Desktop/git%20pull/CSS124L-FINAL-PROJECT/fp/target/classes/assets/levels/Lobby.tmx
02:06:50.271 [FXGL Background Thread 2 ] DEBUG TMXLevelLoader       - Creating tile layer entities
02:06:50.271 [FXGL Background Thread 2 ] DEBUG TilesetLoader        - Loading view for layer Tile Layer 1
02:06:50.275 [FXGL Background Thread 2 ] DEBUG TilesetLoader        - Created buffer with size 1280.0x768.0
02:06:50.284 [FXGL Background Thread 2 ] DEBUG TMXLevelLoader       - Creating object layer entities
02:06:50.299 [FXGL Background Thread 2 ] DEBUG GameWorld            - Clearing removable entities
02:06:50.299 [FXGL Background Thread 2 ] DEBUG GameWorld            - Setting level: com.almasb.fxgl.entity.level.Level@2db39608
02:06:50.306 [FXGL Background Thread 2 ] DEBUG FXGLAssetLoaderServi - Loading from file system: file:/C:/Users/acer/OneDrive/Desktop/git%20pull/CSS124L-FINAL-PROJECT/fp/target/classes/assets/ui/fonts/PIXELADE.TTF
02:06:50.316 [FXGL Background Thread 2 ] INFO  FXGLApplication      - Game initialization took: 0.087 sec
02:06:50.317 [JavaFX Application Thread] DEBUG Input                - Clearing active input actions
02:06:50.322 [JavaFX Application Thread] DEBUG GameApplicationServi - Removing overlay from FXGLLoadingScene and adding to GameScene
02:06:50.323 [JavaFX Application Thread] DEBUG PrimaryStageWindow   - FXGLLoadingScene -> GameScene
02:06:50.325 [JavaFX Application Thread] DEBUG FXGLAssetLoaderServi - Loading from file system: file:/C:/Users/acer/OneDrive/Desktop/git%20pull/CSS124L-FINAL-PROJECT/fp/target/classes/assets/textures/Interactables/microwave_close.png
02:06:50.327 [JavaFX Application Thread] DEBUG PrimaryStageWindow   - Push state: PCM_BG
02:06:50.327 [JavaFX Application Thread] DEBUG Input                - Clearing active input actions
02:06:50.327 [JavaFX Application Thread] DEBUG GameApplicationServi - Removing overlay from GameScene and adding to PCM_BG
02:06:50.327 [JavaFX Application Thread] DEBUG PrimaryStageWindow   - GameScene -> PCM_BG
02:06:50.328 [JavaFX Application Thread] DEBUG PrimaryStageWindow   - Push state: PlayerCountMenu
02:06:50.328 [JavaFX Application Thread] DEBUG Input                - Clearing active input actions
02:06:50.328 [JavaFX Application Thread] DEBUG GameApplicationServi - Removing overlay from PCM_BG and adding to PlayerCountMenu
02:06:50.330 [JavaFX Application Thread] DEBUG PrimaryStageWindow   - PCM_BG -> PlayerCountMenu
02:06:51.115 [JavaFX Application Thread] DEBUG FXGLAssetLoaderServi - Loading from file system: file:/C:/Users/acer/OneDrive/Desktop/git%20pull/CSS124L-FINAL-PROJECT/fp/target/classes/assets/textures/Weapons/Idle/BerettaM9_Idle.png
02:06:51.116 [JavaFX Application Thread] DEBUG FXGLAssetLoaderServi - Loading from file system: file:/C:/Users/acer/OneDrive/Desktop/git%20pull/CSS124L-FINAL-PROJECT/fp/target/classes/assets/textures/Weapons/Shooting/BerettaM9_Shooting.png
02:06:51.118 [JavaFX Application Thread] DEBUG FXGLAssetLoaderServi - Loading from file system: file:/C:/Users/acer/OneDrive/Desktop/git%20pull/CSS124L-FINAL-PROJECT/fp/target/classes/assets/textures/Players/1P_Shoot.png
02:06:51.121 [JavaFX Application Thread] DEBUG FXGLAssetLoaderServi - Loading from file system: file:/C:/Users/acer/OneDrive/Desktop/git%20pull/CSS124L-FINAL-PROJECT/fp/target/classes/assets/textures/Interactables/vending_machine.png
02:06:51.128 [JavaFX Application Thread] DEBUG PrimaryStageWindow   - Pop state: PlayerCountMenu
02:06:51.128 [JavaFX Application Thread] DEBUG Input                - Clearing active input actions
02:06:51.128 [JavaFX Application Thread] DEBUG GameApplicationServi - Removing overlay from PlayerCountMenu and adding to PCM_BG
02:06:51.129 [JavaFX Application Thread] DEBUG PrimaryStageWindow   - PCM_BG <- PlayerCountMenu
02:06:51.129 [JavaFX Application Thread] DEBUG PrimaryStageWindow   - Pop state: PCM_BG
02:06:51.129 [JavaFX Application Thread] DEBUG Input                - Clearing active input actions
02:06:51.129 [JavaFX Application Thread] DEBUG GameApplicationServi - Removing overlay from PCM_BG and adding to GameScene
02:06:51.129 [JavaFX Application Thread] DEBUG PrimaryStageWindow   - GameScene <- PCM_BG
02:06:51.205 [JavaFX Application Thread] DEBUG FXGLAssetLoaderServi - Loading from file system: file:/C:/Users/acer/OneDrive/Desktop/git%20pull/CSS124L-FINAL-PROJECT/fp/target/classes/assets/textures/Zombies/Basic_Zombie_Walking.png
02:06:51.207 [JavaFX Application Thread] DEBUG FXGLAssetLoaderServi - Loading from file system: file:/C:/Users/acer/OneDrive/Desktop/git%20pull/CSS124L-FINAL-PROJECT/fp/target/classes/assets/textures/Zombies/Basic_Zombie_Attack.png
02:06:52.492 [FXGL Background Thread 3 ] DEBUG Engine               - Logging environment variables
02:06:52.492 [FXGL Background Thread 3 ] DEBUG Engine               - achievements: []
02:06:52.492 [FXGL Background Thread 3 ] DEBUG Engine               - actualHeight: 600.0
02:06:52.492 [FXGL Background Thread 3 ] DEBUG Engine               - actualHeightProperty: ReadOnlyDoubleProperty [value: 600.0]
02:06:52.492 [FXGL Background Thread 3 ] DEBUG Engine               - actualWidth: 800.0
02:06:52.492 [FXGL Background Thread 3 ] DEBUG Engine               - actualWidthProperty: ReadOnlyDoubleProperty [value: 800.0]
02:06:52.492 [FXGL Background Thread 3 ] DEBUG Engine               - appIcon: fxgl_icon.png
02:06:52.492 [FXGL Background Thread 3 ] DEBUG Engine               - applicationMode: DEVELOPER
02:06:52.492 [FXGL Background Thread 3 ] DEBUG Engine               - cSSList: [fxgl_dark.css]
02:06:52.492 [FXGL Background Thread 3 ] DEBUG Engine               - collisionDetectionStrategy: BRUTE_FORCE
02:06:52.492 [FXGL Background Thread 3 ] DEBUG Engine               - configClass: Optional.empty
02:06:52.492 [FXGL Background Thread 3 ] DEBUG Engine               - credits: []
02:06:52.492 [FXGL Background Thread 3 ] DEBUG Engine               - defaultCursor: CursorInfo(imageName=fxgl_default_cursor.png, hotspotX=7.0, hotspotY=6.0)
02:06:52.494 [FXGL Background Thread 3 ] DEBUG Engine               - devBBoxColorProperty: ObjectProperty [value: 0xff0000ff]
02:06:52.494 [FXGL Background Thread 3 ] DEBUG Engine               - devEnableDebugCameraProperty: BooleanProperty [value: false]
02:06:52.494 [FXGL Background Thread 3 ] DEBUG Engine               - devSensorColorProperty: ObjectProperty [value: 0xffff00ff]
02:06:52.494 [FXGL Background Thread 3 ] DEBUG Engine               - devShowBBoxProperty: BooleanProperty [value: false]
02:06:52.494 [FXGL Background Thread 3 ] DEBUG Engine               - devShowPositionProperty: BooleanProperty [value: false]
02:06:52.494 [FXGL Background Thread 3 ] DEBUG Engine               - enabledMenuItems: []
02:06:52.494 [FXGL Background Thread 3 ] DEBUG Engine               - engineServices: [class com.almasb.fxgl.app.services.FXGLAssetLoaderService, class com.almasb.fxgl.app.FXGLApplication$GameApplicationService, class com.almasb.fxgl.app.services.FXGLDialogService, class com.almasb.fxgl.app.services.IOTaskExecutorService, class com.almasb.fxgl.io.FileSystemService, class com.almasb.fxgl.localization.LocalizationService, class com.almasb.fxgl.app.services.SystemBundleService, class com.almasb.fxgl.profile.SaveLoadService, class com.almasb.fxgl.ui.FXGLUIFactoryServiceProvider, class com.almasb.fxgl.ui.FXGLDialogFactoryServiceProvider, class com.almasb.fxgl.audio.AudioPlayer, class com.almasb.fxgl.notification.impl.NotificationServiceProvider, class com.almasb.fxgl.achievement.AchievementService, class com.almasb.fxgl.cutscene.CutsceneService, class com.almasb.fxgl.minigames.MiniGameService, class com.almasb.fxgl.net.NetService, class com.almasb.fxgl.app.services.UpdaterService, class com.almasb.fxgl.dev.DevService, class com.almasb.fxgl.multiplayer.MultiplayerService]
02:06:52.494 [FXGL Background Thread 3 ] DEBUG Engine               - fontGame: Abel-Regular.ttf
02:06:52.494 [FXGL Background Thread 3 ] DEBUG Engine               - fontMono: lucida_console.ttf
02:06:52.494 [FXGL Background Thread 3 ] DEBUG Engine               - fontText: Courier-Prime.ttf
02:06:52.494 [FXGL Background Thread 3 ] DEBUG Engine               - fontUI: VarelaRound-Regular.ttf
02:06:52.494 [FXGL Background Thread 3 ] DEBUG Engine               - fullScreen: BooleanProperty [value: false]
02:06:52.494 [FXGL Background Thread 3 ] DEBUG Engine               - gameDifficulty: MEDIUM
02:06:52.494 [FXGL Background Thread 3 ] DEBUG Engine               - gameDifficultyProperty: ObjectProperty [value: MEDIUM]
02:06:52.494 [FXGL Background Thread 3 ] DEBUG Engine               - globalMusicVolume: 0.5
02:06:52.494 [FXGL Background Thread 3 ] DEBUG Engine               - globalMusicVolumeProperty: DoubleProperty [value: 0.5]
02:06:52.494 [FXGL Background Thread 3 ] DEBUG Engine               - globalSoundVolume: 0.5
02:06:52.494 [FXGL Background Thread 3 ] DEBUG Engine               - globalSoundVolumeProperty: DoubleProperty [value: 0.5]
02:06:52.494 [FXGL Background Thread 3 ] DEBUG Engine               - height: 600
02:06:52.494 [FXGL Background Thread 3 ] DEBUG Engine               - is3D: false
02:06:52.494 [FXGL Background Thread 3 ] DEBUG Engine               - isAndroid: false
02:06:52.494 [FXGL Background Thread 3 ] DEBUG Engine               - isBrowser: false
02:06:52.494 [FXGL Background Thread 3 ] DEBUG Engine               - isClickFeedbackEnabled: false
02:06:52.494 [FXGL Background Thread 3 ] DEBUG Engine               - isCloseConfirmation: false
02:06:52.494 [FXGL Background Thread 3 ] DEBUG Engine               - isDesktop: true
02:06:52.494 [FXGL Background Thread 3 ] DEBUG Engine               - isDeveloperMenuEnabled: true
02:06:52.494 [FXGL Background Thread 3 ] DEBUG Engine               - isEmbedded: false
02:06:52.494 [FXGL Background Thread 3 ] DEBUG Engine               - isEntityPreloadEnabled: true
02:06:52.494 [FXGL Background Thread 3 ] DEBUG Engine               - isExperimentalTiledLargeMap: false
02:06:52.494 [FXGL Background Thread 3 ] DEBUG Engine               - isFileSystemWriteAllowed: true
02:06:52.494 [FXGL Background Thread 3 ] DEBUG Engine               - isFullScreenAllowed: false
02:06:52.494 [FXGL Background Thread 3 ] DEBUG Engine               - isFullScreenFromStart: false
02:06:52.494 [FXGL Background Thread 3 ] DEBUG Engine               - isGameMenuEnabled: true
02:06:52.494 [FXGL Background Thread 3 ] DEBUG Engine               - isIOS: false
02:06:52.494 [FXGL Background Thread 3 ] DEBUG Engine               - isIntroEnabled: false
02:06:52.494 [FXGL Background Thread 3 ] DEBUG Engine               - isLinux: false
02:06:52.494 [FXGL Background Thread 3 ] DEBUG Engine               - isMac: false
02:06:52.494 [FXGL Background Thread 3 ] DEBUG Engine               - isMainMenuEnabled: true
02:06:52.494 [FXGL Background Thread 3 ] DEBUG Engine               - isManualResizeEnabled: false
02:06:52.494 [FXGL Background Thread 3 ] DEBUG Engine               - isMobile: false
02:06:52.494 [FXGL Background Thread 3 ] DEBUG Engine               - isNative: false
02:06:52.494 [FXGL Background Thread 3 ] DEBUG Engine               - isPauseMusicWhenMinimized: true
02:06:52.494 [FXGL Background Thread 3 ] DEBUG Engine               - isPreserveResizeRatio: false
02:06:52.494 [FXGL Background Thread 3 ] DEBUG Engine               - isProfilingEnabled: false
02:06:52.494 [FXGL Background Thread 3 ] DEBUG Engine               - isScaleAffectedOnResize: true
02:06:52.494 [FXGL Background Thread 3 ] DEBUG Engine               - isSingleStep: false
02:06:52.494 [FXGL Background Thread 3 ] DEBUG Engine               - isUserProfileEnabled: false
02:06:52.495 [FXGL Background Thread 3 ] DEBUG Engine               - isWindows: true
02:06:52.495 [FXGL Background Thread 3 ] DEBUG Engine               - language: ObjectProperty [value: ENGLISH]
02:06:52.495 [FXGL Background Thread 3 ] DEBUG Engine               - menuKey: ESCAPE
02:06:52.495 [FXGL Background Thread 3 ] DEBUG Engine               - mouseSensitivity: 0.2
02:06:52.495 [FXGL Background Thread 3 ] DEBUG Engine               - notificationViewClass: class com.almasb.fxgl.notification.view.XboxNotificationView
02:06:52.495 [FXGL Background Thread 3 ] DEBUG Engine               - pixelsPerMeter: 50.0
02:06:52.495 [FXGL Background Thread 3 ] DEBUG Engine               - platform: WINDOWS
02:06:52.495 [FXGL Background Thread 3 ] DEBUG Engine               - prefHeightProperty: ReadOnlyDoubleProperty [value: 600.0]
02:06:52.495 [FXGL Background Thread 3 ] DEBUG Engine               - prefWidthProperty: ReadOnlyDoubleProperty [value: 800.0]
02:06:52.495 [FXGL Background Thread 3 ] DEBUG Engine               - profileDir: profiles/
02:06:52.495 [FXGL Background Thread 3 ] DEBUG Engine               - profileName: StringProperty [value: DEFAULT]
02:06:52.495 [FXGL Background Thread 3 ] DEBUG Engine               - randomSeed: -1
02:06:52.495 [FXGL Background Thread 3 ] DEBUG Engine               - runtimeInfo: RuntimeInfo(platform=WINDOWS, version=dev-SNAPSHOT, build=28.07.2021 16.39)
02:06:52.495 [FXGL Background Thread 3 ] DEBUG Engine               - saveFileExt: sav
02:06:52.495 [FXGL Background Thread 3 ] DEBUG Engine               - scaledHeightProp$fxgl: DoubleProperty [bound, value: 600.0]
02:06:52.495 [FXGL Background Thread 3 ] DEBUG Engine               - scaledWidthProp$fxgl: DoubleProperty [bound, value: 800.0]
02:06:52.495 [FXGL Background Thread 3 ] DEBUG Engine               - sceneFactory: com.groupfour.mygame.App$1@44693ca
02:06:52.495 [FXGL Background Thread 3 ] DEBUG Engine               - secondsIn24h: 60
02:06:52.495 [FXGL Background Thread 3 ] DEBUG Engine               - soundMenuBack: menu/back.wav
02:06:52.495 [FXGL Background Thread 3 ] DEBUG Engine               - soundMenuPress: menu/press.wav
02:06:52.495 [FXGL Background Thread 3 ] DEBUG Engine               - soundMenuSelect: menu/select.wav
02:06:52.495 [FXGL Background Thread 3 ] DEBUG Engine               - soundNotification: core/notification.wav
02:06:52.495 [FXGL Background Thread 3 ] DEBUG Engine               - stageStyle: DECORATED
02:06:52.495 [FXGL Background Thread 3 ] DEBUG Engine               - supportedLanguages: [ENGLISH, FRENCH, GERMAN, HUNGARIAN, RUSSIAN]
02:06:52.496 [FXGL Background Thread 3 ] DEBUG Engine               - ticksPerSecond: -1
02:06:52.496 [FXGL Background Thread 3 ] DEBUG Engine               - title: Flatline: Oregon
02:06:52.496 [FXGL Background Thread 3 ] DEBUG Engine               - urlGithub: https://github.com/AlmasB/FXGL
02:06:52.496 [FXGL Background Thread 3 ] DEBUG Engine               - urlLeaderboard: http://fxgl-top.herokuapp.com/
02:06:52.496 [FXGL Background Thread 3 ] DEBUG Engine               - urlPOM: https://raw.githubusercontent.com/AlmasB/FXGL/release/README.md
02:06:52.496 [FXGL Background Thread 3 ] DEBUG Engine               - userAppClass: class com.groupfour.mygame.App
02:06:52.496 [FXGL Background Thread 3 ] DEBUG Engine               - version: Alpha 0.19021902
02:06:52.496 [FXGL Background Thread 3 ] DEBUG Engine               - versionCheckDays: 7
02:06:52.496 [FXGL Background Thread 3 ] DEBUG Engine               - width: 800
02:06:52.496 [FXGL Background Thread 3 ] DEBUG Engine               - Logging services
02:06:52.496 [FXGL Background Thread 3 ] DEBUG Engine               - class com.almasb.fxgl.app.services.FXGLAssetLoaderService
02:06:52.496 [FXGL Background Thread 3 ] DEBUG Engine               - class com.almasb.fxgl.app.FXGLApplication$GameApplicationService
02:06:52.496 [FXGL Background Thread 3 ] DEBUG Engine               - class com.almasb.fxgl.app.services.FXGLDialogService
02:06:52.496 [FXGL Background Thread 3 ] DEBUG Engine               - class com.almasb.fxgl.app.services.IOTaskExecutorService
02:06:52.496 [FXGL Background Thread 3 ] DEBUG Engine               - class com.almasb.fxgl.io.FileSystemService
02:06:52.496 [FXGL Background Thread 3 ] DEBUG Engine               - class com.almasb.fxgl.localization.LocalizationService
02:06:52.496 [FXGL Background Thread 3 ] DEBUG Engine               - class com.almasb.fxgl.app.services.SystemBundleService
02:06:52.496 [FXGL Background Thread 3 ] DEBUG Engine               - class com.almasb.fxgl.profile.SaveLoadService
02:06:52.496 [FXGL Background Thread 3 ] DEBUG Engine               - class com.almasb.fxgl.ui.FXGLUIFactoryServiceProvider
02:06:52.496 [FXGL Background Thread 3 ] DEBUG Engine               - class com.almasb.fxgl.ui.FXGLDialogFactoryServiceProvider
02:06:52.496 [FXGL Background Thread 3 ] DEBUG Engine               - class com.almasb.fxgl.audio.AudioPlayer
02:06:52.496 [FXGL Background Thread 3 ] DEBUG Engine               - class com.almasb.fxgl.notification.impl.NotificationServiceProvider
02:06:52.497 [FXGL Background Thread 3 ] DEBUG Engine               - class com.almasb.fxgl.achievement.AchievementService
02:06:52.497 [FXGL Background Thread 3 ] DEBUG Engine               - class com.almasb.fxgl.cutscene.CutsceneService
02:06:52.497 [FXGL Background Thread 3 ] DEBUG Engine               - class com.almasb.fxgl.minigames.MiniGameService
02:06:52.497 [FXGL Background Thread 3 ] DEBUG Engine               - class com.almasb.fxgl.net.NetService
02:06:52.497 [FXGL Background Thread 3 ] DEBUG Engine               - class com.almasb.fxgl.app.services.UpdaterService
02:06:52.497 [FXGL Background Thread 3 ] DEBUG Engine               - class com.almasb.fxgl.dev.DevService
02:06:52.497 [FXGL Background Thread 3 ] DEBUG Engine               - class com.almasb.fxgl.multiplayer.MultiplayerService
02:06:54.144 [JavaFX Application Thread] DEBUG FXGLAssetLoaderServi - Loading from file system: file:/C:/Users/acer/OneDrive/Desktop/git%20pull/CSS124L-FINAL-PROJECT/fp/target/classes/assets/music/BerettaM9_Shoot.mp3
02:06:54.237 [JavaFX Application Thread] DEBUG AudioPlayer          - Playing music com.almasb.fxgl.audio.Music@21ea17e6
02:06:54.365 [JavaFX Application Thread] DEBUG AudioPlayer          - Playing music com.almasb.fxgl.audio.Music@21ea17e6
02:06:54.452 [JavaFX Application Thread] DEBUG AudioPlayer          - Playing music com.almasb.fxgl.audio.Music@21ea17e6
02:06:54.607 [JavaFX Application Thread] DEBUG AudioPlayer          - Playing music com.almasb.fxgl.audio.Music@21ea17e6
02:06:54.760 [JavaFX Application Thread] DEBUG AudioPlayer          - Playing music com.almasb.fxgl.audio.Music@21ea17e6
02:06:54.904 [JavaFX Application Thread] DEBUG AudioPlayer          - Playing music com.almasb.fxgl.audio.Music@21ea17e6
02:06:55.039 [JavaFX Application Thread] DEBUG AudioPlayer          - Playing music com.almasb.fxgl.audio.Music@21ea17e6
02:06:55.191 [JavaFX Application Thread] DEBUG AudioPlayer          - Playing music com.almasb.fxgl.audio.Music@21ea17e6
02:06:55.345 [JavaFX Application Thread] DEBUG AudioPlayer          - Playing music com.almasb.fxgl.audio.Music@21ea17e6
02:06:55.489 [JavaFX Application Thread] DEBUG AudioPlayer          - Playing music com.almasb.fxgl.audio.Music@21ea17e6
02:06:55.634 [JavaFX Application Thread] DEBUG AudioPlayer          - Playing music com.almasb.fxgl.audio.Music@21ea17e6
02:06:55.803 [JavaFX Application Thread] DEBUG AudioPlayer          - Playing music com.almasb.fxgl.audio.Music@21ea17e6
02:06:55.939 [JavaFX Application Thread] DEBUG AudioPlayer          - Playing music com.almasb.fxgl.audio.Music@21ea17e6
02:06:56.104 [JavaFX Application Thread] DEBUG AudioPlayer          - Playing music com.almasb.fxgl.audio.Music@21ea17e6
02:06:56.227 [JavaFX Application Thread] DEBUG AudioPlayer          - Playing music com.almasb.fxgl.audio.Music@21ea17e6
02:06:56.391 [JavaFX Application Thread] DEBUG AudioPlayer          - Playing music com.almasb.fxgl.audio.Music@21ea17e6
02:06:56.541 [JavaFX Application Thread] DEBUG AudioPlayer          - Playing music com.almasb.fxgl.audio.Music@21ea17e6
02:06:56.678 [JavaFX Application Thread] DEBUG AudioPlayer          - Playing music com.almasb.fxgl.audio.Music@21ea17e6
02:06:56.947 [JavaFX Application Thread] DEBUG AudioPlayer          - Playing music com.almasb.fxgl.audio.Music@21ea17e6
02:06:57.099 [JavaFX Application Thread] DEBUG AudioPlayer          - Playing music com.almasb.fxgl.audio.Music@21ea17e6
02:06:57.236 [JavaFX Application Thread] DEBUG AudioPlayer          - Playing music com.almasb.fxgl.audio.Music@21ea17e6
02:06:57.394 [JavaFX Application Thread] DEBUG AudioPlayer          - Playing music com.almasb.fxgl.audio.Music@21ea17e6
02:06:57.528 [JavaFX Application Thread] DEBUG AudioPlayer          - Playing music com.almasb.fxgl.audio.Music@21ea17e6
02:06:57.682 [JavaFX Application Thread] DEBUG AudioPlayer          - Playing music com.almasb.fxgl.audio.Music@21ea17e6
02:06:57.831 [JavaFX Application Thread] DEBUG AudioPlayer          - Playing music com.almasb.fxgl.audio.Music@21ea17e6
02:06:58.111 [JavaFX Application Thread] DEBUG AudioPlayer          - Playing music com.almasb.fxgl.audio.Music@21ea17e6
02:06:58.269 [JavaFX Application Thread] DEBUG AudioPlayer          - Playing music com.almasb.fxgl.audio.Music@21ea17e6
02:06:58.420 [JavaFX Application Thread] DEBUG AudioPlayer          - Playing music com.almasb.fxgl.audio.Music@21ea17e6
02:06:58.554 [JavaFX Application Thread] DEBUG AudioPlayer          - Playing music com.almasb.fxgl.audio.Music@21ea17e6
02:06:58.728 [JavaFX Application Thread] DEBUG AudioPlayer          - Playing music com.almasb.fxgl.audio.Music@21ea17e6
02:06:58.891 [JavaFX Application Thread] DEBUG AudioPlayer          - Playing music com.almasb.fxgl.audio.Music@21ea17e6
02:06:59.048 [JavaFX Application Thread] DEBUG AudioPlayer          - Playing music com.almasb.fxgl.audio.Music@21ea17e6
02:06:59.195 [JavaFX Application Thread] DEBUG AudioPlayer          - Playing music com.almasb.fxgl.audio.Music@21ea17e6
02:06:59.338 [JavaFX Application Thread] DEBUG AudioPlayer          - Playing music com.almasb.fxgl.audio.Music@21ea17e6
02:06:59.490 [JavaFX Application Thread] DEBUG AudioPlayer          - Playing music com.almasb.fxgl.audio.Music@21ea17e6
02:06:59.636 [JavaFX Application Thread] DEBUG AudioPlayer          - Playing music com.almasb.fxgl.audio.Music@21ea17e6
02:06:59.805 [JavaFX Application Thread] DEBUG AudioPlayer          - Playing music com.almasb.fxgl.audio.Music@21ea17e6
02:06:59.952 [JavaFX Application Thread] DEBUG AudioPlayer          - Playing music com.almasb.fxgl.audio.Music@21ea17e6
02:07:00.100 [JavaFX Application Thread] DEBUG AudioPlayer          - Playing music com.almasb.fxgl.audio.Music@21ea17e6
02:07:00.233 [JavaFX Application Thread] DEBUG AudioPlayer          - Playing music com.almasb.fxgl.audio.Music@21ea17e6
02:07:00.392 [JavaFX Application Thread] DEBUG AudioPlayer          - Playing music com.almasb.fxgl.audio.Music@21ea17e6
02:07:00.554 [JavaFX Application Thread] DEBUG AudioPlayer          - Playing music com.almasb.fxgl.audio.Music@21ea17e6
02:07:00.688 [JavaFX Application Thread] DEBUG AudioPlayer          - Playing music com.almasb.fxgl.audio.Music@21ea17e6
02:07:00.846 [JavaFX Application Thread] DEBUG AudioPlayer          - Playing music com.almasb.fxgl.audio.Music@21ea17e6
02:07:00.989 [JavaFX Application Thread] DEBUG AudioPlayer          - Playing music com.almasb.fxgl.audio.Music@21ea17e6
02:07:01.145 [JavaFX Application Thread] DEBUG AudioPlayer          - Playing music com.almasb.fxgl.audio.Music@21ea17e6
02:07:01.290 [JavaFX Application Thread] DEBUG AudioPlayer          - Playing music com.almasb.fxgl.audio.Music@21ea17e6
02:07:01.442 [JavaFX Application Thread] DEBUG AudioPlayer          - Playing music com.almasb.fxgl.audio.Music@21ea17e6
02:07:01.586 [JavaFX Application Thread] DEBUG AudioPlayer          - Playing music com.almasb.fxgl.audio.Music@21ea17e6
02:07:01.709 [JavaFX Application Thread] DEBUG AudioPlayer          - Playing music com.almasb.fxgl.audio.Music@21ea17e6
02:07:01.852 [JavaFX Application Thread] DEBUG AudioPlayer          - Playing music com.almasb.fxgl.audio.Music@21ea17e6
02:07:02.645 [JavaFX Application Thread] DEBUG AudioPlayer          - Playing music com.almasb.fxgl.audio.Music@21ea17e6
02:07:03.448 [JavaFX Application Thread] DEBUG FXGLAssetLoaderServi - Loading from file system: file:/C:/Users/acer/OneDrive/Desktop/git%20pull/CSS124L-FINAL-PROJECT/fp/target/classes/assets/textures/Weapons/Idle/AK47_Idle.png
02:07:03.448 [JavaFX Application Thread] DEBUG FXGLAssetLoaderServi - Loading from file system: file:/C:/Users/acer/OneDrive/Desktop/git%20pull/CSS124L-FINAL-PROJECT/fp/target/classes/assets/textures/Weapons/Shooting/AK47_Shooting.png
02:07:03.449 [JavaFX Application Thread] DEBUG FXGLAssetLoaderServi - Loading from file system: file:/C:/Users/acer/OneDrive/Desktop/git%20pull/CSS124L-FINAL-PROJECT/fp/target/classes/assets/textures/Players/1P_Rifle_Shoot.png
02:07:11.341 [JavaFX Application Thread] DEBUG FXGLApplication      - Exiting FXGL
02:07:11.341 [JavaFX Application Thread] DEBUG LoopRunner           - Stopping loop
02:07:11.341 [JavaFX Application Thread] DEBUG SystemBundleService  - Saving FXGL system data
02:07:11.343 [JavaFX Application Thread] DEBUG FileSystemAccess     - Writing to: C:\Users\acer\OneDrive\Desktop\git pull\CSS124L-FINAL-PROJECT\system\fxgl.bundle
02:07:11.344 [JavaFX Application Thread] DEBUG Async                - Shutting down background threads
02:07:11.344 [JavaFX Application Thread] DEBUG PrimaryStageWindow   - Closing main window
02:07:11.364 [JavaFX Application Thread] DEBUG Logger               - Closing Logger
