13:51:56.957 [main                     ] DEBUG Logger               - Configured Logger
13:51:56.961 [main                     ] DEBUG GameApplication      - Logging settings
Title: Flatline: Oregon
Version: Alpha 0.3
Width: 800
Height: 600
Fullscreen: false
Intro: false
Profiling: false
Single step:false
App Mode: DEVELOPER
Menu Key: ESCAPE
Stage Style: DECORATED
Scene Factory: class com.groupfour.mygame.App$1

13:51:57.611 [JavaFX Application Thread] DEBUG FXGLApplication      - Initializing FXGL
13:51:57.614 [JavaFX Application Thread] INFO  Engine               - FXGL-dev-SNAPSHOT (28.07.2021 16.39) on WINDOWS (J:21.0.4 FX:16)
13:51:57.615 [JavaFX Application Thread] DEBUG Engine               - JRE Vendor Name: Eclipse Adoptium
13:51:57.615 [JavaFX Application Thread] DEBUG Engine               - Running on OS: Windows 11 version 10.0
13:51:57.616 [JavaFX Application Thread] DEBUG Engine               - Architecture: amd64
13:51:57.616 [JavaFX Application Thread] INFO  Engine               - Source code and latest versions at: https://github.com/AlmasB/FXGL
13:51:57.616 [JavaFX Application Thread] INFO  Engine               -              Join the FXGL chat at: https://gitter.im/AlmasB/FXGL
13:51:57.762 [JavaFX Application Thread] DEBUG PrimaryStageWindow   - Creating a JavaFX scene
13:51:57.833 [JavaFX Application Thread] DEBUG PrimaryStageWindow   - Target settings size: 800.0 x 600.0
13:51:57.833 [JavaFX Application Thread] DEBUG PrimaryStageWindow   - Scaled scene size:    800.0 x 600.0
13:51:57.833 [JavaFX Application Thread] DEBUG PrimaryStageWindow   - Scaled ratio: (1.0, 1.0)
13:51:57.835 [JavaFX Application Thread] DEBUG PrimaryStageWindow   - Set initial scene to FXGLStartupScene
13:51:57.847 [JavaFX Application Thread] DEBUG PrimaryStageWindow   - Opening main window
13:51:57.987 [JavaFX Application Thread] DEBUG PrimaryStageWindow   - Window border size: (14.4000244140625, 37.5999755859375)
13:51:57.987 [JavaFX Application Thread] DEBUG PrimaryStageWindow   - Scaled size: 800.0 x 600.0
13:51:57.987 [JavaFX Application Thread] DEBUG PrimaryStageWindow   - Scaled ratio: (1.0, 1.0)
13:51:57.987 [JavaFX Application Thread] DEBUG PrimaryStageWindow   - Scene size: 800.0 x 600.0
13:51:57.988 [JavaFX Application Thread] DEBUG PrimaryStageWindow   - Stage size: 814.4000244140625 x 637.5999755859375
13:51:58.002 [FXGL Background Thread 1 ] DEBUG Engine               - Initializing environment variables
13:51:58.119 [FXGL Background Thread 1 ] DEBUG FXGLAssetLoaderServi - User app class for loading assets: class com.groupfour.mygame.App
13:51:58.120 [FXGL Background Thread 1 ] DEBUG GameApplicationServi - Applying CSS: fxgl_dark.css
13:51:58.120 [FXGL Background Thread 1 ] DEBUG FXGLAssetLoaderServi - Loading from file system: jar:file:///C:/Users/Cent/.m2/repository/com/github/almasb/fxgl/dev-SNAPSHOT/fxgl-dev-SNAPSHOT.jar!/fxglassets/ui/css/fxgl_dark.css
13:51:58.203 [FXGL Background Thread 1 ] DEBUG GameApplicationServi - Initializing application scenes
13:51:58.289 [FXGL Background Thread 1 ] DEBUG GameWorld            - Game world initialized
13:51:58.412 [FXGL Background Thread 1 ] DEBUG PhysicsWorld         - Physics world initialized: appHeight=600, physics.ppm=50.0
13:51:58.414 [FXGL Background Thread 1 ] DEBUG PhysicsWorld         - Using strategy: BRUTE_FORCE
13:51:58.417 [FXGL Background Thread 1 ] DEBUG GameScene            - Game scene initialized: 800x600
13:51:58.434 [FXGL Background Thread 1 ] DEBUG FXGL.DefaultMenu     - createMenuBodyMainMenu()
13:51:58.454 [FXGL Background Thread 1 ] DEBUG FXGL.DefaultMenu     - createOptionsMenu()
13:51:58.470 [FXGL Background Thread 1 ] DEBUG FXGLAssetLoaderServi - Loading from file system: jar:file:///C:/Users/Cent/.m2/repository/com/github/almasb/fxgl/dev-SNAPSHOT/fxgl-dev-SNAPSHOT.jar!/fxglassets/textures/particles/smoke.png
13:51:58.658 [FXGL Background Thread 1 ] DEBUG FXGLAssetLoaderServi - Loading from file system: jar:file:///C:/Users/Cent/.m2/repository/com/github/almasb/fxgl/dev-SNAPSHOT/fxgl-dev-SNAPSHOT.jar!/fxglassets/textures/particles/trace_horizontal.png
13:51:58.718 [FXGL Background Thread 1 ] DEBUG GameApplicationServi - Application scenes initialized
13:51:58.738 [FXGL Background Thread 1 ] DEBUG SystemBundleService  - Loading FXGL system data
13:51:58.746 [FXGL Background Thread 1 ] DEBUG FileSystemAccess     - Reading from: c:\Users\Cent\Desktop\CSS124L-LE\CSS124L-FinalExam\CSS124L-FINAL-PROJECT\system\fxgl.bundle
13:51:58.762 [FXGL Background Thread 1 ] DEBUG SystemBundleService  - Bundle FXGL: {}
13:51:58.762 [FXGL Background Thread 1 ] DEBUG UpdaterService       - Checking for updates
13:51:58.768 [FXGL Background Thread 4 ] DEBUG FXGLApplication      - Loading fonts
13:51:58.768 [FXGL Background Thread 1 ] DEBUG FXGLApplication      - Loading default localization
13:51:58.768 [FXGL Background Thread 4 ] DEBUG FXGLAssetLoaderServi - Loading from file system: jar:file:///C:/Users/Cent/.m2/repository/com/github/almasb/fxgl/dev-SNAPSHOT/fxgl-dev-SNAPSHOT.jar!/fxglassets/ui/fonts/VarelaRound-Regular.ttf
13:51:58.768 [FXGL Background Thread 1 ] DEBUG FXGLAssetLoaderServi - Loading from file system: jar:file:///C:/Users/Cent/.m2/repository/com/github/almasb/fxgl/dev-SNAPSHOT/fxgl-dev-SNAPSHOT.jar!/fxglassets/languages/english.lang
13:51:58.804 [FXGL Background Thread 1 ] INFO  FXGLApplication      - FXGL initialization took: 0.802 sec
13:51:58.844 [FXGL Background Thread 4 ] DEBUG FXGLAssetLoaderServi - Loading from file system: jar:file:///C:/Users/Cent/.m2/repository/com/github/almasb/fxgl/dev-SNAPSHOT/fxgl-dev-SNAPSHOT.jar!/fxglassets/ui/fonts/Abel-Regular.ttf
13:51:58.845 [JavaFX Application Thread] DEBUG Input                - Registered new binding: Move Upwards - W
13:51:58.845 [JavaFX Application Thread] DEBUG Input                - Registered new binding: Move Down - S
13:51:58.845 [JavaFX Application Thread] DEBUG Input                - Registered new binding: Move Left - A
13:51:58.847 [JavaFX Application Thread] DEBUG Input                - Registered new binding: Move Right - D
13:51:58.847 [JavaFX Application Thread] DEBUG Input                - Registered new binding: Reload - R
13:51:58.850 [JavaFX Application Thread] DEBUG Input                - Registered new binding: Shoot - LMB
13:51:58.850 [JavaFX Application Thread] DEBUG FXGLAssetLoaderServi - Loading from file system: jar:file:///C:/Users/Cent/.m2/repository/com/github/almasb/fxgl/dev-SNAPSHOT/fxgl-dev-SNAPSHOT.jar!/fxglassets/textures/fxgl_icon.png
13:51:58.851 [FXGL Background Thread 4 ] DEBUG FXGLAssetLoaderServi - Loading from file system: jar:file:///C:/Users/Cent/.m2/repository/com/github/almasb/fxgl/dev-SNAPSHOT/fxgl-dev-SNAPSHOT.jar!/fxglassets/ui/fonts/lucida_console.ttf
13:51:58.861 [FXGL Background Thread 4 ] DEBUG FXGLAssetLoaderServi - Loading from file system: jar:file:///C:/Users/Cent/.m2/repository/com/github/almasb/fxgl/dev-SNAPSHOT/fxgl-dev-SNAPSHOT.jar!/fxglassets/ui/fonts/Courier-Prime.ttf
13:51:58.886 [JavaFX Application Thread] DEBUG FXGLAssetLoaderServi - Loading from file system: jar:file:///C:/Users/Cent/.m2/repository/com/github/almasb/fxgl/dev-SNAPSHOT/fxgl-dev-SNAPSHOT.jar!/fxglassets/textures/fxgl_default_cursor.png
13:51:58.891 [JavaFX Application Thread] DEBUG Input                - Registered new binding: Screenshot - CTRL+8
13:51:58.891 [JavaFX Application Thread] DEBUG Input                - Registered new binding: System info dump - CTRL+9
13:51:58.892 [JavaFX Application Thread] DEBUG Input                - Registered new binding: Restart - CTRL+R
13:51:58.893 [JavaFX Application Thread] DEBUG Input                - Registered new binding: Toggle Debug Camera - CTRL+C
13:51:58.897 [JavaFX Application Thread] DEBUG LoopRunner           - Starting loop
13:51:58.897 [JavaFX Application Thread] DEBUG LoopRunner           - Initializing JavaFX AnimationTimerLoop
13:51:58.901 [JavaFX Application Thread] DEBUG Input                - Clearing active input actions
13:51:58.916 [JavaFX Application Thread] DEBUG GameApplicationServi - Removing overlay from FXGLStartupScene and adding to FXGLMainMenuDummyScene
13:51:58.916 [JavaFX Application Thread] DEBUG PrimaryStageWindow   - FXGLStartupScene -> FXGLMainMenuDummyScene
13:51:58.916 [JavaFX Application Thread] DEBUG PrimaryStageWindow   - Push state: FXGLDefaultMenu
13:51:58.946 [JavaFX Application Thread] DEBUG Input                - Clearing active input actions
13:51:58.963 [JavaFX Application Thread] DEBUG GameApplicationServi - Removing overlay from FXGLMainMenuDummyScene and adding to FXGLDefaultMenu
13:51:58.963 [JavaFX Application Thread] DEBUG PrimaryStageWindow   - FXGLMainMenuDummyScene -> FXGLDefaultMenu
13:51:58.976 [JavaFX Application Thread] DEBUG FXGLApplication      - Registering font factories with UI factory
13:51:59.879 [JavaFX Application Thread] DEBUG Menu                 - fireNewGame()
13:51:59.879 [JavaFX Application Thread] DEBUG GameApplicationServi - Starting new game
13:51:59.886 [JavaFX Application Thread] DEBUG PrimaryStageWindow   - Pop state: FXGLDefaultMenu
13:51:59.886 [JavaFX Application Thread] DEBUG Input                - Clearing active input actions
13:51:59.887 [JavaFX Application Thread] DEBUG GameApplicationServi - Removing overlay from FXGLDefaultMenu and adding to FXGLMainMenuDummyScene
13:51:59.887 [JavaFX Application Thread] DEBUG PrimaryStageWindow   - FXGLMainMenuDummyScene <- FXGLDefaultMenu
13:51:59.888 [JavaFX Application Thread] DEBUG Input                - Clearing active input actions
13:51:59.901 [JavaFX Application Thread] DEBUG GameApplicationServi - Removing overlay from FXGLMainMenuDummyScene and adding to FXGLLoadingScene
13:51:59.901 [JavaFX Application Thread] DEBUG PrimaryStageWindow   - FXGLMainMenuDummyScene -> FXGLLoadingScene
13:51:59.901 [JavaFX Application Thread] DEBUG GameApplicationServi - Clearing previous game
13:51:59.901 [JavaFX Application Thread] DEBUG GameScene            - Clearing game scene
13:51:59.902 [JavaFX Application Thread] DEBUG GameWorld            - Clearing game world
13:51:59.902 [JavaFX Application Thread] DEBUG PhysicsWorld         - Clearing physics world
13:51:59.907 [FXGL Background Thread 4 ] DEBUG FXGLApplication      - Initializing game
13:51:59.922 [FXGL Background Thread 2 ] INFO  UpdaterService       - Your current version:  dev-SNAPSHOT
13:51:59.923 [FXGL Background Thread 2 ] INFO  UpdaterService       - Latest stable version: 21.1
13:51:59.937 [FXGL Background Thread 4 ] DEBUG FXGLAssetLoaderServi - Loading from file system: file:/C:/Users/Cent/Desktop/CSS124L-LE/CSS124L-FinalExam/CSS124L-FINAL-PROJECT/fp/target/classes/assets/textures/1P_Walk.gif
13:52:00.043 [FXGL Background Thread 4 ] INFO  FXGLApplication      - Game initialization took: 0.136 sec
13:52:00.044 [JavaFX Application Thread] DEBUG Input                - Clearing active input actions
13:52:00.056 [JavaFX Application Thread] DEBUG GameApplicationServi - Removing overlay from FXGLLoadingScene and adding to GameScene
13:52:00.056 [JavaFX Application Thread] DEBUG PrimaryStageWindow   - FXGLLoadingScene -> GameScene
13:52:00.059 [JavaFX Application Thread] DEBUG PrimaryStageWindow   - Push state: PlayerCountMenu
13:52:00.060 [JavaFX Application Thread] DEBUG Input                - Clearing active input actions
13:52:00.060 [JavaFX Application Thread] DEBUG GameApplicationServi - Removing overlay from GameScene and adding to PlayerCountMenu
13:52:00.060 [JavaFX Application Thread] DEBUG PrimaryStageWindow   - GameScene -> PlayerCountMenu
13:52:01.590 [JavaFX Application Thread] DEBUG FXGLApplication      - Exiting FXGL
13:52:01.590 [JavaFX Application Thread] DEBUG LoopRunner           - Stopping loop
13:52:01.590 [JavaFX Application Thread] DEBUG SystemBundleService  - Saving FXGL system data
13:52:01.593 [JavaFX Application Thread] DEBUG FileSystemAccess     - Writing to: c:\Users\Cent\Desktop\CSS124L-LE\CSS124L-FinalExam\CSS124L-FINAL-PROJECT\system\fxgl.bundle
13:52:01.597 [JavaFX Application Thread] DEBUG Async                - Shutting down background threads
13:52:01.597 [JavaFX Application Thread] DEBUG PrimaryStageWindow   - Closing main window
13:52:01.625 [JavaFX Application Thread] DEBUG Logger               - Closing Logger
