17:28:12.578 [main                     ] DEBUG Logger               - Configured Logger
17:28:12.597 [main                     ] DEBUG GameApplication      - Logging settings
Title: Flatline: Oregon
Version: Beta ?
Width: 800
Height: 600
Fullscreen: false
Intro: false
Profiling: false
Single step:false
App Mode: DEVELOPER
Menu Key: ESCAPE
Stage Style: DECORATED
Scene Factory: class com.groupfour.mygame.App$1

17:28:12.866 [JavaFX Application Thread] DEBUG FXGLApplication      - Initializing FXGL
17:28:12.867 [JavaFX Application Thread] INFO  Engine               - FXGL-dev-SNAPSHOT (28.07.2021 16.39) on WINDOWS (J:11.0.22 FX:16)
17:28:12.868 [JavaFX Application Thread] DEBUG Engine               - JRE Vendor Name: Oracle Corporation
17:28:12.868 [JavaFX Application Thread] DEBUG Engine               - Running on OS: Windows 11 version 10.0
17:28:12.868 [JavaFX Application Thread] DEBUG Engine               - Architecture: amd64
17:28:12.868 [JavaFX Application Thread] INFO  Engine               - Source code and latest versions at: https://github.com/AlmasB/FXGL
17:28:12.868 [JavaFX Application Thread] INFO  Engine               -              Join the FXGL chat at: https://gitter.im/AlmasB/FXGL
17:28:12.922 [JavaFX Application Thread] DEBUG PrimaryStageWindow   - Creating a JavaFX scene
17:28:12.957 [JavaFX Application Thread] DEBUG PrimaryStageWindow   - Target settings size: 800.0 x 600.0
17:28:12.958 [JavaFX Application Thread] DEBUG PrimaryStageWindow   - Scaled scene size:    800.0 x 600.0
17:28:12.958 [JavaFX Application Thread] DEBUG PrimaryStageWindow   - Scaled ratio: (1.0, 1.0)
17:28:12.958 [JavaFX Application Thread] DEBUG PrimaryStageWindow   - Set initial scene to FXGLStartupScene
17:28:12.962 [JavaFX Application Thread] DEBUG PrimaryStageWindow   - Opening main window
17:28:13.024 [JavaFX Application Thread] DEBUG PrimaryStageWindow   - Window border size: (14.4000244140625, 37.5999755859375)
17:28:13.024 [JavaFX Application Thread] DEBUG PrimaryStageWindow   - Scaled size: 800.0 x 600.0
17:28:13.025 [JavaFX Application Thread] DEBUG PrimaryStageWindow   - Scaled ratio: (1.0, 1.0)
17:28:13.025 [JavaFX Application Thread] DEBUG PrimaryStageWindow   - Scene size: 800.0 x 600.0
17:28:13.025 [JavaFX Application Thread] DEBUG PrimaryStageWindow   - Stage size: 814.4000244140625 x 637.5999755859375
17:28:13.029 [FXGL Background Thread 1 ] DEBUG Engine               - Initializing environment variables
17:28:13.060 [FXGL Background Thread 1 ] DEBUG FXGLAssetLoaderServi - User app class for loading assets: class com.groupfour.mygame.App
17:28:13.060 [FXGL Background Thread 1 ] DEBUG GameApplicationServi - Applying CSS: fxgl_dark.css
17:28:13.061 [FXGL Background Thread 1 ] DEBUG FXGLAssetLoaderServi - Loading from file system: jar:file:///C:/Users/acer/.m2/repository/com/github/almasb/fxgl/dev-SNAPSHOT/fxgl-dev-SNAPSHOT.jar!/fxglassets/ui/css/fxgl_dark.css
17:28:13.095 [FXGL Background Thread 1 ] DEBUG GameApplicationServi - Initializing application scenes
17:28:13.120 [FXGL Background Thread 1 ] DEBUG GameWorld            - Game world initialized
17:28:13.152 [FXGL Background Thread 1 ] DEBUG PhysicsWorld         - Physics world initialized: appHeight=600, physics.ppm=50.0
17:28:13.152 [FXGL Background Thread 1 ] DEBUG PhysicsWorld         - Using strategy: BRUTE_FORCE
17:28:13.154 [FXGL Background Thread 1 ] DEBUG GameScene            - Game scene initialized: 800x600
17:28:13.161 [FXGL Background Thread 1 ] DEBUG FXGL.DefaultMenu     - createMenuBodyMainMenu()
17:28:13.173 [FXGL Background Thread 1 ] DEBUG FXGL.DefaultMenu     - createOptionsMenu()
17:28:13.178 [FXGL Background Thread 1 ] DEBUG FXGLAssetLoaderServi - Loading from file system: jar:file:///C:/Users/acer/.m2/repository/com/github/almasb/fxgl/dev-SNAPSHOT/fxgl-dev-SNAPSHOT.jar!/fxglassets/textures/particles/smoke.png
17:28:13.241 [FXGL Background Thread 1 ] DEBUG FXGLAssetLoaderServi - Loading from file system: jar:file:///C:/Users/acer/.m2/repository/com/github/almasb/fxgl/dev-SNAPSHOT/fxgl-dev-SNAPSHOT.jar!/fxglassets/textures/particles/trace_horizontal.png
17:28:13.260 [FXGL Background Thread 1 ] DEBUG FXGLAssetLoaderServi - Loading from file system: file:/C:/Users/acer/OneDrive/Desktop/git%20pull/CSS124L-FINAL-PROJECT/fp/target/classes/assets/ui/fonts/PIXELADE.TTF
17:28:13.507 [FXGL Background Thread 1 ] DEBUG FXGLAssetLoaderServi - Loading from file system: file:/C:/Users/acer/OneDrive/Desktop/git%20pull/CSS124L-FINAL-PROJECT/fp/target/classes/assets/textures/spbtn.png
17:28:13.521 [FXGL Background Thread 1 ] DEBUG FXGLAssetLoaderServi - Loading from file system: file:/C:/Users/acer/OneDrive/Desktop/git%20pull/CSS124L-FINAL-PROJECT/fp/target/classes/assets/textures/return.png
17:28:13.532 [FXGL Background Thread 1 ] DEBUG GameApplicationServi - Application scenes initialized
17:28:13.537 [FXGL Background Thread 1 ] DEBUG SystemBundleService  - Loading FXGL system data
17:28:13.540 [FXGL Background Thread 1 ] DEBUG FileSystemAccess     - Reading from: C:\Users\acer\OneDrive\Desktop\git pull\CSS124L-FINAL-PROJECT\system\fxgl.bundle
17:28:13.543 [FXGL Background Thread 1 ] DEBUG SystemBundleService  - Bundle FXGL: {}
17:28:13.544 [FXGL Background Thread 1 ] DEBUG UpdaterService       - Checking for updates
17:28:13.557 [FXGL Background Thread 1 ] DEBUG FXGLApplication      - Loading default localization
17:28:13.557 [FXGL Background Thread 4 ] DEBUG FXGLApplication      - Loading fonts
17:28:13.557 [FXGL Background Thread 1 ] DEBUG FXGLAssetLoaderServi - Loading from file system: jar:file:///C:/Users/acer/.m2/repository/com/github/almasb/fxgl/dev-SNAPSHOT/fxgl-dev-SNAPSHOT.jar!/fxglassets/languages/english.lang
17:28:13.558 [FXGL Background Thread 4 ] DEBUG FXGLAssetLoaderServi - Loading from file system: jar:file:///C:/Users/acer/.m2/repository/com/github/almasb/fxgl/dev-SNAPSHOT/fxgl-dev-SNAPSHOT.jar!/fxglassets/ui/fonts/VarelaRound-Regular.ttf
17:28:13.565 [FXGL Background Thread 4 ] DEBUG FXGLAssetLoaderServi - Loading from file system: jar:file:///C:/Users/acer/.m2/repository/com/github/almasb/fxgl/dev-SNAPSHOT/fxgl-dev-SNAPSHOT.jar!/fxglassets/ui/fonts/Abel-Regular.ttf
17:28:13.570 [FXGL Background Thread 1 ] INFO  FXGLApplication      - FXGL initialization took: 0.541 sec
17:28:13.571 [FXGL Background Thread 4 ] DEBUG FXGLAssetLoaderServi - Loading from file system: jar:file:///C:/Users/acer/.m2/repository/com/github/almasb/fxgl/dev-SNAPSHOT/fxgl-dev-SNAPSHOT.jar!/fxglassets/ui/fonts/lucida_console.ttf
17:28:13.577 [FXGL Background Thread 4 ] DEBUG FXGLAssetLoaderServi - Loading from file system: jar:file:///C:/Users/acer/.m2/repository/com/github/almasb/fxgl/dev-SNAPSHOT/fxgl-dev-SNAPSHOT.jar!/fxglassets/ui/fonts/Courier-Prime.ttf
17:28:13.579 [JavaFX Application Thread] DEBUG Input                - Registered new binding: Move Upwards - W
17:28:13.580 [JavaFX Application Thread] DEBUG Input                - Registered new binding: Move Down - S
17:28:13.580 [JavaFX Application Thread] DEBUG Input                - Registered new binding: Move Left - A
17:28:13.580 [JavaFX Application Thread] DEBUG Input                - Registered new binding: Move Right - D
17:28:13.580 [JavaFX Application Thread] DEBUG Input                - Registered new binding: Reload - R
17:28:13.581 [JavaFX Application Thread] DEBUG Input                - Registered new binding: Shoot - LMB
17:28:13.581 [JavaFX Application Thread] DEBUG Input                - Registered new binding: Switch Weapons - Q
17:28:13.581 [JavaFX Application Thread] DEBUG Input                - Registered new binding: Interact - F
17:28:13.581 [JavaFX Application Thread] DEBUG Input                - Registered new binding: Sprint - Space
17:28:13.582 [JavaFX Application Thread] DEBUG FXGLAssetLoaderServi - Loading from file system: file:/C:/Users/acer/OneDrive/Desktop/git%20pull/CSS124L-FINAL-PROJECT/fp/target/classes/assets/music/titleBGM.mp3
17:28:13.685 [JavaFX Application Thread] DEBUG AudioPlayer          - Playing music com.almasb.fxgl.audio.Music@68cbd4ef
17:28:13.686 [JavaFX Application Thread] DEBUG FXGLAssetLoaderServi - Loading from file system: jar:file:///C:/Users/acer/.m2/repository/com/github/almasb/fxgl/dev-SNAPSHOT/fxgl-dev-SNAPSHOT.jar!/fxglassets/textures/fxgl_icon.png
17:28:13.693 [JavaFX Application Thread] DEBUG FXGLAssetLoaderServi - Loading from file system: jar:file:///C:/Users/acer/.m2/repository/com/github/almasb/fxgl/dev-SNAPSHOT/fxgl-dev-SNAPSHOT.jar!/fxglassets/textures/fxgl_default_cursor.png
17:28:13.694 [JavaFX Application Thread] DEBUG Input                - Registered new binding: Screenshot - CTRL+8
17:28:13.694 [JavaFX Application Thread] DEBUG Input                - Registered new binding: Dev Options - 1
17:28:13.695 [JavaFX Application Thread] DEBUG Input                - Registered new binding: Dev Console - 2
17:28:13.695 [JavaFX Application Thread] DEBUG Input                - Registered new binding: System info dump - CTRL+9
17:28:13.695 [JavaFX Application Thread] DEBUG Input                - Registered new binding: Restart - CTRL+R
17:28:13.696 [JavaFX Application Thread] DEBUG Input                - Registered new binding: Toggle Debug Camera - CTRL+C
17:28:13.697 [JavaFX Application Thread] DEBUG LoopRunner           - Starting loop
17:28:13.707 [JavaFX Application Thread] DEBUG LoopRunner           - Initializing JavaFX AnimationTimerLoop
17:28:13.710 [JavaFX Application Thread] DEBUG Input                - Clearing active input actions
17:28:13.716 [JavaFX Application Thread] DEBUG GameApplicationServi - Removing overlay from FXGLStartupScene and adding to FXGLMainMenuDummyScene
17:28:13.719 [JavaFX Application Thread] DEBUG PrimaryStageWindow   - FXGLStartupScene -> FXGLMainMenuDummyScene
17:28:13.719 [JavaFX Application Thread] DEBUG PrimaryStageWindow   - Push state: FXGLDefaultMenu
17:28:13.721 [JavaFX Application Thread] DEBUG Input                - Clearing active input actions
17:28:13.725 [JavaFX Application Thread] DEBUG GameApplicationServi - Removing overlay from FXGLMainMenuDummyScene and adding to FXGLDefaultMenu
17:28:13.726 [JavaFX Application Thread] DEBUG PrimaryStageWindow   - FXGLMainMenuDummyScene -> FXGLDefaultMenu
17:28:13.726 [JavaFX Application Thread] DEBUG FXGLApplication      - Registering font factories with UI factory
17:28:14.117 [FXGL Background Thread 2 ] INFO  UpdaterService       - Your current version:  dev-SNAPSHOT
17:28:14.118 [FXGL Background Thread 2 ] INFO  UpdaterService       - Latest stable version: 21.1
17:28:14.898 [JavaFX Application Thread] DEBUG Menu                 - fireNewGame()
17:28:14.898 [JavaFX Application Thread] DEBUG GameApplicationServi - Starting new game
17:28:14.899 [JavaFX Application Thread] DEBUG PrimaryStageWindow   - Pop state: FXGLDefaultMenu
17:28:14.899 [JavaFX Application Thread] DEBUG Input                - Clearing active input actions
17:28:14.900 [JavaFX Application Thread] DEBUG GameApplicationServi - Removing overlay from FXGLDefaultMenu and adding to FXGLMainMenuDummyScene
17:28:14.901 [JavaFX Application Thread] DEBUG PrimaryStageWindow   - FXGLMainMenuDummyScene <- FXGLDefaultMenu
17:28:14.902 [JavaFX Application Thread] DEBUG Input                - Clearing active input actions
17:28:14.906 [JavaFX Application Thread] DEBUG GameApplicationServi - Removing overlay from FXGLMainMenuDummyScene and adding to FXGLLoadingScene
17:28:14.907 [JavaFX Application Thread] DEBUG PrimaryStageWindow   - FXGLMainMenuDummyScene -> FXGLLoadingScene
17:28:14.907 [JavaFX Application Thread] DEBUG GameApplicationServi - Clearing previous game
17:28:14.907 [JavaFX Application Thread] DEBUG GameScene            - Clearing game scene
17:28:14.907 [JavaFX Application Thread] DEBUG GameWorld            - Clearing game world
17:28:14.907 [JavaFX Application Thread] DEBUG PhysicsWorld         - Clearing physics world
17:28:14.908 [FXGL Background Thread 2 ] DEBUG FXGLApplication      - Initializing game
17:28:14.944 [FXGL Background Thread 2 ] WARN  TMXLevelLoader       - TiledMap generated from 1.11.0. Supported version: 1.2.3. Some features may not be parsed fully.
17:28:14.968 [FXGL Background Thread 2 ] DEBUG TMXLevelLoader       - Parsed TiledMap: file:/C:/Users/acer/OneDrive/Desktop/git%20pull/CSS124L-FINAL-PROJECT/fp/target/classes/assets/levels/Warehouse.tmx
17:28:14.969 [FXGL Background Thread 2 ] DEBUG TMXLevelLoader       - Creating tile layer entities
17:28:14.970 [FXGL Background Thread 2 ] DEBUG TilesetLoader        - Loading view for layer Floor
17:28:14.980 [FXGL Background Thread 2 ] DEBUG TilesetLoader        - Created buffer with size 2240.0x1600.0
17:28:14.993 [FXGL Background Thread 2 ] DEBUG TilesetLoader        - Loading view for layer Wall
17:28:15.000 [FXGL Background Thread 2 ] DEBUG TilesetLoader        - Created buffer with size 2240.0x1600.0
17:28:15.013 [FXGL Background Thread 2 ] DEBUG TilesetLoader        - Loading view for layer Props
17:28:15.019 [FXGL Background Thread 2 ] DEBUG TilesetLoader        - Created buffer with size 2240.0x1600.0
17:28:15.029 [FXGL Background Thread 2 ] DEBUG TMXLevelLoader       - Creating object layer entities
17:28:15.045 [FXGL Background Thread 2 ] DEBUG GameWorld            - Clearing removable entities
17:28:15.046 [FXGL Background Thread 2 ] DEBUG GameWorld            - Setting level: com.almasb.fxgl.entity.level.Level@66638855
17:28:15.053 [FXGL Background Thread 2 ] INFO  FXGLApplication      - Game initialization took: 0.145 sec
17:28:15.054 [JavaFX Application Thread] DEBUG Input                - Clearing active input actions
17:28:15.058 [JavaFX Application Thread] DEBUG GameApplicationServi - Removing overlay from FXGLLoadingScene and adding to GameScene
17:28:15.059 [JavaFX Application Thread] DEBUG PrimaryStageWindow   - FXGLLoadingScene -> GameScene
17:28:15.061 [JavaFX Application Thread] DEBUG FXGLAssetLoaderServi - Loading from file system: file:/C:/Users/acer/OneDrive/Desktop/git%20pull/CSS124L-FINAL-PROJECT/fp/target/classes/assets/textures/banner.png
17:28:15.096 [JavaFX Application Thread] DEBUG PrimaryStageWindow   - Push state: PCM_BG
17:28:15.096 [JavaFX Application Thread] DEBUG Input                - Clearing active input actions
17:28:15.096 [JavaFX Application Thread] DEBUG GameApplicationServi - Removing overlay from GameScene and adding to PCM_BG
17:28:15.096 [JavaFX Application Thread] DEBUG PrimaryStageWindow   - GameScene -> PCM_BG
17:28:15.100 [JavaFX Application Thread] DEBUG PrimaryStageWindow   - Push state: PlayerCountMenu
17:28:15.100 [JavaFX Application Thread] DEBUG Input                - Clearing active input actions
17:28:15.100 [JavaFX Application Thread] DEBUG GameApplicationServi - Removing overlay from PCM_BG and adding to PlayerCountMenu
17:28:15.102 [JavaFX Application Thread] DEBUG PrimaryStageWindow   - PCM_BG -> PlayerCountMenu
17:28:15.900 [JavaFX Application Thread] DEBUG AudioPlayer          - Stopping music com.almasb.fxgl.audio.Music@68cbd4ef
17:28:15.905 [JavaFX Application Thread] DEBUG FXGLAssetLoaderServi - Loading from file system: file:/C:/Users/acer/OneDrive/Desktop/git%20pull/CSS124L-FINAL-PROJECT/fp/target/classes/assets/sounds/Reload.mp3
17:28:15.909 [JavaFX Application Thread] DEBUG FXGLAssetLoaderServi - Loading from file system: file:/C:/Users/acer/OneDrive/Desktop/git%20pull/CSS124L-FINAL-PROJECT/fp/target/classes/assets/sounds/BerettaM9_Shoot.mp3
17:28:15.914 [JavaFX Application Thread] DEBUG FXGLAssetLoaderServi - Loading from file system: file:/C:/Users/acer/OneDrive/Desktop/git%20pull/CSS124L-FINAL-PROJECT/fp/target/classes/assets/textures/Weapons/Idle/BerettaM9_Idle.png
17:28:15.915 [JavaFX Application Thread] DEBUG FXGLAssetLoaderServi - Loading from file system: file:/C:/Users/acer/OneDrive/Desktop/git%20pull/CSS124L-FINAL-PROJECT/fp/target/classes/assets/textures/Weapons/Shooting/BerettaM9_Shooting.png
17:28:15.917 [JavaFX Application Thread] DEBUG FXGLAssetLoaderServi - Loading from file system: file:/C:/Users/acer/OneDrive/Desktop/git%20pull/CSS124L-FINAL-PROJECT/fp/target/classes/assets/textures/Players/1P_Shoot.png
17:28:15.920 [JavaFX Application Thread] DEBUG FXGLAssetLoaderServi - Loading from file system: file:/C:/Users/acer/OneDrive/Desktop/git%20pull/CSS124L-FINAL-PROJECT/fp/target/classes/assets/textures/Interactables/vending_machine.png
17:28:15.922 [JavaFX Application Thread] DEBUG FXGLAssetLoaderServi - Loading from file system: file:/C:/Users/acer/OneDrive/Desktop/git%20pull/CSS124L-FINAL-PROJECT/fp/target/classes/assets/textures/Interactables/microwave_close.png
17:28:15.925 [JavaFX Application Thread] DEBUG PrimaryStageWindow   - Pop state: PlayerCountMenu
17:28:15.925 [JavaFX Application Thread] DEBUG Input                - Clearing active input actions
17:28:15.925 [JavaFX Application Thread] DEBUG GameApplicationServi - Removing overlay from PlayerCountMenu and adding to PCM_BG
17:28:15.926 [JavaFX Application Thread] DEBUG PrimaryStageWindow   - PCM_BG <- PlayerCountMenu
17:28:15.926 [JavaFX Application Thread] DEBUG PrimaryStageWindow   - Pop state: PCM_BG
17:28:15.926 [JavaFX Application Thread] DEBUG Input                - Clearing active input actions
17:28:15.926 [JavaFX Application Thread] DEBUG GameApplicationServi - Removing overlay from PCM_BG and adding to GameScene
17:28:15.926 [JavaFX Application Thread] DEBUG PrimaryStageWindow   - GameScene <- PCM_BG
17:28:15.987 [JavaFX Application Thread] DEBUG FXGLAssetLoaderServi - Loading from file system: file:/C:/Users/acer/OneDrive/Desktop/git%20pull/CSS124L-FINAL-PROJECT/fp/target/classes/assets/textures/Zombies/Basic_Zombie_Walking.png
17:28:15.988 [JavaFX Application Thread] DEBUG FXGLAssetLoaderServi - Loading from file system: file:/C:/Users/acer/OneDrive/Desktop/git%20pull/CSS124L-FINAL-PROJECT/fp/target/classes/assets/textures/Zombies/Basic_Zombie_Attack.png
17:28:16.197 [JavaFX Application Thread] DEBUG FXGLAssetLoaderServi - Loading from file system: file:/C:/Users/acer/OneDrive/Desktop/git%20pull/CSS124L-FINAL-PROJECT/fp/target/classes/assets/text/startGame.txt
17:28:16.200 [JavaFX Application Thread] DEBUG Input                - Registered new binding: Next RPG Line - Enter
17:28:16.201 [JavaFX Application Thread] DEBUG FXGLAssetLoaderServi - Loading from file system: file:/C:/Users/acer/OneDrive/Desktop/git%20pull/CSS124L-FINAL-PROJECT/fp/target/classes/assets/textures/helmet.png
17:28:16.202 [JavaFX Application Thread] DEBUG PrimaryStageWindow   - Push state: CutsceneScene
17:28:16.202 [JavaFX Application Thread] DEBUG Input                - Clearing active input actions
17:28:16.202 [JavaFX Application Thread] DEBUG GameApplicationServi - Removing overlay from GameScene and adding to CutsceneScene
17:28:16.203 [JavaFX Application Thread] DEBUG PrimaryStageWindow   - GameScene -> CutsceneScene
17:28:16.557 [FXGL Background Thread 3 ] DEBUG Engine               - Logging environment variables
17:28:16.557 [FXGL Background Thread 3 ] DEBUG Engine               - achievements: []
17:28:16.557 [FXGL Background Thread 3 ] DEBUG Engine               - actualHeight: 600.0
17:28:16.557 [FXGL Background Thread 3 ] DEBUG Engine               - actualHeightProperty: ReadOnlyDoubleProperty [value: 600.0]
17:28:16.557 [FXGL Background Thread 3 ] DEBUG Engine               - actualWidth: 800.0
17:28:16.557 [FXGL Background Thread 3 ] DEBUG Engine               - actualWidthProperty: ReadOnlyDoubleProperty [value: 800.0]
17:28:16.557 [FXGL Background Thread 3 ] DEBUG Engine               - appIcon: fxgl_icon.png
17:28:16.558 [FXGL Background Thread 3 ] DEBUG Engine               - applicationMode: DEVELOPER
17:28:16.558 [FXGL Background Thread 3 ] DEBUG Engine               - cSSList: [fxgl_dark.css]
17:28:16.558 [FXGL Background Thread 3 ] DEBUG Engine               - collisionDetectionStrategy: BRUTE_FORCE
17:28:16.558 [FXGL Background Thread 3 ] DEBUG Engine               - configClass: Optional.empty
17:28:16.558 [FXGL Background Thread 3 ] DEBUG Engine               - credits: []
17:28:16.558 [FXGL Background Thread 3 ] DEBUG Engine               - defaultCursor: CursorInfo(imageName=fxgl_default_cursor.png, hotspotX=7.0, hotspotY=6.0)
17:28:16.558 [FXGL Background Thread 3 ] DEBUG Engine               - devBBoxColorProperty: ObjectProperty [value: 0xff0000ff]
17:28:16.558 [FXGL Background Thread 3 ] DEBUG Engine               - devEnableDebugCameraProperty: BooleanProperty [value: false]
17:28:16.558 [FXGL Background Thread 3 ] DEBUG Engine               - devSensorColorProperty: ObjectProperty [value: 0xffff00ff]
17:28:16.559 [FXGL Background Thread 3 ] DEBUG Engine               - devShowBBoxProperty: BooleanProperty [value: false]
17:28:16.559 [FXGL Background Thread 3 ] DEBUG Engine               - devShowPositionProperty: BooleanProperty [value: false]
17:28:16.559 [FXGL Background Thread 3 ] DEBUG Engine               - enabledMenuItems: []
17:28:16.559 [FXGL Background Thread 3 ] DEBUG Engine               - engineServices: [class com.almasb.fxgl.app.services.FXGLAssetLoaderService, class com.almasb.fxgl.app.FXGLApplication$GameApplicationService, class com.almasb.fxgl.app.services.FXGLDialogService, class com.almasb.fxgl.app.services.IOTaskExecutorService, class com.almasb.fxgl.io.FileSystemService, class com.almasb.fxgl.localization.LocalizationService, class com.almasb.fxgl.app.services.SystemBundleService, class com.almasb.fxgl.profile.SaveLoadService, class com.almasb.fxgl.ui.FXGLUIFactoryServiceProvider, class com.almasb.fxgl.ui.FXGLDialogFactoryServiceProvider, class com.almasb.fxgl.audio.AudioPlayer, class com.almasb.fxgl.notification.impl.NotificationServiceProvider, class com.almasb.fxgl.achievement.AchievementService, class com.almasb.fxgl.cutscene.CutsceneService, class com.almasb.fxgl.minigames.MiniGameService, class com.almasb.fxgl.net.NetService, class com.almasb.fxgl.app.services.UpdaterService, class com.almasb.fxgl.dev.DevService, class com.almasb.fxgl.multiplayer.MultiplayerService]
17:28:16.559 [FXGL Background Thread 3 ] DEBUG Engine               - fontGame: Abel-Regular.ttf
17:28:16.560 [FXGL Background Thread 3 ] DEBUG Engine               - fontMono: lucida_console.ttf
17:28:16.560 [FXGL Background Thread 3 ] DEBUG Engine               - fontText: Courier-Prime.ttf
17:28:16.560 [FXGL Background Thread 3 ] DEBUG Engine               - fontUI: VarelaRound-Regular.ttf
17:28:16.560 [FXGL Background Thread 3 ] DEBUG Engine               - fullScreen: BooleanProperty [value: false]
17:28:16.560 [FXGL Background Thread 3 ] DEBUG Engine               - gameDifficulty: MEDIUM
17:28:16.560 [FXGL Background Thread 3 ] DEBUG Engine               - gameDifficultyProperty: ObjectProperty [value: MEDIUM]
17:28:16.560 [FXGL Background Thread 3 ] DEBUG Engine               - globalMusicVolume: 0.5
17:28:16.560 [FXGL Background Thread 3 ] DEBUG Engine               - globalMusicVolumeProperty: DoubleProperty [value: 0.5]
17:28:16.560 [FXGL Background Thread 3 ] DEBUG Engine               - globalSoundVolume: 0.5
17:28:16.560 [FXGL Background Thread 3 ] DEBUG Engine               - globalSoundVolumeProperty: DoubleProperty [value: 0.5]
17:28:16.560 [FXGL Background Thread 3 ] DEBUG Engine               - height: 600
17:28:16.560 [FXGL Background Thread 3 ] DEBUG Engine               - is3D: false
17:28:16.560 [FXGL Background Thread 3 ] DEBUG Engine               - isAndroid: false
17:28:16.560 [FXGL Background Thread 3 ] DEBUG Engine               - isBrowser: false
17:28:16.560 [FXGL Background Thread 3 ] DEBUG Engine               - isClickFeedbackEnabled: false
17:28:16.560 [FXGL Background Thread 3 ] DEBUG Engine               - isCloseConfirmation: false
17:28:16.561 [FXGL Background Thread 3 ] DEBUG Engine               - isDesktop: true
17:28:16.561 [FXGL Background Thread 3 ] DEBUG Engine               - isDeveloperMenuEnabled: true
17:28:16.561 [FXGL Background Thread 3 ] DEBUG Engine               - isEmbedded: false
17:28:16.561 [FXGL Background Thread 3 ] DEBUG Engine               - isEntityPreloadEnabled: true
17:28:16.561 [FXGL Background Thread 3 ] DEBUG Engine               - isExperimentalTiledLargeMap: false
17:28:16.561 [FXGL Background Thread 3 ] DEBUG Engine               - isFileSystemWriteAllowed: true
17:28:16.561 [FXGL Background Thread 3 ] DEBUG Engine               - isFullScreenAllowed: false
17:28:16.561 [FXGL Background Thread 3 ] DEBUG Engine               - isFullScreenFromStart: false
17:28:16.561 [FXGL Background Thread 3 ] DEBUG Engine               - isGameMenuEnabled: true
17:28:16.561 [FXGL Background Thread 3 ] DEBUG Engine               - isIOS: false
17:28:16.561 [FXGL Background Thread 3 ] DEBUG Engine               - isIntroEnabled: false
17:28:16.561 [FXGL Background Thread 3 ] DEBUG Engine               - isLinux: false
17:28:16.561 [FXGL Background Thread 3 ] DEBUG Engine               - isMac: false
17:28:16.561 [FXGL Background Thread 3 ] DEBUG Engine               - isMainMenuEnabled: true
17:28:16.561 [FXGL Background Thread 3 ] DEBUG Engine               - isManualResizeEnabled: false
17:28:16.561 [FXGL Background Thread 3 ] DEBUG Engine               - isMobile: false
17:28:16.561 [FXGL Background Thread 3 ] DEBUG Engine               - isNative: false
17:28:16.562 [FXGL Background Thread 3 ] DEBUG Engine               - isPauseMusicWhenMinimized: true
17:28:16.562 [FXGL Background Thread 3 ] DEBUG Engine               - isPreserveResizeRatio: false
17:28:16.562 [FXGL Background Thread 3 ] DEBUG Engine               - isProfilingEnabled: false
17:28:16.562 [FXGL Background Thread 3 ] DEBUG Engine               - isScaleAffectedOnResize: true
17:28:16.562 [FXGL Background Thread 3 ] DEBUG Engine               - isSingleStep: false
17:28:16.562 [FXGL Background Thread 3 ] DEBUG Engine               - isUserProfileEnabled: false
17:28:16.562 [FXGL Background Thread 3 ] DEBUG Engine               - isWindows: true
17:28:16.562 [FXGL Background Thread 3 ] DEBUG Engine               - language: ObjectProperty [value: ENGLISH]
17:28:16.562 [FXGL Background Thread 3 ] DEBUG Engine               - menuKey: ESCAPE
17:28:16.562 [FXGL Background Thread 3 ] DEBUG Engine               - mouseSensitivity: 0.2
17:28:16.562 [FXGL Background Thread 3 ] DEBUG Engine               - notificationViewClass: class com.almasb.fxgl.notification.view.XboxNotificationView
17:28:16.562 [FXGL Background Thread 3 ] DEBUG Engine               - pixelsPerMeter: 50.0
17:28:16.562 [FXGL Background Thread 3 ] DEBUG Engine               - platform: WINDOWS
17:28:16.563 [FXGL Background Thread 3 ] DEBUG Engine               - prefHeightProperty: ReadOnlyDoubleProperty [value: 600.0]
17:28:16.563 [FXGL Background Thread 3 ] DEBUG Engine               - prefWidthProperty: ReadOnlyDoubleProperty [value: 800.0]
17:28:16.563 [FXGL Background Thread 3 ] DEBUG Engine               - profileDir: profiles/
17:28:16.563 [FXGL Background Thread 3 ] DEBUG Engine               - profileName: StringProperty [value: DEFAULT]
17:28:16.563 [FXGL Background Thread 3 ] DEBUG Engine               - randomSeed: -1
17:28:16.563 [FXGL Background Thread 3 ] DEBUG Engine               - runtimeInfo: RuntimeInfo(platform=WINDOWS, version=dev-SNAPSHOT, build=28.07.2021 16.39)
17:28:16.563 [FXGL Background Thread 3 ] DEBUG Engine               - saveFileExt: sav
17:28:16.563 [FXGL Background Thread 3 ] DEBUG Engine               - scaledHeightProp$fxgl: DoubleProperty [bound, value: 600.0]
17:28:16.563 [FXGL Background Thread 3 ] DEBUG Engine               - scaledWidthProp$fxgl: DoubleProperty [bound, value: 800.0]
17:28:16.563 [FXGL Background Thread 3 ] DEBUG Engine               - sceneFactory: com.groupfour.mygame.App$1@2677fcb7
17:28:16.563 [FXGL Background Thread 3 ] DEBUG Engine               - secondsIn24h: 60
17:28:16.563 [FXGL Background Thread 3 ] DEBUG Engine               - soundMenuBack: menu/back.wav
17:28:16.563 [FXGL Background Thread 3 ] DEBUG Engine               - soundMenuPress: menu/press.wav
17:28:16.563 [FXGL Background Thread 3 ] DEBUG Engine               - soundMenuSelect: menu/select.wav
17:28:16.564 [FXGL Background Thread 3 ] DEBUG Engine               - soundNotification: core/notification.wav
17:28:16.564 [FXGL Background Thread 3 ] DEBUG Engine               - stageStyle: DECORATED
17:28:16.564 [FXGL Background Thread 3 ] DEBUG Engine               - supportedLanguages: [ENGLISH, FRENCH, GERMAN, HUNGARIAN, RUSSIAN]
17:28:16.564 [FXGL Background Thread 3 ] DEBUG Engine               - ticksPerSecond: -1
17:28:16.564 [FXGL Background Thread 3 ] DEBUG Engine               - title: Flatline: Oregon
17:28:16.564 [FXGL Background Thread 3 ] DEBUG Engine               - urlGithub: https://github.com/AlmasB/FXGL
17:28:16.564 [FXGL Background Thread 3 ] DEBUG Engine               - urlLeaderboard: http://fxgl-top.herokuapp.com/
17:28:16.564 [FXGL Background Thread 3 ] DEBUG Engine               - urlPOM: https://raw.githubusercontent.com/AlmasB/FXGL/release/README.md
17:28:16.564 [FXGL Background Thread 3 ] DEBUG Engine               - userAppClass: class com.groupfour.mygame.App
17:28:16.564 [FXGL Background Thread 3 ] DEBUG Engine               - version: Beta ?
17:28:16.564 [FXGL Background Thread 3 ] DEBUG Engine               - versionCheckDays: 7
17:28:16.564 [FXGL Background Thread 3 ] DEBUG Engine               - width: 800
17:28:16.564 [FXGL Background Thread 3 ] DEBUG Engine               - Logging services
17:28:16.564 [FXGL Background Thread 3 ] DEBUG Engine               - class com.almasb.fxgl.app.services.FXGLAssetLoaderService
17:28:16.565 [FXGL Background Thread 3 ] DEBUG Engine               - class com.almasb.fxgl.app.FXGLApplication$GameApplicationService
17:28:16.565 [FXGL Background Thread 3 ] DEBUG Engine               - class com.almasb.fxgl.app.services.FXGLDialogService
17:28:16.565 [FXGL Background Thread 3 ] DEBUG Engine               - class com.almasb.fxgl.app.services.IOTaskExecutorService
17:28:16.565 [FXGL Background Thread 3 ] DEBUG Engine               - class com.almasb.fxgl.io.FileSystemService
17:28:16.565 [FXGL Background Thread 3 ] DEBUG Engine               - class com.almasb.fxgl.localization.LocalizationService
17:28:16.565 [FXGL Background Thread 3 ] DEBUG Engine               - class com.almasb.fxgl.app.services.SystemBundleService
17:28:16.565 [FXGL Background Thread 3 ] DEBUG Engine               - class com.almasb.fxgl.profile.SaveLoadService
17:28:16.565 [FXGL Background Thread 3 ] DEBUG Engine               - class com.almasb.fxgl.ui.FXGLUIFactoryServiceProvider
17:28:16.565 [FXGL Background Thread 3 ] DEBUG Engine               - class com.almasb.fxgl.ui.FXGLDialogFactoryServiceProvider
17:28:16.565 [FXGL Background Thread 3 ] DEBUG Engine               - class com.almasb.fxgl.audio.AudioPlayer
17:28:16.565 [FXGL Background Thread 3 ] DEBUG Engine               - class com.almasb.fxgl.notification.impl.NotificationServiceProvider
17:28:16.567 [FXGL Background Thread 3 ] DEBUG Engine               - class com.almasb.fxgl.achievement.AchievementService
17:28:16.567 [FXGL Background Thread 3 ] DEBUG Engine               - class com.almasb.fxgl.cutscene.CutsceneService
17:28:16.567 [FXGL Background Thread 3 ] DEBUG Engine               - class com.almasb.fxgl.minigames.MiniGameService
17:28:16.567 [FXGL Background Thread 3 ] DEBUG Engine               - class com.almasb.fxgl.net.NetService
17:28:16.567 [FXGL Background Thread 3 ] DEBUG Engine               - class com.almasb.fxgl.app.services.UpdaterService
17:28:16.567 [FXGL Background Thread 3 ] DEBUG Engine               - class com.almasb.fxgl.dev.DevService
17:28:16.567 [FXGL Background Thread 3 ] DEBUG Engine               - class com.almasb.fxgl.multiplayer.MultiplayerService
17:28:18.107 [JavaFX Application Thread] DEBUG PrimaryStageWindow   - Pop state: CutsceneScene
17:28:18.107 [JavaFX Application Thread] DEBUG Input                - Clearing active input actions
17:28:18.107 [JavaFX Application Thread] DEBUG GameApplicationServi - Removing overlay from CutsceneScene and adding to GameScene
17:28:18.108 [JavaFX Application Thread] DEBUG PrimaryStageWindow   - GameScene <- CutsceneScene
17:28:20.523 [JavaFX Application Thread] DEBUG FXGLAssetLoaderServi - Loading from file system: file:/C:/Users/acer/OneDrive/Desktop/git%20pull/CSS124L-FINAL-PROJECT/fp/target/classes/assets/sounds/ZombieAttack.mp3
17:28:23.964 [JavaFX Application Thread] DEBUG PrimaryStageWindow   - Push state: DialogSubScene
17:28:23.964 [JavaFX Application Thread] DEBUG Input                - Clearing active input actions
17:28:23.964 [JavaFX Application Thread] DEBUG GameApplicationServi - Removing overlay from GameScene and adding to DialogSubScene
17:28:23.965 [JavaFX Application Thread] DEBUG PrimaryStageWindow   - GameScene -> DialogSubScene
17:28:24.885 [JavaFX Application Thread] DEBUG PrimaryStageWindow   - Pop state: DialogSubScene
17:28:24.885 [JavaFX Application Thread] DEBUG Input                - Clearing active input actions
17:28:24.886 [JavaFX Application Thread] DEBUG GameApplicationServi - Removing overlay from DialogSubScene and adding to GameScene
17:28:24.886 [JavaFX Application Thread] DEBUG PrimaryStageWindow   - GameScene <- DialogSubScene
17:28:24.886 [JavaFX Application Thread] DEBUG AudioPlayer          - Playing music com.almasb.fxgl.audio.Music@68cbd4ef
17:28:24.886 [JavaFX Application Thread] DEBUG Input                - Clearing active input actions
17:28:24.889 [JavaFX Application Thread] DEBUG GameApplicationServi - Removing overlay from GameScene and adding to FXGLMainMenuDummyScene
17:28:24.889 [JavaFX Application Thread] DEBUG PrimaryStageWindow   - GameScene -> FXGLMainMenuDummyScene
17:28:24.889 [JavaFX Application Thread] DEBUG PrimaryStageWindow   - Push state: FXGLDefaultMenu
17:28:24.890 [JavaFX Application Thread] DEBUG Input                - Clearing active input actions
17:28:24.890 [JavaFX Application Thread] DEBUG GameApplicationServi - Removing overlay from FXGLMainMenuDummyScene and adding to FXGLDefaultMenu
17:28:24.892 [JavaFX Application Thread] DEBUG PrimaryStageWindow   - FXGLMainMenuDummyScene -> FXGLDefaultMenu
17:28:25.527 [JavaFX Application Thread] DEBUG Menu                 - fireNewGame()
17:28:25.527 [JavaFX Application Thread] DEBUG GameApplicationServi - Starting new game
17:28:25.527 [JavaFX Application Thread] DEBUG PrimaryStageWindow   - Pop state: FXGLDefaultMenu
17:28:25.527 [JavaFX Application Thread] DEBUG Input                - Clearing active input actions
17:28:25.528 [JavaFX Application Thread] DEBUG GameApplicationServi - Removing overlay from FXGLDefaultMenu and adding to FXGLMainMenuDummyScene
17:28:25.528 [JavaFX Application Thread] DEBUG PrimaryStageWindow   - FXGLMainMenuDummyScene <- FXGLDefaultMenu
17:28:25.528 [JavaFX Application Thread] DEBUG Input                - Clearing active input actions
17:28:25.531 [JavaFX Application Thread] DEBUG GameApplicationServi - Removing overlay from FXGLMainMenuDummyScene and adding to FXGLLoadingScene
17:28:25.531 [JavaFX Application Thread] DEBUG PrimaryStageWindow   - FXGLMainMenuDummyScene -> FXGLLoadingScene
17:28:25.531 [JavaFX Application Thread] DEBUG GameApplicationServi - Clearing previous game
17:28:25.531 [JavaFX Application Thread] DEBUG GameScene            - Clearing game scene
17:28:25.531 [JavaFX Application Thread] DEBUG GameWorld            - Clearing game world
17:28:25.532 [JavaFX Application Thread] DEBUG PhysicsWorld         - Clearing physics world
17:28:25.533 [FXGL Background Thread 2 ] DEBUG FXGLApplication      - Initializing game
17:28:25.535 [FXGL Background Thread 2 ] WARN  TMXLevelLoader       - TiledMap generated from 1.11.0. Supported version: 1.2.3. Some features may not be parsed fully.
17:28:25.545 [FXGL Background Thread 2 ] DEBUG TMXLevelLoader       - Parsed TiledMap: file:/C:/Users/acer/OneDrive/Desktop/git%20pull/CSS124L-FINAL-PROJECT/fp/target/classes/assets/levels/Warehouse.tmx
17:28:25.545 [FXGL Background Thread 2 ] DEBUG TMXLevelLoader       - Creating tile layer entities
17:28:25.545 [FXGL Background Thread 2 ] DEBUG TilesetLoader        - Loading view for layer Floor
17:28:25.556 [FXGL Background Thread 2 ] DEBUG TilesetLoader        - Created buffer with size 2240.0x1600.0
17:28:25.561 [FXGL Background Thread 2 ] DEBUG TilesetLoader        - Loading view for layer Wall
17:28:25.590 [FXGL Background Thread 2 ] DEBUG TilesetLoader        - Created buffer with size 2240.0x1600.0
17:28:25.596 [FXGL Background Thread 2 ] DEBUG TilesetLoader        - Loading view for layer Props
17:28:25.622 [FXGL Background Thread 2 ] DEBUG TilesetLoader        - Created buffer with size 2240.0x1600.0
17:28:25.632 [FXGL Background Thread 2 ] DEBUG TMXLevelLoader       - Creating object layer entities
17:28:25.638 [FXGL Background Thread 2 ] DEBUG GameWorld            - Clearing removable entities
17:28:25.639 [FXGL Background Thread 2 ] DEBUG GameWorld            - Setting level: com.almasb.fxgl.entity.level.Level@366f6be5
17:28:25.643 [FXGL Background Thread 2 ] INFO  FXGLApplication      - Game initialization took: 0.110 sec
17:28:25.647 [JavaFX Application Thread] DEBUG Input                - Clearing active input actions
17:28:25.649 [JavaFX Application Thread] DEBUG GameApplicationServi - Removing overlay from FXGLLoadingScene and adding to GameScene
17:28:25.650 [JavaFX Application Thread] DEBUG PrimaryStageWindow   - FXGLLoadingScene -> GameScene
17:28:25.675 [JavaFX Application Thread] DEBUG PrimaryStageWindow   - Push state: PCM_BG
17:28:25.675 [JavaFX Application Thread] DEBUG Input                - Clearing active input actions
17:28:25.675 [JavaFX Application Thread] DEBUG GameApplicationServi - Removing overlay from GameScene and adding to PCM_BG
17:28:25.676 [JavaFX Application Thread] DEBUG PrimaryStageWindow   - GameScene -> PCM_BG
17:28:25.678 [JavaFX Application Thread] DEBUG PrimaryStageWindow   - Push state: PlayerCountMenu
17:28:25.678 [JavaFX Application Thread] DEBUG Input                - Clearing active input actions
17:28:25.678 [JavaFX Application Thread] DEBUG GameApplicationServi - Removing overlay from PCM_BG and adding to PlayerCountMenu
17:28:25.679 [JavaFX Application Thread] DEBUG PrimaryStageWindow   - PCM_BG -> PlayerCountMenu
17:28:27.498 [JavaFX Application Thread] DEBUG AudioPlayer          - Stopping music com.almasb.fxgl.audio.Music@68cbd4ef
17:28:27.544 [JavaFX Application Thread] DEBUG PrimaryStageWindow   - Pop state: PlayerCountMenu
17:28:27.544 [JavaFX Application Thread] DEBUG Input                - Clearing active input actions
17:28:27.544 [JavaFX Application Thread] DEBUG GameApplicationServi - Removing overlay from PlayerCountMenu and adding to PCM_BG
17:28:27.544 [JavaFX Application Thread] DEBUG PrimaryStageWindow   - PCM_BG <- PlayerCountMenu
17:28:27.544 [JavaFX Application Thread] DEBUG PrimaryStageWindow   - Pop state: PCM_BG
17:28:27.544 [JavaFX Application Thread] DEBUG Input                - Clearing active input actions
17:28:27.545 [JavaFX Application Thread] DEBUG GameApplicationServi - Removing overlay from PCM_BG and adding to GameScene
17:28:27.545 [JavaFX Application Thread] DEBUG PrimaryStageWindow   - GameScene <- PCM_BG
17:28:27.883 [JavaFX Application Thread] DEBUG PrimaryStageWindow   - Push state: CutsceneScene
17:28:27.883 [JavaFX Application Thread] DEBUG Input                - Clearing active input actions
17:28:27.883 [JavaFX Application Thread] DEBUG GameApplicationServi - Removing overlay from GameScene and adding to CutsceneScene
17:28:27.883 [JavaFX Application Thread] DEBUG PrimaryStageWindow   - GameScene -> CutsceneScene
17:28:28.380 [JavaFX Application Thread] DEBUG FXGLApplication      - Exiting FXGL
17:28:28.380 [JavaFX Application Thread] DEBUG LoopRunner           - Stopping loop
17:28:28.380 [JavaFX Application Thread] DEBUG SystemBundleService  - Saving FXGL system data
17:28:28.381 [JavaFX Application Thread] DEBUG FileSystemAccess     - Writing to: C:\Users\acer\OneDrive\Desktop\git pull\CSS124L-FINAL-PROJECT\system\fxgl.bundle
17:28:28.383 [JavaFX Application Thread] DEBUG Async                - Shutting down background threads
17:28:28.383 [JavaFX Application Thread] DEBUG PrimaryStageWindow   - Closing main window
17:28:28.393 [JavaFX Application Thread] DEBUG Logger               - Closing Logger
