10:55:35.483 [main                     ] DEBUG Logger               - Configured Logger
10:55:35.505 [main                     ] DEBUG GameApplication      - Logging settings
Title: Flatline: Oregon
Version: Alpha 0.3
Width: 800
Height: 600
Fullscreen: false
Intro: false
Profiling: false
Single step:false
App Mode: DEVELOPER
Menu Key: ESCAPE
Stage Style: DECORATED
Scene Factory: class com.groupfour.mygame.App$1

10:55:35.818 [JavaFX Application Thread] DEBUG FXGLApplication      - Initializing FXGL
10:55:35.820 [JavaFX Application Thread] INFO  Engine               - FXGL-dev-SNAPSHOT (28.07.2021 16.39) on WINDOWS (J:11.0.22 FX:16)
10:55:35.821 [JavaFX Application Thread] DEBUG Engine               - JRE Vendor Name: Oracle Corporation
10:55:35.821 [JavaFX Application Thread] DEBUG Engine               - Running on OS: Windows 11 version 10.0
10:55:35.821 [JavaFX Application Thread] DEBUG Engine               - Architecture: amd64
10:55:35.821 [JavaFX Application Thread] INFO  Engine               - Source code and latest versions at: https://github.com/AlmasB/FXGL
10:55:35.821 [JavaFX Application Thread] INFO  Engine               -              Join the FXGL chat at: https://gitter.im/AlmasB/FXGL
10:55:35.882 [JavaFX Application Thread] DEBUG PrimaryStageWindow   - Creating a JavaFX scene
10:55:35.921 [JavaFX Application Thread] DEBUG PrimaryStageWindow   - Target settings size: 800.0 x 600.0
10:55:35.922 [JavaFX Application Thread] DEBUG PrimaryStageWindow   - Scaled scene size:    800.0 x 600.0
10:55:35.922 [JavaFX Application Thread] DEBUG PrimaryStageWindow   - Scaled ratio: (1.0, 1.0)
10:55:35.922 [JavaFX Application Thread] DEBUG PrimaryStageWindow   - Set initial scene to FXGLStartupScene
10:55:35.926 [JavaFX Application Thread] DEBUG PrimaryStageWindow   - Opening main window
10:55:35.979 [JavaFX Application Thread] DEBUG PrimaryStageWindow   - Window border size: (14.4000244140625, 37.5999755859375)
10:55:35.979 [JavaFX Application Thread] DEBUG PrimaryStageWindow   - Scaled size: 800.0 x 600.0
10:55:35.979 [JavaFX Application Thread] DEBUG PrimaryStageWindow   - Scaled ratio: (1.0, 1.0)
10:55:35.979 [JavaFX Application Thread] DEBUG PrimaryStageWindow   - Scene size: 800.0 x 600.0
10:55:35.979 [JavaFX Application Thread] DEBUG PrimaryStageWindow   - Stage size: 814.4000244140625 x 637.5999755859375
10:55:35.984 [FXGL Background Thread 1 ] DEBUG Engine               - Initializing environment variables
10:55:36.017 [FXGL Background Thread 1 ] DEBUG FXGLAssetLoaderServi - User app class for loading assets: class com.groupfour.mygame.App
10:55:36.017 [FXGL Background Thread 1 ] DEBUG GameApplicationServi - Applying CSS: fxgl_dark.css
10:55:36.018 [FXGL Background Thread 1 ] DEBUG FXGLAssetLoaderServi - Loading from file system: jar:file:///C:/Users/acer/.m2/repository/com/github/almasb/fxgl/dev-SNAPSHOT/fxgl-dev-SNAPSHOT.jar!/fxglassets/ui/css/fxgl_dark.css
10:55:36.056 [FXGL Background Thread 1 ] DEBUG GameApplicationServi - Initializing application scenes
10:55:36.085 [FXGL Background Thread 1 ] DEBUG GameWorld            - Game world initialized
10:55:36.120 [FXGL Background Thread 1 ] DEBUG PhysicsWorld         - Physics world initialized: appHeight=600, physics.ppm=50.0
10:55:36.121 [FXGL Background Thread 1 ] DEBUG PhysicsWorld         - Using strategy: BRUTE_FORCE
10:55:36.123 [FXGL Background Thread 1 ] DEBUG GameScene            - Game scene initialized: 800x600
10:55:36.135 [FXGL Background Thread 1 ] DEBUG FXGL.DefaultMenu     - createMenuBodyMainMenu()
10:55:36.150 [FXGL Background Thread 1 ] DEBUG FXGL.DefaultMenu     - createOptionsMenu()
10:55:36.157 [FXGL Background Thread 1 ] DEBUG FXGLAssetLoaderServi - Loading from file system: jar:file:///C:/Users/acer/.m2/repository/com/github/almasb/fxgl/dev-SNAPSHOT/fxgl-dev-SNAPSHOT.jar!/fxglassets/textures/particles/smoke.png
10:55:36.239 [FXGL Background Thread 1 ] DEBUG FXGLAssetLoaderServi - Loading from file system: jar:file:///C:/Users/acer/.m2/repository/com/github/almasb/fxgl/dev-SNAPSHOT/fxgl-dev-SNAPSHOT.jar!/fxglassets/textures/particles/trace_horizontal.png
10:55:36.262 [FXGL Background Thread 1 ] DEBUG GameApplicationServi - Application scenes initialized
10:55:36.272 [FXGL Background Thread 1 ] DEBUG SystemBundleService  - Loading FXGL system data
10:55:36.276 [FXGL Background Thread 1 ] DEBUG FileSystemAccess     - Reading from: C:\Users\acer\OneDrive\Desktop\git pull\CSS124L-FINAL-PROJECT\system\fxgl.bundle
10:55:36.281 [FXGL Background Thread 1 ] DEBUG SystemBundleService  - Bundle FXGL: {}
10:55:36.282 [FXGL Background Thread 1 ] DEBUG UpdaterService       - Checking for updates
10:55:36.300 [FXGL Background Thread 4 ] DEBUG FXGLApplication      - Loading fonts
10:55:36.301 [FXGL Background Thread 1 ] DEBUG FXGLApplication      - Loading default localization
10:55:36.301 [FXGL Background Thread 1 ] DEBUG FXGLAssetLoaderServi - Loading from file system: jar:file:///C:/Users/acer/.m2/repository/com/github/almasb/fxgl/dev-SNAPSHOT/fxgl-dev-SNAPSHOT.jar!/fxglassets/languages/english.lang
10:55:36.301 [FXGL Background Thread 4 ] DEBUG FXGLAssetLoaderServi - Loading from file system: jar:file:///C:/Users/acer/.m2/repository/com/github/almasb/fxgl/dev-SNAPSHOT/fxgl-dev-SNAPSHOT.jar!/fxglassets/ui/fonts/VarelaRound-Regular.ttf
10:55:36.314 [FXGL Background Thread 1 ] INFO  FXGLApplication      - FXGL initialization took: 0.330 sec
10:55:36.324 [JavaFX Application Thread] DEBUG Input                - Registered new binding: Move Upwards - W
10:55:36.325 [JavaFX Application Thread] DEBUG Input                - Registered new binding: Move Down - S
10:55:36.325 [JavaFX Application Thread] DEBUG Input                - Registered new binding: Move Left - A
10:55:36.325 [JavaFX Application Thread] DEBUG Input                - Registered new binding: Move Right - D
10:55:36.325 [JavaFX Application Thread] DEBUG Input                - Registered new binding: Reload - R
10:55:36.325 [JavaFX Application Thread] DEBUG Input                - Registered new binding: Shoot - LMB
10:55:36.326 [JavaFX Application Thread] DEBUG Input                - Registered new binding: Switch Weapons - Q
10:55:36.326 [JavaFX Application Thread] DEBUG Input                - Registered new binding: Interact - F
10:55:36.326 [JavaFX Application Thread] DEBUG FXGLAssetLoaderServi - Loading from file system: jar:file:///C:/Users/acer/.m2/repository/com/github/almasb/fxgl/dev-SNAPSHOT/fxgl-dev-SNAPSHOT.jar!/fxglassets/textures/fxgl_icon.png
10:55:36.345 [JavaFX Application Thread] DEBUG FXGLAssetLoaderServi - Loading from file system: jar:file:///C:/Users/acer/.m2/repository/com/github/almasb/fxgl/dev-SNAPSHOT/fxgl-dev-SNAPSHOT.jar!/fxglassets/textures/fxgl_default_cursor.png
10:55:36.347 [JavaFX Application Thread] DEBUG Input                - Registered new binding: Screenshot - CTRL+8
10:55:36.347 [JavaFX Application Thread] DEBUG Input                - Registered new binding: Dev Options - 1
10:55:36.348 [JavaFX Application Thread] DEBUG Input                - Registered new binding: Dev Console - 2
10:55:36.348 [JavaFX Application Thread] DEBUG Input                - Registered new binding: System info dump - CTRL+9
10:55:36.349 [JavaFX Application Thread] DEBUG Input                - Registered new binding: Restart - CTRL+R
10:55:36.350 [JavaFX Application Thread] DEBUG Input                - Registered new binding: Toggle Debug Camera - CTRL+C
10:55:36.353 [JavaFX Application Thread] DEBUG LoopRunner           - Starting loop
10:55:36.368 [JavaFX Application Thread] DEBUG LoopRunner           - Initializing JavaFX AnimationTimerLoop
10:55:36.372 [JavaFX Application Thread] DEBUG Input                - Clearing active input actions
10:55:36.382 [JavaFX Application Thread] DEBUG GameApplicationServi - Removing overlay from FXGLStartupScene and adding to FXGLMainMenuDummyScene
10:55:36.389 [JavaFX Application Thread] DEBUG PrimaryStageWindow   - FXGLStartupScene -> FXGLMainMenuDummyScene
10:55:36.389 [JavaFX Application Thread] DEBUG PrimaryStageWindow   - Push state: FXGLDefaultMenu
10:55:36.393 [JavaFX Application Thread] DEBUG Input                - Clearing active input actions
10:55:36.402 [JavaFX Application Thread] DEBUG GameApplicationServi - Removing overlay from FXGLMainMenuDummyScene and adding to FXGLDefaultMenu
10:55:36.403 [JavaFX Application Thread] DEBUG PrimaryStageWindow   - FXGLMainMenuDummyScene -> FXGLDefaultMenu
10:55:36.732 [FXGL Background Thread 4 ] DEBUG FXGLAssetLoaderServi - Loading from file system: jar:file:///C:/Users/acer/.m2/repository/com/github/almasb/fxgl/dev-SNAPSHOT/fxgl-dev-SNAPSHOT.jar!/fxglassets/ui/fonts/Abel-Regular.ttf
10:55:36.734 [FXGL Background Thread 4 ] DEBUG FXGLAssetLoaderServi - Loading from file system: jar:file:///C:/Users/acer/.m2/repository/com/github/almasb/fxgl/dev-SNAPSHOT/fxgl-dev-SNAPSHOT.jar!/fxglassets/ui/fonts/lucida_console.ttf
10:55:36.740 [FXGL Background Thread 4 ] DEBUG FXGLAssetLoaderServi - Loading from file system: jar:file:///C:/Users/acer/.m2/repository/com/github/almasb/fxgl/dev-SNAPSHOT/fxgl-dev-SNAPSHOT.jar!/fxglassets/ui/fonts/Courier-Prime.ttf
10:55:36.747 [JavaFX Application Thread] DEBUG FXGLApplication      - Registering font factories with UI factory
10:55:37.038 [FXGL Background Thread 2 ] INFO  UpdaterService       - Your current version:  dev-SNAPSHOT
10:55:37.039 [FXGL Background Thread 2 ] INFO  UpdaterService       - Latest stable version: 21.1
10:55:39.287 [JavaFX Application Thread] DEBUG Menu                 - fireNewGame()
10:55:39.287 [JavaFX Application Thread] DEBUG GameApplicationServi - Starting new game
10:55:39.288 [JavaFX Application Thread] DEBUG PrimaryStageWindow   - Pop state: FXGLDefaultMenu
10:55:39.288 [JavaFX Application Thread] DEBUG Input                - Clearing active input actions
10:55:39.289 [JavaFX Application Thread] DEBUG GameApplicationServi - Removing overlay from FXGLDefaultMenu and adding to FXGLMainMenuDummyScene
10:55:39.290 [JavaFX Application Thread] DEBUG PrimaryStageWindow   - FXGLMainMenuDummyScene <- FXGLDefaultMenu
10:55:39.290 [JavaFX Application Thread] DEBUG Input                - Clearing active input actions
10:55:39.294 [JavaFX Application Thread] DEBUG GameApplicationServi - Removing overlay from FXGLMainMenuDummyScene and adding to FXGLLoadingScene
10:55:39.294 [JavaFX Application Thread] DEBUG PrimaryStageWindow   - FXGLMainMenuDummyScene -> FXGLLoadingScene
10:55:39.295 [JavaFX Application Thread] DEBUG GameApplicationServi - Clearing previous game
10:55:39.295 [JavaFX Application Thread] DEBUG GameScene            - Clearing game scene
10:55:39.295 [JavaFX Application Thread] DEBUG GameWorld            - Clearing game world
10:55:39.296 [JavaFX Application Thread] DEBUG PhysicsWorld         - Clearing physics world
10:55:39.297 [FXGL Background Thread 2 ] DEBUG FXGLApplication      - Initializing game
10:55:39.299 [FXGL Background Thread 3 ] DEBUG Engine               - Logging environment variables
10:55:39.299 [FXGL Background Thread 3 ] DEBUG Engine               - achievements: []
10:55:39.300 [FXGL Background Thread 3 ] DEBUG Engine               - actualHeight: 600.0
10:55:39.300 [FXGL Background Thread 3 ] DEBUG Engine               - actualHeightProperty: ReadOnlyDoubleProperty [value: 600.0]
10:55:39.300 [FXGL Background Thread 3 ] DEBUG Engine               - actualWidth: 800.0
10:55:39.300 [FXGL Background Thread 3 ] DEBUG Engine               - actualWidthProperty: ReadOnlyDoubleProperty [value: 800.0]
10:55:39.300 [FXGL Background Thread 3 ] DEBUG Engine               - appIcon: fxgl_icon.png
10:55:39.300 [FXGL Background Thread 3 ] DEBUG Engine               - applicationMode: DEVELOPER
10:55:39.301 [FXGL Background Thread 3 ] DEBUG Engine               - cSSList: [fxgl_dark.css]
10:55:39.301 [FXGL Background Thread 3 ] DEBUG Engine               - collisionDetectionStrategy: BRUTE_FORCE
10:55:39.301 [FXGL Background Thread 3 ] DEBUG Engine               - configClass: Optional.empty
10:55:39.301 [FXGL Background Thread 3 ] DEBUG Engine               - credits: []
10:55:39.301 [FXGL Background Thread 3 ] DEBUG Engine               - defaultCursor: CursorInfo(imageName=fxgl_default_cursor.png, hotspotX=7.0, hotspotY=6.0)
10:55:39.301 [FXGL Background Thread 3 ] DEBUG Engine               - devBBoxColorProperty: ObjectProperty [value: 0xff0000ff]
10:55:39.301 [FXGL Background Thread 3 ] DEBUG Engine               - devEnableDebugCameraProperty: BooleanProperty [value: false]
10:55:39.301 [FXGL Background Thread 3 ] DEBUG Engine               - devSensorColorProperty: ObjectProperty [value: 0xffff00ff]
10:55:39.301 [FXGL Background Thread 3 ] DEBUG Engine               - devShowBBoxProperty: BooleanProperty [value: false]
10:55:39.301 [FXGL Background Thread 3 ] DEBUG Engine               - devShowPositionProperty: BooleanProperty [value: false]
10:55:39.301 [FXGL Background Thread 3 ] DEBUG Engine               - enabledMenuItems: []
10:55:39.301 [FXGL Background Thread 3 ] DEBUG Engine               - engineServices: [class com.almasb.fxgl.app.services.FXGLAssetLoaderService, class com.almasb.fxgl.app.FXGLApplication$GameApplicationService, class com.almasb.fxgl.app.services.FXGLDialogService, class com.almasb.fxgl.app.services.IOTaskExecutorService, class com.almasb.fxgl.io.FileSystemService, class com.almasb.fxgl.localization.LocalizationService, class com.almasb.fxgl.app.services.SystemBundleService, class com.almasb.fxgl.profile.SaveLoadService, class com.almasb.fxgl.ui.FXGLUIFactoryServiceProvider, class com.almasb.fxgl.ui.FXGLDialogFactoryServiceProvider, class com.almasb.fxgl.audio.AudioPlayer, class com.almasb.fxgl.notification.impl.NotificationServiceProvider, class com.almasb.fxgl.achievement.AchievementService, class com.almasb.fxgl.cutscene.CutsceneService, class com.almasb.fxgl.minigames.MiniGameService, class com.almasb.fxgl.net.NetService, class com.almasb.fxgl.app.services.UpdaterService, class com.almasb.fxgl.dev.DevService, class com.almasb.fxgl.multiplayer.MultiplayerService]
10:55:39.301 [FXGL Background Thread 3 ] DEBUG Engine               - fontGame: Abel-Regular.ttf
10:55:39.301 [FXGL Background Thread 3 ] DEBUG Engine               - fontMono: lucida_console.ttf
10:55:39.301 [FXGL Background Thread 3 ] DEBUG Engine               - fontText: Courier-Prime.ttf
10:55:39.301 [FXGL Background Thread 3 ] DEBUG Engine               - fontUI: VarelaRound-Regular.ttf
10:55:39.302 [FXGL Background Thread 3 ] DEBUG Engine               - fullScreen: BooleanProperty [value: false]
10:55:39.302 [FXGL Background Thread 3 ] DEBUG Engine               - gameDifficulty: MEDIUM
10:55:39.302 [FXGL Background Thread 3 ] DEBUG Engine               - gameDifficultyProperty: ObjectProperty [value: MEDIUM]
10:55:39.302 [FXGL Background Thread 3 ] DEBUG Engine               - globalMusicVolume: 0.5
10:55:39.302 [FXGL Background Thread 3 ] DEBUG Engine               - globalMusicVolumeProperty: DoubleProperty [value: 0.5]
10:55:39.302 [FXGL Background Thread 3 ] DEBUG Engine               - globalSoundVolume: 0.5
10:55:39.302 [FXGL Background Thread 3 ] DEBUG Engine               - globalSoundVolumeProperty: DoubleProperty [value: 0.5]
10:55:39.302 [FXGL Background Thread 3 ] DEBUG Engine               - height: 600
10:55:39.302 [FXGL Background Thread 3 ] DEBUG Engine               - is3D: false
10:55:39.302 [FXGL Background Thread 3 ] DEBUG Engine               - isAndroid: false
10:55:39.303 [FXGL Background Thread 3 ] DEBUG Engine               - isBrowser: false
10:55:39.303 [FXGL Background Thread 3 ] DEBUG Engine               - isClickFeedbackEnabled: false
10:55:39.304 [FXGL Background Thread 3 ] DEBUG Engine               - isCloseConfirmation: false
10:55:39.304 [FXGL Background Thread 3 ] DEBUG Engine               - isDesktop: true
10:55:39.304 [FXGL Background Thread 3 ] DEBUG Engine               - isDeveloperMenuEnabled: true
10:55:39.304 [FXGL Background Thread 3 ] DEBUG Engine               - isEmbedded: false
10:55:39.304 [FXGL Background Thread 3 ] DEBUG Engine               - isEntityPreloadEnabled: true
10:55:39.304 [FXGL Background Thread 3 ] DEBUG Engine               - isExperimentalTiledLargeMap: false
10:55:39.304 [FXGL Background Thread 3 ] DEBUG Engine               - isFileSystemWriteAllowed: true
10:55:39.304 [FXGL Background Thread 3 ] DEBUG Engine               - isFullScreenAllowed: false
10:55:39.304 [FXGL Background Thread 3 ] DEBUG Engine               - isFullScreenFromStart: false
10:55:39.304 [FXGL Background Thread 3 ] DEBUG Engine               - isGameMenuEnabled: true
10:55:39.304 [FXGL Background Thread 3 ] DEBUG Engine               - isIOS: false
10:55:39.304 [FXGL Background Thread 3 ] DEBUG Engine               - isIntroEnabled: false
10:55:39.304 [FXGL Background Thread 3 ] DEBUG Engine               - isLinux: false
10:55:39.304 [FXGL Background Thread 3 ] DEBUG Engine               - isMac: false
10:55:39.304 [FXGL Background Thread 3 ] DEBUG Engine               - isMainMenuEnabled: true
10:55:39.304 [FXGL Background Thread 3 ] DEBUG Engine               - isManualResizeEnabled: false
10:55:39.304 [FXGL Background Thread 3 ] DEBUG Engine               - isMobile: false
10:55:39.304 [FXGL Background Thread 3 ] DEBUG Engine               - isNative: false
10:55:39.304 [FXGL Background Thread 3 ] DEBUG Engine               - isPauseMusicWhenMinimized: true
10:55:39.304 [FXGL Background Thread 3 ] DEBUG Engine               - isPreserveResizeRatio: false
10:55:39.304 [FXGL Background Thread 3 ] DEBUG Engine               - isProfilingEnabled: false
10:55:39.304 [FXGL Background Thread 3 ] DEBUG Engine               - isScaleAffectedOnResize: true
10:55:39.304 [FXGL Background Thread 3 ] DEBUG Engine               - isSingleStep: false
10:55:39.305 [FXGL Background Thread 3 ] DEBUG Engine               - isUserProfileEnabled: false
10:55:39.305 [FXGL Background Thread 3 ] DEBUG Engine               - isWindows: true
10:55:39.305 [FXGL Background Thread 3 ] DEBUG Engine               - language: ObjectProperty [value: ENGLISH]
10:55:39.305 [FXGL Background Thread 3 ] DEBUG Engine               - menuKey: ESCAPE
10:55:39.305 [FXGL Background Thread 3 ] DEBUG Engine               - mouseSensitivity: 0.2
10:55:39.305 [FXGL Background Thread 3 ] DEBUG Engine               - notificationViewClass: class com.almasb.fxgl.notification.view.XboxNotificationView
10:55:39.305 [FXGL Background Thread 3 ] DEBUG Engine               - pixelsPerMeter: 50.0
10:55:39.305 [FXGL Background Thread 3 ] DEBUG Engine               - platform: WINDOWS
10:55:39.305 [FXGL Background Thread 3 ] DEBUG Engine               - prefHeightProperty: ReadOnlyDoubleProperty [value: 600.0]
10:55:39.306 [FXGL Background Thread 3 ] DEBUG Engine               - prefWidthProperty: ReadOnlyDoubleProperty [value: 800.0]
10:55:39.306 [FXGL Background Thread 3 ] DEBUG Engine               - profileDir: profiles/
10:55:39.306 [FXGL Background Thread 3 ] DEBUG Engine               - profileName: StringProperty [value: DEFAULT]
10:55:39.306 [FXGL Background Thread 3 ] DEBUG Engine               - randomSeed: -1
10:55:39.306 [FXGL Background Thread 3 ] DEBUG Engine               - runtimeInfo: RuntimeInfo(platform=WINDOWS, version=dev-SNAPSHOT, build=28.07.2021 16.39)
10:55:39.306 [FXGL Background Thread 3 ] DEBUG Engine               - saveFileExt: sav
10:55:39.306 [FXGL Background Thread 3 ] DEBUG Engine               - scaledHeightProp$fxgl: DoubleProperty [bound, value: 600.0]
10:55:39.306 [FXGL Background Thread 3 ] DEBUG Engine               - scaledWidthProp$fxgl: DoubleProperty [bound, value: 800.0]
10:55:39.306 [FXGL Background Thread 3 ] DEBUG Engine               - sceneFactory: com.groupfour.mygame.App$1@2df2c57f
10:55:39.307 [FXGL Background Thread 3 ] DEBUG Engine               - secondsIn24h: 60
10:55:39.307 [FXGL Background Thread 3 ] DEBUG Engine               - soundMenuBack: menu/back.wav
10:55:39.307 [FXGL Background Thread 3 ] DEBUG Engine               - soundMenuPress: menu/press.wav
10:55:39.307 [FXGL Background Thread 3 ] DEBUG Engine               - soundMenuSelect: menu/select.wav
10:55:39.307 [FXGL Background Thread 3 ] DEBUG Engine               - soundNotification: core/notification.wav
10:55:39.307 [FXGL Background Thread 3 ] DEBUG Engine               - stageStyle: DECORATED
10:55:39.307 [FXGL Background Thread 3 ] DEBUG Engine               - supportedLanguages: [ENGLISH, FRENCH, GERMAN, HUNGARIAN, RUSSIAN]
10:55:39.307 [FXGL Background Thread 3 ] DEBUG Engine               - ticksPerSecond: -1
10:55:39.307 [FXGL Background Thread 3 ] DEBUG Engine               - title: Flatline: Oregon
10:55:39.308 [FXGL Background Thread 3 ] DEBUG Engine               - urlGithub: https://github.com/AlmasB/FXGL
10:55:39.308 [FXGL Background Thread 3 ] DEBUG Engine               - urlLeaderboard: http://fxgl-top.herokuapp.com/
10:55:39.308 [FXGL Background Thread 3 ] DEBUG Engine               - urlPOM: https://raw.githubusercontent.com/AlmasB/FXGL/release/README.md
10:55:39.308 [FXGL Background Thread 3 ] DEBUG Engine               - userAppClass: class com.groupfour.mygame.App
10:55:39.308 [FXGL Background Thread 3 ] DEBUG Engine               - version: Alpha 0.3
10:55:39.308 [FXGL Background Thread 3 ] DEBUG Engine               - versionCheckDays: 7
10:55:39.308 [FXGL Background Thread 3 ] DEBUG Engine               - width: 800
10:55:39.308 [FXGL Background Thread 3 ] DEBUG Engine               - Logging services
10:55:39.308 [FXGL Background Thread 3 ] DEBUG Engine               - class com.almasb.fxgl.app.services.FXGLAssetLoaderService
10:55:39.308 [FXGL Background Thread 3 ] DEBUG Engine               - class com.almasb.fxgl.app.FXGLApplication$GameApplicationService
10:55:39.308 [FXGL Background Thread 3 ] DEBUG Engine               - class com.almasb.fxgl.app.services.FXGLDialogService
10:55:39.308 [FXGL Background Thread 3 ] DEBUG Engine               - class com.almasb.fxgl.app.services.IOTaskExecutorService
10:55:39.309 [FXGL Background Thread 3 ] DEBUG Engine               - class com.almasb.fxgl.io.FileSystemService
10:55:39.309 [FXGL Background Thread 3 ] DEBUG Engine               - class com.almasb.fxgl.localization.LocalizationService
10:55:39.309 [FXGL Background Thread 3 ] DEBUG Engine               - class com.almasb.fxgl.app.services.SystemBundleService
10:55:39.309 [FXGL Background Thread 3 ] DEBUG Engine               - class com.almasb.fxgl.profile.SaveLoadService
10:55:39.309 [FXGL Background Thread 3 ] DEBUG Engine               - class com.almasb.fxgl.ui.FXGLUIFactoryServiceProvider
10:55:39.309 [FXGL Background Thread 3 ] DEBUG Engine               - class com.almasb.fxgl.ui.FXGLDialogFactoryServiceProvider
10:55:39.309 [FXGL Background Thread 3 ] DEBUG Engine               - class com.almasb.fxgl.audio.AudioPlayer
10:55:39.309 [FXGL Background Thread 3 ] DEBUG Engine               - class com.almasb.fxgl.notification.impl.NotificationServiceProvider
10:55:39.309 [FXGL Background Thread 3 ] DEBUG Engine               - class com.almasb.fxgl.achievement.AchievementService
10:55:39.309 [FXGL Background Thread 3 ] DEBUG Engine               - class com.almasb.fxgl.cutscene.CutsceneService
10:55:39.310 [FXGL Background Thread 3 ] DEBUG Engine               - class com.almasb.fxgl.minigames.MiniGameService
10:55:39.310 [FXGL Background Thread 3 ] DEBUG Engine               - class com.almasb.fxgl.net.NetService
10:55:39.310 [FXGL Background Thread 3 ] DEBUG Engine               - class com.almasb.fxgl.app.services.UpdaterService
10:55:39.310 [FXGL Background Thread 3 ] DEBUG Engine               - class com.almasb.fxgl.dev.DevService
10:55:39.310 [FXGL Background Thread 3 ] DEBUG Engine               - class com.almasb.fxgl.multiplayer.MultiplayerService
10:55:39.342 [FXGL Background Thread 2 ] WARN  TMXLevelLoader       - TiledMap generated from 1.11.0. Supported version: 1.2.3. Some features may not be parsed fully.
10:55:39.347 [FXGL Background Thread 2 ] DEBUG TMXLevelLoader       - Parsed TiledMap: file:/C:/Users/acer/OneDrive/Desktop/git%20pull/CSS124L-FINAL-PROJECT/fp/target/classes/assets/levels/Lobby.tmx
10:55:39.349 [FXGL Background Thread 2 ] DEBUG TMXLevelLoader       - Creating tile layer entities
10:55:39.350 [FXGL Background Thread 2 ] DEBUG TilesetLoader        - Loading view for layer Tile Layer 1
10:55:39.352 [FXGL Background Thread 2 ] DEBUG TilesetLoader        - Created buffer with size 1280.0x768.0
10:55:39.358 [FXGL Background Thread 2 ] DEBUG TMXLevelLoader       - Creating object layer entities
10:55:39.372 [FXGL Background Thread 2 ] DEBUG GameWorld            - Clearing removable entities
10:55:39.373 [FXGL Background Thread 2 ] DEBUG GameWorld            - Setting level: com.almasb.fxgl.entity.level.Level@3ce47db1
10:55:39.389 [FXGL Background Thread 2 ] INFO  FXGLApplication      - Game initialization took: 0.092 sec
10:55:39.412 [JavaFX Application Thread] DEBUG Input                - Clearing active input actions
10:55:39.415 [JavaFX Application Thread] DEBUG GameApplicationServi - Removing overlay from FXGLLoadingScene and adding to GameScene
10:55:39.417 [JavaFX Application Thread] DEBUG PrimaryStageWindow   - FXGLLoadingScene -> GameScene
10:55:39.442 [JavaFX Application Thread] DEBUG PrimaryStageWindow   - Push state: PlayerCountMenu
10:55:39.443 [JavaFX Application Thread] DEBUG Input                - Clearing active input actions
10:55:39.443 [JavaFX Application Thread] DEBUG GameApplicationServi - Removing overlay from GameScene and adding to PlayerCountMenu
10:55:39.444 [JavaFX Application Thread] DEBUG PrimaryStageWindow   - GameScene -> PlayerCountMenu
10:55:39.965 [JavaFX Application Thread] DEBUG FXGLAssetLoaderServi - Loading from file system: file:/C:/Users/acer/OneDrive/Desktop/git%20pull/CSS124L-FINAL-PROJECT/fp/target/classes/assets/textures/Weapons/Idle/BerettaM9_Idle.png
10:55:39.967 [JavaFX Application Thread] DEBUG FXGLAssetLoaderServi - Loading from file system: file:/C:/Users/acer/OneDrive/Desktop/git%20pull/CSS124L-FINAL-PROJECT/fp/target/classes/assets/textures/Weapons/Shooting/BerettaM9_Shooting.png
10:55:39.969 [JavaFX Application Thread] DEBUG FXGLAssetLoaderServi - Loading from file system: file:/C:/Users/acer/OneDrive/Desktop/git%20pull/CSS124L-FINAL-PROJECT/fp/target/classes/assets/textures/Players/1P_Shoot.png
10:55:39.971 [JavaFX Application Thread] DEBUG FXGLAssetLoaderServi - Loading from file system: file:/C:/Users/acer/OneDrive/Desktop/git%20pull/CSS124L-FINAL-PROJECT/fp/target/classes/assets/textures/Interactables/vending_machine.png
10:55:39.973 [JavaFX Application Thread] DEBUG FXGLAssetLoaderServi - Loading from file system: file:/C:/Users/acer/OneDrive/Desktop/git%20pull/CSS124L-FINAL-PROJECT/fp/target/classes/assets/textures/Interactables/microwave_close.png
10:55:39.974 [JavaFX Application Thread] DEBUG PrimaryStageWindow   - Pop state: PlayerCountMenu
10:55:39.975 [JavaFX Application Thread] DEBUG Input                - Clearing active input actions
10:55:39.975 [JavaFX Application Thread] DEBUG GameApplicationServi - Removing overlay from PlayerCountMenu and adding to GameScene
10:55:39.975 [JavaFX Application Thread] DEBUG PrimaryStageWindow   - GameScene <- PlayerCountMenu
10:55:40.086 [JavaFX Application Thread] DEBUG FXGLAssetLoaderServi - Loading from file system: file:/C:/Users/acer/OneDrive/Desktop/git%20pull/CSS124L-FINAL-PROJECT/fp/target/classes/assets/textures/Zombies/Basic_Zombie_Walking.png
10:55:40.088 [JavaFX Application Thread] DEBUG FXGLAssetLoaderServi - Loading from file system: file:/C:/Users/acer/OneDrive/Desktop/git%20pull/CSS124L-FINAL-PROJECT/fp/target/classes/assets/textures/Zombies/Basic_Zombie_Attack.png
10:55:53.016 [JavaFX Application Thread] DEBUG FXGLApplication      - Exiting FXGL
10:55:53.016 [JavaFX Application Thread] DEBUG LoopRunner           - Stopping loop
10:55:53.016 [JavaFX Application Thread] DEBUG SystemBundleService  - Saving FXGL system data
10:55:53.018 [JavaFX Application Thread] DEBUG FileSystemAccess     - Writing to: C:\Users\acer\OneDrive\Desktop\git pull\CSS124L-FINAL-PROJECT\system\fxgl.bundle
10:55:53.019 [JavaFX Application Thread] DEBUG Async                - Shutting down background threads
10:55:53.020 [JavaFX Application Thread] DEBUG PrimaryStageWindow   - Closing main window
10:55:53.031 [JavaFX Application Thread] DEBUG Logger               - Closing Logger
