21:39:46.164 [main                     ] DEBUG Logger               - Configured Logger
21:39:46.183 [main                     ] DEBUG GameApplication      - Logging settings
Title: Flatline: Oregon
Version: 0.0
Width: 800
Height: 600
Fullscreen: false
Intro: false
Profiling: false
Single step:false
App Mode: DEVELOPER
Menu Key: ESCAPE
Stage Style: DECORATED
Scene Factory: class com.groupfour.mygame.App$1

21:39:46.446 [JavaFX Application Thread] DEBUG FXGLApplication      - Initializing FXGL
21:39:46.447 [JavaFX Application Thread] INFO  Engine               - FXGL-dev-SNAPSHOT (28.07.2021 16.39) on WINDOWS (J:11.0.22 FX:16)
21:39:46.448 [JavaFX Application Thread] DEBUG Engine               - JRE Vendor Name: Oracle Corporation
21:39:46.449 [JavaFX Application Thread] DEBUG Engine               - Running on OS: Windows 11 version 10.0
21:39:46.449 [JavaFX Application Thread] DEBUG Engine               - Architecture: amd64
21:39:46.449 [JavaFX Application Thread] INFO  Engine               - Source code and latest versions at: https://github.com/AlmasB/FXGL
21:39:46.449 [JavaFX Application Thread] INFO  Engine               -              Join the FXGL chat at: https://gitter.im/AlmasB/FXGL
21:39:46.502 [JavaFX Application Thread] DEBUG PrimaryStageWindow   - Creating a JavaFX scene
21:39:46.540 [JavaFX Application Thread] DEBUG PrimaryStageWindow   - Target settings size: 800.0 x 600.0
21:39:46.540 [JavaFX Application Thread] DEBUG PrimaryStageWindow   - Scaled scene size:    800.0 x 600.0
21:39:46.540 [JavaFX Application Thread] DEBUG PrimaryStageWindow   - Scaled ratio: (1.0, 1.0)
21:39:46.541 [JavaFX Application Thread] DEBUG PrimaryStageWindow   - Set initial scene to FXGLStartupScene
21:39:46.544 [JavaFX Application Thread] DEBUG PrimaryStageWindow   - Opening main window
21:39:46.603 [JavaFX Application Thread] DEBUG PrimaryStageWindow   - Window border size: (14.4000244140625, 37.5999755859375)
21:39:46.603 [JavaFX Application Thread] DEBUG PrimaryStageWindow   - Scaled size: 800.0 x 600.0
21:39:46.603 [JavaFX Application Thread] DEBUG PrimaryStageWindow   - Scaled ratio: (1.0, 1.0)
21:39:46.603 [JavaFX Application Thread] DEBUG PrimaryStageWindow   - Scene size: 800.0 x 600.0
21:39:46.604 [JavaFX Application Thread] DEBUG PrimaryStageWindow   - Stage size: 814.4000244140625 x 637.5999755859375
21:39:46.608 [FXGL Background Thread 1 ] DEBUG Engine               - Initializing environment variables
21:39:46.644 [FXGL Background Thread 1 ] DEBUG FXGLAssetLoaderServi - User app class for loading assets: class com.groupfour.mygame.App
21:39:46.644 [FXGL Background Thread 1 ] DEBUG GameApplicationServi - Applying CSS: fxgl_dark.css
21:39:46.649 [FXGL Background Thread 1 ] DEBUG FXGLAssetLoaderServi - Loading from file system: jar:file:///C:/Users/acer/.m2/repository/com/github/almasb/fxgl/dev-SNAPSHOT/fxgl-dev-SNAPSHOT.jar!/fxglassets/ui/css/fxgl_dark.css
21:39:46.686 [FXGL Background Thread 1 ] DEBUG GameApplicationServi - Initializing application scenes
21:39:46.716 [FXGL Background Thread 1 ] DEBUG GameWorld            - Game world initialized
21:39:46.750 [FXGL Background Thread 1 ] DEBUG PhysicsWorld         - Physics world initialized: appHeight=600, physics.ppm=50.0
21:39:46.750 [FXGL Background Thread 1 ] DEBUG PhysicsWorld         - Using strategy: BRUTE_FORCE
21:39:46.753 [FXGL Background Thread 1 ] DEBUG GameScene            - Game scene initialized: 800x600
21:39:46.762 [FXGL Background Thread 1 ] DEBUG FXGL.DefaultMenu     - createMenuBodyMainMenu()
21:39:46.774 [FXGL Background Thread 1 ] DEBUG FXGL.DefaultMenu     - createOptionsMenu()
21:39:46.782 [FXGL Background Thread 1 ] DEBUG FXGLAssetLoaderServi - Loading from file system: jar:file:///C:/Users/acer/.m2/repository/com/github/almasb/fxgl/dev-SNAPSHOT/fxgl-dev-SNAPSHOT.jar!/fxglassets/textures/particles/smoke.png
21:39:46.863 [FXGL Background Thread 1 ] DEBUG FXGLAssetLoaderServi - Loading from file system: jar:file:///C:/Users/acer/.m2/repository/com/github/almasb/fxgl/dev-SNAPSHOT/fxgl-dev-SNAPSHOT.jar!/fxglassets/textures/particles/trace_horizontal.png
21:39:46.886 [FXGL Background Thread 1 ] DEBUG FXGLAssetLoaderServi - Loading from file system: file:/C:/Users/acer/OneDrive/Desktop/git%20pull/CSS124L-FINAL-PROJECT/fp/target/classes/assets/textures/spbtn.png
21:39:46.903 [FXGL Background Thread 1 ] DEBUG FXGLAssetLoaderServi - Loading from file system: file:/C:/Users/acer/OneDrive/Desktop/git%20pull/CSS124L-FINAL-PROJECT/fp/target/classes/assets/textures/mm.png
21:39:46.909 [FXGL Background Thread 1 ] DEBUG GameApplicationServi - Application scenes initialized
21:39:46.917 [FXGL Background Thread 1 ] DEBUG SystemBundleService  - Loading FXGL system data
21:39:46.923 [FXGL Background Thread 1 ] DEBUG FileSystemAccess     - Reading from: C:\Users\acer\OneDrive\Desktop\git pull\CSS124L-FINAL-PROJECT\system\fxgl.bundle
21:39:46.935 [FXGL Background Thread 1 ] DEBUG SystemBundleService  - Bundle FXGL: {}
21:39:46.935 [FXGL Background Thread 1 ] DEBUG UpdaterService       - Checking for updates
21:39:46.938 [FXGL Background Thread 4 ] DEBUG FXGLApplication      - Loading fonts
21:39:46.938 [FXGL Background Thread 1 ] DEBUG FXGLApplication      - Loading default localization
21:39:46.938 [FXGL Background Thread 1 ] DEBUG FXGLAssetLoaderServi - Loading from file system: jar:file:///C:/Users/acer/.m2/repository/com/github/almasb/fxgl/dev-SNAPSHOT/fxgl-dev-SNAPSHOT.jar!/fxglassets/languages/english.lang
21:39:46.938 [FXGL Background Thread 4 ] DEBUG FXGLAssetLoaderServi - Loading from file system: jar:file:///C:/Users/acer/.m2/repository/com/github/almasb/fxgl/dev-SNAPSHOT/fxgl-dev-SNAPSHOT.jar!/fxglassets/ui/fonts/VarelaRound-Regular.ttf
21:39:46.949 [FXGL Background Thread 1 ] INFO  FXGLApplication      - FXGL initialization took: 0.341 sec
21:39:46.960 [JavaFX Application Thread] DEBUG Input                - Registered new binding: Move Upwards - W
21:39:46.960 [JavaFX Application Thread] DEBUG Input                - Registered new binding: Move Down - S
21:39:46.960 [JavaFX Application Thread] DEBUG Input                - Registered new binding: Move Left - A
21:39:46.960 [JavaFX Application Thread] DEBUG Input                - Registered new binding: Move Right - D
21:39:46.960 [JavaFX Application Thread] DEBUG Input                - Registered new binding: Reload - R
21:39:46.961 [JavaFX Application Thread] DEBUG Input                - Registered new binding: Shoot - LMB
21:39:46.961 [JavaFX Application Thread] DEBUG Input                - Registered new binding: Switch Weapons - Q
21:39:46.961 [JavaFX Application Thread] DEBUG Input                - Registered new binding: Interact - F
21:39:46.961 [JavaFX Application Thread] DEBUG Input                - Registered new binding: Sprint - Space
21:39:46.962 [JavaFX Application Thread] DEBUG Input                - Registered new binding: Game Menu - Esc
21:39:46.963 [JavaFX Application Thread] DEBUG FXGLAssetLoaderServi - Loading from file system: file:/C:/Users/acer/OneDrive/Desktop/git%20pull/CSS124L-FINAL-PROJECT/fp/target/classes/assets/music/titleBGM.mp3
21:39:47.081 [JavaFX Application Thread] DEBUG AudioPlayer          - Playing music com.almasb.fxgl.audio.Music@fe7b0fb
21:39:47.081 [JavaFX Application Thread] DEBUG FXGLAssetLoaderServi - Loading from file system: jar:file:///C:/Users/acer/.m2/repository/com/github/almasb/fxgl/dev-SNAPSHOT/fxgl-dev-SNAPSHOT.jar!/fxglassets/textures/fxgl_icon.png
21:39:47.086 [JavaFX Application Thread] DEBUG FXGLAssetLoaderServi - Loading from file system: jar:file:///C:/Users/acer/.m2/repository/com/github/almasb/fxgl/dev-SNAPSHOT/fxgl-dev-SNAPSHOT.jar!/fxglassets/textures/fxgl_default_cursor.png
21:39:47.087 [JavaFX Application Thread] DEBUG Input                - Registered new binding: Screenshot - CTRL+8
21:39:47.088 [JavaFX Application Thread] DEBUG Input                - Registered new binding: System info dump - CTRL+9
21:39:47.088 [JavaFX Application Thread] DEBUG Input                - Registered new binding: Restart - CTRL+R
21:39:47.088 [JavaFX Application Thread] DEBUG Input                - Registered new binding: Toggle Debug Camera - CTRL+C
21:39:47.089 [JavaFX Application Thread] DEBUG LoopRunner           - Starting loop
21:39:47.089 [JavaFX Application Thread] DEBUG LoopRunner           - Initializing JavaFX AnimationTimerLoop
21:39:47.091 [JavaFX Application Thread] DEBUG Input                - Clearing active input actions
21:39:47.095 [JavaFX Application Thread] DEBUG GameApplicationServi - Removing overlay from FXGLStartupScene and adding to FXGLMainMenuDummyScene
21:39:47.095 [JavaFX Application Thread] DEBUG PrimaryStageWindow   - FXGLStartupScene -> FXGLMainMenuDummyScene
21:39:47.095 [JavaFX Application Thread] DEBUG PrimaryStageWindow   - Push state: FXGLDefaultMenu
21:39:47.098 [JavaFX Application Thread] DEBUG Input                - Clearing active input actions
21:39:47.103 [JavaFX Application Thread] DEBUG GameApplicationServi - Removing overlay from FXGLMainMenuDummyScene and adding to FXGLDefaultMenu
21:39:47.103 [JavaFX Application Thread] DEBUG PrimaryStageWindow   - FXGLMainMenuDummyScene -> FXGLDefaultMenu
21:39:47.274 [FXGL Background Thread 4 ] DEBUG FXGLAssetLoaderServi - Loading from file system: jar:file:///C:/Users/acer/.m2/repository/com/github/almasb/fxgl/dev-SNAPSHOT/fxgl-dev-SNAPSHOT.jar!/fxglassets/ui/fonts/Abel-Regular.ttf
21:39:47.281 [FXGL Background Thread 4 ] DEBUG FXGLAssetLoaderServi - Loading from file system: jar:file:///C:/Users/acer/.m2/repository/com/github/almasb/fxgl/dev-SNAPSHOT/fxgl-dev-SNAPSHOT.jar!/fxglassets/ui/fonts/lucida_console.ttf
21:39:47.289 [FXGL Background Thread 4 ] DEBUG FXGLAssetLoaderServi - Loading from file system: jar:file:///C:/Users/acer/.m2/repository/com/github/almasb/fxgl/dev-SNAPSHOT/fxgl-dev-SNAPSHOT.jar!/fxglassets/ui/fonts/Courier-Prime.ttf
21:39:47.543 [FXGL Background Thread 2 ] INFO  UpdaterService       - Your current version:  dev-SNAPSHOT
21:39:47.544 [FXGL Background Thread 2 ] INFO  UpdaterService       - Latest stable version: 21.1
21:39:47.594 [JavaFX Application Thread] DEBUG FXGLApplication      - Registering font factories with UI factory
21:39:47.662 [JavaFX Application Thread] DEBUG Menu                 - fireNewGame()
21:39:47.662 [JavaFX Application Thread] DEBUG GameApplicationServi - Starting new game
21:39:47.663 [JavaFX Application Thread] DEBUG PrimaryStageWindow   - Pop state: FXGLDefaultMenu
21:39:47.663 [JavaFX Application Thread] DEBUG Input                - Clearing active input actions
21:39:47.665 [JavaFX Application Thread] DEBUG GameApplicationServi - Removing overlay from FXGLDefaultMenu and adding to FXGLMainMenuDummyScene
21:39:47.665 [JavaFX Application Thread] DEBUG PrimaryStageWindow   - FXGLMainMenuDummyScene <- FXGLDefaultMenu
21:39:47.665 [JavaFX Application Thread] DEBUG Input                - Clearing active input actions
21:39:47.670 [JavaFX Application Thread] DEBUG GameApplicationServi - Removing overlay from FXGLMainMenuDummyScene and adding to FXGLLoadingScene
21:39:47.670 [JavaFX Application Thread] DEBUG PrimaryStageWindow   - FXGLMainMenuDummyScene -> FXGLLoadingScene
21:39:47.670 [JavaFX Application Thread] DEBUG GameApplicationServi - Clearing previous game
21:39:47.670 [JavaFX Application Thread] DEBUG GameScene            - Clearing game scene
21:39:47.670 [JavaFX Application Thread] DEBUG GameWorld            - Clearing game world
21:39:47.670 [JavaFX Application Thread] DEBUG PhysicsWorld         - Clearing physics world
21:39:47.671 [FXGL Background Thread 2 ] DEBUG FXGLApplication      - Initializing game
21:39:47.697 [FXGL Background Thread 2 ] WARN  TMXLevelLoader       - TiledMap generated from 1.11.0. Supported version: 1.2.3. Some features may not be parsed fully.
21:39:47.717 [FXGL Background Thread 2 ] DEBUG TMXLevelLoader       - Parsed TiledMap: file:/C:/Users/acer/OneDrive/Desktop/git%20pull/CSS124L-FINAL-PROJECT/fp/target/classes/assets/levels/Warehouse.tmx
21:39:47.718 [FXGL Background Thread 2 ] DEBUG TMXLevelLoader       - Creating tile layer entities
21:39:47.720 [FXGL Background Thread 2 ] DEBUG TilesetLoader        - Loading view for layer Floor
21:39:47.725 [FXGL Background Thread 2 ] DEBUG TilesetLoader        - Created buffer with size 2240.0x1600.0
21:39:47.738 [FXGL Background Thread 2 ] DEBUG TilesetLoader        - Loading view for layer Wall
21:39:47.744 [FXGL Background Thread 2 ] DEBUG TilesetLoader        - Created buffer with size 2240.0x1600.0
21:39:47.758 [FXGL Background Thread 2 ] DEBUG TilesetLoader        - Loading view for layer Props
21:39:47.764 [FXGL Background Thread 2 ] DEBUG TilesetLoader        - Created buffer with size 2240.0x1600.0
21:39:47.775 [FXGL Background Thread 2 ] DEBUG TMXLevelLoader       - Creating object layer entities
21:39:47.794 [FXGL Background Thread 2 ] DEBUG GameWorld            - Clearing removable entities
21:39:47.794 [FXGL Background Thread 2 ] DEBUG GameWorld            - Setting level: com.almasb.fxgl.entity.level.Level@21c7e813
21:39:47.799 [FXGL Background Thread 2 ] DEBUG FXGLAssetLoaderServi - Loading from file system: file:/C:/Users/acer/OneDrive/Desktop/git%20pull/CSS124L-FINAL-PROJECT/fp/target/classes/assets/ui/fonts/PIXELADE.TTF
21:39:47.809 [FXGL Background Thread 2 ] INFO  FXGLApplication      - Game initialization took: 0.138 sec
21:39:47.810 [JavaFX Application Thread] DEBUG Input                - Clearing active input actions
21:39:47.813 [JavaFX Application Thread] DEBUG GameApplicationServi - Removing overlay from FXGLLoadingScene and adding to GameScene
21:39:47.814 [JavaFX Application Thread] DEBUG PrimaryStageWindow   - FXGLLoadingScene -> GameScene
21:39:47.815 [JavaFX Application Thread] DEBUG FXGLAssetLoaderServi - Loading from file system: file:/C:/Users/acer/OneDrive/Desktop/git%20pull/CSS124L-FINAL-PROJECT/fp/target/classes/assets/textures/banner.png
21:39:47.858 [JavaFX Application Thread] DEBUG PrimaryStageWindow   - Push state: PCM_BG
21:39:47.859 [JavaFX Application Thread] DEBUG Input                - Clearing active input actions
21:39:47.859 [JavaFX Application Thread] DEBUG GameApplicationServi - Removing overlay from GameScene and adding to PCM_BG
21:39:47.859 [JavaFX Application Thread] DEBUG PrimaryStageWindow   - GameScene -> PCM_BG
21:39:47.860 [JavaFX Application Thread] DEBUG PrimaryStageWindow   - Push state: MainMenu
21:39:47.860 [JavaFX Application Thread] DEBUG Input                - Clearing active input actions
21:39:47.860 [JavaFX Application Thread] DEBUG GameApplicationServi - Removing overlay from PCM_BG and adding to MainMenu
21:39:47.860 [JavaFX Application Thread] DEBUG PrimaryStageWindow   - PCM_BG -> MainMenu
21:39:48.333 [JavaFX Application Thread] DEBUG AudioPlayer          - Stopping music com.almasb.fxgl.audio.Music@fe7b0fb
21:39:48.337 [JavaFX Application Thread] DEBUG FXGLAssetLoaderServi - Loading from file system: file:/C:/Users/acer/OneDrive/Desktop/git%20pull/CSS124L-FINAL-PROJECT/fp/target/classes/assets/sounds/Reload.mp3
21:39:48.340 [JavaFX Application Thread] DEBUG FXGLAssetLoaderServi - Loading from file system: file:/C:/Users/acer/OneDrive/Desktop/git%20pull/CSS124L-FINAL-PROJECT/fp/target/classes/assets/sounds/BerettaM9_Shoot.mp3
21:39:48.344 [JavaFX Application Thread] DEBUG FXGLAssetLoaderServi - Loading from file system: file:/C:/Users/acer/OneDrive/Desktop/git%20pull/CSS124L-FINAL-PROJECT/fp/target/classes/assets/textures/Weapons/Idle/BerettaM9_Idle.png
21:39:48.345 [JavaFX Application Thread] DEBUG FXGLAssetLoaderServi - Loading from file system: file:/C:/Users/acer/OneDrive/Desktop/git%20pull/CSS124L-FINAL-PROJECT/fp/target/classes/assets/textures/Weapons/Shooting/BerettaM9_Shooting.png
21:39:48.347 [JavaFX Application Thread] DEBUG FXGLAssetLoaderServi - Loading from file system: file:/C:/Users/acer/OneDrive/Desktop/git%20pull/CSS124L-FINAL-PROJECT/fp/target/classes/assets/textures/Players/1P_Shoot.png
21:39:48.350 [JavaFX Application Thread] DEBUG FXGLAssetLoaderServi - Loading from file system: file:/C:/Users/acer/OneDrive/Desktop/git%20pull/CSS124L-FINAL-PROJECT/fp/target/classes/assets/textures/Interactables/vending_machine.png
21:39:48.351 [JavaFX Application Thread] DEBUG FXGLAssetLoaderServi - Loading from file system: file:/C:/Users/acer/OneDrive/Desktop/git%20pull/CSS124L-FINAL-PROJECT/fp/target/classes/assets/sounds/Soda_Can_Opening.mp3
21:39:48.353 [JavaFX Application Thread] DEBUG FXGLAssetLoaderServi - Loading from file system: file:/C:/Users/acer/OneDrive/Desktop/git%20pull/CSS124L-FINAL-PROJECT/fp/target/classes/assets/textures/Interactables/microwave_close.png
21:39:48.354 [JavaFX Application Thread] DEBUG FXGLAssetLoaderServi - Loading from file system: file:/C:/Users/acer/OneDrive/Desktop/git%20pull/CSS124L-FINAL-PROJECT/fp/target/classes/assets/textures/ArmoryTileset.png
21:39:48.356 [JavaFX Application Thread] DEBUG PrimaryStageWindow   - Pop state: MainMenu
21:39:48.356 [JavaFX Application Thread] DEBUG Input                - Clearing active input actions
21:39:48.357 [JavaFX Application Thread] DEBUG GameApplicationServi - Removing overlay from MainMenu and adding to PCM_BG
21:39:48.357 [JavaFX Application Thread] DEBUG PrimaryStageWindow   - PCM_BG <- MainMenu
21:39:48.357 [JavaFX Application Thread] DEBUG PrimaryStageWindow   - Pop state: PCM_BG
21:39:48.357 [JavaFX Application Thread] DEBUG Input                - Clearing active input actions
21:39:48.357 [JavaFX Application Thread] DEBUG GameApplicationServi - Removing overlay from PCM_BG and adding to GameScene
21:39:48.357 [JavaFX Application Thread] DEBUG PrimaryStageWindow   - GameScene <- PCM_BG
21:39:48.415 [JavaFX Application Thread] DEBUG FXGLAssetLoaderServi - Loading from file system: file:/C:/Users/acer/OneDrive/Desktop/git%20pull/CSS124L-FINAL-PROJECT/fp/target/classes/assets/textures/Zombies/Basic_Zombie_Walking.png
21:39:48.417 [JavaFX Application Thread] DEBUG FXGLAssetLoaderServi - Loading from file system: file:/C:/Users/acer/OneDrive/Desktop/git%20pull/CSS124L-FINAL-PROJECT/fp/target/classes/assets/textures/Zombies/Basic_Zombie_Attack.png
21:39:48.567 [JavaFX Application Thread] DEBUG FXGLAssetLoaderServi - Loading from file system: file:/C:/Users/acer/OneDrive/Desktop/git%20pull/CSS124L-FINAL-PROJECT/fp/target/classes/assets/text/startGame.txt
21:39:48.570 [JavaFX Application Thread] DEBUG Input                - Registered new binding: Next RPG Line - Enter
21:39:48.570 [JavaFX Application Thread] DEBUG FXGLAssetLoaderServi - Loading from file system: file:/C:/Users/acer/OneDrive/Desktop/git%20pull/CSS124L-FINAL-PROJECT/fp/target/classes/assets/textures/helmet.png
21:39:48.571 [JavaFX Application Thread] DEBUG PrimaryStageWindow   - Push state: CutsceneScene
21:39:48.572 [JavaFX Application Thread] DEBUG Input                - Clearing active input actions
21:39:48.572 [JavaFX Application Thread] DEBUG GameApplicationServi - Removing overlay from GameScene and adding to CutsceneScene
21:39:48.572 [JavaFX Application Thread] DEBUG PrimaryStageWindow   - GameScene -> CutsceneScene
21:39:49.937 [FXGL Background Thread 3 ] DEBUG Engine               - Logging environment variables
21:39:49.937 [FXGL Background Thread 3 ] DEBUG Engine               - achievements: []
21:39:49.937 [FXGL Background Thread 3 ] DEBUG Engine               - actualHeight: 600.0
21:39:49.937 [FXGL Background Thread 3 ] DEBUG Engine               - actualHeightProperty: ReadOnlyDoubleProperty [value: 600.0]
21:39:49.937 [FXGL Background Thread 3 ] DEBUG Engine               - actualWidth: 800.0
21:39:49.937 [FXGL Background Thread 3 ] DEBUG Engine               - actualWidthProperty: ReadOnlyDoubleProperty [value: 800.0]
21:39:49.937 [FXGL Background Thread 3 ] DEBUG Engine               - appIcon: fxgl_icon.png
21:39:49.937 [FXGL Background Thread 3 ] DEBUG Engine               - applicationMode: DEVELOPER
21:39:49.938 [FXGL Background Thread 3 ] DEBUG Engine               - cSSList: [fxgl_dark.css]
21:39:49.938 [FXGL Background Thread 3 ] DEBUG Engine               - collisionDetectionStrategy: BRUTE_FORCE
21:39:49.938 [FXGL Background Thread 3 ] DEBUG Engine               - configClass: Optional.empty
21:39:49.938 [FXGL Background Thread 3 ] DEBUG Engine               - credits: []
21:39:49.938 [FXGL Background Thread 3 ] DEBUG Engine               - defaultCursor: CursorInfo(imageName=fxgl_default_cursor.png, hotspotX=7.0, hotspotY=6.0)
21:39:49.938 [FXGL Background Thread 3 ] DEBUG Engine               - devBBoxColorProperty: ObjectProperty [value: 0xff0000ff]
21:39:49.938 [FXGL Background Thread 3 ] DEBUG Engine               - devEnableDebugCameraProperty: BooleanProperty [value: false]
21:39:49.938 [FXGL Background Thread 3 ] DEBUG Engine               - devSensorColorProperty: ObjectProperty [value: 0xffff00ff]
21:39:49.938 [FXGL Background Thread 3 ] DEBUG Engine               - devShowBBoxProperty: BooleanProperty [value: false]
21:39:49.938 [FXGL Background Thread 3 ] DEBUG Engine               - devShowPositionProperty: BooleanProperty [value: false]
21:39:49.938 [FXGL Background Thread 3 ] DEBUG Engine               - enabledMenuItems: []
21:39:49.938 [FXGL Background Thread 3 ] DEBUG Engine               - engineServices: [class com.almasb.fxgl.app.services.FXGLAssetLoaderService, class com.almasb.fxgl.app.FXGLApplication$GameApplicationService, class com.almasb.fxgl.app.services.FXGLDialogService, class com.almasb.fxgl.app.services.IOTaskExecutorService, class com.almasb.fxgl.io.FileSystemService, class com.almasb.fxgl.localization.LocalizationService, class com.almasb.fxgl.app.services.SystemBundleService, class com.almasb.fxgl.profile.SaveLoadService, class com.almasb.fxgl.ui.FXGLUIFactoryServiceProvider, class com.almasb.fxgl.ui.FXGLDialogFactoryServiceProvider, class com.almasb.fxgl.audio.AudioPlayer, class com.almasb.fxgl.notification.impl.NotificationServiceProvider, class com.almasb.fxgl.achievement.AchievementService, class com.almasb.fxgl.cutscene.CutsceneService, class com.almasb.fxgl.minigames.MiniGameService, class com.almasb.fxgl.net.NetService, class com.almasb.fxgl.app.services.UpdaterService, class com.almasb.fxgl.dev.DevService, class com.almasb.fxgl.multiplayer.MultiplayerService]
21:39:49.938 [FXGL Background Thread 3 ] DEBUG Engine               - fontGame: Abel-Regular.ttf
21:39:49.938 [FXGL Background Thread 3 ] DEBUG Engine               - fontMono: lucida_console.ttf
21:39:49.938 [FXGL Background Thread 3 ] DEBUG Engine               - fontText: Courier-Prime.ttf
21:39:49.938 [FXGL Background Thread 3 ] DEBUG Engine               - fontUI: VarelaRound-Regular.ttf
21:39:49.938 [FXGL Background Thread 3 ] DEBUG Engine               - fullScreen: BooleanProperty [value: false]
21:39:49.938 [FXGL Background Thread 3 ] DEBUG Engine               - gameDifficulty: MEDIUM
21:39:49.938 [FXGL Background Thread 3 ] DEBUG Engine               - gameDifficultyProperty: ObjectProperty [value: MEDIUM]
21:39:49.938 [FXGL Background Thread 3 ] DEBUG Engine               - globalMusicVolume: 0.5
21:39:49.939 [FXGL Background Thread 3 ] DEBUG Engine               - globalMusicVolumeProperty: DoubleProperty [value: 0.5]
21:39:49.939 [FXGL Background Thread 3 ] DEBUG Engine               - globalSoundVolume: 0.5
21:39:49.939 [FXGL Background Thread 3 ] DEBUG Engine               - globalSoundVolumeProperty: DoubleProperty [value: 0.5]
21:39:49.939 [FXGL Background Thread 3 ] DEBUG Engine               - height: 600
21:39:49.939 [FXGL Background Thread 3 ] DEBUG Engine               - is3D: false
21:39:49.939 [FXGL Background Thread 3 ] DEBUG Engine               - isAndroid: false
21:39:49.939 [FXGL Background Thread 3 ] DEBUG Engine               - isBrowser: false
21:39:49.939 [FXGL Background Thread 3 ] DEBUG Engine               - isClickFeedbackEnabled: false
21:39:49.939 [FXGL Background Thread 3 ] DEBUG Engine               - isCloseConfirmation: false
21:39:49.939 [FXGL Background Thread 3 ] DEBUG Engine               - isDesktop: true
21:39:49.939 [FXGL Background Thread 3 ] DEBUG Engine               - isDeveloperMenuEnabled: false
21:39:49.939 [FXGL Background Thread 3 ] DEBUG Engine               - isEmbedded: false
21:39:49.939 [FXGL Background Thread 3 ] DEBUG Engine               - isEntityPreloadEnabled: true
21:39:49.939 [FXGL Background Thread 3 ] DEBUG Engine               - isExperimentalTiledLargeMap: false
21:39:49.939 [FXGL Background Thread 3 ] DEBUG Engine               - isFileSystemWriteAllowed: true
21:39:49.939 [FXGL Background Thread 3 ] DEBUG Engine               - isFullScreenAllowed: false
21:39:49.939 [FXGL Background Thread 3 ] DEBUG Engine               - isFullScreenFromStart: false
21:39:49.939 [FXGL Background Thread 3 ] DEBUG Engine               - isGameMenuEnabled: true
21:39:49.939 [FXGL Background Thread 3 ] DEBUG Engine               - isIOS: false
21:39:49.939 [FXGL Background Thread 3 ] DEBUG Engine               - isIntroEnabled: false
21:39:49.939 [FXGL Background Thread 3 ] DEBUG Engine               - isLinux: false
21:39:49.939 [FXGL Background Thread 3 ] DEBUG Engine               - isMac: false
21:39:49.939 [FXGL Background Thread 3 ] DEBUG Engine               - isMainMenuEnabled: true
21:39:49.939 [FXGL Background Thread 3 ] DEBUG Engine               - isManualResizeEnabled: false
21:39:49.939 [FXGL Background Thread 3 ] DEBUG Engine               - isMobile: false
21:39:49.939 [FXGL Background Thread 3 ] DEBUG Engine               - isNative: false
21:39:49.939 [FXGL Background Thread 3 ] DEBUG Engine               - isPauseMusicWhenMinimized: true
21:39:49.939 [FXGL Background Thread 3 ] DEBUG Engine               - isPreserveResizeRatio: false
21:39:49.939 [FXGL Background Thread 3 ] DEBUG Engine               - isProfilingEnabled: false
21:39:49.940 [FXGL Background Thread 3 ] DEBUG Engine               - isScaleAffectedOnResize: true
21:39:49.940 [FXGL Background Thread 3 ] DEBUG Engine               - isSingleStep: false
21:39:49.940 [FXGL Background Thread 3 ] DEBUG Engine               - isUserProfileEnabled: false
21:39:49.940 [FXGL Background Thread 3 ] DEBUG Engine               - isWindows: true
21:39:49.940 [FXGL Background Thread 3 ] DEBUG Engine               - language: ObjectProperty [value: ENGLISH]
21:39:49.940 [FXGL Background Thread 3 ] DEBUG Engine               - menuKey: ESCAPE
21:39:49.940 [FXGL Background Thread 3 ] DEBUG Engine               - mouseSensitivity: 0.2
21:39:49.940 [FXGL Background Thread 3 ] DEBUG Engine               - notificationViewClass: class com.almasb.fxgl.notification.view.XboxNotificationView
21:39:49.940 [FXGL Background Thread 3 ] DEBUG Engine               - pixelsPerMeter: 50.0
21:39:49.940 [FXGL Background Thread 3 ] DEBUG Engine               - platform: WINDOWS
21:39:49.940 [FXGL Background Thread 3 ] DEBUG Engine               - prefHeightProperty: ReadOnlyDoubleProperty [value: 600.0]
21:39:49.940 [FXGL Background Thread 3 ] DEBUG Engine               - prefWidthProperty: ReadOnlyDoubleProperty [value: 800.0]
21:39:49.940 [FXGL Background Thread 3 ] DEBUG Engine               - profileDir: profiles/
21:39:49.940 [FXGL Background Thread 3 ] DEBUG Engine               - profileName: StringProperty [value: DEFAULT]
21:39:49.940 [FXGL Background Thread 3 ] DEBUG Engine               - randomSeed: -1
21:39:49.940 [FXGL Background Thread 3 ] DEBUG Engine               - runtimeInfo: RuntimeInfo(platform=WINDOWS, version=dev-SNAPSHOT, build=28.07.2021 16.39)
21:39:49.940 [FXGL Background Thread 3 ] DEBUG Engine               - saveFileExt: sav
21:39:49.940 [FXGL Background Thread 3 ] DEBUG Engine               - scaledHeightProp$fxgl: DoubleProperty [bound, value: 600.0]
21:39:49.940 [FXGL Background Thread 3 ] DEBUG Engine               - scaledWidthProp$fxgl: DoubleProperty [bound, value: 800.0]
21:39:49.940 [FXGL Background Thread 3 ] DEBUG Engine               - sceneFactory: com.groupfour.mygame.App$1@736878a6
21:39:49.940 [FXGL Background Thread 3 ] DEBUG Engine               - secondsIn24h: 60
21:39:49.940 [FXGL Background Thread 3 ] DEBUG Engine               - soundMenuBack: menu/back.wav
21:39:49.940 [FXGL Background Thread 3 ] DEBUG Engine               - soundMenuPress: menu/press.wav
21:39:49.940 [FXGL Background Thread 3 ] DEBUG Engine               - soundMenuSelect: menu/select.wav
21:39:49.940 [FXGL Background Thread 3 ] DEBUG Engine               - soundNotification: core/notification.wav
21:39:49.940 [FXGL Background Thread 3 ] DEBUG Engine               - stageStyle: DECORATED
21:39:49.940 [FXGL Background Thread 3 ] DEBUG Engine               - supportedLanguages: [ENGLISH, FRENCH, GERMAN, HUNGARIAN, RUSSIAN]
21:39:49.940 [FXGL Background Thread 3 ] DEBUG Engine               - ticksPerSecond: -1
21:39:49.940 [FXGL Background Thread 3 ] DEBUG Engine               - title: Flatline: Oregon
21:39:49.940 [FXGL Background Thread 3 ] DEBUG Engine               - urlGithub: https://github.com/AlmasB/FXGL
21:39:49.940 [FXGL Background Thread 3 ] DEBUG Engine               - urlLeaderboard: http://fxgl-top.herokuapp.com/
21:39:49.940 [FXGL Background Thread 3 ] DEBUG Engine               - urlPOM: https://raw.githubusercontent.com/AlmasB/FXGL/release/README.md
21:39:49.940 [FXGL Background Thread 3 ] DEBUG Engine               - userAppClass: class com.groupfour.mygame.App
21:39:49.940 [FXGL Background Thread 3 ] DEBUG Engine               - version: 0.0
21:39:49.940 [FXGL Background Thread 3 ] DEBUG Engine               - versionCheckDays: 7
21:39:49.940 [FXGL Background Thread 3 ] DEBUG Engine               - width: 800
21:39:49.941 [FXGL Background Thread 3 ] DEBUG Engine               - Logging services
21:39:49.941 [FXGL Background Thread 3 ] DEBUG Engine               - class com.almasb.fxgl.app.services.FXGLAssetLoaderService
21:39:49.941 [FXGL Background Thread 3 ] DEBUG Engine               - class com.almasb.fxgl.app.FXGLApplication$GameApplicationService
21:39:49.941 [FXGL Background Thread 3 ] DEBUG Engine               - class com.almasb.fxgl.app.services.FXGLDialogService
21:39:49.941 [FXGL Background Thread 3 ] DEBUG Engine               - class com.almasb.fxgl.app.services.IOTaskExecutorService
21:39:49.941 [FXGL Background Thread 3 ] DEBUG Engine               - class com.almasb.fxgl.io.FileSystemService
21:39:49.941 [FXGL Background Thread 3 ] DEBUG Engine               - class com.almasb.fxgl.localization.LocalizationService
21:39:49.941 [FXGL Background Thread 3 ] DEBUG Engine               - class com.almasb.fxgl.app.services.SystemBundleService
21:39:49.941 [FXGL Background Thread 3 ] DEBUG Engine               - class com.almasb.fxgl.profile.SaveLoadService
21:39:49.941 [FXGL Background Thread 3 ] DEBUG Engine               - class com.almasb.fxgl.ui.FXGLUIFactoryServiceProvider
21:39:49.941 [FXGL Background Thread 3 ] DEBUG Engine               - class com.almasb.fxgl.ui.FXGLDialogFactoryServiceProvider
21:39:49.941 [FXGL Background Thread 3 ] DEBUG Engine               - class com.almasb.fxgl.audio.AudioPlayer
21:39:49.941 [FXGL Background Thread 3 ] DEBUG Engine               - class com.almasb.fxgl.notification.impl.NotificationServiceProvider
21:39:49.941 [FXGL Background Thread 3 ] DEBUG Engine               - class com.almasb.fxgl.achievement.AchievementService
21:39:49.941 [FXGL Background Thread 3 ] DEBUG Engine               - class com.almasb.fxgl.cutscene.CutsceneService
21:39:49.941 [FXGL Background Thread 3 ] DEBUG Engine               - class com.almasb.fxgl.minigames.MiniGameService
21:39:49.941 [FXGL Background Thread 3 ] DEBUG Engine               - class com.almasb.fxgl.net.NetService
21:39:49.941 [FXGL Background Thread 3 ] DEBUG Engine               - class com.almasb.fxgl.app.services.UpdaterService
21:39:49.941 [FXGL Background Thread 3 ] DEBUG Engine               - class com.almasb.fxgl.dev.DevService
21:39:49.941 [FXGL Background Thread 3 ] DEBUG Engine               - class com.almasb.fxgl.multiplayer.MultiplayerService
21:39:50.232 [JavaFX Application Thread] DEBUG PrimaryStageWindow   - Pop state: CutsceneScene
21:39:50.232 [JavaFX Application Thread] DEBUG Input                - Clearing active input actions
21:39:50.232 [JavaFX Application Thread] DEBUG GameApplicationServi - Removing overlay from CutsceneScene and adding to GameScene
21:39:50.233 [JavaFX Application Thread] DEBUG PrimaryStageWindow   - GameScene <- CutsceneScene
21:39:56.841 [JavaFX Application Thread] WARN  GameWorld            - Attempted to remove entity which is not active
21:39:57.288 [JavaFX Application Thread] WARN  GameWorld            - Attempted to remove entity which is not active
21:39:57.795 [JavaFX Application Thread] WARN  GameWorld            - Attempted to remove entity which is not active
21:40:00.865 [JavaFX Application Thread] WARN  GameWorld            - Attempted to remove entity which is not active
21:40:00.968 [JavaFX Application Thread] WARN  GameWorld            - Attempted to remove entity which is not active
21:40:01.379 [JavaFX Application Thread] WARN  GameWorld            - Attempted to remove entity which is not active
21:40:01.753 [JavaFX Application Thread] WARN  GameWorld            - Attempted to remove entity which is not active
21:40:03.934 [JavaFX Application Thread] WARN  GameWorld            - Attempted to remove entity which is not active
21:40:13.361 [JavaFX Application Thread] DEBUG FXGLApplication      - Exiting FXGL
21:40:13.361 [JavaFX Application Thread] DEBUG LoopRunner           - Stopping loop
21:40:13.361 [JavaFX Application Thread] DEBUG SystemBundleService  - Saving FXGL system data
21:40:13.362 [JavaFX Application Thread] DEBUG FileSystemAccess     - Writing to: C:\Users\acer\OneDrive\Desktop\git pull\CSS124L-FINAL-PROJECT\system\fxgl.bundle
21:40:13.364 [JavaFX Application Thread] DEBUG Async                - Shutting down background threads
21:40:13.364 [JavaFX Application Thread] DEBUG PrimaryStageWindow   - Closing main window
21:40:13.375 [JavaFX Application Thread] DEBUG Logger               - Closing Logger
