14:51:39.991 [main                     ] DEBUG Logger               - Configured Logger
14:51:39.995 [main                     ] DEBUG GameApplication      - Logging settings
Title: Flatline; Miami
Version: Alpha 0.3
Width: 800
Height: 600
Fullscreen: false
Intro: false
Profiling: false
Single step:false
App Mode: DEVELOPER
Menu Key: ESCAPE
Stage Style: DECORATED
Scene Factory: class com.groupfour.mygame.App$1

14:51:40.455 [JavaFX Application Thread] DEBUG FXGLApplication      - Initializing FXGL
14:51:40.456 [JavaFX Application Thread] INFO  Engine               - FXGL-dev-SNAPSHOT (28.07.2021 16.39) on WINDOWS (J:21.0.4 FX:16)
14:51:40.457 [JavaFX Application Thread] DEBUG Engine               - JRE Vendor Name: Eclipse Adoptium
14:51:40.457 [JavaFX Application Thread] DEBUG Engine               - Running on OS: Windows 11 version 10.0
14:51:40.457 [JavaFX Application Thread] DEBUG Engine               - Architecture: amd64
14:51:40.458 [JavaFX Application Thread] INFO  Engine               - Source code and latest versions at: https://github.com/AlmasB/FXGL
14:51:40.458 [JavaFX Application Thread] INFO  Engine               -              Join the FXGL chat at: https://gitter.im/AlmasB/FXGL
14:51:40.566 [JavaFX Application Thread] DEBUG PrimaryStageWindow   - Creating a JavaFX scene
14:51:40.613 [JavaFX Application Thread] DEBUG PrimaryStageWindow   - Target settings size: 800.0 x 600.0
14:51:40.613 [JavaFX Application Thread] DEBUG PrimaryStageWindow   - Scaled scene size:    800.0 x 600.0
14:51:40.613 [JavaFX Application Thread] DEBUG PrimaryStageWindow   - Scaled ratio: (1.0, 1.0)
14:51:40.614 [JavaFX Application Thread] DEBUG PrimaryStageWindow   - Set initial scene to FXGLStartupScene
14:51:40.622 [JavaFX Application Thread] DEBUG PrimaryStageWindow   - Opening main window
14:51:40.720 [JavaFX Application Thread] DEBUG PrimaryStageWindow   - Window border size: (16.0, 39.0)
14:51:40.720 [JavaFX Application Thread] DEBUG PrimaryStageWindow   - Scaled size: 800.0 x 600.0
14:51:40.720 [JavaFX Application Thread] DEBUG PrimaryStageWindow   - Scaled ratio: (1.0, 1.0)
14:51:40.720 [JavaFX Application Thread] DEBUG PrimaryStageWindow   - Scene size: 800.0 x 600.0
14:51:40.721 [JavaFX Application Thread] DEBUG PrimaryStageWindow   - Stage size: 816.0 x 639.0
14:51:40.731 [FXGL Background Thread 1 ] DEBUG Engine               - Initializing environment variables
14:51:40.819 [FXGL Background Thread 1 ] DEBUG FXGLAssetLoaderServi - User app class for loading assets: class com.groupfour.mygame.App
14:51:40.820 [FXGL Background Thread 1 ] DEBUG GameApplicationServi - Applying CSS: fxgl_dark.css
14:51:40.820 [FXGL Background Thread 1 ] DEBUG FXGLAssetLoaderServi - Loading from file system: jar:file:///C:/Users/heugh/.m2/repository/com/github/almasb/fxgl/dev-SNAPSHOT/fxgl-dev-SNAPSHOT.jar!/fxglassets/ui/css/fxgl_dark.css
14:51:40.871 [FXGL Background Thread 1 ] DEBUG GameApplicationServi - Initializing application scenes
14:51:40.912 [FXGL Background Thread 1 ] DEBUG GameWorld            - Game world initialized
14:51:40.994 [FXGL Background Thread 1 ] DEBUG PhysicsWorld         - Physics world initialized: appHeight=600, physics.ppm=50.0
14:51:40.994 [FXGL Background Thread 1 ] DEBUG PhysicsWorld         - Using strategy: BRUTE_FORCE
14:51:40.997 [FXGL Background Thread 1 ] DEBUG GameScene            - Game scene initialized: 800x600
14:51:41.012 [FXGL Background Thread 1 ] DEBUG FXGL.DefaultMenu     - createMenuBodyMainMenu()
14:51:41.028 [FXGL Background Thread 1 ] DEBUG FXGL.DefaultMenu     - createOptionsMenu()
14:51:41.035 [FXGL Background Thread 1 ] DEBUG FXGL.DefaultMenu     - createExtraMenu()
14:51:41.041 [FXGL Background Thread 1 ] DEBUG FXGLAssetLoaderServi - Loading from file system: jar:file:///C:/Users/heugh/.m2/repository/com/github/almasb/fxgl/dev-SNAPSHOT/fxgl-dev-SNAPSHOT.jar!/fxglassets/textures/particles/smoke.png
14:51:41.167 [FXGL Background Thread 1 ] DEBUG FXGLAssetLoaderServi - Loading from file system: jar:file:///C:/Users/heugh/.m2/repository/com/github/almasb/fxgl/dev-SNAPSHOT/fxgl-dev-SNAPSHOT.jar!/fxglassets/textures/particles/trace_horizontal.png
14:51:41.211 [FXGL Background Thread 1 ] DEBUG GameApplicationServi - Application scenes initialized
14:51:41.222 [FXGL Background Thread 1 ] DEBUG SystemBundleService  - Loading FXGL system data
14:51:41.229 [FXGL Background Thread 1 ] DEBUG FileSystemAccess     - Reading from: C:\School\2nd Year\1st Term\CSS124L\FinalExam\CSS124L-FINAL-PROJECT-main\CSS124L-FINAL-PROJECT-main\system\fxgl.bundle
14:51:41.240 [FXGL Background Thread 1 ] DEBUG SystemBundleService  - Bundle FXGL: {}
14:51:41.240 [FXGL Background Thread 1 ] DEBUG UpdaterService       - Checking for updates
14:51:41.245 [FXGL Background Thread 4 ] DEBUG FXGLApplication      - Loading fonts
14:51:41.246 [FXGL Background Thread 1 ] DEBUG FXGLApplication      - Loading default localization
14:51:41.246 [FXGL Background Thread 4 ] DEBUG FXGLAssetLoaderServi - Loading from file system: jar:file:///C:/Users/heugh/.m2/repository/com/github/almasb/fxgl/dev-SNAPSHOT/fxgl-dev-SNAPSHOT.jar!/fxglassets/ui/fonts/VarelaRound-Regular.ttf
14:51:41.246 [FXGL Background Thread 1 ] DEBUG FXGLAssetLoaderServi - Loading from file system: jar:file:///C:/Users/heugh/.m2/repository/com/github/almasb/fxgl/dev-SNAPSHOT/fxgl-dev-SNAPSHOT.jar!/fxglassets/languages/english.lang
14:51:41.265 [FXGL Background Thread 1 ] INFO  FXGLApplication      - FXGL initialization took: 0.534 sec
14:51:41.282 [JavaFX Application Thread] DEBUG Input                - Registered new binding: action0 - W
14:51:41.282 [JavaFX Application Thread] DEBUG Input                - Registered new binding: action1 - S
14:51:41.283 [JavaFX Application Thread] DEBUG Input                - Registered new binding: action2 - A
14:51:41.283 [JavaFX Application Thread] DEBUG Input                - Registered new binding: action3 - D
14:51:41.285 [JavaFX Application Thread] DEBUG Input                - Registered new binding: Start Shooting for Player 1 - LMB
14:51:41.287 [JavaFX Application Thread] DEBUG Input                - Registered new binding: AUTO-0 - W
14:51:41.288 [JavaFX Application Thread] DEBUG Input                - Registered new binding: AUTO-1 - S
14:51:41.289 [JavaFX Application Thread] DEBUG Input                - Registered new binding: AUTO-2 - A
14:51:41.290 [JavaFX Application Thread] DEBUG Input                - Registered new binding: AUTO-3 - D
14:51:41.290 [JavaFX Application Thread] DEBUG Input                - Registered new binding: Start Shooting for Player 2 - LMB
14:51:41.291 [JavaFX Application Thread] DEBUG FXGLAssetLoaderServi - Loading from file system: jar:file:///C:/Users/heugh/.m2/repository/com/github/almasb/fxgl/dev-SNAPSHOT/fxgl-dev-SNAPSHOT.jar!/fxglassets/textures/fxgl_icon.png
14:51:41.299 [FXGL Background Thread 4 ] DEBUG FXGLAssetLoaderServi - Loading from file system: jar:file:///C:/Users/heugh/.m2/repository/com/github/almasb/fxgl/dev-SNAPSHOT/fxgl-dev-SNAPSHOT.jar!/fxglassets/ui/fonts/Abel-Regular.ttf
14:51:41.310 [FXGL Background Thread 4 ] DEBUG FXGLAssetLoaderServi - Loading from file system: jar:file:///C:/Users/heugh/.m2/repository/com/github/almasb/fxgl/dev-SNAPSHOT/fxgl-dev-SNAPSHOT.jar!/fxglassets/ui/fonts/lucida_console.ttf
14:51:41.323 [JavaFX Application Thread] DEBUG FXGLAssetLoaderServi - Loading from file system: jar:file:///C:/Users/heugh/.m2/repository/com/github/almasb/fxgl/dev-SNAPSHOT/fxgl-dev-SNAPSHOT.jar!/fxglassets/textures/fxgl_default_cursor.png
14:51:41.325 [FXGL Background Thread 4 ] DEBUG FXGLAssetLoaderServi - Loading from file system: jar:file:///C:/Users/heugh/.m2/repository/com/github/almasb/fxgl/dev-SNAPSHOT/fxgl-dev-SNAPSHOT.jar!/fxglassets/ui/fonts/Courier-Prime.ttf
14:51:41.327 [JavaFX Application Thread] DEBUG Input                - Registered new binding: Screenshot - CTRL+8
14:51:41.327 [JavaFX Application Thread] DEBUG Input                - Registered new binding: System info dump - CTRL+9
14:51:41.328 [JavaFX Application Thread] DEBUG Input                - Registered new binding: Restart - CTRL+R
14:51:41.328 [JavaFX Application Thread] DEBUG Input                - Registered new binding: Toggle Debug Camera - CTRL+C
14:51:41.332 [JavaFX Application Thread] DEBUG LoopRunner           - Starting loop
14:51:41.332 [JavaFX Application Thread] DEBUG LoopRunner           - Initializing JavaFX AnimationTimerLoop
14:51:41.335 [JavaFX Application Thread] DEBUG Input                - Clearing active input actions
14:51:41.343 [JavaFX Application Thread] DEBUG GameApplicationServi - Removing overlay from FXGLStartupScene and adding to FXGLMainMenuDummyScene
14:51:41.344 [JavaFX Application Thread] DEBUG PrimaryStageWindow   - FXGLStartupScene -> FXGLMainMenuDummyScene
14:51:41.344 [JavaFX Application Thread] DEBUG PrimaryStageWindow   - Push state: FXGLDefaultMenu
14:51:41.356 [JavaFX Application Thread] DEBUG Input                - Clearing active input actions
14:51:41.371 [JavaFX Application Thread] DEBUG GameApplicationServi - Removing overlay from FXGLMainMenuDummyScene and adding to FXGLDefaultMenu
14:51:41.371 [JavaFX Application Thread] DEBUG PrimaryStageWindow   - FXGLMainMenuDummyScene -> FXGLDefaultMenu
14:51:41.450 [JavaFX Application Thread] DEBUG FXGLApplication      - Registering font factories with UI factory
14:51:41.838 [FXGL Background Thread 2 ] INFO  UpdaterService       - Your current version:  dev-SNAPSHOT
14:51:41.838 [FXGL Background Thread 2 ] INFO  UpdaterService       - Latest stable version: 21.1
14:51:42.792 [JavaFX Application Thread] DEBUG Menu                 - fireNewGame()
14:51:42.792 [JavaFX Application Thread] DEBUG GameApplicationServi - Starting new game
14:51:42.794 [JavaFX Application Thread] DEBUG PrimaryStageWindow   - Pop state: FXGLDefaultMenu
14:51:42.794 [JavaFX Application Thread] DEBUG Input                - Clearing active input actions
14:51:42.796 [JavaFX Application Thread] DEBUG GameApplicationServi - Removing overlay from FXGLDefaultMenu and adding to FXGLMainMenuDummyScene
14:51:42.796 [JavaFX Application Thread] DEBUG PrimaryStageWindow   - FXGLMainMenuDummyScene <- FXGLDefaultMenu
14:51:42.796 [JavaFX Application Thread] DEBUG Input                - Clearing active input actions
14:51:42.813 [JavaFX Application Thread] DEBUG GameApplicationServi - Removing overlay from FXGLMainMenuDummyScene and adding to FXGLLoadingScene
14:51:42.813 [JavaFX Application Thread] DEBUG PrimaryStageWindow   - FXGLMainMenuDummyScene -> FXGLLoadingScene
14:51:42.813 [JavaFX Application Thread] DEBUG GameApplicationServi - Clearing previous game
14:51:42.813 [JavaFX Application Thread] DEBUG GameScene            - Clearing game scene
14:51:42.814 [JavaFX Application Thread] DEBUG GameWorld            - Clearing game world
14:51:42.814 [JavaFX Application Thread] DEBUG PhysicsWorld         - Clearing physics world
14:51:42.816 [FXGL Background Thread 2 ] DEBUG FXGLApplication      - Initializing game
14:51:42.819 [FXGL Background Thread 2 ] INFO  FXGLApplication      - Game initialization took: 0.003 sec
14:51:42.839 [JavaFX Application Thread] DEBUG Input                - Clearing active input actions
14:51:42.851 [JavaFX Application Thread] DEBUG GameApplicationServi - Removing overlay from FXGLLoadingScene and adding to GameScene
14:51:42.851 [JavaFX Application Thread] DEBUG PrimaryStageWindow   - FXGLLoadingScene -> GameScene
14:51:42.854 [JavaFX Application Thread] DEBUG PrimaryStageWindow   - Push state: PlayerCountMenu
14:51:42.854 [JavaFX Application Thread] DEBUG Input                - Clearing active input actions
14:51:42.854 [JavaFX Application Thread] DEBUG GameApplicationServi - Removing overlay from GameScene and adding to PlayerCountMenu
14:51:42.855 [JavaFX Application Thread] DEBUG PrimaryStageWindow   - GameScene -> PlayerCountMenu
14:51:44.245 [FXGL Background Thread 3 ] DEBUG Engine               - Logging environment variables
14:51:44.246 [FXGL Background Thread 3 ] DEBUG Engine               - achievements: []
14:51:44.246 [FXGL Background Thread 3 ] DEBUG Engine               - actualHeight: 600.0
14:51:44.246 [FXGL Background Thread 3 ] DEBUG Engine               - actualHeightProperty: ReadOnlyDoubleProperty [value: 600.0]
14:51:44.246 [FXGL Background Thread 3 ] DEBUG Engine               - actualWidth: 800.0
14:51:44.246 [FXGL Background Thread 3 ] DEBUG Engine               - actualWidthProperty: ReadOnlyDoubleProperty [value: 800.0]
14:51:44.246 [FXGL Background Thread 3 ] DEBUG Engine               - appIcon: fxgl_icon.png
14:51:44.246 [FXGL Background Thread 3 ] DEBUG Engine               - applicationMode: DEVELOPER
14:51:44.246 [FXGL Background Thread 3 ] DEBUG Engine               - cSSList: [fxgl_dark.css]
14:51:44.246 [FXGL Background Thread 3 ] DEBUG Engine               - collisionDetectionStrategy: BRUTE_FORCE
14:51:44.246 [FXGL Background Thread 3 ] DEBUG Engine               - configClass: Optional.empty
14:51:44.246 [FXGL Background Thread 3 ] DEBUG Engine               - credits: [PutCreditsHere- PlaceHolderName]
14:51:44.246 [FXGL Background Thread 3 ] DEBUG Engine               - defaultCursor: CursorInfo(imageName=fxgl_default_cursor.png, hotspotX=7.0, hotspotY=6.0)
14:51:44.246 [FXGL Background Thread 3 ] DEBUG Engine               - devBBoxColorProperty: ObjectProperty [value: 0xff0000ff]
14:51:44.247 [FXGL Background Thread 3 ] DEBUG Engine               - devEnableDebugCameraProperty: BooleanProperty [value: false]
14:51:44.247 [FXGL Background Thread 3 ] DEBUG Engine               - devSensorColorProperty: ObjectProperty [value: 0xffff00ff]
14:51:44.247 [FXGL Background Thread 3 ] DEBUG Engine               - devShowBBoxProperty: BooleanProperty [value: false]
14:51:44.247 [FXGL Background Thread 3 ] DEBUG Engine               - devShowPositionProperty: BooleanProperty [value: false]
14:51:44.247 [FXGL Background Thread 3 ] DEBUG Engine               - enabledMenuItems: [EXTRA]
14:51:44.247 [FXGL Background Thread 3 ] DEBUG Engine               - engineServices: [class com.almasb.fxgl.app.services.FXGLAssetLoaderService, class com.almasb.fxgl.app.FXGLApplication$GameApplicationService, class com.almasb.fxgl.app.services.FXGLDialogService, class com.almasb.fxgl.app.services.IOTaskExecutorService, class com.almasb.fxgl.io.FileSystemService, class com.almasb.fxgl.localization.LocalizationService, class com.almasb.fxgl.app.services.SystemBundleService, class com.almasb.fxgl.profile.SaveLoadService, class com.almasb.fxgl.ui.FXGLUIFactoryServiceProvider, class com.almasb.fxgl.ui.FXGLDialogFactoryServiceProvider, class com.almasb.fxgl.audio.AudioPlayer, class com.almasb.fxgl.notification.impl.NotificationServiceProvider, class com.almasb.fxgl.achievement.AchievementService, class com.almasb.fxgl.cutscene.CutsceneService, class com.almasb.fxgl.minigames.MiniGameService, class com.almasb.fxgl.net.NetService, class com.almasb.fxgl.app.services.UpdaterService, class com.almasb.fxgl.dev.DevService, class com.almasb.fxgl.multiplayer.MultiplayerService]
14:51:44.247 [FXGL Background Thread 3 ] DEBUG Engine               - fontGame: Abel-Regular.ttf
14:51:44.247 [FXGL Background Thread 3 ] DEBUG Engine               - fontMono: lucida_console.ttf
14:51:44.247 [FXGL Background Thread 3 ] DEBUG Engine               - fontText: Courier-Prime.ttf
14:51:44.247 [FXGL Background Thread 3 ] DEBUG Engine               - fontUI: VarelaRound-Regular.ttf
14:51:44.248 [FXGL Background Thread 3 ] DEBUG Engine               - fullScreen: BooleanProperty [value: false]
14:51:44.248 [FXGL Background Thread 3 ] DEBUG Engine               - gameDifficulty: MEDIUM
14:51:44.248 [FXGL Background Thread 3 ] DEBUG Engine               - gameDifficultyProperty: ObjectProperty [value: MEDIUM]
14:51:44.248 [FXGL Background Thread 3 ] DEBUG Engine               - globalMusicVolume: 0.5
14:51:44.248 [FXGL Background Thread 3 ] DEBUG Engine               - globalMusicVolumeProperty: DoubleProperty [value: 0.5]
14:51:44.248 [FXGL Background Thread 3 ] DEBUG Engine               - globalSoundVolume: 0.5
14:51:44.248 [FXGL Background Thread 3 ] DEBUG Engine               - globalSoundVolumeProperty: DoubleProperty [value: 0.5]
14:51:44.248 [FXGL Background Thread 3 ] DEBUG Engine               - height: 600
14:51:44.248 [FXGL Background Thread 3 ] DEBUG Engine               - is3D: false
14:51:44.248 [FXGL Background Thread 3 ] DEBUG Engine               - isAndroid: false
14:51:44.249 [FXGL Background Thread 3 ] DEBUG Engine               - isBrowser: false
14:51:44.249 [FXGL Background Thread 3 ] DEBUG Engine               - isClickFeedbackEnabled: false
14:51:44.249 [FXGL Background Thread 3 ] DEBUG Engine               - isCloseConfirmation: false
14:51:44.249 [FXGL Background Thread 3 ] DEBUG Engine               - isDesktop: true
14:51:44.249 [FXGL Background Thread 3 ] DEBUG Engine               - isDeveloperMenuEnabled: false
14:51:44.249 [FXGL Background Thread 3 ] DEBUG Engine               - isEmbedded: false
14:51:44.249 [FXGL Background Thread 3 ] DEBUG Engine               - isEntityPreloadEnabled: true
14:51:44.249 [FXGL Background Thread 3 ] DEBUG Engine               - isExperimentalTiledLargeMap: false
14:51:44.249 [FXGL Background Thread 3 ] DEBUG Engine               - isFileSystemWriteAllowed: true
14:51:44.249 [FXGL Background Thread 3 ] DEBUG Engine               - isFullScreenAllowed: false
14:51:44.250 [FXGL Background Thread 3 ] DEBUG Engine               - isFullScreenFromStart: false
14:51:44.250 [FXGL Background Thread 3 ] DEBUG Engine               - isGameMenuEnabled: true
14:51:44.250 [FXGL Background Thread 3 ] DEBUG Engine               - isIOS: false
14:51:44.250 [FXGL Background Thread 3 ] DEBUG Engine               - isIntroEnabled: false
14:51:44.250 [FXGL Background Thread 3 ] DEBUG Engine               - isLinux: false
14:51:44.250 [FXGL Background Thread 3 ] DEBUG Engine               - isMac: false
14:51:44.250 [FXGL Background Thread 3 ] DEBUG Engine               - isMainMenuEnabled: true
14:51:44.250 [FXGL Background Thread 3 ] DEBUG Engine               - isManualResizeEnabled: false
14:51:44.250 [FXGL Background Thread 3 ] DEBUG Engine               - isMobile: false
14:51:44.250 [FXGL Background Thread 3 ] DEBUG Engine               - isNative: false
14:51:44.250 [FXGL Background Thread 3 ] DEBUG Engine               - isPauseMusicWhenMinimized: true
14:51:44.250 [FXGL Background Thread 3 ] DEBUG Engine               - isPreserveResizeRatio: false
14:51:44.251 [FXGL Background Thread 3 ] DEBUG Engine               - isProfilingEnabled: false
14:51:44.251 [FXGL Background Thread 3 ] DEBUG Engine               - isScaleAffectedOnResize: true
14:51:44.251 [FXGL Background Thread 3 ] DEBUG Engine               - isSingleStep: false
14:51:44.251 [FXGL Background Thread 3 ] DEBUG Engine               - isUserProfileEnabled: false
14:51:44.251 [FXGL Background Thread 3 ] DEBUG Engine               - isWindows: true
14:51:44.251 [FXGL Background Thread 3 ] DEBUG Engine               - language: ObjectProperty [value: ENGLISH]
14:51:44.251 [FXGL Background Thread 3 ] DEBUG Engine               - menuKey: ESCAPE
14:51:44.251 [FXGL Background Thread 3 ] DEBUG Engine               - mouseSensitivity: 0.2
14:51:44.251 [FXGL Background Thread 3 ] DEBUG Engine               - notificationViewClass: class com.almasb.fxgl.notification.view.XboxNotificationView
14:51:44.251 [FXGL Background Thread 3 ] DEBUG Engine               - pixelsPerMeter: 50.0
14:51:44.251 [FXGL Background Thread 3 ] DEBUG Engine               - platform: WINDOWS
14:51:44.251 [FXGL Background Thread 3 ] DEBUG Engine               - prefHeightProperty: ReadOnlyDoubleProperty [value: 600.0]
14:51:44.251 [FXGL Background Thread 3 ] DEBUG Engine               - prefWidthProperty: ReadOnlyDoubleProperty [value: 800.0]
14:51:44.252 [FXGL Background Thread 3 ] DEBUG Engine               - profileDir: profiles/
14:51:44.252 [FXGL Background Thread 3 ] DEBUG Engine               - profileName: StringProperty [value: DEFAULT]
14:51:44.252 [FXGL Background Thread 3 ] DEBUG Engine               - randomSeed: -1
14:51:44.252 [FXGL Background Thread 3 ] DEBUG Engine               - runtimeInfo: RuntimeInfo(platform=WINDOWS, version=dev-SNAPSHOT, build=28.07.2021 16.39)
14:51:44.252 [FXGL Background Thread 3 ] DEBUG Engine               - saveFileExt: sav
14:51:44.252 [FXGL Background Thread 3 ] DEBUG Engine               - scaledHeightProp$fxgl: DoubleProperty [bound, value: 600.0]
14:51:44.252 [FXGL Background Thread 3 ] DEBUG Engine               - scaledWidthProp$fxgl: DoubleProperty [bound, value: 800.0]
14:51:44.252 [FXGL Background Thread 3 ] DEBUG Engine               - sceneFactory: com.groupfour.mygame.App$1@d8100bb
14:51:44.252 [FXGL Background Thread 3 ] DEBUG Engine               - secondsIn24h: 60
14:51:44.253 [FXGL Background Thread 3 ] DEBUG Engine               - soundMenuBack: menu/back.wav
14:51:44.253 [FXGL Background Thread 3 ] DEBUG Engine               - soundMenuPress: menu/press.wav
14:51:44.253 [FXGL Background Thread 3 ] DEBUG Engine               - soundMenuSelect: menu/select.wav
14:51:44.253 [FXGL Background Thread 3 ] DEBUG Engine               - soundNotification: core/notification.wav
14:51:44.253 [FXGL Background Thread 3 ] DEBUG Engine               - stageStyle: DECORATED
14:51:44.253 [FXGL Background Thread 3 ] DEBUG Engine               - supportedLanguages: [ENGLISH, FRENCH, GERMAN, HUNGARIAN, RUSSIAN]
14:51:44.253 [FXGL Background Thread 3 ] DEBUG Engine               - ticksPerSecond: -1
14:51:44.253 [FXGL Background Thread 3 ] DEBUG Engine               - title: Flatline; Miami
14:51:44.253 [FXGL Background Thread 3 ] DEBUG Engine               - urlGithub: https://github.com/AlmasB/FXGL
14:51:44.253 [FXGL Background Thread 3 ] DEBUG Engine               - urlLeaderboard: http://fxgl-top.herokuapp.com/
14:51:44.253 [FXGL Background Thread 3 ] DEBUG Engine               - urlPOM: https://raw.githubusercontent.com/AlmasB/FXGL/release/README.md
14:51:44.253 [FXGL Background Thread 3 ] DEBUG Engine               - userAppClass: class com.groupfour.mygame.App
14:51:44.253 [FXGL Background Thread 3 ] DEBUG Engine               - version: Alpha 0.3
14:51:44.254 [FXGL Background Thread 3 ] DEBUG Engine               - versionCheckDays: 7
14:51:44.254 [FXGL Background Thread 3 ] DEBUG Engine               - width: 800
14:51:44.254 [FXGL Background Thread 3 ] DEBUG Engine               - Logging services
14:51:44.254 [FXGL Background Thread 3 ] DEBUG Engine               - class com.almasb.fxgl.app.services.FXGLAssetLoaderService
14:51:44.254 [FXGL Background Thread 3 ] DEBUG Engine               - class com.almasb.fxgl.app.FXGLApplication$GameApplicationService
14:51:44.254 [FXGL Background Thread 3 ] DEBUG Engine               - class com.almasb.fxgl.app.services.FXGLDialogService
14:51:44.254 [FXGL Background Thread 3 ] DEBUG Engine               - class com.almasb.fxgl.app.services.IOTaskExecutorService
14:51:44.254 [FXGL Background Thread 3 ] DEBUG Engine               - class com.almasb.fxgl.io.FileSystemService
14:51:44.254 [FXGL Background Thread 3 ] DEBUG Engine               - class com.almasb.fxgl.localization.LocalizationService
14:51:44.254 [FXGL Background Thread 3 ] DEBUG Engine               - class com.almasb.fxgl.app.services.SystemBundleService
14:51:44.254 [FXGL Background Thread 3 ] DEBUG Engine               - class com.almasb.fxgl.profile.SaveLoadService
14:51:44.254 [FXGL Background Thread 3 ] DEBUG Engine               - class com.almasb.fxgl.ui.FXGLUIFactoryServiceProvider
14:51:44.254 [FXGL Background Thread 3 ] DEBUG Engine               - class com.almasb.fxgl.ui.FXGLDialogFactoryServiceProvider
14:51:44.254 [FXGL Background Thread 3 ] DEBUG Engine               - class com.almasb.fxgl.audio.AudioPlayer
14:51:44.255 [FXGL Background Thread 3 ] DEBUG Engine               - class com.almasb.fxgl.notification.impl.NotificationServiceProvider
14:51:44.255 [FXGL Background Thread 3 ] DEBUG Engine               - class com.almasb.fxgl.achievement.AchievementService
14:51:44.255 [FXGL Background Thread 3 ] DEBUG Engine               - class com.almasb.fxgl.cutscene.CutsceneService
14:51:44.255 [FXGL Background Thread 3 ] DEBUG Engine               - class com.almasb.fxgl.minigames.MiniGameService
14:51:44.255 [FXGL Background Thread 3 ] DEBUG Engine               - class com.almasb.fxgl.net.NetService
14:51:44.255 [FXGL Background Thread 3 ] DEBUG Engine               - class com.almasb.fxgl.app.services.UpdaterService
14:51:44.255 [FXGL Background Thread 3 ] DEBUG Engine               - class com.almasb.fxgl.dev.DevService
14:51:44.255 [FXGL Background Thread 3 ] DEBUG Engine               - class com.almasb.fxgl.multiplayer.MultiplayerService
14:51:44.296 [JavaFX Application Thread] DEBUG PrimaryStageWindow   - Pop state: PlayerCountMenu
14:51:44.297 [JavaFX Application Thread] DEBUG Input                - Clearing active input actions
14:51:44.297 [JavaFX Application Thread] DEBUG GameApplicationServi - Removing overlay from PlayerCountMenu and adding to GameScene
14:51:44.298 [JavaFX Application Thread] DEBUG PrimaryStageWindow   - GameScene <- PlayerCountMenu
14:51:54.141 [JavaFX Application Thread] DEBUG FXGLApplication      - Exiting FXGL
14:51:54.141 [JavaFX Application Thread] DEBUG LoopRunner           - Stopping loop
14:51:54.141 [JavaFX Application Thread] DEBUG SystemBundleService  - Saving FXGL system data
14:51:54.144 [JavaFX Application Thread] DEBUG FileSystemAccess     - Writing to: C:\School\2nd Year\1st Term\CSS124L\FinalExam\CSS124L-FINAL-PROJECT-main\CSS124L-FINAL-PROJECT-main\system\fxgl.bundle
14:51:54.149 [JavaFX Application Thread] DEBUG Async                - Shutting down background threads
14:51:54.149 [JavaFX Application Thread] DEBUG PrimaryStageWindow   - Closing main window
14:51:54.176 [JavaFX Application Thread] DEBUG Logger               - Closing Logger
