00:00:13.124 [main                     ] DEBUG Logger               - Configured Logger
00:00:13.141 [main                     ] DEBUG GameApplication      - Logging settings
Title: Flatline: Oregon
Version: Alpha 0.19021902
Width: 800
Height: 600
Fullscreen: false
Intro: false
Profiling: false
Single step:false
App Mode: DEVELOPER
Menu Key: ESCAPE
Stage Style: DECORATED
Scene Factory: class com.groupfour.mygame.App$1

00:00:13.392 [JavaFX Application Thread] DEBUG FXGLApplication      - Initializing FXGL
00:00:13.393 [JavaFX Application Thread] INFO  Engine               - FXGL-dev-SNAPSHOT (28.07.2021 16.39) on WINDOWS (J:11.0.22 FX:16)
00:00:13.394 [JavaFX Application Thread] DEBUG Engine               - JRE Vendor Name: Oracle Corporation
00:00:13.394 [JavaFX Application Thread] DEBUG Engine               - Running on OS: Windows 11 version 10.0
00:00:13.394 [JavaFX Application Thread] DEBUG Engine               - Architecture: amd64
00:00:13.394 [JavaFX Application Thread] INFO  Engine               - Source code and latest versions at: https://github.com/AlmasB/FXGL
00:00:13.395 [JavaFX Application Thread] INFO  Engine               -              Join the FXGL chat at: https://gitter.im/AlmasB/FXGL
00:00:13.451 [JavaFX Application Thread] DEBUG PrimaryStageWindow   - Creating a JavaFX scene
00:00:13.489 [JavaFX Application Thread] DEBUG PrimaryStageWindow   - Target settings size: 800.0 x 600.0
00:00:13.489 [JavaFX Application Thread] DEBUG PrimaryStageWindow   - Scaled scene size:    800.0 x 600.0
00:00:13.489 [JavaFX Application Thread] DEBUG PrimaryStageWindow   - Scaled ratio: (1.0, 1.0)
00:00:13.489 [JavaFX Application Thread] DEBUG PrimaryStageWindow   - Set initial scene to FXGLStartupScene
00:00:13.492 [JavaFX Application Thread] DEBUG PrimaryStageWindow   - Opening main window
00:00:13.557 [JavaFX Application Thread] DEBUG PrimaryStageWindow   - Window border size: (14.4000244140625, 37.5999755859375)
00:00:13.557 [JavaFX Application Thread] DEBUG PrimaryStageWindow   - Scaled size: 800.0 x 600.0
00:00:13.557 [JavaFX Application Thread] DEBUG PrimaryStageWindow   - Scaled ratio: (1.0, 1.0)
00:00:13.557 [JavaFX Application Thread] DEBUG PrimaryStageWindow   - Scene size: 800.0 x 600.0
00:00:13.558 [JavaFX Application Thread] DEBUG PrimaryStageWindow   - Stage size: 814.4000244140625 x 637.5999755859375
00:00:13.562 [FXGL Background Thread 1 ] DEBUG Engine               - Initializing environment variables
00:00:13.594 [FXGL Background Thread 1 ] DEBUG FXGLAssetLoaderServi - User app class for loading assets: class com.groupfour.mygame.App
00:00:13.594 [FXGL Background Thread 1 ] DEBUG GameApplicationServi - Applying CSS: fxgl_dark.css
00:00:13.595 [FXGL Background Thread 1 ] DEBUG FXGLAssetLoaderServi - Loading from file system: jar:file:///C:/Users/acer/.m2/repository/com/github/almasb/fxgl/dev-SNAPSHOT/fxgl-dev-SNAPSHOT.jar!/fxglassets/ui/css/fxgl_dark.css
00:00:13.631 [FXGL Background Thread 1 ] DEBUG GameApplicationServi - Initializing application scenes
00:00:13.655 [FXGL Background Thread 1 ] DEBUG GameWorld            - Game world initialized
00:00:13.689 [FXGL Background Thread 1 ] DEBUG PhysicsWorld         - Physics world initialized: appHeight=600, physics.ppm=50.0
00:00:13.689 [FXGL Background Thread 1 ] DEBUG PhysicsWorld         - Using strategy: BRUTE_FORCE
00:00:13.691 [FXGL Background Thread 1 ] DEBUG GameScene            - Game scene initialized: 800x600
00:00:13.698 [FXGL Background Thread 1 ] DEBUG FXGL.DefaultMenu     - createMenuBodyMainMenu()
00:00:13.710 [FXGL Background Thread 1 ] DEBUG FXGL.DefaultMenu     - createOptionsMenu()
00:00:13.717 [FXGL Background Thread 1 ] DEBUG FXGLAssetLoaderServi - Loading from file system: jar:file:///C:/Users/acer/.m2/repository/com/github/almasb/fxgl/dev-SNAPSHOT/fxgl-dev-SNAPSHOT.jar!/fxglassets/textures/particles/smoke.png
00:00:13.782 [FXGL Background Thread 1 ] DEBUG FXGLAssetLoaderServi - Loading from file system: jar:file:///C:/Users/acer/.m2/repository/com/github/almasb/fxgl/dev-SNAPSHOT/fxgl-dev-SNAPSHOT.jar!/fxglassets/textures/particles/trace_horizontal.png
00:00:13.802 [FXGL Background Thread 1 ] DEBUG GameApplicationServi - Application scenes initialized
00:00:13.809 [FXGL Background Thread 1 ] DEBUG SystemBundleService  - Loading FXGL system data
00:00:13.813 [FXGL Background Thread 1 ] DEBUG FileSystemAccess     - Reading from: C:\Users\acer\OneDrive\Desktop\git pull\CSS124L-FINAL-PROJECT\system\fxgl.bundle
00:00:13.818 [FXGL Background Thread 1 ] DEBUG SystemBundleService  - Bundle FXGL: {}
00:00:13.818 [FXGL Background Thread 1 ] DEBUG UpdaterService       - Checking for updates
00:00:13.840 [FXGL Background Thread 1 ] DEBUG FXGLApplication      - Loading default localization
00:00:13.841 [FXGL Background Thread 1 ] DEBUG FXGLAssetLoaderServi - Loading from file system: jar:file:///C:/Users/acer/.m2/repository/com/github/almasb/fxgl/dev-SNAPSHOT/fxgl-dev-SNAPSHOT.jar!/fxglassets/languages/english.lang
00:00:13.847 [FXGL Background Thread 4 ] DEBUG FXGLApplication      - Loading fonts
00:00:13.848 [FXGL Background Thread 4 ] DEBUG FXGLAssetLoaderServi - Loading from file system: jar:file:///C:/Users/acer/.m2/repository/com/github/almasb/fxgl/dev-SNAPSHOT/fxgl-dev-SNAPSHOT.jar!/fxglassets/ui/fonts/VarelaRound-Regular.ttf
00:00:13.855 [FXGL Background Thread 1 ] INFO  FXGLApplication      - FXGL initialization took: 0.293 sec
00:00:13.868 [JavaFX Application Thread] DEBUG Input                - Registered new binding: Move Upwards - W
00:00:13.869 [JavaFX Application Thread] DEBUG Input                - Registered new binding: Move Down - S
00:00:13.869 [JavaFX Application Thread] DEBUG Input                - Registered new binding: Move Left - A
00:00:13.869 [JavaFX Application Thread] DEBUG Input                - Registered new binding: Move Right - D
00:00:13.869 [JavaFX Application Thread] DEBUG Input                - Registered new binding: Reload - R
00:00:13.870 [JavaFX Application Thread] DEBUG Input                - Registered new binding: Shoot - LMB
00:00:13.870 [JavaFX Application Thread] DEBUG Input                - Registered new binding: Switch Weapons - Q
00:00:13.870 [JavaFX Application Thread] DEBUG Input                - Registered new binding: Interact - F
00:00:13.871 [JavaFX Application Thread] DEBUG FXGLAssetLoaderServi - Loading from file system: jar:file:///C:/Users/acer/.m2/repository/com/github/almasb/fxgl/dev-SNAPSHOT/fxgl-dev-SNAPSHOT.jar!/fxglassets/textures/fxgl_icon.png
00:00:13.887 [JavaFX Application Thread] DEBUG FXGLAssetLoaderServi - Loading from file system: jar:file:///C:/Users/acer/.m2/repository/com/github/almasb/fxgl/dev-SNAPSHOT/fxgl-dev-SNAPSHOT.jar!/fxglassets/textures/fxgl_default_cursor.png
00:00:13.889 [JavaFX Application Thread] DEBUG Input                - Registered new binding: Screenshot - CTRL+8
00:00:13.889 [JavaFX Application Thread] DEBUG Input                - Registered new binding: Dev Options - 1
00:00:13.890 [JavaFX Application Thread] DEBUG Input                - Registered new binding: Dev Console - 2
00:00:13.890 [JavaFX Application Thread] DEBUG Input                - Registered new binding: System info dump - CTRL+9
00:00:13.891 [JavaFX Application Thread] DEBUG Input                - Registered new binding: Restart - CTRL+R
00:00:13.891 [JavaFX Application Thread] DEBUG Input                - Registered new binding: Toggle Debug Camera - CTRL+C
00:00:13.894 [JavaFX Application Thread] DEBUG LoopRunner           - Starting loop
00:00:13.907 [JavaFX Application Thread] DEBUG LoopRunner           - Initializing JavaFX AnimationTimerLoop
00:00:13.910 [JavaFX Application Thread] DEBUG Input                - Clearing active input actions
00:00:13.920 [JavaFX Application Thread] DEBUG GameApplicationServi - Removing overlay from FXGLStartupScene and adding to FXGLMainMenuDummyScene
00:00:13.923 [JavaFX Application Thread] DEBUG PrimaryStageWindow   - FXGLStartupScene -> FXGLMainMenuDummyScene
00:00:13.923 [JavaFX Application Thread] DEBUG PrimaryStageWindow   - Push state: FXGLDefaultMenu
00:00:13.925 [JavaFX Application Thread] DEBUG Input                - Clearing active input actions
00:00:13.930 [JavaFX Application Thread] DEBUG GameApplicationServi - Removing overlay from FXGLMainMenuDummyScene and adding to FXGLDefaultMenu
00:00:13.930 [JavaFX Application Thread] DEBUG PrimaryStageWindow   - FXGLMainMenuDummyScene -> FXGLDefaultMenu
00:00:14.202 [FXGL Background Thread 4 ] DEBUG FXGLAssetLoaderServi - Loading from file system: jar:file:///C:/Users/acer/.m2/repository/com/github/almasb/fxgl/dev-SNAPSHOT/fxgl-dev-SNAPSHOT.jar!/fxglassets/ui/fonts/Abel-Regular.ttf
00:00:14.206 [FXGL Background Thread 4 ] DEBUG FXGLAssetLoaderServi - Loading from file system: jar:file:///C:/Users/acer/.m2/repository/com/github/almasb/fxgl/dev-SNAPSHOT/fxgl-dev-SNAPSHOT.jar!/fxglassets/ui/fonts/lucida_console.ttf
00:00:14.214 [FXGL Background Thread 4 ] DEBUG FXGLAssetLoaderServi - Loading from file system: jar:file:///C:/Users/acer/.m2/repository/com/github/almasb/fxgl/dev-SNAPSHOT/fxgl-dev-SNAPSHOT.jar!/fxglassets/ui/fonts/Courier-Prime.ttf
00:00:14.221 [JavaFX Application Thread] DEBUG FXGLApplication      - Registering font factories with UI factory
00:00:14.425 [FXGL Background Thread 2 ] INFO  UpdaterService       - Your current version:  dev-SNAPSHOT
00:00:14.425 [FXGL Background Thread 2 ] INFO  UpdaterService       - Latest stable version: 21.1
00:00:14.975 [JavaFX Application Thread] DEBUG FXGLApplication      - Exiting FXGL
00:00:14.975 [JavaFX Application Thread] DEBUG LoopRunner           - Stopping loop
00:00:14.975 [JavaFX Application Thread] DEBUG SystemBundleService  - Saving FXGL system data
00:00:14.977 [JavaFX Application Thread] DEBUG FileSystemAccess     - Writing to: C:\Users\acer\OneDrive\Desktop\git pull\CSS124L-FINAL-PROJECT\system\fxgl.bundle
00:00:14.980 [JavaFX Application Thread] DEBUG Async                - Shutting down background threads
00:00:14.980 [JavaFX Application Thread] DEBUG PrimaryStageWindow   - Closing main window
00:00:14.992 [JavaFX Application Thread] DEBUG Logger               - Closing Logger
