01:34:44.096 [main                     ] DEBUG Logger               - Configured Logger
01:34:44.105 [main                     ] DEBUG GameApplication      - Logging settings
Title: Flatline: Oregon
Version: Alpha 0.3
Width: 800
Height: 600
Fullscreen: false
Intro: false
Profiling: false
Single step:false
App Mode: DEVELOPER
Menu Key: ESCAPE
Stage Style: DECORATED
Scene Factory: class com.groupfour.mygame.App$1

01:34:44.796 [JavaFX Application Thread] DEBUG FXGLApplication      - Initializing FXGL
01:34:44.799 [JavaFX Application Thread] INFO  Engine               - FXGL-dev-SNAPSHOT (28.07.2021 16.39) on WINDOWS (J:21.0.4 FX:16)
01:34:44.800 [JavaFX Application Thread] DEBUG Engine               - JRE Vendor Name: Eclipse Adoptium
01:34:44.800 [JavaFX Application Thread] DEBUG Engine               - Running on OS: Windows 11 version 10.0
01:34:44.800 [JavaFX Application Thread] DEBUG Engine               - Architecture: amd64
01:34:44.800 [JavaFX Application Thread] INFO  Engine               - Source code and latest versions at: https://github.com/AlmasB/FXGL
01:34:44.800 [JavaFX Application Thread] INFO  Engine               -              Join the FXGL chat at: https://gitter.im/AlmasB/FXGL
01:34:45.018 [JavaFX Application Thread] DEBUG PrimaryStageWindow   - Creating a JavaFX scene
01:34:45.129 [JavaFX Application Thread] DEBUG PrimaryStageWindow   - Target settings size: 800.0 x 600.0
01:34:45.129 [JavaFX Application Thread] DEBUG PrimaryStageWindow   - Scaled scene size:    800.0 x 600.0
01:34:45.129 [JavaFX Application Thread] DEBUG PrimaryStageWindow   - Scaled ratio: (1.0, 1.0)
01:34:45.130 [JavaFX Application Thread] DEBUG PrimaryStageWindow   - Set initial scene to FXGLStartupScene
01:34:45.143 [JavaFX Application Thread] DEBUG PrimaryStageWindow   - Opening main window
01:34:45.283 [JavaFX Application Thread] DEBUG PrimaryStageWindow   - Window border size: (16.0, 39.0)
01:34:45.285 [JavaFX Application Thread] DEBUG PrimaryStageWindow   - Scaled size: 800.0 x 600.0
01:34:45.285 [JavaFX Application Thread] DEBUG PrimaryStageWindow   - Scaled ratio: (1.0, 1.0)
01:34:45.285 [JavaFX Application Thread] DEBUG PrimaryStageWindow   - Scene size: 800.0 x 600.0
01:34:45.285 [JavaFX Application Thread] DEBUG PrimaryStageWindow   - Stage size: 816.0 x 639.0
01:34:45.303 [FXGL Background Thread 1 ] DEBUG Engine               - Initializing environment variables
01:34:45.478 [FXGL Background Thread 1 ] DEBUG FXGLAssetLoaderServi - User app class for loading assets: class com.groupfour.mygame.App
01:34:45.479 [FXGL Background Thread 1 ] DEBUG GameApplicationServi - Applying CSS: fxgl_dark.css
01:34:45.480 [FXGL Background Thread 1 ] DEBUG FXGLAssetLoaderServi - Loading from file system: jar:file:///C:/Users/Cent/.m2/repository/com/github/almasb/fxgl/dev-SNAPSHOT/fxgl-dev-SNAPSHOT.jar!/fxglassets/ui/css/fxgl_dark.css
01:34:45.590 [FXGL Background Thread 1 ] DEBUG GameApplicationServi - Initializing application scenes
01:34:45.703 [FXGL Background Thread 1 ] DEBUG GameWorld            - Game world initialized
01:34:45.822 [FXGL Background Thread 1 ] DEBUG PhysicsWorld         - Physics world initialized: appHeight=600, physics.ppm=50.0
01:34:45.823 [FXGL Background Thread 1 ] DEBUG PhysicsWorld         - Using strategy: BRUTE_FORCE
01:34:45.827 [FXGL Background Thread 1 ] DEBUG GameScene            - Game scene initialized: 800x600
01:34:45.848 [FXGL Background Thread 1 ] DEBUG FXGL.DefaultMenu     - createMenuBodyMainMenu()
01:34:45.869 [FXGL Background Thread 1 ] DEBUG FXGL.DefaultMenu     - createOptionsMenu()
01:34:45.885 [FXGL Background Thread 1 ] DEBUG FXGLAssetLoaderServi - Loading from file system: jar:file:///C:/Users/Cent/.m2/repository/com/github/almasb/fxgl/dev-SNAPSHOT/fxgl-dev-SNAPSHOT.jar!/fxglassets/textures/particles/smoke.png
01:34:46.084 [FXGL Background Thread 1 ] DEBUG FXGLAssetLoaderServi - Loading from file system: jar:file:///C:/Users/Cent/.m2/repository/com/github/almasb/fxgl/dev-SNAPSHOT/fxgl-dev-SNAPSHOT.jar!/fxglassets/textures/particles/trace_horizontal.png
01:34:46.177 [FXGL Background Thread 1 ] DEBUG GameApplicationServi - Application scenes initialized
01:34:46.202 [FXGL Background Thread 1 ] DEBUG SystemBundleService  - Loading FXGL system data
01:34:46.212 [FXGL Background Thread 1 ] DEBUG FileSystemAccess     - Reading from: C:\Users\Cent\Desktop\CSS124L-LE\CSS124L-FinalExam\CSS124L-FINAL-PROJECT\system\fxgl.bundle
01:34:46.231 [FXGL Background Thread 1 ] DEBUG SystemBundleService  - Bundle FXGL: {}
01:34:46.232 [FXGL Background Thread 1 ] DEBUG UpdaterService       - Checking for updates
01:34:46.290 [FXGL Background Thread 4 ] DEBUG FXGLApplication      - Loading fonts
01:34:46.291 [FXGL Background Thread 4 ] DEBUG FXGLAssetLoaderServi - Loading from file system: jar:file:///C:/Users/Cent/.m2/repository/com/github/almasb/fxgl/dev-SNAPSHOT/fxgl-dev-SNAPSHOT.jar!/fxglassets/ui/fonts/VarelaRound-Regular.ttf
01:34:46.292 [FXGL Background Thread 1 ] DEBUG FXGLApplication      - Loading default localization
01:34:46.294 [FXGL Background Thread 1 ] DEBUG FXGLAssetLoaderServi - Loading from file system: jar:file:///C:/Users/Cent/.m2/repository/com/github/almasb/fxgl/dev-SNAPSHOT/fxgl-dev-SNAPSHOT.jar!/fxglassets/languages/english.lang
01:34:46.328 [FXGL Background Thread 1 ] INFO  FXGLApplication      - FXGL initialization took: 1.024 sec
01:34:46.360 [JavaFX Application Thread] DEBUG Input                - Registered new binding: Move Upwards - W
01:34:46.360 [JavaFX Application Thread] DEBUG Input                - Registered new binding: Move Down - S
01:34:46.360 [JavaFX Application Thread] DEBUG Input                - Registered new binding: Move Left - A
01:34:46.362 [JavaFX Application Thread] DEBUG Input                - Registered new binding: Move Right - D
01:34:46.362 [JavaFX Application Thread] DEBUG Input                - Registered new binding: Reload - R
01:34:46.366 [JavaFX Application Thread] DEBUG Input                - Registered new binding: Shoot - LMB
01:34:46.366 [JavaFX Application Thread] DEBUG Input                - Registered new binding: Switch Weapons - Q
01:34:46.367 [JavaFX Application Thread] DEBUG Input                - Registered new binding: Interact - F
01:34:46.367 [JavaFX Application Thread] DEBUG FXGLAssetLoaderServi - Loading from file system: jar:file:///C:/Users/Cent/.m2/repository/com/github/almasb/fxgl/dev-SNAPSHOT/fxgl-dev-SNAPSHOT.jar!/fxglassets/textures/fxgl_icon.png
01:34:46.386 [FXGL Background Thread 4 ] DEBUG FXGLAssetLoaderServi - Loading from file system: jar:file:///C:/Users/Cent/.m2/repository/com/github/almasb/fxgl/dev-SNAPSHOT/fxgl-dev-SNAPSHOT.jar!/fxglassets/ui/fonts/Abel-Regular.ttf
01:34:46.397 [FXGL Background Thread 4 ] DEBUG FXGLAssetLoaderServi - Loading from file system: jar:file:///C:/Users/Cent/.m2/repository/com/github/almasb/fxgl/dev-SNAPSHOT/fxgl-dev-SNAPSHOT.jar!/fxglassets/ui/fonts/lucida_console.ttf
01:34:46.413 [FXGL Background Thread 4 ] DEBUG FXGLAssetLoaderServi - Loading from file system: jar:file:///C:/Users/Cent/.m2/repository/com/github/almasb/fxgl/dev-SNAPSHOT/fxgl-dev-SNAPSHOT.jar!/fxglassets/ui/fonts/Courier-Prime.ttf
01:34:46.423 [JavaFX Application Thread] DEBUG FXGLAssetLoaderServi - Loading from file system: jar:file:///C:/Users/Cent/.m2/repository/com/github/almasb/fxgl/dev-SNAPSHOT/fxgl-dev-SNAPSHOT.jar!/fxglassets/textures/fxgl_default_cursor.png
01:34:46.429 [JavaFX Application Thread] DEBUG Input                - Registered new binding: Screenshot - CTRL+8
01:34:46.429 [JavaFX Application Thread] DEBUG Input                - Registered new binding: Dev Options - 1
01:34:46.430 [JavaFX Application Thread] DEBUG Input                - Registered new binding: Dev Console - 2
01:34:46.433 [JavaFX Application Thread] DEBUG Input                - Registered new binding: System info dump - CTRL+9
01:34:46.435 [JavaFX Application Thread] DEBUG Input                - Registered new binding: Restart - CTRL+R
01:34:46.439 [JavaFX Application Thread] DEBUG Input                - Registered new binding: Toggle Debug Camera - CTRL+C
01:34:46.448 [JavaFX Application Thread] DEBUG LoopRunner           - Starting loop
01:34:46.483 [JavaFX Application Thread] DEBUG LoopRunner           - Initializing JavaFX AnimationTimerLoop
01:34:46.490 [JavaFX Application Thread] DEBUG Input                - Clearing active input actions
01:34:46.507 [JavaFX Application Thread] DEBUG GameApplicationServi - Removing overlay from FXGLStartupScene and adding to FXGLMainMenuDummyScene
01:34:46.525 [JavaFX Application Thread] DEBUG PrimaryStageWindow   - FXGLStartupScene -> FXGLMainMenuDummyScene
01:34:46.527 [JavaFX Application Thread] DEBUG PrimaryStageWindow   - Push state: FXGLDefaultMenu
01:34:46.566 [JavaFX Application Thread] DEBUG Input                - Clearing active input actions
01:34:46.587 [JavaFX Application Thread] DEBUG GameApplicationServi - Removing overlay from FXGLMainMenuDummyScene and adding to FXGLDefaultMenu
01:34:46.588 [JavaFX Application Thread] DEBUG PrimaryStageWindow   - FXGLMainMenuDummyScene -> FXGLDefaultMenu
01:34:46.590 [JavaFX Application Thread] DEBUG FXGLApplication      - Registering font factories with UI factory
01:34:47.289 [FXGL Background Thread 2 ] INFO  UpdaterService       - Your current version:  dev-SNAPSHOT
01:34:47.290 [FXGL Background Thread 2 ] INFO  UpdaterService       - Latest stable version: 21.1
01:34:48.424 [JavaFX Application Thread] DEBUG Menu                 - fireNewGame()
01:34:48.424 [JavaFX Application Thread] DEBUG GameApplicationServi - Starting new game
01:34:48.430 [JavaFX Application Thread] DEBUG PrimaryStageWindow   - Pop state: FXGLDefaultMenu
01:34:48.430 [JavaFX Application Thread] DEBUG Input                - Clearing active input actions
01:34:48.433 [JavaFX Application Thread] DEBUG GameApplicationServi - Removing overlay from FXGLDefaultMenu and adding to FXGLMainMenuDummyScene
01:34:48.437 [JavaFX Application Thread] DEBUG PrimaryStageWindow   - FXGLMainMenuDummyScene <- FXGLDefaultMenu
01:34:48.439 [JavaFX Application Thread] DEBUG Input                - Clearing active input actions
01:34:48.452 [JavaFX Application Thread] DEBUG GameApplicationServi - Removing overlay from FXGLMainMenuDummyScene and adding to FXGLLoadingScene
01:34:48.453 [JavaFX Application Thread] DEBUG PrimaryStageWindow   - FXGLMainMenuDummyScene -> FXGLLoadingScene
01:34:48.453 [JavaFX Application Thread] DEBUG GameApplicationServi - Clearing previous game
01:34:48.454 [JavaFX Application Thread] DEBUG GameScene            - Clearing game scene
01:34:48.454 [JavaFX Application Thread] DEBUG GameWorld            - Clearing game world
01:34:48.455 [JavaFX Application Thread] DEBUG PhysicsWorld         - Clearing physics world
01:34:48.462 [FXGL Background Thread 2 ] DEBUG FXGLApplication      - Initializing game
01:34:48.577 [FXGL Background Thread 2 ] DEBUG FXGLAssetLoaderServi - Loading from file system: file:/C:/Users/Cent/Desktop/CSS124L-LE/CSS124L-FinalExam/CSS124L-FINAL-PROJECT/fp/target/classes/assets/textures/Players/1P_Idle.png
01:34:48.580 [FXGL Background Thread 2 ] DEBUG FXGLAssetLoaderServi - Loading from file system: file:/C:/Users/Cent/Desktop/CSS124L-LE/CSS124L-FinalExam/CSS124L-FINAL-PROJECT/fp/target/classes/assets/textures/Players/1P_Walk.gif
01:34:48.592 [FXGL Background Thread 2 ] DEBUG FXGLAssetLoaderServi - Loading from file system: file:/C:/Users/Cent/Desktop/CSS124L-LE/CSS124L-FinalExam/CSS124L-FINAL-PROJECT/fp/target/classes/assets/textures/Players/1P_Shoot.gif
01:34:48.625 [FXGL Background Thread 2 ] INFO  FXGLApplication      - Game initialization took: 0.164 sec
01:34:48.631 [JavaFX Application Thread] DEBUG Input                - Clearing active input actions
01:34:48.643 [JavaFX Application Thread] DEBUG GameApplicationServi - Removing overlay from FXGLLoadingScene and adding to GameScene
01:34:48.651 [JavaFX Application Thread] DEBUG PrimaryStageWindow   - FXGLLoadingScene -> GameScene
01:34:48.662 [JavaFX Application Thread] DEBUG PrimaryStageWindow   - Push state: PlayerCountMenu
01:34:48.662 [JavaFX Application Thread] DEBUG Input                - Clearing active input actions
01:34:48.663 [JavaFX Application Thread] DEBUG GameApplicationServi - Removing overlay from GameScene and adding to PlayerCountMenu
01:34:48.664 [JavaFX Application Thread] DEBUG PrimaryStageWindow   - GameScene -> PlayerCountMenu
01:34:49.284 [FXGL Background Thread 3 ] DEBUG Engine               - Logging environment variables
01:34:49.284 [FXGL Background Thread 3 ] DEBUG Engine               - achievements: []
01:34:49.284 [FXGL Background Thread 3 ] DEBUG Engine               - actualHeight: 600.0
01:34:49.284 [FXGL Background Thread 3 ] DEBUG Engine               - actualHeightProperty: ReadOnlyDoubleProperty [value: 600.0]
01:34:49.284 [FXGL Background Thread 3 ] DEBUG Engine               - actualWidth: 800.0
01:34:49.284 [FXGL Background Thread 3 ] DEBUG Engine               - actualWidthProperty: ReadOnlyDoubleProperty [value: 800.0]
01:34:49.284 [FXGL Background Thread 3 ] DEBUG Engine               - appIcon: fxgl_icon.png
01:34:49.284 [FXGL Background Thread 3 ] DEBUG Engine               - applicationMode: DEVELOPER
01:34:49.284 [FXGL Background Thread 3 ] DEBUG Engine               - cSSList: [fxgl_dark.css]
01:34:49.284 [FXGL Background Thread 3 ] DEBUG Engine               - collisionDetectionStrategy: BRUTE_FORCE
01:34:49.284 [FXGL Background Thread 3 ] DEBUG Engine               - configClass: Optional.empty
01:34:49.284 [FXGL Background Thread 3 ] DEBUG Engine               - credits: []
01:34:49.284 [FXGL Background Thread 3 ] DEBUG Engine               - defaultCursor: CursorInfo(imageName=fxgl_default_cursor.png, hotspotX=7.0, hotspotY=6.0)
01:34:49.285 [FXGL Background Thread 3 ] DEBUG Engine               - devBBoxColorProperty: ObjectProperty [value: 0xff0000ff]
01:34:49.285 [FXGL Background Thread 3 ] DEBUG Engine               - devEnableDebugCameraProperty: BooleanProperty [value: false]
01:34:49.285 [FXGL Background Thread 3 ] DEBUG Engine               - devSensorColorProperty: ObjectProperty [value: 0xffff00ff]
01:34:49.285 [FXGL Background Thread 3 ] DEBUG Engine               - devShowBBoxProperty: BooleanProperty [value: false]
01:34:49.285 [FXGL Background Thread 3 ] DEBUG Engine               - devShowPositionProperty: BooleanProperty [value: false]
01:34:49.285 [FXGL Background Thread 3 ] DEBUG Engine               - enabledMenuItems: []
01:34:49.285 [FXGL Background Thread 3 ] DEBUG Engine               - engineServices: [class com.almasb.fxgl.app.services.FXGLAssetLoaderService, class com.almasb.fxgl.app.FXGLApplication$GameApplicationService, class com.almasb.fxgl.app.services.FXGLDialogService, class com.almasb.fxgl.app.services.IOTaskExecutorService, class com.almasb.fxgl.io.FileSystemService, class com.almasb.fxgl.localization.LocalizationService, class com.almasb.fxgl.app.services.SystemBundleService, class com.almasb.fxgl.profile.SaveLoadService, class com.almasb.fxgl.ui.FXGLUIFactoryServiceProvider, class com.almasb.fxgl.ui.FXGLDialogFactoryServiceProvider, class com.almasb.fxgl.audio.AudioPlayer, class com.almasb.fxgl.notification.impl.NotificationServiceProvider, class com.almasb.fxgl.achievement.AchievementService, class com.almasb.fxgl.cutscene.CutsceneService, class com.almasb.fxgl.minigames.MiniGameService, class com.almasb.fxgl.net.NetService, class com.almasb.fxgl.app.services.UpdaterService, class com.almasb.fxgl.dev.DevService, class com.almasb.fxgl.multiplayer.MultiplayerService]
01:34:49.285 [FXGL Background Thread 3 ] DEBUG Engine               - fontGame: Abel-Regular.ttf
01:34:49.285 [FXGL Background Thread 3 ] DEBUG Engine               - fontMono: lucida_console.ttf
01:34:49.285 [FXGL Background Thread 3 ] DEBUG Engine               - fontText: Courier-Prime.ttf
01:34:49.285 [FXGL Background Thread 3 ] DEBUG Engine               - fontUI: VarelaRound-Regular.ttf
01:34:49.285 [FXGL Background Thread 3 ] DEBUG Engine               - fullScreen: BooleanProperty [value: false]
01:34:49.285 [FXGL Background Thread 3 ] DEBUG Engine               - gameDifficulty: MEDIUM
01:34:49.286 [FXGL Background Thread 3 ] DEBUG Engine               - gameDifficultyProperty: ObjectProperty [value: MEDIUM]
01:34:49.286 [FXGL Background Thread 3 ] DEBUG Engine               - globalMusicVolume: 0.5
01:34:49.286 [FXGL Background Thread 3 ] DEBUG Engine               - globalMusicVolumeProperty: DoubleProperty [value: 0.5]
01:34:49.286 [FXGL Background Thread 3 ] DEBUG Engine               - globalSoundVolume: 0.5
01:34:49.286 [FXGL Background Thread 3 ] DEBUG Engine               - globalSoundVolumeProperty: DoubleProperty [value: 0.5]
01:34:49.286 [FXGL Background Thread 3 ] DEBUG Engine               - height: 600
01:34:49.286 [FXGL Background Thread 3 ] DEBUG Engine               - is3D: false
01:34:49.286 [FXGL Background Thread 3 ] DEBUG Engine               - isAndroid: false
01:34:49.286 [FXGL Background Thread 3 ] DEBUG Engine               - isBrowser: false
01:34:49.286 [FXGL Background Thread 3 ] DEBUG Engine               - isClickFeedbackEnabled: false
01:34:49.286 [FXGL Background Thread 3 ] DEBUG Engine               - isCloseConfirmation: false
01:34:49.286 [FXGL Background Thread 3 ] DEBUG Engine               - isDesktop: true
01:34:49.286 [FXGL Background Thread 3 ] DEBUG Engine               - isDeveloperMenuEnabled: true
01:34:49.286 [FXGL Background Thread 3 ] DEBUG Engine               - isEmbedded: false
01:34:49.286 [FXGL Background Thread 3 ] DEBUG Engine               - isEntityPreloadEnabled: true
01:34:49.286 [FXGL Background Thread 3 ] DEBUG Engine               - isExperimentalTiledLargeMap: false
01:34:49.287 [FXGL Background Thread 3 ] DEBUG Engine               - isFileSystemWriteAllowed: true
01:34:49.287 [FXGL Background Thread 3 ] DEBUG Engine               - isFullScreenAllowed: false
01:34:49.287 [FXGL Background Thread 3 ] DEBUG Engine               - isFullScreenFromStart: false
01:34:49.287 [FXGL Background Thread 3 ] DEBUG Engine               - isGameMenuEnabled: true
01:34:49.287 [FXGL Background Thread 3 ] DEBUG Engine               - isIOS: false
01:34:49.287 [FXGL Background Thread 3 ] DEBUG Engine               - isIntroEnabled: false
01:34:49.287 [FXGL Background Thread 3 ] DEBUG Engine               - isLinux: false
01:34:49.287 [FXGL Background Thread 3 ] DEBUG Engine               - isMac: false
01:34:49.287 [FXGL Background Thread 3 ] DEBUG Engine               - isMainMenuEnabled: true
01:34:49.287 [FXGL Background Thread 3 ] DEBUG Engine               - isManualResizeEnabled: false
01:34:49.287 [FXGL Background Thread 3 ] DEBUG Engine               - isMobile: false
01:34:49.287 [FXGL Background Thread 3 ] DEBUG Engine               - isNative: false
01:34:49.287 [FXGL Background Thread 3 ] DEBUG Engine               - isPauseMusicWhenMinimized: true
01:34:49.288 [FXGL Background Thread 3 ] DEBUG Engine               - isPreserveResizeRatio: false
01:34:49.288 [FXGL Background Thread 3 ] DEBUG Engine               - isProfilingEnabled: false
01:34:49.288 [FXGL Background Thread 3 ] DEBUG Engine               - isScaleAffectedOnResize: true
01:34:49.288 [FXGL Background Thread 3 ] DEBUG Engine               - isSingleStep: false
01:34:49.288 [FXGL Background Thread 3 ] DEBUG Engine               - isUserProfileEnabled: false
01:34:49.288 [FXGL Background Thread 3 ] DEBUG Engine               - isWindows: true
01:34:49.288 [FXGL Background Thread 3 ] DEBUG Engine               - language: ObjectProperty [value: ENGLISH]
01:34:49.288 [FXGL Background Thread 3 ] DEBUG Engine               - menuKey: ESCAPE
01:34:49.288 [FXGL Background Thread 3 ] DEBUG Engine               - mouseSensitivity: 0.2
01:34:49.288 [FXGL Background Thread 3 ] DEBUG Engine               - notificationViewClass: class com.almasb.fxgl.notification.view.XboxNotificationView
01:34:49.288 [FXGL Background Thread 3 ] DEBUG Engine               - pixelsPerMeter: 50.0
01:34:49.288 [FXGL Background Thread 3 ] DEBUG Engine               - platform: WINDOWS
01:34:49.288 [FXGL Background Thread 3 ] DEBUG Engine               - prefHeightProperty: ReadOnlyDoubleProperty [value: 600.0]
01:34:49.288 [FXGL Background Thread 3 ] DEBUG Engine               - prefWidthProperty: ReadOnlyDoubleProperty [value: 800.0]
01:34:49.288 [FXGL Background Thread 3 ] DEBUG Engine               - profileDir: profiles/
01:34:49.288 [FXGL Background Thread 3 ] DEBUG Engine               - profileName: StringProperty [value: DEFAULT]
01:34:49.288 [FXGL Background Thread 3 ] DEBUG Engine               - randomSeed: -1
01:34:49.288 [FXGL Background Thread 3 ] DEBUG Engine               - runtimeInfo: RuntimeInfo(platform=WINDOWS, version=dev-SNAPSHOT, build=28.07.2021 16.39)
01:34:49.288 [FXGL Background Thread 3 ] DEBUG Engine               - saveFileExt: sav
01:34:49.288 [FXGL Background Thread 3 ] DEBUG Engine               - scaledHeightProp$fxgl: DoubleProperty [bound, value: 600.0]
01:34:49.289 [FXGL Background Thread 3 ] DEBUG Engine               - scaledWidthProp$fxgl: DoubleProperty [bound, value: 800.0]
01:34:49.289 [FXGL Background Thread 3 ] DEBUG Engine               - sceneFactory: com.groupfour.mygame.App$1@3c7ba1a
01:34:49.289 [FXGL Background Thread 3 ] DEBUG Engine               - secondsIn24h: 60
01:34:49.289 [FXGL Background Thread 3 ] DEBUG Engine               - soundMenuBack: menu/back.wav
01:34:49.289 [FXGL Background Thread 3 ] DEBUG Engine               - soundMenuPress: menu/press.wav
01:34:49.289 [FXGL Background Thread 3 ] DEBUG Engine               - soundMenuSelect: menu/select.wav
01:34:49.289 [FXGL Background Thread 3 ] DEBUG Engine               - soundNotification: core/notification.wav
01:34:49.289 [FXGL Background Thread 3 ] DEBUG Engine               - stageStyle: DECORATED
01:34:49.289 [FXGL Background Thread 3 ] DEBUG Engine               - supportedLanguages: [ENGLISH, FRENCH, GERMAN, HUNGARIAN, RUSSIAN]
01:34:49.289 [FXGL Background Thread 3 ] DEBUG Engine               - ticksPerSecond: -1
01:34:49.289 [FXGL Background Thread 3 ] DEBUG Engine               - title: Flatline: Oregon
01:34:49.289 [FXGL Background Thread 3 ] DEBUG Engine               - urlGithub: https://github.com/AlmasB/FXGL
01:34:49.289 [FXGL Background Thread 3 ] DEBUG Engine               - urlLeaderboard: http://fxgl-top.herokuapp.com/
01:34:49.289 [FXGL Background Thread 3 ] DEBUG Engine               - urlPOM: https://raw.githubusercontent.com/AlmasB/FXGL/release/README.md
01:34:49.289 [FXGL Background Thread 3 ] DEBUG Engine               - userAppClass: class com.groupfour.mygame.App
01:34:49.289 [FXGL Background Thread 3 ] DEBUG Engine               - version: Alpha 0.3
01:34:49.289 [FXGL Background Thread 3 ] DEBUG Engine               - versionCheckDays: 7
01:34:49.289 [FXGL Background Thread 3 ] DEBUG Engine               - width: 800
01:34:49.289 [FXGL Background Thread 3 ] DEBUG Engine               - Logging services
01:34:49.289 [FXGL Background Thread 3 ] DEBUG Engine               - class com.almasb.fxgl.app.services.FXGLAssetLoaderService
01:34:49.289 [FXGL Background Thread 3 ] DEBUG Engine               - class com.almasb.fxgl.app.FXGLApplication$GameApplicationService
01:34:49.289 [FXGL Background Thread 3 ] DEBUG Engine               - class com.almasb.fxgl.app.services.FXGLDialogService
01:34:49.291 [FXGL Background Thread 3 ] DEBUG Engine               - class com.almasb.fxgl.app.services.IOTaskExecutorService
01:34:49.291 [FXGL Background Thread 3 ] DEBUG Engine               - class com.almasb.fxgl.io.FileSystemService
01:34:49.291 [FXGL Background Thread 3 ] DEBUG Engine               - class com.almasb.fxgl.localization.LocalizationService
01:34:49.291 [FXGL Background Thread 3 ] DEBUG Engine               - class com.almasb.fxgl.app.services.SystemBundleService
01:34:49.291 [FXGL Background Thread 3 ] DEBUG Engine               - class com.almasb.fxgl.profile.SaveLoadService
01:34:49.291 [FXGL Background Thread 3 ] DEBUG Engine               - class com.almasb.fxgl.ui.FXGLUIFactoryServiceProvider
01:34:49.291 [FXGL Background Thread 3 ] DEBUG Engine               - class com.almasb.fxgl.ui.FXGLDialogFactoryServiceProvider
01:34:49.291 [FXGL Background Thread 3 ] DEBUG Engine               - class com.almasb.fxgl.audio.AudioPlayer
01:34:49.291 [FXGL Background Thread 3 ] DEBUG Engine               - class com.almasb.fxgl.notification.impl.NotificationServiceProvider
01:34:49.291 [FXGL Background Thread 3 ] DEBUG Engine               - class com.almasb.fxgl.achievement.AchievementService
01:34:49.291 [FXGL Background Thread 3 ] DEBUG Engine               - class com.almasb.fxgl.cutscene.CutsceneService
01:34:49.291 [FXGL Background Thread 3 ] DEBUG Engine               - class com.almasb.fxgl.minigames.MiniGameService
01:34:49.291 [FXGL Background Thread 3 ] DEBUG Engine               - class com.almasb.fxgl.net.NetService
01:34:49.291 [FXGL Background Thread 3 ] DEBUG Engine               - class com.almasb.fxgl.app.services.UpdaterService
01:34:49.291 [FXGL Background Thread 3 ] DEBUG Engine               - class com.almasb.fxgl.dev.DevService
01:34:49.291 [FXGL Background Thread 3 ] DEBUG Engine               - class com.almasb.fxgl.multiplayer.MultiplayerService
01:34:50.102 [JavaFX Application Thread] DEBUG PrimaryStageWindow   - Push state: DialogSubScene
01:34:50.102 [JavaFX Application Thread] DEBUG Input                - Clearing active input actions
01:34:50.103 [JavaFX Application Thread] DEBUG GameApplicationServi - Removing overlay from PlayerCountMenu and adding to DialogSubScene
01:34:50.103 [JavaFX Application Thread] DEBUG PrimaryStageWindow   - PlayerCountMenu -> DialogSubScene
01:34:50.973 [JavaFX Application Thread] DEBUG PrimaryStageWindow   - Pop state: DialogSubScene
01:34:50.973 [JavaFX Application Thread] DEBUG Input                - Clearing active input actions
01:34:50.974 [JavaFX Application Thread] DEBUG GameApplicationServi - Removing overlay from DialogSubScene and adding to PlayerCountMenu
01:34:50.974 [JavaFX Application Thread] DEBUG PrimaryStageWindow   - PlayerCountMenu <- DialogSubScene
01:34:50.981 [ClientAsyncConnThread    ] DEBUG TCPClient            - Connecting to localhost:55555 type: class com.almasb.fxgl.core.serialization.Bundle
01:34:50.983 [ClientAsyncConnThread    ] DEBUG TCPClient            - Created socket to localhost:55555
01:34:50.987 [ClientAsyncConnThread    ] DEBUG Endpoint             - TCPClient opening new connection (1) from localhost/127.0.0.1:55555 type: class com.almasb.fxgl.core.serialization.Bundle
01:34:50.988 [ClientAsyncConnThread    ] DEBUG Endpoint             - TCPClient successfully opened connection (1)
01:34:50.990 [JavaFX Application Thread] DEBUG PrimaryStageWindow   - Pop state: PlayerCountMenu
01:34:50.990 [JavaFX Application Thread] DEBUG Input                - Clearing active input actions
01:34:50.991 [JavaFX Application Thread] DEBUG GameApplicationServi - Removing overlay from PlayerCountMenu and adding to GameScene
01:34:50.993 [TCPClient_SendThread-1   ] DEBUG Writers              - Getting TCPMessageWriter for class com.almasb.fxgl.core.serialization.Bundle
01:34:50.994 [TCPClient_RecvThread-1   ] DEBUG Readers              - Getting TCPMessageReader for class com.almasb.fxgl.core.serialization.Bundle
01:34:50.995 [TCPClient_RecvThread-1   ] DEBUG Readers              - Constructed MessageReader for class com.almasb.fxgl.core.serialization.Bundle: BundleTCPMessageReader
01:34:50.995 [TCPClient_SendThread-1   ] DEBUG Writers              - Constructed TCPMessageWriter for class com.almasb.fxgl.core.serialization.Bundle: BundleTCPMessageWriter
01:35:40.154 [JavaFX Application Thread] DEBUG FXGLAssetLoaderServi - Loading from file system: file:/C:/Users/Cent/Desktop/CSS124L-LE/CSS124L-FinalExam/CSS124L-FINAL-PROJECT/fp/target/classes/assets/textures/Zombies/Basic_Zombie_Walking.gif
01:35:40.161 [JavaFX Application Thread] DEBUG FXGLAssetLoaderServi - Loading from file system: file:/C:/Users/Cent/Desktop/CSS124L-LE/CSS124L-FinalExam/CSS124L-FINAL-PROJECT/fp/target/classes/assets/textures/Zombies/Basic_Zombie_Attack.gif
01:35:52.937 [TCPClient_RecvThread-1   ] DEBUG Endpoint             - Connection 1 was unexpectedly disconnected: Connection reset
01:35:52.938 [TCPClient_RecvThread-1   ] DEBUG Connection           - Closing connection 1
01:35:52.938 [TCPClient_RecvThread-1   ] DEBUG Connection           - Connection 1 was correctly closed from local endpoint.
01:35:52.939 [TCPClient_RecvThread-1   ] DEBUG Endpoint             - TCPClient connection (1) was closed
01:35:54.021 [JavaFX Application Thread] DEBUG FXGLApplication      - Exiting FXGL
01:35:54.022 [JavaFX Application Thread] DEBUG LoopRunner           - Stopping loop
01:35:54.022 [JavaFX Application Thread] DEBUG SystemBundleService  - Saving FXGL system data
01:35:54.024 [JavaFX Application Thread] DEBUG FileSystemAccess     - Writing to: C:\Users\Cent\Desktop\CSS124L-LE\CSS124L-FinalExam\CSS124L-FINAL-PROJECT\system\fxgl.bundle
01:35:54.025 [JavaFX Application Thread] DEBUG Async                - Shutting down background threads
01:35:54.025 [JavaFX Application Thread] DEBUG PrimaryStageWindow   - Closing main window
01:35:54.040 [JavaFX Application Thread] DEBUG Logger               - Closing Logger
