15:45:00.291 [main                     ] DEBUG Logger               - Configured Logger
15:45:00.294 [main                     ] DEBUG GameApplication      - Logging settings
Title: Flatline: Oregon
Version: Alpha 0.3
Width: 800
Height: 600
Fullscreen: false
Intro: false
Profiling: false
Single step:false
App Mode: DEVELOPER
Menu Key: ESCAPE
Stage Style: DECORATED
Scene Factory: class com.groupfour.mygame.App$1

15:45:00.607 [JavaFX Application Thread] DEBUG FXGLApplication      - Initializing FXGL
15:45:00.609 [JavaFX Application Thread] INFO  Engine               - FXGL-dev-SNAPSHOT (28.07.2021 16.39) on WINDOWS (J:21.0.4 FX:16)
15:45:00.610 [JavaFX Application Thread] DEBUG Engine               - JRE Vendor Name: Eclipse Adoptium
15:45:00.610 [JavaFX Application Thread] DEBUG Engine               - Running on OS: Windows 11 version 10.0
15:45:00.610 [JavaFX Application Thread] DEBUG Engine               - Architecture: amd64
15:45:00.610 [JavaFX Application Thread] INFO  Engine               - Source code and latest versions at: https://github.com/AlmasB/FXGL
15:45:00.610 [JavaFX Application Thread] INFO  Engine               -              Join the FXGL chat at: https://gitter.im/AlmasB/FXGL
15:45:00.681 [JavaFX Application Thread] DEBUG PrimaryStageWindow   - Creating a JavaFX scene
15:45:00.716 [JavaFX Application Thread] DEBUG PrimaryStageWindow   - Target settings size: 800.0 x 600.0
15:45:00.717 [JavaFX Application Thread] DEBUG PrimaryStageWindow   - Scaled scene size:    800.0 x 600.0
15:45:00.717 [JavaFX Application Thread] DEBUG PrimaryStageWindow   - Scaled ratio: (1.0, 1.0)
15:45:00.717 [JavaFX Application Thread] DEBUG PrimaryStageWindow   - Set initial scene to FXGLStartupScene
15:45:00.723 [JavaFX Application Thread] DEBUG PrimaryStageWindow   - Opening main window
15:45:00.788 [JavaFX Application Thread] DEBUG PrimaryStageWindow   - Window border size: (16.0, 39.0)
15:45:00.788 [JavaFX Application Thread] DEBUG PrimaryStageWindow   - Scaled size: 800.0 x 600.0
15:45:00.788 [JavaFX Application Thread] DEBUG PrimaryStageWindow   - Scaled ratio: (1.0, 1.0)
15:45:00.789 [JavaFX Application Thread] DEBUG PrimaryStageWindow   - Scene size: 800.0 x 600.0
15:45:00.789 [JavaFX Application Thread] DEBUG PrimaryStageWindow   - Stage size: 816.0 x 639.0
15:45:00.795 [FXGL Background Thread 1 ] DEBUG Engine               - Initializing environment variables
15:45:00.855 [FXGL Background Thread 1 ] DEBUG FXGLAssetLoaderServi - User app class for loading assets: class com.groupfour.mygame.App
15:45:00.855 [FXGL Background Thread 1 ] DEBUG GameApplicationServi - Applying CSS: fxgl_dark.css
15:45:00.856 [FXGL Background Thread 1 ] DEBUG FXGLAssetLoaderServi - Loading from file system: jar:file:///C:/Users/Cent/.m2/repository/com/github/almasb/fxgl/dev-SNAPSHOT/fxgl-dev-SNAPSHOT.jar!/fxglassets/ui/css/fxgl_dark.css
15:45:00.906 [FXGL Background Thread 1 ] DEBUG GameApplicationServi - Initializing application scenes
15:45:00.955 [FXGL Background Thread 1 ] DEBUG GameWorld            - Game world initialized
15:45:01.016 [FXGL Background Thread 1 ] DEBUG PhysicsWorld         - Physics world initialized: appHeight=600, physics.ppm=50.0
15:45:01.016 [FXGL Background Thread 1 ] DEBUG PhysicsWorld         - Using strategy: BRUTE_FORCE
15:45:01.019 [FXGL Background Thread 1 ] DEBUG GameScene            - Game scene initialized: 800x600
15:45:01.029 [FXGL Background Thread 1 ] DEBUG FXGL.DefaultMenu     - createMenuBodyMainMenu()
15:45:01.040 [FXGL Background Thread 1 ] DEBUG FXGL.DefaultMenu     - createOptionsMenu()
15:45:01.048 [FXGL Background Thread 1 ] DEBUG FXGLAssetLoaderServi - Loading from file system: jar:file:///C:/Users/Cent/.m2/repository/com/github/almasb/fxgl/dev-SNAPSHOT/fxgl-dev-SNAPSHOT.jar!/fxglassets/textures/particles/smoke.png
15:45:01.152 [FXGL Background Thread 1 ] DEBUG FXGLAssetLoaderServi - Loading from file system: jar:file:///C:/Users/Cent/.m2/repository/com/github/almasb/fxgl/dev-SNAPSHOT/fxgl-dev-SNAPSHOT.jar!/fxglassets/textures/particles/trace_horizontal.png
15:45:01.184 [FXGL Background Thread 1 ] DEBUG GameApplicationServi - Application scenes initialized
15:45:01.191 [FXGL Background Thread 1 ] DEBUG SystemBundleService  - Loading FXGL system data
15:45:01.193 [FXGL Background Thread 1 ] DEBUG FileSystemAccess     - Reading from: c:\Users\Cent\Desktop\CSS124L-LE\CSS124L-FinalExam\CSS124L-FINAL-PROJECT\system\fxgl.bundle
15:45:01.201 [FXGL Background Thread 1 ] DEBUG SystemBundleService  - Bundle FXGL: {}
15:45:01.201 [FXGL Background Thread 1 ] DEBUG UpdaterService       - Checking for updates
15:45:01.220 [FXGL Background Thread 4 ] DEBUG FXGLApplication      - Loading fonts
15:45:01.220 [FXGL Background Thread 4 ] DEBUG FXGLAssetLoaderServi - Loading from file system: jar:file:///C:/Users/Cent/.m2/repository/com/github/almasb/fxgl/dev-SNAPSHOT/fxgl-dev-SNAPSHOT.jar!/fxglassets/ui/fonts/VarelaRound-Regular.ttf
15:45:01.221 [FXGL Background Thread 1 ] DEBUG FXGLApplication      - Loading default localization
15:45:01.221 [FXGL Background Thread 1 ] DEBUG FXGLAssetLoaderServi - Loading from file system: jar:file:///C:/Users/Cent/.m2/repository/com/github/almasb/fxgl/dev-SNAPSHOT/fxgl-dev-SNAPSHOT.jar!/fxglassets/languages/english.lang
15:45:01.240 [FXGL Background Thread 1 ] INFO  FXGLApplication      - FXGL initialization took: 0.444 sec
15:45:01.252 [JavaFX Application Thread] DEBUG Input                - Registered new binding: Move Upwards - W
15:45:01.252 [JavaFX Application Thread] DEBUG Input                - Registered new binding: Move Down - S
15:45:01.253 [JavaFX Application Thread] DEBUG Input                - Registered new binding: Move Left - A
15:45:01.253 [JavaFX Application Thread] DEBUG Input                - Registered new binding: Move Right - D
15:45:01.253 [JavaFX Application Thread] DEBUG Input                - Registered new binding: Reload - R
15:45:01.254 [FXGL Background Thread 4 ] DEBUG FXGLAssetLoaderServi - Loading from file system: jar:file:///C:/Users/Cent/.m2/repository/com/github/almasb/fxgl/dev-SNAPSHOT/fxgl-dev-SNAPSHOT.jar!/fxglassets/ui/fonts/Abel-Regular.ttf
15:45:01.254 [JavaFX Application Thread] DEBUG Input                - Registered new binding: Shoot - LMB
15:45:01.255 [JavaFX Application Thread] DEBUG Input                - Registered new binding: Switch Weapons - Q
15:45:01.255 [JavaFX Application Thread] DEBUG Input                - Registered new binding: Interact - F
15:45:01.255 [JavaFX Application Thread] DEBUG FXGLAssetLoaderServi - Loading from file system: jar:file:///C:/Users/Cent/.m2/repository/com/github/almasb/fxgl/dev-SNAPSHOT/fxgl-dev-SNAPSHOT.jar!/fxglassets/textures/fxgl_icon.png
15:45:01.258 [FXGL Background Thread 4 ] DEBUG FXGLAssetLoaderServi - Loading from file system: jar:file:///C:/Users/Cent/.m2/repository/com/github/almasb/fxgl/dev-SNAPSHOT/fxgl-dev-SNAPSHOT.jar!/fxglassets/ui/fonts/lucida_console.ttf
15:45:01.262 [FXGL Background Thread 4 ] DEBUG FXGLAssetLoaderServi - Loading from file system: jar:file:///C:/Users/Cent/.m2/repository/com/github/almasb/fxgl/dev-SNAPSHOT/fxgl-dev-SNAPSHOT.jar!/fxglassets/ui/fonts/Courier-Prime.ttf
15:45:01.275 [JavaFX Application Thread] DEBUG FXGLAssetLoaderServi - Loading from file system: jar:file:///C:/Users/Cent/.m2/repository/com/github/almasb/fxgl/dev-SNAPSHOT/fxgl-dev-SNAPSHOT.jar!/fxglassets/textures/fxgl_default_cursor.png
15:45:01.279 [JavaFX Application Thread] DEBUG Input                - Registered new binding: Screenshot - CTRL+8
15:45:01.280 [JavaFX Application Thread] DEBUG Input                - Registered new binding: Dev Options - 1
15:45:01.280 [JavaFX Application Thread] DEBUG Input                - Registered new binding: Dev Console - 2
15:45:01.281 [JavaFX Application Thread] DEBUG Input                - Registered new binding: System info dump - CTRL+9
15:45:01.281 [JavaFX Application Thread] DEBUG Input                - Registered new binding: Restart - CTRL+R
15:45:01.282 [JavaFX Application Thread] DEBUG Input                - Registered new binding: Toggle Debug Camera - CTRL+C
15:45:01.286 [JavaFX Application Thread] DEBUG LoopRunner           - Starting loop
15:45:01.300 [JavaFX Application Thread] DEBUG LoopRunner           - Initializing JavaFX AnimationTimerLoop
15:45:01.304 [JavaFX Application Thread] DEBUG Input                - Clearing active input actions
15:45:01.309 [JavaFX Application Thread] DEBUG GameApplicationServi - Removing overlay from FXGLStartupScene and adding to FXGLMainMenuDummyScene
15:45:01.317 [JavaFX Application Thread] DEBUG PrimaryStageWindow   - FXGLStartupScene -> FXGLMainMenuDummyScene
15:45:01.317 [JavaFX Application Thread] DEBUG PrimaryStageWindow   - Push state: FXGLDefaultMenu
15:45:01.339 [JavaFX Application Thread] DEBUG Input                - Clearing active input actions
15:45:01.348 [JavaFX Application Thread] DEBUG GameApplicationServi - Removing overlay from FXGLMainMenuDummyScene and adding to FXGLDefaultMenu
15:45:01.348 [JavaFX Application Thread] DEBUG PrimaryStageWindow   - FXGLMainMenuDummyScene -> FXGLDefaultMenu
15:45:01.354 [JavaFX Application Thread] DEBUG FXGLApplication      - Registering font factories with UI factory
15:45:01.626 [FXGL Background Thread 2 ] INFO  UpdaterService       - Your current version:  dev-SNAPSHOT
15:45:01.627 [FXGL Background Thread 2 ] INFO  UpdaterService       - Latest stable version: 21.1
15:45:02.468 [JavaFX Application Thread] DEBUG Menu                 - fireNewGame()
15:45:02.468 [JavaFX Application Thread] DEBUG GameApplicationServi - Starting new game
15:45:02.469 [JavaFX Application Thread] DEBUG PrimaryStageWindow   - Pop state: FXGLDefaultMenu
15:45:02.469 [JavaFX Application Thread] DEBUG Input                - Clearing active input actions
15:45:02.471 [JavaFX Application Thread] DEBUG GameApplicationServi - Removing overlay from FXGLDefaultMenu and adding to FXGLMainMenuDummyScene
15:45:02.473 [JavaFX Application Thread] DEBUG PrimaryStageWindow   - FXGLMainMenuDummyScene <- FXGLDefaultMenu
15:45:02.473 [JavaFX Application Thread] DEBUG Input                - Clearing active input actions
15:45:02.480 [JavaFX Application Thread] DEBUG GameApplicationServi - Removing overlay from FXGLMainMenuDummyScene and adding to FXGLLoadingScene
15:45:02.480 [JavaFX Application Thread] DEBUG PrimaryStageWindow   - FXGLMainMenuDummyScene -> FXGLLoadingScene
15:45:02.480 [JavaFX Application Thread] DEBUG GameApplicationServi - Clearing previous game
15:45:02.481 [JavaFX Application Thread] DEBUG GameScene            - Clearing game scene
15:45:02.481 [JavaFX Application Thread] DEBUG GameWorld            - Clearing game world
15:45:02.481 [JavaFX Application Thread] DEBUG PhysicsWorld         - Clearing physics world
15:45:02.484 [FXGL Background Thread 2 ] DEBUG FXGLApplication      - Initializing game
15:45:02.539 [FXGL Background Thread 2 ] DEBUG FXGLAssetLoaderServi - Loading from file system: file:/C:/Users/Cent/Desktop/CSS124L-LE/CSS124L-FinalExam/CSS124L-FINAL-PROJECT/fp/target/classes/assets/textures/Players/1P_Idle.png
15:45:02.541 [FXGL Background Thread 2 ] DEBUG FXGLAssetLoaderServi - Loading from file system: file:/C:/Users/Cent/Desktop/CSS124L-LE/CSS124L-FinalExam/CSS124L-FINAL-PROJECT/fp/target/classes/assets/textures/Players/1P_Walk.gif
15:45:02.546 [FXGL Background Thread 2 ] DEBUG FXGLAssetLoaderServi - Loading from file system: file:/C:/Users/Cent/Desktop/CSS124L-LE/CSS124L-FinalExam/CSS124L-FINAL-PROJECT/fp/target/classes/assets/textures/Players/1P_Shoot.gif
15:45:02.567 [FXGL Background Thread 2 ] INFO  FXGLApplication      - Game initialization took: 0.083 sec
15:45:02.571 [JavaFX Application Thread] DEBUG Input                - Clearing active input actions
15:45:02.575 [JavaFX Application Thread] DEBUG GameApplicationServi - Removing overlay from FXGLLoadingScene and adding to GameScene
15:45:02.579 [JavaFX Application Thread] DEBUG PrimaryStageWindow   - FXGLLoadingScene -> GameScene
15:45:02.582 [JavaFX Application Thread] DEBUG PrimaryStageWindow   - Push state: PlayerCountMenu
15:45:02.583 [JavaFX Application Thread] DEBUG Input                - Clearing active input actions
15:45:02.583 [JavaFX Application Thread] DEBUG GameApplicationServi - Removing overlay from GameScene and adding to PlayerCountMenu
15:45:02.583 [JavaFX Application Thread] DEBUG PrimaryStageWindow   - GameScene -> PlayerCountMenu
15:45:03.287 [JavaFX Application Thread] DEBUG PrimaryStageWindow   - Push state: DialogSubScene
15:45:03.287 [JavaFX Application Thread] DEBUG Input                - Clearing active input actions
15:45:03.287 [JavaFX Application Thread] DEBUG GameApplicationServi - Removing overlay from PlayerCountMenu and adding to DialogSubScene
15:45:03.288 [JavaFX Application Thread] DEBUG PrimaryStageWindow   - PlayerCountMenu -> DialogSubScene
15:45:03.807 [JavaFX Application Thread] DEBUG PrimaryStageWindow   - Pop state: DialogSubScene
15:45:03.807 [JavaFX Application Thread] DEBUG Input                - Clearing active input actions
15:45:03.808 [JavaFX Application Thread] DEBUG GameApplicationServi - Removing overlay from DialogSubScene and adding to PlayerCountMenu
15:45:03.809 [JavaFX Application Thread] DEBUG PrimaryStageWindow   - PlayerCountMenu <- DialogSubScene
15:45:03.812 [JavaFX Application Thread] DEBUG PrimaryStageWindow   - Push state: LoadingScreen
15:45:03.812 [JavaFX Application Thread] DEBUG Input                - Clearing active input actions
15:45:03.812 [JavaFX Application Thread] DEBUG GameApplicationServi - Removing overlay from PlayerCountMenu and adding to LoadingScreen
15:45:03.813 [JavaFX Application Thread] DEBUG PrimaryStageWindow   - PlayerCountMenu -> LoadingScreen
15:45:03.815 [ServerAsyncConnThread    ] DEBUG TCPServer            - Starting to listen at: 55555 type: class com.almasb.fxgl.core.serialization.Bundle
15:45:04.219 [FXGL Background Thread 3 ] DEBUG Engine               - Logging environment variables
15:45:04.219 [FXGL Background Thread 3 ] DEBUG Engine               - achievements: []
15:45:04.219 [FXGL Background Thread 3 ] DEBUG Engine               - actualHeight: 600.0
15:45:04.219 [FXGL Background Thread 3 ] DEBUG Engine               - actualHeightProperty: ReadOnlyDoubleProperty [value: 600.0]
15:45:04.219 [FXGL Background Thread 3 ] DEBUG Engine               - actualWidth: 800.0
15:45:04.220 [FXGL Background Thread 3 ] DEBUG Engine               - actualWidthProperty: ReadOnlyDoubleProperty [value: 800.0]
15:45:04.220 [FXGL Background Thread 3 ] DEBUG Engine               - appIcon: fxgl_icon.png
15:45:04.220 [FXGL Background Thread 3 ] DEBUG Engine               - applicationMode: DEVELOPER
15:45:04.220 [FXGL Background Thread 3 ] DEBUG Engine               - cSSList: [fxgl_dark.css]
15:45:04.220 [FXGL Background Thread 3 ] DEBUG Engine               - collisionDetectionStrategy: BRUTE_FORCE
15:45:04.220 [FXGL Background Thread 3 ] DEBUG Engine               - configClass: Optional.empty
15:45:04.220 [FXGL Background Thread 3 ] DEBUG Engine               - credits: []
15:45:04.220 [FXGL Background Thread 3 ] DEBUG Engine               - defaultCursor: CursorInfo(imageName=fxgl_default_cursor.png, hotspotX=7.0, hotspotY=6.0)
15:45:04.220 [FXGL Background Thread 3 ] DEBUG Engine               - devBBoxColorProperty: ObjectProperty [value: 0xff0000ff]
15:45:04.220 [FXGL Background Thread 3 ] DEBUG Engine               - devEnableDebugCameraProperty: BooleanProperty [value: false]
15:45:04.220 [FXGL Background Thread 3 ] DEBUG Engine               - devSensorColorProperty: ObjectProperty [value: 0xffff00ff]
15:45:04.220 [FXGL Background Thread 3 ] DEBUG Engine               - devShowBBoxProperty: BooleanProperty [value: false]
15:45:04.220 [FXGL Background Thread 3 ] DEBUG Engine               - devShowPositionProperty: BooleanProperty [value: false]
15:45:04.221 [FXGL Background Thread 3 ] DEBUG Engine               - enabledMenuItems: []
15:45:04.221 [FXGL Background Thread 3 ] DEBUG Engine               - engineServices: [class com.almasb.fxgl.app.services.FXGLAssetLoaderService, class com.almasb.fxgl.app.FXGLApplication$GameApplicationService, class com.almasb.fxgl.app.services.FXGLDialogService, class com.almasb.fxgl.app.services.IOTaskExecutorService, class com.almasb.fxgl.io.FileSystemService, class com.almasb.fxgl.localization.LocalizationService, class com.almasb.fxgl.app.services.SystemBundleService, class com.almasb.fxgl.profile.SaveLoadService, class com.almasb.fxgl.ui.FXGLUIFactoryServiceProvider, class com.almasb.fxgl.ui.FXGLDialogFactoryServiceProvider, class com.almasb.fxgl.audio.AudioPlayer, class com.almasb.fxgl.notification.impl.NotificationServiceProvider, class com.almasb.fxgl.achievement.AchievementService, class com.almasb.fxgl.cutscene.CutsceneService, class com.almasb.fxgl.minigames.MiniGameService, class com.almasb.fxgl.net.NetService, class com.almasb.fxgl.app.services.UpdaterService, class com.almasb.fxgl.dev.DevService, class com.almasb.fxgl.multiplayer.MultiplayerService]
15:45:04.221 [FXGL Background Thread 3 ] DEBUG Engine               - fontGame: Abel-Regular.ttf
15:45:04.221 [FXGL Background Thread 3 ] DEBUG Engine               - fontMono: lucida_console.ttf
15:45:04.221 [FXGL Background Thread 3 ] DEBUG Engine               - fontText: Courier-Prime.ttf
15:45:04.221 [FXGL Background Thread 3 ] DEBUG Engine               - fontUI: VarelaRound-Regular.ttf
15:45:04.221 [FXGL Background Thread 3 ] DEBUG Engine               - fullScreen: BooleanProperty [value: false]
15:45:04.221 [FXGL Background Thread 3 ] DEBUG Engine               - gameDifficulty: MEDIUM
15:45:04.221 [FXGL Background Thread 3 ] DEBUG Engine               - gameDifficultyProperty: ObjectProperty [value: MEDIUM]
15:45:04.221 [FXGL Background Thread 3 ] DEBUG Engine               - globalMusicVolume: 0.5
15:45:04.221 [FXGL Background Thread 3 ] DEBUG Engine               - globalMusicVolumeProperty: DoubleProperty [value: 0.5]
15:45:04.221 [FXGL Background Thread 3 ] DEBUG Engine               - globalSoundVolume: 0.5
15:45:04.221 [FXGL Background Thread 3 ] DEBUG Engine               - globalSoundVolumeProperty: DoubleProperty [value: 0.5]
15:45:04.221 [FXGL Background Thread 3 ] DEBUG Engine               - height: 600
15:45:04.221 [FXGL Background Thread 3 ] DEBUG Engine               - is3D: false
15:45:04.221 [FXGL Background Thread 3 ] DEBUG Engine               - isAndroid: false
15:45:04.221 [FXGL Background Thread 3 ] DEBUG Engine               - isBrowser: false
15:45:04.221 [FXGL Background Thread 3 ] DEBUG Engine               - isClickFeedbackEnabled: false
15:45:04.221 [FXGL Background Thread 3 ] DEBUG Engine               - isCloseConfirmation: false
15:45:04.221 [FXGL Background Thread 3 ] DEBUG Engine               - isDesktop: true
15:45:04.221 [FXGL Background Thread 3 ] DEBUG Engine               - isDeveloperMenuEnabled: true
15:45:04.221 [FXGL Background Thread 3 ] DEBUG Engine               - isEmbedded: false
15:45:04.221 [FXGL Background Thread 3 ] DEBUG Engine               - isEntityPreloadEnabled: true
15:45:04.221 [FXGL Background Thread 3 ] DEBUG Engine               - isExperimentalTiledLargeMap: false
15:45:04.222 [FXGL Background Thread 3 ] DEBUG Engine               - isFileSystemWriteAllowed: true
15:45:04.222 [FXGL Background Thread 3 ] DEBUG Engine               - isFullScreenAllowed: false
15:45:04.222 [FXGL Background Thread 3 ] DEBUG Engine               - isFullScreenFromStart: false
15:45:04.222 [FXGL Background Thread 3 ] DEBUG Engine               - isGameMenuEnabled: true
15:45:04.222 [FXGL Background Thread 3 ] DEBUG Engine               - isIOS: false
15:45:04.222 [FXGL Background Thread 3 ] DEBUG Engine               - isIntroEnabled: false
15:45:04.222 [FXGL Background Thread 3 ] DEBUG Engine               - isLinux: false
15:45:04.222 [FXGL Background Thread 3 ] DEBUG Engine               - isMac: false
15:45:04.222 [FXGL Background Thread 3 ] DEBUG Engine               - isMainMenuEnabled: true
15:45:04.222 [FXGL Background Thread 3 ] DEBUG Engine               - isManualResizeEnabled: false
15:45:04.222 [FXGL Background Thread 3 ] DEBUG Engine               - isMobile: false
15:45:04.222 [FXGL Background Thread 3 ] DEBUG Engine               - isNative: false
15:45:04.222 [FXGL Background Thread 3 ] DEBUG Engine               - isPauseMusicWhenMinimized: true
15:45:04.222 [FXGL Background Thread 3 ] DEBUG Engine               - isPreserveResizeRatio: false
15:45:04.222 [FXGL Background Thread 3 ] DEBUG Engine               - isProfilingEnabled: false
15:45:04.222 [FXGL Background Thread 3 ] DEBUG Engine               - isScaleAffectedOnResize: true
15:45:04.222 [FXGL Background Thread 3 ] DEBUG Engine               - isSingleStep: false
15:45:04.222 [FXGL Background Thread 3 ] DEBUG Engine               - isUserProfileEnabled: false
15:45:04.222 [FXGL Background Thread 3 ] DEBUG Engine               - isWindows: true
15:45:04.222 [FXGL Background Thread 3 ] DEBUG Engine               - language: ObjectProperty [value: ENGLISH]
15:45:04.222 [FXGL Background Thread 3 ] DEBUG Engine               - menuKey: ESCAPE
15:45:04.222 [FXGL Background Thread 3 ] DEBUG Engine               - mouseSensitivity: 0.2
15:45:04.222 [FXGL Background Thread 3 ] DEBUG Engine               - notificationViewClass: class com.almasb.fxgl.notification.view.XboxNotificationView
15:45:04.222 [FXGL Background Thread 3 ] DEBUG Engine               - pixelsPerMeter: 50.0
15:45:04.222 [FXGL Background Thread 3 ] DEBUG Engine               - platform: WINDOWS
15:45:04.222 [FXGL Background Thread 3 ] DEBUG Engine               - prefHeightProperty: ReadOnlyDoubleProperty [value: 600.0]
15:45:04.222 [FXGL Background Thread 3 ] DEBUG Engine               - prefWidthProperty: ReadOnlyDoubleProperty [value: 800.0]
15:45:04.222 [FXGL Background Thread 3 ] DEBUG Engine               - profileDir: profiles/
15:45:04.222 [FXGL Background Thread 3 ] DEBUG Engine               - profileName: StringProperty [value: DEFAULT]
15:45:04.222 [FXGL Background Thread 3 ] DEBUG Engine               - randomSeed: -1
15:45:04.222 [FXGL Background Thread 3 ] DEBUG Engine               - runtimeInfo: RuntimeInfo(platform=WINDOWS, version=dev-SNAPSHOT, build=28.07.2021 16.39)
15:45:04.223 [FXGL Background Thread 3 ] DEBUG Engine               - saveFileExt: sav
15:45:04.223 [FXGL Background Thread 3 ] DEBUG Engine               - scaledHeightProp$fxgl: DoubleProperty [bound, value: 600.0]
15:45:04.223 [FXGL Background Thread 3 ] DEBUG Engine               - scaledWidthProp$fxgl: DoubleProperty [bound, value: 800.0]
15:45:04.223 [FXGL Background Thread 3 ] DEBUG Engine               - sceneFactory: com.groupfour.mygame.App$1@15b350f7
15:45:04.223 [FXGL Background Thread 3 ] DEBUG Engine               - secondsIn24h: 60
15:45:04.223 [FXGL Background Thread 3 ] DEBUG Engine               - soundMenuBack: menu/back.wav
15:45:04.223 [FXGL Background Thread 3 ] DEBUG Engine               - soundMenuPress: menu/press.wav
15:45:04.223 [FXGL Background Thread 3 ] DEBUG Engine               - soundMenuSelect: menu/select.wav
15:45:04.223 [FXGL Background Thread 3 ] DEBUG Engine               - soundNotification: core/notification.wav
15:45:04.223 [FXGL Background Thread 3 ] DEBUG Engine               - stageStyle: DECORATED
15:45:04.223 [FXGL Background Thread 3 ] DEBUG Engine               - supportedLanguages: [ENGLISH, FRENCH, GERMAN, HUNGARIAN, RUSSIAN]
15:45:04.223 [FXGL Background Thread 3 ] DEBUG Engine               - ticksPerSecond: -1
15:45:04.223 [FXGL Background Thread 3 ] DEBUG Engine               - title: Flatline: Oregon
15:45:04.223 [FXGL Background Thread 3 ] DEBUG Engine               - urlGithub: https://github.com/AlmasB/FXGL
15:45:04.223 [FXGL Background Thread 3 ] DEBUG Engine               - urlLeaderboard: http://fxgl-top.herokuapp.com/
15:45:04.223 [FXGL Background Thread 3 ] DEBUG Engine               - urlPOM: https://raw.githubusercontent.com/AlmasB/FXGL/release/README.md
15:45:04.223 [FXGL Background Thread 3 ] DEBUG Engine               - userAppClass: class com.groupfour.mygame.App
15:45:04.223 [FXGL Background Thread 3 ] DEBUG Engine               - version: Alpha 0.3
15:45:04.223 [FXGL Background Thread 3 ] DEBUG Engine               - versionCheckDays: 7
15:45:04.223 [FXGL Background Thread 3 ] DEBUG Engine               - width: 800
15:45:04.223 [FXGL Background Thread 3 ] DEBUG Engine               - Logging services
15:45:04.223 [FXGL Background Thread 3 ] DEBUG Engine               - class com.almasb.fxgl.app.services.FXGLAssetLoaderService
15:45:04.223 [FXGL Background Thread 3 ] DEBUG Engine               - class com.almasb.fxgl.app.FXGLApplication$GameApplicationService
15:45:04.223 [FXGL Background Thread 3 ] DEBUG Engine               - class com.almasb.fxgl.app.services.FXGLDialogService
15:45:04.223 [FXGL Background Thread 3 ] DEBUG Engine               - class com.almasb.fxgl.app.services.IOTaskExecutorService
15:45:04.223 [FXGL Background Thread 3 ] DEBUG Engine               - class com.almasb.fxgl.io.FileSystemService
15:45:04.223 [FXGL Background Thread 3 ] DEBUG Engine               - class com.almasb.fxgl.localization.LocalizationService
15:45:04.223 [FXGL Background Thread 3 ] DEBUG Engine               - class com.almasb.fxgl.app.services.SystemBundleService
15:45:04.223 [FXGL Background Thread 3 ] DEBUG Engine               - class com.almasb.fxgl.profile.SaveLoadService
15:45:04.223 [FXGL Background Thread 3 ] DEBUG Engine               - class com.almasb.fxgl.ui.FXGLUIFactoryServiceProvider
15:45:04.223 [FXGL Background Thread 3 ] DEBUG Engine               - class com.almasb.fxgl.ui.FXGLDialogFactoryServiceProvider
15:45:04.223 [FXGL Background Thread 3 ] DEBUG Engine               - class com.almasb.fxgl.audio.AudioPlayer
15:45:04.223 [FXGL Background Thread 3 ] DEBUG Engine               - class com.almasb.fxgl.notification.impl.NotificationServiceProvider
15:45:04.223 [FXGL Background Thread 3 ] DEBUG Engine               - class com.almasb.fxgl.achievement.AchievementService
15:45:04.223 [FXGL Background Thread 3 ] DEBUG Engine               - class com.almasb.fxgl.cutscene.CutsceneService
15:45:04.223 [FXGL Background Thread 3 ] DEBUG Engine               - class com.almasb.fxgl.minigames.MiniGameService
15:45:04.223 [FXGL Background Thread 3 ] DEBUG Engine               - class com.almasb.fxgl.net.NetService
15:45:04.223 [FXGL Background Thread 3 ] DEBUG Engine               - class com.almasb.fxgl.app.services.UpdaterService
15:45:04.223 [FXGL Background Thread 3 ] DEBUG Engine               - class com.almasb.fxgl.dev.DevService
15:45:04.223 [FXGL Background Thread 3 ] DEBUG Engine               - class com.almasb.fxgl.multiplayer.MultiplayerService
15:45:09.023 [ServerAsyncConnThread    ] DEBUG Endpoint             - TCPServer opening new connection (1) from /127.0.0.1:53192 type: class com.almasb.fxgl.core.serialization.Bundle
15:45:09.024 [ServerAsyncConnThread    ] DEBUG Endpoint             - TCPServer successfully opened connection (1)
15:45:09.026 [JavaFX Application Thread] DEBUG PrimaryStageWindow   - Pop state: LoadingScreen
15:45:09.026 [JavaFX Application Thread] DEBUG Input                - Clearing active input actions
15:45:09.026 [JavaFX Application Thread] DEBUG GameApplicationServi - Removing overlay from LoadingScreen and adding to PlayerCountMenu
15:45:09.028 [JavaFX Application Thread] DEBUG PrimaryStageWindow   - PlayerCountMenu <- LoadingScreen
15:45:09.028 [JavaFX Application Thread] DEBUG PrimaryStageWindow   - Push state: MultiplayerStart
15:45:09.028 [JavaFX Application Thread] DEBUG Input                - Clearing active input actions
15:45:09.028 [JavaFX Application Thread] DEBUG GameApplicationServi - Removing overlay from PlayerCountMenu and adding to MultiplayerStart
15:45:09.029 [JavaFX Application Thread] DEBUG PrimaryStageWindow   - PlayerCountMenu -> MultiplayerStart
15:45:09.029 [TCPServer_RecvThread-1   ] DEBUG Readers              - Getting TCPMessageReader for class com.almasb.fxgl.core.serialization.Bundle
15:45:09.029 [TCPServer_SendThread-1   ] DEBUG Writers              - Constructed TCPMessageWriter for class com.almasb.fxgl.core.serialization.Bundle: BundleTCPMessageWriter
15:45:09.029 [TCPServer_RecvThread-1   ] DEBUG Readers              - Constructed MessageReader for class com.almasb.fxgl.core.serialization.Bundle: BundleTCPMessageReader
15:45:13.741 [JavaFX Application Thread] DEBUG PrimaryStageWindow   - Pop state: MultiplayerStart
15:45:13.742 [JavaFX Application Thread] DEBUG Input                - Clearing active input actions
15:45:13.742 [JavaFX Application Thread] DEBUG GameApplicationServi - Removing overlay from MultiplayerStart and adding to PlayerCountMenu
15:45:13.742 [JavaFX Application Thread] DEBUG PrimaryStageWindow   - PlayerCountMenu <- MultiplayerStart
15:45:13.742 [JavaFX Application Thread] DEBUG PrimaryStageWindow   - Pop state: PlayerCountMenu
15:45:13.742 [JavaFX Application Thread] DEBUG Input                - Clearing active input actions
15:45:13.742 [JavaFX Application Thread] DEBUG GameApplicationServi - Removing overlay from PlayerCountMenu and adding to GameScene
15:45:13.742 [JavaFX Application Thread] DEBUG PrimaryStageWindow   - GameScene <- PlayerCountMenu
15:45:14.273 [JavaFX Application Thread] DEBUG FXGLAssetLoaderServi - Loading from file system: file:/C:/Users/Cent/Desktop/CSS124L-LE/CSS124L-FinalExam/CSS124L-FINAL-PROJECT/fp/target/classes/assets/textures/Zombies/Basic_Zombie_Walking.gif
15:45:14.277 [JavaFX Application Thread] DEBUG FXGLAssetLoaderServi - Loading from file system: file:/C:/Users/Cent/Desktop/CSS124L-LE/CSS124L-FinalExam/CSS124L-FINAL-PROJECT/fp/target/classes/assets/textures/Zombies/Basic_Zombie_Attack.gif
15:45:16.818 [JavaFX Application Thread] DEBUG Input                - Mocking button press: LMB at 460.00000000000017, -261.43286345426645
15:45:16.891 [JavaFX Application Thread] DEBUG Input                - Mocking button release: LMB at 460.00000000000017, -261.43286345426645
15:45:17.394 [JavaFX Application Thread] DEBUG Input                - Mocking key press: W
15:45:17.619 [JavaFX Application Thread] DEBUG Input                - Mocking key release: W
15:45:17.770 [JavaFX Application Thread] DEBUG Input                - Mocking key press: S
15:45:18.763 [JavaFX Application Thread] DEBUG Input                - Mocking key release: S
15:45:19.770 [JavaFX Application Thread] DEBUG Input                - Mocking key press: W
15:45:19.804 [JavaFX Application Thread] DEBUG Input                - Mocking key press: D
15:45:19.867 [JavaFX Application Thread] DEBUG Input                - Mocking key release: W
15:45:19.867 [JavaFX Application Thread] DEBUG Input                - Mocking key release: D
15:45:20.874 [JavaFX Application Thread] DEBUG Input                - Mocking key press: W
15:45:21.250 [JavaFX Application Thread] DEBUG Input                - Mocking key release: W
15:45:21.489 [JavaFX Application Thread] DEBUG Input                - Mocking key press: D
15:45:22.096 [JavaFX Application Thread] DEBUG Input                - Mocking key press: S
15:45:22.429 [JavaFX Application Thread] DEBUG Input                - Mocking key release: D
15:45:23.090 [JavaFX Application Thread] DEBUG Input                - Mocking key press: D
15:45:23.435 [JavaFX Application Thread] DEBUG Input                - Mocking key release: D
15:45:23.922 [JavaFX Application Thread] DEBUG Input                - Mocking key press: A
15:45:24.555 [JavaFX Application Thread] DEBUG Input                - Mocking key release: S
15:45:25.242 [JavaFX Application Thread] DEBUG Input                - Mocking key press: W
15:45:25.583 [JavaFX Application Thread] DEBUG Input                - Mocking key release: A
15:45:26.146 [JavaFX Application Thread] DEBUG Input                - Mocking key release: W
15:45:26.539 [JavaFX Application Thread] DEBUG Input                - Mocking key press: A
15:45:26.811 [JavaFX Application Thread] DEBUG Input                - Mocking key release: A
15:45:27.729 [JavaFX Application Thread] DEBUG Input                - Mocking key press: A
15:45:27.938 [JavaFX Application Thread] DEBUG Input                - Mocking key release: A
15:45:28.194 [JavaFX Application Thread] DEBUG Input                - Mocking key press: W
15:45:28.811 [JavaFX Application Thread] DEBUG Input                - Mocking key release: W
15:45:29.219 [JavaFX Application Thread] DEBUG Input                - Mocking key press: W
15:45:29.498 [JavaFX Application Thread] DEBUG Input                - Mocking key release: W
15:45:29.810 [JavaFX Application Thread] DEBUG Input                - Mocking key press: W
15:45:29.938 [JavaFX Application Thread] DEBUG Input                - Mocking key release: W
15:45:30.194 [JavaFX Application Thread] DEBUG Input                - Mocking key press: W
15:45:30.304 [JavaFX Application Thread] DEBUG Input                - Mocking key release: W
15:45:30.466 [JavaFX Application Thread] DEBUG Input                - Mocking key press: W
15:45:30.555 [JavaFX Application Thread] DEBUG Input                - Mocking key release: W
15:45:31.400 [TCPServer_RecvThread-1   ] DEBUG Endpoint             - Connection 1 was unexpectedly disconnected: Connection reset
15:45:31.400 [TCPServer_RecvThread-1   ] DEBUG Connection           - Closing connection 1
15:45:31.400 [TCPServer_RecvThread-1   ] DEBUG Connection           - Connection 1 was correctly closed from local endpoint.
15:45:31.400 [TCPServer_RecvThread-1   ] DEBUG Endpoint             - TCPServer connection (1) was closed
15:45:31.403 [TCPServer_SendThread-1   ] WARN  Endpoint             - TCPServer_SendThread-1 crashed
java.net.SocketException: Socket closed
	at java.base/sun.nio.ch.NioSocketImpl.ensureOpenAndConnected(NioSocketImpl.java:163)
	at java.base/sun.nio.ch.NioSocketImpl.beginWrite(NioSocketImpl.java:362)
	at java.base/sun.nio.ch.NioSocketImpl.implWrite(NioSocketImpl.java:407)
	at java.base/sun.nio.ch.NioSocketImpl.write(NioSocketImpl.java:440)
	at java.base/sun.nio.ch.NioSocketImpl$2.write(NioSocketImpl.java:819)
	at java.base/java.net.Socket$SocketOutputStream.write(Socket.java:1195)
	at java.base/java.io.ObjectOutputStream$BlockDataOutputStream.drain(ObjectOutputStream.java:1899)
	at java.base/java.io.ObjectOutputStream$BlockDataOutputStream.setBlockDataMode(ObjectOutputStream.java:1808)
	at java.base/java.io.ObjectOutputStream.writeNonProxyDesc(ObjectOutputStream.java:1302)
	at java.base/java.io.ObjectOutputStream.writeClassDesc(ObjectOutputStream.java:1247)
	at java.base/java.io.ObjectOutputStream.writeOrdinaryObject(ObjectOutputStream.java:1443)
	at java.base/java.io.ObjectOutputStream.writeObject0(ObjectOutputStream.java:1194)
	at java.base/java.io.ObjectOutputStream.writeFatalException(ObjectOutputStream.java:1615)
	at java.base/java.io.ObjectOutputStream.writeObject(ObjectOutputStream.java:361)
	at com.almasb.fxgl.io/com.almasb.fxgl.net.BundleTCPMessageWriter.write(Writers.kt:98)
	at com.almasb.fxgl.io/com.almasb.fxgl.net.BundleTCPMessageWriter.write(Writers.kt:93)
	at com.almasb.fxgl.io/com.almasb.fxgl.net.Endpoint.lambda$openTCPConnection$2(Endpoint.java:80)
	at java.base/java.lang.Thread.run(Thread.java:1583)

15:45:31.627 [JavaFX Application Thread] DEBUG FXGLApplication      - Exiting FXGL
15:45:31.627 [JavaFX Application Thread] DEBUG LoopRunner           - Stopping loop
15:45:31.627 [JavaFX Application Thread] DEBUG SystemBundleService  - Saving FXGL system data
15:45:31.628 [JavaFX Application Thread] DEBUG FileSystemAccess     - Writing to: c:\Users\Cent\Desktop\CSS124L-LE\CSS124L-FinalExam\CSS124L-FINAL-PROJECT\system\fxgl.bundle
15:45:31.629 [JavaFX Application Thread] DEBUG Async                - Shutting down background threads
15:45:31.629 [JavaFX Application Thread] DEBUG PrimaryStageWindow   - Closing main window
15:45:31.648 [JavaFX Application Thread] DEBUG Logger               - Closing Logger
