22:27:21.836 [main                     ] DEBUG Logger               - Configured Logger
22:27:21.856 [main                     ] DEBUG GameApplication      - Logging settings
Title: Flatline; Miami
Version: Alpha 0.3
Width: 800
Height: 600
Fullscreen: false
Intro: false
Profiling: false
Single step:false
App Mode: DEVELOPER
Menu Key: ESCAPE
Stage Style: DECORATED
Scene Factory: class com.groupfour.mygame.App$1

22:27:22.179 [JavaFX Application Thread] DEBUG FXGLApplication      - Initializing FXGL
22:27:22.181 [JavaFX Application Thread] INFO  Engine               - FXGL-dev-SNAPSHOT (28.07.2021 16.39) on WINDOWS (J:11.0.22 FX:16)
22:27:22.181 [JavaFX Application Thread] DEBUG Engine               - JRE Vendor Name: Oracle Corporation
22:27:22.182 [JavaFX Application Thread] DEBUG Engine               - Running on OS: Windows 11 version 10.0
22:27:22.182 [JavaFX Application Thread] DEBUG Engine               - Architecture: amd64
22:27:22.182 [JavaFX Application Thread] INFO  Engine               - Source code and latest versions at: https://github.com/AlmasB/FXGL
22:27:22.182 [JavaFX Application Thread] INFO  Engine               -              Join the FXGL chat at: https://gitter.im/AlmasB/FXGL
22:27:22.242 [JavaFX Application Thread] DEBUG PrimaryStageWindow   - Creating a JavaFX scene
22:27:22.284 [JavaFX Application Thread] DEBUG PrimaryStageWindow   - Target settings size: 800.0 x 600.0
22:27:22.284 [JavaFX Application Thread] DEBUG PrimaryStageWindow   - Scaled scene size:    800.0 x 600.0
22:27:22.284 [JavaFX Application Thread] DEBUG PrimaryStageWindow   - Scaled ratio: (1.0, 1.0)
22:27:22.285 [JavaFX Application Thread] DEBUG PrimaryStageWindow   - Set initial scene to FXGLStartupScene
22:27:22.289 [JavaFX Application Thread] DEBUG PrimaryStageWindow   - Opening main window
22:27:22.371 [JavaFX Application Thread] DEBUG PrimaryStageWindow   - Window border size: (14.4000244140625, 37.5999755859375)
22:27:22.371 [JavaFX Application Thread] DEBUG PrimaryStageWindow   - Scaled size: 800.0 x 600.0
22:27:22.372 [JavaFX Application Thread] DEBUG PrimaryStageWindow   - Scaled ratio: (1.0, 1.0)
22:27:22.372 [JavaFX Application Thread] DEBUG PrimaryStageWindow   - Scene size: 800.0 x 600.0
22:27:22.372 [JavaFX Application Thread] DEBUG PrimaryStageWindow   - Stage size: 814.4000244140625 x 637.5999755859375
22:27:22.379 [FXGL Background Thread 1 ] DEBUG Engine               - Initializing environment variables
22:27:22.417 [FXGL Background Thread 1 ] DEBUG FXGLAssetLoaderServi - User app class for loading assets: class com.groupfour.mygame.App
22:27:22.418 [FXGL Background Thread 1 ] DEBUG GameApplicationServi - Applying CSS: fxgl_dark.css
22:27:22.419 [FXGL Background Thread 1 ] DEBUG FXGLAssetLoaderServi - Loading from file system: jar:file:///C:/Users/acer/.m2/repository/com/github/almasb/fxgl/dev-SNAPSHOT/fxgl-dev-SNAPSHOT.jar!/fxglassets/ui/css/fxgl_dark.css
22:27:22.469 [FXGL Background Thread 1 ] DEBUG GameApplicationServi - Initializing application scenes
22:27:22.504 [FXGL Background Thread 1 ] DEBUG GameWorld            - Game world initialized
22:27:22.548 [FXGL Background Thread 1 ] DEBUG PhysicsWorld         - Physics world initialized: appHeight=600, physics.ppm=50.0
22:27:22.548 [FXGL Background Thread 1 ] DEBUG PhysicsWorld         - Using strategy: BRUTE_FORCE
22:27:22.551 [FXGL Background Thread 1 ] DEBUG GameScene            - Game scene initialized: 800x600
22:27:22.563 [FXGL Background Thread 1 ] DEBUG FXGL.DefaultMenu     - createMenuBodyMainMenu()
22:27:22.579 [FXGL Background Thread 1 ] DEBUG FXGL.DefaultMenu     - createOptionsMenu()
22:27:22.583 [FXGL Background Thread 1 ] DEBUG FXGL.DefaultMenu     - createExtraMenu()
22:27:22.590 [FXGL Background Thread 1 ] DEBUG FXGLAssetLoaderServi - Loading from file system: jar:file:///C:/Users/acer/.m2/repository/com/github/almasb/fxgl/dev-SNAPSHOT/fxgl-dev-SNAPSHOT.jar!/fxglassets/textures/particles/smoke.png
22:27:22.665 [FXGL Background Thread 1 ] DEBUG FXGLAssetLoaderServi - Loading from file system: jar:file:///C:/Users/acer/.m2/repository/com/github/almasb/fxgl/dev-SNAPSHOT/fxgl-dev-SNAPSHOT.jar!/fxglassets/textures/particles/trace_horizontal.png
22:27:22.691 [FXGL Background Thread 1 ] DEBUG GameApplicationServi - Application scenes initialized
22:27:22.702 [FXGL Background Thread 1 ] DEBUG SystemBundleService  - Loading FXGL system data
22:27:22.707 [FXGL Background Thread 1 ] DEBUG FileSystemAccess     - Reading from: C:\Users\acer\OneDrive\Desktop\git pull\CSS124L-FINAL-PROJECT\system\fxgl.bundle
22:27:22.713 [FXGL Background Thread 1 ] DEBUG SystemBundleService  - Bundle FXGL: {}
22:27:22.713 [FXGL Background Thread 1 ] DEBUG UpdaterService       - Checking for updates
22:27:22.718 [FXGL Background Thread 1 ] DEBUG FXGLApplication      - Loading default localization
22:27:22.718 [FXGL Background Thread 4 ] DEBUG FXGLApplication      - Loading fonts
22:27:22.718 [FXGL Background Thread 1 ] DEBUG FXGLAssetLoaderServi - Loading from file system: jar:file:///C:/Users/acer/.m2/repository/com/github/almasb/fxgl/dev-SNAPSHOT/fxgl-dev-SNAPSHOT.jar!/fxglassets/languages/english.lang
22:27:22.718 [FXGL Background Thread 4 ] DEBUG FXGLAssetLoaderServi - Loading from file system: jar:file:///C:/Users/acer/.m2/repository/com/github/almasb/fxgl/dev-SNAPSHOT/fxgl-dev-SNAPSHOT.jar!/fxglassets/ui/fonts/VarelaRound-Regular.ttf
22:27:22.735 [FXGL Background Thread 1 ] INFO  FXGLApplication      - FXGL initialization took: 0.356 sec
22:27:22.751 [JavaFX Application Thread] DEBUG Input                - Registered new binding: action0 - W
22:27:22.751 [JavaFX Application Thread] DEBUG Input                - Registered new binding: action1 - S
22:27:22.752 [JavaFX Application Thread] DEBUG Input                - Registered new binding: action2 - A
22:27:22.752 [JavaFX Application Thread] DEBUG Input                - Registered new binding: action3 - D
22:27:22.753 [JavaFX Application Thread] DEBUG Input                - Registered new binding: Start Shooting for Player 1 - LMB
22:27:22.753 [JavaFX Application Thread] DEBUG Input                - Registered new binding: AUTO-0 - W
22:27:22.754 [JavaFX Application Thread] DEBUG Input                - Registered new binding: AUTO-1 - S
22:27:22.754 [JavaFX Application Thread] DEBUG Input                - Registered new binding: AUTO-2 - A
22:27:22.755 [JavaFX Application Thread] DEBUG Input                - Registered new binding: AUTO-3 - D
22:27:22.755 [JavaFX Application Thread] DEBUG Input                - Registered new binding: Start Shooting for Player 2 - LMB
22:27:22.756 [JavaFX Application Thread] DEBUG FXGLAssetLoaderServi - Loading from file system: jar:file:///C:/Users/acer/.m2/repository/com/github/almasb/fxgl/dev-SNAPSHOT/fxgl-dev-SNAPSHOT.jar!/fxglassets/textures/fxgl_icon.png
22:27:22.775 [JavaFX Application Thread] DEBUG FXGLAssetLoaderServi - Loading from file system: jar:file:///C:/Users/acer/.m2/repository/com/github/almasb/fxgl/dev-SNAPSHOT/fxgl-dev-SNAPSHOT.jar!/fxglassets/textures/fxgl_default_cursor.png
22:27:22.777 [JavaFX Application Thread] DEBUG Input                - Registered new binding: Screenshot - CTRL+8
22:27:22.777 [JavaFX Application Thread] DEBUG Input                - Registered new binding: System info dump - CTRL+9
22:27:22.778 [JavaFX Application Thread] DEBUG Input                - Registered new binding: Restart - CTRL+R
22:27:22.778 [JavaFX Application Thread] DEBUG Input                - Registered new binding: Toggle Debug Camera - CTRL+C
22:27:22.780 [JavaFX Application Thread] DEBUG LoopRunner           - Starting loop
22:27:22.780 [JavaFX Application Thread] DEBUG LoopRunner           - Initializing JavaFX AnimationTimerLoop
22:27:22.783 [JavaFX Application Thread] DEBUG Input                - Clearing active input actions
22:27:22.792 [JavaFX Application Thread] DEBUG GameApplicationServi - Removing overlay from FXGLStartupScene and adding to FXGLMainMenuDummyScene
22:27:22.793 [JavaFX Application Thread] DEBUG PrimaryStageWindow   - FXGLStartupScene -> FXGLMainMenuDummyScene
22:27:22.793 [JavaFX Application Thread] DEBUG PrimaryStageWindow   - Push state: FXGLDefaultMenu
22:27:22.798 [JavaFX Application Thread] DEBUG Input                - Clearing active input actions
22:27:22.806 [JavaFX Application Thread] DEBUG GameApplicationServi - Removing overlay from FXGLMainMenuDummyScene and adding to FXGLDefaultMenu
22:27:22.807 [JavaFX Application Thread] DEBUG PrimaryStageWindow   - FXGLMainMenuDummyScene -> FXGLDefaultMenu
22:27:23.162 [FXGL Background Thread 4 ] DEBUG FXGLAssetLoaderServi - Loading from file system: jar:file:///C:/Users/acer/.m2/repository/com/github/almasb/fxgl/dev-SNAPSHOT/fxgl-dev-SNAPSHOT.jar!/fxglassets/ui/fonts/Abel-Regular.ttf
22:27:23.166 [FXGL Background Thread 4 ] DEBUG FXGLAssetLoaderServi - Loading from file system: jar:file:///C:/Users/acer/.m2/repository/com/github/almasb/fxgl/dev-SNAPSHOT/fxgl-dev-SNAPSHOT.jar!/fxglassets/ui/fonts/lucida_console.ttf
22:27:23.167 [JavaFX Application Thread] DEBUG FXGLApplication      - Exiting FXGL
22:27:23.167 [JavaFX Application Thread] DEBUG LoopRunner           - Stopping loop
22:27:23.167 [JavaFX Application Thread] DEBUG SystemBundleService  - Saving FXGL system data
22:27:23.169 [JavaFX Application Thread] DEBUG FileSystemAccess     - Writing to: C:\Users\acer\OneDrive\Desktop\git pull\CSS124L-FINAL-PROJECT\system\fxgl.bundle
22:27:23.171 [JavaFX Application Thread] DEBUG Async                - Shutting down background threads
22:27:23.171 [JavaFX Application Thread] DEBUG PrimaryStageWindow   - Closing main window
22:27:23.173 [FXGL Background Thread 4 ] DEBUG FXGLAssetLoaderServi - Loading from file system: jar:file:///C:/Users/acer/.m2/repository/com/github/almasb/fxgl/dev-SNAPSHOT/fxgl-dev-SNAPSHOT.jar!/fxglassets/ui/fonts/Courier-Prime.ttf
22:27:23.191 [JavaFX Application Thread] DEBUG Logger               - Closing Logger
