15:31:04.006 [main                     ] DEBUG Logger               - Configured Logger
15:31:04.009 [main                     ] DEBUG GameApplication      - Logging settings
Title: Flatline: Oregon
Version: Alpha 0.3
Width: 800
Height: 600
Fullscreen: false
Intro: false
Profiling: false
Single step:false
App Mode: DEVELOPER
Menu Key: ESCAPE
Stage Style: DECORATED
Scene Factory: class com.groupfour.mygame.App$1

15:31:04.282 [JavaFX Application Thread] DEBUG FXGLApplication      - Initializing FXGL
15:31:04.283 [JavaFX Application Thread] INFO  Engine               - FXGL-dev-SNAPSHOT (28.07.2021 16.39) on WINDOWS (J:21.0.4 FX:16)
15:31:04.284 [JavaFX Application Thread] DEBUG Engine               - JRE Vendor Name: Eclipse Adoptium
15:31:04.284 [JavaFX Application Thread] DEBUG Engine               - Running on OS: Windows 11 version 10.0
15:31:04.284 [JavaFX Application Thread] DEBUG Engine               - Architecture: amd64
15:31:04.284 [JavaFX Application Thread] INFO  Engine               - Source code and latest versions at: https://github.com/AlmasB/FXGL
15:31:04.285 [JavaFX Application Thread] INFO  Engine               -              Join the FXGL chat at: https://gitter.im/AlmasB/FXGL
15:31:04.347 [JavaFX Application Thread] DEBUG PrimaryStageWindow   - Creating a JavaFX scene
15:31:04.382 [JavaFX Application Thread] DEBUG PrimaryStageWindow   - Target settings size: 800.0 x 600.0
15:31:04.383 [JavaFX Application Thread] DEBUG PrimaryStageWindow   - Scaled scene size:    800.0 x 600.0
15:31:04.383 [JavaFX Application Thread] DEBUG PrimaryStageWindow   - Scaled ratio: (1.0, 1.0)
15:31:04.383 [JavaFX Application Thread] DEBUG PrimaryStageWindow   - Set initial scene to FXGLStartupScene
15:31:04.388 [JavaFX Application Thread] DEBUG PrimaryStageWindow   - Opening main window
15:31:04.449 [JavaFX Application Thread] DEBUG PrimaryStageWindow   - Window border size: (16.0, 39.0)
15:31:04.449 [JavaFX Application Thread] DEBUG PrimaryStageWindow   - Scaled size: 800.0 x 600.0
15:31:04.449 [JavaFX Application Thread] DEBUG PrimaryStageWindow   - Scaled ratio: (1.0, 1.0)
15:31:04.449 [JavaFX Application Thread] DEBUG PrimaryStageWindow   - Scene size: 800.0 x 600.0
15:31:04.449 [JavaFX Application Thread] DEBUG PrimaryStageWindow   - Stage size: 816.0 x 639.0
15:31:04.456 [FXGL Background Thread 1 ] DEBUG Engine               - Initializing environment variables
15:31:04.511 [FXGL Background Thread 1 ] DEBUG FXGLAssetLoaderServi - User app class for loading assets: class com.groupfour.mygame.App
15:31:04.511 [FXGL Background Thread 1 ] DEBUG GameApplicationServi - Applying CSS: fxgl_dark.css
15:31:04.511 [FXGL Background Thread 1 ] DEBUG FXGLAssetLoaderServi - Loading from file system: jar:file:///C:/Users/Cent/.m2/repository/com/github/almasb/fxgl/dev-SNAPSHOT/fxgl-dev-SNAPSHOT.jar!/fxglassets/ui/css/fxgl_dark.css
15:31:04.547 [FXGL Background Thread 1 ] DEBUG GameApplicationServi - Initializing application scenes
15:31:04.586 [FXGL Background Thread 1 ] DEBUG GameWorld            - Game world initialized
15:31:04.644 [FXGL Background Thread 1 ] DEBUG PhysicsWorld         - Physics world initialized: appHeight=600, physics.ppm=50.0
15:31:04.644 [FXGL Background Thread 1 ] DEBUG PhysicsWorld         - Using strategy: BRUTE_FORCE
15:31:04.647 [FXGL Background Thread 1 ] DEBUG GameScene            - Game scene initialized: 800x600
15:31:04.655 [FXGL Background Thread 1 ] DEBUG FXGL.DefaultMenu     - createMenuBodyMainMenu()
15:31:04.663 [FXGL Background Thread 1 ] DEBUG FXGL.DefaultMenu     - createOptionsMenu()
15:31:04.672 [FXGL Background Thread 1 ] DEBUG FXGLAssetLoaderServi - Loading from file system: jar:file:///C:/Users/Cent/.m2/repository/com/github/almasb/fxgl/dev-SNAPSHOT/fxgl-dev-SNAPSHOT.jar!/fxglassets/textures/particles/smoke.png
15:31:04.760 [FXGL Background Thread 1 ] DEBUG FXGLAssetLoaderServi - Loading from file system: jar:file:///C:/Users/Cent/.m2/repository/com/github/almasb/fxgl/dev-SNAPSHOT/fxgl-dev-SNAPSHOT.jar!/fxglassets/textures/particles/trace_horizontal.png
15:31:04.798 [FXGL Background Thread 1 ] DEBUG GameApplicationServi - Application scenes initialized
15:31:04.806 [FXGL Background Thread 1 ] DEBUG SystemBundleService  - Loading FXGL system data
15:31:04.809 [FXGL Background Thread 1 ] DEBUG FileSystemAccess     - Reading from: c:\Users\Cent\Desktop\CSS124L-LE\CSS124L-FinalExam\CSS124L-FINAL-PROJECT\system\fxgl.bundle
15:31:04.816 [FXGL Background Thread 1 ] DEBUG SystemBundleService  - Bundle FXGL: {}
15:31:04.816 [FXGL Background Thread 1 ] DEBUG UpdaterService       - Checking for updates
15:31:04.838 [FXGL Background Thread 4 ] DEBUG FXGLApplication      - Loading fonts
15:31:04.839 [FXGL Background Thread 4 ] DEBUG FXGLAssetLoaderServi - Loading from file system: jar:file:///C:/Users/Cent/.m2/repository/com/github/almasb/fxgl/dev-SNAPSHOT/fxgl-dev-SNAPSHOT.jar!/fxglassets/ui/fonts/VarelaRound-Regular.ttf
15:31:04.839 [FXGL Background Thread 1 ] DEBUG FXGLApplication      - Loading default localization
15:31:04.840 [FXGL Background Thread 1 ] DEBUG FXGLAssetLoaderServi - Loading from file system: jar:file:///C:/Users/Cent/.m2/repository/com/github/almasb/fxgl/dev-SNAPSHOT/fxgl-dev-SNAPSHOT.jar!/fxglassets/languages/english.lang
15:31:04.853 [FXGL Background Thread 1 ] INFO  FXGLApplication      - FXGL initialization took: 0.399 sec
15:31:04.871 [JavaFX Application Thread] DEBUG Input                - Registered new binding: Move Upwards - W
15:31:04.871 [JavaFX Application Thread] DEBUG Input                - Registered new binding: Move Down - S
15:31:04.872 [JavaFX Application Thread] DEBUG Input                - Registered new binding: Move Left - A
15:31:04.872 [JavaFX Application Thread] DEBUG Input                - Registered new binding: Move Right - D
15:31:04.872 [JavaFX Application Thread] DEBUG Input                - Registered new binding: Reload - R
15:31:04.875 [JavaFX Application Thread] DEBUG Input                - Registered new binding: Shoot - LMB
15:31:04.875 [JavaFX Application Thread] DEBUG Input                - Registered new binding: Switch Weapons - Q
15:31:04.875 [JavaFX Application Thread] DEBUG Input                - Registered new binding: Interact - F
15:31:04.876 [JavaFX Application Thread] DEBUG FXGLAssetLoaderServi - Loading from file system: jar:file:///C:/Users/Cent/.m2/repository/com/github/almasb/fxgl/dev-SNAPSHOT/fxgl-dev-SNAPSHOT.jar!/fxglassets/textures/fxgl_icon.png
15:31:04.877 [FXGL Background Thread 4 ] DEBUG FXGLAssetLoaderServi - Loading from file system: jar:file:///C:/Users/Cent/.m2/repository/com/github/almasb/fxgl/dev-SNAPSHOT/fxgl-dev-SNAPSHOT.jar!/fxglassets/ui/fonts/Abel-Regular.ttf
15:31:04.880 [FXGL Background Thread 4 ] DEBUG FXGLAssetLoaderServi - Loading from file system: jar:file:///C:/Users/Cent/.m2/repository/com/github/almasb/fxgl/dev-SNAPSHOT/fxgl-dev-SNAPSHOT.jar!/fxglassets/ui/fonts/lucida_console.ttf
15:31:04.885 [FXGL Background Thread 4 ] DEBUG FXGLAssetLoaderServi - Loading from file system: jar:file:///C:/Users/Cent/.m2/repository/com/github/almasb/fxgl/dev-SNAPSHOT/fxgl-dev-SNAPSHOT.jar!/fxglassets/ui/fonts/Courier-Prime.ttf
15:31:04.897 [JavaFX Application Thread] DEBUG FXGLAssetLoaderServi - Loading from file system: jar:file:///C:/Users/Cent/.m2/repository/com/github/almasb/fxgl/dev-SNAPSHOT/fxgl-dev-SNAPSHOT.jar!/fxglassets/textures/fxgl_default_cursor.png
15:31:04.899 [JavaFX Application Thread] DEBUG Input                - Registered new binding: Screenshot - CTRL+8
15:31:04.899 [JavaFX Application Thread] DEBUG Input                - Registered new binding: Dev Options - 1
15:31:04.899 [JavaFX Application Thread] DEBUG Input                - Registered new binding: Dev Console - 2
15:31:04.901 [JavaFX Application Thread] DEBUG Input                - Registered new binding: System info dump - CTRL+9
15:31:04.901 [JavaFX Application Thread] DEBUG Input                - Registered new binding: Restart - CTRL+R
15:31:04.901 [JavaFX Application Thread] DEBUG Input                - Registered new binding: Toggle Debug Camera - CTRL+C
15:31:04.903 [JavaFX Application Thread] DEBUG LoopRunner           - Starting loop
15:31:04.912 [JavaFX Application Thread] DEBUG LoopRunner           - Initializing JavaFX AnimationTimerLoop
15:31:04.915 [JavaFX Application Thread] DEBUG Input                - Clearing active input actions
15:31:04.922 [JavaFX Application Thread] DEBUG GameApplicationServi - Removing overlay from FXGLStartupScene and adding to FXGLMainMenuDummyScene
15:31:04.931 [JavaFX Application Thread] DEBUG PrimaryStageWindow   - FXGLStartupScene -> FXGLMainMenuDummyScene
15:31:04.931 [JavaFX Application Thread] DEBUG PrimaryStageWindow   - Push state: FXGLDefaultMenu
15:31:04.947 [JavaFX Application Thread] DEBUG Input                - Clearing active input actions
15:31:04.954 [JavaFX Application Thread] DEBUG GameApplicationServi - Removing overlay from FXGLMainMenuDummyScene and adding to FXGLDefaultMenu
15:31:04.954 [JavaFX Application Thread] DEBUG PrimaryStageWindow   - FXGLMainMenuDummyScene -> FXGLDefaultMenu
15:31:04.963 [JavaFX Application Thread] DEBUG FXGLApplication      - Registering font factories with UI factory
15:31:05.244 [FXGL Background Thread 2 ] INFO  UpdaterService       - Your current version:  dev-SNAPSHOT
15:31:05.245 [FXGL Background Thread 2 ] INFO  UpdaterService       - Latest stable version: 21.1
15:31:05.797 [JavaFX Application Thread] DEBUG Menu                 - fireNewGame()
15:31:05.798 [JavaFX Application Thread] DEBUG GameApplicationServi - Starting new game
15:31:05.799 [JavaFX Application Thread] DEBUG PrimaryStageWindow   - Pop state: FXGLDefaultMenu
15:31:05.799 [JavaFX Application Thread] DEBUG Input                - Clearing active input actions
15:31:05.801 [JavaFX Application Thread] DEBUG GameApplicationServi - Removing overlay from FXGLDefaultMenu and adding to FXGLMainMenuDummyScene
15:31:05.802 [JavaFX Application Thread] DEBUG PrimaryStageWindow   - FXGLMainMenuDummyScene <- FXGLDefaultMenu
15:31:05.803 [JavaFX Application Thread] DEBUG Input                - Clearing active input actions
15:31:05.810 [JavaFX Application Thread] DEBUG GameApplicationServi - Removing overlay from FXGLMainMenuDummyScene and adding to FXGLLoadingScene
15:31:05.811 [JavaFX Application Thread] DEBUG PrimaryStageWindow   - FXGLMainMenuDummyScene -> FXGLLoadingScene
15:31:05.811 [JavaFX Application Thread] DEBUG GameApplicationServi - Clearing previous game
15:31:05.811 [JavaFX Application Thread] DEBUG GameScene            - Clearing game scene
15:31:05.811 [JavaFX Application Thread] DEBUG GameWorld            - Clearing game world
15:31:05.812 [JavaFX Application Thread] DEBUG PhysicsWorld         - Clearing physics world
15:31:05.815 [FXGL Background Thread 2 ] DEBUG FXGLApplication      - Initializing game
15:31:05.863 [FXGL Background Thread 2 ] DEBUG FXGLAssetLoaderServi - Loading from file system: file:/C:/Users/Cent/Desktop/CSS124L-LE/CSS124L-FinalExam/CSS124L-FINAL-PROJECT/fp/target/classes/assets/textures/Players/1P_Idle.png
15:31:05.864 [FXGL Background Thread 2 ] DEBUG FXGLAssetLoaderServi - Loading from file system: file:/C:/Users/Cent/Desktop/CSS124L-LE/CSS124L-FinalExam/CSS124L-FINAL-PROJECT/fp/target/classes/assets/textures/Players/1P_Walk.gif
15:31:05.869 [FXGL Background Thread 2 ] DEBUG FXGLAssetLoaderServi - Loading from file system: file:/C:/Users/Cent/Desktop/CSS124L-LE/CSS124L-FinalExam/CSS124L-FINAL-PROJECT/fp/target/classes/assets/textures/Players/1P_Shoot.gif
15:31:05.885 [FXGL Background Thread 2 ] INFO  FXGLApplication      - Game initialization took: 0.071 sec
15:31:05.888 [JavaFX Application Thread] DEBUG Input                - Clearing active input actions
15:31:05.893 [JavaFX Application Thread] DEBUG GameApplicationServi - Removing overlay from FXGLLoadingScene and adding to GameScene
15:31:05.901 [JavaFX Application Thread] DEBUG PrimaryStageWindow   - FXGLLoadingScene -> GameScene
15:31:05.902 [JavaFX Application Thread] DEBUG PrimaryStageWindow   - Push state: PlayerCountMenu
15:31:05.903 [JavaFX Application Thread] DEBUG Input                - Clearing active input actions
15:31:05.903 [JavaFX Application Thread] DEBUG GameApplicationServi - Removing overlay from GameScene and adding to PlayerCountMenu
15:31:05.903 [JavaFX Application Thread] DEBUG PrimaryStageWindow   - GameScene -> PlayerCountMenu
15:31:07.742 [JavaFX Application Thread] DEBUG PrimaryStageWindow   - Push state: DialogSubScene
15:31:07.742 [JavaFX Application Thread] DEBUG Input                - Clearing active input actions
15:31:07.742 [JavaFX Application Thread] DEBUG GameApplicationServi - Removing overlay from PlayerCountMenu and adding to DialogSubScene
15:31:07.743 [JavaFX Application Thread] DEBUG PrimaryStageWindow   - PlayerCountMenu -> DialogSubScene
15:31:07.835 [FXGL Background Thread 3 ] DEBUG Engine               - Logging environment variables
15:31:07.835 [FXGL Background Thread 3 ] DEBUG Engine               - achievements: []
15:31:07.835 [FXGL Background Thread 3 ] DEBUG Engine               - actualHeight: 600.0
15:31:07.835 [FXGL Background Thread 3 ] DEBUG Engine               - actualHeightProperty: ReadOnlyDoubleProperty [value: 600.0]
15:31:07.835 [FXGL Background Thread 3 ] DEBUG Engine               - actualWidth: 800.0
15:31:07.835 [FXGL Background Thread 3 ] DEBUG Engine               - actualWidthProperty: ReadOnlyDoubleProperty [value: 800.0]
15:31:07.835 [FXGL Background Thread 3 ] DEBUG Engine               - appIcon: fxgl_icon.png
15:31:07.835 [FXGL Background Thread 3 ] DEBUG Engine               - applicationMode: DEVELOPER
15:31:07.835 [FXGL Background Thread 3 ] DEBUG Engine               - cSSList: [fxgl_dark.css]
15:31:07.835 [FXGL Background Thread 3 ] DEBUG Engine               - collisionDetectionStrategy: BRUTE_FORCE
15:31:07.835 [FXGL Background Thread 3 ] DEBUG Engine               - configClass: Optional.empty
15:31:07.835 [FXGL Background Thread 3 ] DEBUG Engine               - credits: []
15:31:07.835 [FXGL Background Thread 3 ] DEBUG Engine               - defaultCursor: CursorInfo(imageName=fxgl_default_cursor.png, hotspotX=7.0, hotspotY=6.0)
15:31:07.836 [FXGL Background Thread 3 ] DEBUG Engine               - devBBoxColorProperty: ObjectProperty [value: 0xff0000ff]
15:31:07.836 [FXGL Background Thread 3 ] DEBUG Engine               - devEnableDebugCameraProperty: BooleanProperty [value: false]
15:31:07.836 [FXGL Background Thread 3 ] DEBUG Engine               - devSensorColorProperty: ObjectProperty [value: 0xffff00ff]
15:31:07.836 [FXGL Background Thread 3 ] DEBUG Engine               - devShowBBoxProperty: BooleanProperty [value: false]
15:31:07.836 [FXGL Background Thread 3 ] DEBUG Engine               - devShowPositionProperty: BooleanProperty [value: false]
15:31:07.836 [FXGL Background Thread 3 ] DEBUG Engine               - enabledMenuItems: []
15:31:07.836 [FXGL Background Thread 3 ] DEBUG Engine               - engineServices: [class com.almasb.fxgl.app.services.FXGLAssetLoaderService, class com.almasb.fxgl.app.FXGLApplication$GameApplicationService, class com.almasb.fxgl.app.services.FXGLDialogService, class com.almasb.fxgl.app.services.IOTaskExecutorService, class com.almasb.fxgl.io.FileSystemService, class com.almasb.fxgl.localization.LocalizationService, class com.almasb.fxgl.app.services.SystemBundleService, class com.almasb.fxgl.profile.SaveLoadService, class com.almasb.fxgl.ui.FXGLUIFactoryServiceProvider, class com.almasb.fxgl.ui.FXGLDialogFactoryServiceProvider, class com.almasb.fxgl.audio.AudioPlayer, class com.almasb.fxgl.notification.impl.NotificationServiceProvider, class com.almasb.fxgl.achievement.AchievementService, class com.almasb.fxgl.cutscene.CutsceneService, class com.almasb.fxgl.minigames.MiniGameService, class com.almasb.fxgl.net.NetService, class com.almasb.fxgl.app.services.UpdaterService, class com.almasb.fxgl.dev.DevService, class com.almasb.fxgl.multiplayer.MultiplayerService]
15:31:07.836 [FXGL Background Thread 3 ] DEBUG Engine               - fontGame: Abel-Regular.ttf
15:31:07.836 [FXGL Background Thread 3 ] DEBUG Engine               - fontMono: lucida_console.ttf
15:31:07.836 [FXGL Background Thread 3 ] DEBUG Engine               - fontText: Courier-Prime.ttf
15:31:07.836 [FXGL Background Thread 3 ] DEBUG Engine               - fontUI: VarelaRound-Regular.ttf
15:31:07.836 [FXGL Background Thread 3 ] DEBUG Engine               - fullScreen: BooleanProperty [value: false]
15:31:07.836 [FXGL Background Thread 3 ] DEBUG Engine               - gameDifficulty: MEDIUM
15:31:07.836 [FXGL Background Thread 3 ] DEBUG Engine               - gameDifficultyProperty: ObjectProperty [value: MEDIUM]
15:31:07.836 [FXGL Background Thread 3 ] DEBUG Engine               - globalMusicVolume: 0.5
15:31:07.836 [FXGL Background Thread 3 ] DEBUG Engine               - globalMusicVolumeProperty: DoubleProperty [value: 0.5]
15:31:07.838 [FXGL Background Thread 3 ] DEBUG Engine               - globalSoundVolume: 0.5
15:31:07.838 [FXGL Background Thread 3 ] DEBUG Engine               - globalSoundVolumeProperty: DoubleProperty [value: 0.5]
15:31:07.838 [FXGL Background Thread 3 ] DEBUG Engine               - height: 600
15:31:07.838 [FXGL Background Thread 3 ] DEBUG Engine               - is3D: false
15:31:07.838 [FXGL Background Thread 3 ] DEBUG Engine               - isAndroid: false
15:31:07.838 [FXGL Background Thread 3 ] DEBUG Engine               - isBrowser: false
15:31:07.838 [FXGL Background Thread 3 ] DEBUG Engine               - isClickFeedbackEnabled: false
15:31:07.838 [FXGL Background Thread 3 ] DEBUG Engine               - isCloseConfirmation: false
15:31:07.838 [FXGL Background Thread 3 ] DEBUG Engine               - isDesktop: true
15:31:07.838 [FXGL Background Thread 3 ] DEBUG Engine               - isDeveloperMenuEnabled: true
15:31:07.838 [FXGL Background Thread 3 ] DEBUG Engine               - isEmbedded: false
15:31:07.838 [FXGL Background Thread 3 ] DEBUG Engine               - isEntityPreloadEnabled: true
15:31:07.838 [FXGL Background Thread 3 ] DEBUG Engine               - isExperimentalTiledLargeMap: false
15:31:07.838 [FXGL Background Thread 3 ] DEBUG Engine               - isFileSystemWriteAllowed: true
15:31:07.838 [FXGL Background Thread 3 ] DEBUG Engine               - isFullScreenAllowed: false
15:31:07.838 [FXGL Background Thread 3 ] DEBUG Engine               - isFullScreenFromStart: false
15:31:07.838 [FXGL Background Thread 3 ] DEBUG Engine               - isGameMenuEnabled: true
15:31:07.838 [FXGL Background Thread 3 ] DEBUG Engine               - isIOS: false
15:31:07.838 [FXGL Background Thread 3 ] DEBUG Engine               - isIntroEnabled: false
15:31:07.838 [FXGL Background Thread 3 ] DEBUG Engine               - isLinux: false
15:31:07.838 [FXGL Background Thread 3 ] DEBUG Engine               - isMac: false
15:31:07.838 [FXGL Background Thread 3 ] DEBUG Engine               - isMainMenuEnabled: true
15:31:07.838 [FXGL Background Thread 3 ] DEBUG Engine               - isManualResizeEnabled: false
15:31:07.838 [FXGL Background Thread 3 ] DEBUG Engine               - isMobile: false
15:31:07.838 [FXGL Background Thread 3 ] DEBUG Engine               - isNative: false
15:31:07.838 [FXGL Background Thread 3 ] DEBUG Engine               - isPauseMusicWhenMinimized: true
15:31:07.838 [FXGL Background Thread 3 ] DEBUG Engine               - isPreserveResizeRatio: false
15:31:07.838 [FXGL Background Thread 3 ] DEBUG Engine               - isProfilingEnabled: false
15:31:07.838 [FXGL Background Thread 3 ] DEBUG Engine               - isScaleAffectedOnResize: true
15:31:07.838 [FXGL Background Thread 3 ] DEBUG Engine               - isSingleStep: false
15:31:07.838 [FXGL Background Thread 3 ] DEBUG Engine               - isUserProfileEnabled: false
15:31:07.838 [FXGL Background Thread 3 ] DEBUG Engine               - isWindows: true
15:31:07.839 [FXGL Background Thread 3 ] DEBUG Engine               - language: ObjectProperty [value: ENGLISH]
15:31:07.839 [FXGL Background Thread 3 ] DEBUG Engine               - menuKey: ESCAPE
15:31:07.839 [FXGL Background Thread 3 ] DEBUG Engine               - mouseSensitivity: 0.2
15:31:07.839 [FXGL Background Thread 3 ] DEBUG Engine               - notificationViewClass: class com.almasb.fxgl.notification.view.XboxNotificationView
15:31:07.839 [FXGL Background Thread 3 ] DEBUG Engine               - pixelsPerMeter: 50.0
15:31:07.839 [FXGL Background Thread 3 ] DEBUG Engine               - platform: WINDOWS
15:31:07.839 [FXGL Background Thread 3 ] DEBUG Engine               - prefHeightProperty: ReadOnlyDoubleProperty [value: 600.0]
15:31:07.839 [FXGL Background Thread 3 ] DEBUG Engine               - prefWidthProperty: ReadOnlyDoubleProperty [value: 800.0]
15:31:07.839 [FXGL Background Thread 3 ] DEBUG Engine               - profileDir: profiles/
15:31:07.839 [FXGL Background Thread 3 ] DEBUG Engine               - profileName: StringProperty [value: DEFAULT]
15:31:07.839 [FXGL Background Thread 3 ] DEBUG Engine               - randomSeed: -1
15:31:07.839 [FXGL Background Thread 3 ] DEBUG Engine               - runtimeInfo: RuntimeInfo(platform=WINDOWS, version=dev-SNAPSHOT, build=28.07.2021 16.39)
15:31:07.839 [FXGL Background Thread 3 ] DEBUG Engine               - saveFileExt: sav
15:31:07.839 [FXGL Background Thread 3 ] DEBUG Engine               - scaledHeightProp$fxgl: DoubleProperty [bound, value: 600.0]
15:31:07.839 [FXGL Background Thread 3 ] DEBUG Engine               - scaledWidthProp$fxgl: DoubleProperty [bound, value: 800.0]
15:31:07.839 [FXGL Background Thread 3 ] DEBUG Engine               - sceneFactory: com.groupfour.mygame.App$1@3a3d56c0
15:31:07.839 [FXGL Background Thread 3 ] DEBUG Engine               - secondsIn24h: 60
15:31:07.839 [FXGL Background Thread 3 ] DEBUG Engine               - soundMenuBack: menu/back.wav
15:31:07.839 [FXGL Background Thread 3 ] DEBUG Engine               - soundMenuPress: menu/press.wav
15:31:07.839 [FXGL Background Thread 3 ] DEBUG Engine               - soundMenuSelect: menu/select.wav
15:31:07.839 [FXGL Background Thread 3 ] DEBUG Engine               - soundNotification: core/notification.wav
15:31:07.839 [FXGL Background Thread 3 ] DEBUG Engine               - stageStyle: DECORATED
15:31:07.839 [FXGL Background Thread 3 ] DEBUG Engine               - supportedLanguages: [ENGLISH, FRENCH, GERMAN, HUNGARIAN, RUSSIAN]
15:31:07.839 [FXGL Background Thread 3 ] DEBUG Engine               - ticksPerSecond: -1
15:31:07.839 [FXGL Background Thread 3 ] DEBUG Engine               - title: Flatline: Oregon
15:31:07.839 [FXGL Background Thread 3 ] DEBUG Engine               - urlGithub: https://github.com/AlmasB/FXGL
15:31:07.839 [FXGL Background Thread 3 ] DEBUG Engine               - urlLeaderboard: http://fxgl-top.herokuapp.com/
15:31:07.839 [FXGL Background Thread 3 ] DEBUG Engine               - urlPOM: https://raw.githubusercontent.com/AlmasB/FXGL/release/README.md
15:31:07.839 [FXGL Background Thread 3 ] DEBUG Engine               - userAppClass: class com.groupfour.mygame.App
15:31:07.839 [FXGL Background Thread 3 ] DEBUG Engine               - version: Alpha 0.3
15:31:07.839 [FXGL Background Thread 3 ] DEBUG Engine               - versionCheckDays: 7
15:31:07.840 [FXGL Background Thread 3 ] DEBUG Engine               - width: 800
15:31:07.840 [FXGL Background Thread 3 ] DEBUG Engine               - Logging services
15:31:07.840 [FXGL Background Thread 3 ] DEBUG Engine               - class com.almasb.fxgl.app.services.FXGLAssetLoaderService
15:31:07.840 [FXGL Background Thread 3 ] DEBUG Engine               - class com.almasb.fxgl.app.FXGLApplication$GameApplicationService
15:31:07.840 [FXGL Background Thread 3 ] DEBUG Engine               - class com.almasb.fxgl.app.services.FXGLDialogService
15:31:07.840 [FXGL Background Thread 3 ] DEBUG Engine               - class com.almasb.fxgl.app.services.IOTaskExecutorService
15:31:07.840 [FXGL Background Thread 3 ] DEBUG Engine               - class com.almasb.fxgl.io.FileSystemService
15:31:07.840 [FXGL Background Thread 3 ] DEBUG Engine               - class com.almasb.fxgl.localization.LocalizationService
15:31:07.840 [FXGL Background Thread 3 ] DEBUG Engine               - class com.almasb.fxgl.app.services.SystemBundleService
15:31:07.840 [FXGL Background Thread 3 ] DEBUG Engine               - class com.almasb.fxgl.profile.SaveLoadService
15:31:07.840 [FXGL Background Thread 3 ] DEBUG Engine               - class com.almasb.fxgl.ui.FXGLUIFactoryServiceProvider
15:31:07.840 [FXGL Background Thread 3 ] DEBUG Engine               - class com.almasb.fxgl.ui.FXGLDialogFactoryServiceProvider
15:31:07.840 [FXGL Background Thread 3 ] DEBUG Engine               - class com.almasb.fxgl.audio.AudioPlayer
15:31:07.840 [FXGL Background Thread 3 ] DEBUG Engine               - class com.almasb.fxgl.notification.impl.NotificationServiceProvider
15:31:07.840 [FXGL Background Thread 3 ] DEBUG Engine               - class com.almasb.fxgl.achievement.AchievementService
15:31:07.840 [FXGL Background Thread 3 ] DEBUG Engine               - class com.almasb.fxgl.cutscene.CutsceneService
15:31:07.840 [FXGL Background Thread 3 ] DEBUG Engine               - class com.almasb.fxgl.minigames.MiniGameService
15:31:07.840 [FXGL Background Thread 3 ] DEBUG Engine               - class com.almasb.fxgl.net.NetService
15:31:07.840 [FXGL Background Thread 3 ] DEBUG Engine               - class com.almasb.fxgl.app.services.UpdaterService
15:31:07.840 [FXGL Background Thread 3 ] DEBUG Engine               - class com.almasb.fxgl.dev.DevService
15:31:07.840 [FXGL Background Thread 3 ] DEBUG Engine               - class com.almasb.fxgl.multiplayer.MultiplayerService
15:31:08.390 [JavaFX Application Thread] DEBUG PrimaryStageWindow   - Pop state: DialogSubScene
15:31:08.391 [JavaFX Application Thread] DEBUG Input                - Clearing active input actions
15:31:08.391 [JavaFX Application Thread] DEBUG GameApplicationServi - Removing overlay from DialogSubScene and adding to PlayerCountMenu
15:31:08.392 [JavaFX Application Thread] DEBUG PrimaryStageWindow   - PlayerCountMenu <- DialogSubScene
15:31:08.397 [ClientAsyncConnThread    ] DEBUG TCPClient            - Connecting to localhost:55555 type: class com.almasb.fxgl.core.serialization.Bundle
15:31:08.400 [ClientAsyncConnThread    ] WARN  IOTask               - ClientConnect failed
java.lang.RuntimeException: Failed to create a socket to address localhost : 55555 Error: java.net.ConnectException: Connection refused: connect
	at com.almasb.fxgl.io/com.almasb.fxgl.net.tcp.TCPClient.connect(TCPClient.java:46)
	at com.almasb.fxgl.core/com.almasb.fxgl.core.concurrent.IOTask.lambda$ofVoid$5(IOTask.java:184)
	at com.almasb.fxgl.core/com.almasb.fxgl.core.concurrent.IOTask$2.onExecute(IOTask.java:197)
	at com.almasb.fxgl.core/com.almasb.fxgl.core.concurrent.IOTask.run(IOTask.java:118)
	at java.base/java.lang.Thread.run(Thread.java:1583)
Caused by: java.net.ConnectException: Connection refused: connect
	at java.base/sun.nio.ch.Net.connect0(Native Method)
	at java.base/sun.nio.ch.Net.connect(Net.java:589)
	at java.base/sun.nio.ch.Net.connect(Net.java:578)
	at java.base/sun.nio.ch.NioSocketImpl.connect(NioSocketImpl.java:583)
	at java.base/java.net.SocksSocketImpl.connect(SocksSocketImpl.java:327)
	at java.base/java.net.Socket.connect(Socket.java:751)
	at java.base/java.net.Socket.connect(Socket.java:686)
	at java.base/java.net.Socket.<init>(Socket.java:555)
	at java.base/java.net.Socket.<init>(Socket.java:324)
	at com.almasb.fxgl.io/com.almasb.fxgl.net.tcp.TCPClient.connect(TCPClient.java:41)
	... 4 more

15:31:10.539 [JavaFX Application Thread] DEBUG FXGLApplication      - Exiting FXGL
15:31:10.539 [JavaFX Application Thread] DEBUG LoopRunner           - Stopping loop
15:31:10.539 [JavaFX Application Thread] DEBUG SystemBundleService  - Saving FXGL system data
15:31:10.541 [JavaFX Application Thread] DEBUG FileSystemAccess     - Writing to: c:\Users\Cent\Desktop\CSS124L-LE\CSS124L-FinalExam\CSS124L-FINAL-PROJECT\system\fxgl.bundle
15:31:10.543 [JavaFX Application Thread] DEBUG Async                - Shutting down background threads
15:31:10.543 [JavaFX Application Thread] DEBUG PrimaryStageWindow   - Closing main window
15:31:10.560 [JavaFX Application Thread] DEBUG Logger               - Closing Logger
