13:04:24.748 [main                     ] DEBUG Logger               - Configured Logger
13:04:24.766 [main                     ] DEBUG GameApplication      - Logging settings
Title: Flatline: Oregon
Version: Alpha 0.3
Width: 800
Height: 600
Fullscreen: false
Intro: false
Profiling: false
Single step:false
App Mode: DEVELOPER
Menu Key: ESCAPE
Stage Style: DECORATED
Scene Factory: class com.groupfour.mygame.App$1

13:04:25.048 [JavaFX Application Thread] DEBUG FXGLApplication      - Initializing FXGL
13:04:25.049 [JavaFX Application Thread] INFO  Engine               - FXGL-dev-SNAPSHOT (28.07.2021 16.39) on WINDOWS (J:11.0.22 FX:16)
13:04:25.050 [JavaFX Application Thread] DEBUG Engine               - JRE Vendor Name: Oracle Corporation
13:04:25.050 [JavaFX Application Thread] DEBUG Engine               - Running on OS: Windows 11 version 10.0
13:04:25.050 [JavaFX Application Thread] DEBUG Engine               - Architecture: amd64
13:04:25.050 [JavaFX Application Thread] INFO  Engine               - Source code and latest versions at: https://github.com/AlmasB/FXGL
13:04:25.050 [JavaFX Application Thread] INFO  Engine               -              Join the FXGL chat at: https://gitter.im/AlmasB/FXGL
13:04:25.104 [JavaFX Application Thread] DEBUG PrimaryStageWindow   - Creating a JavaFX scene
13:04:25.140 [JavaFX Application Thread] DEBUG PrimaryStageWindow   - Target settings size: 800.0 x 600.0
13:04:25.140 [JavaFX Application Thread] DEBUG PrimaryStageWindow   - Scaled scene size:    800.0 x 600.0
13:04:25.140 [JavaFX Application Thread] DEBUG PrimaryStageWindow   - Scaled ratio: (1.0, 1.0)
13:04:25.141 [JavaFX Application Thread] DEBUG PrimaryStageWindow   - Set initial scene to FXGLStartupScene
13:04:25.144 [JavaFX Application Thread] DEBUG PrimaryStageWindow   - Opening main window
13:04:25.207 [JavaFX Application Thread] DEBUG PrimaryStageWindow   - Window border size: (14.4000244140625, 37.5999755859375)
13:04:25.207 [JavaFX Application Thread] DEBUG PrimaryStageWindow   - Scaled size: 800.0 x 600.0
13:04:25.207 [JavaFX Application Thread] DEBUG PrimaryStageWindow   - Scaled ratio: (1.0, 1.0)
13:04:25.207 [JavaFX Application Thread] DEBUG PrimaryStageWindow   - Scene size: 800.0 x 600.0
13:04:25.207 [JavaFX Application Thread] DEBUG PrimaryStageWindow   - Stage size: 814.4000244140625 x 637.5999755859375
13:04:25.211 [FXGL Background Thread 1 ] DEBUG Engine               - Initializing environment variables
13:04:25.245 [FXGL Background Thread 1 ] DEBUG FXGLAssetLoaderServi - User app class for loading assets: class com.groupfour.mygame.App
13:04:25.245 [FXGL Background Thread 1 ] DEBUG GameApplicationServi - Applying CSS: fxgl_dark.css
13:04:25.246 [FXGL Background Thread 1 ] DEBUG FXGLAssetLoaderServi - Loading from file system: jar:file:///C:/Users/acer/.m2/repository/com/github/almasb/fxgl/dev-SNAPSHOT/fxgl-dev-SNAPSHOT.jar!/fxglassets/ui/css/fxgl_dark.css
13:04:25.286 [FXGL Background Thread 1 ] DEBUG GameApplicationServi - Initializing application scenes
13:04:25.311 [FXGL Background Thread 1 ] DEBUG GameWorld            - Game world initialized
13:04:25.354 [FXGL Background Thread 1 ] DEBUG PhysicsWorld         - Physics world initialized: appHeight=600, physics.ppm=50.0
13:04:25.354 [FXGL Background Thread 1 ] DEBUG PhysicsWorld         - Using strategy: BRUTE_FORCE
13:04:25.356 [FXGL Background Thread 1 ] DEBUG GameScene            - Game scene initialized: 800x600
13:04:25.366 [FXGL Background Thread 1 ] DEBUG FXGL.DefaultMenu     - createMenuBodyMainMenu()
13:04:25.381 [FXGL Background Thread 1 ] DEBUG FXGL.DefaultMenu     - createOptionsMenu()
13:04:25.389 [FXGL Background Thread 1 ] DEBUG FXGLAssetLoaderServi - Loading from file system: jar:file:///C:/Users/acer/.m2/repository/com/github/almasb/fxgl/dev-SNAPSHOT/fxgl-dev-SNAPSHOT.jar!/fxglassets/textures/particles/smoke.png
13:04:25.460 [FXGL Background Thread 1 ] DEBUG FXGLAssetLoaderServi - Loading from file system: jar:file:///C:/Users/acer/.m2/repository/com/github/almasb/fxgl/dev-SNAPSHOT/fxgl-dev-SNAPSHOT.jar!/fxglassets/textures/particles/trace_horizontal.png
13:04:25.485 [FXGL Background Thread 1 ] DEBUG GameApplicationServi - Application scenes initialized
13:04:25.493 [FXGL Background Thread 1 ] DEBUG SystemBundleService  - Loading FXGL system data
13:04:25.498 [FXGL Background Thread 1 ] DEBUG FileSystemAccess     - Reading from: C:\Users\acer\OneDrive\Desktop\git pull\CSS124L-FINAL-PROJECT\system\fxgl.bundle
13:04:25.502 [FXGL Background Thread 1 ] DEBUG SystemBundleService  - Bundle FXGL: {}
13:04:25.502 [FXGL Background Thread 1 ] DEBUG UpdaterService       - Checking for updates
13:04:25.523 [FXGL Background Thread 4 ] DEBUG FXGLApplication      - Loading fonts
13:04:25.523 [FXGL Background Thread 1 ] DEBUG FXGLApplication      - Loading default localization
13:04:25.524 [FXGL Background Thread 1 ] DEBUG FXGLAssetLoaderServi - Loading from file system: jar:file:///C:/Users/acer/.m2/repository/com/github/almasb/fxgl/dev-SNAPSHOT/fxgl-dev-SNAPSHOT.jar!/fxglassets/languages/english.lang
13:04:25.524 [FXGL Background Thread 4 ] DEBUG FXGLAssetLoaderServi - Loading from file system: jar:file:///C:/Users/acer/.m2/repository/com/github/almasb/fxgl/dev-SNAPSHOT/fxgl-dev-SNAPSHOT.jar!/fxglassets/ui/fonts/VarelaRound-Regular.ttf
13:04:25.538 [FXGL Background Thread 1 ] INFO  FXGLApplication      - FXGL initialization took: 0.326 sec
13:04:25.548 [JavaFX Application Thread] DEBUG Input                - Registered new binding: Move Upwards - W
13:04:25.549 [JavaFX Application Thread] DEBUG Input                - Registered new binding: Move Down - S
13:04:25.549 [JavaFX Application Thread] DEBUG Input                - Registered new binding: Move Left - A
13:04:25.549 [JavaFX Application Thread] DEBUG Input                - Registered new binding: Move Right - D
13:04:25.549 [JavaFX Application Thread] DEBUG Input                - Registered new binding: Reload - R
13:04:25.550 [JavaFX Application Thread] DEBUG Input                - Registered new binding: Shoot - LMB
13:04:25.551 [JavaFX Application Thread] DEBUG Input                - Registered new binding: Switch Weapons - Q
13:04:25.551 [JavaFX Application Thread] DEBUG Input                - Registered new binding: Interact - F
13:04:25.552 [JavaFX Application Thread] DEBUG FXGLAssetLoaderServi - Loading from file system: jar:file:///C:/Users/acer/.m2/repository/com/github/almasb/fxgl/dev-SNAPSHOT/fxgl-dev-SNAPSHOT.jar!/fxglassets/textures/fxgl_icon.png
13:04:25.574 [JavaFX Application Thread] DEBUG FXGLAssetLoaderServi - Loading from file system: jar:file:///C:/Users/acer/.m2/repository/com/github/almasb/fxgl/dev-SNAPSHOT/fxgl-dev-SNAPSHOT.jar!/fxglassets/textures/fxgl_default_cursor.png
13:04:25.576 [JavaFX Application Thread] DEBUG Input                - Registered new binding: Screenshot - CTRL+8
13:04:25.576 [JavaFX Application Thread] DEBUG Input                - Registered new binding: Dev Options - 1
13:04:25.577 [JavaFX Application Thread] DEBUG Input                - Registered new binding: Dev Console - 2
13:04:25.577 [JavaFX Application Thread] DEBUG Input                - Registered new binding: System info dump - CTRL+9
13:04:25.577 [JavaFX Application Thread] DEBUG Input                - Registered new binding: Restart - CTRL+R
13:04:25.578 [JavaFX Application Thread] DEBUG Input                - Registered new binding: Toggle Debug Camera - CTRL+C
13:04:25.581 [JavaFX Application Thread] DEBUG LoopRunner           - Starting loop
13:04:25.592 [JavaFX Application Thread] DEBUG LoopRunner           - Initializing JavaFX AnimationTimerLoop
13:04:25.594 [JavaFX Application Thread] DEBUG Input                - Clearing active input actions
13:04:25.600 [JavaFX Application Thread] DEBUG GameApplicationServi - Removing overlay from FXGLStartupScene and adding to FXGLMainMenuDummyScene
13:04:25.603 [JavaFX Application Thread] DEBUG PrimaryStageWindow   - FXGLStartupScene -> FXGLMainMenuDummyScene
13:04:25.604 [JavaFX Application Thread] DEBUG PrimaryStageWindow   - Push state: FXGLDefaultMenu
13:04:25.608 [JavaFX Application Thread] DEBUG Input                - Clearing active input actions
13:04:25.613 [JavaFX Application Thread] DEBUG GameApplicationServi - Removing overlay from FXGLMainMenuDummyScene and adding to FXGLDefaultMenu
13:04:25.614 [JavaFX Application Thread] DEBUG PrimaryStageWindow   - FXGLMainMenuDummyScene -> FXGLDefaultMenu
13:04:25.904 [FXGL Background Thread 4 ] DEBUG FXGLAssetLoaderServi - Loading from file system: jar:file:///C:/Users/acer/.m2/repository/com/github/almasb/fxgl/dev-SNAPSHOT/fxgl-dev-SNAPSHOT.jar!/fxglassets/ui/fonts/Abel-Regular.ttf
13:04:25.910 [FXGL Background Thread 4 ] DEBUG FXGLAssetLoaderServi - Loading from file system: jar:file:///C:/Users/acer/.m2/repository/com/github/almasb/fxgl/dev-SNAPSHOT/fxgl-dev-SNAPSHOT.jar!/fxglassets/ui/fonts/lucida_console.ttf
13:04:25.918 [FXGL Background Thread 4 ] DEBUG FXGLAssetLoaderServi - Loading from file system: jar:file:///C:/Users/acer/.m2/repository/com/github/almasb/fxgl/dev-SNAPSHOT/fxgl-dev-SNAPSHOT.jar!/fxglassets/ui/fonts/Courier-Prime.ttf
13:04:25.925 [JavaFX Application Thread] DEBUG FXGLApplication      - Registering font factories with UI factory
13:04:26.189 [JavaFX Application Thread] DEBUG Menu                 - fireNewGame()
13:04:26.189 [JavaFX Application Thread] DEBUG GameApplicationServi - Starting new game
13:04:26.191 [JavaFX Application Thread] DEBUG PrimaryStageWindow   - Pop state: FXGLDefaultMenu
13:04:26.191 [JavaFX Application Thread] DEBUG Input                - Clearing active input actions
13:04:26.194 [JavaFX Application Thread] DEBUG GameApplicationServi - Removing overlay from FXGLDefaultMenu and adding to FXGLMainMenuDummyScene
13:04:26.196 [JavaFX Application Thread] DEBUG PrimaryStageWindow   - FXGLMainMenuDummyScene <- FXGLDefaultMenu
13:04:26.196 [JavaFX Application Thread] DEBUG Input                - Clearing active input actions
13:04:26.204 [JavaFX Application Thread] DEBUG GameApplicationServi - Removing overlay from FXGLMainMenuDummyScene and adding to FXGLLoadingScene
13:04:26.205 [JavaFX Application Thread] DEBUG PrimaryStageWindow   - FXGLMainMenuDummyScene -> FXGLLoadingScene
13:04:26.205 [JavaFX Application Thread] DEBUG GameApplicationServi - Clearing previous game
13:04:26.205 [JavaFX Application Thread] DEBUG GameScene            - Clearing game scene
13:04:26.205 [JavaFX Application Thread] DEBUG GameWorld            - Clearing game world
13:04:26.206 [JavaFX Application Thread] DEBUG PhysicsWorld         - Clearing physics world
13:04:26.207 [FXGL Background Thread 4 ] DEBUG FXGLApplication      - Initializing game
13:04:26.233 [FXGL Background Thread 2 ] INFO  UpdaterService       - Your current version:  dev-SNAPSHOT
13:04:26.234 [FXGL Background Thread 2 ] INFO  UpdaterService       - Latest stable version: 21.1
13:04:26.239 [FXGL Background Thread 4 ] DEBUG FXGLAssetLoaderServi - Loading from file system: file:/C:/Users/acer/OneDrive/Desktop/git%20pull/CSS124L-FINAL-PROJECT/fp/target/classes/assets/textures/Players/1P_Idle.png
13:04:26.242 [FXGL Background Thread 4 ] DEBUG FXGLAssetLoaderServi - Loading from file system: file:/C:/Users/acer/OneDrive/Desktop/git%20pull/CSS124L-FINAL-PROJECT/fp/target/classes/assets/textures/Players/1P_Walk.gif
13:04:26.248 [FXGL Background Thread 4 ] DEBUG FXGLAssetLoaderServi - Loading from file system: file:/C:/Users/acer/OneDrive/Desktop/git%20pull/CSS124L-FINAL-PROJECT/fp/target/classes/assets/textures/Players/1P_Shoot.gif
13:04:26.271 [FXGL Background Thread 4 ] INFO  FXGLApplication      - Game initialization took: 0.065 sec
13:04:26.275 [JavaFX Application Thread] DEBUG Input                - Clearing active input actions
13:04:26.280 [JavaFX Application Thread] DEBUG GameApplicationServi - Removing overlay from FXGLLoadingScene and adding to GameScene
13:04:26.281 [JavaFX Application Thread] DEBUG PrimaryStageWindow   - FXGLLoadingScene -> GameScene
13:04:26.284 [JavaFX Application Thread] DEBUG PrimaryStageWindow   - Push state: PlayerCountMenu
13:04:26.284 [JavaFX Application Thread] DEBUG Input                - Clearing active input actions
13:04:26.284 [JavaFX Application Thread] DEBUG GameApplicationServi - Removing overlay from GameScene and adding to PlayerCountMenu
13:04:26.284 [JavaFX Application Thread] DEBUG PrimaryStageWindow   - GameScene -> PlayerCountMenu
13:04:26.929 [JavaFX Application Thread] DEBUG PrimaryStageWindow   - Pop state: PlayerCountMenu
13:04:26.929 [JavaFX Application Thread] DEBUG Input                - Clearing active input actions
13:04:26.931 [JavaFX Application Thread] DEBUG GameApplicationServi - Removing overlay from PlayerCountMenu and adding to GameScene
13:04:26.931 [JavaFX Application Thread] DEBUG PrimaryStageWindow   - GameScene <- PlayerCountMenu
13:04:27.348 [JavaFX Application Thread] DEBUG FXGLAssetLoaderServi - Loading from file system: file:/C:/Users/acer/OneDrive/Desktop/git%20pull/CSS124L-FINAL-PROJECT/fp/target/classes/assets/textures/Zombies/Basic_Zombie_Walking.gif
13:04:27.350 [JavaFX Application Thread] DEBUG FXGLAssetLoaderServi - Loading from file system: file:/C:/Users/acer/OneDrive/Desktop/git%20pull/CSS124L-FINAL-PROJECT/fp/target/classes/assets/textures/Zombies/Basic_Zombie_Attack.gif
13:04:28.523 [FXGL Background Thread 3 ] DEBUG Engine               - Logging environment variables
13:04:28.523 [FXGL Background Thread 3 ] DEBUG Engine               - achievements: []
13:04:28.523 [FXGL Background Thread 3 ] DEBUG Engine               - actualHeight: 600.0
13:04:28.523 [FXGL Background Thread 3 ] DEBUG Engine               - actualHeightProperty: ReadOnlyDoubleProperty [value: 600.0]
13:04:28.523 [FXGL Background Thread 3 ] DEBUG Engine               - actualWidth: 800.0
13:04:28.523 [FXGL Background Thread 3 ] DEBUG Engine               - actualWidthProperty: ReadOnlyDoubleProperty [value: 800.0]
13:04:28.523 [FXGL Background Thread 3 ] DEBUG Engine               - appIcon: fxgl_icon.png
13:04:28.523 [FXGL Background Thread 3 ] DEBUG Engine               - applicationMode: DEVELOPER
13:04:28.523 [FXGL Background Thread 3 ] DEBUG Engine               - cSSList: [fxgl_dark.css]
13:04:28.524 [FXGL Background Thread 3 ] DEBUG Engine               - collisionDetectionStrategy: BRUTE_FORCE
13:04:28.524 [FXGL Background Thread 3 ] DEBUG Engine               - configClass: Optional.empty
13:04:28.524 [FXGL Background Thread 3 ] DEBUG Engine               - credits: []
13:04:28.524 [FXGL Background Thread 3 ] DEBUG Engine               - defaultCursor: CursorInfo(imageName=fxgl_default_cursor.png, hotspotX=7.0, hotspotY=6.0)
13:04:28.524 [FXGL Background Thread 3 ] DEBUG Engine               - devBBoxColorProperty: ObjectProperty [value: 0xff0000ff]
13:04:28.524 [FXGL Background Thread 3 ] DEBUG Engine               - devEnableDebugCameraProperty: BooleanProperty [value: false]
13:04:28.524 [FXGL Background Thread 3 ] DEBUG Engine               - devSensorColorProperty: ObjectProperty [value: 0xffff00ff]
13:04:28.524 [FXGL Background Thread 3 ] DEBUG Engine               - devShowBBoxProperty: BooleanProperty [value: false]
13:04:28.524 [FXGL Background Thread 3 ] DEBUG Engine               - devShowPositionProperty: BooleanProperty [value: false]
13:04:28.524 [FXGL Background Thread 3 ] DEBUG Engine               - enabledMenuItems: []
13:04:28.524 [FXGL Background Thread 3 ] DEBUG Engine               - engineServices: [class com.almasb.fxgl.app.services.FXGLAssetLoaderService, class com.almasb.fxgl.app.FXGLApplication$GameApplicationService, class com.almasb.fxgl.app.services.FXGLDialogService, class com.almasb.fxgl.app.services.IOTaskExecutorService, class com.almasb.fxgl.io.FileSystemService, class com.almasb.fxgl.localization.LocalizationService, class com.almasb.fxgl.app.services.SystemBundleService, class com.almasb.fxgl.profile.SaveLoadService, class com.almasb.fxgl.ui.FXGLUIFactoryServiceProvider, class com.almasb.fxgl.ui.FXGLDialogFactoryServiceProvider, class com.almasb.fxgl.audio.AudioPlayer, class com.almasb.fxgl.notification.impl.NotificationServiceProvider, class com.almasb.fxgl.achievement.AchievementService, class com.almasb.fxgl.cutscene.CutsceneService, class com.almasb.fxgl.minigames.MiniGameService, class com.almasb.fxgl.net.NetService, class com.almasb.fxgl.app.services.UpdaterService, class com.almasb.fxgl.dev.DevService, class com.almasb.fxgl.multiplayer.MultiplayerService]
13:04:28.524 [FXGL Background Thread 3 ] DEBUG Engine               - fontGame: Abel-Regular.ttf
13:04:28.524 [FXGL Background Thread 3 ] DEBUG Engine               - fontMono: lucida_console.ttf
13:04:28.525 [FXGL Background Thread 3 ] DEBUG Engine               - fontText: Courier-Prime.ttf
13:04:28.525 [FXGL Background Thread 3 ] DEBUG Engine               - fontUI: VarelaRound-Regular.ttf
13:04:28.525 [FXGL Background Thread 3 ] DEBUG Engine               - fullScreen: BooleanProperty [value: false]
13:04:28.525 [FXGL Background Thread 3 ] DEBUG Engine               - gameDifficulty: MEDIUM
13:04:28.525 [FXGL Background Thread 3 ] DEBUG Engine               - gameDifficultyProperty: ObjectProperty [value: MEDIUM]
13:04:28.525 [FXGL Background Thread 3 ] DEBUG Engine               - globalMusicVolume: 0.5
13:04:28.525 [FXGL Background Thread 3 ] DEBUG Engine               - globalMusicVolumeProperty: DoubleProperty [value: 0.5]
13:04:28.525 [FXGL Background Thread 3 ] DEBUG Engine               - globalSoundVolume: 0.5
13:04:28.525 [FXGL Background Thread 3 ] DEBUG Engine               - globalSoundVolumeProperty: DoubleProperty [value: 0.5]
13:04:28.525 [FXGL Background Thread 3 ] DEBUG Engine               - height: 600
13:04:28.525 [FXGL Background Thread 3 ] DEBUG Engine               - is3D: false
13:04:28.525 [FXGL Background Thread 3 ] DEBUG Engine               - isAndroid: false
13:04:28.525 [FXGL Background Thread 3 ] DEBUG Engine               - isBrowser: false
13:04:28.525 [FXGL Background Thread 3 ] DEBUG Engine               - isClickFeedbackEnabled: false
13:04:28.525 [FXGL Background Thread 3 ] DEBUG Engine               - isCloseConfirmation: false
13:04:28.525 [FXGL Background Thread 3 ] DEBUG Engine               - isDesktop: true
13:04:28.525 [FXGL Background Thread 3 ] DEBUG Engine               - isDeveloperMenuEnabled: true
13:04:28.525 [FXGL Background Thread 3 ] DEBUG Engine               - isEmbedded: false
13:04:28.525 [FXGL Background Thread 3 ] DEBUG Engine               - isEntityPreloadEnabled: true
13:04:28.525 [FXGL Background Thread 3 ] DEBUG Engine               - isExperimentalTiledLargeMap: false
13:04:28.525 [FXGL Background Thread 3 ] DEBUG Engine               - isFileSystemWriteAllowed: true
13:04:28.525 [FXGL Background Thread 3 ] DEBUG Engine               - isFullScreenAllowed: false
13:04:28.525 [FXGL Background Thread 3 ] DEBUG Engine               - isFullScreenFromStart: false
13:04:28.525 [FXGL Background Thread 3 ] DEBUG Engine               - isGameMenuEnabled: true
13:04:28.525 [FXGL Background Thread 3 ] DEBUG Engine               - isIOS: false
13:04:28.525 [FXGL Background Thread 3 ] DEBUG Engine               - isIntroEnabled: false
13:04:28.525 [FXGL Background Thread 3 ] DEBUG Engine               - isLinux: false
13:04:28.526 [FXGL Background Thread 3 ] DEBUG Engine               - isMac: false
13:04:28.526 [FXGL Background Thread 3 ] DEBUG Engine               - isMainMenuEnabled: true
13:04:28.526 [FXGL Background Thread 3 ] DEBUG Engine               - isManualResizeEnabled: false
13:04:28.526 [FXGL Background Thread 3 ] DEBUG Engine               - isMobile: false
13:04:28.526 [FXGL Background Thread 3 ] DEBUG Engine               - isNative: false
13:04:28.526 [FXGL Background Thread 3 ] DEBUG Engine               - isPauseMusicWhenMinimized: true
13:04:28.526 [FXGL Background Thread 3 ] DEBUG Engine               - isPreserveResizeRatio: false
13:04:28.526 [FXGL Background Thread 3 ] DEBUG Engine               - isProfilingEnabled: false
13:04:28.526 [FXGL Background Thread 3 ] DEBUG Engine               - isScaleAffectedOnResize: true
13:04:28.526 [FXGL Background Thread 3 ] DEBUG Engine               - isSingleStep: false
13:04:28.526 [FXGL Background Thread 3 ] DEBUG Engine               - isUserProfileEnabled: false
13:04:28.526 [FXGL Background Thread 3 ] DEBUG Engine               - isWindows: true
13:04:28.526 [FXGL Background Thread 3 ] DEBUG Engine               - language: ObjectProperty [value: ENGLISH]
13:04:28.526 [FXGL Background Thread 3 ] DEBUG Engine               - menuKey: ESCAPE
13:04:28.526 [FXGL Background Thread 3 ] DEBUG Engine               - mouseSensitivity: 0.2
13:04:28.526 [FXGL Background Thread 3 ] DEBUG Engine               - notificationViewClass: class com.almasb.fxgl.notification.view.XboxNotificationView
13:04:28.526 [FXGL Background Thread 3 ] DEBUG Engine               - pixelsPerMeter: 50.0
13:04:28.526 [FXGL Background Thread 3 ] DEBUG Engine               - platform: WINDOWS
13:04:28.526 [FXGL Background Thread 3 ] DEBUG Engine               - prefHeightProperty: ReadOnlyDoubleProperty [value: 600.0]
13:04:28.526 [FXGL Background Thread 3 ] DEBUG Engine               - prefWidthProperty: ReadOnlyDoubleProperty [value: 800.0]
13:04:28.526 [FXGL Background Thread 3 ] DEBUG Engine               - profileDir: profiles/
13:04:28.526 [FXGL Background Thread 3 ] DEBUG Engine               - profileName: StringProperty [value: DEFAULT]
13:04:28.526 [FXGL Background Thread 3 ] DEBUG Engine               - randomSeed: -1
13:04:28.526 [FXGL Background Thread 3 ] DEBUG Engine               - runtimeInfo: RuntimeInfo(platform=WINDOWS, version=dev-SNAPSHOT, build=28.07.2021 16.39)
13:04:28.526 [FXGL Background Thread 3 ] DEBUG Engine               - saveFileExt: sav
13:04:28.526 [FXGL Background Thread 3 ] DEBUG Engine               - scaledHeightProp$fxgl: DoubleProperty [bound, value: 600.0]
13:04:28.526 [FXGL Background Thread 3 ] DEBUG Engine               - scaledWidthProp$fxgl: DoubleProperty [bound, value: 800.0]
13:04:28.526 [FXGL Background Thread 3 ] DEBUG Engine               - sceneFactory: com.groupfour.mygame.App$1@4f34996
13:04:28.526 [FXGL Background Thread 3 ] DEBUG Engine               - secondsIn24h: 60
13:04:28.526 [FXGL Background Thread 3 ] DEBUG Engine               - soundMenuBack: menu/back.wav
13:04:28.527 [FXGL Background Thread 3 ] DEBUG Engine               - soundMenuPress: menu/press.wav
13:04:28.527 [FXGL Background Thread 3 ] DEBUG Engine               - soundMenuSelect: menu/select.wav
13:04:28.527 [FXGL Background Thread 3 ] DEBUG Engine               - soundNotification: core/notification.wav
13:04:28.527 [FXGL Background Thread 3 ] DEBUG Engine               - stageStyle: DECORATED
13:04:28.527 [FXGL Background Thread 3 ] DEBUG Engine               - supportedLanguages: [ENGLISH, FRENCH, GERMAN, HUNGARIAN, RUSSIAN]
13:04:28.527 [FXGL Background Thread 3 ] DEBUG Engine               - ticksPerSecond: -1
13:04:28.527 [FXGL Background Thread 3 ] DEBUG Engine               - title: Flatline: Oregon
13:04:28.527 [FXGL Background Thread 3 ] DEBUG Engine               - urlGithub: https://github.com/AlmasB/FXGL
13:04:28.527 [FXGL Background Thread 3 ] DEBUG Engine               - urlLeaderboard: http://fxgl-top.herokuapp.com/
13:04:28.527 [FXGL Background Thread 3 ] DEBUG Engine               - urlPOM: https://raw.githubusercontent.com/AlmasB/FXGL/release/README.md
13:04:28.527 [FXGL Background Thread 3 ] DEBUG Engine               - userAppClass: class com.groupfour.mygame.App
13:04:28.527 [FXGL Background Thread 3 ] DEBUG Engine               - version: Alpha 0.3
13:04:28.527 [FXGL Background Thread 3 ] DEBUG Engine               - versionCheckDays: 7
13:04:28.527 [FXGL Background Thread 3 ] DEBUG Engine               - width: 800
13:04:28.527 [FXGL Background Thread 3 ] DEBUG Engine               - Logging services
13:04:28.527 [FXGL Background Thread 3 ] DEBUG Engine               - class com.almasb.fxgl.app.services.FXGLAssetLoaderService
13:04:28.527 [FXGL Background Thread 3 ] DEBUG Engine               - class com.almasb.fxgl.app.FXGLApplication$GameApplicationService
13:04:28.527 [FXGL Background Thread 3 ] DEBUG Engine               - class com.almasb.fxgl.app.services.FXGLDialogService
13:04:28.527 [FXGL Background Thread 3 ] DEBUG Engine               - class com.almasb.fxgl.app.services.IOTaskExecutorService
13:04:28.527 [FXGL Background Thread 3 ] DEBUG Engine               - class com.almasb.fxgl.io.FileSystemService
13:04:28.527 [FXGL Background Thread 3 ] DEBUG Engine               - class com.almasb.fxgl.localization.LocalizationService
13:04:28.527 [FXGL Background Thread 3 ] DEBUG Engine               - class com.almasb.fxgl.app.services.SystemBundleService
13:04:28.527 [FXGL Background Thread 3 ] DEBUG Engine               - class com.almasb.fxgl.profile.SaveLoadService
13:04:28.527 [FXGL Background Thread 3 ] DEBUG Engine               - class com.almasb.fxgl.ui.FXGLUIFactoryServiceProvider
13:04:28.527 [FXGL Background Thread 3 ] DEBUG Engine               - class com.almasb.fxgl.ui.FXGLDialogFactoryServiceProvider
13:04:28.527 [FXGL Background Thread 3 ] DEBUG Engine               - class com.almasb.fxgl.audio.AudioPlayer
13:04:28.527 [FXGL Background Thread 3 ] DEBUG Engine               - class com.almasb.fxgl.notification.impl.NotificationServiceProvider
13:04:28.527 [FXGL Background Thread 3 ] DEBUG Engine               - class com.almasb.fxgl.achievement.AchievementService
13:04:28.527 [FXGL Background Thread 3 ] DEBUG Engine               - class com.almasb.fxgl.cutscene.CutsceneService
13:04:28.528 [FXGL Background Thread 3 ] DEBUG Engine               - class com.almasb.fxgl.minigames.MiniGameService
13:04:28.528 [FXGL Background Thread 3 ] DEBUG Engine               - class com.almasb.fxgl.net.NetService
13:04:28.528 [FXGL Background Thread 3 ] DEBUG Engine               - class com.almasb.fxgl.app.services.UpdaterService
13:04:28.528 [FXGL Background Thread 3 ] DEBUG Engine               - class com.almasb.fxgl.dev.DevService
13:04:28.528 [FXGL Background Thread 3 ] DEBUG Engine               - class com.almasb.fxgl.multiplayer.MultiplayerService
13:04:32.963 [JavaFX Application Thread] DEBUG PrimaryStageWindow   - Push state: DialogSubScene
13:04:32.964 [JavaFX Application Thread] DEBUG Input                - Clearing active input actions
13:04:32.964 [JavaFX Application Thread] DEBUG GameApplicationServi - Removing overlay from GameScene and adding to DialogSubScene
13:04:32.965 [JavaFX Application Thread] DEBUG PrimaryStageWindow   - GameScene -> DialogSubScene
13:04:34.335 [JavaFX Application Thread] DEBUG PrimaryStageWindow   - Pop state: DialogSubScene
13:04:34.335 [JavaFX Application Thread] DEBUG Input                - Clearing active input actions
13:04:34.336 [JavaFX Application Thread] DEBUG GameApplicationServi - Removing overlay from DialogSubScene and adding to GameScene
13:04:34.336 [JavaFX Application Thread] DEBUG PrimaryStageWindow   - GameScene <- DialogSubScene
13:04:34.336 [JavaFX Application Thread] DEBUG Input                - Clearing active input actions
13:04:34.339 [JavaFX Application Thread] DEBUG GameApplicationServi - Removing overlay from GameScene and adding to FXGLMainMenuDummyScene
13:04:34.339 [JavaFX Application Thread] DEBUG PrimaryStageWindow   - GameScene -> FXGLMainMenuDummyScene
13:04:34.339 [JavaFX Application Thread] DEBUG PrimaryStageWindow   - Push state: FXGLDefaultMenu
13:04:34.340 [JavaFX Application Thread] DEBUG Input                - Clearing active input actions
13:04:34.340 [JavaFX Application Thread] DEBUG GameApplicationServi - Removing overlay from FXGLMainMenuDummyScene and adding to FXGLDefaultMenu
13:04:34.343 [JavaFX Application Thread] DEBUG PrimaryStageWindow   - FXGLMainMenuDummyScene -> FXGLDefaultMenu
13:04:35.277 [JavaFX Application Thread] DEBUG FXGLApplication      - Exiting FXGL
13:04:35.277 [JavaFX Application Thread] DEBUG LoopRunner           - Stopping loop
13:04:35.277 [JavaFX Application Thread] DEBUG SystemBundleService  - Saving FXGL system data
13:04:35.278 [JavaFX Application Thread] DEBUG FileSystemAccess     - Writing to: C:\Users\acer\OneDrive\Desktop\git pull\CSS124L-FINAL-PROJECT\system\fxgl.bundle
13:04:35.280 [JavaFX Application Thread] DEBUG Async                - Shutting down background threads
13:04:35.280 [JavaFX Application Thread] DEBUG PrimaryStageWindow   - Closing main window
13:04:35.291 [JavaFX Application Thread] DEBUG Logger               - Closing Logger
