01:27:22.174 [main                     ] DEBUG Logger               - Configured Logger
01:27:22.191 [main                     ] DEBUG GameApplication      - Logging settings
Title: Flatline: Oregon
Version: Alpha 0.3
Width: 800
Height: 600
Fullscreen: false
Intro: false
Profiling: false
Single step:false
App Mode: DEVELOPER
Menu Key: ESCAPE
Stage Style: DECORATED
Scene Factory: class com.groupfour.mygame.App$1

01:27:22.465 [JavaFX Application Thread] DEBUG FXGLApplication      - Initializing FXGL
01:27:22.466 [JavaFX Application Thread] INFO  Engine               - FXGL-dev-SNAPSHOT (28.07.2021 16.39) on WINDOWS (J:11.0.22 FX:16)
01:27:22.467 [JavaFX Application Thread] DEBUG Engine               - JRE Vendor Name: Oracle Corporation
01:27:22.467 [JavaFX Application Thread] DEBUG Engine               - Running on OS: Windows 11 version 10.0
01:27:22.467 [JavaFX Application Thread] DEBUG Engine               - Architecture: amd64
01:27:22.467 [JavaFX Application Thread] INFO  Engine               - Source code and latest versions at: https://github.com/AlmasB/FXGL
01:27:22.468 [JavaFX Application Thread] INFO  Engine               -              Join the FXGL chat at: https://gitter.im/AlmasB/FXGL
01:27:22.527 [JavaFX Application Thread] DEBUG PrimaryStageWindow   - Creating a JavaFX scene
01:27:22.568 [JavaFX Application Thread] DEBUG PrimaryStageWindow   - Target settings size: 800.0 x 600.0
01:27:22.568 [JavaFX Application Thread] DEBUG PrimaryStageWindow   - Scaled scene size:    800.0 x 600.0
01:27:22.569 [JavaFX Application Thread] DEBUG PrimaryStageWindow   - Scaled ratio: (1.0, 1.0)
01:27:22.569 [JavaFX Application Thread] DEBUG PrimaryStageWindow   - Set initial scene to FXGLStartupScene
01:27:22.574 [JavaFX Application Thread] DEBUG PrimaryStageWindow   - Opening main window
01:27:22.646 [JavaFX Application Thread] DEBUG PrimaryStageWindow   - Window border size: (14.4000244140625, 37.5999755859375)
01:27:22.646 [JavaFX Application Thread] DEBUG PrimaryStageWindow   - Scaled size: 800.0 x 600.0
01:27:22.646 [JavaFX Application Thread] DEBUG PrimaryStageWindow   - Scaled ratio: (1.0, 1.0)
01:27:22.646 [JavaFX Application Thread] DEBUG PrimaryStageWindow   - Scene size: 800.0 x 600.0
01:27:22.646 [JavaFX Application Thread] DEBUG PrimaryStageWindow   - Stage size: 814.4000244140625 x 637.5999755859375
01:27:22.651 [FXGL Background Thread 1 ] DEBUG Engine               - Initializing environment variables
01:27:22.689 [FXGL Background Thread 1 ] DEBUG FXGLAssetLoaderServi - User app class for loading assets: class com.groupfour.mygame.App
01:27:22.689 [FXGL Background Thread 1 ] DEBUG GameApplicationServi - Applying CSS: fxgl_dark.css
01:27:22.690 [FXGL Background Thread 1 ] DEBUG FXGLAssetLoaderServi - Loading from file system: jar:file:///C:/Users/acer/.m2/repository/com/github/almasb/fxgl/dev-SNAPSHOT/fxgl-dev-SNAPSHOT.jar!/fxglassets/ui/css/fxgl_dark.css
01:27:22.732 [FXGL Background Thread 1 ] DEBUG GameApplicationServi - Initializing application scenes
01:27:22.756 [FXGL Background Thread 1 ] DEBUG GameWorld            - Game world initialized
01:27:22.793 [FXGL Background Thread 1 ] DEBUG PhysicsWorld         - Physics world initialized: appHeight=600, physics.ppm=50.0
01:27:22.794 [FXGL Background Thread 1 ] DEBUG PhysicsWorld         - Using strategy: BRUTE_FORCE
01:27:22.796 [FXGL Background Thread 1 ] DEBUG GameScene            - Game scene initialized: 800x600
01:27:22.807 [FXGL Background Thread 1 ] DEBUG FXGL.DefaultMenu     - createMenuBodyMainMenu()
01:27:22.821 [FXGL Background Thread 1 ] DEBUG FXGL.DefaultMenu     - createOptionsMenu()
01:27:22.827 [FXGL Background Thread 1 ] DEBUG FXGLAssetLoaderServi - Loading from file system: jar:file:///C:/Users/acer/.m2/repository/com/github/almasb/fxgl/dev-SNAPSHOT/fxgl-dev-SNAPSHOT.jar!/fxglassets/textures/particles/smoke.png
01:27:22.892 [FXGL Background Thread 1 ] DEBUG FXGLAssetLoaderServi - Loading from file system: jar:file:///C:/Users/acer/.m2/repository/com/github/almasb/fxgl/dev-SNAPSHOT/fxgl-dev-SNAPSHOT.jar!/fxglassets/textures/particles/trace_horizontal.png
01:27:22.914 [FXGL Background Thread 1 ] DEBUG GameApplicationServi - Application scenes initialized
01:27:22.921 [FXGL Background Thread 1 ] DEBUG SystemBundleService  - Loading FXGL system data
01:27:22.925 [FXGL Background Thread 1 ] DEBUG FileSystemAccess     - Reading from: C:\Users\acer\OneDrive\Desktop\git pull\CSS124L-FINAL-PROJECT\system\fxgl.bundle
01:27:22.930 [FXGL Background Thread 1 ] DEBUG SystemBundleService  - Bundle FXGL: {}
01:27:22.930 [FXGL Background Thread 1 ] DEBUG UpdaterService       - Checking for updates
01:27:22.948 [FXGL Background Thread 4 ] DEBUG FXGLApplication      - Loading fonts
01:27:22.948 [FXGL Background Thread 1 ] DEBUG FXGLApplication      - Loading default localization
01:27:22.949 [FXGL Background Thread 1 ] DEBUG FXGLAssetLoaderServi - Loading from file system: jar:file:///C:/Users/acer/.m2/repository/com/github/almasb/fxgl/dev-SNAPSHOT/fxgl-dev-SNAPSHOT.jar!/fxglassets/languages/english.lang
01:27:22.949 [FXGL Background Thread 4 ] DEBUG FXGLAssetLoaderServi - Loading from file system: jar:file:///C:/Users/acer/.m2/repository/com/github/almasb/fxgl/dev-SNAPSHOT/fxgl-dev-SNAPSHOT.jar!/fxglassets/ui/fonts/VarelaRound-Regular.ttf
01:27:22.962 [FXGL Background Thread 1 ] INFO  FXGLApplication      - FXGL initialization took: 0.311 sec
01:27:22.971 [JavaFX Application Thread] DEBUG Input                - Registered new binding: Move Upwards - W
01:27:22.971 [JavaFX Application Thread] DEBUG Input                - Registered new binding: Move Down - S
01:27:22.971 [JavaFX Application Thread] DEBUG Input                - Registered new binding: Move Left - A
01:27:22.972 [JavaFX Application Thread] DEBUG Input                - Registered new binding: Move Right - D
01:27:22.972 [JavaFX Application Thread] DEBUG Input                - Registered new binding: Reload - R
01:27:22.973 [JavaFX Application Thread] DEBUG Input                - Registered new binding: Shoot - LMB
01:27:22.973 [JavaFX Application Thread] DEBUG Input                - Registered new binding: Switch Weapons - Q
01:27:22.973 [JavaFX Application Thread] DEBUG Input                - Registered new binding: Interact - F
01:27:22.973 [JavaFX Application Thread] DEBUG FXGLAssetLoaderServi - Loading from file system: jar:file:///C:/Users/acer/.m2/repository/com/github/almasb/fxgl/dev-SNAPSHOT/fxgl-dev-SNAPSHOT.jar!/fxglassets/textures/fxgl_icon.png
01:27:22.990 [JavaFX Application Thread] DEBUG FXGLAssetLoaderServi - Loading from file system: jar:file:///C:/Users/acer/.m2/repository/com/github/almasb/fxgl/dev-SNAPSHOT/fxgl-dev-SNAPSHOT.jar!/fxglassets/textures/fxgl_default_cursor.png
01:27:22.993 [JavaFX Application Thread] DEBUG Input                - Registered new binding: Screenshot - CTRL+8
01:27:22.994 [JavaFX Application Thread] DEBUG Input                - Registered new binding: Dev Options - 1
01:27:22.994 [JavaFX Application Thread] DEBUG Input                - Registered new binding: Dev Console - 2
01:27:22.995 [JavaFX Application Thread] DEBUG Input                - Registered new binding: System info dump - CTRL+9
01:27:22.995 [JavaFX Application Thread] DEBUG Input                - Registered new binding: Restart - CTRL+R
01:27:22.996 [JavaFX Application Thread] DEBUG Input                - Registered new binding: Toggle Debug Camera - CTRL+C
01:27:23.000 [JavaFX Application Thread] DEBUG LoopRunner           - Starting loop
01:27:23.011 [JavaFX Application Thread] DEBUG LoopRunner           - Initializing JavaFX AnimationTimerLoop
01:27:23.014 [JavaFX Application Thread] DEBUG Input                - Clearing active input actions
01:27:23.020 [JavaFX Application Thread] DEBUG GameApplicationServi - Removing overlay from FXGLStartupScene and adding to FXGLMainMenuDummyScene
01:27:23.023 [JavaFX Application Thread] DEBUG PrimaryStageWindow   - FXGLStartupScene -> FXGLMainMenuDummyScene
01:27:23.023 [JavaFX Application Thread] DEBUG PrimaryStageWindow   - Push state: FXGLDefaultMenu
01:27:23.026 [JavaFX Application Thread] DEBUG Input                - Clearing active input actions
01:27:23.033 [JavaFX Application Thread] DEBUG GameApplicationServi - Removing overlay from FXGLMainMenuDummyScene and adding to FXGLDefaultMenu
01:27:23.033 [JavaFX Application Thread] DEBUG PrimaryStageWindow   - FXGLMainMenuDummyScene -> FXGLDefaultMenu
01:27:23.326 [FXGL Background Thread 4 ] DEBUG FXGLAssetLoaderServi - Loading from file system: jar:file:///C:/Users/acer/.m2/repository/com/github/almasb/fxgl/dev-SNAPSHOT/fxgl-dev-SNAPSHOT.jar!/fxglassets/ui/fonts/Abel-Regular.ttf
01:27:23.331 [FXGL Background Thread 4 ] DEBUG FXGLAssetLoaderServi - Loading from file system: jar:file:///C:/Users/acer/.m2/repository/com/github/almasb/fxgl/dev-SNAPSHOT/fxgl-dev-SNAPSHOT.jar!/fxglassets/ui/fonts/lucida_console.ttf
01:27:23.338 [FXGL Background Thread 4 ] DEBUG FXGLAssetLoaderServi - Loading from file system: jar:file:///C:/Users/acer/.m2/repository/com/github/almasb/fxgl/dev-SNAPSHOT/fxgl-dev-SNAPSHOT.jar!/fxglassets/ui/fonts/Courier-Prime.ttf
01:27:23.345 [JavaFX Application Thread] DEBUG FXGLApplication      - Registering font factories with UI factory
01:27:23.611 [JavaFX Application Thread] DEBUG Menu                 - fireNewGame()
01:27:23.611 [JavaFX Application Thread] DEBUG GameApplicationServi - Starting new game
01:27:23.612 [JavaFX Application Thread] DEBUG PrimaryStageWindow   - Pop state: FXGLDefaultMenu
01:27:23.612 [JavaFX Application Thread] DEBUG Input                - Clearing active input actions
01:27:23.614 [JavaFX Application Thread] DEBUG GameApplicationServi - Removing overlay from FXGLDefaultMenu and adding to FXGLMainMenuDummyScene
01:27:23.615 [JavaFX Application Thread] DEBUG PrimaryStageWindow   - FXGLMainMenuDummyScene <- FXGLDefaultMenu
01:27:23.616 [JavaFX Application Thread] DEBUG Input                - Clearing active input actions
01:27:23.623 [JavaFX Application Thread] DEBUG GameApplicationServi - Removing overlay from FXGLMainMenuDummyScene and adding to FXGLLoadingScene
01:27:23.624 [JavaFX Application Thread] DEBUG PrimaryStageWindow   - FXGLMainMenuDummyScene -> FXGLLoadingScene
01:27:23.624 [JavaFX Application Thread] DEBUG GameApplicationServi - Clearing previous game
01:27:23.624 [JavaFX Application Thread] DEBUG GameScene            - Clearing game scene
01:27:23.624 [JavaFX Application Thread] DEBUG GameWorld            - Clearing game world
01:27:23.624 [JavaFX Application Thread] DEBUG PhysicsWorld         - Clearing physics world
01:27:23.625 [FXGL Background Thread 4 ] DEBUG FXGLApplication      - Initializing game
01:27:23.650 [FXGL Background Thread 4 ] DEBUG FXGLAssetLoaderServi - Loading from file system: file:/C:/Users/acer/OneDrive/Desktop/git%20pull/CSS124L-FINAL-PROJECT/fp/target/classes/assets/textures/Players/1P_Idle.png
01:27:23.653 [FXGL Background Thread 4 ] DEBUG FXGLAssetLoaderServi - Loading from file system: file:/C:/Users/acer/OneDrive/Desktop/git%20pull/CSS124L-FINAL-PROJECT/fp/target/classes/assets/textures/Players/1P_Walk.gif
01:27:23.659 [FXGL Background Thread 4 ] DEBUG FXGLAssetLoaderServi - Loading from file system: file:/C:/Users/acer/OneDrive/Desktop/git%20pull/CSS124L-FINAL-PROJECT/fp/target/classes/assets/textures/Players/1P_Shoot.gif
01:27:23.673 [FXGL Background Thread 4 ] INFO  FXGLApplication      - Game initialization took: 0.047 sec
01:27:23.674 [JavaFX Application Thread] DEBUG Input                - Clearing active input actions
01:27:23.679 [JavaFX Application Thread] DEBUG GameApplicationServi - Removing overlay from FXGLLoadingScene and adding to GameScene
01:27:23.680 [JavaFX Application Thread] DEBUG PrimaryStageWindow   - FXGLLoadingScene -> GameScene
01:27:23.681 [JavaFX Application Thread] DEBUG PrimaryStageWindow   - Push state: PlayerCountMenu
01:27:23.681 [JavaFX Application Thread] DEBUG Input                - Clearing active input actions
01:27:23.682 [JavaFX Application Thread] DEBUG GameApplicationServi - Removing overlay from GameScene and adding to PlayerCountMenu
01:27:23.682 [JavaFX Application Thread] DEBUG PrimaryStageWindow   - GameScene -> PlayerCountMenu
01:27:23.919 [FXGL Background Thread 2 ] INFO  UpdaterService       - Your current version:  dev-SNAPSHOT
01:27:23.920 [FXGL Background Thread 2 ] INFO  UpdaterService       - Latest stable version: 21.1
01:27:24.506 [JavaFX Application Thread] DEBUG PrimaryStageWindow   - Pop state: PlayerCountMenu
01:27:24.506 [JavaFX Application Thread] DEBUG Input                - Clearing active input actions
01:27:24.507 [JavaFX Application Thread] DEBUG GameApplicationServi - Removing overlay from PlayerCountMenu and adding to GameScene
01:27:24.507 [JavaFX Application Thread] DEBUG PrimaryStageWindow   - GameScene <- PlayerCountMenu
01:27:24.918 [JavaFX Application Thread] DEBUG FXGLAssetLoaderServi - Loading from file system: file:/C:/Users/acer/OneDrive/Desktop/git%20pull/CSS124L-FINAL-PROJECT/fp/target/classes/assets/textures/Zombies/Basic_Zombie_Walking.gif
01:27:24.920 [JavaFX Application Thread] DEBUG FXGLAssetLoaderServi - Loading from file system: file:/C:/Users/acer/OneDrive/Desktop/git%20pull/CSS124L-FINAL-PROJECT/fp/target/classes/assets/textures/Zombies/Basic_Zombie_Attack.gif
01:27:25.948 [FXGL Background Thread 3 ] DEBUG Engine               - Logging environment variables
01:27:25.948 [FXGL Background Thread 3 ] DEBUG Engine               - achievements: []
01:27:25.948 [FXGL Background Thread 3 ] DEBUG Engine               - actualHeight: 600.0
01:27:25.948 [FXGL Background Thread 3 ] DEBUG Engine               - actualHeightProperty: ReadOnlyDoubleProperty [value: 600.0]
01:27:25.948 [FXGL Background Thread 3 ] DEBUG Engine               - actualWidth: 800.0
01:27:25.948 [FXGL Background Thread 3 ] DEBUG Engine               - actualWidthProperty: ReadOnlyDoubleProperty [value: 800.0]
01:27:25.949 [FXGL Background Thread 3 ] DEBUG Engine               - appIcon: fxgl_icon.png
01:27:25.949 [FXGL Background Thread 3 ] DEBUG Engine               - applicationMode: DEVELOPER
01:27:25.949 [FXGL Background Thread 3 ] DEBUG Engine               - cSSList: [fxgl_dark.css]
01:27:25.949 [FXGL Background Thread 3 ] DEBUG Engine               - collisionDetectionStrategy: BRUTE_FORCE
01:27:25.949 [FXGL Background Thread 3 ] DEBUG Engine               - configClass: Optional.empty
01:27:25.949 [FXGL Background Thread 3 ] DEBUG Engine               - credits: []
01:27:25.949 [FXGL Background Thread 3 ] DEBUG Engine               - defaultCursor: CursorInfo(imageName=fxgl_default_cursor.png, hotspotX=7.0, hotspotY=6.0)
01:27:25.949 [FXGL Background Thread 3 ] DEBUG Engine               - devBBoxColorProperty: ObjectProperty [value: 0xff0000ff]
01:27:25.949 [FXGL Background Thread 3 ] DEBUG Engine               - devEnableDebugCameraProperty: BooleanProperty [value: false]
01:27:25.949 [FXGL Background Thread 3 ] DEBUG Engine               - devSensorColorProperty: ObjectProperty [value: 0xffff00ff]
01:27:25.949 [FXGL Background Thread 3 ] DEBUG Engine               - devShowBBoxProperty: BooleanProperty [value: false]
01:27:25.949 [FXGL Background Thread 3 ] DEBUG Engine               - devShowPositionProperty: BooleanProperty [value: false]
01:27:25.950 [FXGL Background Thread 3 ] DEBUG Engine               - enabledMenuItems: []
01:27:25.950 [FXGL Background Thread 3 ] DEBUG Engine               - engineServices: [class com.almasb.fxgl.app.services.FXGLAssetLoaderService, class com.almasb.fxgl.app.FXGLApplication$GameApplicationService, class com.almasb.fxgl.app.services.FXGLDialogService, class com.almasb.fxgl.app.services.IOTaskExecutorService, class com.almasb.fxgl.io.FileSystemService, class com.almasb.fxgl.localization.LocalizationService, class com.almasb.fxgl.app.services.SystemBundleService, class com.almasb.fxgl.profile.SaveLoadService, class com.almasb.fxgl.ui.FXGLUIFactoryServiceProvider, class com.almasb.fxgl.ui.FXGLDialogFactoryServiceProvider, class com.almasb.fxgl.audio.AudioPlayer, class com.almasb.fxgl.notification.impl.NotificationServiceProvider, class com.almasb.fxgl.achievement.AchievementService, class com.almasb.fxgl.cutscene.CutsceneService, class com.almasb.fxgl.minigames.MiniGameService, class com.almasb.fxgl.net.NetService, class com.almasb.fxgl.app.services.UpdaterService, class com.almasb.fxgl.dev.DevService, class com.almasb.fxgl.multiplayer.MultiplayerService]
01:27:25.950 [FXGL Background Thread 3 ] DEBUG Engine               - fontGame: Abel-Regular.ttf
01:27:25.950 [FXGL Background Thread 3 ] DEBUG Engine               - fontMono: lucida_console.ttf
01:27:25.950 [FXGL Background Thread 3 ] DEBUG Engine               - fontText: Courier-Prime.ttf
01:27:25.950 [FXGL Background Thread 3 ] DEBUG Engine               - fontUI: VarelaRound-Regular.ttf
01:27:25.950 [FXGL Background Thread 3 ] DEBUG Engine               - fullScreen: BooleanProperty [value: false]
01:27:25.951 [FXGL Background Thread 3 ] DEBUG Engine               - gameDifficulty: MEDIUM
01:27:25.951 [FXGL Background Thread 3 ] DEBUG Engine               - gameDifficultyProperty: ObjectProperty [value: MEDIUM]
01:27:25.951 [FXGL Background Thread 3 ] DEBUG Engine               - globalMusicVolume: 0.5
01:27:25.951 [FXGL Background Thread 3 ] DEBUG Engine               - globalMusicVolumeProperty: DoubleProperty [value: 0.5]
01:27:25.951 [FXGL Background Thread 3 ] DEBUG Engine               - globalSoundVolume: 0.5
01:27:25.951 [FXGL Background Thread 3 ] DEBUG Engine               - globalSoundVolumeProperty: DoubleProperty [value: 0.5]
01:27:25.951 [FXGL Background Thread 3 ] DEBUG Engine               - height: 600
01:27:25.951 [FXGL Background Thread 3 ] DEBUG Engine               - is3D: false
01:27:25.951 [FXGL Background Thread 3 ] DEBUG Engine               - isAndroid: false
01:27:25.951 [FXGL Background Thread 3 ] DEBUG Engine               - isBrowser: false
01:27:25.951 [FXGL Background Thread 3 ] DEBUG Engine               - isClickFeedbackEnabled: false
01:27:25.951 [FXGL Background Thread 3 ] DEBUG Engine               - isCloseConfirmation: false
01:27:25.951 [FXGL Background Thread 3 ] DEBUG Engine               - isDesktop: true
01:27:25.951 [FXGL Background Thread 3 ] DEBUG Engine               - isDeveloperMenuEnabled: true
01:27:25.951 [FXGL Background Thread 3 ] DEBUG Engine               - isEmbedded: false
01:27:25.951 [FXGL Background Thread 3 ] DEBUG Engine               - isEntityPreloadEnabled: true
01:27:25.952 [FXGL Background Thread 3 ] DEBUG Engine               - isExperimentalTiledLargeMap: false
01:27:25.952 [FXGL Background Thread 3 ] DEBUG Engine               - isFileSystemWriteAllowed: true
01:27:25.952 [FXGL Background Thread 3 ] DEBUG Engine               - isFullScreenAllowed: false
01:27:25.952 [FXGL Background Thread 3 ] DEBUG Engine               - isFullScreenFromStart: false
01:27:25.952 [FXGL Background Thread 3 ] DEBUG Engine               - isGameMenuEnabled: true
01:27:25.952 [FXGL Background Thread 3 ] DEBUG Engine               - isIOS: false
01:27:25.952 [FXGL Background Thread 3 ] DEBUG Engine               - isIntroEnabled: false
01:27:25.952 [FXGL Background Thread 3 ] DEBUG Engine               - isLinux: false
01:27:25.952 [FXGL Background Thread 3 ] DEBUG Engine               - isMac: false
01:27:25.952 [FXGL Background Thread 3 ] DEBUG Engine               - isMainMenuEnabled: true
01:27:25.952 [FXGL Background Thread 3 ] DEBUG Engine               - isManualResizeEnabled: false
01:27:25.952 [FXGL Background Thread 3 ] DEBUG Engine               - isMobile: false
01:27:25.952 [FXGL Background Thread 3 ] DEBUG Engine               - isNative: false
01:27:25.952 [FXGL Background Thread 3 ] DEBUG Engine               - isPauseMusicWhenMinimized: true
01:27:25.952 [FXGL Background Thread 3 ] DEBUG Engine               - isPreserveResizeRatio: false
01:27:25.952 [FXGL Background Thread 3 ] DEBUG Engine               - isProfilingEnabled: false
01:27:25.952 [FXGL Background Thread 3 ] DEBUG Engine               - isScaleAffectedOnResize: true
01:27:25.952 [FXGL Background Thread 3 ] DEBUG Engine               - isSingleStep: false
01:27:25.952 [FXGL Background Thread 3 ] DEBUG Engine               - isUserProfileEnabled: false
01:27:25.952 [FXGL Background Thread 3 ] DEBUG Engine               - isWindows: true
01:27:25.952 [FXGL Background Thread 3 ] DEBUG Engine               - language: ObjectProperty [value: ENGLISH]
01:27:25.952 [FXGL Background Thread 3 ] DEBUG Engine               - menuKey: ESCAPE
01:27:25.952 [FXGL Background Thread 3 ] DEBUG Engine               - mouseSensitivity: 0.2
01:27:25.952 [FXGL Background Thread 3 ] DEBUG Engine               - notificationViewClass: class com.almasb.fxgl.notification.view.XboxNotificationView
01:27:25.952 [FXGL Background Thread 3 ] DEBUG Engine               - pixelsPerMeter: 50.0
01:27:25.952 [FXGL Background Thread 3 ] DEBUG Engine               - platform: WINDOWS
01:27:25.952 [FXGL Background Thread 3 ] DEBUG Engine               - prefHeightProperty: ReadOnlyDoubleProperty [value: 600.0]
01:27:25.952 [FXGL Background Thread 3 ] DEBUG Engine               - prefWidthProperty: ReadOnlyDoubleProperty [value: 800.0]
01:27:25.952 [FXGL Background Thread 3 ] DEBUG Engine               - profileDir: profiles/
01:27:25.953 [FXGL Background Thread 3 ] DEBUG Engine               - profileName: StringProperty [value: DEFAULT]
01:27:25.953 [FXGL Background Thread 3 ] DEBUG Engine               - randomSeed: -1
01:27:25.953 [FXGL Background Thread 3 ] DEBUG Engine               - runtimeInfo: RuntimeInfo(platform=WINDOWS, version=dev-SNAPSHOT, build=28.07.2021 16.39)
01:27:25.953 [FXGL Background Thread 3 ] DEBUG Engine               - saveFileExt: sav
01:27:25.953 [FXGL Background Thread 3 ] DEBUG Engine               - scaledHeightProp$fxgl: DoubleProperty [bound, value: 600.0]
01:27:25.953 [FXGL Background Thread 3 ] DEBUG Engine               - scaledWidthProp$fxgl: DoubleProperty [bound, value: 800.0]
01:27:25.953 [FXGL Background Thread 3 ] DEBUG Engine               - sceneFactory: com.groupfour.mygame.App$1@61879ed6
01:27:25.953 [FXGL Background Thread 3 ] DEBUG Engine               - secondsIn24h: 60
01:27:25.953 [FXGL Background Thread 3 ] DEBUG Engine               - soundMenuBack: menu/back.wav
01:27:25.953 [FXGL Background Thread 3 ] DEBUG Engine               - soundMenuPress: menu/press.wav
01:27:25.953 [FXGL Background Thread 3 ] DEBUG Engine               - soundMenuSelect: menu/select.wav
01:27:25.953 [FXGL Background Thread 3 ] DEBUG Engine               - soundNotification: core/notification.wav
01:27:25.953 [FXGL Background Thread 3 ] DEBUG Engine               - stageStyle: DECORATED
01:27:25.953 [FXGL Background Thread 3 ] DEBUG Engine               - supportedLanguages: [ENGLISH, FRENCH, GERMAN, HUNGARIAN, RUSSIAN]
01:27:25.953 [FXGL Background Thread 3 ] DEBUG Engine               - ticksPerSecond: -1
01:27:25.953 [FXGL Background Thread 3 ] DEBUG Engine               - title: Flatline: Oregon
01:27:25.953 [FXGL Background Thread 3 ] DEBUG Engine               - urlGithub: https://github.com/AlmasB/FXGL
01:27:25.953 [FXGL Background Thread 3 ] DEBUG Engine               - urlLeaderboard: http://fxgl-top.herokuapp.com/
01:27:25.953 [FXGL Background Thread 3 ] DEBUG Engine               - urlPOM: https://raw.githubusercontent.com/AlmasB/FXGL/release/README.md
01:27:25.953 [FXGL Background Thread 3 ] DEBUG Engine               - userAppClass: class com.groupfour.mygame.App
01:27:25.953 [FXGL Background Thread 3 ] DEBUG Engine               - version: Alpha 0.3
01:27:25.953 [FXGL Background Thread 3 ] DEBUG Engine               - versionCheckDays: 7
01:27:25.954 [FXGL Background Thread 3 ] DEBUG Engine               - width: 800
01:27:25.954 [FXGL Background Thread 3 ] DEBUG Engine               - Logging services
01:27:25.954 [FXGL Background Thread 3 ] DEBUG Engine               - class com.almasb.fxgl.app.services.FXGLAssetLoaderService
01:27:25.954 [FXGL Background Thread 3 ] DEBUG Engine               - class com.almasb.fxgl.app.FXGLApplication$GameApplicationService
01:27:25.954 [FXGL Background Thread 3 ] DEBUG Engine               - class com.almasb.fxgl.app.services.FXGLDialogService
01:27:25.954 [FXGL Background Thread 3 ] DEBUG Engine               - class com.almasb.fxgl.app.services.IOTaskExecutorService
01:27:25.954 [FXGL Background Thread 3 ] DEBUG Engine               - class com.almasb.fxgl.io.FileSystemService
01:27:25.954 [FXGL Background Thread 3 ] DEBUG Engine               - class com.almasb.fxgl.localization.LocalizationService
01:27:25.954 [FXGL Background Thread 3 ] DEBUG Engine               - class com.almasb.fxgl.app.services.SystemBundleService
01:27:25.954 [FXGL Background Thread 3 ] DEBUG Engine               - class com.almasb.fxgl.profile.SaveLoadService
01:27:25.954 [FXGL Background Thread 3 ] DEBUG Engine               - class com.almasb.fxgl.ui.FXGLUIFactoryServiceProvider
01:27:25.954 [FXGL Background Thread 3 ] DEBUG Engine               - class com.almasb.fxgl.ui.FXGLDialogFactoryServiceProvider
01:27:25.954 [FXGL Background Thread 3 ] DEBUG Engine               - class com.almasb.fxgl.audio.AudioPlayer
01:27:25.954 [FXGL Background Thread 3 ] DEBUG Engine               - class com.almasb.fxgl.notification.impl.NotificationServiceProvider
01:27:25.954 [FXGL Background Thread 3 ] DEBUG Engine               - class com.almasb.fxgl.achievement.AchievementService
01:27:25.954 [FXGL Background Thread 3 ] DEBUG Engine               - class com.almasb.fxgl.cutscene.CutsceneService
01:27:25.954 [FXGL Background Thread 3 ] DEBUG Engine               - class com.almasb.fxgl.minigames.MiniGameService
01:27:25.954 [FXGL Background Thread 3 ] DEBUG Engine               - class com.almasb.fxgl.net.NetService
01:27:25.954 [FXGL Background Thread 3 ] DEBUG Engine               - class com.almasb.fxgl.app.services.UpdaterService
01:27:25.954 [FXGL Background Thread 3 ] DEBUG Engine               - class com.almasb.fxgl.dev.DevService
01:27:25.954 [FXGL Background Thread 3 ] DEBUG Engine               - class com.almasb.fxgl.multiplayer.MultiplayerService
01:27:35.612 [JavaFX Application Thread] DEBUG FXGLApplication      - Exiting FXGL
01:27:35.612 [JavaFX Application Thread] DEBUG LoopRunner           - Stopping loop
01:27:35.612 [JavaFX Application Thread] DEBUG SystemBundleService  - Saving FXGL system data
01:27:35.614 [JavaFX Application Thread] DEBUG FileSystemAccess     - Writing to: C:\Users\acer\OneDrive\Desktop\git pull\CSS124L-FINAL-PROJECT\system\fxgl.bundle
01:27:35.616 [JavaFX Application Thread] DEBUG Async                - Shutting down background threads
01:27:35.616 [JavaFX Application Thread] DEBUG PrimaryStageWindow   - Closing main window
01:27:35.628 [JavaFX Application Thread] DEBUG Logger               - Closing Logger
