17:35:49.553 [main                     ] DEBUG Logger               - Configured Logger
17:35:49.573 [main                     ] DEBUG GameApplication      - Logging settings
Title: Flatline: Oregon
Version: 0.0
Width: 800
Height: 600
Fullscreen: false
Intro: false
Profiling: false
Single step:false
App Mode: DEVELOPER
Menu Key: ESCAPE
Stage Style: DECORATED
Scene Factory: class com.groupfour.mygame.App$1

17:35:49.851 [JavaFX Application Thread] DEBUG FXGLApplication      - Initializing FXGL
17:35:49.853 [JavaFX Application Thread] INFO  Engine               - FXGL-dev-SNAPSHOT (28.07.2021 16.39) on WINDOWS (J:11.0.22 FX:16)
17:35:49.854 [JavaFX Application Thread] DEBUG Engine               - JRE Vendor Name: Oracle Corporation
17:35:49.854 [JavaFX Application Thread] DEBUG Engine               - Running on OS: Windows 11 version 10.0
17:35:49.854 [JavaFX Application Thread] DEBUG Engine               - Architecture: amd64
17:35:49.854 [JavaFX Application Thread] INFO  Engine               - Source code and latest versions at: https://github.com/AlmasB/FXGL
17:35:49.855 [JavaFX Application Thread] INFO  Engine               -              Join the FXGL chat at: https://gitter.im/AlmasB/FXGL
17:35:49.922 [JavaFX Application Thread] DEBUG PrimaryStageWindow   - Creating a JavaFX scene
17:35:49.967 [JavaFX Application Thread] DEBUG PrimaryStageWindow   - Target settings size: 800.0 x 600.0
17:35:49.967 [JavaFX Application Thread] DEBUG PrimaryStageWindow   - Scaled scene size:    800.0 x 600.0
17:35:49.968 [JavaFX Application Thread] DEBUG PrimaryStageWindow   - Scaled ratio: (1.0, 1.0)
17:35:49.968 [JavaFX Application Thread] DEBUG PrimaryStageWindow   - Set initial scene to FXGLStartupScene
17:35:49.973 [JavaFX Application Thread] DEBUG PrimaryStageWindow   - Opening main window
17:35:50.039 [JavaFX Application Thread] DEBUG PrimaryStageWindow   - Window border size: (14.4000244140625, 37.5999755859375)
17:35:50.039 [JavaFX Application Thread] DEBUG PrimaryStageWindow   - Scaled size: 800.0 x 600.0
17:35:50.040 [JavaFX Application Thread] DEBUG PrimaryStageWindow   - Scaled ratio: (1.0, 1.0)
17:35:50.040 [JavaFX Application Thread] DEBUG PrimaryStageWindow   - Scene size: 800.0 x 600.0
17:35:50.040 [JavaFX Application Thread] DEBUG PrimaryStageWindow   - Stage size: 814.4000244140625 x 637.5999755859375
17:35:50.043 [FXGL Background Thread 1 ] DEBUG Engine               - Initializing environment variables
17:35:50.080 [FXGL Background Thread 1 ] DEBUG FXGLAssetLoaderServi - User app class for loading assets: class com.groupfour.mygame.App
17:35:50.080 [FXGL Background Thread 1 ] DEBUG GameApplicationServi - Applying CSS: fxgl_dark.css
17:35:50.080 [FXGL Background Thread 1 ] DEBUG FXGLAssetLoaderServi - Loading from file system: jar:file:///C:/Users/acer/.m2/repository/com/github/almasb/fxgl/dev-SNAPSHOT/fxgl-dev-SNAPSHOT.jar!/fxglassets/ui/css/fxgl_dark.css
17:35:50.120 [FXGL Background Thread 1 ] DEBUG GameApplicationServi - Initializing application scenes
17:35:50.144 [FXGL Background Thread 1 ] DEBUG GameWorld            - Game world initialized
17:35:50.184 [FXGL Background Thread 1 ] DEBUG PhysicsWorld         - Physics world initialized: appHeight=600, physics.ppm=50.0
17:35:50.184 [FXGL Background Thread 1 ] DEBUG PhysicsWorld         - Using strategy: BRUTE_FORCE
17:35:50.187 [FXGL Background Thread 1 ] DEBUG GameScene            - Game scene initialized: 800x600
17:35:50.197 [FXGL Background Thread 1 ] DEBUG FXGL.DefaultMenu     - createMenuBodyMainMenu()
17:35:50.208 [FXGL Background Thread 1 ] DEBUG FXGL.DefaultMenu     - createOptionsMenu()
17:35:50.214 [FXGL Background Thread 1 ] DEBUG FXGLAssetLoaderServi - Loading from file system: jar:file:///C:/Users/acer/.m2/repository/com/github/almasb/fxgl/dev-SNAPSHOT/fxgl-dev-SNAPSHOT.jar!/fxglassets/textures/particles/smoke.png
17:35:50.286 [FXGL Background Thread 1 ] DEBUG FXGLAssetLoaderServi - Loading from file system: jar:file:///C:/Users/acer/.m2/repository/com/github/almasb/fxgl/dev-SNAPSHOT/fxgl-dev-SNAPSHOT.jar!/fxglassets/textures/particles/trace_horizontal.png
17:35:50.306 [FXGL Background Thread 1 ] DEBUG FXGLAssetLoaderServi - Loading from file system: file:/C:/Users/acer/OneDrive/Desktop/git%20pull/CSS124L-FINAL-PROJECT/fp/target/classes/assets/textures/spbtn.png
17:35:50.329 [FXGL Background Thread 1 ] DEBUG FXGLAssetLoaderServi - Loading from file system: file:/C:/Users/acer/OneDrive/Desktop/git%20pull/CSS124L-FINAL-PROJECT/fp/target/classes/assets/textures/mm.png
17:35:50.336 [FXGL Background Thread 1 ] DEBUG GameApplicationServi - Application scenes initialized
17:35:50.343 [FXGL Background Thread 1 ] DEBUG SystemBundleService  - Loading FXGL system data
17:35:50.347 [FXGL Background Thread 1 ] DEBUG FileSystemAccess     - Reading from: C:\Users\acer\OneDrive\Desktop\git pull\CSS124L-FINAL-PROJECT\system\fxgl.bundle
17:35:50.352 [FXGL Background Thread 1 ] DEBUG SystemBundleService  - Bundle FXGL: {}
17:35:50.352 [FXGL Background Thread 1 ] DEBUG UpdaterService       - Checking for updates
17:35:50.356 [FXGL Background Thread 4 ] DEBUG FXGLApplication      - Loading fonts
17:35:50.356 [FXGL Background Thread 1 ] DEBUG FXGLApplication      - Loading default localization
17:35:50.356 [FXGL Background Thread 1 ] DEBUG FXGLAssetLoaderServi - Loading from file system: jar:file:///C:/Users/acer/.m2/repository/com/github/almasb/fxgl/dev-SNAPSHOT/fxgl-dev-SNAPSHOT.jar!/fxglassets/languages/english.lang
17:35:50.356 [FXGL Background Thread 4 ] DEBUG FXGLAssetLoaderServi - Loading from file system: jar:file:///C:/Users/acer/.m2/repository/com/github/almasb/fxgl/dev-SNAPSHOT/fxgl-dev-SNAPSHOT.jar!/fxglassets/ui/fonts/VarelaRound-Regular.ttf
17:35:50.366 [FXGL Background Thread 1 ] INFO  FXGLApplication      - FXGL initialization took: 0.322 sec
17:35:50.376 [JavaFX Application Thread] DEBUG Input                - Registered new binding: Move Upwards - W
17:35:50.376 [JavaFX Application Thread] DEBUG Input                - Registered new binding: Move Down - S
17:35:50.376 [JavaFX Application Thread] DEBUG Input                - Registered new binding: Move Left - A
17:35:50.376 [JavaFX Application Thread] DEBUG Input                - Registered new binding: Move Right - D
17:35:50.376 [JavaFX Application Thread] DEBUG Input                - Registered new binding: Reload - R
17:35:50.377 [JavaFX Application Thread] DEBUG Input                - Registered new binding: Shoot - LMB
17:35:50.377 [JavaFX Application Thread] DEBUG Input                - Registered new binding: Switch Weapons - Q
17:35:50.377 [JavaFX Application Thread] DEBUG Input                - Registered new binding: Interact - F
17:35:50.378 [JavaFX Application Thread] DEBUG Input                - Registered new binding: Sprint - Space
17:35:50.379 [JavaFX Application Thread] DEBUG Input                - Registered new binding: Game Menu - Esc
17:35:50.380 [JavaFX Application Thread] DEBUG FXGLAssetLoaderServi - Loading from file system: file:/C:/Users/acer/OneDrive/Desktop/git%20pull/CSS124L-FINAL-PROJECT/fp/target/classes/assets/music/titleBGM.mp3
17:35:50.511 [JavaFX Application Thread] DEBUG AudioPlayer          - Playing music com.almasb.fxgl.audio.Music@3b88fa8b
17:35:50.512 [JavaFX Application Thread] DEBUG FXGLAssetLoaderServi - Loading from file system: jar:file:///C:/Users/acer/.m2/repository/com/github/almasb/fxgl/dev-SNAPSHOT/fxgl-dev-SNAPSHOT.jar!/fxglassets/textures/fxgl_icon.png
17:35:50.520 [JavaFX Application Thread] DEBUG FXGLAssetLoaderServi - Loading from file system: jar:file:///C:/Users/acer/.m2/repository/com/github/almasb/fxgl/dev-SNAPSHOT/fxgl-dev-SNAPSHOT.jar!/fxglassets/textures/fxgl_default_cursor.png
17:35:50.522 [JavaFX Application Thread] DEBUG Input                - Registered new binding: Screenshot - CTRL+8
17:35:50.523 [JavaFX Application Thread] DEBUG Input                - Registered new binding: System info dump - CTRL+9
17:35:50.523 [JavaFX Application Thread] DEBUG Input                - Registered new binding: Restart - CTRL+R
17:35:50.523 [JavaFX Application Thread] DEBUG Input                - Registered new binding: Toggle Debug Camera - CTRL+C
17:35:50.525 [JavaFX Application Thread] DEBUG LoopRunner           - Starting loop
17:35:50.525 [JavaFX Application Thread] DEBUG LoopRunner           - Initializing JavaFX AnimationTimerLoop
17:35:50.526 [JavaFX Application Thread] DEBUG Input                - Clearing active input actions
17:35:50.533 [JavaFX Application Thread] DEBUG GameApplicationServi - Removing overlay from FXGLStartupScene and adding to FXGLMainMenuDummyScene
17:35:50.534 [JavaFX Application Thread] DEBUG PrimaryStageWindow   - FXGLStartupScene -> FXGLMainMenuDummyScene
17:35:50.534 [JavaFX Application Thread] DEBUG PrimaryStageWindow   - Push state: FXGLDefaultMenu
17:35:50.537 [JavaFX Application Thread] DEBUG Input                - Clearing active input actions
17:35:50.542 [JavaFX Application Thread] DEBUG GameApplicationServi - Removing overlay from FXGLMainMenuDummyScene and adding to FXGLDefaultMenu
17:35:50.542 [JavaFX Application Thread] DEBUG PrimaryStageWindow   - FXGLMainMenuDummyScene -> FXGLDefaultMenu
17:35:50.778 [FXGL Background Thread 4 ] DEBUG FXGLAssetLoaderServi - Loading from file system: jar:file:///C:/Users/acer/.m2/repository/com/github/almasb/fxgl/dev-SNAPSHOT/fxgl-dev-SNAPSHOT.jar!/fxglassets/ui/fonts/Abel-Regular.ttf
17:35:50.783 [FXGL Background Thread 4 ] DEBUG FXGLAssetLoaderServi - Loading from file system: jar:file:///C:/Users/acer/.m2/repository/com/github/almasb/fxgl/dev-SNAPSHOT/fxgl-dev-SNAPSHOT.jar!/fxglassets/ui/fonts/lucida_console.ttf
17:35:50.791 [FXGL Background Thread 4 ] DEBUG FXGLAssetLoaderServi - Loading from file system: jar:file:///C:/Users/acer/.m2/repository/com/github/almasb/fxgl/dev-SNAPSHOT/fxgl-dev-SNAPSHOT.jar!/fxglassets/ui/fonts/Courier-Prime.ttf
17:35:50.801 [JavaFX Application Thread] DEBUG FXGLApplication      - Registering font factories with UI factory
17:35:51.103 [FXGL Background Thread 2 ] INFO  UpdaterService       - Your current version:  dev-SNAPSHOT
17:35:51.104 [FXGL Background Thread 2 ] INFO  UpdaterService       - Latest stable version: 21.1
17:35:51.184 [JavaFX Application Thread] DEBUG Menu                 - fireNewGame()
17:35:51.184 [JavaFX Application Thread] DEBUG GameApplicationServi - Starting new game
17:35:51.187 [JavaFX Application Thread] DEBUG PrimaryStageWindow   - Pop state: FXGLDefaultMenu
17:35:51.187 [JavaFX Application Thread] DEBUG Input                - Clearing active input actions
17:35:51.188 [JavaFX Application Thread] DEBUG GameApplicationServi - Removing overlay from FXGLDefaultMenu and adding to FXGLMainMenuDummyScene
17:35:51.189 [JavaFX Application Thread] DEBUG PrimaryStageWindow   - FXGLMainMenuDummyScene <- FXGLDefaultMenu
17:35:51.189 [JavaFX Application Thread] DEBUG Input                - Clearing active input actions
17:35:51.197 [JavaFX Application Thread] DEBUG GameApplicationServi - Removing overlay from FXGLMainMenuDummyScene and adding to FXGLLoadingScene
17:35:51.197 [JavaFX Application Thread] DEBUG PrimaryStageWindow   - FXGLMainMenuDummyScene -> FXGLLoadingScene
17:35:51.197 [JavaFX Application Thread] DEBUG GameApplicationServi - Clearing previous game
17:35:51.197 [JavaFX Application Thread] DEBUG GameScene            - Clearing game scene
17:35:51.198 [JavaFX Application Thread] DEBUG GameWorld            - Clearing game world
17:35:51.198 [JavaFX Application Thread] DEBUG PhysicsWorld         - Clearing physics world
17:35:51.199 [FXGL Background Thread 2 ] DEBUG FXGLApplication      - Initializing game
17:35:51.242 [FXGL Background Thread 2 ] WARN  TMXLevelLoader       - TiledMap generated from 1.11.0. Supported version: 1.2.3. Some features may not be parsed fully.
17:35:51.263 [FXGL Background Thread 2 ] DEBUG TMXLevelLoader       - Parsed TiledMap: file:/C:/Users/acer/OneDrive/Desktop/git%20pull/CSS124L-FINAL-PROJECT/fp/target/classes/assets/levels/Warehouse.tmx
17:35:51.265 [FXGL Background Thread 2 ] DEBUG TMXLevelLoader       - Creating tile layer entities
17:35:51.266 [FXGL Background Thread 2 ] DEBUG TilesetLoader        - Loading view for layer Floor
17:35:51.304 [FXGL Background Thread 2 ] DEBUG TilesetLoader        - Created buffer with size 2240.0x1600.0
17:35:51.318 [FXGL Background Thread 2 ] DEBUG TilesetLoader        - Loading view for layer Wall
17:35:51.352 [FXGL Background Thread 2 ] DEBUG TilesetLoader        - Created buffer with size 2240.0x1600.0
17:35:51.373 [FXGL Background Thread 2 ] DEBUG TilesetLoader        - Loading view for layer Props
17:35:51.400 [FXGL Background Thread 2 ] DEBUG TilesetLoader        - Created buffer with size 2240.0x1600.0
17:35:51.418 [FXGL Background Thread 2 ] DEBUG TMXLevelLoader       - Creating object layer entities
17:35:51.447 [FXGL Background Thread 2 ] DEBUG GameWorld            - Clearing removable entities
17:35:51.448 [FXGL Background Thread 2 ] DEBUG GameWorld            - Setting level: com.almasb.fxgl.entity.level.Level@53442921
17:35:51.454 [FXGL Background Thread 2 ] DEBUG FXGLAssetLoaderServi - Loading from file system: file:/C:/Users/acer/OneDrive/Desktop/git%20pull/CSS124L-FINAL-PROJECT/fp/target/classes/assets/ui/fonts/PIXELADE.TTF
17:35:51.469 [FXGL Background Thread 2 ] INFO  FXGLApplication      - Game initialization took: 0.269 sec
17:35:51.470 [JavaFX Application Thread] DEBUG Input                - Clearing active input actions
17:35:51.475 [JavaFX Application Thread] DEBUG GameApplicationServi - Removing overlay from FXGLLoadingScene and adding to GameScene
17:35:51.475 [JavaFX Application Thread] DEBUG PrimaryStageWindow   - FXGLLoadingScene -> GameScene
17:35:51.478 [JavaFX Application Thread] DEBUG FXGLAssetLoaderServi - Loading from file system: file:/C:/Users/acer/OneDrive/Desktop/git%20pull/CSS124L-FINAL-PROJECT/fp/target/classes/assets/textures/banner.png
17:35:51.566 [JavaFX Application Thread] DEBUG PrimaryStageWindow   - Push state: PCM_BG
17:35:51.566 [JavaFX Application Thread] DEBUG Input                - Clearing active input actions
17:35:51.566 [JavaFX Application Thread] DEBUG GameApplicationServi - Removing overlay from GameScene and adding to PCM_BG
17:35:51.566 [JavaFX Application Thread] DEBUG PrimaryStageWindow   - GameScene -> PCM_BG
17:35:51.568 [JavaFX Application Thread] DEBUG PrimaryStageWindow   - Push state: MainMenu
17:35:51.568 [JavaFX Application Thread] DEBUG Input                - Clearing active input actions
17:35:51.568 [JavaFX Application Thread] DEBUG GameApplicationServi - Removing overlay from PCM_BG and adding to MainMenu
17:35:51.568 [JavaFX Application Thread] DEBUG PrimaryStageWindow   - PCM_BG -> MainMenu
17:35:53.356 [FXGL Background Thread 3 ] DEBUG Engine               - Logging environment variables
17:35:53.356 [FXGL Background Thread 3 ] DEBUG Engine               - achievements: []
17:35:53.356 [FXGL Background Thread 3 ] DEBUG Engine               - actualHeight: 600.0
17:35:53.356 [FXGL Background Thread 3 ] DEBUG Engine               - actualHeightProperty: ReadOnlyDoubleProperty [value: 600.0]
17:35:53.356 [FXGL Background Thread 3 ] DEBUG Engine               - actualWidth: 800.0
17:35:53.356 [FXGL Background Thread 3 ] DEBUG Engine               - actualWidthProperty: ReadOnlyDoubleProperty [value: 800.0]
17:35:53.356 [FXGL Background Thread 3 ] DEBUG Engine               - appIcon: fxgl_icon.png
17:35:53.356 [FXGL Background Thread 3 ] DEBUG Engine               - applicationMode: DEVELOPER
17:35:53.356 [FXGL Background Thread 3 ] DEBUG Engine               - cSSList: [fxgl_dark.css]
17:35:53.356 [FXGL Background Thread 3 ] DEBUG Engine               - collisionDetectionStrategy: BRUTE_FORCE
17:35:53.356 [FXGL Background Thread 3 ] DEBUG Engine               - configClass: Optional.empty
17:35:53.356 [FXGL Background Thread 3 ] DEBUG Engine               - credits: []
17:35:53.357 [FXGL Background Thread 3 ] DEBUG Engine               - defaultCursor: CursorInfo(imageName=fxgl_default_cursor.png, hotspotX=7.0, hotspotY=6.0)
17:35:53.357 [FXGL Background Thread 3 ] DEBUG Engine               - devBBoxColorProperty: ObjectProperty [value: 0xff0000ff]
17:35:53.357 [FXGL Background Thread 3 ] DEBUG Engine               - devEnableDebugCameraProperty: BooleanProperty [value: false]
17:35:53.357 [FXGL Background Thread 3 ] DEBUG Engine               - devSensorColorProperty: ObjectProperty [value: 0xffff00ff]
17:35:53.357 [FXGL Background Thread 3 ] DEBUG Engine               - devShowBBoxProperty: BooleanProperty [value: false]
17:35:53.357 [FXGL Background Thread 3 ] DEBUG Engine               - devShowPositionProperty: BooleanProperty [value: false]
17:35:53.357 [FXGL Background Thread 3 ] DEBUG Engine               - enabledMenuItems: []
17:35:53.357 [FXGL Background Thread 3 ] DEBUG Engine               - engineServices: [class com.almasb.fxgl.app.services.FXGLAssetLoaderService, class com.almasb.fxgl.app.FXGLApplication$GameApplicationService, class com.almasb.fxgl.app.services.FXGLDialogService, class com.almasb.fxgl.app.services.IOTaskExecutorService, class com.almasb.fxgl.io.FileSystemService, class com.almasb.fxgl.localization.LocalizationService, class com.almasb.fxgl.app.services.SystemBundleService, class com.almasb.fxgl.profile.SaveLoadService, class com.almasb.fxgl.ui.FXGLUIFactoryServiceProvider, class com.almasb.fxgl.ui.FXGLDialogFactoryServiceProvider, class com.almasb.fxgl.audio.AudioPlayer, class com.almasb.fxgl.notification.impl.NotificationServiceProvider, class com.almasb.fxgl.achievement.AchievementService, class com.almasb.fxgl.cutscene.CutsceneService, class com.almasb.fxgl.minigames.MiniGameService, class com.almasb.fxgl.net.NetService, class com.almasb.fxgl.app.services.UpdaterService, class com.almasb.fxgl.dev.DevService, class com.almasb.fxgl.multiplayer.MultiplayerService]
17:35:53.357 [FXGL Background Thread 3 ] DEBUG Engine               - fontGame: Abel-Regular.ttf
17:35:53.357 [FXGL Background Thread 3 ] DEBUG Engine               - fontMono: lucida_console.ttf
17:35:53.357 [FXGL Background Thread 3 ] DEBUG Engine               - fontText: Courier-Prime.ttf
17:35:53.357 [FXGL Background Thread 3 ] DEBUG Engine               - fontUI: VarelaRound-Regular.ttf
17:35:53.357 [FXGL Background Thread 3 ] DEBUG Engine               - fullScreen: BooleanProperty [value: false]
17:35:53.357 [FXGL Background Thread 3 ] DEBUG Engine               - gameDifficulty: MEDIUM
17:35:53.357 [FXGL Background Thread 3 ] DEBUG Engine               - gameDifficultyProperty: ObjectProperty [value: MEDIUM]
17:35:53.357 [FXGL Background Thread 3 ] DEBUG Engine               - globalMusicVolume: 0.5
17:35:53.357 [FXGL Background Thread 3 ] DEBUG Engine               - globalMusicVolumeProperty: DoubleProperty [value: 0.5]
17:35:53.357 [FXGL Background Thread 3 ] DEBUG Engine               - globalSoundVolume: 0.5
17:35:53.357 [FXGL Background Thread 3 ] DEBUG Engine               - globalSoundVolumeProperty: DoubleProperty [value: 0.5]
17:35:53.357 [FXGL Background Thread 3 ] DEBUG Engine               - height: 600
17:35:53.357 [FXGL Background Thread 3 ] DEBUG Engine               - is3D: false
17:35:53.357 [FXGL Background Thread 3 ] DEBUG Engine               - isAndroid: false
17:35:53.357 [FXGL Background Thread 3 ] DEBUG Engine               - isBrowser: false
17:35:53.357 [FXGL Background Thread 3 ] DEBUG Engine               - isClickFeedbackEnabled: false
17:35:53.358 [FXGL Background Thread 3 ] DEBUG Engine               - isCloseConfirmation: false
17:35:53.358 [FXGL Background Thread 3 ] DEBUG Engine               - isDesktop: true
17:35:53.358 [FXGL Background Thread 3 ] DEBUG Engine               - isDeveloperMenuEnabled: false
17:35:53.358 [FXGL Background Thread 3 ] DEBUG Engine               - isEmbedded: false
17:35:53.358 [FXGL Background Thread 3 ] DEBUG Engine               - isEntityPreloadEnabled: true
17:35:53.358 [FXGL Background Thread 3 ] DEBUG Engine               - isExperimentalTiledLargeMap: false
17:35:53.358 [FXGL Background Thread 3 ] DEBUG Engine               - isFileSystemWriteAllowed: true
17:35:53.358 [FXGL Background Thread 3 ] DEBUG Engine               - isFullScreenAllowed: false
17:35:53.358 [FXGL Background Thread 3 ] DEBUG Engine               - isFullScreenFromStart: false
17:35:53.358 [FXGL Background Thread 3 ] DEBUG Engine               - isGameMenuEnabled: true
17:35:53.358 [FXGL Background Thread 3 ] DEBUG Engine               - isIOS: false
17:35:53.358 [FXGL Background Thread 3 ] DEBUG Engine               - isIntroEnabled: false
17:35:53.358 [FXGL Background Thread 3 ] DEBUG Engine               - isLinux: false
17:35:53.358 [FXGL Background Thread 3 ] DEBUG Engine               - isMac: false
17:35:53.358 [FXGL Background Thread 3 ] DEBUG Engine               - isMainMenuEnabled: true
17:35:53.358 [FXGL Background Thread 3 ] DEBUG Engine               - isManualResizeEnabled: false
17:35:53.358 [FXGL Background Thread 3 ] DEBUG Engine               - isMobile: false
17:35:53.358 [FXGL Background Thread 3 ] DEBUG Engine               - isNative: false
17:35:53.358 [FXGL Background Thread 3 ] DEBUG Engine               - isPauseMusicWhenMinimized: true
17:35:53.358 [FXGL Background Thread 3 ] DEBUG Engine               - isPreserveResizeRatio: false
17:35:53.358 [FXGL Background Thread 3 ] DEBUG Engine               - isProfilingEnabled: false
17:35:53.358 [FXGL Background Thread 3 ] DEBUG Engine               - isScaleAffectedOnResize: true
17:35:53.358 [FXGL Background Thread 3 ] DEBUG Engine               - isSingleStep: false
17:35:53.358 [FXGL Background Thread 3 ] DEBUG Engine               - isUserProfileEnabled: false
17:35:53.358 [FXGL Background Thread 3 ] DEBUG Engine               - isWindows: true
17:35:53.358 [FXGL Background Thread 3 ] DEBUG Engine               - language: ObjectProperty [value: ENGLISH]
17:35:53.358 [FXGL Background Thread 3 ] DEBUG Engine               - menuKey: ESCAPE
17:35:53.358 [FXGL Background Thread 3 ] DEBUG Engine               - mouseSensitivity: 0.2
17:35:53.358 [FXGL Background Thread 3 ] DEBUG Engine               - notificationViewClass: class com.almasb.fxgl.notification.view.XboxNotificationView
17:35:53.358 [FXGL Background Thread 3 ] DEBUG Engine               - pixelsPerMeter: 50.0
17:35:53.358 [FXGL Background Thread 3 ] DEBUG Engine               - platform: WINDOWS
17:35:53.358 [FXGL Background Thread 3 ] DEBUG Engine               - prefHeightProperty: ReadOnlyDoubleProperty [value: 600.0]
17:35:53.358 [FXGL Background Thread 3 ] DEBUG Engine               - prefWidthProperty: ReadOnlyDoubleProperty [value: 800.0]
17:35:53.358 [FXGL Background Thread 3 ] DEBUG Engine               - profileDir: profiles/
17:35:53.358 [FXGL Background Thread 3 ] DEBUG Engine               - profileName: StringProperty [value: DEFAULT]
17:35:53.358 [FXGL Background Thread 3 ] DEBUG Engine               - randomSeed: -1
17:35:53.358 [FXGL Background Thread 3 ] DEBUG Engine               - runtimeInfo: RuntimeInfo(platform=WINDOWS, version=dev-SNAPSHOT, build=28.07.2021 16.39)
17:35:53.358 [FXGL Background Thread 3 ] DEBUG Engine               - saveFileExt: sav
17:35:53.358 [FXGL Background Thread 3 ] DEBUG Engine               - scaledHeightProp$fxgl: DoubleProperty [bound, value: 600.0]
17:35:53.358 [FXGL Background Thread 3 ] DEBUG Engine               - scaledWidthProp$fxgl: DoubleProperty [bound, value: 800.0]
17:35:53.358 [FXGL Background Thread 3 ] DEBUG Engine               - sceneFactory: com.groupfour.mygame.App$1@488cd986
17:35:53.358 [FXGL Background Thread 3 ] DEBUG Engine               - secondsIn24h: 60
17:35:53.358 [FXGL Background Thread 3 ] DEBUG Engine               - soundMenuBack: menu/back.wav
17:35:53.358 [FXGL Background Thread 3 ] DEBUG Engine               - soundMenuPress: menu/press.wav
17:35:53.358 [FXGL Background Thread 3 ] DEBUG Engine               - soundMenuSelect: menu/select.wav
17:35:53.358 [FXGL Background Thread 3 ] DEBUG Engine               - soundNotification: core/notification.wav
17:35:53.358 [FXGL Background Thread 3 ] DEBUG Engine               - stageStyle: DECORATED
17:35:53.359 [FXGL Background Thread 3 ] DEBUG Engine               - supportedLanguages: [ENGLISH, FRENCH, GERMAN, HUNGARIAN, RUSSIAN]
17:35:53.359 [FXGL Background Thread 3 ] DEBUG Engine               - ticksPerSecond: -1
17:35:53.359 [FXGL Background Thread 3 ] DEBUG Engine               - title: Flatline: Oregon
17:35:53.359 [FXGL Background Thread 3 ] DEBUG Engine               - urlGithub: https://github.com/AlmasB/FXGL
17:35:53.359 [FXGL Background Thread 3 ] DEBUG Engine               - urlLeaderboard: http://fxgl-top.herokuapp.com/
17:35:53.359 [FXGL Background Thread 3 ] DEBUG Engine               - urlPOM: https://raw.githubusercontent.com/AlmasB/FXGL/release/README.md
17:35:53.359 [FXGL Background Thread 3 ] DEBUG Engine               - userAppClass: class com.groupfour.mygame.App
17:35:53.359 [FXGL Background Thread 3 ] DEBUG Engine               - version: 0.0
17:35:53.359 [FXGL Background Thread 3 ] DEBUG Engine               - versionCheckDays: 7
17:35:53.359 [FXGL Background Thread 3 ] DEBUG Engine               - width: 800
17:35:53.359 [FXGL Background Thread 3 ] DEBUG Engine               - Logging services
17:35:53.359 [FXGL Background Thread 3 ] DEBUG Engine               - class com.almasb.fxgl.app.services.FXGLAssetLoaderService
17:35:53.359 [FXGL Background Thread 3 ] DEBUG Engine               - class com.almasb.fxgl.app.FXGLApplication$GameApplicationService
17:35:53.359 [FXGL Background Thread 3 ] DEBUG Engine               - class com.almasb.fxgl.app.services.FXGLDialogService
17:35:53.359 [FXGL Background Thread 3 ] DEBUG Engine               - class com.almasb.fxgl.app.services.IOTaskExecutorService
17:35:53.359 [FXGL Background Thread 3 ] DEBUG Engine               - class com.almasb.fxgl.io.FileSystemService
17:35:53.359 [FXGL Background Thread 3 ] DEBUG Engine               - class com.almasb.fxgl.localization.LocalizationService
17:35:53.359 [FXGL Background Thread 3 ] DEBUG Engine               - class com.almasb.fxgl.app.services.SystemBundleService
17:35:53.359 [FXGL Background Thread 3 ] DEBUG Engine               - class com.almasb.fxgl.profile.SaveLoadService
17:35:53.359 [FXGL Background Thread 3 ] DEBUG Engine               - class com.almasb.fxgl.ui.FXGLUIFactoryServiceProvider
17:35:53.359 [FXGL Background Thread 3 ] DEBUG Engine               - class com.almasb.fxgl.ui.FXGLDialogFactoryServiceProvider
17:35:53.359 [FXGL Background Thread 3 ] DEBUG Engine               - class com.almasb.fxgl.audio.AudioPlayer
17:35:53.359 [FXGL Background Thread 3 ] DEBUG Engine               - class com.almasb.fxgl.notification.impl.NotificationServiceProvider
17:35:53.359 [FXGL Background Thread 3 ] DEBUG Engine               - class com.almasb.fxgl.achievement.AchievementService
17:35:53.359 [FXGL Background Thread 3 ] DEBUG Engine               - class com.almasb.fxgl.cutscene.CutsceneService
17:35:53.359 [FXGL Background Thread 3 ] DEBUG Engine               - class com.almasb.fxgl.minigames.MiniGameService
17:35:53.359 [FXGL Background Thread 3 ] DEBUG Engine               - class com.almasb.fxgl.net.NetService
17:35:53.359 [FXGL Background Thread 3 ] DEBUG Engine               - class com.almasb.fxgl.app.services.UpdaterService
17:35:53.359 [FXGL Background Thread 3 ] DEBUG Engine               - class com.almasb.fxgl.dev.DevService
17:35:53.359 [FXGL Background Thread 3 ] DEBUG Engine               - class com.almasb.fxgl.multiplayer.MultiplayerService
17:35:59.168 [JavaFX Application Thread] DEBUG FXGLApplication      - Exiting FXGL
17:35:59.168 [JavaFX Application Thread] DEBUG LoopRunner           - Stopping loop
17:35:59.168 [JavaFX Application Thread] DEBUG SystemBundleService  - Saving FXGL system data
17:35:59.169 [JavaFX Application Thread] DEBUG FileSystemAccess     - Writing to: C:\Users\acer\OneDrive\Desktop\git pull\CSS124L-FINAL-PROJECT\system\fxgl.bundle
17:35:59.171 [JavaFX Application Thread] DEBUG Async                - Shutting down background threads
17:35:59.171 [JavaFX Application Thread] DEBUG PrimaryStageWindow   - Closing main window
17:35:59.183 [JavaFX Application Thread] DEBUG Logger               - Closing Logger
