15:12:39.538 [main                     ] DEBUG Logger               - Configured Logger
15:12:39.541 [main                     ] DEBUG GameApplication      - Logging settings
Title: Flatline: Oregon
Version: Alpha 0.3
Width: 800
Height: 600
Fullscreen: false
Intro: false
Profiling: false
Single step:false
App Mode: DEVELOPER
Menu Key: ESCAPE
Stage Style: DECORATED
Scene Factory: class com.groupfour.mygame.App$1

15:12:39.832 [JavaFX Application Thread] DEBUG FXGLApplication      - Initializing FXGL
15:12:39.833 [JavaFX Application Thread] INFO  Engine               - FXGL-dev-SNAPSHOT (28.07.2021 16.39) on WINDOWS (J:21.0.4 FX:16)
15:12:39.834 [JavaFX Application Thread] DEBUG Engine               - JRE Vendor Name: Eclipse Adoptium
15:12:39.834 [JavaFX Application Thread] DEBUG Engine               - Running on OS: Windows 11 version 10.0
15:12:39.834 [JavaFX Application Thread] DEBUG Engine               - Architecture: amd64
15:12:39.834 [JavaFX Application Thread] INFO  Engine               - Source code and latest versions at: https://github.com/AlmasB/FXGL
15:12:39.835 [JavaFX Application Thread] INFO  Engine               -              Join the FXGL chat at: https://gitter.im/AlmasB/FXGL
15:12:39.897 [JavaFX Application Thread] DEBUG PrimaryStageWindow   - Creating a JavaFX scene
15:12:39.929 [JavaFX Application Thread] DEBUG PrimaryStageWindow   - Target settings size: 800.0 x 600.0
15:12:39.929 [JavaFX Application Thread] DEBUG PrimaryStageWindow   - Scaled scene size:    800.0 x 600.0
15:12:39.929 [JavaFX Application Thread] DEBUG PrimaryStageWindow   - Scaled ratio: (1.0, 1.0)
15:12:39.930 [JavaFX Application Thread] DEBUG PrimaryStageWindow   - Set initial scene to FXGLStartupScene
15:12:39.936 [JavaFX Application Thread] DEBUG PrimaryStageWindow   - Opening main window
15:12:39.998 [JavaFX Application Thread] DEBUG PrimaryStageWindow   - Window border size: (16.0, 39.0)
15:12:39.998 [JavaFX Application Thread] DEBUG PrimaryStageWindow   - Scaled size: 800.0 x 600.0
15:12:39.998 [JavaFX Application Thread] DEBUG PrimaryStageWindow   - Scaled ratio: (1.0, 1.0)
15:12:39.998 [JavaFX Application Thread] DEBUG PrimaryStageWindow   - Scene size: 800.0 x 600.0
15:12:39.998 [JavaFX Application Thread] DEBUG PrimaryStageWindow   - Stage size: 816.0 x 639.0
15:12:40.005 [FXGL Background Thread 1 ] DEBUG Engine               - Initializing environment variables
15:12:40.060 [FXGL Background Thread 1 ] DEBUG FXGLAssetLoaderServi - User app class for loading assets: class com.groupfour.mygame.App
15:12:40.060 [FXGL Background Thread 1 ] DEBUG GameApplicationServi - Applying CSS: fxgl_dark.css
15:12:40.061 [FXGL Background Thread 1 ] DEBUG FXGLAssetLoaderServi - Loading from file system: jar:file:///C:/Users/Cent/.m2/repository/com/github/almasb/fxgl/dev-SNAPSHOT/fxgl-dev-SNAPSHOT.jar!/fxglassets/ui/css/fxgl_dark.css
15:12:40.099 [FXGL Background Thread 1 ] DEBUG GameApplicationServi - Initializing application scenes
15:12:40.156 [FXGL Background Thread 1 ] DEBUG GameWorld            - Game world initialized
15:12:40.213 [FXGL Background Thread 1 ] DEBUG PhysicsWorld         - Physics world initialized: appHeight=600, physics.ppm=50.0
15:12:40.213 [FXGL Background Thread 1 ] DEBUG PhysicsWorld         - Using strategy: BRUTE_FORCE
15:12:40.216 [FXGL Background Thread 1 ] DEBUG GameScene            - Game scene initialized: 800x600
15:12:40.223 [FXGL Background Thread 1 ] DEBUG FXGL.DefaultMenu     - createMenuBodyMainMenu()
15:12:40.234 [FXGL Background Thread 1 ] DEBUG FXGL.DefaultMenu     - createOptionsMenu()
15:12:40.241 [FXGL Background Thread 1 ] DEBUG FXGLAssetLoaderServi - Loading from file system: jar:file:///C:/Users/Cent/.m2/repository/com/github/almasb/fxgl/dev-SNAPSHOT/fxgl-dev-SNAPSHOT.jar!/fxglassets/textures/particles/smoke.png
15:12:40.342 [FXGL Background Thread 1 ] DEBUG FXGLAssetLoaderServi - Loading from file system: jar:file:///C:/Users/Cent/.m2/repository/com/github/almasb/fxgl/dev-SNAPSHOT/fxgl-dev-SNAPSHOT.jar!/fxglassets/textures/particles/trace_horizontal.png
15:12:40.375 [FXGL Background Thread 1 ] DEBUG GameApplicationServi - Application scenes initialized
15:12:40.383 [FXGL Background Thread 1 ] DEBUG SystemBundleService  - Loading FXGL system data
15:12:40.387 [FXGL Background Thread 1 ] DEBUG FileSystemAccess     - Reading from: c:\Users\Cent\Desktop\CSS124L-LE\CSS124L-FinalExam\CSS124L-FINAL-PROJECT\system\fxgl.bundle
15:12:40.396 [FXGL Background Thread 1 ] DEBUG SystemBundleService  - Bundle FXGL: {}
15:12:40.396 [FXGL Background Thread 1 ] DEBUG UpdaterService       - Checking for updates
15:12:40.399 [FXGL Background Thread 4 ] DEBUG FXGLApplication      - Loading fonts
15:12:40.399 [FXGL Background Thread 1 ] DEBUG FXGLApplication      - Loading default localization
15:12:40.399 [FXGL Background Thread 4 ] DEBUG FXGLAssetLoaderServi - Loading from file system: jar:file:///C:/Users/Cent/.m2/repository/com/github/almasb/fxgl/dev-SNAPSHOT/fxgl-dev-SNAPSHOT.jar!/fxglassets/ui/fonts/VarelaRound-Regular.ttf
15:12:40.399 [FXGL Background Thread 1 ] DEBUG FXGLAssetLoaderServi - Loading from file system: jar:file:///C:/Users/Cent/.m2/repository/com/github/almasb/fxgl/dev-SNAPSHOT/fxgl-dev-SNAPSHOT.jar!/fxglassets/languages/english.lang
15:12:40.411 [FXGL Background Thread 1 ] INFO  FXGLApplication      - FXGL initialization took: 0.406 sec
15:12:40.412 [JavaFX Application Thread] DEBUG FXGLAssetLoaderServi - Loading from file system: jar:file:///C:/Users/Cent/.m2/repository/com/github/almasb/fxgl/dev-SNAPSHOT/fxgl-dev-SNAPSHOT.jar!/fxglassets/textures/fxgl_icon.png
15:12:40.435 [FXGL Background Thread 4 ] DEBUG FXGLAssetLoaderServi - Loading from file system: jar:file:///C:/Users/Cent/.m2/repository/com/github/almasb/fxgl/dev-SNAPSHOT/fxgl-dev-SNAPSHOT.jar!/fxglassets/ui/fonts/Abel-Regular.ttf
15:12:40.438 [FXGL Background Thread 4 ] DEBUG FXGLAssetLoaderServi - Loading from file system: jar:file:///C:/Users/Cent/.m2/repository/com/github/almasb/fxgl/dev-SNAPSHOT/fxgl-dev-SNAPSHOT.jar!/fxglassets/ui/fonts/lucida_console.ttf
15:12:40.439 [JavaFX Application Thread] DEBUG FXGLAssetLoaderServi - Loading from file system: jar:file:///C:/Users/Cent/.m2/repository/com/github/almasb/fxgl/dev-SNAPSHOT/fxgl-dev-SNAPSHOT.jar!/fxglassets/textures/fxgl_default_cursor.png
15:12:40.443 [FXGL Background Thread 4 ] DEBUG FXGLAssetLoaderServi - Loading from file system: jar:file:///C:/Users/Cent/.m2/repository/com/github/almasb/fxgl/dev-SNAPSHOT/fxgl-dev-SNAPSHOT.jar!/fxglassets/ui/fonts/Courier-Prime.ttf
15:12:40.450 [JavaFX Application Thread] DEBUG Input                - Registered new binding: Screenshot - CTRL+8
15:12:40.450 [JavaFX Application Thread] DEBUG Input                - Registered new binding: System info dump - CTRL+9
15:12:40.450 [JavaFX Application Thread] DEBUG Input                - Registered new binding: Restart - CTRL+R
15:12:40.451 [JavaFX Application Thread] DEBUG Input                - Registered new binding: Toggle Debug Camera - CTRL+C
15:12:40.453 [JavaFX Application Thread] DEBUG LoopRunner           - Starting loop
15:12:40.453 [JavaFX Application Thread] DEBUG LoopRunner           - Initializing JavaFX AnimationTimerLoop
15:12:40.456 [JavaFX Application Thread] DEBUG Input                - Clearing active input actions
15:12:40.463 [JavaFX Application Thread] DEBUG GameApplicationServi - Removing overlay from FXGLStartupScene and adding to FXGLMainMenuDummyScene
15:12:40.463 [JavaFX Application Thread] DEBUG PrimaryStageWindow   - FXGLStartupScene -> FXGLMainMenuDummyScene
15:12:40.463 [JavaFX Application Thread] DEBUG PrimaryStageWindow   - Push state: FXGLDefaultMenu
15:12:40.479 [JavaFX Application Thread] DEBUG Input                - Clearing active input actions
15:12:40.491 [JavaFX Application Thread] DEBUG GameApplicationServi - Removing overlay from FXGLMainMenuDummyScene and adding to FXGLDefaultMenu
15:12:40.491 [JavaFX Application Thread] DEBUG PrimaryStageWindow   - FXGLMainMenuDummyScene -> FXGLDefaultMenu
15:12:40.497 [JavaFX Application Thread] DEBUG FXGLApplication      - Registering font factories with UI factory
15:12:40.901 [FXGL Background Thread 2 ] INFO  UpdaterService       - Your current version:  dev-SNAPSHOT
15:12:40.902 [FXGL Background Thread 2 ] INFO  UpdaterService       - Latest stable version: 21.1
15:12:41.172 [JavaFX Application Thread] DEBUG Menu                 - fireNewGame()
15:12:41.172 [JavaFX Application Thread] DEBUG GameApplicationServi - Starting new game
15:12:41.174 [JavaFX Application Thread] DEBUG PrimaryStageWindow   - Pop state: FXGLDefaultMenu
15:12:41.174 [JavaFX Application Thread] DEBUG Input                - Clearing active input actions
15:12:41.175 [JavaFX Application Thread] DEBUG GameApplicationServi - Removing overlay from FXGLDefaultMenu and adding to FXGLMainMenuDummyScene
15:12:41.175 [JavaFX Application Thread] DEBUG PrimaryStageWindow   - FXGLMainMenuDummyScene <- FXGLDefaultMenu
15:12:41.175 [JavaFX Application Thread] DEBUG Input                - Clearing active input actions
15:12:41.182 [JavaFX Application Thread] DEBUG GameApplicationServi - Removing overlay from FXGLMainMenuDummyScene and adding to FXGLLoadingScene
15:12:41.182 [JavaFX Application Thread] DEBUG PrimaryStageWindow   - FXGLMainMenuDummyScene -> FXGLLoadingScene
15:12:41.182 [JavaFX Application Thread] DEBUG GameApplicationServi - Clearing previous game
15:12:41.182 [JavaFX Application Thread] DEBUG GameScene            - Clearing game scene
15:12:41.182 [JavaFX Application Thread] DEBUG GameWorld            - Clearing game world
15:12:41.182 [JavaFX Application Thread] DEBUG PhysicsWorld         - Clearing physics world
15:12:41.185 [FXGL Background Thread 2 ] DEBUG FXGLApplication      - Initializing game
15:12:41.189 [FXGL Background Thread 2 ] INFO  FXGLApplication      - Game initialization took: 0.005 sec
15:12:41.209 [JavaFX Application Thread] DEBUG Input                - Clearing active input actions
15:12:41.215 [JavaFX Application Thread] DEBUG GameApplicationServi - Removing overlay from FXGLLoadingScene and adding to GameScene
15:12:41.215 [JavaFX Application Thread] DEBUG PrimaryStageWindow   - FXGLLoadingScene -> GameScene
15:12:41.217 [JavaFX Application Thread] DEBUG PrimaryStageWindow   - Push state: PlayerCountMenu
15:12:41.217 [JavaFX Application Thread] DEBUG Input                - Clearing active input actions
15:12:41.218 [JavaFX Application Thread] DEBUG GameApplicationServi - Removing overlay from GameScene and adding to PlayerCountMenu
15:12:41.218 [JavaFX Application Thread] DEBUG PrimaryStageWindow   - GameScene -> PlayerCountMenu
15:12:42.510 [JavaFX Application Thread] DEBUG PrimaryStageWindow   - Pop state: PlayerCountMenu
15:12:42.510 [JavaFX Application Thread] DEBUG Input                - Clearing active input actions
15:12:42.510 [JavaFX Application Thread] DEBUG GameApplicationServi - Removing overlay from PlayerCountMenu and adding to GameScene
15:12:42.511 [JavaFX Application Thread] DEBUG PrimaryStageWindow   - GameScene <- PlayerCountMenu
15:12:42.515 [JavaFX Application Thread] DEBUG FXGLAssetLoaderServi - Loading from file system: file:/C:/Users/Cent/Desktop/CSS124L-LE/CSS124L-FinalExam/CSS124L-FINAL-PROJECT/fp/target/classes/assets/textures/1P_Walk.gif
15:12:42.531 [JavaFX Application Thread] DEBUG Input                - Registered new binding: AUTO-0 - W
15:12:42.531 [JavaFX Application Thread] DEBUG Input                - Registered new binding: AUTO-1 - S
15:12:42.532 [JavaFX Application Thread] DEBUG Input                - Registered new binding: AUTO-2 - A
15:12:42.532 [JavaFX Application Thread] DEBUG Input                - Registered new binding: AUTO-3 - D
15:12:42.532 [JavaFX Application Thread] DEBUG Input                - Registered new binding: AUTO-4 - R
15:12:42.532 [JavaFX Application Thread] DEBUG Input                - Registered new binding: Start Shooting - LMB
15:12:43.398 [FXGL Background Thread 3 ] DEBUG Engine               - Logging environment variables
15:12:43.398 [FXGL Background Thread 3 ] DEBUG Engine               - achievements: []
15:12:43.398 [FXGL Background Thread 3 ] DEBUG Engine               - actualHeight: 600.0
15:12:43.398 [FXGL Background Thread 3 ] DEBUG Engine               - actualHeightProperty: ReadOnlyDoubleProperty [value: 600.0]
15:12:43.398 [FXGL Background Thread 3 ] DEBUG Engine               - actualWidth: 800.0
15:12:43.398 [FXGL Background Thread 3 ] DEBUG Engine               - actualWidthProperty: ReadOnlyDoubleProperty [value: 800.0]
15:12:43.398 [FXGL Background Thread 3 ] DEBUG Engine               - appIcon: fxgl_icon.png
15:12:43.398 [FXGL Background Thread 3 ] DEBUG Engine               - applicationMode: DEVELOPER
15:12:43.398 [FXGL Background Thread 3 ] DEBUG Engine               - cSSList: [fxgl_dark.css]
15:12:43.398 [FXGL Background Thread 3 ] DEBUG Engine               - collisionDetectionStrategy: BRUTE_FORCE
15:12:43.398 [FXGL Background Thread 3 ] DEBUG Engine               - configClass: Optional.empty
15:12:43.398 [FXGL Background Thread 3 ] DEBUG Engine               - credits: []
15:12:43.398 [FXGL Background Thread 3 ] DEBUG Engine               - defaultCursor: CursorInfo(imageName=fxgl_default_cursor.png, hotspotX=7.0, hotspotY=6.0)
15:12:43.399 [FXGL Background Thread 3 ] DEBUG Engine               - devBBoxColorProperty: ObjectProperty [value: 0xff0000ff]
15:12:43.399 [FXGL Background Thread 3 ] DEBUG Engine               - devEnableDebugCameraProperty: BooleanProperty [value: false]
15:12:43.399 [FXGL Background Thread 3 ] DEBUG Engine               - devSensorColorProperty: ObjectProperty [value: 0xffff00ff]
15:12:43.399 [FXGL Background Thread 3 ] DEBUG Engine               - devShowBBoxProperty: BooleanProperty [value: false]
15:12:43.399 [FXGL Background Thread 3 ] DEBUG Engine               - devShowPositionProperty: BooleanProperty [value: false]
15:12:43.399 [FXGL Background Thread 3 ] DEBUG Engine               - enabledMenuItems: []
15:12:43.399 [FXGL Background Thread 3 ] DEBUG Engine               - engineServices: [class com.almasb.fxgl.app.services.FXGLAssetLoaderService, class com.almasb.fxgl.app.FXGLApplication$GameApplicationService, class com.almasb.fxgl.app.services.FXGLDialogService, class com.almasb.fxgl.app.services.IOTaskExecutorService, class com.almasb.fxgl.io.FileSystemService, class com.almasb.fxgl.localization.LocalizationService, class com.almasb.fxgl.app.services.SystemBundleService, class com.almasb.fxgl.profile.SaveLoadService, class com.almasb.fxgl.ui.FXGLUIFactoryServiceProvider, class com.almasb.fxgl.ui.FXGLDialogFactoryServiceProvider, class com.almasb.fxgl.audio.AudioPlayer, class com.almasb.fxgl.notification.impl.NotificationServiceProvider, class com.almasb.fxgl.achievement.AchievementService, class com.almasb.fxgl.cutscene.CutsceneService, class com.almasb.fxgl.minigames.MiniGameService, class com.almasb.fxgl.net.NetService, class com.almasb.fxgl.app.services.UpdaterService, class com.almasb.fxgl.dev.DevService, class com.almasb.fxgl.multiplayer.MultiplayerService]
15:12:43.399 [FXGL Background Thread 3 ] DEBUG Engine               - fontGame: Abel-Regular.ttf
15:12:43.399 [FXGL Background Thread 3 ] DEBUG Engine               - fontMono: lucida_console.ttf
15:12:43.399 [FXGL Background Thread 3 ] DEBUG Engine               - fontText: Courier-Prime.ttf
15:12:43.399 [FXGL Background Thread 3 ] DEBUG Engine               - fontUI: VarelaRound-Regular.ttf
15:12:43.399 [FXGL Background Thread 3 ] DEBUG Engine               - fullScreen: BooleanProperty [value: false]
15:12:43.399 [FXGL Background Thread 3 ] DEBUG Engine               - gameDifficulty: MEDIUM
15:12:43.399 [FXGL Background Thread 3 ] DEBUG Engine               - gameDifficultyProperty: ObjectProperty [value: MEDIUM]
15:12:43.399 [FXGL Background Thread 3 ] DEBUG Engine               - globalMusicVolume: 0.5
15:12:43.399 [FXGL Background Thread 3 ] DEBUG Engine               - globalMusicVolumeProperty: DoubleProperty [value: 0.5]
15:12:43.399 [FXGL Background Thread 3 ] DEBUG Engine               - globalSoundVolume: 0.5
15:12:43.399 [FXGL Background Thread 3 ] DEBUG Engine               - globalSoundVolumeProperty: DoubleProperty [value: 0.5]
15:12:43.399 [FXGL Background Thread 3 ] DEBUG Engine               - height: 600
15:12:43.399 [FXGL Background Thread 3 ] DEBUG Engine               - is3D: false
15:12:43.399 [FXGL Background Thread 3 ] DEBUG Engine               - isAndroid: false
15:12:43.399 [FXGL Background Thread 3 ] DEBUG Engine               - isBrowser: false
15:12:43.399 [FXGL Background Thread 3 ] DEBUG Engine               - isClickFeedbackEnabled: false
15:12:43.399 [FXGL Background Thread 3 ] DEBUG Engine               - isCloseConfirmation: false
15:12:43.399 [FXGL Background Thread 3 ] DEBUG Engine               - isDesktop: true
15:12:43.399 [FXGL Background Thread 3 ] DEBUG Engine               - isDeveloperMenuEnabled: false
15:12:43.400 [FXGL Background Thread 3 ] DEBUG Engine               - isEmbedded: false
15:12:43.400 [FXGL Background Thread 3 ] DEBUG Engine               - isEntityPreloadEnabled: true
15:12:43.400 [FXGL Background Thread 3 ] DEBUG Engine               - isExperimentalTiledLargeMap: false
15:12:43.400 [FXGL Background Thread 3 ] DEBUG Engine               - isFileSystemWriteAllowed: true
15:12:43.400 [FXGL Background Thread 3 ] DEBUG Engine               - isFullScreenAllowed: false
15:12:43.400 [FXGL Background Thread 3 ] DEBUG Engine               - isFullScreenFromStart: false
15:12:43.400 [FXGL Background Thread 3 ] DEBUG Engine               - isGameMenuEnabled: true
15:12:43.400 [FXGL Background Thread 3 ] DEBUG Engine               - isIOS: false
15:12:43.400 [FXGL Background Thread 3 ] DEBUG Engine               - isIntroEnabled: false
15:12:43.400 [FXGL Background Thread 3 ] DEBUG Engine               - isLinux: false
15:12:43.400 [FXGL Background Thread 3 ] DEBUG Engine               - isMac: false
15:12:43.400 [FXGL Background Thread 3 ] DEBUG Engine               - isMainMenuEnabled: true
15:12:43.400 [FXGL Background Thread 3 ] DEBUG Engine               - isManualResizeEnabled: false
15:12:43.400 [FXGL Background Thread 3 ] DEBUG Engine               - isMobile: false
15:12:43.400 [FXGL Background Thread 3 ] DEBUG Engine               - isNative: false
15:12:43.400 [FXGL Background Thread 3 ] DEBUG Engine               - isPauseMusicWhenMinimized: true
15:12:43.400 [FXGL Background Thread 3 ] DEBUG Engine               - isPreserveResizeRatio: false
15:12:43.400 [FXGL Background Thread 3 ] DEBUG Engine               - isProfilingEnabled: false
15:12:43.400 [FXGL Background Thread 3 ] DEBUG Engine               - isScaleAffectedOnResize: true
15:12:43.400 [FXGL Background Thread 3 ] DEBUG Engine               - isSingleStep: false
15:12:43.400 [FXGL Background Thread 3 ] DEBUG Engine               - isUserProfileEnabled: false
15:12:43.400 [FXGL Background Thread 3 ] DEBUG Engine               - isWindows: true
15:12:43.400 [FXGL Background Thread 3 ] DEBUG Engine               - language: ObjectProperty [value: ENGLISH]
15:12:43.400 [FXGL Background Thread 3 ] DEBUG Engine               - menuKey: ESCAPE
15:12:43.400 [FXGL Background Thread 3 ] DEBUG Engine               - mouseSensitivity: 0.2
15:12:43.400 [FXGL Background Thread 3 ] DEBUG Engine               - notificationViewClass: class com.almasb.fxgl.notification.view.XboxNotificationView
15:12:43.400 [FXGL Background Thread 3 ] DEBUG Engine               - pixelsPerMeter: 50.0
15:12:43.400 [FXGL Background Thread 3 ] DEBUG Engine               - platform: WINDOWS
15:12:43.400 [FXGL Background Thread 3 ] DEBUG Engine               - prefHeightProperty: ReadOnlyDoubleProperty [value: 600.0]
15:12:43.400 [FXGL Background Thread 3 ] DEBUG Engine               - prefWidthProperty: ReadOnlyDoubleProperty [value: 800.0]
15:12:43.400 [FXGL Background Thread 3 ] DEBUG Engine               - profileDir: profiles/
15:12:43.400 [FXGL Background Thread 3 ] DEBUG Engine               - profileName: StringProperty [value: DEFAULT]
15:12:43.400 [FXGL Background Thread 3 ] DEBUG Engine               - randomSeed: -1
15:12:43.400 [FXGL Background Thread 3 ] DEBUG Engine               - runtimeInfo: RuntimeInfo(platform=WINDOWS, version=dev-SNAPSHOT, build=28.07.2021 16.39)
15:12:43.400 [FXGL Background Thread 3 ] DEBUG Engine               - saveFileExt: sav
15:12:43.400 [FXGL Background Thread 3 ] DEBUG Engine               - scaledHeightProp$fxgl: DoubleProperty [bound, value: 600.0]
15:12:43.400 [FXGL Background Thread 3 ] DEBUG Engine               - scaledWidthProp$fxgl: DoubleProperty [bound, value: 800.0]
15:12:43.400 [FXGL Background Thread 3 ] DEBUG Engine               - sceneFactory: com.groupfour.mygame.App$1@414197b0
15:12:43.400 [FXGL Background Thread 3 ] DEBUG Engine               - secondsIn24h: 60
15:12:43.400 [FXGL Background Thread 3 ] DEBUG Engine               - soundMenuBack: menu/back.wav
15:12:43.400 [FXGL Background Thread 3 ] DEBUG Engine               - soundMenuPress: menu/press.wav
15:12:43.400 [FXGL Background Thread 3 ] DEBUG Engine               - soundMenuSelect: menu/select.wav
15:12:43.400 [FXGL Background Thread 3 ] DEBUG Engine               - soundNotification: core/notification.wav
15:12:43.400 [FXGL Background Thread 3 ] DEBUG Engine               - stageStyle: DECORATED
15:12:43.400 [FXGL Background Thread 3 ] DEBUG Engine               - supportedLanguages: [ENGLISH, FRENCH, GERMAN, HUNGARIAN, RUSSIAN]
15:12:43.400 [FXGL Background Thread 3 ] DEBUG Engine               - ticksPerSecond: -1
15:12:43.400 [FXGL Background Thread 3 ] DEBUG Engine               - title: Flatline: Oregon
15:12:43.400 [FXGL Background Thread 3 ] DEBUG Engine               - urlGithub: https://github.com/AlmasB/FXGL
15:12:43.400 [FXGL Background Thread 3 ] DEBUG Engine               - urlLeaderboard: http://fxgl-top.herokuapp.com/
15:12:43.400 [FXGL Background Thread 3 ] DEBUG Engine               - urlPOM: https://raw.githubusercontent.com/AlmasB/FXGL/release/README.md
15:12:43.400 [FXGL Background Thread 3 ] DEBUG Engine               - userAppClass: class com.groupfour.mygame.App
15:12:43.400 [FXGL Background Thread 3 ] DEBUG Engine               - version: Alpha 0.3
15:12:43.400 [FXGL Background Thread 3 ] DEBUG Engine               - versionCheckDays: 7
15:12:43.400 [FXGL Background Thread 3 ] DEBUG Engine               - width: 800
15:12:43.400 [FXGL Background Thread 3 ] DEBUG Engine               - Logging services
15:12:43.400 [FXGL Background Thread 3 ] DEBUG Engine               - class com.almasb.fxgl.app.services.FXGLAssetLoaderService
15:12:43.400 [FXGL Background Thread 3 ] DEBUG Engine               - class com.almasb.fxgl.app.FXGLApplication$GameApplicationService
15:12:43.402 [FXGL Background Thread 3 ] DEBUG Engine               - class com.almasb.fxgl.app.services.FXGLDialogService
15:12:43.402 [FXGL Background Thread 3 ] DEBUG Engine               - class com.almasb.fxgl.app.services.IOTaskExecutorService
15:12:43.402 [FXGL Background Thread 3 ] DEBUG Engine               - class com.almasb.fxgl.io.FileSystemService
15:12:43.402 [FXGL Background Thread 3 ] DEBUG Engine               - class com.almasb.fxgl.localization.LocalizationService
15:12:43.402 [FXGL Background Thread 3 ] DEBUG Engine               - class com.almasb.fxgl.app.services.SystemBundleService
15:12:43.402 [FXGL Background Thread 3 ] DEBUG Engine               - class com.almasb.fxgl.profile.SaveLoadService
15:12:43.402 [FXGL Background Thread 3 ] DEBUG Engine               - class com.almasb.fxgl.ui.FXGLUIFactoryServiceProvider
15:12:43.402 [FXGL Background Thread 3 ] DEBUG Engine               - class com.almasb.fxgl.ui.FXGLDialogFactoryServiceProvider
15:12:43.402 [FXGL Background Thread 3 ] DEBUG Engine               - class com.almasb.fxgl.audio.AudioPlayer
15:12:43.402 [FXGL Background Thread 3 ] DEBUG Engine               - class com.almasb.fxgl.notification.impl.NotificationServiceProvider
15:12:43.402 [FXGL Background Thread 3 ] DEBUG Engine               - class com.almasb.fxgl.achievement.AchievementService
15:12:43.402 [FXGL Background Thread 3 ] DEBUG Engine               - class com.almasb.fxgl.cutscene.CutsceneService
15:12:43.402 [FXGL Background Thread 3 ] DEBUG Engine               - class com.almasb.fxgl.minigames.MiniGameService
15:12:43.402 [FXGL Background Thread 3 ] DEBUG Engine               - class com.almasb.fxgl.net.NetService
15:12:43.402 [FXGL Background Thread 3 ] DEBUG Engine               - class com.almasb.fxgl.app.services.UpdaterService
15:12:43.402 [FXGL Background Thread 3 ] DEBUG Engine               - class com.almasb.fxgl.dev.DevService
15:12:43.402 [FXGL Background Thread 3 ] DEBUG Engine               - class com.almasb.fxgl.multiplayer.MultiplayerService
15:13:13.305 [JavaFX Application Thread] DEBUG FXGLApplication      - Exiting FXGL
15:13:13.305 [JavaFX Application Thread] DEBUG LoopRunner           - Stopping loop
15:13:13.305 [JavaFX Application Thread] DEBUG SystemBundleService  - Saving FXGL system data
15:13:13.307 [JavaFX Application Thread] DEBUG FileSystemAccess     - Writing to: c:\Users\Cent\Desktop\CSS124L-LE\CSS124L-FinalExam\CSS124L-FINAL-PROJECT\system\fxgl.bundle
15:13:13.308 [JavaFX Application Thread] DEBUG Async                - Shutting down background threads
15:13:13.309 [JavaFX Application Thread] DEBUG PrimaryStageWindow   - Closing main window
15:13:13.329 [JavaFX Application Thread] DEBUG Logger               - Closing Logger
