14:58:52.056 [main                     ] DEBUG Logger               - Configured Logger
14:58:52.074 [main                     ] DEBUG GameApplication      - Logging settings
Title: Flatline; Miami
Version: Alpha 0.3
Width: 800
Height: 600
Fullscreen: false
Intro: false
Profiling: false
Single step:false
App Mode: DEVELOPER
Menu Key: ESCAPE
Stage Style: DECORATED
Scene Factory: class com.groupfour.mygame.App$1

14:58:52.585 [JavaFX Application Thread] DEBUG FXGLApplication      - Initializing FXGL
14:58:52.586 [JavaFX Application Thread] INFO  Engine               - FXGL-dev-SNAPSHOT (28.07.2021 16.39) on WINDOWS (J:21.0.4 FX:16)
14:58:52.587 [JavaFX Application Thread] DEBUG Engine               - JRE Vendor Name: Eclipse Adoptium
14:58:52.587 [JavaFX Application Thread] DEBUG Engine               - Running on OS: Windows 11 version 10.0
14:58:52.587 [JavaFX Application Thread] DEBUG Engine               - Architecture: amd64
14:58:52.587 [JavaFX Application Thread] INFO  Engine               - Source code and latest versions at: https://github.com/AlmasB/FXGL
14:58:52.588 [JavaFX Application Thread] INFO  Engine               -              Join the FXGL chat at: https://gitter.im/AlmasB/FXGL
14:58:52.699 [JavaFX Application Thread] DEBUG PrimaryStageWindow   - Creating a JavaFX scene
14:58:52.763 [JavaFX Application Thread] DEBUG PrimaryStageWindow   - Target settings size: 800.0 x 600.0
14:58:52.763 [JavaFX Application Thread] DEBUG PrimaryStageWindow   - Scaled scene size:    800.0 x 600.0
14:58:52.763 [JavaFX Application Thread] DEBUG PrimaryStageWindow   - Scaled ratio: (1.0, 1.0)
14:58:52.764 [JavaFX Application Thread] DEBUG PrimaryStageWindow   - Set initial scene to FXGLStartupScene
14:58:52.773 [JavaFX Application Thread] DEBUG PrimaryStageWindow   - Opening main window
14:58:52.887 [JavaFX Application Thread] DEBUG PrimaryStageWindow   - Window border size: (16.0, 39.0)
14:58:52.888 [JavaFX Application Thread] DEBUG PrimaryStageWindow   - Scaled size: 800.0 x 600.0
14:58:52.888 [JavaFX Application Thread] DEBUG PrimaryStageWindow   - Scaled ratio: (1.0, 1.0)
14:58:52.888 [JavaFX Application Thread] DEBUG PrimaryStageWindow   - Scene size: 800.0 x 600.0
14:58:52.888 [JavaFX Application Thread] DEBUG PrimaryStageWindow   - Stage size: 816.0 x 639.0
14:58:52.901 [FXGL Background Thread 1 ] DEBUG Engine               - Initializing environment variables
14:58:53.028 [FXGL Background Thread 1 ] DEBUG FXGLAssetLoaderServi - User app class for loading assets: class com.groupfour.mygame.App
14:58:53.029 [FXGL Background Thread 1 ] DEBUG GameApplicationServi - Applying CSS: fxgl_dark.css
14:58:53.030 [FXGL Background Thread 1 ] DEBUG FXGLAssetLoaderServi - Loading from file system: jar:file:///C:/Users/heugh/.m2/repository/com/github/almasb/fxgl/dev-SNAPSHOT/fxgl-dev-SNAPSHOT.jar!/fxglassets/ui/css/fxgl_dark.css
14:58:53.085 [FXGL Background Thread 1 ] DEBUG GameApplicationServi - Initializing application scenes
14:58:53.130 [FXGL Background Thread 1 ] DEBUG GameWorld            - Game world initialized
14:58:53.225 [FXGL Background Thread 1 ] DEBUG PhysicsWorld         - Physics world initialized: appHeight=600, physics.ppm=50.0
14:58:53.226 [FXGL Background Thread 1 ] DEBUG PhysicsWorld         - Using strategy: BRUTE_FORCE
14:58:53.229 [FXGL Background Thread 1 ] DEBUG GameScene            - Game scene initialized: 800x600
14:58:53.241 [FXGL Background Thread 1 ] DEBUG FXGL.DefaultMenu     - createMenuBodyMainMenu()
14:58:53.257 [FXGL Background Thread 1 ] DEBUG FXGL.DefaultMenu     - createOptionsMenu()
14:58:53.263 [FXGL Background Thread 1 ] DEBUG FXGL.DefaultMenu     - createExtraMenu()
14:58:53.269 [FXGL Background Thread 1 ] DEBUG FXGLAssetLoaderServi - Loading from file system: jar:file:///C:/Users/heugh/.m2/repository/com/github/almasb/fxgl/dev-SNAPSHOT/fxgl-dev-SNAPSHOT.jar!/fxglassets/textures/particles/smoke.png
14:58:53.394 [FXGL Background Thread 1 ] DEBUG FXGLAssetLoaderServi - Loading from file system: jar:file:///C:/Users/heugh/.m2/repository/com/github/almasb/fxgl/dev-SNAPSHOT/fxgl-dev-SNAPSHOT.jar!/fxglassets/textures/particles/trace_horizontal.png
14:58:53.445 [FXGL Background Thread 1 ] DEBUG GameApplicationServi - Application scenes initialized
14:58:53.457 [FXGL Background Thread 1 ] DEBUG SystemBundleService  - Loading FXGL system data
14:58:53.462 [FXGL Background Thread 1 ] DEBUG FileSystemAccess     - Reading from: C:\School\2nd Year\1st Term\CSS124L\FinalExam\CSS124L-FINAL-PROJECT-main\CSS124L-FINAL-PROJECT-main\system\fxgl.bundle
14:58:53.473 [FXGL Background Thread 1 ] DEBUG SystemBundleService  - Bundle FXGL: {}
14:58:53.473 [FXGL Background Thread 1 ] DEBUG UpdaterService       - Checking for updates
14:58:53.479 [FXGL Background Thread 4 ] DEBUG FXGLApplication      - Loading fonts
14:58:53.479 [FXGL Background Thread 1 ] DEBUG FXGLApplication      - Loading default localization
14:58:53.480 [FXGL Background Thread 4 ] DEBUG FXGLAssetLoaderServi - Loading from file system: jar:file:///C:/Users/heugh/.m2/repository/com/github/almasb/fxgl/dev-SNAPSHOT/fxgl-dev-SNAPSHOT.jar!/fxglassets/ui/fonts/VarelaRound-Regular.ttf
14:58:53.480 [FXGL Background Thread 1 ] DEBUG FXGLAssetLoaderServi - Loading from file system: jar:file:///C:/Users/heugh/.m2/repository/com/github/almasb/fxgl/dev-SNAPSHOT/fxgl-dev-SNAPSHOT.jar!/fxglassets/languages/english.lang
14:58:53.501 [FXGL Background Thread 1 ] INFO  FXGLApplication      - FXGL initialization took: 0.600 sec
14:58:53.519 [JavaFX Application Thread] DEBUG Input                - Registered new binding: action0 - W
14:58:53.519 [JavaFX Application Thread] DEBUG Input                - Registered new binding: action1 - S
14:58:53.520 [JavaFX Application Thread] DEBUG Input                - Registered new binding: action2 - A
14:58:53.520 [JavaFX Application Thread] DEBUG Input                - Registered new binding: action3 - D
14:58:53.522 [JavaFX Application Thread] DEBUG Input                - Registered new binding: Start Shooting for Player 1 - LMB
14:58:53.524 [JavaFX Application Thread] DEBUG Input                - Registered new binding: AUTO-0 - W
14:58:53.525 [JavaFX Application Thread] DEBUG Input                - Registered new binding: AUTO-1 - S
14:58:53.526 [JavaFX Application Thread] DEBUG Input                - Registered new binding: AUTO-2 - A
14:58:53.527 [JavaFX Application Thread] DEBUG Input                - Registered new binding: AUTO-3 - D
14:58:53.527 [JavaFX Application Thread] DEBUG Input                - Registered new binding: Start Shooting for Player 2 - LMB
14:58:53.528 [JavaFX Application Thread] DEBUG FXGLAssetLoaderServi - Loading from file system: jar:file:///C:/Users/heugh/.m2/repository/com/github/almasb/fxgl/dev-SNAPSHOT/fxgl-dev-SNAPSHOT.jar!/fxglassets/textures/fxgl_icon.png
14:58:53.542 [FXGL Background Thread 4 ] DEBUG FXGLAssetLoaderServi - Loading from file system: jar:file:///C:/Users/heugh/.m2/repository/com/github/almasb/fxgl/dev-SNAPSHOT/fxgl-dev-SNAPSHOT.jar!/fxglassets/ui/fonts/Abel-Regular.ttf
14:58:53.555 [FXGL Background Thread 4 ] DEBUG FXGLAssetLoaderServi - Loading from file system: jar:file:///C:/Users/heugh/.m2/repository/com/github/almasb/fxgl/dev-SNAPSHOT/fxgl-dev-SNAPSHOT.jar!/fxglassets/ui/fonts/lucida_console.ttf
14:58:53.562 [JavaFX Application Thread] DEBUG FXGLAssetLoaderServi - Loading from file system: jar:file:///C:/Users/heugh/.m2/repository/com/github/almasb/fxgl/dev-SNAPSHOT/fxgl-dev-SNAPSHOT.jar!/fxglassets/textures/fxgl_default_cursor.png
14:58:53.564 [JavaFX Application Thread] DEBUG Input                - Registered new binding: Screenshot - CTRL+8
14:58:53.565 [JavaFX Application Thread] DEBUG Input                - Registered new binding: System info dump - CTRL+9
14:58:53.565 [JavaFX Application Thread] DEBUG Input                - Registered new binding: Restart - CTRL+R
14:58:53.567 [JavaFX Application Thread] DEBUG Input                - Registered new binding: Toggle Debug Camera - CTRL+C
14:58:53.570 [JavaFX Application Thread] DEBUG LoopRunner           - Starting loop
14:58:53.570 [JavaFX Application Thread] DEBUG LoopRunner           - Initializing JavaFX AnimationTimerLoop
14:58:53.572 [FXGL Background Thread 4 ] DEBUG FXGLAssetLoaderServi - Loading from file system: jar:file:///C:/Users/heugh/.m2/repository/com/github/almasb/fxgl/dev-SNAPSHOT/fxgl-dev-SNAPSHOT.jar!/fxglassets/ui/fonts/Courier-Prime.ttf
14:58:53.573 [JavaFX Application Thread] DEBUG Input                - Clearing active input actions
14:58:53.581 [JavaFX Application Thread] DEBUG GameApplicationServi - Removing overlay from FXGLStartupScene and adding to FXGLMainMenuDummyScene
14:58:53.581 [JavaFX Application Thread] DEBUG PrimaryStageWindow   - FXGLStartupScene -> FXGLMainMenuDummyScene
14:58:53.581 [JavaFX Application Thread] DEBUG PrimaryStageWindow   - Push state: FXGLDefaultMenu
14:58:53.594 [JavaFX Application Thread] DEBUG Input                - Clearing active input actions
14:58:53.605 [JavaFX Application Thread] DEBUG GameApplicationServi - Removing overlay from FXGLMainMenuDummyScene and adding to FXGLDefaultMenu
14:58:53.606 [JavaFX Application Thread] DEBUG PrimaryStageWindow   - FXGLMainMenuDummyScene -> FXGLDefaultMenu
14:58:53.703 [JavaFX Application Thread] DEBUG FXGLApplication      - Registering font factories with UI factory
14:58:54.195 [FXGL Background Thread 2 ] INFO  UpdaterService       - Your current version:  dev-SNAPSHOT
14:58:54.196 [FXGL Background Thread 2 ] INFO  UpdaterService       - Latest stable version: 21.1
14:58:55.032 [JavaFX Application Thread] DEBUG Menu                 - fireNewGame()
14:58:55.032 [JavaFX Application Thread] DEBUG GameApplicationServi - Starting new game
14:58:55.035 [JavaFX Application Thread] DEBUG PrimaryStageWindow   - Pop state: FXGLDefaultMenu
14:58:55.035 [JavaFX Application Thread] DEBUG Input                - Clearing active input actions
14:58:55.036 [JavaFX Application Thread] DEBUG GameApplicationServi - Removing overlay from FXGLDefaultMenu and adding to FXGLMainMenuDummyScene
14:58:55.037 [JavaFX Application Thread] DEBUG PrimaryStageWindow   - FXGLMainMenuDummyScene <- FXGLDefaultMenu
14:58:55.037 [JavaFX Application Thread] DEBUG Input                - Clearing active input actions
14:58:55.053 [JavaFX Application Thread] DEBUG GameApplicationServi - Removing overlay from FXGLMainMenuDummyScene and adding to FXGLLoadingScene
14:58:55.053 [JavaFX Application Thread] DEBUG PrimaryStageWindow   - FXGLMainMenuDummyScene -> FXGLLoadingScene
14:58:55.053 [JavaFX Application Thread] DEBUG GameApplicationServi - Clearing previous game
14:58:55.053 [JavaFX Application Thread] DEBUG GameScene            - Clearing game scene
14:58:55.054 [JavaFX Application Thread] DEBUG GameWorld            - Clearing game world
14:58:55.054 [JavaFX Application Thread] DEBUG PhysicsWorld         - Clearing physics world
14:58:55.056 [FXGL Background Thread 2 ] DEBUG FXGLApplication      - Initializing game
14:58:55.061 [FXGL Background Thread 2 ] INFO  FXGLApplication      - Game initialization took: 0.005 sec
14:58:55.080 [JavaFX Application Thread] DEBUG Input                - Clearing active input actions
14:58:55.097 [JavaFX Application Thread] DEBUG GameApplicationServi - Removing overlay from FXGLLoadingScene and adding to GameScene
14:58:55.098 [JavaFX Application Thread] DEBUG PrimaryStageWindow   - FXGLLoadingScene -> GameScene
14:58:55.101 [JavaFX Application Thread] DEBUG PrimaryStageWindow   - Push state: PlayerCountMenu
14:58:55.101 [JavaFX Application Thread] DEBUG Input                - Clearing active input actions
14:58:55.101 [JavaFX Application Thread] DEBUG GameApplicationServi - Removing overlay from GameScene and adding to PlayerCountMenu
14:58:55.102 [JavaFX Application Thread] DEBUG PrimaryStageWindow   - GameScene -> PlayerCountMenu
14:58:56.477 [FXGL Background Thread 3 ] DEBUG Engine               - Logging environment variables
14:58:56.478 [FXGL Background Thread 3 ] DEBUG Engine               - achievements: []
14:58:56.478 [FXGL Background Thread 3 ] DEBUG Engine               - actualHeight: 600.0
14:58:56.479 [FXGL Background Thread 3 ] DEBUG Engine               - actualHeightProperty: ReadOnlyDoubleProperty [value: 600.0]
14:58:56.479 [FXGL Background Thread 3 ] DEBUG Engine               - actualWidth: 800.0
14:58:56.479 [FXGL Background Thread 3 ] DEBUG Engine               - actualWidthProperty: ReadOnlyDoubleProperty [value: 800.0]
14:58:56.479 [FXGL Background Thread 3 ] DEBUG Engine               - appIcon: fxgl_icon.png
14:58:56.479 [FXGL Background Thread 3 ] DEBUG Engine               - applicationMode: DEVELOPER
14:58:56.479 [FXGL Background Thread 3 ] DEBUG Engine               - cSSList: [fxgl_dark.css]
14:58:56.479 [FXGL Background Thread 3 ] DEBUG Engine               - collisionDetectionStrategy: BRUTE_FORCE
14:58:56.479 [FXGL Background Thread 3 ] DEBUG Engine               - configClass: Optional.empty
14:58:56.479 [FXGL Background Thread 3 ] DEBUG Engine               - credits: [PutCreditsHere- PlaceHolderName]
14:58:56.479 [FXGL Background Thread 3 ] DEBUG Engine               - defaultCursor: CursorInfo(imageName=fxgl_default_cursor.png, hotspotX=7.0, hotspotY=6.0)
14:58:56.480 [FXGL Background Thread 3 ] DEBUG Engine               - devBBoxColorProperty: ObjectProperty [value: 0xff0000ff]
14:58:56.480 [FXGL Background Thread 3 ] DEBUG Engine               - devEnableDebugCameraProperty: BooleanProperty [value: false]
14:58:56.480 [FXGL Background Thread 3 ] DEBUG Engine               - devSensorColorProperty: ObjectProperty [value: 0xffff00ff]
14:58:56.480 [FXGL Background Thread 3 ] DEBUG Engine               - devShowBBoxProperty: BooleanProperty [value: false]
14:58:56.480 [FXGL Background Thread 3 ] DEBUG Engine               - devShowPositionProperty: BooleanProperty [value: false]
14:58:56.480 [FXGL Background Thread 3 ] DEBUG Engine               - enabledMenuItems: [EXTRA]
14:58:56.480 [FXGL Background Thread 3 ] DEBUG Engine               - engineServices: [class com.almasb.fxgl.app.services.FXGLAssetLoaderService, class com.almasb.fxgl.app.FXGLApplication$GameApplicationService, class com.almasb.fxgl.app.services.FXGLDialogService, class com.almasb.fxgl.app.services.IOTaskExecutorService, class com.almasb.fxgl.io.FileSystemService, class com.almasb.fxgl.localization.LocalizationService, class com.almasb.fxgl.app.services.SystemBundleService, class com.almasb.fxgl.profile.SaveLoadService, class com.almasb.fxgl.ui.FXGLUIFactoryServiceProvider, class com.almasb.fxgl.ui.FXGLDialogFactoryServiceProvider, class com.almasb.fxgl.audio.AudioPlayer, class com.almasb.fxgl.notification.impl.NotificationServiceProvider, class com.almasb.fxgl.achievement.AchievementService, class com.almasb.fxgl.cutscene.CutsceneService, class com.almasb.fxgl.minigames.MiniGameService, class com.almasb.fxgl.net.NetService, class com.almasb.fxgl.app.services.UpdaterService, class com.almasb.fxgl.dev.DevService, class com.almasb.fxgl.multiplayer.MultiplayerService]
14:58:56.480 [FXGL Background Thread 3 ] DEBUG Engine               - fontGame: Abel-Regular.ttf
14:58:56.480 [FXGL Background Thread 3 ] DEBUG Engine               - fontMono: lucida_console.ttf
14:58:56.481 [FXGL Background Thread 3 ] DEBUG Engine               - fontText: Courier-Prime.ttf
14:58:56.481 [FXGL Background Thread 3 ] DEBUG Engine               - fontUI: VarelaRound-Regular.ttf
14:58:56.481 [FXGL Background Thread 3 ] DEBUG Engine               - fullScreen: BooleanProperty [value: false]
14:58:56.481 [FXGL Background Thread 3 ] DEBUG Engine               - gameDifficulty: MEDIUM
14:58:56.481 [FXGL Background Thread 3 ] DEBUG Engine               - gameDifficultyProperty: ObjectProperty [value: MEDIUM]
14:58:56.481 [FXGL Background Thread 3 ] DEBUG Engine               - globalMusicVolume: 0.5
14:58:56.481 [FXGL Background Thread 3 ] DEBUG Engine               - globalMusicVolumeProperty: DoubleProperty [value: 0.5]
14:58:56.481 [FXGL Background Thread 3 ] DEBUG Engine               - globalSoundVolume: 0.5
14:58:56.481 [FXGL Background Thread 3 ] DEBUG Engine               - globalSoundVolumeProperty: DoubleProperty [value: 0.5]
14:58:56.481 [FXGL Background Thread 3 ] DEBUG Engine               - height: 600
14:58:56.481 [FXGL Background Thread 3 ] DEBUG Engine               - is3D: false
14:58:56.482 [FXGL Background Thread 3 ] DEBUG Engine               - isAndroid: false
14:58:56.482 [FXGL Background Thread 3 ] DEBUG Engine               - isBrowser: false
14:58:56.482 [FXGL Background Thread 3 ] DEBUG Engine               - isClickFeedbackEnabled: false
14:58:56.482 [FXGL Background Thread 3 ] DEBUG Engine               - isCloseConfirmation: false
14:58:56.482 [FXGL Background Thread 3 ] DEBUG Engine               - isDesktop: true
14:58:56.482 [FXGL Background Thread 3 ] DEBUG Engine               - isDeveloperMenuEnabled: false
14:58:56.482 [FXGL Background Thread 3 ] DEBUG Engine               - isEmbedded: false
14:58:56.482 [FXGL Background Thread 3 ] DEBUG Engine               - isEntityPreloadEnabled: true
14:58:56.482 [FXGL Background Thread 3 ] DEBUG Engine               - isExperimentalTiledLargeMap: false
14:58:56.482 [FXGL Background Thread 3 ] DEBUG Engine               - isFileSystemWriteAllowed: true
14:58:56.482 [FXGL Background Thread 3 ] DEBUG Engine               - isFullScreenAllowed: false
14:58:56.482 [FXGL Background Thread 3 ] DEBUG Engine               - isFullScreenFromStart: false
14:58:56.483 [FXGL Background Thread 3 ] DEBUG Engine               - isGameMenuEnabled: true
14:58:56.483 [FXGL Background Thread 3 ] DEBUG Engine               - isIOS: false
14:58:56.483 [FXGL Background Thread 3 ] DEBUG Engine               - isIntroEnabled: false
14:58:56.483 [FXGL Background Thread 3 ] DEBUG Engine               - isLinux: false
14:58:56.483 [FXGL Background Thread 3 ] DEBUG Engine               - isMac: false
14:58:56.483 [FXGL Background Thread 3 ] DEBUG Engine               - isMainMenuEnabled: true
14:58:56.483 [FXGL Background Thread 3 ] DEBUG Engine               - isManualResizeEnabled: false
14:58:56.483 [FXGL Background Thread 3 ] DEBUG Engine               - isMobile: false
14:58:56.483 [FXGL Background Thread 3 ] DEBUG Engine               - isNative: false
14:58:56.483 [FXGL Background Thread 3 ] DEBUG Engine               - isPauseMusicWhenMinimized: true
14:58:56.483 [FXGL Background Thread 3 ] DEBUG Engine               - isPreserveResizeRatio: false
14:58:56.483 [FXGL Background Thread 3 ] DEBUG Engine               - isProfilingEnabled: false
14:58:56.483 [FXGL Background Thread 3 ] DEBUG Engine               - isScaleAffectedOnResize: true
14:58:56.484 [FXGL Background Thread 3 ] DEBUG Engine               - isSingleStep: false
14:58:56.484 [FXGL Background Thread 3 ] DEBUG Engine               - isUserProfileEnabled: false
14:58:56.484 [FXGL Background Thread 3 ] DEBUG Engine               - isWindows: true
14:58:56.484 [FXGL Background Thread 3 ] DEBUG Engine               - language: ObjectProperty [value: ENGLISH]
14:58:56.484 [FXGL Background Thread 3 ] DEBUG Engine               - menuKey: ESCAPE
14:58:56.484 [FXGL Background Thread 3 ] DEBUG Engine               - mouseSensitivity: 0.2
14:58:56.484 [FXGL Background Thread 3 ] DEBUG Engine               - notificationViewClass: class com.almasb.fxgl.notification.view.XboxNotificationView
14:58:56.484 [FXGL Background Thread 3 ] DEBUG Engine               - pixelsPerMeter: 50.0
14:58:56.484 [FXGL Background Thread 3 ] DEBUG Engine               - platform: WINDOWS
14:58:56.484 [FXGL Background Thread 3 ] DEBUG Engine               - prefHeightProperty: ReadOnlyDoubleProperty [value: 600.0]
14:58:56.484 [FXGL Background Thread 3 ] DEBUG Engine               - prefWidthProperty: ReadOnlyDoubleProperty [value: 800.0]
14:58:56.484 [FXGL Background Thread 3 ] DEBUG Engine               - profileDir: profiles/
14:58:56.485 [FXGL Background Thread 3 ] DEBUG Engine               - profileName: StringProperty [value: DEFAULT]
14:58:56.485 [FXGL Background Thread 3 ] DEBUG Engine               - randomSeed: -1
14:58:56.485 [FXGL Background Thread 3 ] DEBUG Engine               - runtimeInfo: RuntimeInfo(platform=WINDOWS, version=dev-SNAPSHOT, build=28.07.2021 16.39)
14:58:56.485 [FXGL Background Thread 3 ] DEBUG Engine               - saveFileExt: sav
14:58:56.485 [FXGL Background Thread 3 ] DEBUG Engine               - scaledHeightProp$fxgl: DoubleProperty [bound, value: 600.0]
14:58:56.485 [FXGL Background Thread 3 ] DEBUG Engine               - scaledWidthProp$fxgl: DoubleProperty [bound, value: 800.0]
14:58:56.485 [FXGL Background Thread 3 ] DEBUG Engine               - sceneFactory: com.groupfour.mygame.App$1@2f083479
14:58:56.485 [FXGL Background Thread 3 ] DEBUG Engine               - secondsIn24h: 60
14:58:56.485 [FXGL Background Thread 3 ] DEBUG Engine               - soundMenuBack: menu/back.wav
14:58:56.486 [FXGL Background Thread 3 ] DEBUG Engine               - soundMenuPress: menu/press.wav
14:58:56.486 [FXGL Background Thread 3 ] DEBUG Engine               - soundMenuSelect: menu/select.wav
14:58:56.486 [FXGL Background Thread 3 ] DEBUG Engine               - soundNotification: core/notification.wav
14:58:56.486 [FXGL Background Thread 3 ] DEBUG Engine               - stageStyle: DECORATED
14:58:56.486 [FXGL Background Thread 3 ] DEBUG Engine               - supportedLanguages: [ENGLISH, FRENCH, GERMAN, HUNGARIAN, RUSSIAN]
14:58:56.486 [FXGL Background Thread 3 ] DEBUG Engine               - ticksPerSecond: -1
14:58:56.486 [FXGL Background Thread 3 ] DEBUG Engine               - title: Flatline; Miami
14:58:56.486 [FXGL Background Thread 3 ] DEBUG Engine               - urlGithub: https://github.com/AlmasB/FXGL
14:58:56.486 [FXGL Background Thread 3 ] DEBUG Engine               - urlLeaderboard: http://fxgl-top.herokuapp.com/
14:58:56.486 [FXGL Background Thread 3 ] DEBUG Engine               - urlPOM: https://raw.githubusercontent.com/AlmasB/FXGL/release/README.md
14:58:56.486 [FXGL Background Thread 3 ] DEBUG Engine               - userAppClass: class com.groupfour.mygame.App
14:58:56.486 [FXGL Background Thread 3 ] DEBUG Engine               - version: Alpha 0.3
14:58:56.486 [FXGL Background Thread 3 ] DEBUG Engine               - versionCheckDays: 7
14:58:56.486 [FXGL Background Thread 3 ] DEBUG Engine               - width: 800
14:58:56.486 [FXGL Background Thread 3 ] DEBUG Engine               - Logging services
14:58:56.486 [FXGL Background Thread 3 ] DEBUG Engine               - class com.almasb.fxgl.app.services.FXGLAssetLoaderService
14:58:56.487 [FXGL Background Thread 3 ] DEBUG Engine               - class com.almasb.fxgl.app.FXGLApplication$GameApplicationService
14:58:56.487 [FXGL Background Thread 3 ] DEBUG Engine               - class com.almasb.fxgl.app.services.FXGLDialogService
14:58:56.487 [FXGL Background Thread 3 ] DEBUG Engine               - class com.almasb.fxgl.app.services.IOTaskExecutorService
14:58:56.487 [FXGL Background Thread 3 ] DEBUG Engine               - class com.almasb.fxgl.io.FileSystemService
14:58:56.487 [FXGL Background Thread 3 ] DEBUG Engine               - class com.almasb.fxgl.localization.LocalizationService
14:58:56.487 [FXGL Background Thread 3 ] DEBUG Engine               - class com.almasb.fxgl.app.services.SystemBundleService
14:58:56.487 [FXGL Background Thread 3 ] DEBUG Engine               - class com.almasb.fxgl.profile.SaveLoadService
14:58:56.487 [FXGL Background Thread 3 ] DEBUG Engine               - class com.almasb.fxgl.ui.FXGLUIFactoryServiceProvider
14:58:56.487 [FXGL Background Thread 3 ] DEBUG Engine               - class com.almasb.fxgl.ui.FXGLDialogFactoryServiceProvider
14:58:56.487 [FXGL Background Thread 3 ] DEBUG Engine               - class com.almasb.fxgl.audio.AudioPlayer
14:58:56.487 [FXGL Background Thread 3 ] DEBUG Engine               - class com.almasb.fxgl.notification.impl.NotificationServiceProvider
14:58:56.487 [FXGL Background Thread 3 ] DEBUG Engine               - class com.almasb.fxgl.achievement.AchievementService
14:58:56.487 [FXGL Background Thread 3 ] DEBUG Engine               - class com.almasb.fxgl.cutscene.CutsceneService
14:58:56.487 [FXGL Background Thread 3 ] DEBUG Engine               - class com.almasb.fxgl.minigames.MiniGameService
14:58:56.488 [FXGL Background Thread 3 ] DEBUG Engine               - class com.almasb.fxgl.net.NetService
14:58:56.488 [FXGL Background Thread 3 ] DEBUG Engine               - class com.almasb.fxgl.app.services.UpdaterService
14:58:56.488 [FXGL Background Thread 3 ] DEBUG Engine               - class com.almasb.fxgl.dev.DevService
14:58:56.488 [FXGL Background Thread 3 ] DEBUG Engine               - class com.almasb.fxgl.multiplayer.MultiplayerService
14:58:59.061 [JavaFX Application Thread] DEBUG PrimaryStageWindow   - Push state: DialogSubScene
14:58:59.062 [JavaFX Application Thread] DEBUG Input                - Clearing active input actions
14:58:59.063 [JavaFX Application Thread] DEBUG GameApplicationServi - Removing overlay from PlayerCountMenu and adding to DialogSubScene
14:58:59.064 [JavaFX Application Thread] DEBUG PrimaryStageWindow   - PlayerCountMenu -> DialogSubScene
14:59:03.061 [JavaFX Application Thread] DEBUG PrimaryStageWindow   - Pop state: DialogSubScene
14:59:03.061 [JavaFX Application Thread] DEBUG Input                - Clearing active input actions
14:59:03.062 [JavaFX Application Thread] DEBUG GameApplicationServi - Removing overlay from DialogSubScene and adding to PlayerCountMenu
14:59:03.062 [JavaFX Application Thread] DEBUG PrimaryStageWindow   - PlayerCountMenu <- DialogSubScene
14:59:03.076 [ClientAsyncConnThread    ] DEBUG TCPClient            - Connecting to 10.1.23.8:55555 type: class com.almasb.fxgl.core.serialization.Bundle
14:59:05.109 [ClientAsyncConnThread    ] WARN  IOTask               - ClientConnect failed
java.lang.RuntimeException: Failed to create a socket to address 10.1.23.8 : 55555 Error: java.net.ConnectException: Connection refused: connect
	at com.almasb.fxgl.io/com.almasb.fxgl.net.tcp.TCPClient.connect(TCPClient.java:46)
	at com.almasb.fxgl.core/com.almasb.fxgl.core.concurrent.IOTask.lambda$ofVoid$5(IOTask.java:184)
	at com.almasb.fxgl.core/com.almasb.fxgl.core.concurrent.IOTask$2.onExecute(IOTask.java:197)
	at com.almasb.fxgl.core/com.almasb.fxgl.core.concurrent.IOTask.run(IOTask.java:118)
	at java.base/java.lang.Thread.run(Thread.java:1583)
Caused by: java.net.ConnectException: Connection refused: connect
	at java.base/sun.nio.ch.Net.connect0(Native Method)
	at java.base/sun.nio.ch.Net.connect(Net.java:589)
	at java.base/sun.nio.ch.Net.connect(Net.java:578)
	at java.base/sun.nio.ch.NioSocketImpl.connect(NioSocketImpl.java:583)
	at java.base/java.net.SocksSocketImpl.connect(SocksSocketImpl.java:327)
	at java.base/java.net.Socket.connect(Socket.java:751)
	at java.base/java.net.Socket.connect(Socket.java:686)
	at java.base/java.net.Socket.<init>(Socket.java:555)
	at java.base/java.net.Socket.<init>(Socket.java:324)
	at com.almasb.fxgl.io/com.almasb.fxgl.net.tcp.TCPClient.connect(TCPClient.java:41)
	... 4 more

15:00:19.741 [JavaFX Application Thread] DEBUG FXGLApplication      - Exiting FXGL
15:00:19.741 [JavaFX Application Thread] DEBUG LoopRunner           - Stopping loop
15:00:19.741 [JavaFX Application Thread] DEBUG SystemBundleService  - Saving FXGL system data
15:00:19.743 [JavaFX Application Thread] DEBUG FileSystemAccess     - Writing to: C:\School\2nd Year\1st Term\CSS124L\FinalExam\CSS124L-FINAL-PROJECT-main\CSS124L-FINAL-PROJECT-main\system\fxgl.bundle
15:00:19.747 [JavaFX Application Thread] DEBUG Async                - Shutting down background threads
15:00:19.747 [JavaFX Application Thread] DEBUG PrimaryStageWindow   - Closing main window
15:00:19.754 [JavaFX Application Thread] DEBUG Logger               - Closing Logger
