23:07:48.501 [main                     ] DEBUG Logger               - Configured Logger
23:07:48.529 [main                     ] DEBUG GameApplication      - Logging settings
Title: Flatline: Oregon
Version: Alpha 0.3
Width: 800
Height: 600
Fullscreen: false
Intro: false
Profiling: false
Single step:false
App Mode: DEVELOPER
Menu Key: ESCAPE
Stage Style: DECORATED
Scene Factory: class com.groupfour.mygame.App$1

23:07:48.841 [JavaFX Application Thread] DEBUG FXGLApplication      - Initializing FXGL
23:07:48.843 [JavaFX Application Thread] INFO  Engine               - FXGL-dev-SNAPSHOT (28.07.2021 16.39) on WINDOWS (J:11.0.22 FX:16)
23:07:48.844 [JavaFX Application Thread] DEBUG Engine               - JRE Vendor Name: Oracle Corporation
23:07:48.844 [JavaFX Application Thread] DEBUG Engine               - Running on OS: Windows 11 version 10.0
23:07:48.844 [JavaFX Application Thread] DEBUG Engine               - Architecture: amd64
23:07:48.844 [JavaFX Application Thread] INFO  Engine               - Source code and latest versions at: https://github.com/AlmasB/FXGL
23:07:48.844 [JavaFX Application Thread] INFO  Engine               -              Join the FXGL chat at: https://gitter.im/AlmasB/FXGL
23:07:48.901 [JavaFX Application Thread] DEBUG PrimaryStageWindow   - Creating a JavaFX scene
23:07:48.938 [JavaFX Application Thread] DEBUG PrimaryStageWindow   - Target settings size: 800.0 x 600.0
23:07:48.938 [JavaFX Application Thread] DEBUG PrimaryStageWindow   - Scaled scene size:    800.0 x 600.0
23:07:48.938 [JavaFX Application Thread] DEBUG PrimaryStageWindow   - Scaled ratio: (1.0, 1.0)
23:07:48.939 [JavaFX Application Thread] DEBUG PrimaryStageWindow   - Set initial scene to FXGLStartupScene
23:07:48.943 [JavaFX Application Thread] DEBUG PrimaryStageWindow   - Opening main window
23:07:49.012 [JavaFX Application Thread] DEBUG PrimaryStageWindow   - Window border size: (14.4000244140625, 37.5999755859375)
23:07:49.012 [JavaFX Application Thread] DEBUG PrimaryStageWindow   - Scaled size: 800.0 x 600.0
23:07:49.012 [JavaFX Application Thread] DEBUG PrimaryStageWindow   - Scaled ratio: (1.0, 1.0)
23:07:49.012 [JavaFX Application Thread] DEBUG PrimaryStageWindow   - Scene size: 800.0 x 600.0
23:07:49.012 [JavaFX Application Thread] DEBUG PrimaryStageWindow   - Stage size: 814.4000244140625 x 637.5999755859375
23:07:49.017 [FXGL Background Thread 1 ] DEBUG Engine               - Initializing environment variables
23:07:49.050 [FXGL Background Thread 1 ] DEBUG FXGLAssetLoaderServi - User app class for loading assets: class com.groupfour.mygame.App
23:07:49.050 [FXGL Background Thread 1 ] DEBUG GameApplicationServi - Applying CSS: fxgl_dark.css
23:07:49.051 [FXGL Background Thread 1 ] DEBUG FXGLAssetLoaderServi - Loading from file system: jar:file:///C:/Users/acer/.m2/repository/com/github/almasb/fxgl/dev-SNAPSHOT/fxgl-dev-SNAPSHOT.jar!/fxglassets/ui/css/fxgl_dark.css
23:07:49.097 [FXGL Background Thread 1 ] DEBUG GameApplicationServi - Initializing application scenes
23:07:49.127 [FXGL Background Thread 1 ] DEBUG GameWorld            - Game world initialized
23:07:49.159 [FXGL Background Thread 1 ] DEBUG PhysicsWorld         - Physics world initialized: appHeight=600, physics.ppm=50.0
23:07:49.160 [FXGL Background Thread 1 ] DEBUG PhysicsWorld         - Using strategy: BRUTE_FORCE
23:07:49.162 [FXGL Background Thread 1 ] DEBUG GameScene            - Game scene initialized: 800x600
23:07:49.170 [FXGL Background Thread 1 ] DEBUG FXGL.DefaultMenu     - createMenuBodyMainMenu()
23:07:49.181 [FXGL Background Thread 1 ] DEBUG FXGL.DefaultMenu     - createOptionsMenu()
23:07:49.188 [FXGL Background Thread 1 ] DEBUG FXGLAssetLoaderServi - Loading from file system: jar:file:///C:/Users/acer/.m2/repository/com/github/almasb/fxgl/dev-SNAPSHOT/fxgl-dev-SNAPSHOT.jar!/fxglassets/textures/particles/smoke.png
23:07:49.260 [FXGL Background Thread 1 ] DEBUG FXGLAssetLoaderServi - Loading from file system: jar:file:///C:/Users/acer/.m2/repository/com/github/almasb/fxgl/dev-SNAPSHOT/fxgl-dev-SNAPSHOT.jar!/fxglassets/textures/particles/trace_horizontal.png
23:07:49.282 [FXGL Background Thread 1 ] DEBUG GameApplicationServi - Application scenes initialized
23:07:49.289 [FXGL Background Thread 1 ] DEBUG SystemBundleService  - Loading FXGL system data
23:07:49.294 [FXGL Background Thread 1 ] DEBUG FileSystemAccess     - Reading from: C:\Users\acer\OneDrive\Desktop\git pull\CSS124L-FINAL-PROJECT\system\fxgl.bundle
23:07:49.298 [FXGL Background Thread 1 ] DEBUG SystemBundleService  - Bundle FXGL: {}
23:07:49.298 [FXGL Background Thread 1 ] DEBUG UpdaterService       - Checking for updates
23:07:49.317 [FXGL Background Thread 4 ] DEBUG FXGLApplication      - Loading fonts
23:07:49.317 [FXGL Background Thread 1 ] DEBUG FXGLApplication      - Loading default localization
23:07:49.318 [FXGL Background Thread 1 ] DEBUG FXGLAssetLoaderServi - Loading from file system: jar:file:///C:/Users/acer/.m2/repository/com/github/almasb/fxgl/dev-SNAPSHOT/fxgl-dev-SNAPSHOT.jar!/fxglassets/languages/english.lang
23:07:49.318 [FXGL Background Thread 4 ] DEBUG FXGLAssetLoaderServi - Loading from file system: jar:file:///C:/Users/acer/.m2/repository/com/github/almasb/fxgl/dev-SNAPSHOT/fxgl-dev-SNAPSHOT.jar!/fxglassets/ui/fonts/VarelaRound-Regular.ttf
23:07:49.333 [FXGL Background Thread 1 ] INFO  FXGLApplication      - FXGL initialization took: 0.316 sec
23:07:49.343 [JavaFX Application Thread] DEBUG Input                - Registered new binding: Move Upwards - W
23:07:49.343 [JavaFX Application Thread] DEBUG Input                - Registered new binding: Move Down - S
23:07:49.343 [JavaFX Application Thread] DEBUG Input                - Registered new binding: Move Left - A
23:07:49.343 [JavaFX Application Thread] DEBUG Input                - Registered new binding: Move Right - D
23:07:49.344 [JavaFX Application Thread] DEBUG Input                - Registered new binding: Reload - R
23:07:49.345 [JavaFX Application Thread] DEBUG Input                - Registered new binding: Shoot - LMB
23:07:49.345 [JavaFX Application Thread] DEBUG Input                - Registered new binding: Switch Weapons - Q
23:07:49.345 [JavaFX Application Thread] DEBUG Input                - Registered new binding: Interact - F
23:07:49.347 [JavaFX Application Thread] DEBUG FXGLAssetLoaderServi - Loading from file system: jar:file:///C:/Users/acer/.m2/repository/com/github/almasb/fxgl/dev-SNAPSHOT/fxgl-dev-SNAPSHOT.jar!/fxglassets/textures/fxgl_icon.png
23:07:49.367 [JavaFX Application Thread] DEBUG FXGLAssetLoaderServi - Loading from file system: jar:file:///C:/Users/acer/.m2/repository/com/github/almasb/fxgl/dev-SNAPSHOT/fxgl-dev-SNAPSHOT.jar!/fxglassets/textures/fxgl_default_cursor.png
23:07:49.369 [JavaFX Application Thread] DEBUG Input                - Registered new binding: Screenshot - CTRL+8
23:07:49.370 [JavaFX Application Thread] DEBUG Input                - Registered new binding: Dev Options - 1
23:07:49.370 [JavaFX Application Thread] DEBUG Input                - Registered new binding: Dev Console - 2
23:07:49.371 [JavaFX Application Thread] DEBUG Input                - Registered new binding: System info dump - CTRL+9
23:07:49.372 [JavaFX Application Thread] DEBUG Input                - Registered new binding: Restart - CTRL+R
23:07:49.373 [JavaFX Application Thread] DEBUG Input                - Registered new binding: Toggle Debug Camera - CTRL+C
23:07:49.376 [JavaFX Application Thread] DEBUG LoopRunner           - Starting loop
23:07:49.386 [JavaFX Application Thread] DEBUG LoopRunner           - Initializing JavaFX AnimationTimerLoop
23:07:49.388 [JavaFX Application Thread] DEBUG Input                - Clearing active input actions
23:07:49.395 [JavaFX Application Thread] DEBUG GameApplicationServi - Removing overlay from FXGLStartupScene and adding to FXGLMainMenuDummyScene
23:07:49.398 [JavaFX Application Thread] DEBUG PrimaryStageWindow   - FXGLStartupScene -> FXGLMainMenuDummyScene
23:07:49.399 [JavaFX Application Thread] DEBUG PrimaryStageWindow   - Push state: FXGLDefaultMenu
23:07:49.401 [JavaFX Application Thread] DEBUG Input                - Clearing active input actions
23:07:49.405 [JavaFX Application Thread] DEBUG GameApplicationServi - Removing overlay from FXGLMainMenuDummyScene and adding to FXGLDefaultMenu
23:07:49.405 [JavaFX Application Thread] DEBUG PrimaryStageWindow   - FXGLMainMenuDummyScene -> FXGLDefaultMenu
23:07:49.683 [FXGL Background Thread 4 ] DEBUG FXGLAssetLoaderServi - Loading from file system: jar:file:///C:/Users/acer/.m2/repository/com/github/almasb/fxgl/dev-SNAPSHOT/fxgl-dev-SNAPSHOT.jar!/fxglassets/ui/fonts/Abel-Regular.ttf
23:07:49.688 [FXGL Background Thread 4 ] DEBUG FXGLAssetLoaderServi - Loading from file system: jar:file:///C:/Users/acer/.m2/repository/com/github/almasb/fxgl/dev-SNAPSHOT/fxgl-dev-SNAPSHOT.jar!/fxglassets/ui/fonts/lucida_console.ttf
23:07:49.694 [FXGL Background Thread 4 ] DEBUG FXGLAssetLoaderServi - Loading from file system: jar:file:///C:/Users/acer/.m2/repository/com/github/almasb/fxgl/dev-SNAPSHOT/fxgl-dev-SNAPSHOT.jar!/fxglassets/ui/fonts/Courier-Prime.ttf
23:07:49.703 [JavaFX Application Thread] DEBUG FXGLApplication      - Registering font factories with UI factory
23:07:50.102 [FXGL Background Thread 2 ] INFO  UpdaterService       - Your current version:  dev-SNAPSHOT
23:07:50.103 [FXGL Background Thread 2 ] INFO  UpdaterService       - Latest stable version: 21.1
23:07:50.295 [JavaFX Application Thread] DEBUG Menu                 - fireNewGame()
23:07:50.296 [JavaFX Application Thread] DEBUG GameApplicationServi - Starting new game
23:07:50.297 [JavaFX Application Thread] DEBUG PrimaryStageWindow   - Pop state: FXGLDefaultMenu
23:07:50.297 [JavaFX Application Thread] DEBUG Input                - Clearing active input actions
23:07:50.298 [JavaFX Application Thread] DEBUG GameApplicationServi - Removing overlay from FXGLDefaultMenu and adding to FXGLMainMenuDummyScene
23:07:50.300 [JavaFX Application Thread] DEBUG PrimaryStageWindow   - FXGLMainMenuDummyScene <- FXGLDefaultMenu
23:07:50.300 [JavaFX Application Thread] DEBUG Input                - Clearing active input actions
23:07:50.309 [JavaFX Application Thread] DEBUG GameApplicationServi - Removing overlay from FXGLMainMenuDummyScene and adding to FXGLLoadingScene
23:07:50.309 [JavaFX Application Thread] DEBUG PrimaryStageWindow   - FXGLMainMenuDummyScene -> FXGLLoadingScene
23:07:50.309 [JavaFX Application Thread] DEBUG GameApplicationServi - Clearing previous game
23:07:50.310 [JavaFX Application Thread] DEBUG GameScene            - Clearing game scene
23:07:50.310 [JavaFX Application Thread] DEBUG GameWorld            - Clearing game world
23:07:50.310 [JavaFX Application Thread] DEBUG PhysicsWorld         - Clearing physics world
23:07:50.311 [FXGL Background Thread 2 ] DEBUG FXGLApplication      - Initializing game
23:07:50.358 [FXGL Background Thread 2 ] DEBUG FXGLAssetLoaderServi - Loading from file system: file:/C:/Users/acer/OneDrive/Desktop/git%20pull/CSS124L-FINAL-PROJECT/fp/target/classes/assets/textures/Players/1P_Shoot.png
23:07:50.365 [FXGL Background Thread 2 ] DEBUG FXGLAssetLoaderServi - Loading from file system: file:/C:/Users/acer/OneDrive/Desktop/git%20pull/CSS124L-FINAL-PROJECT/fp/target/classes/assets/textures/Weapons/Idle/BerettaM9_Idle.png
23:07:50.367 [FXGL Background Thread 2 ] WARN  Entity               - Entity already has component: com.groupfour.Components.AnimationComponents.PlayerAnimComp
23:07:50.388 [FXGL Background Thread 2 ] INFO  FXGLApplication      - Game initialization took: 0.077 sec
23:07:50.390 [JavaFX Application Thread] DEBUG Input                - Clearing active input actions
23:07:50.398 [JavaFX Application Thread] DEBUG GameApplicationServi - Removing overlay from FXGLLoadingScene and adding to GameScene
23:07:50.399 [JavaFX Application Thread] DEBUG PrimaryStageWindow   - FXGLLoadingScene -> GameScene
23:07:50.404 [JavaFX Application Thread] DEBUG PrimaryStageWindow   - Push state: PlayerCountMenu
23:07:50.405 [JavaFX Application Thread] DEBUG Input                - Clearing active input actions
23:07:50.405 [JavaFX Application Thread] DEBUG GameApplicationServi - Removing overlay from GameScene and adding to PlayerCountMenu
23:07:50.406 [JavaFX Application Thread] DEBUG PrimaryStageWindow   - GameScene -> PlayerCountMenu
23:07:50.407 [JavaFX Application Thread] DEBUG LoopRunner           - Stopping loop
23:07:50.409 [JavaFX Application Thread] FATAL FXGLApplication      - Uncaught Exception:
java.lang.NullPointerException
	at com.groupfour.mygame/com.groupfour.Components.AnimationComponents.PlayerAnimComp.onUpdate(PlayerAnimComp.java:56)
	at com.almasb.fxgl.entity/com.almasb.fxgl.entity.Entity$ComponentMap.update(Entity.java:60)
	at com.almasb.fxgl.entity/com.almasb.fxgl.entity.Entity.update(Entity.java:251)
	at com.almasb.fxgl.entity/com.almasb.fxgl.entity.GameWorld.onUpdate(GameWorld.kt:177)
	at com.almasb.fxgl.all/com.almasb.fxgl.app.scene.GameScene.step(GameScene.kt:223)
	at com.almasb.fxgl.all/com.almasb.fxgl.app.scene.GameScene.onUpdate(GameScene.kt:219)
	at com.almasb.fxgl.scene/com.almasb.fxgl.scene.Scene.update(Scene.kt:105)
	at com.almasb.fxgl.all/com.almasb.fxgl.app.MainWindow$update$1.invoke(MainWindow.kt:115)
	at com.almasb.fxgl.all/com.almasb.fxgl.app.MainWindow$update$1.invoke(MainWindow.kt:115)
	at com.almasb.fxgl.core/com.almasb.fxgl.core.fsm.StateMachine.runOnActiveStates(StateMachine.kt:69)
	at com.almasb.fxgl.all/com.almasb.fxgl.app.MainWindow.update(MainWindow.kt:115)
	at com.almasb.fxgl.all/com.almasb.fxgl.app.FXGLApplication$GameApplicationService.onUpdate(FXGLApplication.kt:426)
	at com.almasb.fxgl.all/com.almasb.fxgl.app.Engine.loop(Engine.kt:133)
	at com.almasb.fxgl.all/com.almasb.fxgl.app.Engine.access$loop(Engine.kt:24)
	at com.almasb.fxgl.all/com.almasb.fxgl.app.Engine$loop$1.invoke(Engine.kt:28)
	at com.almasb.fxgl.all/com.almasb.fxgl.app.Engine$loop$1.invoke(Engine.kt:28)
	at com.almasb.fxgl.all/com.almasb.fxgl.app.LoopRunner.frame(LoopRunner.kt:103)
	at com.almasb.fxgl.all/com.almasb.fxgl.app.LoopRunner.access$frame(LoopRunner.kt:23)
	at com.almasb.fxgl.all/com.almasb.fxgl.app.LoopRunner$impl$2$1.onTick(LoopRunner.kt:57)
	at com.almasb.fxgl.all/com.almasb.fxgl.app.AnimationTimerLoop$timer$1.handle(LoopRunner.kt:137)
	at javafx.graphics/javafx.animation.AnimationTimer$AnimationTimerReceiver.lambda$handle$0(AnimationTimer.java:57)
	at java.base/java.security.AccessController.doPrivileged(Native Method)
	at javafx.graphics/javafx.animation.AnimationTimer$AnimationTimerReceiver.handle(AnimationTimer.java:56)
	at javafx.graphics/com.sun.scenario.animation.AbstractPrimaryTimer.timePulseImpl(AbstractPrimaryTimer.java:356)
	at javafx.graphics/com.sun.scenario.animation.AbstractPrimaryTimer$MainLoop.run(AbstractPrimaryTimer.java:266)
	at javafx.graphics/com.sun.javafx.tk.quantum.QuantumToolkit.pulse(QuantumToolkit.java:559)
	at javafx.graphics/com.sun.javafx.tk.quantum.QuantumToolkit.pulse(QuantumToolkit.java:543)
	at javafx.graphics/com.sun.javafx.tk.quantum.QuantumToolkit.pulseFromQueue(QuantumToolkit.java:536)
	at javafx.graphics/com.sun.javafx.tk.quantum.QuantumToolkit.lambda$runToolkit$11(QuantumToolkit.java:342)
	at javafx.graphics/com.sun.glass.ui.InvokeLaterDispatcher$Future.run(InvokeLaterDispatcher.java:96)
	at javafx.graphics/com.sun.glass.ui.win.WinApplication._runLoop(Native Method)
	at javafx.graphics/com.sun.glass.ui.win.WinApplication.lambda$runLoop$3(WinApplication.java:174)
	at java.base/java.lang.Thread.run(Thread.java:834)

23:07:50.413 [JavaFX Application Thread] FATAL FXGLApplication      - Application will now exit
23:07:50.416 [JavaFX Application Thread] DEBUG PrimaryStageWindow   - Push state: ErrorSubScene
23:07:50.417 [JavaFX Application Thread] DEBUG Input                - Clearing active input actions
23:07:50.417 [JavaFX Application Thread] DEBUG GameApplicationServi - Removing overlay from PlayerCountMenu and adding to ErrorSubScene
23:07:50.419 [JavaFX Application Thread] DEBUG PrimaryStageWindow   - PlayerCountMenu -> ErrorSubScene
23:07:52.317 [FXGL Background Thread 3 ] DEBUG Engine               - Logging environment variables
23:07:52.317 [FXGL Background Thread 3 ] DEBUG Engine               - achievements: []
23:07:52.317 [FXGL Background Thread 3 ] DEBUG Engine               - actualHeight: 600.0
23:07:52.317 [FXGL Background Thread 3 ] DEBUG Engine               - actualHeightProperty: ReadOnlyDoubleProperty [value: 600.0]
23:07:52.318 [FXGL Background Thread 3 ] DEBUG Engine               - actualWidth: 800.0
23:07:52.318 [FXGL Background Thread 3 ] DEBUG Engine               - actualWidthProperty: ReadOnlyDoubleProperty [value: 800.0]
23:07:52.318 [FXGL Background Thread 3 ] DEBUG Engine               - appIcon: fxgl_icon.png
23:07:52.318 [FXGL Background Thread 3 ] DEBUG Engine               - applicationMode: DEVELOPER
23:07:52.318 [FXGL Background Thread 3 ] DEBUG Engine               - cSSList: [fxgl_dark.css]
23:07:52.318 [FXGL Background Thread 3 ] DEBUG Engine               - collisionDetectionStrategy: BRUTE_FORCE
23:07:52.318 [FXGL Background Thread 3 ] DEBUG Engine               - configClass: Optional.empty
23:07:52.318 [FXGL Background Thread 3 ] DEBUG Engine               - credits: []
23:07:52.318 [FXGL Background Thread 3 ] DEBUG Engine               - defaultCursor: CursorInfo(imageName=fxgl_default_cursor.png, hotspotX=7.0, hotspotY=6.0)
23:07:52.318 [FXGL Background Thread 3 ] DEBUG Engine               - devBBoxColorProperty: ObjectProperty [value: 0xff0000ff]
23:07:52.318 [FXGL Background Thread 3 ] DEBUG Engine               - devEnableDebugCameraProperty: BooleanProperty [value: false]
23:07:52.319 [FXGL Background Thread 3 ] DEBUG Engine               - devSensorColorProperty: ObjectProperty [value: 0xffff00ff]
23:07:52.319 [FXGL Background Thread 3 ] DEBUG Engine               - devShowBBoxProperty: BooleanProperty [value: false]
23:07:52.319 [FXGL Background Thread 3 ] DEBUG Engine               - devShowPositionProperty: BooleanProperty [value: false]
23:07:52.319 [FXGL Background Thread 3 ] DEBUG Engine               - enabledMenuItems: []
23:07:52.319 [FXGL Background Thread 3 ] DEBUG Engine               - engineServices: [class com.almasb.fxgl.app.services.FXGLAssetLoaderService, class com.almasb.fxgl.app.FXGLApplication$GameApplicationService, class com.almasb.fxgl.app.services.FXGLDialogService, class com.almasb.fxgl.app.services.IOTaskExecutorService, class com.almasb.fxgl.io.FileSystemService, class com.almasb.fxgl.localization.LocalizationService, class com.almasb.fxgl.app.services.SystemBundleService, class com.almasb.fxgl.profile.SaveLoadService, class com.almasb.fxgl.ui.FXGLUIFactoryServiceProvider, class com.almasb.fxgl.ui.FXGLDialogFactoryServiceProvider, class com.almasb.fxgl.audio.AudioPlayer, class com.almasb.fxgl.notification.impl.NotificationServiceProvider, class com.almasb.fxgl.achievement.AchievementService, class com.almasb.fxgl.cutscene.CutsceneService, class com.almasb.fxgl.minigames.MiniGameService, class com.almasb.fxgl.net.NetService, class com.almasb.fxgl.app.services.UpdaterService, class com.almasb.fxgl.dev.DevService, class com.almasb.fxgl.multiplayer.MultiplayerService]
23:07:52.319 [FXGL Background Thread 3 ] DEBUG Engine               - fontGame: Abel-Regular.ttf
23:07:52.319 [FXGL Background Thread 3 ] DEBUG Engine               - fontMono: lucida_console.ttf
23:07:52.319 [FXGL Background Thread 3 ] DEBUG Engine               - fontText: Courier-Prime.ttf
23:07:52.319 [FXGL Background Thread 3 ] DEBUG Engine               - fontUI: VarelaRound-Regular.ttf
23:07:52.319 [FXGL Background Thread 3 ] DEBUG Engine               - fullScreen: BooleanProperty [value: false]
23:07:52.319 [FXGL Background Thread 3 ] DEBUG Engine               - gameDifficulty: MEDIUM
23:07:52.319 [FXGL Background Thread 3 ] DEBUG Engine               - gameDifficultyProperty: ObjectProperty [value: MEDIUM]
23:07:52.319 [FXGL Background Thread 3 ] DEBUG Engine               - globalMusicVolume: 0.5
23:07:52.319 [FXGL Background Thread 3 ] DEBUG Engine               - globalMusicVolumeProperty: DoubleProperty [value: 0.5]
23:07:52.319 [FXGL Background Thread 3 ] DEBUG Engine               - globalSoundVolume: 0.5
23:07:52.319 [FXGL Background Thread 3 ] DEBUG Engine               - globalSoundVolumeProperty: DoubleProperty [value: 0.5]
23:07:52.319 [FXGL Background Thread 3 ] DEBUG Engine               - height: 600
23:07:52.319 [FXGL Background Thread 3 ] DEBUG Engine               - is3D: false
23:07:52.320 [FXGL Background Thread 3 ] DEBUG Engine               - isAndroid: false
23:07:52.320 [FXGL Background Thread 3 ] DEBUG Engine               - isBrowser: false
23:07:52.320 [FXGL Background Thread 3 ] DEBUG Engine               - isClickFeedbackEnabled: false
23:07:52.320 [FXGL Background Thread 3 ] DEBUG Engine               - isCloseConfirmation: false
23:07:52.320 [FXGL Background Thread 3 ] DEBUG Engine               - isDesktop: true
23:07:52.320 [FXGL Background Thread 3 ] DEBUG Engine               - isDeveloperMenuEnabled: true
23:07:52.320 [FXGL Background Thread 3 ] DEBUG Engine               - isEmbedded: false
23:07:52.320 [FXGL Background Thread 3 ] DEBUG Engine               - isEntityPreloadEnabled: true
23:07:52.320 [FXGL Background Thread 3 ] DEBUG Engine               - isExperimentalTiledLargeMap: false
23:07:52.320 [FXGL Background Thread 3 ] DEBUG Engine               - isFileSystemWriteAllowed: true
23:07:52.320 [FXGL Background Thread 3 ] DEBUG Engine               - isFullScreenAllowed: false
23:07:52.320 [FXGL Background Thread 3 ] DEBUG Engine               - isFullScreenFromStart: false
23:07:52.320 [FXGL Background Thread 3 ] DEBUG Engine               - isGameMenuEnabled: true
23:07:52.320 [FXGL Background Thread 3 ] DEBUG Engine               - isIOS: false
23:07:52.320 [FXGL Background Thread 3 ] DEBUG Engine               - isIntroEnabled: false
23:07:52.320 [FXGL Background Thread 3 ] DEBUG Engine               - isLinux: false
23:07:52.322 [FXGL Background Thread 3 ] DEBUG Engine               - isMac: false
23:07:52.322 [FXGL Background Thread 3 ] DEBUG Engine               - isMainMenuEnabled: true
23:07:52.322 [FXGL Background Thread 3 ] DEBUG Engine               - isManualResizeEnabled: false
23:07:52.322 [FXGL Background Thread 3 ] DEBUG Engine               - isMobile: false
23:07:52.322 [FXGL Background Thread 3 ] DEBUG Engine               - isNative: false
23:07:52.322 [FXGL Background Thread 3 ] DEBUG Engine               - isPauseMusicWhenMinimized: true
23:07:52.322 [FXGL Background Thread 3 ] DEBUG Engine               - isPreserveResizeRatio: false
23:07:52.322 [FXGL Background Thread 3 ] DEBUG Engine               - isProfilingEnabled: false
23:07:52.322 [FXGL Background Thread 3 ] DEBUG Engine               - isScaleAffectedOnResize: true
23:07:52.322 [FXGL Background Thread 3 ] DEBUG Engine               - isSingleStep: false
23:07:52.322 [FXGL Background Thread 3 ] DEBUG Engine               - isUserProfileEnabled: false
23:07:52.322 [FXGL Background Thread 3 ] DEBUG Engine               - isWindows: true
23:07:52.322 [FXGL Background Thread 3 ] DEBUG Engine               - language: ObjectProperty [value: ENGLISH]
23:07:52.322 [FXGL Background Thread 3 ] DEBUG Engine               - menuKey: ESCAPE
23:07:52.322 [FXGL Background Thread 3 ] DEBUG Engine               - mouseSensitivity: 0.2
23:07:52.322 [FXGL Background Thread 3 ] DEBUG Engine               - notificationViewClass: class com.almasb.fxgl.notification.view.XboxNotificationView
23:07:52.322 [FXGL Background Thread 3 ] DEBUG Engine               - pixelsPerMeter: 50.0
23:07:52.322 [FXGL Background Thread 3 ] DEBUG Engine               - platform: WINDOWS
23:07:52.322 [FXGL Background Thread 3 ] DEBUG Engine               - prefHeightProperty: ReadOnlyDoubleProperty [value: 600.0]
23:07:52.322 [FXGL Background Thread 3 ] DEBUG Engine               - prefWidthProperty: ReadOnlyDoubleProperty [value: 800.0]
23:07:52.322 [FXGL Background Thread 3 ] DEBUG Engine               - profileDir: profiles/
23:07:52.322 [FXGL Background Thread 3 ] DEBUG Engine               - profileName: StringProperty [value: DEFAULT]
23:07:52.322 [FXGL Background Thread 3 ] DEBUG Engine               - randomSeed: -1
23:07:52.322 [FXGL Background Thread 3 ] DEBUG Engine               - runtimeInfo: RuntimeInfo(platform=WINDOWS, version=dev-SNAPSHOT, build=28.07.2021 16.39)
23:07:52.322 [FXGL Background Thread 3 ] DEBUG Engine               - saveFileExt: sav
23:07:52.322 [FXGL Background Thread 3 ] DEBUG Engine               - scaledHeightProp$fxgl: DoubleProperty [bound, value: 600.0]
23:07:52.322 [FXGL Background Thread 3 ] DEBUG Engine               - scaledWidthProp$fxgl: DoubleProperty [bound, value: 800.0]
23:07:52.322 [FXGL Background Thread 3 ] DEBUG Engine               - sceneFactory: com.groupfour.mygame.App$1@448582a2
23:07:52.322 [FXGL Background Thread 3 ] DEBUG Engine               - secondsIn24h: 60
23:07:52.322 [FXGL Background Thread 3 ] DEBUG Engine               - soundMenuBack: menu/back.wav
23:07:52.322 [FXGL Background Thread 3 ] DEBUG Engine               - soundMenuPress: menu/press.wav
23:07:52.322 [FXGL Background Thread 3 ] DEBUG Engine               - soundMenuSelect: menu/select.wav
23:07:52.322 [FXGL Background Thread 3 ] DEBUG Engine               - soundNotification: core/notification.wav
23:07:52.324 [FXGL Background Thread 3 ] DEBUG Engine               - stageStyle: DECORATED
23:07:52.324 [FXGL Background Thread 3 ] DEBUG Engine               - supportedLanguages: [ENGLISH, FRENCH, GERMAN, HUNGARIAN, RUSSIAN]
23:07:52.324 [FXGL Background Thread 3 ] DEBUG Engine               - ticksPerSecond: -1
23:07:52.324 [FXGL Background Thread 3 ] DEBUG Engine               - title: Flatline: Oregon
23:07:52.324 [FXGL Background Thread 3 ] DEBUG Engine               - urlGithub: https://github.com/AlmasB/FXGL
23:07:52.324 [FXGL Background Thread 3 ] DEBUG Engine               - urlLeaderboard: http://fxgl-top.herokuapp.com/
23:07:52.324 [FXGL Background Thread 3 ] DEBUG Engine               - urlPOM: https://raw.githubusercontent.com/AlmasB/FXGL/release/README.md
23:07:52.324 [FXGL Background Thread 3 ] DEBUG Engine               - userAppClass: class com.groupfour.mygame.App
23:07:52.324 [FXGL Background Thread 3 ] DEBUG Engine               - version: Alpha 0.3
23:07:52.324 [FXGL Background Thread 3 ] DEBUG Engine               - versionCheckDays: 7
23:07:52.325 [FXGL Background Thread 3 ] DEBUG Engine               - width: 800
23:07:52.325 [FXGL Background Thread 3 ] DEBUG Engine               - Logging services
23:07:52.325 [FXGL Background Thread 3 ] DEBUG Engine               - class com.almasb.fxgl.app.services.FXGLAssetLoaderService
23:07:52.325 [FXGL Background Thread 3 ] DEBUG Engine               - class com.almasb.fxgl.app.FXGLApplication$GameApplicationService
23:07:52.325 [FXGL Background Thread 3 ] DEBUG Engine               - class com.almasb.fxgl.app.services.FXGLDialogService
23:07:52.325 [FXGL Background Thread 3 ] DEBUG Engine               - class com.almasb.fxgl.app.services.IOTaskExecutorService
23:07:52.325 [FXGL Background Thread 3 ] DEBUG Engine               - class com.almasb.fxgl.io.FileSystemService
23:07:52.325 [FXGL Background Thread 3 ] DEBUG Engine               - class com.almasb.fxgl.localization.LocalizationService
23:07:52.325 [FXGL Background Thread 3 ] DEBUG Engine               - class com.almasb.fxgl.app.services.SystemBundleService
23:07:52.325 [FXGL Background Thread 3 ] DEBUG Engine               - class com.almasb.fxgl.profile.SaveLoadService
23:07:52.325 [FXGL Background Thread 3 ] DEBUG Engine               - class com.almasb.fxgl.ui.FXGLUIFactoryServiceProvider
23:07:52.325 [FXGL Background Thread 3 ] DEBUG Engine               - class com.almasb.fxgl.ui.FXGLDialogFactoryServiceProvider
23:07:52.325 [FXGL Background Thread 3 ] DEBUG Engine               - class com.almasb.fxgl.audio.AudioPlayer
23:07:52.325 [FXGL Background Thread 3 ] DEBUG Engine               - class com.almasb.fxgl.notification.impl.NotificationServiceProvider
23:07:52.325 [FXGL Background Thread 3 ] DEBUG Engine               - class com.almasb.fxgl.achievement.AchievementService
23:07:52.325 [FXGL Background Thread 3 ] DEBUG Engine               - class com.almasb.fxgl.cutscene.CutsceneService
23:07:52.325 [FXGL Background Thread 3 ] DEBUG Engine               - class com.almasb.fxgl.minigames.MiniGameService
23:07:52.325 [FXGL Background Thread 3 ] DEBUG Engine               - class com.almasb.fxgl.net.NetService
23:07:52.325 [FXGL Background Thread 3 ] DEBUG Engine               - class com.almasb.fxgl.app.services.UpdaterService
23:07:52.325 [FXGL Background Thread 3 ] DEBUG Engine               - class com.almasb.fxgl.dev.DevService
23:07:52.325 [FXGL Background Thread 3 ] DEBUG Engine               - class com.almasb.fxgl.multiplayer.MultiplayerService
23:07:53.838 [JavaFX Application Thread] DEBUG FXGLApplication      - Exiting FXGL
23:07:53.838 [JavaFX Application Thread] DEBUG Async                - Shutting down background threads
23:07:53.839 [JavaFX Application Thread] DEBUG PrimaryStageWindow   - Closing main window
23:07:53.851 [JavaFX Application Thread] DEBUG Logger               - Closing Logger
