10:21:29.266 [main                     ] DEBUG Logger               - Configured Logger
10:21:29.286 [main                     ] DEBUG GameApplication      - Logging settings
Title: Flatline: Oregon
Version: Beta ?
Width: 800
Height: 600
Fullscreen: false
Intro: false
Profiling: false
Single step:false
App Mode: DEVELOPER
Menu Key: ESCAPE
Stage Style: DECORATED
Scene Factory: class com.groupfour.mygame.App$1

10:21:29.669 [JavaFX Application Thread] DEBUG FXGLApplication      - Initializing FXGL
10:21:29.671 [JavaFX Application Thread] INFO  Engine               - FXGL-dev-SNAPSHOT (28.07.2021 16.39) on WINDOWS (J:11.0.22 FX:16)
10:21:29.673 [JavaFX Application Thread] DEBUG Engine               - JRE Vendor Name: Oracle Corporation
10:21:29.673 [JavaFX Application Thread] DEBUG Engine               - Running on OS: Windows 11 version 10.0
10:21:29.673 [JavaFX Application Thread] DEBUG Engine               - Architecture: amd64
10:21:29.673 [JavaFX Application Thread] INFO  Engine               - Source code and latest versions at: https://github.com/AlmasB/FXGL
10:21:29.674 [JavaFX Application Thread] INFO  Engine               -              Join the FXGL chat at: https://gitter.im/AlmasB/FXGL
10:21:29.741 [JavaFX Application Thread] DEBUG PrimaryStageWindow   - Creating a JavaFX scene
10:21:29.789 [JavaFX Application Thread] DEBUG PrimaryStageWindow   - Target settings size: 800.0 x 600.0
10:21:29.790 [JavaFX Application Thread] DEBUG PrimaryStageWindow   - Scaled scene size:    800.0 x 600.0
10:21:29.790 [JavaFX Application Thread] DEBUG PrimaryStageWindow   - Scaled ratio: (1.0, 1.0)
10:21:29.790 [JavaFX Application Thread] DEBUG PrimaryStageWindow   - Set initial scene to FXGLStartupScene
10:21:29.795 [JavaFX Application Thread] DEBUG PrimaryStageWindow   - Opening main window
10:21:29.867 [JavaFX Application Thread] DEBUG PrimaryStageWindow   - Window border size: (14.4000244140625, 37.5999755859375)
10:21:29.867 [JavaFX Application Thread] DEBUG PrimaryStageWindow   - Scaled size: 800.0 x 600.0
10:21:29.867 [JavaFX Application Thread] DEBUG PrimaryStageWindow   - Scaled ratio: (1.0, 1.0)
10:21:29.867 [JavaFX Application Thread] DEBUG PrimaryStageWindow   - Scene size: 800.0 x 600.0
10:21:29.867 [JavaFX Application Thread] DEBUG PrimaryStageWindow   - Stage size: 814.4000244140625 x 637.5999755859375
10:21:29.872 [FXGL Background Thread 1 ] DEBUG Engine               - Initializing environment variables
10:21:29.913 [FXGL Background Thread 1 ] DEBUG FXGLAssetLoaderServi - User app class for loading assets: class com.groupfour.mygame.App
10:21:29.913 [FXGL Background Thread 1 ] DEBUG GameApplicationServi - Applying CSS: fxgl_dark.css
10:21:29.915 [FXGL Background Thread 1 ] DEBUG FXGLAssetLoaderServi - Loading from file system: jar:file:///C:/Users/acer/.m2/repository/com/github/almasb/fxgl/dev-SNAPSHOT/fxgl-dev-SNAPSHOT.jar!/fxglassets/ui/css/fxgl_dark.css
10:21:29.964 [FXGL Background Thread 1 ] DEBUG GameApplicationServi - Initializing application scenes
10:21:29.996 [FXGL Background Thread 1 ] DEBUG GameWorld            - Game world initialized
10:21:30.035 [FXGL Background Thread 1 ] DEBUG PhysicsWorld         - Physics world initialized: appHeight=600, physics.ppm=50.0
10:21:30.035 [FXGL Background Thread 1 ] DEBUG PhysicsWorld         - Using strategy: BRUTE_FORCE
10:21:30.038 [FXGL Background Thread 1 ] DEBUG GameScene            - Game scene initialized: 800x600
10:21:30.051 [FXGL Background Thread 1 ] DEBUG FXGL.DefaultMenu     - createMenuBodyMainMenu()
10:21:30.068 [FXGL Background Thread 1 ] DEBUG FXGL.DefaultMenu     - createOptionsMenu()
10:21:30.079 [FXGL Background Thread 1 ] DEBUG FXGLAssetLoaderServi - Loading from file system: jar:file:///C:/Users/acer/.m2/repository/com/github/almasb/fxgl/dev-SNAPSHOT/fxgl-dev-SNAPSHOT.jar!/fxglassets/textures/particles/smoke.png
10:21:30.159 [FXGL Background Thread 1 ] DEBUG FXGLAssetLoaderServi - Loading from file system: jar:file:///C:/Users/acer/.m2/repository/com/github/almasb/fxgl/dev-SNAPSHOT/fxgl-dev-SNAPSHOT.jar!/fxglassets/textures/particles/trace_horizontal.png
10:21:30.185 [FXGL Background Thread 1 ] DEBUG FXGLAssetLoaderServi - Loading from file system: file:/C:/Users/acer/OneDrive/Desktop/git%20pull/CSS124L-FINAL-PROJECT/fp/target/classes/assets/ui/fonts/PIXELADE.TTF
10:21:30.570 [FXGL Background Thread 1 ] DEBUG FXGLAssetLoaderServi - Loading from file system: file:/C:/Users/acer/OneDrive/Desktop/git%20pull/CSS124L-FINAL-PROJECT/fp/target/classes/assets/textures/spbtn.png
10:21:30.586 [FXGL Background Thread 1 ] DEBUG FXGLAssetLoaderServi - Loading from file system: file:/C:/Users/acer/OneDrive/Desktop/git%20pull/CSS124L-FINAL-PROJECT/fp/target/classes/assets/textures/mpbtn.png
10:21:30.592 [FXGL Background Thread 1 ] DEBUG FXGLAssetLoaderServi - Loading from file system: file:/C:/Users/acer/OneDrive/Desktop/git%20pull/CSS124L-FINAL-PROJECT/fp/target/classes/assets/textures/return.png
10:21:30.604 [FXGL Background Thread 1 ] DEBUG GameApplicationServi - Application scenes initialized
10:21:30.612 [FXGL Background Thread 1 ] DEBUG SystemBundleService  - Loading FXGL system data
10:21:30.616 [FXGL Background Thread 1 ] DEBUG FileSystemAccess     - Reading from: C:\Users\acer\OneDrive\Desktop\git pull\CSS124L-FINAL-PROJECT\system\fxgl.bundle
10:21:30.620 [FXGL Background Thread 1 ] DEBUG SystemBundleService  - Bundle FXGL: {}
10:21:30.620 [FXGL Background Thread 1 ] DEBUG UpdaterService       - Checking for updates
10:21:30.639 [FXGL Background Thread 4 ] DEBUG FXGLApplication      - Loading fonts
10:21:30.639 [FXGL Background Thread 1 ] DEBUG FXGLApplication      - Loading default localization
10:21:30.640 [FXGL Background Thread 4 ] DEBUG FXGLAssetLoaderServi - Loading from file system: jar:file:///C:/Users/acer/.m2/repository/com/github/almasb/fxgl/dev-SNAPSHOT/fxgl-dev-SNAPSHOT.jar!/fxglassets/ui/fonts/VarelaRound-Regular.ttf
10:21:30.640 [FXGL Background Thread 1 ] DEBUG FXGLAssetLoaderServi - Loading from file system: jar:file:///C:/Users/acer/.m2/repository/com/github/almasb/fxgl/dev-SNAPSHOT/fxgl-dev-SNAPSHOT.jar!/fxglassets/languages/english.lang
10:21:30.648 [FXGL Background Thread 4 ] DEBUG FXGLAssetLoaderServi - Loading from file system: jar:file:///C:/Users/acer/.m2/repository/com/github/almasb/fxgl/dev-SNAPSHOT/fxgl-dev-SNAPSHOT.jar!/fxglassets/ui/fonts/Abel-Regular.ttf
10:21:30.652 [FXGL Background Thread 1 ] INFO  FXGLApplication      - FXGL initialization took: 0.781 sec
10:21:30.653 [FXGL Background Thread 4 ] DEBUG FXGLAssetLoaderServi - Loading from file system: jar:file:///C:/Users/acer/.m2/repository/com/github/almasb/fxgl/dev-SNAPSHOT/fxgl-dev-SNAPSHOT.jar!/fxglassets/ui/fonts/lucida_console.ttf
10:21:30.660 [FXGL Background Thread 4 ] DEBUG FXGLAssetLoaderServi - Loading from file system: jar:file:///C:/Users/acer/.m2/repository/com/github/almasb/fxgl/dev-SNAPSHOT/fxgl-dev-SNAPSHOT.jar!/fxglassets/ui/fonts/Courier-Prime.ttf
10:21:30.666 [JavaFX Application Thread] DEBUG Input                - Registered new binding: Move Upwards - W
10:21:30.667 [JavaFX Application Thread] DEBUG Input                - Registered new binding: Move Down - S
10:21:30.667 [JavaFX Application Thread] DEBUG Input                - Registered new binding: Move Left - A
10:21:30.667 [JavaFX Application Thread] DEBUG Input                - Registered new binding: Move Right - D
10:21:30.667 [JavaFX Application Thread] DEBUG Input                - Registered new binding: Reload - R
10:21:30.668 [JavaFX Application Thread] DEBUG Input                - Registered new binding: Shoot - LMB
10:21:30.668 [JavaFX Application Thread] DEBUG Input                - Registered new binding: Switch Weapons - Q
10:21:30.669 [JavaFX Application Thread] DEBUG Input                - Registered new binding: Interact - F
10:21:30.669 [JavaFX Application Thread] DEBUG FXGLAssetLoaderServi - Loading from file system: file:/C:/Users/acer/OneDrive/Desktop/git%20pull/CSS124L-FINAL-PROJECT/fp/target/classes/assets/music/titleBGM.mp3
10:21:30.816 [JavaFX Application Thread] DEBUG AudioPlayer          - Playing music com.almasb.fxgl.audio.Music@6c8ff800
10:21:30.816 [JavaFX Application Thread] DEBUG FXGLAssetLoaderServi - Loading from file system: jar:file:///C:/Users/acer/.m2/repository/com/github/almasb/fxgl/dev-SNAPSHOT/fxgl-dev-SNAPSHOT.jar!/fxglassets/textures/fxgl_icon.png
10:21:30.825 [JavaFX Application Thread] DEBUG FXGLAssetLoaderServi - Loading from file system: jar:file:///C:/Users/acer/.m2/repository/com/github/almasb/fxgl/dev-SNAPSHOT/fxgl-dev-SNAPSHOT.jar!/fxglassets/textures/fxgl_default_cursor.png
10:21:30.826 [JavaFX Application Thread] DEBUG Input                - Registered new binding: Screenshot - CTRL+8
10:21:30.827 [JavaFX Application Thread] DEBUG Input                - Registered new binding: Dev Options - 1
10:21:30.827 [JavaFX Application Thread] DEBUG Input                - Registered new binding: Dev Console - 2
10:21:30.828 [JavaFX Application Thread] DEBUG Input                - Registered new binding: System info dump - CTRL+9
10:21:30.828 [JavaFX Application Thread] DEBUG Input                - Registered new binding: Restart - CTRL+R
10:21:30.829 [JavaFX Application Thread] DEBUG Input                - Registered new binding: Toggle Debug Camera - CTRL+C
10:21:30.830 [JavaFX Application Thread] DEBUG LoopRunner           - Starting loop
10:21:30.840 [JavaFX Application Thread] DEBUG LoopRunner           - Initializing JavaFX AnimationTimerLoop
10:21:30.841 [JavaFX Application Thread] DEBUG Input                - Clearing active input actions
10:21:30.847 [JavaFX Application Thread] DEBUG GameApplicationServi - Removing overlay from FXGLStartupScene and adding to FXGLMainMenuDummyScene
10:21:30.850 [JavaFX Application Thread] DEBUG PrimaryStageWindow   - FXGLStartupScene -> FXGLMainMenuDummyScene
10:21:30.850 [JavaFX Application Thread] DEBUG PrimaryStageWindow   - Push state: FXGLDefaultMenu
10:21:30.852 [JavaFX Application Thread] DEBUG Input                - Clearing active input actions
10:21:30.856 [JavaFX Application Thread] DEBUG GameApplicationServi - Removing overlay from FXGLMainMenuDummyScene and adding to FXGLDefaultMenu
10:21:30.856 [JavaFX Application Thread] DEBUG PrimaryStageWindow   - FXGLMainMenuDummyScene -> FXGLDefaultMenu
10:21:30.859 [JavaFX Application Thread] DEBUG FXGLApplication      - Registering font factories with UI factory
10:21:30.934 [FXGL Background Thread 2 ] INFO  UpdaterService       - Your current version:  dev-SNAPSHOT
10:21:30.935 [FXGL Background Thread 2 ] INFO  UpdaterService       - Latest stable version: 21.1
10:21:33.624 [JavaFX Application Thread] DEBUG Menu                 - fireNewGame()
10:21:33.624 [JavaFX Application Thread] DEBUG GameApplicationServi - Starting new game
10:21:33.626 [JavaFX Application Thread] DEBUG PrimaryStageWindow   - Pop state: FXGLDefaultMenu
10:21:33.626 [JavaFX Application Thread] DEBUG Input                - Clearing active input actions
10:21:33.627 [JavaFX Application Thread] DEBUG GameApplicationServi - Removing overlay from FXGLDefaultMenu and adding to FXGLMainMenuDummyScene
10:21:33.629 [JavaFX Application Thread] DEBUG PrimaryStageWindow   - FXGLMainMenuDummyScene <- FXGLDefaultMenu
10:21:33.629 [JavaFX Application Thread] DEBUG Input                - Clearing active input actions
10:21:33.637 [JavaFX Application Thread] DEBUG GameApplicationServi - Removing overlay from FXGLMainMenuDummyScene and adding to FXGLLoadingScene
10:21:33.637 [JavaFX Application Thread] DEBUG PrimaryStageWindow   - FXGLMainMenuDummyScene -> FXGLLoadingScene
10:21:33.637 [JavaFX Application Thread] DEBUG GameApplicationServi - Clearing previous game
10:21:33.637 [JavaFX Application Thread] DEBUG GameScene            - Clearing game scene
10:21:33.637 [JavaFX Application Thread] DEBUG GameWorld            - Clearing game world
10:21:33.637 [JavaFX Application Thread] DEBUG PhysicsWorld         - Clearing physics world
10:21:33.638 [FXGL Background Thread 2 ] DEBUG FXGLApplication      - Initializing game
10:21:33.640 [FXGL Background Thread 3 ] DEBUG Engine               - Logging environment variables
10:21:33.640 [FXGL Background Thread 3 ] DEBUG Engine               - achievements: []
10:21:33.640 [FXGL Background Thread 3 ] DEBUG Engine               - actualHeight: 600.0
10:21:33.641 [FXGL Background Thread 3 ] DEBUG Engine               - actualHeightProperty: ReadOnlyDoubleProperty [value: 600.0]
10:21:33.641 [FXGL Background Thread 3 ] DEBUG Engine               - actualWidth: 800.0
10:21:33.641 [FXGL Background Thread 3 ] DEBUG Engine               - actualWidthProperty: ReadOnlyDoubleProperty [value: 800.0]
10:21:33.641 [FXGL Background Thread 3 ] DEBUG Engine               - appIcon: fxgl_icon.png
10:21:33.641 [FXGL Background Thread 3 ] DEBUG Engine               - applicationMode: DEVELOPER
10:21:33.641 [FXGL Background Thread 3 ] DEBUG Engine               - cSSList: [fxgl_dark.css]
10:21:33.641 [FXGL Background Thread 3 ] DEBUG Engine               - collisionDetectionStrategy: BRUTE_FORCE
10:21:33.641 [FXGL Background Thread 3 ] DEBUG Engine               - configClass: Optional.empty
10:21:33.641 [FXGL Background Thread 3 ] DEBUG Engine               - credits: []
10:21:33.641 [FXGL Background Thread 3 ] DEBUG Engine               - defaultCursor: CursorInfo(imageName=fxgl_default_cursor.png, hotspotX=7.0, hotspotY=6.0)
10:21:33.642 [FXGL Background Thread 3 ] DEBUG Engine               - devBBoxColorProperty: ObjectProperty [value: 0xff0000ff]
10:21:33.642 [FXGL Background Thread 3 ] DEBUG Engine               - devEnableDebugCameraProperty: BooleanProperty [value: false]
10:21:33.643 [FXGL Background Thread 3 ] DEBUG Engine               - devSensorColorProperty: ObjectProperty [value: 0xffff00ff]
10:21:33.643 [FXGL Background Thread 3 ] DEBUG Engine               - devShowBBoxProperty: BooleanProperty [value: false]
10:21:33.643 [FXGL Background Thread 3 ] DEBUG Engine               - devShowPositionProperty: BooleanProperty [value: false]
10:21:33.643 [FXGL Background Thread 3 ] DEBUG Engine               - enabledMenuItems: []
10:21:33.643 [FXGL Background Thread 3 ] DEBUG Engine               - engineServices: [class com.almasb.fxgl.app.services.FXGLAssetLoaderService, class com.almasb.fxgl.app.FXGLApplication$GameApplicationService, class com.almasb.fxgl.app.services.FXGLDialogService, class com.almasb.fxgl.app.services.IOTaskExecutorService, class com.almasb.fxgl.io.FileSystemService, class com.almasb.fxgl.localization.LocalizationService, class com.almasb.fxgl.app.services.SystemBundleService, class com.almasb.fxgl.profile.SaveLoadService, class com.almasb.fxgl.ui.FXGLUIFactoryServiceProvider, class com.almasb.fxgl.ui.FXGLDialogFactoryServiceProvider, class com.almasb.fxgl.audio.AudioPlayer, class com.almasb.fxgl.notification.impl.NotificationServiceProvider, class com.almasb.fxgl.achievement.AchievementService, class com.almasb.fxgl.cutscene.CutsceneService, class com.almasb.fxgl.minigames.MiniGameService, class com.almasb.fxgl.net.NetService, class com.almasb.fxgl.app.services.UpdaterService, class com.almasb.fxgl.dev.DevService, class com.almasb.fxgl.multiplayer.MultiplayerService]
10:21:33.643 [FXGL Background Thread 3 ] DEBUG Engine               - fontGame: Abel-Regular.ttf
10:21:33.643 [FXGL Background Thread 3 ] DEBUG Engine               - fontMono: lucida_console.ttf
10:21:33.643 [FXGL Background Thread 3 ] DEBUG Engine               - fontText: Courier-Prime.ttf
10:21:33.643 [FXGL Background Thread 3 ] DEBUG Engine               - fontUI: VarelaRound-Regular.ttf
10:21:33.644 [FXGL Background Thread 3 ] DEBUG Engine               - fullScreen: BooleanProperty [value: false]
10:21:33.644 [FXGL Background Thread 3 ] DEBUG Engine               - gameDifficulty: MEDIUM
10:21:33.644 [FXGL Background Thread 3 ] DEBUG Engine               - gameDifficultyProperty: ObjectProperty [value: MEDIUM]
10:21:33.644 [FXGL Background Thread 3 ] DEBUG Engine               - globalMusicVolume: 0.5
10:21:33.644 [FXGL Background Thread 3 ] DEBUG Engine               - globalMusicVolumeProperty: DoubleProperty [value: 0.5]
10:21:33.644 [FXGL Background Thread 3 ] DEBUG Engine               - globalSoundVolume: 0.5
10:21:33.644 [FXGL Background Thread 3 ] DEBUG Engine               - globalSoundVolumeProperty: DoubleProperty [value: 0.5]
10:21:33.644 [FXGL Background Thread 3 ] DEBUG Engine               - height: 600
10:21:33.645 [FXGL Background Thread 3 ] DEBUG Engine               - is3D: false
10:21:33.645 [FXGL Background Thread 3 ] DEBUG Engine               - isAndroid: false
10:21:33.645 [FXGL Background Thread 3 ] DEBUG Engine               - isBrowser: false
10:21:33.645 [FXGL Background Thread 3 ] DEBUG Engine               - isClickFeedbackEnabled: false
10:21:33.645 [FXGL Background Thread 3 ] DEBUG Engine               - isCloseConfirmation: false
10:21:33.645 [FXGL Background Thread 3 ] DEBUG Engine               - isDesktop: true
10:21:33.645 [FXGL Background Thread 3 ] DEBUG Engine               - isDeveloperMenuEnabled: true
10:21:33.645 [FXGL Background Thread 3 ] DEBUG Engine               - isEmbedded: false
10:21:33.645 [FXGL Background Thread 3 ] DEBUG Engine               - isEntityPreloadEnabled: true
10:21:33.646 [FXGL Background Thread 3 ] DEBUG Engine               - isExperimentalTiledLargeMap: false
10:21:33.646 [FXGL Background Thread 3 ] DEBUG Engine               - isFileSystemWriteAllowed: true
10:21:33.646 [FXGL Background Thread 3 ] DEBUG Engine               - isFullScreenAllowed: false
10:21:33.646 [FXGL Background Thread 3 ] DEBUG Engine               - isFullScreenFromStart: false
10:21:33.646 [FXGL Background Thread 3 ] DEBUG Engine               - isGameMenuEnabled: true
10:21:33.646 [FXGL Background Thread 3 ] DEBUG Engine               - isIOS: false
10:21:33.646 [FXGL Background Thread 3 ] DEBUG Engine               - isIntroEnabled: false
10:21:33.646 [FXGL Background Thread 3 ] DEBUG Engine               - isLinux: false
10:21:33.646 [FXGL Background Thread 3 ] DEBUG Engine               - isMac: false
10:21:33.647 [FXGL Background Thread 3 ] DEBUG Engine               - isMainMenuEnabled: true
10:21:33.647 [FXGL Background Thread 3 ] DEBUG Engine               - isManualResizeEnabled: false
10:21:33.647 [FXGL Background Thread 3 ] DEBUG Engine               - isMobile: false
10:21:33.647 [FXGL Background Thread 3 ] DEBUG Engine               - isNative: false
10:21:33.647 [FXGL Background Thread 3 ] DEBUG Engine               - isPauseMusicWhenMinimized: true
10:21:33.647 [FXGL Background Thread 3 ] DEBUG Engine               - isPreserveResizeRatio: false
10:21:33.647 [FXGL Background Thread 3 ] DEBUG Engine               - isProfilingEnabled: false
10:21:33.647 [FXGL Background Thread 3 ] DEBUG Engine               - isScaleAffectedOnResize: true
10:21:33.647 [FXGL Background Thread 3 ] DEBUG Engine               - isSingleStep: false
10:21:33.648 [FXGL Background Thread 3 ] DEBUG Engine               - isUserProfileEnabled: false
10:21:33.648 [FXGL Background Thread 3 ] DEBUG Engine               - isWindows: true
10:21:33.648 [FXGL Background Thread 3 ] DEBUG Engine               - language: ObjectProperty [value: ENGLISH]
10:21:33.648 [FXGL Background Thread 3 ] DEBUG Engine               - menuKey: ESCAPE
10:21:33.648 [FXGL Background Thread 3 ] DEBUG Engine               - mouseSensitivity: 0.2
10:21:33.648 [FXGL Background Thread 3 ] DEBUG Engine               - notificationViewClass: class com.almasb.fxgl.notification.view.XboxNotificationView
10:21:33.648 [FXGL Background Thread 3 ] DEBUG Engine               - pixelsPerMeter: 50.0
10:21:33.648 [FXGL Background Thread 3 ] DEBUG Engine               - platform: WINDOWS
10:21:33.648 [FXGL Background Thread 3 ] DEBUG Engine               - prefHeightProperty: ReadOnlyDoubleProperty [value: 600.0]
10:21:33.648 [FXGL Background Thread 3 ] DEBUG Engine               - prefWidthProperty: ReadOnlyDoubleProperty [value: 800.0]
10:21:33.648 [FXGL Background Thread 3 ] DEBUG Engine               - profileDir: profiles/
10:21:33.648 [FXGL Background Thread 3 ] DEBUG Engine               - profileName: StringProperty [value: DEFAULT]
10:21:33.649 [FXGL Background Thread 3 ] DEBUG Engine               - randomSeed: -1
10:21:33.649 [FXGL Background Thread 3 ] DEBUG Engine               - runtimeInfo: RuntimeInfo(platform=WINDOWS, version=dev-SNAPSHOT, build=28.07.2021 16.39)
10:21:33.649 [FXGL Background Thread 3 ] DEBUG Engine               - saveFileExt: sav
10:21:33.649 [FXGL Background Thread 3 ] DEBUG Engine               - scaledHeightProp$fxgl: DoubleProperty [bound, value: 600.0]
10:21:33.649 [FXGL Background Thread 3 ] DEBUG Engine               - scaledWidthProp$fxgl: DoubleProperty [bound, value: 800.0]
10:21:33.649 [FXGL Background Thread 3 ] DEBUG Engine               - sceneFactory: com.groupfour.mygame.App$1@565e265d
10:21:33.649 [FXGL Background Thread 3 ] DEBUG Engine               - secondsIn24h: 60
10:21:33.649 [FXGL Background Thread 3 ] DEBUG Engine               - soundMenuBack: menu/back.wav
10:21:33.649 [FXGL Background Thread 3 ] DEBUG Engine               - soundMenuPress: titleSelect.mp3
10:21:33.649 [FXGL Background Thread 3 ] DEBUG Engine               - soundMenuSelect: menu/select.wav
10:21:33.649 [FXGL Background Thread 3 ] DEBUG Engine               - soundNotification: core/notification.wav
10:21:33.649 [FXGL Background Thread 3 ] DEBUG Engine               - stageStyle: DECORATED
10:21:33.649 [FXGL Background Thread 3 ] DEBUG Engine               - supportedLanguages: [ENGLISH, FRENCH, GERMAN, HUNGARIAN, RUSSIAN]
10:21:33.649 [FXGL Background Thread 3 ] DEBUG Engine               - ticksPerSecond: -1
10:21:33.649 [FXGL Background Thread 3 ] DEBUG Engine               - title: Flatline: Oregon
10:21:33.649 [FXGL Background Thread 3 ] DEBUG Engine               - urlGithub: https://github.com/AlmasB/FXGL
10:21:33.650 [FXGL Background Thread 3 ] DEBUG Engine               - urlLeaderboard: http://fxgl-top.herokuapp.com/
10:21:33.650 [FXGL Background Thread 3 ] DEBUG Engine               - urlPOM: https://raw.githubusercontent.com/AlmasB/FXGL/release/README.md
10:21:33.650 [FXGL Background Thread 3 ] DEBUG Engine               - userAppClass: class com.groupfour.mygame.App
10:21:33.650 [FXGL Background Thread 3 ] DEBUG Engine               - version: Beta ?
10:21:33.650 [FXGL Background Thread 3 ] DEBUG Engine               - versionCheckDays: 7
10:21:33.650 [FXGL Background Thread 3 ] DEBUG Engine               - width: 800
10:21:33.650 [FXGL Background Thread 3 ] DEBUG Engine               - Logging services
10:21:33.650 [FXGL Background Thread 3 ] DEBUG Engine               - class com.almasb.fxgl.app.services.FXGLAssetLoaderService
10:21:33.650 [FXGL Background Thread 3 ] DEBUG Engine               - class com.almasb.fxgl.app.FXGLApplication$GameApplicationService
10:21:33.650 [FXGL Background Thread 3 ] DEBUG Engine               - class com.almasb.fxgl.app.services.FXGLDialogService
10:21:33.650 [FXGL Background Thread 3 ] DEBUG Engine               - class com.almasb.fxgl.app.services.IOTaskExecutorService
10:21:33.650 [FXGL Background Thread 3 ] DEBUG Engine               - class com.almasb.fxgl.io.FileSystemService
10:21:33.650 [FXGL Background Thread 3 ] DEBUG Engine               - class com.almasb.fxgl.localization.LocalizationService
10:21:33.650 [FXGL Background Thread 3 ] DEBUG Engine               - class com.almasb.fxgl.app.services.SystemBundleService
10:21:33.651 [FXGL Background Thread 3 ] DEBUG Engine               - class com.almasb.fxgl.profile.SaveLoadService
10:21:33.651 [FXGL Background Thread 3 ] DEBUG Engine               - class com.almasb.fxgl.ui.FXGLUIFactoryServiceProvider
10:21:33.651 [FXGL Background Thread 3 ] DEBUG Engine               - class com.almasb.fxgl.ui.FXGLDialogFactoryServiceProvider
10:21:33.651 [FXGL Background Thread 3 ] DEBUG Engine               - class com.almasb.fxgl.audio.AudioPlayer
10:21:33.651 [FXGL Background Thread 3 ] DEBUG Engine               - class com.almasb.fxgl.notification.impl.NotificationServiceProvider
10:21:33.651 [FXGL Background Thread 3 ] DEBUG Engine               - class com.almasb.fxgl.achievement.AchievementService
10:21:33.651 [FXGL Background Thread 3 ] DEBUG Engine               - class com.almasb.fxgl.cutscene.CutsceneService
10:21:33.651 [FXGL Background Thread 3 ] DEBUG Engine               - class com.almasb.fxgl.minigames.MiniGameService
10:21:33.651 [FXGL Background Thread 3 ] DEBUG Engine               - class com.almasb.fxgl.net.NetService
10:21:33.651 [FXGL Background Thread 3 ] DEBUG Engine               - class com.almasb.fxgl.app.services.UpdaterService
10:21:33.651 [FXGL Background Thread 3 ] DEBUG Engine               - class com.almasb.fxgl.dev.DevService
10:21:33.651 [FXGL Background Thread 3 ] DEBUG Engine               - class com.almasb.fxgl.multiplayer.MultiplayerService
10:21:33.677 [FXGL Background Thread 2 ] WARN  TMXLevelLoader       - TiledMap generated from 1.11.0. Supported version: 1.2.3. Some features may not be parsed fully.
10:21:33.683 [FXGL Background Thread 2 ] DEBUG TMXLevelLoader       - Parsed TiledMap: file:/C:/Users/acer/OneDrive/Desktop/git%20pull/CSS124L-FINAL-PROJECT/fp/target/classes/assets/levels/Lobby.tmx
10:21:33.685 [FXGL Background Thread 2 ] DEBUG TMXLevelLoader       - Creating tile layer entities
10:21:33.686 [FXGL Background Thread 2 ] DEBUG TilesetLoader        - Loading view for layer Tile Layer 1
10:21:33.690 [FXGL Background Thread 2 ] DEBUG TilesetLoader        - Created buffer with size 1280.0x768.0
10:21:33.696 [FXGL Background Thread 2 ] DEBUG TMXLevelLoader       - Creating object layer entities
10:21:33.711 [FXGL Background Thread 2 ] DEBUG GameWorld            - Clearing removable entities
10:21:33.712 [FXGL Background Thread 2 ] DEBUG GameWorld            - Setting level: com.almasb.fxgl.entity.level.Level@6a383784
10:21:33.723 [FXGL Background Thread 2 ] INFO  FXGLApplication      - Game initialization took: 0.085 sec
10:21:33.772 [JavaFX Application Thread] DEBUG Input                - Clearing active input actions
10:21:33.776 [JavaFX Application Thread] DEBUG GameApplicationServi - Removing overlay from FXGLLoadingScene and adding to GameScene
10:21:33.777 [JavaFX Application Thread] DEBUG PrimaryStageWindow   - FXGLLoadingScene -> GameScene
10:21:33.778 [JavaFX Application Thread] DEBUG FXGLAssetLoaderServi - Loading from file system: file:/C:/Users/acer/OneDrive/Desktop/git%20pull/CSS124L-FINAL-PROJECT/fp/target/classes/assets/textures/Interactables/microwave_close.png
10:21:33.779 [JavaFX Application Thread] DEBUG PrimaryStageWindow   - Push state: PCM_BG
10:21:33.779 [JavaFX Application Thread] DEBUG Input                - Clearing active input actions
10:21:33.780 [JavaFX Application Thread] DEBUG GameApplicationServi - Removing overlay from GameScene and adding to PCM_BG
10:21:33.780 [JavaFX Application Thread] DEBUG PrimaryStageWindow   - GameScene -> PCM_BG
10:21:33.784 [JavaFX Application Thread] DEBUG PrimaryStageWindow   - Push state: PlayerCountMenu
10:21:33.784 [JavaFX Application Thread] DEBUG Input                - Clearing active input actions
10:21:33.784 [JavaFX Application Thread] DEBUG GameApplicationServi - Removing overlay from PCM_BG and adding to PlayerCountMenu
10:21:33.787 [JavaFX Application Thread] DEBUG PrimaryStageWindow   - PCM_BG -> PlayerCountMenu
10:21:35.950 [JavaFX Application Thread] DEBUG PrimaryStageWindow   - Push state: DialogSubScene
10:21:35.950 [JavaFX Application Thread] DEBUG Input                - Clearing active input actions
10:21:35.951 [JavaFX Application Thread] DEBUG GameApplicationServi - Removing overlay from PlayerCountMenu and adding to DialogSubScene
10:21:35.951 [JavaFX Application Thread] DEBUG PrimaryStageWindow   - PlayerCountMenu -> DialogSubScene
10:21:36.328 [JavaFX Application Thread] DEBUG PrimaryStageWindow   - Pop state: DialogSubScene
10:21:36.328 [JavaFX Application Thread] DEBUG Input                - Clearing active input actions
10:21:36.328 [JavaFX Application Thread] DEBUG GameApplicationServi - Removing overlay from DialogSubScene and adding to PlayerCountMenu
10:21:36.329 [JavaFX Application Thread] DEBUG PrimaryStageWindow   - PlayerCountMenu <- DialogSubScene
10:21:36.330 [JavaFX Application Thread] DEBUG PrimaryStageWindow   - Push state: DialogSubScene
10:21:36.330 [JavaFX Application Thread] DEBUG Input                - Clearing active input actions
10:21:36.330 [JavaFX Application Thread] DEBUG GameApplicationServi - Removing overlay from PlayerCountMenu and adding to DialogSubScene
10:21:36.330 [JavaFX Application Thread] DEBUG PrimaryStageWindow   - PlayerCountMenu -> DialogSubScene
10:21:36.822 [JavaFX Application Thread] DEBUG PrimaryStageWindow   - Pop state: DialogSubScene
10:21:36.822 [JavaFX Application Thread] DEBUG Input                - Clearing active input actions
10:21:36.822 [JavaFX Application Thread] DEBUG GameApplicationServi - Removing overlay from DialogSubScene and adding to PlayerCountMenu
10:21:36.823 [JavaFX Application Thread] DEBUG PrimaryStageWindow   - PlayerCountMenu <- DialogSubScene
10:21:36.830 [ClientAsyncConnThread    ] DEBUG TCPClient            - Connecting to localhost:55555 type: class com.almasb.fxgl.core.serialization.Bundle
10:21:36.834 [ClientAsyncConnThread    ] DEBUG TCPClient            - Created socket to localhost:55555
10:21:36.840 [ClientAsyncConnThread    ] DEBUG Endpoint             - TCPClient opening new connection (1) from localhost/127.0.0.1:55555 type: class com.almasb.fxgl.core.serialization.Bundle
10:21:36.843 [ClientAsyncConnThread    ] DEBUG Endpoint             - TCPClient successfully opened connection (1)
10:21:36.847 [TCPClient_SendThread-1   ] DEBUG Writers              - Getting TCPMessageWriter for class com.almasb.fxgl.core.serialization.Bundle
10:21:36.848 [TCPClient_RecvThread-1   ] DEBUG Readers              - Getting TCPMessageReader for class com.almasb.fxgl.core.serialization.Bundle
10:21:36.849 [TCPClient_RecvThread-1   ] DEBUG Readers              - Constructed MessageReader for class com.almasb.fxgl.core.serialization.Bundle: BundleTCPMessageReader
10:21:36.849 [TCPClient_SendThread-1   ] DEBUG Writers              - Constructed TCPMessageWriter for class com.almasb.fxgl.core.serialization.Bundle: BundleTCPMessageWriter
10:21:36.896 [JavaFX Application Thread] DEBUG FXGLAssetLoaderServi - Loading from file system: file:/C:/Users/acer/OneDrive/Desktop/git%20pull/CSS124L-FINAL-PROJECT/fp/target/classes/assets/sounds/Reload.mp3
10:21:36.902 [JavaFX Application Thread] DEBUG FXGLAssetLoaderServi - Loading from file system: file:/C:/Users/acer/OneDrive/Desktop/git%20pull/CSS124L-FINAL-PROJECT/fp/target/classes/assets/sounds/BerettaM9_Shoot.mp3
10:21:36.907 [JavaFX Application Thread] DEBUG FXGLAssetLoaderServi - Loading from file system: file:/C:/Users/acer/OneDrive/Desktop/git%20pull/CSS124L-FINAL-PROJECT/fp/target/classes/assets/textures/Weapons/Idle/BerettaM9_Idle.png
10:21:36.908 [JavaFX Application Thread] DEBUG FXGLAssetLoaderServi - Loading from file system: file:/C:/Users/acer/OneDrive/Desktop/git%20pull/CSS124L-FINAL-PROJECT/fp/target/classes/assets/textures/Weapons/Shooting/BerettaM9_Shooting.png
10:21:36.910 [JavaFX Application Thread] DEBUG FXGLAssetLoaderServi - Loading from file system: file:/C:/Users/acer/OneDrive/Desktop/git%20pull/CSS124L-FINAL-PROJECT/fp/target/classes/assets/textures/Players/1P_Shoot.png
10:21:36.917 [JavaFX Application Thread] DEBUG FXGLAssetLoaderServi - Loading from file system: file:/C:/Users/acer/OneDrive/Desktop/git%20pull/CSS124L-FINAL-PROJECT/fp/target/classes/assets/textures/Interactables/vending_machine.png
10:21:41.435 [JavaFX Application Thread] DEBUG FXGLApplication      - Exiting FXGL
10:21:41.435 [JavaFX Application Thread] DEBUG LoopRunner           - Stopping loop
10:21:41.435 [JavaFX Application Thread] DEBUG SystemBundleService  - Saving FXGL system data
10:21:41.436 [JavaFX Application Thread] DEBUG FileSystemAccess     - Writing to: C:\Users\acer\OneDrive\Desktop\git pull\CSS124L-FINAL-PROJECT\system\fxgl.bundle
10:21:41.438 [JavaFX Application Thread] DEBUG Async                - Shutting down background threads
10:21:41.438 [JavaFX Application Thread] DEBUG PrimaryStageWindow   - Closing main window
10:21:41.450 [JavaFX Application Thread] DEBUG Logger               - Closing Logger
