03:27:27.502 [main                     ] DEBUG Logger               - Configured Logger
03:27:27.505 [main                     ] DEBUG GameApplication      - Logging settings
Title: Flatline: Oregon
Version: Alpha 0.3
Width: 800
Height: 600
Fullscreen: false
Intro: false
Profiling: false
Single step:false
App Mode: DEVELOPER
Menu Key: ESCAPE
Stage Style: DECORATED
Scene Factory: class com.groupfour.mygame.App$1

03:27:27.757 [JavaFX Application Thread] DEBUG FXGLApplication      - Initializing FXGL
03:27:27.758 [JavaFX Application Thread] INFO  Engine               - FXGL-dev-SNAPSHOT (28.07.2021 16.39) on WINDOWS (J:21.0.4 FX:16)
03:27:27.759 [JavaFX Application Thread] DEBUG Engine               - JRE Vendor Name: Eclipse Adoptium
03:27:27.759 [JavaFX Application Thread] DEBUG Engine               - Running on OS: Windows 11 version 10.0
03:27:27.759 [JavaFX Application Thread] DEBUG Engine               - Architecture: amd64
03:27:27.759 [JavaFX Application Thread] INFO  Engine               - Source code and latest versions at: https://github.com/AlmasB/FXGL
03:27:27.759 [JavaFX Application Thread] INFO  Engine               -              Join the FXGL chat at: https://gitter.im/AlmasB/FXGL
03:27:27.818 [JavaFX Application Thread] DEBUG PrimaryStageWindow   - Creating a JavaFX scene
03:27:27.855 [JavaFX Application Thread] DEBUG PrimaryStageWindow   - Target settings size: 800.0 x 600.0
03:27:27.855 [JavaFX Application Thread] DEBUG PrimaryStageWindow   - Scaled scene size:    800.0 x 600.0
03:27:27.855 [JavaFX Application Thread] DEBUG PrimaryStageWindow   - Scaled ratio: (1.0, 1.0)
03:27:27.856 [JavaFX Application Thread] DEBUG PrimaryStageWindow   - Set initial scene to FXGLStartupScene
03:27:27.860 [JavaFX Application Thread] DEBUG PrimaryStageWindow   - Opening main window
03:27:27.938 [JavaFX Application Thread] DEBUG PrimaryStageWindow   - Window border size: (16.0, 39.0)
03:27:27.939 [JavaFX Application Thread] DEBUG PrimaryStageWindow   - Scaled size: 800.0 x 600.0
03:27:27.939 [JavaFX Application Thread] DEBUG PrimaryStageWindow   - Scaled ratio: (1.0, 1.0)
03:27:27.939 [JavaFX Application Thread] DEBUG PrimaryStageWindow   - Scene size: 800.0 x 600.0
03:27:27.939 [JavaFX Application Thread] DEBUG PrimaryStageWindow   - Stage size: 816.0 x 639.0
03:27:27.947 [FXGL Background Thread 1 ] DEBUG Engine               - Initializing environment variables
03:27:28.014 [FXGL Background Thread 1 ] DEBUG FXGLAssetLoaderServi - User app class for loading assets: class com.groupfour.mygame.App
03:27:28.014 [FXGL Background Thread 1 ] DEBUG GameApplicationServi - Applying CSS: fxgl_dark.css
03:27:28.015 [FXGL Background Thread 1 ] DEBUG FXGLAssetLoaderServi - Loading from file system: jar:file:///C:/Users/Cent/.m2/repository/com/github/almasb/fxgl/dev-SNAPSHOT/fxgl-dev-SNAPSHOT.jar!/fxglassets/ui/css/fxgl_dark.css
03:27:28.055 [FXGL Background Thread 1 ] DEBUG GameApplicationServi - Initializing application scenes
03:27:28.104 [FXGL Background Thread 1 ] DEBUG GameWorld            - Game world initialized
03:27:28.160 [FXGL Background Thread 1 ] DEBUG PhysicsWorld         - Physics world initialized: appHeight=600, physics.ppm=50.0
03:27:28.160 [FXGL Background Thread 1 ] DEBUG PhysicsWorld         - Using strategy: BRUTE_FORCE
03:27:28.162 [FXGL Background Thread 1 ] DEBUG GameScene            - Game scene initialized: 800x600
03:27:28.171 [FXGL Background Thread 1 ] DEBUG FXGL.DefaultMenu     - createMenuBodyMainMenu()
03:27:28.182 [FXGL Background Thread 1 ] DEBUG FXGL.DefaultMenu     - createOptionsMenu()
03:27:28.189 [FXGL Background Thread 1 ] DEBUG FXGLAssetLoaderServi - Loading from file system: jar:file:///C:/Users/Cent/.m2/repository/com/github/almasb/fxgl/dev-SNAPSHOT/fxgl-dev-SNAPSHOT.jar!/fxglassets/textures/particles/smoke.png
03:27:28.276 [FXGL Background Thread 1 ] DEBUG FXGLAssetLoaderServi - Loading from file system: jar:file:///C:/Users/Cent/.m2/repository/com/github/almasb/fxgl/dev-SNAPSHOT/fxgl-dev-SNAPSHOT.jar!/fxglassets/textures/particles/trace_horizontal.png
03:27:28.302 [FXGL Background Thread 1 ] DEBUG GameApplicationServi - Application scenes initialized
03:27:28.310 [FXGL Background Thread 1 ] DEBUG SystemBundleService  - Loading FXGL system data
03:27:28.313 [FXGL Background Thread 1 ] DEBUG FileSystemAccess     - Reading from: C:\Users\Cent\Desktop\CSS124L-LE\CSS124L-FinalExam\CSS124L-FINAL-PROJECT\system\fxgl.bundle
03:27:28.320 [FXGL Background Thread 1 ] DEBUG SystemBundleService  - Bundle FXGL: {}
03:27:28.321 [FXGL Background Thread 1 ] DEBUG UpdaterService       - Checking for updates
03:27:28.338 [FXGL Background Thread 4 ] DEBUG FXGLApplication      - Loading fonts
03:27:28.338 [FXGL Background Thread 1 ] DEBUG FXGLApplication      - Loading default localization
03:27:28.338 [FXGL Background Thread 4 ] DEBUG FXGLAssetLoaderServi - Loading from file system: jar:file:///C:/Users/Cent/.m2/repository/com/github/almasb/fxgl/dev-SNAPSHOT/fxgl-dev-SNAPSHOT.jar!/fxglassets/ui/fonts/VarelaRound-Regular.ttf
03:27:28.338 [FXGL Background Thread 1 ] DEBUG FXGLAssetLoaderServi - Loading from file system: jar:file:///C:/Users/Cent/.m2/repository/com/github/almasb/fxgl/dev-SNAPSHOT/fxgl-dev-SNAPSHOT.jar!/fxglassets/languages/english.lang
03:27:28.353 [FXGL Background Thread 1 ] INFO  FXGLApplication      - FXGL initialization took: 0.406 sec
03:27:28.367 [JavaFX Application Thread] DEBUG Input                - Registered new binding: Move Upwards - W
03:27:28.367 [JavaFX Application Thread] DEBUG Input                - Registered new binding: Move Down - S
03:27:28.367 [JavaFX Application Thread] DEBUG Input                - Registered new binding: Move Left - A
03:27:28.368 [JavaFX Application Thread] DEBUG Input                - Registered new binding: Move Right - D
03:27:28.368 [JavaFX Application Thread] DEBUG Input                - Registered new binding: Reload - R
03:27:28.368 [JavaFX Application Thread] DEBUG Input                - Registered new binding: Shoot - LMB
03:27:28.368 [JavaFX Application Thread] DEBUG Input                - Registered new binding: Switch Weapons - Q
03:27:28.368 [JavaFX Application Thread] DEBUG Input                - Registered new binding: Interact - F
03:27:28.370 [JavaFX Application Thread] DEBUG FXGLAssetLoaderServi - Loading from file system: jar:file:///C:/Users/Cent/.m2/repository/com/github/almasb/fxgl/dev-SNAPSHOT/fxgl-dev-SNAPSHOT.jar!/fxglassets/textures/fxgl_icon.png
03:27:28.370 [FXGL Background Thread 4 ] DEBUG FXGLAssetLoaderServi - Loading from file system: jar:file:///C:/Users/Cent/.m2/repository/com/github/almasb/fxgl/dev-SNAPSHOT/fxgl-dev-SNAPSHOT.jar!/fxglassets/ui/fonts/Abel-Regular.ttf
03:27:28.373 [FXGL Background Thread 4 ] DEBUG FXGLAssetLoaderServi - Loading from file system: jar:file:///C:/Users/Cent/.m2/repository/com/github/almasb/fxgl/dev-SNAPSHOT/fxgl-dev-SNAPSHOT.jar!/fxglassets/ui/fonts/lucida_console.ttf
03:27:28.377 [FXGL Background Thread 4 ] DEBUG FXGLAssetLoaderServi - Loading from file system: jar:file:///C:/Users/Cent/.m2/repository/com/github/almasb/fxgl/dev-SNAPSHOT/fxgl-dev-SNAPSHOT.jar!/fxglassets/ui/fonts/Courier-Prime.ttf
03:27:28.389 [JavaFX Application Thread] DEBUG FXGLAssetLoaderServi - Loading from file system: jar:file:///C:/Users/Cent/.m2/repository/com/github/almasb/fxgl/dev-SNAPSHOT/fxgl-dev-SNAPSHOT.jar!/fxglassets/textures/fxgl_default_cursor.png
03:27:28.394 [JavaFX Application Thread] DEBUG Input                - Registered new binding: Screenshot - CTRL+8
03:27:28.394 [JavaFX Application Thread] DEBUG Input                - Registered new binding: Dev Options - 1
03:27:28.394 [JavaFX Application Thread] DEBUG Input                - Registered new binding: Dev Console - 2
03:27:28.395 [JavaFX Application Thread] DEBUG Input                - Registered new binding: System info dump - CTRL+9
03:27:28.395 [JavaFX Application Thread] DEBUG Input                - Registered new binding: Restart - CTRL+R
03:27:28.396 [JavaFX Application Thread] DEBUG Input                - Registered new binding: Toggle Debug Camera - CTRL+C
03:27:28.400 [JavaFX Application Thread] DEBUG LoopRunner           - Starting loop
03:27:28.413 [JavaFX Application Thread] DEBUG LoopRunner           - Initializing JavaFX AnimationTimerLoop
03:27:28.416 [JavaFX Application Thread] DEBUG Input                - Clearing active input actions
03:27:28.423 [JavaFX Application Thread] DEBUG GameApplicationServi - Removing overlay from FXGLStartupScene and adding to FXGLMainMenuDummyScene
03:27:28.430 [JavaFX Application Thread] DEBUG PrimaryStageWindow   - FXGLStartupScene -> FXGLMainMenuDummyScene
03:27:28.431 [JavaFX Application Thread] DEBUG PrimaryStageWindow   - Push state: FXGLDefaultMenu
03:27:28.446 [JavaFX Application Thread] DEBUG Input                - Clearing active input actions
03:27:28.454 [JavaFX Application Thread] DEBUG GameApplicationServi - Removing overlay from FXGLMainMenuDummyScene and adding to FXGLDefaultMenu
03:27:28.455 [JavaFX Application Thread] DEBUG PrimaryStageWindow   - FXGLMainMenuDummyScene -> FXGLDefaultMenu
03:27:28.455 [JavaFX Application Thread] DEBUG FXGLApplication      - Registering font factories with UI factory
03:27:28.748 [FXGL Background Thread 2 ] INFO  UpdaterService       - Your current version:  dev-SNAPSHOT
03:27:28.749 [FXGL Background Thread 2 ] INFO  UpdaterService       - Latest stable version: 21.1
03:27:29.535 [JavaFX Application Thread] DEBUG Menu                 - fireNewGame()
03:27:29.536 [JavaFX Application Thread] DEBUG GameApplicationServi - Starting new game
03:27:29.537 [JavaFX Application Thread] DEBUG PrimaryStageWindow   - Pop state: FXGLDefaultMenu
03:27:29.537 [JavaFX Application Thread] DEBUG Input                - Clearing active input actions
03:27:29.538 [JavaFX Application Thread] DEBUG GameApplicationServi - Removing overlay from FXGLDefaultMenu and adding to FXGLMainMenuDummyScene
03:27:29.539 [JavaFX Application Thread] DEBUG PrimaryStageWindow   - FXGLMainMenuDummyScene <- FXGLDefaultMenu
03:27:29.541 [JavaFX Application Thread] DEBUG Input                - Clearing active input actions
03:27:29.549 [JavaFX Application Thread] DEBUG GameApplicationServi - Removing overlay from FXGLMainMenuDummyScene and adding to FXGLLoadingScene
03:27:29.550 [JavaFX Application Thread] DEBUG PrimaryStageWindow   - FXGLMainMenuDummyScene -> FXGLLoadingScene
03:27:29.550 [JavaFX Application Thread] DEBUG GameApplicationServi - Clearing previous game
03:27:29.551 [JavaFX Application Thread] DEBUG GameScene            - Clearing game scene
03:27:29.551 [JavaFX Application Thread] DEBUG GameWorld            - Clearing game world
03:27:29.552 [JavaFX Application Thread] DEBUG PhysicsWorld         - Clearing physics world
03:27:29.556 [FXGL Background Thread 2 ] DEBUG FXGLApplication      - Initializing game
03:27:29.597 [FXGL Background Thread 2 ] INFO  FXGLApplication      - Game initialization took: 0.042 sec
03:27:29.599 [JavaFX Application Thread] DEBUG Input                - Clearing active input actions
03:27:29.606 [JavaFX Application Thread] DEBUG GameApplicationServi - Removing overlay from FXGLLoadingScene and adding to GameScene
03:27:29.608 [JavaFX Application Thread] DEBUG PrimaryStageWindow   - FXGLLoadingScene -> GameScene
03:27:29.614 [JavaFX Application Thread] DEBUG PrimaryStageWindow   - Push state: PlayerCountMenu
03:27:29.615 [JavaFX Application Thread] DEBUG Input                - Clearing active input actions
03:27:29.615 [JavaFX Application Thread] DEBUG GameApplicationServi - Removing overlay from GameScene and adding to PlayerCountMenu
03:27:29.615 [JavaFX Application Thread] DEBUG PrimaryStageWindow   - GameScene -> PlayerCountMenu
03:27:30.141 [JavaFX Application Thread] DEBUG PrimaryStageWindow   - Push state: DialogSubScene
03:27:30.141 [JavaFX Application Thread] DEBUG Input                - Clearing active input actions
03:27:30.141 [JavaFX Application Thread] DEBUG GameApplicationServi - Removing overlay from PlayerCountMenu and adding to DialogSubScene
03:27:30.142 [JavaFX Application Thread] DEBUG PrimaryStageWindow   - PlayerCountMenu -> DialogSubScene
03:27:30.574 [JavaFX Application Thread] DEBUG PrimaryStageWindow   - Pop state: DialogSubScene
03:27:30.574 [JavaFX Application Thread] DEBUG Input                - Clearing active input actions
03:27:30.575 [JavaFX Application Thread] DEBUG GameApplicationServi - Removing overlay from DialogSubScene and adding to PlayerCountMenu
03:27:30.576 [JavaFX Application Thread] DEBUG PrimaryStageWindow   - PlayerCountMenu <- DialogSubScene
03:27:30.582 [ClientAsyncConnThread    ] DEBUG TCPClient            - Connecting to localhost:55555 type: class com.almasb.fxgl.core.serialization.Bundle
03:27:30.583 [ClientAsyncConnThread    ] DEBUG TCPClient            - Created socket to localhost:55555
03:27:30.587 [ClientAsyncConnThread    ] DEBUG Endpoint             - TCPClient opening new connection (1) from localhost/127.0.0.1:55555 type: class com.almasb.fxgl.core.serialization.Bundle
03:27:30.588 [ClientAsyncConnThread    ] DEBUG Endpoint             - TCPClient successfully opened connection (1)
03:27:30.592 [TCPClient_SendThread-1   ] DEBUG Writers              - Getting TCPMessageWriter for class com.almasb.fxgl.core.serialization.Bundle
03:27:30.593 [TCPClient_RecvThread-1   ] DEBUG Readers              - Getting TCPMessageReader for class com.almasb.fxgl.core.serialization.Bundle
03:27:30.593 [TCPClient_SendThread-1   ] DEBUG Writers              - Constructed TCPMessageWriter for class com.almasb.fxgl.core.serialization.Bundle: BundleTCPMessageWriter
03:27:30.600 [TCPClient_RecvThread-1   ] DEBUG Readers              - Constructed MessageReader for class com.almasb.fxgl.core.serialization.Bundle: BundleTCPMessageReader
03:27:30.608 [JavaFX Application Thread] DEBUG FXGLAssetLoaderServi - Loading from file system: file:/C:/Users/Cent/Desktop/CSS124L-LE/CSS124L-FinalExam/CSS124L-FINAL-PROJECT/fp/target/classes/assets/textures/Players/1P_Shoot.png
03:27:30.613 [JavaFX Application Thread] DEBUG FXGLAssetLoaderServi - Loading from file system: file:/C:/Users/Cent/Desktop/CSS124L-LE/CSS124L-FinalExam/CSS124L-FINAL-PROJECT/fp/target/classes/assets/textures/Weapons/Idle/M16_Idle.png
03:27:30.614 [JavaFX Application Thread] DEBUG FXGLAssetLoaderServi - Loading from file system: file:/C:/Users/Cent/Desktop/CSS124L-LE/CSS124L-FinalExam/CSS124L-FINAL-PROJECT/fp/target/classes/assets/textures/Weapons/Shooting/M16_Shooting.png
03:27:30.617 [JavaFX Application Thread] WARN  Entity               - Entity already has component: com.groupfour.Components.AnimationComponents.PlayerAnimComp
03:27:30.619 [JavaFX Application Thread] DEBUG PrimaryStageWindow   - Pop state: PlayerCountMenu
03:27:30.619 [JavaFX Application Thread] DEBUG Input                - Clearing active input actions
03:27:30.620 [JavaFX Application Thread] DEBUG GameApplicationServi - Removing overlay from PlayerCountMenu and adding to GameScene
03:27:30.620 [JavaFX Application Thread] DEBUG PrimaryStageWindow   - GameScene <- PlayerCountMenu
03:27:31.337 [FXGL Background Thread 3 ] DEBUG Engine               - Logging environment variables
03:27:31.338 [FXGL Background Thread 3 ] DEBUG Engine               - achievements: []
03:27:31.338 [FXGL Background Thread 3 ] DEBUG Engine               - actualHeight: 600.0
03:27:31.338 [FXGL Background Thread 3 ] DEBUG Engine               - actualHeightProperty: ReadOnlyDoubleProperty [value: 600.0]
03:27:31.338 [FXGL Background Thread 3 ] DEBUG Engine               - actualWidth: 800.0
03:27:31.338 [FXGL Background Thread 3 ] DEBUG Engine               - actualWidthProperty: ReadOnlyDoubleProperty [value: 800.0]
03:27:31.338 [FXGL Background Thread 3 ] DEBUG Engine               - appIcon: fxgl_icon.png
03:27:31.338 [FXGL Background Thread 3 ] DEBUG Engine               - applicationMode: DEVELOPER
03:27:31.338 [FXGL Background Thread 3 ] DEBUG Engine               - cSSList: [fxgl_dark.css]
03:27:31.338 [FXGL Background Thread 3 ] DEBUG Engine               - collisionDetectionStrategy: BRUTE_FORCE
03:27:31.339 [FXGL Background Thread 3 ] DEBUG Engine               - configClass: Optional.empty
03:27:31.339 [FXGL Background Thread 3 ] DEBUG Engine               - credits: []
03:27:31.339 [FXGL Background Thread 3 ] DEBUG Engine               - defaultCursor: CursorInfo(imageName=fxgl_default_cursor.png, hotspotX=7.0, hotspotY=6.0)
03:27:31.339 [FXGL Background Thread 3 ] DEBUG Engine               - devBBoxColorProperty: ObjectProperty [value: 0xff0000ff]
03:27:31.339 [FXGL Background Thread 3 ] DEBUG Engine               - devEnableDebugCameraProperty: BooleanProperty [value: false]
03:27:31.339 [FXGL Background Thread 3 ] DEBUG Engine               - devSensorColorProperty: ObjectProperty [value: 0xffff00ff]
03:27:31.339 [FXGL Background Thread 3 ] DEBUG Engine               - devShowBBoxProperty: BooleanProperty [value: false]
03:27:31.339 [FXGL Background Thread 3 ] DEBUG Engine               - devShowPositionProperty: BooleanProperty [value: false]
03:27:31.339 [FXGL Background Thread 3 ] DEBUG Engine               - enabledMenuItems: []
03:27:31.339 [FXGL Background Thread 3 ] DEBUG Engine               - engineServices: [class com.almasb.fxgl.app.services.FXGLAssetLoaderService, class com.almasb.fxgl.app.FXGLApplication$GameApplicationService, class com.almasb.fxgl.app.services.FXGLDialogService, class com.almasb.fxgl.app.services.IOTaskExecutorService, class com.almasb.fxgl.io.FileSystemService, class com.almasb.fxgl.localization.LocalizationService, class com.almasb.fxgl.app.services.SystemBundleService, class com.almasb.fxgl.profile.SaveLoadService, class com.almasb.fxgl.ui.FXGLUIFactoryServiceProvider, class com.almasb.fxgl.ui.FXGLDialogFactoryServiceProvider, class com.almasb.fxgl.audio.AudioPlayer, class com.almasb.fxgl.notification.impl.NotificationServiceProvider, class com.almasb.fxgl.achievement.AchievementService, class com.almasb.fxgl.cutscene.CutsceneService, class com.almasb.fxgl.minigames.MiniGameService, class com.almasb.fxgl.net.NetService, class com.almasb.fxgl.app.services.UpdaterService, class com.almasb.fxgl.dev.DevService, class com.almasb.fxgl.multiplayer.MultiplayerService]
03:27:31.339 [FXGL Background Thread 3 ] DEBUG Engine               - fontGame: Abel-Regular.ttf
03:27:31.339 [FXGL Background Thread 3 ] DEBUG Engine               - fontMono: lucida_console.ttf
03:27:31.340 [FXGL Background Thread 3 ] DEBUG Engine               - fontText: Courier-Prime.ttf
03:27:31.340 [FXGL Background Thread 3 ] DEBUG Engine               - fontUI: VarelaRound-Regular.ttf
03:27:31.340 [FXGL Background Thread 3 ] DEBUG Engine               - fullScreen: BooleanProperty [value: false]
03:27:31.340 [FXGL Background Thread 3 ] DEBUG Engine               - gameDifficulty: MEDIUM
03:27:31.340 [FXGL Background Thread 3 ] DEBUG Engine               - gameDifficultyProperty: ObjectProperty [value: MEDIUM]
03:27:31.340 [FXGL Background Thread 3 ] DEBUG Engine               - globalMusicVolume: 0.5
03:27:31.340 [FXGL Background Thread 3 ] DEBUG Engine               - globalMusicVolumeProperty: DoubleProperty [value: 0.5]
03:27:31.340 [FXGL Background Thread 3 ] DEBUG Engine               - globalSoundVolume: 0.5
03:27:31.340 [FXGL Background Thread 3 ] DEBUG Engine               - globalSoundVolumeProperty: DoubleProperty [value: 0.5]
03:27:31.340 [FXGL Background Thread 3 ] DEBUG Engine               - height: 600
03:27:31.340 [FXGL Background Thread 3 ] DEBUG Engine               - is3D: false
03:27:31.340 [FXGL Background Thread 3 ] DEBUG Engine               - isAndroid: false
03:27:31.340 [FXGL Background Thread 3 ] DEBUG Engine               - isBrowser: false
03:27:31.340 [FXGL Background Thread 3 ] DEBUG Engine               - isClickFeedbackEnabled: false
03:27:31.340 [FXGL Background Thread 3 ] DEBUG Engine               - isCloseConfirmation: false
03:27:31.340 [FXGL Background Thread 3 ] DEBUG Engine               - isDesktop: true
03:27:31.340 [FXGL Background Thread 3 ] DEBUG Engine               - isDeveloperMenuEnabled: true
03:27:31.340 [FXGL Background Thread 3 ] DEBUG Engine               - isEmbedded: false
03:27:31.340 [FXGL Background Thread 3 ] DEBUG Engine               - isEntityPreloadEnabled: true
03:27:31.340 [FXGL Background Thread 3 ] DEBUG Engine               - isExperimentalTiledLargeMap: false
03:27:31.340 [FXGL Background Thread 3 ] DEBUG Engine               - isFileSystemWriteAllowed: true
03:27:31.340 [FXGL Background Thread 3 ] DEBUG Engine               - isFullScreenAllowed: false
03:27:31.340 [FXGL Background Thread 3 ] DEBUG Engine               - isFullScreenFromStart: false
03:27:31.340 [FXGL Background Thread 3 ] DEBUG Engine               - isGameMenuEnabled: true
03:27:31.340 [FXGL Background Thread 3 ] DEBUG Engine               - isIOS: false
03:27:31.340 [FXGL Background Thread 3 ] DEBUG Engine               - isIntroEnabled: false
03:27:31.340 [FXGL Background Thread 3 ] DEBUG Engine               - isLinux: false
03:27:31.340 [FXGL Background Thread 3 ] DEBUG Engine               - isMac: false
03:27:31.340 [FXGL Background Thread 3 ] DEBUG Engine               - isMainMenuEnabled: true
03:27:31.340 [FXGL Background Thread 3 ] DEBUG Engine               - isManualResizeEnabled: false
03:27:31.340 [FXGL Background Thread 3 ] DEBUG Engine               - isMobile: false
03:27:31.340 [FXGL Background Thread 3 ] DEBUG Engine               - isNative: false
03:27:31.340 [FXGL Background Thread 3 ] DEBUG Engine               - isPauseMusicWhenMinimized: true
03:27:31.341 [FXGL Background Thread 3 ] DEBUG Engine               - isPreserveResizeRatio: false
03:27:31.341 [FXGL Background Thread 3 ] DEBUG Engine               - isProfilingEnabled: false
03:27:31.341 [FXGL Background Thread 3 ] DEBUG Engine               - isScaleAffectedOnResize: true
03:27:31.341 [FXGL Background Thread 3 ] DEBUG Engine               - isSingleStep: false
03:27:31.341 [FXGL Background Thread 3 ] DEBUG Engine               - isUserProfileEnabled: false
03:27:31.341 [FXGL Background Thread 3 ] DEBUG Engine               - isWindows: true
03:27:31.341 [FXGL Background Thread 3 ] DEBUG Engine               - language: ObjectProperty [value: ENGLISH]
03:27:31.341 [FXGL Background Thread 3 ] DEBUG Engine               - menuKey: ESCAPE
03:27:31.341 [FXGL Background Thread 3 ] DEBUG Engine               - mouseSensitivity: 0.2
03:27:31.341 [FXGL Background Thread 3 ] DEBUG Engine               - notificationViewClass: class com.almasb.fxgl.notification.view.XboxNotificationView
03:27:31.341 [FXGL Background Thread 3 ] DEBUG Engine               - pixelsPerMeter: 50.0
03:27:31.341 [FXGL Background Thread 3 ] DEBUG Engine               - platform: WINDOWS
03:27:31.341 [FXGL Background Thread 3 ] DEBUG Engine               - prefHeightProperty: ReadOnlyDoubleProperty [value: 600.0]
03:27:31.341 [FXGL Background Thread 3 ] DEBUG Engine               - prefWidthProperty: ReadOnlyDoubleProperty [value: 800.0]
03:27:31.341 [FXGL Background Thread 3 ] DEBUG Engine               - profileDir: profiles/
03:27:31.341 [FXGL Background Thread 3 ] DEBUG Engine               - profileName: StringProperty [value: DEFAULT]
03:27:31.341 [FXGL Background Thread 3 ] DEBUG Engine               - randomSeed: -1
03:27:31.341 [FXGL Background Thread 3 ] DEBUG Engine               - runtimeInfo: RuntimeInfo(platform=WINDOWS, version=dev-SNAPSHOT, build=28.07.2021 16.39)
03:27:31.341 [FXGL Background Thread 3 ] DEBUG Engine               - saveFileExt: sav
03:27:31.341 [FXGL Background Thread 3 ] DEBUG Engine               - scaledHeightProp$fxgl: DoubleProperty [bound, value: 600.0]
03:27:31.341 [FXGL Background Thread 3 ] DEBUG Engine               - scaledWidthProp$fxgl: DoubleProperty [bound, value: 800.0]
03:27:31.341 [FXGL Background Thread 3 ] DEBUG Engine               - sceneFactory: com.groupfour.mygame.App$1@4a707256
03:27:31.341 [FXGL Background Thread 3 ] DEBUG Engine               - secondsIn24h: 60
03:27:31.342 [FXGL Background Thread 3 ] DEBUG Engine               - soundMenuBack: menu/back.wav
03:27:31.342 [FXGL Background Thread 3 ] DEBUG Engine               - soundMenuPress: menu/press.wav
03:27:31.342 [FXGL Background Thread 3 ] DEBUG Engine               - soundMenuSelect: menu/select.wav
03:27:31.342 [FXGL Background Thread 3 ] DEBUG Engine               - soundNotification: core/notification.wav
03:27:31.342 [FXGL Background Thread 3 ] DEBUG Engine               - stageStyle: DECORATED
03:27:31.342 [FXGL Background Thread 3 ] DEBUG Engine               - supportedLanguages: [ENGLISH, FRENCH, GERMAN, HUNGARIAN, RUSSIAN]
03:27:31.342 [FXGL Background Thread 3 ] DEBUG Engine               - ticksPerSecond: -1
03:27:31.342 [FXGL Background Thread 3 ] DEBUG Engine               - title: Flatline: Oregon
03:27:31.342 [FXGL Background Thread 3 ] DEBUG Engine               - urlGithub: https://github.com/AlmasB/FXGL
03:27:31.342 [FXGL Background Thread 3 ] DEBUG Engine               - urlLeaderboard: http://fxgl-top.herokuapp.com/
03:27:31.342 [FXGL Background Thread 3 ] DEBUG Engine               - urlPOM: https://raw.githubusercontent.com/AlmasB/FXGL/release/README.md
03:27:31.342 [FXGL Background Thread 3 ] DEBUG Engine               - userAppClass: class com.groupfour.mygame.App
03:27:31.342 [FXGL Background Thread 3 ] DEBUG Engine               - version: Alpha 0.3
03:27:31.342 [FXGL Background Thread 3 ] DEBUG Engine               - versionCheckDays: 7
03:27:31.342 [FXGL Background Thread 3 ] DEBUG Engine               - width: 800
03:27:31.342 [FXGL Background Thread 3 ] DEBUG Engine               - Logging services
03:27:31.342 [FXGL Background Thread 3 ] DEBUG Engine               - class com.almasb.fxgl.app.services.FXGLAssetLoaderService
03:27:31.342 [FXGL Background Thread 3 ] DEBUG Engine               - class com.almasb.fxgl.app.FXGLApplication$GameApplicationService
03:27:31.342 [FXGL Background Thread 3 ] DEBUG Engine               - class com.almasb.fxgl.app.services.FXGLDialogService
03:27:31.342 [FXGL Background Thread 3 ] DEBUG Engine               - class com.almasb.fxgl.app.services.IOTaskExecutorService
03:27:31.342 [FXGL Background Thread 3 ] DEBUG Engine               - class com.almasb.fxgl.io.FileSystemService
03:27:31.342 [FXGL Background Thread 3 ] DEBUG Engine               - class com.almasb.fxgl.localization.LocalizationService
03:27:31.342 [FXGL Background Thread 3 ] DEBUG Engine               - class com.almasb.fxgl.app.services.SystemBundleService
03:27:31.342 [FXGL Background Thread 3 ] DEBUG Engine               - class com.almasb.fxgl.profile.SaveLoadService
03:27:31.342 [FXGL Background Thread 3 ] DEBUG Engine               - class com.almasb.fxgl.ui.FXGLUIFactoryServiceProvider
03:27:31.342 [FXGL Background Thread 3 ] DEBUG Engine               - class com.almasb.fxgl.ui.FXGLDialogFactoryServiceProvider
03:27:31.342 [FXGL Background Thread 3 ] DEBUG Engine               - class com.almasb.fxgl.audio.AudioPlayer
03:27:31.342 [FXGL Background Thread 3 ] DEBUG Engine               - class com.almasb.fxgl.notification.impl.NotificationServiceProvider
03:27:31.342 [FXGL Background Thread 3 ] DEBUG Engine               - class com.almasb.fxgl.achievement.AchievementService
03:27:31.342 [FXGL Background Thread 3 ] DEBUG Engine               - class com.almasb.fxgl.cutscene.CutsceneService
03:27:31.342 [FXGL Background Thread 3 ] DEBUG Engine               - class com.almasb.fxgl.minigames.MiniGameService
03:27:31.342 [FXGL Background Thread 3 ] DEBUG Engine               - class com.almasb.fxgl.net.NetService
03:27:31.342 [FXGL Background Thread 3 ] DEBUG Engine               - class com.almasb.fxgl.app.services.UpdaterService
03:27:31.342 [FXGL Background Thread 3 ] DEBUG Engine               - class com.almasb.fxgl.dev.DevService
03:27:31.342 [FXGL Background Thread 3 ] DEBUG Engine               - class com.almasb.fxgl.multiplayer.MultiplayerService
03:27:31.534 [JavaFX Application Thread] WARN  Entity               - Entity already has component: com.groupfour.Components.AnimationComponents.PlayerAnimComp
03:27:31.538 [JavaFX Application Thread] WARN  Entity               - Entity already has component: com.groupfour.Components.AnimationComponents.PlayerAnimComp
03:27:32.029 [JavaFX Application Thread] DEBUG FXGLAssetLoaderServi - Loading from file system: file:/C:/Users/Cent/Desktop/CSS124L-LE/CSS124L-FinalExam/CSS124L-FINAL-PROJECT/fp/target/classes/assets/textures/Zombies/Basic_Zombie_Walking.png
03:27:32.033 [JavaFX Application Thread] WARN  FXGLAssetLoaderServi - Asset "/assets/textures/Zombies/Basic_Zombie_Attacking.png" was not found!
03:27:32.034 [JavaFX Application Thread] WARN  FXGLAssetLoaderServi - Failed to load IMAGE
03:27:32.552 [JavaFX Application Thread] WARN  FXGLAssetLoaderServi - Asset "/assets/textures/Zombies/Basic_Zombie_Attacking.png" was not found!
03:27:32.552 [JavaFX Application Thread] WARN  FXGLAssetLoaderServi - Failed to load IMAGE
03:27:33.058 [JavaFX Application Thread] WARN  FXGLAssetLoaderServi - Asset "/assets/textures/Zombies/Basic_Zombie_Attacking.png" was not found!
03:27:33.059 [JavaFX Application Thread] WARN  FXGLAssetLoaderServi - Failed to load IMAGE
03:27:33.579 [JavaFX Application Thread] WARN  FXGLAssetLoaderServi - Asset "/assets/textures/Zombies/Basic_Zombie_Attacking.png" was not found!
03:27:33.579 [JavaFX Application Thread] WARN  FXGLAssetLoaderServi - Failed to load IMAGE
03:27:34.313 [JavaFX Application Thread] WARN  FXGLAssetLoaderServi - Asset "/assets/textures/Zombies/Basic_Zombie_Attacking.png" was not found!
03:27:34.314 [JavaFX Application Thread] WARN  FXGLAssetLoaderServi - Failed to load IMAGE
03:27:35.307 [JavaFX Application Thread] WARN  FXGLAssetLoaderServi - Asset "/assets/textures/Zombies/Basic_Zombie_Attacking.png" was not found!
03:27:35.308 [JavaFX Application Thread] WARN  FXGLAssetLoaderServi - Failed to load IMAGE
03:27:36.310 [JavaFX Application Thread] WARN  FXGLAssetLoaderServi - Asset "/assets/textures/Zombies/Basic_Zombie_Attacking.png" was not found!
03:27:36.312 [JavaFX Application Thread] WARN  FXGLAssetLoaderServi - Failed to load IMAGE
03:27:37.342 [JavaFX Application Thread] WARN  FXGLAssetLoaderServi - Asset "/assets/textures/Zombies/Basic_Zombie_Attacking.png" was not found!
03:27:37.342 [JavaFX Application Thread] WARN  FXGLAssetLoaderServi - Failed to load IMAGE
03:27:38.358 [JavaFX Application Thread] WARN  FXGLAssetLoaderServi - Asset "/assets/textures/Zombies/Basic_Zombie_Attacking.png" was not found!
03:27:38.359 [JavaFX Application Thread] WARN  FXGLAssetLoaderServi - Failed to load IMAGE
03:27:39.339 [JavaFX Application Thread] WARN  FXGLAssetLoaderServi - Asset "/assets/textures/Zombies/Basic_Zombie_Attacking.png" was not found!
03:27:39.339 [JavaFX Application Thread] WARN  FXGLAssetLoaderServi - Failed to load IMAGE
03:27:40.347 [JavaFX Application Thread] WARN  FXGLAssetLoaderServi - Asset "/assets/textures/Zombies/Basic_Zombie_Attacking.png" was not found!
03:27:40.348 [JavaFX Application Thread] WARN  FXGLAssetLoaderServi - Failed to load IMAGE
03:27:41.339 [JavaFX Application Thread] WARN  FXGLAssetLoaderServi - Asset "/assets/textures/Zombies/Basic_Zombie_Attacking.png" was not found!
03:27:41.339 [JavaFX Application Thread] WARN  FXGLAssetLoaderServi - Failed to load IMAGE
03:27:41.639 [JavaFX Application Thread] DEBUG FXGLApplication      - Exiting FXGL
03:27:41.639 [JavaFX Application Thread] DEBUG LoopRunner           - Stopping loop
03:27:41.639 [JavaFX Application Thread] DEBUG SystemBundleService  - Saving FXGL system data
03:27:41.640 [JavaFX Application Thread] DEBUG FileSystemAccess     - Writing to: C:\Users\Cent\Desktop\CSS124L-LE\CSS124L-FinalExam\CSS124L-FINAL-PROJECT\system\fxgl.bundle
03:27:41.641 [JavaFX Application Thread] DEBUG Async                - Shutting down background threads
03:27:41.641 [JavaFX Application Thread] DEBUG PrimaryStageWindow   - Closing main window
03:27:41.661 [JavaFX Application Thread] DEBUG Logger               - Closing Logger
