02:10:59.829 [main                     ] DEBUG Logger               - Configured Logger
02:10:59.834 [main                     ] DEBUG GameApplication      - Logging settings
Title: Flatline: Oregon
Version: Alpha 0.19021902
Width: 800
Height: 600
Fullscreen: false
Intro: false
Profiling: false
Single step:false
App Mode: DEVELOPER
Menu Key: ESCAPE
Stage Style: DECORATED
Scene Factory: class com.groupfour.mygame.App$1

02:11:00.202 [JavaFX Application Thread] DEBUG FXGLApplication      - Initializing FXGL
02:11:00.203 [JavaFX Application Thread] INFO  Engine               - FXGL-dev-SNAPSHOT (28.07.2021 16.39) on WINDOWS (J:21.0.4 FX:16)
02:11:00.204 [JavaFX Application Thread] DEBUG Engine               - JRE Vendor Name: Eclipse Adoptium
02:11:00.204 [JavaFX Application Thread] DEBUG Engine               - Running on OS: Windows 11 version 10.0
02:11:00.204 [JavaFX Application Thread] DEBUG Engine               - Architecture: amd64
02:11:00.204 [JavaFX Application Thread] INFO  Engine               - Source code and latest versions at: https://github.com/AlmasB/FXGL
02:11:00.205 [JavaFX Application Thread] INFO  Engine               -              Join the FXGL chat at: https://gitter.im/AlmasB/FXGL
02:11:00.276 [JavaFX Application Thread] DEBUG PrimaryStageWindow   - Creating a JavaFX scene
02:11:00.317 [JavaFX Application Thread] DEBUG PrimaryStageWindow   - Target settings size: 800.0 x 600.0
02:11:00.317 [JavaFX Application Thread] DEBUG PrimaryStageWindow   - Scaled scene size:    800.0 x 600.0
02:11:00.318 [JavaFX Application Thread] DEBUG PrimaryStageWindow   - Scaled ratio: (1.0, 1.0)
02:11:00.318 [JavaFX Application Thread] DEBUG PrimaryStageWindow   - Set initial scene to FXGLStartupScene
02:11:00.325 [JavaFX Application Thread] DEBUG PrimaryStageWindow   - Opening main window
02:11:00.401 [JavaFX Application Thread] DEBUG PrimaryStageWindow   - Window border size: (16.0, 39.0)
02:11:00.401 [JavaFX Application Thread] DEBUG PrimaryStageWindow   - Scaled size: 800.0 x 600.0
02:11:00.401 [JavaFX Application Thread] DEBUG PrimaryStageWindow   - Scaled ratio: (1.0, 1.0)
02:11:00.401 [JavaFX Application Thread] DEBUG PrimaryStageWindow   - Scene size: 800.0 x 600.0
02:11:00.401 [JavaFX Application Thread] DEBUG PrimaryStageWindow   - Stage size: 816.0 x 639.0
02:11:00.409 [FXGL Background Thread 1 ] DEBUG Engine               - Initializing environment variables
02:11:00.475 [FXGL Background Thread 1 ] DEBUG FXGLAssetLoaderServi - User app class for loading assets: class com.groupfour.mygame.App
02:11:00.475 [FXGL Background Thread 1 ] DEBUG GameApplicationServi - Applying CSS: fxgl_dark.css
02:11:00.476 [FXGL Background Thread 1 ] DEBUG FXGLAssetLoaderServi - Loading from file system: jar:file:///C:/Users/Cent/.m2/repository/com/github/almasb/fxgl/dev-SNAPSHOT/fxgl-dev-SNAPSHOT.jar!/fxglassets/ui/css/fxgl_dark.css
02:11:00.523 [FXGL Background Thread 1 ] DEBUG GameApplicationServi - Initializing application scenes
02:11:00.567 [FXGL Background Thread 1 ] DEBUG GameWorld            - Game world initialized
02:11:00.632 [FXGL Background Thread 1 ] DEBUG PhysicsWorld         - Physics world initialized: appHeight=600, physics.ppm=50.0
02:11:00.633 [FXGL Background Thread 1 ] DEBUG PhysicsWorld         - Using strategy: BRUTE_FORCE
02:11:00.635 [FXGL Background Thread 1 ] DEBUG GameScene            - Game scene initialized: 800x600
02:11:00.646 [FXGL Background Thread 1 ] DEBUG FXGL.DefaultMenu     - createMenuBodyMainMenu()
02:11:00.659 [FXGL Background Thread 1 ] DEBUG FXGL.DefaultMenu     - createOptionsMenu()
02:11:00.667 [FXGL Background Thread 1 ] DEBUG FXGLAssetLoaderServi - Loading from file system: jar:file:///C:/Users/Cent/.m2/repository/com/github/almasb/fxgl/dev-SNAPSHOT/fxgl-dev-SNAPSHOT.jar!/fxglassets/textures/particles/smoke.png
02:11:00.770 [FXGL Background Thread 1 ] DEBUG FXGLAssetLoaderServi - Loading from file system: jar:file:///C:/Users/Cent/.m2/repository/com/github/almasb/fxgl/dev-SNAPSHOT/fxgl-dev-SNAPSHOT.jar!/fxglassets/textures/particles/trace_horizontal.png
02:11:00.803 [FXGL Background Thread 1 ] DEBUG GameApplicationServi - Application scenes initialized
02:11:00.812 [FXGL Background Thread 1 ] DEBUG SystemBundleService  - Loading FXGL system data
02:11:00.815 [FXGL Background Thread 1 ] DEBUG FileSystemAccess     - Reading from: c:\Users\Cent\Desktop\CSS124L-LE\CSS124L-FinalExam\CSS124L-FINAL-PROJECT\system\fxgl.bundle
02:11:00.823 [FXGL Background Thread 1 ] DEBUG SystemBundleService  - Bundle FXGL: {}
02:11:00.824 [FXGL Background Thread 1 ] DEBUG UpdaterService       - Checking for updates
02:11:00.847 [FXGL Background Thread 4 ] DEBUG FXGLApplication      - Loading fonts
02:11:00.848 [FXGL Background Thread 1 ] DEBUG FXGLApplication      - Loading default localization
02:11:00.848 [FXGL Background Thread 4 ] DEBUG FXGLAssetLoaderServi - Loading from file system: jar:file:///C:/Users/Cent/.m2/repository/com/github/almasb/fxgl/dev-SNAPSHOT/fxgl-dev-SNAPSHOT.jar!/fxglassets/ui/fonts/VarelaRound-Regular.ttf
02:11:00.848 [FXGL Background Thread 1 ] DEBUG FXGLAssetLoaderServi - Loading from file system: jar:file:///C:/Users/Cent/.m2/repository/com/github/almasb/fxgl/dev-SNAPSHOT/fxgl-dev-SNAPSHOT.jar!/fxglassets/languages/english.lang
02:11:00.864 [FXGL Background Thread 1 ] INFO  FXGLApplication      - FXGL initialization took: 0.455 sec
02:11:00.878 [JavaFX Application Thread] DEBUG Input                - Registered new binding: Move Upwards - W
02:11:00.878 [JavaFX Application Thread] DEBUG Input                - Registered new binding: Move Down - S
02:11:00.878 [JavaFX Application Thread] DEBUG Input                - Registered new binding: Move Left - A
02:11:00.878 [JavaFX Application Thread] DEBUG Input                - Registered new binding: Move Right - D
02:11:00.878 [JavaFX Application Thread] DEBUG Input                - Registered new binding: Reload - R
02:11:00.879 [JavaFX Application Thread] DEBUG Input                - Registered new binding: Shoot - LMB
02:11:00.879 [JavaFX Application Thread] DEBUG Input                - Registered new binding: Switch Weapons - Q
02:11:00.879 [JavaFX Application Thread] DEBUG Input                - Registered new binding: Interact - F
02:11:00.880 [JavaFX Application Thread] DEBUG FXGLAssetLoaderServi - Loading from file system: jar:file:///C:/Users/Cent/.m2/repository/com/github/almasb/fxgl/dev-SNAPSHOT/fxgl-dev-SNAPSHOT.jar!/fxglassets/textures/fxgl_icon.png
02:11:00.883 [FXGL Background Thread 4 ] DEBUG FXGLAssetLoaderServi - Loading from file system: jar:file:///C:/Users/Cent/.m2/repository/com/github/almasb/fxgl/dev-SNAPSHOT/fxgl-dev-SNAPSHOT.jar!/fxglassets/ui/fonts/Abel-Regular.ttf
02:11:00.888 [FXGL Background Thread 4 ] DEBUG FXGLAssetLoaderServi - Loading from file system: jar:file:///C:/Users/Cent/.m2/repository/com/github/almasb/fxgl/dev-SNAPSHOT/fxgl-dev-SNAPSHOT.jar!/fxglassets/ui/fonts/lucida_console.ttf
02:11:00.894 [FXGL Background Thread 4 ] DEBUG FXGLAssetLoaderServi - Loading from file system: jar:file:///C:/Users/Cent/.m2/repository/com/github/almasb/fxgl/dev-SNAPSHOT/fxgl-dev-SNAPSHOT.jar!/fxglassets/ui/fonts/Courier-Prime.ttf
02:11:00.910 [JavaFX Application Thread] DEBUG FXGLAssetLoaderServi - Loading from file system: jar:file:///C:/Users/Cent/.m2/repository/com/github/almasb/fxgl/dev-SNAPSHOT/fxgl-dev-SNAPSHOT.jar!/fxglassets/textures/fxgl_default_cursor.png
02:11:00.912 [JavaFX Application Thread] DEBUG Input                - Registered new binding: Screenshot - CTRL+8
02:11:00.913 [JavaFX Application Thread] DEBUG Input                - Registered new binding: Dev Options - 1
02:11:00.913 [JavaFX Application Thread] DEBUG Input                - Registered new binding: Dev Console - 2
02:11:00.913 [JavaFX Application Thread] DEBUG Input                - Registered new binding: System info dump - CTRL+9
02:11:00.914 [JavaFX Application Thread] DEBUG Input                - Registered new binding: Restart - CTRL+R
02:11:00.914 [JavaFX Application Thread] DEBUG Input                - Registered new binding: Toggle Debug Camera - CTRL+C
02:11:00.919 [JavaFX Application Thread] DEBUG LoopRunner           - Starting loop
02:11:00.937 [JavaFX Application Thread] DEBUG LoopRunner           - Initializing JavaFX AnimationTimerLoop
02:11:00.943 [JavaFX Application Thread] DEBUG Input                - Clearing active input actions
02:11:00.950 [JavaFX Application Thread] DEBUG GameApplicationServi - Removing overlay from FXGLStartupScene and adding to FXGLMainMenuDummyScene
02:11:00.960 [JavaFX Application Thread] DEBUG PrimaryStageWindow   - FXGLStartupScene -> FXGLMainMenuDummyScene
02:11:00.961 [JavaFX Application Thread] DEBUG PrimaryStageWindow   - Push state: FXGLDefaultMenu
02:11:00.975 [JavaFX Application Thread] DEBUG Input                - Clearing active input actions
02:11:00.982 [JavaFX Application Thread] DEBUG GameApplicationServi - Removing overlay from FXGLMainMenuDummyScene and adding to FXGLDefaultMenu
02:11:00.982 [JavaFX Application Thread] DEBUG PrimaryStageWindow   - FXGLMainMenuDummyScene -> FXGLDefaultMenu
02:11:00.989 [JavaFX Application Thread] DEBUG FXGLApplication      - Registering font factories with UI factory
02:11:01.608 [FXGL Background Thread 2 ] INFO  UpdaterService       - Your current version:  dev-SNAPSHOT
02:11:01.609 [FXGL Background Thread 2 ] INFO  UpdaterService       - Latest stable version: 21.1
02:11:01.904 [JavaFX Application Thread] DEBUG Menu                 - fireNewGame()
02:11:01.904 [JavaFX Application Thread] DEBUG GameApplicationServi - Starting new game
02:11:01.907 [JavaFX Application Thread] DEBUG PrimaryStageWindow   - Pop state: FXGLDefaultMenu
02:11:01.908 [JavaFX Application Thread] DEBUG Input                - Clearing active input actions
02:11:01.910 [JavaFX Application Thread] DEBUG GameApplicationServi - Removing overlay from FXGLDefaultMenu and adding to FXGLMainMenuDummyScene
02:11:01.913 [JavaFX Application Thread] DEBUG PrimaryStageWindow   - FXGLMainMenuDummyScene <- FXGLDefaultMenu
02:11:01.913 [JavaFX Application Thread] DEBUG Input                - Clearing active input actions
02:11:01.924 [JavaFX Application Thread] DEBUG GameApplicationServi - Removing overlay from FXGLMainMenuDummyScene and adding to FXGLLoadingScene
02:11:01.925 [JavaFX Application Thread] DEBUG PrimaryStageWindow   - FXGLMainMenuDummyScene -> FXGLLoadingScene
02:11:01.925 [JavaFX Application Thread] DEBUG GameApplicationServi - Clearing previous game
02:11:01.926 [JavaFX Application Thread] DEBUG GameScene            - Clearing game scene
02:11:01.926 [JavaFX Application Thread] DEBUG GameWorld            - Clearing game world
02:11:01.926 [JavaFX Application Thread] DEBUG PhysicsWorld         - Clearing physics world
02:11:01.929 [FXGL Background Thread 2 ] DEBUG FXGLApplication      - Initializing game
02:11:01.999 [FXGL Background Thread 2 ] WARN  TMXLevelLoader       - TiledMap generated from 1.11.0. Supported version: 1.2.3. Some features may not be parsed fully.
02:11:02.006 [FXGL Background Thread 2 ] DEBUG TMXLevelLoader       - Parsed TiledMap: file:/C:/Users/Cent/Desktop/CSS124L-LE/CSS124L-FinalExam/CSS124L-FINAL-PROJECT/fp/target/classes/assets/levels/Lobby.tmx
02:11:02.008 [FXGL Background Thread 2 ] DEBUG TMXLevelLoader       - Creating tile layer entities
02:11:02.009 [FXGL Background Thread 2 ] DEBUG TilesetLoader        - Loading view for layer Tile Layer 1
02:11:02.010 [FXGL Background Thread 2 ] DEBUG TilesetLoader        - Created buffer with size 1280.0x768.0
02:11:02.018 [FXGL Background Thread 2 ] DEBUG TMXLevelLoader       - Creating object layer entities
02:11:02.042 [FXGL Background Thread 2 ] DEBUG GameWorld            - Clearing removable entities
02:11:02.043 [FXGL Background Thread 2 ] DEBUG GameWorld            - Setting level: com.almasb.fxgl.entity.level.Level@5f33b439
02:11:02.047 [FXGL Background Thread 2 ] DEBUG FXGLAssetLoaderServi - Loading from file system: file:/C:/Users/Cent/Desktop/CSS124L-LE/CSS124L-FinalExam/CSS124L-FINAL-PROJECT/fp/target/classes/assets/ui/fonts/PIXELADE.TTF
02:11:02.070 [FXGL Background Thread 2 ] INFO  FXGLApplication      - Game initialization took: 0.140 sec
02:11:02.072 [JavaFX Application Thread] DEBUG Input                - Clearing active input actions
02:11:02.079 [JavaFX Application Thread] DEBUG GameApplicationServi - Removing overlay from FXGLLoadingScene and adding to GameScene
02:11:02.083 [JavaFX Application Thread] DEBUG PrimaryStageWindow   - FXGLLoadingScene -> GameScene
02:11:02.087 [JavaFX Application Thread] DEBUG FXGLAssetLoaderServi - Loading from file system: file:/C:/Users/Cent/Desktop/CSS124L-LE/CSS124L-FinalExam/CSS124L-FINAL-PROJECT/fp/target/classes/assets/textures/Interactables/microwave_close.png
02:11:02.090 [JavaFX Application Thread] DEBUG PrimaryStageWindow   - Push state: PCM_BG
02:11:02.090 [JavaFX Application Thread] DEBUG Input                - Clearing active input actions
02:11:02.090 [JavaFX Application Thread] DEBUG GameApplicationServi - Removing overlay from GameScene and adding to PCM_BG
02:11:02.091 [JavaFX Application Thread] DEBUG PrimaryStageWindow   - GameScene -> PCM_BG
02:11:02.093 [JavaFX Application Thread] DEBUG PrimaryStageWindow   - Push state: PlayerCountMenu
02:11:02.093 [JavaFX Application Thread] DEBUG Input                - Clearing active input actions
02:11:02.093 [JavaFX Application Thread] DEBUG GameApplicationServi - Removing overlay from PCM_BG and adding to PlayerCountMenu
02:11:02.099 [JavaFX Application Thread] DEBUG PrimaryStageWindow   - PCM_BG -> PlayerCountMenu
02:11:02.846 [JavaFX Application Thread] DEBUG FXGLAssetLoaderServi - Loading from file system: file:/C:/Users/Cent/Desktop/CSS124L-LE/CSS124L-FinalExam/CSS124L-FINAL-PROJECT/fp/target/classes/assets/textures/Weapons/Idle/BerettaM9_Idle.png
02:11:02.847 [JavaFX Application Thread] DEBUG FXGLAssetLoaderServi - Loading from file system: file:/C:/Users/Cent/Desktop/CSS124L-LE/CSS124L-FinalExam/CSS124L-FINAL-PROJECT/fp/target/classes/assets/textures/Weapons/Shooting/BerettaM9_Shooting.png
02:11:02.851 [JavaFX Application Thread] DEBUG FXGLAssetLoaderServi - Loading from file system: file:/C:/Users/Cent/Desktop/CSS124L-LE/CSS124L-FinalExam/CSS124L-FINAL-PROJECT/fp/target/classes/assets/textures/Players/1P_Shoot.png
02:11:02.855 [JavaFX Application Thread] DEBUG FXGLAssetLoaderServi - Loading from file system: file:/C:/Users/Cent/Desktop/CSS124L-LE/CSS124L-FinalExam/CSS124L-FINAL-PROJECT/fp/target/classes/assets/textures/Interactables/vending_machine.png
02:11:02.862 [JavaFX Application Thread] DEBUG PrimaryStageWindow   - Pop state: PlayerCountMenu
02:11:02.862 [JavaFX Application Thread] DEBUG Input                - Clearing active input actions
02:11:02.863 [JavaFX Application Thread] DEBUG GameApplicationServi - Removing overlay from PlayerCountMenu and adding to PCM_BG
02:11:02.863 [JavaFX Application Thread] DEBUG PrimaryStageWindow   - PCM_BG <- PlayerCountMenu
02:11:02.863 [JavaFX Application Thread] DEBUG PrimaryStageWindow   - Pop state: PCM_BG
02:11:02.863 [JavaFX Application Thread] DEBUG Input                - Clearing active input actions
02:11:02.864 [JavaFX Application Thread] DEBUG GameApplicationServi - Removing overlay from PCM_BG and adding to GameScene
02:11:02.864 [JavaFX Application Thread] DEBUG PrimaryStageWindow   - GameScene <- PCM_BG
02:11:02.931 [JavaFX Application Thread] DEBUG FXGLAssetLoaderServi - Loading from file system: file:/C:/Users/Cent/Desktop/CSS124L-LE/CSS124L-FinalExam/CSS124L-FINAL-PROJECT/fp/target/classes/assets/textures/Zombies/Basic_Zombie_Walking.png
02:11:02.935 [JavaFX Application Thread] DEBUG FXGLAssetLoaderServi - Loading from file system: file:/C:/Users/Cent/Desktop/CSS124L-LE/CSS124L-FinalExam/CSS124L-FINAL-PROJECT/fp/target/classes/assets/textures/Zombies/Basic_Zombie_Attack.png
02:11:03.848 [FXGL Background Thread 3 ] DEBUG Engine               - Logging environment variables
02:11:03.848 [FXGL Background Thread 3 ] DEBUG Engine               - achievements: []
02:11:03.848 [FXGL Background Thread 3 ] DEBUG Engine               - actualHeight: 600.0
02:11:03.848 [FXGL Background Thread 3 ] DEBUG Engine               - actualHeightProperty: ReadOnlyDoubleProperty [value: 600.0]
02:11:03.848 [FXGL Background Thread 3 ] DEBUG Engine               - actualWidth: 800.0
02:11:03.848 [FXGL Background Thread 3 ] DEBUG Engine               - actualWidthProperty: ReadOnlyDoubleProperty [value: 800.0]
02:11:03.848 [FXGL Background Thread 3 ] DEBUG Engine               - appIcon: fxgl_icon.png
02:11:03.848 [FXGL Background Thread 3 ] DEBUG Engine               - applicationMode: DEVELOPER
02:11:03.848 [FXGL Background Thread 3 ] DEBUG Engine               - cSSList: [fxgl_dark.css]
02:11:03.848 [FXGL Background Thread 3 ] DEBUG Engine               - collisionDetectionStrategy: BRUTE_FORCE
02:11:03.848 [FXGL Background Thread 3 ] DEBUG Engine               - configClass: Optional.empty
02:11:03.848 [FXGL Background Thread 3 ] DEBUG Engine               - credits: []
02:11:03.848 [FXGL Background Thread 3 ] DEBUG Engine               - defaultCursor: CursorInfo(imageName=fxgl_default_cursor.png, hotspotX=7.0, hotspotY=6.0)
02:11:03.848 [FXGL Background Thread 3 ] DEBUG Engine               - devBBoxColorProperty: ObjectProperty [value: 0xff0000ff]
02:11:03.848 [FXGL Background Thread 3 ] DEBUG Engine               - devEnableDebugCameraProperty: BooleanProperty [value: false]
02:11:03.848 [FXGL Background Thread 3 ] DEBUG Engine               - devSensorColorProperty: ObjectProperty [value: 0xffff00ff]
02:11:03.848 [FXGL Background Thread 3 ] DEBUG Engine               - devShowBBoxProperty: BooleanProperty [value: false]
02:11:03.848 [FXGL Background Thread 3 ] DEBUG Engine               - devShowPositionProperty: BooleanProperty [value: false]
02:11:03.848 [FXGL Background Thread 3 ] DEBUG Engine               - enabledMenuItems: []
02:11:03.848 [FXGL Background Thread 3 ] DEBUG Engine               - engineServices: [class com.almasb.fxgl.app.services.FXGLAssetLoaderService, class com.almasb.fxgl.app.FXGLApplication$GameApplicationService, class com.almasb.fxgl.app.services.FXGLDialogService, class com.almasb.fxgl.app.services.IOTaskExecutorService, class com.almasb.fxgl.io.FileSystemService, class com.almasb.fxgl.localization.LocalizationService, class com.almasb.fxgl.app.services.SystemBundleService, class com.almasb.fxgl.profile.SaveLoadService, class com.almasb.fxgl.ui.FXGLUIFactoryServiceProvider, class com.almasb.fxgl.ui.FXGLDialogFactoryServiceProvider, class com.almasb.fxgl.audio.AudioPlayer, class com.almasb.fxgl.notification.impl.NotificationServiceProvider, class com.almasb.fxgl.achievement.AchievementService, class com.almasb.fxgl.cutscene.CutsceneService, class com.almasb.fxgl.minigames.MiniGameService, class com.almasb.fxgl.net.NetService, class com.almasb.fxgl.app.services.UpdaterService, class com.almasb.fxgl.dev.DevService, class com.almasb.fxgl.multiplayer.MultiplayerService]
02:11:03.848 [FXGL Background Thread 3 ] DEBUG Engine               - fontGame: Abel-Regular.ttf
02:11:03.848 [FXGL Background Thread 3 ] DEBUG Engine               - fontMono: lucida_console.ttf
02:11:03.848 [FXGL Background Thread 3 ] DEBUG Engine               - fontText: Courier-Prime.ttf
02:11:03.848 [FXGL Background Thread 3 ] DEBUG Engine               - fontUI: VarelaRound-Regular.ttf
02:11:03.849 [FXGL Background Thread 3 ] DEBUG Engine               - fullScreen: BooleanProperty [value: false]
02:11:03.849 [FXGL Background Thread 3 ] DEBUG Engine               - gameDifficulty: MEDIUM
02:11:03.849 [FXGL Background Thread 3 ] DEBUG Engine               - gameDifficultyProperty: ObjectProperty [value: MEDIUM]
02:11:03.849 [FXGL Background Thread 3 ] DEBUG Engine               - globalMusicVolume: 0.5
02:11:03.849 [FXGL Background Thread 3 ] DEBUG Engine               - globalMusicVolumeProperty: DoubleProperty [value: 0.5]
02:11:03.849 [FXGL Background Thread 3 ] DEBUG Engine               - globalSoundVolume: 0.5
02:11:03.849 [FXGL Background Thread 3 ] DEBUG Engine               - globalSoundVolumeProperty: DoubleProperty [value: 0.5]
02:11:03.849 [FXGL Background Thread 3 ] DEBUG Engine               - height: 600
02:11:03.849 [FXGL Background Thread 3 ] DEBUG Engine               - is3D: false
02:11:03.849 [FXGL Background Thread 3 ] DEBUG Engine               - isAndroid: false
02:11:03.849 [FXGL Background Thread 3 ] DEBUG Engine               - isBrowser: false
02:11:03.849 [FXGL Background Thread 3 ] DEBUG Engine               - isClickFeedbackEnabled: false
02:11:03.849 [FXGL Background Thread 3 ] DEBUG Engine               - isCloseConfirmation: false
02:11:03.849 [FXGL Background Thread 3 ] DEBUG Engine               - isDesktop: true
02:11:03.849 [FXGL Background Thread 3 ] DEBUG Engine               - isDeveloperMenuEnabled: true
02:11:03.849 [FXGL Background Thread 3 ] DEBUG Engine               - isEmbedded: false
02:11:03.849 [FXGL Background Thread 3 ] DEBUG Engine               - isEntityPreloadEnabled: true
02:11:03.849 [FXGL Background Thread 3 ] DEBUG Engine               - isExperimentalTiledLargeMap: false
02:11:03.849 [FXGL Background Thread 3 ] DEBUG Engine               - isFileSystemWriteAllowed: true
02:11:03.849 [FXGL Background Thread 3 ] DEBUG Engine               - isFullScreenAllowed: false
02:11:03.849 [FXGL Background Thread 3 ] DEBUG Engine               - isFullScreenFromStart: false
02:11:03.849 [FXGL Background Thread 3 ] DEBUG Engine               - isGameMenuEnabled: true
02:11:03.849 [FXGL Background Thread 3 ] DEBUG Engine               - isIOS: false
02:11:03.849 [FXGL Background Thread 3 ] DEBUG Engine               - isIntroEnabled: false
02:11:03.849 [FXGL Background Thread 3 ] DEBUG Engine               - isLinux: false
02:11:03.849 [FXGL Background Thread 3 ] DEBUG Engine               - isMac: false
02:11:03.849 [FXGL Background Thread 3 ] DEBUG Engine               - isMainMenuEnabled: true
02:11:03.849 [FXGL Background Thread 3 ] DEBUG Engine               - isManualResizeEnabled: false
02:11:03.849 [FXGL Background Thread 3 ] DEBUG Engine               - isMobile: false
02:11:03.849 [FXGL Background Thread 3 ] DEBUG Engine               - isNative: false
02:11:03.849 [FXGL Background Thread 3 ] DEBUG Engine               - isPauseMusicWhenMinimized: true
02:11:03.849 [FXGL Background Thread 3 ] DEBUG Engine               - isPreserveResizeRatio: false
02:11:03.849 [FXGL Background Thread 3 ] DEBUG Engine               - isProfilingEnabled: false
02:11:03.849 [FXGL Background Thread 3 ] DEBUG Engine               - isScaleAffectedOnResize: true
02:11:03.849 [FXGL Background Thread 3 ] DEBUG Engine               - isSingleStep: false
02:11:03.849 [FXGL Background Thread 3 ] DEBUG Engine               - isUserProfileEnabled: false
02:11:03.849 [FXGL Background Thread 3 ] DEBUG Engine               - isWindows: true
02:11:03.849 [FXGL Background Thread 3 ] DEBUG Engine               - language: ObjectProperty [value: ENGLISH]
02:11:03.849 [FXGL Background Thread 3 ] DEBUG Engine               - menuKey: ESCAPE
02:11:03.850 [FXGL Background Thread 3 ] DEBUG Engine               - mouseSensitivity: 0.2
02:11:03.850 [FXGL Background Thread 3 ] DEBUG Engine               - notificationViewClass: class com.almasb.fxgl.notification.view.XboxNotificationView
02:11:03.850 [FXGL Background Thread 3 ] DEBUG Engine               - pixelsPerMeter: 50.0
02:11:03.850 [FXGL Background Thread 3 ] DEBUG Engine               - platform: WINDOWS
02:11:03.850 [FXGL Background Thread 3 ] DEBUG Engine               - prefHeightProperty: ReadOnlyDoubleProperty [value: 600.0]
02:11:03.850 [FXGL Background Thread 3 ] DEBUG Engine               - prefWidthProperty: ReadOnlyDoubleProperty [value: 800.0]
02:11:03.850 [FXGL Background Thread 3 ] DEBUG Engine               - profileDir: profiles/
02:11:03.850 [FXGL Background Thread 3 ] DEBUG Engine               - profileName: StringProperty [value: DEFAULT]
02:11:03.850 [FXGL Background Thread 3 ] DEBUG Engine               - randomSeed: -1
02:11:03.850 [FXGL Background Thread 3 ] DEBUG Engine               - runtimeInfo: RuntimeInfo(platform=WINDOWS, version=dev-SNAPSHOT, build=28.07.2021 16.39)
02:11:03.850 [FXGL Background Thread 3 ] DEBUG Engine               - saveFileExt: sav
02:11:03.850 [FXGL Background Thread 3 ] DEBUG Engine               - scaledHeightProp$fxgl: DoubleProperty [bound, value: 600.0]
02:11:03.850 [FXGL Background Thread 3 ] DEBUG Engine               - scaledWidthProp$fxgl: DoubleProperty [bound, value: 800.0]
02:11:03.850 [FXGL Background Thread 3 ] DEBUG Engine               - sceneFactory: com.groupfour.mygame.App$1@3e42ecf7
02:11:03.850 [FXGL Background Thread 3 ] DEBUG Engine               - secondsIn24h: 60
02:11:03.850 [FXGL Background Thread 3 ] DEBUG Engine               - soundMenuBack: menu/back.wav
02:11:03.850 [FXGL Background Thread 3 ] DEBUG Engine               - soundMenuPress: menu/press.wav
02:11:03.850 [FXGL Background Thread 3 ] DEBUG Engine               - soundMenuSelect: menu/select.wav
02:11:03.850 [FXGL Background Thread 3 ] DEBUG Engine               - soundNotification: core/notification.wav
02:11:03.850 [FXGL Background Thread 3 ] DEBUG Engine               - stageStyle: DECORATED
02:11:03.850 [FXGL Background Thread 3 ] DEBUG Engine               - supportedLanguages: [ENGLISH, FRENCH, GERMAN, HUNGARIAN, RUSSIAN]
02:11:03.850 [FXGL Background Thread 3 ] DEBUG Engine               - ticksPerSecond: -1
02:11:03.850 [FXGL Background Thread 3 ] DEBUG Engine               - title: Flatline: Oregon
02:11:03.850 [FXGL Background Thread 3 ] DEBUG Engine               - urlGithub: https://github.com/AlmasB/FXGL
02:11:03.850 [FXGL Background Thread 3 ] DEBUG Engine               - urlLeaderboard: http://fxgl-top.herokuapp.com/
02:11:03.850 [FXGL Background Thread 3 ] DEBUG Engine               - urlPOM: https://raw.githubusercontent.com/AlmasB/FXGL/release/README.md
02:11:03.850 [FXGL Background Thread 3 ] DEBUG Engine               - userAppClass: class com.groupfour.mygame.App
02:11:03.850 [FXGL Background Thread 3 ] DEBUG Engine               - version: Alpha 0.19021902
02:11:03.850 [FXGL Background Thread 3 ] DEBUG Engine               - versionCheckDays: 7
02:11:03.850 [FXGL Background Thread 3 ] DEBUG Engine               - width: 800
02:11:03.850 [FXGL Background Thread 3 ] DEBUG Engine               - Logging services
02:11:03.850 [FXGL Background Thread 3 ] DEBUG Engine               - class com.almasb.fxgl.app.services.FXGLAssetLoaderService
02:11:03.850 [FXGL Background Thread 3 ] DEBUG Engine               - class com.almasb.fxgl.app.FXGLApplication$GameApplicationService
02:11:03.850 [FXGL Background Thread 3 ] DEBUG Engine               - class com.almasb.fxgl.app.services.FXGLDialogService
02:11:03.850 [FXGL Background Thread 3 ] DEBUG Engine               - class com.almasb.fxgl.app.services.IOTaskExecutorService
02:11:03.850 [FXGL Background Thread 3 ] DEBUG Engine               - class com.almasb.fxgl.io.FileSystemService
02:11:03.850 [FXGL Background Thread 3 ] DEBUG Engine               - class com.almasb.fxgl.localization.LocalizationService
02:11:03.850 [FXGL Background Thread 3 ] DEBUG Engine               - class com.almasb.fxgl.app.services.SystemBundleService
02:11:03.850 [FXGL Background Thread 3 ] DEBUG Engine               - class com.almasb.fxgl.profile.SaveLoadService
02:11:03.850 [FXGL Background Thread 3 ] DEBUG Engine               - class com.almasb.fxgl.ui.FXGLUIFactoryServiceProvider
02:11:03.850 [FXGL Background Thread 3 ] DEBUG Engine               - class com.almasb.fxgl.ui.FXGLDialogFactoryServiceProvider
02:11:03.850 [FXGL Background Thread 3 ] DEBUG Engine               - class com.almasb.fxgl.audio.AudioPlayer
02:11:03.850 [FXGL Background Thread 3 ] DEBUG Engine               - class com.almasb.fxgl.notification.impl.NotificationServiceProvider
02:11:03.850 [FXGL Background Thread 3 ] DEBUG Engine               - class com.almasb.fxgl.achievement.AchievementService
02:11:03.850 [FXGL Background Thread 3 ] DEBUG Engine               - class com.almasb.fxgl.cutscene.CutsceneService
02:11:03.850 [FXGL Background Thread 3 ] DEBUG Engine               - class com.almasb.fxgl.minigames.MiniGameService
02:11:03.850 [FXGL Background Thread 3 ] DEBUG Engine               - class com.almasb.fxgl.net.NetService
02:11:03.850 [FXGL Background Thread 3 ] DEBUG Engine               - class com.almasb.fxgl.app.services.UpdaterService
02:11:03.851 [FXGL Background Thread 3 ] DEBUG Engine               - class com.almasb.fxgl.dev.DevService
02:11:03.851 [FXGL Background Thread 3 ] DEBUG Engine               - class com.almasb.fxgl.multiplayer.MultiplayerService
02:11:05.386 [JavaFX Application Thread] DEBUG FXGLAssetLoaderServi - Loading from file system: file:/C:/Users/Cent/Desktop/CSS124L-LE/CSS124L-FinalExam/CSS124L-FINAL-PROJECT/fp/target/classes/assets/music/BerettaM9_Shoot.mp3
02:11:05.483 [JavaFX Application Thread] DEBUG AudioPlayer          - Playing music com.almasb.fxgl.audio.Music@2ee7f74f
02:11:06.256 [JavaFX Application Thread] DEBUG AudioPlayer          - Playing music com.almasb.fxgl.audio.Music@2ee7f74f
02:11:07.070 [JavaFX Application Thread] DEBUG AudioPlayer          - Playing music com.almasb.fxgl.audio.Music@2ee7f74f
02:11:07.985 [JavaFX Application Thread] DEBUG AudioPlayer          - Playing music com.almasb.fxgl.audio.Music@2ee7f74f
02:11:10.265 [JavaFX Application Thread] DEBUG AudioPlayer          - Playing music com.almasb.fxgl.audio.Music@2ee7f74f
02:11:10.921 [JavaFX Application Thread] DEBUG AudioPlayer          - Playing music com.almasb.fxgl.audio.Music@2ee7f74f
02:11:11.695 [JavaFX Application Thread] DEBUG AudioPlayer          - Playing music com.almasb.fxgl.audio.Music@2ee7f74f
02:11:12.256 [JavaFX Application Thread] DEBUG AudioPlayer          - Playing music com.almasb.fxgl.audio.Music@2ee7f74f
02:11:12.665 [JavaFX Application Thread] DEBUG AudioPlayer          - Playing music com.almasb.fxgl.audio.Music@2ee7f74f
02:11:12.979 [JavaFX Application Thread] DEBUG AudioPlayer          - Playing music com.almasb.fxgl.audio.Music@2ee7f74f
02:11:13.671 [JavaFX Application Thread] DEBUG AudioPlayer          - Playing music com.almasb.fxgl.audio.Music@2ee7f74f
02:11:14.067 [JavaFX Application Thread] DEBUG AudioPlayer          - Playing music com.almasb.fxgl.audio.Music@2ee7f74f
02:11:15.319 [JavaFX Application Thread] DEBUG AudioPlayer          - Playing music com.almasb.fxgl.audio.Music@2ee7f74f
02:11:15.736 [JavaFX Application Thread] DEBUG AudioPlayer          - Playing music com.almasb.fxgl.audio.Music@2ee7f74f
02:11:15.976 [JavaFX Application Thread] DEBUG AudioPlayer          - Playing music com.almasb.fxgl.audio.Music@2ee7f74f
02:11:16.396 [JavaFX Application Thread] DEBUG AudioPlayer          - Playing music com.almasb.fxgl.audio.Music@2ee7f74f
02:11:16.678 [JavaFX Application Thread] DEBUG AudioPlayer          - Playing music com.almasb.fxgl.audio.Music@2ee7f74f
02:11:16.934 [JavaFX Application Thread] DEBUG AudioPlayer          - Playing music com.almasb.fxgl.audio.Music@2ee7f74f
02:11:17.366 [JavaFX Application Thread] DEBUG AudioPlayer          - Playing music com.almasb.fxgl.audio.Music@2ee7f74f
02:11:17.863 [JavaFX Application Thread] DEBUG AudioPlayer          - Playing music com.almasb.fxgl.audio.Music@2ee7f74f
02:11:18.519 [JavaFX Application Thread] DEBUG AudioPlayer          - Playing music com.almasb.fxgl.audio.Music@2ee7f74f
02:11:18.797 [JavaFX Application Thread] DEBUG AudioPlayer          - Playing music com.almasb.fxgl.audio.Music@2ee7f74f
02:11:19.199 [JavaFX Application Thread] DEBUG AudioPlayer          - Playing music com.almasb.fxgl.audio.Music@2ee7f74f
02:11:19.404 [JavaFX Application Thread] DEBUG AudioPlayer          - Playing music com.almasb.fxgl.audio.Music@2ee7f74f
02:11:19.824 [JavaFX Application Thread] DEBUG AudioPlayer          - Playing music com.almasb.fxgl.audio.Music@2ee7f74f
02:11:20.080 [JavaFX Application Thread] DEBUG AudioPlayer          - Playing music com.almasb.fxgl.audio.Music@2ee7f74f
02:11:20.682 [JavaFX Application Thread] DEBUG AudioPlayer          - Playing music com.almasb.fxgl.audio.Music@2ee7f74f
02:11:20.917 [JavaFX Application Thread] DEBUG AudioPlayer          - Playing music com.almasb.fxgl.audio.Music@2ee7f74f
02:11:21.151 [JavaFX Application Thread] DEBUG AudioPlayer          - Playing music com.almasb.fxgl.audio.Music@2ee7f74f
02:11:21.379 [JavaFX Application Thread] DEBUG AudioPlayer          - Playing music com.almasb.fxgl.audio.Music@2ee7f74f
02:11:21.788 [JavaFX Application Thread] DEBUG AudioPlayer          - Playing music com.almasb.fxgl.audio.Music@2ee7f74f
02:11:22.017 [JavaFX Application Thread] DEBUG AudioPlayer          - Playing music com.almasb.fxgl.audio.Music@2ee7f74f
02:11:22.269 [JavaFX Application Thread] DEBUG AudioPlayer          - Playing music com.almasb.fxgl.audio.Music@2ee7f74f
02:11:22.489 [JavaFX Application Thread] DEBUG AudioPlayer          - Playing music com.almasb.fxgl.audio.Music@2ee7f74f
02:11:22.729 [JavaFX Application Thread] DEBUG AudioPlayer          - Playing music com.almasb.fxgl.audio.Music@2ee7f74f
02:11:22.958 [JavaFX Application Thread] DEBUG AudioPlayer          - Playing music com.almasb.fxgl.audio.Music@2ee7f74f
02:11:23.963 [JavaFX Application Thread] DEBUG AudioPlayer          - Playing music com.almasb.fxgl.audio.Music@2ee7f74f
02:11:24.567 [JavaFX Application Thread] DEBUG AudioPlayer          - Playing music com.almasb.fxgl.audio.Music@2ee7f74f
02:11:25.157 [JavaFX Application Thread] DEBUG AudioPlayer          - Playing music com.almasb.fxgl.audio.Music@2ee7f74f
02:11:25.636 [JavaFX Application Thread] DEBUG AudioPlayer          - Playing music com.almasb.fxgl.audio.Music@2ee7f74f
02:11:26.492 [JavaFX Application Thread] DEBUG AudioPlayer          - Playing music com.almasb.fxgl.audio.Music@2ee7f74f
02:11:26.789 [JavaFX Application Thread] DEBUG AudioPlayer          - Playing music com.almasb.fxgl.audio.Music@2ee7f74f
02:11:27.244 [JavaFX Application Thread] DEBUG AudioPlayer          - Playing music com.almasb.fxgl.audio.Music@2ee7f74f
02:11:27.644 [JavaFX Application Thread] DEBUG AudioPlayer          - Playing music com.almasb.fxgl.audio.Music@2ee7f74f
02:11:28.066 [JavaFX Application Thread] DEBUG AudioPlayer          - Playing music com.almasb.fxgl.audio.Music@2ee7f74f
02:11:28.723 [JavaFX Application Thread] DEBUG AudioPlayer          - Playing music com.almasb.fxgl.audio.Music@2ee7f74f
02:11:28.956 [JavaFX Application Thread] DEBUG AudioPlayer          - Playing music com.almasb.fxgl.audio.Music@2ee7f74f
02:11:29.229 [JavaFX Application Thread] DEBUG AudioPlayer          - Playing music com.almasb.fxgl.audio.Music@2ee7f74f
02:11:29.502 [JavaFX Application Thread] DEBUG AudioPlayer          - Playing music com.almasb.fxgl.audio.Music@2ee7f74f
02:11:29.764 [JavaFX Application Thread] DEBUG AudioPlayer          - Playing music com.almasb.fxgl.audio.Music@2ee7f74f
02:11:29.966 [JavaFX Application Thread] DEBUG AudioPlayer          - Playing music com.almasb.fxgl.audio.Music@2ee7f74f
02:11:30.192 [JavaFX Application Thread] DEBUG AudioPlayer          - Playing music com.almasb.fxgl.audio.Music@2ee7f74f
02:11:30.405 [JavaFX Application Thread] DEBUG AudioPlayer          - Playing music com.almasb.fxgl.audio.Music@2ee7f74f
02:11:30.604 [JavaFX Application Thread] DEBUG AudioPlayer          - Playing music com.almasb.fxgl.audio.Music@2ee7f74f
02:11:30.813 [JavaFX Application Thread] DEBUG AudioPlayer          - Playing music com.almasb.fxgl.audio.Music@2ee7f74f
02:11:31.033 [JavaFX Application Thread] DEBUG AudioPlayer          - Playing music com.almasb.fxgl.audio.Music@2ee7f74f
02:11:31.239 [JavaFX Application Thread] DEBUG AudioPlayer          - Playing music com.almasb.fxgl.audio.Music@2ee7f74f
02:11:31.443 [JavaFX Application Thread] DEBUG AudioPlayer          - Playing music com.almasb.fxgl.audio.Music@2ee7f74f
02:11:31.643 [JavaFX Application Thread] DEBUG AudioPlayer          - Playing music com.almasb.fxgl.audio.Music@2ee7f74f
02:11:31.847 [JavaFX Application Thread] DEBUG AudioPlayer          - Playing music com.almasb.fxgl.audio.Music@2ee7f74f
02:11:32.082 [JavaFX Application Thread] DEBUG AudioPlayer          - Playing music com.almasb.fxgl.audio.Music@2ee7f74f
02:11:32.303 [JavaFX Application Thread] DEBUG AudioPlayer          - Playing music com.almasb.fxgl.audio.Music@2ee7f74f
02:11:32.517 [JavaFX Application Thread] DEBUG AudioPlayer          - Playing music com.almasb.fxgl.audio.Music@2ee7f74f
02:11:32.749 [JavaFX Application Thread] DEBUG AudioPlayer          - Playing music com.almasb.fxgl.audio.Music@2ee7f74f
02:11:32.974 [JavaFX Application Thread] DEBUG AudioPlayer          - Playing music com.almasb.fxgl.audio.Music@2ee7f74f
02:11:33.207 [JavaFX Application Thread] DEBUG AudioPlayer          - Playing music com.almasb.fxgl.audio.Music@2ee7f74f
02:11:33.465 [JavaFX Application Thread] DEBUG AudioPlayer          - Playing music com.almasb.fxgl.audio.Music@2ee7f74f
02:11:33.672 [JavaFX Application Thread] DEBUG AudioPlayer          - Playing music com.almasb.fxgl.audio.Music@2ee7f74f
02:11:33.907 [JavaFX Application Thread] DEBUG AudioPlayer          - Playing music com.almasb.fxgl.audio.Music@2ee7f74f
02:11:34.127 [JavaFX Application Thread] DEBUG AudioPlayer          - Playing music com.almasb.fxgl.audio.Music@2ee7f74f
02:11:35.109 [JavaFX Application Thread] DEBUG FXGLApplication      - Exiting FXGL
02:11:35.110 [JavaFX Application Thread] DEBUG LoopRunner           - Stopping loop
02:11:35.110 [JavaFX Application Thread] DEBUG SystemBundleService  - Saving FXGL system data
02:11:35.111 [JavaFX Application Thread] DEBUG FileSystemAccess     - Writing to: c:\Users\Cent\Desktop\CSS124L-LE\CSS124L-FinalExam\CSS124L-FINAL-PROJECT\system\fxgl.bundle
02:11:35.115 [JavaFX Application Thread] DEBUG Async                - Shutting down background threads
02:11:35.115 [JavaFX Application Thread] DEBUG PrimaryStageWindow   - Closing main window
02:11:35.135 [JavaFX Application Thread] DEBUG Logger               - Closing Logger
