21:52:32.431 [main                     ] DEBUG Logger               - Configured Logger
21:52:32.433 [main                     ] DEBUG GameApplication      - Logging settings
Title: Flatline: Oregon
Version: 0.0
Width: 800
Height: 600
Fullscreen: false
Intro: false
Profiling: false
Single step:false
App Mode: DEVELOPER
Menu Key: ESCAPE
Stage Style: DECORATED
Scene Factory: class com.groupfour.mygame.App$1

21:52:32.706 [JavaFX Application Thread] DEBUG FXGLApplication      - Initializing FXGL
21:52:32.707 [JavaFX Application Thread] INFO  Engine               - FXGL-dev-SNAPSHOT (28.07.2021 16.39) on WINDOWS (J:21.0.4 FX:16)
21:52:32.708 [JavaFX Application Thread] DEBUG Engine               - JRE Vendor Name: Eclipse Adoptium
21:52:32.708 [JavaFX Application Thread] DEBUG Engine               - Running on OS: Windows 11 version 10.0
21:52:32.708 [JavaFX Application Thread] DEBUG Engine               - Architecture: amd64
21:52:32.708 [JavaFX Application Thread] INFO  Engine               - Source code and latest versions at: https://github.com/AlmasB/FXGL
21:52:32.708 [JavaFX Application Thread] INFO  Engine               -              Join the FXGL chat at: https://gitter.im/AlmasB/FXGL
21:52:32.768 [JavaFX Application Thread] DEBUG PrimaryStageWindow   - Creating a JavaFX scene
21:52:32.800 [JavaFX Application Thread] DEBUG PrimaryStageWindow   - Target settings size: 800.0 x 600.0
21:52:32.800 [JavaFX Application Thread] DEBUG PrimaryStageWindow   - Scaled scene size:    800.0 x 600.0
21:52:32.800 [JavaFX Application Thread] DEBUG PrimaryStageWindow   - Scaled ratio: (1.0, 1.0)
21:52:32.800 [JavaFX Application Thread] DEBUG PrimaryStageWindow   - Set initial scene to FXGLStartupScene
21:52:32.808 [JavaFX Application Thread] DEBUG PrimaryStageWindow   - Opening main window
21:52:32.867 [JavaFX Application Thread] DEBUG PrimaryStageWindow   - Window border size: (16.0, 39.0)
21:52:32.867 [JavaFX Application Thread] DEBUG PrimaryStageWindow   - Scaled size: 800.0 x 600.0
21:52:32.867 [JavaFX Application Thread] DEBUG PrimaryStageWindow   - Scaled ratio: (1.0, 1.0)
21:52:32.867 [JavaFX Application Thread] DEBUG PrimaryStageWindow   - Scene size: 800.0 x 600.0
21:52:32.867 [JavaFX Application Thread] DEBUG PrimaryStageWindow   - Stage size: 816.0 x 639.0
21:52:32.874 [FXGL Background Thread 1 ] DEBUG Engine               - Initializing environment variables
21:52:32.928 [FXGL Background Thread 1 ] DEBUG FXGLAssetLoaderServi - User app class for loading assets: class com.groupfour.mygame.App
21:52:32.928 [FXGL Background Thread 1 ] DEBUG GameApplicationServi - Applying CSS: fxgl_dark.css
21:52:32.928 [FXGL Background Thread 1 ] DEBUG FXGLAssetLoaderServi - Loading from file system: jar:file:///C:/Users/Cent/.m2/repository/com/github/almasb/fxgl/dev-SNAPSHOT/fxgl-dev-SNAPSHOT.jar!/fxglassets/ui/css/fxgl_dark.css
21:52:32.974 [FXGL Background Thread 1 ] DEBUG GameApplicationServi - Initializing application scenes
21:52:33.021 [FXGL Background Thread 1 ] DEBUG GameWorld            - Game world initialized
21:52:33.075 [FXGL Background Thread 1 ] DEBUG PhysicsWorld         - Physics world initialized: appHeight=600, physics.ppm=50.0
21:52:33.075 [FXGL Background Thread 1 ] DEBUG PhysicsWorld         - Using strategy: BRUTE_FORCE
21:52:33.078 [FXGL Background Thread 1 ] DEBUG GameScene            - Game scene initialized: 800x600
21:52:33.085 [FXGL Background Thread 1 ] DEBUG FXGL.DefaultMenu     - createMenuBodyMainMenu()
21:52:33.095 [FXGL Background Thread 1 ] DEBUG FXGL.DefaultMenu     - createOptionsMenu()
21:52:33.101 [FXGL Background Thread 1 ] DEBUG FXGLAssetLoaderServi - Loading from file system: jar:file:///C:/Users/Cent/.m2/repository/com/github/almasb/fxgl/dev-SNAPSHOT/fxgl-dev-SNAPSHOT.jar!/fxglassets/textures/particles/smoke.png
21:52:33.193 [FXGL Background Thread 1 ] DEBUG FXGLAssetLoaderServi - Loading from file system: jar:file:///C:/Users/Cent/.m2/repository/com/github/almasb/fxgl/dev-SNAPSHOT/fxgl-dev-SNAPSHOT.jar!/fxglassets/textures/particles/trace_horizontal.png
21:52:33.219 [FXGL Background Thread 1 ] DEBUG FXGLAssetLoaderServi - Loading from file system: file:/C:/Users/Cent/Desktop/CSS124L-LE/FinalExam/CSS124L-FINAL-PROJECT/fp/target/classes/assets/textures/spbtn.png
21:52:33.239 [FXGL Background Thread 1 ] DEBUG FXGLAssetLoaderServi - Loading from file system: file:/C:/Users/Cent/Desktop/CSS124L-LE/FinalExam/CSS124L-FINAL-PROJECT/fp/target/classes/assets/textures/mm.png
21:52:33.248 [FXGL Background Thread 1 ] DEBUG GameApplicationServi - Application scenes initialized
21:52:33.256 [FXGL Background Thread 1 ] DEBUG SystemBundleService  - Loading FXGL system data
21:52:33.260 [FXGL Background Thread 1 ] DEBUG FileSystemAccess     - Reading from: c:\Users\Cent\Desktop\CSS124L-LE\FinalExam\CSS124L-FINAL-PROJECT\system\fxgl.bundle
21:52:33.268 [FXGL Background Thread 1 ] DEBUG SystemBundleService  - Bundle FXGL: {}
21:52:33.268 [FXGL Background Thread 1 ] DEBUG UpdaterService       - Checking for updates
21:52:33.271 [FXGL Background Thread 4 ] DEBUG FXGLApplication      - Loading fonts
21:52:33.271 [FXGL Background Thread 1 ] DEBUG FXGLApplication      - Loading default localization
21:52:33.271 [FXGL Background Thread 4 ] DEBUG FXGLAssetLoaderServi - Loading from file system: jar:file:///C:/Users/Cent/.m2/repository/com/github/almasb/fxgl/dev-SNAPSHOT/fxgl-dev-SNAPSHOT.jar!/fxglassets/ui/fonts/VarelaRound-Regular.ttf
21:52:33.271 [FXGL Background Thread 1 ] DEBUG FXGLAssetLoaderServi - Loading from file system: jar:file:///C:/Users/Cent/.m2/repository/com/github/almasb/fxgl/dev-SNAPSHOT/fxgl-dev-SNAPSHOT.jar!/fxglassets/languages/english.lang
21:52:33.284 [FXGL Background Thread 1 ] INFO  FXGLApplication      - FXGL initialization took: 0.410 sec
21:52:33.300 [JavaFX Application Thread] DEBUG Input                - Registered new binding: Move Upwards - W
21:52:33.301 [JavaFX Application Thread] DEBUG Input                - Registered new binding: Move Down - S
21:52:33.301 [JavaFX Application Thread] DEBUG Input                - Registered new binding: Move Left - A
21:52:33.301 [JavaFX Application Thread] DEBUG Input                - Registered new binding: Move Right - D
21:52:33.301 [FXGL Background Thread 4 ] DEBUG FXGLAssetLoaderServi - Loading from file system: jar:file:///C:/Users/Cent/.m2/repository/com/github/almasb/fxgl/dev-SNAPSHOT/fxgl-dev-SNAPSHOT.jar!/fxglassets/ui/fonts/Abel-Regular.ttf
21:52:33.302 [JavaFX Application Thread] DEBUG Input                - Registered new binding: Reload - R
21:52:33.305 [FXGL Background Thread 4 ] DEBUG FXGLAssetLoaderServi - Loading from file system: jar:file:///C:/Users/Cent/.m2/repository/com/github/almasb/fxgl/dev-SNAPSHOT/fxgl-dev-SNAPSHOT.jar!/fxglassets/ui/fonts/lucida_console.ttf
21:52:33.305 [JavaFX Application Thread] DEBUG Input                - Registered new binding: Shoot - LMB
21:52:33.305 [JavaFX Application Thread] DEBUG Input                - Registered new binding: Switch Weapons - Q
21:52:33.305 [JavaFX Application Thread] DEBUG Input                - Registered new binding: Interact - F
21:52:33.305 [JavaFX Application Thread] DEBUG Input                - Registered new binding: Sprint - Space
21:52:33.306 [JavaFX Application Thread] DEBUG Input                - Registered new binding: Game Menu - Esc
21:52:33.306 [JavaFX Application Thread] DEBUG FXGLAssetLoaderServi - Loading from file system: file:/C:/Users/Cent/Desktop/CSS124L-LE/FinalExam/CSS124L-FINAL-PROJECT/fp/target/classes/assets/music/titleBGM.mp3
21:52:33.311 [FXGL Background Thread 4 ] DEBUG FXGLAssetLoaderServi - Loading from file system: jar:file:///C:/Users/Cent/.m2/repository/com/github/almasb/fxgl/dev-SNAPSHOT/fxgl-dev-SNAPSHOT.jar!/fxglassets/ui/fonts/Courier-Prime.ttf
21:52:33.438 [JavaFX Application Thread] DEBUG AudioPlayer          - Playing music com.almasb.fxgl.audio.Music@253d9292
21:52:33.438 [JavaFX Application Thread] DEBUG FXGLAssetLoaderServi - Loading from file system: jar:file:///C:/Users/Cent/.m2/repository/com/github/almasb/fxgl/dev-SNAPSHOT/fxgl-dev-SNAPSHOT.jar!/fxglassets/textures/fxgl_icon.png
21:52:33.457 [JavaFX Application Thread] DEBUG FXGLAssetLoaderServi - Loading from file system: jar:file:///C:/Users/Cent/.m2/repository/com/github/almasb/fxgl/dev-SNAPSHOT/fxgl-dev-SNAPSHOT.jar!/fxglassets/textures/fxgl_default_cursor.png
21:52:33.458 [JavaFX Application Thread] DEBUG Input                - Registered new binding: Screenshot - CTRL+8
21:52:33.459 [JavaFX Application Thread] DEBUG Input                - Registered new binding: System info dump - CTRL+9
21:52:33.459 [JavaFX Application Thread] DEBUG Input                - Registered new binding: Restart - CTRL+R
21:52:33.460 [JavaFX Application Thread] DEBUG Input                - Registered new binding: Toggle Debug Camera - CTRL+C
21:52:33.461 [JavaFX Application Thread] DEBUG LoopRunner           - Starting loop
21:52:33.461 [JavaFX Application Thread] DEBUG LoopRunner           - Initializing JavaFX AnimationTimerLoop
21:52:33.465 [JavaFX Application Thread] DEBUG Input                - Clearing active input actions
21:52:33.476 [JavaFX Application Thread] DEBUG GameApplicationServi - Removing overlay from FXGLStartupScene and adding to FXGLMainMenuDummyScene
21:52:33.476 [JavaFX Application Thread] DEBUG PrimaryStageWindow   - FXGLStartupScene -> FXGLMainMenuDummyScene
21:52:33.476 [JavaFX Application Thread] DEBUG PrimaryStageWindow   - Push state: FXGLDefaultMenu
21:52:33.490 [JavaFX Application Thread] DEBUG Input                - Clearing active input actions
21:52:33.499 [JavaFX Application Thread] DEBUG GameApplicationServi - Removing overlay from FXGLMainMenuDummyScene and adding to FXGLDefaultMenu
21:52:33.499 [JavaFX Application Thread] DEBUG PrimaryStageWindow   - FXGLMainMenuDummyScene -> FXGLDefaultMenu
21:52:33.506 [JavaFX Application Thread] DEBUG FXGLApplication      - Registering font factories with UI factory
21:52:33.704 [FXGL Background Thread 2 ] INFO  UpdaterService       - Your current version:  dev-SNAPSHOT
21:52:33.705 [FXGL Background Thread 2 ] INFO  UpdaterService       - Latest stable version: 21.1
21:52:34.254 [JavaFX Application Thread] DEBUG Menu                 - fireNewGame()
21:52:34.255 [JavaFX Application Thread] DEBUG GameApplicationServi - Starting new game
21:52:34.256 [JavaFX Application Thread] DEBUG PrimaryStageWindow   - Pop state: FXGLDefaultMenu
21:52:34.256 [JavaFX Application Thread] DEBUG Input                - Clearing active input actions
21:52:34.257 [JavaFX Application Thread] DEBUG GameApplicationServi - Removing overlay from FXGLDefaultMenu and adding to FXGLMainMenuDummyScene
21:52:34.258 [JavaFX Application Thread] DEBUG PrimaryStageWindow   - FXGLMainMenuDummyScene <- FXGLDefaultMenu
21:52:34.258 [JavaFX Application Thread] DEBUG Input                - Clearing active input actions
21:52:34.263 [JavaFX Application Thread] DEBUG GameApplicationServi - Removing overlay from FXGLMainMenuDummyScene and adding to FXGLLoadingScene
21:52:34.263 [JavaFX Application Thread] DEBUG PrimaryStageWindow   - FXGLMainMenuDummyScene -> FXGLLoadingScene
21:52:34.263 [JavaFX Application Thread] DEBUG GameApplicationServi - Clearing previous game
21:52:34.264 [JavaFX Application Thread] DEBUG GameScene            - Clearing game scene
21:52:34.264 [JavaFX Application Thread] DEBUG GameWorld            - Clearing game world
21:52:34.264 [JavaFX Application Thread] DEBUG PhysicsWorld         - Clearing physics world
21:52:34.266 [FXGL Background Thread 2 ] DEBUG FXGLApplication      - Initializing game
21:52:34.298 [FXGL Background Thread 2 ] WARN  TMXLevelLoader       - TiledMap generated from 1.11.0. Supported version: 1.2.3. Some features may not be parsed fully.
21:52:34.319 [FXGL Background Thread 2 ] DEBUG TMXLevelLoader       - Parsed TiledMap: file:/C:/Users/Cent/Desktop/CSS124L-LE/FinalExam/CSS124L-FINAL-PROJECT/fp/target/classes/assets/levels/Warehouse.tmx
21:52:34.320 [FXGL Background Thread 2 ] DEBUG TMXLevelLoader       - Creating tile layer entities
21:52:34.320 [FXGL Background Thread 2 ] DEBUG TilesetLoader        - Loading view for layer Floor
21:52:34.325 [FXGL Background Thread 2 ] DEBUG TilesetLoader        - Created buffer with size 2240.0x1600.0
21:52:34.339 [FXGL Background Thread 2 ] DEBUG TilesetLoader        - Loading view for layer Wall
21:52:34.348 [FXGL Background Thread 2 ] DEBUG TilesetLoader        - Created buffer with size 2240.0x1600.0
21:52:34.373 [FXGL Background Thread 2 ] DEBUG TilesetLoader        - Loading view for layer Props
21:52:34.382 [FXGL Background Thread 2 ] DEBUG TilesetLoader        - Created buffer with size 2240.0x1600.0
21:52:34.396 [FXGL Background Thread 2 ] DEBUG TMXLevelLoader       - Creating object layer entities
21:52:34.417 [FXGL Background Thread 2 ] DEBUG GameWorld            - Clearing removable entities
21:52:34.417 [FXGL Background Thread 2 ] DEBUG GameWorld            - Setting level: com.almasb.fxgl.entity.level.Level@62a9d722
21:52:34.425 [FXGL Background Thread 2 ] DEBUG FXGLAssetLoaderServi - Loading from file system: file:/C:/Users/Cent/Desktop/CSS124L-LE/FinalExam/CSS124L-FINAL-PROJECT/fp/target/classes/assets/ui/fonts/PIXELADE.TTF
21:52:34.436 [FXGL Background Thread 2 ] INFO  FXGLApplication      - Game initialization took: 0.169 sec
21:52:34.437 [JavaFX Application Thread] DEBUG Input                - Clearing active input actions
21:52:34.442 [JavaFX Application Thread] DEBUG GameApplicationServi - Removing overlay from FXGLLoadingScene and adding to GameScene
21:52:34.442 [JavaFX Application Thread] DEBUG PrimaryStageWindow   - FXGLLoadingScene -> GameScene
21:52:34.443 [JavaFX Application Thread] DEBUG FXGLAssetLoaderServi - Loading from file system: file:/C:/Users/Cent/Desktop/CSS124L-LE/FinalExam/CSS124L-FINAL-PROJECT/fp/target/classes/assets/textures/banner.png
21:52:34.502 [JavaFX Application Thread] DEBUG PrimaryStageWindow   - Push state: PCM_BG
21:52:34.502 [JavaFX Application Thread] DEBUG Input                - Clearing active input actions
21:52:34.502 [JavaFX Application Thread] DEBUG GameApplicationServi - Removing overlay from GameScene and adding to PCM_BG
21:52:34.502 [JavaFX Application Thread] DEBUG PrimaryStageWindow   - GameScene -> PCM_BG
21:52:34.504 [JavaFX Application Thread] DEBUG PrimaryStageWindow   - Push state: MainMenu
21:52:34.504 [JavaFX Application Thread] DEBUG Input                - Clearing active input actions
21:52:34.504 [JavaFX Application Thread] DEBUG GameApplicationServi - Removing overlay from PCM_BG and adding to MainMenu
21:52:34.504 [JavaFX Application Thread] DEBUG PrimaryStageWindow   - PCM_BG -> MainMenu
21:52:35.144 [JavaFX Application Thread] DEBUG AudioPlayer          - Stopping music com.almasb.fxgl.audio.Music@253d9292
21:52:35.149 [JavaFX Application Thread] DEBUG FXGLAssetLoaderServi - Loading from file system: file:/C:/Users/Cent/Desktop/CSS124L-LE/FinalExam/CSS124L-FINAL-PROJECT/fp/target/classes/assets/sounds/Reload.mp3
21:52:35.153 [JavaFX Application Thread] DEBUG FXGLAssetLoaderServi - Loading from file system: file:/C:/Users/Cent/Desktop/CSS124L-LE/FinalExam/CSS124L-FINAL-PROJECT/fp/target/classes/assets/sounds/BerettaM9_Shoot.mp3
21:52:35.157 [JavaFX Application Thread] DEBUG FXGLAssetLoaderServi - Loading from file system: file:/C:/Users/Cent/Desktop/CSS124L-LE/FinalExam/CSS124L-FINAL-PROJECT/fp/target/classes/assets/textures/Weapons/Idle/BerettaM9_Idle.png
21:52:35.158 [JavaFX Application Thread] DEBUG FXGLAssetLoaderServi - Loading from file system: file:/C:/Users/Cent/Desktop/CSS124L-LE/FinalExam/CSS124L-FINAL-PROJECT/fp/target/classes/assets/textures/Weapons/Shooting/BerettaM9_Shooting.png
21:52:35.161 [JavaFX Application Thread] DEBUG FXGLAssetLoaderServi - Loading from file system: file:/C:/Users/Cent/Desktop/CSS124L-LE/FinalExam/CSS124L-FINAL-PROJECT/fp/target/classes/assets/textures/Players/1P_Shoot.png
21:52:35.164 [JavaFX Application Thread] DEBUG FXGLAssetLoaderServi - Loading from file system: file:/C:/Users/Cent/Desktop/CSS124L-LE/FinalExam/CSS124L-FINAL-PROJECT/fp/target/classes/assets/textures/Interactables/vending_machine.png
21:52:35.165 [JavaFX Application Thread] DEBUG FXGLAssetLoaderServi - Loading from file system: file:/C:/Users/Cent/Desktop/CSS124L-LE/FinalExam/CSS124L-FINAL-PROJECT/fp/target/classes/assets/sounds/Soda_Can_Opening.mp3
21:52:35.168 [JavaFX Application Thread] DEBUG FXGLAssetLoaderServi - Loading from file system: file:/C:/Users/Cent/Desktop/CSS124L-LE/FinalExam/CSS124L-FINAL-PROJECT/fp/target/classes/assets/textures/Interactables/microwave_close.png
21:52:35.170 [JavaFX Application Thread] DEBUG FXGLAssetLoaderServi - Loading from file system: file:/C:/Users/Cent/Desktop/CSS124L-LE/FinalExam/CSS124L-FINAL-PROJECT/fp/target/classes/assets/textures/ArmoryTileset.png
21:52:35.171 [JavaFX Application Thread] DEBUG PrimaryStageWindow   - Pop state: MainMenu
21:52:35.171 [JavaFX Application Thread] DEBUG Input                - Clearing active input actions
21:52:35.173 [JavaFX Application Thread] DEBUG GameApplicationServi - Removing overlay from MainMenu and adding to PCM_BG
21:52:35.173 [JavaFX Application Thread] DEBUG PrimaryStageWindow   - PCM_BG <- MainMenu
21:52:35.173 [JavaFX Application Thread] DEBUG PrimaryStageWindow   - Pop state: PCM_BG
21:52:35.173 [JavaFX Application Thread] DEBUG Input                - Clearing active input actions
21:52:35.173 [JavaFX Application Thread] DEBUG GameApplicationServi - Removing overlay from PCM_BG and adding to GameScene
21:52:35.173 [JavaFX Application Thread] DEBUG PrimaryStageWindow   - GameScene <- PCM_BG
21:52:35.236 [JavaFX Application Thread] DEBUG FXGLAssetLoaderServi - Loading from file system: file:/C:/Users/Cent/Desktop/CSS124L-LE/FinalExam/CSS124L-FINAL-PROJECT/fp/target/classes/assets/textures/Zombies/Basic_Zombie_Walking.png
21:52:35.238 [JavaFX Application Thread] DEBUG FXGLAssetLoaderServi - Loading from file system: file:/C:/Users/Cent/Desktop/CSS124L-LE/FinalExam/CSS124L-FINAL-PROJECT/fp/target/classes/assets/textures/Zombies/Basic_Zombie_Attack.png
21:52:35.398 [JavaFX Application Thread] DEBUG FXGLAssetLoaderServi - Loading from file system: file:/C:/Users/Cent/Desktop/CSS124L-LE/FinalExam/CSS124L-FINAL-PROJECT/fp/target/classes/assets/text/startGame.txt
21:52:35.401 [JavaFX Application Thread] DEBUG Input                - Registered new binding: Next RPG Line - Enter
21:52:35.402 [JavaFX Application Thread] DEBUG FXGLAssetLoaderServi - Loading from file system: file:/C:/Users/Cent/Desktop/CSS124L-LE/FinalExam/CSS124L-FINAL-PROJECT/fp/target/classes/assets/textures/helmet.png
21:52:35.402 [JavaFX Application Thread] DEBUG PrimaryStageWindow   - Push state: CutsceneScene
21:52:35.403 [JavaFX Application Thread] DEBUG Input                - Clearing active input actions
21:52:35.404 [JavaFX Application Thread] DEBUG GameApplicationServi - Removing overlay from GameScene and adding to CutsceneScene
21:52:35.404 [JavaFX Application Thread] DEBUG PrimaryStageWindow   - GameScene -> CutsceneScene
21:52:36.271 [FXGL Background Thread 3 ] DEBUG Engine               - Logging environment variables
21:52:36.271 [FXGL Background Thread 3 ] DEBUG Engine               - achievements: []
21:52:36.271 [FXGL Background Thread 3 ] DEBUG Engine               - actualHeight: 600.0
21:52:36.271 [FXGL Background Thread 3 ] DEBUG Engine               - actualHeightProperty: ReadOnlyDoubleProperty [value: 600.0]
21:52:36.271 [FXGL Background Thread 3 ] DEBUG Engine               - actualWidth: 800.0
21:52:36.271 [FXGL Background Thread 3 ] DEBUG Engine               - actualWidthProperty: ReadOnlyDoubleProperty [value: 800.0]
21:52:36.271 [FXGL Background Thread 3 ] DEBUG Engine               - appIcon: fxgl_icon.png
21:52:36.271 [FXGL Background Thread 3 ] DEBUG Engine               - applicationMode: DEVELOPER
21:52:36.271 [FXGL Background Thread 3 ] DEBUG Engine               - cSSList: [fxgl_dark.css]
21:52:36.271 [FXGL Background Thread 3 ] DEBUG Engine               - collisionDetectionStrategy: BRUTE_FORCE
21:52:36.271 [FXGL Background Thread 3 ] DEBUG Engine               - configClass: Optional.empty
21:52:36.271 [FXGL Background Thread 3 ] DEBUG Engine               - credits: []
21:52:36.271 [FXGL Background Thread 3 ] DEBUG Engine               - defaultCursor: CursorInfo(imageName=fxgl_default_cursor.png, hotspotX=7.0, hotspotY=6.0)
21:52:36.271 [FXGL Background Thread 3 ] DEBUG Engine               - devBBoxColorProperty: ObjectProperty [value: 0xff0000ff]
21:52:36.272 [FXGL Background Thread 3 ] DEBUG Engine               - devEnableDebugCameraProperty: BooleanProperty [value: false]
21:52:36.272 [FXGL Background Thread 3 ] DEBUG Engine               - devSensorColorProperty: ObjectProperty [value: 0xffff00ff]
21:52:36.272 [FXGL Background Thread 3 ] DEBUG Engine               - devShowBBoxProperty: BooleanProperty [value: false]
21:52:36.272 [FXGL Background Thread 3 ] DEBUG Engine               - devShowPositionProperty: BooleanProperty [value: false]
21:52:36.272 [FXGL Background Thread 3 ] DEBUG Engine               - enabledMenuItems: []
21:52:36.272 [FXGL Background Thread 3 ] DEBUG Engine               - engineServices: [class com.almasb.fxgl.app.services.FXGLAssetLoaderService, class com.almasb.fxgl.app.FXGLApplication$GameApplicationService, class com.almasb.fxgl.app.services.FXGLDialogService, class com.almasb.fxgl.app.services.IOTaskExecutorService, class com.almasb.fxgl.io.FileSystemService, class com.almasb.fxgl.localization.LocalizationService, class com.almasb.fxgl.app.services.SystemBundleService, class com.almasb.fxgl.profile.SaveLoadService, class com.almasb.fxgl.ui.FXGLUIFactoryServiceProvider, class com.almasb.fxgl.ui.FXGLDialogFactoryServiceProvider, class com.almasb.fxgl.audio.AudioPlayer, class com.almasb.fxgl.notification.impl.NotificationServiceProvider, class com.almasb.fxgl.achievement.AchievementService, class com.almasb.fxgl.cutscene.CutsceneService, class com.almasb.fxgl.minigames.MiniGameService, class com.almasb.fxgl.net.NetService, class com.almasb.fxgl.app.services.UpdaterService, class com.almasb.fxgl.dev.DevService, class com.almasb.fxgl.multiplayer.MultiplayerService]
21:52:36.272 [FXGL Background Thread 3 ] DEBUG Engine               - fontGame: Abel-Regular.ttf
21:52:36.272 [FXGL Background Thread 3 ] DEBUG Engine               - fontMono: lucida_console.ttf
21:52:36.272 [FXGL Background Thread 3 ] DEBUG Engine               - fontText: Courier-Prime.ttf
21:52:36.272 [FXGL Background Thread 3 ] DEBUG Engine               - fontUI: VarelaRound-Regular.ttf
21:52:36.272 [FXGL Background Thread 3 ] DEBUG Engine               - fullScreen: BooleanProperty [value: false]
21:52:36.272 [FXGL Background Thread 3 ] DEBUG Engine               - gameDifficulty: MEDIUM
21:52:36.272 [FXGL Background Thread 3 ] DEBUG Engine               - gameDifficultyProperty: ObjectProperty [value: MEDIUM]
21:52:36.272 [FXGL Background Thread 3 ] DEBUG Engine               - globalMusicVolume: 0.5
21:52:36.272 [FXGL Background Thread 3 ] DEBUG Engine               - globalMusicVolumeProperty: DoubleProperty [value: 0.5]
21:52:36.272 [FXGL Background Thread 3 ] DEBUG Engine               - globalSoundVolume: 0.5
21:52:36.272 [FXGL Background Thread 3 ] DEBUG Engine               - globalSoundVolumeProperty: DoubleProperty [value: 0.5]
21:52:36.272 [FXGL Background Thread 3 ] DEBUG Engine               - height: 600
21:52:36.272 [FXGL Background Thread 3 ] DEBUG Engine               - is3D: false
21:52:36.272 [FXGL Background Thread 3 ] DEBUG Engine               - isAndroid: false
21:52:36.272 [FXGL Background Thread 3 ] DEBUG Engine               - isBrowser: false
21:52:36.272 [FXGL Background Thread 3 ] DEBUG Engine               - isClickFeedbackEnabled: false
21:52:36.272 [FXGL Background Thread 3 ] DEBUG Engine               - isCloseConfirmation: false
21:52:36.272 [FXGL Background Thread 3 ] DEBUG Engine               - isDesktop: true
21:52:36.272 [FXGL Background Thread 3 ] DEBUG Engine               - isDeveloperMenuEnabled: false
21:52:36.272 [FXGL Background Thread 3 ] DEBUG Engine               - isEmbedded: false
21:52:36.272 [FXGL Background Thread 3 ] DEBUG Engine               - isEntityPreloadEnabled: true
21:52:36.273 [FXGL Background Thread 3 ] DEBUG Engine               - isExperimentalTiledLargeMap: false
21:52:36.273 [FXGL Background Thread 3 ] DEBUG Engine               - isFileSystemWriteAllowed: true
21:52:36.273 [FXGL Background Thread 3 ] DEBUG Engine               - isFullScreenAllowed: false
21:52:36.273 [FXGL Background Thread 3 ] DEBUG Engine               - isFullScreenFromStart: false
21:52:36.273 [FXGL Background Thread 3 ] DEBUG Engine               - isGameMenuEnabled: true
21:52:36.273 [FXGL Background Thread 3 ] DEBUG Engine               - isIOS: false
21:52:36.273 [FXGL Background Thread 3 ] DEBUG Engine               - isIntroEnabled: false
21:52:36.273 [FXGL Background Thread 3 ] DEBUG Engine               - isLinux: false
21:52:36.273 [FXGL Background Thread 3 ] DEBUG Engine               - isMac: false
21:52:36.273 [FXGL Background Thread 3 ] DEBUG Engine               - isMainMenuEnabled: true
21:52:36.273 [FXGL Background Thread 3 ] DEBUG Engine               - isManualResizeEnabled: false
21:52:36.273 [FXGL Background Thread 3 ] DEBUG Engine               - isMobile: false
21:52:36.273 [FXGL Background Thread 3 ] DEBUG Engine               - isNative: false
21:52:36.273 [FXGL Background Thread 3 ] DEBUG Engine               - isPauseMusicWhenMinimized: true
21:52:36.273 [FXGL Background Thread 3 ] DEBUG Engine               - isPreserveResizeRatio: false
21:52:36.273 [FXGL Background Thread 3 ] DEBUG Engine               - isProfilingEnabled: false
21:52:36.273 [FXGL Background Thread 3 ] DEBUG Engine               - isScaleAffectedOnResize: true
21:52:36.273 [FXGL Background Thread 3 ] DEBUG Engine               - isSingleStep: false
21:52:36.273 [FXGL Background Thread 3 ] DEBUG Engine               - isUserProfileEnabled: false
21:52:36.273 [FXGL Background Thread 3 ] DEBUG Engine               - isWindows: true
21:52:36.273 [FXGL Background Thread 3 ] DEBUG Engine               - language: ObjectProperty [value: ENGLISH]
21:52:36.273 [FXGL Background Thread 3 ] DEBUG Engine               - menuKey: ESCAPE
21:52:36.273 [FXGL Background Thread 3 ] DEBUG Engine               - mouseSensitivity: 0.2
21:52:36.273 [FXGL Background Thread 3 ] DEBUG Engine               - notificationViewClass: class com.almasb.fxgl.notification.view.XboxNotificationView
21:52:36.273 [FXGL Background Thread 3 ] DEBUG Engine               - pixelsPerMeter: 50.0
21:52:36.273 [FXGL Background Thread 3 ] DEBUG Engine               - platform: WINDOWS
21:52:36.273 [FXGL Background Thread 3 ] DEBUG Engine               - prefHeightProperty: ReadOnlyDoubleProperty [value: 600.0]
21:52:36.273 [FXGL Background Thread 3 ] DEBUG Engine               - prefWidthProperty: ReadOnlyDoubleProperty [value: 800.0]
21:52:36.273 [FXGL Background Thread 3 ] DEBUG Engine               - profileDir: profiles/
21:52:36.273 [FXGL Background Thread 3 ] DEBUG Engine               - profileName: StringProperty [value: DEFAULT]
21:52:36.274 [FXGL Background Thread 3 ] DEBUG Engine               - randomSeed: -1
21:52:36.274 [FXGL Background Thread 3 ] DEBUG Engine               - runtimeInfo: RuntimeInfo(platform=WINDOWS, version=dev-SNAPSHOT, build=28.07.2021 16.39)
21:52:36.274 [FXGL Background Thread 3 ] DEBUG Engine               - saveFileExt: sav
21:52:36.274 [FXGL Background Thread 3 ] DEBUG Engine               - scaledHeightProp$fxgl: DoubleProperty [bound, value: 600.0]
21:52:36.274 [FXGL Background Thread 3 ] DEBUG Engine               - scaledWidthProp$fxgl: DoubleProperty [bound, value: 800.0]
21:52:36.274 [FXGL Background Thread 3 ] DEBUG Engine               - sceneFactory: com.groupfour.mygame.App$1@555c327
21:52:36.274 [FXGL Background Thread 3 ] DEBUG Engine               - secondsIn24h: 60
21:52:36.274 [FXGL Background Thread 3 ] DEBUG Engine               - soundMenuBack: menu/back.wav
21:52:36.274 [FXGL Background Thread 3 ] DEBUG Engine               - soundMenuPress: menu/press.wav
21:52:36.274 [FXGL Background Thread 3 ] DEBUG Engine               - soundMenuSelect: menu/select.wav
21:52:36.274 [FXGL Background Thread 3 ] DEBUG Engine               - soundNotification: core/notification.wav
21:52:36.274 [FXGL Background Thread 3 ] DEBUG Engine               - stageStyle: DECORATED
21:52:36.274 [FXGL Background Thread 3 ] DEBUG Engine               - supportedLanguages: [ENGLISH, FRENCH, GERMAN, HUNGARIAN, RUSSIAN]
21:52:36.274 [FXGL Background Thread 3 ] DEBUG Engine               - ticksPerSecond: -1
21:52:36.274 [FXGL Background Thread 3 ] DEBUG Engine               - title: Flatline: Oregon
21:52:36.274 [FXGL Background Thread 3 ] DEBUG Engine               - urlGithub: https://github.com/AlmasB/FXGL
21:52:36.274 [FXGL Background Thread 3 ] DEBUG Engine               - urlLeaderboard: http://fxgl-top.herokuapp.com/
21:52:36.274 [FXGL Background Thread 3 ] DEBUG Engine               - urlPOM: https://raw.githubusercontent.com/AlmasB/FXGL/release/README.md
21:52:36.274 [FXGL Background Thread 3 ] DEBUG Engine               - userAppClass: class com.groupfour.mygame.App
21:52:36.274 [FXGL Background Thread 3 ] DEBUG Engine               - version: 0.0
21:52:36.274 [FXGL Background Thread 3 ] DEBUG Engine               - versionCheckDays: 7
21:52:36.274 [FXGL Background Thread 3 ] DEBUG Engine               - width: 800
21:52:36.274 [FXGL Background Thread 3 ] DEBUG Engine               - Logging services
21:52:36.274 [FXGL Background Thread 3 ] DEBUG Engine               - class com.almasb.fxgl.app.services.FXGLAssetLoaderService
21:52:36.274 [FXGL Background Thread 3 ] DEBUG Engine               - class com.almasb.fxgl.app.FXGLApplication$GameApplicationService
21:52:36.274 [FXGL Background Thread 3 ] DEBUG Engine               - class com.almasb.fxgl.app.services.FXGLDialogService
21:52:36.274 [FXGL Background Thread 3 ] DEBUG Engine               - class com.almasb.fxgl.app.services.IOTaskExecutorService
21:52:36.274 [FXGL Background Thread 3 ] DEBUG Engine               - class com.almasb.fxgl.io.FileSystemService
21:52:36.274 [FXGL Background Thread 3 ] DEBUG Engine               - class com.almasb.fxgl.localization.LocalizationService
21:52:36.274 [FXGL Background Thread 3 ] DEBUG Engine               - class com.almasb.fxgl.app.services.SystemBundleService
21:52:36.274 [FXGL Background Thread 3 ] DEBUG Engine               - class com.almasb.fxgl.profile.SaveLoadService
21:52:36.274 [FXGL Background Thread 3 ] DEBUG Engine               - class com.almasb.fxgl.ui.FXGLUIFactoryServiceProvider
21:52:36.274 [FXGL Background Thread 3 ] DEBUG Engine               - class com.almasb.fxgl.ui.FXGLDialogFactoryServiceProvider
21:52:36.274 [FXGL Background Thread 3 ] DEBUG Engine               - class com.almasb.fxgl.audio.AudioPlayer
21:52:36.274 [FXGL Background Thread 3 ] DEBUG Engine               - class com.almasb.fxgl.notification.impl.NotificationServiceProvider
21:52:36.274 [FXGL Background Thread 3 ] DEBUG Engine               - class com.almasb.fxgl.achievement.AchievementService
21:52:36.274 [FXGL Background Thread 3 ] DEBUG Engine               - class com.almasb.fxgl.cutscene.CutsceneService
21:52:36.274 [FXGL Background Thread 3 ] DEBUG Engine               - class com.almasb.fxgl.minigames.MiniGameService
21:52:36.274 [FXGL Background Thread 3 ] DEBUG Engine               - class com.almasb.fxgl.net.NetService
21:52:36.274 [FXGL Background Thread 3 ] DEBUG Engine               - class com.almasb.fxgl.app.services.UpdaterService
21:52:36.274 [FXGL Background Thread 3 ] DEBUG Engine               - class com.almasb.fxgl.dev.DevService
21:52:36.274 [FXGL Background Thread 3 ] DEBUG Engine               - class com.almasb.fxgl.multiplayer.MultiplayerService
21:52:37.314 [JavaFX Application Thread] DEBUG PrimaryStageWindow   - Pop state: CutsceneScene
21:52:37.314 [JavaFX Application Thread] DEBUG Input                - Clearing active input actions
21:52:37.314 [JavaFX Application Thread] DEBUG GameApplicationServi - Removing overlay from CutsceneScene and adding to GameScene
21:52:37.314 [JavaFX Application Thread] DEBUG PrimaryStageWindow   - GameScene <- CutsceneScene
21:52:40.013 [JavaFX Application Thread] WARN  GameWorld            - Attempted to remove entity which is not active
21:52:53.543 [JavaFX Application Thread] WARN  GameWorld            - Attempted to remove entity which is not active
21:52:54.210 [JavaFX Application Thread] WARN  GameWorld            - Attempted to remove entity which is not active
21:53:07.274 [JavaFX Application Thread] DEBUG FXGLAssetLoaderServi - Loading from file system: file:/C:/Users/Cent/Desktop/CSS124L-LE/FinalExam/CSS124L-FINAL-PROJECT/fp/target/classes/assets/textures/Zombies/Welder_Walking.png
21:53:07.275 [JavaFX Application Thread] DEBUG FXGLAssetLoaderServi - Loading from file system: file:/C:/Users/Cent/Desktop/CSS124L-LE/FinalExam/CSS124L-FINAL-PROJECT/fp/target/classes/assets/textures/Zombies/Welder_Torching.png
21:53:07.929 [JavaFX Application Thread] WARN  GameWorld            - Attempted to remove entity which is not active
21:53:09.236 [JavaFX Application Thread] WARN  GameWorld            - Attempted to remove entity which is not active
21:53:18.633 [JavaFX Application Thread] WARN  GameWorld            - Attempted to remove entity which is not active
21:53:18.634 [JavaFX Application Thread] WARN  GameWorld            - Attempted to remove entity which is not active
21:53:31.923 [JavaFX Application Thread] DEBUG FXGLAssetLoaderServi - Loading from file system: file:/C:/Users/Cent/Desktop/CSS124L-LE/FinalExam/CSS124L-FINAL-PROJECT/fp/target/classes/assets/sounds/ZombieAttack.mp3
21:53:38.276 [JavaFX Application Thread] WARN  GameWorld            - Attempted to remove entity which is not active
21:53:39.366 [JavaFX Application Thread] WARN  GameWorld            - Attempted to remove entity which is not active
21:53:39.546 [JavaFX Application Thread] WARN  GameWorld            - Attempted to remove entity which is not active
21:53:42.657 [JavaFX Application Thread] WARN  GameWorld            - Attempted to remove entity which is not active
21:53:43.001 [JavaFX Application Thread] WARN  GameWorld            - Attempted to remove entity which is not active
21:53:58.092 [JavaFX Application Thread] DEBUG FXGLAssetLoaderServi - Loading from file system: file:/C:/Users/Cent/Desktop/CSS124L-LE/FinalExam/CSS124L-FINAL-PROJECT/fp/target/classes/assets/textures/Zombies/Spitter_Walking.png
21:53:58.093 [JavaFX Application Thread] DEBUG FXGLAssetLoaderServi - Loading from file system: file:/C:/Users/Cent/Desktop/CSS124L-LE/FinalExam/CSS124L-FINAL-PROJECT/fp/target/classes/assets/textures/Zombies/Spitter_Attack.png
21:54:04.552 [JavaFX Application Thread] WARN  GameWorld            - Attempted to remove entity which is not active
21:54:04.553 [JavaFX Application Thread] WARN  GameWorld            - Attempted to remove entity which is not active
21:54:04.554 [JavaFX Application Thread] WARN  GameWorld            - Attempted to remove entity which is not active
21:54:04.554 [JavaFX Application Thread] WARN  GameWorld            - Attempted to remove entity which is not active
21:54:04.554 [JavaFX Application Thread] WARN  GameWorld            - Attempted to remove entity which is not active
21:54:04.554 [JavaFX Application Thread] WARN  GameWorld            - Attempted to remove entity which is not active
21:54:04.554 [JavaFX Application Thread] WARN  GameWorld            - Attempted to remove entity which is not active
21:54:28.260 [JavaFX Application Thread] WARN  GameWorld            - Attempted to remove entity which is not active
21:54:28.261 [JavaFX Application Thread] WARN  GameWorld            - Attempted to remove entity which is not active
21:54:28.261 [JavaFX Application Thread] WARN  GameWorld            - Attempted to remove entity which is not active
21:54:28.261 [JavaFX Application Thread] WARN  GameWorld            - Attempted to remove entity which is not active
21:54:28.261 [JavaFX Application Thread] WARN  GameWorld            - Attempted to remove entity which is not active
21:54:28.261 [JavaFX Application Thread] WARN  GameWorld            - Attempted to remove entity which is not active
21:54:28.262 [JavaFX Application Thread] WARN  GameWorld            - Attempted to remove entity which is not active
21:54:28.262 [JavaFX Application Thread] WARN  GameWorld            - Attempted to remove entity which is not active
21:54:28.262 [JavaFX Application Thread] WARN  GameWorld            - Attempted to remove entity which is not active
21:54:33.479 [JavaFX Application Thread] DEBUG FXGLApplication      - Exiting FXGL
21:54:33.479 [JavaFX Application Thread] DEBUG LoopRunner           - Stopping loop
21:54:33.479 [JavaFX Application Thread] DEBUG SystemBundleService  - Saving FXGL system data
21:54:33.481 [JavaFX Application Thread] DEBUG FileSystemAccess     - Writing to: c:\Users\Cent\Desktop\CSS124L-LE\FinalExam\CSS124L-FINAL-PROJECT\system\fxgl.bundle
21:54:33.485 [JavaFX Application Thread] DEBUG Async                - Shutting down background threads
21:54:33.485 [JavaFX Application Thread] DEBUG PrimaryStageWindow   - Closing main window
21:54:33.505 [JavaFX Application Thread] DEBUG Logger               - Closing Logger
