16:05:15.035 [main                     ] DEBUG Logger               - Configured Logger
16:05:15.039 [main                     ] DEBUG GameApplication      - Logging settings
Title: Flatline: Oregon
Version: Beta ?
Width: 800
Height: 600
Fullscreen: false
Intro: false
Profiling: false
Single step:false
App Mode: DEVELOPER
Menu Key: ESCAPE
Stage Style: DECORATED
Scene Factory: class com.groupfour.mygame.App$1

16:05:15.304 [JavaFX Application Thread] DEBUG FXGLApplication      - Initializing FXGL
16:05:15.305 [JavaFX Application Thread] INFO  Engine               - FXGL-dev-SNAPSHOT (28.07.2021 16.39) on WINDOWS (J:21.0.4 FX:16)
16:05:15.305 [JavaFX Application Thread] DEBUG Engine               - JRE Vendor Name: Eclipse Adoptium
16:05:15.306 [JavaFX Application Thread] DEBUG Engine               - Running on OS: Windows 11 version 10.0
16:05:15.306 [JavaFX Application Thread] DEBUG Engine               - Architecture: amd64
16:05:15.306 [JavaFX Application Thread] INFO  Engine               - Source code and latest versions at: https://github.com/AlmasB/FXGL
16:05:15.306 [JavaFX Application Thread] INFO  Engine               -              Join the FXGL chat at: https://gitter.im/AlmasB/FXGL
16:05:15.368 [JavaFX Application Thread] DEBUG PrimaryStageWindow   - Creating a JavaFX scene
16:05:15.402 [JavaFX Application Thread] DEBUG PrimaryStageWindow   - Target settings size: 800.0 x 600.0
16:05:15.402 [JavaFX Application Thread] DEBUG PrimaryStageWindow   - Scaled scene size:    800.0 x 600.0
16:05:15.402 [JavaFX Application Thread] DEBUG PrimaryStageWindow   - Scaled ratio: (1.0, 1.0)
16:05:15.403 [JavaFX Application Thread] DEBUG PrimaryStageWindow   - Set initial scene to FXGLStartupScene
16:05:15.407 [JavaFX Application Thread] DEBUG PrimaryStageWindow   - Opening main window
16:05:15.470 [JavaFX Application Thread] DEBUG PrimaryStageWindow   - Window border size: (14.4000244140625, 37.5999755859375)
16:05:15.470 [JavaFX Application Thread] DEBUG PrimaryStageWindow   - Scaled size: 800.0 x 600.0
16:05:15.470 [JavaFX Application Thread] DEBUG PrimaryStageWindow   - Scaled ratio: (1.0, 1.0)
16:05:15.470 [JavaFX Application Thread] DEBUG PrimaryStageWindow   - Scene size: 800.0 x 600.0
16:05:15.470 [JavaFX Application Thread] DEBUG PrimaryStageWindow   - Stage size: 814.4000244140625 x 637.5999755859375
16:05:15.477 [FXGL Background Thread 1 ] DEBUG Engine               - Initializing environment variables
16:05:15.533 [FXGL Background Thread 1 ] DEBUG FXGLAssetLoaderServi - User app class for loading assets: class com.groupfour.mygame.App
16:05:15.533 [FXGL Background Thread 1 ] DEBUG GameApplicationServi - Applying CSS: fxgl_dark.css
16:05:15.533 [FXGL Background Thread 1 ] DEBUG FXGLAssetLoaderServi - Loading from file system: jar:file:///C:/Users/Cent/.m2/repository/com/github/almasb/fxgl/dev-SNAPSHOT/fxgl-dev-SNAPSHOT.jar!/fxglassets/ui/css/fxgl_dark.css
16:05:15.576 [FXGL Background Thread 1 ] DEBUG GameApplicationServi - Initializing application scenes
16:05:15.617 [FXGL Background Thread 1 ] DEBUG GameWorld            - Game world initialized
16:05:15.681 [FXGL Background Thread 1 ] DEBUG PhysicsWorld         - Physics world initialized: appHeight=600, physics.ppm=50.0
16:05:15.681 [FXGL Background Thread 1 ] DEBUG PhysicsWorld         - Using strategy: BRUTE_FORCE
16:05:15.684 [FXGL Background Thread 1 ] DEBUG GameScene            - Game scene initialized: 800x600
16:05:15.692 [FXGL Background Thread 1 ] DEBUG FXGL.DefaultMenu     - createMenuBodyMainMenu()
16:05:15.702 [FXGL Background Thread 1 ] DEBUG FXGL.DefaultMenu     - createOptionsMenu()
16:05:15.707 [FXGL Background Thread 1 ] DEBUG FXGLAssetLoaderServi - Loading from file system: jar:file:///C:/Users/Cent/.m2/repository/com/github/almasb/fxgl/dev-SNAPSHOT/fxgl-dev-SNAPSHOT.jar!/fxglassets/textures/particles/smoke.png
16:05:15.795 [FXGL Background Thread 1 ] DEBUG FXGLAssetLoaderServi - Loading from file system: jar:file:///C:/Users/Cent/.m2/repository/com/github/almasb/fxgl/dev-SNAPSHOT/fxgl-dev-SNAPSHOT.jar!/fxglassets/textures/particles/trace_horizontal.png
16:05:15.828 [FXGL Background Thread 1 ] DEBUG FXGLAssetLoaderServi - Loading from file system: file:/C:/Users/Cent/Desktop/CSS124L-LE/FinalExam/CSS124L-FINAL-PROJECT/fp/target/classes/assets/ui/fonts/PIXELADE.TTF
16:05:15.855 [FXGL Background Thread 1 ] DEBUG FXGLAssetLoaderServi - Loading from file system: file:/C:/Users/Cent/Desktop/CSS124L-LE/FinalExam/CSS124L-FINAL-PROJECT/fp/target/classes/assets/textures/spbtn.png
16:05:15.875 [FXGL Background Thread 1 ] DEBUG FXGLAssetLoaderServi - Loading from file system: file:/C:/Users/Cent/Desktop/CSS124L-LE/FinalExam/CSS124L-FINAL-PROJECT/fp/target/classes/assets/textures/mpbtn.png
16:05:15.883 [FXGL Background Thread 1 ] DEBUG FXGLAssetLoaderServi - Loading from file system: file:/C:/Users/Cent/Desktop/CSS124L-LE/FinalExam/CSS124L-FINAL-PROJECT/fp/target/classes/assets/textures/return.png
16:05:15.894 [FXGL Background Thread 1 ] DEBUG GameApplicationServi - Application scenes initialized
16:05:15.901 [FXGL Background Thread 1 ] DEBUG SystemBundleService  - Loading FXGL system data
16:05:15.904 [FXGL Background Thread 1 ] DEBUG FileSystemAccess     - Reading from: c:\Users\Cent\Desktop\CSS124L-LE\FinalExam\CSS124L-FINAL-PROJECT\system\fxgl.bundle
16:05:15.912 [FXGL Background Thread 1 ] DEBUG SystemBundleService  - Bundle FXGL: {}
16:05:15.913 [FXGL Background Thread 1 ] DEBUG UpdaterService       - Checking for updates
16:05:15.934 [FXGL Background Thread 4 ] DEBUG FXGLApplication      - Loading fonts
16:05:15.934 [FXGL Background Thread 1 ] DEBUG FXGLApplication      - Loading default localization
16:05:15.935 [FXGL Background Thread 4 ] DEBUG FXGLAssetLoaderServi - Loading from file system: jar:file:///C:/Users/Cent/.m2/repository/com/github/almasb/fxgl/dev-SNAPSHOT/fxgl-dev-SNAPSHOT.jar!/fxglassets/ui/fonts/VarelaRound-Regular.ttf
16:05:15.935 [FXGL Background Thread 1 ] DEBUG FXGLAssetLoaderServi - Loading from file system: jar:file:///C:/Users/Cent/.m2/repository/com/github/almasb/fxgl/dev-SNAPSHOT/fxgl-dev-SNAPSHOT.jar!/fxglassets/languages/english.lang
16:05:15.937 [FXGL Background Thread 4 ] DEBUG FXGLAssetLoaderServi - Loading from file system: jar:file:///C:/Users/Cent/.m2/repository/com/github/almasb/fxgl/dev-SNAPSHOT/fxgl-dev-SNAPSHOT.jar!/fxglassets/ui/fonts/Abel-Regular.ttf
16:05:15.941 [FXGL Background Thread 4 ] DEBUG FXGLAssetLoaderServi - Loading from file system: jar:file:///C:/Users/Cent/.m2/repository/com/github/almasb/fxgl/dev-SNAPSHOT/fxgl-dev-SNAPSHOT.jar!/fxglassets/ui/fonts/lucida_console.ttf
16:05:15.945 [FXGL Background Thread 4 ] DEBUG FXGLAssetLoaderServi - Loading from file system: jar:file:///C:/Users/Cent/.m2/repository/com/github/almasb/fxgl/dev-SNAPSHOT/fxgl-dev-SNAPSHOT.jar!/fxglassets/ui/fonts/Courier-Prime.ttf
16:05:15.947 [FXGL Background Thread 1 ] INFO  FXGLApplication      - FXGL initialization took: 0.470 sec
16:05:15.954 [JavaFX Application Thread] DEBUG Input                - Registered new binding: Move Upwards - W
16:05:15.955 [JavaFX Application Thread] DEBUG Input                - Registered new binding: Move Down - S
16:05:15.955 [JavaFX Application Thread] DEBUG Input                - Registered new binding: Move Left - A
16:05:15.955 [JavaFX Application Thread] DEBUG Input                - Registered new binding: Move Right - D
16:05:15.955 [JavaFX Application Thread] DEBUG Input                - Registered new binding: Reload - R
16:05:15.956 [JavaFX Application Thread] DEBUG Input                - Registered new binding: Shoot - LMB
16:05:15.956 [JavaFX Application Thread] DEBUG Input                - Registered new binding: Switch Weapons - Q
16:05:15.956 [JavaFX Application Thread] DEBUG Input                - Registered new binding: Interact - F
16:05:15.956 [JavaFX Application Thread] DEBUG FXGLAssetLoaderServi - Loading from file system: file:/C:/Users/Cent/Desktop/CSS124L-LE/FinalExam/CSS124L-FINAL-PROJECT/fp/target/classes/assets/music/titleBGM.mp3
16:05:16.074 [JavaFX Application Thread] DEBUG AudioPlayer          - Playing music com.almasb.fxgl.audio.Music@7d08f1fc
16:05:16.074 [JavaFX Application Thread] DEBUG FXGLAssetLoaderServi - Loading from file system: jar:file:///C:/Users/Cent/.m2/repository/com/github/almasb/fxgl/dev-SNAPSHOT/fxgl-dev-SNAPSHOT.jar!/fxglassets/textures/fxgl_icon.png
16:05:16.091 [JavaFX Application Thread] DEBUG FXGLAssetLoaderServi - Loading from file system: jar:file:///C:/Users/Cent/.m2/repository/com/github/almasb/fxgl/dev-SNAPSHOT/fxgl-dev-SNAPSHOT.jar!/fxglassets/textures/fxgl_default_cursor.png
16:05:16.092 [JavaFX Application Thread] DEBUG Input                - Registered new binding: Screenshot - CTRL+8
16:05:16.092 [JavaFX Application Thread] DEBUG Input                - Registered new binding: Dev Options - 1
16:05:16.093 [JavaFX Application Thread] DEBUG Input                - Registered new binding: Dev Console - 2
16:05:16.093 [JavaFX Application Thread] DEBUG Input                - Registered new binding: System info dump - CTRL+9
16:05:16.093 [JavaFX Application Thread] DEBUG Input                - Registered new binding: Restart - CTRL+R
16:05:16.094 [JavaFX Application Thread] DEBUG Input                - Registered new binding: Toggle Debug Camera - CTRL+C
16:05:16.098 [JavaFX Application Thread] DEBUG LoopRunner           - Starting loop
16:05:16.108 [JavaFX Application Thread] DEBUG LoopRunner           - Initializing JavaFX AnimationTimerLoop
16:05:16.111 [JavaFX Application Thread] DEBUG Input                - Clearing active input actions
16:05:16.122 [JavaFX Application Thread] DEBUG GameApplicationServi - Removing overlay from FXGLStartupScene and adding to FXGLMainMenuDummyScene
16:05:16.130 [JavaFX Application Thread] DEBUG PrimaryStageWindow   - FXGLStartupScene -> FXGLMainMenuDummyScene
16:05:16.130 [JavaFX Application Thread] DEBUG PrimaryStageWindow   - Push state: FXGLDefaultMenu
16:05:16.137 [JavaFX Application Thread] DEBUG Input                - Clearing active input actions
16:05:16.145 [JavaFX Application Thread] DEBUG GameApplicationServi - Removing overlay from FXGLMainMenuDummyScene and adding to FXGLDefaultMenu
16:05:16.146 [JavaFX Application Thread] DEBUG PrimaryStageWindow   - FXGLMainMenuDummyScene -> FXGLDefaultMenu
16:05:16.153 [JavaFX Application Thread] DEBUG FXGLApplication      - Registering font factories with UI factory
16:05:16.369 [FXGL Background Thread 2 ] INFO  UpdaterService       - Your current version:  dev-SNAPSHOT
16:05:16.369 [FXGL Background Thread 2 ] INFO  UpdaterService       - Latest stable version: 21.1
16:05:17.048 [JavaFX Application Thread] DEBUG Menu                 - fireNewGame()
16:05:17.049 [JavaFX Application Thread] DEBUG GameApplicationServi - Starting new game
16:05:17.050 [JavaFX Application Thread] DEBUG PrimaryStageWindow   - Pop state: FXGLDefaultMenu
16:05:17.051 [JavaFX Application Thread] DEBUG Input                - Clearing active input actions
16:05:17.052 [JavaFX Application Thread] DEBUG GameApplicationServi - Removing overlay from FXGLDefaultMenu and adding to FXGLMainMenuDummyScene
16:05:17.053 [JavaFX Application Thread] DEBUG PrimaryStageWindow   - FXGLMainMenuDummyScene <- FXGLDefaultMenu
16:05:17.053 [JavaFX Application Thread] DEBUG Input                - Clearing active input actions
16:05:17.058 [JavaFX Application Thread] DEBUG GameApplicationServi - Removing overlay from FXGLMainMenuDummyScene and adding to FXGLLoadingScene
16:05:17.058 [JavaFX Application Thread] DEBUG PrimaryStageWindow   - FXGLMainMenuDummyScene -> FXGLLoadingScene
16:05:17.058 [JavaFX Application Thread] DEBUG GameApplicationServi - Clearing previous game
16:05:17.058 [JavaFX Application Thread] DEBUG GameScene            - Clearing game scene
16:05:17.058 [JavaFX Application Thread] DEBUG GameWorld            - Clearing game world
16:05:17.059 [JavaFX Application Thread] DEBUG PhysicsWorld         - Clearing physics world
16:05:17.062 [FXGL Background Thread 2 ] DEBUG FXGLApplication      - Initializing game
16:05:17.120 [FXGL Background Thread 2 ] WARN  TMXLevelLoader       - TiledMap generated from 1.11.0. Supported version: 1.2.3. Some features may not be parsed fully.
16:05:17.125 [FXGL Background Thread 2 ] DEBUG TMXLevelLoader       - Parsed TiledMap: file:/C:/Users/Cent/Desktop/CSS124L-LE/FinalExam/CSS124L-FINAL-PROJECT/fp/target/classes/assets/levels/Lobby.tmx
16:05:17.126 [FXGL Background Thread 2 ] DEBUG TMXLevelLoader       - Creating tile layer entities
16:05:17.126 [FXGL Background Thread 2 ] DEBUG TilesetLoader        - Loading view for layer Tile Layer 1
16:05:17.129 [FXGL Background Thread 2 ] DEBUG TilesetLoader        - Created buffer with size 1280.0x768.0
16:05:17.135 [FXGL Background Thread 2 ] DEBUG TMXLevelLoader       - Creating object layer entities
16:05:17.153 [FXGL Background Thread 2 ] DEBUG GameWorld            - Clearing removable entities
16:05:17.154 [FXGL Background Thread 2 ] DEBUG GameWorld            - Setting level: com.almasb.fxgl.entity.level.Level@5727dc88
16:05:17.161 [FXGL Background Thread 2 ] INFO  FXGLApplication      - Game initialization took: 0.098 sec
16:05:17.166 [JavaFX Application Thread] DEBUG Input                - Clearing active input actions
16:05:17.171 [JavaFX Application Thread] DEBUG GameApplicationServi - Removing overlay from FXGLLoadingScene and adding to GameScene
16:05:17.174 [JavaFX Application Thread] DEBUG PrimaryStageWindow   - FXGLLoadingScene -> GameScene
16:05:17.177 [JavaFX Application Thread] DEBUG FXGLAssetLoaderServi - Loading from file system: file:/C:/Users/Cent/Desktop/CSS124L-LE/FinalExam/CSS124L-FINAL-PROJECT/fp/target/classes/assets/textures/Interactables/microwave_close.png
16:05:17.178 [JavaFX Application Thread] DEBUG PrimaryStageWindow   - Push state: PCM_BG
16:05:17.178 [JavaFX Application Thread] DEBUG Input                - Clearing active input actions
16:05:17.178 [JavaFX Application Thread] DEBUG GameApplicationServi - Removing overlay from GameScene and adding to PCM_BG
16:05:17.179 [JavaFX Application Thread] DEBUG PrimaryStageWindow   - GameScene -> PCM_BG
16:05:17.185 [JavaFX Application Thread] DEBUG PrimaryStageWindow   - Push state: PlayerCountMenu
16:05:17.185 [JavaFX Application Thread] DEBUG Input                - Clearing active input actions
16:05:17.186 [JavaFX Application Thread] DEBUG GameApplicationServi - Removing overlay from PCM_BG and adding to PlayerCountMenu
16:05:17.189 [JavaFX Application Thread] DEBUG PrimaryStageWindow   - PCM_BG -> PlayerCountMenu
16:05:17.979 [JavaFX Application Thread] DEBUG FXGLAssetLoaderServi - Loading from file system: file:/C:/Users/Cent/Desktop/CSS124L-LE/FinalExam/CSS124L-FINAL-PROJECT/fp/target/classes/assets/sounds/Reload.mp3
16:05:17.982 [JavaFX Application Thread] DEBUG FXGLAssetLoaderServi - Loading from file system: file:/C:/Users/Cent/Desktop/CSS124L-LE/FinalExam/CSS124L-FINAL-PROJECT/fp/target/classes/assets/sounds/BerettaM9_Shoot.mp3
16:05:17.985 [JavaFX Application Thread] WARN  FXGLAssetLoaderServi - Asset "/assets/sounds/SawedOff_Shoot.mp3" was not found!
16:05:17.985 [JavaFX Application Thread] WARN  FXGLAssetLoaderServi - Failed to load SOUND
16:05:17.988 [JavaFX Application Thread] DEBUG FXGLAssetLoaderServi - Loading from file system: file:/C:/Users/Cent/Desktop/CSS124L-LE/FinalExam/CSS124L-FINAL-PROJECT/fp/target/classes/assets/textures/Weapons/Idle/BerettaM9_Idle.png
16:05:17.988 [JavaFX Application Thread] DEBUG FXGLAssetLoaderServi - Loading from file system: file:/C:/Users/Cent/Desktop/CSS124L-LE/FinalExam/CSS124L-FINAL-PROJECT/fp/target/classes/assets/textures/Weapons/Shooting/BerettaM9_Shooting.png
16:05:17.990 [JavaFX Application Thread] DEBUG FXGLAssetLoaderServi - Loading from file system: file:/C:/Users/Cent/Desktop/CSS124L-LE/FinalExam/CSS124L-FINAL-PROJECT/fp/target/classes/assets/textures/Players/1P_Shoot.png
16:05:17.992 [JavaFX Application Thread] DEBUG FXGLAssetLoaderServi - Loading from file system: file:/C:/Users/Cent/Desktop/CSS124L-LE/FinalExam/CSS124L-FINAL-PROJECT/fp/target/classes/assets/textures/Interactables/vending_machine.png
16:05:17.995 [JavaFX Application Thread] DEBUG PrimaryStageWindow   - Pop state: PlayerCountMenu
16:05:17.995 [JavaFX Application Thread] DEBUG Input                - Clearing active input actions
16:05:17.996 [JavaFX Application Thread] DEBUG GameApplicationServi - Removing overlay from PlayerCountMenu and adding to PCM_BG
16:05:17.996 [JavaFX Application Thread] DEBUG PrimaryStageWindow   - PCM_BG <- PlayerCountMenu
16:05:17.996 [JavaFX Application Thread] DEBUG PrimaryStageWindow   - Pop state: PCM_BG
16:05:17.996 [JavaFX Application Thread] DEBUG Input                - Clearing active input actions
16:05:17.997 [JavaFX Application Thread] DEBUG GameApplicationServi - Removing overlay from PCM_BG and adding to GameScene
16:05:17.997 [JavaFX Application Thread] DEBUG PrimaryStageWindow   - GameScene <- PCM_BG
16:05:18.101 [JavaFX Application Thread] DEBUG FXGLAssetLoaderServi - Loading from file system: file:/C:/Users/Cent/Desktop/CSS124L-LE/FinalExam/CSS124L-FINAL-PROJECT/fp/target/classes/assets/textures/Zombies/Basic_Zombie_Walking.png
16:05:18.103 [JavaFX Application Thread] DEBUG FXGLAssetLoaderServi - Loading from file system: file:/C:/Users/Cent/Desktop/CSS124L-LE/FinalExam/CSS124L-FINAL-PROJECT/fp/target/classes/assets/textures/Zombies/Basic_Zombie_Attack.png
16:05:18.933 [FXGL Background Thread 3 ] DEBUG Engine               - Logging environment variables
16:05:18.933 [FXGL Background Thread 3 ] DEBUG Engine               - achievements: []
16:05:18.933 [FXGL Background Thread 3 ] DEBUG Engine               - actualHeight: 600.0
16:05:18.933 [FXGL Background Thread 3 ] DEBUG Engine               - actualHeightProperty: ReadOnlyDoubleProperty [value: 600.0]
16:05:18.933 [FXGL Background Thread 3 ] DEBUG Engine               - actualWidth: 800.0
16:05:18.933 [FXGL Background Thread 3 ] DEBUG Engine               - actualWidthProperty: ReadOnlyDoubleProperty [value: 800.0]
16:05:18.933 [FXGL Background Thread 3 ] DEBUG Engine               - appIcon: fxgl_icon.png
16:05:18.933 [FXGL Background Thread 3 ] DEBUG Engine               - applicationMode: DEVELOPER
16:05:18.933 [FXGL Background Thread 3 ] DEBUG Engine               - cSSList: [fxgl_dark.css]
16:05:18.933 [FXGL Background Thread 3 ] DEBUG Engine               - collisionDetectionStrategy: BRUTE_FORCE
16:05:18.933 [FXGL Background Thread 3 ] DEBUG Engine               - configClass: Optional.empty
16:05:18.933 [FXGL Background Thread 3 ] DEBUG Engine               - credits: []
16:05:18.933 [FXGL Background Thread 3 ] DEBUG Engine               - defaultCursor: CursorInfo(imageName=fxgl_default_cursor.png, hotspotX=7.0, hotspotY=6.0)
16:05:18.933 [FXGL Background Thread 3 ] DEBUG Engine               - devBBoxColorProperty: ObjectProperty [value: 0xff0000ff]
16:05:18.934 [FXGL Background Thread 3 ] DEBUG Engine               - devEnableDebugCameraProperty: BooleanProperty [value: false]
16:05:18.934 [FXGL Background Thread 3 ] DEBUG Engine               - devSensorColorProperty: ObjectProperty [value: 0xffff00ff]
16:05:18.934 [FXGL Background Thread 3 ] DEBUG Engine               - devShowBBoxProperty: BooleanProperty [value: false]
16:05:18.934 [FXGL Background Thread 3 ] DEBUG Engine               - devShowPositionProperty: BooleanProperty [value: false]
16:05:18.934 [FXGL Background Thread 3 ] DEBUG Engine               - enabledMenuItems: []
16:05:18.934 [FXGL Background Thread 3 ] DEBUG Engine               - engineServices: [class com.almasb.fxgl.app.services.FXGLAssetLoaderService, class com.almasb.fxgl.app.FXGLApplication$GameApplicationService, class com.almasb.fxgl.app.services.FXGLDialogService, class com.almasb.fxgl.app.services.IOTaskExecutorService, class com.almasb.fxgl.io.FileSystemService, class com.almasb.fxgl.localization.LocalizationService, class com.almasb.fxgl.app.services.SystemBundleService, class com.almasb.fxgl.profile.SaveLoadService, class com.almasb.fxgl.ui.FXGLUIFactoryServiceProvider, class com.almasb.fxgl.ui.FXGLDialogFactoryServiceProvider, class com.almasb.fxgl.audio.AudioPlayer, class com.almasb.fxgl.notification.impl.NotificationServiceProvider, class com.almasb.fxgl.achievement.AchievementService, class com.almasb.fxgl.cutscene.CutsceneService, class com.almasb.fxgl.minigames.MiniGameService, class com.almasb.fxgl.net.NetService, class com.almasb.fxgl.app.services.UpdaterService, class com.almasb.fxgl.dev.DevService, class com.almasb.fxgl.multiplayer.MultiplayerService]
16:05:18.934 [FXGL Background Thread 3 ] DEBUG Engine               - fontGame: Abel-Regular.ttf
16:05:18.934 [FXGL Background Thread 3 ] DEBUG Engine               - fontMono: lucida_console.ttf
16:05:18.934 [FXGL Background Thread 3 ] DEBUG Engine               - fontText: Courier-Prime.ttf
16:05:18.934 [FXGL Background Thread 3 ] DEBUG Engine               - fontUI: VarelaRound-Regular.ttf
16:05:18.934 [FXGL Background Thread 3 ] DEBUG Engine               - fullScreen: BooleanProperty [value: false]
16:05:18.934 [FXGL Background Thread 3 ] DEBUG Engine               - gameDifficulty: MEDIUM
16:05:18.934 [FXGL Background Thread 3 ] DEBUG Engine               - gameDifficultyProperty: ObjectProperty [value: MEDIUM]
16:05:18.934 [FXGL Background Thread 3 ] DEBUG Engine               - globalMusicVolume: 0.5
16:05:18.934 [FXGL Background Thread 3 ] DEBUG Engine               - globalMusicVolumeProperty: DoubleProperty [value: 0.5]
16:05:18.934 [FXGL Background Thread 3 ] DEBUG Engine               - globalSoundVolume: 0.5
16:05:18.934 [FXGL Background Thread 3 ] DEBUG Engine               - globalSoundVolumeProperty: DoubleProperty [value: 0.5]
16:05:18.934 [FXGL Background Thread 3 ] DEBUG Engine               - height: 600
16:05:18.934 [FXGL Background Thread 3 ] DEBUG Engine               - is3D: false
16:05:18.934 [FXGL Background Thread 3 ] DEBUG Engine               - isAndroid: false
16:05:18.934 [FXGL Background Thread 3 ] DEBUG Engine               - isBrowser: false
16:05:18.934 [FXGL Background Thread 3 ] DEBUG Engine               - isClickFeedbackEnabled: false
16:05:18.934 [FXGL Background Thread 3 ] DEBUG Engine               - isCloseConfirmation: false
16:05:18.934 [FXGL Background Thread 3 ] DEBUG Engine               - isDesktop: true
16:05:18.934 [FXGL Background Thread 3 ] DEBUG Engine               - isDeveloperMenuEnabled: true
16:05:18.934 [FXGL Background Thread 3 ] DEBUG Engine               - isEmbedded: false
16:05:18.934 [FXGL Background Thread 3 ] DEBUG Engine               - isEntityPreloadEnabled: true
16:05:18.934 [FXGL Background Thread 3 ] DEBUG Engine               - isExperimentalTiledLargeMap: false
16:05:18.934 [FXGL Background Thread 3 ] DEBUG Engine               - isFileSystemWriteAllowed: true
16:05:18.935 [FXGL Background Thread 3 ] DEBUG Engine               - isFullScreenAllowed: false
16:05:18.935 [FXGL Background Thread 3 ] DEBUG Engine               - isFullScreenFromStart: false
16:05:18.935 [FXGL Background Thread 3 ] DEBUG Engine               - isGameMenuEnabled: true
16:05:18.935 [FXGL Background Thread 3 ] DEBUG Engine               - isIOS: false
16:05:18.935 [FXGL Background Thread 3 ] DEBUG Engine               - isIntroEnabled: false
16:05:18.935 [FXGL Background Thread 3 ] DEBUG Engine               - isLinux: false
16:05:18.935 [FXGL Background Thread 3 ] DEBUG Engine               - isMac: false
16:05:18.935 [FXGL Background Thread 3 ] DEBUG Engine               - isMainMenuEnabled: true
16:05:18.935 [FXGL Background Thread 3 ] DEBUG Engine               - isManualResizeEnabled: false
16:05:18.935 [FXGL Background Thread 3 ] DEBUG Engine               - isMobile: false
16:05:18.935 [FXGL Background Thread 3 ] DEBUG Engine               - isNative: false
16:05:18.935 [FXGL Background Thread 3 ] DEBUG Engine               - isPauseMusicWhenMinimized: true
16:05:18.935 [FXGL Background Thread 3 ] DEBUG Engine               - isPreserveResizeRatio: false
16:05:18.935 [FXGL Background Thread 3 ] DEBUG Engine               - isProfilingEnabled: false
16:05:18.935 [FXGL Background Thread 3 ] DEBUG Engine               - isScaleAffectedOnResize: true
16:05:18.935 [FXGL Background Thread 3 ] DEBUG Engine               - isSingleStep: false
16:05:18.935 [FXGL Background Thread 3 ] DEBUG Engine               - isUserProfileEnabled: false
16:05:18.935 [FXGL Background Thread 3 ] DEBUG Engine               - isWindows: true
16:05:18.935 [FXGL Background Thread 3 ] DEBUG Engine               - language: ObjectProperty [value: ENGLISH]
16:05:18.935 [FXGL Background Thread 3 ] DEBUG Engine               - menuKey: ESCAPE
16:05:18.935 [FXGL Background Thread 3 ] DEBUG Engine               - mouseSensitivity: 0.2
16:05:18.935 [FXGL Background Thread 3 ] DEBUG Engine               - notificationViewClass: class com.almasb.fxgl.notification.view.XboxNotificationView
16:05:18.935 [FXGL Background Thread 3 ] DEBUG Engine               - pixelsPerMeter: 50.0
16:05:18.935 [FXGL Background Thread 3 ] DEBUG Engine               - platform: WINDOWS
16:05:18.935 [FXGL Background Thread 3 ] DEBUG Engine               - prefHeightProperty: ReadOnlyDoubleProperty [value: 600.0]
16:05:18.935 [FXGL Background Thread 3 ] DEBUG Engine               - prefWidthProperty: ReadOnlyDoubleProperty [value: 800.0]
16:05:18.935 [FXGL Background Thread 3 ] DEBUG Engine               - profileDir: profiles/
16:05:18.936 [FXGL Background Thread 3 ] DEBUG Engine               - profileName: StringProperty [value: DEFAULT]
16:05:18.936 [FXGL Background Thread 3 ] DEBUG Engine               - randomSeed: -1
16:05:18.936 [FXGL Background Thread 3 ] DEBUG Engine               - runtimeInfo: RuntimeInfo(platform=WINDOWS, version=dev-SNAPSHOT, build=28.07.2021 16.39)
16:05:18.936 [FXGL Background Thread 3 ] DEBUG Engine               - saveFileExt: sav
16:05:18.936 [FXGL Background Thread 3 ] DEBUG Engine               - scaledHeightProp$fxgl: DoubleProperty [bound, value: 600.0]
16:05:18.936 [FXGL Background Thread 3 ] DEBUG Engine               - scaledWidthProp$fxgl: DoubleProperty [bound, value: 800.0]
16:05:18.936 [FXGL Background Thread 3 ] DEBUG Engine               - sceneFactory: com.groupfour.mygame.App$1@7fa1a8f6
16:05:18.936 [FXGL Background Thread 3 ] DEBUG Engine               - secondsIn24h: 60
16:05:18.936 [FXGL Background Thread 3 ] DEBUG Engine               - soundMenuBack: menu/back.wav
16:05:18.936 [FXGL Background Thread 3 ] DEBUG Engine               - soundMenuPress: titleSelect.mp3
16:05:18.936 [FXGL Background Thread 3 ] DEBUG Engine               - soundMenuSelect: menu/select.wav
16:05:18.936 [FXGL Background Thread 3 ] DEBUG Engine               - soundNotification: core/notification.wav
16:05:18.936 [FXGL Background Thread 3 ] DEBUG Engine               - stageStyle: DECORATED
16:05:18.936 [FXGL Background Thread 3 ] DEBUG Engine               - supportedLanguages: [ENGLISH, FRENCH, GERMAN, HUNGARIAN, RUSSIAN]
16:05:18.936 [FXGL Background Thread 3 ] DEBUG Engine               - ticksPerSecond: -1
16:05:18.936 [FXGL Background Thread 3 ] DEBUG Engine               - title: Flatline: Oregon
16:05:18.936 [FXGL Background Thread 3 ] DEBUG Engine               - urlGithub: https://github.com/AlmasB/FXGL
16:05:18.936 [FXGL Background Thread 3 ] DEBUG Engine               - urlLeaderboard: http://fxgl-top.herokuapp.com/
16:05:18.936 [FXGL Background Thread 3 ] DEBUG Engine               - urlPOM: https://raw.githubusercontent.com/AlmasB/FXGL/release/README.md
16:05:18.936 [FXGL Background Thread 3 ] DEBUG Engine               - userAppClass: class com.groupfour.mygame.App
16:05:18.936 [FXGL Background Thread 3 ] DEBUG Engine               - version: Beta ?
16:05:18.936 [FXGL Background Thread 3 ] DEBUG Engine               - versionCheckDays: 7
16:05:18.936 [FXGL Background Thread 3 ] DEBUG Engine               - width: 800
16:05:18.936 [FXGL Background Thread 3 ] DEBUG Engine               - Logging services
16:05:18.936 [FXGL Background Thread 3 ] DEBUG Engine               - class com.almasb.fxgl.app.services.FXGLAssetLoaderService
16:05:18.936 [FXGL Background Thread 3 ] DEBUG Engine               - class com.almasb.fxgl.app.FXGLApplication$GameApplicationService
16:05:18.936 [FXGL Background Thread 3 ] DEBUG Engine               - class com.almasb.fxgl.app.services.FXGLDialogService
16:05:18.936 [FXGL Background Thread 3 ] DEBUG Engine               - class com.almasb.fxgl.app.services.IOTaskExecutorService
16:05:18.936 [FXGL Background Thread 3 ] DEBUG Engine               - class com.almasb.fxgl.io.FileSystemService
16:05:18.936 [FXGL Background Thread 3 ] DEBUG Engine               - class com.almasb.fxgl.localization.LocalizationService
16:05:18.936 [FXGL Background Thread 3 ] DEBUG Engine               - class com.almasb.fxgl.app.services.SystemBundleService
16:05:18.936 [FXGL Background Thread 3 ] DEBUG Engine               - class com.almasb.fxgl.profile.SaveLoadService
16:05:18.937 [FXGL Background Thread 3 ] DEBUG Engine               - class com.almasb.fxgl.ui.FXGLUIFactoryServiceProvider
16:05:18.937 [FXGL Background Thread 3 ] DEBUG Engine               - class com.almasb.fxgl.ui.FXGLDialogFactoryServiceProvider
16:05:18.937 [FXGL Background Thread 3 ] DEBUG Engine               - class com.almasb.fxgl.audio.AudioPlayer
16:05:18.937 [FXGL Background Thread 3 ] DEBUG Engine               - class com.almasb.fxgl.notification.impl.NotificationServiceProvider
16:05:18.937 [FXGL Background Thread 3 ] DEBUG Engine               - class com.almasb.fxgl.achievement.AchievementService
16:05:18.937 [FXGL Background Thread 3 ] DEBUG Engine               - class com.almasb.fxgl.cutscene.CutsceneService
16:05:18.937 [FXGL Background Thread 3 ] DEBUG Engine               - class com.almasb.fxgl.minigames.MiniGameService
16:05:18.937 [FXGL Background Thread 3 ] DEBUG Engine               - class com.almasb.fxgl.net.NetService
16:05:18.937 [FXGL Background Thread 3 ] DEBUG Engine               - class com.almasb.fxgl.app.services.UpdaterService
16:05:18.937 [FXGL Background Thread 3 ] DEBUG Engine               - class com.almasb.fxgl.dev.DevService
16:05:18.937 [FXGL Background Thread 3 ] DEBUG Engine               - class com.almasb.fxgl.multiplayer.MultiplayerService
16:05:19.280 [JavaFX Application Thread] DEBUG FXGLAssetLoaderServi - Loading from file system: file:/C:/Users/Cent/Desktop/CSS124L-LE/FinalExam/CSS124L-FINAL-PROJECT/fp/target/classes/assets/textures/Weapons/Idle/M16_Idle.png
16:05:19.281 [JavaFX Application Thread] DEBUG FXGLAssetLoaderServi - Loading from file system: file:/C:/Users/Cent/Desktop/CSS124L-LE/FinalExam/CSS124L-FINAL-PROJECT/fp/target/classes/assets/textures/Weapons/Shooting/M16_Shooting.png
16:05:19.282 [JavaFX Application Thread] DEBUG FXGLAssetLoaderServi - Loading from file system: file:/C:/Users/Cent/Desktop/CSS124L-LE/FinalExam/CSS124L-FINAL-PROJECT/fp/target/classes/assets/textures/Players/1P_Rifle_Shoot.png
16:05:20.240 [JavaFX Application Thread] DEBUG FXGLAssetLoaderServi - Loading from file system: file:/C:/Users/Cent/Desktop/CSS124L-LE/FinalExam/CSS124L-FINAL-PROJECT/fp/target/classes/assets/textures/Weapons/Idle/AK47_Idle.png
16:05:20.241 [JavaFX Application Thread] DEBUG FXGLAssetLoaderServi - Loading from file system: file:/C:/Users/Cent/Desktop/CSS124L-LE/FinalExam/CSS124L-FINAL-PROJECT/fp/target/classes/assets/textures/Weapons/Shooting/AK47_Shooting.png
16:05:21.184 [JavaFX Application Thread] DEBUG FXGLAssetLoaderServi - Loading from file system: file:/C:/Users/Cent/Desktop/CSS124L-LE/FinalExam/CSS124L-FINAL-PROJECT/fp/target/classes/assets/textures/Weapons/Idle/Sawed_Off_DoubleBarrel.png
16:05:21.184 [JavaFX Application Thread] DEBUG FXGLAssetLoaderServi - Loading from file system: file:/C:/Users/Cent/Desktop/CSS124L-LE/FinalExam/CSS124L-FINAL-PROJECT/fp/target/classes/assets/textures/Weapons/Shooting/Sawed_Off_DoubleBarrel_Shooting.png
16:05:25.585 [JavaFX Application Thread] DEBUG FXGLApplication      - Exiting FXGL
16:05:25.585 [JavaFX Application Thread] DEBUG LoopRunner           - Stopping loop
16:05:25.585 [JavaFX Application Thread] DEBUG SystemBundleService  - Saving FXGL system data
16:05:25.588 [JavaFX Application Thread] DEBUG FileSystemAccess     - Writing to: c:\Users\Cent\Desktop\CSS124L-LE\FinalExam\CSS124L-FINAL-PROJECT\system\fxgl.bundle
16:05:25.589 [JavaFX Application Thread] DEBUG Async                - Shutting down background threads
16:05:25.589 [JavaFX Application Thread] DEBUG PrimaryStageWindow   - Closing main window
16:05:25.605 [JavaFX Application Thread] DEBUG Logger               - Closing Logger
