03:26:46.049 [main                     ] DEBUG Logger               - Configured Logger
03:26:46.067 [main                     ] DEBUG GameApplication      - Logging settings
Title: Flatline: Oregon
Version: Beta ?
Width: 800
Height: 600
Fullscreen: false
Intro: false
Profiling: false
Single step:false
App Mode: DEVELOPER
Menu Key: ESCAPE
Stage Style: DECORATED
Scene Factory: class com.groupfour.mygame.App$1

03:26:46.514 [JavaFX Application Thread] DEBUG FXGLApplication      - Initializing FXGL
03:26:46.516 [JavaFX Application Thread] INFO  Engine               - FXGL-dev-SNAPSHOT (28.07.2021 16.39) on WINDOWS (J:11.0.22 FX:16)
03:26:46.517 [JavaFX Application Thread] DEBUG Engine               - JRE Vendor Name: Oracle Corporation
03:26:46.517 [JavaFX Application Thread] DEBUG Engine               - Running on OS: Windows 11 version 10.0
03:26:46.517 [JavaFX Application Thread] DEBUG Engine               - Architecture: amd64
03:26:46.517 [JavaFX Application Thread] INFO  Engine               - Source code and latest versions at: https://github.com/AlmasB/FXGL
03:26:46.518 [JavaFX Application Thread] INFO  Engine               -              Join the FXGL chat at: https://gitter.im/AlmasB/FXGL
03:26:46.586 [JavaFX Application Thread] DEBUG PrimaryStageWindow   - Creating a JavaFX scene
03:26:46.629 [JavaFX Application Thread] DEBUG PrimaryStageWindow   - Target settings size: 800.0 x 600.0
03:26:46.629 [JavaFX Application Thread] DEBUG PrimaryStageWindow   - Scaled scene size:    800.0 x 600.0
03:26:46.629 [JavaFX Application Thread] DEBUG PrimaryStageWindow   - Scaled ratio: (1.0, 1.0)
03:26:46.629 [JavaFX Application Thread] DEBUG PrimaryStageWindow   - Set initial scene to FXGLStartupScene
03:26:46.634 [JavaFX Application Thread] DEBUG PrimaryStageWindow   - Opening main window
03:26:46.709 [JavaFX Application Thread] DEBUG PrimaryStageWindow   - Window border size: (14.4000244140625, 37.5999755859375)
03:26:46.709 [JavaFX Application Thread] DEBUG PrimaryStageWindow   - Scaled size: 800.0 x 600.0
03:26:46.709 [JavaFX Application Thread] DEBUG PrimaryStageWindow   - Scaled ratio: (1.0, 1.0)
03:26:46.709 [JavaFX Application Thread] DEBUG PrimaryStageWindow   - Scene size: 800.0 x 600.0
03:26:46.709 [JavaFX Application Thread] DEBUG PrimaryStageWindow   - Stage size: 814.4000244140625 x 637.5999755859375
03:26:46.715 [FXGL Background Thread 1 ] DEBUG Engine               - Initializing environment variables
03:26:46.759 [FXGL Background Thread 1 ] DEBUG FXGLAssetLoaderServi - User app class for loading assets: class com.groupfour.mygame.App
03:26:46.759 [FXGL Background Thread 1 ] DEBUG GameApplicationServi - Applying CSS: fxgl_dark.css
03:26:46.762 [FXGL Background Thread 1 ] DEBUG FXGLAssetLoaderServi - Loading from file system: jar:file:///C:/Users/acer/.m2/repository/com/github/almasb/fxgl/dev-SNAPSHOT/fxgl-dev-SNAPSHOT.jar!/fxglassets/ui/css/fxgl_dark.css
03:26:46.806 [FXGL Background Thread 1 ] DEBUG GameApplicationServi - Initializing application scenes
03:26:46.838 [FXGL Background Thread 1 ] DEBUG GameWorld            - Game world initialized
03:26:46.882 [FXGL Background Thread 1 ] DEBUG PhysicsWorld         - Physics world initialized: appHeight=600, physics.ppm=50.0
03:26:46.882 [FXGL Background Thread 1 ] DEBUG PhysicsWorld         - Using strategy: BRUTE_FORCE
03:26:46.884 [FXGL Background Thread 1 ] DEBUG GameScene            - Game scene initialized: 800x600
03:26:46.895 [FXGL Background Thread 1 ] DEBUG FXGL.DefaultMenu     - createMenuBodyMainMenu()
03:26:46.912 [FXGL Background Thread 1 ] DEBUG FXGL.DefaultMenu     - createOptionsMenu()
03:26:46.919 [FXGL Background Thread 1 ] DEBUG FXGLAssetLoaderServi - Loading from file system: jar:file:///C:/Users/acer/.m2/repository/com/github/almasb/fxgl/dev-SNAPSHOT/fxgl-dev-SNAPSHOT.jar!/fxglassets/textures/particles/smoke.png
03:26:47.005 [FXGL Background Thread 1 ] DEBUG FXGLAssetLoaderServi - Loading from file system: jar:file:///C:/Users/acer/.m2/repository/com/github/almasb/fxgl/dev-SNAPSHOT/fxgl-dev-SNAPSHOT.jar!/fxglassets/textures/particles/trace_horizontal.png
03:26:47.026 [FXGL Background Thread 1 ] DEBUG FXGLAssetLoaderServi - Loading from file system: file:/C:/Users/acer/OneDrive/Desktop/git%20pull/CSS124L-FINAL-PROJECT/fp/target/classes/assets/ui/fonts/PIXELADE.TTF
03:26:47.382 [FXGL Background Thread 1 ] DEBUG FXGLAssetLoaderServi - Loading from file system: file:/C:/Users/acer/OneDrive/Desktop/git%20pull/CSS124L-FINAL-PROJECT/fp/target/classes/assets/textures/spbtn.png
03:26:47.396 [FXGL Background Thread 1 ] DEBUG FXGLAssetLoaderServi - Loading from file system: file:/C:/Users/acer/OneDrive/Desktop/git%20pull/CSS124L-FINAL-PROJECT/fp/target/classes/assets/textures/mpbtn.png
03:26:47.401 [FXGL Background Thread 1 ] DEBUG FXGLAssetLoaderServi - Loading from file system: file:/C:/Users/acer/OneDrive/Desktop/git%20pull/CSS124L-FINAL-PROJECT/fp/target/classes/assets/textures/return.png
03:26:47.409 [FXGL Background Thread 1 ] DEBUG GameApplicationServi - Application scenes initialized
03:26:47.415 [FXGL Background Thread 1 ] DEBUG SystemBundleService  - Loading FXGL system data
03:26:47.418 [FXGL Background Thread 1 ] DEBUG FileSystemAccess     - Reading from: C:\Users\acer\OneDrive\Desktop\git pull\CSS124L-FINAL-PROJECT\system\fxgl.bundle
03:26:47.423 [FXGL Background Thread 1 ] DEBUG SystemBundleService  - Bundle FXGL: {}
03:26:47.423 [FXGL Background Thread 1 ] DEBUG UpdaterService       - Checking for updates
03:26:47.442 [FXGL Background Thread 4 ] DEBUG FXGLApplication      - Loading fonts
03:26:47.442 [FXGL Background Thread 1 ] DEBUG FXGLApplication      - Loading default localization
03:26:47.443 [FXGL Background Thread 1 ] DEBUG FXGLAssetLoaderServi - Loading from file system: jar:file:///C:/Users/acer/.m2/repository/com/github/almasb/fxgl/dev-SNAPSHOT/fxgl-dev-SNAPSHOT.jar!/fxglassets/languages/english.lang
03:26:47.443 [FXGL Background Thread 4 ] DEBUG FXGLAssetLoaderServi - Loading from file system: jar:file:///C:/Users/acer/.m2/repository/com/github/almasb/fxgl/dev-SNAPSHOT/fxgl-dev-SNAPSHOT.jar!/fxglassets/ui/fonts/VarelaRound-Regular.ttf
03:26:47.450 [FXGL Background Thread 4 ] DEBUG FXGLAssetLoaderServi - Loading from file system: jar:file:///C:/Users/acer/.m2/repository/com/github/almasb/fxgl/dev-SNAPSHOT/fxgl-dev-SNAPSHOT.jar!/fxglassets/ui/fonts/Abel-Regular.ttf
03:26:47.455 [FXGL Background Thread 4 ] DEBUG FXGLAssetLoaderServi - Loading from file system: jar:file:///C:/Users/acer/.m2/repository/com/github/almasb/fxgl/dev-SNAPSHOT/fxgl-dev-SNAPSHOT.jar!/fxglassets/ui/fonts/lucida_console.ttf
03:26:47.457 [FXGL Background Thread 1 ] INFO  FXGLApplication      - FXGL initialization took: 0.742 sec
03:26:47.461 [FXGL Background Thread 4 ] DEBUG FXGLAssetLoaderServi - Loading from file system: jar:file:///C:/Users/acer/.m2/repository/com/github/almasb/fxgl/dev-SNAPSHOT/fxgl-dev-SNAPSHOT.jar!/fxglassets/ui/fonts/Courier-Prime.ttf
03:26:47.467 [JavaFX Application Thread] DEBUG Input                - Registered new binding: Move Upwards - W
03:26:47.467 [JavaFX Application Thread] DEBUG Input                - Registered new binding: Move Down - S
03:26:47.468 [JavaFX Application Thread] DEBUG Input                - Registered new binding: Move Left - A
03:26:47.468 [JavaFX Application Thread] DEBUG Input                - Registered new binding: Move Right - D
03:26:47.468 [JavaFX Application Thread] DEBUG Input                - Registered new binding: Reload - R
03:26:47.469 [JavaFX Application Thread] DEBUG Input                - Registered new binding: Shoot - LMB
03:26:47.469 [JavaFX Application Thread] DEBUG Input                - Registered new binding: Switch Weapons - Q
03:26:47.469 [JavaFX Application Thread] DEBUG Input                - Registered new binding: Interact - F
03:26:47.470 [JavaFX Application Thread] DEBUG FXGLAssetLoaderServi - Loading from file system: file:/C:/Users/acer/OneDrive/Desktop/git%20pull/CSS124L-FINAL-PROJECT/fp/target/classes/assets/music/titleBGM.mp3
03:26:47.591 [JavaFX Application Thread] DEBUG AudioPlayer          - Playing music com.almasb.fxgl.audio.Music@3c4dd494
03:26:47.592 [JavaFX Application Thread] DEBUG FXGLAssetLoaderServi - Loading from file system: jar:file:///C:/Users/acer/.m2/repository/com/github/almasb/fxgl/dev-SNAPSHOT/fxgl-dev-SNAPSHOT.jar!/fxglassets/textures/fxgl_icon.png
03:26:47.605 [JavaFX Application Thread] DEBUG FXGLAssetLoaderServi - Loading from file system: jar:file:///C:/Users/acer/.m2/repository/com/github/almasb/fxgl/dev-SNAPSHOT/fxgl-dev-SNAPSHOT.jar!/fxglassets/textures/fxgl_default_cursor.png
03:26:47.608 [JavaFX Application Thread] DEBUG Input                - Registered new binding: Screenshot - CTRL+8
03:26:47.609 [JavaFX Application Thread] DEBUG Input                - Registered new binding: Dev Options - 1
03:26:47.609 [JavaFX Application Thread] DEBUG Input                - Registered new binding: Dev Console - 2
03:26:47.610 [JavaFX Application Thread] DEBUG Input                - Registered new binding: System info dump - CTRL+9
03:26:47.610 [JavaFX Application Thread] DEBUG Input                - Registered new binding: Restart - CTRL+R
03:26:47.610 [JavaFX Application Thread] DEBUG Input                - Registered new binding: Toggle Debug Camera - CTRL+C
03:26:47.612 [JavaFX Application Thread] DEBUG LoopRunner           - Starting loop
03:26:47.631 [JavaFX Application Thread] DEBUG LoopRunner           - Initializing JavaFX AnimationTimerLoop
03:26:47.632 [JavaFX Application Thread] DEBUG Input                - Clearing active input actions
03:26:47.638 [JavaFX Application Thread] DEBUG GameApplicationServi - Removing overlay from FXGLStartupScene and adding to FXGLMainMenuDummyScene
03:26:47.640 [JavaFX Application Thread] DEBUG PrimaryStageWindow   - FXGLStartupScene -> FXGLMainMenuDummyScene
03:26:47.640 [JavaFX Application Thread] DEBUG PrimaryStageWindow   - Push state: FXGLDefaultMenu
03:26:47.643 [JavaFX Application Thread] DEBUG Input                - Clearing active input actions
03:26:47.647 [JavaFX Application Thread] DEBUG GameApplicationServi - Removing overlay from FXGLMainMenuDummyScene and adding to FXGLDefaultMenu
03:26:47.647 [JavaFX Application Thread] DEBUG PrimaryStageWindow   - FXGLMainMenuDummyScene -> FXGLDefaultMenu
03:26:47.649 [JavaFX Application Thread] DEBUG FXGLApplication      - Registering font factories with UI factory
03:26:47.802 [FXGL Background Thread 2 ] INFO  UpdaterService       - Your current version:  dev-SNAPSHOT
03:26:47.802 [FXGL Background Thread 2 ] INFO  UpdaterService       - Latest stable version: 21.1
03:26:50.162 [JavaFX Application Thread] DEBUG Menu                 - fireNewGame()
03:26:50.162 [JavaFX Application Thread] DEBUG GameApplicationServi - Starting new game
03:26:50.163 [JavaFX Application Thread] DEBUG PrimaryStageWindow   - Pop state: FXGLDefaultMenu
03:26:50.163 [JavaFX Application Thread] DEBUG Input                - Clearing active input actions
03:26:50.164 [JavaFX Application Thread] DEBUG GameApplicationServi - Removing overlay from FXGLDefaultMenu and adding to FXGLMainMenuDummyScene
03:26:50.171 [JavaFX Application Thread] DEBUG PrimaryStageWindow   - FXGLMainMenuDummyScene <- FXGLDefaultMenu
03:26:50.171 [JavaFX Application Thread] DEBUG Input                - Clearing active input actions
03:26:50.174 [JavaFX Application Thread] DEBUG GameApplicationServi - Removing overlay from FXGLMainMenuDummyScene and adding to FXGLLoadingScene
03:26:50.175 [JavaFX Application Thread] DEBUG PrimaryStageWindow   - FXGLMainMenuDummyScene -> FXGLLoadingScene
03:26:50.175 [JavaFX Application Thread] DEBUG GameApplicationServi - Clearing previous game
03:26:50.175 [JavaFX Application Thread] DEBUG GameScene            - Clearing game scene
03:26:50.175 [JavaFX Application Thread] DEBUG GameWorld            - Clearing game world
03:26:50.175 [JavaFX Application Thread] DEBUG PhysicsWorld         - Clearing physics world
03:26:50.175 [FXGL Background Thread 2 ] DEBUG FXGLApplication      - Initializing game
03:26:50.211 [FXGL Background Thread 2 ] WARN  TMXLevelLoader       - TiledMap generated from 1.11.0. Supported version: 1.2.3. Some features may not be parsed fully.
03:26:50.218 [FXGL Background Thread 2 ] DEBUG TMXLevelLoader       - Parsed TiledMap: file:/C:/Users/acer/OneDrive/Desktop/git%20pull/CSS124L-FINAL-PROJECT/fp/target/classes/assets/levels/Lobby.tmx
03:26:50.220 [FXGL Background Thread 2 ] DEBUG TMXLevelLoader       - Creating tile layer entities
03:26:50.220 [FXGL Background Thread 2 ] DEBUG TilesetLoader        - Loading view for layer Tile Layer 1
03:26:50.223 [FXGL Background Thread 2 ] DEBUG TilesetLoader        - Created buffer with size 1280.0x768.0
03:26:50.230 [FXGL Background Thread 2 ] DEBUG TMXLevelLoader       - Creating object layer entities
03:26:50.244 [FXGL Background Thread 2 ] DEBUG GameWorld            - Clearing removable entities
03:26:50.245 [FXGL Background Thread 2 ] DEBUG GameWorld            - Setting level: com.almasb.fxgl.entity.level.Level@248a1fda
03:26:50.257 [FXGL Background Thread 2 ] INFO  FXGLApplication      - Game initialization took: 0.082 sec
03:26:50.259 [JavaFX Application Thread] DEBUG Input                - Clearing active input actions
03:26:50.267 [JavaFX Application Thread] DEBUG GameApplicationServi - Removing overlay from FXGLLoadingScene and adding to GameScene
03:26:50.270 [JavaFX Application Thread] DEBUG PrimaryStageWindow   - FXGLLoadingScene -> GameScene
03:26:50.271 [JavaFX Application Thread] DEBUG FXGLAssetLoaderServi - Loading from file system: file:/C:/Users/acer/OneDrive/Desktop/git%20pull/CSS124L-FINAL-PROJECT/fp/target/classes/assets/textures/Interactables/microwave_close.png
03:26:50.273 [JavaFX Application Thread] DEBUG PrimaryStageWindow   - Push state: PCM_BG
03:26:50.273 [JavaFX Application Thread] DEBUG Input                - Clearing active input actions
03:26:50.274 [JavaFX Application Thread] DEBUG GameApplicationServi - Removing overlay from GameScene and adding to PCM_BG
03:26:50.274 [JavaFX Application Thread] DEBUG PrimaryStageWindow   - GameScene -> PCM_BG
03:26:50.283 [JavaFX Application Thread] DEBUG PrimaryStageWindow   - Push state: PlayerCountMenu
03:26:50.283 [JavaFX Application Thread] DEBUG Input                - Clearing active input actions
03:26:50.283 [JavaFX Application Thread] DEBUG GameApplicationServi - Removing overlay from PCM_BG and adding to PlayerCountMenu
03:26:50.286 [JavaFX Application Thread] DEBUG PrimaryStageWindow   - PCM_BG -> PlayerCountMenu
03:26:50.442 [FXGL Background Thread 3 ] DEBUG Engine               - Logging environment variables
03:26:50.442 [FXGL Background Thread 3 ] DEBUG Engine               - achievements: []
03:26:50.443 [FXGL Background Thread 3 ] DEBUG Engine               - actualHeight: 600.0
03:26:50.443 [FXGL Background Thread 3 ] DEBUG Engine               - actualHeightProperty: ReadOnlyDoubleProperty [value: 600.0]
03:26:50.443 [FXGL Background Thread 3 ] DEBUG Engine               - actualWidth: 800.0
03:26:50.443 [FXGL Background Thread 3 ] DEBUG Engine               - actualWidthProperty: ReadOnlyDoubleProperty [value: 800.0]
03:26:50.443 [FXGL Background Thread 3 ] DEBUG Engine               - appIcon: fxgl_icon.png
03:26:50.443 [FXGL Background Thread 3 ] DEBUG Engine               - applicationMode: DEVELOPER
03:26:50.443 [FXGL Background Thread 3 ] DEBUG Engine               - cSSList: [fxgl_dark.css]
03:26:50.443 [FXGL Background Thread 3 ] DEBUG Engine               - collisionDetectionStrategy: BRUTE_FORCE
03:26:50.443 [FXGL Background Thread 3 ] DEBUG Engine               - configClass: Optional.empty
03:26:50.443 [FXGL Background Thread 3 ] DEBUG Engine               - credits: []
03:26:50.445 [FXGL Background Thread 3 ] DEBUG Engine               - defaultCursor: CursorInfo(imageName=fxgl_default_cursor.png, hotspotX=7.0, hotspotY=6.0)
03:26:50.445 [FXGL Background Thread 3 ] DEBUG Engine               - devBBoxColorProperty: ObjectProperty [value: 0xff0000ff]
03:26:50.445 [FXGL Background Thread 3 ] DEBUG Engine               - devEnableDebugCameraProperty: BooleanProperty [value: false]
03:26:50.445 [FXGL Background Thread 3 ] DEBUG Engine               - devSensorColorProperty: ObjectProperty [value: 0xffff00ff]
03:26:50.445 [FXGL Background Thread 3 ] DEBUG Engine               - devShowBBoxProperty: BooleanProperty [value: false]
03:26:50.446 [FXGL Background Thread 3 ] DEBUG Engine               - devShowPositionProperty: BooleanProperty [value: false]
03:26:50.446 [FXGL Background Thread 3 ] DEBUG Engine               - enabledMenuItems: []
03:26:50.446 [FXGL Background Thread 3 ] DEBUG Engine               - engineServices: [class com.almasb.fxgl.app.services.FXGLAssetLoaderService, class com.almasb.fxgl.app.FXGLApplication$GameApplicationService, class com.almasb.fxgl.app.services.FXGLDialogService, class com.almasb.fxgl.app.services.IOTaskExecutorService, class com.almasb.fxgl.io.FileSystemService, class com.almasb.fxgl.localization.LocalizationService, class com.almasb.fxgl.app.services.SystemBundleService, class com.almasb.fxgl.profile.SaveLoadService, class com.almasb.fxgl.ui.FXGLUIFactoryServiceProvider, class com.almasb.fxgl.ui.FXGLDialogFactoryServiceProvider, class com.almasb.fxgl.audio.AudioPlayer, class com.almasb.fxgl.notification.impl.NotificationServiceProvider, class com.almasb.fxgl.achievement.AchievementService, class com.almasb.fxgl.cutscene.CutsceneService, class com.almasb.fxgl.minigames.MiniGameService, class com.almasb.fxgl.net.NetService, class com.almasb.fxgl.app.services.UpdaterService, class com.almasb.fxgl.dev.DevService, class com.almasb.fxgl.multiplayer.MultiplayerService]
03:26:50.446 [FXGL Background Thread 3 ] DEBUG Engine               - fontGame: Abel-Regular.ttf
03:26:50.446 [FXGL Background Thread 3 ] DEBUG Engine               - fontMono: lucida_console.ttf
03:26:50.446 [FXGL Background Thread 3 ] DEBUG Engine               - fontText: Courier-Prime.ttf
03:26:50.446 [FXGL Background Thread 3 ] DEBUG Engine               - fontUI: VarelaRound-Regular.ttf
03:26:50.446 [FXGL Background Thread 3 ] DEBUG Engine               - fullScreen: BooleanProperty [value: false]
03:26:50.446 [FXGL Background Thread 3 ] DEBUG Engine               - gameDifficulty: MEDIUM
03:26:50.446 [FXGL Background Thread 3 ] DEBUG Engine               - gameDifficultyProperty: ObjectProperty [value: MEDIUM]
03:26:50.446 [FXGL Background Thread 3 ] DEBUG Engine               - globalMusicVolume: 0.5
03:26:50.446 [FXGL Background Thread 3 ] DEBUG Engine               - globalMusicVolumeProperty: DoubleProperty [value: 0.5]
03:26:50.446 [FXGL Background Thread 3 ] DEBUG Engine               - globalSoundVolume: 0.5
03:26:50.446 [FXGL Background Thread 3 ] DEBUG Engine               - globalSoundVolumeProperty: DoubleProperty [value: 0.5]
03:26:50.446 [FXGL Background Thread 3 ] DEBUG Engine               - height: 600
03:26:50.446 [FXGL Background Thread 3 ] DEBUG Engine               - is3D: false
03:26:50.446 [FXGL Background Thread 3 ] DEBUG Engine               - isAndroid: false
03:26:50.446 [FXGL Background Thread 3 ] DEBUG Engine               - isBrowser: false
03:26:50.446 [FXGL Background Thread 3 ] DEBUG Engine               - isClickFeedbackEnabled: false
03:26:50.446 [FXGL Background Thread 3 ] DEBUG Engine               - isCloseConfirmation: false
03:26:50.447 [FXGL Background Thread 3 ] DEBUG Engine               - isDesktop: true
03:26:50.447 [FXGL Background Thread 3 ] DEBUG Engine               - isDeveloperMenuEnabled: true
03:26:50.447 [FXGL Background Thread 3 ] DEBUG Engine               - isEmbedded: false
03:26:50.447 [FXGL Background Thread 3 ] DEBUG Engine               - isEntityPreloadEnabled: true
03:26:50.447 [FXGL Background Thread 3 ] DEBUG Engine               - isExperimentalTiledLargeMap: false
03:26:50.447 [FXGL Background Thread 3 ] DEBUG Engine               - isFileSystemWriteAllowed: true
03:26:50.447 [FXGL Background Thread 3 ] DEBUG Engine               - isFullScreenAllowed: false
03:26:50.447 [FXGL Background Thread 3 ] DEBUG Engine               - isFullScreenFromStart: false
03:26:50.447 [FXGL Background Thread 3 ] DEBUG Engine               - isGameMenuEnabled: true
03:26:50.447 [FXGL Background Thread 3 ] DEBUG Engine               - isIOS: false
03:26:50.447 [FXGL Background Thread 3 ] DEBUG Engine               - isIntroEnabled: false
03:26:50.447 [FXGL Background Thread 3 ] DEBUG Engine               - isLinux: false
03:26:50.447 [FXGL Background Thread 3 ] DEBUG Engine               - isMac: false
03:26:50.447 [FXGL Background Thread 3 ] DEBUG Engine               - isMainMenuEnabled: true
03:26:50.447 [FXGL Background Thread 3 ] DEBUG Engine               - isManualResizeEnabled: false
03:26:50.447 [FXGL Background Thread 3 ] DEBUG Engine               - isMobile: false
03:26:50.447 [FXGL Background Thread 3 ] DEBUG Engine               - isNative: false
03:26:50.448 [FXGL Background Thread 3 ] DEBUG Engine               - isPauseMusicWhenMinimized: true
03:26:50.448 [FXGL Background Thread 3 ] DEBUG Engine               - isPreserveResizeRatio: false
03:26:50.448 [FXGL Background Thread 3 ] DEBUG Engine               - isProfilingEnabled: false
03:26:50.448 [FXGL Background Thread 3 ] DEBUG Engine               - isScaleAffectedOnResize: true
03:26:50.448 [FXGL Background Thread 3 ] DEBUG Engine               - isSingleStep: false
03:26:50.448 [FXGL Background Thread 3 ] DEBUG Engine               - isUserProfileEnabled: false
03:26:50.448 [FXGL Background Thread 3 ] DEBUG Engine               - isWindows: true
03:26:50.448 [FXGL Background Thread 3 ] DEBUG Engine               - language: ObjectProperty [value: ENGLISH]
03:26:50.448 [FXGL Background Thread 3 ] DEBUG Engine               - menuKey: ESCAPE
03:26:50.448 [FXGL Background Thread 3 ] DEBUG Engine               - mouseSensitivity: 0.2
03:26:50.448 [FXGL Background Thread 3 ] DEBUG Engine               - notificationViewClass: class com.almasb.fxgl.notification.view.XboxNotificationView
03:26:50.448 [FXGL Background Thread 3 ] DEBUG Engine               - pixelsPerMeter: 50.0
03:26:50.448 [FXGL Background Thread 3 ] DEBUG Engine               - platform: WINDOWS
03:26:50.448 [FXGL Background Thread 3 ] DEBUG Engine               - prefHeightProperty: ReadOnlyDoubleProperty [value: 600.0]
03:26:50.448 [FXGL Background Thread 3 ] DEBUG Engine               - prefWidthProperty: ReadOnlyDoubleProperty [value: 800.0]
03:26:50.448 [FXGL Background Thread 3 ] DEBUG Engine               - profileDir: profiles/
03:26:50.448 [FXGL Background Thread 3 ] DEBUG Engine               - profileName: StringProperty [value: DEFAULT]
03:26:50.449 [FXGL Background Thread 3 ] DEBUG Engine               - randomSeed: -1
03:26:50.449 [FXGL Background Thread 3 ] DEBUG Engine               - runtimeInfo: RuntimeInfo(platform=WINDOWS, version=dev-SNAPSHOT, build=28.07.2021 16.39)
03:26:50.449 [FXGL Background Thread 3 ] DEBUG Engine               - saveFileExt: sav
03:26:50.449 [FXGL Background Thread 3 ] DEBUG Engine               - scaledHeightProp$fxgl: DoubleProperty [bound, value: 600.0]
03:26:50.449 [FXGL Background Thread 3 ] DEBUG Engine               - scaledWidthProp$fxgl: DoubleProperty [bound, value: 800.0]
03:26:50.449 [FXGL Background Thread 3 ] DEBUG Engine               - sceneFactory: com.groupfour.mygame.App$1@56e48ab4
03:26:50.449 [FXGL Background Thread 3 ] DEBUG Engine               - secondsIn24h: 60
03:26:50.450 [FXGL Background Thread 3 ] DEBUG Engine               - soundMenuBack: menu/back.wav
03:26:50.450 [FXGL Background Thread 3 ] DEBUG Engine               - soundMenuPress: titleSelect.mp3
03:26:50.450 [FXGL Background Thread 3 ] DEBUG Engine               - soundMenuSelect: menu/select.wav
03:26:50.450 [FXGL Background Thread 3 ] DEBUG Engine               - soundNotification: core/notification.wav
03:26:50.450 [FXGL Background Thread 3 ] DEBUG Engine               - stageStyle: DECORATED
03:26:50.450 [FXGL Background Thread 3 ] DEBUG Engine               - supportedLanguages: [ENGLISH, FRENCH, GERMAN, HUNGARIAN, RUSSIAN]
03:26:50.450 [FXGL Background Thread 3 ] DEBUG Engine               - ticksPerSecond: -1
03:26:50.450 [FXGL Background Thread 3 ] DEBUG Engine               - title: Flatline: Oregon
03:26:50.450 [FXGL Background Thread 3 ] DEBUG Engine               - urlGithub: https://github.com/AlmasB/FXGL
03:26:50.450 [FXGL Background Thread 3 ] DEBUG Engine               - urlLeaderboard: http://fxgl-top.herokuapp.com/
03:26:50.450 [FXGL Background Thread 3 ] DEBUG Engine               - urlPOM: https://raw.githubusercontent.com/AlmasB/FXGL/release/README.md
03:26:50.450 [FXGL Background Thread 3 ] DEBUG Engine               - userAppClass: class com.groupfour.mygame.App
03:26:50.450 [FXGL Background Thread 3 ] DEBUG Engine               - version: Beta ?
03:26:50.450 [FXGL Background Thread 3 ] DEBUG Engine               - versionCheckDays: 7
03:26:50.450 [FXGL Background Thread 3 ] DEBUG Engine               - width: 800
03:26:50.450 [FXGL Background Thread 3 ] DEBUG Engine               - Logging services
03:26:50.451 [FXGL Background Thread 3 ] DEBUG Engine               - class com.almasb.fxgl.app.services.FXGLAssetLoaderService
03:26:50.451 [FXGL Background Thread 3 ] DEBUG Engine               - class com.almasb.fxgl.app.FXGLApplication$GameApplicationService
03:26:50.451 [FXGL Background Thread 3 ] DEBUG Engine               - class com.almasb.fxgl.app.services.FXGLDialogService
03:26:50.451 [FXGL Background Thread 3 ] DEBUG Engine               - class com.almasb.fxgl.app.services.IOTaskExecutorService
03:26:50.451 [FXGL Background Thread 3 ] DEBUG Engine               - class com.almasb.fxgl.io.FileSystemService
03:26:50.451 [FXGL Background Thread 3 ] DEBUG Engine               - class com.almasb.fxgl.localization.LocalizationService
03:26:50.451 [FXGL Background Thread 3 ] DEBUG Engine               - class com.almasb.fxgl.app.services.SystemBundleService
03:26:50.451 [FXGL Background Thread 3 ] DEBUG Engine               - class com.almasb.fxgl.profile.SaveLoadService
03:26:50.451 [FXGL Background Thread 3 ] DEBUG Engine               - class com.almasb.fxgl.ui.FXGLUIFactoryServiceProvider
03:26:50.451 [FXGL Background Thread 3 ] DEBUG Engine               - class com.almasb.fxgl.ui.FXGLDialogFactoryServiceProvider
03:26:50.451 [FXGL Background Thread 3 ] DEBUG Engine               - class com.almasb.fxgl.audio.AudioPlayer
03:26:50.451 [FXGL Background Thread 3 ] DEBUG Engine               - class com.almasb.fxgl.notification.impl.NotificationServiceProvider
03:26:50.451 [FXGL Background Thread 3 ] DEBUG Engine               - class com.almasb.fxgl.achievement.AchievementService
03:26:50.451 [FXGL Background Thread 3 ] DEBUG Engine               - class com.almasb.fxgl.cutscene.CutsceneService
03:26:50.451 [FXGL Background Thread 3 ] DEBUG Engine               - class com.almasb.fxgl.minigames.MiniGameService
03:26:50.451 [FXGL Background Thread 3 ] DEBUG Engine               - class com.almasb.fxgl.net.NetService
03:26:50.451 [FXGL Background Thread 3 ] DEBUG Engine               - class com.almasb.fxgl.app.services.UpdaterService
03:26:50.452 [FXGL Background Thread 3 ] DEBUG Engine               - class com.almasb.fxgl.dev.DevService
03:26:50.452 [FXGL Background Thread 3 ] DEBUG Engine               - class com.almasb.fxgl.multiplayer.MultiplayerService
03:26:51.248 [JavaFX Application Thread] DEBUG PrimaryStageWindow   - Push state: DialogSubScene
03:26:51.248 [JavaFX Application Thread] DEBUG Input                - Clearing active input actions
03:26:51.248 [JavaFX Application Thread] DEBUG GameApplicationServi - Removing overlay from PlayerCountMenu and adding to DialogSubScene
03:26:51.249 [JavaFX Application Thread] DEBUG PrimaryStageWindow   - PlayerCountMenu -> DialogSubScene
03:26:51.527 [JavaFX Application Thread] DEBUG PrimaryStageWindow   - Pop state: DialogSubScene
03:26:51.527 [JavaFX Application Thread] DEBUG Input                - Clearing active input actions
03:26:51.527 [JavaFX Application Thread] DEBUG GameApplicationServi - Removing overlay from DialogSubScene and adding to PlayerCountMenu
03:26:51.528 [JavaFX Application Thread] DEBUG PrimaryStageWindow   - PlayerCountMenu <- DialogSubScene
03:26:51.529 [JavaFX Application Thread] DEBUG PrimaryStageWindow   - Push state: DialogSubScene
03:26:51.529 [JavaFX Application Thread] DEBUG Input                - Clearing active input actions
03:26:51.529 [JavaFX Application Thread] DEBUG GameApplicationServi - Removing overlay from PlayerCountMenu and adding to DialogSubScene
03:26:51.529 [JavaFX Application Thread] DEBUG PrimaryStageWindow   - PlayerCountMenu -> DialogSubScene
03:26:51.766 [JavaFX Application Thread] DEBUG PrimaryStageWindow   - Pop state: DialogSubScene
03:26:51.767 [JavaFX Application Thread] DEBUG Input                - Clearing active input actions
03:26:51.767 [JavaFX Application Thread] DEBUG GameApplicationServi - Removing overlay from DialogSubScene and adding to PlayerCountMenu
03:26:51.768 [JavaFX Application Thread] DEBUG PrimaryStageWindow   - PlayerCountMenu <- DialogSubScene
03:26:51.776 [ClientAsyncConnThread    ] DEBUG TCPClient            - Connecting to localhost:55555 type: class com.almasb.fxgl.core.serialization.Bundle
03:26:51.781 [ClientAsyncConnThread    ] DEBUG TCPClient            - Created socket to localhost:55555
03:26:51.787 [ClientAsyncConnThread    ] DEBUG Endpoint             - TCPClient opening new connection (1) from localhost/127.0.0.1:55555 type: class com.almasb.fxgl.core.serialization.Bundle
03:26:51.792 [ClientAsyncConnThread    ] DEBUG Endpoint             - TCPClient successfully opened connection (1)
03:26:51.796 [TCPClient_SendThread-1   ] DEBUG Writers              - Getting TCPMessageWriter for class com.almasb.fxgl.core.serialization.Bundle
03:26:51.797 [TCPClient_SendThread-1   ] DEBUG Writers              - Constructed TCPMessageWriter for class com.almasb.fxgl.core.serialization.Bundle: BundleTCPMessageWriter
03:26:51.798 [TCPClient_RecvThread-1   ] DEBUG Readers              - Getting TCPMessageReader for class com.almasb.fxgl.core.serialization.Bundle
03:26:51.798 [TCPClient_RecvThread-1   ] DEBUG Readers              - Constructed MessageReader for class com.almasb.fxgl.core.serialization.Bundle: BundleTCPMessageReader
03:26:51.802 [JavaFX Application Thread] DEBUG FXGLAssetLoaderServi - Loading from file system: file:/C:/Users/acer/OneDrive/Desktop/git%20pull/CSS124L-FINAL-PROJECT/fp/target/classes/assets/sounds/Reload.mp3
03:26:51.807 [JavaFX Application Thread] DEBUG FXGLAssetLoaderServi - Loading from file system: file:/C:/Users/acer/OneDrive/Desktop/git%20pull/CSS124L-FINAL-PROJECT/fp/target/classes/assets/sounds/BerettaM9_Shoot.mp3
03:26:51.813 [JavaFX Application Thread] DEBUG FXGLAssetLoaderServi - Loading from file system: file:/C:/Users/acer/OneDrive/Desktop/git%20pull/CSS124L-FINAL-PROJECT/fp/target/classes/assets/textures/Weapons/Idle/BerettaM9_Idle.png
03:26:51.813 [JavaFX Application Thread] DEBUG FXGLAssetLoaderServi - Loading from file system: file:/C:/Users/acer/OneDrive/Desktop/git%20pull/CSS124L-FINAL-PROJECT/fp/target/classes/assets/textures/Weapons/Shooting/BerettaM9_Shooting.png
03:26:51.816 [JavaFX Application Thread] DEBUG FXGLAssetLoaderServi - Loading from file system: file:/C:/Users/acer/OneDrive/Desktop/git%20pull/CSS124L-FINAL-PROJECT/fp/target/classes/assets/textures/Players/1P_Shoot.png
03:26:51.818 [JavaFX Application Thread] DEBUG Input                - Registered new binding: Move Upwards - W
03:26:51.819 [JavaFX Application Thread] DEBUG Input                - Registered new binding: Move Down - S
03:26:51.819 [JavaFX Application Thread] DEBUG Input                - Registered new binding: Move Left - A
03:26:51.819 [JavaFX Application Thread] DEBUG Input                - Registered new binding: Move Right - D
03:26:51.819 [JavaFX Application Thread] DEBUG Input                - Registered new binding: Reload - R
03:26:51.819 [JavaFX Application Thread] DEBUG Input                - Registered new binding: Shoot - LMB
03:26:51.819 [JavaFX Application Thread] DEBUG Input                - Registered new binding: Switch Weapons - Q
03:26:51.822 [JavaFX Application Thread] DEBUG FXGLAssetLoaderServi - Loading from file system: file:/C:/Users/acer/OneDrive/Desktop/git%20pull/CSS124L-FINAL-PROJECT/fp/target/classes/assets/textures/Interactables/vending_machine.png
03:26:51.829 [JavaFX Application Thread] DEBUG Input                - Registered new binding: Move Upwards - W
03:26:51.829 [JavaFX Application Thread] DEBUG Input                - Registered new binding: Move Down - S
03:26:51.829 [JavaFX Application Thread] DEBUG Input                - Registered new binding: Move Left - A
03:26:51.829 [JavaFX Application Thread] DEBUG Input                - Registered new binding: Move Right - D
03:26:51.829 [JavaFX Application Thread] DEBUG Input                - Registered new binding: Reload - R
03:26:51.829 [JavaFX Application Thread] DEBUG Input                - Registered new binding: Shoot - LMB
03:26:51.830 [JavaFX Application Thread] DEBUG Input                - Registered new binding: Switch Weapons - Q
03:26:51.831 [JavaFX Application Thread] DEBUG PrimaryStageWindow   - Pop state: PlayerCountMenu
03:26:51.831 [JavaFX Application Thread] DEBUG Input                - Clearing active input actions
03:26:51.831 [JavaFX Application Thread] DEBUG GameApplicationServi - Removing overlay from PlayerCountMenu and adding to PCM_BG
03:26:51.831 [JavaFX Application Thread] DEBUG PrimaryStageWindow   - PCM_BG <- PlayerCountMenu
03:26:51.832 [JavaFX Application Thread] DEBUG PrimaryStageWindow   - Pop state: PCM_BG
03:26:51.832 [JavaFX Application Thread] DEBUG Input                - Clearing active input actions
03:26:51.832 [JavaFX Application Thread] DEBUG GameApplicationServi - Removing overlay from PCM_BG and adding to GameScene
03:26:51.832 [JavaFX Application Thread] DEBUG PrimaryStageWindow   - GameScene <- PCM_BG
03:26:54.234 [JavaFX Application Thread] DEBUG Input                - Mocking button press: LMB at 0.0, 0.0
03:26:54.241 [JavaFX Application Thread] DEBUG Input                - Mocking button press: LMB at 113.36121647816361, 283.4302814177814
03:26:54.320 [JavaFX Application Thread] DEBUG Input                - Mocking button release: LMB at 0.0, 0.0
03:26:54.320 [JavaFX Application Thread] DEBUG Input                - Mocking button release: LMB at 113.36121647816361, 283.4302814177814
03:26:54.348 [JavaFX Application Thread] DEBUG Input                - Mocking key press: A
03:26:54.349 [JavaFX Application Thread] DEBUG Input                - Mocking key press: A
03:26:54.473 [JavaFX Application Thread] DEBUG Input                - Mocking key press: W
03:26:54.473 [JavaFX Application Thread] DEBUG Input                - Mocking key press: W
03:26:54.771 [JavaFX Application Thread] DEBUG Input                - Mocking key release: W
03:26:54.772 [JavaFX Application Thread] DEBUG Input                - Mocking key release: W
03:26:54.998 [JavaFX Application Thread] DEBUG Input                - Mocking key press: S
03:26:54.998 [JavaFX Application Thread] DEBUG Input                - Mocking key press: S
03:26:55.033 [JavaFX Application Thread] DEBUG Input                - Mocking key release: A
03:26:55.033 [JavaFX Application Thread] DEBUG Input                - Mocking key release: A
03:26:55.326 [JavaFX Application Thread] DEBUG Input                - Mocking key press: D
03:26:55.326 [JavaFX Application Thread] DEBUG Input                - Mocking key press: D
03:26:55.686 [JavaFX Application Thread] DEBUG Input                - Mocking key release: S
03:26:55.686 [JavaFX Application Thread] DEBUG Input                - Mocking key release: S
03:26:55.758 [JavaFX Application Thread] DEBUG Input                - Mocking key release: D
03:26:55.759 [JavaFX Application Thread] DEBUG Input                - Mocking key release: D
03:26:56.471 [JavaFX Application Thread] DEBUG Input                - Mocking key press: W
03:26:56.471 [JavaFX Application Thread] DEBUG Input                - Mocking key press: W
03:26:57.560 [JavaFX Application Thread] DEBUG Input                - Mocking key press: D
03:26:57.560 [JavaFX Application Thread] DEBUG Input                - Mocking key press: D
03:26:57.589 [JavaFX Application Thread] DEBUG Input                - Mocking key release: W
03:26:57.589 [JavaFX Application Thread] DEBUG Input                - Mocking key release: W
03:26:58.214 [JavaFX Application Thread] DEBUG Input                - Mocking key press: S
03:26:58.214 [JavaFX Application Thread] DEBUG Input                - Mocking key press: S
03:26:58.290 [JavaFX Application Thread] DEBUG Input                - Mocking key release: D
03:26:58.290 [JavaFX Application Thread] DEBUG Input                - Mocking key release: D
03:26:59.320 [JavaFX Application Thread] DEBUG Input                - Mocking key press: A
03:26:59.321 [JavaFX Application Thread] DEBUG Input                - Mocking key press: A
03:26:59.348 [JavaFX Application Thread] DEBUG Input                - Mocking key release: S
03:26:59.349 [JavaFX Application Thread] DEBUG Input                - Mocking key release: S
03:27:00.369 [JavaFX Application Thread] DEBUG Input                - Mocking key press: W
03:27:00.369 [JavaFX Application Thread] DEBUG Input                - Mocking key press: W
03:27:00.374 [JavaFX Application Thread] DEBUG Input                - Mocking key release: A
03:27:00.374 [JavaFX Application Thread] DEBUG Input                - Mocking key release: A
03:27:00.738 [JavaFX Application Thread] DEBUG Input                - Mocking key press: D
03:27:00.738 [JavaFX Application Thread] DEBUG Input                - Mocking key press: D
03:27:01.531 [JavaFX Application Thread] DEBUG Input                - Mocking key release: W
03:27:01.531 [JavaFX Application Thread] DEBUG Input                - Mocking key release: W
03:27:02.308 [JavaFX Application Thread] DEBUG Input                - Mocking key press: S
03:27:02.308 [JavaFX Application Thread] DEBUG Input                - Mocking key press: S
03:27:02.606 [JavaFX Application Thread] DEBUG Input                - Mocking key release: D
03:27:02.606 [JavaFX Application Thread] DEBUG Input                - Mocking key release: D
03:27:02.676 [JavaFX Application Thread] DEBUG Input                - Mocking key press: A
03:27:02.676 [JavaFX Application Thread] DEBUG Input                - Mocking key press: A
03:27:03.027 [JavaFX Application Thread] DEBUG Input                - Mocking key release: S
03:27:03.027 [JavaFX Application Thread] DEBUG Input                - Mocking key release: S
03:27:03.061 [JavaFX Application Thread] DEBUG Input                - Mocking key release: A
03:27:03.061 [JavaFX Application Thread] DEBUG Input                - Mocking key release: A
03:27:04.238 [TCPClient_RecvThread-1   ] DEBUG Endpoint             - Connection 1 was unexpectedly disconnected: Connection reset
03:27:04.238 [TCPClient_RecvThread-1   ] DEBUG Connection           - Closing connection 1
03:27:04.240 [TCPClient_RecvThread-1   ] DEBUG Connection           - Connection 1 was correctly closed from local endpoint.
03:27:04.240 [TCPClient_RecvThread-1   ] DEBUG Endpoint             - TCPClient connection (1) was closed
03:27:04.240 [TCPClient_SendThread-1   ] WARN  Endpoint             - TCPClient_SendThread-1 crashed
java.net.SocketException: Socket closed
	at java.base/java.net.SocketOutputStream.socketWrite(SocketOutputStream.java:113)
	at java.base/java.net.SocketOutputStream.write(SocketOutputStream.java:150)
	at java.base/java.io.ObjectOutputStream$BlockDataOutputStream.drain(ObjectOutputStream.java:1883)
	at java.base/java.io.ObjectOutputStream$BlockDataOutputStream.setBlockDataMode(ObjectOutputStream.java:1792)
	at java.base/java.io.ObjectOutputStream.writeNonProxyDesc(ObjectOutputStream.java:1287)
	at java.base/java.io.ObjectOutputStream.writeClassDesc(ObjectOutputStream.java:1232)
	at java.base/java.io.ObjectOutputStream.writeOrdinaryObject(ObjectOutputStream.java:1428)
	at java.base/java.io.ObjectOutputStream.writeObject0(ObjectOutputStream.java:1179)
	at java.base/java.io.ObjectOutputStream.writeFatalException(ObjectOutputStream.java:1583)
	at java.base/java.io.ObjectOutputStream.writeObject(ObjectOutputStream.java:352)
	at com.almasb.fxgl.io/com.almasb.fxgl.net.BundleTCPMessageWriter.write(Writers.kt:98)
	at com.almasb.fxgl.io/com.almasb.fxgl.net.BundleTCPMessageWriter.write(Writers.kt:93)
	at com.almasb.fxgl.io/com.almasb.fxgl.net.Endpoint.lambda$openTCPConnection$2(Endpoint.java:80)
	at java.base/java.lang.Thread.run(Thread.java:834)

03:27:05.113 [JavaFX Application Thread] DEBUG FXGLApplication      - Exiting FXGL
03:27:05.113 [JavaFX Application Thread] DEBUG LoopRunner           - Stopping loop
03:27:05.113 [JavaFX Application Thread] DEBUG SystemBundleService  - Saving FXGL system data
03:27:05.114 [JavaFX Application Thread] DEBUG FileSystemAccess     - Writing to: C:\Users\acer\OneDrive\Desktop\git pull\CSS124L-FINAL-PROJECT\system\fxgl.bundle
03:27:05.115 [JavaFX Application Thread] DEBUG Async                - Shutting down background threads
03:27:05.115 [JavaFX Application Thread] DEBUG PrimaryStageWindow   - Closing main window
03:27:05.125 [JavaFX Application Thread] DEBUG Logger               - Closing Logger
