02:25:06.593 [main                     ] DEBUG Logger               - Configured Logger
02:25:06.609 [main                     ] DEBUG GameApplication      - Logging settings
Title: Flatline: Oregon
Version: Alpha 0.3
Width: 800
Height: 600
Fullscreen: false
Intro: false
Profiling: false
Single step:false
App Mode: DEVELOPER
Menu Key: ESCAPE
Stage Style: DECORATED
Scene Factory: class com.groupfour.mygame.App$1

02:25:07.255 [JavaFX Application Thread] DEBUG FXGLApplication      - Initializing FXGL
02:25:07.259 [JavaFX Application Thread] INFO  Engine               - FXGL-dev-SNAPSHOT (28.07.2021 16.39) on WINDOWS (J:21.0.4 FX:16)
02:25:07.260 [JavaFX Application Thread] DEBUG Engine               - JRE Vendor Name: Eclipse Adoptium
02:25:07.260 [JavaFX Application Thread] DEBUG Engine               - Running on OS: Windows 11 version 10.0
02:25:07.260 [JavaFX Application Thread] DEBUG Engine               - Architecture: amd64
02:25:07.260 [JavaFX Application Thread] INFO  Engine               - Source code and latest versions at: https://github.com/AlmasB/FXGL
02:25:07.261 [JavaFX Application Thread] INFO  Engine               -              Join the FXGL chat at: https://gitter.im/AlmasB/FXGL
02:25:07.414 [JavaFX Application Thread] DEBUG PrimaryStageWindow   - Creating a JavaFX scene
02:25:07.499 [JavaFX Application Thread] DEBUG PrimaryStageWindow   - Target settings size: 800.0 x 600.0
02:25:07.499 [JavaFX Application Thread] DEBUG PrimaryStageWindow   - Scaled scene size:    800.0 x 600.0
02:25:07.499 [JavaFX Application Thread] DEBUG PrimaryStageWindow   - Scaled ratio: (1.0, 1.0)
02:25:07.500 [JavaFX Application Thread] DEBUG PrimaryStageWindow   - Set initial scene to FXGLStartupScene
02:25:07.512 [JavaFX Application Thread] DEBUG PrimaryStageWindow   - Opening main window
02:25:07.629 [JavaFX Application Thread] DEBUG PrimaryStageWindow   - Window border size: (16.0, 39.0)
02:25:07.629 [JavaFX Application Thread] DEBUG PrimaryStageWindow   - Scaled size: 800.0 x 600.0
02:25:07.629 [JavaFX Application Thread] DEBUG PrimaryStageWindow   - Scaled ratio: (1.0, 1.0)
02:25:07.629 [JavaFX Application Thread] DEBUG PrimaryStageWindow   - Scene size: 800.0 x 600.0
02:25:07.629 [JavaFX Application Thread] DEBUG PrimaryStageWindow   - Stage size: 816.0 x 639.0
02:25:07.640 [FXGL Background Thread 1 ] DEBUG Engine               - Initializing environment variables
02:25:07.786 [FXGL Background Thread 1 ] DEBUG FXGLAssetLoaderServi - User app class for loading assets: class com.groupfour.mygame.App
02:25:07.786 [FXGL Background Thread 1 ] DEBUG GameApplicationServi - Applying CSS: fxgl_dark.css
02:25:07.790 [FXGL Background Thread 1 ] DEBUG FXGLAssetLoaderServi - Loading from file system: jar:file:///C:/Users/Cent/.m2/repository/com/github/almasb/fxgl/dev-SNAPSHOT/fxgl-dev-SNAPSHOT.jar!/fxglassets/ui/css/fxgl_dark.css
02:25:07.932 [FXGL Background Thread 1 ] DEBUG GameApplicationServi - Initializing application scenes
02:25:08.083 [FXGL Background Thread 1 ] DEBUG GameWorld            - Game world initialized
02:25:08.350 [FXGL Background Thread 1 ] DEBUG PhysicsWorld         - Physics world initialized: appHeight=600, physics.ppm=50.0
02:25:08.352 [FXGL Background Thread 1 ] DEBUG PhysicsWorld         - Using strategy: BRUTE_FORCE
02:25:08.359 [FXGL Background Thread 1 ] DEBUG GameScene            - Game scene initialized: 800x600
02:25:08.392 [FXGL Background Thread 1 ] DEBUG FXGL.DefaultMenu     - createMenuBodyMainMenu()
02:25:08.429 [FXGL Background Thread 1 ] DEBUG FXGL.DefaultMenu     - createOptionsMenu()
02:25:08.456 [FXGL Background Thread 1 ] DEBUG FXGLAssetLoaderServi - Loading from file system: jar:file:///C:/Users/Cent/.m2/repository/com/github/almasb/fxgl/dev-SNAPSHOT/fxgl-dev-SNAPSHOT.jar!/fxglassets/textures/particles/smoke.png
02:25:08.728 [FXGL Background Thread 1 ] DEBUG FXGLAssetLoaderServi - Loading from file system: jar:file:///C:/Users/Cent/.m2/repository/com/github/almasb/fxgl/dev-SNAPSHOT/fxgl-dev-SNAPSHOT.jar!/fxglassets/textures/particles/trace_horizontal.png
02:25:08.799 [FXGL Background Thread 1 ] DEBUG GameApplicationServi - Application scenes initialized
02:25:08.815 [FXGL Background Thread 1 ] DEBUG SystemBundleService  - Loading FXGL system data
02:25:08.821 [FXGL Background Thread 1 ] DEBUG FileSystemAccess     - Reading from: c:\Users\Cent\Desktop\CSS124L-LE\CSS124L-FinalExam\CSS124L-FINAL-PROJECT\system\fxgl.bundle
02:25:08.836 [FXGL Background Thread 1 ] DEBUG SystemBundleService  - Bundle FXGL: {}
02:25:08.837 [FXGL Background Thread 1 ] DEBUG UpdaterService       - Checking for updates
02:25:08.841 [FXGL Background Thread 4 ] DEBUG FXGLApplication      - Loading fonts
02:25:08.842 [FXGL Background Thread 1 ] DEBUG FXGLApplication      - Loading default localization
02:25:08.842 [FXGL Background Thread 4 ] DEBUG FXGLAssetLoaderServi - Loading from file system: jar:file:///C:/Users/Cent/.m2/repository/com/github/almasb/fxgl/dev-SNAPSHOT/fxgl-dev-SNAPSHOT.jar!/fxglassets/ui/fonts/VarelaRound-Regular.ttf
02:25:08.843 [FXGL Background Thread 1 ] DEBUG FXGLAssetLoaderServi - Loading from file system: jar:file:///C:/Users/Cent/.m2/repository/com/github/almasb/fxgl/dev-SNAPSHOT/fxgl-dev-SNAPSHOT.jar!/fxglassets/languages/english.lang
02:25:08.862 [FXGL Background Thread 1 ] INFO  FXGLApplication      - FXGL initialization took: 1.221 sec
02:25:08.908 [FXGL Background Thread 4 ] DEBUG FXGLAssetLoaderServi - Loading from file system: jar:file:///C:/Users/Cent/.m2/repository/com/github/almasb/fxgl/dev-SNAPSHOT/fxgl-dev-SNAPSHOT.jar!/fxglassets/ui/fonts/Abel-Regular.ttf
02:25:08.909 [JavaFX Application Thread] DEBUG Input                - Registered new binding: AUTO-0 - W
02:25:08.910 [JavaFX Application Thread] DEBUG Input                - Registered new binding: AUTO-1 - S
02:25:08.911 [JavaFX Application Thread] DEBUG Input                - Registered new binding: AUTO-2 - A
02:25:08.912 [JavaFX Application Thread] DEBUG Input                - Registered new binding: AUTO-3 - D
02:25:08.913 [JavaFX Application Thread] DEBUG Input                - Registered new binding: AUTO-4 - R
02:25:08.916 [FXGL Background Thread 4 ] DEBUG FXGLAssetLoaderServi - Loading from file system: jar:file:///C:/Users/Cent/.m2/repository/com/github/almasb/fxgl/dev-SNAPSHOT/fxgl-dev-SNAPSHOT.jar!/fxglassets/ui/fonts/lucida_console.ttf
02:25:08.919 [JavaFX Application Thread] DEBUG Input                - Registered new binding: Start Shooting - LMB
02:25:08.920 [JavaFX Application Thread] DEBUG FXGLAssetLoaderServi - Loading from file system: jar:file:///C:/Users/Cent/.m2/repository/com/github/almasb/fxgl/dev-SNAPSHOT/fxgl-dev-SNAPSHOT.jar!/fxglassets/textures/fxgl_icon.png
02:25:08.926 [FXGL Background Thread 4 ] DEBUG FXGLAssetLoaderServi - Loading from file system: jar:file:///C:/Users/Cent/.m2/repository/com/github/almasb/fxgl/dev-SNAPSHOT/fxgl-dev-SNAPSHOT.jar!/fxglassets/ui/fonts/Courier-Prime.ttf
02:25:08.972 [JavaFX Application Thread] DEBUG FXGLAssetLoaderServi - Loading from file system: jar:file:///C:/Users/Cent/.m2/repository/com/github/almasb/fxgl/dev-SNAPSHOT/fxgl-dev-SNAPSHOT.jar!/fxglassets/textures/fxgl_default_cursor.png
02:25:08.977 [JavaFX Application Thread] DEBUG Input                - Registered new binding: Screenshot - CTRL+8
02:25:08.979 [JavaFX Application Thread] DEBUG Input                - Registered new binding: System info dump - CTRL+9
02:25:08.980 [JavaFX Application Thread] DEBUG Input                - Registered new binding: Restart - CTRL+R
02:25:08.981 [JavaFX Application Thread] DEBUG Input                - Registered new binding: Toggle Debug Camera - CTRL+C
02:25:08.988 [JavaFX Application Thread] DEBUG LoopRunner           - Starting loop
02:25:08.989 [JavaFX Application Thread] DEBUG LoopRunner           - Initializing JavaFX AnimationTimerLoop
02:25:08.996 [JavaFX Application Thread] DEBUG Input                - Clearing active input actions
02:25:09.021 [JavaFX Application Thread] DEBUG GameApplicationServi - Removing overlay from FXGLStartupScene and adding to FXGLMainMenuDummyScene
02:25:09.022 [JavaFX Application Thread] DEBUG PrimaryStageWindow   - FXGLStartupScene -> FXGLMainMenuDummyScene
02:25:09.022 [JavaFX Application Thread] DEBUG PrimaryStageWindow   - Push state: FXGLDefaultMenu
02:25:09.089 [JavaFX Application Thread] DEBUG Input                - Clearing active input actions
02:25:09.124 [JavaFX Application Thread] DEBUG GameApplicationServi - Removing overlay from FXGLMainMenuDummyScene and adding to FXGLDefaultMenu
02:25:09.125 [JavaFX Application Thread] DEBUG PrimaryStageWindow   - FXGLMainMenuDummyScene -> FXGLDefaultMenu
02:25:09.127 [JavaFX Application Thread] DEBUG FXGLApplication      - Registering font factories with UI factory
02:25:10.266 [JavaFX Application Thread] DEBUG Menu                 - fireNewGame()
02:25:10.266 [JavaFX Application Thread] DEBUG GameApplicationServi - Starting new game
02:25:10.280 [JavaFX Application Thread] DEBUG PrimaryStageWindow   - Pop state: FXGLDefaultMenu
02:25:10.280 [JavaFX Application Thread] DEBUG Input                - Clearing active input actions
02:25:10.282 [JavaFX Application Thread] DEBUG GameApplicationServi - Removing overlay from FXGLDefaultMenu and adding to FXGLMainMenuDummyScene
02:25:10.283 [JavaFX Application Thread] DEBUG PrimaryStageWindow   - FXGLMainMenuDummyScene <- FXGLDefaultMenu
02:25:10.284 [JavaFX Application Thread] DEBUG Input                - Clearing active input actions
02:25:10.310 [JavaFX Application Thread] DEBUG GameApplicationServi - Removing overlay from FXGLMainMenuDummyScene and adding to FXGLLoadingScene
02:25:10.312 [JavaFX Application Thread] DEBUG PrimaryStageWindow   - FXGLMainMenuDummyScene -> FXGLLoadingScene
02:25:10.313 [JavaFX Application Thread] DEBUG GameApplicationServi - Clearing previous game
02:25:10.313 [JavaFX Application Thread] DEBUG GameScene            - Clearing game scene
02:25:10.313 [JavaFX Application Thread] DEBUG GameWorld            - Clearing game world
02:25:10.313 [JavaFX Application Thread] DEBUG PhysicsWorld         - Clearing physics world
02:25:10.322 [FXGL Background Thread 4 ] DEBUG FXGLApplication      - Initializing game
02:25:10.363 [FXGL Background Thread 2 ] INFO  UpdaterService       - Your current version:  dev-SNAPSHOT
02:25:10.364 [FXGL Background Thread 2 ] INFO  UpdaterService       - Latest stable version: 21.1
02:25:10.373 [FXGL Background Thread 4 ] DEBUG FXGLAssetLoaderServi - Loading from file system: file:/C:/Users/Cent/Desktop/CSS124L-LE/CSS124L-FinalExam/CSS124L-FINAL-PROJECT/fp/target/classes/assets/textures/1P_Walk.gif
02:25:10.577 [FXGL Background Thread 4 ] INFO  FXGLApplication      - Game initialization took: 0.253 sec
02:25:10.579 [JavaFX Application Thread] DEBUG Input                - Clearing active input actions
02:25:10.604 [JavaFX Application Thread] DEBUG GameApplicationServi - Removing overlay from FXGLLoadingScene and adding to GameScene
02:25:10.605 [JavaFX Application Thread] DEBUG PrimaryStageWindow   - FXGLLoadingScene -> GameScene
02:25:10.615 [JavaFX Application Thread] DEBUG PrimaryStageWindow   - Push state: PlayerCountMenu
02:25:10.615 [JavaFX Application Thread] DEBUG Input                - Clearing active input actions
02:25:10.616 [JavaFX Application Thread] DEBUG GameApplicationServi - Removing overlay from GameScene and adding to PlayerCountMenu
02:25:10.617 [JavaFX Application Thread] DEBUG PrimaryStageWindow   - GameScene -> PlayerCountMenu
02:25:11.306 [JavaFX Application Thread] DEBUG PrimaryStageWindow   - Pop state: PlayerCountMenu
02:25:11.306 [JavaFX Application Thread] DEBUG Input                - Clearing active input actions
02:25:11.306 [JavaFX Application Thread] DEBUG GameApplicationServi - Removing overlay from PlayerCountMenu and adding to GameScene
02:25:11.308 [JavaFX Application Thread] DEBUG PrimaryStageWindow   - GameScene <- PlayerCountMenu
02:25:11.337 [JavaFX Application Thread] DEBUG LoopRunner           - Stopping loop
02:25:11.339 [JavaFX Application Thread] FATAL FXGLApplication      - Uncaught Exception:
java.lang.IllegalArgumentException: Component PlayerComponent not found!
	at com.almasb.fxgl.entity/com.almasb.fxgl.entity.Entity.getComponent(Entity.java:369)
	at com.groupfour.mygame/com.groupfour.mygame.App.lambda$12(App.java:142)
	at com.almasb.fxgl.core/com.almasb.fxgl.time.TimerAction.update(TimerAction.kt:69)
	at com.almasb.fxgl.core/com.almasb.fxgl.time.Timer.update(Timer.kt:38)
	at com.almasb.fxgl.scene/com.almasb.fxgl.scene.Scene.update(Scene.kt:104)
	at com.almasb.fxgl.all/com.almasb.fxgl.app.MainWindow$update$1.invoke(MainWindow.kt:115)
	at com.almasb.fxgl.all/com.almasb.fxgl.app.MainWindow$update$1.invoke(MainWindow.kt:115)
	at com.almasb.fxgl.core/com.almasb.fxgl.core.fsm.StateMachine.runOnActiveStates(StateMachine.kt:69)
	at com.almasb.fxgl.all/com.almasb.fxgl.app.MainWindow.update(MainWindow.kt:115)
	at com.almasb.fxgl.all/com.almasb.fxgl.app.FXGLApplication$GameApplicationService.onUpdate(FXGLApplication.kt:426)
	at com.almasb.fxgl.all/com.almasb.fxgl.app.Engine.loop(Engine.kt:133)
	at com.almasb.fxgl.all/com.almasb.fxgl.app.Engine.access$loop(Engine.kt:24)
	at com.almasb.fxgl.all/com.almasb.fxgl.app.Engine$loop$1.invoke(Engine.kt:28)
	at com.almasb.fxgl.all/com.almasb.fxgl.app.Engine$loop$1.invoke(Engine.kt:28)
	at com.almasb.fxgl.all/com.almasb.fxgl.app.LoopRunner.frame(LoopRunner.kt:103)
	at com.almasb.fxgl.all/com.almasb.fxgl.app.LoopRunner.access$frame(LoopRunner.kt:23)
	at com.almasb.fxgl.all/com.almasb.fxgl.app.LoopRunner$impl$2$1.onTick(LoopRunner.kt:57)
	at com.almasb.fxgl.all/com.almasb.fxgl.app.AnimationTimerLoop$timer$1.handle(LoopRunner.kt:137)
	at javafx.graphics/javafx.animation.AnimationTimer$AnimationTimerReceiver.lambda$handle$0(AnimationTimer.java:57)
	at java.base/java.security.AccessController.doPrivileged(AccessController.java:400)
	at javafx.graphics/javafx.animation.AnimationTimer$AnimationTimerReceiver.handle(AnimationTimer.java:56)
	at javafx.graphics/com.sun.scenario.animation.AbstractPrimaryTimer.timePulseImpl(AbstractPrimaryTimer.java:356)
	at javafx.graphics/com.sun.scenario.animation.AbstractPrimaryTimer$MainLoop.run(AbstractPrimaryTimer.java:266)
	at javafx.graphics/com.sun.javafx.tk.quantum.QuantumToolkit.pulse(QuantumToolkit.java:559)
	at javafx.graphics/com.sun.javafx.tk.quantum.QuantumToolkit.pulse(QuantumToolkit.java:543)
	at javafx.graphics/com.sun.javafx.tk.quantum.QuantumToolkit.pulseFromQueue(QuantumToolkit.java:536)
	at javafx.graphics/com.sun.javafx.tk.quantum.QuantumToolkit.lambda$runToolkit$11(QuantumToolkit.java:342)
	at javafx.graphics/com.sun.glass.ui.InvokeLaterDispatcher$Future.run(InvokeLaterDispatcher.java:96)
	at javafx.graphics/com.sun.glass.ui.win.WinApplication._runLoop(Native Method)
	at javafx.graphics/com.sun.glass.ui.win.WinApplication.lambda$runLoop$3(WinApplication.java:174)
	at java.base/java.lang.Thread.run(Thread.java:1583)

02:25:11.342 [JavaFX Application Thread] FATAL FXGLApplication      - Application will now exit
02:25:11.362 [JavaFX Application Thread] DEBUG PrimaryStageWindow   - Push state: ErrorSubScene
02:25:11.363 [JavaFX Application Thread] DEBUG Input                - Clearing active input actions
02:25:11.366 [JavaFX Application Thread] DEBUG GameApplicationServi - Removing overlay from GameScene and adding to ErrorSubScene
02:25:11.366 [JavaFX Application Thread] DEBUG PrimaryStageWindow   - GameScene -> ErrorSubScene
02:25:11.841 [FXGL Background Thread 3 ] DEBUG Engine               - Logging environment variables
02:25:11.842 [FXGL Background Thread 3 ] DEBUG Engine               - achievements: []
02:25:11.842 [FXGL Background Thread 3 ] DEBUG Engine               - actualHeight: 600.0
02:25:11.842 [FXGL Background Thread 3 ] DEBUG Engine               - actualHeightProperty: ReadOnlyDoubleProperty [value: 600.0]
02:25:11.842 [FXGL Background Thread 3 ] DEBUG Engine               - actualWidth: 800.0
02:25:11.842 [FXGL Background Thread 3 ] DEBUG Engine               - actualWidthProperty: ReadOnlyDoubleProperty [value: 800.0]
02:25:11.842 [FXGL Background Thread 3 ] DEBUG Engine               - appIcon: fxgl_icon.png
02:25:11.843 [FXGL Background Thread 3 ] DEBUG Engine               - applicationMode: DEVELOPER
02:25:11.843 [FXGL Background Thread 3 ] DEBUG Engine               - cSSList: [fxgl_dark.css]
02:25:11.843 [FXGL Background Thread 3 ] DEBUG Engine               - collisionDetectionStrategy: BRUTE_FORCE
02:25:11.843 [FXGL Background Thread 3 ] DEBUG Engine               - configClass: Optional.empty
02:25:11.843 [FXGL Background Thread 3 ] DEBUG Engine               - credits: []
02:25:11.844 [FXGL Background Thread 3 ] DEBUG Engine               - defaultCursor: CursorInfo(imageName=fxgl_default_cursor.png, hotspotX=7.0, hotspotY=6.0)
02:25:11.844 [FXGL Background Thread 3 ] DEBUG Engine               - devBBoxColorProperty: ObjectProperty [value: 0xff0000ff]
02:25:11.844 [FXGL Background Thread 3 ] DEBUG Engine               - devEnableDebugCameraProperty: BooleanProperty [value: false]
02:25:11.844 [FXGL Background Thread 3 ] DEBUG Engine               - devSensorColorProperty: ObjectProperty [value: 0xffff00ff]
02:25:11.844 [FXGL Background Thread 3 ] DEBUG Engine               - devShowBBoxProperty: BooleanProperty [value: false]
02:25:11.844 [FXGL Background Thread 3 ] DEBUG Engine               - devShowPositionProperty: BooleanProperty [value: false]
02:25:11.844 [FXGL Background Thread 3 ] DEBUG Engine               - enabledMenuItems: []
02:25:11.844 [FXGL Background Thread 3 ] DEBUG Engine               - engineServices: [class com.almasb.fxgl.app.services.FXGLAssetLoaderService, class com.almasb.fxgl.app.FXGLApplication$GameApplicationService, class com.almasb.fxgl.app.services.FXGLDialogService, class com.almasb.fxgl.app.services.IOTaskExecutorService, class com.almasb.fxgl.io.FileSystemService, class com.almasb.fxgl.localization.LocalizationService, class com.almasb.fxgl.app.services.SystemBundleService, class com.almasb.fxgl.profile.SaveLoadService, class com.almasb.fxgl.ui.FXGLUIFactoryServiceProvider, class com.almasb.fxgl.ui.FXGLDialogFactoryServiceProvider, class com.almasb.fxgl.audio.AudioPlayer, class com.almasb.fxgl.notification.impl.NotificationServiceProvider, class com.almasb.fxgl.achievement.AchievementService, class com.almasb.fxgl.cutscene.CutsceneService, class com.almasb.fxgl.minigames.MiniGameService, class com.almasb.fxgl.net.NetService, class com.almasb.fxgl.app.services.UpdaterService, class com.almasb.fxgl.dev.DevService, class com.almasb.fxgl.multiplayer.MultiplayerService]
02:25:11.844 [FXGL Background Thread 3 ] DEBUG Engine               - fontGame: Abel-Regular.ttf
02:25:11.844 [FXGL Background Thread 3 ] DEBUG Engine               - fontMono: lucida_console.ttf
02:25:11.844 [FXGL Background Thread 3 ] DEBUG Engine               - fontText: Courier-Prime.ttf
02:25:11.845 [FXGL Background Thread 3 ] DEBUG Engine               - fontUI: VarelaRound-Regular.ttf
02:25:11.845 [FXGL Background Thread 3 ] DEBUG Engine               - fullScreen: BooleanProperty [value: false]
02:25:11.845 [FXGL Background Thread 3 ] DEBUG Engine               - gameDifficulty: MEDIUM
02:25:11.845 [FXGL Background Thread 3 ] DEBUG Engine               - gameDifficultyProperty: ObjectProperty [value: MEDIUM]
02:25:11.845 [FXGL Background Thread 3 ] DEBUG Engine               - globalMusicVolume: 0.5
02:25:11.845 [FXGL Background Thread 3 ] DEBUG Engine               - globalMusicVolumeProperty: DoubleProperty [value: 0.5]
02:25:11.845 [FXGL Background Thread 3 ] DEBUG Engine               - globalSoundVolume: 0.5
02:25:11.846 [FXGL Background Thread 3 ] DEBUG Engine               - globalSoundVolumeProperty: DoubleProperty [value: 0.5]
02:25:11.846 [FXGL Background Thread 3 ] DEBUG Engine               - height: 600
02:25:11.846 [FXGL Background Thread 3 ] DEBUG Engine               - is3D: false
02:25:11.846 [FXGL Background Thread 3 ] DEBUG Engine               - isAndroid: false
02:25:11.846 [FXGL Background Thread 3 ] DEBUG Engine               - isBrowser: false
02:25:11.846 [FXGL Background Thread 3 ] DEBUG Engine               - isClickFeedbackEnabled: false
02:25:11.846 [FXGL Background Thread 3 ] DEBUG Engine               - isCloseConfirmation: false
02:25:11.846 [FXGL Background Thread 3 ] DEBUG Engine               - isDesktop: true
02:25:11.846 [FXGL Background Thread 3 ] DEBUG Engine               - isDeveloperMenuEnabled: false
02:25:11.846 [FXGL Background Thread 3 ] DEBUG Engine               - isEmbedded: false
02:25:11.847 [FXGL Background Thread 3 ] DEBUG Engine               - isEntityPreloadEnabled: true
02:25:11.847 [FXGL Background Thread 3 ] DEBUG Engine               - isExperimentalTiledLargeMap: false
02:25:11.847 [FXGL Background Thread 3 ] DEBUG Engine               - isFileSystemWriteAllowed: true
02:25:11.847 [FXGL Background Thread 3 ] DEBUG Engine               - isFullScreenAllowed: false
02:25:11.847 [FXGL Background Thread 3 ] DEBUG Engine               - isFullScreenFromStart: false
02:25:11.847 [FXGL Background Thread 3 ] DEBUG Engine               - isGameMenuEnabled: true
02:25:11.847 [FXGL Background Thread 3 ] DEBUG Engine               - isIOS: false
02:25:11.847 [FXGL Background Thread 3 ] DEBUG Engine               - isIntroEnabled: false
02:25:11.847 [FXGL Background Thread 3 ] DEBUG Engine               - isLinux: false
02:25:11.847 [FXGL Background Thread 3 ] DEBUG Engine               - isMac: false
02:25:11.847 [FXGL Background Thread 3 ] DEBUG Engine               - isMainMenuEnabled: true
02:25:11.847 [FXGL Background Thread 3 ] DEBUG Engine               - isManualResizeEnabled: false
02:25:11.848 [FXGL Background Thread 3 ] DEBUG Engine               - isMobile: false
02:25:11.848 [FXGL Background Thread 3 ] DEBUG Engine               - isNative: false
02:25:11.848 [FXGL Background Thread 3 ] DEBUG Engine               - isPauseMusicWhenMinimized: true
02:25:11.848 [FXGL Background Thread 3 ] DEBUG Engine               - isPreserveResizeRatio: false
02:25:11.848 [FXGL Background Thread 3 ] DEBUG Engine               - isProfilingEnabled: false
02:25:11.848 [FXGL Background Thread 3 ] DEBUG Engine               - isScaleAffectedOnResize: true
02:25:11.848 [FXGL Background Thread 3 ] DEBUG Engine               - isSingleStep: false
02:25:11.848 [FXGL Background Thread 3 ] DEBUG Engine               - isUserProfileEnabled: false
02:25:11.848 [FXGL Background Thread 3 ] DEBUG Engine               - isWindows: true
02:25:11.848 [FXGL Background Thread 3 ] DEBUG Engine               - language: ObjectProperty [value: ENGLISH]
02:25:11.848 [FXGL Background Thread 3 ] DEBUG Engine               - menuKey: ESCAPE
02:25:11.848 [FXGL Background Thread 3 ] DEBUG Engine               - mouseSensitivity: 0.2
02:25:11.848 [FXGL Background Thread 3 ] DEBUG Engine               - notificationViewClass: class com.almasb.fxgl.notification.view.XboxNotificationView
02:25:11.848 [FXGL Background Thread 3 ] DEBUG Engine               - pixelsPerMeter: 50.0
02:25:11.848 [FXGL Background Thread 3 ] DEBUG Engine               - platform: WINDOWS
02:25:11.849 [FXGL Background Thread 3 ] DEBUG Engine               - prefHeightProperty: ReadOnlyDoubleProperty [value: 600.0]
02:25:11.849 [FXGL Background Thread 3 ] DEBUG Engine               - prefWidthProperty: ReadOnlyDoubleProperty [value: 800.0]
02:25:11.849 [FXGL Background Thread 3 ] DEBUG Engine               - profileDir: profiles/
02:25:11.849 [FXGL Background Thread 3 ] DEBUG Engine               - profileName: StringProperty [value: DEFAULT]
02:25:11.849 [FXGL Background Thread 3 ] DEBUG Engine               - randomSeed: -1
02:25:11.849 [FXGL Background Thread 3 ] DEBUG Engine               - runtimeInfo: RuntimeInfo(platform=WINDOWS, version=dev-SNAPSHOT, build=28.07.2021 16.39)
02:25:11.849 [FXGL Background Thread 3 ] DEBUG Engine               - saveFileExt: sav
02:25:11.850 [FXGL Background Thread 3 ] DEBUG Engine               - scaledHeightProp$fxgl: DoubleProperty [bound, value: 600.0]
02:25:11.850 [FXGL Background Thread 3 ] DEBUG Engine               - scaledWidthProp$fxgl: DoubleProperty [bound, value: 800.0]
02:25:11.850 [FXGL Background Thread 3 ] DEBUG Engine               - sceneFactory: com.groupfour.mygame.App$1@61a8275d
02:25:11.850 [FXGL Background Thread 3 ] DEBUG Engine               - secondsIn24h: 60
02:25:11.850 [FXGL Background Thread 3 ] DEBUG Engine               - soundMenuBack: menu/back.wav
02:25:11.850 [FXGL Background Thread 3 ] DEBUG Engine               - soundMenuPress: menu/press.wav
02:25:11.850 [FXGL Background Thread 3 ] DEBUG Engine               - soundMenuSelect: menu/select.wav
02:25:11.850 [FXGL Background Thread 3 ] DEBUG Engine               - soundNotification: core/notification.wav
02:25:11.850 [FXGL Background Thread 3 ] DEBUG Engine               - stageStyle: DECORATED
02:25:11.850 [FXGL Background Thread 3 ] DEBUG Engine               - supportedLanguages: [ENGLISH, FRENCH, GERMAN, HUNGARIAN, RUSSIAN]
02:25:11.850 [FXGL Background Thread 3 ] DEBUG Engine               - ticksPerSecond: -1
02:25:11.850 [FXGL Background Thread 3 ] DEBUG Engine               - title: Flatline: Oregon
02:25:11.851 [FXGL Background Thread 3 ] DEBUG Engine               - urlGithub: https://github.com/AlmasB/FXGL
02:25:11.851 [FXGL Background Thread 3 ] DEBUG Engine               - urlLeaderboard: http://fxgl-top.herokuapp.com/
02:25:11.851 [FXGL Background Thread 3 ] DEBUG Engine               - urlPOM: https://raw.githubusercontent.com/AlmasB/FXGL/release/README.md
02:25:11.851 [FXGL Background Thread 3 ] DEBUG Engine               - userAppClass: class com.groupfour.mygame.App
02:25:11.851 [FXGL Background Thread 3 ] DEBUG Engine               - version: Alpha 0.3
02:25:11.851 [FXGL Background Thread 3 ] DEBUG Engine               - versionCheckDays: 7
02:25:11.852 [FXGL Background Thread 3 ] DEBUG Engine               - width: 800
02:25:11.852 [FXGL Background Thread 3 ] DEBUG Engine               - Logging services
02:25:11.852 [FXGL Background Thread 3 ] DEBUG Engine               - class com.almasb.fxgl.app.services.FXGLAssetLoaderService
02:25:11.852 [FXGL Background Thread 3 ] DEBUG Engine               - class com.almasb.fxgl.app.FXGLApplication$GameApplicationService
02:25:11.852 [FXGL Background Thread 3 ] DEBUG Engine               - class com.almasb.fxgl.app.services.FXGLDialogService
02:25:11.852 [FXGL Background Thread 3 ] DEBUG Engine               - class com.almasb.fxgl.app.services.IOTaskExecutorService
02:25:11.852 [FXGL Background Thread 3 ] DEBUG Engine               - class com.almasb.fxgl.io.FileSystemService
02:25:11.852 [FXGL Background Thread 3 ] DEBUG Engine               - class com.almasb.fxgl.localization.LocalizationService
02:25:11.852 [FXGL Background Thread 3 ] DEBUG Engine               - class com.almasb.fxgl.app.services.SystemBundleService
02:25:11.853 [FXGL Background Thread 3 ] DEBUG Engine               - class com.almasb.fxgl.profile.SaveLoadService
02:25:11.853 [FXGL Background Thread 3 ] DEBUG Engine               - class com.almasb.fxgl.ui.FXGLUIFactoryServiceProvider
02:25:11.853 [FXGL Background Thread 3 ] DEBUG Engine               - class com.almasb.fxgl.ui.FXGLDialogFactoryServiceProvider
02:25:11.853 [FXGL Background Thread 3 ] DEBUG Engine               - class com.almasb.fxgl.audio.AudioPlayer
02:25:11.853 [FXGL Background Thread 3 ] DEBUG Engine               - class com.almasb.fxgl.notification.impl.NotificationServiceProvider
02:25:11.853 [FXGL Background Thread 3 ] DEBUG Engine               - class com.almasb.fxgl.achievement.AchievementService
02:25:11.853 [FXGL Background Thread 3 ] DEBUG Engine               - class com.almasb.fxgl.cutscene.CutsceneService
02:25:11.853 [FXGL Background Thread 3 ] DEBUG Engine               - class com.almasb.fxgl.minigames.MiniGameService
02:25:11.853 [FXGL Background Thread 3 ] DEBUG Engine               - class com.almasb.fxgl.net.NetService
02:25:11.853 [FXGL Background Thread 3 ] DEBUG Engine               - class com.almasb.fxgl.app.services.UpdaterService
02:25:11.854 [FXGL Background Thread 3 ] DEBUG Engine               - class com.almasb.fxgl.dev.DevService
02:25:11.854 [FXGL Background Thread 3 ] DEBUG Engine               - class com.almasb.fxgl.multiplayer.MultiplayerService
02:25:15.558 [JavaFX Application Thread] DEBUG FXGLApplication      - Exiting FXGL
02:25:15.558 [JavaFX Application Thread] DEBUG Async                - Shutting down background threads
02:25:15.558 [JavaFX Application Thread] DEBUG PrimaryStageWindow   - Closing main window
02:25:15.575 [JavaFX Application Thread] DEBUG Logger               - Closing Logger
