00:46:46.098 [main                     ] DEBUG Logger               - Configured Logger
00:46:46.102 [main                     ] DEBUG GameApplication      - Logging settings
Title: Flatline: Oregon
Version: Alpha 0.3
Width: 800
Height: 600
Fullscreen: false
Intro: false
Profiling: false
Single step:false
App Mode: DEVELOPER
Menu Key: ESCAPE
Stage Style: DECORATED
Scene Factory: class com.groupfour.mygame.App$1

00:46:46.505 [JavaFX Application Thread] DEBUG FXGLApplication      - Initializing FXGL
00:46:46.508 [JavaFX Application Thread] INFO  Engine               - FXGL-dev-SNAPSHOT (28.07.2021 16.39) on WINDOWS (J:21.0.4 FX:16)
00:46:46.509 [JavaFX Application Thread] DEBUG Engine               - JRE Vendor Name: Eclipse Adoptium
00:46:46.510 [JavaFX Application Thread] DEBUG Engine               - Running on OS: Windows 11 version 10.0
00:46:46.510 [JavaFX Application Thread] DEBUG Engine               - Architecture: amd64
00:46:46.510 [JavaFX Application Thread] INFO  Engine               - Source code and latest versions at: https://github.com/AlmasB/FXGL
00:46:46.510 [JavaFX Application Thread] INFO  Engine               -              Join the FXGL chat at: https://gitter.im/AlmasB/FXGL
00:46:46.608 [JavaFX Application Thread] DEBUG PrimaryStageWindow   - Creating a JavaFX scene
00:46:46.655 [JavaFX Application Thread] DEBUG PrimaryStageWindow   - Target settings size: 800.0 x 600.0
00:46:46.655 [JavaFX Application Thread] DEBUG PrimaryStageWindow   - Scaled scene size:    800.0 x 600.0
00:46:46.655 [JavaFX Application Thread] DEBUG PrimaryStageWindow   - Scaled ratio: (1.0, 1.0)
00:46:46.657 [JavaFX Application Thread] DEBUG PrimaryStageWindow   - Set initial scene to FXGLStartupScene
00:46:46.662 [JavaFX Application Thread] DEBUG PrimaryStageWindow   - Opening main window
00:46:46.745 [JavaFX Application Thread] DEBUG PrimaryStageWindow   - Window border size: (16.0, 39.0)
00:46:46.745 [JavaFX Application Thread] DEBUG PrimaryStageWindow   - Scaled size: 800.0 x 600.0
00:46:46.745 [JavaFX Application Thread] DEBUG PrimaryStageWindow   - Scaled ratio: (1.0, 1.0)
00:46:46.745 [JavaFX Application Thread] DEBUG PrimaryStageWindow   - Scene size: 800.0 x 600.0
00:46:46.745 [JavaFX Application Thread] DEBUG PrimaryStageWindow   - Stage size: 816.0 x 639.0
00:46:46.754 [FXGL Background Thread 1 ] DEBUG Engine               - Initializing environment variables
00:46:46.818 [FXGL Background Thread 1 ] DEBUG FXGLAssetLoaderServi - User app class for loading assets: class com.groupfour.mygame.App
00:46:46.818 [FXGL Background Thread 1 ] DEBUG GameApplicationServi - Applying CSS: fxgl_dark.css
00:46:46.819 [FXGL Background Thread 1 ] DEBUG FXGLAssetLoaderServi - Loading from file system: jar:file:///C:/Users/Cent/.m2/repository/com/github/almasb/fxgl/dev-SNAPSHOT/fxgl-dev-SNAPSHOT.jar!/fxglassets/ui/css/fxgl_dark.css
00:46:46.867 [FXGL Background Thread 1 ] DEBUG GameApplicationServi - Initializing application scenes
00:46:46.921 [FXGL Background Thread 1 ] DEBUG GameWorld            - Game world initialized
00:46:46.983 [FXGL Background Thread 1 ] DEBUG PhysicsWorld         - Physics world initialized: appHeight=600, physics.ppm=50.0
00:46:46.983 [FXGL Background Thread 1 ] DEBUG PhysicsWorld         - Using strategy: BRUTE_FORCE
00:46:46.986 [FXGL Background Thread 1 ] DEBUG GameScene            - Game scene initialized: 800x600
00:46:46.998 [FXGL Background Thread 1 ] DEBUG FXGL.DefaultMenu     - createMenuBodyMainMenu()
00:46:47.010 [FXGL Background Thread 1 ] DEBUG FXGL.DefaultMenu     - createOptionsMenu()
00:46:47.020 [FXGL Background Thread 1 ] DEBUG FXGLAssetLoaderServi - Loading from file system: jar:file:///C:/Users/Cent/.m2/repository/com/github/almasb/fxgl/dev-SNAPSHOT/fxgl-dev-SNAPSHOT.jar!/fxglassets/textures/particles/smoke.png
00:46:47.124 [FXGL Background Thread 1 ] DEBUG FXGLAssetLoaderServi - Loading from file system: jar:file:///C:/Users/Cent/.m2/repository/com/github/almasb/fxgl/dev-SNAPSHOT/fxgl-dev-SNAPSHOT.jar!/fxglassets/textures/particles/trace_horizontal.png
00:46:47.166 [FXGL Background Thread 1 ] DEBUG GameApplicationServi - Application scenes initialized
00:46:47.177 [FXGL Background Thread 1 ] DEBUG SystemBundleService  - Loading FXGL system data
00:46:47.182 [FXGL Background Thread 1 ] DEBUG FileSystemAccess     - Reading from: c:\Users\Cent\Desktop\CSS124L-LE\CSS124L-FinalExam\CSS124L-FINAL-PROJECT\system\fxgl.bundle
00:46:47.192 [FXGL Background Thread 1 ] DEBUG SystemBundleService  - Bundle FXGL: {}
00:46:47.192 [FXGL Background Thread 1 ] DEBUG UpdaterService       - Checking for updates
00:46:47.221 [FXGL Background Thread 4 ] DEBUG FXGLApplication      - Loading fonts
00:46:47.221 [FXGL Background Thread 1 ] DEBUG FXGLApplication      - Loading default localization
00:46:47.221 [FXGL Background Thread 4 ] DEBUG FXGLAssetLoaderServi - Loading from file system: jar:file:///C:/Users/Cent/.m2/repository/com/github/almasb/fxgl/dev-SNAPSHOT/fxgl-dev-SNAPSHOT.jar!/fxglassets/ui/fonts/VarelaRound-Regular.ttf
00:46:47.221 [FXGL Background Thread 1 ] DEBUG FXGLAssetLoaderServi - Loading from file system: jar:file:///C:/Users/Cent/.m2/repository/com/github/almasb/fxgl/dev-SNAPSHOT/fxgl-dev-SNAPSHOT.jar!/fxglassets/languages/english.lang
00:46:47.239 [FXGL Background Thread 1 ] INFO  FXGLApplication      - FXGL initialization took: 0.484 sec
00:46:47.254 [JavaFX Application Thread] DEBUG Input                - Registered new binding: Move Upwards - W
00:46:47.254 [JavaFX Application Thread] DEBUG Input                - Registered new binding: Move Down - S
00:46:47.254 [JavaFX Application Thread] DEBUG Input                - Registered new binding: Move Left - A
00:46:47.254 [JavaFX Application Thread] DEBUG Input                - Registered new binding: Move Right - D
00:46:47.255 [JavaFX Application Thread] DEBUG Input                - Registered new binding: Reload - R
00:46:47.255 [JavaFX Application Thread] DEBUG Input                - Registered new binding: Shoot - LMB
00:46:47.256 [JavaFX Application Thread] DEBUG Input                - Registered new binding: Switch Weapons - Q
00:46:47.256 [JavaFX Application Thread] DEBUG Input                - Registered new binding: Interact - F
00:46:47.256 [JavaFX Application Thread] DEBUG FXGLAssetLoaderServi - Loading from file system: jar:file:///C:/Users/Cent/.m2/repository/com/github/almasb/fxgl/dev-SNAPSHOT/fxgl-dev-SNAPSHOT.jar!/fxglassets/textures/fxgl_icon.png
00:46:47.264 [FXGL Background Thread 4 ] DEBUG FXGLAssetLoaderServi - Loading from file system: jar:file:///C:/Users/Cent/.m2/repository/com/github/almasb/fxgl/dev-SNAPSHOT/fxgl-dev-SNAPSHOT.jar!/fxglassets/ui/fonts/Abel-Regular.ttf
00:46:47.268 [FXGL Background Thread 4 ] DEBUG FXGLAssetLoaderServi - Loading from file system: jar:file:///C:/Users/Cent/.m2/repository/com/github/almasb/fxgl/dev-SNAPSHOT/fxgl-dev-SNAPSHOT.jar!/fxglassets/ui/fonts/lucida_console.ttf
00:46:47.274 [FXGL Background Thread 4 ] DEBUG FXGLAssetLoaderServi - Loading from file system: jar:file:///C:/Users/Cent/.m2/repository/com/github/almasb/fxgl/dev-SNAPSHOT/fxgl-dev-SNAPSHOT.jar!/fxglassets/ui/fonts/Courier-Prime.ttf
00:46:47.284 [JavaFX Application Thread] DEBUG FXGLAssetLoaderServi - Loading from file system: jar:file:///C:/Users/Cent/.m2/repository/com/github/almasb/fxgl/dev-SNAPSHOT/fxgl-dev-SNAPSHOT.jar!/fxglassets/textures/fxgl_default_cursor.png
00:46:47.287 [JavaFX Application Thread] DEBUG Input                - Registered new binding: Screenshot - CTRL+8
00:46:47.287 [JavaFX Application Thread] DEBUG Input                - Registered new binding: Dev Options - 1
00:46:47.288 [JavaFX Application Thread] DEBUG Input                - Registered new binding: Dev Console - 2
00:46:47.288 [JavaFX Application Thread] DEBUG Input                - Registered new binding: System info dump - CTRL+9
00:46:47.288 [JavaFX Application Thread] DEBUG Input                - Registered new binding: Restart - CTRL+R
00:46:47.289 [JavaFX Application Thread] DEBUG Input                - Registered new binding: Toggle Debug Camera - CTRL+C
00:46:47.293 [JavaFX Application Thread] DEBUG LoopRunner           - Starting loop
00:46:47.310 [JavaFX Application Thread] DEBUG LoopRunner           - Initializing JavaFX AnimationTimerLoop
00:46:47.315 [JavaFX Application Thread] DEBUG Input                - Clearing active input actions
00:46:47.326 [JavaFX Application Thread] DEBUG GameApplicationServi - Removing overlay from FXGLStartupScene and adding to FXGLMainMenuDummyScene
00:46:47.338 [JavaFX Application Thread] DEBUG PrimaryStageWindow   - FXGLStartupScene -> FXGLMainMenuDummyScene
00:46:47.338 [JavaFX Application Thread] DEBUG PrimaryStageWindow   - Push state: FXGLDefaultMenu
00:46:47.360 [JavaFX Application Thread] DEBUG Input                - Clearing active input actions
00:46:47.368 [JavaFX Application Thread] DEBUG GameApplicationServi - Removing overlay from FXGLMainMenuDummyScene and adding to FXGLDefaultMenu
00:46:47.369 [JavaFX Application Thread] DEBUG PrimaryStageWindow   - FXGLMainMenuDummyScene -> FXGLDefaultMenu
00:46:47.369 [JavaFX Application Thread] DEBUG FXGLApplication      - Registering font factories with UI factory
00:46:47.687 [FXGL Background Thread 2 ] INFO  UpdaterService       - Your current version:  dev-SNAPSHOT
00:46:47.688 [FXGL Background Thread 2 ] INFO  UpdaterService       - Latest stable version: 21.1
00:46:48.588 [JavaFX Application Thread] DEBUG Menu                 - fireNewGame()
00:46:48.588 [JavaFX Application Thread] DEBUG GameApplicationServi - Starting new game
00:46:48.590 [JavaFX Application Thread] DEBUG PrimaryStageWindow   - Pop state: FXGLDefaultMenu
00:46:48.590 [JavaFX Application Thread] DEBUG Input                - Clearing active input actions
00:46:48.592 [JavaFX Application Thread] DEBUG GameApplicationServi - Removing overlay from FXGLDefaultMenu and adding to FXGLMainMenuDummyScene
00:46:48.594 [JavaFX Application Thread] DEBUG PrimaryStageWindow   - FXGLMainMenuDummyScene <- FXGLDefaultMenu
00:46:48.594 [JavaFX Application Thread] DEBUG Input                - Clearing active input actions
00:46:48.603 [JavaFX Application Thread] DEBUG GameApplicationServi - Removing overlay from FXGLMainMenuDummyScene and adding to FXGLLoadingScene
00:46:48.604 [JavaFX Application Thread] DEBUG PrimaryStageWindow   - FXGLMainMenuDummyScene -> FXGLLoadingScene
00:46:48.605 [JavaFX Application Thread] DEBUG GameApplicationServi - Clearing previous game
00:46:48.605 [JavaFX Application Thread] DEBUG GameScene            - Clearing game scene
00:46:48.605 [JavaFX Application Thread] DEBUG GameWorld            - Clearing game world
00:46:48.605 [JavaFX Application Thread] DEBUG PhysicsWorld         - Clearing physics world
00:46:48.609 [FXGL Background Thread 2 ] DEBUG FXGLApplication      - Initializing game
00:46:48.647 [FXGL Background Thread 2 ] INFO  FXGLApplication      - Game initialization took: 0.037 sec
00:46:48.651 [JavaFX Application Thread] DEBUG Input                - Clearing active input actions
00:46:48.657 [JavaFX Application Thread] DEBUG GameApplicationServi - Removing overlay from FXGLLoadingScene and adding to GameScene
00:46:48.659 [JavaFX Application Thread] DEBUG PrimaryStageWindow   - FXGLLoadingScene -> GameScene
00:46:48.664 [JavaFX Application Thread] DEBUG PrimaryStageWindow   - Push state: PlayerCountMenu
00:46:48.664 [JavaFX Application Thread] DEBUG Input                - Clearing active input actions
00:46:48.664 [JavaFX Application Thread] DEBUG GameApplicationServi - Removing overlay from GameScene and adding to PlayerCountMenu
00:46:48.665 [JavaFX Application Thread] DEBUG PrimaryStageWindow   - GameScene -> PlayerCountMenu
00:46:49.197 [JavaFX Application Thread] DEBUG PrimaryStageWindow   - Push state: DialogSubScene
00:46:49.197 [JavaFX Application Thread] DEBUG Input                - Clearing active input actions
00:46:49.197 [JavaFX Application Thread] DEBUG GameApplicationServi - Removing overlay from PlayerCountMenu and adding to DialogSubScene
00:46:49.198 [JavaFX Application Thread] DEBUG PrimaryStageWindow   - PlayerCountMenu -> DialogSubScene
00:46:49.902 [JavaFX Application Thread] DEBUG PrimaryStageWindow   - Pop state: DialogSubScene
00:46:49.904 [JavaFX Application Thread] DEBUG Input                - Clearing active input actions
00:46:49.905 [JavaFX Application Thread] DEBUG GameApplicationServi - Removing overlay from DialogSubScene and adding to PlayerCountMenu
00:46:49.905 [JavaFX Application Thread] DEBUG PrimaryStageWindow   - PlayerCountMenu <- DialogSubScene
00:46:49.910 [JavaFX Application Thread] DEBUG PrimaryStageWindow   - Push state: LoadingScreen
00:46:49.910 [JavaFX Application Thread] DEBUG Input                - Clearing active input actions
00:46:49.910 [JavaFX Application Thread] DEBUG GameApplicationServi - Removing overlay from PlayerCountMenu and adding to LoadingScreen
00:46:49.910 [JavaFX Application Thread] DEBUG PrimaryStageWindow   - PlayerCountMenu -> LoadingScreen
00:46:49.914 [ServerAsyncConnThread    ] DEBUG TCPServer            - Starting to listen at: 55555 type: class com.almasb.fxgl.core.serialization.Bundle
00:46:50.221 [FXGL Background Thread 3 ] DEBUG Engine               - Logging environment variables
00:46:50.221 [FXGL Background Thread 3 ] DEBUG Engine               - achievements: []
00:46:50.221 [FXGL Background Thread 3 ] DEBUG Engine               - actualHeight: 600.0
00:46:50.222 [FXGL Background Thread 3 ] DEBUG Engine               - actualHeightProperty: ReadOnlyDoubleProperty [value: 600.0]
00:46:50.222 [FXGL Background Thread 3 ] DEBUG Engine               - actualWidth: 800.0
00:46:50.222 [FXGL Background Thread 3 ] DEBUG Engine               - actualWidthProperty: ReadOnlyDoubleProperty [value: 800.0]
00:46:50.222 [FXGL Background Thread 3 ] DEBUG Engine               - appIcon: fxgl_icon.png
00:46:50.222 [FXGL Background Thread 3 ] DEBUG Engine               - applicationMode: DEVELOPER
00:46:50.222 [FXGL Background Thread 3 ] DEBUG Engine               - cSSList: [fxgl_dark.css]
00:46:50.222 [FXGL Background Thread 3 ] DEBUG Engine               - collisionDetectionStrategy: BRUTE_FORCE
00:46:50.222 [FXGL Background Thread 3 ] DEBUG Engine               - configClass: Optional.empty
00:46:50.222 [FXGL Background Thread 3 ] DEBUG Engine               - credits: []
00:46:50.230 [FXGL Background Thread 3 ] DEBUG Engine               - defaultCursor: CursorInfo(imageName=fxgl_default_cursor.png, hotspotX=7.0, hotspotY=6.0)
00:46:50.231 [FXGL Background Thread 3 ] DEBUG Engine               - devBBoxColorProperty: ObjectProperty [value: 0xff0000ff]
00:46:50.231 [FXGL Background Thread 3 ] DEBUG Engine               - devEnableDebugCameraProperty: BooleanProperty [value: false]
00:46:50.231 [FXGL Background Thread 3 ] DEBUG Engine               - devSensorColorProperty: ObjectProperty [value: 0xffff00ff]
00:46:50.231 [FXGL Background Thread 3 ] DEBUG Engine               - devShowBBoxProperty: BooleanProperty [value: false]
00:46:50.231 [FXGL Background Thread 3 ] DEBUG Engine               - devShowPositionProperty: BooleanProperty [value: false]
00:46:50.232 [FXGL Background Thread 3 ] DEBUG Engine               - enabledMenuItems: []
00:46:50.232 [FXGL Background Thread 3 ] DEBUG Engine               - engineServices: [class com.almasb.fxgl.app.services.FXGLAssetLoaderService, class com.almasb.fxgl.app.FXGLApplication$GameApplicationService, class com.almasb.fxgl.app.services.FXGLDialogService, class com.almasb.fxgl.app.services.IOTaskExecutorService, class com.almasb.fxgl.io.FileSystemService, class com.almasb.fxgl.localization.LocalizationService, class com.almasb.fxgl.app.services.SystemBundleService, class com.almasb.fxgl.profile.SaveLoadService, class com.almasb.fxgl.ui.FXGLUIFactoryServiceProvider, class com.almasb.fxgl.ui.FXGLDialogFactoryServiceProvider, class com.almasb.fxgl.audio.AudioPlayer, class com.almasb.fxgl.notification.impl.NotificationServiceProvider, class com.almasb.fxgl.achievement.AchievementService, class com.almasb.fxgl.cutscene.CutsceneService, class com.almasb.fxgl.minigames.MiniGameService, class com.almasb.fxgl.net.NetService, class com.almasb.fxgl.app.services.UpdaterService, class com.almasb.fxgl.dev.DevService, class com.almasb.fxgl.multiplayer.MultiplayerService]
00:46:50.232 [FXGL Background Thread 3 ] DEBUG Engine               - fontGame: Abel-Regular.ttf
00:46:50.232 [FXGL Background Thread 3 ] DEBUG Engine               - fontMono: lucida_console.ttf
00:46:50.232 [FXGL Background Thread 3 ] DEBUG Engine               - fontText: Courier-Prime.ttf
00:46:50.232 [FXGL Background Thread 3 ] DEBUG Engine               - fontUI: VarelaRound-Regular.ttf
00:46:50.232 [FXGL Background Thread 3 ] DEBUG Engine               - fullScreen: BooleanProperty [value: false]
00:46:50.232 [FXGL Background Thread 3 ] DEBUG Engine               - gameDifficulty: MEDIUM
00:46:50.232 [FXGL Background Thread 3 ] DEBUG Engine               - gameDifficultyProperty: ObjectProperty [value: MEDIUM]
00:46:50.232 [FXGL Background Thread 3 ] DEBUG Engine               - globalMusicVolume: 0.5
00:46:50.233 [FXGL Background Thread 3 ] DEBUG Engine               - globalMusicVolumeProperty: DoubleProperty [value: 0.5]
00:46:50.233 [FXGL Background Thread 3 ] DEBUG Engine               - globalSoundVolume: 0.5
00:46:50.233 [FXGL Background Thread 3 ] DEBUG Engine               - globalSoundVolumeProperty: DoubleProperty [value: 0.5]
00:46:50.233 [FXGL Background Thread 3 ] DEBUG Engine               - height: 600
00:46:50.233 [FXGL Background Thread 3 ] DEBUG Engine               - is3D: false
00:46:50.233 [FXGL Background Thread 3 ] DEBUG Engine               - isAndroid: false
00:46:50.233 [FXGL Background Thread 3 ] DEBUG Engine               - isBrowser: false
00:46:50.233 [FXGL Background Thread 3 ] DEBUG Engine               - isClickFeedbackEnabled: false
00:46:50.233 [FXGL Background Thread 3 ] DEBUG Engine               - isCloseConfirmation: false
00:46:50.233 [FXGL Background Thread 3 ] DEBUG Engine               - isDesktop: true
00:46:50.233 [FXGL Background Thread 3 ] DEBUG Engine               - isDeveloperMenuEnabled: true
00:46:50.233 [FXGL Background Thread 3 ] DEBUG Engine               - isEmbedded: false
00:46:50.233 [FXGL Background Thread 3 ] DEBUG Engine               - isEntityPreloadEnabled: true
00:46:50.233 [FXGL Background Thread 3 ] DEBUG Engine               - isExperimentalTiledLargeMap: false
00:46:50.233 [FXGL Background Thread 3 ] DEBUG Engine               - isFileSystemWriteAllowed: true
00:46:50.233 [FXGL Background Thread 3 ] DEBUG Engine               - isFullScreenAllowed: false
00:46:50.234 [FXGL Background Thread 3 ] DEBUG Engine               - isFullScreenFromStart: false
00:46:50.234 [FXGL Background Thread 3 ] DEBUG Engine               - isGameMenuEnabled: true
00:46:50.234 [FXGL Background Thread 3 ] DEBUG Engine               - isIOS: false
00:46:50.234 [FXGL Background Thread 3 ] DEBUG Engine               - isIntroEnabled: false
00:46:50.234 [FXGL Background Thread 3 ] DEBUG Engine               - isLinux: false
00:46:50.234 [FXGL Background Thread 3 ] DEBUG Engine               - isMac: false
00:46:50.234 [FXGL Background Thread 3 ] DEBUG Engine               - isMainMenuEnabled: true
00:46:50.234 [FXGL Background Thread 3 ] DEBUG Engine               - isManualResizeEnabled: false
00:46:50.234 [FXGL Background Thread 3 ] DEBUG Engine               - isMobile: false
00:46:50.234 [FXGL Background Thread 3 ] DEBUG Engine               - isNative: false
00:46:50.234 [FXGL Background Thread 3 ] DEBUG Engine               - isPauseMusicWhenMinimized: true
00:46:50.234 [FXGL Background Thread 3 ] DEBUG Engine               - isPreserveResizeRatio: false
00:46:50.234 [FXGL Background Thread 3 ] DEBUG Engine               - isProfilingEnabled: false
00:46:50.234 [FXGL Background Thread 3 ] DEBUG Engine               - isScaleAffectedOnResize: true
00:46:50.234 [FXGL Background Thread 3 ] DEBUG Engine               - isSingleStep: false
00:46:50.234 [FXGL Background Thread 3 ] DEBUG Engine               - isUserProfileEnabled: false
00:46:50.234 [FXGL Background Thread 3 ] DEBUG Engine               - isWindows: true
00:46:50.234 [FXGL Background Thread 3 ] DEBUG Engine               - language: ObjectProperty [value: ENGLISH]
00:46:50.234 [FXGL Background Thread 3 ] DEBUG Engine               - menuKey: ESCAPE
00:46:50.234 [FXGL Background Thread 3 ] DEBUG Engine               - mouseSensitivity: 0.2
00:46:50.235 [FXGL Background Thread 3 ] DEBUG Engine               - notificationViewClass: class com.almasb.fxgl.notification.view.XboxNotificationView
00:46:50.235 [FXGL Background Thread 3 ] DEBUG Engine               - pixelsPerMeter: 50.0
00:46:50.235 [FXGL Background Thread 3 ] DEBUG Engine               - platform: WINDOWS
00:46:50.235 [FXGL Background Thread 3 ] DEBUG Engine               - prefHeightProperty: ReadOnlyDoubleProperty [value: 600.0]
00:46:50.235 [FXGL Background Thread 3 ] DEBUG Engine               - prefWidthProperty: ReadOnlyDoubleProperty [value: 800.0]
00:46:50.235 [FXGL Background Thread 3 ] DEBUG Engine               - profileDir: profiles/
00:46:50.235 [FXGL Background Thread 3 ] DEBUG Engine               - profileName: StringProperty [value: DEFAULT]
00:46:50.235 [FXGL Background Thread 3 ] DEBUG Engine               - randomSeed: -1
00:46:50.235 [FXGL Background Thread 3 ] DEBUG Engine               - runtimeInfo: RuntimeInfo(platform=WINDOWS, version=dev-SNAPSHOT, build=28.07.2021 16.39)
00:46:50.235 [FXGL Background Thread 3 ] DEBUG Engine               - saveFileExt: sav
00:46:50.235 [FXGL Background Thread 3 ] DEBUG Engine               - scaledHeightProp$fxgl: DoubleProperty [bound, value: 600.0]
00:46:50.235 [FXGL Background Thread 3 ] DEBUG Engine               - scaledWidthProp$fxgl: DoubleProperty [bound, value: 800.0]
00:46:50.235 [FXGL Background Thread 3 ] DEBUG Engine               - sceneFactory: com.groupfour.mygame.App$1@6c648199
00:46:50.235 [FXGL Background Thread 3 ] DEBUG Engine               - secondsIn24h: 60
00:46:50.236 [FXGL Background Thread 3 ] DEBUG Engine               - soundMenuBack: menu/back.wav
00:46:50.236 [FXGL Background Thread 3 ] DEBUG Engine               - soundMenuPress: menu/press.wav
00:46:50.236 [FXGL Background Thread 3 ] DEBUG Engine               - soundMenuSelect: menu/select.wav
00:46:50.236 [FXGL Background Thread 3 ] DEBUG Engine               - soundNotification: core/notification.wav
00:46:50.236 [FXGL Background Thread 3 ] DEBUG Engine               - stageStyle: DECORATED
00:46:50.236 [FXGL Background Thread 3 ] DEBUG Engine               - supportedLanguages: [ENGLISH, FRENCH, GERMAN, HUNGARIAN, RUSSIAN]
00:46:50.236 [FXGL Background Thread 3 ] DEBUG Engine               - ticksPerSecond: -1
00:46:50.236 [FXGL Background Thread 3 ] DEBUG Engine               - title: Flatline: Oregon
00:46:50.236 [FXGL Background Thread 3 ] DEBUG Engine               - urlGithub: https://github.com/AlmasB/FXGL
00:46:50.236 [FXGL Background Thread 3 ] DEBUG Engine               - urlLeaderboard: http://fxgl-top.herokuapp.com/
00:46:50.236 [FXGL Background Thread 3 ] DEBUG Engine               - urlPOM: https://raw.githubusercontent.com/AlmasB/FXGL/release/README.md
00:46:50.236 [FXGL Background Thread 3 ] DEBUG Engine               - userAppClass: class com.groupfour.mygame.App
00:46:50.236 [FXGL Background Thread 3 ] DEBUG Engine               - version: Alpha 0.3
00:46:50.236 [FXGL Background Thread 3 ] DEBUG Engine               - versionCheckDays: 7
00:46:50.236 [FXGL Background Thread 3 ] DEBUG Engine               - width: 800
00:46:50.236 [FXGL Background Thread 3 ] DEBUG Engine               - Logging services
00:46:50.236 [FXGL Background Thread 3 ] DEBUG Engine               - class com.almasb.fxgl.app.services.FXGLAssetLoaderService
00:46:50.236 [FXGL Background Thread 3 ] DEBUG Engine               - class com.almasb.fxgl.app.FXGLApplication$GameApplicationService
00:46:50.236 [FXGL Background Thread 3 ] DEBUG Engine               - class com.almasb.fxgl.app.services.FXGLDialogService
00:46:50.236 [FXGL Background Thread 3 ] DEBUG Engine               - class com.almasb.fxgl.app.services.IOTaskExecutorService
00:46:50.236 [FXGL Background Thread 3 ] DEBUG Engine               - class com.almasb.fxgl.io.FileSystemService
00:46:50.236 [FXGL Background Thread 3 ] DEBUG Engine               - class com.almasb.fxgl.localization.LocalizationService
00:46:50.236 [FXGL Background Thread 3 ] DEBUG Engine               - class com.almasb.fxgl.app.services.SystemBundleService
00:46:50.237 [FXGL Background Thread 3 ] DEBUG Engine               - class com.almasb.fxgl.profile.SaveLoadService
00:46:50.237 [FXGL Background Thread 3 ] DEBUG Engine               - class com.almasb.fxgl.ui.FXGLUIFactoryServiceProvider
00:46:50.237 [FXGL Background Thread 3 ] DEBUG Engine               - class com.almasb.fxgl.ui.FXGLDialogFactoryServiceProvider
00:46:50.237 [FXGL Background Thread 3 ] DEBUG Engine               - class com.almasb.fxgl.audio.AudioPlayer
00:46:50.237 [FXGL Background Thread 3 ] DEBUG Engine               - class com.almasb.fxgl.notification.impl.NotificationServiceProvider
00:46:50.237 [FXGL Background Thread 3 ] DEBUG Engine               - class com.almasb.fxgl.achievement.AchievementService
00:46:50.237 [FXGL Background Thread 3 ] DEBUG Engine               - class com.almasb.fxgl.cutscene.CutsceneService
00:46:50.237 [FXGL Background Thread 3 ] DEBUG Engine               - class com.almasb.fxgl.minigames.MiniGameService
00:46:50.237 [FXGL Background Thread 3 ] DEBUG Engine               - class com.almasb.fxgl.net.NetService
00:46:50.237 [FXGL Background Thread 3 ] DEBUG Engine               - class com.almasb.fxgl.app.services.UpdaterService
00:46:50.237 [FXGL Background Thread 3 ] DEBUG Engine               - class com.almasb.fxgl.dev.DevService
00:46:50.237 [FXGL Background Thread 3 ] DEBUG Engine               - class com.almasb.fxgl.multiplayer.MultiplayerService
00:46:51.632 [ServerAsyncConnThread    ] DEBUG Endpoint             - TCPServer opening new connection (1) from /127.0.0.1:58115 type: class com.almasb.fxgl.core.serialization.Bundle
00:46:51.633 [ServerAsyncConnThread    ] DEBUG Endpoint             - TCPServer successfully opened connection (1)
00:46:51.633 [JavaFX Application Thread] DEBUG PrimaryStageWindow   - Pop state: LoadingScreen
00:46:51.633 [JavaFX Application Thread] DEBUG Input                - Clearing active input actions
00:46:51.634 [JavaFX Application Thread] DEBUG GameApplicationServi - Removing overlay from LoadingScreen and adding to PlayerCountMenu
00:46:51.634 [JavaFX Application Thread] DEBUG PrimaryStageWindow   - PlayerCountMenu <- LoadingScreen
00:46:51.634 [JavaFX Application Thread] DEBUG PrimaryStageWindow   - Push state: MultiplayerStart
00:46:51.634 [JavaFX Application Thread] DEBUG Input                - Clearing active input actions
00:46:51.635 [JavaFX Application Thread] DEBUG GameApplicationServi - Removing overlay from PlayerCountMenu and adding to MultiplayerStart
00:46:51.635 [TCPServer_SendThread-1   ] DEBUG Writers              - Getting TCPMessageWriter for class com.almasb.fxgl.core.serialization.Bundle
00:46:51.635 [JavaFX Application Thread] DEBUG PrimaryStageWindow   - PlayerCountMenu -> MultiplayerStart
00:46:51.635 [TCPServer_RecvThread-1   ] DEBUG Readers              - Getting TCPMessageReader for class com.almasb.fxgl.core.serialization.Bundle
00:46:51.636 [TCPServer_SendThread-1   ] DEBUG Writers              - Constructed TCPMessageWriter for class com.almasb.fxgl.core.serialization.Bundle: BundleTCPMessageWriter
00:46:51.636 [TCPServer_RecvThread-1   ] DEBUG Readers              - Constructed MessageReader for class com.almasb.fxgl.core.serialization.Bundle: BundleTCPMessageReader
00:46:54.001 [JavaFX Application Thread] DEBUG FXGLAssetLoaderServi - Loading from file system: file:/C:/Users/Cent/Desktop/CSS124L-LE/CSS124L-FinalExam/CSS124L-FINAL-PROJECT/fp/target/classes/assets/textures/Players/1P_Shoot.png
00:46:54.007 [JavaFX Application Thread] WARN  Entity               - Entity already has component: com.groupfour.Components.AnimationComponent
00:46:54.009 [JavaFX Application Thread] WARN  GameWorld            - Entity is already attached to world
00:46:54.009 [JavaFX Application Thread] WARN  MultiplayerService   - Attempted to network-spawn entity player, but it does not have NetworkComponent
00:46:54.011 [JavaFX Application Thread] WARN  Entity               - Entity already has component: com.groupfour.Components.AnimationComponent
00:46:54.011 [JavaFX Application Thread] WARN  GameWorld            - Entity is already attached to world
00:46:54.011 [JavaFX Application Thread] DEBUG Input                - Registered new binding: Move Upwards - W
00:46:54.011 [JavaFX Application Thread] DEBUG Input                - Registered new binding: Move Down - S
00:46:54.011 [JavaFX Application Thread] DEBUG Input                - Registered new binding: Move Left - A
00:46:54.011 [JavaFX Application Thread] DEBUG Input                - Registered new binding: Move Right - D
00:46:54.011 [JavaFX Application Thread] DEBUG Input                - Registered new binding: Reload - R
00:46:54.011 [JavaFX Application Thread] DEBUG Input                - Registered new binding: Shoot - LMB
00:46:54.011 [JavaFX Application Thread] DEBUG Input                - Registered new binding: Switch Weapons - Q
00:46:54.011 [JavaFX Application Thread] DEBUG Input                - Registered new binding: Interact - F
00:46:54.012 [JavaFX Application Thread] DEBUG PrimaryStageWindow   - Pop state: MultiplayerStart
00:46:54.012 [JavaFX Application Thread] DEBUG Input                - Clearing active input actions
00:46:54.012 [JavaFX Application Thread] DEBUG GameApplicationServi - Removing overlay from MultiplayerStart and adding to PlayerCountMenu
00:46:54.013 [JavaFX Application Thread] DEBUG PrimaryStageWindow   - PlayerCountMenu <- MultiplayerStart
00:46:54.013 [JavaFX Application Thread] DEBUG PrimaryStageWindow   - Pop state: PlayerCountMenu
00:46:54.013 [JavaFX Application Thread] DEBUG Input                - Clearing active input actions
00:46:54.013 [JavaFX Application Thread] DEBUG GameApplicationServi - Removing overlay from PlayerCountMenu and adding to GameScene
00:46:54.013 [JavaFX Application Thread] DEBUG PrimaryStageWindow   - GameScene <- PlayerCountMenu
00:46:56.247 [JavaFX Application Thread] DEBUG Input                - Mocking button press: LMB at 0.0, 0.0
00:46:56.337 [JavaFX Application Thread] DEBUG Input                - Mocking button release: LMB at 0.0, 0.0
00:46:56.639 [JavaFX Application Thread] DEBUG Input                - Mocking key press: D
00:46:56.905 [JavaFX Application Thread] DEBUG Input                - Mocking key release: D
00:46:56.968 [JavaFX Application Thread] DEBUG Input                - Mocking key press: S
00:46:58.030 [JavaFX Application Thread] DEBUG Input                - Mocking key press: D
00:46:58.098 [JavaFX Application Thread] DEBUG Input                - Mocking key release: S
00:46:58.514 [JavaFX Application Thread] DEBUG Input                - Mocking key press: W
00:46:58.626 [JavaFX Application Thread] DEBUG Input                - Mocking key release: D
00:46:58.953 [JavaFX Application Thread] DEBUG Input                - Mocking key press: A
00:46:59.064 [JavaFX Application Thread] DEBUG Input                - Mocking key release: W
00:46:59.418 [JavaFX Application Thread] DEBUG Input                - Mocking key press: S
00:46:59.662 [JavaFX Application Thread] DEBUG Input                - Mocking key release: A
00:46:59.743 [JavaFX Application Thread] DEBUG Input                - Mocking key press: D
00:46:59.841 [JavaFX Application Thread] DEBUG Input                - Mocking key release: S
00:47:00.168 [JavaFX Application Thread] DEBUG Input                - Mocking key release: D
00:47:11.691 [JavaFX Application Thread] DEBUG FXGLApplication      - Exiting FXGL
00:47:11.691 [JavaFX Application Thread] DEBUG LoopRunner           - Stopping loop
00:47:11.692 [JavaFX Application Thread] DEBUG SystemBundleService  - Saving FXGL system data
00:47:11.692 [JavaFX Application Thread] DEBUG FileSystemAccess     - Writing to: c:\Users\Cent\Desktop\CSS124L-LE\CSS124L-FinalExam\CSS124L-FINAL-PROJECT\system\fxgl.bundle
00:47:11.694 [JavaFX Application Thread] DEBUG Async                - Shutting down background threads
00:47:11.694 [JavaFX Application Thread] DEBUG PrimaryStageWindow   - Closing main window
00:47:11.707 [JavaFX Application Thread] DEBUG Logger               - Closing Logger
