00:03:32.636 [main                     ] DEBUG Logger               - Configured Logger
00:03:32.654 [main                     ] DEBUG GameApplication      - Logging settings
Title: Flatline; Miami
Version: Alpha 0.3
Width: 800
Height: 600
Fullscreen: false
Intro: false
Profiling: false
Single step:false
App Mode: DEVELOPER
Menu Key: ESCAPE
Stage Style: DECORATED
Scene Factory: class com.groupfour.mygame.App$1

00:03:32.940 [JavaFX Application Thread] DEBUG FXGLApplication      - Initializing FXGL
00:03:32.941 [JavaFX Application Thread] INFO  Engine               - FXGL-dev-SNAPSHOT (28.07.2021 16.39) on WINDOWS (J:11.0.22 FX:16)
00:03:32.942 [JavaFX Application Thread] DEBUG Engine               - JRE Vendor Name: Oracle Corporation
00:03:32.942 [JavaFX Application Thread] DEBUG Engine               - Running on OS: Windows 11 version 10.0
00:03:32.942 [JavaFX Application Thread] DEBUG Engine               - Architecture: amd64
00:03:32.942 [JavaFX Application Thread] INFO  Engine               - Source code and latest versions at: https://github.com/AlmasB/FXGL
00:03:32.943 [JavaFX Application Thread] INFO  Engine               -              Join the FXGL chat at: https://gitter.im/AlmasB/FXGL
00:03:32.999 [JavaFX Application Thread] DEBUG PrimaryStageWindow   - Creating a JavaFX scene
00:03:33.041 [JavaFX Application Thread] DEBUG PrimaryStageWindow   - Target settings size: 800.0 x 600.0
00:03:33.041 [JavaFX Application Thread] DEBUG PrimaryStageWindow   - Scaled scene size:    800.0 x 600.0
00:03:33.041 [JavaFX Application Thread] DEBUG PrimaryStageWindow   - Scaled ratio: (1.0, 1.0)
00:03:33.042 [JavaFX Application Thread] DEBUG PrimaryStageWindow   - Set initial scene to FXGLStartupScene
00:03:33.046 [JavaFX Application Thread] DEBUG PrimaryStageWindow   - Opening main window
00:03:33.118 [JavaFX Application Thread] DEBUG PrimaryStageWindow   - Window border size: (14.4000244140625, 37.5999755859375)
00:03:33.118 [JavaFX Application Thread] DEBUG PrimaryStageWindow   - Scaled size: 800.0 x 600.0
00:03:33.118 [JavaFX Application Thread] DEBUG PrimaryStageWindow   - Scaled ratio: (1.0, 1.0)
00:03:33.118 [JavaFX Application Thread] DEBUG PrimaryStageWindow   - Scene size: 800.0 x 600.0
00:03:33.118 [JavaFX Application Thread] DEBUG PrimaryStageWindow   - Stage size: 814.4000244140625 x 637.5999755859375
00:03:33.122 [FXGL Background Thread 1 ] DEBUG Engine               - Initializing environment variables
00:03:33.163 [FXGL Background Thread 1 ] DEBUG FXGLAssetLoaderServi - User app class for loading assets: class com.groupfour.mygame.App
00:03:33.163 [FXGL Background Thread 1 ] DEBUG GameApplicationServi - Applying CSS: fxgl_dark.css
00:03:33.164 [FXGL Background Thread 1 ] DEBUG FXGLAssetLoaderServi - Loading from file system: jar:file:///C:/Users/acer/.m2/repository/com/github/almasb/fxgl/dev-SNAPSHOT/fxgl-dev-SNAPSHOT.jar!/fxglassets/ui/css/fxgl_dark.css
00:03:33.214 [FXGL Background Thread 1 ] DEBUG GameApplicationServi - Initializing application scenes
00:03:33.240 [FXGL Background Thread 1 ] DEBUG GameWorld            - Game world initialized
00:03:33.276 [FXGL Background Thread 1 ] DEBUG PhysicsWorld         - Physics world initialized: appHeight=600, physics.ppm=50.0
00:03:33.276 [FXGL Background Thread 1 ] DEBUG PhysicsWorld         - Using strategy: BRUTE_FORCE
00:03:33.278 [FXGL Background Thread 1 ] DEBUG GameScene            - Game scene initialized: 800x600
00:03:33.287 [FXGL Background Thread 1 ] DEBUG FXGL.DefaultMenu     - createMenuBodyMainMenu()
00:03:33.299 [FXGL Background Thread 1 ] DEBUG FXGL.DefaultMenu     - createOptionsMenu()
00:03:33.307 [FXGL Background Thread 1 ] DEBUG FXGLAssetLoaderServi - Loading from file system: jar:file:///C:/Users/acer/.m2/repository/com/github/almasb/fxgl/dev-SNAPSHOT/fxgl-dev-SNAPSHOT.jar!/fxglassets/textures/particles/smoke.png
00:03:33.372 [FXGL Background Thread 1 ] DEBUG FXGLAssetLoaderServi - Loading from file system: jar:file:///C:/Users/acer/.m2/repository/com/github/almasb/fxgl/dev-SNAPSHOT/fxgl-dev-SNAPSHOT.jar!/fxglassets/textures/particles/trace_horizontal.png
00:03:33.396 [FXGL Background Thread 1 ] DEBUG GameApplicationServi - Application scenes initialized
00:03:33.403 [FXGL Background Thread 1 ] DEBUG SystemBundleService  - Loading FXGL system data
00:03:33.407 [FXGL Background Thread 1 ] DEBUG FileSystemAccess     - Reading from: C:\Users\acer\OneDrive\Desktop\git pull\CSS124L-FINAL-PROJECT\system\fxgl.bundle
00:03:33.411 [FXGL Background Thread 1 ] DEBUG SystemBundleService  - Bundle FXGL: {}
00:03:33.412 [FXGL Background Thread 1 ] DEBUG UpdaterService       - Checking for updates
00:03:33.415 [FXGL Background Thread 4 ] DEBUG FXGLApplication      - Loading fonts
00:03:33.415 [FXGL Background Thread 1 ] DEBUG FXGLApplication      - Loading default localization
00:03:33.415 [FXGL Background Thread 4 ] DEBUG FXGLAssetLoaderServi - Loading from file system: jar:file:///C:/Users/acer/.m2/repository/com/github/almasb/fxgl/dev-SNAPSHOT/fxgl-dev-SNAPSHOT.jar!/fxglassets/ui/fonts/VarelaRound-Regular.ttf
00:03:33.416 [FXGL Background Thread 1 ] DEBUG FXGLAssetLoaderServi - Loading from file system: jar:file:///C:/Users/acer/.m2/repository/com/github/almasb/fxgl/dev-SNAPSHOT/fxgl-dev-SNAPSHOT.jar!/fxglassets/languages/english.lang
00:03:33.429 [FXGL Background Thread 1 ] INFO  FXGLApplication      - FXGL initialization took: 0.306 sec
00:03:33.440 [JavaFX Application Thread] DEBUG Input                - Registered new binding: Move Up - W
00:03:33.440 [JavaFX Application Thread] DEBUG Input                - Registered new binding: Move Down - S
00:03:33.440 [JavaFX Application Thread] DEBUG Input                - Registered new binding: Move Left - A
00:03:33.440 [JavaFX Application Thread] DEBUG Input                - Registered new binding: Move Right - D
00:03:33.442 [JavaFX Application Thread] DEBUG Input                - Registered new binding: Start Shooting for Player 1 - LMB
00:03:33.443 [JavaFX Application Thread] DEBUG Input                - Registered new binding: AUTO-0 - W
00:03:33.443 [JavaFX Application Thread] DEBUG Input                - Registered new binding: AUTO-1 - S
00:03:33.444 [JavaFX Application Thread] DEBUG Input                - Registered new binding: AUTO-2 - A
00:03:33.444 [JavaFX Application Thread] DEBUG Input                - Registered new binding: AUTO-3 - D
00:03:33.445 [JavaFX Application Thread] DEBUG Input                - Registered new binding: Start Shooting for Player 2 - LMB
00:03:33.445 [JavaFX Application Thread] DEBUG FXGLAssetLoaderServi - Loading from file system: jar:file:///C:/Users/acer/.m2/repository/com/github/almasb/fxgl/dev-SNAPSHOT/fxgl-dev-SNAPSHOT.jar!/fxglassets/textures/fxgl_icon.png
00:03:33.464 [JavaFX Application Thread] DEBUG FXGLAssetLoaderServi - Loading from file system: jar:file:///C:/Users/acer/.m2/repository/com/github/almasb/fxgl/dev-SNAPSHOT/fxgl-dev-SNAPSHOT.jar!/fxglassets/textures/fxgl_default_cursor.png
00:03:33.466 [JavaFX Application Thread] DEBUG Input                - Registered new binding: Screenshot - CTRL+8
00:03:33.467 [JavaFX Application Thread] DEBUG Input                - Registered new binding: System info dump - CTRL+9
00:03:33.468 [JavaFX Application Thread] DEBUG Input                - Registered new binding: Restart - CTRL+R
00:03:33.469 [JavaFX Application Thread] DEBUG Input                - Registered new binding: Toggle Debug Camera - CTRL+C
00:03:33.471 [JavaFX Application Thread] DEBUG LoopRunner           - Starting loop
00:03:33.471 [JavaFX Application Thread] DEBUG LoopRunner           - Initializing JavaFX AnimationTimerLoop
00:03:33.474 [JavaFX Application Thread] DEBUG Input                - Clearing active input actions
00:03:33.482 [JavaFX Application Thread] DEBUG GameApplicationServi - Removing overlay from FXGLStartupScene and adding to FXGLMainMenuDummyScene
00:03:33.482 [JavaFX Application Thread] DEBUG PrimaryStageWindow   - FXGLStartupScene -> FXGLMainMenuDummyScene
00:03:33.483 [JavaFX Application Thread] DEBUG PrimaryStageWindow   - Push state: FXGLDefaultMenu
00:03:33.486 [JavaFX Application Thread] DEBUG Input                - Clearing active input actions
00:03:33.492 [JavaFX Application Thread] DEBUG GameApplicationServi - Removing overlay from FXGLMainMenuDummyScene and adding to FXGLDefaultMenu
00:03:33.492 [JavaFX Application Thread] DEBUG PrimaryStageWindow   - FXGLMainMenuDummyScene -> FXGLDefaultMenu
00:03:33.802 [FXGL Background Thread 4 ] DEBUG FXGLAssetLoaderServi - Loading from file system: jar:file:///C:/Users/acer/.m2/repository/com/github/almasb/fxgl/dev-SNAPSHOT/fxgl-dev-SNAPSHOT.jar!/fxglassets/ui/fonts/Abel-Regular.ttf
00:03:33.806 [FXGL Background Thread 4 ] DEBUG FXGLAssetLoaderServi - Loading from file system: jar:file:///C:/Users/acer/.m2/repository/com/github/almasb/fxgl/dev-SNAPSHOT/fxgl-dev-SNAPSHOT.jar!/fxglassets/ui/fonts/lucida_console.ttf
00:03:33.812 [FXGL Background Thread 4 ] DEBUG FXGLAssetLoaderServi - Loading from file system: jar:file:///C:/Users/acer/.m2/repository/com/github/almasb/fxgl/dev-SNAPSHOT/fxgl-dev-SNAPSHOT.jar!/fxglassets/ui/fonts/Courier-Prime.ttf
00:03:33.826 [JavaFX Application Thread] DEBUG FXGLApplication      - Registering font factories with UI factory
00:03:34.120 [JavaFX Application Thread] DEBUG Menu                 - fireNewGame()
00:03:34.120 [JavaFX Application Thread] DEBUG GameApplicationServi - Starting new game
00:03:34.122 [JavaFX Application Thread] DEBUG PrimaryStageWindow   - Pop state: FXGLDefaultMenu
00:03:34.122 [JavaFX Application Thread] DEBUG Input                - Clearing active input actions
00:03:34.122 [JavaFX Application Thread] DEBUG GameApplicationServi - Removing overlay from FXGLDefaultMenu and adding to FXGLMainMenuDummyScene
00:03:34.123 [JavaFX Application Thread] DEBUG PrimaryStageWindow   - FXGLMainMenuDummyScene <- FXGLDefaultMenu
00:03:34.123 [JavaFX Application Thread] DEBUG Input                - Clearing active input actions
00:03:34.128 [JavaFX Application Thread] DEBUG GameApplicationServi - Removing overlay from FXGLMainMenuDummyScene and adding to FXGLLoadingScene
00:03:34.128 [JavaFX Application Thread] DEBUG PrimaryStageWindow   - FXGLMainMenuDummyScene -> FXGLLoadingScene
00:03:34.129 [JavaFX Application Thread] DEBUG GameApplicationServi - Clearing previous game
00:03:34.129 [JavaFX Application Thread] DEBUG GameScene            - Clearing game scene
00:03:34.129 [JavaFX Application Thread] DEBUG GameWorld            - Clearing game world
00:03:34.129 [JavaFX Application Thread] DEBUG PhysicsWorld         - Clearing physics world
00:03:34.130 [FXGL Background Thread 4 ] DEBUG FXGLApplication      - Initializing game
00:03:34.133 [FXGL Background Thread 4 ] INFO  FXGLApplication      - Game initialization took: 0.003 sec
00:03:34.140 [JavaFX Application Thread] DEBUG Input                - Clearing active input actions
00:03:34.142 [JavaFX Application Thread] DEBUG GameApplicationServi - Removing overlay from FXGLLoadingScene and adding to GameScene
00:03:34.143 [JavaFX Application Thread] DEBUG PrimaryStageWindow   - FXGLLoadingScene -> GameScene
00:03:34.144 [JavaFX Application Thread] DEBUG PrimaryStageWindow   - Push state: PlayerCountMenu
00:03:34.144 [JavaFX Application Thread] DEBUG Input                - Clearing active input actions
00:03:34.144 [JavaFX Application Thread] DEBUG GameApplicationServi - Removing overlay from GameScene and adding to PlayerCountMenu
00:03:34.145 [JavaFX Application Thread] DEBUG PrimaryStageWindow   - GameScene -> PlayerCountMenu
00:03:34.308 [FXGL Background Thread 2 ] INFO  UpdaterService       - Your current version:  dev-SNAPSHOT
00:03:34.309 [FXGL Background Thread 2 ] INFO  UpdaterService       - Latest stable version: 21.1
00:03:35.606 [JavaFX Application Thread] DEBUG PrimaryStageWindow   - Pop state: PlayerCountMenu
00:03:35.606 [JavaFX Application Thread] DEBUG Input                - Clearing active input actions
00:03:35.606 [JavaFX Application Thread] DEBUG GameApplicationServi - Removing overlay from PlayerCountMenu and adding to GameScene
00:03:35.607 [JavaFX Application Thread] DEBUG PrimaryStageWindow   - GameScene <- PlayerCountMenu
00:03:36.414 [FXGL Background Thread 3 ] DEBUG Engine               - Logging environment variables
00:03:36.414 [FXGL Background Thread 3 ] DEBUG Engine               - achievements: []
00:03:36.414 [FXGL Background Thread 3 ] DEBUG Engine               - actualHeight: 600.0
00:03:36.414 [FXGL Background Thread 3 ] DEBUG Engine               - actualHeightProperty: ReadOnlyDoubleProperty [value: 600.0]
00:03:36.414 [FXGL Background Thread 3 ] DEBUG Engine               - actualWidth: 800.0
00:03:36.414 [FXGL Background Thread 3 ] DEBUG Engine               - actualWidthProperty: ReadOnlyDoubleProperty [value: 800.0]
00:03:36.414 [FXGL Background Thread 3 ] DEBUG Engine               - appIcon: fxgl_icon.png
00:03:36.414 [FXGL Background Thread 3 ] DEBUG Engine               - applicationMode: DEVELOPER
00:03:36.414 [FXGL Background Thread 3 ] DEBUG Engine               - cSSList: [fxgl_dark.css]
00:03:36.414 [FXGL Background Thread 3 ] DEBUG Engine               - collisionDetectionStrategy: BRUTE_FORCE
00:03:36.414 [FXGL Background Thread 3 ] DEBUG Engine               - configClass: Optional.empty
00:03:36.414 [FXGL Background Thread 3 ] DEBUG Engine               - credits: []
00:03:36.414 [FXGL Background Thread 3 ] DEBUG Engine               - defaultCursor: CursorInfo(imageName=fxgl_default_cursor.png, hotspotX=7.0, hotspotY=6.0)
00:03:36.415 [FXGL Background Thread 3 ] DEBUG Engine               - devBBoxColorProperty: ObjectProperty [value: 0xff0000ff]
00:03:36.415 [FXGL Background Thread 3 ] DEBUG Engine               - devEnableDebugCameraProperty: BooleanProperty [value: false]
00:03:36.415 [FXGL Background Thread 3 ] DEBUG Engine               - devSensorColorProperty: ObjectProperty [value: 0xffff00ff]
00:03:36.415 [FXGL Background Thread 3 ] DEBUG Engine               - devShowBBoxProperty: BooleanProperty [value: false]
00:03:36.415 [FXGL Background Thread 3 ] DEBUG Engine               - devShowPositionProperty: BooleanProperty [value: false]
00:03:36.415 [FXGL Background Thread 3 ] DEBUG Engine               - enabledMenuItems: []
00:03:36.415 [FXGL Background Thread 3 ] DEBUG Engine               - engineServices: [class com.almasb.fxgl.app.services.FXGLAssetLoaderService, class com.almasb.fxgl.app.FXGLApplication$GameApplicationService, class com.almasb.fxgl.app.services.FXGLDialogService, class com.almasb.fxgl.app.services.IOTaskExecutorService, class com.almasb.fxgl.io.FileSystemService, class com.almasb.fxgl.localization.LocalizationService, class com.almasb.fxgl.app.services.SystemBundleService, class com.almasb.fxgl.profile.SaveLoadService, class com.almasb.fxgl.ui.FXGLUIFactoryServiceProvider, class com.almasb.fxgl.ui.FXGLDialogFactoryServiceProvider, class com.almasb.fxgl.audio.AudioPlayer, class com.almasb.fxgl.notification.impl.NotificationServiceProvider, class com.almasb.fxgl.achievement.AchievementService, class com.almasb.fxgl.cutscene.CutsceneService, class com.almasb.fxgl.minigames.MiniGameService, class com.almasb.fxgl.net.NetService, class com.almasb.fxgl.app.services.UpdaterService, class com.almasb.fxgl.dev.DevService, class com.almasb.fxgl.multiplayer.MultiplayerService]
00:03:36.415 [FXGL Background Thread 3 ] DEBUG Engine               - fontGame: Abel-Regular.ttf
00:03:36.415 [FXGL Background Thread 3 ] DEBUG Engine               - fontMono: lucida_console.ttf
00:03:36.415 [FXGL Background Thread 3 ] DEBUG Engine               - fontText: Courier-Prime.ttf
00:03:36.415 [FXGL Background Thread 3 ] DEBUG Engine               - fontUI: VarelaRound-Regular.ttf
00:03:36.415 [FXGL Background Thread 3 ] DEBUG Engine               - fullScreen: BooleanProperty [value: false]
00:03:36.415 [FXGL Background Thread 3 ] DEBUG Engine               - gameDifficulty: MEDIUM
00:03:36.415 [FXGL Background Thread 3 ] DEBUG Engine               - gameDifficultyProperty: ObjectProperty [value: MEDIUM]
00:03:36.415 [FXGL Background Thread 3 ] DEBUG Engine               - globalMusicVolume: 0.5
00:03:36.415 [FXGL Background Thread 3 ] DEBUG Engine               - globalMusicVolumeProperty: DoubleProperty [value: 0.5]
00:03:36.415 [FXGL Background Thread 3 ] DEBUG Engine               - globalSoundVolume: 0.5
00:03:36.415 [FXGL Background Thread 3 ] DEBUG Engine               - globalSoundVolumeProperty: DoubleProperty [value: 0.5]
00:03:36.415 [FXGL Background Thread 3 ] DEBUG Engine               - height: 600
00:03:36.415 [FXGL Background Thread 3 ] DEBUG Engine               - is3D: false
00:03:36.415 [FXGL Background Thread 3 ] DEBUG Engine               - isAndroid: false
00:03:36.415 [FXGL Background Thread 3 ] DEBUG Engine               - isBrowser: false
00:03:36.415 [FXGL Background Thread 3 ] DEBUG Engine               - isClickFeedbackEnabled: false
00:03:36.415 [FXGL Background Thread 3 ] DEBUG Engine               - isCloseConfirmation: false
00:03:36.415 [FXGL Background Thread 3 ] DEBUG Engine               - isDesktop: true
00:03:36.415 [FXGL Background Thread 3 ] DEBUG Engine               - isDeveloperMenuEnabled: false
00:03:36.415 [FXGL Background Thread 3 ] DEBUG Engine               - isEmbedded: false
00:03:36.415 [FXGL Background Thread 3 ] DEBUG Engine               - isEntityPreloadEnabled: true
00:03:36.415 [FXGL Background Thread 3 ] DEBUG Engine               - isExperimentalTiledLargeMap: false
00:03:36.415 [FXGL Background Thread 3 ] DEBUG Engine               - isFileSystemWriteAllowed: true
00:03:36.415 [FXGL Background Thread 3 ] DEBUG Engine               - isFullScreenAllowed: false
00:03:36.415 [FXGL Background Thread 3 ] DEBUG Engine               - isFullScreenFromStart: false
00:03:36.416 [FXGL Background Thread 3 ] DEBUG Engine               - isGameMenuEnabled: true
00:03:36.416 [FXGL Background Thread 3 ] DEBUG Engine               - isIOS: false
00:03:36.416 [FXGL Background Thread 3 ] DEBUG Engine               - isIntroEnabled: false
00:03:36.416 [FXGL Background Thread 3 ] DEBUG Engine               - isLinux: false
00:03:36.416 [FXGL Background Thread 3 ] DEBUG Engine               - isMac: false
00:03:36.416 [FXGL Background Thread 3 ] DEBUG Engine               - isMainMenuEnabled: true
00:03:36.416 [FXGL Background Thread 3 ] DEBUG Engine               - isManualResizeEnabled: false
00:03:36.416 [FXGL Background Thread 3 ] DEBUG Engine               - isMobile: false
00:03:36.416 [FXGL Background Thread 3 ] DEBUG Engine               - isNative: false
00:03:36.416 [FXGL Background Thread 3 ] DEBUG Engine               - isPauseMusicWhenMinimized: true
00:03:36.416 [FXGL Background Thread 3 ] DEBUG Engine               - isPreserveResizeRatio: false
00:03:36.416 [FXGL Background Thread 3 ] DEBUG Engine               - isProfilingEnabled: false
00:03:36.416 [FXGL Background Thread 3 ] DEBUG Engine               - isScaleAffectedOnResize: true
00:03:36.416 [FXGL Background Thread 3 ] DEBUG Engine               - isSingleStep: false
00:03:36.416 [FXGL Background Thread 3 ] DEBUG Engine               - isUserProfileEnabled: false
00:03:36.416 [FXGL Background Thread 3 ] DEBUG Engine               - isWindows: true
00:03:36.416 [FXGL Background Thread 3 ] DEBUG Engine               - language: ObjectProperty [value: ENGLISH]
00:03:36.416 [FXGL Background Thread 3 ] DEBUG Engine               - menuKey: ESCAPE
00:03:36.416 [FXGL Background Thread 3 ] DEBUG Engine               - mouseSensitivity: 0.2
00:03:36.416 [FXGL Background Thread 3 ] DEBUG Engine               - notificationViewClass: class com.almasb.fxgl.notification.view.XboxNotificationView
00:03:36.416 [FXGL Background Thread 3 ] DEBUG Engine               - pixelsPerMeter: 50.0
00:03:36.416 [FXGL Background Thread 3 ] DEBUG Engine               - platform: WINDOWS
00:03:36.416 [FXGL Background Thread 3 ] DEBUG Engine               - prefHeightProperty: ReadOnlyDoubleProperty [value: 600.0]
00:03:36.416 [FXGL Background Thread 3 ] DEBUG Engine               - prefWidthProperty: ReadOnlyDoubleProperty [value: 800.0]
00:03:36.416 [FXGL Background Thread 3 ] DEBUG Engine               - profileDir: profiles/
00:03:36.416 [FXGL Background Thread 3 ] DEBUG Engine               - profileName: StringProperty [value: DEFAULT]
00:03:36.417 [FXGL Background Thread 3 ] DEBUG Engine               - randomSeed: -1
00:03:36.417 [FXGL Background Thread 3 ] DEBUG Engine               - runtimeInfo: RuntimeInfo(platform=WINDOWS, version=dev-SNAPSHOT, build=28.07.2021 16.39)
00:03:36.417 [FXGL Background Thread 3 ] DEBUG Engine               - saveFileExt: sav
00:03:36.417 [FXGL Background Thread 3 ] DEBUG Engine               - scaledHeightProp$fxgl: DoubleProperty [bound, value: 600.0]
00:03:36.417 [FXGL Background Thread 3 ] DEBUG Engine               - scaledWidthProp$fxgl: DoubleProperty [bound, value: 800.0]
00:03:36.417 [FXGL Background Thread 3 ] DEBUG Engine               - sceneFactory: com.groupfour.mygame.App$1@ca67df3
00:03:36.417 [FXGL Background Thread 3 ] DEBUG Engine               - secondsIn24h: 60
00:03:36.417 [FXGL Background Thread 3 ] DEBUG Engine               - soundMenuBack: menu/back.wav
00:03:36.417 [FXGL Background Thread 3 ] DEBUG Engine               - soundMenuPress: menu/press.wav
00:03:36.417 [FXGL Background Thread 3 ] DEBUG Engine               - soundMenuSelect: menu/select.wav
00:03:36.417 [FXGL Background Thread 3 ] DEBUG Engine               - soundNotification: core/notification.wav
00:03:36.417 [FXGL Background Thread 3 ] DEBUG Engine               - stageStyle: DECORATED
00:03:36.417 [FXGL Background Thread 3 ] DEBUG Engine               - supportedLanguages: [ENGLISH, FRENCH, GERMAN, HUNGARIAN, RUSSIAN]
00:03:36.417 [FXGL Background Thread 3 ] DEBUG Engine               - ticksPerSecond: -1
00:03:36.417 [FXGL Background Thread 3 ] DEBUG Engine               - title: Flatline; Miami
00:03:36.417 [FXGL Background Thread 3 ] DEBUG Engine               - urlGithub: https://github.com/AlmasB/FXGL
00:03:36.417 [FXGL Background Thread 3 ] DEBUG Engine               - urlLeaderboard: http://fxgl-top.herokuapp.com/
00:03:36.417 [FXGL Background Thread 3 ] DEBUG Engine               - urlPOM: https://raw.githubusercontent.com/AlmasB/FXGL/release/README.md
00:03:36.417 [FXGL Background Thread 3 ] DEBUG Engine               - userAppClass: class com.groupfour.mygame.App
00:03:36.418 [FXGL Background Thread 3 ] DEBUG Engine               - version: Alpha 0.3
00:03:36.418 [FXGL Background Thread 3 ] DEBUG Engine               - versionCheckDays: 7
00:03:36.418 [FXGL Background Thread 3 ] DEBUG Engine               - width: 800
00:03:36.418 [FXGL Background Thread 3 ] DEBUG Engine               - Logging services
00:03:36.418 [FXGL Background Thread 3 ] DEBUG Engine               - class com.almasb.fxgl.app.services.FXGLAssetLoaderService
00:03:36.418 [FXGL Background Thread 3 ] DEBUG Engine               - class com.almasb.fxgl.app.FXGLApplication$GameApplicationService
00:03:36.418 [FXGL Background Thread 3 ] DEBUG Engine               - class com.almasb.fxgl.app.services.FXGLDialogService
00:03:36.418 [FXGL Background Thread 3 ] DEBUG Engine               - class com.almasb.fxgl.app.services.IOTaskExecutorService
00:03:36.418 [FXGL Background Thread 3 ] DEBUG Engine               - class com.almasb.fxgl.io.FileSystemService
00:03:36.418 [FXGL Background Thread 3 ] DEBUG Engine               - class com.almasb.fxgl.localization.LocalizationService
00:03:36.418 [FXGL Background Thread 3 ] DEBUG Engine               - class com.almasb.fxgl.app.services.SystemBundleService
00:03:36.418 [FXGL Background Thread 3 ] DEBUG Engine               - class com.almasb.fxgl.profile.SaveLoadService
00:03:36.418 [FXGL Background Thread 3 ] DEBUG Engine               - class com.almasb.fxgl.ui.FXGLUIFactoryServiceProvider
00:03:36.418 [FXGL Background Thread 3 ] DEBUG Engine               - class com.almasb.fxgl.ui.FXGLDialogFactoryServiceProvider
00:03:36.418 [FXGL Background Thread 3 ] DEBUG Engine               - class com.almasb.fxgl.audio.AudioPlayer
00:03:36.418 [FXGL Background Thread 3 ] DEBUG Engine               - class com.almasb.fxgl.notification.impl.NotificationServiceProvider
00:03:36.419 [FXGL Background Thread 3 ] DEBUG Engine               - class com.almasb.fxgl.achievement.AchievementService
00:03:36.419 [FXGL Background Thread 3 ] DEBUG Engine               - class com.almasb.fxgl.cutscene.CutsceneService
00:03:36.419 [FXGL Background Thread 3 ] DEBUG Engine               - class com.almasb.fxgl.minigames.MiniGameService
00:03:36.419 [FXGL Background Thread 3 ] DEBUG Engine               - class com.almasb.fxgl.net.NetService
00:03:36.419 [FXGL Background Thread 3 ] DEBUG Engine               - class com.almasb.fxgl.app.services.UpdaterService
00:03:36.419 [FXGL Background Thread 3 ] DEBUG Engine               - class com.almasb.fxgl.dev.DevService
00:03:36.419 [FXGL Background Thread 3 ] DEBUG Engine               - class com.almasb.fxgl.multiplayer.MultiplayerService
00:03:42.303 [JavaFX Application Thread] DEBUG PrimaryStageWindow   - Push state: DialogSubScene
00:03:42.303 [JavaFX Application Thread] DEBUG Input                - Clearing active input actions
00:03:42.303 [JavaFX Application Thread] DEBUG GameApplicationServi - Removing overlay from GameScene and adding to DialogSubScene
00:03:42.304 [JavaFX Application Thread] DEBUG PrimaryStageWindow   - GameScene -> DialogSubScene
00:03:43.238 [JavaFX Application Thread] DEBUG PrimaryStageWindow   - Pop state: DialogSubScene
00:03:43.239 [JavaFX Application Thread] DEBUG Input                - Clearing active input actions
00:03:43.239 [JavaFX Application Thread] DEBUG GameApplicationServi - Removing overlay from DialogSubScene and adding to GameScene
00:03:43.239 [JavaFX Application Thread] DEBUG PrimaryStageWindow   - GameScene <- DialogSubScene
00:03:43.239 [JavaFX Application Thread] DEBUG Input                - Clearing active input actions
00:03:43.243 [JavaFX Application Thread] DEBUG GameApplicationServi - Removing overlay from GameScene and adding to FXGLMainMenuDummyScene
00:03:43.243 [JavaFX Application Thread] DEBUG PrimaryStageWindow   - GameScene -> FXGLMainMenuDummyScene
00:03:43.243 [JavaFX Application Thread] DEBUG PrimaryStageWindow   - Push state: FXGLDefaultMenu
00:03:43.243 [JavaFX Application Thread] DEBUG Input                - Clearing active input actions
00:03:43.244 [JavaFX Application Thread] DEBUG GameApplicationServi - Removing overlay from FXGLMainMenuDummyScene and adding to FXGLDefaultMenu
00:03:43.244 [JavaFX Application Thread] DEBUG PrimaryStageWindow   - FXGLMainMenuDummyScene -> FXGLDefaultMenu
00:03:43.907 [JavaFX Application Thread] DEBUG FXGLApplication      - Exiting FXGL
00:03:43.907 [JavaFX Application Thread] DEBUG LoopRunner           - Stopping loop
00:03:43.907 [JavaFX Application Thread] DEBUG SystemBundleService  - Saving FXGL system data
00:03:43.909 [JavaFX Application Thread] DEBUG FileSystemAccess     - Writing to: C:\Users\acer\OneDrive\Desktop\git pull\CSS124L-FINAL-PROJECT\system\fxgl.bundle
00:03:43.911 [JavaFX Application Thread] DEBUG Async                - Shutting down background threads
00:03:43.911 [JavaFX Application Thread] DEBUG PrimaryStageWindow   - Closing main window
00:03:43.924 [JavaFX Application Thread] DEBUG Logger               - Closing Logger
