18:41:53.167 [main                     ] DEBUG Logger               - Configured Logger
18:41:53.187 [main                     ] DEBUG GameApplication      - Logging settings
Title: Flatline: Oregon
Version: 0.0
Width: 800
Height: 600
Fullscreen: false
Intro: false
Profiling: false
Single step:false
App Mode: DEVELOPER
Menu Key: ESCAPE
Stage Style: DECORATED
Scene Factory: class com.groupfour.mygame.App$1

18:41:54.210 [JavaFX Application Thread] DEBUG FXGLApplication      - Initializing FXGL
18:41:54.214 [JavaFX Application Thread] INFO  Engine               - FXGL-dev-SNAPSHOT (28.07.2021 16.39) on WINDOWS (J:11.0.22 FX:16)
18:41:54.216 [JavaFX Application Thread] DEBUG Engine               - JRE Vendor Name: Oracle Corporation
18:41:54.216 [JavaFX Application Thread] DEBUG Engine               - Running on OS: Windows 11 version 10.0
18:41:54.216 [JavaFX Application Thread] DEBUG Engine               - Architecture: amd64
18:41:54.216 [JavaFX Application Thread] INFO  Engine               - Source code and latest versions at: https://github.com/AlmasB/FXGL
18:41:54.216 [JavaFX Application Thread] INFO  Engine               -              Join the FXGL chat at: https://gitter.im/AlmasB/FXGL
18:41:54.297 [JavaFX Application Thread] DEBUG PrimaryStageWindow   - Creating a JavaFX scene
18:41:54.347 [JavaFX Application Thread] DEBUG PrimaryStageWindow   - Target settings size: 800.0 x 600.0
18:41:54.347 [JavaFX Application Thread] DEBUG PrimaryStageWindow   - Scaled scene size:    800.0 x 600.0
18:41:54.348 [JavaFX Application Thread] DEBUG PrimaryStageWindow   - Scaled ratio: (1.0, 1.0)
18:41:54.348 [JavaFX Application Thread] DEBUG PrimaryStageWindow   - Set initial scene to FXGLStartupScene
18:41:54.354 [JavaFX Application Thread] DEBUG PrimaryStageWindow   - Opening main window
18:41:55.690 [JavaFX Application Thread] DEBUG PrimaryStageWindow   - Window border size: (14.4000244140625, 37.5999755859375)
18:41:55.691 [JavaFX Application Thread] DEBUG PrimaryStageWindow   - Scaled size: 800.0 x 600.0
18:41:55.691 [JavaFX Application Thread] DEBUG PrimaryStageWindow   - Scaled ratio: (1.0, 1.0)
18:41:55.691 [JavaFX Application Thread] DEBUG PrimaryStageWindow   - Scene size: 800.0 x 600.0
18:41:55.691 [JavaFX Application Thread] DEBUG PrimaryStageWindow   - Stage size: 814.4000244140625 x 637.5999755859375
18:41:55.695 [FXGL Background Thread 1 ] DEBUG Engine               - Initializing environment variables
18:41:55.729 [FXGL Background Thread 1 ] DEBUG FXGLAssetLoaderServi - User app class for loading assets: class com.groupfour.mygame.App
18:41:55.729 [FXGL Background Thread 1 ] DEBUG GameApplicationServi - Applying CSS: fxgl_dark.css
18:41:55.729 [FXGL Background Thread 1 ] DEBUG FXGLAssetLoaderServi - Loading from file system: jar:file:///C:/Users/acer/.m2/repository/com/github/almasb/fxgl/dev-SNAPSHOT/fxgl-dev-SNAPSHOT.jar!/fxglassets/ui/css/fxgl_dark.css
18:41:55.790 [FXGL Background Thread 1 ] DEBUG GameApplicationServi - Initializing application scenes
18:41:55.837 [FXGL Background Thread 1 ] DEBUG GameWorld            - Game world initialized
18:41:55.915 [FXGL Background Thread 1 ] DEBUG PhysicsWorld         - Physics world initialized: appHeight=600, physics.ppm=50.0
18:41:55.916 [FXGL Background Thread 1 ] DEBUG PhysicsWorld         - Using strategy: BRUTE_FORCE
18:41:55.919 [FXGL Background Thread 1 ] DEBUG GameScene            - Game scene initialized: 800x600
18:41:55.935 [FXGL Background Thread 1 ] DEBUG FXGL.DefaultMenu     - createMenuBodyMainMenu()
18:41:55.958 [FXGL Background Thread 1 ] DEBUG FXGL.DefaultMenu     - createOptionsMenu()
18:41:55.972 [FXGL Background Thread 1 ] DEBUG FXGLAssetLoaderServi - Loading from file system: jar:file:///C:/Users/acer/.m2/repository/com/github/almasb/fxgl/dev-SNAPSHOT/fxgl-dev-SNAPSHOT.jar!/fxglassets/textures/particles/smoke.png
18:41:56.104 [FXGL Background Thread 1 ] DEBUG FXGLAssetLoaderServi - Loading from file system: jar:file:///C:/Users/acer/.m2/repository/com/github/almasb/fxgl/dev-SNAPSHOT/fxgl-dev-SNAPSHOT.jar!/fxglassets/textures/particles/trace_horizontal.png
18:41:56.158 [FXGL Background Thread 1 ] DEBUG FXGLAssetLoaderServi - Loading from file system: file:/C:/Users/acer/OneDrive/Desktop/git%20pull/CSS124L-FINAL-PROJECT/fp/target/classes/assets/textures/spbtn.png
18:41:56.184 [FXGL Background Thread 1 ] DEBUG FXGLAssetLoaderServi - Loading from file system: file:/C:/Users/acer/OneDrive/Desktop/git%20pull/CSS124L-FINAL-PROJECT/fp/target/classes/assets/textures/mm.png
18:41:56.195 [FXGL Background Thread 1 ] DEBUG GameApplicationServi - Application scenes initialized
18:41:56.209 [FXGL Background Thread 1 ] DEBUG SystemBundleService  - Loading FXGL system data
18:41:56.217 [FXGL Background Thread 1 ] DEBUG FileSystemAccess     - Reading from: C:\Users\acer\OneDrive\Desktop\git pull\CSS124L-FINAL-PROJECT\system\fxgl.bundle
18:41:56.222 [FXGL Background Thread 1 ] DEBUG SystemBundleService  - Bundle FXGL: {}
18:41:56.222 [FXGL Background Thread 1 ] DEBUG UpdaterService       - Checking for updates
18:41:56.228 [FXGL Background Thread 4 ] DEBUG FXGLApplication      - Loading fonts
18:41:56.228 [FXGL Background Thread 1 ] DEBUG FXGLApplication      - Loading default localization
18:41:56.228 [FXGL Background Thread 4 ] DEBUG FXGLAssetLoaderServi - Loading from file system: jar:file:///C:/Users/acer/.m2/repository/com/github/almasb/fxgl/dev-SNAPSHOT/fxgl-dev-SNAPSHOT.jar!/fxglassets/ui/fonts/VarelaRound-Regular.ttf
18:41:56.229 [FXGL Background Thread 1 ] DEBUG FXGLAssetLoaderServi - Loading from file system: jar:file:///C:/Users/acer/.m2/repository/com/github/almasb/fxgl/dev-SNAPSHOT/fxgl-dev-SNAPSHOT.jar!/fxglassets/languages/english.lang
18:41:56.244 [FXGL Background Thread 1 ] INFO  FXGLApplication      - FXGL initialization took: 0.548 sec
18:41:56.258 [JavaFX Application Thread] DEBUG Input                - Registered new binding: Move Upwards - W
18:41:56.258 [JavaFX Application Thread] DEBUG Input                - Registered new binding: Move Down - S
18:41:56.258 [JavaFX Application Thread] DEBUG Input                - Registered new binding: Move Left - A
18:41:56.259 [JavaFX Application Thread] DEBUG Input                - Registered new binding: Move Right - D
18:41:56.259 [JavaFX Application Thread] DEBUG Input                - Registered new binding: Reload - R
18:41:56.260 [JavaFX Application Thread] DEBUG Input                - Registered new binding: Shoot - LMB
18:41:56.261 [JavaFX Application Thread] DEBUG Input                - Registered new binding: Switch Weapons - Q
18:41:56.261 [JavaFX Application Thread] DEBUG Input                - Registered new binding: Interact - F
18:41:56.261 [JavaFX Application Thread] DEBUG Input                - Registered new binding: Sprint - Space
18:41:56.263 [JavaFX Application Thread] DEBUG Input                - Registered new binding: Game Menu - Esc
18:41:56.263 [JavaFX Application Thread] DEBUG FXGLAssetLoaderServi - Loading from file system: file:/C:/Users/acer/OneDrive/Desktop/git%20pull/CSS124L-FINAL-PROJECT/fp/target/classes/assets/music/titleBGM.mp3
18:41:56.451 [JavaFX Application Thread] DEBUG AudioPlayer          - Playing music com.almasb.fxgl.audio.Music@3a00e432
18:41:56.451 [JavaFX Application Thread] DEBUG FXGLAssetLoaderServi - Loading from file system: jar:file:///C:/Users/acer/.m2/repository/com/github/almasb/fxgl/dev-SNAPSHOT/fxgl-dev-SNAPSHOT.jar!/fxglassets/textures/fxgl_icon.png
18:41:56.468 [JavaFX Application Thread] DEBUG FXGLAssetLoaderServi - Loading from file system: jar:file:///C:/Users/acer/.m2/repository/com/github/almasb/fxgl/dev-SNAPSHOT/fxgl-dev-SNAPSHOT.jar!/fxglassets/textures/fxgl_default_cursor.png
18:41:56.470 [JavaFX Application Thread] DEBUG Input                - Registered new binding: Screenshot - CTRL+8
18:41:56.470 [JavaFX Application Thread] DEBUG Input                - Registered new binding: System info dump - CTRL+9
18:41:56.471 [JavaFX Application Thread] DEBUG Input                - Registered new binding: Restart - CTRL+R
18:41:56.472 [JavaFX Application Thread] DEBUG Input                - Registered new binding: Toggle Debug Camera - CTRL+C
18:41:56.474 [JavaFX Application Thread] DEBUG LoopRunner           - Starting loop
18:41:56.474 [JavaFX Application Thread] DEBUG LoopRunner           - Initializing JavaFX AnimationTimerLoop
18:41:56.476 [JavaFX Application Thread] DEBUG Input                - Clearing active input actions
18:41:56.486 [JavaFX Application Thread] DEBUG GameApplicationServi - Removing overlay from FXGLStartupScene and adding to FXGLMainMenuDummyScene
18:41:56.487 [JavaFX Application Thread] DEBUG PrimaryStageWindow   - FXGLStartupScene -> FXGLMainMenuDummyScene
18:41:56.487 [JavaFX Application Thread] DEBUG PrimaryStageWindow   - Push state: FXGLDefaultMenu
18:41:56.490 [JavaFX Application Thread] DEBUG Input                - Clearing active input actions
18:41:56.508 [JavaFX Application Thread] DEBUG GameApplicationServi - Removing overlay from FXGLMainMenuDummyScene and adding to FXGLDefaultMenu
18:41:56.509 [JavaFX Application Thread] DEBUG PrimaryStageWindow   - FXGLMainMenuDummyScene -> FXGLDefaultMenu
18:41:56.836 [FXGL Background Thread 4 ] DEBUG FXGLAssetLoaderServi - Loading from file system: jar:file:///C:/Users/acer/.m2/repository/com/github/almasb/fxgl/dev-SNAPSHOT/fxgl-dev-SNAPSHOT.jar!/fxglassets/ui/fonts/Abel-Regular.ttf
18:41:56.841 [FXGL Background Thread 4 ] DEBUG FXGLAssetLoaderServi - Loading from file system: jar:file:///C:/Users/acer/.m2/repository/com/github/almasb/fxgl/dev-SNAPSHOT/fxgl-dev-SNAPSHOT.jar!/fxglassets/ui/fonts/lucida_console.ttf
18:41:56.847 [FXGL Background Thread 4 ] DEBUG FXGLAssetLoaderServi - Loading from file system: jar:file:///C:/Users/acer/.m2/repository/com/github/almasb/fxgl/dev-SNAPSHOT/fxgl-dev-SNAPSHOT.jar!/fxglassets/ui/fonts/Courier-Prime.ttf
18:41:56.870 [JavaFX Application Thread] DEBUG FXGLApplication      - Registering font factories with UI factory
18:41:57.199 [FXGL Background Thread 2 ] INFO  UpdaterService       - Your current version:  dev-SNAPSHOT
18:41:57.201 [FXGL Background Thread 2 ] INFO  UpdaterService       - Latest stable version: 21.1
18:41:59.226 [FXGL Background Thread 3 ] DEBUG Engine               - Logging environment variables
18:41:59.227 [FXGL Background Thread 3 ] DEBUG Engine               - achievements: []
18:41:59.227 [FXGL Background Thread 3 ] DEBUG Engine               - actualHeight: 600.0
18:41:59.227 [FXGL Background Thread 3 ] DEBUG Engine               - actualHeightProperty: ReadOnlyDoubleProperty [value: 600.0]
18:41:59.227 [FXGL Background Thread 3 ] DEBUG Engine               - actualWidth: 800.0
18:41:59.227 [FXGL Background Thread 3 ] DEBUG Engine               - actualWidthProperty: ReadOnlyDoubleProperty [value: 800.0]
18:41:59.227 [FXGL Background Thread 3 ] DEBUG Engine               - appIcon: fxgl_icon.png
18:41:59.227 [FXGL Background Thread 3 ] DEBUG Engine               - applicationMode: DEVELOPER
18:41:59.227 [FXGL Background Thread 3 ] DEBUG Engine               - cSSList: [fxgl_dark.css]
18:41:59.227 [FXGL Background Thread 3 ] DEBUG Engine               - collisionDetectionStrategy: BRUTE_FORCE
18:41:59.227 [FXGL Background Thread 3 ] DEBUG Engine               - configClass: Optional.empty
18:41:59.227 [FXGL Background Thread 3 ] DEBUG Engine               - credits: []
18:41:59.228 [FXGL Background Thread 3 ] DEBUG Engine               - defaultCursor: CursorInfo(imageName=fxgl_default_cursor.png, hotspotX=7.0, hotspotY=6.0)
18:41:59.228 [FXGL Background Thread 3 ] DEBUG Engine               - devBBoxColorProperty: ObjectProperty [value: 0xff0000ff]
18:41:59.228 [FXGL Background Thread 3 ] DEBUG Engine               - devEnableDebugCameraProperty: BooleanProperty [value: false]
18:41:59.228 [FXGL Background Thread 3 ] DEBUG Engine               - devSensorColorProperty: ObjectProperty [value: 0xffff00ff]
18:41:59.228 [FXGL Background Thread 3 ] DEBUG Engine               - devShowBBoxProperty: BooleanProperty [value: false]
18:41:59.228 [FXGL Background Thread 3 ] DEBUG Engine               - devShowPositionProperty: BooleanProperty [value: false]
18:41:59.228 [FXGL Background Thread 3 ] DEBUG Engine               - enabledMenuItems: []
18:41:59.228 [FXGL Background Thread 3 ] DEBUG Engine               - engineServices: [class com.almasb.fxgl.app.services.FXGLAssetLoaderService, class com.almasb.fxgl.app.FXGLApplication$GameApplicationService, class com.almasb.fxgl.app.services.FXGLDialogService, class com.almasb.fxgl.app.services.IOTaskExecutorService, class com.almasb.fxgl.io.FileSystemService, class com.almasb.fxgl.localization.LocalizationService, class com.almasb.fxgl.app.services.SystemBundleService, class com.almasb.fxgl.profile.SaveLoadService, class com.almasb.fxgl.ui.FXGLUIFactoryServiceProvider, class com.almasb.fxgl.ui.FXGLDialogFactoryServiceProvider, class com.almasb.fxgl.audio.AudioPlayer, class com.almasb.fxgl.notification.impl.NotificationServiceProvider, class com.almasb.fxgl.achievement.AchievementService, class com.almasb.fxgl.cutscene.CutsceneService, class com.almasb.fxgl.minigames.MiniGameService, class com.almasb.fxgl.net.NetService, class com.almasb.fxgl.app.services.UpdaterService, class com.almasb.fxgl.dev.DevService, class com.almasb.fxgl.multiplayer.MultiplayerService]
18:41:59.228 [FXGL Background Thread 3 ] DEBUG Engine               - fontGame: Abel-Regular.ttf
18:41:59.228 [FXGL Background Thread 3 ] DEBUG Engine               - fontMono: lucida_console.ttf
18:41:59.228 [FXGL Background Thread 3 ] DEBUG Engine               - fontText: Courier-Prime.ttf
18:41:59.228 [FXGL Background Thread 3 ] DEBUG Engine               - fontUI: VarelaRound-Regular.ttf
18:41:59.228 [FXGL Background Thread 3 ] DEBUG Engine               - fullScreen: BooleanProperty [value: false]
18:41:59.228 [FXGL Background Thread 3 ] DEBUG Engine               - gameDifficulty: MEDIUM
18:41:59.228 [FXGL Background Thread 3 ] DEBUG Engine               - gameDifficultyProperty: ObjectProperty [value: MEDIUM]
18:41:59.228 [FXGL Background Thread 3 ] DEBUG Engine               - globalMusicVolume: 0.5
18:41:59.228 [FXGL Background Thread 3 ] DEBUG Engine               - globalMusicVolumeProperty: DoubleProperty [value: 0.5]
18:41:59.228 [FXGL Background Thread 3 ] DEBUG Engine               - globalSoundVolume: 0.5
18:41:59.228 [FXGL Background Thread 3 ] DEBUG Engine               - globalSoundVolumeProperty: DoubleProperty [value: 0.5]
18:41:59.228 [FXGL Background Thread 3 ] DEBUG Engine               - height: 600
18:41:59.229 [FXGL Background Thread 3 ] DEBUG Engine               - is3D: false
18:41:59.229 [FXGL Background Thread 3 ] DEBUG Engine               - isAndroid: false
18:41:59.229 [FXGL Background Thread 3 ] DEBUG Engine               - isBrowser: false
18:41:59.229 [FXGL Background Thread 3 ] DEBUG Engine               - isClickFeedbackEnabled: false
18:41:59.229 [FXGL Background Thread 3 ] DEBUG Engine               - isCloseConfirmation: false
18:41:59.229 [FXGL Background Thread 3 ] DEBUG Engine               - isDesktop: true
18:41:59.229 [FXGL Background Thread 3 ] DEBUG Engine               - isDeveloperMenuEnabled: false
18:41:59.229 [FXGL Background Thread 3 ] DEBUG Engine               - isEmbedded: false
18:41:59.229 [FXGL Background Thread 3 ] DEBUG Engine               - isEntityPreloadEnabled: true
18:41:59.229 [FXGL Background Thread 3 ] DEBUG Engine               - isExperimentalTiledLargeMap: false
18:41:59.229 [FXGL Background Thread 3 ] DEBUG Engine               - isFileSystemWriteAllowed: true
18:41:59.229 [FXGL Background Thread 3 ] DEBUG Engine               - isFullScreenAllowed: false
18:41:59.229 [FXGL Background Thread 3 ] DEBUG Engine               - isFullScreenFromStart: false
18:41:59.229 [FXGL Background Thread 3 ] DEBUG Engine               - isGameMenuEnabled: true
18:41:59.229 [FXGL Background Thread 3 ] DEBUG Engine               - isIOS: false
18:41:59.229 [FXGL Background Thread 3 ] DEBUG Engine               - isIntroEnabled: false
18:41:59.229 [FXGL Background Thread 3 ] DEBUG Engine               - isLinux: false
18:41:59.229 [FXGL Background Thread 3 ] DEBUG Engine               - isMac: false
18:41:59.229 [FXGL Background Thread 3 ] DEBUG Engine               - isMainMenuEnabled: true
18:41:59.229 [FXGL Background Thread 3 ] DEBUG Engine               - isManualResizeEnabled: false
18:41:59.230 [FXGL Background Thread 3 ] DEBUG Engine               - isMobile: false
18:41:59.230 [FXGL Background Thread 3 ] DEBUG Engine               - isNative: false
18:41:59.230 [FXGL Background Thread 3 ] DEBUG Engine               - isPauseMusicWhenMinimized: true
18:41:59.230 [FXGL Background Thread 3 ] DEBUG Engine               - isPreserveResizeRatio: false
18:41:59.230 [FXGL Background Thread 3 ] DEBUG Engine               - isProfilingEnabled: false
18:41:59.230 [FXGL Background Thread 3 ] DEBUG Engine               - isScaleAffectedOnResize: true
18:41:59.230 [FXGL Background Thread 3 ] DEBUG Engine               - isSingleStep: false
18:41:59.230 [FXGL Background Thread 3 ] DEBUG Engine               - isUserProfileEnabled: false
18:41:59.230 [FXGL Background Thread 3 ] DEBUG Engine               - isWindows: true
18:41:59.230 [FXGL Background Thread 3 ] DEBUG Engine               - language: ObjectProperty [value: ENGLISH]
18:41:59.230 [FXGL Background Thread 3 ] DEBUG Engine               - menuKey: ESCAPE
18:41:59.230 [FXGL Background Thread 3 ] DEBUG Engine               - mouseSensitivity: 0.2
18:41:59.230 [FXGL Background Thread 3 ] DEBUG Engine               - notificationViewClass: class com.almasb.fxgl.notification.view.XboxNotificationView
18:41:59.230 [FXGL Background Thread 3 ] DEBUG Engine               - pixelsPerMeter: 50.0
18:41:59.230 [FXGL Background Thread 3 ] DEBUG Engine               - platform: WINDOWS
18:41:59.230 [FXGL Background Thread 3 ] DEBUG Engine               - prefHeightProperty: ReadOnlyDoubleProperty [value: 600.0]
18:41:59.230 [FXGL Background Thread 3 ] DEBUG Engine               - prefWidthProperty: ReadOnlyDoubleProperty [value: 800.0]
18:41:59.230 [FXGL Background Thread 3 ] DEBUG Engine               - profileDir: profiles/
18:41:59.230 [FXGL Background Thread 3 ] DEBUG Engine               - profileName: StringProperty [value: DEFAULT]
18:41:59.230 [FXGL Background Thread 3 ] DEBUG Engine               - randomSeed: -1
18:41:59.230 [FXGL Background Thread 3 ] DEBUG Engine               - runtimeInfo: RuntimeInfo(platform=WINDOWS, version=dev-SNAPSHOT, build=28.07.2021 16.39)
18:41:59.230 [FXGL Background Thread 3 ] DEBUG Engine               - saveFileExt: sav
18:41:59.230 [FXGL Background Thread 3 ] DEBUG Engine               - scaledHeightProp$fxgl: DoubleProperty [bound, value: 600.0]
18:41:59.230 [FXGL Background Thread 3 ] DEBUG Engine               - scaledWidthProp$fxgl: DoubleProperty [bound, value: 800.0]
18:41:59.230 [FXGL Background Thread 3 ] DEBUG Engine               - sceneFactory: com.groupfour.mygame.App$1@430adc27
18:41:59.230 [FXGL Background Thread 3 ] DEBUG Engine               - secondsIn24h: 60
18:41:59.230 [FXGL Background Thread 3 ] DEBUG Engine               - soundMenuBack: menu/back.wav
18:41:59.230 [FXGL Background Thread 3 ] DEBUG Engine               - soundMenuPress: menu/press.wav
18:41:59.230 [FXGL Background Thread 3 ] DEBUG Engine               - soundMenuSelect: menu/select.wav
18:41:59.230 [FXGL Background Thread 3 ] DEBUG Engine               - soundNotification: core/notification.wav
18:41:59.231 [FXGL Background Thread 3 ] DEBUG Engine               - stageStyle: DECORATED
18:41:59.231 [FXGL Background Thread 3 ] DEBUG Engine               - supportedLanguages: [ENGLISH, FRENCH, GERMAN, HUNGARIAN, RUSSIAN]
18:41:59.231 [FXGL Background Thread 3 ] DEBUG Engine               - ticksPerSecond: -1
18:41:59.231 [FXGL Background Thread 3 ] DEBUG Engine               - title: Flatline: Oregon
18:41:59.231 [FXGL Background Thread 3 ] DEBUG Engine               - urlGithub: https://github.com/AlmasB/FXGL
18:41:59.231 [FXGL Background Thread 3 ] DEBUG Engine               - urlLeaderboard: http://fxgl-top.herokuapp.com/
18:41:59.231 [FXGL Background Thread 3 ] DEBUG Engine               - urlPOM: https://raw.githubusercontent.com/AlmasB/FXGL/release/README.md
18:41:59.231 [FXGL Background Thread 3 ] DEBUG Engine               - userAppClass: class com.groupfour.mygame.App
18:41:59.231 [FXGL Background Thread 3 ] DEBUG Engine               - version: 0.0
18:41:59.231 [FXGL Background Thread 3 ] DEBUG Engine               - versionCheckDays: 7
18:41:59.231 [FXGL Background Thread 3 ] DEBUG Engine               - width: 800
18:41:59.231 [FXGL Background Thread 3 ] DEBUG Engine               - Logging services
18:41:59.231 [FXGL Background Thread 3 ] DEBUG Engine               - class com.almasb.fxgl.app.services.FXGLAssetLoaderService
18:41:59.231 [FXGL Background Thread 3 ] DEBUG Engine               - class com.almasb.fxgl.app.FXGLApplication$GameApplicationService
18:41:59.231 [FXGL Background Thread 3 ] DEBUG Engine               - class com.almasb.fxgl.app.services.FXGLDialogService
18:41:59.231 [FXGL Background Thread 3 ] DEBUG Engine               - class com.almasb.fxgl.app.services.IOTaskExecutorService
18:41:59.231 [FXGL Background Thread 3 ] DEBUG Engine               - class com.almasb.fxgl.io.FileSystemService
18:41:59.232 [FXGL Background Thread 3 ] DEBUG Engine               - class com.almasb.fxgl.localization.LocalizationService
18:41:59.232 [FXGL Background Thread 3 ] DEBUG Engine               - class com.almasb.fxgl.app.services.SystemBundleService
18:41:59.232 [FXGL Background Thread 3 ] DEBUG Engine               - class com.almasb.fxgl.profile.SaveLoadService
18:41:59.232 [FXGL Background Thread 3 ] DEBUG Engine               - class com.almasb.fxgl.ui.FXGLUIFactoryServiceProvider
18:41:59.232 [FXGL Background Thread 3 ] DEBUG Engine               - class com.almasb.fxgl.ui.FXGLDialogFactoryServiceProvider
18:41:59.232 [FXGL Background Thread 3 ] DEBUG Engine               - class com.almasb.fxgl.audio.AudioPlayer
18:41:59.232 [FXGL Background Thread 3 ] DEBUG Engine               - class com.almasb.fxgl.notification.impl.NotificationServiceProvider
18:41:59.232 [FXGL Background Thread 3 ] DEBUG Engine               - class com.almasb.fxgl.achievement.AchievementService
18:41:59.232 [FXGL Background Thread 3 ] DEBUG Engine               - class com.almasb.fxgl.cutscene.CutsceneService
18:41:59.232 [FXGL Background Thread 3 ] DEBUG Engine               - class com.almasb.fxgl.minigames.MiniGameService
18:41:59.232 [FXGL Background Thread 3 ] DEBUG Engine               - class com.almasb.fxgl.net.NetService
18:41:59.232 [FXGL Background Thread 3 ] DEBUG Engine               - class com.almasb.fxgl.app.services.UpdaterService
18:41:59.233 [FXGL Background Thread 3 ] DEBUG Engine               - class com.almasb.fxgl.dev.DevService
18:41:59.233 [FXGL Background Thread 3 ] DEBUG Engine               - class com.almasb.fxgl.multiplayer.MultiplayerService
18:42:11.696 [JavaFX Application Thread] DEBUG Menu                 - fireNewGame()
18:42:11.696 [JavaFX Application Thread] DEBUG GameApplicationServi - Starting new game
18:42:11.697 [JavaFX Application Thread] DEBUG PrimaryStageWindow   - Pop state: FXGLDefaultMenu
18:42:11.697 [JavaFX Application Thread] DEBUG Input                - Clearing active input actions
18:42:11.698 [JavaFX Application Thread] DEBUG GameApplicationServi - Removing overlay from FXGLDefaultMenu and adding to FXGLMainMenuDummyScene
18:42:11.698 [JavaFX Application Thread] DEBUG PrimaryStageWindow   - FXGLMainMenuDummyScene <- FXGLDefaultMenu
18:42:11.698 [JavaFX Application Thread] DEBUG Input                - Clearing active input actions
18:42:11.702 [JavaFX Application Thread] DEBUG GameApplicationServi - Removing overlay from FXGLMainMenuDummyScene and adding to FXGLLoadingScene
18:42:11.702 [JavaFX Application Thread] DEBUG PrimaryStageWindow   - FXGLMainMenuDummyScene -> FXGLLoadingScene
18:42:11.702 [JavaFX Application Thread] DEBUG GameApplicationServi - Clearing previous game
18:42:11.702 [JavaFX Application Thread] DEBUG GameScene            - Clearing game scene
18:42:11.702 [JavaFX Application Thread] DEBUG GameWorld            - Clearing game world
18:42:11.702 [JavaFX Application Thread] DEBUG PhysicsWorld         - Clearing physics world
18:42:11.703 [FXGL Background Thread 2 ] DEBUG FXGLApplication      - Initializing game
18:42:11.739 [FXGL Background Thread 2 ] WARN  TMXLevelLoader       - TiledMap generated from 1.11.0. Supported version: 1.2.3. Some features may not be parsed fully.
18:42:11.755 [FXGL Background Thread 2 ] DEBUG TMXLevelLoader       - Parsed TiledMap: file:/C:/Users/acer/OneDrive/Desktop/git%20pull/CSS124L-FINAL-PROJECT/fp/target/classes/assets/levels/Warehouse.tmx
18:42:11.757 [FXGL Background Thread 2 ] DEBUG TMXLevelLoader       - Creating tile layer entities
18:42:11.758 [FXGL Background Thread 2 ] DEBUG TilesetLoader        - Loading view for layer Floor
18:42:11.765 [FXGL Background Thread 2 ] DEBUG TilesetLoader        - Created buffer with size 2240.0x1600.0
18:42:11.780 [FXGL Background Thread 2 ] DEBUG TilesetLoader        - Loading view for layer Wall
18:42:11.787 [FXGL Background Thread 2 ] DEBUG TilesetLoader        - Created buffer with size 2240.0x1600.0
18:42:11.804 [FXGL Background Thread 2 ] DEBUG TilesetLoader        - Loading view for layer Props
18:42:11.820 [FXGL Background Thread 2 ] DEBUG TilesetLoader        - Created buffer with size 2240.0x1600.0
18:42:11.833 [FXGL Background Thread 2 ] DEBUG TMXLevelLoader       - Creating object layer entities
18:42:11.861 [FXGL Background Thread 2 ] DEBUG GameWorld            - Clearing removable entities
18:42:11.861 [FXGL Background Thread 2 ] DEBUG GameWorld            - Setting level: com.almasb.fxgl.entity.level.Level@2e1bb12b
18:42:11.867 [FXGL Background Thread 2 ] DEBUG FXGLAssetLoaderServi - Loading from file system: file:/C:/Users/acer/OneDrive/Desktop/git%20pull/CSS124L-FINAL-PROJECT/fp/target/classes/assets/ui/fonts/PIXELADE.TTF
18:42:11.880 [FXGL Background Thread 2 ] INFO  FXGLApplication      - Game initialization took: 0.177 sec
18:42:11.881 [JavaFX Application Thread] DEBUG Input                - Clearing active input actions
18:42:11.884 [JavaFX Application Thread] DEBUG GameApplicationServi - Removing overlay from FXGLLoadingScene and adding to GameScene
18:42:11.884 [JavaFX Application Thread] DEBUG PrimaryStageWindow   - FXGLLoadingScene -> GameScene
18:42:11.889 [JavaFX Application Thread] DEBUG FXGLAssetLoaderServi - Loading from file system: file:/C:/Users/acer/OneDrive/Desktop/git%20pull/CSS124L-FINAL-PROJECT/fp/target/classes/assets/textures/banner.png
18:42:11.961 [JavaFX Application Thread] DEBUG PrimaryStageWindow   - Push state: PCM_BG
18:42:11.961 [JavaFX Application Thread] DEBUG Input                - Clearing active input actions
18:42:11.961 [JavaFX Application Thread] DEBUG GameApplicationServi - Removing overlay from GameScene and adding to PCM_BG
18:42:11.961 [JavaFX Application Thread] DEBUG PrimaryStageWindow   - GameScene -> PCM_BG
18:42:11.962 [JavaFX Application Thread] DEBUG PrimaryStageWindow   - Push state: MainMenu
18:42:11.962 [JavaFX Application Thread] DEBUG Input                - Clearing active input actions
18:42:11.962 [JavaFX Application Thread] DEBUG GameApplicationServi - Removing overlay from PCM_BG and adding to MainMenu
18:42:11.962 [JavaFX Application Thread] DEBUG PrimaryStageWindow   - PCM_BG -> MainMenu
18:42:13.741 [JavaFX Application Thread] DEBUG AudioPlayer          - Stopping music com.almasb.fxgl.audio.Music@3a00e432
18:42:13.748 [JavaFX Application Thread] DEBUG FXGLAssetLoaderServi - Loading from file system: file:/C:/Users/acer/OneDrive/Desktop/git%20pull/CSS124L-FINAL-PROJECT/fp/target/classes/assets/sounds/Reload.mp3
18:42:13.752 [JavaFX Application Thread] DEBUG FXGLAssetLoaderServi - Loading from file system: file:/C:/Users/acer/OneDrive/Desktop/git%20pull/CSS124L-FINAL-PROJECT/fp/target/classes/assets/sounds/BerettaM9_Shoot.mp3
18:42:13.760 [JavaFX Application Thread] DEBUG FXGLAssetLoaderServi - Loading from file system: file:/C:/Users/acer/OneDrive/Desktop/git%20pull/CSS124L-FINAL-PROJECT/fp/target/classes/assets/textures/Weapons/Idle/BerettaM9_Idle.png
18:42:13.762 [JavaFX Application Thread] DEBUG FXGLAssetLoaderServi - Loading from file system: file:/C:/Users/acer/OneDrive/Desktop/git%20pull/CSS124L-FINAL-PROJECT/fp/target/classes/assets/textures/Weapons/Shooting/BerettaM9_Shooting.png
18:42:13.765 [JavaFX Application Thread] DEBUG FXGLAssetLoaderServi - Loading from file system: file:/C:/Users/acer/OneDrive/Desktop/git%20pull/CSS124L-FINAL-PROJECT/fp/target/classes/assets/textures/Players/1P_Shoot.png
18:42:13.769 [JavaFX Application Thread] DEBUG FXGLAssetLoaderServi - Loading from file system: file:/C:/Users/acer/OneDrive/Desktop/git%20pull/CSS124L-FINAL-PROJECT/fp/target/classes/assets/textures/Interactables/vending_machine.png
18:42:13.770 [JavaFX Application Thread] DEBUG FXGLAssetLoaderServi - Loading from file system: file:/C:/Users/acer/OneDrive/Desktop/git%20pull/CSS124L-FINAL-PROJECT/fp/target/classes/assets/sounds/Soda_Can_Opening.mp3
18:42:13.774 [JavaFX Application Thread] DEBUG FXGLAssetLoaderServi - Loading from file system: file:/C:/Users/acer/OneDrive/Desktop/git%20pull/CSS124L-FINAL-PROJECT/fp/target/classes/assets/textures/Interactables/microwave_close.png
18:42:13.778 [JavaFX Application Thread] DEBUG PrimaryStageWindow   - Pop state: MainMenu
18:42:13.778 [JavaFX Application Thread] DEBUG Input                - Clearing active input actions
18:42:13.778 [JavaFX Application Thread] DEBUG GameApplicationServi - Removing overlay from MainMenu and adding to PCM_BG
18:42:13.779 [JavaFX Application Thread] DEBUG PrimaryStageWindow   - PCM_BG <- MainMenu
18:42:13.779 [JavaFX Application Thread] DEBUG PrimaryStageWindow   - Pop state: PCM_BG
18:42:13.779 [JavaFX Application Thread] DEBUG Input                - Clearing active input actions
18:42:13.779 [JavaFX Application Thread] DEBUG GameApplicationServi - Removing overlay from PCM_BG and adding to GameScene
18:42:13.779 [JavaFX Application Thread] DEBUG PrimaryStageWindow   - GameScene <- PCM_BG
18:42:13.868 [JavaFX Application Thread] DEBUG FXGLAssetLoaderServi - Loading from file system: file:/C:/Users/acer/OneDrive/Desktop/git%20pull/CSS124L-FINAL-PROJECT/fp/target/classes/assets/textures/Zombies/Basic_Zombie_Walking.png
18:42:13.870 [JavaFX Application Thread] DEBUG FXGLAssetLoaderServi - Loading from file system: file:/C:/Users/acer/OneDrive/Desktop/git%20pull/CSS124L-FINAL-PROJECT/fp/target/classes/assets/textures/Zombies/Basic_Zombie_Attack.png
18:42:14.258 [JavaFX Application Thread] DEBUG FXGLAssetLoaderServi - Loading from file system: file:/C:/Users/acer/OneDrive/Desktop/git%20pull/CSS124L-FINAL-PROJECT/fp/target/classes/assets/text/startGame.txt
18:42:14.325 [JavaFX Application Thread] DEBUG Input                - Registered new binding: Next RPG Line - Enter
18:42:14.325 [JavaFX Application Thread] DEBUG FXGLAssetLoaderServi - Loading from file system: file:/C:/Users/acer/OneDrive/Desktop/git%20pull/CSS124L-FINAL-PROJECT/fp/target/classes/assets/textures/helmet.png
18:42:14.327 [JavaFX Application Thread] DEBUG PrimaryStageWindow   - Push state: CutsceneScene
18:42:14.327 [JavaFX Application Thread] DEBUG Input                - Clearing active input actions
18:42:14.327 [JavaFX Application Thread] DEBUG GameApplicationServi - Removing overlay from GameScene and adding to CutsceneScene
18:42:14.328 [JavaFX Application Thread] DEBUG PrimaryStageWindow   - GameScene -> CutsceneScene
18:42:17.377 [JavaFX Application Thread] DEBUG PrimaryStageWindow   - Pop state: CutsceneScene
18:42:17.377 [JavaFX Application Thread] DEBUG Input                - Clearing active input actions
18:42:17.377 [JavaFX Application Thread] DEBUG GameApplicationServi - Removing overlay from CutsceneScene and adding to GameScene
18:42:17.377 [JavaFX Application Thread] DEBUG PrimaryStageWindow   - GameScene <- CutsceneScene
18:42:20.991 [JavaFX Application Thread] DEBUG FXGLApplication      - Exiting FXGL
18:42:20.991 [JavaFX Application Thread] DEBUG LoopRunner           - Stopping loop
18:42:20.991 [JavaFX Application Thread] DEBUG SystemBundleService  - Saving FXGL system data
18:42:20.992 [JavaFX Application Thread] DEBUG FileSystemAccess     - Writing to: C:\Users\acer\OneDrive\Desktop\git pull\CSS124L-FINAL-PROJECT\system\fxgl.bundle
18:42:20.999 [JavaFX Application Thread] DEBUG Async                - Shutting down background threads
18:42:21.000 [JavaFX Application Thread] DEBUG PrimaryStageWindow   - Closing main window
18:42:21.014 [JavaFX Application Thread] DEBUG Logger               - Closing Logger
