00:21:49.790 [main                     ] DEBUG Logger               - Configured Logger
00:21:49.808 [main                     ] DEBUG GameApplication      - Logging settings
Title: Flatline; Miami
Version: Alpha 0.3
Width: 800
Height: 600
Fullscreen: false
Intro: false
Profiling: false
Single step:false
App Mode: DEVELOPER
Menu Key: ESCAPE
Stage Style: DECORATED
Scene Factory: class com.groupfour.mygame.App$1

00:21:50.115 [JavaFX Application Thread] DEBUG FXGLApplication      - Initializing FXGL
00:21:50.117 [JavaFX Application Thread] INFO  Engine               - FXGL-dev-SNAPSHOT (28.07.2021 16.39) on WINDOWS (J:11.0.22 FX:16)
00:21:50.117 [JavaFX Application Thread] DEBUG Engine               - JRE Vendor Name: Oracle Corporation
00:21:50.118 [JavaFX Application Thread] DEBUG Engine               - Running on OS: Windows 11 version 10.0
00:21:50.118 [JavaFX Application Thread] DEBUG Engine               - Architecture: amd64
00:21:50.118 [JavaFX Application Thread] INFO  Engine               - Source code and latest versions at: https://github.com/AlmasB/FXGL
00:21:50.118 [JavaFX Application Thread] INFO  Engine               -              Join the FXGL chat at: https://gitter.im/AlmasB/FXGL
00:21:50.174 [JavaFX Application Thread] DEBUG PrimaryStageWindow   - Creating a JavaFX scene
00:21:50.213 [JavaFX Application Thread] DEBUG PrimaryStageWindow   - Target settings size: 800.0 x 600.0
00:21:50.213 [JavaFX Application Thread] DEBUG PrimaryStageWindow   - Scaled scene size:    800.0 x 600.0
00:21:50.213 [JavaFX Application Thread] DEBUG PrimaryStageWindow   - Scaled ratio: (1.0, 1.0)
00:21:50.214 [JavaFX Application Thread] DEBUG PrimaryStageWindow   - Set initial scene to FXGLStartupScene
00:21:50.218 [JavaFX Application Thread] DEBUG PrimaryStageWindow   - Opening main window
00:21:50.281 [JavaFX Application Thread] DEBUG PrimaryStageWindow   - Window border size: (14.4000244140625, 37.5999755859375)
00:21:50.281 [JavaFX Application Thread] DEBUG PrimaryStageWindow   - Scaled size: 800.0 x 600.0
00:21:50.282 [JavaFX Application Thread] DEBUG PrimaryStageWindow   - Scaled ratio: (1.0, 1.0)
00:21:50.282 [JavaFX Application Thread] DEBUG PrimaryStageWindow   - Scene size: 800.0 x 600.0
00:21:50.282 [JavaFX Application Thread] DEBUG PrimaryStageWindow   - Stage size: 814.4000244140625 x 637.5999755859375
00:21:50.286 [FXGL Background Thread 1 ] DEBUG Engine               - Initializing environment variables
00:21:50.321 [FXGL Background Thread 1 ] DEBUG FXGLAssetLoaderServi - User app class for loading assets: class com.groupfour.mygame.App
00:21:50.321 [FXGL Background Thread 1 ] DEBUG GameApplicationServi - Applying CSS: fxgl_dark.css
00:21:50.322 [FXGL Background Thread 1 ] DEBUG FXGLAssetLoaderServi - Loading from file system: jar:file:///C:/Users/acer/.m2/repository/com/github/almasb/fxgl/dev-SNAPSHOT/fxgl-dev-SNAPSHOT.jar!/fxglassets/ui/css/fxgl_dark.css
00:21:50.359 [FXGL Background Thread 1 ] DEBUG GameApplicationServi - Initializing application scenes
00:21:50.384 [FXGL Background Thread 1 ] DEBUG GameWorld            - Game world initialized
00:21:50.421 [FXGL Background Thread 1 ] DEBUG PhysicsWorld         - Physics world initialized: appHeight=600, physics.ppm=50.0
00:21:50.421 [FXGL Background Thread 1 ] DEBUG PhysicsWorld         - Using strategy: BRUTE_FORCE
00:21:50.423 [FXGL Background Thread 1 ] DEBUG GameScene            - Game scene initialized: 800x600
00:21:50.431 [FXGL Background Thread 1 ] DEBUG FXGL.DefaultMenu     - createMenuBodyMainMenu()
00:21:50.442 [FXGL Background Thread 1 ] DEBUG FXGL.DefaultMenu     - createOptionsMenu()
00:21:50.448 [FXGL Background Thread 1 ] DEBUG FXGLAssetLoaderServi - Loading from file system: jar:file:///C:/Users/acer/.m2/repository/com/github/almasb/fxgl/dev-SNAPSHOT/fxgl-dev-SNAPSHOT.jar!/fxglassets/textures/particles/smoke.png
00:21:50.510 [FXGL Background Thread 1 ] DEBUG FXGLAssetLoaderServi - Loading from file system: jar:file:///C:/Users/acer/.m2/repository/com/github/almasb/fxgl/dev-SNAPSHOT/fxgl-dev-SNAPSHOT.jar!/fxglassets/textures/particles/trace_horizontal.png
00:21:50.530 [FXGL Background Thread 1 ] DEBUG GameApplicationServi - Application scenes initialized
00:21:50.537 [FXGL Background Thread 1 ] DEBUG SystemBundleService  - Loading FXGL system data
00:21:50.541 [FXGL Background Thread 1 ] DEBUG FileSystemAccess     - Reading from: C:\Users\acer\OneDrive\Desktop\git pull\CSS124L-FINAL-PROJECT\system\fxgl.bundle
00:21:50.545 [FXGL Background Thread 1 ] DEBUG SystemBundleService  - Bundle FXGL: {}
00:21:50.545 [FXGL Background Thread 1 ] DEBUG UpdaterService       - Checking for updates
00:21:50.548 [FXGL Background Thread 4 ] DEBUG FXGLApplication      - Loading fonts
00:21:50.548 [FXGL Background Thread 1 ] DEBUG FXGLApplication      - Loading default localization
00:21:50.548 [FXGL Background Thread 4 ] DEBUG FXGLAssetLoaderServi - Loading from file system: jar:file:///C:/Users/acer/.m2/repository/com/github/almasb/fxgl/dev-SNAPSHOT/fxgl-dev-SNAPSHOT.jar!/fxglassets/ui/fonts/VarelaRound-Regular.ttf
00:21:50.549 [FXGL Background Thread 1 ] DEBUG FXGLAssetLoaderServi - Loading from file system: jar:file:///C:/Users/acer/.m2/repository/com/github/almasb/fxgl/dev-SNAPSHOT/fxgl-dev-SNAPSHOT.jar!/fxglassets/languages/english.lang
00:21:50.558 [FXGL Background Thread 1 ] INFO  FXGLApplication      - FXGL initialization took: 0.273 sec
00:21:50.567 [JavaFX Application Thread] DEBUG Input                - Registered new binding: Move Up - W
00:21:50.567 [JavaFX Application Thread] DEBUG Input                - Registered new binding: Move Down - S
00:21:50.568 [JavaFX Application Thread] DEBUG Input                - Registered new binding: Move Left - A
00:21:50.568 [JavaFX Application Thread] DEBUG Input                - Registered new binding: Move Right - D
00:21:50.569 [JavaFX Application Thread] DEBUG Input                - Registered new binding: Start Shooting for Player 1 - LMB
00:21:50.569 [JavaFX Application Thread] DEBUG Input                - Registered new binding: AUTO-0 - W
00:21:50.570 [JavaFX Application Thread] DEBUG Input                - Registered new binding: AUTO-1 - S
00:21:50.570 [JavaFX Application Thread] DEBUG Input                - Registered new binding: AUTO-2 - A
00:21:50.571 [JavaFX Application Thread] DEBUG Input                - Registered new binding: AUTO-3 - D
00:21:50.571 [JavaFX Application Thread] DEBUG Input                - Registered new binding: Start Shooting for Player 2 - LMB
00:21:50.572 [JavaFX Application Thread] DEBUG FXGLAssetLoaderServi - Loading from file system: jar:file:///C:/Users/acer/.m2/repository/com/github/almasb/fxgl/dev-SNAPSHOT/fxgl-dev-SNAPSHOT.jar!/fxglassets/textures/fxgl_icon.png
00:21:50.590 [JavaFX Application Thread] DEBUG FXGLAssetLoaderServi - Loading from file system: jar:file:///C:/Users/acer/.m2/repository/com/github/almasb/fxgl/dev-SNAPSHOT/fxgl-dev-SNAPSHOT.jar!/fxglassets/textures/fxgl_default_cursor.png
00:21:50.592 [JavaFX Application Thread] DEBUG Input                - Registered new binding: Screenshot - CTRL+8
00:21:50.593 [JavaFX Application Thread] DEBUG Input                - Registered new binding: System info dump - CTRL+9
00:21:50.593 [JavaFX Application Thread] DEBUG Input                - Registered new binding: Restart - CTRL+R
00:21:50.594 [JavaFX Application Thread] DEBUG Input                - Registered new binding: Toggle Debug Camera - CTRL+C
00:21:50.596 [JavaFX Application Thread] DEBUG LoopRunner           - Starting loop
00:21:50.596 [JavaFX Application Thread] DEBUG LoopRunner           - Initializing JavaFX AnimationTimerLoop
00:21:50.598 [JavaFX Application Thread] DEBUG Input                - Clearing active input actions
00:21:50.608 [JavaFX Application Thread] DEBUG GameApplicationServi - Removing overlay from FXGLStartupScene and adding to FXGLMainMenuDummyScene
00:21:50.608 [JavaFX Application Thread] DEBUG PrimaryStageWindow   - FXGLStartupScene -> FXGLMainMenuDummyScene
00:21:50.608 [JavaFX Application Thread] DEBUG PrimaryStageWindow   - Push state: FXGLDefaultMenu
00:21:50.613 [JavaFX Application Thread] DEBUG Input                - Clearing active input actions
00:21:50.623 [JavaFX Application Thread] DEBUG GameApplicationServi - Removing overlay from FXGLMainMenuDummyScene and adding to FXGLDefaultMenu
00:21:50.623 [JavaFX Application Thread] DEBUG PrimaryStageWindow   - FXGLMainMenuDummyScene -> FXGLDefaultMenu
00:21:50.906 [FXGL Background Thread 4 ] DEBUG FXGLAssetLoaderServi - Loading from file system: jar:file:///C:/Users/acer/.m2/repository/com/github/almasb/fxgl/dev-SNAPSHOT/fxgl-dev-SNAPSHOT.jar!/fxglassets/ui/fonts/Abel-Regular.ttf
00:21:50.911 [FXGL Background Thread 4 ] DEBUG FXGLAssetLoaderServi - Loading from file system: jar:file:///C:/Users/acer/.m2/repository/com/github/almasb/fxgl/dev-SNAPSHOT/fxgl-dev-SNAPSHOT.jar!/fxglassets/ui/fonts/lucida_console.ttf
00:21:50.918 [FXGL Background Thread 4 ] DEBUG FXGLAssetLoaderServi - Loading from file system: jar:file:///C:/Users/acer/.m2/repository/com/github/almasb/fxgl/dev-SNAPSHOT/fxgl-dev-SNAPSHOT.jar!/fxglassets/ui/fonts/Courier-Prime.ttf
00:21:50.941 [JavaFX Application Thread] DEBUG FXGLApplication      - Registering font factories with UI factory
00:21:51.134 [FXGL Background Thread 2 ] INFO  UpdaterService       - Your current version:  dev-SNAPSHOT
00:21:51.135 [FXGL Background Thread 2 ] INFO  UpdaterService       - Latest stable version: 21.1
00:21:51.847 [JavaFX Application Thread] DEBUG Menu                 - fireNewGame()
00:21:51.847 [JavaFX Application Thread] DEBUG GameApplicationServi - Starting new game
00:21:51.849 [JavaFX Application Thread] DEBUG PrimaryStageWindow   - Pop state: FXGLDefaultMenu
00:21:51.849 [JavaFX Application Thread] DEBUG Input                - Clearing active input actions
00:21:51.850 [JavaFX Application Thread] DEBUG GameApplicationServi - Removing overlay from FXGLDefaultMenu and adding to FXGLMainMenuDummyScene
00:21:51.850 [JavaFX Application Thread] DEBUG PrimaryStageWindow   - FXGLMainMenuDummyScene <- FXGLDefaultMenu
00:21:51.851 [JavaFX Application Thread] DEBUG Input                - Clearing active input actions
00:21:51.856 [JavaFX Application Thread] DEBUG GameApplicationServi - Removing overlay from FXGLMainMenuDummyScene and adding to FXGLLoadingScene
00:21:51.856 [JavaFX Application Thread] DEBUG PrimaryStageWindow   - FXGLMainMenuDummyScene -> FXGLLoadingScene
00:21:51.856 [JavaFX Application Thread] DEBUG GameApplicationServi - Clearing previous game
00:21:51.856 [JavaFX Application Thread] DEBUG GameScene            - Clearing game scene
00:21:51.856 [JavaFX Application Thread] DEBUG GameWorld            - Clearing game world
00:21:51.857 [JavaFX Application Thread] DEBUG PhysicsWorld         - Clearing physics world
00:21:51.858 [FXGL Background Thread 2 ] DEBUG FXGLApplication      - Initializing game
00:21:51.861 [FXGL Background Thread 2 ] INFO  FXGLApplication      - Game initialization took: 0.003 sec
00:21:51.868 [JavaFX Application Thread] DEBUG Input                - Clearing active input actions
00:21:51.874 [JavaFX Application Thread] DEBUG GameApplicationServi - Removing overlay from FXGLLoadingScene and adding to GameScene
00:21:51.875 [JavaFX Application Thread] DEBUG PrimaryStageWindow   - FXGLLoadingScene -> GameScene
00:21:51.877 [JavaFX Application Thread] DEBUG PrimaryStageWindow   - Push state: PlayerCountMenu
00:21:51.877 [JavaFX Application Thread] DEBUG Input                - Clearing active input actions
00:21:51.877 [JavaFX Application Thread] DEBUG GameApplicationServi - Removing overlay from GameScene and adding to PlayerCountMenu
00:21:51.877 [JavaFX Application Thread] DEBUG PrimaryStageWindow   - GameScene -> PlayerCountMenu
00:21:52.845 [JavaFX Application Thread] DEBUG PrimaryStageWindow   - Push state: DialogSubScene
00:21:52.845 [JavaFX Application Thread] DEBUG Input                - Clearing active input actions
00:21:52.846 [JavaFX Application Thread] DEBUG GameApplicationServi - Removing overlay from PlayerCountMenu and adding to DialogSubScene
00:21:52.846 [JavaFX Application Thread] DEBUG PrimaryStageWindow   - PlayerCountMenu -> DialogSubScene
00:21:53.435 [JavaFX Application Thread] DEBUG PrimaryStageWindow   - Pop state: DialogSubScene
00:21:53.435 [JavaFX Application Thread] DEBUG Input                - Clearing active input actions
00:21:53.436 [JavaFX Application Thread] DEBUG GameApplicationServi - Removing overlay from DialogSubScene and adding to PlayerCountMenu
00:21:53.436 [JavaFX Application Thread] DEBUG PrimaryStageWindow   - PlayerCountMenu <- DialogSubScene
00:21:53.447 [JavaFX Application Thread] DEBUG PrimaryStageWindow   - Push state: LoadingScreen
00:21:53.447 [JavaFX Application Thread] DEBUG Input                - Clearing active input actions
00:21:53.447 [JavaFX Application Thread] DEBUG GameApplicationServi - Removing overlay from PlayerCountMenu and adding to LoadingScreen
00:21:53.448 [JavaFX Application Thread] DEBUG PrimaryStageWindow   - PlayerCountMenu -> LoadingScreen
00:21:53.460 [ServerAsyncConnThread    ] DEBUG TCPServer            - Starting to listen at: 55555 type: class com.almasb.fxgl.core.serialization.Bundle
00:21:53.548 [FXGL Background Thread 3 ] DEBUG Engine               - Logging environment variables
00:21:53.548 [FXGL Background Thread 3 ] DEBUG Engine               - achievements: []
00:21:53.549 [FXGL Background Thread 3 ] DEBUG Engine               - actualHeight: 600.0
00:21:53.549 [FXGL Background Thread 3 ] DEBUG Engine               - actualHeightProperty: ReadOnlyDoubleProperty [value: 600.0]
00:21:53.549 [FXGL Background Thread 3 ] DEBUG Engine               - actualWidth: 800.0
00:21:53.549 [FXGL Background Thread 3 ] DEBUG Engine               - actualWidthProperty: ReadOnlyDoubleProperty [value: 800.0]
00:21:53.549 [FXGL Background Thread 3 ] DEBUG Engine               - appIcon: fxgl_icon.png
00:21:53.549 [FXGL Background Thread 3 ] DEBUG Engine               - applicationMode: DEVELOPER
00:21:53.549 [FXGL Background Thread 3 ] DEBUG Engine               - cSSList: [fxgl_dark.css]
00:21:53.549 [FXGL Background Thread 3 ] DEBUG Engine               - collisionDetectionStrategy: BRUTE_FORCE
00:21:53.549 [FXGL Background Thread 3 ] DEBUG Engine               - configClass: Optional.empty
00:21:53.549 [FXGL Background Thread 3 ] DEBUG Engine               - credits: []
00:21:53.549 [FXGL Background Thread 3 ] DEBUG Engine               - defaultCursor: CursorInfo(imageName=fxgl_default_cursor.png, hotspotX=7.0, hotspotY=6.0)
00:21:53.550 [FXGL Background Thread 3 ] DEBUG Engine               - devBBoxColorProperty: ObjectProperty [value: 0xff0000ff]
00:21:53.550 [FXGL Background Thread 3 ] DEBUG Engine               - devEnableDebugCameraProperty: BooleanProperty [value: false]
00:21:53.550 [FXGL Background Thread 3 ] DEBUG Engine               - devSensorColorProperty: ObjectProperty [value: 0xffff00ff]
00:21:53.550 [FXGL Background Thread 3 ] DEBUG Engine               - devShowBBoxProperty: BooleanProperty [value: false]
00:21:53.550 [FXGL Background Thread 3 ] DEBUG Engine               - devShowPositionProperty: BooleanProperty [value: false]
00:21:53.550 [FXGL Background Thread 3 ] DEBUG Engine               - enabledMenuItems: []
00:21:53.551 [FXGL Background Thread 3 ] DEBUG Engine               - engineServices: [class com.almasb.fxgl.app.services.FXGLAssetLoaderService, class com.almasb.fxgl.app.FXGLApplication$GameApplicationService, class com.almasb.fxgl.app.services.FXGLDialogService, class com.almasb.fxgl.app.services.IOTaskExecutorService, class com.almasb.fxgl.io.FileSystemService, class com.almasb.fxgl.localization.LocalizationService, class com.almasb.fxgl.app.services.SystemBundleService, class com.almasb.fxgl.profile.SaveLoadService, class com.almasb.fxgl.ui.FXGLUIFactoryServiceProvider, class com.almasb.fxgl.ui.FXGLDialogFactoryServiceProvider, class com.almasb.fxgl.audio.AudioPlayer, class com.almasb.fxgl.notification.impl.NotificationServiceProvider, class com.almasb.fxgl.achievement.AchievementService, class com.almasb.fxgl.cutscene.CutsceneService, class com.almasb.fxgl.minigames.MiniGameService, class com.almasb.fxgl.net.NetService, class com.almasb.fxgl.app.services.UpdaterService, class com.almasb.fxgl.dev.DevService, class com.almasb.fxgl.multiplayer.MultiplayerService]
00:21:53.551 [FXGL Background Thread 3 ] DEBUG Engine               - fontGame: Abel-Regular.ttf
00:21:53.551 [FXGL Background Thread 3 ] DEBUG Engine               - fontMono: lucida_console.ttf
00:21:53.551 [FXGL Background Thread 3 ] DEBUG Engine               - fontText: Courier-Prime.ttf
00:21:53.551 [FXGL Background Thread 3 ] DEBUG Engine               - fontUI: VarelaRound-Regular.ttf
00:21:53.551 [FXGL Background Thread 3 ] DEBUG Engine               - fullScreen: BooleanProperty [value: false]
00:21:53.551 [FXGL Background Thread 3 ] DEBUG Engine               - gameDifficulty: MEDIUM
00:21:53.551 [FXGL Background Thread 3 ] DEBUG Engine               - gameDifficultyProperty: ObjectProperty [value: MEDIUM]
00:21:53.551 [FXGL Background Thread 3 ] DEBUG Engine               - globalMusicVolume: 0.5
00:21:53.551 [FXGL Background Thread 3 ] DEBUG Engine               - globalMusicVolumeProperty: DoubleProperty [value: 0.5]
00:21:53.551 [FXGL Background Thread 3 ] DEBUG Engine               - globalSoundVolume: 0.5
00:21:53.551 [FXGL Background Thread 3 ] DEBUG Engine               - globalSoundVolumeProperty: DoubleProperty [value: 0.5]
00:21:53.551 [FXGL Background Thread 3 ] DEBUG Engine               - height: 600
00:21:53.551 [FXGL Background Thread 3 ] DEBUG Engine               - is3D: false
00:21:53.551 [FXGL Background Thread 3 ] DEBUG Engine               - isAndroid: false
00:21:53.551 [FXGL Background Thread 3 ] DEBUG Engine               - isBrowser: false
00:21:53.551 [FXGL Background Thread 3 ] DEBUG Engine               - isClickFeedbackEnabled: false
00:21:53.551 [FXGL Background Thread 3 ] DEBUG Engine               - isCloseConfirmation: false
00:21:53.551 [FXGL Background Thread 3 ] DEBUG Engine               - isDesktop: true
00:21:53.551 [FXGL Background Thread 3 ] DEBUG Engine               - isDeveloperMenuEnabled: false
00:21:53.551 [FXGL Background Thread 3 ] DEBUG Engine               - isEmbedded: false
00:21:53.551 [FXGL Background Thread 3 ] DEBUG Engine               - isEntityPreloadEnabled: true
00:21:53.551 [FXGL Background Thread 3 ] DEBUG Engine               - isExperimentalTiledLargeMap: false
00:21:53.551 [FXGL Background Thread 3 ] DEBUG Engine               - isFileSystemWriteAllowed: true
00:21:53.551 [FXGL Background Thread 3 ] DEBUG Engine               - isFullScreenAllowed: false
00:21:53.551 [FXGL Background Thread 3 ] DEBUG Engine               - isFullScreenFromStart: false
00:21:53.552 [FXGL Background Thread 3 ] DEBUG Engine               - isGameMenuEnabled: true
00:21:53.552 [FXGL Background Thread 3 ] DEBUG Engine               - isIOS: false
00:21:53.552 [FXGL Background Thread 3 ] DEBUG Engine               - isIntroEnabled: false
00:21:53.552 [FXGL Background Thread 3 ] DEBUG Engine               - isLinux: false
00:21:53.552 [FXGL Background Thread 3 ] DEBUG Engine               - isMac: false
00:21:53.552 [FXGL Background Thread 3 ] DEBUG Engine               - isMainMenuEnabled: true
00:21:53.552 [FXGL Background Thread 3 ] DEBUG Engine               - isManualResizeEnabled: false
00:21:53.552 [FXGL Background Thread 3 ] DEBUG Engine               - isMobile: false
00:21:53.552 [FXGL Background Thread 3 ] DEBUG Engine               - isNative: false
00:21:53.552 [FXGL Background Thread 3 ] DEBUG Engine               - isPauseMusicWhenMinimized: true
00:21:53.552 [FXGL Background Thread 3 ] DEBUG Engine               - isPreserveResizeRatio: false
00:21:53.552 [FXGL Background Thread 3 ] DEBUG Engine               - isProfilingEnabled: false
00:21:53.552 [FXGL Background Thread 3 ] DEBUG Engine               - isScaleAffectedOnResize: true
00:21:53.552 [FXGL Background Thread 3 ] DEBUG Engine               - isSingleStep: false
00:21:53.552 [FXGL Background Thread 3 ] DEBUG Engine               - isUserProfileEnabled: false
00:21:53.552 [FXGL Background Thread 3 ] DEBUG Engine               - isWindows: true
00:21:53.552 [FXGL Background Thread 3 ] DEBUG Engine               - language: ObjectProperty [value: ENGLISH]
00:21:53.552 [FXGL Background Thread 3 ] DEBUG Engine               - menuKey: ESCAPE
00:21:53.552 [FXGL Background Thread 3 ] DEBUG Engine               - mouseSensitivity: 0.2
00:21:53.552 [FXGL Background Thread 3 ] DEBUG Engine               - notificationViewClass: class com.almasb.fxgl.notification.view.XboxNotificationView
00:21:53.552 [FXGL Background Thread 3 ] DEBUG Engine               - pixelsPerMeter: 50.0
00:21:53.552 [FXGL Background Thread 3 ] DEBUG Engine               - platform: WINDOWS
00:21:53.552 [FXGL Background Thread 3 ] DEBUG Engine               - prefHeightProperty: ReadOnlyDoubleProperty [value: 600.0]
00:21:53.552 [FXGL Background Thread 3 ] DEBUG Engine               - prefWidthProperty: ReadOnlyDoubleProperty [value: 800.0]
00:21:53.552 [FXGL Background Thread 3 ] DEBUG Engine               - profileDir: profiles/
00:21:53.552 [FXGL Background Thread 3 ] DEBUG Engine               - profileName: StringProperty [value: DEFAULT]
00:21:53.552 [FXGL Background Thread 3 ] DEBUG Engine               - randomSeed: -1
00:21:53.552 [FXGL Background Thread 3 ] DEBUG Engine               - runtimeInfo: RuntimeInfo(platform=WINDOWS, version=dev-SNAPSHOT, build=28.07.2021 16.39)
00:21:53.552 [FXGL Background Thread 3 ] DEBUG Engine               - saveFileExt: sav
00:21:53.552 [FXGL Background Thread 3 ] DEBUG Engine               - scaledHeightProp$fxgl: DoubleProperty [bound, value: 600.0]
00:21:53.552 [FXGL Background Thread 3 ] DEBUG Engine               - scaledWidthProp$fxgl: DoubleProperty [bound, value: 800.0]
00:21:53.552 [FXGL Background Thread 3 ] DEBUG Engine               - sceneFactory: com.groupfour.mygame.App$1@797883b2
00:21:53.552 [FXGL Background Thread 3 ] DEBUG Engine               - secondsIn24h: 60
00:21:53.552 [FXGL Background Thread 3 ] DEBUG Engine               - soundMenuBack: menu/back.wav
00:21:53.552 [FXGL Background Thread 3 ] DEBUG Engine               - soundMenuPress: menu/press.wav
00:21:53.552 [FXGL Background Thread 3 ] DEBUG Engine               - soundMenuSelect: menu/select.wav
00:21:53.552 [FXGL Background Thread 3 ] DEBUG Engine               - soundNotification: core/notification.wav
00:21:53.552 [FXGL Background Thread 3 ] DEBUG Engine               - stageStyle: DECORATED
00:21:53.552 [FXGL Background Thread 3 ] DEBUG Engine               - supportedLanguages: [ENGLISH, FRENCH, GERMAN, HUNGARIAN, RUSSIAN]
00:21:53.552 [FXGL Background Thread 3 ] DEBUG Engine               - ticksPerSecond: -1
00:21:53.552 [FXGL Background Thread 3 ] DEBUG Engine               - title: Flatline; Miami
00:21:53.552 [FXGL Background Thread 3 ] DEBUG Engine               - urlGithub: https://github.com/AlmasB/FXGL
00:21:53.552 [FXGL Background Thread 3 ] DEBUG Engine               - urlLeaderboard: http://fxgl-top.herokuapp.com/
00:21:53.553 [FXGL Background Thread 3 ] DEBUG Engine               - urlPOM: https://raw.githubusercontent.com/AlmasB/FXGL/release/README.md
00:21:53.553 [FXGL Background Thread 3 ] DEBUG Engine               - userAppClass: class com.groupfour.mygame.App
00:21:53.553 [FXGL Background Thread 3 ] DEBUG Engine               - version: Alpha 0.3
00:21:53.553 [FXGL Background Thread 3 ] DEBUG Engine               - versionCheckDays: 7
00:21:53.553 [FXGL Background Thread 3 ] DEBUG Engine               - width: 800
00:21:53.553 [FXGL Background Thread 3 ] DEBUG Engine               - Logging services
00:21:53.553 [FXGL Background Thread 3 ] DEBUG Engine               - class com.almasb.fxgl.app.services.FXGLAssetLoaderService
00:21:53.553 [FXGL Background Thread 3 ] DEBUG Engine               - class com.almasb.fxgl.app.FXGLApplication$GameApplicationService
00:21:53.553 [FXGL Background Thread 3 ] DEBUG Engine               - class com.almasb.fxgl.app.services.FXGLDialogService
00:21:53.553 [FXGL Background Thread 3 ] DEBUG Engine               - class com.almasb.fxgl.app.services.IOTaskExecutorService
00:21:53.553 [FXGL Background Thread 3 ] DEBUG Engine               - class com.almasb.fxgl.io.FileSystemService
00:21:53.553 [FXGL Background Thread 3 ] DEBUG Engine               - class com.almasb.fxgl.localization.LocalizationService
00:21:53.553 [FXGL Background Thread 3 ] DEBUG Engine               - class com.almasb.fxgl.app.services.SystemBundleService
00:21:53.553 [FXGL Background Thread 3 ] DEBUG Engine               - class com.almasb.fxgl.profile.SaveLoadService
00:21:53.553 [FXGL Background Thread 3 ] DEBUG Engine               - class com.almasb.fxgl.ui.FXGLUIFactoryServiceProvider
00:21:53.553 [FXGL Background Thread 3 ] DEBUG Engine               - class com.almasb.fxgl.ui.FXGLDialogFactoryServiceProvider
00:21:53.553 [FXGL Background Thread 3 ] DEBUG Engine               - class com.almasb.fxgl.audio.AudioPlayer
00:21:53.553 [FXGL Background Thread 3 ] DEBUG Engine               - class com.almasb.fxgl.notification.impl.NotificationServiceProvider
00:21:53.553 [FXGL Background Thread 3 ] DEBUG Engine               - class com.almasb.fxgl.achievement.AchievementService
00:21:53.553 [FXGL Background Thread 3 ] DEBUG Engine               - class com.almasb.fxgl.cutscene.CutsceneService
00:21:53.553 [FXGL Background Thread 3 ] DEBUG Engine               - class com.almasb.fxgl.minigames.MiniGameService
00:21:53.553 [FXGL Background Thread 3 ] DEBUG Engine               - class com.almasb.fxgl.net.NetService
00:21:53.553 [FXGL Background Thread 3 ] DEBUG Engine               - class com.almasb.fxgl.app.services.UpdaterService
00:21:53.553 [FXGL Background Thread 3 ] DEBUG Engine               - class com.almasb.fxgl.dev.DevService
00:21:53.553 [FXGL Background Thread 3 ] DEBUG Engine               - class com.almasb.fxgl.multiplayer.MultiplayerService
00:22:04.140 [ServerAsyncConnThread    ] DEBUG Endpoint             - TCPServer opening new connection (1) from /127.0.0.1:58830 type: class com.almasb.fxgl.core.serialization.Bundle
00:22:04.144 [ServerAsyncConnThread    ] DEBUG Endpoint             - TCPServer successfully opened connection (1)
00:22:04.149 [TCPServer_SendThread-1   ] DEBUG Writers              - Getting TCPMessageWriter for class com.almasb.fxgl.core.serialization.Bundle
00:22:04.150 [TCPServer_RecvThread-1   ] DEBUG Readers              - Getting TCPMessageReader for class com.almasb.fxgl.core.serialization.Bundle
00:22:04.151 [TCPServer_RecvThread-1   ] DEBUG Readers              - Constructed MessageReader for class com.almasb.fxgl.core.serialization.Bundle: BundleTCPMessageReader
00:22:04.166 [JavaFX Application Thread] DEBUG PrimaryStageWindow   - Pop state: LoadingScreen
00:22:04.166 [JavaFX Application Thread] DEBUG Input                - Clearing active input actions
00:22:04.166 [JavaFX Application Thread] DEBUG GameApplicationServi - Removing overlay from LoadingScreen and adding to PlayerCountMenu
00:22:04.167 [JavaFX Application Thread] DEBUG PrimaryStageWindow   - PlayerCountMenu <- LoadingScreen
00:22:04.167 [JavaFX Application Thread] DEBUG PrimaryStageWindow   - Pop state: PlayerCountMenu
00:22:04.167 [JavaFX Application Thread] DEBUG Input                - Clearing active input actions
00:22:04.167 [JavaFX Application Thread] DEBUG GameApplicationServi - Removing overlay from PlayerCountMenu and adding to GameScene
00:22:04.167 [JavaFX Application Thread] DEBUG PrimaryStageWindow   - GameScene <- PlayerCountMenu
00:22:04.463 [JavaFX Application Thread] DEBUG Input                - Mocking key press: D
00:22:04.959 [JavaFX Application Thread] DEBUG Input                - Mocking key release: D
00:22:07.754 [JavaFX Application Thread] DEBUG Input                - Mocking key press: D
00:22:07.922 [JavaFX Application Thread] DEBUG Input                - Mocking key press: S
00:22:08.066 [JavaFX Application Thread] DEBUG Input                - Mocking button press: LMB at 0.0, 0.0
00:22:08.143 [JavaFX Application Thread] DEBUG Input                - Mocking key release: S
00:22:08.753 [JavaFX Application Thread] DEBUG Input                - Mocking key press: S
00:22:08.914 [JavaFX Application Thread] DEBUG Input                - Mocking key release: D
00:22:09.544 [JavaFX Application Thread] DEBUG Input                - Mocking key press: A
00:22:09.761 [JavaFX Application Thread] DEBUG Input                - Mocking key release: S
00:22:10.926 [JavaFX Application Thread] DEBUG PrimaryStageWindow   - Push state: DialogSubScene
00:22:10.926 [JavaFX Application Thread] DEBUG Input                - Clearing active input actions
00:22:10.926 [JavaFX Application Thread] DEBUG GameApplicationServi - Removing overlay from GameScene and adding to DialogSubScene
00:22:10.926 [JavaFX Application Thread] DEBUG PrimaryStageWindow   - GameScene -> DialogSubScene
00:22:12.959 [TCPServer_RecvThread-1   ] DEBUG Endpoint             - Connection 1 was unexpectedly disconnected: Connection reset
00:22:12.959 [TCPServer_RecvThread-1   ] DEBUG Connection           - Closing connection 1
00:22:12.960 [TCPServer_RecvThread-1   ] DEBUG Connection           - Connection 1 was correctly closed from local endpoint.
00:22:12.960 [TCPServer_RecvThread-1   ] DEBUG Endpoint             - TCPServer connection (1) was closed
00:22:13.347 [JavaFX Application Thread] DEBUG PrimaryStageWindow   - Pop state: DialogSubScene
00:22:13.347 [JavaFX Application Thread] DEBUG Input                - Clearing active input actions
00:22:13.348 [JavaFX Application Thread] DEBUG GameApplicationServi - Removing overlay from DialogSubScene and adding to GameScene
00:22:13.348 [JavaFX Application Thread] DEBUG PrimaryStageWindow   - GameScene <- DialogSubScene
00:22:13.348 [JavaFX Application Thread] DEBUG Input                - Clearing active input actions
00:22:13.351 [JavaFX Application Thread] DEBUG GameApplicationServi - Removing overlay from GameScene and adding to FXGLMainMenuDummyScene
00:22:13.351 [JavaFX Application Thread] DEBUG PrimaryStageWindow   - GameScene -> FXGLMainMenuDummyScene
00:22:13.351 [JavaFX Application Thread] DEBUG PrimaryStageWindow   - Push state: FXGLDefaultMenu
00:22:13.351 [JavaFX Application Thread] DEBUG Input                - Clearing active input actions
00:22:13.352 [JavaFX Application Thread] DEBUG GameApplicationServi - Removing overlay from FXGLMainMenuDummyScene and adding to FXGLDefaultMenu
00:22:13.352 [JavaFX Application Thread] DEBUG PrimaryStageWindow   - FXGLMainMenuDummyScene -> FXGLDefaultMenu
00:22:16.874 [JavaFX Application Thread] DEBUG FXGLApplication      - Exiting FXGL
00:22:16.874 [JavaFX Application Thread] DEBUG LoopRunner           - Stopping loop
00:22:16.876 [JavaFX Application Thread] DEBUG SystemBundleService  - Saving FXGL system data
00:22:16.877 [JavaFX Application Thread] DEBUG FileSystemAccess     - Writing to: C:\Users\acer\OneDrive\Desktop\git pull\CSS124L-FINAL-PROJECT\system\fxgl.bundle
00:22:16.877 [JavaFX Application Thread] DEBUG Async                - Shutting down background threads
00:22:16.877 [JavaFX Application Thread] DEBUG PrimaryStageWindow   - Closing main window
00:22:16.890 [JavaFX Application Thread] DEBUG Logger               - Closing Logger
