21:52:30.907 [main                     ] DEBUG Logger               - Configured Logger
21:52:30.926 [main                     ] DEBUG GameApplication      - Logging settings
Title: Flatline: Oregon
Version: Alpha 0.3
Width: 800
Height: 600
Fullscreen: false
Intro: false
Profiling: false
Single step:false
App Mode: DEVELOPER
Menu Key: ESCAPE
Stage Style: DECORATED
Scene Factory: class com.groupfour.mygame.App$1

21:52:31.194 [JavaFX Application Thread] DEBUG FXGLApplication      - Initializing FXGL
21:52:31.195 [JavaFX Application Thread] INFO  Engine               - FXGL-dev-SNAPSHOT (28.07.2021 16.39) on WINDOWS (J:11.0.22 FX:16)
21:52:31.197 [JavaFX Application Thread] DEBUG Engine               - JRE Vendor Name: Oracle Corporation
21:52:31.197 [JavaFX Application Thread] DEBUG Engine               - Running on OS: Windows 11 version 10.0
21:52:31.197 [JavaFX Application Thread] DEBUG Engine               - Architecture: amd64
21:52:31.197 [JavaFX Application Thread] INFO  Engine               - Source code and latest versions at: https://github.com/AlmasB/FXGL
21:52:31.197 [JavaFX Application Thread] INFO  Engine               -              Join the FXGL chat at: https://gitter.im/AlmasB/FXGL
21:52:31.253 [JavaFX Application Thread] DEBUG PrimaryStageWindow   - Creating a JavaFX scene
21:52:31.289 [JavaFX Application Thread] DEBUG PrimaryStageWindow   - Target settings size: 800.0 x 600.0
21:52:31.290 [JavaFX Application Thread] DEBUG PrimaryStageWindow   - Scaled scene size:    800.0 x 600.0
21:52:31.290 [JavaFX Application Thread] DEBUG PrimaryStageWindow   - Scaled ratio: (1.0, 1.0)
21:52:31.290 [JavaFX Application Thread] DEBUG PrimaryStageWindow   - Set initial scene to FXGLStartupScene
21:52:31.294 [JavaFX Application Thread] DEBUG PrimaryStageWindow   - Opening main window
21:52:31.363 [JavaFX Application Thread] DEBUG PrimaryStageWindow   - Window border size: (14.4000244140625, 37.5999755859375)
21:52:31.363 [JavaFX Application Thread] DEBUG PrimaryStageWindow   - Scaled size: 800.0 x 600.0
21:52:31.364 [JavaFX Application Thread] DEBUG PrimaryStageWindow   - Scaled ratio: (1.0, 1.0)
21:52:31.364 [JavaFX Application Thread] DEBUG PrimaryStageWindow   - Scene size: 800.0 x 600.0
21:52:31.364 [JavaFX Application Thread] DEBUG PrimaryStageWindow   - Stage size: 814.4000244140625 x 637.5999755859375
21:52:31.368 [FXGL Background Thread 1 ] DEBUG Engine               - Initializing environment variables
21:52:31.408 [FXGL Background Thread 1 ] DEBUG FXGLAssetLoaderServi - User app class for loading assets: class com.groupfour.mygame.App
21:52:31.408 [FXGL Background Thread 1 ] DEBUG GameApplicationServi - Applying CSS: fxgl_dark.css
21:52:31.410 [FXGL Background Thread 1 ] DEBUG FXGLAssetLoaderServi - Loading from file system: jar:file:///C:/Users/acer/.m2/repository/com/github/almasb/fxgl/dev-SNAPSHOT/fxgl-dev-SNAPSHOT.jar!/fxglassets/ui/css/fxgl_dark.css
21:52:31.445 [FXGL Background Thread 1 ] DEBUG GameApplicationServi - Initializing application scenes
21:52:31.474 [FXGL Background Thread 1 ] DEBUG GameWorld            - Game world initialized
21:52:31.513 [FXGL Background Thread 1 ] DEBUG PhysicsWorld         - Physics world initialized: appHeight=600, physics.ppm=50.0
21:52:31.513 [FXGL Background Thread 1 ] DEBUG PhysicsWorld         - Using strategy: BRUTE_FORCE
21:52:31.515 [FXGL Background Thread 1 ] DEBUG GameScene            - Game scene initialized: 800x600
21:52:31.524 [FXGL Background Thread 1 ] DEBUG FXGL.DefaultMenu     - createMenuBodyMainMenu()
21:52:31.536 [FXGL Background Thread 1 ] DEBUG FXGL.DefaultMenu     - createOptionsMenu()
21:52:31.542 [FXGL Background Thread 1 ] DEBUG FXGLAssetLoaderServi - Loading from file system: jar:file:///C:/Users/acer/.m2/repository/com/github/almasb/fxgl/dev-SNAPSHOT/fxgl-dev-SNAPSHOT.jar!/fxglassets/textures/particles/smoke.png
21:52:31.615 [FXGL Background Thread 1 ] DEBUG FXGLAssetLoaderServi - Loading from file system: jar:file:///C:/Users/acer/.m2/repository/com/github/almasb/fxgl/dev-SNAPSHOT/fxgl-dev-SNAPSHOT.jar!/fxglassets/textures/particles/trace_horizontal.png
21:52:31.637 [FXGL Background Thread 1 ] DEBUG GameApplicationServi - Application scenes initialized
21:52:31.644 [FXGL Background Thread 1 ] DEBUG SystemBundleService  - Loading FXGL system data
21:52:31.650 [FXGL Background Thread 1 ] DEBUG FileSystemAccess     - Reading from: C:\Users\acer\OneDrive\Desktop\git pull\CSS124L-FINAL-PROJECT\system\fxgl.bundle
21:52:31.654 [FXGL Background Thread 1 ] DEBUG SystemBundleService  - Bundle FXGL: {}
21:52:31.654 [FXGL Background Thread 1 ] DEBUG UpdaterService       - Checking for updates
21:52:31.676 [FXGL Background Thread 4 ] DEBUG FXGLApplication      - Loading fonts
21:52:31.676 [FXGL Background Thread 1 ] DEBUG FXGLApplication      - Loading default localization
21:52:31.677 [FXGL Background Thread 4 ] DEBUG FXGLAssetLoaderServi - Loading from file system: jar:file:///C:/Users/acer/.m2/repository/com/github/almasb/fxgl/dev-SNAPSHOT/fxgl-dev-SNAPSHOT.jar!/fxglassets/ui/fonts/VarelaRound-Regular.ttf
21:52:31.677 [FXGL Background Thread 1 ] DEBUG FXGLAssetLoaderServi - Loading from file system: jar:file:///C:/Users/acer/.m2/repository/com/github/almasb/fxgl/dev-SNAPSHOT/fxgl-dev-SNAPSHOT.jar!/fxglassets/languages/english.lang
21:52:31.689 [FXGL Background Thread 1 ] INFO  FXGLApplication      - FXGL initialization took: 0.320 sec
21:52:31.698 [JavaFX Application Thread] DEBUG Input                - Registered new binding: Move Upwards - W
21:52:31.698 [JavaFX Application Thread] DEBUG Input                - Registered new binding: Move Down - S
21:52:31.698 [JavaFX Application Thread] DEBUG Input                - Registered new binding: Move Left - A
21:52:31.698 [JavaFX Application Thread] DEBUG Input                - Registered new binding: Move Right - D
21:52:31.699 [JavaFX Application Thread] DEBUG Input                - Registered new binding: Reload - R
21:52:31.699 [JavaFX Application Thread] DEBUG Input                - Registered new binding: Shoot - LMB
21:52:31.699 [JavaFX Application Thread] DEBUG Input                - Registered new binding: Switch Weapons - Q
21:52:31.699 [JavaFX Application Thread] DEBUG Input                - Registered new binding: Interact - F
21:52:31.700 [JavaFX Application Thread] DEBUG FXGLAssetLoaderServi - Loading from file system: jar:file:///C:/Users/acer/.m2/repository/com/github/almasb/fxgl/dev-SNAPSHOT/fxgl-dev-SNAPSHOT.jar!/fxglassets/textures/fxgl_icon.png
21:52:31.719 [JavaFX Application Thread] DEBUG FXGLAssetLoaderServi - Loading from file system: jar:file:///C:/Users/acer/.m2/repository/com/github/almasb/fxgl/dev-SNAPSHOT/fxgl-dev-SNAPSHOT.jar!/fxglassets/textures/fxgl_default_cursor.png
21:52:31.721 [JavaFX Application Thread] DEBUG Input                - Registered new binding: Screenshot - CTRL+8
21:52:31.722 [JavaFX Application Thread] DEBUG Input                - Registered new binding: Dev Options - 1
21:52:31.722 [JavaFX Application Thread] DEBUG Input                - Registered new binding: Dev Console - 2
21:52:31.723 [JavaFX Application Thread] DEBUG Input                - Registered new binding: System info dump - CTRL+9
21:52:31.723 [JavaFX Application Thread] DEBUG Input                - Registered new binding: Restart - CTRL+R
21:52:31.723 [JavaFX Application Thread] DEBUG Input                - Registered new binding: Toggle Debug Camera - CTRL+C
21:52:31.725 [JavaFX Application Thread] DEBUG LoopRunner           - Starting loop
21:52:31.735 [JavaFX Application Thread] DEBUG LoopRunner           - Initializing JavaFX AnimationTimerLoop
21:52:31.738 [JavaFX Application Thread] DEBUG Input                - Clearing active input actions
21:52:31.747 [JavaFX Application Thread] DEBUG GameApplicationServi - Removing overlay from FXGLStartupScene and adding to FXGLMainMenuDummyScene
21:52:31.751 [JavaFX Application Thread] DEBUG PrimaryStageWindow   - FXGLStartupScene -> FXGLMainMenuDummyScene
21:52:31.751 [JavaFX Application Thread] DEBUG PrimaryStageWindow   - Push state: FXGLDefaultMenu
21:52:31.755 [JavaFX Application Thread] DEBUG Input                - Clearing active input actions
21:52:31.762 [JavaFX Application Thread] DEBUG GameApplicationServi - Removing overlay from FXGLMainMenuDummyScene and adding to FXGLDefaultMenu
21:52:31.762 [JavaFX Application Thread] DEBUG PrimaryStageWindow   - FXGLMainMenuDummyScene -> FXGLDefaultMenu
21:52:32.058 [FXGL Background Thread 4 ] DEBUG FXGLAssetLoaderServi - Loading from file system: jar:file:///C:/Users/acer/.m2/repository/com/github/almasb/fxgl/dev-SNAPSHOT/fxgl-dev-SNAPSHOT.jar!/fxglassets/ui/fonts/Abel-Regular.ttf
21:52:32.062 [FXGL Background Thread 4 ] DEBUG FXGLAssetLoaderServi - Loading from file system: jar:file:///C:/Users/acer/.m2/repository/com/github/almasb/fxgl/dev-SNAPSHOT/fxgl-dev-SNAPSHOT.jar!/fxglassets/ui/fonts/lucida_console.ttf
21:52:32.070 [FXGL Background Thread 4 ] DEBUG FXGLAssetLoaderServi - Loading from file system: jar:file:///C:/Users/acer/.m2/repository/com/github/almasb/fxgl/dev-SNAPSHOT/fxgl-dev-SNAPSHOT.jar!/fxglassets/ui/fonts/Courier-Prime.ttf
21:52:32.077 [JavaFX Application Thread] DEBUG FXGLApplication      - Registering font factories with UI factory
21:52:32.317 [JavaFX Application Thread] DEBUG Menu                 - fireNewGame()
21:52:32.317 [JavaFX Application Thread] DEBUG GameApplicationServi - Starting new game
21:52:32.318 [JavaFX Application Thread] DEBUG PrimaryStageWindow   - Pop state: FXGLDefaultMenu
21:52:32.318 [JavaFX Application Thread] DEBUG Input                - Clearing active input actions
21:52:32.320 [JavaFX Application Thread] DEBUG GameApplicationServi - Removing overlay from FXGLDefaultMenu and adding to FXGLMainMenuDummyScene
21:52:32.321 [JavaFX Application Thread] DEBUG PrimaryStageWindow   - FXGLMainMenuDummyScene <- FXGLDefaultMenu
21:52:32.322 [JavaFX Application Thread] DEBUG Input                - Clearing active input actions
21:52:32.331 [JavaFX Application Thread] DEBUG GameApplicationServi - Removing overlay from FXGLMainMenuDummyScene and adding to FXGLLoadingScene
21:52:32.331 [JavaFX Application Thread] DEBUG PrimaryStageWindow   - FXGLMainMenuDummyScene -> FXGLLoadingScene
21:52:32.331 [JavaFX Application Thread] DEBUG GameApplicationServi - Clearing previous game
21:52:32.331 [JavaFX Application Thread] DEBUG GameScene            - Clearing game scene
21:52:32.332 [JavaFX Application Thread] DEBUG GameWorld            - Clearing game world
21:52:32.332 [JavaFX Application Thread] DEBUG PhysicsWorld         - Clearing physics world
21:52:32.333 [FXGL Background Thread 4 ] DEBUG FXGLApplication      - Initializing game
21:52:32.364 [FXGL Background Thread 4 ] INFO  FXGLApplication      - Game initialization took: 0.032 sec
21:52:32.382 [JavaFX Application Thread] DEBUG Input                - Clearing active input actions
21:52:32.388 [JavaFX Application Thread] DEBUG GameApplicationServi - Removing overlay from FXGLLoadingScene and adding to GameScene
21:52:32.389 [JavaFX Application Thread] DEBUG PrimaryStageWindow   - FXGLLoadingScene -> GameScene
21:52:32.396 [JavaFX Application Thread] DEBUG PrimaryStageWindow   - Push state: PlayerCountMenu
21:52:32.397 [JavaFX Application Thread] DEBUG Input                - Clearing active input actions
21:52:32.397 [JavaFX Application Thread] DEBUG GameApplicationServi - Removing overlay from GameScene and adding to PlayerCountMenu
21:52:32.397 [JavaFX Application Thread] DEBUG PrimaryStageWindow   - GameScene -> PlayerCountMenu
21:52:32.721 [FXGL Background Thread 2 ] INFO  UpdaterService       - Your current version:  dev-SNAPSHOT
21:52:32.722 [FXGL Background Thread 2 ] INFO  UpdaterService       - Latest stable version: 21.1
21:52:32.825 [JavaFX Application Thread] DEBUG FXGLAssetLoaderServi - Loading from file system: file:/C:/Users/acer/OneDrive/Desktop/git%20pull/CSS124L-FINAL-PROJECT/fp/target/classes/assets/textures/Weapons/Idle/BerettaM9_Idle.png
21:52:32.826 [JavaFX Application Thread] DEBUG FXGLAssetLoaderServi - Loading from file system: file:/C:/Users/acer/OneDrive/Desktop/git%20pull/CSS124L-FINAL-PROJECT/fp/target/classes/assets/textures/Weapons/Shooting/BerettaM9_Shooting.png
21:52:32.829 [JavaFX Application Thread] DEBUG FXGLAssetLoaderServi - Loading from file system: file:/C:/Users/acer/OneDrive/Desktop/git%20pull/CSS124L-FINAL-PROJECT/fp/target/classes/assets/textures/Players/1P_Shoot.png
21:52:32.832 [JavaFX Application Thread] DEBUG FXGLAssetLoaderServi - Loading from file system: file:/C:/Users/acer/OneDrive/Desktop/git%20pull/CSS124L-FINAL-PROJECT/fp/target/classes/assets/textures/Interactables/vending_machine.png
21:52:32.835 [JavaFX Application Thread] DEBUG FXGLAssetLoaderServi - Loading from file system: file:/C:/Users/acer/OneDrive/Desktop/git%20pull/CSS124L-FINAL-PROJECT/fp/target/classes/assets/textures/Interactables/microwave_close.png
21:52:32.838 [JavaFX Application Thread] DEBUG PrimaryStageWindow   - Pop state: PlayerCountMenu
21:52:32.838 [JavaFX Application Thread] DEBUG Input                - Clearing active input actions
21:52:32.838 [JavaFX Application Thread] DEBUG GameApplicationServi - Removing overlay from PlayerCountMenu and adding to GameScene
21:52:32.838 [JavaFX Application Thread] DEBUG PrimaryStageWindow   - GameScene <- PlayerCountMenu
21:52:33.271 [JavaFX Application Thread] DEBUG FXGLAssetLoaderServi - Loading from file system: file:/C:/Users/acer/OneDrive/Desktop/git%20pull/CSS124L-FINAL-PROJECT/fp/target/classes/assets/textures/Zombies/Basic_Zombie_Walking.png
21:52:33.275 [JavaFX Application Thread] DEBUG FXGLAssetLoaderServi - Loading from file system: file:/C:/Users/acer/OneDrive/Desktop/git%20pull/CSS124L-FINAL-PROJECT/fp/target/classes/assets/textures/Zombies/Basic_Zombie_Attack.png
21:52:33.280 [JavaFX Application Thread] WARN  Entity               - Entity already has component: com.groupfour.Components.AnimationComponents.ZombieAnimComp
21:52:33.703 [JavaFX Application Thread] WARN  Entity               - Entity already has component: com.groupfour.Components.AnimationComponents.ZombieAnimComp
21:52:34.342 [JavaFX Application Thread] WARN  Entity               - Entity already has component: com.groupfour.Components.AnimationComponents.ZombieAnimComp
21:52:34.675 [FXGL Background Thread 3 ] DEBUG Engine               - Logging environment variables
21:52:34.675 [FXGL Background Thread 3 ] DEBUG Engine               - achievements: []
21:52:34.675 [FXGL Background Thread 3 ] DEBUG Engine               - actualHeight: 600.0
21:52:34.675 [FXGL Background Thread 3 ] DEBUG Engine               - actualHeightProperty: ReadOnlyDoubleProperty [value: 600.0]
21:52:34.675 [FXGL Background Thread 3 ] DEBUG Engine               - actualWidth: 800.0
21:52:34.675 [FXGL Background Thread 3 ] DEBUG Engine               - actualWidthProperty: ReadOnlyDoubleProperty [value: 800.0]
21:52:34.675 [FXGL Background Thread 3 ] DEBUG Engine               - appIcon: fxgl_icon.png
21:52:34.675 [FXGL Background Thread 3 ] DEBUG Engine               - applicationMode: DEVELOPER
21:52:34.675 [FXGL Background Thread 3 ] DEBUG Engine               - cSSList: [fxgl_dark.css]
21:52:34.675 [FXGL Background Thread 3 ] DEBUG Engine               - collisionDetectionStrategy: BRUTE_FORCE
21:52:34.675 [FXGL Background Thread 3 ] DEBUG Engine               - configClass: Optional.empty
21:52:34.675 [FXGL Background Thread 3 ] DEBUG Engine               - credits: []
21:52:34.675 [FXGL Background Thread 3 ] DEBUG Engine               - defaultCursor: CursorInfo(imageName=fxgl_default_cursor.png, hotspotX=7.0, hotspotY=6.0)
21:52:34.676 [FXGL Background Thread 3 ] DEBUG Engine               - devBBoxColorProperty: ObjectProperty [value: 0xff0000ff]
21:52:34.676 [FXGL Background Thread 3 ] DEBUG Engine               - devEnableDebugCameraProperty: BooleanProperty [value: false]
21:52:34.676 [FXGL Background Thread 3 ] DEBUG Engine               - devSensorColorProperty: ObjectProperty [value: 0xffff00ff]
21:52:34.676 [FXGL Background Thread 3 ] DEBUG Engine               - devShowBBoxProperty: BooleanProperty [value: false]
21:52:34.676 [FXGL Background Thread 3 ] DEBUG Engine               - devShowPositionProperty: BooleanProperty [value: false]
21:52:34.677 [FXGL Background Thread 3 ] DEBUG Engine               - enabledMenuItems: []
21:52:34.677 [FXGL Background Thread 3 ] DEBUG Engine               - engineServices: [class com.almasb.fxgl.app.services.FXGLAssetLoaderService, class com.almasb.fxgl.app.FXGLApplication$GameApplicationService, class com.almasb.fxgl.app.services.FXGLDialogService, class com.almasb.fxgl.app.services.IOTaskExecutorService, class com.almasb.fxgl.io.FileSystemService, class com.almasb.fxgl.localization.LocalizationService, class com.almasb.fxgl.app.services.SystemBundleService, class com.almasb.fxgl.profile.SaveLoadService, class com.almasb.fxgl.ui.FXGLUIFactoryServiceProvider, class com.almasb.fxgl.ui.FXGLDialogFactoryServiceProvider, class com.almasb.fxgl.audio.AudioPlayer, class com.almasb.fxgl.notification.impl.NotificationServiceProvider, class com.almasb.fxgl.achievement.AchievementService, class com.almasb.fxgl.cutscene.CutsceneService, class com.almasb.fxgl.minigames.MiniGameService, class com.almasb.fxgl.net.NetService, class com.almasb.fxgl.app.services.UpdaterService, class com.almasb.fxgl.dev.DevService, class com.almasb.fxgl.multiplayer.MultiplayerService]
21:52:34.677 [FXGL Background Thread 3 ] DEBUG Engine               - fontGame: Abel-Regular.ttf
21:52:34.677 [FXGL Background Thread 3 ] DEBUG Engine               - fontMono: lucida_console.ttf
21:52:34.677 [FXGL Background Thread 3 ] DEBUG Engine               - fontText: Courier-Prime.ttf
21:52:34.677 [FXGL Background Thread 3 ] DEBUG Engine               - fontUI: VarelaRound-Regular.ttf
21:52:34.677 [FXGL Background Thread 3 ] DEBUG Engine               - fullScreen: BooleanProperty [value: false]
21:52:34.677 [FXGL Background Thread 3 ] DEBUG Engine               - gameDifficulty: MEDIUM
21:52:34.677 [FXGL Background Thread 3 ] DEBUG Engine               - gameDifficultyProperty: ObjectProperty [value: MEDIUM]
21:52:34.677 [FXGL Background Thread 3 ] DEBUG Engine               - globalMusicVolume: 0.5
21:52:34.677 [FXGL Background Thread 3 ] DEBUG Engine               - globalMusicVolumeProperty: DoubleProperty [value: 0.5]
21:52:34.677 [FXGL Background Thread 3 ] DEBUG Engine               - globalSoundVolume: 0.5
21:52:34.677 [FXGL Background Thread 3 ] DEBUG Engine               - globalSoundVolumeProperty: DoubleProperty [value: 0.5]
21:52:34.677 [FXGL Background Thread 3 ] DEBUG Engine               - height: 600
21:52:34.677 [FXGL Background Thread 3 ] DEBUG Engine               - is3D: false
21:52:34.677 [FXGL Background Thread 3 ] DEBUG Engine               - isAndroid: false
21:52:34.678 [FXGL Background Thread 3 ] DEBUG Engine               - isBrowser: false
21:52:34.678 [FXGL Background Thread 3 ] DEBUG Engine               - isClickFeedbackEnabled: false
21:52:34.678 [FXGL Background Thread 3 ] DEBUG Engine               - isCloseConfirmation: false
21:52:34.678 [FXGL Background Thread 3 ] DEBUG Engine               - isDesktop: true
21:52:34.678 [FXGL Background Thread 3 ] DEBUG Engine               - isDeveloperMenuEnabled: true
21:52:34.678 [FXGL Background Thread 3 ] DEBUG Engine               - isEmbedded: false
21:52:34.678 [FXGL Background Thread 3 ] DEBUG Engine               - isEntityPreloadEnabled: true
21:52:34.678 [FXGL Background Thread 3 ] DEBUG Engine               - isExperimentalTiledLargeMap: false
21:52:34.678 [FXGL Background Thread 3 ] DEBUG Engine               - isFileSystemWriteAllowed: true
21:52:34.678 [FXGL Background Thread 3 ] DEBUG Engine               - isFullScreenAllowed: false
21:52:34.678 [FXGL Background Thread 3 ] DEBUG Engine               - isFullScreenFromStart: false
21:52:34.678 [FXGL Background Thread 3 ] DEBUG Engine               - isGameMenuEnabled: true
21:52:34.678 [FXGL Background Thread 3 ] DEBUG Engine               - isIOS: false
21:52:34.678 [FXGL Background Thread 3 ] DEBUG Engine               - isIntroEnabled: false
21:52:34.678 [FXGL Background Thread 3 ] DEBUG Engine               - isLinux: false
21:52:34.678 [FXGL Background Thread 3 ] DEBUG Engine               - isMac: false
21:52:34.678 [FXGL Background Thread 3 ] DEBUG Engine               - isMainMenuEnabled: true
21:52:34.678 [FXGL Background Thread 3 ] DEBUG Engine               - isManualResizeEnabled: false
21:52:34.678 [FXGL Background Thread 3 ] DEBUG Engine               - isMobile: false
21:52:34.678 [FXGL Background Thread 3 ] DEBUG Engine               - isNative: false
21:52:34.678 [FXGL Background Thread 3 ] DEBUG Engine               - isPauseMusicWhenMinimized: true
21:52:34.678 [FXGL Background Thread 3 ] DEBUG Engine               - isPreserveResizeRatio: false
21:52:34.678 [FXGL Background Thread 3 ] DEBUG Engine               - isProfilingEnabled: false
21:52:34.678 [FXGL Background Thread 3 ] DEBUG Engine               - isScaleAffectedOnResize: true
21:52:34.678 [FXGL Background Thread 3 ] DEBUG Engine               - isSingleStep: false
21:52:34.678 [FXGL Background Thread 3 ] DEBUG Engine               - isUserProfileEnabled: false
21:52:34.678 [FXGL Background Thread 3 ] DEBUG Engine               - isWindows: true
21:52:34.678 [FXGL Background Thread 3 ] DEBUG Engine               - language: ObjectProperty [value: ENGLISH]
21:52:34.678 [FXGL Background Thread 3 ] DEBUG Engine               - menuKey: ESCAPE
21:52:34.678 [FXGL Background Thread 3 ] DEBUG Engine               - mouseSensitivity: 0.2
21:52:34.678 [FXGL Background Thread 3 ] DEBUG Engine               - notificationViewClass: class com.almasb.fxgl.notification.view.XboxNotificationView
21:52:34.678 [FXGL Background Thread 3 ] DEBUG Engine               - pixelsPerMeter: 50.0
21:52:34.678 [FXGL Background Thread 3 ] DEBUG Engine               - platform: WINDOWS
21:52:34.678 [FXGL Background Thread 3 ] DEBUG Engine               - prefHeightProperty: ReadOnlyDoubleProperty [value: 600.0]
21:52:34.678 [FXGL Background Thread 3 ] DEBUG Engine               - prefWidthProperty: ReadOnlyDoubleProperty [value: 800.0]
21:52:34.678 [FXGL Background Thread 3 ] DEBUG Engine               - profileDir: profiles/
21:52:34.679 [FXGL Background Thread 3 ] DEBUG Engine               - profileName: StringProperty [value: DEFAULT]
21:52:34.679 [FXGL Background Thread 3 ] DEBUG Engine               - randomSeed: -1
21:52:34.679 [FXGL Background Thread 3 ] DEBUG Engine               - runtimeInfo: RuntimeInfo(platform=WINDOWS, version=dev-SNAPSHOT, build=28.07.2021 16.39)
21:52:34.679 [FXGL Background Thread 3 ] DEBUG Engine               - saveFileExt: sav
21:52:34.679 [FXGL Background Thread 3 ] DEBUG Engine               - scaledHeightProp$fxgl: DoubleProperty [bound, value: 600.0]
21:52:34.679 [FXGL Background Thread 3 ] DEBUG Engine               - scaledWidthProp$fxgl: DoubleProperty [bound, value: 800.0]
21:52:34.679 [FXGL Background Thread 3 ] DEBUG Engine               - sceneFactory: com.groupfour.mygame.App$1@3f9429b7
21:52:34.679 [FXGL Background Thread 3 ] DEBUG Engine               - secondsIn24h: 60
21:52:34.679 [FXGL Background Thread 3 ] DEBUG Engine               - soundMenuBack: menu/back.wav
21:52:34.679 [FXGL Background Thread 3 ] DEBUG Engine               - soundMenuPress: menu/press.wav
21:52:34.679 [FXGL Background Thread 3 ] DEBUG Engine               - soundMenuSelect: menu/select.wav
21:52:34.679 [FXGL Background Thread 3 ] DEBUG Engine               - soundNotification: core/notification.wav
21:52:34.679 [FXGL Background Thread 3 ] DEBUG Engine               - stageStyle: DECORATED
21:52:34.679 [FXGL Background Thread 3 ] DEBUG Engine               - supportedLanguages: [ENGLISH, FRENCH, GERMAN, HUNGARIAN, RUSSIAN]
21:52:34.679 [FXGL Background Thread 3 ] DEBUG Engine               - ticksPerSecond: -1
21:52:34.679 [FXGL Background Thread 3 ] DEBUG Engine               - title: Flatline: Oregon
21:52:34.679 [FXGL Background Thread 3 ] DEBUG Engine               - urlGithub: https://github.com/AlmasB/FXGL
21:52:34.679 [FXGL Background Thread 3 ] DEBUG Engine               - urlLeaderboard: http://fxgl-top.herokuapp.com/
21:52:34.679 [FXGL Background Thread 3 ] DEBUG Engine               - urlPOM: https://raw.githubusercontent.com/AlmasB/FXGL/release/README.md
21:52:34.679 [FXGL Background Thread 3 ] DEBUG Engine               - userAppClass: class com.groupfour.mygame.App
21:52:34.679 [FXGL Background Thread 3 ] DEBUG Engine               - version: Alpha 0.3
21:52:34.679 [FXGL Background Thread 3 ] DEBUG Engine               - versionCheckDays: 7
21:52:34.679 [FXGL Background Thread 3 ] DEBUG Engine               - width: 800
21:52:34.679 [FXGL Background Thread 3 ] DEBUG Engine               - Logging services
21:52:34.679 [FXGL Background Thread 3 ] DEBUG Engine               - class com.almasb.fxgl.app.services.FXGLAssetLoaderService
21:52:34.680 [FXGL Background Thread 3 ] DEBUG Engine               - class com.almasb.fxgl.app.FXGLApplication$GameApplicationService
21:52:34.680 [FXGL Background Thread 3 ] DEBUG Engine               - class com.almasb.fxgl.app.services.FXGLDialogService
21:52:34.680 [FXGL Background Thread 3 ] DEBUG Engine               - class com.almasb.fxgl.app.services.IOTaskExecutorService
21:52:34.680 [FXGL Background Thread 3 ] DEBUG Engine               - class com.almasb.fxgl.io.FileSystemService
21:52:34.680 [FXGL Background Thread 3 ] DEBUG Engine               - class com.almasb.fxgl.localization.LocalizationService
21:52:34.680 [FXGL Background Thread 3 ] DEBUG Engine               - class com.almasb.fxgl.app.services.SystemBundleService
21:52:34.680 [FXGL Background Thread 3 ] DEBUG Engine               - class com.almasb.fxgl.profile.SaveLoadService
21:52:34.680 [FXGL Background Thread 3 ] DEBUG Engine               - class com.almasb.fxgl.ui.FXGLUIFactoryServiceProvider
21:52:34.680 [FXGL Background Thread 3 ] DEBUG Engine               - class com.almasb.fxgl.ui.FXGLDialogFactoryServiceProvider
21:52:34.680 [FXGL Background Thread 3 ] DEBUG Engine               - class com.almasb.fxgl.audio.AudioPlayer
21:52:34.680 [FXGL Background Thread 3 ] DEBUG Engine               - class com.almasb.fxgl.notification.impl.NotificationServiceProvider
21:52:34.680 [FXGL Background Thread 3 ] DEBUG Engine               - class com.almasb.fxgl.achievement.AchievementService
21:52:34.680 [FXGL Background Thread 3 ] DEBUG Engine               - class com.almasb.fxgl.cutscene.CutsceneService
21:52:34.681 [FXGL Background Thread 3 ] DEBUG Engine               - class com.almasb.fxgl.minigames.MiniGameService
21:52:34.681 [FXGL Background Thread 3 ] DEBUG Engine               - class com.almasb.fxgl.net.NetService
21:52:34.681 [FXGL Background Thread 3 ] DEBUG Engine               - class com.almasb.fxgl.app.services.UpdaterService
21:52:34.681 [FXGL Background Thread 3 ] DEBUG Engine               - class com.almasb.fxgl.dev.DevService
21:52:34.681 [FXGL Background Thread 3 ] DEBUG Engine               - class com.almasb.fxgl.multiplayer.MultiplayerService
21:52:35.039 [JavaFX Application Thread] WARN  Entity               - Entity already has component: com.groupfour.Components.AnimationComponents.ZombieAnimComp
21:52:35.716 [JavaFX Application Thread] WARN  Entity               - Entity already has component: com.groupfour.Components.AnimationComponents.ZombieAnimComp
21:52:36.691 [JavaFX Application Thread] WARN  Entity               - Entity already has component: com.groupfour.Components.AnimationComponents.ZombieAnimComp
21:52:37.685 [JavaFX Application Thread] WARN  Entity               - Entity already has component: com.groupfour.Components.AnimationComponents.ZombieAnimComp
21:52:38.691 [JavaFX Application Thread] WARN  Entity               - Entity already has component: com.groupfour.Components.AnimationComponents.ZombieAnimComp
21:52:39.423 [JavaFX Application Thread] DEBUG FXGLApplication      - Exiting FXGL
21:52:39.424 [JavaFX Application Thread] DEBUG LoopRunner           - Stopping loop
21:52:39.424 [JavaFX Application Thread] DEBUG SystemBundleService  - Saving FXGL system data
21:52:39.425 [JavaFX Application Thread] DEBUG FileSystemAccess     - Writing to: C:\Users\acer\OneDrive\Desktop\git pull\CSS124L-FINAL-PROJECT\system\fxgl.bundle
21:52:39.427 [JavaFX Application Thread] DEBUG Async                - Shutting down background threads
21:52:39.427 [JavaFX Application Thread] DEBUG PrimaryStageWindow   - Closing main window
21:52:39.438 [JavaFX Application Thread] DEBUG Logger               - Closing Logger
