14:11:44.378 [main                     ] DEBUG Logger               - Configured Logger
14:11:44.394 [main                     ] DEBUG GameApplication      - Logging settings
Title: Flatline: Oregon
Version: Alpha 0.3
Width: 800
Height: 600
Fullscreen: false
Intro: false
Profiling: false
Single step:false
App Mode: DEVELOPER
Menu Key: ESCAPE
Stage Style: DECORATED
Scene Factory: class com.groupfour.mygame.App$1

14:11:45.033 [JavaFX Application Thread] DEBUG FXGLApplication      - Initializing FXGL
14:11:45.036 [JavaFX Application Thread] INFO  Engine               - FXGL-dev-SNAPSHOT (28.07.2021 16.39) on WINDOWS (J:21.0.4 FX:16)
14:11:45.037 [JavaFX Application Thread] DEBUG Engine               - JRE Vendor Name: Eclipse Adoptium
14:11:45.037 [JavaFX Application Thread] DEBUG Engine               - Running on OS: Windows 11 version 10.0
14:11:45.038 [JavaFX Application Thread] DEBUG Engine               - Architecture: amd64
14:11:45.038 [JavaFX Application Thread] INFO  Engine               - Source code and latest versions at: https://github.com/AlmasB/FXGL
14:11:45.038 [JavaFX Application Thread] INFO  Engine               -              Join the FXGL chat at: https://gitter.im/AlmasB/FXGL
14:11:45.185 [JavaFX Application Thread] DEBUG PrimaryStageWindow   - Creating a JavaFX scene
14:11:45.257 [JavaFX Application Thread] DEBUG PrimaryStageWindow   - Target settings size: 800.0 x 600.0
14:11:45.258 [JavaFX Application Thread] DEBUG PrimaryStageWindow   - Scaled scene size:    800.0 x 600.0
14:11:45.258 [JavaFX Application Thread] DEBUG PrimaryStageWindow   - Scaled ratio: (1.0, 1.0)
14:11:45.259 [JavaFX Application Thread] DEBUG PrimaryStageWindow   - Set initial scene to FXGLStartupScene
14:11:45.270 [JavaFX Application Thread] DEBUG PrimaryStageWindow   - Opening main window
14:11:45.417 [JavaFX Application Thread] DEBUG PrimaryStageWindow   - Window border size: (14.4000244140625, 37.5999755859375)
14:11:45.417 [JavaFX Application Thread] DEBUG PrimaryStageWindow   - Scaled size: 800.0 x 600.0
14:11:45.417 [JavaFX Application Thread] DEBUG PrimaryStageWindow   - Scaled ratio: (1.0, 1.0)
14:11:45.418 [JavaFX Application Thread] DEBUG PrimaryStageWindow   - Scene size: 800.0 x 600.0
14:11:45.418 [JavaFX Application Thread] DEBUG PrimaryStageWindow   - Stage size: 814.4000244140625 x 637.5999755859375
14:11:45.433 [FXGL Background Thread 1 ] DEBUG Engine               - Initializing environment variables
14:11:45.550 [FXGL Background Thread 1 ] DEBUG FXGLAssetLoaderServi - User app class for loading assets: class com.groupfour.mygame.App
14:11:45.551 [FXGL Background Thread 1 ] DEBUG GameApplicationServi - Applying CSS: fxgl_dark.css
14:11:45.552 [FXGL Background Thread 1 ] DEBUG FXGLAssetLoaderServi - Loading from file system: jar:file:///C:/Users/Cent/.m2/repository/com/github/almasb/fxgl/dev-SNAPSHOT/fxgl-dev-SNAPSHOT.jar!/fxglassets/ui/css/fxgl_dark.css
14:11:45.645 [FXGL Background Thread 1 ] DEBUG GameApplicationServi - Initializing application scenes
14:11:45.735 [FXGL Background Thread 1 ] DEBUG GameWorld            - Game world initialized
14:11:45.855 [FXGL Background Thread 1 ] DEBUG PhysicsWorld         - Physics world initialized: appHeight=600, physics.ppm=50.0
14:11:45.855 [FXGL Background Thread 1 ] DEBUG PhysicsWorld         - Using strategy: BRUTE_FORCE
14:11:45.859 [FXGL Background Thread 1 ] DEBUG GameScene            - Game scene initialized: 800x600
14:11:45.878 [FXGL Background Thread 1 ] DEBUG FXGL.DefaultMenu     - createMenuBodyMainMenu()
14:11:45.898 [FXGL Background Thread 1 ] DEBUG FXGL.DefaultMenu     - createOptionsMenu()
14:11:45.915 [FXGL Background Thread 1 ] DEBUG FXGLAssetLoaderServi - Loading from file system: jar:file:///C:/Users/Cent/.m2/repository/com/github/almasb/fxgl/dev-SNAPSHOT/fxgl-dev-SNAPSHOT.jar!/fxglassets/textures/particles/smoke.png
14:11:46.111 [FXGL Background Thread 1 ] DEBUG FXGLAssetLoaderServi - Loading from file system: jar:file:///C:/Users/Cent/.m2/repository/com/github/almasb/fxgl/dev-SNAPSHOT/fxgl-dev-SNAPSHOT.jar!/fxglassets/textures/particles/trace_horizontal.png
14:11:46.172 [FXGL Background Thread 1 ] DEBUG GameApplicationServi - Application scenes initialized
14:11:46.192 [FXGL Background Thread 1 ] DEBUG SystemBundleService  - Loading FXGL system data
14:11:46.202 [FXGL Background Thread 1 ] DEBUG FileSystemAccess     - Reading from: c:\Users\Cent\Desktop\CSS124L-LE\CSS124L-FinalExam\CSS124L-FINAL-PROJECT\system\fxgl.bundle
14:11:46.220 [FXGL Background Thread 1 ] DEBUG SystemBundleService  - Bundle FXGL: {}
14:11:46.220 [FXGL Background Thread 1 ] DEBUG UpdaterService       - Checking for updates
14:11:46.266 [FXGL Background Thread 4 ] DEBUG FXGLApplication      - Loading fonts
14:11:46.266 [FXGL Background Thread 1 ] DEBUG FXGLApplication      - Loading default localization
14:11:46.266 [FXGL Background Thread 4 ] DEBUG FXGLAssetLoaderServi - Loading from file system: jar:file:///C:/Users/Cent/.m2/repository/com/github/almasb/fxgl/dev-SNAPSHOT/fxgl-dev-SNAPSHOT.jar!/fxglassets/ui/fonts/VarelaRound-Regular.ttf
14:11:46.267 [FXGL Background Thread 1 ] DEBUG FXGLAssetLoaderServi - Loading from file system: jar:file:///C:/Users/Cent/.m2/repository/com/github/almasb/fxgl/dev-SNAPSHOT/fxgl-dev-SNAPSHOT.jar!/fxglassets/languages/english.lang
14:11:46.320 [FXGL Background Thread 1 ] INFO  FXGLApplication      - FXGL initialization took: 0.888 sec
14:11:46.356 [JavaFX Application Thread] DEBUG Input                - Registered new binding: Move Upwards - W
14:11:46.357 [JavaFX Application Thread] DEBUG Input                - Registered new binding: Move Down - S
14:11:46.357 [FXGL Background Thread 4 ] DEBUG FXGLAssetLoaderServi - Loading from file system: jar:file:///C:/Users/Cent/.m2/repository/com/github/almasb/fxgl/dev-SNAPSHOT/fxgl-dev-SNAPSHOT.jar!/fxglassets/ui/fonts/Abel-Regular.ttf
14:11:46.357 [JavaFX Application Thread] DEBUG Input                - Registered new binding: Move Left - A
14:11:46.357 [JavaFX Application Thread] DEBUG Input                - Registered new binding: Move Right - D
14:11:46.358 [JavaFX Application Thread] DEBUG Input                - Registered new binding: Reload - R
14:11:46.361 [JavaFX Application Thread] DEBUG Input                - Registered new binding: Shoot - LMB
14:11:46.361 [JavaFX Application Thread] DEBUG Input                - Registered new binding: Switch Weapons - Q
14:11:46.361 [JavaFX Application Thread] DEBUG Input                - Registered new binding: Interact - F
14:11:46.362 [JavaFX Application Thread] DEBUG FXGLAssetLoaderServi - Loading from file system: jar:file:///C:/Users/Cent/.m2/repository/com/github/almasb/fxgl/dev-SNAPSHOT/fxgl-dev-SNAPSHOT.jar!/fxglassets/textures/fxgl_icon.png
14:11:46.363 [FXGL Background Thread 4 ] DEBUG FXGLAssetLoaderServi - Loading from file system: jar:file:///C:/Users/Cent/.m2/repository/com/github/almasb/fxgl/dev-SNAPSHOT/fxgl-dev-SNAPSHOT.jar!/fxglassets/ui/fonts/lucida_console.ttf
14:11:46.374 [FXGL Background Thread 4 ] DEBUG FXGLAssetLoaderServi - Loading from file system: jar:file:///C:/Users/Cent/.m2/repository/com/github/almasb/fxgl/dev-SNAPSHOT/fxgl-dev-SNAPSHOT.jar!/fxglassets/ui/fonts/Courier-Prime.ttf
14:11:46.403 [JavaFX Application Thread] DEBUG FXGLAssetLoaderServi - Loading from file system: jar:file:///C:/Users/Cent/.m2/repository/com/github/almasb/fxgl/dev-SNAPSHOT/fxgl-dev-SNAPSHOT.jar!/fxglassets/textures/fxgl_default_cursor.png
14:11:46.412 [JavaFX Application Thread] DEBUG Input                - Registered new binding: Screenshot - CTRL+8
14:11:46.414 [JavaFX Application Thread] DEBUG Input                - Registered new binding: Dev Options - 1
14:11:46.414 [JavaFX Application Thread] DEBUG Input                - Registered new binding: Dev Console - 2
14:11:46.416 [JavaFX Application Thread] DEBUG Input                - Registered new binding: System info dump - CTRL+9
14:11:46.416 [JavaFX Application Thread] DEBUG Input                - Registered new binding: Restart - CTRL+R
14:11:46.418 [JavaFX Application Thread] DEBUG Input                - Registered new binding: Toggle Debug Camera - CTRL+C
14:11:46.425 [JavaFX Application Thread] DEBUG LoopRunner           - Starting loop
14:11:46.451 [JavaFX Application Thread] DEBUG LoopRunner           - Initializing JavaFX AnimationTimerLoop
14:11:46.457 [JavaFX Application Thread] DEBUG Input                - Clearing active input actions
14:11:46.475 [JavaFX Application Thread] DEBUG GameApplicationServi - Removing overlay from FXGLStartupScene and adding to FXGLMainMenuDummyScene
14:11:46.490 [JavaFX Application Thread] DEBUG PrimaryStageWindow   - FXGLStartupScene -> FXGLMainMenuDummyScene
14:11:46.490 [JavaFX Application Thread] DEBUG PrimaryStageWindow   - Push state: FXGLDefaultMenu
14:11:46.524 [JavaFX Application Thread] DEBUG Input                - Clearing active input actions
14:11:46.540 [JavaFX Application Thread] DEBUG GameApplicationServi - Removing overlay from FXGLMainMenuDummyScene and adding to FXGLDefaultMenu
14:11:46.541 [JavaFX Application Thread] DEBUG PrimaryStageWindow   - FXGLMainMenuDummyScene -> FXGLDefaultMenu
14:11:46.542 [JavaFX Application Thread] DEBUG FXGLApplication      - Registering font factories with UI factory
14:11:47.348 [FXGL Background Thread 2 ] INFO  UpdaterService       - Your current version:  dev-SNAPSHOT
14:11:47.348 [FXGL Background Thread 2 ] INFO  UpdaterService       - Latest stable version: 21.1
14:11:47.976 [JavaFX Application Thread] DEBUG Menu                 - fireNewGame()
14:11:47.977 [JavaFX Application Thread] DEBUG GameApplicationServi - Starting new game
14:11:47.981 [JavaFX Application Thread] DEBUG PrimaryStageWindow   - Pop state: FXGLDefaultMenu
14:11:47.981 [JavaFX Application Thread] DEBUG Input                - Clearing active input actions
14:11:47.984 [JavaFX Application Thread] DEBUG GameApplicationServi - Removing overlay from FXGLDefaultMenu and adding to FXGLMainMenuDummyScene
14:11:47.988 [JavaFX Application Thread] DEBUG PrimaryStageWindow   - FXGLMainMenuDummyScene <- FXGLDefaultMenu
14:11:47.988 [JavaFX Application Thread] DEBUG Input                - Clearing active input actions
14:11:48.007 [JavaFX Application Thread] DEBUG GameApplicationServi - Removing overlay from FXGLMainMenuDummyScene and adding to FXGLLoadingScene
14:11:48.008 [JavaFX Application Thread] DEBUG PrimaryStageWindow   - FXGLMainMenuDummyScene -> FXGLLoadingScene
14:11:48.008 [JavaFX Application Thread] DEBUG GameApplicationServi - Clearing previous game
14:11:48.008 [JavaFX Application Thread] DEBUG GameScene            - Clearing game scene
14:11:48.010 [JavaFX Application Thread] DEBUG GameWorld            - Clearing game world
14:11:48.010 [JavaFX Application Thread] DEBUG PhysicsWorld         - Clearing physics world
14:11:48.016 [FXGL Background Thread 2 ] DEBUG FXGLApplication      - Initializing game
14:11:48.137 [FXGL Background Thread 2 ] DEBUG FXGLAssetLoaderServi - Loading from file system: file:/C:/Users/Cent/Desktop/CSS124L-LE/CSS124L-FinalExam/CSS124L-FINAL-PROJECT/fp/target/classes/assets/textures/Players/1P_Idle.png
14:11:48.140 [FXGL Background Thread 2 ] DEBUG FXGLAssetLoaderServi - Loading from file system: file:/C:/Users/Cent/Desktop/CSS124L-LE/CSS124L-FinalExam/CSS124L-FINAL-PROJECT/fp/target/classes/assets/textures/Players/1P_Walk.gif
14:11:48.151 [FXGL Background Thread 2 ] DEBUG FXGLAssetLoaderServi - Loading from file system: file:/C:/Users/Cent/Desktop/CSS124L-LE/CSS124L-FinalExam/CSS124L-FINAL-PROJECT/fp/target/classes/assets/textures/Players/1P_Shoot.gif
14:11:48.194 [FXGL Background Thread 2 ] INFO  FXGLApplication      - Game initialization took: 0.179 sec
14:11:48.197 [JavaFX Application Thread] DEBUG Input                - Clearing active input actions
14:11:48.209 [JavaFX Application Thread] DEBUG GameApplicationServi - Removing overlay from FXGLLoadingScene and adding to GameScene
14:11:48.215 [JavaFX Application Thread] DEBUG PrimaryStageWindow   - FXGLLoadingScene -> GameScene
14:11:48.220 [JavaFX Application Thread] DEBUG PrimaryStageWindow   - Push state: PlayerCountMenu
14:11:48.220 [JavaFX Application Thread] DEBUG Input                - Clearing active input actions
14:11:48.220 [JavaFX Application Thread] DEBUG GameApplicationServi - Removing overlay from GameScene and adding to PlayerCountMenu
14:11:48.222 [JavaFX Application Thread] DEBUG PrimaryStageWindow   - GameScene -> PlayerCountMenu
14:11:49.265 [FXGL Background Thread 3 ] DEBUG Engine               - Logging environment variables
14:11:49.265 [FXGL Background Thread 3 ] DEBUG Engine               - achievements: []
14:11:49.265 [FXGL Background Thread 3 ] DEBUG Engine               - actualHeight: 600.0
14:11:49.267 [FXGL Background Thread 3 ] DEBUG Engine               - actualHeightProperty: ReadOnlyDoubleProperty [value: 600.0]
14:11:49.267 [FXGL Background Thread 3 ] DEBUG Engine               - actualWidth: 800.0
14:11:49.267 [FXGL Background Thread 3 ] DEBUG Engine               - actualWidthProperty: ReadOnlyDoubleProperty [value: 800.0]
14:11:49.267 [FXGL Background Thread 3 ] DEBUG Engine               - appIcon: fxgl_icon.png
14:11:49.267 [FXGL Background Thread 3 ] DEBUG Engine               - applicationMode: DEVELOPER
14:11:49.267 [FXGL Background Thread 3 ] DEBUG Engine               - cSSList: [fxgl_dark.css]
14:11:49.268 [FXGL Background Thread 3 ] DEBUG Engine               - collisionDetectionStrategy: BRUTE_FORCE
14:11:49.268 [FXGL Background Thread 3 ] DEBUG Engine               - configClass: Optional.empty
14:11:49.268 [FXGL Background Thread 3 ] DEBUG Engine               - credits: []
14:11:49.268 [FXGL Background Thread 3 ] DEBUG Engine               - defaultCursor: CursorInfo(imageName=fxgl_default_cursor.png, hotspotX=7.0, hotspotY=6.0)
14:11:49.268 [FXGL Background Thread 3 ] DEBUG Engine               - devBBoxColorProperty: ObjectProperty [value: 0xff0000ff]
14:11:49.269 [FXGL Background Thread 3 ] DEBUG Engine               - devEnableDebugCameraProperty: BooleanProperty [value: false]
14:11:49.269 [FXGL Background Thread 3 ] DEBUG Engine               - devSensorColorProperty: ObjectProperty [value: 0xffff00ff]
14:11:49.270 [FXGL Background Thread 3 ] DEBUG Engine               - devShowBBoxProperty: BooleanProperty [value: false]
14:11:49.270 [FXGL Background Thread 3 ] DEBUG Engine               - devShowPositionProperty: BooleanProperty [value: false]
14:11:49.270 [FXGL Background Thread 3 ] DEBUG Engine               - enabledMenuItems: []
14:11:49.271 [FXGL Background Thread 3 ] DEBUG Engine               - engineServices: [class com.almasb.fxgl.app.services.FXGLAssetLoaderService, class com.almasb.fxgl.app.FXGLApplication$GameApplicationService, class com.almasb.fxgl.app.services.FXGLDialogService, class com.almasb.fxgl.app.services.IOTaskExecutorService, class com.almasb.fxgl.io.FileSystemService, class com.almasb.fxgl.localization.LocalizationService, class com.almasb.fxgl.app.services.SystemBundleService, class com.almasb.fxgl.profile.SaveLoadService, class com.almasb.fxgl.ui.FXGLUIFactoryServiceProvider, class com.almasb.fxgl.ui.FXGLDialogFactoryServiceProvider, class com.almasb.fxgl.audio.AudioPlayer, class com.almasb.fxgl.notification.impl.NotificationServiceProvider, class com.almasb.fxgl.achievement.AchievementService, class com.almasb.fxgl.cutscene.CutsceneService, class com.almasb.fxgl.minigames.MiniGameService, class com.almasb.fxgl.net.NetService, class com.almasb.fxgl.app.services.UpdaterService, class com.almasb.fxgl.dev.DevService, class com.almasb.fxgl.multiplayer.MultiplayerService]
14:11:49.271 [FXGL Background Thread 3 ] DEBUG Engine               - fontGame: Abel-Regular.ttf
14:11:49.271 [FXGL Background Thread 3 ] DEBUG Engine               - fontMono: lucida_console.ttf
14:11:49.271 [FXGL Background Thread 3 ] DEBUG Engine               - fontText: Courier-Prime.ttf
14:11:49.271 [FXGL Background Thread 3 ] DEBUG Engine               - fontUI: VarelaRound-Regular.ttf
14:11:49.271 [FXGL Background Thread 3 ] DEBUG Engine               - fullScreen: BooleanProperty [value: false]
14:11:49.273 [FXGL Background Thread 3 ] DEBUG Engine               - gameDifficulty: MEDIUM
14:11:49.273 [FXGL Background Thread 3 ] DEBUG Engine               - gameDifficultyProperty: ObjectProperty [value: MEDIUM]
14:11:49.273 [FXGL Background Thread 3 ] DEBUG Engine               - globalMusicVolume: 0.5
14:11:49.273 [FXGL Background Thread 3 ] DEBUG Engine               - globalMusicVolumeProperty: DoubleProperty [value: 0.5]
14:11:49.274 [FXGL Background Thread 3 ] DEBUG Engine               - globalSoundVolume: 0.5
14:11:49.274 [FXGL Background Thread 3 ] DEBUG Engine               - globalSoundVolumeProperty: DoubleProperty [value: 0.5]
14:11:49.274 [FXGL Background Thread 3 ] DEBUG Engine               - height: 600
14:11:49.274 [FXGL Background Thread 3 ] DEBUG Engine               - is3D: false
14:11:49.274 [FXGL Background Thread 3 ] DEBUG Engine               - isAndroid: false
14:11:49.274 [FXGL Background Thread 3 ] DEBUG Engine               - isBrowser: false
14:11:49.275 [FXGL Background Thread 3 ] DEBUG Engine               - isClickFeedbackEnabled: false
14:11:49.275 [FXGL Background Thread 3 ] DEBUG Engine               - isCloseConfirmation: false
14:11:49.275 [FXGL Background Thread 3 ] DEBUG Engine               - isDesktop: true
14:11:49.276 [FXGL Background Thread 3 ] DEBUG Engine               - isDeveloperMenuEnabled: true
14:11:49.278 [FXGL Background Thread 3 ] DEBUG Engine               - isEmbedded: false
14:11:49.280 [FXGL Background Thread 3 ] DEBUG Engine               - isEntityPreloadEnabled: true
14:11:49.280 [FXGL Background Thread 3 ] DEBUG Engine               - isExperimentalTiledLargeMap: false
14:11:49.281 [FXGL Background Thread 3 ] DEBUG Engine               - isFileSystemWriteAllowed: true
14:11:49.281 [FXGL Background Thread 3 ] DEBUG Engine               - isFullScreenAllowed: false
14:11:49.281 [FXGL Background Thread 3 ] DEBUG Engine               - isFullScreenFromStart: false
14:11:49.281 [FXGL Background Thread 3 ] DEBUG Engine               - isGameMenuEnabled: true
14:11:49.281 [FXGL Background Thread 3 ] DEBUG Engine               - isIOS: false
14:11:49.281 [FXGL Background Thread 3 ] DEBUG Engine               - isIntroEnabled: false
14:11:49.281 [FXGL Background Thread 3 ] DEBUG Engine               - isLinux: false
14:11:49.281 [FXGL Background Thread 3 ] DEBUG Engine               - isMac: false
14:11:49.282 [FXGL Background Thread 3 ] DEBUG Engine               - isMainMenuEnabled: true
14:11:49.282 [FXGL Background Thread 3 ] DEBUG Engine               - isManualResizeEnabled: false
14:11:49.282 [FXGL Background Thread 3 ] DEBUG Engine               - isMobile: false
14:11:49.282 [FXGL Background Thread 3 ] DEBUG Engine               - isNative: false
14:11:49.282 [FXGL Background Thread 3 ] DEBUG Engine               - isPauseMusicWhenMinimized: true
14:11:49.282 [FXGL Background Thread 3 ] DEBUG Engine               - isPreserveResizeRatio: false
14:11:49.282 [FXGL Background Thread 3 ] DEBUG Engine               - isProfilingEnabled: false
14:11:49.282 [FXGL Background Thread 3 ] DEBUG Engine               - isScaleAffectedOnResize: true
14:11:49.282 [FXGL Background Thread 3 ] DEBUG Engine               - isSingleStep: false
14:11:49.282 [FXGL Background Thread 3 ] DEBUG Engine               - isUserProfileEnabled: false
14:11:49.282 [FXGL Background Thread 3 ] DEBUG Engine               - isWindows: true
14:11:49.283 [FXGL Background Thread 3 ] DEBUG Engine               - language: ObjectProperty [value: ENGLISH]
14:11:49.283 [FXGL Background Thread 3 ] DEBUG Engine               - menuKey: ESCAPE
14:11:49.283 [FXGL Background Thread 3 ] DEBUG Engine               - mouseSensitivity: 0.2
14:11:49.283 [FXGL Background Thread 3 ] DEBUG Engine               - notificationViewClass: class com.almasb.fxgl.notification.view.XboxNotificationView
14:11:49.283 [FXGL Background Thread 3 ] DEBUG Engine               - pixelsPerMeter: 50.0
14:11:49.283 [FXGL Background Thread 3 ] DEBUG Engine               - platform: WINDOWS
14:11:49.283 [FXGL Background Thread 3 ] DEBUG Engine               - prefHeightProperty: ReadOnlyDoubleProperty [value: 600.0]
14:11:49.283 [FXGL Background Thread 3 ] DEBUG Engine               - prefWidthProperty: ReadOnlyDoubleProperty [value: 800.0]
14:11:49.284 [FXGL Background Thread 3 ] DEBUG Engine               - profileDir: profiles/
14:11:49.284 [FXGL Background Thread 3 ] DEBUG Engine               - profileName: StringProperty [value: DEFAULT]
14:11:49.284 [FXGL Background Thread 3 ] DEBUG Engine               - randomSeed: -1
14:11:49.284 [FXGL Background Thread 3 ] DEBUG Engine               - runtimeInfo: RuntimeInfo(platform=WINDOWS, version=dev-SNAPSHOT, build=28.07.2021 16.39)
14:11:49.284 [FXGL Background Thread 3 ] DEBUG Engine               - saveFileExt: sav
14:11:49.285 [FXGL Background Thread 3 ] DEBUG Engine               - scaledHeightProp$fxgl: DoubleProperty [bound, value: 600.0]
14:11:49.285 [FXGL Background Thread 3 ] DEBUG Engine               - scaledWidthProp$fxgl: DoubleProperty [bound, value: 800.0]
14:11:49.285 [FXGL Background Thread 3 ] DEBUG Engine               - sceneFactory: com.groupfour.mygame.App$1@293d9798
14:11:49.285 [FXGL Background Thread 3 ] DEBUG Engine               - secondsIn24h: 60
14:11:49.285 [FXGL Background Thread 3 ] DEBUG Engine               - soundMenuBack: menu/back.wav
14:11:49.285 [FXGL Background Thread 3 ] DEBUG Engine               - soundMenuPress: menu/press.wav
14:11:49.285 [FXGL Background Thread 3 ] DEBUG Engine               - soundMenuSelect: menu/select.wav
14:11:49.286 [FXGL Background Thread 3 ] DEBUG Engine               - soundNotification: core/notification.wav
14:11:49.286 [FXGL Background Thread 3 ] DEBUG Engine               - stageStyle: DECORATED
14:11:49.286 [FXGL Background Thread 3 ] DEBUG Engine               - supportedLanguages: [ENGLISH, FRENCH, GERMAN, HUNGARIAN, RUSSIAN]
14:11:49.286 [FXGL Background Thread 3 ] DEBUG Engine               - ticksPerSecond: -1
14:11:49.286 [FXGL Background Thread 3 ] DEBUG Engine               - title: Flatline: Oregon
14:11:49.286 [FXGL Background Thread 3 ] DEBUG Engine               - urlGithub: https://github.com/AlmasB/FXGL
14:11:49.286 [FXGL Background Thread 3 ] DEBUG Engine               - urlLeaderboard: http://fxgl-top.herokuapp.com/
14:11:49.287 [FXGL Background Thread 3 ] DEBUG Engine               - urlPOM: https://raw.githubusercontent.com/AlmasB/FXGL/release/README.md
14:11:49.287 [FXGL Background Thread 3 ] DEBUG Engine               - userAppClass: class com.groupfour.mygame.App
14:11:49.287 [FXGL Background Thread 3 ] DEBUG Engine               - version: Alpha 0.3
14:11:49.287 [FXGL Background Thread 3 ] DEBUG Engine               - versionCheckDays: 7
14:11:49.287 [FXGL Background Thread 3 ] DEBUG Engine               - width: 800
14:11:49.287 [FXGL Background Thread 3 ] DEBUG Engine               - Logging services
14:11:49.287 [FXGL Background Thread 3 ] DEBUG Engine               - class com.almasb.fxgl.app.services.FXGLAssetLoaderService
14:11:49.288 [FXGL Background Thread 3 ] DEBUG Engine               - class com.almasb.fxgl.app.FXGLApplication$GameApplicationService
14:11:49.288 [FXGL Background Thread 3 ] DEBUG Engine               - class com.almasb.fxgl.app.services.FXGLDialogService
14:11:49.289 [FXGL Background Thread 3 ] DEBUG Engine               - class com.almasb.fxgl.app.services.IOTaskExecutorService
14:11:49.289 [FXGL Background Thread 3 ] DEBUG Engine               - class com.almasb.fxgl.io.FileSystemService
14:11:49.289 [FXGL Background Thread 3 ] DEBUG Engine               - class com.almasb.fxgl.localization.LocalizationService
14:11:49.289 [FXGL Background Thread 3 ] DEBUG Engine               - class com.almasb.fxgl.app.services.SystemBundleService
14:11:49.289 [FXGL Background Thread 3 ] DEBUG Engine               - class com.almasb.fxgl.profile.SaveLoadService
14:11:49.289 [FXGL Background Thread 3 ] DEBUG Engine               - class com.almasb.fxgl.ui.FXGLUIFactoryServiceProvider
14:11:49.289 [FXGL Background Thread 3 ] DEBUG Engine               - class com.almasb.fxgl.ui.FXGLDialogFactoryServiceProvider
14:11:49.289 [FXGL Background Thread 3 ] DEBUG Engine               - class com.almasb.fxgl.audio.AudioPlayer
14:11:49.289 [FXGL Background Thread 3 ] DEBUG Engine               - class com.almasb.fxgl.notification.impl.NotificationServiceProvider
14:11:49.289 [FXGL Background Thread 3 ] DEBUG Engine               - class com.almasb.fxgl.achievement.AchievementService
14:11:49.289 [FXGL Background Thread 3 ] DEBUG Engine               - class com.almasb.fxgl.cutscene.CutsceneService
14:11:49.289 [FXGL Background Thread 3 ] DEBUG Engine               - class com.almasb.fxgl.minigames.MiniGameService
14:11:49.290 [FXGL Background Thread 3 ] DEBUG Engine               - class com.almasb.fxgl.net.NetService
14:11:49.290 [FXGL Background Thread 3 ] DEBUG Engine               - class com.almasb.fxgl.app.services.UpdaterService
14:11:49.290 [FXGL Background Thread 3 ] DEBUG Engine               - class com.almasb.fxgl.dev.DevService
14:11:49.290 [FXGL Background Thread 3 ] DEBUG Engine               - class com.almasb.fxgl.multiplayer.MultiplayerService
14:11:50.635 [JavaFX Application Thread] DEBUG PrimaryStageWindow   - Push state: DialogSubScene
14:11:50.635 [JavaFX Application Thread] DEBUG Input                - Clearing active input actions
14:11:50.636 [JavaFX Application Thread] DEBUG GameApplicationServi - Removing overlay from PlayerCountMenu and adding to DialogSubScene
14:11:50.639 [JavaFX Application Thread] DEBUG PrimaryStageWindow   - PlayerCountMenu -> DialogSubScene
14:11:51.272 [JavaFX Application Thread] DEBUG PrimaryStageWindow   - Pop state: DialogSubScene
14:11:51.272 [JavaFX Application Thread] DEBUG Input                - Clearing active input actions
14:11:51.274 [JavaFX Application Thread] DEBUG GameApplicationServi - Removing overlay from DialogSubScene and adding to PlayerCountMenu
14:11:51.275 [JavaFX Application Thread] DEBUG PrimaryStageWindow   - PlayerCountMenu <- DialogSubScene
14:11:51.283 [JavaFX Application Thread] DEBUG PrimaryStageWindow   - Push state: LoadingScreen
14:11:51.283 [JavaFX Application Thread] DEBUG Input                - Clearing active input actions
14:11:51.283 [JavaFX Application Thread] DEBUG GameApplicationServi - Removing overlay from PlayerCountMenu and adding to LoadingScreen
14:11:51.284 [JavaFX Application Thread] DEBUG PrimaryStageWindow   - PlayerCountMenu -> LoadingScreen
14:11:51.288 [ServerAsyncConnThread    ] DEBUG TCPServer            - Starting to listen at: 55555 type: class com.almasb.fxgl.core.serialization.Bundle
14:12:00.429 [ServerAsyncConnThread    ] DEBUG Endpoint             - TCPServer opening new connection (1) from /127.0.0.1:60054 type: class com.almasb.fxgl.core.serialization.Bundle
14:12:00.430 [ServerAsyncConnThread    ] DEBUG Endpoint             - TCPServer successfully opened connection (1)
14:12:00.432 [JavaFX Application Thread] DEBUG PrimaryStageWindow   - Pop state: LoadingScreen
14:12:00.432 [JavaFX Application Thread] DEBUG Input                - Clearing active input actions
14:12:00.432 [JavaFX Application Thread] DEBUG GameApplicationServi - Removing overlay from LoadingScreen and adding to PlayerCountMenu
14:12:00.434 [JavaFX Application Thread] DEBUG PrimaryStageWindow   - PlayerCountMenu <- LoadingScreen
14:12:00.435 [JavaFX Application Thread] DEBUG PrimaryStageWindow   - Push state: MultiplayerStart
14:12:00.435 [JavaFX Application Thread] DEBUG Input                - Clearing active input actions
14:12:00.435 [JavaFX Application Thread] DEBUG GameApplicationServi - Removing overlay from PlayerCountMenu and adding to MultiplayerStart
14:12:00.436 [JavaFX Application Thread] DEBUG PrimaryStageWindow   - PlayerCountMenu -> MultiplayerStart
14:12:00.440 [TCPServer_RecvThread-1   ] DEBUG Readers              - Getting TCPMessageReader for class com.almasb.fxgl.core.serialization.Bundle
14:12:00.442 [TCPServer_SendThread-1   ] DEBUG Writers              - Getting TCPMessageWriter for class com.almasb.fxgl.core.serialization.Bundle
14:12:00.445 [TCPServer_SendThread-1   ] DEBUG Writers              - Constructed TCPMessageWriter for class com.almasb.fxgl.core.serialization.Bundle: BundleTCPMessageWriter
14:12:00.445 [TCPServer_RecvThread-1   ] DEBUG Readers              - Constructed MessageReader for class com.almasb.fxgl.core.serialization.Bundle: BundleTCPMessageReader
14:12:02.956 [JavaFX Application Thread] DEBUG PrimaryStageWindow   - Pop state: MultiplayerStart
14:12:02.956 [JavaFX Application Thread] DEBUG Input                - Clearing active input actions
14:12:02.958 [JavaFX Application Thread] DEBUG GameApplicationServi - Removing overlay from MultiplayerStart and adding to PlayerCountMenu
14:12:02.960 [JavaFX Application Thread] DEBUG PrimaryStageWindow   - PlayerCountMenu <- MultiplayerStart
14:12:02.960 [JavaFX Application Thread] DEBUG PrimaryStageWindow   - Pop state: PlayerCountMenu
14:12:02.960 [JavaFX Application Thread] DEBUG Input                - Clearing active input actions
14:12:02.960 [JavaFX Application Thread] DEBUG GameApplicationServi - Removing overlay from PlayerCountMenu and adding to GameScene
14:12:02.961 [JavaFX Application Thread] DEBUG PrimaryStageWindow   - GameScene <- PlayerCountMenu
14:12:04.215 [JavaFX Application Thread] DEBUG FXGLAssetLoaderServi - Loading from file system: file:/C:/Users/Cent/Desktop/CSS124L-LE/CSS124L-FinalExam/CSS124L-FINAL-PROJECT/fp/target/classes/assets/textures/Zombies/Basic_Zombie_Walking.gif
14:12:04.225 [JavaFX Application Thread] DEBUG FXGLAssetLoaderServi - Loading from file system: file:/C:/Users/Cent/Desktop/CSS124L-LE/CSS124L-FinalExam/CSS124L-FINAL-PROJECT/fp/target/classes/assets/textures/Zombies/Basic_Zombie_Attack.gif
14:13:24.658 [TCPServer_RecvThread-1   ] DEBUG Endpoint             - Connection 1 was unexpectedly disconnected: Connection reset
14:13:24.659 [TCPServer_RecvThread-1   ] DEBUG Connection           - Closing connection 1
14:13:24.660 [TCPServer_RecvThread-1   ] DEBUG Connection           - Connection 1 was correctly closed from local endpoint.
14:13:24.661 [TCPServer_RecvThread-1   ] DEBUG Endpoint             - TCPServer connection (1) was closed
14:13:24.677 [TCPServer_SendThread-1   ] WARN  Endpoint             - TCPServer_SendThread-1 crashed
java.net.SocketException: Socket closed
	at java.base/sun.nio.ch.NioSocketImpl.ensureOpenAndConnected(NioSocketImpl.java:163)
	at java.base/sun.nio.ch.NioSocketImpl.beginWrite(NioSocketImpl.java:362)
	at java.base/sun.nio.ch.NioSocketImpl.implWrite(NioSocketImpl.java:407)
	at java.base/sun.nio.ch.NioSocketImpl.write(NioSocketImpl.java:440)
	at java.base/sun.nio.ch.NioSocketImpl$2.write(NioSocketImpl.java:819)
	at java.base/java.net.Socket$SocketOutputStream.write(Socket.java:1195)
	at java.base/java.io.ObjectOutputStream$BlockDataOutputStream.drain(ObjectOutputStream.java:1899)
	at java.base/java.io.ObjectOutputStream$BlockDataOutputStream.setBlockDataMode(ObjectOutputStream.java:1808)
	at java.base/java.io.ObjectOutputStream.writeNonProxyDesc(ObjectOutputStream.java:1302)
	at java.base/java.io.ObjectOutputStream.writeClassDesc(ObjectOutputStream.java:1247)
	at java.base/java.io.ObjectOutputStream.writeOrdinaryObject(ObjectOutputStream.java:1443)
	at java.base/java.io.ObjectOutputStream.writeObject0(ObjectOutputStream.java:1194)
	at java.base/java.io.ObjectOutputStream.writeFatalException(ObjectOutputStream.java:1615)
	at java.base/java.io.ObjectOutputStream.writeObject(ObjectOutputStream.java:361)
	at com.almasb.fxgl.io/com.almasb.fxgl.net.BundleTCPMessageWriter.write(Writers.kt:98)
	at com.almasb.fxgl.io/com.almasb.fxgl.net.BundleTCPMessageWriter.write(Writers.kt:93)
	at com.almasb.fxgl.io/com.almasb.fxgl.net.Endpoint.lambda$openTCPConnection$2(Endpoint.java:80)
	at java.base/java.lang.Thread.run(Thread.java:1583)

14:13:24.697 [JavaFX Application Thread] DEBUG FXGLApplication      - Exiting FXGL
14:13:24.697 [JavaFX Application Thread] DEBUG LoopRunner           - Stopping loop
14:13:24.697 [JavaFX Application Thread] DEBUG SystemBundleService  - Saving FXGL system data
14:13:24.700 [JavaFX Application Thread] DEBUG FileSystemAccess     - Writing to: c:\Users\Cent\Desktop\CSS124L-LE\CSS124L-FinalExam\CSS124L-FINAL-PROJECT\system\fxgl.bundle
14:13:24.700 [JavaFX Application Thread] DEBUG Async                - Shutting down background threads
14:13:24.706 [JavaFX Application Thread] DEBUG PrimaryStageWindow   - Closing main window
14:13:24.725 [JavaFX Application Thread] DEBUG Logger               - Closing Logger
