10:02:44.657 [main                     ] DEBUG Logger               - Configured Logger
10:02:44.662 [main                     ] DEBUG GameApplication      - Logging settings
Title: Flatline; Miami
Version: Alpha 0.3
Width: 800
Height: 600
Fullscreen: false
Intro: false
Profiling: false
Single step:false
App Mode: DEVELOPER
Menu Key: ESCAPE
Stage Style: DECORATED
Scene Factory: class com.groupfour.mygame.App$1

10:02:45.052 [JavaFX Application Thread] DEBUG FXGLApplication      - Initializing FXGL
10:02:45.053 [JavaFX Application Thread] INFO  Engine               - FXGL-dev-SNAPSHOT (28.07.2021 16.39) on WINDOWS (J:21.0.1 FX:16)
10:02:45.054 [JavaFX Application Thread] DEBUG Engine               - JRE Vendor Name: Eclipse Adoptium
10:02:45.054 [JavaFX Application Thread] DEBUG Engine               - Running on OS: Windows 11 version 10.0
10:02:45.054 [JavaFX Application Thread] DEBUG Engine               - Architecture: amd64
10:02:45.054 [JavaFX Application Thread] INFO  Engine               - Source code and latest versions at: https://github.com/AlmasB/FXGL
10:02:45.055 [JavaFX Application Thread] INFO  Engine               -              Join the FXGL chat at: https://gitter.im/AlmasB/FXGL
10:02:45.152 [JavaFX Application Thread] DEBUG PrimaryStageWindow   - Creating a JavaFX scene
10:02:45.210 [JavaFX Application Thread] DEBUG PrimaryStageWindow   - Target settings size: 800.0 x 600.0
10:02:45.210 [JavaFX Application Thread] DEBUG PrimaryStageWindow   - Scaled scene size:    800.0 x 600.0
10:02:45.210 [JavaFX Application Thread] DEBUG PrimaryStageWindow   - Scaled ratio: (1.0, 1.0)
10:02:45.211 [JavaFX Application Thread] DEBUG PrimaryStageWindow   - Set initial scene to FXGLStartupScene
10:02:45.220 [JavaFX Application Thread] DEBUG PrimaryStageWindow   - Opening main window
10:02:45.311 [JavaFX Application Thread] DEBUG PrimaryStageWindow   - Window border size: (16.0, 39.0)
10:02:45.311 [JavaFX Application Thread] DEBUG PrimaryStageWindow   - Scaled size: 800.0 x 600.0
10:02:45.311 [JavaFX Application Thread] DEBUG PrimaryStageWindow   - Scaled ratio: (1.0, 1.0)
10:02:45.312 [JavaFX Application Thread] DEBUG PrimaryStageWindow   - Scene size: 800.0 x 600.0
10:02:45.312 [JavaFX Application Thread] DEBUG PrimaryStageWindow   - Stage size: 816.0 x 639.0
10:02:45.322 [FXGL Background Thread 1 ] DEBUG Engine               - Initializing environment variables
10:02:45.394 [FXGL Background Thread 1 ] DEBUG FXGLAssetLoaderServi - User app class for loading assets: class com.groupfour.mygame.App
10:02:45.395 [FXGL Background Thread 1 ] DEBUG GameApplicationServi - Applying CSS: fxgl_dark.css
10:02:45.395 [FXGL Background Thread 1 ] DEBUG FXGLAssetLoaderServi - Loading from file system: jar:file:///C:/Users/Villy%20Joel%20Almandres/.m2/repository/com/github/almasb/fxgl/dev-SNAPSHOT/fxgl-dev-SNAPSHOT.jar!/fxglassets/ui/css/fxgl_dark.css
10:02:45.443 [FXGL Background Thread 1 ] DEBUG GameApplicationServi - Initializing application scenes
10:02:45.503 [FXGL Background Thread 1 ] DEBUG GameWorld            - Game world initialized
10:02:45.579 [FXGL Background Thread 1 ] DEBUG PhysicsWorld         - Physics world initialized: appHeight=600, physics.ppm=50.0
10:02:45.579 [FXGL Background Thread 1 ] DEBUG PhysicsWorld         - Using strategy: BRUTE_FORCE
10:02:45.585 [FXGL Background Thread 1 ] DEBUG GameScene            - Game scene initialized: 800x600
10:02:45.594 [FXGL Background Thread 1 ] DEBUG FXGL.DefaultMenu     - createMenuBodyMainMenu()
10:02:45.603 [FXGL Background Thread 1 ] DEBUG FXGL.DefaultMenu     - createOptionsMenu()
10:02:45.613 [FXGL Background Thread 1 ] DEBUG FXGLAssetLoaderServi - Loading from file system: jar:file:///C:/Users/Villy%20Joel%20Almandres/.m2/repository/com/github/almasb/fxgl/dev-SNAPSHOT/fxgl-dev-SNAPSHOT.jar!/fxglassets/textures/particles/smoke.png
10:02:45.773 [FXGL Background Thread 1 ] DEBUG FXGLAssetLoaderServi - Loading from file system: jar:file:///C:/Users/Villy%20Joel%20Almandres/.m2/repository/com/github/almasb/fxgl/dev-SNAPSHOT/fxgl-dev-SNAPSHOT.jar!/fxglassets/textures/particles/trace_horizontal.png
10:02:45.819 [FXGL Background Thread 1 ] DEBUG GameApplicationServi - Application scenes initialized
10:02:45.835 [FXGL Background Thread 1 ] DEBUG SystemBundleService  - Loading FXGL system data
10:02:45.839 [FXGL Background Thread 1 ] DEBUG FileSystemAccess     - Reading from: C:\Users\Villy Joel Almandres\Final Proj\CSS124L-FINAL-PROJECT\system\fxgl.bundle
10:02:45.847 [FXGL Background Thread 1 ] DEBUG SystemBundleService  - Bundle FXGL: {}
10:02:45.848 [FXGL Background Thread 1 ] DEBUG UpdaterService       - Checking for updates
10:02:45.850 [FXGL Background Thread 4 ] DEBUG FXGLApplication      - Loading fonts
10:02:45.850 [FXGL Background Thread 1 ] DEBUG FXGLApplication      - Loading default localization
10:02:45.850 [FXGL Background Thread 4 ] DEBUG FXGLAssetLoaderServi - Loading from file system: jar:file:///C:/Users/Villy%20Joel%20Almandres/.m2/repository/com/github/almasb/fxgl/dev-SNAPSHOT/fxgl-dev-SNAPSHOT.jar!/fxglassets/ui/fonts/VarelaRound-Regular.ttf
10:02:45.851 [FXGL Background Thread 1 ] DEBUG FXGLAssetLoaderServi - Loading from file system: jar:file:///C:/Users/Villy%20Joel%20Almandres/.m2/repository/com/github/almasb/fxgl/dev-SNAPSHOT/fxgl-dev-SNAPSHOT.jar!/fxglassets/languages/english.lang
10:02:45.884 [FXGL Background Thread 1 ] INFO  FXGLApplication      - FXGL initialization took: 0.561 sec
10:02:45.890 [FXGL Background Thread 4 ] DEBUG FXGLAssetLoaderServi - Loading from file system: jar:file:///C:/Users/Villy%20Joel%20Almandres/.m2/repository/com/github/almasb/fxgl/dev-SNAPSHOT/fxgl-dev-SNAPSHOT.jar!/fxglassets/ui/fonts/Abel-Regular.ttf
10:02:45.893 [FXGL Background Thread 4 ] DEBUG FXGLAssetLoaderServi - Loading from file system: jar:file:///C:/Users/Villy%20Joel%20Almandres/.m2/repository/com/github/almasb/fxgl/dev-SNAPSHOT/fxgl-dev-SNAPSHOT.jar!/fxglassets/ui/fonts/lucida_console.ttf
10:02:45.898 [FXGL Background Thread 4 ] DEBUG FXGLAssetLoaderServi - Loading from file system: jar:file:///C:/Users/Villy%20Joel%20Almandres/.m2/repository/com/github/almasb/fxgl/dev-SNAPSHOT/fxgl-dev-SNAPSHOT.jar!/fxglassets/ui/fonts/Courier-Prime.ttf
10:02:45.912 [JavaFX Application Thread] DEBUG Input                - Registered new binding: action0 - W
10:02:45.912 [JavaFX Application Thread] DEBUG Input                - Registered new binding: action1 - S
10:02:45.912 [JavaFX Application Thread] DEBUG Input                - Registered new binding: action2 - A
10:02:45.912 [JavaFX Application Thread] DEBUG Input                - Registered new binding: action3 - D
10:02:45.913 [JavaFX Application Thread] DEBUG Input                - Registered new binding: Start Shooting for Player 1 - LMB
10:02:45.915 [JavaFX Application Thread] DEBUG Input                - Registered new binding: AUTO-0 - W
10:02:45.915 [JavaFX Application Thread] DEBUG Input                - Registered new binding: AUTO-1 - S
10:02:45.916 [JavaFX Application Thread] DEBUG Input                - Registered new binding: AUTO-2 - A
10:02:45.916 [JavaFX Application Thread] DEBUG Input                - Registered new binding: AUTO-3 - D
10:02:45.916 [JavaFX Application Thread] DEBUG Input                - Registered new binding: Start Shooting for Player 2 - LMB
10:02:45.916 [JavaFX Application Thread] DEBUG FXGLAssetLoaderServi - Loading from file system: jar:file:///C:/Users/Villy%20Joel%20Almandres/.m2/repository/com/github/almasb/fxgl/dev-SNAPSHOT/fxgl-dev-SNAPSHOT.jar!/fxglassets/textures/fxgl_icon.png
10:02:45.935 [JavaFX Application Thread] DEBUG FXGLAssetLoaderServi - Loading from file system: jar:file:///C:/Users/Villy%20Joel%20Almandres/.m2/repository/com/github/almasb/fxgl/dev-SNAPSHOT/fxgl-dev-SNAPSHOT.jar!/fxglassets/textures/fxgl_default_cursor.png
10:02:45.940 [JavaFX Application Thread] DEBUG Input                - Registered new binding: Screenshot - CTRL+8
10:02:45.942 [JavaFX Application Thread] DEBUG Input                - Registered new binding: System info dump - CTRL+9
10:02:45.943 [JavaFX Application Thread] DEBUG Input                - Registered new binding: Restart - CTRL+R
10:02:45.945 [JavaFX Application Thread] DEBUG Input                - Registered new binding: Toggle Debug Camera - CTRL+C
10:02:45.955 [JavaFX Application Thread] DEBUG LoopRunner           - Starting loop
10:02:45.955 [JavaFX Application Thread] DEBUG LoopRunner           - Initializing JavaFX AnimationTimerLoop
10:02:45.968 [JavaFX Application Thread] DEBUG Input                - Clearing active input actions
10:02:45.974 [JavaFX Application Thread] DEBUG GameApplicationServi - Removing overlay from FXGLStartupScene and adding to FXGLMainMenuDummyScene
10:02:45.974 [JavaFX Application Thread] DEBUG PrimaryStageWindow   - FXGLStartupScene -> FXGLMainMenuDummyScene
10:02:45.974 [JavaFX Application Thread] DEBUG PrimaryStageWindow   - Push state: FXGLDefaultMenu
10:02:46.007 [JavaFX Application Thread] DEBUG Input                - Clearing active input actions
10:02:46.022 [JavaFX Application Thread] DEBUG GameApplicationServi - Removing overlay from FXGLMainMenuDummyScene and adding to FXGLDefaultMenu
10:02:46.023 [JavaFX Application Thread] DEBUG PrimaryStageWindow   - FXGLMainMenuDummyScene -> FXGLDefaultMenu
10:02:46.042 [JavaFX Application Thread] DEBUG FXGLApplication      - Registering font factories with UI factory
10:02:46.645 [FXGL Background Thread 2 ] INFO  UpdaterService       - Your current version:  dev-SNAPSHOT
10:02:46.646 [FXGL Background Thread 2 ] INFO  UpdaterService       - Latest stable version: 21.1
10:02:48.850 [FXGL Background Thread 3 ] DEBUG Engine               - Logging environment variables
10:02:48.850 [FXGL Background Thread 3 ] DEBUG Engine               - achievements: []
10:02:48.850 [FXGL Background Thread 3 ] DEBUG Engine               - actualHeight: 600.0
10:02:48.850 [FXGL Background Thread 3 ] DEBUG Engine               - actualHeightProperty: ReadOnlyDoubleProperty [value: 600.0]
10:02:48.850 [FXGL Background Thread 3 ] DEBUG Engine               - actualWidth: 800.0
10:02:48.851 [FXGL Background Thread 3 ] DEBUG Engine               - actualWidthProperty: ReadOnlyDoubleProperty [value: 800.0]
10:02:48.851 [FXGL Background Thread 3 ] DEBUG Engine               - appIcon: fxgl_icon.png
10:02:48.851 [FXGL Background Thread 3 ] DEBUG Engine               - applicationMode: DEVELOPER
10:02:48.851 [FXGL Background Thread 3 ] DEBUG Engine               - cSSList: [fxgl_dark.css]
10:02:48.851 [FXGL Background Thread 3 ] DEBUG Engine               - collisionDetectionStrategy: BRUTE_FORCE
10:02:48.851 [FXGL Background Thread 3 ] DEBUG Engine               - configClass: Optional.empty
10:02:48.851 [FXGL Background Thread 3 ] DEBUG Engine               - credits: []
10:02:48.851 [FXGL Background Thread 3 ] DEBUG Engine               - defaultCursor: CursorInfo(imageName=fxgl_default_cursor.png, hotspotX=7.0, hotspotY=6.0)
10:02:48.851 [FXGL Background Thread 3 ] DEBUG Engine               - devBBoxColorProperty: ObjectProperty [value: 0xff0000ff]
10:02:48.851 [FXGL Background Thread 3 ] DEBUG Engine               - devEnableDebugCameraProperty: BooleanProperty [value: false]
10:02:48.851 [FXGL Background Thread 3 ] DEBUG Engine               - devSensorColorProperty: ObjectProperty [value: 0xffff00ff]
10:02:48.851 [FXGL Background Thread 3 ] DEBUG Engine               - devShowBBoxProperty: BooleanProperty [value: false]
10:02:48.851 [FXGL Background Thread 3 ] DEBUG Engine               - devShowPositionProperty: BooleanProperty [value: false]
10:02:48.851 [FXGL Background Thread 3 ] DEBUG Engine               - enabledMenuItems: []
10:02:48.851 [FXGL Background Thread 3 ] DEBUG Engine               - engineServices: [class com.almasb.fxgl.app.services.FXGLAssetLoaderService, class com.almasb.fxgl.app.FXGLApplication$GameApplicationService, class com.almasb.fxgl.app.services.FXGLDialogService, class com.almasb.fxgl.app.services.IOTaskExecutorService, class com.almasb.fxgl.io.FileSystemService, class com.almasb.fxgl.localization.LocalizationService, class com.almasb.fxgl.app.services.SystemBundleService, class com.almasb.fxgl.profile.SaveLoadService, class com.almasb.fxgl.ui.FXGLUIFactoryServiceProvider, class com.almasb.fxgl.ui.FXGLDialogFactoryServiceProvider, class com.almasb.fxgl.audio.AudioPlayer, class com.almasb.fxgl.notification.impl.NotificationServiceProvider, class com.almasb.fxgl.achievement.AchievementService, class com.almasb.fxgl.cutscene.CutsceneService, class com.almasb.fxgl.minigames.MiniGameService, class com.almasb.fxgl.net.NetService, class com.almasb.fxgl.app.services.UpdaterService, class com.almasb.fxgl.dev.DevService, class com.almasb.fxgl.multiplayer.MultiplayerService]
10:02:48.851 [FXGL Background Thread 3 ] DEBUG Engine               - fontGame: Abel-Regular.ttf
10:02:48.851 [FXGL Background Thread 3 ] DEBUG Engine               - fontMono: lucida_console.ttf
10:02:48.851 [FXGL Background Thread 3 ] DEBUG Engine               - fontText: Courier-Prime.ttf
10:02:48.851 [FXGL Background Thread 3 ] DEBUG Engine               - fontUI: VarelaRound-Regular.ttf
10:02:48.851 [FXGL Background Thread 3 ] DEBUG Engine               - fullScreen: BooleanProperty [value: false]
10:02:48.852 [FXGL Background Thread 3 ] DEBUG Engine               - gameDifficulty: MEDIUM
10:02:48.852 [FXGL Background Thread 3 ] DEBUG Engine               - gameDifficultyProperty: ObjectProperty [value: MEDIUM]
10:02:48.852 [FXGL Background Thread 3 ] DEBUG Engine               - globalMusicVolume: 0.5
10:02:48.852 [FXGL Background Thread 3 ] DEBUG Engine               - globalMusicVolumeProperty: DoubleProperty [value: 0.5]
10:02:48.852 [FXGL Background Thread 3 ] DEBUG Engine               - globalSoundVolume: 0.5
10:02:48.852 [FXGL Background Thread 3 ] DEBUG Engine               - globalSoundVolumeProperty: DoubleProperty [value: 0.5]
10:02:48.852 [FXGL Background Thread 3 ] DEBUG Engine               - height: 600
10:02:48.852 [FXGL Background Thread 3 ] DEBUG Engine               - is3D: false
10:02:48.852 [FXGL Background Thread 3 ] DEBUG Engine               - isAndroid: false
10:02:48.852 [FXGL Background Thread 3 ] DEBUG Engine               - isBrowser: false
10:02:48.852 [FXGL Background Thread 3 ] DEBUG Engine               - isClickFeedbackEnabled: false
10:02:48.852 [FXGL Background Thread 3 ] DEBUG Engine               - isCloseConfirmation: false
10:02:48.852 [FXGL Background Thread 3 ] DEBUG Engine               - isDesktop: true
10:02:48.852 [FXGL Background Thread 3 ] DEBUG Engine               - isDeveloperMenuEnabled: false
10:02:48.852 [FXGL Background Thread 3 ] DEBUG Engine               - isEmbedded: false
10:02:48.852 [FXGL Background Thread 3 ] DEBUG Engine               - isEntityPreloadEnabled: true
10:02:48.852 [FXGL Background Thread 3 ] DEBUG Engine               - isExperimentalTiledLargeMap: false
10:02:48.852 [FXGL Background Thread 3 ] DEBUG Engine               - isFileSystemWriteAllowed: true
10:02:48.852 [FXGL Background Thread 3 ] DEBUG Engine               - isFullScreenAllowed: false
10:02:48.852 [FXGL Background Thread 3 ] DEBUG Engine               - isFullScreenFromStart: false
10:02:48.852 [FXGL Background Thread 3 ] DEBUG Engine               - isGameMenuEnabled: true
10:02:48.852 [FXGL Background Thread 3 ] DEBUG Engine               - isIOS: false
10:02:48.852 [FXGL Background Thread 3 ] DEBUG Engine               - isIntroEnabled: false
10:02:48.852 [FXGL Background Thread 3 ] DEBUG Engine               - isLinux: false
10:02:48.852 [FXGL Background Thread 3 ] DEBUG Engine               - isMac: false
10:02:48.852 [FXGL Background Thread 3 ] DEBUG Engine               - isMainMenuEnabled: true
10:02:48.852 [FXGL Background Thread 3 ] DEBUG Engine               - isManualResizeEnabled: false
10:02:48.852 [FXGL Background Thread 3 ] DEBUG Engine               - isMobile: false
10:02:48.853 [FXGL Background Thread 3 ] DEBUG Engine               - isNative: false
10:02:48.853 [FXGL Background Thread 3 ] DEBUG Engine               - isPauseMusicWhenMinimized: true
10:02:48.853 [FXGL Background Thread 3 ] DEBUG Engine               - isPreserveResizeRatio: false
10:02:48.853 [FXGL Background Thread 3 ] DEBUG Engine               - isProfilingEnabled: false
10:02:48.853 [FXGL Background Thread 3 ] DEBUG Engine               - isScaleAffectedOnResize: true
10:02:48.853 [FXGL Background Thread 3 ] DEBUG Engine               - isSingleStep: false
10:02:48.853 [FXGL Background Thread 3 ] DEBUG Engine               - isUserProfileEnabled: false
10:02:48.853 [FXGL Background Thread 3 ] DEBUG Engine               - isWindows: true
10:02:48.853 [FXGL Background Thread 3 ] DEBUG Engine               - language: ObjectProperty [value: ENGLISH]
10:02:48.853 [FXGL Background Thread 3 ] DEBUG Engine               - menuKey: ESCAPE
10:02:48.853 [FXGL Background Thread 3 ] DEBUG Engine               - mouseSensitivity: 0.2
10:02:48.853 [FXGL Background Thread 3 ] DEBUG Engine               - notificationViewClass: class com.almasb.fxgl.notification.view.XboxNotificationView
10:02:48.853 [FXGL Background Thread 3 ] DEBUG Engine               - pixelsPerMeter: 50.0
10:02:48.853 [FXGL Background Thread 3 ] DEBUG Engine               - platform: WINDOWS
10:02:48.853 [FXGL Background Thread 3 ] DEBUG Engine               - prefHeightProperty: ReadOnlyDoubleProperty [value: 600.0]
10:02:48.853 [FXGL Background Thread 3 ] DEBUG Engine               - prefWidthProperty: ReadOnlyDoubleProperty [value: 800.0]
10:02:48.853 [FXGL Background Thread 3 ] DEBUG Engine               - profileDir: profiles/
10:02:48.853 [FXGL Background Thread 3 ] DEBUG Engine               - profileName: StringProperty [value: DEFAULT]
10:02:48.853 [FXGL Background Thread 3 ] DEBUG Engine               - randomSeed: -1
10:02:48.853 [FXGL Background Thread 3 ] DEBUG Engine               - runtimeInfo: RuntimeInfo(platform=WINDOWS, version=dev-SNAPSHOT, build=28.07.2021 16.39)
10:02:48.853 [FXGL Background Thread 3 ] DEBUG Engine               - saveFileExt: sav
10:02:48.853 [FXGL Background Thread 3 ] DEBUG Engine               - scaledHeightProp$fxgl: DoubleProperty [bound, value: 600.0]
10:02:48.853 [FXGL Background Thread 3 ] DEBUG Engine               - scaledWidthProp$fxgl: DoubleProperty [bound, value: 800.0]
10:02:48.853 [FXGL Background Thread 3 ] DEBUG Engine               - sceneFactory: com.groupfour.mygame.App$1@1de3ef78
10:02:48.853 [FXGL Background Thread 3 ] DEBUG Engine               - secondsIn24h: 60
10:02:48.853 [FXGL Background Thread 3 ] DEBUG Engine               - soundMenuBack: menu/back.wav
10:02:48.853 [FXGL Background Thread 3 ] DEBUG Engine               - soundMenuPress: menu/press.wav
10:02:48.853 [FXGL Background Thread 3 ] DEBUG Engine               - soundMenuSelect: menu/select.wav
10:02:48.853 [FXGL Background Thread 3 ] DEBUG Engine               - soundNotification: core/notification.wav
10:02:48.854 [FXGL Background Thread 3 ] DEBUG Engine               - stageStyle: DECORATED
10:02:48.854 [FXGL Background Thread 3 ] DEBUG Engine               - supportedLanguages: [ENGLISH, FRENCH, GERMAN, HUNGARIAN, RUSSIAN]
10:02:48.854 [FXGL Background Thread 3 ] DEBUG Engine               - ticksPerSecond: -1
10:02:48.854 [FXGL Background Thread 3 ] DEBUG Engine               - title: Flatline; Miami
10:02:48.854 [FXGL Background Thread 3 ] DEBUG Engine               - urlGithub: https://github.com/AlmasB/FXGL
10:02:48.854 [FXGL Background Thread 3 ] DEBUG Engine               - urlLeaderboard: http://fxgl-top.herokuapp.com/
10:02:48.854 [FXGL Background Thread 3 ] DEBUG Engine               - urlPOM: https://raw.githubusercontent.com/AlmasB/FXGL/release/README.md
10:02:48.854 [FXGL Background Thread 3 ] DEBUG Engine               - userAppClass: class com.groupfour.mygame.App
10:02:48.854 [FXGL Background Thread 3 ] DEBUG Engine               - version: Alpha 0.3
10:02:48.854 [FXGL Background Thread 3 ] DEBUG Engine               - versionCheckDays: 7
10:02:48.854 [FXGL Background Thread 3 ] DEBUG Engine               - width: 800
10:02:48.854 [FXGL Background Thread 3 ] DEBUG Engine               - Logging services
10:02:48.854 [FXGL Background Thread 3 ] DEBUG Engine               - class com.almasb.fxgl.app.services.FXGLAssetLoaderService
10:02:48.854 [FXGL Background Thread 3 ] DEBUG Engine               - class com.almasb.fxgl.app.FXGLApplication$GameApplicationService
10:02:48.854 [FXGL Background Thread 3 ] DEBUG Engine               - class com.almasb.fxgl.app.services.FXGLDialogService
10:02:48.854 [FXGL Background Thread 3 ] DEBUG Engine               - class com.almasb.fxgl.app.services.IOTaskExecutorService
10:02:48.854 [FXGL Background Thread 3 ] DEBUG Engine               - class com.almasb.fxgl.io.FileSystemService
10:02:48.854 [FXGL Background Thread 3 ] DEBUG Engine               - class com.almasb.fxgl.localization.LocalizationService
10:02:48.854 [FXGL Background Thread 3 ] DEBUG Engine               - class com.almasb.fxgl.app.services.SystemBundleService
10:02:48.854 [FXGL Background Thread 3 ] DEBUG Engine               - class com.almasb.fxgl.profile.SaveLoadService
10:02:48.854 [FXGL Background Thread 3 ] DEBUG Engine               - class com.almasb.fxgl.ui.FXGLUIFactoryServiceProvider
10:02:48.854 [FXGL Background Thread 3 ] DEBUG Engine               - class com.almasb.fxgl.ui.FXGLDialogFactoryServiceProvider
10:02:48.854 [FXGL Background Thread 3 ] DEBUG Engine               - class com.almasb.fxgl.audio.AudioPlayer
10:02:48.854 [FXGL Background Thread 3 ] DEBUG Engine               - class com.almasb.fxgl.notification.impl.NotificationServiceProvider
10:02:48.854 [FXGL Background Thread 3 ] DEBUG Engine               - class com.almasb.fxgl.achievement.AchievementService
10:02:48.854 [FXGL Background Thread 3 ] DEBUG Engine               - class com.almasb.fxgl.cutscene.CutsceneService
10:02:48.854 [FXGL Background Thread 3 ] DEBUG Engine               - class com.almasb.fxgl.minigames.MiniGameService
10:02:48.854 [FXGL Background Thread 3 ] DEBUG Engine               - class com.almasb.fxgl.net.NetService
10:02:48.854 [FXGL Background Thread 3 ] DEBUG Engine               - class com.almasb.fxgl.app.services.UpdaterService
10:02:48.854 [FXGL Background Thread 3 ] DEBUG Engine               - class com.almasb.fxgl.dev.DevService
10:02:48.854 [FXGL Background Thread 3 ] DEBUG Engine               - class com.almasb.fxgl.multiplayer.MultiplayerService
10:02:50.067 [JavaFX Application Thread] DEBUG Menu                 - fireNewGame()
10:02:50.067 [JavaFX Application Thread] DEBUG GameApplicationServi - Starting new game
10:02:50.070 [JavaFX Application Thread] DEBUG PrimaryStageWindow   - Pop state: FXGLDefaultMenu
10:02:50.070 [JavaFX Application Thread] DEBUG Input                - Clearing active input actions
10:02:50.072 [JavaFX Application Thread] DEBUG GameApplicationServi - Removing overlay from FXGLDefaultMenu and adding to FXGLMainMenuDummyScene
10:02:50.073 [JavaFX Application Thread] DEBUG PrimaryStageWindow   - FXGLMainMenuDummyScene <- FXGLDefaultMenu
10:02:50.073 [JavaFX Application Thread] DEBUG Input                - Clearing active input actions
10:02:50.078 [JavaFX Application Thread] DEBUG GameApplicationServi - Removing overlay from FXGLMainMenuDummyScene and adding to FXGLLoadingScene
10:02:50.078 [JavaFX Application Thread] DEBUG PrimaryStageWindow   - FXGLMainMenuDummyScene -> FXGLLoadingScene
10:02:50.078 [JavaFX Application Thread] DEBUG GameApplicationServi - Clearing previous game
10:02:50.078 [JavaFX Application Thread] DEBUG GameScene            - Clearing game scene
10:02:50.078 [JavaFX Application Thread] DEBUG GameWorld            - Clearing game world
10:02:50.078 [JavaFX Application Thread] DEBUG PhysicsWorld         - Clearing physics world
10:02:50.084 [FXGL Background Thread 2 ] DEBUG FXGLApplication      - Initializing game
10:02:50.088 [FXGL Background Thread 2 ] INFO  FXGLApplication      - Game initialization took: 0.003 sec
10:02:50.098 [JavaFX Application Thread] DEBUG Input                - Clearing active input actions
10:02:50.105 [JavaFX Application Thread] DEBUG GameApplicationServi - Removing overlay from FXGLLoadingScene and adding to GameScene
10:02:50.105 [JavaFX Application Thread] DEBUG PrimaryStageWindow   - FXGLLoadingScene -> GameScene
10:02:50.125 [JavaFX Application Thread] DEBUG PrimaryStageWindow   - Push state: PlayerCountMenu
10:02:50.125 [JavaFX Application Thread] DEBUG Input                - Clearing active input actions
10:02:50.125 [JavaFX Application Thread] DEBUG GameApplicationServi - Removing overlay from GameScene and adding to PlayerCountMenu
10:02:50.125 [JavaFX Application Thread] DEBUG PrimaryStageWindow   - GameScene -> PlayerCountMenu
10:02:51.133 [JavaFX Application Thread] DEBUG PrimaryStageWindow   - Push state: DialogSubScene
10:02:51.133 [JavaFX Application Thread] DEBUG Input                - Clearing active input actions
10:02:51.134 [JavaFX Application Thread] DEBUG GameApplicationServi - Removing overlay from PlayerCountMenu and adding to DialogSubScene
10:02:51.134 [JavaFX Application Thread] DEBUG PrimaryStageWindow   - PlayerCountMenu -> DialogSubScene
10:02:51.860 [JavaFX Application Thread] DEBUG PrimaryStageWindow   - Pop state: DialogSubScene
10:02:51.860 [JavaFX Application Thread] DEBUG Input                - Clearing active input actions
10:02:51.861 [JavaFX Application Thread] DEBUG GameApplicationServi - Removing overlay from DialogSubScene and adding to PlayerCountMenu
10:02:51.861 [JavaFX Application Thread] DEBUG PrimaryStageWindow   - PlayerCountMenu <- DialogSubScene
10:02:51.869 [ClientAsyncConnThread    ] DEBUG TCPClient            - Connecting to 10.1.21.51:55555 type: class com.almasb.fxgl.core.serialization.Bundle
10:02:54.434 [JavaFX Application Thread] DEBUG PrimaryStageWindow   - Push state: DialogSubScene
10:02:54.434 [JavaFX Application Thread] DEBUG Input                - Clearing active input actions
10:02:54.435 [JavaFX Application Thread] DEBUG GameApplicationServi - Removing overlay from PlayerCountMenu and adding to DialogSubScene
10:02:54.435 [JavaFX Application Thread] DEBUG PrimaryStageWindow   - PlayerCountMenu -> DialogSubScene
10:02:55.829 [JavaFX Application Thread] DEBUG PrimaryStageWindow   - Pop state: DialogSubScene
10:02:55.829 [JavaFX Application Thread] DEBUG Input                - Clearing active input actions
10:02:55.829 [JavaFX Application Thread] DEBUG GameApplicationServi - Removing overlay from DialogSubScene and adding to PlayerCountMenu
10:02:55.830 [JavaFX Application Thread] DEBUG PrimaryStageWindow   - PlayerCountMenu <- DialogSubScene
10:02:55.830 [JavaFX Application Thread] DEBUG LoopRunner           - Stopping loop
10:02:55.831 [JavaFX Application Thread] FATAL FXGLApplication      - Uncaught Exception:
java.lang.IllegalArgumentException: Duplicated @Spawns(zombie) in com.groupfour.mygame.SpawnFactory@45b44cc8. Already exists in com.groupfour.mygame.SpawnFactory@849415=[zombie, player, bullet]
	at com.almasb.fxgl.entity/com.almasb.fxgl.entity.GameWorld.checkDuplicateSpawners(GameWorld.kt:341)
	at com.almasb.fxgl.entity/com.almasb.fxgl.entity.GameWorld.addEntityFactory$lambda-9(GameWorld.kt:314)
	at java.base/java.util.HashMap.forEach(HashMap.java:1429)
	at com.almasb.fxgl.entity/com.almasb.fxgl.entity.GameWorld.addEntityFactory(GameWorld.kt:310)
	at com.groupfour.mygame/com.groupfour.mygame.App.lambda$15(App.java:198)
	at com.almasb.fxgl.all/com.almasb.fxgl.app.services.FXGLDialogService.showConfirmationBox$lambda-2(FXGLDialogService.kt:130)
	at com.almasb.fxgl.scene/com.almasb.fxgl.ui.FXGLDialogFactoryServiceProvider.confirmationDialog$lambda-2(FXGLDialogFactoryServiceProvider.kt:80)
	at javafx.base/com.sun.javafx.event.CompositeEventHandler.dispatchBubblingEvent(CompositeEventHandler.java:86)
	at javafx.base/com.sun.javafx.event.EventHandlerManager.dispatchBubblingEvent(EventHandlerManager.java:234)
	at javafx.base/com.sun.javafx.event.EventHandlerManager.dispatchBubblingEvent(EventHandlerManager.java:191)
	at javafx.base/com.sun.javafx.event.CompositeEventDispatcher.dispatchBubblingEvent(CompositeEventDispatcher.java:59)
	at javafx.base/com.sun.javafx.event.BasicEventDispatcher.dispatchEvent(BasicEventDispatcher.java:58)
	at javafx.base/com.sun.javafx.event.EventDispatchChainImpl.dispatchEvent(EventDispatchChainImpl.java:114)
	at javafx.base/com.sun.javafx.event.BasicEventDispatcher.dispatchEvent(BasicEventDispatcher.java:56)
	at javafx.base/com.sun.javafx.event.EventDispatchChainImpl.dispatchEvent(EventDispatchChainImpl.java:114)
	at javafx.base/com.sun.javafx.event.BasicEventDispatcher.dispatchEvent(BasicEventDispatcher.java:56)
	at javafx.base/com.sun.javafx.event.EventDispatchChainImpl.dispatchEvent(EventDispatchChainImpl.java:114)
	at javafx.base/com.sun.javafx.event.BasicEventDispatcher.dispatchEvent(BasicEventDispatcher.java:56)
	at javafx.base/com.sun.javafx.event.EventDispatchChainImpl.dispatchEvent(EventDispatchChainImpl.java:114)
	at javafx.base/com.sun.javafx.event.EventUtil.fireEventImpl(EventUtil.java:74)
	at javafx.base/com.sun.javafx.event.EventUtil.fireEvent(EventUtil.java:49)
	at javafx.base/javafx.event.Event.fireEvent(Event.java:198)
	at javafx.graphics/javafx.scene.Node.fireEvent(Node.java:8889)
	at javafx.controls/javafx.scene.control.Button.fire(Button.java:203)
	at javafx.controls/com.sun.javafx.scene.control.behavior.ButtonBehavior.mouseReleased(ButtonBehavior.java:208)
	at javafx.controls/com.sun.javafx.scene.control.inputmap.InputMap.handle(InputMap.java:274)
	at javafx.base/com.sun.javafx.event.CompositeEventHandler$NormalEventHandlerRecord.handleBubblingEvent(CompositeEventHandler.java:247)
	at javafx.base/com.sun.javafx.event.CompositeEventHandler.dispatchBubblingEvent(CompositeEventHandler.java:80)
	at javafx.base/com.sun.javafx.event.EventHandlerManager.dispatchBubblingEvent(EventHandlerManager.java:234)
	at javafx.base/com.sun.javafx.event.EventHandlerManager.dispatchBubblingEvent(EventHandlerManager.java:191)
	at javafx.base/com.sun.javafx.event.CompositeEventDispatcher.dispatchBubblingEvent(CompositeEventDispatcher.java:59)
	at javafx.base/com.sun.javafx.event.BasicEventDispatcher.dispatchEvent(BasicEventDispatcher.java:58)
	at javafx.base/com.sun.javafx.event.EventDispatchChainImpl.dispatchEvent(EventDispatchChainImpl.java:114)
	at javafx.base/com.sun.javafx.event.BasicEventDispatcher.dispatchEvent(BasicEventDispatcher.java:56)
	at javafx.base/com.sun.javafx.event.EventDispatchChainImpl.dispatchEvent(EventDispatchChainImpl.java:114)
	at javafx.base/com.sun.javafx.event.BasicEventDispatcher.dispatchEvent(BasicEventDispatcher.java:56)
	at javafx.base/com.sun.javafx.event.EventDispatchChainImpl.dispatchEvent(EventDispatchChainImpl.java:114)
	at javafx.base/com.sun.javafx.event.BasicEventDispatcher.dispatchEvent(BasicEventDispatcher.java:56)
	at javafx.base/com.sun.javafx.event.EventDispatchChainImpl.dispatchEvent(EventDispatchChainImpl.java:114)
	at javafx.base/com.sun.javafx.event.EventUtil.fireEventImpl(EventUtil.java:74)
	at javafx.base/com.sun.javafx.event.EventUtil.fireEvent(EventUtil.java:54)
	at javafx.base/javafx.event.Event.fireEvent(Event.java:198)
	at javafx.graphics/javafx.scene.Scene$MouseHandler.process(Scene.java:3856)
	at javafx.graphics/javafx.scene.Scene.processMouseEvent(Scene.java:1851)
	at javafx.graphics/javafx.scene.Scene$ScenePeerListener.mouseEvent(Scene.java:2584)
	at javafx.graphics/com.sun.javafx.tk.quantum.GlassViewEventHandler$MouseEventNotification.run(GlassViewEventHandler.java:409)
	at javafx.graphics/com.sun.javafx.tk.quantum.GlassViewEventHandler$MouseEventNotification.run(GlassViewEventHandler.java:299)
	at java.base/java.security.AccessController.doPrivileged(AccessController.java:400)
	at javafx.graphics/com.sun.javafx.tk.quantum.GlassViewEventHandler.lambda$handleMouseEvent$2(GlassViewEventHandler.java:447)
	at javafx.graphics/com.sun.javafx.tk.quantum.QuantumToolkit.runWithoutRenderLock(QuantumToolkit.java:412)
	at javafx.graphics/com.sun.javafx.tk.quantum.GlassViewEventHandler.handleMouseEvent(GlassViewEventHandler.java:446)
	at javafx.graphics/com.sun.glass.ui.View.handleMouseEvent(View.java:556)
	at javafx.graphics/com.sun.glass.ui.View.notifyMouse(View.java:942)
	at javafx.graphics/com.sun.glass.ui.win.WinApplication._runLoop(Native Method)
	at javafx.graphics/com.sun.glass.ui.win.WinApplication.lambda$runLoop$3(WinApplication.java:174)
	at java.base/java.lang.Thread.run(Thread.java:1583)

10:02:55.836 [JavaFX Application Thread] FATAL FXGLApplication      - Application will now exit
10:02:55.847 [JavaFX Application Thread] DEBUG PrimaryStageWindow   - Push state: ErrorSubScene
10:02:55.847 [JavaFX Application Thread] DEBUG Input                - Clearing active input actions
10:02:55.850 [JavaFX Application Thread] DEBUG GameApplicationServi - Removing overlay from PlayerCountMenu and adding to ErrorSubScene
10:02:55.850 [JavaFX Application Thread] DEBUG PrimaryStageWindow   - PlayerCountMenu -> ErrorSubScene
10:02:58.925 [JavaFX Application Thread] DEBUG FXGLApplication      - Exiting FXGL
10:02:58.925 [JavaFX Application Thread] DEBUG Async                - Shutting down background threads
10:02:58.925 [JavaFX Application Thread] DEBUG PrimaryStageWindow   - Closing main window
10:02:58.943 [JavaFX Application Thread] DEBUG Logger               - Closing Logger
