16:51:21.605 [main                     ] DEBUG Logger               - Configured Logger
16:51:21.608 [main                     ] DEBUG GameApplication      - Logging settings
Title: Flatline; Miami
Version: Alpha 0.3
Width: 800
Height: 600
Fullscreen: false
Intro: false
Profiling: false
Single step:false
App Mode: DEVELOPER
Menu Key: ESCAPE
Stage Style: DECORATED
Scene Factory: class com.groupfour.mygame.App$1

16:51:21.921 [JavaFX Application Thread] DEBUG FXGLApplication      - Initializing FXGL
16:51:21.922 [JavaFX Application Thread] INFO  Engine               - FXGL-dev-SNAPSHOT (28.07.2021 16.39) on WINDOWS (J:21.0.4 FX:16)
16:51:21.923 [JavaFX Application Thread] DEBUG Engine               - JRE Vendor Name: Eclipse Adoptium
16:51:21.923 [JavaFX Application Thread] DEBUG Engine               - Running on OS: Windows 11 version 10.0
16:51:21.923 [JavaFX Application Thread] DEBUG Engine               - Architecture: amd64
16:51:21.923 [JavaFX Application Thread] INFO  Engine               - Source code and latest versions at: https://github.com/AlmasB/FXGL
16:51:21.923 [JavaFX Application Thread] INFO  Engine               -              Join the FXGL chat at: https://gitter.im/AlmasB/FXGL
16:51:21.998 [JavaFX Application Thread] DEBUG PrimaryStageWindow   - Creating a JavaFX scene
16:51:22.038 [JavaFX Application Thread] DEBUG PrimaryStageWindow   - Target settings size: 800.0 x 600.0
16:51:22.038 [JavaFX Application Thread] DEBUG PrimaryStageWindow   - Scaled scene size:    800.0 x 600.0
16:51:22.038 [JavaFX Application Thread] DEBUG PrimaryStageWindow   - Scaled ratio: (1.0, 1.0)
16:51:22.039 [JavaFX Application Thread] DEBUG PrimaryStageWindow   - Set initial scene to FXGLStartupScene
16:51:22.045 [JavaFX Application Thread] DEBUG PrimaryStageWindow   - Opening main window
16:51:22.134 [JavaFX Application Thread] DEBUG PrimaryStageWindow   - Window border size: (14.4000244140625, 37.5999755859375)
16:51:22.136 [JavaFX Application Thread] DEBUG PrimaryStageWindow   - Scaled size: 800.0 x 600.0
16:51:22.136 [JavaFX Application Thread] DEBUG PrimaryStageWindow   - Scaled ratio: (1.0, 1.0)
16:51:22.136 [JavaFX Application Thread] DEBUG PrimaryStageWindow   - Scene size: 800.0 x 600.0
16:51:22.136 [JavaFX Application Thread] DEBUG PrimaryStageWindow   - Stage size: 814.4000244140625 x 637.5999755859375
16:51:22.146 [FXGL Background Thread 1 ] DEBUG Engine               - Initializing environment variables
16:51:22.222 [FXGL Background Thread 1 ] DEBUG FXGLAssetLoaderServi - User app class for loading assets: class com.groupfour.mygame.App
16:51:22.222 [FXGL Background Thread 1 ] DEBUG GameApplicationServi - Applying CSS: fxgl_dark.css
16:51:22.223 [FXGL Background Thread 1 ] DEBUG FXGLAssetLoaderServi - Loading from file system: jar:file:///C:/Users/Cent/.m2/repository/com/github/almasb/fxgl/dev-SNAPSHOT/fxgl-dev-SNAPSHOT.jar!/fxglassets/ui/css/fxgl_dark.css
16:51:22.282 [FXGL Background Thread 1 ] DEBUG GameApplicationServi - Initializing application scenes
16:51:22.335 [FXGL Background Thread 1 ] DEBUG GameWorld            - Game world initialized
16:51:22.393 [FXGL Background Thread 1 ] DEBUG PhysicsWorld         - Physics world initialized: appHeight=600, physics.ppm=50.0
16:51:22.393 [FXGL Background Thread 1 ] DEBUG PhysicsWorld         - Using strategy: BRUTE_FORCE
16:51:22.395 [FXGL Background Thread 1 ] DEBUG GameScene            - Game scene initialized: 800x600
16:51:22.403 [FXGL Background Thread 1 ] DEBUG FXGL.DefaultMenu     - createMenuBodyMainMenu()
16:51:22.412 [FXGL Background Thread 1 ] DEBUG FXGL.DefaultMenu     - createOptionsMenu()
16:51:22.419 [FXGL Background Thread 1 ] DEBUG FXGLAssetLoaderServi - Loading from file system: jar:file:///C:/Users/Cent/.m2/repository/com/github/almasb/fxgl/dev-SNAPSHOT/fxgl-dev-SNAPSHOT.jar!/fxglassets/textures/particles/smoke.png
16:51:22.514 [FXGL Background Thread 1 ] DEBUG FXGLAssetLoaderServi - Loading from file system: jar:file:///C:/Users/Cent/.m2/repository/com/github/almasb/fxgl/dev-SNAPSHOT/fxgl-dev-SNAPSHOT.jar!/fxglassets/textures/particles/trace_horizontal.png
16:51:22.543 [FXGL Background Thread 1 ] DEBUG GameApplicationServi - Application scenes initialized
16:51:22.550 [FXGL Background Thread 1 ] DEBUG SystemBundleService  - Loading FXGL system data
16:51:22.553 [FXGL Background Thread 1 ] DEBUG FileSystemAccess     - Reading from: C:\Users\Cent\Desktop\CSS124L-LE\CSS124L-FinalExam\CSS124L-FINAL-PROJECT\system\fxgl.bundle
16:51:22.561 [FXGL Background Thread 1 ] DEBUG SystemBundleService  - Bundle FXGL: {}
16:51:22.561 [FXGL Background Thread 1 ] DEBUG UpdaterService       - Checking for updates
16:51:22.563 [FXGL Background Thread 4 ] DEBUG FXGLApplication      - Loading fonts
16:51:22.564 [FXGL Background Thread 1 ] DEBUG FXGLApplication      - Loading default localization
16:51:22.564 [FXGL Background Thread 4 ] DEBUG FXGLAssetLoaderServi - Loading from file system: jar:file:///C:/Users/Cent/.m2/repository/com/github/almasb/fxgl/dev-SNAPSHOT/fxgl-dev-SNAPSHOT.jar!/fxglassets/ui/fonts/VarelaRound-Regular.ttf
16:51:22.564 [FXGL Background Thread 1 ] DEBUG FXGLAssetLoaderServi - Loading from file system: jar:file:///C:/Users/Cent/.m2/repository/com/github/almasb/fxgl/dev-SNAPSHOT/fxgl-dev-SNAPSHOT.jar!/fxglassets/languages/english.lang
16:51:22.574 [FXGL Background Thread 1 ] INFO  FXGLApplication      - FXGL initialization took: 0.428 sec
16:51:22.575 [JavaFX Application Thread] DEBUG FXGLAssetLoaderServi - Loading from file system: jar:file:///C:/Users/Cent/.m2/repository/com/github/almasb/fxgl/dev-SNAPSHOT/fxgl-dev-SNAPSHOT.jar!/fxglassets/textures/fxgl_icon.png
16:51:22.595 [FXGL Background Thread 4 ] DEBUG FXGLAssetLoaderServi - Loading from file system: jar:file:///C:/Users/Cent/.m2/repository/com/github/almasb/fxgl/dev-SNAPSHOT/fxgl-dev-SNAPSHOT.jar!/fxglassets/ui/fonts/Abel-Regular.ttf
16:51:22.598 [JavaFX Application Thread] DEBUG FXGLAssetLoaderServi - Loading from file system: jar:file:///C:/Users/Cent/.m2/repository/com/github/almasb/fxgl/dev-SNAPSHOT/fxgl-dev-SNAPSHOT.jar!/fxglassets/textures/fxgl_default_cursor.png
16:51:22.598 [FXGL Background Thread 4 ] DEBUG FXGLAssetLoaderServi - Loading from file system: jar:file:///C:/Users/Cent/.m2/repository/com/github/almasb/fxgl/dev-SNAPSHOT/fxgl-dev-SNAPSHOT.jar!/fxglassets/ui/fonts/lucida_console.ttf
16:51:22.602 [FXGL Background Thread 4 ] DEBUG FXGLAssetLoaderServi - Loading from file system: jar:file:///C:/Users/Cent/.m2/repository/com/github/almasb/fxgl/dev-SNAPSHOT/fxgl-dev-SNAPSHOT.jar!/fxglassets/ui/fonts/Courier-Prime.ttf
16:51:22.608 [JavaFX Application Thread] DEBUG Input                - Registered new binding: Screenshot - CTRL+8
16:51:22.609 [JavaFX Application Thread] DEBUG Input                - Registered new binding: System info dump - CTRL+9
16:51:22.609 [JavaFX Application Thread] DEBUG Input                - Registered new binding: Restart - CTRL+R
16:51:22.610 [JavaFX Application Thread] DEBUG Input                - Registered new binding: Toggle Debug Camera - CTRL+C
16:51:22.612 [JavaFX Application Thread] DEBUG LoopRunner           - Starting loop
16:51:22.612 [JavaFX Application Thread] DEBUG LoopRunner           - Initializing JavaFX AnimationTimerLoop
16:51:22.614 [JavaFX Application Thread] DEBUG Input                - Clearing active input actions
16:51:22.621 [JavaFX Application Thread] DEBUG GameApplicationServi - Removing overlay from FXGLStartupScene and adding to FXGLMainMenuDummyScene
16:51:22.621 [JavaFX Application Thread] DEBUG PrimaryStageWindow   - FXGLStartupScene -> FXGLMainMenuDummyScene
16:51:22.621 [JavaFX Application Thread] DEBUG PrimaryStageWindow   - Push state: FXGLDefaultMenu
16:51:22.632 [JavaFX Application Thread] DEBUG Input                - Clearing active input actions
16:51:22.646 [JavaFX Application Thread] DEBUG GameApplicationServi - Removing overlay from FXGLMainMenuDummyScene and adding to FXGLDefaultMenu
16:51:22.646 [JavaFX Application Thread] DEBUG PrimaryStageWindow   - FXGLMainMenuDummyScene -> FXGLDefaultMenu
16:51:22.654 [JavaFX Application Thread] DEBUG FXGLApplication      - Registering font factories with UI factory
16:51:23.008 [FXGL Background Thread 2 ] INFO  UpdaterService       - Your current version:  dev-SNAPSHOT
16:51:23.008 [FXGL Background Thread 2 ] INFO  UpdaterService       - Latest stable version: 21.1
16:51:23.480 [JavaFX Application Thread] DEBUG Menu                 - fireNewGame()
16:51:23.480 [JavaFX Application Thread] DEBUG GameApplicationServi - Starting new game
16:51:23.482 [JavaFX Application Thread] DEBUG PrimaryStageWindow   - Pop state: FXGLDefaultMenu
16:51:23.482 [JavaFX Application Thread] DEBUG Input                - Clearing active input actions
16:51:23.483 [JavaFX Application Thread] DEBUG GameApplicationServi - Removing overlay from FXGLDefaultMenu and adding to FXGLMainMenuDummyScene
16:51:23.483 [JavaFX Application Thread] DEBUG PrimaryStageWindow   - FXGLMainMenuDummyScene <- FXGLDefaultMenu
16:51:23.483 [JavaFX Application Thread] DEBUG Input                - Clearing active input actions
16:51:23.490 [JavaFX Application Thread] DEBUG GameApplicationServi - Removing overlay from FXGLMainMenuDummyScene and adding to FXGLLoadingScene
16:51:23.490 [JavaFX Application Thread] DEBUG PrimaryStageWindow   - FXGLMainMenuDummyScene -> FXGLLoadingScene
16:51:23.490 [JavaFX Application Thread] DEBUG GameApplicationServi - Clearing previous game
16:51:23.490 [JavaFX Application Thread] DEBUG GameScene            - Clearing game scene
16:51:23.490 [JavaFX Application Thread] DEBUG GameWorld            - Clearing game world
16:51:23.490 [JavaFX Application Thread] DEBUG PhysicsWorld         - Clearing physics world
16:51:23.493 [FXGL Background Thread 2 ] DEBUG FXGLApplication      - Initializing game
16:51:23.500 [FXGL Background Thread 2 ] INFO  FXGLApplication      - Game initialization took: 0.006 sec
16:51:23.511 [JavaFX Application Thread] DEBUG Input                - Clearing active input actions
16:51:23.515 [JavaFX Application Thread] DEBUG GameApplicationServi - Removing overlay from FXGLLoadingScene and adding to GameScene
16:51:23.515 [JavaFX Application Thread] DEBUG PrimaryStageWindow   - FXGLLoadingScene -> GameScene
16:51:23.518 [JavaFX Application Thread] DEBUG PrimaryStageWindow   - Push state: PlayerCountMenu
16:51:23.518 [JavaFX Application Thread] DEBUG Input                - Clearing active input actions
16:51:23.518 [JavaFX Application Thread] DEBUG GameApplicationServi - Removing overlay from GameScene and adding to PlayerCountMenu
16:51:23.518 [JavaFX Application Thread] DEBUG PrimaryStageWindow   - GameScene -> PlayerCountMenu
16:51:24.217 [JavaFX Application Thread] DEBUG PrimaryStageWindow   - Push state: DialogSubScene
16:51:24.217 [JavaFX Application Thread] DEBUG Input                - Clearing active input actions
16:51:24.217 [JavaFX Application Thread] DEBUG GameApplicationServi - Removing overlay from PlayerCountMenu and adding to DialogSubScene
16:51:24.218 [JavaFX Application Thread] DEBUG PrimaryStageWindow   - PlayerCountMenu -> DialogSubScene
16:51:25.280 [JavaFX Application Thread] DEBUG PrimaryStageWindow   - Pop state: DialogSubScene
16:51:25.280 [JavaFX Application Thread] DEBUG Input                - Clearing active input actions
16:51:25.281 [JavaFX Application Thread] DEBUG GameApplicationServi - Removing overlay from DialogSubScene and adding to PlayerCountMenu
16:51:25.281 [JavaFX Application Thread] DEBUG PrimaryStageWindow   - PlayerCountMenu <- DialogSubScene
16:51:25.288 [ClientAsyncConnThread    ] DEBUG TCPClient            - Connecting to localhost:55555 type: class com.almasb.fxgl.core.serialization.Bundle
16:51:25.290 [ClientAsyncConnThread    ] DEBUG TCPClient            - Created socket to localhost:55555
16:51:25.293 [ClientAsyncConnThread    ] DEBUG Endpoint             - TCPClient opening new connection (1) from localhost/127.0.0.1:55555 type: class com.almasb.fxgl.core.serialization.Bundle
16:51:25.293 [ClientAsyncConnThread    ] DEBUG Endpoint             - TCPClient successfully opened connection (1)
16:51:25.297 [TCPClient_SendThread-1   ] DEBUG Writers              - Getting TCPMessageWriter for class com.almasb.fxgl.core.serialization.Bundle
16:51:25.298 [TCPClient_RecvThread-1   ] DEBUG Readers              - Getting TCPMessageReader for class com.almasb.fxgl.core.serialization.Bundle
16:51:25.298 [TCPClient_SendThread-1   ] DEBUG Writers              - Constructed TCPMessageWriter for class com.almasb.fxgl.core.serialization.Bundle: BundleTCPMessageWriter
16:51:25.299 [TCPClient_RecvThread-1   ] DEBUG Readers              - Constructed MessageReader for class com.almasb.fxgl.core.serialization.Bundle: BundleTCPMessageReader
16:51:25.309 [JavaFX Application Thread] DEBUG LoopRunner           - Stopping loop
16:51:25.310 [JavaFX Application Thread] FATAL FXGLApplication      - Uncaught Exception:
java.lang.NullPointerException: Cannot store to object array because "this.players" is null
	at com.groupfour.mygame/com.groupfour.mygame.App.onClient(App.java:245)
	at com.groupfour.mygame/com.groupfour.mygame.App.lambda$17(App.java:213)
	at com.almasb.fxgl.core/com.almasb.fxgl.core.concurrent.Async.startAsyncFX$lambda-1(Concurrent.kt:47)
	at com.almasb.fxgl.core/com.almasb.fxgl.core.concurrent.FXCoroutine._init_$lambda-0(Concurrent.kt:118)
	at javafx.graphics/com.sun.javafx.application.PlatformImpl.lambda$runLater$10(PlatformImpl.java:447)
	at java.base/java.security.AccessController.doPrivileged(AccessController.java:400)
	at javafx.graphics/com.sun.javafx.application.PlatformImpl.lambda$runLater$11(PlatformImpl.java:446)
	at javafx.graphics/com.sun.glass.ui.InvokeLaterDispatcher$Future.run(InvokeLaterDispatcher.java:96)
	at javafx.graphics/com.sun.glass.ui.win.WinApplication._runLoop(Native Method)
	at javafx.graphics/com.sun.glass.ui.win.WinApplication.lambda$runLoop$3(WinApplication.java:174)
	at java.base/java.lang.Thread.run(Thread.java:1583)

16:51:25.311 [JavaFX Application Thread] FATAL FXGLApplication      - Application will now exit
16:51:25.322 [JavaFX Application Thread] DEBUG PrimaryStageWindow   - Push state: ErrorSubScene
16:51:25.322 [JavaFX Application Thread] DEBUG Input                - Clearing active input actions
16:51:25.324 [JavaFX Application Thread] DEBUG GameApplicationServi - Removing overlay from PlayerCountMenu and adding to ErrorSubScene
16:51:25.325 [JavaFX Application Thread] DEBUG PrimaryStageWindow   - PlayerCountMenu -> ErrorSubScene
16:51:25.564 [FXGL Background Thread 3 ] DEBUG Engine               - Logging environment variables
16:51:25.564 [FXGL Background Thread 3 ] DEBUG Engine               - achievements: []
16:51:25.564 [FXGL Background Thread 3 ] DEBUG Engine               - actualHeight: 600.0
16:51:25.564 [FXGL Background Thread 3 ] DEBUG Engine               - actualHeightProperty: ReadOnlyDoubleProperty [value: 600.0]
16:51:25.564 [FXGL Background Thread 3 ] DEBUG Engine               - actualWidth: 800.0
16:51:25.564 [FXGL Background Thread 3 ] DEBUG Engine               - actualWidthProperty: ReadOnlyDoubleProperty [value: 800.0]
16:51:25.564 [FXGL Background Thread 3 ] DEBUG Engine               - appIcon: fxgl_icon.png
16:51:25.564 [FXGL Background Thread 3 ] DEBUG Engine               - applicationMode: DEVELOPER
16:51:25.564 [FXGL Background Thread 3 ] DEBUG Engine               - cSSList: [fxgl_dark.css]
16:51:25.564 [FXGL Background Thread 3 ] DEBUG Engine               - collisionDetectionStrategy: BRUTE_FORCE
16:51:25.564 [FXGL Background Thread 3 ] DEBUG Engine               - configClass: Optional.empty
16:51:25.564 [FXGL Background Thread 3 ] DEBUG Engine               - credits: []
16:51:25.564 [FXGL Background Thread 3 ] DEBUG Engine               - defaultCursor: CursorInfo(imageName=fxgl_default_cursor.png, hotspotX=7.0, hotspotY=6.0)
16:51:25.565 [FXGL Background Thread 3 ] DEBUG Engine               - devBBoxColorProperty: ObjectProperty [value: 0xff0000ff]
16:51:25.565 [FXGL Background Thread 3 ] DEBUG Engine               - devEnableDebugCameraProperty: BooleanProperty [value: false]
16:51:25.565 [FXGL Background Thread 3 ] DEBUG Engine               - devSensorColorProperty: ObjectProperty [value: 0xffff00ff]
16:51:25.565 [FXGL Background Thread 3 ] DEBUG Engine               - devShowBBoxProperty: BooleanProperty [value: false]
16:51:25.565 [FXGL Background Thread 3 ] DEBUG Engine               - devShowPositionProperty: BooleanProperty [value: false]
16:51:25.565 [FXGL Background Thread 3 ] DEBUG Engine               - enabledMenuItems: []
16:51:25.565 [FXGL Background Thread 3 ] DEBUG Engine               - engineServices: [class com.almasb.fxgl.app.services.FXGLAssetLoaderService, class com.almasb.fxgl.app.FXGLApplication$GameApplicationService, class com.almasb.fxgl.app.services.FXGLDialogService, class com.almasb.fxgl.app.services.IOTaskExecutorService, class com.almasb.fxgl.io.FileSystemService, class com.almasb.fxgl.localization.LocalizationService, class com.almasb.fxgl.app.services.SystemBundleService, class com.almasb.fxgl.profile.SaveLoadService, class com.almasb.fxgl.ui.FXGLUIFactoryServiceProvider, class com.almasb.fxgl.ui.FXGLDialogFactoryServiceProvider, class com.almasb.fxgl.audio.AudioPlayer, class com.almasb.fxgl.notification.impl.NotificationServiceProvider, class com.almasb.fxgl.achievement.AchievementService, class com.almasb.fxgl.cutscene.CutsceneService, class com.almasb.fxgl.minigames.MiniGameService, class com.almasb.fxgl.net.NetService, class com.almasb.fxgl.app.services.UpdaterService, class com.almasb.fxgl.dev.DevService, class com.almasb.fxgl.multiplayer.MultiplayerService]
16:51:25.565 [FXGL Background Thread 3 ] DEBUG Engine               - fontGame: Abel-Regular.ttf
16:51:25.565 [FXGL Background Thread 3 ] DEBUG Engine               - fontMono: lucida_console.ttf
16:51:25.565 [FXGL Background Thread 3 ] DEBUG Engine               - fontText: Courier-Prime.ttf
16:51:25.565 [FXGL Background Thread 3 ] DEBUG Engine               - fontUI: VarelaRound-Regular.ttf
16:51:25.565 [FXGL Background Thread 3 ] DEBUG Engine               - fullScreen: BooleanProperty [value: false]
16:51:25.565 [FXGL Background Thread 3 ] DEBUG Engine               - gameDifficulty: MEDIUM
16:51:25.565 [FXGL Background Thread 3 ] DEBUG Engine               - gameDifficultyProperty: ObjectProperty [value: MEDIUM]
16:51:25.565 [FXGL Background Thread 3 ] DEBUG Engine               - globalMusicVolume: 0.5
16:51:25.565 [FXGL Background Thread 3 ] DEBUG Engine               - globalMusicVolumeProperty: DoubleProperty [value: 0.5]
16:51:25.565 [FXGL Background Thread 3 ] DEBUG Engine               - globalSoundVolume: 0.5
16:51:25.565 [FXGL Background Thread 3 ] DEBUG Engine               - globalSoundVolumeProperty: DoubleProperty [value: 0.5]
16:51:25.565 [FXGL Background Thread 3 ] DEBUG Engine               - height: 600
16:51:25.565 [FXGL Background Thread 3 ] DEBUG Engine               - is3D: false
16:51:25.565 [FXGL Background Thread 3 ] DEBUG Engine               - isAndroid: false
16:51:25.565 [FXGL Background Thread 3 ] DEBUG Engine               - isBrowser: false
16:51:25.566 [FXGL Background Thread 3 ] DEBUG Engine               - isClickFeedbackEnabled: false
16:51:25.566 [FXGL Background Thread 3 ] DEBUG Engine               - isCloseConfirmation: false
16:51:25.566 [FXGL Background Thread 3 ] DEBUG Engine               - isDesktop: true
16:51:25.566 [FXGL Background Thread 3 ] DEBUG Engine               - isDeveloperMenuEnabled: false
16:51:25.566 [FXGL Background Thread 3 ] DEBUG Engine               - isEmbedded: false
16:51:25.566 [FXGL Background Thread 3 ] DEBUG Engine               - isEntityPreloadEnabled: true
16:51:25.566 [FXGL Background Thread 3 ] DEBUG Engine               - isExperimentalTiledLargeMap: false
16:51:25.566 [FXGL Background Thread 3 ] DEBUG Engine               - isFileSystemWriteAllowed: true
16:51:25.566 [FXGL Background Thread 3 ] DEBUG Engine               - isFullScreenAllowed: false
16:51:25.566 [FXGL Background Thread 3 ] DEBUG Engine               - isFullScreenFromStart: false
16:51:25.566 [FXGL Background Thread 3 ] DEBUG Engine               - isGameMenuEnabled: true
16:51:25.566 [FXGL Background Thread 3 ] DEBUG Engine               - isIOS: false
16:51:25.566 [FXGL Background Thread 3 ] DEBUG Engine               - isIntroEnabled: false
16:51:25.566 [FXGL Background Thread 3 ] DEBUG Engine               - isLinux: false
16:51:25.566 [FXGL Background Thread 3 ] DEBUG Engine               - isMac: false
16:51:25.566 [FXGL Background Thread 3 ] DEBUG Engine               - isMainMenuEnabled: true
16:51:25.566 [FXGL Background Thread 3 ] DEBUG Engine               - isManualResizeEnabled: false
16:51:25.566 [FXGL Background Thread 3 ] DEBUG Engine               - isMobile: false
16:51:25.566 [FXGL Background Thread 3 ] DEBUG Engine               - isNative: false
16:51:25.566 [FXGL Background Thread 3 ] DEBUG Engine               - isPauseMusicWhenMinimized: true
16:51:25.566 [FXGL Background Thread 3 ] DEBUG Engine               - isPreserveResizeRatio: false
16:51:25.566 [FXGL Background Thread 3 ] DEBUG Engine               - isProfilingEnabled: false
16:51:25.566 [FXGL Background Thread 3 ] DEBUG Engine               - isScaleAffectedOnResize: true
16:51:25.566 [FXGL Background Thread 3 ] DEBUG Engine               - isSingleStep: false
16:51:25.566 [FXGL Background Thread 3 ] DEBUG Engine               - isUserProfileEnabled: false
16:51:25.566 [FXGL Background Thread 3 ] DEBUG Engine               - isWindows: true
16:51:25.566 [FXGL Background Thread 3 ] DEBUG Engine               - language: ObjectProperty [value: ENGLISH]
16:51:25.566 [FXGL Background Thread 3 ] DEBUG Engine               - menuKey: ESCAPE
16:51:25.566 [FXGL Background Thread 3 ] DEBUG Engine               - mouseSensitivity: 0.2
16:51:25.566 [FXGL Background Thread 3 ] DEBUG Engine               - notificationViewClass: class com.almasb.fxgl.notification.view.XboxNotificationView
16:51:25.566 [FXGL Background Thread 3 ] DEBUG Engine               - pixelsPerMeter: 50.0
16:51:25.566 [FXGL Background Thread 3 ] DEBUG Engine               - platform: WINDOWS
16:51:25.566 [FXGL Background Thread 3 ] DEBUG Engine               - prefHeightProperty: ReadOnlyDoubleProperty [value: 600.0]
16:51:25.566 [FXGL Background Thread 3 ] DEBUG Engine               - prefWidthProperty: ReadOnlyDoubleProperty [value: 800.0]
16:51:25.566 [FXGL Background Thread 3 ] DEBUG Engine               - profileDir: profiles/
16:51:25.566 [FXGL Background Thread 3 ] DEBUG Engine               - profileName: StringProperty [value: DEFAULT]
16:51:25.566 [FXGL Background Thread 3 ] DEBUG Engine               - randomSeed: -1
16:51:25.566 [FXGL Background Thread 3 ] DEBUG Engine               - runtimeInfo: RuntimeInfo(platform=WINDOWS, version=dev-SNAPSHOT, build=28.07.2021 16.39)
16:51:25.566 [FXGL Background Thread 3 ] DEBUG Engine               - saveFileExt: sav
16:51:25.566 [FXGL Background Thread 3 ] DEBUG Engine               - scaledHeightProp$fxgl: DoubleProperty [bound, value: 600.0]
16:51:25.566 [FXGL Background Thread 3 ] DEBUG Engine               - scaledWidthProp$fxgl: DoubleProperty [bound, value: 800.0]
16:51:25.566 [FXGL Background Thread 3 ] DEBUG Engine               - sceneFactory: com.groupfour.mygame.App$1@797f04e4
16:51:25.566 [FXGL Background Thread 3 ] DEBUG Engine               - secondsIn24h: 60
16:51:25.566 [FXGL Background Thread 3 ] DEBUG Engine               - soundMenuBack: menu/back.wav
16:51:25.566 [FXGL Background Thread 3 ] DEBUG Engine               - soundMenuPress: menu/press.wav
16:51:25.566 [FXGL Background Thread 3 ] DEBUG Engine               - soundMenuSelect: menu/select.wav
16:51:25.566 [FXGL Background Thread 3 ] DEBUG Engine               - soundNotification: core/notification.wav
16:51:25.566 [FXGL Background Thread 3 ] DEBUG Engine               - stageStyle: DECORATED
16:51:25.567 [FXGL Background Thread 3 ] DEBUG Engine               - supportedLanguages: [ENGLISH, FRENCH, GERMAN, HUNGARIAN, RUSSIAN]
16:51:25.567 [FXGL Background Thread 3 ] DEBUG Engine               - ticksPerSecond: -1
16:51:25.567 [FXGL Background Thread 3 ] DEBUG Engine               - title: Flatline; Miami
16:51:25.567 [FXGL Background Thread 3 ] DEBUG Engine               - urlGithub: https://github.com/AlmasB/FXGL
16:51:25.567 [FXGL Background Thread 3 ] DEBUG Engine               - urlLeaderboard: http://fxgl-top.herokuapp.com/
16:51:25.567 [FXGL Background Thread 3 ] DEBUG Engine               - urlPOM: https://raw.githubusercontent.com/AlmasB/FXGL/release/README.md
16:51:25.567 [FXGL Background Thread 3 ] DEBUG Engine               - userAppClass: class com.groupfour.mygame.App
16:51:25.567 [FXGL Background Thread 3 ] DEBUG Engine               - version: Alpha 0.3
16:51:25.567 [FXGL Background Thread 3 ] DEBUG Engine               - versionCheckDays: 7
16:51:25.567 [FXGL Background Thread 3 ] DEBUG Engine               - width: 800
16:51:25.567 [FXGL Background Thread 3 ] DEBUG Engine               - Logging services
16:51:25.567 [FXGL Background Thread 3 ] DEBUG Engine               - class com.almasb.fxgl.app.services.FXGLAssetLoaderService
16:51:25.567 [FXGL Background Thread 3 ] DEBUG Engine               - class com.almasb.fxgl.app.FXGLApplication$GameApplicationService
16:51:25.567 [FXGL Background Thread 3 ] DEBUG Engine               - class com.almasb.fxgl.app.services.FXGLDialogService
16:51:25.567 [FXGL Background Thread 3 ] DEBUG Engine               - class com.almasb.fxgl.app.services.IOTaskExecutorService
16:51:25.567 [FXGL Background Thread 3 ] DEBUG Engine               - class com.almasb.fxgl.io.FileSystemService
16:51:25.567 [FXGL Background Thread 3 ] DEBUG Engine               - class com.almasb.fxgl.localization.LocalizationService
16:51:25.567 [FXGL Background Thread 3 ] DEBUG Engine               - class com.almasb.fxgl.app.services.SystemBundleService
16:51:25.567 [FXGL Background Thread 3 ] DEBUG Engine               - class com.almasb.fxgl.profile.SaveLoadService
16:51:25.567 [FXGL Background Thread 3 ] DEBUG Engine               - class com.almasb.fxgl.ui.FXGLUIFactoryServiceProvider
16:51:25.567 [FXGL Background Thread 3 ] DEBUG Engine               - class com.almasb.fxgl.ui.FXGLDialogFactoryServiceProvider
16:51:25.567 [FXGL Background Thread 3 ] DEBUG Engine               - class com.almasb.fxgl.audio.AudioPlayer
16:51:25.567 [FXGL Background Thread 3 ] DEBUG Engine               - class com.almasb.fxgl.notification.impl.NotificationServiceProvider
16:51:25.567 [FXGL Background Thread 3 ] DEBUG Engine               - class com.almasb.fxgl.achievement.AchievementService
16:51:25.567 [FXGL Background Thread 3 ] DEBUG Engine               - class com.almasb.fxgl.cutscene.CutsceneService
16:51:25.567 [FXGL Background Thread 3 ] DEBUG Engine               - class com.almasb.fxgl.minigames.MiniGameService
16:51:25.567 [FXGL Background Thread 3 ] DEBUG Engine               - class com.almasb.fxgl.net.NetService
16:51:25.567 [FXGL Background Thread 3 ] DEBUG Engine               - class com.almasb.fxgl.app.services.UpdaterService
16:51:25.567 [FXGL Background Thread 3 ] DEBUG Engine               - class com.almasb.fxgl.dev.DevService
16:51:25.567 [FXGL Background Thread 3 ] DEBUG Engine               - class com.almasb.fxgl.multiplayer.MultiplayerService
16:51:26.842 [JavaFX Application Thread] DEBUG FXGLApplication      - Exiting FXGL
16:51:26.842 [JavaFX Application Thread] DEBUG Async                - Shutting down background threads
16:51:26.843 [JavaFX Application Thread] DEBUG PrimaryStageWindow   - Closing main window
16:51:26.856 [JavaFX Application Thread] DEBUG Logger               - Closing Logger
