17:32:27.833 [main                     ] DEBUG Logger               - Configured Logger
17:32:27.837 [main                     ] DEBUG GameApplication      - Logging settings
Title: Flatline: Oregon
Version: Alpha 0.3
Width: 800
Height: 600
Fullscreen: false
Intro: false
Profiling: false
Single step:false
App Mode: DEVELOPER
Menu Key: ESCAPE
Stage Style: DECORATED
Scene Factory: class com.groupfour.mygame.App$1

17:32:28.125 [JavaFX Application Thread] DEBUG FXGLApplication      - Initializing FXGL
17:32:28.126 [JavaFX Application Thread] INFO  Engine               - FXGL-dev-SNAPSHOT (28.07.2021 16.39) on WINDOWS (J:21.0.4 FX:16)
17:32:28.127 [JavaFX Application Thread] DEBUG Engine               - JRE Vendor Name: Eclipse Adoptium
17:32:28.127 [JavaFX Application Thread] DEBUG Engine               - Running on OS: Windows 11 version 10.0
17:32:28.127 [JavaFX Application Thread] DEBUG Engine               - Architecture: amd64
17:32:28.127 [JavaFX Application Thread] INFO  Engine               - Source code and latest versions at: https://github.com/AlmasB/FXGL
17:32:28.128 [JavaFX Application Thread] INFO  Engine               -              Join the FXGL chat at: https://gitter.im/AlmasB/FXGL
17:32:28.192 [JavaFX Application Thread] DEBUG PrimaryStageWindow   - Creating a JavaFX scene
17:32:28.226 [JavaFX Application Thread] DEBUG PrimaryStageWindow   - Target settings size: 800.0 x 600.0
17:32:28.227 [JavaFX Application Thread] DEBUG PrimaryStageWindow   - Scaled scene size:    800.0 x 600.0
17:32:28.227 [JavaFX Application Thread] DEBUG PrimaryStageWindow   - Scaled ratio: (1.0, 1.0)
17:32:28.227 [JavaFX Application Thread] DEBUG PrimaryStageWindow   - Set initial scene to FXGLStartupScene
17:32:28.233 [JavaFX Application Thread] DEBUG PrimaryStageWindow   - Opening main window
17:32:28.300 [JavaFX Application Thread] DEBUG PrimaryStageWindow   - Window border size: (16.0, 39.0)
17:32:28.300 [JavaFX Application Thread] DEBUG PrimaryStageWindow   - Scaled size: 800.0 x 600.0
17:32:28.300 [JavaFX Application Thread] DEBUG PrimaryStageWindow   - Scaled ratio: (1.0, 1.0)
17:32:28.300 [JavaFX Application Thread] DEBUG PrimaryStageWindow   - Scene size: 800.0 x 600.0
17:32:28.300 [JavaFX Application Thread] DEBUG PrimaryStageWindow   - Stage size: 816.0 x 639.0
17:32:28.308 [FXGL Background Thread 1 ] DEBUG Engine               - Initializing environment variables
17:32:28.371 [FXGL Background Thread 1 ] DEBUG FXGLAssetLoaderServi - User app class for loading assets: class com.groupfour.mygame.App
17:32:28.371 [FXGL Background Thread 1 ] DEBUG GameApplicationServi - Applying CSS: fxgl_dark.css
17:32:28.371 [FXGL Background Thread 1 ] DEBUG FXGLAssetLoaderServi - Loading from file system: jar:file:///C:/Users/Cent/.m2/repository/com/github/almasb/fxgl/dev-SNAPSHOT/fxgl-dev-SNAPSHOT.jar!/fxglassets/ui/css/fxgl_dark.css
17:32:28.417 [FXGL Background Thread 1 ] DEBUG GameApplicationServi - Initializing application scenes
17:32:28.463 [FXGL Background Thread 1 ] DEBUG GameWorld            - Game world initialized
17:32:28.522 [FXGL Background Thread 1 ] DEBUG PhysicsWorld         - Physics world initialized: appHeight=600, physics.ppm=50.0
17:32:28.522 [FXGL Background Thread 1 ] DEBUG PhysicsWorld         - Using strategy: BRUTE_FORCE
17:32:28.524 [FXGL Background Thread 1 ] DEBUG GameScene            - Game scene initialized: 800x600
17:32:28.533 [FXGL Background Thread 1 ] DEBUG FXGL.DefaultMenu     - createMenuBodyMainMenu()
17:32:28.545 [FXGL Background Thread 1 ] DEBUG FXGL.DefaultMenu     - createOptionsMenu()
17:32:28.552 [FXGL Background Thread 1 ] DEBUG FXGLAssetLoaderServi - Loading from file system: jar:file:///C:/Users/Cent/.m2/repository/com/github/almasb/fxgl/dev-SNAPSHOT/fxgl-dev-SNAPSHOT.jar!/fxglassets/textures/particles/smoke.png
17:32:28.640 [FXGL Background Thread 1 ] DEBUG FXGLAssetLoaderServi - Loading from file system: jar:file:///C:/Users/Cent/.m2/repository/com/github/almasb/fxgl/dev-SNAPSHOT/fxgl-dev-SNAPSHOT.jar!/fxglassets/textures/particles/trace_horizontal.png
17:32:28.667 [FXGL Background Thread 1 ] DEBUG GameApplicationServi - Application scenes initialized
17:32:28.676 [FXGL Background Thread 1 ] DEBUG SystemBundleService  - Loading FXGL system data
17:32:28.681 [FXGL Background Thread 1 ] DEBUG FileSystemAccess     - Reading from: c:\Users\Cent\Desktop\CSS124L-LE\CSS124L-FinalExam\CSS124L-FINAL-PROJECT\system\fxgl.bundle
17:32:28.689 [FXGL Background Thread 1 ] DEBUG SystemBundleService  - Bundle FXGL: {}
17:32:28.689 [FXGL Background Thread 1 ] DEBUG UpdaterService       - Checking for updates
17:32:28.692 [FXGL Background Thread 4 ] DEBUG FXGLApplication      - Loading fonts
17:32:28.692 [FXGL Background Thread 1 ] DEBUG FXGLApplication      - Loading default localization
17:32:28.692 [FXGL Background Thread 1 ] DEBUG FXGLAssetLoaderServi - Loading from file system: jar:file:///C:/Users/Cent/.m2/repository/com/github/almasb/fxgl/dev-SNAPSHOT/fxgl-dev-SNAPSHOT.jar!/fxglassets/languages/english.lang
17:32:28.693 [FXGL Background Thread 4 ] DEBUG FXGLAssetLoaderServi - Loading from file system: jar:file:///C:/Users/Cent/.m2/repository/com/github/almasb/fxgl/dev-SNAPSHOT/fxgl-dev-SNAPSHOT.jar!/fxglassets/ui/fonts/VarelaRound-Regular.ttf
17:32:28.703 [FXGL Background Thread 1 ] INFO  FXGLApplication      - FXGL initialization took: 0.395 sec
17:32:28.705 [JavaFX Application Thread] DEBUG FXGLAssetLoaderServi - Loading from file system: jar:file:///C:/Users/Cent/.m2/repository/com/github/almasb/fxgl/dev-SNAPSHOT/fxgl-dev-SNAPSHOT.jar!/fxglassets/textures/fxgl_icon.png
17:32:28.724 [FXGL Background Thread 4 ] DEBUG FXGLAssetLoaderServi - Loading from file system: jar:file:///C:/Users/Cent/.m2/repository/com/github/almasb/fxgl/dev-SNAPSHOT/fxgl-dev-SNAPSHOT.jar!/fxglassets/ui/fonts/Abel-Regular.ttf
17:32:28.729 [FXGL Background Thread 4 ] DEBUG FXGLAssetLoaderServi - Loading from file system: jar:file:///C:/Users/Cent/.m2/repository/com/github/almasb/fxgl/dev-SNAPSHOT/fxgl-dev-SNAPSHOT.jar!/fxglassets/ui/fonts/lucida_console.ttf
17:32:28.732 [JavaFX Application Thread] DEBUG FXGLAssetLoaderServi - Loading from file system: jar:file:///C:/Users/Cent/.m2/repository/com/github/almasb/fxgl/dev-SNAPSHOT/fxgl-dev-SNAPSHOT.jar!/fxglassets/textures/fxgl_default_cursor.png
17:32:28.734 [FXGL Background Thread 4 ] DEBUG FXGLAssetLoaderServi - Loading from file system: jar:file:///C:/Users/Cent/.m2/repository/com/github/almasb/fxgl/dev-SNAPSHOT/fxgl-dev-SNAPSHOT.jar!/fxglassets/ui/fonts/Courier-Prime.ttf
17:32:28.745 [JavaFX Application Thread] DEBUG Input                - Registered new binding: Screenshot - CTRL+8
17:32:28.746 [JavaFX Application Thread] DEBUG Input                - Registered new binding: System info dump - CTRL+9
17:32:28.746 [JavaFX Application Thread] DEBUG Input                - Registered new binding: Restart - CTRL+R
17:32:28.747 [JavaFX Application Thread] DEBUG Input                - Registered new binding: Toggle Debug Camera - CTRL+C
17:32:28.749 [JavaFX Application Thread] DEBUG LoopRunner           - Starting loop
17:32:28.749 [JavaFX Application Thread] DEBUG LoopRunner           - Initializing JavaFX AnimationTimerLoop
17:32:28.752 [JavaFX Application Thread] DEBUG Input                - Clearing active input actions
17:32:28.759 [JavaFX Application Thread] DEBUG GameApplicationServi - Removing overlay from FXGLStartupScene and adding to FXGLMainMenuDummyScene
17:32:28.759 [JavaFX Application Thread] DEBUG PrimaryStageWindow   - FXGLStartupScene -> FXGLMainMenuDummyScene
17:32:28.759 [JavaFX Application Thread] DEBUG PrimaryStageWindow   - Push state: FXGLDefaultMenu
17:32:28.770 [JavaFX Application Thread] DEBUG Input                - Clearing active input actions
17:32:28.780 [JavaFX Application Thread] DEBUG GameApplicationServi - Removing overlay from FXGLMainMenuDummyScene and adding to FXGLDefaultMenu
17:32:28.780 [JavaFX Application Thread] DEBUG PrimaryStageWindow   - FXGLMainMenuDummyScene -> FXGLDefaultMenu
17:32:28.786 [JavaFX Application Thread] DEBUG FXGLApplication      - Registering font factories with UI factory
17:32:29.162 [FXGL Background Thread 2 ] INFO  UpdaterService       - Your current version:  dev-SNAPSHOT
17:32:29.163 [FXGL Background Thread 2 ] INFO  UpdaterService       - Latest stable version: 21.1
17:32:29.491 [JavaFX Application Thread] DEBUG Menu                 - fireNewGame()
17:32:29.491 [JavaFX Application Thread] DEBUG GameApplicationServi - Starting new game
17:32:29.493 [JavaFX Application Thread] DEBUG PrimaryStageWindow   - Pop state: FXGLDefaultMenu
17:32:29.493 [JavaFX Application Thread] DEBUG Input                - Clearing active input actions
17:32:29.494 [JavaFX Application Thread] DEBUG GameApplicationServi - Removing overlay from FXGLDefaultMenu and adding to FXGLMainMenuDummyScene
17:32:29.494 [JavaFX Application Thread] DEBUG PrimaryStageWindow   - FXGLMainMenuDummyScene <- FXGLDefaultMenu
17:32:29.495 [JavaFX Application Thread] DEBUG Input                - Clearing active input actions
17:32:29.500 [JavaFX Application Thread] DEBUG GameApplicationServi - Removing overlay from FXGLMainMenuDummyScene and adding to FXGLLoadingScene
17:32:29.500 [JavaFX Application Thread] DEBUG PrimaryStageWindow   - FXGLMainMenuDummyScene -> FXGLLoadingScene
17:32:29.500 [JavaFX Application Thread] DEBUG GameApplicationServi - Clearing previous game
17:32:29.500 [JavaFX Application Thread] DEBUG GameScene            - Clearing game scene
17:32:29.500 [JavaFX Application Thread] DEBUG GameWorld            - Clearing game world
17:32:29.501 [JavaFX Application Thread] DEBUG PhysicsWorld         - Clearing physics world
17:32:29.503 [FXGL Background Thread 2 ] DEBUG FXGLApplication      - Initializing game
17:32:29.507 [FXGL Background Thread 2 ] INFO  FXGLApplication      - Game initialization took: 0.003 sec
17:32:29.516 [JavaFX Application Thread] DEBUG Input                - Clearing active input actions
17:32:29.520 [JavaFX Application Thread] DEBUG GameApplicationServi - Removing overlay from FXGLLoadingScene and adding to GameScene
17:32:29.521 [JavaFX Application Thread] DEBUG PrimaryStageWindow   - FXGLLoadingScene -> GameScene
17:32:29.525 [JavaFX Application Thread] DEBUG PrimaryStageWindow   - Push state: PlayerCountMenu
17:32:29.525 [JavaFX Application Thread] DEBUG Input                - Clearing active input actions
17:32:29.525 [JavaFX Application Thread] DEBUG GameApplicationServi - Removing overlay from GameScene and adding to PlayerCountMenu
17:32:29.526 [JavaFX Application Thread] DEBUG PrimaryStageWindow   - GameScene -> PlayerCountMenu
17:32:30.139 [JavaFX Application Thread] DEBUG PrimaryStageWindow   - Pop state: PlayerCountMenu
17:32:30.139 [JavaFX Application Thread] DEBUG Input                - Clearing active input actions
17:32:30.139 [JavaFX Application Thread] DEBUG GameApplicationServi - Removing overlay from PlayerCountMenu and adding to GameScene
17:32:30.139 [JavaFX Application Thread] DEBUG PrimaryStageWindow   - GameScene <- PlayerCountMenu
17:32:30.144 [JavaFX Application Thread] DEBUG FXGLAssetLoaderServi - Loading from file system: file:/C:/Users/Cent/Desktop/CSS124L-LE/CSS124L-FinalExam/CSS124L-FINAL-PROJECT/fp/target/classes/assets/textures/1P_Walk.gif
17:32:30.166 [JavaFX Application Thread] DEBUG Input                - Registered new binding: AUTO-0 - W
17:32:30.167 [JavaFX Application Thread] DEBUG Input                - Registered new binding: AUTO-1 - S
17:32:30.167 [JavaFX Application Thread] DEBUG Input                - Registered new binding: AUTO-2 - A
17:32:30.167 [JavaFX Application Thread] DEBUG Input                - Registered new binding: AUTO-3 - D
17:32:30.167 [JavaFX Application Thread] DEBUG Input                - Registered new binding: AUTO-4 - R
17:32:30.167 [JavaFX Application Thread] DEBUG Input                - Registered new binding: Start Shooting - LMB
17:32:31.691 [FXGL Background Thread 3 ] DEBUG Engine               - Logging environment variables
17:32:31.691 [FXGL Background Thread 3 ] DEBUG Engine               - achievements: []
17:32:31.691 [FXGL Background Thread 3 ] DEBUG Engine               - actualHeight: 600.0
17:32:31.691 [FXGL Background Thread 3 ] DEBUG Engine               - actualHeightProperty: ReadOnlyDoubleProperty [value: 600.0]
17:32:31.691 [FXGL Background Thread 3 ] DEBUG Engine               - actualWidth: 800.0
17:32:31.691 [FXGL Background Thread 3 ] DEBUG Engine               - actualWidthProperty: ReadOnlyDoubleProperty [value: 800.0]
17:32:31.691 [FXGL Background Thread 3 ] DEBUG Engine               - appIcon: fxgl_icon.png
17:32:31.691 [FXGL Background Thread 3 ] DEBUG Engine               - applicationMode: DEVELOPER
17:32:31.691 [FXGL Background Thread 3 ] DEBUG Engine               - cSSList: [fxgl_dark.css]
17:32:31.691 [FXGL Background Thread 3 ] DEBUG Engine               - collisionDetectionStrategy: BRUTE_FORCE
17:32:31.691 [FXGL Background Thread 3 ] DEBUG Engine               - configClass: Optional.empty
17:32:31.691 [FXGL Background Thread 3 ] DEBUG Engine               - credits: []
17:32:31.691 [FXGL Background Thread 3 ] DEBUG Engine               - defaultCursor: CursorInfo(imageName=fxgl_default_cursor.png, hotspotX=7.0, hotspotY=6.0)
17:32:31.692 [FXGL Background Thread 3 ] DEBUG Engine               - devBBoxColorProperty: ObjectProperty [value: 0xff0000ff]
17:32:31.692 [FXGL Background Thread 3 ] DEBUG Engine               - devEnableDebugCameraProperty: BooleanProperty [value: false]
17:32:31.692 [FXGL Background Thread 3 ] DEBUG Engine               - devSensorColorProperty: ObjectProperty [value: 0xffff00ff]
17:32:31.692 [FXGL Background Thread 3 ] DEBUG Engine               - devShowBBoxProperty: BooleanProperty [value: false]
17:32:31.692 [FXGL Background Thread 3 ] DEBUG Engine               - devShowPositionProperty: BooleanProperty [value: false]
17:32:31.692 [FXGL Background Thread 3 ] DEBUG Engine               - enabledMenuItems: []
17:32:31.692 [FXGL Background Thread 3 ] DEBUG Engine               - engineServices: [class com.almasb.fxgl.app.services.FXGLAssetLoaderService, class com.almasb.fxgl.app.FXGLApplication$GameApplicationService, class com.almasb.fxgl.app.services.FXGLDialogService, class com.almasb.fxgl.app.services.IOTaskExecutorService, class com.almasb.fxgl.io.FileSystemService, class com.almasb.fxgl.localization.LocalizationService, class com.almasb.fxgl.app.services.SystemBundleService, class com.almasb.fxgl.profile.SaveLoadService, class com.almasb.fxgl.ui.FXGLUIFactoryServiceProvider, class com.almasb.fxgl.ui.FXGLDialogFactoryServiceProvider, class com.almasb.fxgl.audio.AudioPlayer, class com.almasb.fxgl.notification.impl.NotificationServiceProvider, class com.almasb.fxgl.achievement.AchievementService, class com.almasb.fxgl.cutscene.CutsceneService, class com.almasb.fxgl.minigames.MiniGameService, class com.almasb.fxgl.net.NetService, class com.almasb.fxgl.app.services.UpdaterService, class com.almasb.fxgl.dev.DevService, class com.almasb.fxgl.multiplayer.MultiplayerService]
17:32:31.692 [FXGL Background Thread 3 ] DEBUG Engine               - fontGame: Abel-Regular.ttf
17:32:31.692 [FXGL Background Thread 3 ] DEBUG Engine               - fontMono: lucida_console.ttf
17:32:31.692 [FXGL Background Thread 3 ] DEBUG Engine               - fontText: Courier-Prime.ttf
17:32:31.692 [FXGL Background Thread 3 ] DEBUG Engine               - fontUI: VarelaRound-Regular.ttf
17:32:31.692 [FXGL Background Thread 3 ] DEBUG Engine               - fullScreen: BooleanProperty [value: false]
17:32:31.692 [FXGL Background Thread 3 ] DEBUG Engine               - gameDifficulty: MEDIUM
17:32:31.692 [FXGL Background Thread 3 ] DEBUG Engine               - gameDifficultyProperty: ObjectProperty [value: MEDIUM]
17:32:31.692 [FXGL Background Thread 3 ] DEBUG Engine               - globalMusicVolume: 0.5
17:32:31.692 [FXGL Background Thread 3 ] DEBUG Engine               - globalMusicVolumeProperty: DoubleProperty [value: 0.5]
17:32:31.692 [FXGL Background Thread 3 ] DEBUG Engine               - globalSoundVolume: 0.5
17:32:31.692 [FXGL Background Thread 3 ] DEBUG Engine               - globalSoundVolumeProperty: DoubleProperty [value: 0.5]
17:32:31.692 [FXGL Background Thread 3 ] DEBUG Engine               - height: 600
17:32:31.692 [FXGL Background Thread 3 ] DEBUG Engine               - is3D: false
17:32:31.692 [FXGL Background Thread 3 ] DEBUG Engine               - isAndroid: false
17:32:31.692 [FXGL Background Thread 3 ] DEBUG Engine               - isBrowser: false
17:32:31.693 [FXGL Background Thread 3 ] DEBUG Engine               - isClickFeedbackEnabled: false
17:32:31.693 [FXGL Background Thread 3 ] DEBUG Engine               - isCloseConfirmation: false
17:32:31.693 [FXGL Background Thread 3 ] DEBUG Engine               - isDesktop: true
17:32:31.693 [FXGL Background Thread 3 ] DEBUG Engine               - isDeveloperMenuEnabled: false
17:32:31.693 [FXGL Background Thread 3 ] DEBUG Engine               - isEmbedded: false
17:32:31.693 [FXGL Background Thread 3 ] DEBUG Engine               - isEntityPreloadEnabled: true
17:32:31.693 [FXGL Background Thread 3 ] DEBUG Engine               - isExperimentalTiledLargeMap: false
17:32:31.693 [FXGL Background Thread 3 ] DEBUG Engine               - isFileSystemWriteAllowed: true
17:32:31.693 [FXGL Background Thread 3 ] DEBUG Engine               - isFullScreenAllowed: false
17:32:31.693 [FXGL Background Thread 3 ] DEBUG Engine               - isFullScreenFromStart: false
17:32:31.693 [FXGL Background Thread 3 ] DEBUG Engine               - isGameMenuEnabled: true
17:32:31.693 [FXGL Background Thread 3 ] DEBUG Engine               - isIOS: false
17:32:31.693 [FXGL Background Thread 3 ] DEBUG Engine               - isIntroEnabled: false
17:32:31.693 [FXGL Background Thread 3 ] DEBUG Engine               - isLinux: false
17:32:31.693 [FXGL Background Thread 3 ] DEBUG Engine               - isMac: false
17:32:31.693 [FXGL Background Thread 3 ] DEBUG Engine               - isMainMenuEnabled: true
17:32:31.693 [FXGL Background Thread 3 ] DEBUG Engine               - isManualResizeEnabled: false
17:32:31.693 [FXGL Background Thread 3 ] DEBUG Engine               - isMobile: false
17:32:31.693 [FXGL Background Thread 3 ] DEBUG Engine               - isNative: false
17:32:31.693 [FXGL Background Thread 3 ] DEBUG Engine               - isPauseMusicWhenMinimized: true
17:32:31.693 [FXGL Background Thread 3 ] DEBUG Engine               - isPreserveResizeRatio: false
17:32:31.693 [FXGL Background Thread 3 ] DEBUG Engine               - isProfilingEnabled: false
17:32:31.693 [FXGL Background Thread 3 ] DEBUG Engine               - isScaleAffectedOnResize: true
17:32:31.693 [FXGL Background Thread 3 ] DEBUG Engine               - isSingleStep: false
17:32:31.693 [FXGL Background Thread 3 ] DEBUG Engine               - isUserProfileEnabled: false
17:32:31.693 [FXGL Background Thread 3 ] DEBUG Engine               - isWindows: true
17:32:31.693 [FXGL Background Thread 3 ] DEBUG Engine               - language: ObjectProperty [value: ENGLISH]
17:32:31.693 [FXGL Background Thread 3 ] DEBUG Engine               - menuKey: ESCAPE
17:32:31.693 [FXGL Background Thread 3 ] DEBUG Engine               - mouseSensitivity: 0.2
17:32:31.693 [FXGL Background Thread 3 ] DEBUG Engine               - notificationViewClass: class com.almasb.fxgl.notification.view.XboxNotificationView
17:32:31.693 [FXGL Background Thread 3 ] DEBUG Engine               - pixelsPerMeter: 50.0
17:32:31.693 [FXGL Background Thread 3 ] DEBUG Engine               - platform: WINDOWS
17:32:31.693 [FXGL Background Thread 3 ] DEBUG Engine               - prefHeightProperty: ReadOnlyDoubleProperty [value: 600.0]
17:32:31.693 [FXGL Background Thread 3 ] DEBUG Engine               - prefWidthProperty: ReadOnlyDoubleProperty [value: 800.0]
17:32:31.693 [FXGL Background Thread 3 ] DEBUG Engine               - profileDir: profiles/
17:32:31.693 [FXGL Background Thread 3 ] DEBUG Engine               - profileName: StringProperty [value: DEFAULT]
17:32:31.693 [FXGL Background Thread 3 ] DEBUG Engine               - randomSeed: -1
17:32:31.693 [FXGL Background Thread 3 ] DEBUG Engine               - runtimeInfo: RuntimeInfo(platform=WINDOWS, version=dev-SNAPSHOT, build=28.07.2021 16.39)
17:32:31.694 [FXGL Background Thread 3 ] DEBUG Engine               - saveFileExt: sav
17:32:31.694 [FXGL Background Thread 3 ] DEBUG Engine               - scaledHeightProp$fxgl: DoubleProperty [bound, value: 600.0]
17:32:31.694 [FXGL Background Thread 3 ] DEBUG Engine               - scaledWidthProp$fxgl: DoubleProperty [bound, value: 800.0]
17:32:31.694 [FXGL Background Thread 3 ] DEBUG Engine               - sceneFactory: com.groupfour.mygame.App$1@5de467e4
17:32:31.694 [FXGL Background Thread 3 ] DEBUG Engine               - secondsIn24h: 60
17:32:31.694 [FXGL Background Thread 3 ] DEBUG Engine               - soundMenuBack: menu/back.wav
17:32:31.694 [FXGL Background Thread 3 ] DEBUG Engine               - soundMenuPress: menu/press.wav
17:32:31.694 [FXGL Background Thread 3 ] DEBUG Engine               - soundMenuSelect: menu/select.wav
17:32:31.694 [FXGL Background Thread 3 ] DEBUG Engine               - soundNotification: core/notification.wav
17:32:31.694 [FXGL Background Thread 3 ] DEBUG Engine               - stageStyle: DECORATED
17:32:31.694 [FXGL Background Thread 3 ] DEBUG Engine               - supportedLanguages: [ENGLISH, FRENCH, GERMAN, HUNGARIAN, RUSSIAN]
17:32:31.694 [FXGL Background Thread 3 ] DEBUG Engine               - ticksPerSecond: -1
17:32:31.694 [FXGL Background Thread 3 ] DEBUG Engine               - title: Flatline: Oregon
17:32:31.694 [FXGL Background Thread 3 ] DEBUG Engine               - urlGithub: https://github.com/AlmasB/FXGL
17:32:31.694 [FXGL Background Thread 3 ] DEBUG Engine               - urlLeaderboard: http://fxgl-top.herokuapp.com/
17:32:31.694 [FXGL Background Thread 3 ] DEBUG Engine               - urlPOM: https://raw.githubusercontent.com/AlmasB/FXGL/release/README.md
17:32:31.694 [FXGL Background Thread 3 ] DEBUG Engine               - userAppClass: class com.groupfour.mygame.App
17:32:31.694 [FXGL Background Thread 3 ] DEBUG Engine               - version: Alpha 0.3
17:32:31.694 [FXGL Background Thread 3 ] DEBUG Engine               - versionCheckDays: 7
17:32:31.694 [FXGL Background Thread 3 ] DEBUG Engine               - width: 800
17:32:31.694 [FXGL Background Thread 3 ] DEBUG Engine               - Logging services
17:32:31.694 [FXGL Background Thread 3 ] DEBUG Engine               - class com.almasb.fxgl.app.services.FXGLAssetLoaderService
17:32:31.694 [FXGL Background Thread 3 ] DEBUG Engine               - class com.almasb.fxgl.app.FXGLApplication$GameApplicationService
17:32:31.694 [FXGL Background Thread 3 ] DEBUG Engine               - class com.almasb.fxgl.app.services.FXGLDialogService
17:32:31.694 [FXGL Background Thread 3 ] DEBUG Engine               - class com.almasb.fxgl.app.services.IOTaskExecutorService
17:32:31.694 [FXGL Background Thread 3 ] DEBUG Engine               - class com.almasb.fxgl.io.FileSystemService
17:32:31.694 [FXGL Background Thread 3 ] DEBUG Engine               - class com.almasb.fxgl.localization.LocalizationService
17:32:31.694 [FXGL Background Thread 3 ] DEBUG Engine               - class com.almasb.fxgl.app.services.SystemBundleService
17:32:31.694 [FXGL Background Thread 3 ] DEBUG Engine               - class com.almasb.fxgl.profile.SaveLoadService
17:32:31.694 [FXGL Background Thread 3 ] DEBUG Engine               - class com.almasb.fxgl.ui.FXGLUIFactoryServiceProvider
17:32:31.694 [FXGL Background Thread 3 ] DEBUG Engine               - class com.almasb.fxgl.ui.FXGLDialogFactoryServiceProvider
17:32:31.694 [FXGL Background Thread 3 ] DEBUG Engine               - class com.almasb.fxgl.audio.AudioPlayer
17:32:31.694 [FXGL Background Thread 3 ] DEBUG Engine               - class com.almasb.fxgl.notification.impl.NotificationServiceProvider
17:32:31.694 [FXGL Background Thread 3 ] DEBUG Engine               - class com.almasb.fxgl.achievement.AchievementService
17:32:31.694 [FXGL Background Thread 3 ] DEBUG Engine               - class com.almasb.fxgl.cutscene.CutsceneService
17:32:31.694 [FXGL Background Thread 3 ] DEBUG Engine               - class com.almasb.fxgl.minigames.MiniGameService
17:32:31.694 [FXGL Background Thread 3 ] DEBUG Engine               - class com.almasb.fxgl.net.NetService
17:32:31.694 [FXGL Background Thread 3 ] DEBUG Engine               - class com.almasb.fxgl.app.services.UpdaterService
17:32:31.694 [FXGL Background Thread 3 ] DEBUG Engine               - class com.almasb.fxgl.dev.DevService
17:32:31.694 [FXGL Background Thread 3 ] DEBUG Engine               - class com.almasb.fxgl.multiplayer.MultiplayerService
17:32:37.284 [JavaFX Application Thread] DEBUG FXGLApplication      - Exiting FXGL
17:32:37.284 [JavaFX Application Thread] DEBUG LoopRunner           - Stopping loop
17:32:37.284 [JavaFX Application Thread] DEBUG SystemBundleService  - Saving FXGL system data
17:32:37.286 [JavaFX Application Thread] DEBUG FileSystemAccess     - Writing to: c:\Users\Cent\Desktop\CSS124L-LE\CSS124L-FinalExam\CSS124L-FINAL-PROJECT\system\fxgl.bundle
17:32:37.288 [JavaFX Application Thread] DEBUG Async                - Shutting down background threads
17:32:37.288 [JavaFX Application Thread] DEBUG PrimaryStageWindow   - Closing main window
17:32:37.302 [JavaFX Application Thread] DEBUG Logger               - Closing Logger
