22:28:01.259 [main                     ] DEBUG Logger               - Configured Logger
22:28:01.608 [main                     ] DEBUG GameApplication      - Logging settings
Title: Flatline: Oregon
Version: Alpha 0.3
Width: 800
Height: 600
Fullscreen: false
Intro: false
Profiling: false
Single step:false
App Mode: DEVELOPER
Menu Key: ESCAPE
Stage Style: DECORATED
Scene Factory: class com.groupfour.mygame.App$1

22:28:03.536 [JavaFX Application Thread] DEBUG FXGLApplication      - Initializing FXGL
22:28:03.548 [JavaFX Application Thread] INFO  Engine               - FXGL-dev-SNAPSHOT (28.07.2021 16.39) on WINDOWS (J:11.0.22 FX:16)
22:28:03.560 [JavaFX Application Thread] DEBUG Engine               - JRE Vendor Name: Oracle Corporation
22:28:03.561 [JavaFX Application Thread] DEBUG Engine               - Running on OS: Windows 11 version 10.0
22:28:03.561 [JavaFX Application Thread] DEBUG Engine               - Architecture: amd64
22:28:03.561 [JavaFX Application Thread] INFO  Engine               - Source code and latest versions at: https://github.com/AlmasB/FXGL
22:28:03.561 [JavaFX Application Thread] INFO  Engine               -              Join the FXGL chat at: https://gitter.im/AlmasB/FXGL
22:28:04.270 [JavaFX Application Thread] DEBUG PrimaryStageWindow   - Creating a JavaFX scene
22:28:04.493 [JavaFX Application Thread] DEBUG PrimaryStageWindow   - Target settings size: 800.0 x 600.0
22:28:04.493 [JavaFX Application Thread] DEBUG PrimaryStageWindow   - Scaled scene size:    800.0 x 600.0
22:28:04.493 [JavaFX Application Thread] DEBUG PrimaryStageWindow   - Scaled ratio: (1.0, 1.0)
22:28:04.496 [JavaFX Application Thread] DEBUG PrimaryStageWindow   - Set initial scene to FXGLStartupScene
22:28:04.507 [JavaFX Application Thread] DEBUG PrimaryStageWindow   - Opening main window
22:28:04.750 [JavaFX Application Thread] DEBUG PrimaryStageWindow   - Window border size: (14.4000244140625, 37.5999755859375)
22:28:04.750 [JavaFX Application Thread] DEBUG PrimaryStageWindow   - Scaled size: 800.0 x 600.0
22:28:04.751 [JavaFX Application Thread] DEBUG PrimaryStageWindow   - Scaled ratio: (1.0, 1.0)
22:28:04.751 [JavaFX Application Thread] DEBUG PrimaryStageWindow   - Scene size: 800.0 x 600.0
22:28:04.751 [JavaFX Application Thread] DEBUG PrimaryStageWindow   - Stage size: 814.4000244140625 x 637.5999755859375
22:28:04.780 [FXGL Background Thread 1 ] DEBUG Engine               - Initializing environment variables
22:28:05.037 [FXGL Background Thread 1 ] DEBUG FXGLAssetLoaderServi - User app class for loading assets: class com.groupfour.mygame.App
22:28:05.037 [FXGL Background Thread 1 ] DEBUG GameApplicationServi - Applying CSS: fxgl_dark.css
22:28:05.037 [FXGL Background Thread 1 ] DEBUG FXGLAssetLoaderServi - Loading from file system: jar:file:///C:/Users/acer/.m2/repository/com/github/almasb/fxgl/dev-SNAPSHOT/fxgl-dev-SNAPSHOT.jar!/fxglassets/ui/css/fxgl_dark.css
22:28:05.107 [FXGL Background Thread 1 ] DEBUG GameApplicationServi - Initializing application scenes
22:28:05.239 [FXGL Background Thread 1 ] DEBUG GameWorld            - Game world initialized
22:28:05.545 [FXGL Background Thread 1 ] DEBUG PhysicsWorld         - Physics world initialized: appHeight=600, physics.ppm=50.0
22:28:05.546 [FXGL Background Thread 1 ] DEBUG PhysicsWorld         - Using strategy: BRUTE_FORCE
22:28:05.548 [FXGL Background Thread 1 ] DEBUG GameScene            - Game scene initialized: 800x600
22:28:05.585 [FXGL Background Thread 1 ] DEBUG FXGL.DefaultMenu     - createMenuBodyMainMenu()
22:28:05.622 [FXGL Background Thread 1 ] DEBUG FXGL.DefaultMenu     - createOptionsMenu()
22:28:05.632 [FXGL Background Thread 1 ] DEBUG FXGLAssetLoaderServi - Loading from file system: jar:file:///C:/Users/acer/.m2/repository/com/github/almasb/fxgl/dev-SNAPSHOT/fxgl-dev-SNAPSHOT.jar!/fxglassets/textures/particles/smoke.png
22:28:05.802 [FXGL Background Thread 1 ] DEBUG FXGLAssetLoaderServi - Loading from file system: jar:file:///C:/Users/acer/.m2/repository/com/github/almasb/fxgl/dev-SNAPSHOT/fxgl-dev-SNAPSHOT.jar!/fxglassets/textures/particles/trace_horizontal.png
22:28:05.829 [FXGL Background Thread 1 ] DEBUG GameApplicationServi - Application scenes initialized
22:28:05.837 [FXGL Background Thread 1 ] DEBUG SystemBundleService  - Loading FXGL system data
22:28:05.844 [FXGL Background Thread 1 ] DEBUG FileSystemAccess     - Reading from: C:\Users\acer\OneDrive\Desktop\git pull\CSS124L-FINAL-PROJECT\system\fxgl.bundle
22:28:05.858 [FXGL Background Thread 1 ] DEBUG SystemBundleService  - Bundle FXGL: {}
22:28:05.859 [FXGL Background Thread 1 ] DEBUG UpdaterService       - Checking for updates
22:28:05.895 [FXGL Background Thread 4 ] DEBUG FXGLApplication      - Loading fonts
22:28:05.895 [FXGL Background Thread 1 ] DEBUG FXGLApplication      - Loading default localization
22:28:05.897 [FXGL Background Thread 4 ] DEBUG FXGLAssetLoaderServi - Loading from file system: jar:file:///C:/Users/acer/.m2/repository/com/github/almasb/fxgl/dev-SNAPSHOT/fxgl-dev-SNAPSHOT.jar!/fxglassets/ui/fonts/VarelaRound-Regular.ttf
22:28:05.897 [FXGL Background Thread 1 ] DEBUG FXGLAssetLoaderServi - Loading from file system: jar:file:///C:/Users/acer/.m2/repository/com/github/almasb/fxgl/dev-SNAPSHOT/fxgl-dev-SNAPSHOT.jar!/fxglassets/languages/english.lang
22:28:05.925 [FXGL Background Thread 1 ] INFO  FXGLApplication      - FXGL initialization took: 1.145 sec
22:28:05.945 [JavaFX Application Thread] DEBUG Input                - Registered new binding: Move Upwards - W
22:28:05.945 [JavaFX Application Thread] DEBUG Input                - Registered new binding: Move Down - S
22:28:05.945 [JavaFX Application Thread] DEBUG Input                - Registered new binding: Move Left - A
22:28:05.945 [JavaFX Application Thread] DEBUG Input                - Registered new binding: Move Right - D
22:28:05.945 [JavaFX Application Thread] DEBUG Input                - Registered new binding: Reload - R
22:28:05.945 [JavaFX Application Thread] DEBUG Input                - Registered new binding: Shoot - LMB
22:28:05.946 [JavaFX Application Thread] DEBUG Input                - Registered new binding: Switch Weapons - Q
22:28:05.946 [JavaFX Application Thread] DEBUG Input                - Registered new binding: Interact - F
22:28:05.946 [JavaFX Application Thread] DEBUG FXGLAssetLoaderServi - Loading from file system: jar:file:///C:/Users/acer/.m2/repository/com/github/almasb/fxgl/dev-SNAPSHOT/fxgl-dev-SNAPSHOT.jar!/fxglassets/textures/fxgl_icon.png
22:28:05.959 [JavaFX Application Thread] DEBUG FXGLAssetLoaderServi - Loading from file system: jar:file:///C:/Users/acer/.m2/repository/com/github/almasb/fxgl/dev-SNAPSHOT/fxgl-dev-SNAPSHOT.jar!/fxglassets/textures/fxgl_default_cursor.png
22:28:05.961 [JavaFX Application Thread] DEBUG Input                - Registered new binding: Screenshot - CTRL+8
22:28:05.961 [JavaFX Application Thread] DEBUG Input                - Registered new binding: Dev Options - 1
22:28:05.961 [JavaFX Application Thread] DEBUG Input                - Registered new binding: Dev Console - 2
22:28:05.961 [JavaFX Application Thread] DEBUG Input                - Registered new binding: System info dump - CTRL+9
22:28:05.963 [JavaFX Application Thread] DEBUG Input                - Registered new binding: Restart - CTRL+R
22:28:05.964 [JavaFX Application Thread] DEBUG Input                - Registered new binding: Toggle Debug Camera - CTRL+C
22:28:05.967 [JavaFX Application Thread] DEBUG LoopRunner           - Starting loop
22:28:05.996 [JavaFX Application Thread] DEBUG LoopRunner           - Initializing JavaFX AnimationTimerLoop
22:28:05.999 [JavaFX Application Thread] DEBUG Input                - Clearing active input actions
22:28:06.006 [JavaFX Application Thread] DEBUG GameApplicationServi - Removing overlay from FXGLStartupScene and adding to FXGLMainMenuDummyScene
22:28:06.010 [JavaFX Application Thread] DEBUG PrimaryStageWindow   - FXGLStartupScene -> FXGLMainMenuDummyScene
22:28:06.011 [JavaFX Application Thread] DEBUG PrimaryStageWindow   - Push state: FXGLDefaultMenu
22:28:06.014 [JavaFX Application Thread] DEBUG Input                - Clearing active input actions
22:28:06.018 [JavaFX Application Thread] DEBUG GameApplicationServi - Removing overlay from FXGLMainMenuDummyScene and adding to FXGLDefaultMenu
22:28:06.019 [JavaFX Application Thread] DEBUG PrimaryStageWindow   - FXGLMainMenuDummyScene -> FXGLDefaultMenu
22:28:06.460 [FXGL Background Thread 4 ] DEBUG FXGLAssetLoaderServi - Loading from file system: jar:file:///C:/Users/acer/.m2/repository/com/github/almasb/fxgl/dev-SNAPSHOT/fxgl-dev-SNAPSHOT.jar!/fxglassets/ui/fonts/Abel-Regular.ttf
22:28:06.468 [FXGL Background Thread 4 ] DEBUG FXGLAssetLoaderServi - Loading from file system: jar:file:///C:/Users/acer/.m2/repository/com/github/almasb/fxgl/dev-SNAPSHOT/fxgl-dev-SNAPSHOT.jar!/fxglassets/ui/fonts/lucida_console.ttf
22:28:06.477 [FXGL Background Thread 4 ] DEBUG FXGLAssetLoaderServi - Loading from file system: jar:file:///C:/Users/acer/.m2/repository/com/github/almasb/fxgl/dev-SNAPSHOT/fxgl-dev-SNAPSHOT.jar!/fxglassets/ui/fonts/Courier-Prime.ttf
22:28:06.515 [JavaFX Application Thread] DEBUG FXGLApplication      - Registering font factories with UI factory
22:28:07.489 [FXGL Background Thread 2 ] INFO  UpdaterService       - Your current version:  dev-SNAPSHOT
22:28:07.490 [FXGL Background Thread 2 ] INFO  UpdaterService       - Latest stable version: 21.1
22:28:07.809 [JavaFX Application Thread] DEBUG Menu                 - fireNewGame()
22:28:07.809 [JavaFX Application Thread] DEBUG GameApplicationServi - Starting new game
22:28:07.811 [JavaFX Application Thread] DEBUG PrimaryStageWindow   - Pop state: FXGLDefaultMenu
22:28:07.811 [JavaFX Application Thread] DEBUG Input                - Clearing active input actions
22:28:07.813 [JavaFX Application Thread] DEBUG GameApplicationServi - Removing overlay from FXGLDefaultMenu and adding to FXGLMainMenuDummyScene
22:28:07.815 [JavaFX Application Thread] DEBUG PrimaryStageWindow   - FXGLMainMenuDummyScene <- FXGLDefaultMenu
22:28:07.815 [JavaFX Application Thread] DEBUG Input                - Clearing active input actions
22:28:07.822 [JavaFX Application Thread] DEBUG GameApplicationServi - Removing overlay from FXGLMainMenuDummyScene and adding to FXGLLoadingScene
22:28:07.822 [JavaFX Application Thread] DEBUG PrimaryStageWindow   - FXGLMainMenuDummyScene -> FXGLLoadingScene
22:28:07.822 [JavaFX Application Thread] DEBUG GameApplicationServi - Clearing previous game
22:28:07.822 [JavaFX Application Thread] DEBUG GameScene            - Clearing game scene
22:28:07.822 [JavaFX Application Thread] DEBUG GameWorld            - Clearing game world
22:28:07.823 [JavaFX Application Thread] DEBUG PhysicsWorld         - Clearing physics world
22:28:07.823 [FXGL Background Thread 2 ] DEBUG FXGLApplication      - Initializing game
22:28:08.023 [FXGL Background Thread 2 ] INFO  FXGLApplication      - Game initialization took: 0.199 sec
22:28:08.025 [JavaFX Application Thread] DEBUG Input                - Clearing active input actions
22:28:08.031 [JavaFX Application Thread] DEBUG GameApplicationServi - Removing overlay from FXGLLoadingScene and adding to GameScene
22:28:08.032 [JavaFX Application Thread] DEBUG PrimaryStageWindow   - FXGLLoadingScene -> GameScene
22:28:08.038 [JavaFX Application Thread] DEBUG PrimaryStageWindow   - Push state: PlayerCountMenu
22:28:08.039 [JavaFX Application Thread] DEBUG Input                - Clearing active input actions
22:28:08.039 [JavaFX Application Thread] DEBUG GameApplicationServi - Removing overlay from GameScene and adding to PlayerCountMenu
22:28:08.039 [JavaFX Application Thread] DEBUG PrimaryStageWindow   - GameScene -> PlayerCountMenu
22:28:08.625 [JavaFX Application Thread] DEBUG FXGLAssetLoaderServi - Loading from file system: file:/C:/Users/acer/OneDrive/Desktop/git%20pull/CSS124L-FINAL-PROJECT/fp/target/classes/assets/textures/Weapons/Idle/BerettaM9_Idle.png
22:28:08.628 [JavaFX Application Thread] DEBUG FXGLAssetLoaderServi - Loading from file system: file:/C:/Users/acer/OneDrive/Desktop/git%20pull/CSS124L-FINAL-PROJECT/fp/target/classes/assets/textures/Weapons/Shooting/BerettaM9_Shooting.png
22:28:08.635 [JavaFX Application Thread] DEBUG FXGLAssetLoaderServi - Loading from file system: file:/C:/Users/acer/OneDrive/Desktop/git%20pull/CSS124L-FINAL-PROJECT/fp/target/classes/assets/textures/Players/1P_Shoot.png
22:28:08.649 [JavaFX Application Thread] DEBUG FXGLAssetLoaderServi - Loading from file system: file:/C:/Users/acer/OneDrive/Desktop/git%20pull/CSS124L-FINAL-PROJECT/fp/target/classes/assets/textures/Interactables/vending_machine.png
22:28:08.662 [JavaFX Application Thread] DEBUG FXGLAssetLoaderServi - Loading from file system: file:/C:/Users/acer/OneDrive/Desktop/git%20pull/CSS124L-FINAL-PROJECT/fp/target/classes/assets/textures/Interactables/microwave_close.png
22:28:08.665 [JavaFX Application Thread] DEBUG PrimaryStageWindow   - Pop state: PlayerCountMenu
22:28:08.665 [JavaFX Application Thread] DEBUG Input                - Clearing active input actions
22:28:08.666 [JavaFX Application Thread] DEBUG GameApplicationServi - Removing overlay from PlayerCountMenu and adding to GameScene
22:28:08.666 [JavaFX Application Thread] DEBUG PrimaryStageWindow   - GameScene <- PlayerCountMenu
22:28:08.896 [FXGL Background Thread 3 ] DEBUG Engine               - Logging environment variables
22:28:08.896 [FXGL Background Thread 3 ] DEBUG Engine               - achievements: []
22:28:08.897 [FXGL Background Thread 3 ] DEBUG Engine               - actualHeight: 600.0
22:28:08.897 [FXGL Background Thread 3 ] DEBUG Engine               - actualHeightProperty: ReadOnlyDoubleProperty [value: 600.0]
22:28:08.897 [FXGL Background Thread 3 ] DEBUG Engine               - actualWidth: 800.0
22:28:08.897 [FXGL Background Thread 3 ] DEBUG Engine               - actualWidthProperty: ReadOnlyDoubleProperty [value: 800.0]
22:28:08.897 [FXGL Background Thread 3 ] DEBUG Engine               - appIcon: fxgl_icon.png
22:28:08.897 [FXGL Background Thread 3 ] DEBUG Engine               - applicationMode: DEVELOPER
22:28:08.897 [FXGL Background Thread 3 ] DEBUG Engine               - cSSList: [fxgl_dark.css]
22:28:08.897 [FXGL Background Thread 3 ] DEBUG Engine               - collisionDetectionStrategy: BRUTE_FORCE
22:28:08.897 [FXGL Background Thread 3 ] DEBUG Engine               - configClass: Optional.empty
22:28:08.897 [FXGL Background Thread 3 ] DEBUG Engine               - credits: []
22:28:08.897 [FXGL Background Thread 3 ] DEBUG Engine               - defaultCursor: CursorInfo(imageName=fxgl_default_cursor.png, hotspotX=7.0, hotspotY=6.0)
22:28:08.897 [FXGL Background Thread 3 ] DEBUG Engine               - devBBoxColorProperty: ObjectProperty [value: 0xff0000ff]
22:28:08.897 [FXGL Background Thread 3 ] DEBUG Engine               - devEnableDebugCameraProperty: BooleanProperty [value: false]
22:28:08.897 [FXGL Background Thread 3 ] DEBUG Engine               - devSensorColorProperty: ObjectProperty [value: 0xffff00ff]
22:28:08.897 [FXGL Background Thread 3 ] DEBUG Engine               - devShowBBoxProperty: BooleanProperty [value: false]
22:28:08.897 [FXGL Background Thread 3 ] DEBUG Engine               - devShowPositionProperty: BooleanProperty [value: false]
22:28:08.897 [FXGL Background Thread 3 ] DEBUG Engine               - enabledMenuItems: []
22:28:08.897 [FXGL Background Thread 3 ] DEBUG Engine               - engineServices: [class com.almasb.fxgl.app.services.FXGLAssetLoaderService, class com.almasb.fxgl.app.FXGLApplication$GameApplicationService, class com.almasb.fxgl.app.services.FXGLDialogService, class com.almasb.fxgl.app.services.IOTaskExecutorService, class com.almasb.fxgl.io.FileSystemService, class com.almasb.fxgl.localization.LocalizationService, class com.almasb.fxgl.app.services.SystemBundleService, class com.almasb.fxgl.profile.SaveLoadService, class com.almasb.fxgl.ui.FXGLUIFactoryServiceProvider, class com.almasb.fxgl.ui.FXGLDialogFactoryServiceProvider, class com.almasb.fxgl.audio.AudioPlayer, class com.almasb.fxgl.notification.impl.NotificationServiceProvider, class com.almasb.fxgl.achievement.AchievementService, class com.almasb.fxgl.cutscene.CutsceneService, class com.almasb.fxgl.minigames.MiniGameService, class com.almasb.fxgl.net.NetService, class com.almasb.fxgl.app.services.UpdaterService, class com.almasb.fxgl.dev.DevService, class com.almasb.fxgl.multiplayer.MultiplayerService]
22:28:08.897 [FXGL Background Thread 3 ] DEBUG Engine               - fontGame: Abel-Regular.ttf
22:28:08.897 [FXGL Background Thread 3 ] DEBUG Engine               - fontMono: lucida_console.ttf
22:28:08.897 [FXGL Background Thread 3 ] DEBUG Engine               - fontText: Courier-Prime.ttf
22:28:08.898 [FXGL Background Thread 3 ] DEBUG Engine               - fontUI: VarelaRound-Regular.ttf
22:28:08.898 [FXGL Background Thread 3 ] DEBUG Engine               - fullScreen: BooleanProperty [value: false]
22:28:08.898 [FXGL Background Thread 3 ] DEBUG Engine               - gameDifficulty: MEDIUM
22:28:08.898 [FXGL Background Thread 3 ] DEBUG Engine               - gameDifficultyProperty: ObjectProperty [value: MEDIUM]
22:28:08.898 [FXGL Background Thread 3 ] DEBUG Engine               - globalMusicVolume: 0.5
22:28:08.898 [FXGL Background Thread 3 ] DEBUG Engine               - globalMusicVolumeProperty: DoubleProperty [value: 0.5]
22:28:08.898 [FXGL Background Thread 3 ] DEBUG Engine               - globalSoundVolume: 0.5
22:28:08.898 [FXGL Background Thread 3 ] DEBUG Engine               - globalSoundVolumeProperty: DoubleProperty [value: 0.5]
22:28:08.899 [FXGL Background Thread 3 ] DEBUG Engine               - height: 600
22:28:08.899 [FXGL Background Thread 3 ] DEBUG Engine               - is3D: false
22:28:08.899 [FXGL Background Thread 3 ] DEBUG Engine               - isAndroid: false
22:28:08.899 [FXGL Background Thread 3 ] DEBUG Engine               - isBrowser: false
22:28:08.899 [FXGL Background Thread 3 ] DEBUG Engine               - isClickFeedbackEnabled: false
22:28:08.899 [FXGL Background Thread 3 ] DEBUG Engine               - isCloseConfirmation: false
22:28:08.899 [FXGL Background Thread 3 ] DEBUG Engine               - isDesktop: true
22:28:08.899 [FXGL Background Thread 3 ] DEBUG Engine               - isDeveloperMenuEnabled: true
22:28:08.899 [FXGL Background Thread 3 ] DEBUG Engine               - isEmbedded: false
22:28:08.899 [FXGL Background Thread 3 ] DEBUG Engine               - isEntityPreloadEnabled: true
22:28:08.899 [FXGL Background Thread 3 ] DEBUG Engine               - isExperimentalTiledLargeMap: false
22:28:08.899 [FXGL Background Thread 3 ] DEBUG Engine               - isFileSystemWriteAllowed: true
22:28:08.899 [FXGL Background Thread 3 ] DEBUG Engine               - isFullScreenAllowed: false
22:28:08.899 [FXGL Background Thread 3 ] DEBUG Engine               - isFullScreenFromStart: false
22:28:08.899 [FXGL Background Thread 3 ] DEBUG Engine               - isGameMenuEnabled: true
22:28:08.899 [FXGL Background Thread 3 ] DEBUG Engine               - isIOS: false
22:28:08.900 [FXGL Background Thread 3 ] DEBUG Engine               - isIntroEnabled: false
22:28:08.900 [FXGL Background Thread 3 ] DEBUG Engine               - isLinux: false
22:28:08.900 [FXGL Background Thread 3 ] DEBUG Engine               - isMac: false
22:28:08.900 [FXGL Background Thread 3 ] DEBUG Engine               - isMainMenuEnabled: true
22:28:08.900 [FXGL Background Thread 3 ] DEBUG Engine               - isManualResizeEnabled: false
22:28:08.900 [FXGL Background Thread 3 ] DEBUG Engine               - isMobile: false
22:28:08.900 [FXGL Background Thread 3 ] DEBUG Engine               - isNative: false
22:28:08.900 [FXGL Background Thread 3 ] DEBUG Engine               - isPauseMusicWhenMinimized: true
22:28:08.900 [FXGL Background Thread 3 ] DEBUG Engine               - isPreserveResizeRatio: false
22:28:08.900 [FXGL Background Thread 3 ] DEBUG Engine               - isProfilingEnabled: false
22:28:08.900 [FXGL Background Thread 3 ] DEBUG Engine               - isScaleAffectedOnResize: true
22:28:08.900 [FXGL Background Thread 3 ] DEBUG Engine               - isSingleStep: false
22:28:08.900 [FXGL Background Thread 3 ] DEBUG Engine               - isUserProfileEnabled: false
22:28:08.900 [FXGL Background Thread 3 ] DEBUG Engine               - isWindows: true
22:28:08.900 [FXGL Background Thread 3 ] DEBUG Engine               - language: ObjectProperty [value: ENGLISH]
22:28:08.901 [FXGL Background Thread 3 ] DEBUG Engine               - menuKey: ESCAPE
22:28:08.901 [FXGL Background Thread 3 ] DEBUG Engine               - mouseSensitivity: 0.2
22:28:08.901 [FXGL Background Thread 3 ] DEBUG Engine               - notificationViewClass: class com.almasb.fxgl.notification.view.XboxNotificationView
22:28:08.901 [FXGL Background Thread 3 ] DEBUG Engine               - pixelsPerMeter: 50.0
22:28:08.901 [FXGL Background Thread 3 ] DEBUG Engine               - platform: WINDOWS
22:28:08.901 [FXGL Background Thread 3 ] DEBUG Engine               - prefHeightProperty: ReadOnlyDoubleProperty [value: 600.0]
22:28:08.901 [FXGL Background Thread 3 ] DEBUG Engine               - prefWidthProperty: ReadOnlyDoubleProperty [value: 800.0]
22:28:08.901 [FXGL Background Thread 3 ] DEBUG Engine               - profileDir: profiles/
22:28:08.901 [FXGL Background Thread 3 ] DEBUG Engine               - profileName: StringProperty [value: DEFAULT]
22:28:08.901 [FXGL Background Thread 3 ] DEBUG Engine               - randomSeed: -1
22:28:08.901 [FXGL Background Thread 3 ] DEBUG Engine               - runtimeInfo: RuntimeInfo(platform=WINDOWS, version=dev-SNAPSHOT, build=28.07.2021 16.39)
22:28:08.901 [FXGL Background Thread 3 ] DEBUG Engine               - saveFileExt: sav
22:28:08.901 [FXGL Background Thread 3 ] DEBUG Engine               - scaledHeightProp$fxgl: DoubleProperty [bound, value: 600.0]
22:28:08.901 [FXGL Background Thread 3 ] DEBUG Engine               - scaledWidthProp$fxgl: DoubleProperty [bound, value: 800.0]
22:28:08.901 [FXGL Background Thread 3 ] DEBUG Engine               - sceneFactory: com.groupfour.mygame.App$1@146348e7
22:28:08.901 [FXGL Background Thread 3 ] DEBUG Engine               - secondsIn24h: 60
22:28:08.901 [FXGL Background Thread 3 ] DEBUG Engine               - soundMenuBack: menu/back.wav
22:28:08.901 [FXGL Background Thread 3 ] DEBUG Engine               - soundMenuPress: menu/press.wav
22:28:08.901 [FXGL Background Thread 3 ] DEBUG Engine               - soundMenuSelect: menu/select.wav
22:28:08.901 [FXGL Background Thread 3 ] DEBUG Engine               - soundNotification: core/notification.wav
22:28:08.901 [FXGL Background Thread 3 ] DEBUG Engine               - stageStyle: DECORATED
22:28:08.901 [FXGL Background Thread 3 ] DEBUG Engine               - supportedLanguages: [ENGLISH, FRENCH, GERMAN, HUNGARIAN, RUSSIAN]
22:28:08.902 [FXGL Background Thread 3 ] DEBUG Engine               - ticksPerSecond: -1
22:28:08.902 [FXGL Background Thread 3 ] DEBUG Engine               - title: Flatline: Oregon
22:28:08.902 [FXGL Background Thread 3 ] DEBUG Engine               - urlGithub: https://github.com/AlmasB/FXGL
22:28:08.902 [FXGL Background Thread 3 ] DEBUG Engine               - urlLeaderboard: http://fxgl-top.herokuapp.com/
22:28:08.902 [FXGL Background Thread 3 ] DEBUG Engine               - urlPOM: https://raw.githubusercontent.com/AlmasB/FXGL/release/README.md
22:28:08.902 [FXGL Background Thread 3 ] DEBUG Engine               - userAppClass: class com.groupfour.mygame.App
22:28:08.902 [FXGL Background Thread 3 ] DEBUG Engine               - version: Alpha 0.3
22:28:08.902 [FXGL Background Thread 3 ] DEBUG Engine               - versionCheckDays: 7
22:28:08.902 [FXGL Background Thread 3 ] DEBUG Engine               - width: 800
22:28:08.902 [FXGL Background Thread 3 ] DEBUG Engine               - Logging services
22:28:08.902 [FXGL Background Thread 3 ] DEBUG Engine               - class com.almasb.fxgl.app.services.FXGLAssetLoaderService
22:28:08.902 [FXGL Background Thread 3 ] DEBUG Engine               - class com.almasb.fxgl.app.FXGLApplication$GameApplicationService
22:28:08.902 [FXGL Background Thread 3 ] DEBUG Engine               - class com.almasb.fxgl.app.services.FXGLDialogService
22:28:08.902 [FXGL Background Thread 3 ] DEBUG Engine               - class com.almasb.fxgl.app.services.IOTaskExecutorService
22:28:08.902 [FXGL Background Thread 3 ] DEBUG Engine               - class com.almasb.fxgl.io.FileSystemService
22:28:08.902 [FXGL Background Thread 3 ] DEBUG Engine               - class com.almasb.fxgl.localization.LocalizationService
22:28:08.902 [FXGL Background Thread 3 ] DEBUG Engine               - class com.almasb.fxgl.app.services.SystemBundleService
22:28:08.902 [FXGL Background Thread 3 ] DEBUG Engine               - class com.almasb.fxgl.profile.SaveLoadService
22:28:08.902 [FXGL Background Thread 3 ] DEBUG Engine               - class com.almasb.fxgl.ui.FXGLUIFactoryServiceProvider
22:28:08.902 [FXGL Background Thread 3 ] DEBUG Engine               - class com.almasb.fxgl.ui.FXGLDialogFactoryServiceProvider
22:28:08.903 [FXGL Background Thread 3 ] DEBUG Engine               - class com.almasb.fxgl.audio.AudioPlayer
22:28:08.903 [FXGL Background Thread 3 ] DEBUG Engine               - class com.almasb.fxgl.notification.impl.NotificationServiceProvider
22:28:08.903 [FXGL Background Thread 3 ] DEBUG Engine               - class com.almasb.fxgl.achievement.AchievementService
22:28:08.903 [FXGL Background Thread 3 ] DEBUG Engine               - class com.almasb.fxgl.cutscene.CutsceneService
22:28:08.903 [FXGL Background Thread 3 ] DEBUG Engine               - class com.almasb.fxgl.minigames.MiniGameService
22:28:08.903 [FXGL Background Thread 3 ] DEBUG Engine               - class com.almasb.fxgl.net.NetService
22:28:08.903 [FXGL Background Thread 3 ] DEBUG Engine               - class com.almasb.fxgl.app.services.UpdaterService
22:28:08.903 [FXGL Background Thread 3 ] DEBUG Engine               - class com.almasb.fxgl.dev.DevService
22:28:08.903 [FXGL Background Thread 3 ] DEBUG Engine               - class com.almasb.fxgl.multiplayer.MultiplayerService
22:28:09.208 [JavaFX Application Thread] DEBUG FXGLAssetLoaderServi - Loading from file system: file:/C:/Users/acer/OneDrive/Desktop/git%20pull/CSS124L-FINAL-PROJECT/fp/target/classes/assets/textures/Zombies/Basic_Zombie_Walking.png
22:28:09.212 [JavaFX Application Thread] DEBUG FXGLAssetLoaderServi - Loading from file system: file:/C:/Users/acer/OneDrive/Desktop/git%20pull/CSS124L-FINAL-PROJECT/fp/target/classes/assets/textures/Zombies/Basic_Zombie_Attack.png
22:28:09.218 [JavaFX Application Thread] DEBUG LoopRunner           - Stopping loop
22:28:09.220 [JavaFX Application Thread] FATAL FXGLApplication      - Uncaught Exception:
java.lang.NullPointerException
	at com.groupfour.mygame/com.groupfour.Components.ZombieComponents.SpitterZombieComponent.spitAtPlayer(SpitterZombieComponent.java:30)
	at com.groupfour.mygame/com.groupfour.Components.ZombieComponents.SpitterZombieComponent.onUpdate(SpitterZombieComponent.java:17)
	at com.almasb.fxgl.entity/com.almasb.fxgl.entity.Entity$ComponentMap.update(Entity.java:60)
	at com.almasb.fxgl.entity/com.almasb.fxgl.entity.Entity.update(Entity.java:251)
	at com.almasb.fxgl.entity/com.almasb.fxgl.entity.GameWorld.onUpdate(GameWorld.kt:177)
	at com.almasb.fxgl.all/com.almasb.fxgl.app.scene.GameScene.step(GameScene.kt:223)
	at com.almasb.fxgl.all/com.almasb.fxgl.app.scene.GameScene.onUpdate(GameScene.kt:219)
	at com.almasb.fxgl.scene/com.almasb.fxgl.scene.Scene.update(Scene.kt:105)
	at com.almasb.fxgl.all/com.almasb.fxgl.app.MainWindow$update$1.invoke(MainWindow.kt:115)
	at com.almasb.fxgl.all/com.almasb.fxgl.app.MainWindow$update$1.invoke(MainWindow.kt:115)
	at com.almasb.fxgl.core/com.almasb.fxgl.core.fsm.StateMachine.runOnActiveStates(StateMachine.kt:69)
	at com.almasb.fxgl.all/com.almasb.fxgl.app.MainWindow.update(MainWindow.kt:115)
	at com.almasb.fxgl.all/com.almasb.fxgl.app.FXGLApplication$GameApplicationService.onUpdate(FXGLApplication.kt:426)
	at com.almasb.fxgl.all/com.almasb.fxgl.app.Engine.loop(Engine.kt:133)
	at com.almasb.fxgl.all/com.almasb.fxgl.app.Engine.access$loop(Engine.kt:24)
	at com.almasb.fxgl.all/com.almasb.fxgl.app.Engine$loop$1.invoke(Engine.kt:28)
	at com.almasb.fxgl.all/com.almasb.fxgl.app.Engine$loop$1.invoke(Engine.kt:28)
	at com.almasb.fxgl.all/com.almasb.fxgl.app.LoopRunner.frame(LoopRunner.kt:103)
	at com.almasb.fxgl.all/com.almasb.fxgl.app.LoopRunner.access$frame(LoopRunner.kt:23)
	at com.almasb.fxgl.all/com.almasb.fxgl.app.LoopRunner$impl$2$1.onTick(LoopRunner.kt:57)
	at com.almasb.fxgl.all/com.almasb.fxgl.app.AnimationTimerLoop$timer$1.handle(LoopRunner.kt:137)
	at javafx.graphics/javafx.animation.AnimationTimer$AnimationTimerReceiver.lambda$handle$0(AnimationTimer.java:57)
	at java.base/java.security.AccessController.doPrivileged(Native Method)
	at javafx.graphics/javafx.animation.AnimationTimer$AnimationTimerReceiver.handle(AnimationTimer.java:56)
	at javafx.graphics/com.sun.scenario.animation.AbstractPrimaryTimer.timePulseImpl(AbstractPrimaryTimer.java:356)
	at javafx.graphics/com.sun.scenario.animation.AbstractPrimaryTimer$MainLoop.run(AbstractPrimaryTimer.java:266)
	at javafx.graphics/com.sun.javafx.tk.quantum.QuantumToolkit.pulse(QuantumToolkit.java:559)
	at javafx.graphics/com.sun.javafx.tk.quantum.QuantumToolkit.pulse(QuantumToolkit.java:543)
	at javafx.graphics/com.sun.javafx.tk.quantum.QuantumToolkit.pulseFromQueue(QuantumToolkit.java:536)
	at javafx.graphics/com.sun.javafx.tk.quantum.QuantumToolkit.lambda$runToolkit$11(QuantumToolkit.java:342)
	at javafx.graphics/com.sun.glass.ui.InvokeLaterDispatcher$Future.run(InvokeLaterDispatcher.java:96)
	at javafx.graphics/com.sun.glass.ui.win.WinApplication._runLoop(Native Method)
	at javafx.graphics/com.sun.glass.ui.win.WinApplication.lambda$runLoop$3(WinApplication.java:174)
	at java.base/java.lang.Thread.run(Thread.java:834)

22:28:09.225 [JavaFX Application Thread] FATAL FXGLApplication      - Application will now exit
22:28:09.230 [JavaFX Application Thread] DEBUG PrimaryStageWindow   - Push state: ErrorSubScene
22:28:09.230 [JavaFX Application Thread] DEBUG Input                - Clearing active input actions
22:28:09.231 [JavaFX Application Thread] DEBUG GameApplicationServi - Removing overlay from GameScene and adding to ErrorSubScene
22:28:09.232 [JavaFX Application Thread] DEBUG PrimaryStageWindow   - GameScene -> ErrorSubScene
22:28:11.662 [JavaFX Application Thread] DEBUG FXGLApplication      - Exiting FXGL
22:28:11.662 [JavaFX Application Thread] DEBUG Async                - Shutting down background threads
22:28:11.662 [JavaFX Application Thread] DEBUG PrimaryStageWindow   - Closing main window
22:28:11.677 [JavaFX Application Thread] DEBUG Logger               - Closing Logger
