17:18:33.097 [main                     ] DEBUG Logger               - Configured Logger
17:18:33.102 [main                     ] DEBUG GameApplication      - Logging settings
Title: Flatline: Oregon
Version: Alpha 0.3
Width: 800
Height: 600
Fullscreen: false
Intro: false
Profiling: false
Single step:false
App Mode: DEVELOPER
Menu Key: ESCAPE
Stage Style: DECORATED
Scene Factory: class com.groupfour.mygame.App$1

17:18:33.455 [JavaFX Application Thread] DEBUG FXGLApplication      - Initializing FXGL
17:18:33.457 [JavaFX Application Thread] INFO  Engine               - FXGL-dev-SNAPSHOT (28.07.2021 16.39) on WINDOWS (J:21.0.4 FX:16)
17:18:33.458 [JavaFX Application Thread] DEBUG Engine               - JRE Vendor Name: Eclipse Adoptium
17:18:33.458 [JavaFX Application Thread] DEBUG Engine               - Running on OS: Windows 11 version 10.0
17:18:33.458 [JavaFX Application Thread] DEBUG Engine               - Architecture: amd64
17:18:33.458 [JavaFX Application Thread] INFO  Engine               - Source code and latest versions at: https://github.com/AlmasB/FXGL
17:18:33.458 [JavaFX Application Thread] INFO  Engine               -              Join the FXGL chat at: https://gitter.im/AlmasB/FXGL
17:18:33.556 [JavaFX Application Thread] DEBUG PrimaryStageWindow   - Creating a JavaFX scene
17:18:33.611 [JavaFX Application Thread] DEBUG PrimaryStageWindow   - Target settings size: 800.0 x 600.0
17:18:33.611 [JavaFX Application Thread] DEBUG PrimaryStageWindow   - Scaled scene size:    800.0 x 600.0
17:18:33.611 [JavaFX Application Thread] DEBUG PrimaryStageWindow   - Scaled ratio: (1.0, 1.0)
17:18:33.612 [JavaFX Application Thread] DEBUG PrimaryStageWindow   - Set initial scene to FXGLStartupScene
17:18:33.620 [JavaFX Application Thread] DEBUG PrimaryStageWindow   - Opening main window
17:18:33.707 [JavaFX Application Thread] DEBUG PrimaryStageWindow   - Window border size: (16.0, 39.0)
17:18:33.708 [JavaFX Application Thread] DEBUG PrimaryStageWindow   - Scaled size: 800.0 x 600.0
17:18:33.708 [JavaFX Application Thread] DEBUG PrimaryStageWindow   - Scaled ratio: (1.0, 1.0)
17:18:33.708 [JavaFX Application Thread] DEBUG PrimaryStageWindow   - Scene size: 800.0 x 600.0
17:18:33.708 [JavaFX Application Thread] DEBUG PrimaryStageWindow   - Stage size: 816.0 x 639.0
17:18:33.717 [FXGL Background Thread 1 ] DEBUG Engine               - Initializing environment variables
17:18:33.785 [FXGL Background Thread 1 ] DEBUG FXGLAssetLoaderServi - User app class for loading assets: class com.groupfour.mygame.App
17:18:33.785 [FXGL Background Thread 1 ] DEBUG GameApplicationServi - Applying CSS: fxgl_dark.css
17:18:33.785 [FXGL Background Thread 1 ] DEBUG FXGLAssetLoaderServi - Loading from file system: jar:file:///C:/Users/Cent/.m2/repository/com/github/almasb/fxgl/dev-SNAPSHOT/fxgl-dev-SNAPSHOT.jar!/fxglassets/ui/css/fxgl_dark.css
17:18:33.833 [FXGL Background Thread 1 ] DEBUG GameApplicationServi - Initializing application scenes
17:18:33.899 [FXGL Background Thread 1 ] DEBUG GameWorld            - Game world initialized
17:18:33.990 [FXGL Background Thread 1 ] DEBUG PhysicsWorld         - Physics world initialized: appHeight=600, physics.ppm=50.0
17:18:33.992 [FXGL Background Thread 1 ] DEBUG PhysicsWorld         - Using strategy: BRUTE_FORCE
17:18:33.997 [FXGL Background Thread 1 ] DEBUG GameScene            - Game scene initialized: 800x600
17:18:34.010 [FXGL Background Thread 1 ] DEBUG FXGL.DefaultMenu     - createMenuBodyMainMenu()
17:18:34.027 [FXGL Background Thread 1 ] DEBUG FXGL.DefaultMenu     - createOptionsMenu()
17:18:34.040 [FXGL Background Thread 1 ] DEBUG FXGLAssetLoaderServi - Loading from file system: jar:file:///C:/Users/Cent/.m2/repository/com/github/almasb/fxgl/dev-SNAPSHOT/fxgl-dev-SNAPSHOT.jar!/fxglassets/textures/particles/smoke.png
17:18:34.193 [FXGL Background Thread 1 ] DEBUG FXGLAssetLoaderServi - Loading from file system: jar:file:///C:/Users/Cent/.m2/repository/com/github/almasb/fxgl/dev-SNAPSHOT/fxgl-dev-SNAPSHOT.jar!/fxglassets/textures/particles/trace_horizontal.png
17:18:34.238 [FXGL Background Thread 1 ] DEBUG GameApplicationServi - Application scenes initialized
17:18:34.253 [FXGL Background Thread 1 ] DEBUG SystemBundleService  - Loading FXGL system data
17:18:34.259 [FXGL Background Thread 1 ] DEBUG FileSystemAccess     - Reading from: c:\Users\Cent\Desktop\CSS124L-LE\CSS124L-FinalExam\CSS124L-FINAL-PROJECT\system\fxgl.bundle
17:18:34.271 [FXGL Background Thread 1 ] DEBUG SystemBundleService  - Bundle FXGL: {}
17:18:34.271 [FXGL Background Thread 1 ] DEBUG UpdaterService       - Checking for updates
17:18:34.276 [FXGL Background Thread 4 ] DEBUG FXGLApplication      - Loading fonts
17:18:34.277 [FXGL Background Thread 1 ] DEBUG FXGLApplication      - Loading default localization
17:18:34.277 [FXGL Background Thread 4 ] DEBUG FXGLAssetLoaderServi - Loading from file system: jar:file:///C:/Users/Cent/.m2/repository/com/github/almasb/fxgl/dev-SNAPSHOT/fxgl-dev-SNAPSHOT.jar!/fxglassets/ui/fonts/VarelaRound-Regular.ttf
17:18:34.277 [FXGL Background Thread 1 ] DEBUG FXGLAssetLoaderServi - Loading from file system: jar:file:///C:/Users/Cent/.m2/repository/com/github/almasb/fxgl/dev-SNAPSHOT/fxgl-dev-SNAPSHOT.jar!/fxglassets/languages/english.lang
17:18:34.302 [FXGL Background Thread 1 ] INFO  FXGLApplication      - FXGL initialization took: 0.585 sec
17:18:34.304 [JavaFX Application Thread] DEBUG FXGLAssetLoaderServi - Loading from file system: jar:file:///C:/Users/Cent/.m2/repository/com/github/almasb/fxgl/dev-SNAPSHOT/fxgl-dev-SNAPSHOT.jar!/fxglassets/textures/fxgl_icon.png
17:18:34.333 [FXGL Background Thread 4 ] DEBUG FXGLAssetLoaderServi - Loading from file system: jar:file:///C:/Users/Cent/.m2/repository/com/github/almasb/fxgl/dev-SNAPSHOT/fxgl-dev-SNAPSHOT.jar!/fxglassets/ui/fonts/Abel-Regular.ttf
17:18:34.337 [FXGL Background Thread 4 ] DEBUG FXGLAssetLoaderServi - Loading from file system: jar:file:///C:/Users/Cent/.m2/repository/com/github/almasb/fxgl/dev-SNAPSHOT/fxgl-dev-SNAPSHOT.jar!/fxglassets/ui/fonts/lucida_console.ttf
17:18:34.339 [JavaFX Application Thread] DEBUG FXGLAssetLoaderServi - Loading from file system: jar:file:///C:/Users/Cent/.m2/repository/com/github/almasb/fxgl/dev-SNAPSHOT/fxgl-dev-SNAPSHOT.jar!/fxglassets/textures/fxgl_default_cursor.png
17:18:34.347 [FXGL Background Thread 4 ] DEBUG FXGLAssetLoaderServi - Loading from file system: jar:file:///C:/Users/Cent/.m2/repository/com/github/almasb/fxgl/dev-SNAPSHOT/fxgl-dev-SNAPSHOT.jar!/fxglassets/ui/fonts/Courier-Prime.ttf
17:18:34.356 [JavaFX Application Thread] DEBUG Input                - Registered new binding: Screenshot - CTRL+8
17:18:34.357 [JavaFX Application Thread] DEBUG Input                - Registered new binding: System info dump - CTRL+9
17:18:34.357 [JavaFX Application Thread] DEBUG Input                - Registered new binding: Restart - CTRL+R
17:18:34.359 [JavaFX Application Thread] DEBUG Input                - Registered new binding: Toggle Debug Camera - CTRL+C
17:18:34.362 [JavaFX Application Thread] DEBUG LoopRunner           - Starting loop
17:18:34.363 [JavaFX Application Thread] DEBUG LoopRunner           - Initializing JavaFX AnimationTimerLoop
17:18:34.367 [JavaFX Application Thread] DEBUG Input                - Clearing active input actions
17:18:34.379 [JavaFX Application Thread] DEBUG GameApplicationServi - Removing overlay from FXGLStartupScene and adding to FXGLMainMenuDummyScene
17:18:34.379 [JavaFX Application Thread] DEBUG PrimaryStageWindow   - FXGLStartupScene -> FXGLMainMenuDummyScene
17:18:34.379 [JavaFX Application Thread] DEBUG PrimaryStageWindow   - Push state: FXGLDefaultMenu
17:18:34.405 [JavaFX Application Thread] DEBUG Input                - Clearing active input actions
17:18:34.417 [JavaFX Application Thread] DEBUG GameApplicationServi - Removing overlay from FXGLMainMenuDummyScene and adding to FXGLDefaultMenu
17:18:34.417 [JavaFX Application Thread] DEBUG PrimaryStageWindow   - FXGLMainMenuDummyScene -> FXGLDefaultMenu
17:18:34.427 [JavaFX Application Thread] DEBUG FXGLApplication      - Registering font factories with UI factory
17:18:34.988 [FXGL Background Thread 2 ] INFO  UpdaterService       - Your current version:  dev-SNAPSHOT
17:18:34.990 [FXGL Background Thread 2 ] INFO  UpdaterService       - Latest stable version: 21.1
17:18:35.263 [JavaFX Application Thread] DEBUG Menu                 - fireNewGame()
17:18:35.264 [JavaFX Application Thread] DEBUG GameApplicationServi - Starting new game
17:18:35.268 [JavaFX Application Thread] DEBUG PrimaryStageWindow   - Pop state: FXGLDefaultMenu
17:18:35.268 [JavaFX Application Thread] DEBUG Input                - Clearing active input actions
17:18:35.269 [JavaFX Application Thread] DEBUG GameApplicationServi - Removing overlay from FXGLDefaultMenu and adding to FXGLMainMenuDummyScene
17:18:35.270 [JavaFX Application Thread] DEBUG PrimaryStageWindow   - FXGLMainMenuDummyScene <- FXGLDefaultMenu
17:18:35.270 [JavaFX Application Thread] DEBUG Input                - Clearing active input actions
17:18:35.277 [JavaFX Application Thread] DEBUG GameApplicationServi - Removing overlay from FXGLMainMenuDummyScene and adding to FXGLLoadingScene
17:18:35.279 [JavaFX Application Thread] DEBUG PrimaryStageWindow   - FXGLMainMenuDummyScene -> FXGLLoadingScene
17:18:35.279 [JavaFX Application Thread] DEBUG GameApplicationServi - Clearing previous game
17:18:35.279 [JavaFX Application Thread] DEBUG GameScene            - Clearing game scene
17:18:35.279 [JavaFX Application Thread] DEBUG GameWorld            - Clearing game world
17:18:35.279 [JavaFX Application Thread] DEBUG PhysicsWorld         - Clearing physics world
17:18:35.283 [FXGL Background Thread 2 ] DEBUG FXGLApplication      - Initializing game
17:18:35.291 [FXGL Background Thread 2 ] INFO  FXGLApplication      - Game initialization took: 0.008 sec
17:18:35.315 [JavaFX Application Thread] DEBUG Input                - Clearing active input actions
17:18:35.322 [JavaFX Application Thread] DEBUG GameApplicationServi - Removing overlay from FXGLLoadingScene and adding to GameScene
17:18:35.323 [JavaFX Application Thread] DEBUG PrimaryStageWindow   - FXGLLoadingScene -> GameScene
17:18:35.326 [JavaFX Application Thread] DEBUG PrimaryStageWindow   - Push state: PlayerCountMenu
17:18:35.326 [JavaFX Application Thread] DEBUG Input                - Clearing active input actions
17:18:35.328 [JavaFX Application Thread] DEBUG GameApplicationServi - Removing overlay from GameScene and adding to PlayerCountMenu
17:18:35.328 [JavaFX Application Thread] DEBUG PrimaryStageWindow   - GameScene -> PlayerCountMenu
17:18:36.122 [JavaFX Application Thread] DEBUG PrimaryStageWindow   - Pop state: PlayerCountMenu
17:18:36.122 [JavaFX Application Thread] DEBUG Input                - Clearing active input actions
17:18:36.122 [JavaFX Application Thread] DEBUG GameApplicationServi - Removing overlay from PlayerCountMenu and adding to GameScene
17:18:36.122 [JavaFX Application Thread] DEBUG PrimaryStageWindow   - GameScene <- PlayerCountMenu
17:18:36.127 [JavaFX Application Thread] DEBUG FXGLAssetLoaderServi - Loading from file system: file:/C:/Users/Cent/Desktop/CSS124L-LE/CSS124L-FinalExam/CSS124L-FINAL-PROJECT/fp/target/classes/assets/textures/1P_Walk.gif
17:18:36.147 [JavaFX Application Thread] DEBUG Input                - Registered new binding: AUTO-0 - W
17:18:36.147 [JavaFX Application Thread] DEBUG Input                - Registered new binding: AUTO-1 - S
17:18:36.147 [JavaFX Application Thread] DEBUG Input                - Registered new binding: AUTO-2 - A
17:18:36.147 [JavaFX Application Thread] DEBUG Input                - Registered new binding: AUTO-3 - D
17:18:36.147 [JavaFX Application Thread] DEBUG Input                - Registered new binding: AUTO-4 - R
17:18:36.148 [JavaFX Application Thread] DEBUG Input                - Registered new binding: Start Shooting - LMB
17:18:37.274 [FXGL Background Thread 3 ] DEBUG Engine               - Logging environment variables
17:18:37.274 [FXGL Background Thread 3 ] DEBUG Engine               - achievements: []
17:18:37.274 [FXGL Background Thread 3 ] DEBUG Engine               - actualHeight: 600.0
17:18:37.274 [FXGL Background Thread 3 ] DEBUG Engine               - actualHeightProperty: ReadOnlyDoubleProperty [value: 600.0]
17:18:37.275 [FXGL Background Thread 3 ] DEBUG Engine               - actualWidth: 800.0
17:18:37.275 [FXGL Background Thread 3 ] DEBUG Engine               - actualWidthProperty: ReadOnlyDoubleProperty [value: 800.0]
17:18:37.275 [FXGL Background Thread 3 ] DEBUG Engine               - appIcon: fxgl_icon.png
17:18:37.275 [FXGL Background Thread 3 ] DEBUG Engine               - applicationMode: DEVELOPER
17:18:37.275 [FXGL Background Thread 3 ] DEBUG Engine               - cSSList: [fxgl_dark.css]
17:18:37.275 [FXGL Background Thread 3 ] DEBUG Engine               - collisionDetectionStrategy: BRUTE_FORCE
17:18:37.275 [FXGL Background Thread 3 ] DEBUG Engine               - configClass: Optional.empty
17:18:37.275 [FXGL Background Thread 3 ] DEBUG Engine               - credits: []
17:18:37.275 [FXGL Background Thread 3 ] DEBUG Engine               - defaultCursor: CursorInfo(imageName=fxgl_default_cursor.png, hotspotX=7.0, hotspotY=6.0)
17:18:37.275 [FXGL Background Thread 3 ] DEBUG Engine               - devBBoxColorProperty: ObjectProperty [value: 0xff0000ff]
17:18:37.275 [FXGL Background Thread 3 ] DEBUG Engine               - devEnableDebugCameraProperty: BooleanProperty [value: false]
17:18:37.275 [FXGL Background Thread 3 ] DEBUG Engine               - devSensorColorProperty: ObjectProperty [value: 0xffff00ff]
17:18:37.275 [FXGL Background Thread 3 ] DEBUG Engine               - devShowBBoxProperty: BooleanProperty [value: false]
17:18:37.275 [FXGL Background Thread 3 ] DEBUG Engine               - devShowPositionProperty: BooleanProperty [value: false]
17:18:37.275 [FXGL Background Thread 3 ] DEBUG Engine               - enabledMenuItems: []
17:18:37.275 [FXGL Background Thread 3 ] DEBUG Engine               - engineServices: [class com.almasb.fxgl.app.services.FXGLAssetLoaderService, class com.almasb.fxgl.app.FXGLApplication$GameApplicationService, class com.almasb.fxgl.app.services.FXGLDialogService, class com.almasb.fxgl.app.services.IOTaskExecutorService, class com.almasb.fxgl.io.FileSystemService, class com.almasb.fxgl.localization.LocalizationService, class com.almasb.fxgl.app.services.SystemBundleService, class com.almasb.fxgl.profile.SaveLoadService, class com.almasb.fxgl.ui.FXGLUIFactoryServiceProvider, class com.almasb.fxgl.ui.FXGLDialogFactoryServiceProvider, class com.almasb.fxgl.audio.AudioPlayer, class com.almasb.fxgl.notification.impl.NotificationServiceProvider, class com.almasb.fxgl.achievement.AchievementService, class com.almasb.fxgl.cutscene.CutsceneService, class com.almasb.fxgl.minigames.MiniGameService, class com.almasb.fxgl.net.NetService, class com.almasb.fxgl.app.services.UpdaterService, class com.almasb.fxgl.dev.DevService, class com.almasb.fxgl.multiplayer.MultiplayerService]
17:18:37.275 [FXGL Background Thread 3 ] DEBUG Engine               - fontGame: Abel-Regular.ttf
17:18:37.275 [FXGL Background Thread 3 ] DEBUG Engine               - fontMono: lucida_console.ttf
17:18:37.275 [FXGL Background Thread 3 ] DEBUG Engine               - fontText: Courier-Prime.ttf
17:18:37.275 [FXGL Background Thread 3 ] DEBUG Engine               - fontUI: VarelaRound-Regular.ttf
17:18:37.275 [FXGL Background Thread 3 ] DEBUG Engine               - fullScreen: BooleanProperty [value: false]
17:18:37.276 [FXGL Background Thread 3 ] DEBUG Engine               - gameDifficulty: MEDIUM
17:18:37.276 [FXGL Background Thread 3 ] DEBUG Engine               - gameDifficultyProperty: ObjectProperty [value: MEDIUM]
17:18:37.276 [FXGL Background Thread 3 ] DEBUG Engine               - globalMusicVolume: 0.5
17:18:37.276 [FXGL Background Thread 3 ] DEBUG Engine               - globalMusicVolumeProperty: DoubleProperty [value: 0.5]
17:18:37.276 [FXGL Background Thread 3 ] DEBUG Engine               - globalSoundVolume: 0.5
17:18:37.276 [FXGL Background Thread 3 ] DEBUG Engine               - globalSoundVolumeProperty: DoubleProperty [value: 0.5]
17:18:37.276 [FXGL Background Thread 3 ] DEBUG Engine               - height: 600
17:18:37.276 [FXGL Background Thread 3 ] DEBUG Engine               - is3D: false
17:18:37.276 [FXGL Background Thread 3 ] DEBUG Engine               - isAndroid: false
17:18:37.276 [FXGL Background Thread 3 ] DEBUG Engine               - isBrowser: false
17:18:37.276 [FXGL Background Thread 3 ] DEBUG Engine               - isClickFeedbackEnabled: false
17:18:37.276 [FXGL Background Thread 3 ] DEBUG Engine               - isCloseConfirmation: false
17:18:37.276 [FXGL Background Thread 3 ] DEBUG Engine               - isDesktop: true
17:18:37.276 [FXGL Background Thread 3 ] DEBUG Engine               - isDeveloperMenuEnabled: false
17:18:37.276 [FXGL Background Thread 3 ] DEBUG Engine               - isEmbedded: false
17:18:37.276 [FXGL Background Thread 3 ] DEBUG Engine               - isEntityPreloadEnabled: true
17:18:37.276 [FXGL Background Thread 3 ] DEBUG Engine               - isExperimentalTiledLargeMap: false
17:18:37.276 [FXGL Background Thread 3 ] DEBUG Engine               - isFileSystemWriteAllowed: true
17:18:37.276 [FXGL Background Thread 3 ] DEBUG Engine               - isFullScreenAllowed: false
17:18:37.276 [FXGL Background Thread 3 ] DEBUG Engine               - isFullScreenFromStart: false
17:18:37.276 [FXGL Background Thread 3 ] DEBUG Engine               - isGameMenuEnabled: true
17:18:37.276 [FXGL Background Thread 3 ] DEBUG Engine               - isIOS: false
17:18:37.276 [FXGL Background Thread 3 ] DEBUG Engine               - isIntroEnabled: false
17:18:37.276 [FXGL Background Thread 3 ] DEBUG Engine               - isLinux: false
17:18:37.276 [FXGL Background Thread 3 ] DEBUG Engine               - isMac: false
17:18:37.277 [FXGL Background Thread 3 ] DEBUG Engine               - isMainMenuEnabled: true
17:18:37.277 [FXGL Background Thread 3 ] DEBUG Engine               - isManualResizeEnabled: false
17:18:37.277 [FXGL Background Thread 3 ] DEBUG Engine               - isMobile: false
17:18:37.277 [FXGL Background Thread 3 ] DEBUG Engine               - isNative: false
17:18:37.277 [FXGL Background Thread 3 ] DEBUG Engine               - isPauseMusicWhenMinimized: true
17:18:37.277 [FXGL Background Thread 3 ] DEBUG Engine               - isPreserveResizeRatio: false
17:18:37.277 [FXGL Background Thread 3 ] DEBUG Engine               - isProfilingEnabled: false
17:18:37.277 [FXGL Background Thread 3 ] DEBUG Engine               - isScaleAffectedOnResize: true
17:18:37.277 [FXGL Background Thread 3 ] DEBUG Engine               - isSingleStep: false
17:18:37.277 [FXGL Background Thread 3 ] DEBUG Engine               - isUserProfileEnabled: false
17:18:37.277 [FXGL Background Thread 3 ] DEBUG Engine               - isWindows: true
17:18:37.277 [FXGL Background Thread 3 ] DEBUG Engine               - language: ObjectProperty [value: ENGLISH]
17:18:37.277 [FXGL Background Thread 3 ] DEBUG Engine               - menuKey: ESCAPE
17:18:37.277 [FXGL Background Thread 3 ] DEBUG Engine               - mouseSensitivity: 0.2
17:18:37.277 [FXGL Background Thread 3 ] DEBUG Engine               - notificationViewClass: class com.almasb.fxgl.notification.view.XboxNotificationView
17:18:37.277 [FXGL Background Thread 3 ] DEBUG Engine               - pixelsPerMeter: 50.0
17:18:37.277 [FXGL Background Thread 3 ] DEBUG Engine               - platform: WINDOWS
17:18:37.277 [FXGL Background Thread 3 ] DEBUG Engine               - prefHeightProperty: ReadOnlyDoubleProperty [value: 600.0]
17:18:37.277 [FXGL Background Thread 3 ] DEBUG Engine               - prefWidthProperty: ReadOnlyDoubleProperty [value: 800.0]
17:18:37.277 [FXGL Background Thread 3 ] DEBUG Engine               - profileDir: profiles/
17:18:37.277 [FXGL Background Thread 3 ] DEBUG Engine               - profileName: StringProperty [value: DEFAULT]
17:18:37.277 [FXGL Background Thread 3 ] DEBUG Engine               - randomSeed: -1
17:18:37.277 [FXGL Background Thread 3 ] DEBUG Engine               - runtimeInfo: RuntimeInfo(platform=WINDOWS, version=dev-SNAPSHOT, build=28.07.2021 16.39)
17:18:37.277 [FXGL Background Thread 3 ] DEBUG Engine               - saveFileExt: sav
17:18:37.277 [FXGL Background Thread 3 ] DEBUG Engine               - scaledHeightProp$fxgl: DoubleProperty [bound, value: 600.0]
17:18:37.277 [FXGL Background Thread 3 ] DEBUG Engine               - scaledWidthProp$fxgl: DoubleProperty [bound, value: 800.0]
17:18:37.277 [FXGL Background Thread 3 ] DEBUG Engine               - sceneFactory: com.groupfour.mygame.App$1@8c772bb
17:18:37.277 [FXGL Background Thread 3 ] DEBUG Engine               - secondsIn24h: 60
17:18:37.277 [FXGL Background Thread 3 ] DEBUG Engine               - soundMenuBack: menu/back.wav
17:18:37.277 [FXGL Background Thread 3 ] DEBUG Engine               - soundMenuPress: menu/press.wav
17:18:37.278 [FXGL Background Thread 3 ] DEBUG Engine               - soundMenuSelect: menu/select.wav
17:18:37.278 [FXGL Background Thread 3 ] DEBUG Engine               - soundNotification: core/notification.wav
17:18:37.278 [FXGL Background Thread 3 ] DEBUG Engine               - stageStyle: DECORATED
17:18:37.278 [FXGL Background Thread 3 ] DEBUG Engine               - supportedLanguages: [ENGLISH, FRENCH, GERMAN, HUNGARIAN, RUSSIAN]
17:18:37.278 [FXGL Background Thread 3 ] DEBUG Engine               - ticksPerSecond: -1
17:18:37.278 [FXGL Background Thread 3 ] DEBUG Engine               - title: Flatline: Oregon
17:18:37.278 [FXGL Background Thread 3 ] DEBUG Engine               - urlGithub: https://github.com/AlmasB/FXGL
17:18:37.278 [FXGL Background Thread 3 ] DEBUG Engine               - urlLeaderboard: http://fxgl-top.herokuapp.com/
17:18:37.278 [FXGL Background Thread 3 ] DEBUG Engine               - urlPOM: https://raw.githubusercontent.com/AlmasB/FXGL/release/README.md
17:18:37.278 [FXGL Background Thread 3 ] DEBUG Engine               - userAppClass: class com.groupfour.mygame.App
17:18:37.278 [FXGL Background Thread 3 ] DEBUG Engine               - version: Alpha 0.3
17:18:37.278 [FXGL Background Thread 3 ] DEBUG Engine               - versionCheckDays: 7
17:18:37.278 [FXGL Background Thread 3 ] DEBUG Engine               - width: 800
17:18:37.278 [FXGL Background Thread 3 ] DEBUG Engine               - Logging services
17:18:37.278 [FXGL Background Thread 3 ] DEBUG Engine               - class com.almasb.fxgl.app.services.FXGLAssetLoaderService
17:18:37.278 [FXGL Background Thread 3 ] DEBUG Engine               - class com.almasb.fxgl.app.FXGLApplication$GameApplicationService
17:18:37.278 [FXGL Background Thread 3 ] DEBUG Engine               - class com.almasb.fxgl.app.services.FXGLDialogService
17:18:37.278 [FXGL Background Thread 3 ] DEBUG Engine               - class com.almasb.fxgl.app.services.IOTaskExecutorService
17:18:37.278 [FXGL Background Thread 3 ] DEBUG Engine               - class com.almasb.fxgl.io.FileSystemService
17:18:37.278 [FXGL Background Thread 3 ] DEBUG Engine               - class com.almasb.fxgl.localization.LocalizationService
17:18:37.278 [FXGL Background Thread 3 ] DEBUG Engine               - class com.almasb.fxgl.app.services.SystemBundleService
17:18:37.278 [FXGL Background Thread 3 ] DEBUG Engine               - class com.almasb.fxgl.profile.SaveLoadService
17:18:37.278 [FXGL Background Thread 3 ] DEBUG Engine               - class com.almasb.fxgl.ui.FXGLUIFactoryServiceProvider
17:18:37.278 [FXGL Background Thread 3 ] DEBUG Engine               - class com.almasb.fxgl.ui.FXGLDialogFactoryServiceProvider
17:18:37.278 [FXGL Background Thread 3 ] DEBUG Engine               - class com.almasb.fxgl.audio.AudioPlayer
17:18:37.278 [FXGL Background Thread 3 ] DEBUG Engine               - class com.almasb.fxgl.notification.impl.NotificationServiceProvider
17:18:37.279 [FXGL Background Thread 3 ] DEBUG Engine               - class com.almasb.fxgl.achievement.AchievementService
17:18:37.279 [FXGL Background Thread 3 ] DEBUG Engine               - class com.almasb.fxgl.cutscene.CutsceneService
17:18:37.279 [FXGL Background Thread 3 ] DEBUG Engine               - class com.almasb.fxgl.minigames.MiniGameService
17:18:37.279 [FXGL Background Thread 3 ] DEBUG Engine               - class com.almasb.fxgl.net.NetService
17:18:37.279 [FXGL Background Thread 3 ] DEBUG Engine               - class com.almasb.fxgl.app.services.UpdaterService
17:18:37.279 [FXGL Background Thread 3 ] DEBUG Engine               - class com.almasb.fxgl.dev.DevService
17:18:37.279 [FXGL Background Thread 3 ] DEBUG Engine               - class com.almasb.fxgl.multiplayer.MultiplayerService
17:18:52.101 [JavaFX Application Thread] DEBUG FXGLApplication      - Exiting FXGL
17:18:52.102 [JavaFX Application Thread] DEBUG LoopRunner           - Stopping loop
17:18:52.102 [JavaFX Application Thread] DEBUG SystemBundleService  - Saving FXGL system data
17:18:52.103 [JavaFX Application Thread] DEBUG FileSystemAccess     - Writing to: c:\Users\Cent\Desktop\CSS124L-LE\CSS124L-FinalExam\CSS124L-FINAL-PROJECT\system\fxgl.bundle
17:18:52.105 [JavaFX Application Thread] DEBUG Async                - Shutting down background threads
17:18:52.105 [JavaFX Application Thread] DEBUG PrimaryStageWindow   - Closing main window
17:18:52.117 [JavaFX Application Thread] DEBUG Logger               - Closing Logger
