01:31:08.573 [main                     ] DEBUG Logger               - Configured Logger
01:31:08.592 [main                     ] DEBUG GameApplication      - Logging settings
Title: Flatline: Oregon
Version: Alpha 0.3
Width: 800
Height: 600
Fullscreen: false
Intro: false
Profiling: false
Single step:false
App Mode: DEVELOPER
Menu Key: ESCAPE
Stage Style: DECORATED
Scene Factory: class com.groupfour.mygame.App$1

01:31:08.885 [JavaFX Application Thread] DEBUG FXGLApplication      - Initializing FXGL
01:31:08.887 [JavaFX Application Thread] INFO  Engine               - FXGL-dev-SNAPSHOT (28.07.2021 16.39) on WINDOWS (J:11.0.22 FX:16)
01:31:08.887 [JavaFX Application Thread] DEBUG Engine               - JRE Vendor Name: Oracle Corporation
01:31:08.888 [JavaFX Application Thread] DEBUG Engine               - Running on OS: Windows 11 version 10.0
01:31:08.888 [JavaFX Application Thread] DEBUG Engine               - Architecture: amd64
01:31:08.888 [JavaFX Application Thread] INFO  Engine               - Source code and latest versions at: https://github.com/AlmasB/FXGL
01:31:08.888 [JavaFX Application Thread] INFO  Engine               -              Join the FXGL chat at: https://gitter.im/AlmasB/FXGL
01:31:08.945 [JavaFX Application Thread] DEBUG PrimaryStageWindow   - Creating a JavaFX scene
01:31:08.986 [JavaFX Application Thread] DEBUG PrimaryStageWindow   - Target settings size: 800.0 x 600.0
01:31:08.986 [JavaFX Application Thread] DEBUG PrimaryStageWindow   - Scaled scene size:    800.0 x 600.0
01:31:08.987 [JavaFX Application Thread] DEBUG PrimaryStageWindow   - Scaled ratio: (1.0, 1.0)
01:31:08.987 [JavaFX Application Thread] DEBUG PrimaryStageWindow   - Set initial scene to FXGLStartupScene
01:31:08.991 [JavaFX Application Thread] DEBUG PrimaryStageWindow   - Opening main window
01:31:09.063 [JavaFX Application Thread] DEBUG PrimaryStageWindow   - Window border size: (14.4000244140625, 37.5999755859375)
01:31:09.063 [JavaFX Application Thread] DEBUG PrimaryStageWindow   - Scaled size: 800.0 x 600.0
01:31:09.063 [JavaFX Application Thread] DEBUG PrimaryStageWindow   - Scaled ratio: (1.0, 1.0)
01:31:09.063 [JavaFX Application Thread] DEBUG PrimaryStageWindow   - Scene size: 800.0 x 600.0
01:31:09.063 [JavaFX Application Thread] DEBUG PrimaryStageWindow   - Stage size: 814.4000244140625 x 637.5999755859375
01:31:09.070 [FXGL Background Thread 1 ] DEBUG Engine               - Initializing environment variables
01:31:09.109 [FXGL Background Thread 1 ] DEBUG FXGLAssetLoaderServi - User app class for loading assets: class com.groupfour.mygame.App
01:31:09.109 [FXGL Background Thread 1 ] DEBUG GameApplicationServi - Applying CSS: fxgl_dark.css
01:31:09.110 [FXGL Background Thread 1 ] DEBUG FXGLAssetLoaderServi - Loading from file system: jar:file:///C:/Users/acer/.m2/repository/com/github/almasb/fxgl/dev-SNAPSHOT/fxgl-dev-SNAPSHOT.jar!/fxglassets/ui/css/fxgl_dark.css
01:31:09.150 [FXGL Background Thread 1 ] DEBUG GameApplicationServi - Initializing application scenes
01:31:09.176 [FXGL Background Thread 1 ] DEBUG GameWorld            - Game world initialized
01:31:09.208 [FXGL Background Thread 1 ] DEBUG PhysicsWorld         - Physics world initialized: appHeight=600, physics.ppm=50.0
01:31:09.209 [FXGL Background Thread 1 ] DEBUG PhysicsWorld         - Using strategy: BRUTE_FORCE
01:31:09.210 [FXGL Background Thread 1 ] DEBUG GameScene            - Game scene initialized: 800x600
01:31:09.218 [FXGL Background Thread 1 ] DEBUG FXGL.DefaultMenu     - createMenuBodyMainMenu()
01:31:09.229 [FXGL Background Thread 1 ] DEBUG FXGL.DefaultMenu     - createOptionsMenu()
01:31:09.234 [FXGL Background Thread 1 ] DEBUG FXGLAssetLoaderServi - Loading from file system: jar:file:///C:/Users/acer/.m2/repository/com/github/almasb/fxgl/dev-SNAPSHOT/fxgl-dev-SNAPSHOT.jar!/fxglassets/textures/particles/smoke.png
01:31:09.294 [FXGL Background Thread 1 ] DEBUG FXGLAssetLoaderServi - Loading from file system: jar:file:///C:/Users/acer/.m2/repository/com/github/almasb/fxgl/dev-SNAPSHOT/fxgl-dev-SNAPSHOT.jar!/fxglassets/textures/particles/trace_horizontal.png
01:31:09.317 [FXGL Background Thread 1 ] DEBUG GameApplicationServi - Application scenes initialized
01:31:09.323 [FXGL Background Thread 1 ] DEBUG SystemBundleService  - Loading FXGL system data
01:31:09.327 [FXGL Background Thread 1 ] DEBUG FileSystemAccess     - Reading from: C:\Users\acer\OneDrive\Desktop\git pull\CSS124L-FINAL-PROJECT\CSS124L-FINAL-PROJECT\system\fxgl.bundle
01:31:09.332 [FXGL Background Thread 1 ] DEBUG SystemBundleService  - Bundle FXGL: {}
01:31:09.332 [FXGL Background Thread 1 ] DEBUG UpdaterService       - Checking for updates
01:31:09.335 [FXGL Background Thread 4 ] DEBUG FXGLApplication      - Loading fonts
01:31:09.335 [FXGL Background Thread 1 ] DEBUG FXGLApplication      - Loading default localization
01:31:09.335 [FXGL Background Thread 4 ] DEBUG FXGLAssetLoaderServi - Loading from file system: jar:file:///C:/Users/acer/.m2/repository/com/github/almasb/fxgl/dev-SNAPSHOT/fxgl-dev-SNAPSHOT.jar!/fxglassets/ui/fonts/VarelaRound-Regular.ttf
01:31:09.336 [FXGL Background Thread 1 ] DEBUG FXGLAssetLoaderServi - Loading from file system: jar:file:///C:/Users/acer/.m2/repository/com/github/almasb/fxgl/dev-SNAPSHOT/fxgl-dev-SNAPSHOT.jar!/fxglassets/languages/english.lang
01:31:09.346 [FXGL Background Thread 1 ] INFO  FXGLApplication      - FXGL initialization took: 0.276 sec
01:31:09.347 [JavaFX Application Thread] DEBUG FXGLAssetLoaderServi - Loading from file system: jar:file:///C:/Users/acer/.m2/repository/com/github/almasb/fxgl/dev-SNAPSHOT/fxgl-dev-SNAPSHOT.jar!/fxglassets/textures/fxgl_icon.png
01:31:09.364 [JavaFX Application Thread] DEBUG FXGLAssetLoaderServi - Loading from file system: jar:file:///C:/Users/acer/.m2/repository/com/github/almasb/fxgl/dev-SNAPSHOT/fxgl-dev-SNAPSHOT.jar!/fxglassets/textures/fxgl_default_cursor.png
01:31:09.376 [JavaFX Application Thread] DEBUG Input                - Registered new binding: Screenshot - CTRL+8
01:31:09.376 [JavaFX Application Thread] DEBUG Input                - Registered new binding: System info dump - CTRL+9
01:31:09.377 [JavaFX Application Thread] DEBUG Input                - Registered new binding: Restart - CTRL+R
01:31:09.377 [JavaFX Application Thread] DEBUG Input                - Registered new binding: Toggle Debug Camera - CTRL+C
01:31:09.379 [JavaFX Application Thread] DEBUG LoopRunner           - Starting loop
01:31:09.379 [JavaFX Application Thread] DEBUG LoopRunner           - Initializing JavaFX AnimationTimerLoop
01:31:09.381 [JavaFX Application Thread] DEBUG Input                - Clearing active input actions
01:31:09.389 [JavaFX Application Thread] DEBUG GameApplicationServi - Removing overlay from FXGLStartupScene and adding to FXGLMainMenuDummyScene
01:31:09.390 [JavaFX Application Thread] DEBUG PrimaryStageWindow   - FXGLStartupScene -> FXGLMainMenuDummyScene
01:31:09.390 [JavaFX Application Thread] DEBUG PrimaryStageWindow   - Push state: FXGLDefaultMenu
01:31:09.395 [JavaFX Application Thread] DEBUG Input                - Clearing active input actions
01:31:09.402 [JavaFX Application Thread] DEBUG GameApplicationServi - Removing overlay from FXGLMainMenuDummyScene and adding to FXGLDefaultMenu
01:31:09.403 [JavaFX Application Thread] DEBUG PrimaryStageWindow   - FXGLMainMenuDummyScene -> FXGLDefaultMenu
01:31:09.698 [FXGL Background Thread 4 ] DEBUG FXGLAssetLoaderServi - Loading from file system: jar:file:///C:/Users/acer/.m2/repository/com/github/almasb/fxgl/dev-SNAPSHOT/fxgl-dev-SNAPSHOT.jar!/fxglassets/ui/fonts/Abel-Regular.ttf
01:31:09.706 [FXGL Background Thread 4 ] DEBUG FXGLAssetLoaderServi - Loading from file system: jar:file:///C:/Users/acer/.m2/repository/com/github/almasb/fxgl/dev-SNAPSHOT/fxgl-dev-SNAPSHOT.jar!/fxglassets/ui/fonts/lucida_console.ttf
01:31:09.714 [FXGL Background Thread 4 ] DEBUG FXGLAssetLoaderServi - Loading from file system: jar:file:///C:/Users/acer/.m2/repository/com/github/almasb/fxgl/dev-SNAPSHOT/fxgl-dev-SNAPSHOT.jar!/fxglassets/ui/fonts/Courier-Prime.ttf
01:31:09.723 [JavaFX Application Thread] DEBUG FXGLApplication      - Registering font factories with UI factory
01:31:10.270 [FXGL Background Thread 2 ] INFO  UpdaterService       - Your current version:  dev-SNAPSHOT
01:31:10.271 [FXGL Background Thread 2 ] INFO  UpdaterService       - Latest stable version: 21.1
01:31:10.486 [JavaFX Application Thread] DEBUG Menu                 - fireNewGame()
01:31:10.486 [JavaFX Application Thread] DEBUG GameApplicationServi - Starting new game
01:31:10.487 [JavaFX Application Thread] DEBUG PrimaryStageWindow   - Pop state: FXGLDefaultMenu
01:31:10.487 [JavaFX Application Thread] DEBUG Input                - Clearing active input actions
01:31:10.488 [JavaFX Application Thread] DEBUG GameApplicationServi - Removing overlay from FXGLDefaultMenu and adding to FXGLMainMenuDummyScene
01:31:10.488 [JavaFX Application Thread] DEBUG PrimaryStageWindow   - FXGLMainMenuDummyScene <- FXGLDefaultMenu
01:31:10.488 [JavaFX Application Thread] DEBUG Input                - Clearing active input actions
01:31:10.492 [JavaFX Application Thread] DEBUG GameApplicationServi - Removing overlay from FXGLMainMenuDummyScene and adding to FXGLLoadingScene
01:31:10.492 [JavaFX Application Thread] DEBUG PrimaryStageWindow   - FXGLMainMenuDummyScene -> FXGLLoadingScene
01:31:10.492 [JavaFX Application Thread] DEBUG GameApplicationServi - Clearing previous game
01:31:10.492 [JavaFX Application Thread] DEBUG GameScene            - Clearing game scene
01:31:10.492 [JavaFX Application Thread] DEBUG GameWorld            - Clearing game world
01:31:10.492 [JavaFX Application Thread] DEBUG PhysicsWorld         - Clearing physics world
01:31:10.493 [FXGL Background Thread 2 ] DEBUG FXGLApplication      - Initializing game
01:31:10.497 [FXGL Background Thread 2 ] INFO  FXGLApplication      - Game initialization took: 0.003 sec
01:31:10.504 [JavaFX Application Thread] DEBUG Input                - Clearing active input actions
01:31:10.508 [JavaFX Application Thread] DEBUG GameApplicationServi - Removing overlay from FXGLLoadingScene and adding to GameScene
01:31:10.508 [JavaFX Application Thread] DEBUG PrimaryStageWindow   - FXGLLoadingScene -> GameScene
01:31:10.510 [JavaFX Application Thread] DEBUG PrimaryStageWindow   - Push state: PlayerCountMenu
01:31:10.510 [JavaFX Application Thread] DEBUG Input                - Clearing active input actions
01:31:10.510 [JavaFX Application Thread] DEBUG GameApplicationServi - Removing overlay from GameScene and adding to PlayerCountMenu
01:31:10.510 [JavaFX Application Thread] DEBUG PrimaryStageWindow   - GameScene -> PlayerCountMenu
01:31:11.239 [JavaFX Application Thread] DEBUG PrimaryStageWindow   - Pop state: PlayerCountMenu
01:31:11.239 [JavaFX Application Thread] DEBUG Input                - Clearing active input actions
01:31:11.239 [JavaFX Application Thread] DEBUG GameApplicationServi - Removing overlay from PlayerCountMenu and adding to GameScene
01:31:11.239 [JavaFX Application Thread] DEBUG PrimaryStageWindow   - GameScene <- PlayerCountMenu
01:31:11.244 [JavaFX Application Thread] DEBUG FXGLAssetLoaderServi - Loading from file system: file:/C:/Users/acer/OneDrive/Desktop/git%20pull/CSS124L-FINAL-PROJECT/CSS124L-FINAL-PROJECT/fp/target/classes/assets/textures/1P_Walk.gif
01:31:11.260 [JavaFX Application Thread] DEBUG Input                - Registered new binding: AUTO-0 - W
01:31:11.260 [JavaFX Application Thread] DEBUG Input                - Registered new binding: AUTO-1 - S
01:31:11.260 [JavaFX Application Thread] DEBUG Input                - Registered new binding: AUTO-2 - A
01:31:11.260 [JavaFX Application Thread] DEBUG Input                - Registered new binding: AUTO-3 - D
01:31:11.260 [JavaFX Application Thread] DEBUG Input                - Registered new binding: Start Shooting - LMB
01:31:11.260 [JavaFX Application Thread] DEBUG Input                - Registered new binding: Reload - R
01:31:11.631 [JavaFX Application Thread] DEBUG LoopRunner           - Stopping loop
01:31:11.632 [JavaFX Application Thread] FATAL FXGLApplication      - Uncaught Exception:
java.lang.NullPointerException
	at com.groupfour.mygame/com.groupfour.Components.WeaponComponent.spawnBullet(WeaponComponent.java:72)
	at com.groupfour.mygame/com.groupfour.Weapons.BerettaM9.fire(BerettaM9.java:29)
	at com.groupfour.mygame/com.groupfour.mygame.App$2.onActionBegin(App.java:102)
	at com.almasb.fxgl.core/com.almasb.fxgl.input.UserAction.begin$fxgl_core(UserAction.kt:37)
	at com.almasb.fxgl.core/com.almasb.fxgl.input.Input.handlePressed(Input.kt:350)
	at com.almasb.fxgl.core/com.almasb.fxgl.input.Input.onMouseEvent(Input.kt:312)
	at com.almasb.fxgl.core/com.almasb.fxgl.input.Input.onMouseEvent(Input.kt:301)
	at com.almasb.fxgl.all/com.almasb.fxgl.app.PrimaryStageWindow$2$1.invoke(MainWindow.kt:313)
	at com.almasb.fxgl.all/com.almasb.fxgl.app.PrimaryStageWindow$2$1.invoke(MainWindow.kt:313)
	at com.almasb.fxgl.core/com.almasb.fxgl.core.fsm.StateMachine.runOnActiveStates(StateMachine.kt:69)
	at com.almasb.fxgl.all/com.almasb.fxgl.app.PrimaryStageWindow$2.invoke(MainWindow.kt:313)
	at com.almasb.fxgl.all/com.almasb.fxgl.app.PrimaryStageWindow$2.invoke(MainWindow.kt:311)
	at com.almasb.fxgl.all/com.almasb.fxgl.app.MainWindow.addMouseHandler$lambda-2(MainWindow.kt:237)
	at javafx.base/com.sun.javafx.event.CompositeEventHandler$NormalEventHandlerRecord.handleBubblingEvent(CompositeEventHandler.java:247)
	at javafx.base/com.sun.javafx.event.CompositeEventHandler.dispatchBubblingEvent(CompositeEventHandler.java:80)
	at javafx.base/com.sun.javafx.event.EventHandlerManager.dispatchBubblingEvent(EventHandlerManager.java:234)
	at javafx.base/com.sun.javafx.event.EventHandlerManager.dispatchBubblingEvent(EventHandlerManager.java:191)
	at javafx.base/com.sun.javafx.event.CompositeEventDispatcher.dispatchBubblingEvent(CompositeEventDispatcher.java:59)
	at javafx.base/com.sun.javafx.event.BasicEventDispatcher.dispatchEvent(BasicEventDispatcher.java:58)
	at javafx.base/com.sun.javafx.event.EventDispatchChainImpl.dispatchEvent(EventDispatchChainImpl.java:114)
	at javafx.base/com.sun.javafx.event.BasicEventDispatcher.dispatchEvent(BasicEventDispatcher.java:56)
	at javafx.base/com.sun.javafx.event.EventDispatchChainImpl.dispatchEvent(EventDispatchChainImpl.java:114)
	at javafx.base/com.sun.javafx.event.EventUtil.fireEventImpl(EventUtil.java:74)
	at javafx.base/com.sun.javafx.event.EventUtil.fireEvent(EventUtil.java:54)
	at javafx.base/javafx.event.Event.fireEvent(Event.java:198)
	at javafx.graphics/javafx.scene.Scene$MouseHandler.process(Scene.java:3856)
	at javafx.graphics/javafx.scene.Scene.processMouseEvent(Scene.java:1851)
	at javafx.graphics/javafx.scene.Scene$ScenePeerListener.mouseEvent(Scene.java:2584)
	at javafx.graphics/com.sun.javafx.tk.quantum.GlassViewEventHandler$MouseEventNotification.run(GlassViewEventHandler.java:409)
	at javafx.graphics/com.sun.javafx.tk.quantum.GlassViewEventHandler$MouseEventNotification.run(GlassViewEventHandler.java:299)
	at java.base/java.security.AccessController.doPrivileged(Native Method)
	at javafx.graphics/com.sun.javafx.tk.quantum.GlassViewEventHandler.lambda$handleMouseEvent$2(GlassViewEventHandler.java:447)
	at javafx.graphics/com.sun.javafx.tk.quantum.QuantumToolkit.runWithoutRenderLock(QuantumToolkit.java:412)
	at javafx.graphics/com.sun.javafx.tk.quantum.GlassViewEventHandler.handleMouseEvent(GlassViewEventHandler.java:446)
	at javafx.graphics/com.sun.glass.ui.View.handleMouseEvent(View.java:556)
	at javafx.graphics/com.sun.glass.ui.View.notifyMouse(View.java:942)
	at javafx.graphics/com.sun.glass.ui.win.WinApplication._runLoop(Native Method)
	at javafx.graphics/com.sun.glass.ui.win.WinApplication.lambda$runLoop$3(WinApplication.java:174)
	at java.base/java.lang.Thread.run(Thread.java:834)

01:31:11.635 [JavaFX Application Thread] FATAL FXGLApplication      - Application will now exit
01:31:11.643 [JavaFX Application Thread] DEBUG PrimaryStageWindow   - Push state: ErrorSubScene
01:31:11.643 [JavaFX Application Thread] DEBUG Input                - Clearing active input actions
01:31:11.644 [JavaFX Application Thread] DEBUG GameApplicationServi - Removing overlay from GameScene and adding to ErrorSubScene
01:31:11.645 [JavaFX Application Thread] DEBUG PrimaryStageWindow   - GameScene -> ErrorSubScene
01:31:12.334 [FXGL Background Thread 3 ] DEBUG Engine               - Logging environment variables
01:31:12.334 [FXGL Background Thread 3 ] DEBUG Engine               - achievements: []
01:31:12.334 [FXGL Background Thread 3 ] DEBUG Engine               - actualHeight: 600.0
01:31:12.334 [FXGL Background Thread 3 ] DEBUG Engine               - actualHeightProperty: ReadOnlyDoubleProperty [value: 600.0]
01:31:12.334 [FXGL Background Thread 3 ] DEBUG Engine               - actualWidth: 800.0
01:31:12.334 [FXGL Background Thread 3 ] DEBUG Engine               - actualWidthProperty: ReadOnlyDoubleProperty [value: 800.0]
01:31:12.334 [FXGL Background Thread 3 ] DEBUG Engine               - appIcon: fxgl_icon.png
01:31:12.335 [FXGL Background Thread 3 ] DEBUG Engine               - applicationMode: DEVELOPER
01:31:12.335 [FXGL Background Thread 3 ] DEBUG Engine               - cSSList: [fxgl_dark.css]
01:31:12.335 [FXGL Background Thread 3 ] DEBUG Engine               - collisionDetectionStrategy: BRUTE_FORCE
01:31:12.335 [FXGL Background Thread 3 ] DEBUG Engine               - configClass: Optional.empty
01:31:12.335 [FXGL Background Thread 3 ] DEBUG Engine               - credits: []
01:31:12.335 [FXGL Background Thread 3 ] DEBUG Engine               - defaultCursor: CursorInfo(imageName=fxgl_default_cursor.png, hotspotX=7.0, hotspotY=6.0)
01:31:12.335 [FXGL Background Thread 3 ] DEBUG Engine               - devBBoxColorProperty: ObjectProperty [value: 0xff0000ff]
01:31:12.335 [FXGL Background Thread 3 ] DEBUG Engine               - devEnableDebugCameraProperty: BooleanProperty [value: false]
01:31:12.335 [FXGL Background Thread 3 ] DEBUG Engine               - devSensorColorProperty: ObjectProperty [value: 0xffff00ff]
01:31:12.335 [FXGL Background Thread 3 ] DEBUG Engine               - devShowBBoxProperty: BooleanProperty [value: false]
01:31:12.335 [FXGL Background Thread 3 ] DEBUG Engine               - devShowPositionProperty: BooleanProperty [value: false]
01:31:12.336 [FXGL Background Thread 3 ] DEBUG Engine               - enabledMenuItems: []
01:31:12.336 [FXGL Background Thread 3 ] DEBUG Engine               - engineServices: [class com.almasb.fxgl.app.services.FXGLAssetLoaderService, class com.almasb.fxgl.app.FXGLApplication$GameApplicationService, class com.almasb.fxgl.app.services.FXGLDialogService, class com.almasb.fxgl.app.services.IOTaskExecutorService, class com.almasb.fxgl.io.FileSystemService, class com.almasb.fxgl.localization.LocalizationService, class com.almasb.fxgl.app.services.SystemBundleService, class com.almasb.fxgl.profile.SaveLoadService, class com.almasb.fxgl.ui.FXGLUIFactoryServiceProvider, class com.almasb.fxgl.ui.FXGLDialogFactoryServiceProvider, class com.almasb.fxgl.audio.AudioPlayer, class com.almasb.fxgl.notification.impl.NotificationServiceProvider, class com.almasb.fxgl.achievement.AchievementService, class com.almasb.fxgl.cutscene.CutsceneService, class com.almasb.fxgl.minigames.MiniGameService, class com.almasb.fxgl.net.NetService, class com.almasb.fxgl.app.services.UpdaterService, class com.almasb.fxgl.dev.DevService, class com.almasb.fxgl.multiplayer.MultiplayerService]
01:31:12.336 [FXGL Background Thread 3 ] DEBUG Engine               - fontGame: Abel-Regular.ttf
01:31:12.336 [FXGL Background Thread 3 ] DEBUG Engine               - fontMono: lucida_console.ttf
01:31:12.336 [FXGL Background Thread 3 ] DEBUG Engine               - fontText: Courier-Prime.ttf
01:31:12.336 [FXGL Background Thread 3 ] DEBUG Engine               - fontUI: VarelaRound-Regular.ttf
01:31:12.336 [FXGL Background Thread 3 ] DEBUG Engine               - fullScreen: BooleanProperty [value: false]
01:31:12.336 [FXGL Background Thread 3 ] DEBUG Engine               - gameDifficulty: MEDIUM
01:31:12.336 [FXGL Background Thread 3 ] DEBUG Engine               - gameDifficultyProperty: ObjectProperty [value: MEDIUM]
01:31:12.336 [FXGL Background Thread 3 ] DEBUG Engine               - globalMusicVolume: 0.5
01:31:12.336 [FXGL Background Thread 3 ] DEBUG Engine               - globalMusicVolumeProperty: DoubleProperty [value: 0.5]
01:31:12.336 [FXGL Background Thread 3 ] DEBUG Engine               - globalSoundVolume: 0.5
01:31:12.336 [FXGL Background Thread 3 ] DEBUG Engine               - globalSoundVolumeProperty: DoubleProperty [value: 0.5]
01:31:12.336 [FXGL Background Thread 3 ] DEBUG Engine               - height: 600
01:31:12.336 [FXGL Background Thread 3 ] DEBUG Engine               - is3D: false
01:31:12.336 [FXGL Background Thread 3 ] DEBUG Engine               - isAndroid: false
01:31:12.336 [FXGL Background Thread 3 ] DEBUG Engine               - isBrowser: false
01:31:12.336 [FXGL Background Thread 3 ] DEBUG Engine               - isClickFeedbackEnabled: false
01:31:12.336 [FXGL Background Thread 3 ] DEBUG Engine               - isCloseConfirmation: false
01:31:12.336 [FXGL Background Thread 3 ] DEBUG Engine               - isDesktop: true
01:31:12.336 [FXGL Background Thread 3 ] DEBUG Engine               - isDeveloperMenuEnabled: false
01:31:12.336 [FXGL Background Thread 3 ] DEBUG Engine               - isEmbedded: false
01:31:12.336 [FXGL Background Thread 3 ] DEBUG Engine               - isEntityPreloadEnabled: true
01:31:12.336 [FXGL Background Thread 3 ] DEBUG Engine               - isExperimentalTiledLargeMap: false
01:31:12.337 [FXGL Background Thread 3 ] DEBUG Engine               - isFileSystemWriteAllowed: true
01:31:12.337 [FXGL Background Thread 3 ] DEBUG Engine               - isFullScreenAllowed: false
01:31:12.337 [FXGL Background Thread 3 ] DEBUG Engine               - isFullScreenFromStart: false
01:31:12.337 [FXGL Background Thread 3 ] DEBUG Engine               - isGameMenuEnabled: true
01:31:12.337 [FXGL Background Thread 3 ] DEBUG Engine               - isIOS: false
01:31:12.337 [FXGL Background Thread 3 ] DEBUG Engine               - isIntroEnabled: false
01:31:12.337 [FXGL Background Thread 3 ] DEBUG Engine               - isLinux: false
01:31:12.337 [FXGL Background Thread 3 ] DEBUG Engine               - isMac: false
01:31:12.337 [FXGL Background Thread 3 ] DEBUG Engine               - isMainMenuEnabled: true
01:31:12.337 [FXGL Background Thread 3 ] DEBUG Engine               - isManualResizeEnabled: false
01:31:12.337 [FXGL Background Thread 3 ] DEBUG Engine               - isMobile: false
01:31:12.337 [FXGL Background Thread 3 ] DEBUG Engine               - isNative: false
01:31:12.337 [FXGL Background Thread 3 ] DEBUG Engine               - isPauseMusicWhenMinimized: true
01:31:12.337 [FXGL Background Thread 3 ] DEBUG Engine               - isPreserveResizeRatio: false
01:31:12.337 [FXGL Background Thread 3 ] DEBUG Engine               - isProfilingEnabled: false
01:31:12.337 [FXGL Background Thread 3 ] DEBUG Engine               - isScaleAffectedOnResize: true
01:31:12.337 [FXGL Background Thread 3 ] DEBUG Engine               - isSingleStep: false
01:31:12.337 [FXGL Background Thread 3 ] DEBUG Engine               - isUserProfileEnabled: false
01:31:12.337 [FXGL Background Thread 3 ] DEBUG Engine               - isWindows: true
01:31:12.337 [FXGL Background Thread 3 ] DEBUG Engine               - language: ObjectProperty [value: ENGLISH]
01:31:12.337 [FXGL Background Thread 3 ] DEBUG Engine               - menuKey: ESCAPE
01:31:12.337 [FXGL Background Thread 3 ] DEBUG Engine               - mouseSensitivity: 0.2
01:31:12.337 [FXGL Background Thread 3 ] DEBUG Engine               - notificationViewClass: class com.almasb.fxgl.notification.view.XboxNotificationView
01:31:12.337 [FXGL Background Thread 3 ] DEBUG Engine               - pixelsPerMeter: 50.0
01:31:12.337 [FXGL Background Thread 3 ] DEBUG Engine               - platform: WINDOWS
01:31:12.337 [FXGL Background Thread 3 ] DEBUG Engine               - prefHeightProperty: ReadOnlyDoubleProperty [value: 600.0]
01:31:12.337 [FXGL Background Thread 3 ] DEBUG Engine               - prefWidthProperty: ReadOnlyDoubleProperty [value: 800.0]
01:31:12.337 [FXGL Background Thread 3 ] DEBUG Engine               - profileDir: profiles/
01:31:12.337 [FXGL Background Thread 3 ] DEBUG Engine               - profileName: StringProperty [value: DEFAULT]
01:31:12.337 [FXGL Background Thread 3 ] DEBUG Engine               - randomSeed: -1
01:31:12.337 [FXGL Background Thread 3 ] DEBUG Engine               - runtimeInfo: RuntimeInfo(platform=WINDOWS, version=dev-SNAPSHOT, build=28.07.2021 16.39)
01:31:12.337 [FXGL Background Thread 3 ] DEBUG Engine               - saveFileExt: sav
01:31:12.337 [FXGL Background Thread 3 ] DEBUG Engine               - scaledHeightProp$fxgl: DoubleProperty [bound, value: 600.0]
01:31:12.337 [FXGL Background Thread 3 ] DEBUG Engine               - scaledWidthProp$fxgl: DoubleProperty [bound, value: 800.0]
01:31:12.337 [FXGL Background Thread 3 ] DEBUG Engine               - sceneFactory: com.groupfour.mygame.App$1@31253567
01:31:12.337 [FXGL Background Thread 3 ] DEBUG Engine               - secondsIn24h: 60
01:31:12.338 [FXGL Background Thread 3 ] DEBUG Engine               - soundMenuBack: menu/back.wav
01:31:12.338 [FXGL Background Thread 3 ] DEBUG Engine               - soundMenuPress: menu/press.wav
01:31:12.338 [FXGL Background Thread 3 ] DEBUG Engine               - soundMenuSelect: menu/select.wav
01:31:12.338 [FXGL Background Thread 3 ] DEBUG Engine               - soundNotification: core/notification.wav
01:31:12.338 [FXGL Background Thread 3 ] DEBUG Engine               - stageStyle: DECORATED
01:31:12.338 [FXGL Background Thread 3 ] DEBUG Engine               - supportedLanguages: [ENGLISH, FRENCH, GERMAN, HUNGARIAN, RUSSIAN]
01:31:12.338 [FXGL Background Thread 3 ] DEBUG Engine               - ticksPerSecond: -1
01:31:12.338 [FXGL Background Thread 3 ] DEBUG Engine               - title: Flatline: Oregon
01:31:12.338 [FXGL Background Thread 3 ] DEBUG Engine               - urlGithub: https://github.com/AlmasB/FXGL
01:31:12.338 [FXGL Background Thread 3 ] DEBUG Engine               - urlLeaderboard: http://fxgl-top.herokuapp.com/
01:31:12.338 [FXGL Background Thread 3 ] DEBUG Engine               - urlPOM: https://raw.githubusercontent.com/AlmasB/FXGL/release/README.md
01:31:12.338 [FXGL Background Thread 3 ] DEBUG Engine               - userAppClass: class com.groupfour.mygame.App
01:31:12.338 [FXGL Background Thread 3 ] DEBUG Engine               - version: Alpha 0.3
01:31:12.338 [FXGL Background Thread 3 ] DEBUG Engine               - versionCheckDays: 7
01:31:12.338 [FXGL Background Thread 3 ] DEBUG Engine               - width: 800
01:31:12.338 [FXGL Background Thread 3 ] DEBUG Engine               - Logging services
01:31:12.338 [FXGL Background Thread 3 ] DEBUG Engine               - class com.almasb.fxgl.app.services.FXGLAssetLoaderService
01:31:12.338 [FXGL Background Thread 3 ] DEBUG Engine               - class com.almasb.fxgl.app.FXGLApplication$GameApplicationService
01:31:12.338 [FXGL Background Thread 3 ] DEBUG Engine               - class com.almasb.fxgl.app.services.FXGLDialogService
01:31:12.338 [FXGL Background Thread 3 ] DEBUG Engine               - class com.almasb.fxgl.app.services.IOTaskExecutorService
01:31:12.338 [FXGL Background Thread 3 ] DEBUG Engine               - class com.almasb.fxgl.io.FileSystemService
01:31:12.338 [FXGL Background Thread 3 ] DEBUG Engine               - class com.almasb.fxgl.localization.LocalizationService
01:31:12.338 [FXGL Background Thread 3 ] DEBUG Engine               - class com.almasb.fxgl.app.services.SystemBundleService
01:31:12.338 [FXGL Background Thread 3 ] DEBUG Engine               - class com.almasb.fxgl.profile.SaveLoadService
01:31:12.338 [FXGL Background Thread 3 ] DEBUG Engine               - class com.almasb.fxgl.ui.FXGLUIFactoryServiceProvider
01:31:12.338 [FXGL Background Thread 3 ] DEBUG Engine               - class com.almasb.fxgl.ui.FXGLDialogFactoryServiceProvider
01:31:12.338 [FXGL Background Thread 3 ] DEBUG Engine               - class com.almasb.fxgl.audio.AudioPlayer
01:31:12.338 [FXGL Background Thread 3 ] DEBUG Engine               - class com.almasb.fxgl.notification.impl.NotificationServiceProvider
01:31:12.338 [FXGL Background Thread 3 ] DEBUG Engine               - class com.almasb.fxgl.achievement.AchievementService
01:31:12.338 [FXGL Background Thread 3 ] DEBUG Engine               - class com.almasb.fxgl.cutscene.CutsceneService
01:31:12.338 [FXGL Background Thread 3 ] DEBUG Engine               - class com.almasb.fxgl.minigames.MiniGameService
01:31:12.338 [FXGL Background Thread 3 ] DEBUG Engine               - class com.almasb.fxgl.net.NetService
01:31:12.338 [FXGL Background Thread 3 ] DEBUG Engine               - class com.almasb.fxgl.app.services.UpdaterService
01:31:12.338 [FXGL Background Thread 3 ] DEBUG Engine               - class com.almasb.fxgl.dev.DevService
01:31:12.338 [FXGL Background Thread 3 ] DEBUG Engine               - class com.almasb.fxgl.multiplayer.MultiplayerService
01:31:12.705 [JavaFX Application Thread] DEBUG FXGLApplication      - Exiting FXGL
01:31:12.706 [JavaFX Application Thread] DEBUG Async                - Shutting down background threads
01:31:12.706 [JavaFX Application Thread] DEBUG PrimaryStageWindow   - Closing main window
01:31:12.717 [JavaFX Application Thread] DEBUG Logger               - Closing Logger
