00:50:53.038 [main                     ] DEBUG Logger               - Configured Logger
00:50:53.041 [main                     ] DEBUG GameApplication      - Logging settings
Title: Flatline: Oregon
Version: Alpha 0.3
Width: 800
Height: 600
Fullscreen: false
Intro: false
Profiling: false
Single step:false
App Mode: DEVELOPER
Menu Key: ESCAPE
Stage Style: DECORATED
Scene Factory: class com.groupfour.mygame.App$1

00:50:53.296 [JavaFX Application Thread] DEBUG FXGLApplication      - Initializing FXGL
00:50:53.297 [JavaFX Application Thread] INFO  Engine               - FXGL-dev-SNAPSHOT (28.07.2021 16.39) on WINDOWS (J:21.0.4 FX:16)
00:50:53.298 [JavaFX Application Thread] DEBUG Engine               - JRE Vendor Name: Eclipse Adoptium
00:50:53.298 [JavaFX Application Thread] DEBUG Engine               - Running on OS: Windows 11 version 10.0
00:50:53.298 [JavaFX Application Thread] DEBUG Engine               - Architecture: amd64
00:50:53.298 [JavaFX Application Thread] INFO  Engine               - Source code and latest versions at: https://github.com/AlmasB/FXGL
00:50:53.299 [JavaFX Application Thread] INFO  Engine               -              Join the FXGL chat at: https://gitter.im/AlmasB/FXGL
00:50:53.367 [JavaFX Application Thread] DEBUG PrimaryStageWindow   - Creating a JavaFX scene
00:50:53.400 [JavaFX Application Thread] DEBUG PrimaryStageWindow   - Target settings size: 800.0 x 600.0
00:50:53.400 [JavaFX Application Thread] DEBUG PrimaryStageWindow   - Scaled scene size:    800.0 x 600.0
00:50:53.400 [JavaFX Application Thread] DEBUG PrimaryStageWindow   - Scaled ratio: (1.0, 1.0)
00:50:53.400 [JavaFX Application Thread] DEBUG PrimaryStageWindow   - Set initial scene to FXGLStartupScene
00:50:53.405 [JavaFX Application Thread] DEBUG PrimaryStageWindow   - Opening main window
00:50:53.465 [JavaFX Application Thread] DEBUG PrimaryStageWindow   - Window border size: (16.0, 39.0)
00:50:53.465 [JavaFX Application Thread] DEBUG PrimaryStageWindow   - Scaled size: 800.0 x 600.0
00:50:53.465 [JavaFX Application Thread] DEBUG PrimaryStageWindow   - Scaled ratio: (1.0, 1.0)
00:50:53.465 [JavaFX Application Thread] DEBUG PrimaryStageWindow   - Scene size: 800.0 x 600.0
00:50:53.465 [JavaFX Application Thread] DEBUG PrimaryStageWindow   - Stage size: 816.0 x 639.0
00:50:53.471 [FXGL Background Thread 1 ] DEBUG Engine               - Initializing environment variables
00:50:53.527 [FXGL Background Thread 1 ] DEBUG FXGLAssetLoaderServi - User app class for loading assets: class com.groupfour.mygame.App
00:50:53.527 [FXGL Background Thread 1 ] DEBUG GameApplicationServi - Applying CSS: fxgl_dark.css
00:50:53.527 [FXGL Background Thread 1 ] DEBUG FXGLAssetLoaderServi - Loading from file system: jar:file:///C:/Users/Cent/.m2/repository/com/github/almasb/fxgl/dev-SNAPSHOT/fxgl-dev-SNAPSHOT.jar!/fxglassets/ui/css/fxgl_dark.css
00:50:53.566 [FXGL Background Thread 1 ] DEBUG GameApplicationServi - Initializing application scenes
00:50:53.615 [FXGL Background Thread 1 ] DEBUG GameWorld            - Game world initialized
00:50:53.668 [FXGL Background Thread 1 ] DEBUG PhysicsWorld         - Physics world initialized: appHeight=600, physics.ppm=50.0
00:50:53.669 [FXGL Background Thread 1 ] DEBUG PhysicsWorld         - Using strategy: BRUTE_FORCE
00:50:53.671 [FXGL Background Thread 1 ] DEBUG GameScene            - Game scene initialized: 800x600
00:50:53.678 [FXGL Background Thread 1 ] DEBUG FXGL.DefaultMenu     - createMenuBodyMainMenu()
00:50:53.687 [FXGL Background Thread 1 ] DEBUG FXGL.DefaultMenu     - createOptionsMenu()
00:50:53.695 [FXGL Background Thread 1 ] DEBUG FXGLAssetLoaderServi - Loading from file system: jar:file:///C:/Users/Cent/.m2/repository/com/github/almasb/fxgl/dev-SNAPSHOT/fxgl-dev-SNAPSHOT.jar!/fxglassets/textures/particles/smoke.png
00:50:53.785 [FXGL Background Thread 1 ] DEBUG FXGLAssetLoaderServi - Loading from file system: jar:file:///C:/Users/Cent/.m2/repository/com/github/almasb/fxgl/dev-SNAPSHOT/fxgl-dev-SNAPSHOT.jar!/fxglassets/textures/particles/trace_horizontal.png
00:50:53.814 [FXGL Background Thread 1 ] DEBUG GameApplicationServi - Application scenes initialized
00:50:53.823 [FXGL Background Thread 1 ] DEBUG SystemBundleService  - Loading FXGL system data
00:50:53.826 [FXGL Background Thread 1 ] DEBUG FileSystemAccess     - Reading from: c:\Users\Cent\Desktop\CSS124L-LE\CSS124L-FinalExam\CSS124L-FINAL-PROJECT\system\fxgl.bundle
00:50:53.833 [FXGL Background Thread 1 ] DEBUG SystemBundleService  - Bundle FXGL: {}
00:50:53.834 [FXGL Background Thread 1 ] DEBUG UpdaterService       - Checking for updates
00:50:53.851 [FXGL Background Thread 4 ] DEBUG FXGLApplication      - Loading fonts
00:50:53.851 [FXGL Background Thread 4 ] DEBUG FXGLAssetLoaderServi - Loading from file system: jar:file:///C:/Users/Cent/.m2/repository/com/github/almasb/fxgl/dev-SNAPSHOT/fxgl-dev-SNAPSHOT.jar!/fxglassets/ui/fonts/VarelaRound-Regular.ttf
00:50:53.852 [FXGL Background Thread 1 ] DEBUG FXGLApplication      - Loading default localization
00:50:53.852 [FXGL Background Thread 1 ] DEBUG FXGLAssetLoaderServi - Loading from file system: jar:file:///C:/Users/Cent/.m2/repository/com/github/almasb/fxgl/dev-SNAPSHOT/fxgl-dev-SNAPSHOT.jar!/fxglassets/languages/english.lang
00:50:53.865 [FXGL Background Thread 1 ] INFO  FXGLApplication      - FXGL initialization took: 0.394 sec
00:50:53.876 [JavaFX Application Thread] DEBUG Input                - Registered new binding: Move Upwards - W
00:50:53.876 [JavaFX Application Thread] DEBUG Input                - Registered new binding: Move Down - S
00:50:53.876 [JavaFX Application Thread] DEBUG Input                - Registered new binding: Move Left - A
00:50:53.876 [JavaFX Application Thread] DEBUG Input                - Registered new binding: Move Right - D
00:50:53.877 [JavaFX Application Thread] DEBUG Input                - Registered new binding: Reload - R
00:50:53.878 [JavaFX Application Thread] DEBUG Input                - Registered new binding: Shoot - LMB
00:50:53.878 [JavaFX Application Thread] DEBUG Input                - Registered new binding: Switch Weapons - Q
00:50:53.878 [JavaFX Application Thread] DEBUG Input                - Registered new binding: Interact - F
00:50:53.879 [JavaFX Application Thread] DEBUG FXGLAssetLoaderServi - Loading from file system: jar:file:///C:/Users/Cent/.m2/repository/com/github/almasb/fxgl/dev-SNAPSHOT/fxgl-dev-SNAPSHOT.jar!/fxglassets/textures/fxgl_icon.png
00:50:53.881 [FXGL Background Thread 4 ] DEBUG FXGLAssetLoaderServi - Loading from file system: jar:file:///C:/Users/Cent/.m2/repository/com/github/almasb/fxgl/dev-SNAPSHOT/fxgl-dev-SNAPSHOT.jar!/fxglassets/ui/fonts/Abel-Regular.ttf
00:50:53.884 [FXGL Background Thread 4 ] DEBUG FXGLAssetLoaderServi - Loading from file system: jar:file:///C:/Users/Cent/.m2/repository/com/github/almasb/fxgl/dev-SNAPSHOT/fxgl-dev-SNAPSHOT.jar!/fxglassets/ui/fonts/lucida_console.ttf
00:50:53.889 [FXGL Background Thread 4 ] DEBUG FXGLAssetLoaderServi - Loading from file system: jar:file:///C:/Users/Cent/.m2/repository/com/github/almasb/fxgl/dev-SNAPSHOT/fxgl-dev-SNAPSHOT.jar!/fxglassets/ui/fonts/Courier-Prime.ttf
00:50:53.896 [JavaFX Application Thread] DEBUG FXGLAssetLoaderServi - Loading from file system: jar:file:///C:/Users/Cent/.m2/repository/com/github/almasb/fxgl/dev-SNAPSHOT/fxgl-dev-SNAPSHOT.jar!/fxglassets/textures/fxgl_default_cursor.png
00:50:53.899 [JavaFX Application Thread] DEBUG Input                - Registered new binding: Screenshot - CTRL+8
00:50:53.899 [JavaFX Application Thread] DEBUG Input                - Registered new binding: Dev Options - 1
00:50:53.900 [JavaFX Application Thread] DEBUG Input                - Registered new binding: Dev Console - 2
00:50:53.900 [JavaFX Application Thread] DEBUG Input                - Registered new binding: System info dump - CTRL+9
00:50:53.900 [JavaFX Application Thread] DEBUG Input                - Registered new binding: Restart - CTRL+R
00:50:53.902 [JavaFX Application Thread] DEBUG Input                - Registered new binding: Toggle Debug Camera - CTRL+C
00:50:53.907 [JavaFX Application Thread] DEBUG LoopRunner           - Starting loop
00:50:53.921 [JavaFX Application Thread] DEBUG LoopRunner           - Initializing JavaFX AnimationTimerLoop
00:50:53.923 [JavaFX Application Thread] DEBUG Input                - Clearing active input actions
00:50:53.929 [JavaFX Application Thread] DEBUG GameApplicationServi - Removing overlay from FXGLStartupScene and adding to FXGLMainMenuDummyScene
00:50:53.937 [JavaFX Application Thread] DEBUG PrimaryStageWindow   - FXGLStartupScene -> FXGLMainMenuDummyScene
00:50:53.937 [JavaFX Application Thread] DEBUG PrimaryStageWindow   - Push state: FXGLDefaultMenu
00:50:53.952 [JavaFX Application Thread] DEBUG Input                - Clearing active input actions
00:50:53.962 [JavaFX Application Thread] DEBUG GameApplicationServi - Removing overlay from FXGLMainMenuDummyScene and adding to FXGLDefaultMenu
00:50:53.963 [JavaFX Application Thread] DEBUG PrimaryStageWindow   - FXGLMainMenuDummyScene -> FXGLDefaultMenu
00:50:53.963 [JavaFX Application Thread] DEBUG FXGLApplication      - Registering font factories with UI factory
00:50:54.276 [FXGL Background Thread 2 ] INFO  UpdaterService       - Your current version:  dev-SNAPSHOT
00:50:54.276 [FXGL Background Thread 2 ] INFO  UpdaterService       - Latest stable version: 21.1
00:50:54.890 [JavaFX Application Thread] DEBUG Menu                 - fireNewGame()
00:50:54.890 [JavaFX Application Thread] DEBUG GameApplicationServi - Starting new game
00:50:54.893 [JavaFX Application Thread] DEBUG PrimaryStageWindow   - Pop state: FXGLDefaultMenu
00:50:54.893 [JavaFX Application Thread] DEBUG Input                - Clearing active input actions
00:50:54.896 [JavaFX Application Thread] DEBUG GameApplicationServi - Removing overlay from FXGLDefaultMenu and adding to FXGLMainMenuDummyScene
00:50:54.898 [JavaFX Application Thread] DEBUG PrimaryStageWindow   - FXGLMainMenuDummyScene <- FXGLDefaultMenu
00:50:54.899 [JavaFX Application Thread] DEBUG Input                - Clearing active input actions
00:50:54.906 [JavaFX Application Thread] DEBUG GameApplicationServi - Removing overlay from FXGLMainMenuDummyScene and adding to FXGLLoadingScene
00:50:54.907 [JavaFX Application Thread] DEBUG PrimaryStageWindow   - FXGLMainMenuDummyScene -> FXGLLoadingScene
00:50:54.907 [JavaFX Application Thread] DEBUG GameApplicationServi - Clearing previous game
00:50:54.907 [JavaFX Application Thread] DEBUG GameScene            - Clearing game scene
00:50:54.907 [JavaFX Application Thread] DEBUG GameWorld            - Clearing game world
00:50:54.908 [JavaFX Application Thread] DEBUG PhysicsWorld         - Clearing physics world
00:50:54.912 [FXGL Background Thread 2 ] DEBUG FXGLApplication      - Initializing game
00:50:54.947 [FXGL Background Thread 2 ] INFO  FXGLApplication      - Game initialization took: 0.035 sec
00:50:54.953 [JavaFX Application Thread] DEBUG Input                - Clearing active input actions
00:50:54.958 [JavaFX Application Thread] DEBUG GameApplicationServi - Removing overlay from FXGLLoadingScene and adding to GameScene
00:50:54.960 [JavaFX Application Thread] DEBUG PrimaryStageWindow   - FXGLLoadingScene -> GameScene
00:50:54.964 [JavaFX Application Thread] DEBUG PrimaryStageWindow   - Push state: PlayerCountMenu
00:50:54.964 [JavaFX Application Thread] DEBUG Input                - Clearing active input actions
00:50:54.965 [JavaFX Application Thread] DEBUG GameApplicationServi - Removing overlay from GameScene and adding to PlayerCountMenu
00:50:54.966 [JavaFX Application Thread] DEBUG PrimaryStageWindow   - GameScene -> PlayerCountMenu
00:50:55.517 [JavaFX Application Thread] DEBUG FXGLAssetLoaderServi - Loading from file system: file:/C:/Users/Cent/Desktop/CSS124L-LE/CSS124L-FinalExam/CSS124L-FINAL-PROJECT/fp/target/classes/assets/textures/Players/1P_Shoot.png
00:50:55.521 [JavaFX Application Thread] WARN  Entity               - Entity already has component: com.groupfour.Components.AnimationComponent
00:50:55.522 [JavaFX Application Thread] WARN  GameWorld            - Entity is already attached to world
00:50:55.525 [JavaFX Application Thread] DEBUG PrimaryStageWindow   - Pop state: PlayerCountMenu
00:50:55.525 [JavaFX Application Thread] DEBUG Input                - Clearing active input actions
00:50:55.525 [JavaFX Application Thread] DEBUG GameApplicationServi - Removing overlay from PlayerCountMenu and adding to GameScene
00:50:55.527 [JavaFX Application Thread] DEBUG PrimaryStageWindow   - GameScene <- PlayerCountMenu
00:50:56.851 [FXGL Background Thread 3 ] DEBUG Engine               - Logging environment variables
00:50:56.851 [FXGL Background Thread 3 ] DEBUG Engine               - achievements: []
00:50:56.851 [FXGL Background Thread 3 ] DEBUG Engine               - actualHeight: 600.0
00:50:56.851 [FXGL Background Thread 3 ] DEBUG Engine               - actualHeightProperty: ReadOnlyDoubleProperty [value: 600.0]
00:50:56.851 [FXGL Background Thread 3 ] DEBUG Engine               - actualWidth: 800.0
00:50:56.851 [FXGL Background Thread 3 ] DEBUG Engine               - actualWidthProperty: ReadOnlyDoubleProperty [value: 800.0]
00:50:56.851 [FXGL Background Thread 3 ] DEBUG Engine               - appIcon: fxgl_icon.png
00:50:56.851 [FXGL Background Thread 3 ] DEBUG Engine               - applicationMode: DEVELOPER
00:50:56.851 [FXGL Background Thread 3 ] DEBUG Engine               - cSSList: [fxgl_dark.css]
00:50:56.851 [FXGL Background Thread 3 ] DEBUG Engine               - collisionDetectionStrategy: BRUTE_FORCE
00:50:56.851 [FXGL Background Thread 3 ] DEBUG Engine               - configClass: Optional.empty
00:50:56.852 [FXGL Background Thread 3 ] DEBUG Engine               - credits: []
00:50:56.852 [FXGL Background Thread 3 ] DEBUG Engine               - defaultCursor: CursorInfo(imageName=fxgl_default_cursor.png, hotspotX=7.0, hotspotY=6.0)
00:50:56.852 [FXGL Background Thread 3 ] DEBUG Engine               - devBBoxColorProperty: ObjectProperty [value: 0xff0000ff]
00:50:56.852 [FXGL Background Thread 3 ] DEBUG Engine               - devEnableDebugCameraProperty: BooleanProperty [value: false]
00:50:56.852 [FXGL Background Thread 3 ] DEBUG Engine               - devSensorColorProperty: ObjectProperty [value: 0xffff00ff]
00:50:56.852 [FXGL Background Thread 3 ] DEBUG Engine               - devShowBBoxProperty: BooleanProperty [value: false]
00:50:56.852 [FXGL Background Thread 3 ] DEBUG Engine               - devShowPositionProperty: BooleanProperty [value: false]
00:50:56.852 [FXGL Background Thread 3 ] DEBUG Engine               - enabledMenuItems: []
00:50:56.852 [FXGL Background Thread 3 ] DEBUG Engine               - engineServices: [class com.almasb.fxgl.app.services.FXGLAssetLoaderService, class com.almasb.fxgl.app.FXGLApplication$GameApplicationService, class com.almasb.fxgl.app.services.FXGLDialogService, class com.almasb.fxgl.app.services.IOTaskExecutorService, class com.almasb.fxgl.io.FileSystemService, class com.almasb.fxgl.localization.LocalizationService, class com.almasb.fxgl.app.services.SystemBundleService, class com.almasb.fxgl.profile.SaveLoadService, class com.almasb.fxgl.ui.FXGLUIFactoryServiceProvider, class com.almasb.fxgl.ui.FXGLDialogFactoryServiceProvider, class com.almasb.fxgl.audio.AudioPlayer, class com.almasb.fxgl.notification.impl.NotificationServiceProvider, class com.almasb.fxgl.achievement.AchievementService, class com.almasb.fxgl.cutscene.CutsceneService, class com.almasb.fxgl.minigames.MiniGameService, class com.almasb.fxgl.net.NetService, class com.almasb.fxgl.app.services.UpdaterService, class com.almasb.fxgl.dev.DevService, class com.almasb.fxgl.multiplayer.MultiplayerService]
00:50:56.852 [FXGL Background Thread 3 ] DEBUG Engine               - fontGame: Abel-Regular.ttf
00:50:56.852 [FXGL Background Thread 3 ] DEBUG Engine               - fontMono: lucida_console.ttf
00:50:56.852 [FXGL Background Thread 3 ] DEBUG Engine               - fontText: Courier-Prime.ttf
00:50:56.852 [FXGL Background Thread 3 ] DEBUG Engine               - fontUI: VarelaRound-Regular.ttf
00:50:56.852 [FXGL Background Thread 3 ] DEBUG Engine               - fullScreen: BooleanProperty [value: false]
00:50:56.853 [FXGL Background Thread 3 ] DEBUG Engine               - gameDifficulty: MEDIUM
00:50:56.853 [FXGL Background Thread 3 ] DEBUG Engine               - gameDifficultyProperty: ObjectProperty [value: MEDIUM]
00:50:56.853 [FXGL Background Thread 3 ] DEBUG Engine               - globalMusicVolume: 0.5
00:50:56.853 [FXGL Background Thread 3 ] DEBUG Engine               - globalMusicVolumeProperty: DoubleProperty [value: 0.5]
00:50:56.853 [FXGL Background Thread 3 ] DEBUG Engine               - globalSoundVolume: 0.5
00:50:56.853 [FXGL Background Thread 3 ] DEBUG Engine               - globalSoundVolumeProperty: DoubleProperty [value: 0.5]
00:50:56.853 [FXGL Background Thread 3 ] DEBUG Engine               - height: 600
00:50:56.853 [FXGL Background Thread 3 ] DEBUG Engine               - is3D: false
00:50:56.853 [FXGL Background Thread 3 ] DEBUG Engine               - isAndroid: false
00:50:56.853 [FXGL Background Thread 3 ] DEBUG Engine               - isBrowser: false
00:50:56.853 [FXGL Background Thread 3 ] DEBUG Engine               - isClickFeedbackEnabled: false
00:50:56.853 [FXGL Background Thread 3 ] DEBUG Engine               - isCloseConfirmation: false
00:50:56.853 [FXGL Background Thread 3 ] DEBUG Engine               - isDesktop: true
00:50:56.853 [FXGL Background Thread 3 ] DEBUG Engine               - isDeveloperMenuEnabled: true
00:50:56.853 [FXGL Background Thread 3 ] DEBUG Engine               - isEmbedded: false
00:50:56.853 [FXGL Background Thread 3 ] DEBUG Engine               - isEntityPreloadEnabled: true
00:50:56.853 [FXGL Background Thread 3 ] DEBUG Engine               - isExperimentalTiledLargeMap: false
00:50:56.853 [FXGL Background Thread 3 ] DEBUG Engine               - isFileSystemWriteAllowed: true
00:50:56.853 [FXGL Background Thread 3 ] DEBUG Engine               - isFullScreenAllowed: false
00:50:56.853 [FXGL Background Thread 3 ] DEBUG Engine               - isFullScreenFromStart: false
00:50:56.853 [FXGL Background Thread 3 ] DEBUG Engine               - isGameMenuEnabled: true
00:50:56.853 [FXGL Background Thread 3 ] DEBUG Engine               - isIOS: false
00:50:56.854 [FXGL Background Thread 3 ] DEBUG Engine               - isIntroEnabled: false
00:50:56.854 [FXGL Background Thread 3 ] DEBUG Engine               - isLinux: false
00:50:56.854 [FXGL Background Thread 3 ] DEBUG Engine               - isMac: false
00:50:56.854 [FXGL Background Thread 3 ] DEBUG Engine               - isMainMenuEnabled: true
00:50:56.854 [FXGL Background Thread 3 ] DEBUG Engine               - isManualResizeEnabled: false
00:50:56.854 [FXGL Background Thread 3 ] DEBUG Engine               - isMobile: false
00:50:56.854 [FXGL Background Thread 3 ] DEBUG Engine               - isNative: false
00:50:56.854 [FXGL Background Thread 3 ] DEBUG Engine               - isPauseMusicWhenMinimized: true
00:50:56.854 [FXGL Background Thread 3 ] DEBUG Engine               - isPreserveResizeRatio: false
00:50:56.854 [FXGL Background Thread 3 ] DEBUG Engine               - isProfilingEnabled: false
00:50:56.854 [FXGL Background Thread 3 ] DEBUG Engine               - isScaleAffectedOnResize: true
00:50:56.854 [FXGL Background Thread 3 ] DEBUG Engine               - isSingleStep: false
00:50:56.854 [FXGL Background Thread 3 ] DEBUG Engine               - isUserProfileEnabled: false
00:50:56.854 [FXGL Background Thread 3 ] DEBUG Engine               - isWindows: true
00:50:56.854 [FXGL Background Thread 3 ] DEBUG Engine               - language: ObjectProperty [value: ENGLISH]
00:50:56.854 [FXGL Background Thread 3 ] DEBUG Engine               - menuKey: ESCAPE
00:50:56.854 [FXGL Background Thread 3 ] DEBUG Engine               - mouseSensitivity: 0.2
00:50:56.854 [FXGL Background Thread 3 ] DEBUG Engine               - notificationViewClass: class com.almasb.fxgl.notification.view.XboxNotificationView
00:50:56.854 [FXGL Background Thread 3 ] DEBUG Engine               - pixelsPerMeter: 50.0
00:50:56.854 [FXGL Background Thread 3 ] DEBUG Engine               - platform: WINDOWS
00:50:56.854 [FXGL Background Thread 3 ] DEBUG Engine               - prefHeightProperty: ReadOnlyDoubleProperty [value: 600.0]
00:50:56.854 [FXGL Background Thread 3 ] DEBUG Engine               - prefWidthProperty: ReadOnlyDoubleProperty [value: 800.0]
00:50:56.854 [FXGL Background Thread 3 ] DEBUG Engine               - profileDir: profiles/
00:50:56.854 [FXGL Background Thread 3 ] DEBUG Engine               - profileName: StringProperty [value: DEFAULT]
00:50:56.854 [FXGL Background Thread 3 ] DEBUG Engine               - randomSeed: -1
00:50:56.854 [FXGL Background Thread 3 ] DEBUG Engine               - runtimeInfo: RuntimeInfo(platform=WINDOWS, version=dev-SNAPSHOT, build=28.07.2021 16.39)
00:50:56.854 [FXGL Background Thread 3 ] DEBUG Engine               - saveFileExt: sav
00:50:56.854 [FXGL Background Thread 3 ] DEBUG Engine               - scaledHeightProp$fxgl: DoubleProperty [bound, value: 600.0]
00:50:56.854 [FXGL Background Thread 3 ] DEBUG Engine               - scaledWidthProp$fxgl: DoubleProperty [bound, value: 800.0]
00:50:56.854 [FXGL Background Thread 3 ] DEBUG Engine               - sceneFactory: com.groupfour.mygame.App$1@1a6955fb
00:50:56.854 [FXGL Background Thread 3 ] DEBUG Engine               - secondsIn24h: 60
00:50:56.854 [FXGL Background Thread 3 ] DEBUG Engine               - soundMenuBack: menu/back.wav
00:50:56.854 [FXGL Background Thread 3 ] DEBUG Engine               - soundMenuPress: menu/press.wav
00:50:56.854 [FXGL Background Thread 3 ] DEBUG Engine               - soundMenuSelect: menu/select.wav
00:50:56.854 [FXGL Background Thread 3 ] DEBUG Engine               - soundNotification: core/notification.wav
00:50:56.854 [FXGL Background Thread 3 ] DEBUG Engine               - stageStyle: DECORATED
00:50:56.854 [FXGL Background Thread 3 ] DEBUG Engine               - supportedLanguages: [ENGLISH, FRENCH, GERMAN, HUNGARIAN, RUSSIAN]
00:50:56.854 [FXGL Background Thread 3 ] DEBUG Engine               - ticksPerSecond: -1
00:50:56.854 [FXGL Background Thread 3 ] DEBUG Engine               - title: Flatline: Oregon
00:50:56.854 [FXGL Background Thread 3 ] DEBUG Engine               - urlGithub: https://github.com/AlmasB/FXGL
00:50:56.854 [FXGL Background Thread 3 ] DEBUG Engine               - urlLeaderboard: http://fxgl-top.herokuapp.com/
00:50:56.854 [FXGL Background Thread 3 ] DEBUG Engine               - urlPOM: https://raw.githubusercontent.com/AlmasB/FXGL/release/README.md
00:50:56.855 [FXGL Background Thread 3 ] DEBUG Engine               - userAppClass: class com.groupfour.mygame.App
00:50:56.855 [FXGL Background Thread 3 ] DEBUG Engine               - version: Alpha 0.3
00:50:56.855 [FXGL Background Thread 3 ] DEBUG Engine               - versionCheckDays: 7
00:50:56.855 [FXGL Background Thread 3 ] DEBUG Engine               - width: 800
00:50:56.855 [FXGL Background Thread 3 ] DEBUG Engine               - Logging services
00:50:56.855 [FXGL Background Thread 3 ] DEBUG Engine               - class com.almasb.fxgl.app.services.FXGLAssetLoaderService
00:50:56.855 [FXGL Background Thread 3 ] DEBUG Engine               - class com.almasb.fxgl.app.FXGLApplication$GameApplicationService
00:50:56.855 [FXGL Background Thread 3 ] DEBUG Engine               - class com.almasb.fxgl.app.services.FXGLDialogService
00:50:56.855 [FXGL Background Thread 3 ] DEBUG Engine               - class com.almasb.fxgl.app.services.IOTaskExecutorService
00:50:56.855 [FXGL Background Thread 3 ] DEBUG Engine               - class com.almasb.fxgl.io.FileSystemService
00:50:56.855 [FXGL Background Thread 3 ] DEBUG Engine               - class com.almasb.fxgl.localization.LocalizationService
00:50:56.855 [FXGL Background Thread 3 ] DEBUG Engine               - class com.almasb.fxgl.app.services.SystemBundleService
00:50:56.855 [FXGL Background Thread 3 ] DEBUG Engine               - class com.almasb.fxgl.profile.SaveLoadService
00:50:56.855 [FXGL Background Thread 3 ] DEBUG Engine               - class com.almasb.fxgl.ui.FXGLUIFactoryServiceProvider
00:50:56.855 [FXGL Background Thread 3 ] DEBUG Engine               - class com.almasb.fxgl.ui.FXGLDialogFactoryServiceProvider
00:50:56.855 [FXGL Background Thread 3 ] DEBUG Engine               - class com.almasb.fxgl.audio.AudioPlayer
00:50:56.855 [FXGL Background Thread 3 ] DEBUG Engine               - class com.almasb.fxgl.notification.impl.NotificationServiceProvider
00:50:56.855 [FXGL Background Thread 3 ] DEBUG Engine               - class com.almasb.fxgl.achievement.AchievementService
00:50:56.855 [FXGL Background Thread 3 ] DEBUG Engine               - class com.almasb.fxgl.cutscene.CutsceneService
00:50:56.855 [FXGL Background Thread 3 ] DEBUG Engine               - class com.almasb.fxgl.minigames.MiniGameService
00:50:56.855 [FXGL Background Thread 3 ] DEBUG Engine               - class com.almasb.fxgl.net.NetService
00:50:56.855 [FXGL Background Thread 3 ] DEBUG Engine               - class com.almasb.fxgl.app.services.UpdaterService
00:50:56.855 [FXGL Background Thread 3 ] DEBUG Engine               - class com.almasb.fxgl.dev.DevService
00:50:56.855 [FXGL Background Thread 3 ] DEBUG Engine               - class com.almasb.fxgl.multiplayer.MultiplayerService
00:51:05.591 [JavaFX Application Thread] DEBUG PrimaryStageWindow   - Push state: DialogSubScene
00:51:05.591 [JavaFX Application Thread] DEBUG Input                - Clearing active input actions
00:51:05.591 [JavaFX Application Thread] DEBUG GameApplicationServi - Removing overlay from GameScene and adding to DialogSubScene
00:51:05.592 [JavaFX Application Thread] DEBUG PrimaryStageWindow   - GameScene -> DialogSubScene
00:51:23.425 [JavaFX Application Thread] DEBUG PrimaryStageWindow   - Pop state: DialogSubScene
00:51:23.425 [JavaFX Application Thread] DEBUG Input                - Clearing active input actions
00:51:23.426 [JavaFX Application Thread] DEBUG GameApplicationServi - Removing overlay from DialogSubScene and adding to GameScene
00:51:23.426 [JavaFX Application Thread] DEBUG PrimaryStageWindow   - GameScene <- DialogSubScene
00:51:23.426 [JavaFX Application Thread] DEBUG Input                - Clearing active input actions
00:51:23.429 [JavaFX Application Thread] DEBUG GameApplicationServi - Removing overlay from GameScene and adding to FXGLMainMenuDummyScene
00:51:23.430 [JavaFX Application Thread] DEBUG PrimaryStageWindow   - GameScene -> FXGLMainMenuDummyScene
00:51:23.430 [JavaFX Application Thread] DEBUG PrimaryStageWindow   - Push state: FXGLDefaultMenu
00:51:23.430 [JavaFX Application Thread] DEBUG Input                - Clearing active input actions
00:51:23.431 [JavaFX Application Thread] DEBUG GameApplicationServi - Removing overlay from FXGLMainMenuDummyScene and adding to FXGLDefaultMenu
00:51:23.433 [JavaFX Application Thread] DEBUG PrimaryStageWindow   - FXGLMainMenuDummyScene -> FXGLDefaultMenu
00:51:24.437 [JavaFX Application Thread] DEBUG Menu                 - fireNewGame()
00:51:24.437 [JavaFX Application Thread] DEBUG GameApplicationServi - Starting new game
00:51:24.437 [JavaFX Application Thread] DEBUG PrimaryStageWindow   - Pop state: FXGLDefaultMenu
00:51:24.437 [JavaFX Application Thread] DEBUG Input                - Clearing active input actions
00:51:24.438 [JavaFX Application Thread] DEBUG GameApplicationServi - Removing overlay from FXGLDefaultMenu and adding to FXGLMainMenuDummyScene
00:51:24.438 [JavaFX Application Thread] DEBUG PrimaryStageWindow   - FXGLMainMenuDummyScene <- FXGLDefaultMenu
00:51:24.438 [JavaFX Application Thread] DEBUG Input                - Clearing active input actions
00:51:24.441 [JavaFX Application Thread] DEBUG GameApplicationServi - Removing overlay from FXGLMainMenuDummyScene and adding to FXGLLoadingScene
00:51:24.441 [JavaFX Application Thread] DEBUG PrimaryStageWindow   - FXGLMainMenuDummyScene -> FXGLLoadingScene
00:51:24.441 [JavaFX Application Thread] DEBUG GameApplicationServi - Clearing previous game
00:51:24.441 [JavaFX Application Thread] DEBUG GameScene            - Clearing game scene
00:51:24.441 [JavaFX Application Thread] DEBUG GameWorld            - Clearing game world
00:51:24.442 [JavaFX Application Thread] DEBUG PhysicsWorld         - Clearing physics world
00:51:24.442 [FXGL Background Thread 2 ] DEBUG FXGLApplication      - Initializing game
00:51:24.442 [FXGL Background Thread 2 ] INFO  FXGLApplication      - Game initialization took: 0.001 sec
00:51:24.454 [JavaFX Application Thread] DEBUG Input                - Clearing active input actions
00:51:24.458 [JavaFX Application Thread] DEBUG GameApplicationServi - Removing overlay from FXGLLoadingScene and adding to GameScene
00:51:24.458 [JavaFX Application Thread] DEBUG PrimaryStageWindow   - FXGLLoadingScene -> GameScene
00:51:24.459 [JavaFX Application Thread] DEBUG PrimaryStageWindow   - Push state: PlayerCountMenu
00:51:24.459 [JavaFX Application Thread] DEBUG Input                - Clearing active input actions
00:51:24.460 [JavaFX Application Thread] DEBUG GameApplicationServi - Removing overlay from GameScene and adding to PlayerCountMenu
00:51:24.460 [JavaFX Application Thread] DEBUG PrimaryStageWindow   - GameScene -> PlayerCountMenu
00:51:24.460 [JavaFX Application Thread] DEBUG LoopRunner           - Stopping loop
00:51:24.462 [JavaFX Application Thread] FATAL FXGLApplication      - Uncaught Exception:
java.lang.IllegalArgumentException: Component PlayerComponent not found!
	at com.almasb.fxgl.entity/com.almasb.fxgl.entity.Entity.getComponent(Entity.java:369)
	at com.groupfour.mygame/com.groupfour.mygame.App.onUpdate(App.java:411)
	at com.almasb.fxgl.all/com.almasb.fxgl.app.FXGLApplication$GameApplicationService.onGameUpdate(FXGLApplication.kt:421)
	at com.almasb.fxgl.all/com.almasb.fxgl.app.Engine.onGameUpdate(Engine.kt:137)
	at com.almasb.fxgl.all/com.almasb.fxgl.app.FXGLApplication.postServicesInit$lambda-7(FXGLApplication.kt:182)
	at com.almasb.fxgl.scene/com.almasb.fxgl.scene.Scene.update(Scene.kt:113)
	at com.almasb.fxgl.all/com.almasb.fxgl.app.MainWindow$update$1.invoke(MainWindow.kt:115)
	at com.almasb.fxgl.all/com.almasb.fxgl.app.MainWindow$update$1.invoke(MainWindow.kt:115)
	at com.almasb.fxgl.core/com.almasb.fxgl.core.fsm.StateMachine.runOnActiveStates(StateMachine.kt:69)
	at com.almasb.fxgl.all/com.almasb.fxgl.app.MainWindow.update(MainWindow.kt:115)
	at com.almasb.fxgl.all/com.almasb.fxgl.app.FXGLApplication$GameApplicationService.onUpdate(FXGLApplication.kt:426)
	at com.almasb.fxgl.all/com.almasb.fxgl.app.Engine.loop(Engine.kt:133)
	at com.almasb.fxgl.all/com.almasb.fxgl.app.Engine.access$loop(Engine.kt:24)
	at com.almasb.fxgl.all/com.almasb.fxgl.app.Engine$loop$1.invoke(Engine.kt:28)
	at com.almasb.fxgl.all/com.almasb.fxgl.app.Engine$loop$1.invoke(Engine.kt:28)
	at com.almasb.fxgl.all/com.almasb.fxgl.app.LoopRunner.frame(LoopRunner.kt:103)
	at com.almasb.fxgl.all/com.almasb.fxgl.app.LoopRunner.access$frame(LoopRunner.kt:23)
	at com.almasb.fxgl.all/com.almasb.fxgl.app.LoopRunner$impl$2$1.onTick(LoopRunner.kt:57)
	at com.almasb.fxgl.all/com.almasb.fxgl.app.AnimationTimerLoop$timer$1.handle(LoopRunner.kt:137)
	at javafx.graphics/javafx.animation.AnimationTimer$AnimationTimerReceiver.lambda$handle$0(AnimationTimer.java:57)
	at java.base/java.security.AccessController.doPrivileged(AccessController.java:400)
	at javafx.graphics/javafx.animation.AnimationTimer$AnimationTimerReceiver.handle(AnimationTimer.java:56)
	at javafx.graphics/com.sun.scenario.animation.AbstractPrimaryTimer.timePulseImpl(AbstractPrimaryTimer.java:356)
	at javafx.graphics/com.sun.scenario.animation.AbstractPrimaryTimer$MainLoop.run(AbstractPrimaryTimer.java:266)
	at javafx.graphics/com.sun.javafx.tk.quantum.QuantumToolkit.pulse(QuantumToolkit.java:559)
	at javafx.graphics/com.sun.javafx.tk.quantum.QuantumToolkit.pulse(QuantumToolkit.java:543)
	at javafx.graphics/com.sun.javafx.tk.quantum.QuantumToolkit.pulseFromQueue(QuantumToolkit.java:536)
	at javafx.graphics/com.sun.javafx.tk.quantum.QuantumToolkit.lambda$runToolkit$11(QuantumToolkit.java:342)
	at javafx.graphics/com.sun.glass.ui.InvokeLaterDispatcher$Future.run(InvokeLaterDispatcher.java:96)
	at javafx.graphics/com.sun.glass.ui.win.WinApplication._runLoop(Native Method)
	at javafx.graphics/com.sun.glass.ui.win.WinApplication.lambda$runLoop$3(WinApplication.java:174)
	at java.base/java.lang.Thread.run(Thread.java:1583)

00:51:24.465 [JavaFX Application Thread] FATAL FXGLApplication      - Application will now exit
00:51:24.467 [JavaFX Application Thread] DEBUG PrimaryStageWindow   - Push state: ErrorSubScene
00:51:24.468 [JavaFX Application Thread] DEBUG Input                - Clearing active input actions
00:51:24.468 [JavaFX Application Thread] DEBUG GameApplicationServi - Removing overlay from PlayerCountMenu and adding to ErrorSubScene
00:51:24.469 [JavaFX Application Thread] DEBUG PrimaryStageWindow   - PlayerCountMenu -> ErrorSubScene
00:51:26.167 [JavaFX Application Thread] DEBUG FXGLApplication      - Exiting FXGL
00:51:26.167 [JavaFX Application Thread] DEBUG Async                - Shutting down background threads
00:51:26.167 [JavaFX Application Thread] DEBUG PrimaryStageWindow   - Closing main window
00:51:26.186 [JavaFX Application Thread] DEBUG Logger               - Closing Logger
