15:33:47.287 [main                     ] DEBUG Logger               - Configured Logger
15:33:47.309 [main                     ] DEBUG GameApplication      - Logging settings
Title: Flatline: Oregon
Version: Alpha 0.19021902
Width: 800
Height: 600
Fullscreen: false
Intro: false
Profiling: false
Single step:false
App Mode: DEVELOPER
Menu Key: ESCAPE
Stage Style: DECORATED
Scene Factory: class com.groupfour.mygame.App$1

15:33:47.614 [JavaFX Application Thread] DEBUG FXGLApplication      - Initializing FXGL
15:33:47.616 [JavaFX Application Thread] INFO  Engine               - FXGL-dev-SNAPSHOT (28.07.2021 16.39) on WINDOWS (J:11.0.22 FX:16)
15:33:47.617 [JavaFX Application Thread] DEBUG Engine               - JRE Vendor Name: Oracle Corporation
15:33:47.617 [JavaFX Application Thread] DEBUG Engine               - Running on OS: Windows 11 version 10.0
15:33:47.618 [JavaFX Application Thread] DEBUG Engine               - Architecture: amd64
15:33:47.618 [JavaFX Application Thread] INFO  Engine               - Source code and latest versions at: https://github.com/AlmasB/FXGL
15:33:47.618 [JavaFX Application Thread] INFO  Engine               -              Join the FXGL chat at: https://gitter.im/AlmasB/FXGL
15:33:47.687 [JavaFX Application Thread] DEBUG PrimaryStageWindow   - Creating a JavaFX scene
15:33:47.730 [JavaFX Application Thread] DEBUG PrimaryStageWindow   - Target settings size: 800.0 x 600.0
15:33:47.730 [JavaFX Application Thread] DEBUG PrimaryStageWindow   - Scaled scene size:    800.0 x 600.0
15:33:47.730 [JavaFX Application Thread] DEBUG PrimaryStageWindow   - Scaled ratio: (1.0, 1.0)
15:33:47.731 [JavaFX Application Thread] DEBUG PrimaryStageWindow   - Set initial scene to FXGLStartupScene
15:33:47.735 [JavaFX Application Thread] DEBUG PrimaryStageWindow   - Opening main window
15:33:47.800 [JavaFX Application Thread] DEBUG PrimaryStageWindow   - Window border size: (14.4000244140625, 37.5999755859375)
15:33:47.800 [JavaFX Application Thread] DEBUG PrimaryStageWindow   - Scaled size: 800.0 x 600.0
15:33:47.800 [JavaFX Application Thread] DEBUG PrimaryStageWindow   - Scaled ratio: (1.0, 1.0)
15:33:47.800 [JavaFX Application Thread] DEBUG PrimaryStageWindow   - Scene size: 800.0 x 600.0
15:33:47.800 [JavaFX Application Thread] DEBUG PrimaryStageWindow   - Stage size: 814.4000244140625 x 637.5999755859375
15:33:47.805 [FXGL Background Thread 1 ] DEBUG Engine               - Initializing environment variables
15:33:47.847 [FXGL Background Thread 1 ] DEBUG FXGLAssetLoaderServi - User app class for loading assets: class com.groupfour.mygame.App
15:33:47.847 [FXGL Background Thread 1 ] DEBUG GameApplicationServi - Applying CSS: fxgl_dark.css
15:33:47.852 [FXGL Background Thread 1 ] DEBUG FXGLAssetLoaderServi - Loading from file system: jar:file:///C:/Users/acer/.m2/repository/com/github/almasb/fxgl/dev-SNAPSHOT/fxgl-dev-SNAPSHOT.jar!/fxglassets/ui/css/fxgl_dark.css
15:33:47.892 [FXGL Background Thread 1 ] DEBUG GameApplicationServi - Initializing application scenes
15:33:47.922 [FXGL Background Thread 1 ] DEBUG GameWorld            - Game world initialized
15:33:47.962 [FXGL Background Thread 1 ] DEBUG PhysicsWorld         - Physics world initialized: appHeight=600, physics.ppm=50.0
15:33:47.962 [FXGL Background Thread 1 ] DEBUG PhysicsWorld         - Using strategy: BRUTE_FORCE
15:33:47.965 [FXGL Background Thread 1 ] DEBUG GameScene            - Game scene initialized: 800x600
15:33:47.975 [FXGL Background Thread 1 ] DEBUG FXGL.DefaultMenu     - createMenuBodyMainMenu()
15:33:47.986 [FXGL Background Thread 1 ] DEBUG FXGL.DefaultMenu     - createOptionsMenu()
15:33:47.993 [FXGL Background Thread 1 ] DEBUG FXGLAssetLoaderServi - Loading from file system: jar:file:///C:/Users/acer/.m2/repository/com/github/almasb/fxgl/dev-SNAPSHOT/fxgl-dev-SNAPSHOT.jar!/fxglassets/textures/particles/smoke.png
15:33:48.066 [FXGL Background Thread 1 ] DEBUG FXGLAssetLoaderServi - Loading from file system: jar:file:///C:/Users/acer/.m2/repository/com/github/almasb/fxgl/dev-SNAPSHOT/fxgl-dev-SNAPSHOT.jar!/fxglassets/textures/particles/trace_horizontal.png
15:33:48.091 [FXGL Background Thread 1 ] DEBUG GameApplicationServi - Application scenes initialized
15:33:48.102 [FXGL Background Thread 1 ] DEBUG SystemBundleService  - Loading FXGL system data
15:33:48.107 [FXGL Background Thread 1 ] DEBUG FileSystemAccess     - Reading from: C:\Users\acer\OneDrive\Desktop\git pull\CSS124L-FINAL-PROJECT\system\fxgl.bundle
15:33:48.111 [FXGL Background Thread 1 ] DEBUG SystemBundleService  - Bundle FXGL: {}
15:33:48.112 [FXGL Background Thread 1 ] DEBUG UpdaterService       - Checking for updates
15:33:48.134 [FXGL Background Thread 4 ] DEBUG FXGLApplication      - Loading fonts
15:33:48.134 [FXGL Background Thread 1 ] DEBUG FXGLApplication      - Loading default localization
15:33:48.134 [FXGL Background Thread 4 ] DEBUG FXGLAssetLoaderServi - Loading from file system: jar:file:///C:/Users/acer/.m2/repository/com/github/almasb/fxgl/dev-SNAPSHOT/fxgl-dev-SNAPSHOT.jar!/fxglassets/ui/fonts/VarelaRound-Regular.ttf
15:33:48.135 [FXGL Background Thread 1 ] DEBUG FXGLAssetLoaderServi - Loading from file system: jar:file:///C:/Users/acer/.m2/repository/com/github/almasb/fxgl/dev-SNAPSHOT/fxgl-dev-SNAPSHOT.jar!/fxglassets/languages/english.lang
15:33:48.150 [FXGL Background Thread 1 ] INFO  FXGLApplication      - FXGL initialization took: 0.344 sec
15:33:48.162 [JavaFX Application Thread] DEBUG Input                - Registered new binding: Move Upwards - W
15:33:48.164 [JavaFX Application Thread] DEBUG Input                - Registered new binding: Move Down - S
15:33:48.164 [JavaFX Application Thread] DEBUG Input                - Registered new binding: Move Left - A
15:33:48.164 [JavaFX Application Thread] DEBUG Input                - Registered new binding: Move Right - D
15:33:48.164 [JavaFX Application Thread] DEBUG Input                - Registered new binding: Reload - R
15:33:48.165 [JavaFX Application Thread] DEBUG Input                - Registered new binding: Shoot - LMB
15:33:48.166 [JavaFX Application Thread] DEBUG Input                - Registered new binding: Switch Weapons - Q
15:33:48.166 [JavaFX Application Thread] DEBUG Input                - Registered new binding: Interact - F
15:33:48.167 [JavaFX Application Thread] DEBUG FXGLAssetLoaderServi - Loading from file system: jar:file:///C:/Users/acer/.m2/repository/com/github/almasb/fxgl/dev-SNAPSHOT/fxgl-dev-SNAPSHOT.jar!/fxglassets/textures/fxgl_icon.png
15:33:48.184 [JavaFX Application Thread] DEBUG FXGLAssetLoaderServi - Loading from file system: jar:file:///C:/Users/acer/.m2/repository/com/github/almasb/fxgl/dev-SNAPSHOT/fxgl-dev-SNAPSHOT.jar!/fxglassets/textures/fxgl_default_cursor.png
15:33:48.186 [JavaFX Application Thread] DEBUG Input                - Registered new binding: Screenshot - CTRL+8
15:33:48.187 [JavaFX Application Thread] DEBUG Input                - Registered new binding: Dev Options - 1
15:33:48.187 [JavaFX Application Thread] DEBUG Input                - Registered new binding: Dev Console - 2
15:33:48.187 [JavaFX Application Thread] DEBUG Input                - Registered new binding: System info dump - CTRL+9
15:33:48.188 [JavaFX Application Thread] DEBUG Input                - Registered new binding: Restart - CTRL+R
15:33:48.189 [JavaFX Application Thread] DEBUG Input                - Registered new binding: Toggle Debug Camera - CTRL+C
15:33:48.191 [JavaFX Application Thread] DEBUG LoopRunner           - Starting loop
15:33:48.203 [JavaFX Application Thread] DEBUG LoopRunner           - Initializing JavaFX AnimationTimerLoop
15:33:48.205 [JavaFX Application Thread] DEBUG Input                - Clearing active input actions
15:33:48.211 [JavaFX Application Thread] DEBUG GameApplicationServi - Removing overlay from FXGLStartupScene and adding to FXGLMainMenuDummyScene
15:33:48.216 [JavaFX Application Thread] DEBUG PrimaryStageWindow   - FXGLStartupScene -> FXGLMainMenuDummyScene
15:33:48.216 [JavaFX Application Thread] DEBUG PrimaryStageWindow   - Push state: FXGLDefaultMenu
15:33:48.218 [JavaFX Application Thread] DEBUG Input                - Clearing active input actions
15:33:48.224 [JavaFX Application Thread] DEBUG GameApplicationServi - Removing overlay from FXGLMainMenuDummyScene and adding to FXGLDefaultMenu
15:33:48.224 [JavaFX Application Thread] DEBUG PrimaryStageWindow   - FXGLMainMenuDummyScene -> FXGLDefaultMenu
15:33:48.566 [FXGL Background Thread 4 ] DEBUG FXGLAssetLoaderServi - Loading from file system: jar:file:///C:/Users/acer/.m2/repository/com/github/almasb/fxgl/dev-SNAPSHOT/fxgl-dev-SNAPSHOT.jar!/fxglassets/ui/fonts/Abel-Regular.ttf
15:33:48.572 [FXGL Background Thread 4 ] DEBUG FXGLAssetLoaderServi - Loading from file system: jar:file:///C:/Users/acer/.m2/repository/com/github/almasb/fxgl/dev-SNAPSHOT/fxgl-dev-SNAPSHOT.jar!/fxglassets/ui/fonts/lucida_console.ttf
15:33:48.578 [FXGL Background Thread 4 ] DEBUG FXGLAssetLoaderServi - Loading from file system: jar:file:///C:/Users/acer/.m2/repository/com/github/almasb/fxgl/dev-SNAPSHOT/fxgl-dev-SNAPSHOT.jar!/fxglassets/ui/fonts/Courier-Prime.ttf
15:33:48.586 [JavaFX Application Thread] DEBUG FXGLApplication      - Registering font factories with UI factory
15:33:48.907 [FXGL Background Thread 2 ] INFO  UpdaterService       - Your current version:  dev-SNAPSHOT
15:33:48.908 [FXGL Background Thread 2 ] INFO  UpdaterService       - Latest stable version: 21.1
15:33:50.534 [JavaFX Application Thread] DEBUG Menu                 - fireNewGame()
15:33:50.534 [JavaFX Application Thread] DEBUG GameApplicationServi - Starting new game
15:33:50.535 [JavaFX Application Thread] DEBUG PrimaryStageWindow   - Pop state: FXGLDefaultMenu
15:33:50.535 [JavaFX Application Thread] DEBUG Input                - Clearing active input actions
15:33:50.537 [JavaFX Application Thread] DEBUG GameApplicationServi - Removing overlay from FXGLDefaultMenu and adding to FXGLMainMenuDummyScene
15:33:50.537 [JavaFX Application Thread] DEBUG PrimaryStageWindow   - FXGLMainMenuDummyScene <- FXGLDefaultMenu
15:33:50.537 [JavaFX Application Thread] DEBUG Input                - Clearing active input actions
15:33:50.543 [JavaFX Application Thread] DEBUG GameApplicationServi - Removing overlay from FXGLMainMenuDummyScene and adding to FXGLLoadingScene
15:33:50.544 [JavaFX Application Thread] DEBUG PrimaryStageWindow   - FXGLMainMenuDummyScene -> FXGLLoadingScene
15:33:50.544 [JavaFX Application Thread] DEBUG GameApplicationServi - Clearing previous game
15:33:50.544 [JavaFX Application Thread] DEBUG GameScene            - Clearing game scene
15:33:50.544 [JavaFX Application Thread] DEBUG GameWorld            - Clearing game world
15:33:50.544 [JavaFX Application Thread] DEBUG PhysicsWorld         - Clearing physics world
15:33:50.545 [FXGL Background Thread 2 ] DEBUG FXGLApplication      - Initializing game
15:33:50.589 [FXGL Background Thread 2 ] WARN  TMXLevelLoader       - TiledMap generated from 1.11.0. Supported version: 1.2.3. Some features may not be parsed fully.
15:33:50.599 [FXGL Background Thread 2 ] DEBUG TMXLevelLoader       - Parsed TiledMap: file:/C:/Users/acer/OneDrive/Desktop/git%20pull/CSS124L-FINAL-PROJECT/fp/target/classes/assets/levels/Lobby.tmx
15:33:50.600 [FXGL Background Thread 2 ] DEBUG TMXLevelLoader       - Creating tile layer entities
15:33:50.601 [FXGL Background Thread 2 ] DEBUG TilesetLoader        - Loading view for layer Tile Layer 1
15:33:50.604 [FXGL Background Thread 2 ] DEBUG TilesetLoader        - Created buffer with size 1280.0x768.0
15:33:50.614 [FXGL Background Thread 2 ] DEBUG TMXLevelLoader       - Creating object layer entities
15:33:50.635 [FXGL Background Thread 2 ] DEBUG GameWorld            - Clearing removable entities
15:33:50.636 [FXGL Background Thread 2 ] DEBUG GameWorld            - Setting level: com.almasb.fxgl.entity.level.Level@311c64fd
15:33:50.644 [FXGL Background Thread 2 ] DEBUG FXGLAssetLoaderServi - Loading from file system: file:/C:/Users/acer/OneDrive/Desktop/git%20pull/CSS124L-FINAL-PROJECT/fp/target/classes/assets/ui/fonts/PIXELADE.TTF
15:33:50.677 [FXGL Background Thread 2 ] INFO  FXGLApplication      - Game initialization took: 0.131 sec
15:33:50.683 [JavaFX Application Thread] DEBUG Input                - Clearing active input actions
15:33:50.690 [JavaFX Application Thread] DEBUG GameApplicationServi - Removing overlay from FXGLLoadingScene and adding to GameScene
15:33:50.692 [JavaFX Application Thread] DEBUG PrimaryStageWindow   - FXGLLoadingScene -> GameScene
15:33:50.722 [JavaFX Application Thread] DEBUG FXGLAssetLoaderServi - Loading from file system: file:/C:/Users/acer/OneDrive/Desktop/git%20pull/CSS124L-FINAL-PROJECT/fp/target/classes/assets/textures/Interactables/microwave_close.png
15:33:50.724 [JavaFX Application Thread] DEBUG PrimaryStageWindow   - Push state: PCM_BG
15:33:50.724 [JavaFX Application Thread] DEBUG Input                - Clearing active input actions
15:33:50.724 [JavaFX Application Thread] DEBUG GameApplicationServi - Removing overlay from GameScene and adding to PCM_BG
15:33:50.724 [JavaFX Application Thread] DEBUG PrimaryStageWindow   - GameScene -> PCM_BG
15:33:50.725 [JavaFX Application Thread] DEBUG PrimaryStageWindow   - Push state: PlayerCountMenu
15:33:50.725 [JavaFX Application Thread] DEBUG Input                - Clearing active input actions
15:33:50.725 [JavaFX Application Thread] DEBUG GameApplicationServi - Removing overlay from PCM_BG and adding to PlayerCountMenu
15:33:50.725 [JavaFX Application Thread] DEBUG PrimaryStageWindow   - PCM_BG -> PlayerCountMenu
15:33:51.133 [FXGL Background Thread 3 ] DEBUG Engine               - Logging environment variables
15:33:51.133 [FXGL Background Thread 3 ] DEBUG Engine               - achievements: []
15:33:51.133 [FXGL Background Thread 3 ] DEBUG Engine               - actualHeight: 600.0
15:33:51.133 [FXGL Background Thread 3 ] DEBUG Engine               - actualHeightProperty: ReadOnlyDoubleProperty [value: 600.0]
15:33:51.133 [FXGL Background Thread 3 ] DEBUG Engine               - actualWidth: 800.0
15:33:51.133 [FXGL Background Thread 3 ] DEBUG Engine               - actualWidthProperty: ReadOnlyDoubleProperty [value: 800.0]
15:33:51.134 [FXGL Background Thread 3 ] DEBUG Engine               - appIcon: fxgl_icon.png
15:33:51.134 [FXGL Background Thread 3 ] DEBUG Engine               - applicationMode: DEVELOPER
15:33:51.134 [FXGL Background Thread 3 ] DEBUG Engine               - cSSList: [fxgl_dark.css]
15:33:51.134 [FXGL Background Thread 3 ] DEBUG Engine               - collisionDetectionStrategy: BRUTE_FORCE
15:33:51.134 [FXGL Background Thread 3 ] DEBUG Engine               - configClass: Optional.empty
15:33:51.134 [FXGL Background Thread 3 ] DEBUG Engine               - credits: []
15:33:51.135 [FXGL Background Thread 3 ] DEBUG Engine               - defaultCursor: CursorInfo(imageName=fxgl_default_cursor.png, hotspotX=7.0, hotspotY=6.0)
15:33:51.135 [FXGL Background Thread 3 ] DEBUG Engine               - devBBoxColorProperty: ObjectProperty [value: 0xff0000ff]
15:33:51.135 [FXGL Background Thread 3 ] DEBUG Engine               - devEnableDebugCameraProperty: BooleanProperty [value: false]
15:33:51.135 [FXGL Background Thread 3 ] DEBUG Engine               - devSensorColorProperty: ObjectProperty [value: 0xffff00ff]
15:33:51.135 [FXGL Background Thread 3 ] DEBUG Engine               - devShowBBoxProperty: BooleanProperty [value: false]
15:33:51.135 [FXGL Background Thread 3 ] DEBUG Engine               - devShowPositionProperty: BooleanProperty [value: false]
15:33:51.135 [FXGL Background Thread 3 ] DEBUG Engine               - enabledMenuItems: []
15:33:51.135 [FXGL Background Thread 3 ] DEBUG Engine               - engineServices: [class com.almasb.fxgl.app.services.FXGLAssetLoaderService, class com.almasb.fxgl.app.FXGLApplication$GameApplicationService, class com.almasb.fxgl.app.services.FXGLDialogService, class com.almasb.fxgl.app.services.IOTaskExecutorService, class com.almasb.fxgl.io.FileSystemService, class com.almasb.fxgl.localization.LocalizationService, class com.almasb.fxgl.app.services.SystemBundleService, class com.almasb.fxgl.profile.SaveLoadService, class com.almasb.fxgl.ui.FXGLUIFactoryServiceProvider, class com.almasb.fxgl.ui.FXGLDialogFactoryServiceProvider, class com.almasb.fxgl.audio.AudioPlayer, class com.almasb.fxgl.notification.impl.NotificationServiceProvider, class com.almasb.fxgl.achievement.AchievementService, class com.almasb.fxgl.cutscene.CutsceneService, class com.almasb.fxgl.minigames.MiniGameService, class com.almasb.fxgl.net.NetService, class com.almasb.fxgl.app.services.UpdaterService, class com.almasb.fxgl.dev.DevService, class com.almasb.fxgl.multiplayer.MultiplayerService]
15:33:51.135 [FXGL Background Thread 3 ] DEBUG Engine               - fontGame: Abel-Regular.ttf
15:33:51.135 [FXGL Background Thread 3 ] DEBUG Engine               - fontMono: lucida_console.ttf
15:33:51.135 [FXGL Background Thread 3 ] DEBUG Engine               - fontText: Courier-Prime.ttf
15:33:51.135 [FXGL Background Thread 3 ] DEBUG Engine               - fontUI: VarelaRound-Regular.ttf
15:33:51.135 [FXGL Background Thread 3 ] DEBUG Engine               - fullScreen: BooleanProperty [value: false]
15:33:51.135 [FXGL Background Thread 3 ] DEBUG Engine               - gameDifficulty: MEDIUM
15:33:51.135 [FXGL Background Thread 3 ] DEBUG Engine               - gameDifficultyProperty: ObjectProperty [value: MEDIUM]
15:33:51.136 [FXGL Background Thread 3 ] DEBUG Engine               - globalMusicVolume: 0.5
15:33:51.136 [FXGL Background Thread 3 ] DEBUG Engine               - globalMusicVolumeProperty: DoubleProperty [value: 0.5]
15:33:51.136 [FXGL Background Thread 3 ] DEBUG Engine               - globalSoundVolume: 0.5
15:33:51.136 [FXGL Background Thread 3 ] DEBUG Engine               - globalSoundVolumeProperty: DoubleProperty [value: 0.5]
15:33:51.136 [FXGL Background Thread 3 ] DEBUG Engine               - height: 600
15:33:51.136 [FXGL Background Thread 3 ] DEBUG Engine               - is3D: false
15:33:51.136 [FXGL Background Thread 3 ] DEBUG Engine               - isAndroid: false
15:33:51.136 [FXGL Background Thread 3 ] DEBUG Engine               - isBrowser: false
15:33:51.136 [FXGL Background Thread 3 ] DEBUG Engine               - isClickFeedbackEnabled: false
15:33:51.136 [FXGL Background Thread 3 ] DEBUG Engine               - isCloseConfirmation: false
15:33:51.136 [FXGL Background Thread 3 ] DEBUG Engine               - isDesktop: true
15:33:51.136 [FXGL Background Thread 3 ] DEBUG Engine               - isDeveloperMenuEnabled: true
15:33:51.136 [FXGL Background Thread 3 ] DEBUG Engine               - isEmbedded: false
15:33:51.136 [FXGL Background Thread 3 ] DEBUG Engine               - isEntityPreloadEnabled: true
15:33:51.136 [FXGL Background Thread 3 ] DEBUG Engine               - isExperimentalTiledLargeMap: false
15:33:51.136 [FXGL Background Thread 3 ] DEBUG Engine               - isFileSystemWriteAllowed: true
15:33:51.137 [FXGL Background Thread 3 ] DEBUG Engine               - isFullScreenAllowed: false
15:33:51.137 [FXGL Background Thread 3 ] DEBUG Engine               - isFullScreenFromStart: false
15:33:51.137 [FXGL Background Thread 3 ] DEBUG Engine               - isGameMenuEnabled: true
15:33:51.137 [FXGL Background Thread 3 ] DEBUG Engine               - isIOS: false
15:33:51.137 [FXGL Background Thread 3 ] DEBUG Engine               - isIntroEnabled: false
15:33:51.137 [FXGL Background Thread 3 ] DEBUG Engine               - isLinux: false
15:33:51.137 [FXGL Background Thread 3 ] DEBUG Engine               - isMac: false
15:33:51.137 [FXGL Background Thread 3 ] DEBUG Engine               - isMainMenuEnabled: true
15:33:51.137 [FXGL Background Thread 3 ] DEBUG Engine               - isManualResizeEnabled: false
15:33:51.137 [FXGL Background Thread 3 ] DEBUG Engine               - isMobile: false
15:33:51.137 [FXGL Background Thread 3 ] DEBUG Engine               - isNative: false
15:33:51.137 [FXGL Background Thread 3 ] DEBUG Engine               - isPauseMusicWhenMinimized: true
15:33:51.137 [FXGL Background Thread 3 ] DEBUG Engine               - isPreserveResizeRatio: false
15:33:51.137 [FXGL Background Thread 3 ] DEBUG Engine               - isProfilingEnabled: false
15:33:51.137 [FXGL Background Thread 3 ] DEBUG Engine               - isScaleAffectedOnResize: true
15:33:51.137 [FXGL Background Thread 3 ] DEBUG Engine               - isSingleStep: false
15:33:51.137 [FXGL Background Thread 3 ] DEBUG Engine               - isUserProfileEnabled: false
15:33:51.137 [FXGL Background Thread 3 ] DEBUG Engine               - isWindows: true
15:33:51.137 [FXGL Background Thread 3 ] DEBUG Engine               - language: ObjectProperty [value: ENGLISH]
15:33:51.137 [FXGL Background Thread 3 ] DEBUG Engine               - menuKey: ESCAPE
15:33:51.137 [FXGL Background Thread 3 ] DEBUG Engine               - mouseSensitivity: 0.2
15:33:51.137 [FXGL Background Thread 3 ] DEBUG Engine               - notificationViewClass: class com.almasb.fxgl.notification.view.XboxNotificationView
15:33:51.138 [FXGL Background Thread 3 ] DEBUG Engine               - pixelsPerMeter: 50.0
15:33:51.138 [FXGL Background Thread 3 ] DEBUG Engine               - platform: WINDOWS
15:33:51.138 [FXGL Background Thread 3 ] DEBUG Engine               - prefHeightProperty: ReadOnlyDoubleProperty [value: 600.0]
15:33:51.138 [FXGL Background Thread 3 ] DEBUG Engine               - prefWidthProperty: ReadOnlyDoubleProperty [value: 800.0]
15:33:51.138 [FXGL Background Thread 3 ] DEBUG Engine               - profileDir: profiles/
15:33:51.138 [FXGL Background Thread 3 ] DEBUG Engine               - profileName: StringProperty [value: DEFAULT]
15:33:51.138 [FXGL Background Thread 3 ] DEBUG Engine               - randomSeed: -1
15:33:51.138 [FXGL Background Thread 3 ] DEBUG Engine               - runtimeInfo: RuntimeInfo(platform=WINDOWS, version=dev-SNAPSHOT, build=28.07.2021 16.39)
15:33:51.138 [FXGL Background Thread 3 ] DEBUG Engine               - saveFileExt: sav
15:33:51.138 [FXGL Background Thread 3 ] DEBUG Engine               - scaledHeightProp$fxgl: DoubleProperty [bound, value: 600.0]
15:33:51.138 [FXGL Background Thread 3 ] DEBUG Engine               - scaledWidthProp$fxgl: DoubleProperty [bound, value: 800.0]
15:33:51.139 [FXGL Background Thread 3 ] DEBUG Engine               - sceneFactory: com.groupfour.mygame.App$1@520a22cd
15:33:51.139 [FXGL Background Thread 3 ] DEBUG Engine               - secondsIn24h: 60
15:33:51.139 [FXGL Background Thread 3 ] DEBUG Engine               - soundMenuBack: menu/back.wav
15:33:51.139 [FXGL Background Thread 3 ] DEBUG Engine               - soundMenuPress: menu/press.wav
15:33:51.139 [FXGL Background Thread 3 ] DEBUG Engine               - soundMenuSelect: menu/select.wav
15:33:51.139 [FXGL Background Thread 3 ] DEBUG Engine               - soundNotification: core/notification.wav
15:33:51.139 [FXGL Background Thread 3 ] DEBUG Engine               - stageStyle: DECORATED
15:33:51.139 [FXGL Background Thread 3 ] DEBUG Engine               - supportedLanguages: [ENGLISH, FRENCH, GERMAN, HUNGARIAN, RUSSIAN]
15:33:51.139 [FXGL Background Thread 3 ] DEBUG Engine               - ticksPerSecond: -1
15:33:51.139 [FXGL Background Thread 3 ] DEBUG Engine               - title: Flatline: Oregon
15:33:51.139 [FXGL Background Thread 3 ] DEBUG Engine               - urlGithub: https://github.com/AlmasB/FXGL
15:33:51.139 [FXGL Background Thread 3 ] DEBUG Engine               - urlLeaderboard: http://fxgl-top.herokuapp.com/
15:33:51.139 [FXGL Background Thread 3 ] DEBUG Engine               - urlPOM: https://raw.githubusercontent.com/AlmasB/FXGL/release/README.md
15:33:51.139 [FXGL Background Thread 3 ] DEBUG Engine               - userAppClass: class com.groupfour.mygame.App
15:33:51.139 [FXGL Background Thread 3 ] DEBUG Engine               - version: Alpha 0.19021902
15:33:51.139 [FXGL Background Thread 3 ] DEBUG Engine               - versionCheckDays: 7
15:33:51.139 [FXGL Background Thread 3 ] DEBUG Engine               - width: 800
15:33:51.139 [FXGL Background Thread 3 ] DEBUG Engine               - Logging services
15:33:51.139 [FXGL Background Thread 3 ] DEBUG Engine               - class com.almasb.fxgl.app.services.FXGLAssetLoaderService
15:33:51.139 [FXGL Background Thread 3 ] DEBUG Engine               - class com.almasb.fxgl.app.FXGLApplication$GameApplicationService
15:33:51.139 [FXGL Background Thread 3 ] DEBUG Engine               - class com.almasb.fxgl.app.services.FXGLDialogService
15:33:51.139 [FXGL Background Thread 3 ] DEBUG Engine               - class com.almasb.fxgl.app.services.IOTaskExecutorService
15:33:51.139 [FXGL Background Thread 3 ] DEBUG Engine               - class com.almasb.fxgl.io.FileSystemService
15:33:51.139 [FXGL Background Thread 3 ] DEBUG Engine               - class com.almasb.fxgl.localization.LocalizationService
15:33:51.140 [FXGL Background Thread 3 ] DEBUG Engine               - class com.almasb.fxgl.app.services.SystemBundleService
15:33:51.140 [FXGL Background Thread 3 ] DEBUG Engine               - class com.almasb.fxgl.profile.SaveLoadService
15:33:51.140 [FXGL Background Thread 3 ] DEBUG Engine               - class com.almasb.fxgl.ui.FXGLUIFactoryServiceProvider
15:33:51.140 [FXGL Background Thread 3 ] DEBUG Engine               - class com.almasb.fxgl.ui.FXGLDialogFactoryServiceProvider
15:33:51.140 [FXGL Background Thread 3 ] DEBUG Engine               - class com.almasb.fxgl.audio.AudioPlayer
15:33:51.140 [FXGL Background Thread 3 ] DEBUG Engine               - class com.almasb.fxgl.notification.impl.NotificationServiceProvider
15:33:51.140 [FXGL Background Thread 3 ] DEBUG Engine               - class com.almasb.fxgl.achievement.AchievementService
15:33:51.140 [FXGL Background Thread 3 ] DEBUG Engine               - class com.almasb.fxgl.cutscene.CutsceneService
15:33:51.140 [FXGL Background Thread 3 ] DEBUG Engine               - class com.almasb.fxgl.minigames.MiniGameService
15:33:51.140 [FXGL Background Thread 3 ] DEBUG Engine               - class com.almasb.fxgl.net.NetService
15:33:51.140 [FXGL Background Thread 3 ] DEBUG Engine               - class com.almasb.fxgl.app.services.UpdaterService
15:33:51.140 [FXGL Background Thread 3 ] DEBUG Engine               - class com.almasb.fxgl.dev.DevService
15:33:51.140 [FXGL Background Thread 3 ] DEBUG Engine               - class com.almasb.fxgl.multiplayer.MultiplayerService
15:33:51.166 [JavaFX Application Thread] DEBUG PrimaryStageWindow   - Push state: DialogSubScene
15:33:51.166 [JavaFX Application Thread] DEBUG Input                - Clearing active input actions
15:33:51.166 [JavaFX Application Thread] DEBUG GameApplicationServi - Removing overlay from PlayerCountMenu and adding to DialogSubScene
15:33:51.167 [JavaFX Application Thread] DEBUG PrimaryStageWindow   - PlayerCountMenu -> DialogSubScene
15:33:51.725 [JavaFX Application Thread] DEBUG PrimaryStageWindow   - Pop state: DialogSubScene
15:33:51.725 [JavaFX Application Thread] DEBUG Input                - Clearing active input actions
15:33:51.725 [JavaFX Application Thread] DEBUG GameApplicationServi - Removing overlay from DialogSubScene and adding to PlayerCountMenu
15:33:51.726 [JavaFX Application Thread] DEBUG PrimaryStageWindow   - PlayerCountMenu <- DialogSubScene
15:33:51.734 [JavaFX Application Thread] DEBUG FXGLAssetLoaderServi - Loading from file system: file:/C:/Users/acer/OneDrive/Desktop/git%20pull/CSS124L-FINAL-PROJECT/fp/target/classes/assets/textures/Weapons/Idle/BerettaM9_Idle.png
15:33:51.735 [JavaFX Application Thread] DEBUG FXGLAssetLoaderServi - Loading from file system: file:/C:/Users/acer/OneDrive/Desktop/git%20pull/CSS124L-FINAL-PROJECT/fp/target/classes/assets/textures/Weapons/Shooting/BerettaM9_Shooting.png
15:33:51.738 [JavaFX Application Thread] DEBUG FXGLAssetLoaderServi - Loading from file system: file:/C:/Users/acer/OneDrive/Desktop/git%20pull/CSS124L-FINAL-PROJECT/fp/target/classes/assets/textures/Players/1P_Shoot.png
15:33:51.740 [JavaFX Application Thread] DEBUG FXGLAssetLoaderServi - Loading from file system: file:/C:/Users/acer/OneDrive/Desktop/git%20pull/CSS124L-FINAL-PROJECT/fp/target/classes/assets/textures/Interactables/vending_machine.png
15:33:51.754 [ClientAsyncConnThread    ] DEBUG TCPClient            - Connecting to localhost:55555 type: class com.almasb.fxgl.core.serialization.Bundle
15:33:51.761 [ClientAsyncConnThread    ] DEBUG TCPClient            - Created socket to localhost:55555
15:33:51.768 [ClientAsyncConnThread    ] DEBUG Endpoint             - TCPClient opening new connection (1) from localhost/127.0.0.1:55555 type: class com.almasb.fxgl.core.serialization.Bundle
15:33:51.771 [ClientAsyncConnThread    ] DEBUG Endpoint             - TCPClient successfully opened connection (1)
15:33:51.777 [TCPClient_SendThread-1   ] DEBUG Writers              - Getting TCPMessageWriter for class com.almasb.fxgl.core.serialization.Bundle
15:33:51.777 [TCPClient_RecvThread-1   ] DEBUG Readers              - Getting TCPMessageReader for class com.almasb.fxgl.core.serialization.Bundle
15:33:51.779 [TCPClient_RecvThread-1   ] DEBUG Readers              - Constructed MessageReader for class com.almasb.fxgl.core.serialization.Bundle: BundleTCPMessageReader
15:33:51.779 [JavaFX Application Thread] DEBUG PrimaryStageWindow   - Pop state: PlayerCountMenu
15:33:51.779 [JavaFX Application Thread] DEBUG Input                - Clearing active input actions
15:33:51.779 [TCPClient_SendThread-1   ] DEBUG Writers              - Constructed TCPMessageWriter for class com.almasb.fxgl.core.serialization.Bundle: BundleTCPMessageWriter
15:33:51.779 [JavaFX Application Thread] DEBUG GameApplicationServi - Removing overlay from PlayerCountMenu and adding to PCM_BG
15:33:51.780 [JavaFX Application Thread] DEBUG PrimaryStageWindow   - PCM_BG <- PlayerCountMenu
15:33:51.780 [JavaFX Application Thread] DEBUG PrimaryStageWindow   - Pop state: PCM_BG
15:33:51.780 [JavaFX Application Thread] DEBUG Input                - Clearing active input actions
15:33:51.780 [JavaFX Application Thread] DEBUG GameApplicationServi - Removing overlay from PCM_BG and adding to GameScene
15:33:51.781 [JavaFX Application Thread] DEBUG PrimaryStageWindow   - GameScene <- PCM_BG
15:34:09.042 [JavaFX Application Thread] DEBUG FXGLApplication      - Exiting FXGL
15:34:09.042 [JavaFX Application Thread] DEBUG LoopRunner           - Stopping loop
15:34:09.042 [JavaFX Application Thread] DEBUG SystemBundleService  - Saving FXGL system data
15:34:09.043 [TCPClient_RecvThread-1   ] DEBUG Endpoint             - Connection 1 was unexpectedly disconnected: Connection reset
15:34:09.043 [TCPClient_RecvThread-1   ] DEBUG Connection           - Closing connection 1
15:34:09.043 [JavaFX Application Thread] DEBUG FileSystemAccess     - Writing to: C:\Users\acer\OneDrive\Desktop\git pull\CSS124L-FINAL-PROJECT\system\fxgl.bundle
15:34:09.044 [TCPClient_RecvThread-1   ] DEBUG Connection           - Connection 1 was correctly closed from local endpoint.
15:34:09.044 [JavaFX Application Thread] DEBUG Async                - Shutting down background threads
15:34:09.044 [TCPClient_RecvThread-1   ] DEBUG Endpoint             - TCPClient connection (1) was closed
15:34:09.044 [JavaFX Application Thread] DEBUG PrimaryStageWindow   - Closing main window
15:34:09.056 [JavaFX Application Thread] DEBUG Logger               - Closing Logger
