11:09:18.143 [main                     ] DEBUG Logger               - Configured Logger
11:09:18.161 [main                     ] DEBUG GameApplication      - Logging settings
Title: Flatline: Oregon
Version: Alpha 0.3
Width: 800
Height: 600
Fullscreen: false
Intro: false
Profiling: false
Single step:false
App Mode: DEVELOPER
Menu Key: ESCAPE
Stage Style: DECORATED
Scene Factory: class com.groupfour.mygame.App$1

11:09:18.416 [JavaFX Application Thread] DEBUG FXGLApplication      - Initializing FXGL
11:09:18.418 [JavaFX Application Thread] INFO  Engine               - FXGL-dev-SNAPSHOT (28.07.2021 16.39) on WINDOWS (J:11.0.22 FX:16)
11:09:18.418 [JavaFX Application Thread] DEBUG Engine               - JRE Vendor Name: Oracle Corporation
11:09:18.419 [JavaFX Application Thread] DEBUG Engine               - Running on OS: Windows 11 version 10.0
11:09:18.419 [JavaFX Application Thread] DEBUG Engine               - Architecture: amd64
11:09:18.419 [JavaFX Application Thread] INFO  Engine               - Source code and latest versions at: https://github.com/AlmasB/FXGL
11:09:18.419 [JavaFX Application Thread] INFO  Engine               -              Join the FXGL chat at: https://gitter.im/AlmasB/FXGL
11:09:18.471 [JavaFX Application Thread] DEBUG PrimaryStageWindow   - Creating a JavaFX scene
11:09:18.509 [JavaFX Application Thread] DEBUG PrimaryStageWindow   - Target settings size: 800.0 x 600.0
11:09:18.509 [JavaFX Application Thread] DEBUG PrimaryStageWindow   - Scaled scene size:    800.0 x 600.0
11:09:18.509 [JavaFX Application Thread] DEBUG PrimaryStageWindow   - Scaled ratio: (1.0, 1.0)
11:09:18.510 [JavaFX Application Thread] DEBUG PrimaryStageWindow   - Set initial scene to FXGLStartupScene
11:09:18.513 [JavaFX Application Thread] DEBUG PrimaryStageWindow   - Opening main window
11:09:18.575 [JavaFX Application Thread] DEBUG PrimaryStageWindow   - Window border size: (14.4000244140625, 37.5999755859375)
11:09:18.575 [JavaFX Application Thread] DEBUG PrimaryStageWindow   - Scaled size: 800.0 x 600.0
11:09:18.575 [JavaFX Application Thread] DEBUG PrimaryStageWindow   - Scaled ratio: (1.0, 1.0)
11:09:18.575 [JavaFX Application Thread] DEBUG PrimaryStageWindow   - Scene size: 800.0 x 600.0
11:09:18.575 [JavaFX Application Thread] DEBUG PrimaryStageWindow   - Stage size: 814.4000244140625 x 637.5999755859375
11:09:18.579 [FXGL Background Thread 1 ] DEBUG Engine               - Initializing environment variables
11:09:18.608 [FXGL Background Thread 1 ] DEBUG FXGLAssetLoaderServi - User app class for loading assets: class com.groupfour.mygame.App
11:09:18.608 [FXGL Background Thread 1 ] DEBUG GameApplicationServi - Applying CSS: fxgl_dark.css
11:09:18.608 [FXGL Background Thread 1 ] DEBUG FXGLAssetLoaderServi - Loading from file system: jar:file:///C:/Users/acer/.m2/repository/com/github/almasb/fxgl/dev-SNAPSHOT/fxgl-dev-SNAPSHOT.jar!/fxglassets/ui/css/fxgl_dark.css
11:09:18.644 [FXGL Background Thread 1 ] DEBUG GameApplicationServi - Initializing application scenes
11:09:18.668 [FXGL Background Thread 1 ] DEBUG GameWorld            - Game world initialized
11:09:18.709 [FXGL Background Thread 1 ] DEBUG PhysicsWorld         - Physics world initialized: appHeight=600, physics.ppm=50.0
11:09:18.709 [FXGL Background Thread 1 ] DEBUG PhysicsWorld         - Using strategy: BRUTE_FORCE
11:09:18.712 [FXGL Background Thread 1 ] DEBUG GameScene            - Game scene initialized: 800x600
11:09:18.719 [FXGL Background Thread 1 ] DEBUG FXGL.DefaultMenu     - createMenuBodyMainMenu()
11:09:18.728 [FXGL Background Thread 1 ] DEBUG FXGL.DefaultMenu     - createOptionsMenu()
11:09:18.733 [FXGL Background Thread 1 ] DEBUG FXGLAssetLoaderServi - Loading from file system: jar:file:///C:/Users/acer/.m2/repository/com/github/almasb/fxgl/dev-SNAPSHOT/fxgl-dev-SNAPSHOT.jar!/fxglassets/textures/particles/smoke.png
11:09:18.789 [FXGL Background Thread 1 ] DEBUG FXGLAssetLoaderServi - Loading from file system: jar:file:///C:/Users/acer/.m2/repository/com/github/almasb/fxgl/dev-SNAPSHOT/fxgl-dev-SNAPSHOT.jar!/fxglassets/textures/particles/trace_horizontal.png
11:09:18.812 [FXGL Background Thread 1 ] DEBUG GameApplicationServi - Application scenes initialized
11:09:18.819 [FXGL Background Thread 1 ] DEBUG SystemBundleService  - Loading FXGL system data
11:09:18.823 [FXGL Background Thread 1 ] DEBUG FileSystemAccess     - Reading from: C:\Users\acer\OneDrive\Desktop\git pull\CSS124L-FINAL-PROJECT\system\fxgl.bundle
11:09:18.828 [FXGL Background Thread 1 ] DEBUG SystemBundleService  - Bundle FXGL: {}
11:09:18.828 [FXGL Background Thread 1 ] DEBUG UpdaterService       - Checking for updates
11:09:18.847 [FXGL Background Thread 4 ] DEBUG FXGLApplication      - Loading fonts
11:09:18.847 [FXGL Background Thread 1 ] DEBUG FXGLApplication      - Loading default localization
11:09:18.848 [FXGL Background Thread 4 ] DEBUG FXGLAssetLoaderServi - Loading from file system: jar:file:///C:/Users/acer/.m2/repository/com/github/almasb/fxgl/dev-SNAPSHOT/fxgl-dev-SNAPSHOT.jar!/fxglassets/ui/fonts/VarelaRound-Regular.ttf
11:09:18.848 [FXGL Background Thread 1 ] DEBUG FXGLAssetLoaderServi - Loading from file system: jar:file:///C:/Users/acer/.m2/repository/com/github/almasb/fxgl/dev-SNAPSHOT/fxgl-dev-SNAPSHOT.jar!/fxglassets/languages/english.lang
11:09:18.861 [FXGL Background Thread 1 ] INFO  FXGLApplication      - FXGL initialization took: 0.281 sec
11:09:18.870 [JavaFX Application Thread] DEBUG Input                - Registered new binding: Move Upwards - W
11:09:18.871 [JavaFX Application Thread] DEBUG Input                - Registered new binding: Move Down - S
11:09:18.871 [JavaFX Application Thread] DEBUG Input                - Registered new binding: Move Left - A
11:09:18.871 [JavaFX Application Thread] DEBUG Input                - Registered new binding: Move Right - D
11:09:18.871 [JavaFX Application Thread] DEBUG Input                - Registered new binding: Reload - R
11:09:18.872 [JavaFX Application Thread] DEBUG Input                - Registered new binding: Shoot - LMB
11:09:18.872 [JavaFX Application Thread] DEBUG Input                - Registered new binding: Switch Weapons - Q
11:09:18.872 [JavaFX Application Thread] DEBUG Input                - Registered new binding: Interact - F
11:09:18.872 [JavaFX Application Thread] DEBUG FXGLAssetLoaderServi - Loading from file system: jar:file:///C:/Users/acer/.m2/repository/com/github/almasb/fxgl/dev-SNAPSHOT/fxgl-dev-SNAPSHOT.jar!/fxglassets/textures/fxgl_icon.png
11:09:18.887 [JavaFX Application Thread] DEBUG FXGLAssetLoaderServi - Loading from file system: jar:file:///C:/Users/acer/.m2/repository/com/github/almasb/fxgl/dev-SNAPSHOT/fxgl-dev-SNAPSHOT.jar!/fxglassets/textures/fxgl_default_cursor.png
11:09:18.889 [JavaFX Application Thread] DEBUG Input                - Registered new binding: Screenshot - CTRL+8
11:09:18.890 [JavaFX Application Thread] DEBUG Input                - Registered new binding: Dev Options - 1
11:09:18.890 [JavaFX Application Thread] DEBUG Input                - Registered new binding: Dev Console - 2
11:09:18.891 [JavaFX Application Thread] DEBUG Input                - Registered new binding: System info dump - CTRL+9
11:09:18.891 [JavaFX Application Thread] DEBUG Input                - Registered new binding: Restart - CTRL+R
11:09:18.892 [JavaFX Application Thread] DEBUG Input                - Registered new binding: Toggle Debug Camera - CTRL+C
11:09:18.895 [JavaFX Application Thread] DEBUG LoopRunner           - Starting loop
11:09:18.913 [JavaFX Application Thread] DEBUG LoopRunner           - Initializing JavaFX AnimationTimerLoop
11:09:18.916 [JavaFX Application Thread] DEBUG Input                - Clearing active input actions
11:09:18.922 [JavaFX Application Thread] DEBUG GameApplicationServi - Removing overlay from FXGLStartupScene and adding to FXGLMainMenuDummyScene
11:09:18.926 [JavaFX Application Thread] DEBUG PrimaryStageWindow   - FXGLStartupScene -> FXGLMainMenuDummyScene
11:09:18.926 [JavaFX Application Thread] DEBUG PrimaryStageWindow   - Push state: FXGLDefaultMenu
11:09:18.930 [JavaFX Application Thread] DEBUG Input                - Clearing active input actions
11:09:18.936 [JavaFX Application Thread] DEBUG GameApplicationServi - Removing overlay from FXGLMainMenuDummyScene and adding to FXGLDefaultMenu
11:09:18.936 [JavaFX Application Thread] DEBUG PrimaryStageWindow   - FXGLMainMenuDummyScene -> FXGLDefaultMenu
11:09:19.243 [FXGL Background Thread 4 ] DEBUG FXGLAssetLoaderServi - Loading from file system: jar:file:///C:/Users/acer/.m2/repository/com/github/almasb/fxgl/dev-SNAPSHOT/fxgl-dev-SNAPSHOT.jar!/fxglassets/ui/fonts/Abel-Regular.ttf
11:09:19.248 [FXGL Background Thread 4 ] DEBUG FXGLAssetLoaderServi - Loading from file system: jar:file:///C:/Users/acer/.m2/repository/com/github/almasb/fxgl/dev-SNAPSHOT/fxgl-dev-SNAPSHOT.jar!/fxglassets/ui/fonts/lucida_console.ttf
11:09:19.254 [FXGL Background Thread 4 ] DEBUG FXGLAssetLoaderServi - Loading from file system: jar:file:///C:/Users/acer/.m2/repository/com/github/almasb/fxgl/dev-SNAPSHOT/fxgl-dev-SNAPSHOT.jar!/fxglassets/ui/fonts/Courier-Prime.ttf
11:09:19.269 [JavaFX Application Thread] DEBUG FXGLApplication      - Registering font factories with UI factory
11:09:19.588 [FXGL Background Thread 2 ] INFO  UpdaterService       - Your current version:  dev-SNAPSHOT
11:09:19.589 [FXGL Background Thread 2 ] INFO  UpdaterService       - Latest stable version: 21.1
11:09:19.589 [JavaFX Application Thread] DEBUG Menu                 - fireNewGame()
11:09:19.590 [JavaFX Application Thread] DEBUG GameApplicationServi - Starting new game
11:09:19.592 [JavaFX Application Thread] DEBUG PrimaryStageWindow   - Pop state: FXGLDefaultMenu
11:09:19.592 [JavaFX Application Thread] DEBUG Input                - Clearing active input actions
11:09:19.594 [JavaFX Application Thread] DEBUG GameApplicationServi - Removing overlay from FXGLDefaultMenu and adding to FXGLMainMenuDummyScene
11:09:19.595 [JavaFX Application Thread] DEBUG PrimaryStageWindow   - FXGLMainMenuDummyScene <- FXGLDefaultMenu
11:09:19.595 [JavaFX Application Thread] DEBUG Input                - Clearing active input actions
11:09:19.601 [JavaFX Application Thread] DEBUG GameApplicationServi - Removing overlay from FXGLMainMenuDummyScene and adding to FXGLLoadingScene
11:09:19.602 [JavaFX Application Thread] DEBUG PrimaryStageWindow   - FXGLMainMenuDummyScene -> FXGLLoadingScene
11:09:19.602 [JavaFX Application Thread] DEBUG GameApplicationServi - Clearing previous game
11:09:19.602 [JavaFX Application Thread] DEBUG GameScene            - Clearing game scene
11:09:19.602 [JavaFX Application Thread] DEBUG GameWorld            - Clearing game world
11:09:19.603 [JavaFX Application Thread] DEBUG PhysicsWorld         - Clearing physics world
11:09:19.604 [FXGL Background Thread 2 ] DEBUG FXGLApplication      - Initializing game
11:09:19.635 [FXGL Background Thread 2 ] WARN  TMXLevelLoader       - TiledMap generated from 1.11.0. Supported version: 1.2.3. Some features may not be parsed fully.
11:09:19.643 [FXGL Background Thread 2 ] DEBUG TMXLevelLoader       - Parsed TiledMap: file:/C:/Users/acer/OneDrive/Desktop/git%20pull/CSS124L-FINAL-PROJECT/fp/target/classes/assets/levels/Lobby.tmx
11:09:19.644 [FXGL Background Thread 2 ] DEBUG TMXLevelLoader       - Creating tile layer entities
11:09:19.645 [FXGL Background Thread 2 ] DEBUG TilesetLoader        - Loading view for layer Tile Layer 1
11:09:19.647 [FXGL Background Thread 2 ] DEBUG TilesetLoader        - Created buffer with size 1280.0x768.0
11:09:19.657 [FXGL Background Thread 2 ] DEBUG TMXLevelLoader       - Creating object layer entities
11:09:19.677 [FXGL Background Thread 2 ] DEBUG GameWorld            - Clearing removable entities
11:09:19.678 [FXGL Background Thread 2 ] DEBUG GameWorld            - Setting level: com.almasb.fxgl.entity.level.Level@4d1bbc2a
11:09:19.697 [FXGL Background Thread 2 ] INFO  FXGLApplication      - Game initialization took: 0.093 sec
11:09:19.700 [JavaFX Application Thread] DEBUG Input                - Clearing active input actions
11:09:19.704 [JavaFX Application Thread] DEBUG GameApplicationServi - Removing overlay from FXGLLoadingScene and adding to GameScene
11:09:19.706 [JavaFX Application Thread] DEBUG PrimaryStageWindow   - FXGLLoadingScene -> GameScene
11:09:19.715 [JavaFX Application Thread] DEBUG PrimaryStageWindow   - Push state: PlayerCountMenu
11:09:19.715 [JavaFX Application Thread] DEBUG Input                - Clearing active input actions
11:09:19.715 [JavaFX Application Thread] DEBUG GameApplicationServi - Removing overlay from GameScene and adding to PlayerCountMenu
11:09:19.716 [JavaFX Application Thread] DEBUG PrimaryStageWindow   - GameScene -> PlayerCountMenu
11:09:20.442 [JavaFX Application Thread] DEBUG FXGLAssetLoaderServi - Loading from file system: file:/C:/Users/acer/OneDrive/Desktop/git%20pull/CSS124L-FINAL-PROJECT/fp/target/classes/assets/textures/Weapons/Idle/BerettaM9_Idle.png
11:09:20.443 [JavaFX Application Thread] DEBUG FXGLAssetLoaderServi - Loading from file system: file:/C:/Users/acer/OneDrive/Desktop/git%20pull/CSS124L-FINAL-PROJECT/fp/target/classes/assets/textures/Weapons/Shooting/BerettaM9_Shooting.png
11:09:20.445 [JavaFX Application Thread] DEBUG FXGLAssetLoaderServi - Loading from file system: file:/C:/Users/acer/OneDrive/Desktop/git%20pull/CSS124L-FINAL-PROJECT/fp/target/classes/assets/textures/Players/1P_Shoot.png
11:09:20.448 [JavaFX Application Thread] DEBUG FXGLAssetLoaderServi - Loading from file system: file:/C:/Users/acer/OneDrive/Desktop/git%20pull/CSS124L-FINAL-PROJECT/fp/target/classes/assets/textures/Interactables/vending_machine.png
11:09:20.449 [JavaFX Application Thread] DEBUG FXGLAssetLoaderServi - Loading from file system: file:/C:/Users/acer/OneDrive/Desktop/git%20pull/CSS124L-FINAL-PROJECT/fp/target/classes/assets/textures/Interactables/microwave_close.png
11:09:20.451 [JavaFX Application Thread] DEBUG PrimaryStageWindow   - Pop state: PlayerCountMenu
11:09:20.451 [JavaFX Application Thread] DEBUG Input                - Clearing active input actions
11:09:20.451 [JavaFX Application Thread] DEBUG GameApplicationServi - Removing overlay from PlayerCountMenu and adding to GameScene
11:09:20.451 [JavaFX Application Thread] DEBUG PrimaryStageWindow   - GameScene <- PlayerCountMenu
11:09:20.519 [JavaFX Application Thread] DEBUG FXGLAssetLoaderServi - Loading from file system: file:/C:/Users/acer/OneDrive/Desktop/git%20pull/CSS124L-FINAL-PROJECT/fp/target/classes/assets/textures/Zombies/Basic_Zombie_Walking.png
11:09:20.520 [JavaFX Application Thread] DEBUG FXGLAssetLoaderServi - Loading from file system: file:/C:/Users/acer/OneDrive/Desktop/git%20pull/CSS124L-FINAL-PROJECT/fp/target/classes/assets/textures/Zombies/Basic_Zombie_Attack.png
11:09:21.847 [FXGL Background Thread 3 ] DEBUG Engine               - Logging environment variables
11:09:21.847 [FXGL Background Thread 3 ] DEBUG Engine               - achievements: []
11:09:21.847 [FXGL Background Thread 3 ] DEBUG Engine               - actualHeight: 600.0
11:09:21.848 [FXGL Background Thread 3 ] DEBUG Engine               - actualHeightProperty: ReadOnlyDoubleProperty [value: 600.0]
11:09:21.848 [FXGL Background Thread 3 ] DEBUG Engine               - actualWidth: 800.0
11:09:21.848 [FXGL Background Thread 3 ] DEBUG Engine               - actualWidthProperty: ReadOnlyDoubleProperty [value: 800.0]
11:09:21.848 [FXGL Background Thread 3 ] DEBUG Engine               - appIcon: fxgl_icon.png
11:09:21.848 [FXGL Background Thread 3 ] DEBUG Engine               - applicationMode: DEVELOPER
11:09:21.848 [FXGL Background Thread 3 ] DEBUG Engine               - cSSList: [fxgl_dark.css]
11:09:21.848 [FXGL Background Thread 3 ] DEBUG Engine               - collisionDetectionStrategy: BRUTE_FORCE
11:09:21.848 [FXGL Background Thread 3 ] DEBUG Engine               - configClass: Optional.empty
11:09:21.848 [FXGL Background Thread 3 ] DEBUG Engine               - credits: []
11:09:21.848 [FXGL Background Thread 3 ] DEBUG Engine               - defaultCursor: CursorInfo(imageName=fxgl_default_cursor.png, hotspotX=7.0, hotspotY=6.0)
11:09:21.848 [FXGL Background Thread 3 ] DEBUG Engine               - devBBoxColorProperty: ObjectProperty [value: 0xff0000ff]
11:09:21.849 [FXGL Background Thread 3 ] DEBUG Engine               - devEnableDebugCameraProperty: BooleanProperty [value: false]
11:09:21.849 [FXGL Background Thread 3 ] DEBUG Engine               - devSensorColorProperty: ObjectProperty [value: 0xffff00ff]
11:09:21.849 [FXGL Background Thread 3 ] DEBUG Engine               - devShowBBoxProperty: BooleanProperty [value: false]
11:09:21.849 [FXGL Background Thread 3 ] DEBUG Engine               - devShowPositionProperty: BooleanProperty [value: false]
11:09:21.849 [FXGL Background Thread 3 ] DEBUG Engine               - enabledMenuItems: []
11:09:21.849 [FXGL Background Thread 3 ] DEBUG Engine               - engineServices: [class com.almasb.fxgl.app.services.FXGLAssetLoaderService, class com.almasb.fxgl.app.FXGLApplication$GameApplicationService, class com.almasb.fxgl.app.services.FXGLDialogService, class com.almasb.fxgl.app.services.IOTaskExecutorService, class com.almasb.fxgl.io.FileSystemService, class com.almasb.fxgl.localization.LocalizationService, class com.almasb.fxgl.app.services.SystemBundleService, class com.almasb.fxgl.profile.SaveLoadService, class com.almasb.fxgl.ui.FXGLUIFactoryServiceProvider, class com.almasb.fxgl.ui.FXGLDialogFactoryServiceProvider, class com.almasb.fxgl.audio.AudioPlayer, class com.almasb.fxgl.notification.impl.NotificationServiceProvider, class com.almasb.fxgl.achievement.AchievementService, class com.almasb.fxgl.cutscene.CutsceneService, class com.almasb.fxgl.minigames.MiniGameService, class com.almasb.fxgl.net.NetService, class com.almasb.fxgl.app.services.UpdaterService, class com.almasb.fxgl.dev.DevService, class com.almasb.fxgl.multiplayer.MultiplayerService]
11:09:21.849 [FXGL Background Thread 3 ] DEBUG Engine               - fontGame: Abel-Regular.ttf
11:09:21.849 [FXGL Background Thread 3 ] DEBUG Engine               - fontMono: lucida_console.ttf
11:09:21.849 [FXGL Background Thread 3 ] DEBUG Engine               - fontText: Courier-Prime.ttf
11:09:21.849 [FXGL Background Thread 3 ] DEBUG Engine               - fontUI: VarelaRound-Regular.ttf
11:09:21.849 [FXGL Background Thread 3 ] DEBUG Engine               - fullScreen: BooleanProperty [value: false]
11:09:21.849 [FXGL Background Thread 3 ] DEBUG Engine               - gameDifficulty: MEDIUM
11:09:21.849 [FXGL Background Thread 3 ] DEBUG Engine               - gameDifficultyProperty: ObjectProperty [value: MEDIUM]
11:09:21.849 [FXGL Background Thread 3 ] DEBUG Engine               - globalMusicVolume: 0.5
11:09:21.849 [FXGL Background Thread 3 ] DEBUG Engine               - globalMusicVolumeProperty: DoubleProperty [value: 0.5]
11:09:21.849 [FXGL Background Thread 3 ] DEBUG Engine               - globalSoundVolume: 0.5
11:09:21.849 [FXGL Background Thread 3 ] DEBUG Engine               - globalSoundVolumeProperty: DoubleProperty [value: 0.5]
11:09:21.849 [FXGL Background Thread 3 ] DEBUG Engine               - height: 600
11:09:21.849 [FXGL Background Thread 3 ] DEBUG Engine               - is3D: false
11:09:21.849 [FXGL Background Thread 3 ] DEBUG Engine               - isAndroid: false
11:09:21.849 [FXGL Background Thread 3 ] DEBUG Engine               - isBrowser: false
11:09:21.849 [FXGL Background Thread 3 ] DEBUG Engine               - isClickFeedbackEnabled: false
11:09:21.850 [FXGL Background Thread 3 ] DEBUG Engine               - isCloseConfirmation: false
11:09:21.850 [FXGL Background Thread 3 ] DEBUG Engine               - isDesktop: true
11:09:21.850 [FXGL Background Thread 3 ] DEBUG Engine               - isDeveloperMenuEnabled: true
11:09:21.850 [FXGL Background Thread 3 ] DEBUG Engine               - isEmbedded: false
11:09:21.850 [FXGL Background Thread 3 ] DEBUG Engine               - isEntityPreloadEnabled: true
11:09:21.850 [FXGL Background Thread 3 ] DEBUG Engine               - isExperimentalTiledLargeMap: false
11:09:21.850 [FXGL Background Thread 3 ] DEBUG Engine               - isFileSystemWriteAllowed: true
11:09:21.850 [FXGL Background Thread 3 ] DEBUG Engine               - isFullScreenAllowed: false
11:09:21.850 [FXGL Background Thread 3 ] DEBUG Engine               - isFullScreenFromStart: false
11:09:21.850 [FXGL Background Thread 3 ] DEBUG Engine               - isGameMenuEnabled: true
11:09:21.850 [FXGL Background Thread 3 ] DEBUG Engine               - isIOS: false
11:09:21.850 [FXGL Background Thread 3 ] DEBUG Engine               - isIntroEnabled: false
11:09:21.850 [FXGL Background Thread 3 ] DEBUG Engine               - isLinux: false
11:09:21.850 [FXGL Background Thread 3 ] DEBUG Engine               - isMac: false
11:09:21.850 [FXGL Background Thread 3 ] DEBUG Engine               - isMainMenuEnabled: true
11:09:21.850 [FXGL Background Thread 3 ] DEBUG Engine               - isManualResizeEnabled: false
11:09:21.850 [FXGL Background Thread 3 ] DEBUG Engine               - isMobile: false
11:09:21.850 [FXGL Background Thread 3 ] DEBUG Engine               - isNative: false
11:09:21.850 [FXGL Background Thread 3 ] DEBUG Engine               - isPauseMusicWhenMinimized: true
11:09:21.850 [FXGL Background Thread 3 ] DEBUG Engine               - isPreserveResizeRatio: false
11:09:21.850 [FXGL Background Thread 3 ] DEBUG Engine               - isProfilingEnabled: false
11:09:21.850 [FXGL Background Thread 3 ] DEBUG Engine               - isScaleAffectedOnResize: true
11:09:21.850 [FXGL Background Thread 3 ] DEBUG Engine               - isSingleStep: false
11:09:21.850 [FXGL Background Thread 3 ] DEBUG Engine               - isUserProfileEnabled: false
11:09:21.850 [FXGL Background Thread 3 ] DEBUG Engine               - isWindows: true
11:09:21.850 [FXGL Background Thread 3 ] DEBUG Engine               - language: ObjectProperty [value: ENGLISH]
11:09:21.850 [FXGL Background Thread 3 ] DEBUG Engine               - menuKey: ESCAPE
11:09:21.850 [FXGL Background Thread 3 ] DEBUG Engine               - mouseSensitivity: 0.2
11:09:21.850 [FXGL Background Thread 3 ] DEBUG Engine               - notificationViewClass: class com.almasb.fxgl.notification.view.XboxNotificationView
11:09:21.850 [FXGL Background Thread 3 ] DEBUG Engine               - pixelsPerMeter: 50.0
11:09:21.850 [FXGL Background Thread 3 ] DEBUG Engine               - platform: WINDOWS
11:09:21.850 [FXGL Background Thread 3 ] DEBUG Engine               - prefHeightProperty: ReadOnlyDoubleProperty [value: 600.0]
11:09:21.850 [FXGL Background Thread 3 ] DEBUG Engine               - prefWidthProperty: ReadOnlyDoubleProperty [value: 800.0]
11:09:21.850 [FXGL Background Thread 3 ] DEBUG Engine               - profileDir: profiles/
11:09:21.850 [FXGL Background Thread 3 ] DEBUG Engine               - profileName: StringProperty [value: DEFAULT]
11:09:21.851 [FXGL Background Thread 3 ] DEBUG Engine               - randomSeed: -1
11:09:21.851 [FXGL Background Thread 3 ] DEBUG Engine               - runtimeInfo: RuntimeInfo(platform=WINDOWS, version=dev-SNAPSHOT, build=28.07.2021 16.39)
11:09:21.851 [FXGL Background Thread 3 ] DEBUG Engine               - saveFileExt: sav
11:09:21.851 [FXGL Background Thread 3 ] DEBUG Engine               - scaledHeightProp$fxgl: DoubleProperty [bound, value: 600.0]
11:09:21.851 [FXGL Background Thread 3 ] DEBUG Engine               - scaledWidthProp$fxgl: DoubleProperty [bound, value: 800.0]
11:09:21.851 [FXGL Background Thread 3 ] DEBUG Engine               - sceneFactory: com.groupfour.mygame.App$1@415cb8e2
11:09:21.851 [FXGL Background Thread 3 ] DEBUG Engine               - secondsIn24h: 60
11:09:21.851 [FXGL Background Thread 3 ] DEBUG Engine               - soundMenuBack: menu/back.wav
11:09:21.851 [FXGL Background Thread 3 ] DEBUG Engine               - soundMenuPress: menu/press.wav
11:09:21.851 [FXGL Background Thread 3 ] DEBUG Engine               - soundMenuSelect: menu/select.wav
11:09:21.851 [FXGL Background Thread 3 ] DEBUG Engine               - soundNotification: core/notification.wav
11:09:21.851 [FXGL Background Thread 3 ] DEBUG Engine               - stageStyle: DECORATED
11:09:21.851 [FXGL Background Thread 3 ] DEBUG Engine               - supportedLanguages: [ENGLISH, FRENCH, GERMAN, HUNGARIAN, RUSSIAN]
11:09:21.851 [FXGL Background Thread 3 ] DEBUG Engine               - ticksPerSecond: -1
11:09:21.851 [FXGL Background Thread 3 ] DEBUG Engine               - title: Flatline: Oregon
11:09:21.851 [FXGL Background Thread 3 ] DEBUG Engine               - urlGithub: https://github.com/AlmasB/FXGL
11:09:21.851 [FXGL Background Thread 3 ] DEBUG Engine               - urlLeaderboard: http://fxgl-top.herokuapp.com/
11:09:21.851 [FXGL Background Thread 3 ] DEBUG Engine               - urlPOM: https://raw.githubusercontent.com/AlmasB/FXGL/release/README.md
11:09:21.851 [FXGL Background Thread 3 ] DEBUG Engine               - userAppClass: class com.groupfour.mygame.App
11:09:21.851 [FXGL Background Thread 3 ] DEBUG Engine               - version: Alpha 0.3
11:09:21.851 [FXGL Background Thread 3 ] DEBUG Engine               - versionCheckDays: 7
11:09:21.851 [FXGL Background Thread 3 ] DEBUG Engine               - width: 800
11:09:21.851 [FXGL Background Thread 3 ] DEBUG Engine               - Logging services
11:09:21.851 [FXGL Background Thread 3 ] DEBUG Engine               - class com.almasb.fxgl.app.services.FXGLAssetLoaderService
11:09:21.851 [FXGL Background Thread 3 ] DEBUG Engine               - class com.almasb.fxgl.app.FXGLApplication$GameApplicationService
11:09:21.851 [FXGL Background Thread 3 ] DEBUG Engine               - class com.almasb.fxgl.app.services.FXGLDialogService
11:09:21.851 [FXGL Background Thread 3 ] DEBUG Engine               - class com.almasb.fxgl.app.services.IOTaskExecutorService
11:09:21.851 [FXGL Background Thread 3 ] DEBUG Engine               - class com.almasb.fxgl.io.FileSystemService
11:09:21.851 [FXGL Background Thread 3 ] DEBUG Engine               - class com.almasb.fxgl.localization.LocalizationService
11:09:21.852 [FXGL Background Thread 3 ] DEBUG Engine               - class com.almasb.fxgl.app.services.SystemBundleService
11:09:21.852 [FXGL Background Thread 3 ] DEBUG Engine               - class com.almasb.fxgl.profile.SaveLoadService
11:09:21.852 [FXGL Background Thread 3 ] DEBUG Engine               - class com.almasb.fxgl.ui.FXGLUIFactoryServiceProvider
11:09:21.852 [FXGL Background Thread 3 ] DEBUG Engine               - class com.almasb.fxgl.ui.FXGLDialogFactoryServiceProvider
11:09:21.852 [FXGL Background Thread 3 ] DEBUG Engine               - class com.almasb.fxgl.audio.AudioPlayer
11:09:21.852 [FXGL Background Thread 3 ] DEBUG Engine               - class com.almasb.fxgl.notification.impl.NotificationServiceProvider
11:09:21.852 [FXGL Background Thread 3 ] DEBUG Engine               - class com.almasb.fxgl.achievement.AchievementService
11:09:21.852 [FXGL Background Thread 3 ] DEBUG Engine               - class com.almasb.fxgl.cutscene.CutsceneService
11:09:21.852 [FXGL Background Thread 3 ] DEBUG Engine               - class com.almasb.fxgl.minigames.MiniGameService
11:09:21.852 [FXGL Background Thread 3 ] DEBUG Engine               - class com.almasb.fxgl.net.NetService
11:09:21.852 [FXGL Background Thread 3 ] DEBUG Engine               - class com.almasb.fxgl.app.services.UpdaterService
11:09:21.852 [FXGL Background Thread 3 ] DEBUG Engine               - class com.almasb.fxgl.dev.DevService
11:09:21.852 [FXGL Background Thread 3 ] DEBUG Engine               - class com.almasb.fxgl.multiplayer.MultiplayerService
11:09:47.539 [JavaFX Application Thread] DEBUG FXGLApplication      - Exiting FXGL
11:09:47.539 [JavaFX Application Thread] DEBUG LoopRunner           - Stopping loop
11:09:47.539 [JavaFX Application Thread] DEBUG SystemBundleService  - Saving FXGL system data
11:09:47.541 [JavaFX Application Thread] DEBUG FileSystemAccess     - Writing to: C:\Users\acer\OneDrive\Desktop\git pull\CSS124L-FINAL-PROJECT\system\fxgl.bundle
11:09:47.542 [JavaFX Application Thread] DEBUG Async                - Shutting down background threads
11:09:47.542 [JavaFX Application Thread] DEBUG PrimaryStageWindow   - Closing main window
11:09:47.553 [JavaFX Application Thread] DEBUG Logger               - Closing Logger
