02:20:16.817 [main                     ] DEBUG Logger               - Configured Logger
02:20:16.821 [main                     ] DEBUG GameApplication      - Logging settings
Title: Flatline: Oregon
Version: Alpha 0.3
Width: 800
Height: 600
Fullscreen: false
Intro: false
Profiling: false
Single step:false
App Mode: DEVELOPER
Menu Key: ESCAPE
Stage Style: DECORATED
Scene Factory: class com.groupfour.mygame.App$1

02:20:17.233 [JavaFX Application Thread] DEBUG FXGLApplication      - Initializing FXGL
02:20:17.236 [JavaFX Application Thread] INFO  Engine               - FXGL-dev-SNAPSHOT (28.07.2021 16.39) on WINDOWS (J:21.0.4 FX:16)
02:20:17.237 [JavaFX Application Thread] DEBUG Engine               - JRE Vendor Name: Eclipse Adoptium
02:20:17.237 [JavaFX Application Thread] DEBUG Engine               - Running on OS: Windows 11 version 10.0
02:20:17.237 [JavaFX Application Thread] DEBUG Engine               - Architecture: amd64
02:20:17.237 [JavaFX Application Thread] INFO  Engine               - Source code and latest versions at: https://github.com/AlmasB/FXGL
02:20:17.237 [JavaFX Application Thread] INFO  Engine               -              Join the FXGL chat at: https://gitter.im/AlmasB/FXGL
02:20:17.326 [JavaFX Application Thread] DEBUG PrimaryStageWindow   - Creating a JavaFX scene
02:20:17.368 [JavaFX Application Thread] DEBUG PrimaryStageWindow   - Target settings size: 800.0 x 600.0
02:20:17.368 [JavaFX Application Thread] DEBUG PrimaryStageWindow   - Scaled scene size:    800.0 x 600.0
02:20:17.368 [JavaFX Application Thread] DEBUG PrimaryStageWindow   - Scaled ratio: (1.0, 1.0)
02:20:17.368 [JavaFX Application Thread] DEBUG PrimaryStageWindow   - Set initial scene to FXGLStartupScene
02:20:17.375 [JavaFX Application Thread] DEBUG PrimaryStageWindow   - Opening main window
02:20:17.472 [JavaFX Application Thread] DEBUG PrimaryStageWindow   - Window border size: (16.0, 39.0)
02:20:17.472 [JavaFX Application Thread] DEBUG PrimaryStageWindow   - Scaled size: 800.0 x 600.0
02:20:17.473 [JavaFX Application Thread] DEBUG PrimaryStageWindow   - Scaled ratio: (1.0, 1.0)
02:20:17.473 [JavaFX Application Thread] DEBUG PrimaryStageWindow   - Scene size: 800.0 x 600.0
02:20:17.473 [JavaFX Application Thread] DEBUG PrimaryStageWindow   - Stage size: 816.0 x 639.0
02:20:17.484 [FXGL Background Thread 1 ] DEBUG Engine               - Initializing environment variables
02:20:17.589 [FXGL Background Thread 1 ] DEBUG FXGLAssetLoaderServi - User app class for loading assets: class com.groupfour.mygame.App
02:20:17.590 [FXGL Background Thread 1 ] DEBUG GameApplicationServi - Applying CSS: fxgl_dark.css
02:20:17.592 [FXGL Background Thread 1 ] DEBUG FXGLAssetLoaderServi - Loading from file system: jar:file:///C:/Users/Cent/.m2/repository/com/github/almasb/fxgl/dev-SNAPSHOT/fxgl-dev-SNAPSHOT.jar!/fxglassets/ui/css/fxgl_dark.css
02:20:17.663 [FXGL Background Thread 1 ] DEBUG GameApplicationServi - Initializing application scenes
02:20:17.729 [FXGL Background Thread 1 ] DEBUG GameWorld            - Game world initialized
02:20:17.847 [FXGL Background Thread 1 ] DEBUG PhysicsWorld         - Physics world initialized: appHeight=600, physics.ppm=50.0
02:20:17.847 [FXGL Background Thread 1 ] DEBUG PhysicsWorld         - Using strategy: BRUTE_FORCE
02:20:17.851 [FXGL Background Thread 1 ] DEBUG GameScene            - Game scene initialized: 800x600
02:20:17.868 [FXGL Background Thread 1 ] DEBUG FXGL.DefaultMenu     - createMenuBodyMainMenu()
02:20:17.885 [FXGL Background Thread 1 ] DEBUG FXGL.DefaultMenu     - createOptionsMenu()
02:20:17.898 [FXGL Background Thread 1 ] DEBUG FXGLAssetLoaderServi - Loading from file system: jar:file:///C:/Users/Cent/.m2/repository/com/github/almasb/fxgl/dev-SNAPSHOT/fxgl-dev-SNAPSHOT.jar!/fxglassets/textures/particles/smoke.png
02:20:18.066 [FXGL Background Thread 1 ] DEBUG FXGLAssetLoaderServi - Loading from file system: jar:file:///C:/Users/Cent/.m2/repository/com/github/almasb/fxgl/dev-SNAPSHOT/fxgl-dev-SNAPSHOT.jar!/fxglassets/textures/particles/trace_horizontal.png
02:20:18.116 [FXGL Background Thread 1 ] DEBUG GameApplicationServi - Application scenes initialized
02:20:18.128 [FXGL Background Thread 1 ] DEBUG SystemBundleService  - Loading FXGL system data
02:20:18.134 [FXGL Background Thread 1 ] DEBUG FileSystemAccess     - Reading from: c:\Users\Cent\Desktop\CSS124L-LE\CSS124L-FinalExam\CSS124L-FINAL-PROJECT\system\fxgl.bundle
02:20:18.145 [FXGL Background Thread 1 ] DEBUG SystemBundleService  - Bundle FXGL: {}
02:20:18.145 [FXGL Background Thread 1 ] DEBUG UpdaterService       - Checking for updates
02:20:18.149 [FXGL Background Thread 4 ] DEBUG FXGLApplication      - Loading fonts
02:20:18.149 [FXGL Background Thread 1 ] DEBUG FXGLApplication      - Loading default localization
02:20:18.149 [FXGL Background Thread 4 ] DEBUG FXGLAssetLoaderServi - Loading from file system: jar:file:///C:/Users/Cent/.m2/repository/com/github/almasb/fxgl/dev-SNAPSHOT/fxgl-dev-SNAPSHOT.jar!/fxglassets/ui/fonts/VarelaRound-Regular.ttf
02:20:18.150 [FXGL Background Thread 1 ] DEBUG FXGLAssetLoaderServi - Loading from file system: jar:file:///C:/Users/Cent/.m2/repository/com/github/almasb/fxgl/dev-SNAPSHOT/fxgl-dev-SNAPSHOT.jar!/fxglassets/languages/english.lang
02:20:18.165 [FXGL Background Thread 1 ] INFO  FXGLApplication      - FXGL initialization took: 0.681 sec
02:20:18.167 [JavaFX Application Thread] DEBUG FXGLAssetLoaderServi - Loading from file system: jar:file:///C:/Users/Cent/.m2/repository/com/github/almasb/fxgl/dev-SNAPSHOT/fxgl-dev-SNAPSHOT.jar!/fxglassets/textures/fxgl_icon.png
02:20:18.207 [FXGL Background Thread 4 ] DEBUG FXGLAssetLoaderServi - Loading from file system: jar:file:///C:/Users/Cent/.m2/repository/com/github/almasb/fxgl/dev-SNAPSHOT/fxgl-dev-SNAPSHOT.jar!/fxglassets/ui/fonts/Abel-Regular.ttf
02:20:18.213 [FXGL Background Thread 4 ] DEBUG FXGLAssetLoaderServi - Loading from file system: jar:file:///C:/Users/Cent/.m2/repository/com/github/almasb/fxgl/dev-SNAPSHOT/fxgl-dev-SNAPSHOT.jar!/fxglassets/ui/fonts/lucida_console.ttf
02:20:18.215 [JavaFX Application Thread] DEBUG FXGLAssetLoaderServi - Loading from file system: jar:file:///C:/Users/Cent/.m2/repository/com/github/almasb/fxgl/dev-SNAPSHOT/fxgl-dev-SNAPSHOT.jar!/fxglassets/textures/fxgl_default_cursor.png
02:20:18.222 [FXGL Background Thread 4 ] DEBUG FXGLAssetLoaderServi - Loading from file system: jar:file:///C:/Users/Cent/.m2/repository/com/github/almasb/fxgl/dev-SNAPSHOT/fxgl-dev-SNAPSHOT.jar!/fxglassets/ui/fonts/Courier-Prime.ttf
02:20:18.234 [JavaFX Application Thread] DEBUG Input                - Registered new binding: Screenshot - CTRL+8
02:20:18.234 [JavaFX Application Thread] DEBUG Input                - Registered new binding: System info dump - CTRL+9
02:20:18.234 [JavaFX Application Thread] DEBUG Input                - Registered new binding: Restart - CTRL+R
02:20:18.236 [JavaFX Application Thread] DEBUG Input                - Registered new binding: Toggle Debug Camera - CTRL+C
02:20:18.238 [JavaFX Application Thread] DEBUG LoopRunner           - Starting loop
02:20:18.239 [JavaFX Application Thread] DEBUG LoopRunner           - Initializing JavaFX AnimationTimerLoop
02:20:18.242 [JavaFX Application Thread] DEBUG Input                - Clearing active input actions
02:20:18.255 [JavaFX Application Thread] DEBUG GameApplicationServi - Removing overlay from FXGLStartupScene and adding to FXGLMainMenuDummyScene
02:20:18.255 [JavaFX Application Thread] DEBUG PrimaryStageWindow   - FXGLStartupScene -> FXGLMainMenuDummyScene
02:20:18.255 [JavaFX Application Thread] DEBUG PrimaryStageWindow   - Push state: FXGLDefaultMenu
02:20:18.272 [JavaFX Application Thread] DEBUG Input                - Clearing active input actions
02:20:18.292 [JavaFX Application Thread] DEBUG GameApplicationServi - Removing overlay from FXGLMainMenuDummyScene and adding to FXGLDefaultMenu
02:20:18.293 [JavaFX Application Thread] DEBUG PrimaryStageWindow   - FXGLMainMenuDummyScene -> FXGLDefaultMenu
02:20:18.304 [JavaFX Application Thread] DEBUG FXGLApplication      - Registering font factories with UI factory
02:20:18.856 [FXGL Background Thread 2 ] INFO  UpdaterService       - Your current version:  dev-SNAPSHOT
02:20:18.858 [FXGL Background Thread 2 ] INFO  UpdaterService       - Latest stable version: 21.1
02:20:19.081 [JavaFX Application Thread] DEBUG Menu                 - fireNewGame()
02:20:19.081 [JavaFX Application Thread] DEBUG GameApplicationServi - Starting new game
02:20:19.085 [JavaFX Application Thread] DEBUG PrimaryStageWindow   - Pop state: FXGLDefaultMenu
02:20:19.085 [JavaFX Application Thread] DEBUG Input                - Clearing active input actions
02:20:19.087 [JavaFX Application Thread] DEBUG GameApplicationServi - Removing overlay from FXGLDefaultMenu and adding to FXGLMainMenuDummyScene
02:20:19.087 [JavaFX Application Thread] DEBUG PrimaryStageWindow   - FXGLMainMenuDummyScene <- FXGLDefaultMenu
02:20:19.089 [JavaFX Application Thread] DEBUG Input                - Clearing active input actions
02:20:19.099 [JavaFX Application Thread] DEBUG GameApplicationServi - Removing overlay from FXGLMainMenuDummyScene and adding to FXGLLoadingScene
02:20:19.099 [JavaFX Application Thread] DEBUG PrimaryStageWindow   - FXGLMainMenuDummyScene -> FXGLLoadingScene
02:20:19.099 [JavaFX Application Thread] DEBUG GameApplicationServi - Clearing previous game
02:20:19.099 [JavaFX Application Thread] DEBUG GameScene            - Clearing game scene
02:20:19.100 [JavaFX Application Thread] DEBUG GameWorld            - Clearing game world
02:20:19.100 [JavaFX Application Thread] DEBUG PhysicsWorld         - Clearing physics world
02:20:19.104 [FXGL Background Thread 2 ] DEBUG FXGLApplication      - Initializing game
02:20:19.113 [FXGL Background Thread 2 ] INFO  FXGLApplication      - Game initialization took: 0.009 sec
02:20:19.138 [JavaFX Application Thread] DEBUG Input                - Clearing active input actions
02:20:19.148 [JavaFX Application Thread] DEBUG GameApplicationServi - Removing overlay from FXGLLoadingScene and adding to GameScene
02:20:19.149 [JavaFX Application Thread] DEBUG PrimaryStageWindow   - FXGLLoadingScene -> GameScene
02:20:19.155 [JavaFX Application Thread] DEBUG PrimaryStageWindow   - Push state: PlayerCountMenu
02:20:19.156 [JavaFX Application Thread] DEBUG Input                - Clearing active input actions
02:20:19.156 [JavaFX Application Thread] DEBUG GameApplicationServi - Removing overlay from GameScene and adding to PlayerCountMenu
02:20:19.157 [JavaFX Application Thread] DEBUG PrimaryStageWindow   - GameScene -> PlayerCountMenu
02:20:20.180 [JavaFX Application Thread] DEBUG PrimaryStageWindow   - Pop state: PlayerCountMenu
02:20:20.181 [JavaFX Application Thread] DEBUG Input                - Clearing active input actions
02:20:20.181 [JavaFX Application Thread] DEBUG GameApplicationServi - Removing overlay from PlayerCountMenu and adding to GameScene
02:20:20.181 [JavaFX Application Thread] DEBUG PrimaryStageWindow   - GameScene <- PlayerCountMenu
02:20:20.186 [JavaFX Application Thread] DEBUG FXGLAssetLoaderServi - Loading from file system: file:/C:/Users/Cent/Desktop/CSS124L-LE/CSS124L-FinalExam/CSS124L-FINAL-PROJECT/fp/target/classes/assets/textures/1P_Walk.gif
02:20:20.205 [JavaFX Application Thread] DEBUG Input                - Registered new binding: AUTO-0 - W
02:20:20.205 [JavaFX Application Thread] DEBUG Input                - Registered new binding: AUTO-1 - S
02:20:20.206 [JavaFX Application Thread] DEBUG Input                - Registered new binding: AUTO-2 - A
02:20:20.206 [JavaFX Application Thread] DEBUG Input                - Registered new binding: AUTO-3 - D
02:20:20.207 [JavaFX Application Thread] DEBUG Input                - Registered new binding: Start Shooting - LMB
02:20:20.207 [JavaFX Application Thread] DEBUG LoopRunner           - Stopping loop
02:20:20.208 [JavaFX Application Thread] FATAL FXGLApplication      - Uncaught Exception:
java.lang.IllegalArgumentException: Trigger is already bound: LMB
	at com.almasb.fxgl.core/com.almasb.fxgl.input.Input.addBinding(Input.kt:451)
	at com.almasb.fxgl.core/com.almasb.fxgl.input.Input.addAction(Input.kt:433)
	at com.almasb.fxgl.core/com.almasb.fxgl.input.Input.addAction$default(Input.kt:432)
	at com.almasb.fxgl.core/com.almasb.fxgl.input.Input.addAction(Input.kt)
	at com.groupfour.mygame/com.groupfour.mygame.App.setupInput(App.java:106)
	at com.groupfour.mygame/com.groupfour.mygame.App.startGame1P(App.java:177)
	at com.groupfour.mygame/com.groupfour.UI.PlayerCountMenu$playerButton.lambda$0(PlayerCountMenu.java:43)
	at javafx.base/com.sun.javafx.event.CompositeEventHandler.dispatchBubblingEvent(CompositeEventHandler.java:86)
	at javafx.base/com.sun.javafx.event.EventHandlerManager.dispatchBubblingEvent(EventHandlerManager.java:234)
	at javafx.base/com.sun.javafx.event.EventHandlerManager.dispatchBubblingEvent(EventHandlerManager.java:191)
	at javafx.base/com.sun.javafx.event.CompositeEventDispatcher.dispatchBubblingEvent(CompositeEventDispatcher.java:59)
	at javafx.base/com.sun.javafx.event.BasicEventDispatcher.dispatchEvent(BasicEventDispatcher.java:58)
	at javafx.base/com.sun.javafx.event.EventDispatchChainImpl.dispatchEvent(EventDispatchChainImpl.java:114)
	at javafx.base/com.sun.javafx.event.BasicEventDispatcher.dispatchEvent(BasicEventDispatcher.java:56)
	at javafx.base/com.sun.javafx.event.EventDispatchChainImpl.dispatchEvent(EventDispatchChainImpl.java:114)
	at javafx.base/com.sun.javafx.event.BasicEventDispatcher.dispatchEvent(BasicEventDispatcher.java:56)
	at javafx.base/com.sun.javafx.event.EventDispatchChainImpl.dispatchEvent(EventDispatchChainImpl.java:114)
	at javafx.base/com.sun.javafx.event.EventUtil.fireEventImpl(EventUtil.java:74)
	at javafx.base/com.sun.javafx.event.EventUtil.fireEvent(EventUtil.java:54)
	at javafx.base/javafx.event.Event.fireEvent(Event.java:198)
	at javafx.graphics/javafx.scene.Scene$ClickGenerator.postProcess(Scene.java:3563)
	at javafx.graphics/javafx.scene.Scene$MouseHandler.process(Scene.java:3865)
	at javafx.graphics/javafx.scene.Scene.processMouseEvent(Scene.java:1851)
	at javafx.graphics/javafx.scene.Scene$ScenePeerListener.mouseEvent(Scene.java:2584)
	at javafx.graphics/com.sun.javafx.tk.quantum.GlassViewEventHandler$MouseEventNotification.run(GlassViewEventHandler.java:409)
	at javafx.graphics/com.sun.javafx.tk.quantum.GlassViewEventHandler$MouseEventNotification.run(GlassViewEventHandler.java:299)
	at java.base/java.security.AccessController.doPrivileged(AccessController.java:400)
	at javafx.graphics/com.sun.javafx.tk.quantum.GlassViewEventHandler.lambda$handleMouseEvent$2(GlassViewEventHandler.java:447)
	at javafx.graphics/com.sun.javafx.tk.quantum.QuantumToolkit.runWithoutRenderLock(QuantumToolkit.java:412)
	at javafx.graphics/com.sun.javafx.tk.quantum.GlassViewEventHandler.handleMouseEvent(GlassViewEventHandler.java:446)
	at javafx.graphics/com.sun.glass.ui.View.handleMouseEvent(View.java:556)
	at javafx.graphics/com.sun.glass.ui.View.notifyMouse(View.java:942)
	at javafx.graphics/com.sun.glass.ui.win.WinApplication._runLoop(Native Method)
	at javafx.graphics/com.sun.glass.ui.win.WinApplication.lambda$runLoop$3(WinApplication.java:174)
	at java.base/java.lang.Thread.run(Thread.java:1583)

02:20:20.211 [JavaFX Application Thread] FATAL FXGLApplication      - Application will now exit
02:20:20.234 [JavaFX Application Thread] DEBUG PrimaryStageWindow   - Push state: ErrorSubScene
02:20:20.234 [JavaFX Application Thread] DEBUG Input                - Clearing active input actions
02:20:20.238 [JavaFX Application Thread] DEBUG GameApplicationServi - Removing overlay from GameScene and adding to ErrorSubScene
02:20:20.238 [JavaFX Application Thread] DEBUG PrimaryStageWindow   - GameScene -> ErrorSubScene
02:20:21.148 [FXGL Background Thread 3 ] DEBUG Engine               - Logging environment variables
02:20:21.148 [FXGL Background Thread 3 ] DEBUG Engine               - achievements: []
02:20:21.148 [FXGL Background Thread 3 ] DEBUG Engine               - actualHeight: 600.0
02:20:21.148 [FXGL Background Thread 3 ] DEBUG Engine               - actualHeightProperty: ReadOnlyDoubleProperty [value: 600.0]
02:20:21.148 [FXGL Background Thread 3 ] DEBUG Engine               - actualWidth: 800.0
02:20:21.148 [FXGL Background Thread 3 ] DEBUG Engine               - actualWidthProperty: ReadOnlyDoubleProperty [value: 800.0]
02:20:21.148 [FXGL Background Thread 3 ] DEBUG Engine               - appIcon: fxgl_icon.png
02:20:21.148 [FXGL Background Thread 3 ] DEBUG Engine               - applicationMode: DEVELOPER
02:20:21.148 [FXGL Background Thread 3 ] DEBUG Engine               - cSSList: [fxgl_dark.css]
02:20:21.148 [FXGL Background Thread 3 ] DEBUG Engine               - collisionDetectionStrategy: BRUTE_FORCE
02:20:21.148 [FXGL Background Thread 3 ] DEBUG Engine               - configClass: Optional.empty
02:20:21.149 [FXGL Background Thread 3 ] DEBUG Engine               - credits: []
02:20:21.149 [FXGL Background Thread 3 ] DEBUG Engine               - defaultCursor: CursorInfo(imageName=fxgl_default_cursor.png, hotspotX=7.0, hotspotY=6.0)
02:20:21.149 [FXGL Background Thread 3 ] DEBUG Engine               - devBBoxColorProperty: ObjectProperty [value: 0xff0000ff]
02:20:21.149 [FXGL Background Thread 3 ] DEBUG Engine               - devEnableDebugCameraProperty: BooleanProperty [value: false]
02:20:21.149 [FXGL Background Thread 3 ] DEBUG Engine               - devSensorColorProperty: ObjectProperty [value: 0xffff00ff]
02:20:21.149 [FXGL Background Thread 3 ] DEBUG Engine               - devShowBBoxProperty: BooleanProperty [value: false]
02:20:21.149 [FXGL Background Thread 3 ] DEBUG Engine               - devShowPositionProperty: BooleanProperty [value: false]
02:20:21.149 [FXGL Background Thread 3 ] DEBUG Engine               - enabledMenuItems: []
02:20:21.149 [FXGL Background Thread 3 ] DEBUG Engine               - engineServices: [class com.almasb.fxgl.app.services.FXGLAssetLoaderService, class com.almasb.fxgl.app.FXGLApplication$GameApplicationService, class com.almasb.fxgl.app.services.FXGLDialogService, class com.almasb.fxgl.app.services.IOTaskExecutorService, class com.almasb.fxgl.io.FileSystemService, class com.almasb.fxgl.localization.LocalizationService, class com.almasb.fxgl.app.services.SystemBundleService, class com.almasb.fxgl.profile.SaveLoadService, class com.almasb.fxgl.ui.FXGLUIFactoryServiceProvider, class com.almasb.fxgl.ui.FXGLDialogFactoryServiceProvider, class com.almasb.fxgl.audio.AudioPlayer, class com.almasb.fxgl.notification.impl.NotificationServiceProvider, class com.almasb.fxgl.achievement.AchievementService, class com.almasb.fxgl.cutscene.CutsceneService, class com.almasb.fxgl.minigames.MiniGameService, class com.almasb.fxgl.net.NetService, class com.almasb.fxgl.app.services.UpdaterService, class com.almasb.fxgl.dev.DevService, class com.almasb.fxgl.multiplayer.MultiplayerService]
02:20:21.149 [FXGL Background Thread 3 ] DEBUG Engine               - fontGame: Abel-Regular.ttf
02:20:21.149 [FXGL Background Thread 3 ] DEBUG Engine               - fontMono: lucida_console.ttf
02:20:21.149 [FXGL Background Thread 3 ] DEBUG Engine               - fontText: Courier-Prime.ttf
02:20:21.149 [FXGL Background Thread 3 ] DEBUG Engine               - fontUI: VarelaRound-Regular.ttf
02:20:21.149 [FXGL Background Thread 3 ] DEBUG Engine               - fullScreen: BooleanProperty [value: false]
02:20:21.149 [FXGL Background Thread 3 ] DEBUG Engine               - gameDifficulty: MEDIUM
02:20:21.149 [FXGL Background Thread 3 ] DEBUG Engine               - gameDifficultyProperty: ObjectProperty [value: MEDIUM]
02:20:21.149 [FXGL Background Thread 3 ] DEBUG Engine               - globalMusicVolume: 0.5
02:20:21.149 [FXGL Background Thread 3 ] DEBUG Engine               - globalMusicVolumeProperty: DoubleProperty [value: 0.5]
02:20:21.149 [FXGL Background Thread 3 ] DEBUG Engine               - globalSoundVolume: 0.5
02:20:21.149 [FXGL Background Thread 3 ] DEBUG Engine               - globalSoundVolumeProperty: DoubleProperty [value: 0.5]
02:20:21.150 [FXGL Background Thread 3 ] DEBUG Engine               - height: 600
02:20:21.150 [FXGL Background Thread 3 ] DEBUG Engine               - is3D: false
02:20:21.150 [FXGL Background Thread 3 ] DEBUG Engine               - isAndroid: false
02:20:21.150 [FXGL Background Thread 3 ] DEBUG Engine               - isBrowser: false
02:20:21.150 [FXGL Background Thread 3 ] DEBUG Engine               - isClickFeedbackEnabled: false
02:20:21.150 [FXGL Background Thread 3 ] DEBUG Engine               - isCloseConfirmation: false
02:20:21.150 [FXGL Background Thread 3 ] DEBUG Engine               - isDesktop: true
02:20:21.150 [FXGL Background Thread 3 ] DEBUG Engine               - isDeveloperMenuEnabled: false
02:20:21.150 [FXGL Background Thread 3 ] DEBUG Engine               - isEmbedded: false
02:20:21.150 [FXGL Background Thread 3 ] DEBUG Engine               - isEntityPreloadEnabled: true
02:20:21.150 [FXGL Background Thread 3 ] DEBUG Engine               - isExperimentalTiledLargeMap: false
02:20:21.150 [FXGL Background Thread 3 ] DEBUG Engine               - isFileSystemWriteAllowed: true
02:20:21.150 [FXGL Background Thread 3 ] DEBUG Engine               - isFullScreenAllowed: false
02:20:21.150 [FXGL Background Thread 3 ] DEBUG Engine               - isFullScreenFromStart: false
02:20:21.150 [FXGL Background Thread 3 ] DEBUG Engine               - isGameMenuEnabled: true
02:20:21.150 [FXGL Background Thread 3 ] DEBUG Engine               - isIOS: false
02:20:21.150 [FXGL Background Thread 3 ] DEBUG Engine               - isIntroEnabled: false
02:20:21.150 [FXGL Background Thread 3 ] DEBUG Engine               - isLinux: false
02:20:21.150 [FXGL Background Thread 3 ] DEBUG Engine               - isMac: false
02:20:21.150 [FXGL Background Thread 3 ] DEBUG Engine               - isMainMenuEnabled: true
02:20:21.150 [FXGL Background Thread 3 ] DEBUG Engine               - isManualResizeEnabled: false
02:20:21.150 [FXGL Background Thread 3 ] DEBUG Engine               - isMobile: false
02:20:21.150 [FXGL Background Thread 3 ] DEBUG Engine               - isNative: false
02:20:21.150 [FXGL Background Thread 3 ] DEBUG Engine               - isPauseMusicWhenMinimized: true
02:20:21.150 [FXGL Background Thread 3 ] DEBUG Engine               - isPreserveResizeRatio: false
02:20:21.150 [FXGL Background Thread 3 ] DEBUG Engine               - isProfilingEnabled: false
02:20:21.150 [FXGL Background Thread 3 ] DEBUG Engine               - isScaleAffectedOnResize: true
02:20:21.150 [FXGL Background Thread 3 ] DEBUG Engine               - isSingleStep: false
02:20:21.150 [FXGL Background Thread 3 ] DEBUG Engine               - isUserProfileEnabled: false
02:20:21.150 [FXGL Background Thread 3 ] DEBUG Engine               - isWindows: true
02:20:21.150 [FXGL Background Thread 3 ] DEBUG Engine               - language: ObjectProperty [value: ENGLISH]
02:20:21.150 [FXGL Background Thread 3 ] DEBUG Engine               - menuKey: ESCAPE
02:20:21.150 [FXGL Background Thread 3 ] DEBUG Engine               - mouseSensitivity: 0.2
02:20:21.150 [FXGL Background Thread 3 ] DEBUG Engine               - notificationViewClass: class com.almasb.fxgl.notification.view.XboxNotificationView
02:20:21.150 [FXGL Background Thread 3 ] DEBUG Engine               - pixelsPerMeter: 50.0
02:20:21.150 [FXGL Background Thread 3 ] DEBUG Engine               - platform: WINDOWS
02:20:21.151 [FXGL Background Thread 3 ] DEBUG Engine               - prefHeightProperty: ReadOnlyDoubleProperty [value: 600.0]
02:20:21.151 [FXGL Background Thread 3 ] DEBUG Engine               - prefWidthProperty: ReadOnlyDoubleProperty [value: 800.0]
02:20:21.151 [FXGL Background Thread 3 ] DEBUG Engine               - profileDir: profiles/
02:20:21.151 [FXGL Background Thread 3 ] DEBUG Engine               - profileName: StringProperty [value: DEFAULT]
02:20:21.151 [FXGL Background Thread 3 ] DEBUG Engine               - randomSeed: -1
02:20:21.151 [FXGL Background Thread 3 ] DEBUG Engine               - runtimeInfo: RuntimeInfo(platform=WINDOWS, version=dev-SNAPSHOT, build=28.07.2021 16.39)
02:20:21.151 [FXGL Background Thread 3 ] DEBUG Engine               - saveFileExt: sav
02:20:21.151 [FXGL Background Thread 3 ] DEBUG Engine               - scaledHeightProp$fxgl: DoubleProperty [bound, value: 600.0]
02:20:21.151 [FXGL Background Thread 3 ] DEBUG Engine               - scaledWidthProp$fxgl: DoubleProperty [bound, value: 800.0]
02:20:21.151 [FXGL Background Thread 3 ] DEBUG Engine               - sceneFactory: com.groupfour.mygame.App$1@61a8275d
02:20:21.151 [FXGL Background Thread 3 ] DEBUG Engine               - secondsIn24h: 60
02:20:21.151 [FXGL Background Thread 3 ] DEBUG Engine               - soundMenuBack: menu/back.wav
02:20:21.151 [FXGL Background Thread 3 ] DEBUG Engine               - soundMenuPress: menu/press.wav
02:20:21.151 [FXGL Background Thread 3 ] DEBUG Engine               - soundMenuSelect: menu/select.wav
02:20:21.151 [FXGL Background Thread 3 ] DEBUG Engine               - soundNotification: core/notification.wav
02:20:21.151 [FXGL Background Thread 3 ] DEBUG Engine               - stageStyle: DECORATED
02:20:21.151 [FXGL Background Thread 3 ] DEBUG Engine               - supportedLanguages: [ENGLISH, FRENCH, GERMAN, HUNGARIAN, RUSSIAN]
02:20:21.151 [FXGL Background Thread 3 ] DEBUG Engine               - ticksPerSecond: -1
02:20:21.151 [FXGL Background Thread 3 ] DEBUG Engine               - title: Flatline: Oregon
02:20:21.151 [FXGL Background Thread 3 ] DEBUG Engine               - urlGithub: https://github.com/AlmasB/FXGL
02:20:21.151 [FXGL Background Thread 3 ] DEBUG Engine               - urlLeaderboard: http://fxgl-top.herokuapp.com/
02:20:21.151 [FXGL Background Thread 3 ] DEBUG Engine               - urlPOM: https://raw.githubusercontent.com/AlmasB/FXGL/release/README.md
02:20:21.151 [FXGL Background Thread 3 ] DEBUG Engine               - userAppClass: class com.groupfour.mygame.App
02:20:21.151 [FXGL Background Thread 3 ] DEBUG Engine               - version: Alpha 0.3
02:20:21.152 [FXGL Background Thread 3 ] DEBUG Engine               - versionCheckDays: 7
02:20:21.152 [FXGL Background Thread 3 ] DEBUG Engine               - width: 800
02:20:21.152 [FXGL Background Thread 3 ] DEBUG Engine               - Logging services
02:20:21.152 [FXGL Background Thread 3 ] DEBUG Engine               - class com.almasb.fxgl.app.services.FXGLAssetLoaderService
02:20:21.152 [FXGL Background Thread 3 ] DEBUG Engine               - class com.almasb.fxgl.app.FXGLApplication$GameApplicationService
02:20:21.152 [FXGL Background Thread 3 ] DEBUG Engine               - class com.almasb.fxgl.app.services.FXGLDialogService
02:20:21.152 [FXGL Background Thread 3 ] DEBUG Engine               - class com.almasb.fxgl.app.services.IOTaskExecutorService
02:20:21.152 [FXGL Background Thread 3 ] DEBUG Engine               - class com.almasb.fxgl.io.FileSystemService
02:20:21.152 [FXGL Background Thread 3 ] DEBUG Engine               - class com.almasb.fxgl.localization.LocalizationService
02:20:21.152 [FXGL Background Thread 3 ] DEBUG Engine               - class com.almasb.fxgl.app.services.SystemBundleService
02:20:21.152 [FXGL Background Thread 3 ] DEBUG Engine               - class com.almasb.fxgl.profile.SaveLoadService
02:20:21.152 [FXGL Background Thread 3 ] DEBUG Engine               - class com.almasb.fxgl.ui.FXGLUIFactoryServiceProvider
02:20:21.152 [FXGL Background Thread 3 ] DEBUG Engine               - class com.almasb.fxgl.ui.FXGLDialogFactoryServiceProvider
02:20:21.152 [FXGL Background Thread 3 ] DEBUG Engine               - class com.almasb.fxgl.audio.AudioPlayer
02:20:21.152 [FXGL Background Thread 3 ] DEBUG Engine               - class com.almasb.fxgl.notification.impl.NotificationServiceProvider
02:20:21.152 [FXGL Background Thread 3 ] DEBUG Engine               - class com.almasb.fxgl.achievement.AchievementService
02:20:21.152 [FXGL Background Thread 3 ] DEBUG Engine               - class com.almasb.fxgl.cutscene.CutsceneService
02:20:21.152 [FXGL Background Thread 3 ] DEBUG Engine               - class com.almasb.fxgl.minigames.MiniGameService
02:20:21.152 [FXGL Background Thread 3 ] DEBUG Engine               - class com.almasb.fxgl.net.NetService
02:20:21.152 [FXGL Background Thread 3 ] DEBUG Engine               - class com.almasb.fxgl.app.services.UpdaterService
02:20:21.152 [FXGL Background Thread 3 ] DEBUG Engine               - class com.almasb.fxgl.dev.DevService
02:20:21.152 [FXGL Background Thread 3 ] DEBUG Engine               - class com.almasb.fxgl.multiplayer.MultiplayerService
02:20:22.216 [JavaFX Application Thread] DEBUG FXGLApplication      - Exiting FXGL
02:20:22.217 [JavaFX Application Thread] DEBUG Async                - Shutting down background threads
02:20:22.217 [JavaFX Application Thread] DEBUG PrimaryStageWindow   - Closing main window
02:20:22.232 [JavaFX Application Thread] DEBUG Logger               - Closing Logger
