21:23:11.758 [main                     ] DEBUG Logger               - Configured Logger
21:23:11.798 [main                     ] DEBUG GameApplication      - Logging settings
Title: Flatline: Oregon
Version: Beta ?
Width: 800
Height: 600
Fullscreen: false
Intro: false
Profiling: false
Single step:false
App Mode: DEVELOPER
Menu Key: ESCAPE
Stage Style: DECORATED
Scene Factory: class com.groupfour.mygame.App$1

21:23:12.450 [JavaFX Application Thread] DEBUG FXGLApplication      - Initializing FXGL
21:23:12.455 [JavaFX Application Thread] INFO  Engine               - FXGL-dev-SNAPSHOT (28.07.2021 16.39) on WINDOWS (J:11.0.22 FX:16)
21:23:12.457 [JavaFX Application Thread] DEBUG Engine               - JRE Vendor Name: Oracle Corporation
21:23:12.457 [JavaFX Application Thread] DEBUG Engine               - Running on OS: Windows 11 version 10.0
21:23:12.457 [JavaFX Application Thread] DEBUG Engine               - Architecture: amd64
21:23:12.457 [JavaFX Application Thread] INFO  Engine               - Source code and latest versions at: https://github.com/AlmasB/FXGL
21:23:12.458 [JavaFX Application Thread] INFO  Engine               -              Join the FXGL chat at: https://gitter.im/AlmasB/FXGL
21:23:12.570 [JavaFX Application Thread] DEBUG PrimaryStageWindow   - Creating a JavaFX scene
21:23:12.646 [JavaFX Application Thread] DEBUG PrimaryStageWindow   - Target settings size: 800.0 x 600.0
21:23:12.646 [JavaFX Application Thread] DEBUG PrimaryStageWindow   - Scaled scene size:    800.0 x 600.0
21:23:12.647 [JavaFX Application Thread] DEBUG PrimaryStageWindow   - Scaled ratio: (1.0, 1.0)
21:23:12.648 [JavaFX Application Thread] DEBUG PrimaryStageWindow   - Set initial scene to FXGLStartupScene
21:23:12.654 [JavaFX Application Thread] DEBUG PrimaryStageWindow   - Opening main window
21:23:12.804 [JavaFX Application Thread] DEBUG PrimaryStageWindow   - Window border size: (14.4000244140625, 37.5999755859375)
21:23:12.804 [JavaFX Application Thread] DEBUG PrimaryStageWindow   - Scaled size: 800.0 x 600.0
21:23:12.804 [JavaFX Application Thread] DEBUG PrimaryStageWindow   - Scaled ratio: (1.0, 1.0)
21:23:12.804 [JavaFX Application Thread] DEBUG PrimaryStageWindow   - Scene size: 800.0 x 600.0
21:23:12.804 [JavaFX Application Thread] DEBUG PrimaryStageWindow   - Stage size: 814.4000244140625 x 637.5999755859375
21:23:12.812 [FXGL Background Thread 1 ] DEBUG Engine               - Initializing environment variables
21:23:12.867 [FXGL Background Thread 1 ] DEBUG FXGLAssetLoaderServi - User app class for loading assets: class com.groupfour.mygame.App
21:23:12.867 [FXGL Background Thread 1 ] DEBUG GameApplicationServi - Applying CSS: fxgl_dark.css
21:23:12.868 [FXGL Background Thread 1 ] DEBUG FXGLAssetLoaderServi - Loading from file system: jar:file:///C:/Users/acer/.m2/repository/com/github/almasb/fxgl/dev-SNAPSHOT/fxgl-dev-SNAPSHOT.jar!/fxglassets/ui/css/fxgl_dark.css
21:23:12.926 [FXGL Background Thread 1 ] DEBUG GameApplicationServi - Initializing application scenes
21:23:12.969 [FXGL Background Thread 1 ] DEBUG GameWorld            - Game world initialized
21:23:13.032 [FXGL Background Thread 1 ] DEBUG PhysicsWorld         - Physics world initialized: appHeight=600, physics.ppm=50.0
21:23:13.033 [FXGL Background Thread 1 ] DEBUG PhysicsWorld         - Using strategy: BRUTE_FORCE
21:23:13.035 [FXGL Background Thread 1 ] DEBUG GameScene            - Game scene initialized: 800x600
21:23:13.052 [FXGL Background Thread 1 ] DEBUG FXGL.DefaultMenu     - createMenuBodyMainMenu()
21:23:13.074 [FXGL Background Thread 1 ] DEBUG FXGL.DefaultMenu     - createOptionsMenu()
21:23:13.087 [FXGL Background Thread 1 ] DEBUG FXGLAssetLoaderServi - Loading from file system: jar:file:///C:/Users/acer/.m2/repository/com/github/almasb/fxgl/dev-SNAPSHOT/fxgl-dev-SNAPSHOT.jar!/fxglassets/textures/particles/smoke.png
21:23:13.185 [FXGL Background Thread 1 ] DEBUG FXGLAssetLoaderServi - Loading from file system: jar:file:///C:/Users/acer/.m2/repository/com/github/almasb/fxgl/dev-SNAPSHOT/fxgl-dev-SNAPSHOT.jar!/fxglassets/textures/particles/trace_horizontal.png
21:23:13.210 [FXGL Background Thread 1 ] DEBUG FXGLAssetLoaderServi - Loading from file system: file:/C:/Users/acer/OneDrive/Desktop/git%20pull/CSS124L-FINAL-PROJECT/fp/target/classes/assets/ui/fonts/PIXELADE.TTF
21:23:13.795 [FXGL Background Thread 1 ] DEBUG FXGLAssetLoaderServi - Loading from file system: file:/C:/Users/acer/OneDrive/Desktop/git%20pull/CSS124L-FINAL-PROJECT/fp/target/classes/assets/textures/spbtn.png
21:23:13.818 [FXGL Background Thread 1 ] DEBUG FXGLAssetLoaderServi - Loading from file system: file:/C:/Users/acer/OneDrive/Desktop/git%20pull/CSS124L-FINAL-PROJECT/fp/target/classes/assets/textures/mpbtn.png
21:23:13.825 [FXGL Background Thread 1 ] DEBUG FXGLAssetLoaderServi - Loading from file system: file:/C:/Users/acer/OneDrive/Desktop/git%20pull/CSS124L-FINAL-PROJECT/fp/target/classes/assets/textures/return.png
21:23:13.846 [FXGL Background Thread 1 ] DEBUG GameApplicationServi - Application scenes initialized
21:23:13.857 [FXGL Background Thread 1 ] DEBUG SystemBundleService  - Loading FXGL system data
21:23:13.865 [FXGL Background Thread 1 ] DEBUG FileSystemAccess     - Reading from: C:\Users\acer\OneDrive\Desktop\git pull\CSS124L-FINAL-PROJECT\system\fxgl.bundle
21:23:13.870 [FXGL Background Thread 1 ] DEBUG SystemBundleService  - Bundle FXGL: {}
21:23:13.870 [FXGL Background Thread 1 ] DEBUG UpdaterService       - Checking for updates
21:23:13.903 [FXGL Background Thread 1 ] DEBUG FXGLApplication      - Loading default localization
21:23:13.903 [FXGL Background Thread 4 ] DEBUG FXGLApplication      - Loading fonts
21:23:13.904 [FXGL Background Thread 1 ] DEBUG FXGLAssetLoaderServi - Loading from file system: jar:file:///C:/Users/acer/.m2/repository/com/github/almasb/fxgl/dev-SNAPSHOT/fxgl-dev-SNAPSHOT.jar!/fxglassets/languages/english.lang
21:23:13.904 [FXGL Background Thread 4 ] DEBUG FXGLAssetLoaderServi - Loading from file system: jar:file:///C:/Users/acer/.m2/repository/com/github/almasb/fxgl/dev-SNAPSHOT/fxgl-dev-SNAPSHOT.jar!/fxglassets/ui/fonts/VarelaRound-Regular.ttf
21:23:13.914 [FXGL Background Thread 4 ] DEBUG FXGLAssetLoaderServi - Loading from file system: jar:file:///C:/Users/acer/.m2/repository/com/github/almasb/fxgl/dev-SNAPSHOT/fxgl-dev-SNAPSHOT.jar!/fxglassets/ui/fonts/Abel-Regular.ttf
21:23:13.921 [FXGL Background Thread 4 ] DEBUG FXGLAssetLoaderServi - Loading from file system: jar:file:///C:/Users/acer/.m2/repository/com/github/almasb/fxgl/dev-SNAPSHOT/fxgl-dev-SNAPSHOT.jar!/fxglassets/ui/fonts/lucida_console.ttf
21:23:13.921 [FXGL Background Thread 1 ] INFO  FXGLApplication      - FXGL initialization took: 1.109 sec
21:23:13.938 [JavaFX Application Thread] DEBUG Input                - Registered new binding: Move Upwards - W
21:23:13.939 [JavaFX Application Thread] DEBUG Input                - Registered new binding: Move Down - S
21:23:13.939 [JavaFX Application Thread] DEBUG Input                - Registered new binding: Move Left - A
21:23:13.940 [JavaFX Application Thread] DEBUG Input                - Registered new binding: Move Right - D
21:23:13.940 [JavaFX Application Thread] DEBUG Input                - Registered new binding: Reload - R
21:23:13.941 [FXGL Background Thread 4 ] DEBUG FXGLAssetLoaderServi - Loading from file system: jar:file:///C:/Users/acer/.m2/repository/com/github/almasb/fxgl/dev-SNAPSHOT/fxgl-dev-SNAPSHOT.jar!/fxglassets/ui/fonts/Courier-Prime.ttf
21:23:13.942 [JavaFX Application Thread] DEBUG Input                - Registered new binding: Shoot - LMB
21:23:13.942 [JavaFX Application Thread] DEBUG Input                - Registered new binding: Switch Weapons - Q
21:23:13.942 [JavaFX Application Thread] DEBUG Input                - Registered new binding: Interact - F
21:23:13.943 [JavaFX Application Thread] DEBUG FXGLAssetLoaderServi - Loading from file system: file:/C:/Users/acer/OneDrive/Desktop/git%20pull/CSS124L-FINAL-PROJECT/fp/target/classes/assets/music/titleBGM.mp3
21:23:14.138 [JavaFX Application Thread] DEBUG AudioPlayer          - Playing music com.almasb.fxgl.audio.Music@6210e617
21:23:14.139 [JavaFX Application Thread] DEBUG FXGLAssetLoaderServi - Loading from file system: jar:file:///C:/Users/acer/.m2/repository/com/github/almasb/fxgl/dev-SNAPSHOT/fxgl-dev-SNAPSHOT.jar!/fxglassets/textures/fxgl_icon.png
21:23:14.152 [JavaFX Application Thread] DEBUG FXGLAssetLoaderServi - Loading from file system: jar:file:///C:/Users/acer/.m2/repository/com/github/almasb/fxgl/dev-SNAPSHOT/fxgl-dev-SNAPSHOT.jar!/fxglassets/textures/fxgl_default_cursor.png
21:23:14.155 [JavaFX Application Thread] DEBUG Input                - Registered new binding: Screenshot - CTRL+8
21:23:14.155 [JavaFX Application Thread] DEBUG Input                - Registered new binding: Dev Options - 1
21:23:14.156 [JavaFX Application Thread] DEBUG Input                - Registered new binding: Dev Console - 2
21:23:14.156 [JavaFX Application Thread] DEBUG Input                - Registered new binding: System info dump - CTRL+9
21:23:14.157 [JavaFX Application Thread] DEBUG Input                - Registered new binding: Restart - CTRL+R
21:23:14.157 [JavaFX Application Thread] DEBUG Input                - Registered new binding: Toggle Debug Camera - CTRL+C
21:23:14.171 [JavaFX Application Thread] DEBUG LoopRunner           - Starting loop
21:23:14.185 [JavaFX Application Thread] DEBUG LoopRunner           - Initializing JavaFX AnimationTimerLoop
21:23:14.188 [JavaFX Application Thread] DEBUG Input                - Clearing active input actions
21:23:14.197 [JavaFX Application Thread] DEBUG GameApplicationServi - Removing overlay from FXGLStartupScene and adding to FXGLMainMenuDummyScene
21:23:14.202 [JavaFX Application Thread] DEBUG PrimaryStageWindow   - FXGLStartupScene -> FXGLMainMenuDummyScene
21:23:14.203 [JavaFX Application Thread] DEBUG PrimaryStageWindow   - Push state: FXGLDefaultMenu
21:23:14.208 [JavaFX Application Thread] DEBUG Input                - Clearing active input actions
21:23:14.218 [JavaFX Application Thread] DEBUG GameApplicationServi - Removing overlay from FXGLMainMenuDummyScene and adding to FXGLDefaultMenu
21:23:14.219 [JavaFX Application Thread] DEBUG PrimaryStageWindow   - FXGLMainMenuDummyScene -> FXGLDefaultMenu
21:23:14.219 [JavaFX Application Thread] DEBUG FXGLApplication      - Registering font factories with UI factory
21:23:14.561 [FXGL Background Thread 2 ] INFO  UpdaterService       - Your current version:  dev-SNAPSHOT
21:23:14.562 [FXGL Background Thread 2 ] INFO  UpdaterService       - Latest stable version: 21.1
21:23:16.902 [FXGL Background Thread 3 ] DEBUG Engine               - Logging environment variables
21:23:16.902 [FXGL Background Thread 3 ] DEBUG Engine               - achievements: []
21:23:16.902 [FXGL Background Thread 3 ] DEBUG Engine               - actualHeight: 600.0
21:23:16.903 [FXGL Background Thread 3 ] DEBUG Engine               - actualHeightProperty: ReadOnlyDoubleProperty [value: 600.0]
21:23:16.903 [FXGL Background Thread 3 ] DEBUG Engine               - actualWidth: 800.0
21:23:16.903 [FXGL Background Thread 3 ] DEBUG Engine               - actualWidthProperty: ReadOnlyDoubleProperty [value: 800.0]
21:23:16.903 [FXGL Background Thread 3 ] DEBUG Engine               - appIcon: fxgl_icon.png
21:23:16.904 [FXGL Background Thread 3 ] DEBUG Engine               - applicationMode: DEVELOPER
21:23:16.904 [FXGL Background Thread 3 ] DEBUG Engine               - cSSList: [fxgl_dark.css]
21:23:16.904 [FXGL Background Thread 3 ] DEBUG Engine               - collisionDetectionStrategy: BRUTE_FORCE
21:23:16.904 [FXGL Background Thread 3 ] DEBUG Engine               - configClass: Optional.empty
21:23:16.905 [FXGL Background Thread 3 ] DEBUG Engine               - credits: []
21:23:16.905 [FXGL Background Thread 3 ] DEBUG Engine               - defaultCursor: CursorInfo(imageName=fxgl_default_cursor.png, hotspotX=7.0, hotspotY=6.0)
21:23:16.906 [FXGL Background Thread 3 ] DEBUG Engine               - devBBoxColorProperty: ObjectProperty [value: 0xff0000ff]
21:23:16.906 [FXGL Background Thread 3 ] DEBUG Engine               - devEnableDebugCameraProperty: BooleanProperty [value: false]
21:23:16.906 [FXGL Background Thread 3 ] DEBUG Engine               - devSensorColorProperty: ObjectProperty [value: 0xffff00ff]
21:23:16.907 [FXGL Background Thread 3 ] DEBUG Engine               - devShowBBoxProperty: BooleanProperty [value: false]
21:23:16.907 [FXGL Background Thread 3 ] DEBUG Engine               - devShowPositionProperty: BooleanProperty [value: false]
21:23:16.907 [FXGL Background Thread 3 ] DEBUG Engine               - enabledMenuItems: []
21:23:16.908 [FXGL Background Thread 3 ] DEBUG Engine               - engineServices: [class com.almasb.fxgl.app.services.FXGLAssetLoaderService, class com.almasb.fxgl.app.FXGLApplication$GameApplicationService, class com.almasb.fxgl.app.services.FXGLDialogService, class com.almasb.fxgl.app.services.IOTaskExecutorService, class com.almasb.fxgl.io.FileSystemService, class com.almasb.fxgl.localization.LocalizationService, class com.almasb.fxgl.app.services.SystemBundleService, class com.almasb.fxgl.profile.SaveLoadService, class com.almasb.fxgl.ui.FXGLUIFactoryServiceProvider, class com.almasb.fxgl.ui.FXGLDialogFactoryServiceProvider, class com.almasb.fxgl.audio.AudioPlayer, class com.almasb.fxgl.notification.impl.NotificationServiceProvider, class com.almasb.fxgl.achievement.AchievementService, class com.almasb.fxgl.cutscene.CutsceneService, class com.almasb.fxgl.minigames.MiniGameService, class com.almasb.fxgl.net.NetService, class com.almasb.fxgl.app.services.UpdaterService, class com.almasb.fxgl.dev.DevService, class com.almasb.fxgl.multiplayer.MultiplayerService]
21:23:16.908 [FXGL Background Thread 3 ] DEBUG Engine               - fontGame: Abel-Regular.ttf
21:23:16.908 [FXGL Background Thread 3 ] DEBUG Engine               - fontMono: lucida_console.ttf
21:23:16.908 [FXGL Background Thread 3 ] DEBUG Engine               - fontText: Courier-Prime.ttf
21:23:16.908 [FXGL Background Thread 3 ] DEBUG Engine               - fontUI: VarelaRound-Regular.ttf
21:23:16.908 [FXGL Background Thread 3 ] DEBUG Engine               - fullScreen: BooleanProperty [value: false]
21:23:16.908 [FXGL Background Thread 3 ] DEBUG Engine               - gameDifficulty: MEDIUM
21:23:16.908 [FXGL Background Thread 3 ] DEBUG Engine               - gameDifficultyProperty: ObjectProperty [value: MEDIUM]
21:23:16.909 [FXGL Background Thread 3 ] DEBUG Engine               - globalMusicVolume: 0.5
21:23:16.909 [FXGL Background Thread 3 ] DEBUG Engine               - globalMusicVolumeProperty: DoubleProperty [value: 0.5]
21:23:16.910 [FXGL Background Thread 3 ] DEBUG Engine               - globalSoundVolume: 0.5
21:23:16.910 [FXGL Background Thread 3 ] DEBUG Engine               - globalSoundVolumeProperty: DoubleProperty [value: 0.5]
21:23:16.910 [FXGL Background Thread 3 ] DEBUG Engine               - height: 600
21:23:16.910 [FXGL Background Thread 3 ] DEBUG Engine               - is3D: false
21:23:16.910 [FXGL Background Thread 3 ] DEBUG Engine               - isAndroid: false
21:23:16.910 [FXGL Background Thread 3 ] DEBUG Engine               - isBrowser: false
21:23:16.910 [FXGL Background Thread 3 ] DEBUG Engine               - isClickFeedbackEnabled: false
21:23:16.910 [FXGL Background Thread 3 ] DEBUG Engine               - isCloseConfirmation: false
21:23:16.912 [FXGL Background Thread 3 ] DEBUG Engine               - isDesktop: true
21:23:16.914 [FXGL Background Thread 3 ] DEBUG Engine               - isDeveloperMenuEnabled: true
21:23:16.914 [FXGL Background Thread 3 ] DEBUG Engine               - isEmbedded: false
21:23:16.914 [FXGL Background Thread 3 ] DEBUG Engine               - isEntityPreloadEnabled: true
21:23:16.914 [FXGL Background Thread 3 ] DEBUG Engine               - isExperimentalTiledLargeMap: false
21:23:16.915 [FXGL Background Thread 3 ] DEBUG Engine               - isFileSystemWriteAllowed: true
21:23:16.915 [FXGL Background Thread 3 ] DEBUG Engine               - isFullScreenAllowed: false
21:23:16.915 [FXGL Background Thread 3 ] DEBUG Engine               - isFullScreenFromStart: false
21:23:16.915 [FXGL Background Thread 3 ] DEBUG Engine               - isGameMenuEnabled: true
21:23:16.915 [FXGL Background Thread 3 ] DEBUG Engine               - isIOS: false
21:23:16.915 [FXGL Background Thread 3 ] DEBUG Engine               - isIntroEnabled: false
21:23:16.916 [FXGL Background Thread 3 ] DEBUG Engine               - isLinux: false
21:23:16.916 [FXGL Background Thread 3 ] DEBUG Engine               - isMac: false
21:23:16.916 [FXGL Background Thread 3 ] DEBUG Engine               - isMainMenuEnabled: true
21:23:16.916 [FXGL Background Thread 3 ] DEBUG Engine               - isManualResizeEnabled: false
21:23:16.916 [FXGL Background Thread 3 ] DEBUG Engine               - isMobile: false
21:23:16.917 [FXGL Background Thread 3 ] DEBUG Engine               - isNative: false
21:23:16.917 [FXGL Background Thread 3 ] DEBUG Engine               - isPauseMusicWhenMinimized: true
21:23:16.917 [FXGL Background Thread 3 ] DEBUG Engine               - isPreserveResizeRatio: false
21:23:16.917 [FXGL Background Thread 3 ] DEBUG Engine               - isProfilingEnabled: false
21:23:16.917 [FXGL Background Thread 3 ] DEBUG Engine               - isScaleAffectedOnResize: true
21:23:16.917 [FXGL Background Thread 3 ] DEBUG Engine               - isSingleStep: false
21:23:16.917 [FXGL Background Thread 3 ] DEBUG Engine               - isUserProfileEnabled: false
21:23:16.917 [FXGL Background Thread 3 ] DEBUG Engine               - isWindows: true
21:23:16.917 [FXGL Background Thread 3 ] DEBUG Engine               - language: ObjectProperty [value: ENGLISH]
21:23:16.917 [FXGL Background Thread 3 ] DEBUG Engine               - menuKey: ESCAPE
21:23:16.918 [FXGL Background Thread 3 ] DEBUG Engine               - mouseSensitivity: 0.2
21:23:16.918 [FXGL Background Thread 3 ] DEBUG Engine               - notificationViewClass: class com.almasb.fxgl.notification.view.XboxNotificationView
21:23:16.918 [FXGL Background Thread 3 ] DEBUG Engine               - pixelsPerMeter: 50.0
21:23:16.918 [FXGL Background Thread 3 ] DEBUG Engine               - platform: WINDOWS
21:23:16.918 [FXGL Background Thread 3 ] DEBUG Engine               - prefHeightProperty: ReadOnlyDoubleProperty [value: 600.0]
21:23:16.918 [FXGL Background Thread 3 ] DEBUG Engine               - prefWidthProperty: ReadOnlyDoubleProperty [value: 800.0]
21:23:16.918 [FXGL Background Thread 3 ] DEBUG Engine               - profileDir: profiles/
21:23:16.919 [FXGL Background Thread 3 ] DEBUG Engine               - profileName: StringProperty [value: DEFAULT]
21:23:16.919 [FXGL Background Thread 3 ] DEBUG Engine               - randomSeed: -1
21:23:16.919 [FXGL Background Thread 3 ] DEBUG Engine               - runtimeInfo: RuntimeInfo(platform=WINDOWS, version=dev-SNAPSHOT, build=28.07.2021 16.39)
21:23:16.919 [FXGL Background Thread 3 ] DEBUG Engine               - saveFileExt: sav
21:23:16.919 [FXGL Background Thread 3 ] DEBUG Engine               - scaledHeightProp$fxgl: DoubleProperty [bound, value: 600.0]
21:23:16.919 [FXGL Background Thread 3 ] DEBUG Engine               - scaledWidthProp$fxgl: DoubleProperty [bound, value: 800.0]
21:23:16.920 [FXGL Background Thread 3 ] DEBUG Engine               - sceneFactory: com.groupfour.mygame.App$1@2677fcb7
21:23:16.920 [FXGL Background Thread 3 ] DEBUG Engine               - secondsIn24h: 60
21:23:16.920 [FXGL Background Thread 3 ] DEBUG Engine               - soundMenuBack: menu/back.wav
21:23:16.920 [FXGL Background Thread 3 ] DEBUG Engine               - soundMenuPress: titleSelect.mp3
21:23:16.920 [FXGL Background Thread 3 ] DEBUG Engine               - soundMenuSelect: menu/select.wav
21:23:16.920 [FXGL Background Thread 3 ] DEBUG Engine               - soundNotification: core/notification.wav
21:23:16.920 [FXGL Background Thread 3 ] DEBUG Engine               - stageStyle: DECORATED
21:23:16.920 [FXGL Background Thread 3 ] DEBUG Engine               - supportedLanguages: [ENGLISH, FRENCH, GERMAN, HUNGARIAN, RUSSIAN]
21:23:16.920 [FXGL Background Thread 3 ] DEBUG Engine               - ticksPerSecond: -1
21:23:16.920 [FXGL Background Thread 3 ] DEBUG Engine               - title: Flatline: Oregon
21:23:16.920 [FXGL Background Thread 3 ] DEBUG Engine               - urlGithub: https://github.com/AlmasB/FXGL
21:23:16.920 [FXGL Background Thread 3 ] DEBUG Engine               - urlLeaderboard: http://fxgl-top.herokuapp.com/
21:23:16.920 [FXGL Background Thread 3 ] DEBUG Engine               - urlPOM: https://raw.githubusercontent.com/AlmasB/FXGL/release/README.md
21:23:16.920 [FXGL Background Thread 3 ] DEBUG Engine               - userAppClass: class com.groupfour.mygame.App
21:23:16.920 [FXGL Background Thread 3 ] DEBUG Engine               - version: Beta ?
21:23:16.920 [FXGL Background Thread 3 ] DEBUG Engine               - versionCheckDays: 7
21:23:16.921 [FXGL Background Thread 3 ] DEBUG Engine               - width: 800
21:23:16.921 [FXGL Background Thread 3 ] DEBUG Engine               - Logging services
21:23:16.921 [FXGL Background Thread 3 ] DEBUG Engine               - class com.almasb.fxgl.app.services.FXGLAssetLoaderService
21:23:16.921 [FXGL Background Thread 3 ] DEBUG Engine               - class com.almasb.fxgl.app.FXGLApplication$GameApplicationService
21:23:16.921 [FXGL Background Thread 3 ] DEBUG Engine               - class com.almasb.fxgl.app.services.FXGLDialogService
21:23:16.921 [FXGL Background Thread 3 ] DEBUG Engine               - class com.almasb.fxgl.app.services.IOTaskExecutorService
21:23:16.921 [FXGL Background Thread 3 ] DEBUG Engine               - class com.almasb.fxgl.io.FileSystemService
21:23:16.921 [FXGL Background Thread 3 ] DEBUG Engine               - class com.almasb.fxgl.localization.LocalizationService
21:23:16.921 [FXGL Background Thread 3 ] DEBUG Engine               - class com.almasb.fxgl.app.services.SystemBundleService
21:23:16.921 [FXGL Background Thread 3 ] DEBUG Engine               - class com.almasb.fxgl.profile.SaveLoadService
21:23:16.921 [FXGL Background Thread 3 ] DEBUG Engine               - class com.almasb.fxgl.ui.FXGLUIFactoryServiceProvider
21:23:16.921 [FXGL Background Thread 3 ] DEBUG Engine               - class com.almasb.fxgl.ui.FXGLDialogFactoryServiceProvider
21:23:16.921 [FXGL Background Thread 3 ] DEBUG Engine               - class com.almasb.fxgl.audio.AudioPlayer
21:23:16.921 [FXGL Background Thread 3 ] DEBUG Engine               - class com.almasb.fxgl.notification.impl.NotificationServiceProvider
21:23:16.922 [FXGL Background Thread 3 ] DEBUG Engine               - class com.almasb.fxgl.achievement.AchievementService
21:23:16.922 [FXGL Background Thread 3 ] DEBUG Engine               - class com.almasb.fxgl.cutscene.CutsceneService
21:23:16.922 [FXGL Background Thread 3 ] DEBUG Engine               - class com.almasb.fxgl.minigames.MiniGameService
21:23:16.922 [FXGL Background Thread 3 ] DEBUG Engine               - class com.almasb.fxgl.net.NetService
21:23:16.922 [FXGL Background Thread 3 ] DEBUG Engine               - class com.almasb.fxgl.app.services.UpdaterService
21:23:16.922 [FXGL Background Thread 3 ] DEBUG Engine               - class com.almasb.fxgl.dev.DevService
21:23:16.922 [FXGL Background Thread 3 ] DEBUG Engine               - class com.almasb.fxgl.multiplayer.MultiplayerService
21:23:21.664 [JavaFX Application Thread] DEBUG Menu                 - fireNewGame()
21:23:21.664 [JavaFX Application Thread] DEBUG GameApplicationServi - Starting new game
21:23:21.666 [JavaFX Application Thread] DEBUG PrimaryStageWindow   - Pop state: FXGLDefaultMenu
21:23:21.667 [JavaFX Application Thread] DEBUG Input                - Clearing active input actions
21:23:21.669 [JavaFX Application Thread] DEBUG GameApplicationServi - Removing overlay from FXGLDefaultMenu and adding to FXGLMainMenuDummyScene
21:23:21.671 [JavaFX Application Thread] DEBUG PrimaryStageWindow   - FXGLMainMenuDummyScene <- FXGLDefaultMenu
21:23:21.671 [JavaFX Application Thread] DEBUG Input                - Clearing active input actions
21:23:21.678 [JavaFX Application Thread] DEBUG GameApplicationServi - Removing overlay from FXGLMainMenuDummyScene and adding to FXGLLoadingScene
21:23:21.678 [JavaFX Application Thread] DEBUG PrimaryStageWindow   - FXGLMainMenuDummyScene -> FXGLLoadingScene
21:23:21.679 [JavaFX Application Thread] DEBUG GameApplicationServi - Clearing previous game
21:23:21.679 [JavaFX Application Thread] DEBUG GameScene            - Clearing game scene
21:23:21.679 [JavaFX Application Thread] DEBUG GameWorld            - Clearing game world
21:23:21.679 [JavaFX Application Thread] DEBUG PhysicsWorld         - Clearing physics world
21:23:21.680 [FXGL Background Thread 2 ] DEBUG FXGLApplication      - Initializing game
21:23:21.738 [FXGL Background Thread 2 ] WARN  TMXLevelLoader       - TiledMap generated from 1.11.0. Supported version: 1.2.3. Some features may not be parsed fully.
21:23:21.750 [FXGL Background Thread 2 ] DEBUG TMXLevelLoader       - Parsed TiledMap: file:/C:/Users/acer/OneDrive/Desktop/git%20pull/CSS124L-FINAL-PROJECT/fp/target/classes/assets/levels/Lobby.tmx
21:23:21.752 [FXGL Background Thread 2 ] DEBUG TMXLevelLoader       - Creating tile layer entities
21:23:21.752 [FXGL Background Thread 2 ] DEBUG TilesetLoader        - Loading view for layer Tile Layer 1
21:23:21.757 [FXGL Background Thread 2 ] DEBUG TilesetLoader        - Created buffer with size 1280.0x768.0
21:23:21.768 [FXGL Background Thread 2 ] DEBUG TMXLevelLoader       - Creating object layer entities
21:23:21.789 [FXGL Background Thread 2 ] DEBUG GameWorld            - Clearing removable entities
21:23:21.790 [FXGL Background Thread 2 ] DEBUG GameWorld            - Setting level: com.almasb.fxgl.entity.level.Level@63b4ba29
21:23:21.807 [FXGL Background Thread 2 ] INFO  FXGLApplication      - Game initialization took: 0.127 sec
21:23:21.809 [JavaFX Application Thread] DEBUG Input                - Clearing active input actions
21:23:21.818 [JavaFX Application Thread] DEBUG GameApplicationServi - Removing overlay from FXGLLoadingScene and adding to GameScene
21:23:21.822 [JavaFX Application Thread] DEBUG PrimaryStageWindow   - FXGLLoadingScene -> GameScene
21:23:21.824 [JavaFX Application Thread] DEBUG FXGLAssetLoaderServi - Loading from file system: file:/C:/Users/acer/OneDrive/Desktop/git%20pull/CSS124L-FINAL-PROJECT/fp/target/classes/assets/textures/Interactables/microwave_close.png
21:23:21.826 [JavaFX Application Thread] DEBUG PrimaryStageWindow   - Push state: PCM_BG
21:23:21.826 [JavaFX Application Thread] DEBUG Input                - Clearing active input actions
21:23:21.827 [JavaFX Application Thread] DEBUG GameApplicationServi - Removing overlay from GameScene and adding to PCM_BG
21:23:21.828 [JavaFX Application Thread] DEBUG PrimaryStageWindow   - GameScene -> PCM_BG
21:23:21.838 [JavaFX Application Thread] DEBUG PrimaryStageWindow   - Push state: PlayerCountMenu
21:23:21.839 [JavaFX Application Thread] DEBUG Input                - Clearing active input actions
21:23:21.839 [JavaFX Application Thread] DEBUG GameApplicationServi - Removing overlay from PCM_BG and adding to PlayerCountMenu
21:23:21.845 [JavaFX Application Thread] DEBUG PrimaryStageWindow   - PCM_BG -> PlayerCountMenu
21:23:22.485 [JavaFX Application Thread] DEBUG PrimaryStageWindow   - Push state: DialogSubScene
21:23:22.486 [JavaFX Application Thread] DEBUG Input                - Clearing active input actions
21:23:22.487 [JavaFX Application Thread] DEBUG GameApplicationServi - Removing overlay from PlayerCountMenu and adding to DialogSubScene
21:23:22.488 [JavaFX Application Thread] DEBUG PrimaryStageWindow   - PlayerCountMenu -> DialogSubScene
21:23:23.117 [JavaFX Application Thread] DEBUG PrimaryStageWindow   - Pop state: DialogSubScene
21:23:23.117 [JavaFX Application Thread] DEBUG Input                - Clearing active input actions
21:23:23.119 [JavaFX Application Thread] DEBUG GameApplicationServi - Removing overlay from DialogSubScene and adding to PlayerCountMenu
21:23:23.121 [JavaFX Application Thread] DEBUG PrimaryStageWindow   - PlayerCountMenu <- DialogSubScene
21:23:23.138 [JavaFX Application Thread] DEBUG FXGLAssetLoaderServi - Loading from file system: file:/C:/Users/acer/OneDrive/Desktop/git%20pull/CSS124L-FINAL-PROJECT/fp/target/classes/assets/sounds/Reload.mp3
21:23:23.149 [JavaFX Application Thread] DEBUG FXGLAssetLoaderServi - Loading from file system: file:/C:/Users/acer/OneDrive/Desktop/git%20pull/CSS124L-FINAL-PROJECT/fp/target/classes/assets/sounds/BerettaM9_Shoot.mp3
21:23:23.161 [JavaFX Application Thread] DEBUG FXGLAssetLoaderServi - Loading from file system: file:/C:/Users/acer/OneDrive/Desktop/git%20pull/CSS124L-FINAL-PROJECT/fp/target/classes/assets/textures/Weapons/Idle/BerettaM9_Idle.png
21:23:23.163 [JavaFX Application Thread] DEBUG FXGLAssetLoaderServi - Loading from file system: file:/C:/Users/acer/OneDrive/Desktop/git%20pull/CSS124L-FINAL-PROJECT/fp/target/classes/assets/textures/Weapons/Shooting/BerettaM9_Shooting.png
21:23:23.168 [JavaFX Application Thread] DEBUG FXGLAssetLoaderServi - Loading from file system: file:/C:/Users/acer/OneDrive/Desktop/git%20pull/CSS124L-FINAL-PROJECT/fp/target/classes/assets/textures/Players/1P_Shoot.png
21:23:23.173 [JavaFX Application Thread] DEBUG FXGLAssetLoaderServi - Loading from file system: file:/C:/Users/acer/OneDrive/Desktop/git%20pull/CSS124L-FINAL-PROJECT/fp/target/classes/assets/textures/Interactables/vending_machine.png
21:23:23.200 [ClientAsyncConnThread    ] DEBUG TCPClient            - Connecting to localhost:55555 type: class com.almasb.fxgl.core.serialization.Bundle
21:23:23.208 [ClientAsyncConnThread    ] DEBUG TCPClient            - Created socket to localhost:55555
21:23:23.217 [ClientAsyncConnThread    ] DEBUG Endpoint             - TCPClient opening new connection (1) from localhost/127.0.0.1:55555 type: class com.almasb.fxgl.core.serialization.Bundle
21:23:23.221 [ClientAsyncConnThread    ] DEBUG Endpoint             - TCPClient successfully opened connection (1)
21:23:23.230 [TCPClient_RecvThread-1   ] DEBUG Readers              - Getting TCPMessageReader for class com.almasb.fxgl.core.serialization.Bundle
21:23:23.230 [JavaFX Application Thread] DEBUG PrimaryStageWindow   - Pop state: PlayerCountMenu
21:23:23.230 [JavaFX Application Thread] DEBUG Input                - Clearing active input actions
21:23:23.231 [JavaFX Application Thread] DEBUG GameApplicationServi - Removing overlay from PlayerCountMenu and adding to PCM_BG
21:23:23.232 [JavaFX Application Thread] DEBUG PrimaryStageWindow   - PCM_BG <- PlayerCountMenu
21:23:23.233 [JavaFX Application Thread] DEBUG PrimaryStageWindow   - Pop state: PCM_BG
21:23:23.233 [JavaFX Application Thread] DEBUG Input                - Clearing active input actions
21:23:23.233 [JavaFX Application Thread] DEBUG GameApplicationServi - Removing overlay from PCM_BG and adding to GameScene
21:23:23.233 [JavaFX Application Thread] DEBUG PrimaryStageWindow   - GameScene <- PCM_BG
21:23:23.235 [TCPClient_SendThread-1   ] DEBUG Writers              - Getting TCPMessageWriter for class com.almasb.fxgl.core.serialization.Bundle
21:23:23.239 [TCPClient_SendThread-1   ] DEBUG Writers              - Constructed TCPMessageWriter for class com.almasb.fxgl.core.serialization.Bundle: BundleTCPMessageWriter
21:23:23.300 [TCPClient_RecvThread-1   ] DEBUG Readers              - Constructed MessageReader for class com.almasb.fxgl.core.serialization.Bundle: BundleTCPMessageReader
21:23:29.701 [TCPClient_RecvThread-1   ] DEBUG Endpoint             - Connection 1 was unexpectedly disconnected: Connection reset
21:23:29.702 [TCPClient_RecvThread-1   ] DEBUG Connection           - Closing connection 1
21:23:29.707 [TCPClient_RecvThread-1   ] DEBUG Connection           - Connection 1 was correctly closed from local endpoint.
21:23:29.707 [TCPClient_RecvThread-1   ] DEBUG Endpoint             - TCPClient connection (1) was closed
21:23:31.214 [JavaFX Application Thread] DEBUG FXGLApplication      - Exiting FXGL
21:23:31.214 [JavaFX Application Thread] DEBUG LoopRunner           - Stopping loop
21:23:31.214 [JavaFX Application Thread] DEBUG SystemBundleService  - Saving FXGL system data
21:23:31.217 [JavaFX Application Thread] DEBUG FileSystemAccess     - Writing to: C:\Users\acer\OneDrive\Desktop\git pull\CSS124L-FINAL-PROJECT\system\fxgl.bundle
21:23:31.220 [JavaFX Application Thread] DEBUG Async                - Shutting down background threads
21:23:31.220 [JavaFX Application Thread] DEBUG PrimaryStageWindow   - Closing main window
21:23:31.263 [JavaFX Application Thread] DEBUG Logger               - Closing Logger
