13:54:25.616 [main                     ] DEBUG Logger               - Configured Logger
13:54:25.646 [main                     ] DEBUG GameApplication      - Logging settings
Title: Flatline: Oregon
Version: Alpha 0.3
Width: 800
Height: 600
Fullscreen: false
Intro: false
Profiling: false
Single step:false
App Mode: DEVELOPER
Menu Key: ESCAPE
Stage Style: DECORATED
Scene Factory: class com.groupfour.mygame.App$1

13:54:26.272 [JavaFX Application Thread] DEBUG FXGLApplication      - Initializing FXGL
13:54:26.277 [JavaFX Application Thread] INFO  Engine               - FXGL-dev-SNAPSHOT (28.07.2021 16.39) on WINDOWS (J:11.0.22 FX:16)
13:54:26.279 [JavaFX Application Thread] DEBUG Engine               - JRE Vendor Name: Oracle Corporation
13:54:26.279 [JavaFX Application Thread] DEBUG Engine               - Running on OS: Windows 11 version 10.0
13:54:26.279 [JavaFX Application Thread] DEBUG Engine               - Architecture: amd64
13:54:26.280 [JavaFX Application Thread] INFO  Engine               - Source code and latest versions at: https://github.com/AlmasB/FXGL
13:54:26.282 [JavaFX Application Thread] INFO  Engine               -              Join the FXGL chat at: https://gitter.im/AlmasB/FXGL
13:54:26.396 [JavaFX Application Thread] DEBUG PrimaryStageWindow   - Creating a JavaFX scene
13:54:26.487 [JavaFX Application Thread] DEBUG PrimaryStageWindow   - Target settings size: 800.0 x 600.0
13:54:26.488 [JavaFX Application Thread] DEBUG PrimaryStageWindow   - Scaled scene size:    800.0 x 600.0
13:54:26.489 [JavaFX Application Thread] DEBUG PrimaryStageWindow   - Scaled ratio: (1.0, 1.0)
13:54:26.490 [JavaFX Application Thread] DEBUG PrimaryStageWindow   - Set initial scene to FXGLStartupScene
13:54:26.497 [JavaFX Application Thread] DEBUG PrimaryStageWindow   - Opening main window
13:54:26.740 [JavaFX Application Thread] DEBUG PrimaryStageWindow   - Window border size: (14.4000244140625, 37.5999755859375)
13:54:26.740 [JavaFX Application Thread] DEBUG PrimaryStageWindow   - Scaled size: 800.0 x 600.0
13:54:26.741 [JavaFX Application Thread] DEBUG PrimaryStageWindow   - Scaled ratio: (1.0, 1.0)
13:54:26.742 [JavaFX Application Thread] DEBUG PrimaryStageWindow   - Scene size: 800.0 x 600.0
13:54:26.742 [JavaFX Application Thread] DEBUG PrimaryStageWindow   - Stage size: 814.4000244140625 x 637.5999755859375
13:54:26.755 [FXGL Background Thread 1 ] DEBUG Engine               - Initializing environment variables
13:54:26.856 [FXGL Background Thread 1 ] DEBUG FXGLAssetLoaderServi - User app class for loading assets: class com.groupfour.mygame.App
13:54:26.856 [FXGL Background Thread 1 ] DEBUG GameApplicationServi - Applying CSS: fxgl_dark.css
13:54:26.858 [FXGL Background Thread 1 ] DEBUG FXGLAssetLoaderServi - Loading from file system: jar:file:///C:/Users/acer/.m2/repository/com/github/almasb/fxgl/dev-SNAPSHOT/fxgl-dev-SNAPSHOT.jar!/fxglassets/ui/css/fxgl_dark.css
13:54:26.948 [FXGL Background Thread 1 ] DEBUG GameApplicationServi - Initializing application scenes
13:54:26.990 [FXGL Background Thread 1 ] DEBUG GameWorld            - Game world initialized
13:54:27.043 [FXGL Background Thread 1 ] DEBUG PhysicsWorld         - Physics world initialized: appHeight=600, physics.ppm=50.0
13:54:27.044 [FXGL Background Thread 1 ] DEBUG PhysicsWorld         - Using strategy: BRUTE_FORCE
13:54:27.046 [FXGL Background Thread 1 ] DEBUG GameScene            - Game scene initialized: 800x600
13:54:27.058 [FXGL Background Thread 1 ] DEBUG FXGL.DefaultMenu     - createMenuBodyMainMenu()
13:54:27.078 [FXGL Background Thread 1 ] DEBUG FXGL.DefaultMenu     - createOptionsMenu()
13:54:27.089 [FXGL Background Thread 1 ] DEBUG FXGLAssetLoaderServi - Loading from file system: jar:file:///C:/Users/acer/.m2/repository/com/github/almasb/fxgl/dev-SNAPSHOT/fxgl-dev-SNAPSHOT.jar!/fxglassets/textures/particles/smoke.png
13:54:27.199 [FXGL Background Thread 1 ] DEBUG FXGLAssetLoaderServi - Loading from file system: jar:file:///C:/Users/acer/.m2/repository/com/github/almasb/fxgl/dev-SNAPSHOT/fxgl-dev-SNAPSHOT.jar!/fxglassets/textures/particles/trace_horizontal.png
13:54:27.238 [FXGL Background Thread 1 ] DEBUG GameApplicationServi - Application scenes initialized
13:54:27.248 [FXGL Background Thread 1 ] DEBUG SystemBundleService  - Loading FXGL system data
13:54:27.253 [FXGL Background Thread 1 ] DEBUG FileSystemAccess     - Reading from: C:\Users\acer\OneDrive\Desktop\git pull\CSS124L-FINAL-PROJECT\system\fxgl.bundle
13:54:27.259 [FXGL Background Thread 1 ] DEBUG SystemBundleService  - Bundle FXGL: {}
13:54:27.259 [FXGL Background Thread 1 ] DEBUG UpdaterService       - Checking for updates
13:54:27.285 [FXGL Background Thread 4 ] DEBUG FXGLApplication      - Loading fonts
13:54:27.285 [FXGL Background Thread 1 ] DEBUG FXGLApplication      - Loading default localization
13:54:27.285 [FXGL Background Thread 4 ] DEBUG FXGLAssetLoaderServi - Loading from file system: jar:file:///C:/Users/acer/.m2/repository/com/github/almasb/fxgl/dev-SNAPSHOT/fxgl-dev-SNAPSHOT.jar!/fxglassets/ui/fonts/VarelaRound-Regular.ttf
13:54:27.285 [FXGL Background Thread 1 ] DEBUG FXGLAssetLoaderServi - Loading from file system: jar:file:///C:/Users/acer/.m2/repository/com/github/almasb/fxgl/dev-SNAPSHOT/fxgl-dev-SNAPSHOT.jar!/fxglassets/languages/english.lang
13:54:27.308 [FXGL Background Thread 1 ] INFO  FXGLApplication      - FXGL initialization took: 0.554 sec
13:54:27.324 [JavaFX Application Thread] DEBUG Input                - Registered new binding: Move Upwards - W
13:54:27.325 [JavaFX Application Thread] DEBUG Input                - Registered new binding: Move Down - S
13:54:27.325 [JavaFX Application Thread] DEBUG Input                - Registered new binding: Move Left - A
13:54:27.325 [JavaFX Application Thread] DEBUG Input                - Registered new binding: Move Right - D
13:54:27.325 [JavaFX Application Thread] DEBUG Input                - Registered new binding: Reload - R
13:54:27.327 [JavaFX Application Thread] DEBUG Input                - Registered new binding: Shoot - LMB
13:54:27.327 [JavaFX Application Thread] DEBUG Input                - Registered new binding: Switch Weapons - Q
13:54:27.327 [JavaFX Application Thread] DEBUG Input                - Registered new binding: Interact - F
13:54:27.329 [JavaFX Application Thread] DEBUG FXGLAssetLoaderServi - Loading from file system: jar:file:///C:/Users/acer/.m2/repository/com/github/almasb/fxgl/dev-SNAPSHOT/fxgl-dev-SNAPSHOT.jar!/fxglassets/textures/fxgl_icon.png
13:54:27.352 [JavaFX Application Thread] DEBUG FXGLAssetLoaderServi - Loading from file system: jar:file:///C:/Users/acer/.m2/repository/com/github/almasb/fxgl/dev-SNAPSHOT/fxgl-dev-SNAPSHOT.jar!/fxglassets/textures/fxgl_default_cursor.png
13:54:27.355 [JavaFX Application Thread] DEBUG Input                - Registered new binding: Screenshot - CTRL+8
13:54:27.356 [JavaFX Application Thread] DEBUG Input                - Registered new binding: Dev Options - 1
13:54:27.356 [JavaFX Application Thread] DEBUG Input                - Registered new binding: Dev Console - 2
13:54:27.357 [JavaFX Application Thread] DEBUG Input                - Registered new binding: System info dump - CTRL+9
13:54:27.358 [JavaFX Application Thread] DEBUG Input                - Registered new binding: Restart - CTRL+R
13:54:27.359 [JavaFX Application Thread] DEBUG Input                - Registered new binding: Toggle Debug Camera - CTRL+C
13:54:27.362 [JavaFX Application Thread] DEBUG LoopRunner           - Starting loop
13:54:27.382 [JavaFX Application Thread] DEBUG LoopRunner           - Initializing JavaFX AnimationTimerLoop
13:54:27.386 [JavaFX Application Thread] DEBUG Input                - Clearing active input actions
13:54:27.400 [JavaFX Application Thread] DEBUG GameApplicationServi - Removing overlay from FXGLStartupScene and adding to FXGLMainMenuDummyScene
13:54:27.406 [JavaFX Application Thread] DEBUG PrimaryStageWindow   - FXGLStartupScene -> FXGLMainMenuDummyScene
13:54:27.406 [JavaFX Application Thread] DEBUG PrimaryStageWindow   - Push state: FXGLDefaultMenu
13:54:27.412 [JavaFX Application Thread] DEBUG Input                - Clearing active input actions
13:54:27.421 [JavaFX Application Thread] DEBUG GameApplicationServi - Removing overlay from FXGLMainMenuDummyScene and adding to FXGLDefaultMenu
13:54:27.421 [JavaFX Application Thread] DEBUG PrimaryStageWindow   - FXGLMainMenuDummyScene -> FXGLDefaultMenu
13:54:27.897 [FXGL Background Thread 4 ] DEBUG FXGLAssetLoaderServi - Loading from file system: jar:file:///C:/Users/acer/.m2/repository/com/github/almasb/fxgl/dev-SNAPSHOT/fxgl-dev-SNAPSHOT.jar!/fxglassets/ui/fonts/Abel-Regular.ttf
13:54:27.905 [FXGL Background Thread 4 ] DEBUG FXGLAssetLoaderServi - Loading from file system: jar:file:///C:/Users/acer/.m2/repository/com/github/almasb/fxgl/dev-SNAPSHOT/fxgl-dev-SNAPSHOT.jar!/fxglassets/ui/fonts/lucida_console.ttf
13:54:27.916 [FXGL Background Thread 4 ] DEBUG FXGLAssetLoaderServi - Loading from file system: jar:file:///C:/Users/acer/.m2/repository/com/github/almasb/fxgl/dev-SNAPSHOT/fxgl-dev-SNAPSHOT.jar!/fxglassets/ui/fonts/Courier-Prime.ttf
13:54:27.925 [JavaFX Application Thread] DEBUG FXGLApplication      - Registering font factories with UI factory
13:54:28.985 [FXGL Background Thread 2 ] INFO  UpdaterService       - Your current version:  dev-SNAPSHOT
13:54:28.986 [FXGL Background Thread 2 ] INFO  UpdaterService       - Latest stable version: 21.1
13:54:30.284 [FXGL Background Thread 3 ] DEBUG Engine               - Logging environment variables
13:54:30.285 [FXGL Background Thread 3 ] DEBUG Engine               - achievements: []
13:54:30.286 [FXGL Background Thread 3 ] DEBUG Engine               - actualHeight: 600.0
13:54:30.287 [FXGL Background Thread 3 ] DEBUG Engine               - actualHeightProperty: ReadOnlyDoubleProperty [value: 600.0]
13:54:30.287 [FXGL Background Thread 3 ] DEBUG Engine               - actualWidth: 800.0
13:54:30.288 [FXGL Background Thread 3 ] DEBUG Engine               - actualWidthProperty: ReadOnlyDoubleProperty [value: 800.0]
13:54:30.288 [FXGL Background Thread 3 ] DEBUG Engine               - appIcon: fxgl_icon.png
13:54:30.288 [FXGL Background Thread 3 ] DEBUG Engine               - applicationMode: DEVELOPER
13:54:30.288 [FXGL Background Thread 3 ] DEBUG Engine               - cSSList: [fxgl_dark.css]
13:54:30.288 [FXGL Background Thread 3 ] DEBUG Engine               - collisionDetectionStrategy: BRUTE_FORCE
13:54:30.288 [FXGL Background Thread 3 ] DEBUG Engine               - configClass: Optional.empty
13:54:30.289 [FXGL Background Thread 3 ] DEBUG Engine               - credits: []
13:54:30.289 [FXGL Background Thread 3 ] DEBUG Engine               - defaultCursor: CursorInfo(imageName=fxgl_default_cursor.png, hotspotX=7.0, hotspotY=6.0)
13:54:30.290 [FXGL Background Thread 3 ] DEBUG Engine               - devBBoxColorProperty: ObjectProperty [value: 0xff0000ff]
13:54:30.291 [FXGL Background Thread 3 ] DEBUG Engine               - devEnableDebugCameraProperty: BooleanProperty [value: false]
13:54:30.291 [FXGL Background Thread 3 ] DEBUG Engine               - devSensorColorProperty: ObjectProperty [value: 0xffff00ff]
13:54:30.292 [FXGL Background Thread 3 ] DEBUG Engine               - devShowBBoxProperty: BooleanProperty [value: false]
13:54:30.292 [FXGL Background Thread 3 ] DEBUG Engine               - devShowPositionProperty: BooleanProperty [value: false]
13:54:30.293 [FXGL Background Thread 3 ] DEBUG Engine               - enabledMenuItems: []
13:54:30.293 [FXGL Background Thread 3 ] DEBUG Engine               - engineServices: [class com.almasb.fxgl.app.services.FXGLAssetLoaderService, class com.almasb.fxgl.app.FXGLApplication$GameApplicationService, class com.almasb.fxgl.app.services.FXGLDialogService, class com.almasb.fxgl.app.services.IOTaskExecutorService, class com.almasb.fxgl.io.FileSystemService, class com.almasb.fxgl.localization.LocalizationService, class com.almasb.fxgl.app.services.SystemBundleService, class com.almasb.fxgl.profile.SaveLoadService, class com.almasb.fxgl.ui.FXGLUIFactoryServiceProvider, class com.almasb.fxgl.ui.FXGLDialogFactoryServiceProvider, class com.almasb.fxgl.audio.AudioPlayer, class com.almasb.fxgl.notification.impl.NotificationServiceProvider, class com.almasb.fxgl.achievement.AchievementService, class com.almasb.fxgl.cutscene.CutsceneService, class com.almasb.fxgl.minigames.MiniGameService, class com.almasb.fxgl.net.NetService, class com.almasb.fxgl.app.services.UpdaterService, class com.almasb.fxgl.dev.DevService, class com.almasb.fxgl.multiplayer.MultiplayerService]
13:54:30.293 [FXGL Background Thread 3 ] DEBUG Engine               - fontGame: Abel-Regular.ttf
13:54:30.294 [FXGL Background Thread 3 ] DEBUG Engine               - fontMono: lucida_console.ttf
13:54:30.294 [FXGL Background Thread 3 ] DEBUG Engine               - fontText: Courier-Prime.ttf
13:54:30.294 [FXGL Background Thread 3 ] DEBUG Engine               - fontUI: VarelaRound-Regular.ttf
13:54:30.294 [FXGL Background Thread 3 ] DEBUG Engine               - fullScreen: BooleanProperty [value: false]
13:54:30.294 [FXGL Background Thread 3 ] DEBUG Engine               - gameDifficulty: MEDIUM
13:54:30.295 [FXGL Background Thread 3 ] DEBUG Engine               - gameDifficultyProperty: ObjectProperty [value: MEDIUM]
13:54:30.295 [FXGL Background Thread 3 ] DEBUG Engine               - globalMusicVolume: 0.5
13:54:30.295 [FXGL Background Thread 3 ] DEBUG Engine               - globalMusicVolumeProperty: DoubleProperty [value: 0.5]
13:54:30.295 [FXGL Background Thread 3 ] DEBUG Engine               - globalSoundVolume: 0.5
13:54:30.296 [FXGL Background Thread 3 ] DEBUG Engine               - globalSoundVolumeProperty: DoubleProperty [value: 0.5]
13:54:30.296 [FXGL Background Thread 3 ] DEBUG Engine               - height: 600
13:54:30.296 [FXGL Background Thread 3 ] DEBUG Engine               - is3D: false
13:54:30.296 [FXGL Background Thread 3 ] DEBUG Engine               - isAndroid: false
13:54:30.296 [FXGL Background Thread 3 ] DEBUG Engine               - isBrowser: false
13:54:30.296 [FXGL Background Thread 3 ] DEBUG Engine               - isClickFeedbackEnabled: false
13:54:30.296 [FXGL Background Thread 3 ] DEBUG Engine               - isCloseConfirmation: false
13:54:30.296 [FXGL Background Thread 3 ] DEBUG Engine               - isDesktop: true
13:54:30.296 [FXGL Background Thread 3 ] DEBUG Engine               - isDeveloperMenuEnabled: true
13:54:30.296 [FXGL Background Thread 3 ] DEBUG Engine               - isEmbedded: false
13:54:30.296 [FXGL Background Thread 3 ] DEBUG Engine               - isEntityPreloadEnabled: true
13:54:30.297 [FXGL Background Thread 3 ] DEBUG Engine               - isExperimentalTiledLargeMap: false
13:54:30.297 [FXGL Background Thread 3 ] DEBUG Engine               - isFileSystemWriteAllowed: true
13:54:30.297 [FXGL Background Thread 3 ] DEBUG Engine               - isFullScreenAllowed: false
13:54:30.297 [FXGL Background Thread 3 ] DEBUG Engine               - isFullScreenFromStart: false
13:54:30.297 [FXGL Background Thread 3 ] DEBUG Engine               - isGameMenuEnabled: true
13:54:30.298 [FXGL Background Thread 3 ] DEBUG Engine               - isIOS: false
13:54:30.298 [FXGL Background Thread 3 ] DEBUG Engine               - isIntroEnabled: false
13:54:30.298 [FXGL Background Thread 3 ] DEBUG Engine               - isLinux: false
13:54:30.298 [FXGL Background Thread 3 ] DEBUG Engine               - isMac: false
13:54:30.298 [FXGL Background Thread 3 ] DEBUG Engine               - isMainMenuEnabled: true
13:54:30.298 [FXGL Background Thread 3 ] DEBUG Engine               - isManualResizeEnabled: false
13:54:30.299 [FXGL Background Thread 3 ] DEBUG Engine               - isMobile: false
13:54:30.299 [FXGL Background Thread 3 ] DEBUG Engine               - isNative: false
13:54:30.299 [FXGL Background Thread 3 ] DEBUG Engine               - isPauseMusicWhenMinimized: true
13:54:30.299 [FXGL Background Thread 3 ] DEBUG Engine               - isPreserveResizeRatio: false
13:54:30.299 [FXGL Background Thread 3 ] DEBUG Engine               - isProfilingEnabled: false
13:54:30.299 [FXGL Background Thread 3 ] DEBUG Engine               - isScaleAffectedOnResize: true
13:54:30.299 [FXGL Background Thread 3 ] DEBUG Engine               - isSingleStep: false
13:54:30.300 [FXGL Background Thread 3 ] DEBUG Engine               - isUserProfileEnabled: false
13:54:30.300 [FXGL Background Thread 3 ] DEBUG Engine               - isWindows: true
13:54:30.300 [FXGL Background Thread 3 ] DEBUG Engine               - language: ObjectProperty [value: ENGLISH]
13:54:30.301 [FXGL Background Thread 3 ] DEBUG Engine               - menuKey: ESCAPE
13:54:30.301 [FXGL Background Thread 3 ] DEBUG Engine               - mouseSensitivity: 0.2
13:54:30.301 [FXGL Background Thread 3 ] DEBUG Engine               - notificationViewClass: class com.almasb.fxgl.notification.view.XboxNotificationView
13:54:30.301 [FXGL Background Thread 3 ] DEBUG Engine               - pixelsPerMeter: 50.0
13:54:30.301 [FXGL Background Thread 3 ] DEBUG Engine               - platform: WINDOWS
13:54:30.302 [FXGL Background Thread 3 ] DEBUG Engine               - prefHeightProperty: ReadOnlyDoubleProperty [value: 600.0]
13:54:30.302 [FXGL Background Thread 3 ] DEBUG Engine               - prefWidthProperty: ReadOnlyDoubleProperty [value: 800.0]
13:54:30.302 [FXGL Background Thread 3 ] DEBUG Engine               - profileDir: profiles/
13:54:30.302 [FXGL Background Thread 3 ] DEBUG Engine               - profileName: StringProperty [value: DEFAULT]
13:54:30.303 [FXGL Background Thread 3 ] DEBUG Engine               - randomSeed: -1
13:54:30.303 [FXGL Background Thread 3 ] DEBUG Engine               - runtimeInfo: RuntimeInfo(platform=WINDOWS, version=dev-SNAPSHOT, build=28.07.2021 16.39)
13:54:30.303 [FXGL Background Thread 3 ] DEBUG Engine               - saveFileExt: sav
13:54:30.303 [FXGL Background Thread 3 ] DEBUG Engine               - scaledHeightProp$fxgl: DoubleProperty [bound, value: 600.0]
13:54:30.304 [FXGL Background Thread 3 ] DEBUG Engine               - scaledWidthProp$fxgl: DoubleProperty [bound, value: 800.0]
13:54:30.304 [FXGL Background Thread 3 ] DEBUG Engine               - sceneFactory: com.groupfour.mygame.App$1@3eafbabd
13:54:30.304 [FXGL Background Thread 3 ] DEBUG Engine               - secondsIn24h: 60
13:54:30.304 [FXGL Background Thread 3 ] DEBUG Engine               - soundMenuBack: menu/back.wav
13:54:30.304 [FXGL Background Thread 3 ] DEBUG Engine               - soundMenuPress: menu/press.wav
13:54:30.304 [FXGL Background Thread 3 ] DEBUG Engine               - soundMenuSelect: menu/select.wav
13:54:30.304 [FXGL Background Thread 3 ] DEBUG Engine               - soundNotification: core/notification.wav
13:54:30.305 [FXGL Background Thread 3 ] DEBUG Engine               - stageStyle: DECORATED
13:54:30.305 [FXGL Background Thread 3 ] DEBUG Engine               - supportedLanguages: [ENGLISH, FRENCH, GERMAN, HUNGARIAN, RUSSIAN]
13:54:30.305 [FXGL Background Thread 3 ] DEBUG Engine               - ticksPerSecond: -1
13:54:30.305 [FXGL Background Thread 3 ] DEBUG Engine               - title: Flatline: Oregon
13:54:30.305 [FXGL Background Thread 3 ] DEBUG Engine               - urlGithub: https://github.com/AlmasB/FXGL
13:54:30.305 [FXGL Background Thread 3 ] DEBUG Engine               - urlLeaderboard: http://fxgl-top.herokuapp.com/
13:54:30.305 [FXGL Background Thread 3 ] DEBUG Engine               - urlPOM: https://raw.githubusercontent.com/AlmasB/FXGL/release/README.md
13:54:30.306 [FXGL Background Thread 3 ] DEBUG Engine               - userAppClass: class com.groupfour.mygame.App
13:54:30.306 [FXGL Background Thread 3 ] DEBUG Engine               - version: Alpha 0.3
13:54:30.306 [FXGL Background Thread 3 ] DEBUG Engine               - versionCheckDays: 7
13:54:30.306 [FXGL Background Thread 3 ] DEBUG Engine               - width: 800
13:54:30.306 [FXGL Background Thread 3 ] DEBUG Engine               - Logging services
13:54:30.306 [FXGL Background Thread 3 ] DEBUG Engine               - class com.almasb.fxgl.app.services.FXGLAssetLoaderService
13:54:30.306 [FXGL Background Thread 3 ] DEBUG Engine               - class com.almasb.fxgl.app.FXGLApplication$GameApplicationService
13:54:30.306 [FXGL Background Thread 3 ] DEBUG Engine               - class com.almasb.fxgl.app.services.FXGLDialogService
13:54:30.306 [FXGL Background Thread 3 ] DEBUG Engine               - class com.almasb.fxgl.app.services.IOTaskExecutorService
13:54:30.306 [FXGL Background Thread 3 ] DEBUG Engine               - class com.almasb.fxgl.io.FileSystemService
13:54:30.306 [FXGL Background Thread 3 ] DEBUG Engine               - class com.almasb.fxgl.localization.LocalizationService
13:54:30.306 [FXGL Background Thread 3 ] DEBUG Engine               - class com.almasb.fxgl.app.services.SystemBundleService
13:54:30.306 [FXGL Background Thread 3 ] DEBUG Engine               - class com.almasb.fxgl.profile.SaveLoadService
13:54:30.306 [FXGL Background Thread 3 ] DEBUG Engine               - class com.almasb.fxgl.ui.FXGLUIFactoryServiceProvider
13:54:30.306 [FXGL Background Thread 3 ] DEBUG Engine               - class com.almasb.fxgl.ui.FXGLDialogFactoryServiceProvider
13:54:30.306 [FXGL Background Thread 3 ] DEBUG Engine               - class com.almasb.fxgl.audio.AudioPlayer
13:54:30.306 [FXGL Background Thread 3 ] DEBUG Engine               - class com.almasb.fxgl.notification.impl.NotificationServiceProvider
13:54:30.306 [FXGL Background Thread 3 ] DEBUG Engine               - class com.almasb.fxgl.achievement.AchievementService
13:54:30.307 [FXGL Background Thread 3 ] DEBUG Engine               - class com.almasb.fxgl.cutscene.CutsceneService
13:54:30.307 [FXGL Background Thread 3 ] DEBUG Engine               - class com.almasb.fxgl.minigames.MiniGameService
13:54:30.307 [FXGL Background Thread 3 ] DEBUG Engine               - class com.almasb.fxgl.net.NetService
13:54:30.307 [FXGL Background Thread 3 ] DEBUG Engine               - class com.almasb.fxgl.app.services.UpdaterService
13:54:30.307 [FXGL Background Thread 3 ] DEBUG Engine               - class com.almasb.fxgl.dev.DevService
13:54:30.307 [FXGL Background Thread 3 ] DEBUG Engine               - class com.almasb.fxgl.multiplayer.MultiplayerService
13:54:33.367 [JavaFX Application Thread] DEBUG Menu                 - fireNewGame()
13:54:33.367 [JavaFX Application Thread] DEBUG GameApplicationServi - Starting new game
13:54:33.371 [JavaFX Application Thread] DEBUG PrimaryStageWindow   - Pop state: FXGLDefaultMenu
13:54:33.372 [JavaFX Application Thread] DEBUG Input                - Clearing active input actions
13:54:33.377 [JavaFX Application Thread] DEBUG GameApplicationServi - Removing overlay from FXGLDefaultMenu and adding to FXGLMainMenuDummyScene
13:54:33.380 [JavaFX Application Thread] DEBUG PrimaryStageWindow   - FXGLMainMenuDummyScene <- FXGLDefaultMenu
13:54:33.381 [JavaFX Application Thread] DEBUG Input                - Clearing active input actions
13:54:33.393 [JavaFX Application Thread] DEBUG GameApplicationServi - Removing overlay from FXGLMainMenuDummyScene and adding to FXGLLoadingScene
13:54:33.394 [JavaFX Application Thread] DEBUG PrimaryStageWindow   - FXGLMainMenuDummyScene -> FXGLLoadingScene
13:54:33.394 [JavaFX Application Thread] DEBUG GameApplicationServi - Clearing previous game
13:54:33.394 [JavaFX Application Thread] DEBUG GameScene            - Clearing game scene
13:54:33.395 [JavaFX Application Thread] DEBUG GameWorld            - Clearing game world
13:54:33.395 [JavaFX Application Thread] DEBUG PhysicsWorld         - Clearing physics world
13:54:33.398 [FXGL Background Thread 2 ] DEBUG FXGLApplication      - Initializing game
13:54:33.458 [FXGL Background Thread 2 ] DEBUG FXGLAssetLoaderServi - Loading from file system: file:/C:/Users/acer/OneDrive/Desktop/git%20pull/CSS124L-FINAL-PROJECT/fp/target/classes/assets/textures/Players/1P_Idle.png
13:54:33.462 [FXGL Background Thread 2 ] DEBUG FXGLAssetLoaderServi - Loading from file system: file:/C:/Users/acer/OneDrive/Desktop/git%20pull/CSS124L-FINAL-PROJECT/fp/target/classes/assets/textures/Players/1P_Walk.gif
13:54:33.469 [FXGL Background Thread 2 ] DEBUG FXGLAssetLoaderServi - Loading from file system: file:/C:/Users/acer/OneDrive/Desktop/git%20pull/CSS124L-FINAL-PROJECT/fp/target/classes/assets/textures/Players/1P_Shoot.gif
13:54:33.486 [FXGL Background Thread 2 ] INFO  FXGLApplication      - Game initialization took: 0.087 sec
13:54:33.487 [JavaFX Application Thread] DEBUG Input                - Clearing active input actions
13:54:33.492 [JavaFX Application Thread] DEBUG GameApplicationServi - Removing overlay from FXGLLoadingScene and adding to GameScene
13:54:33.494 [JavaFX Application Thread] DEBUG PrimaryStageWindow   - FXGLLoadingScene -> GameScene
13:54:33.498 [JavaFX Application Thread] DEBUG PrimaryStageWindow   - Push state: PlayerCountMenu
13:54:33.498 [JavaFX Application Thread] DEBUG Input                - Clearing active input actions
13:54:33.498 [JavaFX Application Thread] DEBUG GameApplicationServi - Removing overlay from GameScene and adding to PlayerCountMenu
13:54:33.499 [JavaFX Application Thread] DEBUG PrimaryStageWindow   - GameScene -> PlayerCountMenu
13:54:34.329 [JavaFX Application Thread] DEBUG PrimaryStageWindow   - Push state: DialogSubScene
13:54:34.330 [JavaFX Application Thread] DEBUG Input                - Clearing active input actions
13:54:34.331 [JavaFX Application Thread] DEBUG GameApplicationServi - Removing overlay from PlayerCountMenu and adding to DialogSubScene
13:54:34.333 [JavaFX Application Thread] DEBUG PrimaryStageWindow   - PlayerCountMenu -> DialogSubScene
13:54:35.535 [JavaFX Application Thread] DEBUG PrimaryStageWindow   - Pop state: DialogSubScene
13:54:35.535 [JavaFX Application Thread] DEBUG Input                - Clearing active input actions
13:54:35.538 [JavaFX Application Thread] DEBUG GameApplicationServi - Removing overlay from DialogSubScene and adding to PlayerCountMenu
13:54:35.539 [JavaFX Application Thread] DEBUG PrimaryStageWindow   - PlayerCountMenu <- DialogSubScene
13:54:35.556 [ClientAsyncConnThread    ] DEBUG TCPClient            - Connecting to localhost:55555 type: class com.almasb.fxgl.core.serialization.Bundle
13:54:35.563 [ClientAsyncConnThread    ] DEBUG TCPClient            - Created socket to localhost:55555
13:54:35.573 [ClientAsyncConnThread    ] DEBUG Endpoint             - TCPClient opening new connection (1) from localhost/127.0.0.1:55555 type: class com.almasb.fxgl.core.serialization.Bundle
13:54:35.578 [ClientAsyncConnThread    ] DEBUG Endpoint             - TCPClient successfully opened connection (1)
13:54:35.580 [JavaFX Application Thread] DEBUG PrimaryStageWindow   - Pop state: PlayerCountMenu
13:54:35.580 [JavaFX Application Thread] DEBUG Input                - Clearing active input actions
13:54:35.580 [JavaFX Application Thread] DEBUG GameApplicationServi - Removing overlay from PlayerCountMenu and adding to GameScene
13:54:35.581 [JavaFX Application Thread] DEBUG PrimaryStageWindow   - GameScene <- PlayerCountMenu
13:54:35.586 [TCPClient_RecvThread-1   ] DEBUG Readers              - Getting TCPMessageReader for class com.almasb.fxgl.core.serialization.Bundle
13:54:35.587 [TCPClient_SendThread-1   ] DEBUG Writers              - Getting TCPMessageWriter for class com.almasb.fxgl.core.serialization.Bundle
13:54:35.588 [TCPClient_SendThread-1   ] DEBUG Writers              - Constructed TCPMessageWriter for class com.almasb.fxgl.core.serialization.Bundle: BundleTCPMessageWriter
13:54:35.610 [TCPClient_RecvThread-1   ] DEBUG Readers              - Constructed MessageReader for class com.almasb.fxgl.core.serialization.Bundle: BundleTCPMessageReader
13:54:43.259 [TCPClient_RecvThread-1   ] DEBUG Endpoint             - Connection 1 was unexpectedly disconnected: Connection reset
13:54:43.259 [TCPClient_RecvThread-1   ] DEBUG Connection           - Closing connection 1
13:54:43.261 [TCPClient_RecvThread-1   ] DEBUG Connection           - Connection 1 was correctly closed from local endpoint.
13:54:43.262 [TCPClient_RecvThread-1   ] DEBUG Endpoint             - TCPClient connection (1) was closed
13:54:44.794 [JavaFX Application Thread] DEBUG FXGLApplication      - Exiting FXGL
13:54:44.794 [JavaFX Application Thread] DEBUG LoopRunner           - Stopping loop
13:54:44.794 [JavaFX Application Thread] DEBUG SystemBundleService  - Saving FXGL system data
13:54:44.796 [JavaFX Application Thread] DEBUG FileSystemAccess     - Writing to: C:\Users\acer\OneDrive\Desktop\git pull\CSS124L-FINAL-PROJECT\system\fxgl.bundle
13:54:44.798 [JavaFX Application Thread] DEBUG Async                - Shutting down background threads
13:54:44.798 [JavaFX Application Thread] DEBUG PrimaryStageWindow   - Closing main window
13:54:44.862 [JavaFX Application Thread] DEBUG Logger               - Closing Logger
