16:20:33.082 [main                     ] DEBUG Logger               - Configured Logger
16:20:33.084 [main                     ] DEBUG GameApplication      - Logging settings
Title: Flatline: Oregon
Version: Beta ?
Width: 800
Height: 600
Fullscreen: false
Intro: false
Profiling: false
Single step:false
App Mode: DEVELOPER
Menu Key: ESCAPE
Stage Style: DECORATED
Scene Factory: class com.groupfour.mygame.App$1

16:20:33.357 [JavaFX Application Thread] DEBUG FXGLApplication      - Initializing FXGL
16:20:33.358 [JavaFX Application Thread] INFO  Engine               - FXGL-dev-SNAPSHOT (28.07.2021 16.39) on WINDOWS (J:21.0.4 FX:16)
16:20:33.359 [JavaFX Application Thread] DEBUG Engine               - JRE Vendor Name: Eclipse Adoptium
16:20:33.359 [JavaFX Application Thread] DEBUG Engine               - Running on OS: Windows 11 version 10.0
16:20:33.359 [JavaFX Application Thread] DEBUG Engine               - Architecture: amd64
16:20:33.359 [JavaFX Application Thread] INFO  Engine               - Source code and latest versions at: https://github.com/AlmasB/FXGL
16:20:33.359 [JavaFX Application Thread] INFO  Engine               -              Join the FXGL chat at: https://gitter.im/AlmasB/FXGL
16:20:33.422 [JavaFX Application Thread] DEBUG PrimaryStageWindow   - Creating a JavaFX scene
16:20:33.454 [JavaFX Application Thread] DEBUG PrimaryStageWindow   - Target settings size: 800.0 x 600.0
16:20:33.454 [JavaFX Application Thread] DEBUG PrimaryStageWindow   - Scaled scene size:    800.0 x 600.0
16:20:33.454 [JavaFX Application Thread] DEBUG PrimaryStageWindow   - Scaled ratio: (1.0, 1.0)
16:20:33.454 [JavaFX Application Thread] DEBUG PrimaryStageWindow   - Set initial scene to FXGLStartupScene
16:20:33.458 [JavaFX Application Thread] DEBUG PrimaryStageWindow   - Opening main window
16:20:33.520 [JavaFX Application Thread] DEBUG PrimaryStageWindow   - Window border size: (14.4000244140625, 37.5999755859375)
16:20:33.521 [JavaFX Application Thread] DEBUG PrimaryStageWindow   - Scaled size: 800.0 x 600.0
16:20:33.521 [JavaFX Application Thread] DEBUG PrimaryStageWindow   - Scaled ratio: (1.0, 1.0)
16:20:33.521 [JavaFX Application Thread] DEBUG PrimaryStageWindow   - Scene size: 800.0 x 600.0
16:20:33.521 [JavaFX Application Thread] DEBUG PrimaryStageWindow   - Stage size: 814.4000244140625 x 637.5999755859375
16:20:33.527 [FXGL Background Thread 1 ] DEBUG Engine               - Initializing environment variables
16:20:33.580 [FXGL Background Thread 1 ] DEBUG FXGLAssetLoaderServi - User app class for loading assets: class com.groupfour.mygame.App
16:20:33.580 [FXGL Background Thread 1 ] DEBUG GameApplicationServi - Applying CSS: fxgl_dark.css
16:20:33.581 [FXGL Background Thread 1 ] DEBUG FXGLAssetLoaderServi - Loading from file system: jar:file:///C:/Users/Cent/.m2/repository/com/github/almasb/fxgl/dev-SNAPSHOT/fxgl-dev-SNAPSHOT.jar!/fxglassets/ui/css/fxgl_dark.css
16:20:33.624 [FXGL Background Thread 1 ] DEBUG GameApplicationServi - Initializing application scenes
16:20:33.662 [FXGL Background Thread 1 ] DEBUG GameWorld            - Game world initialized
16:20:33.726 [FXGL Background Thread 1 ] DEBUG PhysicsWorld         - Physics world initialized: appHeight=600, physics.ppm=50.0
16:20:33.727 [FXGL Background Thread 1 ] DEBUG PhysicsWorld         - Using strategy: BRUTE_FORCE
16:20:33.729 [FXGL Background Thread 1 ] DEBUG GameScene            - Game scene initialized: 800x600
16:20:33.737 [FXGL Background Thread 1 ] DEBUG FXGL.DefaultMenu     - createMenuBodyMainMenu()
16:20:33.746 [FXGL Background Thread 1 ] DEBUG FXGL.DefaultMenu     - createOptionsMenu()
16:20:33.752 [FXGL Background Thread 1 ] DEBUG FXGLAssetLoaderServi - Loading from file system: jar:file:///C:/Users/Cent/.m2/repository/com/github/almasb/fxgl/dev-SNAPSHOT/fxgl-dev-SNAPSHOT.jar!/fxglassets/textures/particles/smoke.png
16:20:33.843 [FXGL Background Thread 1 ] DEBUG FXGLAssetLoaderServi - Loading from file system: jar:file:///C:/Users/Cent/.m2/repository/com/github/almasb/fxgl/dev-SNAPSHOT/fxgl-dev-SNAPSHOT.jar!/fxglassets/textures/particles/trace_horizontal.png
16:20:33.870 [FXGL Background Thread 1 ] DEBUG FXGLAssetLoaderServi - Loading from file system: file:/C:/Users/Cent/Desktop/CSS124L-LE/FinalExam/CSS124L-FINAL-PROJECT/fp/target/classes/assets/ui/fonts/PIXELADE.TTF
16:20:33.900 [FXGL Background Thread 1 ] DEBUG FXGLAssetLoaderServi - Loading from file system: file:/C:/Users/Cent/Desktop/CSS124L-LE/FinalExam/CSS124L-FINAL-PROJECT/fp/target/classes/assets/textures/spbtn.png
16:20:33.922 [FXGL Background Thread 1 ] DEBUG FXGLAssetLoaderServi - Loading from file system: file:/C:/Users/Cent/Desktop/CSS124L-LE/FinalExam/CSS124L-FINAL-PROJECT/fp/target/classes/assets/textures/mpbtn.png
16:20:33.930 [FXGL Background Thread 1 ] DEBUG FXGLAssetLoaderServi - Loading from file system: file:/C:/Users/Cent/Desktop/CSS124L-LE/FinalExam/CSS124L-FINAL-PROJECT/fp/target/classes/assets/textures/return.png
16:20:33.941 [FXGL Background Thread 1 ] DEBUG GameApplicationServi - Application scenes initialized
16:20:33.948 [FXGL Background Thread 1 ] DEBUG SystemBundleService  - Loading FXGL system data
16:20:33.952 [FXGL Background Thread 1 ] DEBUG FileSystemAccess     - Reading from: c:\Users\Cent\Desktop\CSS124L-LE\FinalExam\CSS124L-FINAL-PROJECT\system\fxgl.bundle
16:20:33.960 [FXGL Background Thread 1 ] DEBUG SystemBundleService  - Bundle FXGL: {}
16:20:33.960 [FXGL Background Thread 1 ] DEBUG UpdaterService       - Checking for updates
16:20:33.978 [FXGL Background Thread 4 ] DEBUG FXGLApplication      - Loading fonts
16:20:33.979 [FXGL Background Thread 4 ] DEBUG FXGLAssetLoaderServi - Loading from file system: jar:file:///C:/Users/Cent/.m2/repository/com/github/almasb/fxgl/dev-SNAPSHOT/fxgl-dev-SNAPSHOT.jar!/fxglassets/ui/fonts/VarelaRound-Regular.ttf
16:20:33.979 [FXGL Background Thread 1 ] DEBUG FXGLApplication      - Loading default localization
16:20:33.979 [FXGL Background Thread 1 ] DEBUG FXGLAssetLoaderServi - Loading from file system: jar:file:///C:/Users/Cent/.m2/repository/com/github/almasb/fxgl/dev-SNAPSHOT/fxgl-dev-SNAPSHOT.jar!/fxglassets/languages/english.lang
16:20:33.982 [FXGL Background Thread 4 ] DEBUG FXGLAssetLoaderServi - Loading from file system: jar:file:///C:/Users/Cent/.m2/repository/com/github/almasb/fxgl/dev-SNAPSHOT/fxgl-dev-SNAPSHOT.jar!/fxglassets/ui/fonts/Abel-Regular.ttf
16:20:33.985 [FXGL Background Thread 4 ] DEBUG FXGLAssetLoaderServi - Loading from file system: jar:file:///C:/Users/Cent/.m2/repository/com/github/almasb/fxgl/dev-SNAPSHOT/fxgl-dev-SNAPSHOT.jar!/fxglassets/ui/fonts/lucida_console.ttf
16:20:33.988 [FXGL Background Thread 4 ] DEBUG FXGLAssetLoaderServi - Loading from file system: jar:file:///C:/Users/Cent/.m2/repository/com/github/almasb/fxgl/dev-SNAPSHOT/fxgl-dev-SNAPSHOT.jar!/fxglassets/ui/fonts/Courier-Prime.ttf
16:20:33.990 [FXGL Background Thread 1 ] INFO  FXGLApplication      - FXGL initialization took: 0.463 sec
16:20:33.996 [JavaFX Application Thread] DEBUG Input                - Registered new binding: Move Upwards - W
16:20:33.997 [JavaFX Application Thread] DEBUG Input                - Registered new binding: Move Down - S
16:20:33.997 [JavaFX Application Thread] DEBUG Input                - Registered new binding: Move Left - A
16:20:33.997 [JavaFX Application Thread] DEBUG Input                - Registered new binding: Move Right - D
16:20:33.997 [JavaFX Application Thread] DEBUG Input                - Registered new binding: Reload - R
16:20:33.998 [JavaFX Application Thread] DEBUG Input                - Registered new binding: Shoot - LMB
16:20:33.998 [JavaFX Application Thread] DEBUG Input                - Registered new binding: Switch Weapons - Q
16:20:33.998 [JavaFX Application Thread] DEBUG Input                - Registered new binding: Interact - F
16:20:33.998 [JavaFX Application Thread] DEBUG Input                - Registered new binding: Sprint - Space
16:20:33.998 [JavaFX Application Thread] DEBUG FXGLAssetLoaderServi - Loading from file system: file:/C:/Users/Cent/Desktop/CSS124L-LE/FinalExam/CSS124L-FINAL-PROJECT/fp/target/classes/assets/music/titleBGM.mp3
16:20:34.105 [JavaFX Application Thread] DEBUG AudioPlayer          - Playing music com.almasb.fxgl.audio.Music@32c2103f
16:20:34.106 [JavaFX Application Thread] DEBUG FXGLAssetLoaderServi - Loading from file system: jar:file:///C:/Users/Cent/.m2/repository/com/github/almasb/fxgl/dev-SNAPSHOT/fxgl-dev-SNAPSHOT.jar!/fxglassets/textures/fxgl_icon.png
16:20:34.114 [JavaFX Application Thread] DEBUG FXGLAssetLoaderServi - Loading from file system: jar:file:///C:/Users/Cent/.m2/repository/com/github/almasb/fxgl/dev-SNAPSHOT/fxgl-dev-SNAPSHOT.jar!/fxglassets/textures/fxgl_default_cursor.png
16:20:34.115 [JavaFX Application Thread] DEBUG Input                - Registered new binding: Screenshot - CTRL+8
16:20:34.115 [JavaFX Application Thread] DEBUG Input                - Registered new binding: Dev Options - 1
16:20:34.115 [JavaFX Application Thread] DEBUG Input                - Registered new binding: Dev Console - 2
16:20:34.116 [JavaFX Application Thread] DEBUG Input                - Registered new binding: System info dump - CTRL+9
16:20:34.116 [JavaFX Application Thread] DEBUG Input                - Registered new binding: Restart - CTRL+R
16:20:34.116 [JavaFX Application Thread] DEBUG Input                - Registered new binding: Toggle Debug Camera - CTRL+C
16:20:34.120 [JavaFX Application Thread] DEBUG LoopRunner           - Starting loop
16:20:34.130 [JavaFX Application Thread] DEBUG LoopRunner           - Initializing JavaFX AnimationTimerLoop
16:20:34.131 [JavaFX Application Thread] DEBUG Input                - Clearing active input actions
16:20:34.143 [JavaFX Application Thread] DEBUG GameApplicationServi - Removing overlay from FXGLStartupScene and adding to FXGLMainMenuDummyScene
16:20:34.152 [JavaFX Application Thread] DEBUG PrimaryStageWindow   - FXGLStartupScene -> FXGLMainMenuDummyScene
16:20:34.152 [JavaFX Application Thread] DEBUG PrimaryStageWindow   - Push state: FXGLDefaultMenu
16:20:34.164 [JavaFX Application Thread] DEBUG Input                - Clearing active input actions
16:20:34.173 [JavaFX Application Thread] DEBUG GameApplicationServi - Removing overlay from FXGLMainMenuDummyScene and adding to FXGLDefaultMenu
16:20:34.173 [JavaFX Application Thread] DEBUG PrimaryStageWindow   - FXGLMainMenuDummyScene -> FXGLDefaultMenu
16:20:34.181 [JavaFX Application Thread] DEBUG FXGLApplication      - Registering font factories with UI factory
16:20:34.409 [FXGL Background Thread 2 ] INFO  UpdaterService       - Your current version:  dev-SNAPSHOT
16:20:34.410 [FXGL Background Thread 2 ] INFO  UpdaterService       - Latest stable version: 21.1
16:20:35.119 [JavaFX Application Thread] DEBUG Menu                 - fireNewGame()
16:20:35.119 [JavaFX Application Thread] DEBUG GameApplicationServi - Starting new game
16:20:35.121 [JavaFX Application Thread] DEBUG PrimaryStageWindow   - Pop state: FXGLDefaultMenu
16:20:35.121 [JavaFX Application Thread] DEBUG Input                - Clearing active input actions
16:20:35.122 [JavaFX Application Thread] DEBUG GameApplicationServi - Removing overlay from FXGLDefaultMenu and adding to FXGLMainMenuDummyScene
16:20:35.123 [JavaFX Application Thread] DEBUG PrimaryStageWindow   - FXGLMainMenuDummyScene <- FXGLDefaultMenu
16:20:35.123 [JavaFX Application Thread] DEBUG Input                - Clearing active input actions
16:20:35.129 [JavaFX Application Thread] DEBUG GameApplicationServi - Removing overlay from FXGLMainMenuDummyScene and adding to FXGLLoadingScene
16:20:35.129 [JavaFX Application Thread] DEBUG PrimaryStageWindow   - FXGLMainMenuDummyScene -> FXGLLoadingScene
16:20:35.130 [JavaFX Application Thread] DEBUG GameApplicationServi - Clearing previous game
16:20:35.130 [JavaFX Application Thread] DEBUG GameScene            - Clearing game scene
16:20:35.130 [JavaFX Application Thread] DEBUG GameWorld            - Clearing game world
16:20:35.130 [JavaFX Application Thread] DEBUG PhysicsWorld         - Clearing physics world
16:20:35.134 [FXGL Background Thread 2 ] DEBUG FXGLApplication      - Initializing game
16:20:35.203 [FXGL Background Thread 2 ] WARN  TMXLevelLoader       - TiledMap generated from 1.11.0. Supported version: 1.2.3. Some features may not be parsed fully.
16:20:35.230 [FXGL Background Thread 2 ] DEBUG TMXLevelLoader       - Parsed TiledMap: file:/C:/Users/Cent/Desktop/CSS124L-LE/FinalExam/CSS124L-FINAL-PROJECT/fp/target/classes/assets/levels/Warehouse.tmx
16:20:35.230 [FXGL Background Thread 2 ] DEBUG TMXLevelLoader       - Creating tile layer entities
16:20:35.231 [FXGL Background Thread 2 ] DEBUG TilesetLoader        - Loading view for layer Floor
16:20:35.236 [FXGL Background Thread 2 ] DEBUG TilesetLoader        - Created buffer with size 2240.0x1600.0
16:20:35.247 [FXGL Background Thread 2 ] DEBUG TilesetLoader        - Loading view for layer Wall
16:20:35.257 [FXGL Background Thread 2 ] DEBUG TilesetLoader        - Created buffer with size 2240.0x1600.0
16:20:35.278 [FXGL Background Thread 2 ] DEBUG TilesetLoader        - Loading view for layer Props
16:20:35.285 [FXGL Background Thread 2 ] DEBUG TilesetLoader        - Created buffer with size 2240.0x1600.0
16:20:35.300 [FXGL Background Thread 2 ] DEBUG TMXLevelLoader       - Creating object layer entities
16:20:35.320 [FXGL Background Thread 2 ] DEBUG GameWorld            - Clearing removable entities
16:20:35.320 [FXGL Background Thread 2 ] DEBUG GameWorld            - Setting level: com.almasb.fxgl.entity.level.Level@307d58
16:20:35.328 [FXGL Background Thread 2 ] INFO  FXGLApplication      - Game initialization took: 0.195 sec
16:20:35.328 [JavaFX Application Thread] DEBUG Input                - Clearing active input actions
16:20:35.336 [JavaFX Application Thread] DEBUG GameApplicationServi - Removing overlay from FXGLLoadingScene and adding to GameScene
16:20:35.338 [JavaFX Application Thread] DEBUG PrimaryStageWindow   - FXGLLoadingScene -> GameScene
16:20:35.341 [JavaFX Application Thread] DEBUG FXGLAssetLoaderServi - Loading from file system: file:/C:/Users/Cent/Desktop/CSS124L-LE/FinalExam/CSS124L-FINAL-PROJECT/fp/target/classes/assets/textures/Interactables/microwave_close.png
16:20:35.342 [JavaFX Application Thread] DEBUG PrimaryStageWindow   - Push state: PCM_BG
16:20:35.342 [JavaFX Application Thread] DEBUG Input                - Clearing active input actions
16:20:35.342 [JavaFX Application Thread] DEBUG GameApplicationServi - Removing overlay from GameScene and adding to PCM_BG
16:20:35.342 [JavaFX Application Thread] DEBUG PrimaryStageWindow   - GameScene -> PCM_BG
16:20:35.346 [JavaFX Application Thread] DEBUG PrimaryStageWindow   - Push state: PlayerCountMenu
16:20:35.346 [JavaFX Application Thread] DEBUG Input                - Clearing active input actions
16:20:35.346 [JavaFX Application Thread] DEBUG GameApplicationServi - Removing overlay from PCM_BG and adding to PlayerCountMenu
16:20:35.349 [JavaFX Application Thread] DEBUG PrimaryStageWindow   - PCM_BG -> PlayerCountMenu
16:20:35.878 [JavaFX Application Thread] DEBUG AudioPlayer          - Stopping music com.almasb.fxgl.audio.Music@32c2103f
16:20:35.914 [JavaFX Application Thread] DEBUG FXGLAssetLoaderServi - Loading from file system: file:/C:/Users/Cent/Desktop/CSS124L-LE/FinalExam/CSS124L-FINAL-PROJECT/fp/target/classes/assets/sounds/Reload.mp3
16:20:35.917 [JavaFX Application Thread] DEBUG FXGLAssetLoaderServi - Loading from file system: file:/C:/Users/Cent/Desktop/CSS124L-LE/FinalExam/CSS124L-FINAL-PROJECT/fp/target/classes/assets/sounds/BerettaM9_Shoot.mp3
16:20:35.920 [JavaFX Application Thread] WARN  FXGLAssetLoaderServi - Asset "/assets/sounds/SawedOff_Shoot.mp3" was not found!
16:20:35.920 [JavaFX Application Thread] WARN  FXGLAssetLoaderServi - Failed to load SOUND
16:20:35.923 [JavaFX Application Thread] DEBUG FXGLAssetLoaderServi - Loading from file system: file:/C:/Users/Cent/Desktop/CSS124L-LE/FinalExam/CSS124L-FINAL-PROJECT/fp/target/classes/assets/textures/Weapons/Idle/BerettaM9_Idle.png
16:20:35.923 [JavaFX Application Thread] DEBUG FXGLAssetLoaderServi - Loading from file system: file:/C:/Users/Cent/Desktop/CSS124L-LE/FinalExam/CSS124L-FINAL-PROJECT/fp/target/classes/assets/textures/Weapons/Shooting/BerettaM9_Shooting.png
16:20:35.926 [JavaFX Application Thread] DEBUG FXGLAssetLoaderServi - Loading from file system: file:/C:/Users/Cent/Desktop/CSS124L-LE/FinalExam/CSS124L-FINAL-PROJECT/fp/target/classes/assets/textures/Players/1P_Shoot.png
16:20:35.928 [JavaFX Application Thread] DEBUG FXGLAssetLoaderServi - Loading from file system: file:/C:/Users/Cent/Desktop/CSS124L-LE/FinalExam/CSS124L-FINAL-PROJECT/fp/target/classes/assets/textures/Interactables/vending_machine.png
16:20:35.931 [JavaFX Application Thread] DEBUG PrimaryStageWindow   - Pop state: PlayerCountMenu
16:20:35.931 [JavaFX Application Thread] DEBUG Input                - Clearing active input actions
16:20:35.931 [JavaFX Application Thread] DEBUG GameApplicationServi - Removing overlay from PlayerCountMenu and adding to PCM_BG
16:20:35.933 [JavaFX Application Thread] DEBUG PrimaryStageWindow   - PCM_BG <- PlayerCountMenu
16:20:35.933 [JavaFX Application Thread] DEBUG PrimaryStageWindow   - Pop state: PCM_BG
16:20:35.933 [JavaFX Application Thread] DEBUG Input                - Clearing active input actions
16:20:35.933 [JavaFX Application Thread] DEBUG GameApplicationServi - Removing overlay from PCM_BG and adding to GameScene
16:20:35.933 [JavaFX Application Thread] DEBUG PrimaryStageWindow   - GameScene <- PCM_BG
16:20:36.024 [JavaFX Application Thread] DEBUG FXGLAssetLoaderServi - Loading from file system: file:/C:/Users/Cent/Desktop/CSS124L-LE/FinalExam/CSS124L-FINAL-PROJECT/fp/target/classes/assets/textures/Zombies/Basic_Zombie_Walking.png
16:20:36.025 [JavaFX Application Thread] DEBUG FXGLAssetLoaderServi - Loading from file system: file:/C:/Users/Cent/Desktop/CSS124L-LE/FinalExam/CSS124L-FINAL-PROJECT/fp/target/classes/assets/textures/Zombies/Basic_Zombie_Attack.png
16:20:36.358 [JavaFX Application Thread] DEBUG FXGLAssetLoaderServi - Loading from file system: file:/C:/Users/Cent/Desktop/CSS124L-LE/FinalExam/CSS124L-FINAL-PROJECT/fp/target/classes/assets/text/startGame.txt
16:20:36.360 [JavaFX Application Thread] DEBUG Input                - Registered new binding: Next RPG Line - Enter
16:20:36.361 [JavaFX Application Thread] DEBUG FXGLAssetLoaderServi - Loading from file system: file:/C:/Users/Cent/Desktop/CSS124L-LE/FinalExam/CSS124L-FINAL-PROJECT/fp/target/classes/assets/textures/helmet.png
16:20:36.362 [JavaFX Application Thread] DEBUG PrimaryStageWindow   - Push state: CutsceneScene
16:20:36.362 [JavaFX Application Thread] DEBUG Input                - Clearing active input actions
16:20:36.362 [JavaFX Application Thread] DEBUG GameApplicationServi - Removing overlay from GameScene and adding to CutsceneScene
16:20:36.364 [JavaFX Application Thread] DEBUG PrimaryStageWindow   - GameScene -> CutsceneScene
16:20:36.979 [FXGL Background Thread 3 ] DEBUG Engine               - Logging environment variables
16:20:36.979 [FXGL Background Thread 3 ] DEBUG Engine               - achievements: []
16:20:36.979 [FXGL Background Thread 3 ] DEBUG Engine               - actualHeight: 600.0
16:20:36.979 [FXGL Background Thread 3 ] DEBUG Engine               - actualHeightProperty: ReadOnlyDoubleProperty [value: 600.0]
16:20:36.979 [FXGL Background Thread 3 ] DEBUG Engine               - actualWidth: 800.0
16:20:36.979 [FXGL Background Thread 3 ] DEBUG Engine               - actualWidthProperty: ReadOnlyDoubleProperty [value: 800.0]
16:20:36.979 [FXGL Background Thread 3 ] DEBUG Engine               - appIcon: fxgl_icon.png
16:20:36.979 [FXGL Background Thread 3 ] DEBUG Engine               - applicationMode: DEVELOPER
16:20:36.979 [FXGL Background Thread 3 ] DEBUG Engine               - cSSList: [fxgl_dark.css]
16:20:36.980 [FXGL Background Thread 3 ] DEBUG Engine               - collisionDetectionStrategy: BRUTE_FORCE
16:20:36.980 [FXGL Background Thread 3 ] DEBUG Engine               - configClass: Optional.empty
16:20:36.980 [FXGL Background Thread 3 ] DEBUG Engine               - credits: []
16:20:36.980 [FXGL Background Thread 3 ] DEBUG Engine               - defaultCursor: CursorInfo(imageName=fxgl_default_cursor.png, hotspotX=7.0, hotspotY=6.0)
16:20:36.980 [FXGL Background Thread 3 ] DEBUG Engine               - devBBoxColorProperty: ObjectProperty [value: 0xff0000ff]
16:20:36.980 [FXGL Background Thread 3 ] DEBUG Engine               - devEnableDebugCameraProperty: BooleanProperty [value: false]
16:20:36.980 [FXGL Background Thread 3 ] DEBUG Engine               - devSensorColorProperty: ObjectProperty [value: 0xffff00ff]
16:20:36.980 [FXGL Background Thread 3 ] DEBUG Engine               - devShowBBoxProperty: BooleanProperty [value: false]
16:20:36.980 [FXGL Background Thread 3 ] DEBUG Engine               - devShowPositionProperty: BooleanProperty [value: false]
16:20:36.980 [FXGL Background Thread 3 ] DEBUG Engine               - enabledMenuItems: []
16:20:36.980 [FXGL Background Thread 3 ] DEBUG Engine               - engineServices: [class com.almasb.fxgl.app.services.FXGLAssetLoaderService, class com.almasb.fxgl.app.FXGLApplication$GameApplicationService, class com.almasb.fxgl.app.services.FXGLDialogService, class com.almasb.fxgl.app.services.IOTaskExecutorService, class com.almasb.fxgl.io.FileSystemService, class com.almasb.fxgl.localization.LocalizationService, class com.almasb.fxgl.app.services.SystemBundleService, class com.almasb.fxgl.profile.SaveLoadService, class com.almasb.fxgl.ui.FXGLUIFactoryServiceProvider, class com.almasb.fxgl.ui.FXGLDialogFactoryServiceProvider, class com.almasb.fxgl.audio.AudioPlayer, class com.almasb.fxgl.notification.impl.NotificationServiceProvider, class com.almasb.fxgl.achievement.AchievementService, class com.almasb.fxgl.cutscene.CutsceneService, class com.almasb.fxgl.minigames.MiniGameService, class com.almasb.fxgl.net.NetService, class com.almasb.fxgl.app.services.UpdaterService, class com.almasb.fxgl.dev.DevService, class com.almasb.fxgl.multiplayer.MultiplayerService]
16:20:36.980 [FXGL Background Thread 3 ] DEBUG Engine               - fontGame: Abel-Regular.ttf
16:20:36.980 [FXGL Background Thread 3 ] DEBUG Engine               - fontMono: lucida_console.ttf
16:20:36.980 [FXGL Background Thread 3 ] DEBUG Engine               - fontText: Courier-Prime.ttf
16:20:36.980 [FXGL Background Thread 3 ] DEBUG Engine               - fontUI: VarelaRound-Regular.ttf
16:20:36.980 [FXGL Background Thread 3 ] DEBUG Engine               - fullScreen: BooleanProperty [value: false]
16:20:36.980 [FXGL Background Thread 3 ] DEBUG Engine               - gameDifficulty: MEDIUM
16:20:36.980 [FXGL Background Thread 3 ] DEBUG Engine               - gameDifficultyProperty: ObjectProperty [value: MEDIUM]
16:20:36.980 [FXGL Background Thread 3 ] DEBUG Engine               - globalMusicVolume: 0.5
16:20:36.980 [FXGL Background Thread 3 ] DEBUG Engine               - globalMusicVolumeProperty: DoubleProperty [value: 0.5]
16:20:36.980 [FXGL Background Thread 3 ] DEBUG Engine               - globalSoundVolume: 0.5
16:20:36.980 [FXGL Background Thread 3 ] DEBUG Engine               - globalSoundVolumeProperty: DoubleProperty [value: 0.5]
16:20:36.980 [FXGL Background Thread 3 ] DEBUG Engine               - height: 600
16:20:36.981 [FXGL Background Thread 3 ] DEBUG Engine               - is3D: false
16:20:36.981 [FXGL Background Thread 3 ] DEBUG Engine               - isAndroid: false
16:20:36.981 [FXGL Background Thread 3 ] DEBUG Engine               - isBrowser: false
16:20:36.981 [FXGL Background Thread 3 ] DEBUG Engine               - isClickFeedbackEnabled: false
16:20:36.981 [FXGL Background Thread 3 ] DEBUG Engine               - isCloseConfirmation: false
16:20:36.981 [FXGL Background Thread 3 ] DEBUG Engine               - isDesktop: true
16:20:36.981 [FXGL Background Thread 3 ] DEBUG Engine               - isDeveloperMenuEnabled: true
16:20:36.981 [FXGL Background Thread 3 ] DEBUG Engine               - isEmbedded: false
16:20:36.981 [FXGL Background Thread 3 ] DEBUG Engine               - isEntityPreloadEnabled: true
16:20:36.981 [FXGL Background Thread 3 ] DEBUG Engine               - isExperimentalTiledLargeMap: false
16:20:36.981 [FXGL Background Thread 3 ] DEBUG Engine               - isFileSystemWriteAllowed: true
16:20:36.981 [FXGL Background Thread 3 ] DEBUG Engine               - isFullScreenAllowed: false
16:20:36.981 [FXGL Background Thread 3 ] DEBUG Engine               - isFullScreenFromStart: false
16:20:36.981 [FXGL Background Thread 3 ] DEBUG Engine               - isGameMenuEnabled: true
16:20:36.981 [FXGL Background Thread 3 ] DEBUG Engine               - isIOS: false
16:20:36.981 [FXGL Background Thread 3 ] DEBUG Engine               - isIntroEnabled: false
16:20:36.981 [FXGL Background Thread 3 ] DEBUG Engine               - isLinux: false
16:20:36.981 [FXGL Background Thread 3 ] DEBUG Engine               - isMac: false
16:20:36.981 [FXGL Background Thread 3 ] DEBUG Engine               - isMainMenuEnabled: true
16:20:36.981 [FXGL Background Thread 3 ] DEBUG Engine               - isManualResizeEnabled: false
16:20:36.981 [FXGL Background Thread 3 ] DEBUG Engine               - isMobile: false
16:20:36.981 [FXGL Background Thread 3 ] DEBUG Engine               - isNative: false
16:20:36.981 [FXGL Background Thread 3 ] DEBUG Engine               - isPauseMusicWhenMinimized: true
16:20:36.981 [FXGL Background Thread 3 ] DEBUG Engine               - isPreserveResizeRatio: false
16:20:36.981 [FXGL Background Thread 3 ] DEBUG Engine               - isProfilingEnabled: false
16:20:36.981 [FXGL Background Thread 3 ] DEBUG Engine               - isScaleAffectedOnResize: true
16:20:36.981 [FXGL Background Thread 3 ] DEBUG Engine               - isSingleStep: false
16:20:36.981 [FXGL Background Thread 3 ] DEBUG Engine               - isUserProfileEnabled: false
16:20:36.981 [FXGL Background Thread 3 ] DEBUG Engine               - isWindows: true
16:20:36.981 [FXGL Background Thread 3 ] DEBUG Engine               - language: ObjectProperty [value: ENGLISH]
16:20:36.981 [FXGL Background Thread 3 ] DEBUG Engine               - menuKey: ESCAPE
16:20:36.981 [FXGL Background Thread 3 ] DEBUG Engine               - mouseSensitivity: 0.2
16:20:36.981 [FXGL Background Thread 3 ] DEBUG Engine               - notificationViewClass: class com.almasb.fxgl.notification.view.XboxNotificationView
16:20:36.981 [FXGL Background Thread 3 ] DEBUG Engine               - pixelsPerMeter: 50.0
16:20:36.981 [FXGL Background Thread 3 ] DEBUG Engine               - platform: WINDOWS
16:20:36.981 [FXGL Background Thread 3 ] DEBUG Engine               - prefHeightProperty: ReadOnlyDoubleProperty [value: 600.0]
16:20:36.981 [FXGL Background Thread 3 ] DEBUG Engine               - prefWidthProperty: ReadOnlyDoubleProperty [value: 800.0]
16:20:36.981 [FXGL Background Thread 3 ] DEBUG Engine               - profileDir: profiles/
16:20:36.982 [FXGL Background Thread 3 ] DEBUG Engine               - profileName: StringProperty [value: DEFAULT]
16:20:36.982 [FXGL Background Thread 3 ] DEBUG Engine               - randomSeed: -1
16:20:36.982 [FXGL Background Thread 3 ] DEBUG Engine               - runtimeInfo: RuntimeInfo(platform=WINDOWS, version=dev-SNAPSHOT, build=28.07.2021 16.39)
16:20:36.982 [FXGL Background Thread 3 ] DEBUG Engine               - saveFileExt: sav
16:20:36.982 [FXGL Background Thread 3 ] DEBUG Engine               - scaledHeightProp$fxgl: DoubleProperty [bound, value: 600.0]
16:20:36.982 [FXGL Background Thread 3 ] DEBUG Engine               - scaledWidthProp$fxgl: DoubleProperty [bound, value: 800.0]
16:20:36.982 [FXGL Background Thread 3 ] DEBUG Engine               - sceneFactory: com.groupfour.mygame.App$1@5d4cf428
16:20:36.982 [FXGL Background Thread 3 ] DEBUG Engine               - secondsIn24h: 60
16:20:36.982 [FXGL Background Thread 3 ] DEBUG Engine               - soundMenuBack: menu/back.wav
16:20:36.982 [FXGL Background Thread 3 ] DEBUG Engine               - soundMenuPress: menu/press.wav
16:20:36.982 [FXGL Background Thread 3 ] DEBUG Engine               - soundMenuSelect: menu/select.wav
16:20:36.982 [FXGL Background Thread 3 ] DEBUG Engine               - soundNotification: core/notification.wav
16:20:36.982 [FXGL Background Thread 3 ] DEBUG Engine               - stageStyle: DECORATED
16:20:36.982 [FXGL Background Thread 3 ] DEBUG Engine               - supportedLanguages: [ENGLISH, FRENCH, GERMAN, HUNGARIAN, RUSSIAN]
16:20:36.982 [FXGL Background Thread 3 ] DEBUG Engine               - ticksPerSecond: -1
16:20:36.982 [FXGL Background Thread 3 ] DEBUG Engine               - title: Flatline: Oregon
16:20:36.982 [FXGL Background Thread 3 ] DEBUG Engine               - urlGithub: https://github.com/AlmasB/FXGL
16:20:36.982 [FXGL Background Thread 3 ] DEBUG Engine               - urlLeaderboard: http://fxgl-top.herokuapp.com/
16:20:36.982 [FXGL Background Thread 3 ] DEBUG Engine               - urlPOM: https://raw.githubusercontent.com/AlmasB/FXGL/release/README.md
16:20:36.982 [FXGL Background Thread 3 ] DEBUG Engine               - userAppClass: class com.groupfour.mygame.App
16:20:36.982 [FXGL Background Thread 3 ] DEBUG Engine               - version: Beta ?
16:20:36.982 [FXGL Background Thread 3 ] DEBUG Engine               - versionCheckDays: 7
16:20:36.982 [FXGL Background Thread 3 ] DEBUG Engine               - width: 800
16:20:36.982 [FXGL Background Thread 3 ] DEBUG Engine               - Logging services
16:20:36.982 [FXGL Background Thread 3 ] DEBUG Engine               - class com.almasb.fxgl.app.services.FXGLAssetLoaderService
16:20:36.982 [FXGL Background Thread 3 ] DEBUG Engine               - class com.almasb.fxgl.app.FXGLApplication$GameApplicationService
16:20:36.983 [FXGL Background Thread 3 ] DEBUG Engine               - class com.almasb.fxgl.app.services.FXGLDialogService
16:20:36.983 [FXGL Background Thread 3 ] DEBUG Engine               - class com.almasb.fxgl.app.services.IOTaskExecutorService
16:20:36.983 [FXGL Background Thread 3 ] DEBUG Engine               - class com.almasb.fxgl.io.FileSystemService
16:20:36.983 [FXGL Background Thread 3 ] DEBUG Engine               - class com.almasb.fxgl.localization.LocalizationService
16:20:36.983 [FXGL Background Thread 3 ] DEBUG Engine               - class com.almasb.fxgl.app.services.SystemBundleService
16:20:36.983 [FXGL Background Thread 3 ] DEBUG Engine               - class com.almasb.fxgl.profile.SaveLoadService
16:20:36.983 [FXGL Background Thread 3 ] DEBUG Engine               - class com.almasb.fxgl.ui.FXGLUIFactoryServiceProvider
16:20:36.983 [FXGL Background Thread 3 ] DEBUG Engine               - class com.almasb.fxgl.ui.FXGLDialogFactoryServiceProvider
16:20:36.983 [FXGL Background Thread 3 ] DEBUG Engine               - class com.almasb.fxgl.audio.AudioPlayer
16:20:36.983 [FXGL Background Thread 3 ] DEBUG Engine               - class com.almasb.fxgl.notification.impl.NotificationServiceProvider
16:20:36.983 [FXGL Background Thread 3 ] DEBUG Engine               - class com.almasb.fxgl.achievement.AchievementService
16:20:36.983 [FXGL Background Thread 3 ] DEBUG Engine               - class com.almasb.fxgl.cutscene.CutsceneService
16:20:36.983 [FXGL Background Thread 3 ] DEBUG Engine               - class com.almasb.fxgl.minigames.MiniGameService
16:20:36.983 [FXGL Background Thread 3 ] DEBUG Engine               - class com.almasb.fxgl.net.NetService
16:20:36.983 [FXGL Background Thread 3 ] DEBUG Engine               - class com.almasb.fxgl.app.services.UpdaterService
16:20:36.983 [FXGL Background Thread 3 ] DEBUG Engine               - class com.almasb.fxgl.dev.DevService
16:20:36.983 [FXGL Background Thread 3 ] DEBUG Engine               - class com.almasb.fxgl.multiplayer.MultiplayerService
16:20:39.526 [JavaFX Application Thread] DEBUG PrimaryStageWindow   - Pop state: CutsceneScene
16:20:39.526 [JavaFX Application Thread] DEBUG Input                - Clearing active input actions
16:20:39.526 [JavaFX Application Thread] DEBUG GameApplicationServi - Removing overlay from CutsceneScene and adding to GameScene
16:20:39.527 [JavaFX Application Thread] DEBUG PrimaryStageWindow   - GameScene <- CutsceneScene
16:20:39.878 [JavaFX Application Thread] DEBUG FXGLAssetLoaderServi - Loading from file system: file:/C:/Users/Cent/Desktop/CSS124L-LE/FinalExam/CSS124L-FINAL-PROJECT/fp/target/classes/assets/textures/Weapons/Idle/M16_Idle.png
16:20:39.879 [JavaFX Application Thread] DEBUG FXGLAssetLoaderServi - Loading from file system: file:/C:/Users/Cent/Desktop/CSS124L-LE/FinalExam/CSS124L-FINAL-PROJECT/fp/target/classes/assets/textures/Weapons/Shooting/M16_Shooting.png
16:20:39.879 [JavaFX Application Thread] DEBUG FXGLAssetLoaderServi - Loading from file system: file:/C:/Users/Cent/Desktop/CSS124L-LE/FinalExam/CSS124L-FINAL-PROJECT/fp/target/classes/assets/textures/Players/1P_Rifle_Shoot.png
16:20:40.279 [JavaFX Application Thread] DEBUG FXGLAssetLoaderServi - Loading from file system: file:/C:/Users/Cent/Desktop/CSS124L-LE/FinalExam/CSS124L-FINAL-PROJECT/fp/target/classes/assets/textures/Weapons/Idle/AK47_Idle.png
16:20:40.280 [JavaFX Application Thread] DEBUG FXGLAssetLoaderServi - Loading from file system: file:/C:/Users/Cent/Desktop/CSS124L-LE/FinalExam/CSS124L-FINAL-PROJECT/fp/target/classes/assets/textures/Weapons/Shooting/AK47_Shooting.png
16:20:43.190 [JavaFX Application Thread] DEBUG FXGLAssetLoaderServi - Loading from file system: file:/C:/Users/Cent/Desktop/CSS124L-LE/FinalExam/CSS124L-FINAL-PROJECT/fp/target/classes/assets/textures/Weapons/Idle/Sawed_Off_DoubleBarrel.png
16:20:43.191 [JavaFX Application Thread] DEBUG FXGLAssetLoaderServi - Loading from file system: file:/C:/Users/Cent/Desktop/CSS124L-LE/FinalExam/CSS124L-FINAL-PROJECT/fp/target/classes/assets/textures/Weapons/Shooting/Sawed_Off_DoubleBarrel_Shooting.png
16:20:55.783 [JavaFX Application Thread] DEBUG FXGLApplication      - Exiting FXGL
16:20:55.783 [JavaFX Application Thread] DEBUG LoopRunner           - Stopping loop
16:20:55.783 [JavaFX Application Thread] DEBUG SystemBundleService  - Saving FXGL system data
16:20:55.785 [JavaFX Application Thread] DEBUG FileSystemAccess     - Writing to: c:\Users\Cent\Desktop\CSS124L-LE\FinalExam\CSS124L-FINAL-PROJECT\system\fxgl.bundle
16:20:55.787 [JavaFX Application Thread] DEBUG Async                - Shutting down background threads
16:20:55.787 [JavaFX Application Thread] DEBUG PrimaryStageWindow   - Closing main window
16:20:55.805 [JavaFX Application Thread] DEBUG Logger               - Closing Logger
