00:30:26.273 [main                     ] DEBUG Logger               - Configured Logger
00:30:26.291 [main                     ] DEBUG GameApplication      - Logging settings
Title: Flatline: Oregon
Version: Alpha 0.3
Width: 800
Height: 600
Fullscreen: false
Intro: false
Profiling: false
Single step:false
App Mode: DEVELOPER
Menu Key: ESCAPE
Stage Style: DECORATED
Scene Factory: class com.groupfour.mygame.App$1

00:30:26.582 [JavaFX Application Thread] DEBUG FXGLApplication      - Initializing FXGL
00:30:26.583 [JavaFX Application Thread] INFO  Engine               - FXGL-dev-SNAPSHOT (28.07.2021 16.39) on WINDOWS (J:11.0.22 FX:16)
00:30:26.584 [JavaFX Application Thread] DEBUG Engine               - JRE Vendor Name: Oracle Corporation
00:30:26.584 [JavaFX Application Thread] DEBUG Engine               - Running on OS: Windows 11 version 10.0
00:30:26.584 [JavaFX Application Thread] DEBUG Engine               - Architecture: amd64
00:30:26.584 [JavaFX Application Thread] INFO  Engine               - Source code and latest versions at: https://github.com/AlmasB/FXGL
00:30:26.585 [JavaFX Application Thread] INFO  Engine               -              Join the FXGL chat at: https://gitter.im/AlmasB/FXGL
00:30:26.639 [JavaFX Application Thread] DEBUG PrimaryStageWindow   - Creating a JavaFX scene
00:30:26.677 [JavaFX Application Thread] DEBUG PrimaryStageWindow   - Target settings size: 800.0 x 600.0
00:30:26.677 [JavaFX Application Thread] DEBUG PrimaryStageWindow   - Scaled scene size:    800.0 x 600.0
00:30:26.677 [JavaFX Application Thread] DEBUG PrimaryStageWindow   - Scaled ratio: (1.0, 1.0)
00:30:26.678 [JavaFX Application Thread] DEBUG PrimaryStageWindow   - Set initial scene to FXGLStartupScene
00:30:26.682 [JavaFX Application Thread] DEBUG PrimaryStageWindow   - Opening main window
00:30:26.746 [JavaFX Application Thread] DEBUG PrimaryStageWindow   - Window border size: (14.4000244140625, 37.5999755859375)
00:30:26.746 [JavaFX Application Thread] DEBUG PrimaryStageWindow   - Scaled size: 800.0 x 600.0
00:30:26.747 [JavaFX Application Thread] DEBUG PrimaryStageWindow   - Scaled ratio: (1.0, 1.0)
00:30:26.747 [JavaFX Application Thread] DEBUG PrimaryStageWindow   - Scene size: 800.0 x 600.0
00:30:26.747 [JavaFX Application Thread] DEBUG PrimaryStageWindow   - Stage size: 814.4000244140625 x 637.5999755859375
00:30:26.751 [FXGL Background Thread 1 ] DEBUG Engine               - Initializing environment variables
00:30:26.790 [FXGL Background Thread 1 ] DEBUG FXGLAssetLoaderServi - User app class for loading assets: class com.groupfour.mygame.App
00:30:26.790 [FXGL Background Thread 1 ] DEBUG GameApplicationServi - Applying CSS: fxgl_dark.css
00:30:26.791 [FXGL Background Thread 1 ] DEBUG FXGLAssetLoaderServi - Loading from file system: jar:file:///C:/Users/acer/.m2/repository/com/github/almasb/fxgl/dev-SNAPSHOT/fxgl-dev-SNAPSHOT.jar!/fxglassets/ui/css/fxgl_dark.css
00:30:26.827 [FXGL Background Thread 1 ] DEBUG GameApplicationServi - Initializing application scenes
00:30:26.851 [FXGL Background Thread 1 ] DEBUG GameWorld            - Game world initialized
00:30:26.885 [FXGL Background Thread 1 ] DEBUG PhysicsWorld         - Physics world initialized: appHeight=600, physics.ppm=50.0
00:30:26.885 [FXGL Background Thread 1 ] DEBUG PhysicsWorld         - Using strategy: BRUTE_FORCE
00:30:26.887 [FXGL Background Thread 1 ] DEBUG GameScene            - Game scene initialized: 800x600
00:30:26.895 [FXGL Background Thread 1 ] DEBUG FXGL.DefaultMenu     - createMenuBodyMainMenu()
00:30:26.904 [FXGL Background Thread 1 ] DEBUG FXGL.DefaultMenu     - createOptionsMenu()
00:30:26.910 [FXGL Background Thread 1 ] DEBUG FXGLAssetLoaderServi - Loading from file system: jar:file:///C:/Users/acer/.m2/repository/com/github/almasb/fxgl/dev-SNAPSHOT/fxgl-dev-SNAPSHOT.jar!/fxglassets/textures/particles/smoke.png
00:30:26.973 [FXGL Background Thread 1 ] DEBUG FXGLAssetLoaderServi - Loading from file system: jar:file:///C:/Users/acer/.m2/repository/com/github/almasb/fxgl/dev-SNAPSHOT/fxgl-dev-SNAPSHOT.jar!/fxglassets/textures/particles/trace_horizontal.png
00:30:27.000 [FXGL Background Thread 1 ] DEBUG GameApplicationServi - Application scenes initialized
00:30:27.007 [FXGL Background Thread 1 ] DEBUG SystemBundleService  - Loading FXGL system data
00:30:27.012 [FXGL Background Thread 1 ] DEBUG FileSystemAccess     - Reading from: C:\Users\acer\OneDrive\Desktop\git pull\CSS124L-FINAL-PROJECT\system\fxgl.bundle
00:30:27.016 [FXGL Background Thread 1 ] DEBUG SystemBundleService  - Bundle FXGL: {}
00:30:27.016 [FXGL Background Thread 1 ] DEBUG UpdaterService       - Checking for updates
00:30:27.032 [FXGL Background Thread 4 ] DEBUG FXGLApplication      - Loading fonts
00:30:27.033 [FXGL Background Thread 4 ] DEBUG FXGLAssetLoaderServi - Loading from file system: jar:file:///C:/Users/acer/.m2/repository/com/github/almasb/fxgl/dev-SNAPSHOT/fxgl-dev-SNAPSHOT.jar!/fxglassets/ui/fonts/VarelaRound-Regular.ttf
00:30:27.033 [FXGL Background Thread 1 ] DEBUG FXGLApplication      - Loading default localization
00:30:27.033 [FXGL Background Thread 1 ] DEBUG FXGLAssetLoaderServi - Loading from file system: jar:file:///C:/Users/acer/.m2/repository/com/github/almasb/fxgl/dev-SNAPSHOT/fxgl-dev-SNAPSHOT.jar!/fxglassets/languages/english.lang
00:30:27.044 [FXGL Background Thread 1 ] INFO  FXGLApplication      - FXGL initialization took: 0.293 sec
00:30:27.054 [JavaFX Application Thread] DEBUG Input                - Registered new binding: Move Upwards - W
00:30:27.054 [JavaFX Application Thread] DEBUG Input                - Registered new binding: Move Down - S
00:30:27.054 [JavaFX Application Thread] DEBUG Input                - Registered new binding: Move Left - A
00:30:27.054 [JavaFX Application Thread] DEBUG Input                - Registered new binding: Move Right - D
00:30:27.054 [JavaFX Application Thread] DEBUG Input                - Registered new binding: Reload - R
00:30:27.055 [JavaFX Application Thread] DEBUG Input                - Registered new binding: Shoot - LMB
00:30:27.055 [JavaFX Application Thread] DEBUG Input                - Registered new binding: Switch Weapons - Q
00:30:27.056 [JavaFX Application Thread] DEBUG FXGLAssetLoaderServi - Loading from file system: jar:file:///C:/Users/acer/.m2/repository/com/github/almasb/fxgl/dev-SNAPSHOT/fxgl-dev-SNAPSHOT.jar!/fxglassets/textures/fxgl_icon.png
00:30:27.069 [JavaFX Application Thread] DEBUG FXGLAssetLoaderServi - Loading from file system: jar:file:///C:/Users/acer/.m2/repository/com/github/almasb/fxgl/dev-SNAPSHOT/fxgl-dev-SNAPSHOT.jar!/fxglassets/textures/fxgl_default_cursor.png
00:30:27.071 [JavaFX Application Thread] DEBUG Input                - Registered new binding: Screenshot - CTRL+8
00:30:27.072 [JavaFX Application Thread] DEBUG Input                - Registered new binding: Dev Options - 1
00:30:27.072 [JavaFX Application Thread] DEBUG Input                - Registered new binding: Dev Console - 2
00:30:27.073 [JavaFX Application Thread] DEBUG Input                - Registered new binding: System info dump - CTRL+9
00:30:27.073 [JavaFX Application Thread] DEBUG Input                - Registered new binding: Restart - CTRL+R
00:30:27.074 [JavaFX Application Thread] DEBUG Input                - Registered new binding: Toggle Debug Camera - CTRL+C
00:30:27.077 [JavaFX Application Thread] DEBUG LoopRunner           - Starting loop
00:30:27.089 [JavaFX Application Thread] DEBUG LoopRunner           - Initializing JavaFX AnimationTimerLoop
00:30:27.090 [JavaFX Application Thread] DEBUG Input                - Clearing active input actions
00:30:27.097 [JavaFX Application Thread] DEBUG GameApplicationServi - Removing overlay from FXGLStartupScene and adding to FXGLMainMenuDummyScene
00:30:27.099 [JavaFX Application Thread] DEBUG PrimaryStageWindow   - FXGLStartupScene -> FXGLMainMenuDummyScene
00:30:27.099 [JavaFX Application Thread] DEBUG PrimaryStageWindow   - Push state: FXGLDefaultMenu
00:30:27.102 [JavaFX Application Thread] DEBUG Input                - Clearing active input actions
00:30:27.106 [JavaFX Application Thread] DEBUG GameApplicationServi - Removing overlay from FXGLMainMenuDummyScene and adding to FXGLDefaultMenu
00:30:27.107 [JavaFX Application Thread] DEBUG PrimaryStageWindow   - FXGLMainMenuDummyScene -> FXGLDefaultMenu
00:30:27.368 [FXGL Background Thread 4 ] DEBUG FXGLAssetLoaderServi - Loading from file system: jar:file:///C:/Users/acer/.m2/repository/com/github/almasb/fxgl/dev-SNAPSHOT/fxgl-dev-SNAPSHOT.jar!/fxglassets/ui/fonts/Abel-Regular.ttf
00:30:27.373 [FXGL Background Thread 4 ] DEBUG FXGLAssetLoaderServi - Loading from file system: jar:file:///C:/Users/acer/.m2/repository/com/github/almasb/fxgl/dev-SNAPSHOT/fxgl-dev-SNAPSHOT.jar!/fxglassets/ui/fonts/lucida_console.ttf
00:30:27.381 [FXGL Background Thread 4 ] DEBUG FXGLAssetLoaderServi - Loading from file system: jar:file:///C:/Users/acer/.m2/repository/com/github/almasb/fxgl/dev-SNAPSHOT/fxgl-dev-SNAPSHOT.jar!/fxglassets/ui/fonts/Courier-Prime.ttf
00:30:27.427 [JavaFX Application Thread] DEBUG FXGLApplication      - Registering font factories with UI factory
00:30:27.609 [FXGL Background Thread 2 ] INFO  UpdaterService       - Your current version:  dev-SNAPSHOT
00:30:27.609 [FXGL Background Thread 2 ] INFO  UpdaterService       - Latest stable version: 21.1
00:30:27.840 [JavaFX Application Thread] DEBUG Menu                 - fireNewGame()
00:30:27.840 [JavaFX Application Thread] DEBUG GameApplicationServi - Starting new game
00:30:27.841 [JavaFX Application Thread] DEBUG PrimaryStageWindow   - Pop state: FXGLDefaultMenu
00:30:27.842 [JavaFX Application Thread] DEBUG Input                - Clearing active input actions
00:30:27.844 [JavaFX Application Thread] DEBUG GameApplicationServi - Removing overlay from FXGLDefaultMenu and adding to FXGLMainMenuDummyScene
00:30:27.846 [JavaFX Application Thread] DEBUG PrimaryStageWindow   - FXGLMainMenuDummyScene <- FXGLDefaultMenu
00:30:27.846 [JavaFX Application Thread] DEBUG Input                - Clearing active input actions
00:30:27.854 [JavaFX Application Thread] DEBUG GameApplicationServi - Removing overlay from FXGLMainMenuDummyScene and adding to FXGLLoadingScene
00:30:27.855 [JavaFX Application Thread] DEBUG PrimaryStageWindow   - FXGLMainMenuDummyScene -> FXGLLoadingScene
00:30:27.855 [JavaFX Application Thread] DEBUG GameApplicationServi - Clearing previous game
00:30:27.855 [JavaFX Application Thread] DEBUG GameScene            - Clearing game scene
00:30:27.855 [JavaFX Application Thread] DEBUG GameWorld            - Clearing game world
00:30:27.855 [JavaFX Application Thread] DEBUG PhysicsWorld         - Clearing physics world
00:30:27.857 [FXGL Background Thread 2 ] DEBUG FXGLApplication      - Initializing game
00:30:27.881 [FXGL Background Thread 2 ] DEBUG FXGLAssetLoaderServi - Loading from file system: file:/C:/Users/acer/OneDrive/Desktop/git%20pull/CSS124L-FINAL-PROJECT/fp/target/classes/assets/textures/Players/1P_Idle.png
00:30:27.884 [FXGL Background Thread 2 ] DEBUG FXGLAssetLoaderServi - Loading from file system: file:/C:/Users/acer/OneDrive/Desktop/git%20pull/CSS124L-FINAL-PROJECT/fp/target/classes/assets/textures/Players/1P_Walk.gif
00:30:27.889 [FXGL Background Thread 2 ] DEBUG FXGLAssetLoaderServi - Loading from file system: file:/C:/Users/acer/OneDrive/Desktop/git%20pull/CSS124L-FINAL-PROJECT/fp/target/classes/assets/textures/Players/1P_Shoot.gif
00:30:27.898 [FXGL Background Thread 2 ] INFO  FXGLApplication      - Game initialization took: 0.041 sec
00:30:27.915 [JavaFX Application Thread] DEBUG Input                - Clearing active input actions
00:30:27.919 [JavaFX Application Thread] DEBUG GameApplicationServi - Removing overlay from FXGLLoadingScene and adding to GameScene
00:30:27.920 [JavaFX Application Thread] DEBUG PrimaryStageWindow   - FXGLLoadingScene -> GameScene
00:30:27.923 [JavaFX Application Thread] DEBUG PrimaryStageWindow   - Push state: PlayerCountMenu
00:30:27.923 [JavaFX Application Thread] DEBUG Input                - Clearing active input actions
00:30:27.923 [JavaFX Application Thread] DEBUG GameApplicationServi - Removing overlay from GameScene and adding to PlayerCountMenu
00:30:27.924 [JavaFX Application Thread] DEBUG PrimaryStageWindow   - GameScene -> PlayerCountMenu
00:30:29.095 [JavaFX Application Thread] DEBUG PrimaryStageWindow   - Pop state: PlayerCountMenu
00:30:29.095 [JavaFX Application Thread] DEBUG Input                - Clearing active input actions
00:30:29.097 [JavaFX Application Thread] DEBUG GameApplicationServi - Removing overlay from PlayerCountMenu and adding to GameScene
00:30:29.097 [JavaFX Application Thread] DEBUG PrimaryStageWindow   - GameScene <- PlayerCountMenu
00:30:29.632 [JavaFX Application Thread] DEBUG FXGLAssetLoaderServi - Loading from file system: file:/C:/Users/acer/OneDrive/Desktop/git%20pull/CSS124L-FINAL-PROJECT/fp/target/classes/assets/textures/Zombies/Basic_Zombie_Walking.gif
00:30:29.635 [JavaFX Application Thread] DEBUG FXGLAssetLoaderServi - Loading from file system: file:/C:/Users/acer/OneDrive/Desktop/git%20pull/CSS124L-FINAL-PROJECT/fp/target/classes/assets/textures/Zombies/Basic_Zombie_Attack.gif
00:30:30.031 [FXGL Background Thread 3 ] DEBUG Engine               - Logging environment variables
00:30:30.031 [FXGL Background Thread 3 ] DEBUG Engine               - achievements: []
00:30:30.031 [FXGL Background Thread 3 ] DEBUG Engine               - actualHeight: 600.0
00:30:30.031 [FXGL Background Thread 3 ] DEBUG Engine               - actualHeightProperty: ReadOnlyDoubleProperty [value: 600.0]
00:30:30.031 [FXGL Background Thread 3 ] DEBUG Engine               - actualWidth: 800.0
00:30:30.031 [FXGL Background Thread 3 ] DEBUG Engine               - actualWidthProperty: ReadOnlyDoubleProperty [value: 800.0]
00:30:30.031 [FXGL Background Thread 3 ] DEBUG Engine               - appIcon: fxgl_icon.png
00:30:30.031 [FXGL Background Thread 3 ] DEBUG Engine               - applicationMode: DEVELOPER
00:30:30.031 [FXGL Background Thread 3 ] DEBUG Engine               - cSSList: [fxgl_dark.css]
00:30:30.032 [FXGL Background Thread 3 ] DEBUG Engine               - collisionDetectionStrategy: BRUTE_FORCE
00:30:30.032 [FXGL Background Thread 3 ] DEBUG Engine               - configClass: Optional.empty
00:30:30.032 [FXGL Background Thread 3 ] DEBUG Engine               - credits: []
00:30:30.032 [FXGL Background Thread 3 ] DEBUG Engine               - defaultCursor: CursorInfo(imageName=fxgl_default_cursor.png, hotspotX=7.0, hotspotY=6.0)
00:30:30.032 [FXGL Background Thread 3 ] DEBUG Engine               - devBBoxColorProperty: ObjectProperty [value: 0xff0000ff]
00:30:30.032 [FXGL Background Thread 3 ] DEBUG Engine               - devEnableDebugCameraProperty: BooleanProperty [value: false]
00:30:30.032 [FXGL Background Thread 3 ] DEBUG Engine               - devSensorColorProperty: ObjectProperty [value: 0xffff00ff]
00:30:30.032 [FXGL Background Thread 3 ] DEBUG Engine               - devShowBBoxProperty: BooleanProperty [value: false]
00:30:30.032 [FXGL Background Thread 3 ] DEBUG Engine               - devShowPositionProperty: BooleanProperty [value: false]
00:30:30.032 [FXGL Background Thread 3 ] DEBUG Engine               - enabledMenuItems: []
00:30:30.032 [FXGL Background Thread 3 ] DEBUG Engine               - engineServices: [class com.almasb.fxgl.app.services.FXGLAssetLoaderService, class com.almasb.fxgl.app.FXGLApplication$GameApplicationService, class com.almasb.fxgl.app.services.FXGLDialogService, class com.almasb.fxgl.app.services.IOTaskExecutorService, class com.almasb.fxgl.io.FileSystemService, class com.almasb.fxgl.localization.LocalizationService, class com.almasb.fxgl.app.services.SystemBundleService, class com.almasb.fxgl.profile.SaveLoadService, class com.almasb.fxgl.ui.FXGLUIFactoryServiceProvider, class com.almasb.fxgl.ui.FXGLDialogFactoryServiceProvider, class com.almasb.fxgl.audio.AudioPlayer, class com.almasb.fxgl.notification.impl.NotificationServiceProvider, class com.almasb.fxgl.achievement.AchievementService, class com.almasb.fxgl.cutscene.CutsceneService, class com.almasb.fxgl.minigames.MiniGameService, class com.almasb.fxgl.net.NetService, class com.almasb.fxgl.app.services.UpdaterService, class com.almasb.fxgl.dev.DevService, class com.almasb.fxgl.multiplayer.MultiplayerService]
00:30:30.032 [FXGL Background Thread 3 ] DEBUG Engine               - fontGame: Abel-Regular.ttf
00:30:30.032 [FXGL Background Thread 3 ] DEBUG Engine               - fontMono: lucida_console.ttf
00:30:30.032 [FXGL Background Thread 3 ] DEBUG Engine               - fontText: Courier-Prime.ttf
00:30:30.032 [FXGL Background Thread 3 ] DEBUG Engine               - fontUI: VarelaRound-Regular.ttf
00:30:30.033 [FXGL Background Thread 3 ] DEBUG Engine               - fullScreen: BooleanProperty [value: false]
00:30:30.033 [FXGL Background Thread 3 ] DEBUG Engine               - gameDifficulty: MEDIUM
00:30:30.033 [FXGL Background Thread 3 ] DEBUG Engine               - gameDifficultyProperty: ObjectProperty [value: MEDIUM]
00:30:30.033 [FXGL Background Thread 3 ] DEBUG Engine               - globalMusicVolume: 0.5
00:30:30.033 [FXGL Background Thread 3 ] DEBUG Engine               - globalMusicVolumeProperty: DoubleProperty [value: 0.5]
00:30:30.033 [FXGL Background Thread 3 ] DEBUG Engine               - globalSoundVolume: 0.5
00:30:30.033 [FXGL Background Thread 3 ] DEBUG Engine               - globalSoundVolumeProperty: DoubleProperty [value: 0.5]
00:30:30.034 [FXGL Background Thread 3 ] DEBUG Engine               - height: 600
00:30:30.034 [FXGL Background Thread 3 ] DEBUG Engine               - is3D: false
00:30:30.034 [FXGL Background Thread 3 ] DEBUG Engine               - isAndroid: false
00:30:30.034 [FXGL Background Thread 3 ] DEBUG Engine               - isBrowser: false
00:30:30.034 [FXGL Background Thread 3 ] DEBUG Engine               - isClickFeedbackEnabled: false
00:30:30.034 [FXGL Background Thread 3 ] DEBUG Engine               - isCloseConfirmation: false
00:30:30.034 [FXGL Background Thread 3 ] DEBUG Engine               - isDesktop: true
00:30:30.034 [FXGL Background Thread 3 ] DEBUG Engine               - isDeveloperMenuEnabled: true
00:30:30.034 [FXGL Background Thread 3 ] DEBUG Engine               - isEmbedded: false
00:30:30.034 [FXGL Background Thread 3 ] DEBUG Engine               - isEntityPreloadEnabled: true
00:30:30.034 [FXGL Background Thread 3 ] DEBUG Engine               - isExperimentalTiledLargeMap: false
00:30:30.034 [FXGL Background Thread 3 ] DEBUG Engine               - isFileSystemWriteAllowed: true
00:30:30.034 [FXGL Background Thread 3 ] DEBUG Engine               - isFullScreenAllowed: false
00:30:30.034 [FXGL Background Thread 3 ] DEBUG Engine               - isFullScreenFromStart: false
00:30:30.034 [FXGL Background Thread 3 ] DEBUG Engine               - isGameMenuEnabled: true
00:30:30.034 [FXGL Background Thread 3 ] DEBUG Engine               - isIOS: false
00:30:30.034 [FXGL Background Thread 3 ] DEBUG Engine               - isIntroEnabled: false
00:30:30.034 [FXGL Background Thread 3 ] DEBUG Engine               - isLinux: false
00:30:30.034 [FXGL Background Thread 3 ] DEBUG Engine               - isMac: false
00:30:30.034 [FXGL Background Thread 3 ] DEBUG Engine               - isMainMenuEnabled: true
00:30:30.034 [FXGL Background Thread 3 ] DEBUG Engine               - isManualResizeEnabled: false
00:30:30.034 [FXGL Background Thread 3 ] DEBUG Engine               - isMobile: false
00:30:30.034 [FXGL Background Thread 3 ] DEBUG Engine               - isNative: false
00:30:30.034 [FXGL Background Thread 3 ] DEBUG Engine               - isPauseMusicWhenMinimized: true
00:30:30.034 [FXGL Background Thread 3 ] DEBUG Engine               - isPreserveResizeRatio: false
00:30:30.034 [FXGL Background Thread 3 ] DEBUG Engine               - isProfilingEnabled: false
00:30:30.034 [FXGL Background Thread 3 ] DEBUG Engine               - isScaleAffectedOnResize: true
00:30:30.034 [FXGL Background Thread 3 ] DEBUG Engine               - isSingleStep: false
00:30:30.035 [FXGL Background Thread 3 ] DEBUG Engine               - isUserProfileEnabled: false
00:30:30.035 [FXGL Background Thread 3 ] DEBUG Engine               - isWindows: true
00:30:30.035 [FXGL Background Thread 3 ] DEBUG Engine               - language: ObjectProperty [value: ENGLISH]
00:30:30.035 [FXGL Background Thread 3 ] DEBUG Engine               - menuKey: ESCAPE
00:30:30.035 [FXGL Background Thread 3 ] DEBUG Engine               - mouseSensitivity: 0.2
00:30:30.035 [FXGL Background Thread 3 ] DEBUG Engine               - notificationViewClass: class com.almasb.fxgl.notification.view.XboxNotificationView
00:30:30.035 [FXGL Background Thread 3 ] DEBUG Engine               - pixelsPerMeter: 50.0
00:30:30.035 [FXGL Background Thread 3 ] DEBUG Engine               - platform: WINDOWS
00:30:30.035 [FXGL Background Thread 3 ] DEBUG Engine               - prefHeightProperty: ReadOnlyDoubleProperty [value: 600.0]
00:30:30.035 [FXGL Background Thread 3 ] DEBUG Engine               - prefWidthProperty: ReadOnlyDoubleProperty [value: 800.0]
00:30:30.035 [FXGL Background Thread 3 ] DEBUG Engine               - profileDir: profiles/
00:30:30.035 [FXGL Background Thread 3 ] DEBUG Engine               - profileName: StringProperty [value: DEFAULT]
00:30:30.035 [FXGL Background Thread 3 ] DEBUG Engine               - randomSeed: -1
00:30:30.035 [FXGL Background Thread 3 ] DEBUG Engine               - runtimeInfo: RuntimeInfo(platform=WINDOWS, version=dev-SNAPSHOT, build=28.07.2021 16.39)
00:30:30.035 [FXGL Background Thread 3 ] DEBUG Engine               - saveFileExt: sav
00:30:30.035 [FXGL Background Thread 3 ] DEBUG Engine               - scaledHeightProp$fxgl: DoubleProperty [bound, value: 600.0]
00:30:30.035 [FXGL Background Thread 3 ] DEBUG Engine               - scaledWidthProp$fxgl: DoubleProperty [bound, value: 800.0]
00:30:30.035 [FXGL Background Thread 3 ] DEBUG Engine               - sceneFactory: com.groupfour.mygame.App$1@7928eedd
00:30:30.035 [FXGL Background Thread 3 ] DEBUG Engine               - secondsIn24h: 60
00:30:30.035 [FXGL Background Thread 3 ] DEBUG Engine               - soundMenuBack: menu/back.wav
00:30:30.035 [FXGL Background Thread 3 ] DEBUG Engine               - soundMenuPress: menu/press.wav
00:30:30.035 [FXGL Background Thread 3 ] DEBUG Engine               - soundMenuSelect: menu/select.wav
00:30:30.035 [FXGL Background Thread 3 ] DEBUG Engine               - soundNotification: core/notification.wav
00:30:30.035 [FXGL Background Thread 3 ] DEBUG Engine               - stageStyle: DECORATED
00:30:30.035 [FXGL Background Thread 3 ] DEBUG Engine               - supportedLanguages: [ENGLISH, FRENCH, GERMAN, HUNGARIAN, RUSSIAN]
00:30:30.035 [FXGL Background Thread 3 ] DEBUG Engine               - ticksPerSecond: -1
00:30:30.035 [FXGL Background Thread 3 ] DEBUG Engine               - title: Flatline: Oregon
00:30:30.035 [FXGL Background Thread 3 ] DEBUG Engine               - urlGithub: https://github.com/AlmasB/FXGL
00:30:30.035 [FXGL Background Thread 3 ] DEBUG Engine               - urlLeaderboard: http://fxgl-top.herokuapp.com/
00:30:30.035 [FXGL Background Thread 3 ] DEBUG Engine               - urlPOM: https://raw.githubusercontent.com/AlmasB/FXGL/release/README.md
00:30:30.036 [FXGL Background Thread 3 ] DEBUG Engine               - userAppClass: class com.groupfour.mygame.App
00:30:30.036 [FXGL Background Thread 3 ] DEBUG Engine               - version: Alpha 0.3
00:30:30.036 [FXGL Background Thread 3 ] DEBUG Engine               - versionCheckDays: 7
00:30:30.036 [FXGL Background Thread 3 ] DEBUG Engine               - width: 800
00:30:30.036 [FXGL Background Thread 3 ] DEBUG Engine               - Logging services
00:30:30.036 [FXGL Background Thread 3 ] DEBUG Engine               - class com.almasb.fxgl.app.services.FXGLAssetLoaderService
00:30:30.036 [FXGL Background Thread 3 ] DEBUG Engine               - class com.almasb.fxgl.app.FXGLApplication$GameApplicationService
00:30:30.036 [FXGL Background Thread 3 ] DEBUG Engine               - class com.almasb.fxgl.app.services.FXGLDialogService
00:30:30.036 [FXGL Background Thread 3 ] DEBUG Engine               - class com.almasb.fxgl.app.services.IOTaskExecutorService
00:30:30.036 [FXGL Background Thread 3 ] DEBUG Engine               - class com.almasb.fxgl.io.FileSystemService
00:30:30.036 [FXGL Background Thread 3 ] DEBUG Engine               - class com.almasb.fxgl.localization.LocalizationService
00:30:30.036 [FXGL Background Thread 3 ] DEBUG Engine               - class com.almasb.fxgl.app.services.SystemBundleService
00:30:30.036 [FXGL Background Thread 3 ] DEBUG Engine               - class com.almasb.fxgl.profile.SaveLoadService
00:30:30.036 [FXGL Background Thread 3 ] DEBUG Engine               - class com.almasb.fxgl.ui.FXGLUIFactoryServiceProvider
00:30:30.036 [FXGL Background Thread 3 ] DEBUG Engine               - class com.almasb.fxgl.ui.FXGLDialogFactoryServiceProvider
00:30:30.036 [FXGL Background Thread 3 ] DEBUG Engine               - class com.almasb.fxgl.audio.AudioPlayer
00:30:30.036 [FXGL Background Thread 3 ] DEBUG Engine               - class com.almasb.fxgl.notification.impl.NotificationServiceProvider
00:30:30.037 [FXGL Background Thread 3 ] DEBUG Engine               - class com.almasb.fxgl.achievement.AchievementService
00:30:30.037 [FXGL Background Thread 3 ] DEBUG Engine               - class com.almasb.fxgl.cutscene.CutsceneService
00:30:30.037 [FXGL Background Thread 3 ] DEBUG Engine               - class com.almasb.fxgl.minigames.MiniGameService
00:30:30.037 [FXGL Background Thread 3 ] DEBUG Engine               - class com.almasb.fxgl.net.NetService
00:30:30.037 [FXGL Background Thread 3 ] DEBUG Engine               - class com.almasb.fxgl.app.services.UpdaterService
00:30:30.037 [FXGL Background Thread 3 ] DEBUG Engine               - class com.almasb.fxgl.dev.DevService
00:30:30.037 [FXGL Background Thread 3 ] DEBUG Engine               - class com.almasb.fxgl.multiplayer.MultiplayerService
00:30:39.398 [JavaFX Application Thread] DEBUG FXGLApplication      - Exiting FXGL
00:30:39.399 [JavaFX Application Thread] DEBUG LoopRunner           - Stopping loop
00:30:39.399 [JavaFX Application Thread] DEBUG SystemBundleService  - Saving FXGL system data
00:30:39.401 [JavaFX Application Thread] DEBUG FileSystemAccess     - Writing to: C:\Users\acer\OneDrive\Desktop\git pull\CSS124L-FINAL-PROJECT\system\fxgl.bundle
00:30:39.402 [JavaFX Application Thread] DEBUG Async                - Shutting down background threads
00:30:39.403 [JavaFX Application Thread] DEBUG PrimaryStageWindow   - Closing main window
00:30:39.414 [JavaFX Application Thread] DEBUG Logger               - Closing Logger
