00:54:50.203 [main                     ] DEBUG Logger               - Configured Logger
00:54:50.221 [main                     ] DEBUG GameApplication      - Logging settings
Title: Flatline: Oregon
Version: Alpha 0.3
Width: 800
Height: 600
Fullscreen: false
Intro: false
Profiling: false
Single step:false
App Mode: DEVELOPER
Menu Key: ESCAPE
Stage Style: DECORATED
Scene Factory: class com.groupfour.mygame.App$1

00:54:50.545 [JavaFX Application Thread] DEBUG FXGLApplication      - Initializing FXGL
00:54:50.547 [JavaFX Application Thread] INFO  Engine               - FXGL-dev-SNAPSHOT (28.07.2021 16.39) on WINDOWS (J:11.0.22 FX:16)
00:54:50.548 [JavaFX Application Thread] DEBUG Engine               - JRE Vendor Name: Oracle Corporation
00:54:50.548 [JavaFX Application Thread] DEBUG Engine               - Running on OS: Windows 11 version 10.0
00:54:50.548 [JavaFX Application Thread] DEBUG Engine               - Architecture: amd64
00:54:50.548 [JavaFX Application Thread] INFO  Engine               - Source code and latest versions at: https://github.com/AlmasB/FXGL
00:54:50.548 [JavaFX Application Thread] INFO  Engine               -              Join the FXGL chat at: https://gitter.im/AlmasB/FXGL
00:54:50.604 [JavaFX Application Thread] DEBUG PrimaryStageWindow   - Creating a JavaFX scene
00:54:50.640 [JavaFX Application Thread] DEBUG PrimaryStageWindow   - Target settings size: 800.0 x 600.0
00:54:50.640 [JavaFX Application Thread] DEBUG PrimaryStageWindow   - Scaled scene size:    800.0 x 600.0
00:54:50.640 [JavaFX Application Thread] DEBUG PrimaryStageWindow   - Scaled ratio: (1.0, 1.0)
00:54:50.641 [JavaFX Application Thread] DEBUG PrimaryStageWindow   - Set initial scene to FXGLStartupScene
00:54:50.644 [JavaFX Application Thread] DEBUG PrimaryStageWindow   - Opening main window
00:54:50.703 [JavaFX Application Thread] DEBUG PrimaryStageWindow   - Window border size: (14.4000244140625, 37.5999755859375)
00:54:50.703 [JavaFX Application Thread] DEBUG PrimaryStageWindow   - Scaled size: 800.0 x 600.0
00:54:50.703 [JavaFX Application Thread] DEBUG PrimaryStageWindow   - Scaled ratio: (1.0, 1.0)
00:54:50.703 [JavaFX Application Thread] DEBUG PrimaryStageWindow   - Scene size: 800.0 x 600.0
00:54:50.703 [JavaFX Application Thread] DEBUG PrimaryStageWindow   - Stage size: 814.4000244140625 x 637.5999755859375
00:54:50.708 [FXGL Background Thread 1 ] DEBUG Engine               - Initializing environment variables
00:54:50.739 [FXGL Background Thread 1 ] DEBUG FXGLAssetLoaderServi - User app class for loading assets: class com.groupfour.mygame.App
00:54:50.739 [FXGL Background Thread 1 ] DEBUG GameApplicationServi - Applying CSS: fxgl_dark.css
00:54:50.739 [FXGL Background Thread 1 ] DEBUG FXGLAssetLoaderServi - Loading from file system: jar:file:///C:/Users/acer/.m2/repository/com/github/almasb/fxgl/dev-SNAPSHOT/fxgl-dev-SNAPSHOT.jar!/fxglassets/ui/css/fxgl_dark.css
00:54:50.772 [FXGL Background Thread 1 ] DEBUG GameApplicationServi - Initializing application scenes
00:54:50.798 [FXGL Background Thread 1 ] DEBUG GameWorld            - Game world initialized
00:54:50.831 [FXGL Background Thread 1 ] DEBUG PhysicsWorld         - Physics world initialized: appHeight=600, physics.ppm=50.0
00:54:50.831 [FXGL Background Thread 1 ] DEBUG PhysicsWorld         - Using strategy: BRUTE_FORCE
00:54:50.833 [FXGL Background Thread 1 ] DEBUG GameScene            - Game scene initialized: 800x600
00:54:50.842 [FXGL Background Thread 1 ] DEBUG FXGL.DefaultMenu     - createMenuBodyMainMenu()
00:54:50.855 [FXGL Background Thread 1 ] DEBUG FXGL.DefaultMenu     - createOptionsMenu()
00:54:50.860 [FXGL Background Thread 1 ] DEBUG FXGLAssetLoaderServi - Loading from file system: jar:file:///C:/Users/acer/.m2/repository/com/github/almasb/fxgl/dev-SNAPSHOT/fxgl-dev-SNAPSHOT.jar!/fxglassets/textures/particles/smoke.png
00:54:50.922 [FXGL Background Thread 1 ] DEBUG FXGLAssetLoaderServi - Loading from file system: jar:file:///C:/Users/acer/.m2/repository/com/github/almasb/fxgl/dev-SNAPSHOT/fxgl-dev-SNAPSHOT.jar!/fxglassets/textures/particles/trace_horizontal.png
00:54:50.944 [FXGL Background Thread 1 ] DEBUG GameApplicationServi - Application scenes initialized
00:54:50.950 [FXGL Background Thread 1 ] DEBUG SystemBundleService  - Loading FXGL system data
00:54:50.954 [FXGL Background Thread 1 ] DEBUG FileSystemAccess     - Reading from: C:\Users\acer\OneDrive\Desktop\git pull\CSS124L-FINAL-PROJECT\system\fxgl.bundle
00:54:50.958 [FXGL Background Thread 1 ] DEBUG SystemBundleService  - Bundle FXGL: {}
00:54:50.958 [FXGL Background Thread 1 ] DEBUG UpdaterService       - Checking for updates
00:54:50.975 [FXGL Background Thread 4 ] DEBUG FXGLApplication      - Loading fonts
00:54:50.975 [FXGL Background Thread 1 ] DEBUG FXGLApplication      - Loading default localization
00:54:50.976 [FXGL Background Thread 4 ] DEBUG FXGLAssetLoaderServi - Loading from file system: jar:file:///C:/Users/acer/.m2/repository/com/github/almasb/fxgl/dev-SNAPSHOT/fxgl-dev-SNAPSHOT.jar!/fxglassets/ui/fonts/VarelaRound-Regular.ttf
00:54:50.976 [FXGL Background Thread 1 ] DEBUG FXGLAssetLoaderServi - Loading from file system: jar:file:///C:/Users/acer/.m2/repository/com/github/almasb/fxgl/dev-SNAPSHOT/fxgl-dev-SNAPSHOT.jar!/fxglassets/languages/english.lang
00:54:50.989 [FXGL Background Thread 1 ] INFO  FXGLApplication      - FXGL initialization took: 0.280 sec
00:54:50.998 [JavaFX Application Thread] DEBUG Input                - Registered new binding: Move Upwards - W
00:54:50.998 [JavaFX Application Thread] DEBUG Input                - Registered new binding: Move Down - S
00:54:50.998 [JavaFX Application Thread] DEBUG Input                - Registered new binding: Move Left - A
00:54:50.998 [JavaFX Application Thread] DEBUG Input                - Registered new binding: Move Right - D
00:54:50.999 [JavaFX Application Thread] DEBUG Input                - Registered new binding: Reload - R
00:54:50.999 [JavaFX Application Thread] DEBUG Input                - Registered new binding: Shoot - LMB
00:54:50.999 [JavaFX Application Thread] DEBUG Input                - Registered new binding: Switch Weapons - Q
00:54:51.000 [JavaFX Application Thread] DEBUG FXGLAssetLoaderServi - Loading from file system: jar:file:///C:/Users/acer/.m2/repository/com/github/almasb/fxgl/dev-SNAPSHOT/fxgl-dev-SNAPSHOT.jar!/fxglassets/textures/fxgl_icon.png
00:54:51.016 [JavaFX Application Thread] DEBUG FXGLAssetLoaderServi - Loading from file system: jar:file:///C:/Users/acer/.m2/repository/com/github/almasb/fxgl/dev-SNAPSHOT/fxgl-dev-SNAPSHOT.jar!/fxglassets/textures/fxgl_default_cursor.png
00:54:51.019 [JavaFX Application Thread] DEBUG Input                - Registered new binding: Screenshot - CTRL+8
00:54:51.019 [JavaFX Application Thread] DEBUG Input                - Registered new binding: Dev Options - 1
00:54:51.020 [JavaFX Application Thread] DEBUG Input                - Registered new binding: Dev Console - 2
00:54:51.020 [JavaFX Application Thread] DEBUG Input                - Registered new binding: System info dump - CTRL+9
00:54:51.020 [JavaFX Application Thread] DEBUG Input                - Registered new binding: Restart - CTRL+R
00:54:51.021 [JavaFX Application Thread] DEBUG Input                - Registered new binding: Toggle Debug Camera - CTRL+C
00:54:51.023 [JavaFX Application Thread] DEBUG LoopRunner           - Starting loop
00:54:51.033 [JavaFX Application Thread] DEBUG LoopRunner           - Initializing JavaFX AnimationTimerLoop
00:54:51.034 [JavaFX Application Thread] DEBUG Input                - Clearing active input actions
00:54:51.042 [JavaFX Application Thread] DEBUG GameApplicationServi - Removing overlay from FXGLStartupScene and adding to FXGLMainMenuDummyScene
00:54:51.045 [JavaFX Application Thread] DEBUG PrimaryStageWindow   - FXGLStartupScene -> FXGLMainMenuDummyScene
00:54:51.046 [JavaFX Application Thread] DEBUG PrimaryStageWindow   - Push state: FXGLDefaultMenu
00:54:51.049 [JavaFX Application Thread] DEBUG Input                - Clearing active input actions
00:54:51.054 [JavaFX Application Thread] DEBUG GameApplicationServi - Removing overlay from FXGLMainMenuDummyScene and adding to FXGLDefaultMenu
00:54:51.054 [JavaFX Application Thread] DEBUG PrimaryStageWindow   - FXGLMainMenuDummyScene -> FXGLDefaultMenu
00:54:51.318 [FXGL Background Thread 4 ] DEBUG FXGLAssetLoaderServi - Loading from file system: jar:file:///C:/Users/acer/.m2/repository/com/github/almasb/fxgl/dev-SNAPSHOT/fxgl-dev-SNAPSHOT.jar!/fxglassets/ui/fonts/Abel-Regular.ttf
00:54:51.323 [FXGL Background Thread 4 ] DEBUG FXGLAssetLoaderServi - Loading from file system: jar:file:///C:/Users/acer/.m2/repository/com/github/almasb/fxgl/dev-SNAPSHOT/fxgl-dev-SNAPSHOT.jar!/fxglassets/ui/fonts/lucida_console.ttf
00:54:51.330 [FXGL Background Thread 4 ] DEBUG FXGLAssetLoaderServi - Loading from file system: jar:file:///C:/Users/acer/.m2/repository/com/github/almasb/fxgl/dev-SNAPSHOT/fxgl-dev-SNAPSHOT.jar!/fxglassets/ui/fonts/Courier-Prime.ttf
00:54:51.336 [JavaFX Application Thread] DEBUG FXGLApplication      - Registering font factories with UI factory
00:54:51.706 [JavaFX Application Thread] DEBUG Menu                 - fireNewGame()
00:54:51.706 [JavaFX Application Thread] DEBUG GameApplicationServi - Starting new game
00:54:51.707 [JavaFX Application Thread] DEBUG PrimaryStageWindow   - Pop state: FXGLDefaultMenu
00:54:51.707 [JavaFX Application Thread] DEBUG Input                - Clearing active input actions
00:54:51.708 [JavaFX Application Thread] DEBUG GameApplicationServi - Removing overlay from FXGLDefaultMenu and adding to FXGLMainMenuDummyScene
00:54:51.709 [JavaFX Application Thread] DEBUG PrimaryStageWindow   - FXGLMainMenuDummyScene <- FXGLDefaultMenu
00:54:51.710 [JavaFX Application Thread] DEBUG Input                - Clearing active input actions
00:54:51.718 [JavaFX Application Thread] DEBUG GameApplicationServi - Removing overlay from FXGLMainMenuDummyScene and adding to FXGLLoadingScene
00:54:51.719 [JavaFX Application Thread] DEBUG PrimaryStageWindow   - FXGLMainMenuDummyScene -> FXGLLoadingScene
00:54:51.719 [JavaFX Application Thread] DEBUG GameApplicationServi - Clearing previous game
00:54:51.719 [JavaFX Application Thread] DEBUG GameScene            - Clearing game scene
00:54:51.719 [JavaFX Application Thread] DEBUG GameWorld            - Clearing game world
00:54:51.719 [JavaFX Application Thread] DEBUG PhysicsWorld         - Clearing physics world
00:54:51.719 [FXGL Background Thread 2 ] INFO  UpdaterService       - Your current version:  dev-SNAPSHOT
00:54:51.720 [FXGL Background Thread 2 ] INFO  UpdaterService       - Latest stable version: 21.1
00:54:51.721 [FXGL Background Thread 4 ] DEBUG FXGLApplication      - Initializing game
00:54:51.750 [FXGL Background Thread 4 ] DEBUG FXGLAssetLoaderServi - Loading from file system: file:/C:/Users/acer/OneDrive/Desktop/git%20pull/CSS124L-FINAL-PROJECT/fp/target/classes/assets/textures/Players/1P_Idle.png
00:54:51.752 [FXGL Background Thread 4 ] DEBUG FXGLAssetLoaderServi - Loading from file system: file:/C:/Users/acer/OneDrive/Desktop/git%20pull/CSS124L-FINAL-PROJECT/fp/target/classes/assets/textures/Players/1P_Walk.gif
00:54:51.757 [FXGL Background Thread 4 ] DEBUG FXGLAssetLoaderServi - Loading from file system: file:/C:/Users/acer/OneDrive/Desktop/git%20pull/CSS124L-FINAL-PROJECT/fp/target/classes/assets/textures/Players/1P_Shoot.gif
00:54:51.763 [FXGL Background Thread 4 ] INFO  FXGLApplication      - Game initialization took: 0.042 sec
00:54:51.779 [JavaFX Application Thread] DEBUG Input                - Clearing active input actions
00:54:51.783 [JavaFX Application Thread] DEBUG GameApplicationServi - Removing overlay from FXGLLoadingScene and adding to GameScene
00:54:51.784 [JavaFX Application Thread] DEBUG PrimaryStageWindow   - FXGLLoadingScene -> GameScene
00:54:51.788 [JavaFX Application Thread] DEBUG PrimaryStageWindow   - Push state: PlayerCountMenu
00:54:51.788 [JavaFX Application Thread] DEBUG Input                - Clearing active input actions
00:54:51.788 [JavaFX Application Thread] DEBUG GameApplicationServi - Removing overlay from GameScene and adding to PlayerCountMenu
00:54:51.789 [JavaFX Application Thread] DEBUG PrimaryStageWindow   - GameScene -> PlayerCountMenu
00:54:52.276 [JavaFX Application Thread] DEBUG PrimaryStageWindow   - Pop state: PlayerCountMenu
00:54:52.276 [JavaFX Application Thread] DEBUG Input                - Clearing active input actions
00:54:52.276 [JavaFX Application Thread] DEBUG GameApplicationServi - Removing overlay from PlayerCountMenu and adding to GameScene
00:54:52.277 [JavaFX Application Thread] DEBUG PrimaryStageWindow   - GameScene <- PlayerCountMenu
00:54:52.685 [JavaFX Application Thread] DEBUG FXGLAssetLoaderServi - Loading from file system: file:/C:/Users/acer/OneDrive/Desktop/git%20pull/CSS124L-FINAL-PROJECT/fp/target/classes/assets/textures/Zombies/Basic_Zombie_Walking.gif
00:54:52.687 [JavaFX Application Thread] DEBUG FXGLAssetLoaderServi - Loading from file system: file:/C:/Users/acer/OneDrive/Desktop/git%20pull/CSS124L-FINAL-PROJECT/fp/target/classes/assets/textures/Zombies/Basic_Zombie_Attack.gif
00:54:53.975 [FXGL Background Thread 3 ] DEBUG Engine               - Logging environment variables
00:54:53.975 [FXGL Background Thread 3 ] DEBUG Engine               - achievements: []
00:54:53.975 [FXGL Background Thread 3 ] DEBUG Engine               - actualHeight: 600.0
00:54:53.975 [FXGL Background Thread 3 ] DEBUG Engine               - actualHeightProperty: ReadOnlyDoubleProperty [value: 600.0]
00:54:53.975 [FXGL Background Thread 3 ] DEBUG Engine               - actualWidth: 800.0
00:54:53.975 [FXGL Background Thread 3 ] DEBUG Engine               - actualWidthProperty: ReadOnlyDoubleProperty [value: 800.0]
00:54:53.975 [FXGL Background Thread 3 ] DEBUG Engine               - appIcon: fxgl_icon.png
00:54:53.975 [FXGL Background Thread 3 ] DEBUG Engine               - applicationMode: DEVELOPER
00:54:53.975 [FXGL Background Thread 3 ] DEBUG Engine               - cSSList: [fxgl_dark.css]
00:54:53.976 [FXGL Background Thread 3 ] DEBUG Engine               - collisionDetectionStrategy: BRUTE_FORCE
00:54:53.976 [FXGL Background Thread 3 ] DEBUG Engine               - configClass: Optional.empty
00:54:53.976 [FXGL Background Thread 3 ] DEBUG Engine               - credits: []
00:54:53.976 [FXGL Background Thread 3 ] DEBUG Engine               - defaultCursor: CursorInfo(imageName=fxgl_default_cursor.png, hotspotX=7.0, hotspotY=6.0)
00:54:53.976 [FXGL Background Thread 3 ] DEBUG Engine               - devBBoxColorProperty: ObjectProperty [value: 0xff0000ff]
00:54:53.976 [FXGL Background Thread 3 ] DEBUG Engine               - devEnableDebugCameraProperty: BooleanProperty [value: false]
00:54:53.976 [FXGL Background Thread 3 ] DEBUG Engine               - devSensorColorProperty: ObjectProperty [value: 0xffff00ff]
00:54:53.976 [FXGL Background Thread 3 ] DEBUG Engine               - devShowBBoxProperty: BooleanProperty [value: false]
00:54:53.976 [FXGL Background Thread 3 ] DEBUG Engine               - devShowPositionProperty: BooleanProperty [value: false]
00:54:53.976 [FXGL Background Thread 3 ] DEBUG Engine               - enabledMenuItems: []
00:54:53.977 [FXGL Background Thread 3 ] DEBUG Engine               - engineServices: [class com.almasb.fxgl.app.services.FXGLAssetLoaderService, class com.almasb.fxgl.app.FXGLApplication$GameApplicationService, class com.almasb.fxgl.app.services.FXGLDialogService, class com.almasb.fxgl.app.services.IOTaskExecutorService, class com.almasb.fxgl.io.FileSystemService, class com.almasb.fxgl.localization.LocalizationService, class com.almasb.fxgl.app.services.SystemBundleService, class com.almasb.fxgl.profile.SaveLoadService, class com.almasb.fxgl.ui.FXGLUIFactoryServiceProvider, class com.almasb.fxgl.ui.FXGLDialogFactoryServiceProvider, class com.almasb.fxgl.audio.AudioPlayer, class com.almasb.fxgl.notification.impl.NotificationServiceProvider, class com.almasb.fxgl.achievement.AchievementService, class com.almasb.fxgl.cutscene.CutsceneService, class com.almasb.fxgl.minigames.MiniGameService, class com.almasb.fxgl.net.NetService, class com.almasb.fxgl.app.services.UpdaterService, class com.almasb.fxgl.dev.DevService, class com.almasb.fxgl.multiplayer.MultiplayerService]
00:54:53.977 [FXGL Background Thread 3 ] DEBUG Engine               - fontGame: Abel-Regular.ttf
00:54:53.977 [FXGL Background Thread 3 ] DEBUG Engine               - fontMono: lucida_console.ttf
00:54:53.977 [FXGL Background Thread 3 ] DEBUG Engine               - fontText: Courier-Prime.ttf
00:54:53.977 [FXGL Background Thread 3 ] DEBUG Engine               - fontUI: VarelaRound-Regular.ttf
00:54:53.977 [FXGL Background Thread 3 ] DEBUG Engine               - fullScreen: BooleanProperty [value: false]
00:54:53.977 [FXGL Background Thread 3 ] DEBUG Engine               - gameDifficulty: MEDIUM
00:54:53.977 [FXGL Background Thread 3 ] DEBUG Engine               - gameDifficultyProperty: ObjectProperty [value: MEDIUM]
00:54:53.977 [FXGL Background Thread 3 ] DEBUG Engine               - globalMusicVolume: 0.5
00:54:53.977 [FXGL Background Thread 3 ] DEBUG Engine               - globalMusicVolumeProperty: DoubleProperty [value: 0.5]
00:54:53.977 [FXGL Background Thread 3 ] DEBUG Engine               - globalSoundVolume: 0.5
00:54:53.977 [FXGL Background Thread 3 ] DEBUG Engine               - globalSoundVolumeProperty: DoubleProperty [value: 0.5]
00:54:53.977 [FXGL Background Thread 3 ] DEBUG Engine               - height: 600
00:54:53.977 [FXGL Background Thread 3 ] DEBUG Engine               - is3D: false
00:54:53.977 [FXGL Background Thread 3 ] DEBUG Engine               - isAndroid: false
00:54:53.977 [FXGL Background Thread 3 ] DEBUG Engine               - isBrowser: false
00:54:53.977 [FXGL Background Thread 3 ] DEBUG Engine               - isClickFeedbackEnabled: false
00:54:53.977 [FXGL Background Thread 3 ] DEBUG Engine               - isCloseConfirmation: false
00:54:53.977 [FXGL Background Thread 3 ] DEBUG Engine               - isDesktop: true
00:54:53.977 [FXGL Background Thread 3 ] DEBUG Engine               - isDeveloperMenuEnabled: true
00:54:53.977 [FXGL Background Thread 3 ] DEBUG Engine               - isEmbedded: false
00:54:53.977 [FXGL Background Thread 3 ] DEBUG Engine               - isEntityPreloadEnabled: true
00:54:53.978 [FXGL Background Thread 3 ] DEBUG Engine               - isExperimentalTiledLargeMap: false
00:54:53.978 [FXGL Background Thread 3 ] DEBUG Engine               - isFileSystemWriteAllowed: true
00:54:53.978 [FXGL Background Thread 3 ] DEBUG Engine               - isFullScreenAllowed: false
00:54:53.978 [FXGL Background Thread 3 ] DEBUG Engine               - isFullScreenFromStart: false
00:54:53.978 [FXGL Background Thread 3 ] DEBUG Engine               - isGameMenuEnabled: true
00:54:53.978 [FXGL Background Thread 3 ] DEBUG Engine               - isIOS: false
00:54:53.978 [FXGL Background Thread 3 ] DEBUG Engine               - isIntroEnabled: false
00:54:53.978 [FXGL Background Thread 3 ] DEBUG Engine               - isLinux: false
00:54:53.978 [FXGL Background Thread 3 ] DEBUG Engine               - isMac: false
00:54:53.978 [FXGL Background Thread 3 ] DEBUG Engine               - isMainMenuEnabled: true
00:54:53.978 [FXGL Background Thread 3 ] DEBUG Engine               - isManualResizeEnabled: false
00:54:53.978 [FXGL Background Thread 3 ] DEBUG Engine               - isMobile: false
00:54:53.978 [FXGL Background Thread 3 ] DEBUG Engine               - isNative: false
00:54:53.978 [FXGL Background Thread 3 ] DEBUG Engine               - isPauseMusicWhenMinimized: true
00:54:53.978 [FXGL Background Thread 3 ] DEBUG Engine               - isPreserveResizeRatio: false
00:54:53.978 [FXGL Background Thread 3 ] DEBUG Engine               - isProfilingEnabled: false
00:54:53.978 [FXGL Background Thread 3 ] DEBUG Engine               - isScaleAffectedOnResize: true
00:54:53.978 [FXGL Background Thread 3 ] DEBUG Engine               - isSingleStep: false
00:54:53.978 [FXGL Background Thread 3 ] DEBUG Engine               - isUserProfileEnabled: false
00:54:53.978 [FXGL Background Thread 3 ] DEBUG Engine               - isWindows: true
00:54:53.978 [FXGL Background Thread 3 ] DEBUG Engine               - language: ObjectProperty [value: ENGLISH]
00:54:53.978 [FXGL Background Thread 3 ] DEBUG Engine               - menuKey: ESCAPE
00:54:53.978 [FXGL Background Thread 3 ] DEBUG Engine               - mouseSensitivity: 0.2
00:54:53.978 [FXGL Background Thread 3 ] DEBUG Engine               - notificationViewClass: class com.almasb.fxgl.notification.view.XboxNotificationView
00:54:53.978 [FXGL Background Thread 3 ] DEBUG Engine               - pixelsPerMeter: 50.0
00:54:53.978 [FXGL Background Thread 3 ] DEBUG Engine               - platform: WINDOWS
00:54:53.978 [FXGL Background Thread 3 ] DEBUG Engine               - prefHeightProperty: ReadOnlyDoubleProperty [value: 600.0]
00:54:53.978 [FXGL Background Thread 3 ] DEBUG Engine               - prefWidthProperty: ReadOnlyDoubleProperty [value: 800.0]
00:54:53.978 [FXGL Background Thread 3 ] DEBUG Engine               - profileDir: profiles/
00:54:53.979 [FXGL Background Thread 3 ] DEBUG Engine               - profileName: StringProperty [value: DEFAULT]
00:54:53.979 [FXGL Background Thread 3 ] DEBUG Engine               - randomSeed: -1
00:54:53.979 [FXGL Background Thread 3 ] DEBUG Engine               - runtimeInfo: RuntimeInfo(platform=WINDOWS, version=dev-SNAPSHOT, build=28.07.2021 16.39)
00:54:53.979 [FXGL Background Thread 3 ] DEBUG Engine               - saveFileExt: sav
00:54:53.979 [FXGL Background Thread 3 ] DEBUG Engine               - scaledHeightProp$fxgl: DoubleProperty [bound, value: 600.0]
00:54:53.979 [FXGL Background Thread 3 ] DEBUG Engine               - scaledWidthProp$fxgl: DoubleProperty [bound, value: 800.0]
00:54:53.979 [FXGL Background Thread 3 ] DEBUG Engine               - sceneFactory: com.groupfour.mygame.App$1@31455b71
00:54:53.979 [FXGL Background Thread 3 ] DEBUG Engine               - secondsIn24h: 60
00:54:53.979 [FXGL Background Thread 3 ] DEBUG Engine               - soundMenuBack: menu/back.wav
00:54:53.979 [FXGL Background Thread 3 ] DEBUG Engine               - soundMenuPress: menu/press.wav
00:54:53.979 [FXGL Background Thread 3 ] DEBUG Engine               - soundMenuSelect: menu/select.wav
00:54:53.979 [FXGL Background Thread 3 ] DEBUG Engine               - soundNotification: core/notification.wav
00:54:53.979 [FXGL Background Thread 3 ] DEBUG Engine               - stageStyle: DECORATED
00:54:53.979 [FXGL Background Thread 3 ] DEBUG Engine               - supportedLanguages: [ENGLISH, FRENCH, GERMAN, HUNGARIAN, RUSSIAN]
00:54:53.979 [FXGL Background Thread 3 ] DEBUG Engine               - ticksPerSecond: -1
00:54:53.979 [FXGL Background Thread 3 ] DEBUG Engine               - title: Flatline: Oregon
00:54:53.979 [FXGL Background Thread 3 ] DEBUG Engine               - urlGithub: https://github.com/AlmasB/FXGL
00:54:53.979 [FXGL Background Thread 3 ] DEBUG Engine               - urlLeaderboard: http://fxgl-top.herokuapp.com/
00:54:53.979 [FXGL Background Thread 3 ] DEBUG Engine               - urlPOM: https://raw.githubusercontent.com/AlmasB/FXGL/release/README.md
00:54:53.979 [FXGL Background Thread 3 ] DEBUG Engine               - userAppClass: class com.groupfour.mygame.App
00:54:53.979 [FXGL Background Thread 3 ] DEBUG Engine               - version: Alpha 0.3
00:54:53.979 [FXGL Background Thread 3 ] DEBUG Engine               - versionCheckDays: 7
00:54:53.979 [FXGL Background Thread 3 ] DEBUG Engine               - width: 800
00:54:53.979 [FXGL Background Thread 3 ] DEBUG Engine               - Logging services
00:54:53.980 [FXGL Background Thread 3 ] DEBUG Engine               - class com.almasb.fxgl.app.services.FXGLAssetLoaderService
00:54:53.980 [FXGL Background Thread 3 ] DEBUG Engine               - class com.almasb.fxgl.app.FXGLApplication$GameApplicationService
00:54:53.980 [FXGL Background Thread 3 ] DEBUG Engine               - class com.almasb.fxgl.app.services.FXGLDialogService
00:54:53.980 [FXGL Background Thread 3 ] DEBUG Engine               - class com.almasb.fxgl.app.services.IOTaskExecutorService
00:54:53.980 [FXGL Background Thread 3 ] DEBUG Engine               - class com.almasb.fxgl.io.FileSystemService
00:54:53.980 [FXGL Background Thread 3 ] DEBUG Engine               - class com.almasb.fxgl.localization.LocalizationService
00:54:53.980 [FXGL Background Thread 3 ] DEBUG Engine               - class com.almasb.fxgl.app.services.SystemBundleService
00:54:53.980 [FXGL Background Thread 3 ] DEBUG Engine               - class com.almasb.fxgl.profile.SaveLoadService
00:54:53.980 [FXGL Background Thread 3 ] DEBUG Engine               - class com.almasb.fxgl.ui.FXGLUIFactoryServiceProvider
00:54:53.980 [FXGL Background Thread 3 ] DEBUG Engine               - class com.almasb.fxgl.ui.FXGLDialogFactoryServiceProvider
00:54:53.980 [FXGL Background Thread 3 ] DEBUG Engine               - class com.almasb.fxgl.audio.AudioPlayer
00:54:53.980 [FXGL Background Thread 3 ] DEBUG Engine               - class com.almasb.fxgl.notification.impl.NotificationServiceProvider
00:54:53.980 [FXGL Background Thread 3 ] DEBUG Engine               - class com.almasb.fxgl.achievement.AchievementService
00:54:53.980 [FXGL Background Thread 3 ] DEBUG Engine               - class com.almasb.fxgl.cutscene.CutsceneService
00:54:53.980 [FXGL Background Thread 3 ] DEBUG Engine               - class com.almasb.fxgl.minigames.MiniGameService
00:54:53.980 [FXGL Background Thread 3 ] DEBUG Engine               - class com.almasb.fxgl.net.NetService
00:54:53.980 [FXGL Background Thread 3 ] DEBUG Engine               - class com.almasb.fxgl.app.services.UpdaterService
00:54:53.980 [FXGL Background Thread 3 ] DEBUG Engine               - class com.almasb.fxgl.dev.DevService
00:54:53.980 [FXGL Background Thread 3 ] DEBUG Engine               - class com.almasb.fxgl.multiplayer.MultiplayerService
00:54:58.419 [JavaFX Application Thread] DEBUG FXGLApplication      - Exiting FXGL
00:54:58.420 [JavaFX Application Thread] DEBUG LoopRunner           - Stopping loop
00:54:58.420 [JavaFX Application Thread] DEBUG SystemBundleService  - Saving FXGL system data
00:54:58.422 [JavaFX Application Thread] DEBUG FileSystemAccess     - Writing to: C:\Users\acer\OneDrive\Desktop\git pull\CSS124L-FINAL-PROJECT\system\fxgl.bundle
00:54:58.423 [JavaFX Application Thread] DEBUG Async                - Shutting down background threads
00:54:58.423 [JavaFX Application Thread] DEBUG PrimaryStageWindow   - Closing main window
00:54:58.434 [JavaFX Application Thread] DEBUG Logger               - Closing Logger
