01:09:46.127 [main                     ] DEBUG Logger               - Configured Logger
01:09:46.143 [main                     ] DEBUG GameApplication      - Logging settings
Title: Flatline: Oregon
Version: Alpha 0.3
Width: 800
Height: 600
Fullscreen: false
Intro: false
Profiling: false
Single step:false
App Mode: DEVELOPER
Menu Key: ESCAPE
Stage Style: DECORATED
Scene Factory: class com.groupfour.mygame.App$1

01:09:46.428 [JavaFX Application Thread] DEBUG FXGLApplication      - Initializing FXGL
01:09:46.430 [JavaFX Application Thread] INFO  Engine               - FXGL-dev-SNAPSHOT (28.07.2021 16.39) on WINDOWS (J:11.0.22 FX:16)
01:09:46.431 [JavaFX Application Thread] DEBUG Engine               - JRE Vendor Name: Oracle Corporation
01:09:46.431 [JavaFX Application Thread] DEBUG Engine               - Running on OS: Windows 11 version 10.0
01:09:46.431 [JavaFX Application Thread] DEBUG Engine               - Architecture: amd64
01:09:46.431 [JavaFX Application Thread] INFO  Engine               - Source code and latest versions at: https://github.com/AlmasB/FXGL
01:09:46.476 [JavaFX Application Thread] INFO  Engine               -              Join the FXGL chat at: https://gitter.im/AlmasB/FXGL
01:09:46.536 [JavaFX Application Thread] DEBUG PrimaryStageWindow   - Creating a JavaFX scene
01:09:46.579 [JavaFX Application Thread] DEBUG PrimaryStageWindow   - Target settings size: 800.0 x 600.0
01:09:46.579 [JavaFX Application Thread] DEBUG PrimaryStageWindow   - Scaled scene size:    800.0 x 600.0
01:09:46.579 [JavaFX Application Thread] DEBUG PrimaryStageWindow   - Scaled ratio: (1.0, 1.0)
01:09:46.580 [JavaFX Application Thread] DEBUG PrimaryStageWindow   - Set initial scene to FXGLStartupScene
01:09:46.584 [JavaFX Application Thread] DEBUG PrimaryStageWindow   - Opening main window
01:09:46.655 [JavaFX Application Thread] DEBUG PrimaryStageWindow   - Window border size: (14.4000244140625, 37.5999755859375)
01:09:46.655 [JavaFX Application Thread] DEBUG PrimaryStageWindow   - Scaled size: 800.0 x 600.0
01:09:46.655 [JavaFX Application Thread] DEBUG PrimaryStageWindow   - Scaled ratio: (1.0, 1.0)
01:09:46.655 [JavaFX Application Thread] DEBUG PrimaryStageWindow   - Scene size: 800.0 x 600.0
01:09:46.656 [JavaFX Application Thread] DEBUG PrimaryStageWindow   - Stage size: 814.4000244140625 x 637.5999755859375
01:09:46.661 [FXGL Background Thread 1 ] DEBUG Engine               - Initializing environment variables
01:09:46.700 [FXGL Background Thread 1 ] DEBUG FXGLAssetLoaderServi - User app class for loading assets: class com.groupfour.mygame.App
01:09:46.700 [FXGL Background Thread 1 ] DEBUG GameApplicationServi - Applying CSS: fxgl_dark.css
01:09:46.701 [FXGL Background Thread 1 ] DEBUG FXGLAssetLoaderServi - Loading from file system: jar:file:///C:/Users/acer/.m2/repository/com/github/almasb/fxgl/dev-SNAPSHOT/fxgl-dev-SNAPSHOT.jar!/fxglassets/ui/css/fxgl_dark.css
01:09:46.738 [FXGL Background Thread 1 ] DEBUG GameApplicationServi - Initializing application scenes
01:09:46.768 [FXGL Background Thread 1 ] DEBUG GameWorld            - Game world initialized
01:09:46.805 [FXGL Background Thread 1 ] DEBUG PhysicsWorld         - Physics world initialized: appHeight=600, physics.ppm=50.0
01:09:46.805 [FXGL Background Thread 1 ] DEBUG PhysicsWorld         - Using strategy: BRUTE_FORCE
01:09:46.807 [FXGL Background Thread 1 ] DEBUG GameScene            - Game scene initialized: 800x600
01:09:46.817 [FXGL Background Thread 1 ] DEBUG FXGL.DefaultMenu     - createMenuBodyMainMenu()
01:09:46.830 [FXGL Background Thread 1 ] DEBUG FXGL.DefaultMenu     - createOptionsMenu()
01:09:46.837 [FXGL Background Thread 1 ] DEBUG FXGLAssetLoaderServi - Loading from file system: jar:file:///C:/Users/acer/.m2/repository/com/github/almasb/fxgl/dev-SNAPSHOT/fxgl-dev-SNAPSHOT.jar!/fxglassets/textures/particles/smoke.png
01:09:46.905 [FXGL Background Thread 1 ] DEBUG FXGLAssetLoaderServi - Loading from file system: jar:file:///C:/Users/acer/.m2/repository/com/github/almasb/fxgl/dev-SNAPSHOT/fxgl-dev-SNAPSHOT.jar!/fxglassets/textures/particles/trace_horizontal.png
01:09:46.949 [FXGL Background Thread 1 ] DEBUG GameApplicationServi - Application scenes initialized
01:09:46.956 [FXGL Background Thread 1 ] DEBUG SystemBundleService  - Loading FXGL system data
01:09:46.960 [FXGL Background Thread 1 ] DEBUG FileSystemAccess     - Reading from: C:\Users\acer\OneDrive\Desktop\git pull\CSS124L-FINAL-PROJECT\system\fxgl.bundle
01:09:46.963 [FXGL Background Thread 1 ] DEBUG SystemBundleService  - Bundle FXGL: {}
01:09:46.964 [FXGL Background Thread 1 ] DEBUG UpdaterService       - Checking for updates
01:09:46.980 [FXGL Background Thread 4 ] DEBUG FXGLApplication      - Loading fonts
01:09:46.980 [FXGL Background Thread 1 ] DEBUG FXGLApplication      - Loading default localization
01:09:46.981 [FXGL Background Thread 4 ] DEBUG FXGLAssetLoaderServi - Loading from file system: jar:file:///C:/Users/acer/.m2/repository/com/github/almasb/fxgl/dev-SNAPSHOT/fxgl-dev-SNAPSHOT.jar!/fxglassets/ui/fonts/VarelaRound-Regular.ttf
01:09:46.981 [FXGL Background Thread 1 ] DEBUG FXGLAssetLoaderServi - Loading from file system: jar:file:///C:/Users/acer/.m2/repository/com/github/almasb/fxgl/dev-SNAPSHOT/fxgl-dev-SNAPSHOT.jar!/fxglassets/languages/english.lang
01:09:46.991 [FXGL Background Thread 1 ] INFO  FXGLApplication      - FXGL initialization took: 0.330 sec
01:09:47.002 [JavaFX Application Thread] DEBUG Input                - Registered new binding: Move Upwards - W
01:09:47.002 [JavaFX Application Thread] DEBUG Input                - Registered new binding: Move Down - S
01:09:47.002 [JavaFX Application Thread] DEBUG Input                - Registered new binding: Move Left - A
01:09:47.002 [JavaFX Application Thread] DEBUG Input                - Registered new binding: Move Right - D
01:09:47.002 [JavaFX Application Thread] DEBUG Input                - Registered new binding: Reload - R
01:09:47.003 [JavaFX Application Thread] DEBUG Input                - Registered new binding: Shoot - LMB
01:09:47.003 [JavaFX Application Thread] DEBUG Input                - Registered new binding: Switch Weapons - Q
01:09:47.003 [JavaFX Application Thread] DEBUG Input                - Registered new binding: Interact - F
01:09:47.004 [JavaFX Application Thread] DEBUG FXGLAssetLoaderServi - Loading from file system: jar:file:///C:/Users/acer/.m2/repository/com/github/almasb/fxgl/dev-SNAPSHOT/fxgl-dev-SNAPSHOT.jar!/fxglassets/textures/fxgl_icon.png
01:09:47.025 [JavaFX Application Thread] DEBUG FXGLAssetLoaderServi - Loading from file system: jar:file:///C:/Users/acer/.m2/repository/com/github/almasb/fxgl/dev-SNAPSHOT/fxgl-dev-SNAPSHOT.jar!/fxglassets/textures/fxgl_default_cursor.png
01:09:47.027 [JavaFX Application Thread] DEBUG Input                - Registered new binding: Screenshot - CTRL+8
01:09:47.027 [JavaFX Application Thread] DEBUG Input                - Registered new binding: Dev Options - 1
01:09:47.027 [JavaFX Application Thread] DEBUG Input                - Registered new binding: Dev Console - 2
01:09:47.028 [JavaFX Application Thread] DEBUG Input                - Registered new binding: System info dump - CTRL+9
01:09:47.028 [JavaFX Application Thread] DEBUG Input                - Registered new binding: Restart - CTRL+R
01:09:47.029 [JavaFX Application Thread] DEBUG Input                - Registered new binding: Toggle Debug Camera - CTRL+C
01:09:47.030 [JavaFX Application Thread] DEBUG LoopRunner           - Starting loop
01:09:47.040 [JavaFX Application Thread] DEBUG LoopRunner           - Initializing JavaFX AnimationTimerLoop
01:09:47.042 [JavaFX Application Thread] DEBUG Input                - Clearing active input actions
01:09:47.049 [JavaFX Application Thread] DEBUG GameApplicationServi - Removing overlay from FXGLStartupScene and adding to FXGLMainMenuDummyScene
01:09:47.052 [JavaFX Application Thread] DEBUG PrimaryStageWindow   - FXGLStartupScene -> FXGLMainMenuDummyScene
01:09:47.052 [JavaFX Application Thread] DEBUG PrimaryStageWindow   - Push state: FXGLDefaultMenu
01:09:47.056 [JavaFX Application Thread] DEBUG Input                - Clearing active input actions
01:09:47.060 [JavaFX Application Thread] DEBUG GameApplicationServi - Removing overlay from FXGLMainMenuDummyScene and adding to FXGLDefaultMenu
01:09:47.061 [JavaFX Application Thread] DEBUG PrimaryStageWindow   - FXGLMainMenuDummyScene -> FXGLDefaultMenu
01:09:47.331 [FXGL Background Thread 4 ] DEBUG FXGLAssetLoaderServi - Loading from file system: jar:file:///C:/Users/acer/.m2/repository/com/github/almasb/fxgl/dev-SNAPSHOT/fxgl-dev-SNAPSHOT.jar!/fxglassets/ui/fonts/Abel-Regular.ttf
01:09:47.335 [FXGL Background Thread 4 ] DEBUG FXGLAssetLoaderServi - Loading from file system: jar:file:///C:/Users/acer/.m2/repository/com/github/almasb/fxgl/dev-SNAPSHOT/fxgl-dev-SNAPSHOT.jar!/fxglassets/ui/fonts/lucida_console.ttf
01:09:47.341 [FXGL Background Thread 4 ] DEBUG FXGLAssetLoaderServi - Loading from file system: jar:file:///C:/Users/acer/.m2/repository/com/github/almasb/fxgl/dev-SNAPSHOT/fxgl-dev-SNAPSHOT.jar!/fxglassets/ui/fonts/Courier-Prime.ttf
01:09:47.347 [JavaFX Application Thread] DEBUG FXGLApplication      - Registering font factories with UI factory
01:09:47.593 [FXGL Background Thread 2 ] INFO  UpdaterService       - Your current version:  dev-SNAPSHOT
01:09:47.594 [FXGL Background Thread 2 ] INFO  UpdaterService       - Latest stable version: 21.1
01:09:47.725 [JavaFX Application Thread] DEBUG Menu                 - fireNewGame()
01:09:47.725 [JavaFX Application Thread] DEBUG GameApplicationServi - Starting new game
01:09:47.726 [JavaFX Application Thread] DEBUG PrimaryStageWindow   - Pop state: FXGLDefaultMenu
01:09:47.726 [JavaFX Application Thread] DEBUG Input                - Clearing active input actions
01:09:47.727 [JavaFX Application Thread] DEBUG GameApplicationServi - Removing overlay from FXGLDefaultMenu and adding to FXGLMainMenuDummyScene
01:09:47.728 [JavaFX Application Thread] DEBUG PrimaryStageWindow   - FXGLMainMenuDummyScene <- FXGLDefaultMenu
01:09:47.729 [JavaFX Application Thread] DEBUG Input                - Clearing active input actions
01:09:47.733 [JavaFX Application Thread] DEBUG GameApplicationServi - Removing overlay from FXGLMainMenuDummyScene and adding to FXGLLoadingScene
01:09:47.733 [JavaFX Application Thread] DEBUG PrimaryStageWindow   - FXGLMainMenuDummyScene -> FXGLLoadingScene
01:09:47.734 [JavaFX Application Thread] DEBUG GameApplicationServi - Clearing previous game
01:09:47.734 [JavaFX Application Thread] DEBUG GameScene            - Clearing game scene
01:09:47.734 [JavaFX Application Thread] DEBUG GameWorld            - Clearing game world
01:09:47.734 [JavaFX Application Thread] DEBUG PhysicsWorld         - Clearing physics world
01:09:47.735 [FXGL Background Thread 2 ] DEBUG FXGLApplication      - Initializing game
01:09:47.763 [FXGL Background Thread 2 ] DEBUG FXGLAssetLoaderServi - Loading from file system: file:/C:/Users/acer/OneDrive/Desktop/git%20pull/CSS124L-FINAL-PROJECT/fp/target/classes/assets/textures/Players/1P_Idle.png
01:09:47.765 [FXGL Background Thread 2 ] DEBUG FXGLAssetLoaderServi - Loading from file system: file:/C:/Users/acer/OneDrive/Desktop/git%20pull/CSS124L-FINAL-PROJECT/fp/target/classes/assets/textures/Players/1P_Walk.gif
01:09:47.770 [FXGL Background Thread 2 ] DEBUG FXGLAssetLoaderServi - Loading from file system: file:/C:/Users/acer/OneDrive/Desktop/git%20pull/CSS124L-FINAL-PROJECT/fp/target/classes/assets/textures/Players/1P_Shoot.gif
01:09:47.782 [JavaFX Application Thread] DEBUG LoopRunner           - Stopping loop
01:09:47.784 [JavaFX Application Thread] FATAL FXGLApplication      - Uncaught Exception:
java.lang.RuntimeException: Initialization failed
	at com.almasb.fxgl.all/com.almasb.fxgl.app.FXGLApplication$InitAppTask.failed(FXGLApplication.kt:343)
	at javafx.graphics/javafx.concurrent.Task.setState(Task.java:710)
	at javafx.graphics/javafx.concurrent.Task$TaskCallable.lambda$call$2(Task.java:1455)
	at javafx.graphics/com.sun.javafx.application.PlatformImpl.lambda$runLater$10(PlatformImpl.java:447)
	at java.base/java.security.AccessController.doPrivileged(Native Method)
	at javafx.graphics/com.sun.javafx.application.PlatformImpl.lambda$runLater$11(PlatformImpl.java:446)
	at javafx.graphics/com.sun.glass.ui.InvokeLaterDispatcher$Future.run(InvokeLaterDispatcher.java:96)
	at javafx.graphics/com.sun.glass.ui.win.WinApplication._runLoop(Native Method)
	at javafx.graphics/com.sun.glass.ui.win.WinApplication.lambda$runLoop$3(WinApplication.java:174)
	at java.base/java.lang.Thread.run(Thread.java:834)
Caused by: java.lang.IllegalArgumentException: Component ObjectsComponent not found!
	at com.almasb.fxgl.entity/com.almasb.fxgl.entity.Entity.getComponent(Entity.java:369)
	at com.groupfour.mygame/com.groupfour.mygame.App.initGame(App.java:156)
	at com.almasb.fxgl.all/com.almasb.fxgl.app.FXGLApplication$InitAppTask.initGame(FXGLApplication.kt:339)
	at com.almasb.fxgl.all/com.almasb.fxgl.app.FXGLApplication$InitAppTask.call(FXGLApplication.kt:319)
	at com.almasb.fxgl.all/com.almasb.fxgl.app.FXGLApplication$InitAppTask.call(FXGLApplication.kt:311)
	at javafx.graphics/javafx.concurrent.Task$TaskCallable.call(Task.java:1425)
	at java.base/java.util.concurrent.FutureTask.run(FutureTask.java:264)
	at java.base/java.util.concurrent.Executors$RunnableAdapter.call(Executors.java:515)
	at java.base/java.util.concurrent.FutureTask.run(FutureTask.java:264)
	at java.base/java.util.concurrent.ThreadPoolExecutor.runWorker(ThreadPoolExecutor.java:1128)
	at java.base/java.util.concurrent.ThreadPoolExecutor$Worker.run(ThreadPoolExecutor.java:628)
	... 1 more

01:09:47.862 [JavaFX Application Thread] FATAL FXGLApplication      - Application will now exit
01:09:47.864 [JavaFX Application Thread] DEBUG PrimaryStageWindow   - Push state: ErrorSubScene
01:09:47.864 [JavaFX Application Thread] DEBUG Input                - Clearing active input actions
01:09:47.865 [JavaFX Application Thread] DEBUG GameApplicationServi - Removing overlay from FXGLLoadingScene and adding to ErrorSubScene
01:09:47.865 [JavaFX Application Thread] DEBUG PrimaryStageWindow   - FXGLLoadingScene -> ErrorSubScene
01:09:49.980 [FXGL Background Thread 3 ] DEBUG Engine               - Logging environment variables
01:09:49.980 [FXGL Background Thread 3 ] DEBUG Engine               - achievements: []
01:09:49.980 [FXGL Background Thread 3 ] DEBUG Engine               - actualHeight: 600.0
01:09:49.981 [FXGL Background Thread 3 ] DEBUG Engine               - actualHeightProperty: ReadOnlyDoubleProperty [value: 600.0]
01:09:49.981 [FXGL Background Thread 3 ] DEBUG Engine               - actualWidth: 800.0
01:09:49.981 [FXGL Background Thread 3 ] DEBUG Engine               - actualWidthProperty: ReadOnlyDoubleProperty [value: 800.0]
01:09:49.981 [FXGL Background Thread 3 ] DEBUG Engine               - appIcon: fxgl_icon.png
01:09:49.981 [FXGL Background Thread 3 ] DEBUG Engine               - applicationMode: DEVELOPER
01:09:49.981 [FXGL Background Thread 3 ] DEBUG Engine               - cSSList: [fxgl_dark.css]
01:09:49.981 [FXGL Background Thread 3 ] DEBUG Engine               - collisionDetectionStrategy: BRUTE_FORCE
01:09:49.981 [FXGL Background Thread 3 ] DEBUG Engine               - configClass: Optional.empty
01:09:49.981 [FXGL Background Thread 3 ] DEBUG Engine               - credits: []
01:09:49.981 [FXGL Background Thread 3 ] DEBUG Engine               - defaultCursor: CursorInfo(imageName=fxgl_default_cursor.png, hotspotX=7.0, hotspotY=6.0)
01:09:49.981 [FXGL Background Thread 3 ] DEBUG Engine               - devBBoxColorProperty: ObjectProperty [value: 0xff0000ff]
01:09:49.981 [FXGL Background Thread 3 ] DEBUG Engine               - devEnableDebugCameraProperty: BooleanProperty [value: false]
01:09:49.981 [FXGL Background Thread 3 ] DEBUG Engine               - devSensorColorProperty: ObjectProperty [value: 0xffff00ff]
01:09:49.981 [FXGL Background Thread 3 ] DEBUG Engine               - devShowBBoxProperty: BooleanProperty [value: false]
01:09:49.981 [FXGL Background Thread 3 ] DEBUG Engine               - devShowPositionProperty: BooleanProperty [value: false]
01:09:49.981 [FXGL Background Thread 3 ] DEBUG Engine               - enabledMenuItems: []
01:09:49.981 [FXGL Background Thread 3 ] DEBUG Engine               - engineServices: [class com.almasb.fxgl.app.services.FXGLAssetLoaderService, class com.almasb.fxgl.app.FXGLApplication$GameApplicationService, class com.almasb.fxgl.app.services.FXGLDialogService, class com.almasb.fxgl.app.services.IOTaskExecutorService, class com.almasb.fxgl.io.FileSystemService, class com.almasb.fxgl.localization.LocalizationService, class com.almasb.fxgl.app.services.SystemBundleService, class com.almasb.fxgl.profile.SaveLoadService, class com.almasb.fxgl.ui.FXGLUIFactoryServiceProvider, class com.almasb.fxgl.ui.FXGLDialogFactoryServiceProvider, class com.almasb.fxgl.audio.AudioPlayer, class com.almasb.fxgl.notification.impl.NotificationServiceProvider, class com.almasb.fxgl.achievement.AchievementService, class com.almasb.fxgl.cutscene.CutsceneService, class com.almasb.fxgl.minigames.MiniGameService, class com.almasb.fxgl.net.NetService, class com.almasb.fxgl.app.services.UpdaterService, class com.almasb.fxgl.dev.DevService, class com.almasb.fxgl.multiplayer.MultiplayerService]
01:09:49.981 [FXGL Background Thread 3 ] DEBUG Engine               - fontGame: Abel-Regular.ttf
01:09:49.981 [FXGL Background Thread 3 ] DEBUG Engine               - fontMono: lucida_console.ttf
01:09:49.981 [FXGL Background Thread 3 ] DEBUG Engine               - fontText: Courier-Prime.ttf
01:09:49.981 [FXGL Background Thread 3 ] DEBUG Engine               - fontUI: VarelaRound-Regular.ttf
01:09:49.981 [FXGL Background Thread 3 ] DEBUG Engine               - fullScreen: BooleanProperty [value: false]
01:09:49.981 [FXGL Background Thread 3 ] DEBUG Engine               - gameDifficulty: MEDIUM
01:09:49.981 [FXGL Background Thread 3 ] DEBUG Engine               - gameDifficultyProperty: ObjectProperty [value: MEDIUM]
01:09:49.981 [FXGL Background Thread 3 ] DEBUG Engine               - globalMusicVolume: 0.5
01:09:49.982 [FXGL Background Thread 3 ] DEBUG Engine               - globalMusicVolumeProperty: DoubleProperty [value: 0.5]
01:09:49.982 [FXGL Background Thread 3 ] DEBUG Engine               - globalSoundVolume: 0.5
01:09:49.982 [FXGL Background Thread 3 ] DEBUG Engine               - globalSoundVolumeProperty: DoubleProperty [value: 0.5]
01:09:49.982 [FXGL Background Thread 3 ] DEBUG Engine               - height: 600
01:09:49.982 [FXGL Background Thread 3 ] DEBUG Engine               - is3D: false
01:09:49.982 [FXGL Background Thread 3 ] DEBUG Engine               - isAndroid: false
01:09:49.982 [FXGL Background Thread 3 ] DEBUG Engine               - isBrowser: false
01:09:49.982 [FXGL Background Thread 3 ] DEBUG Engine               - isClickFeedbackEnabled: false
01:09:49.982 [FXGL Background Thread 3 ] DEBUG Engine               - isCloseConfirmation: false
01:09:49.982 [FXGL Background Thread 3 ] DEBUG Engine               - isDesktop: true
01:09:49.982 [FXGL Background Thread 3 ] DEBUG Engine               - isDeveloperMenuEnabled: true
01:09:49.982 [FXGL Background Thread 3 ] DEBUG Engine               - isEmbedded: false
01:09:49.982 [FXGL Background Thread 3 ] DEBUG Engine               - isEntityPreloadEnabled: true
01:09:49.982 [FXGL Background Thread 3 ] DEBUG Engine               - isExperimentalTiledLargeMap: false
01:09:49.982 [FXGL Background Thread 3 ] DEBUG Engine               - isFileSystemWriteAllowed: true
01:09:49.982 [FXGL Background Thread 3 ] DEBUG Engine               - isFullScreenAllowed: false
01:09:49.982 [FXGL Background Thread 3 ] DEBUG Engine               - isFullScreenFromStart: false
01:09:49.983 [FXGL Background Thread 3 ] DEBUG Engine               - isGameMenuEnabled: true
01:09:49.983 [FXGL Background Thread 3 ] DEBUG Engine               - isIOS: false
01:09:49.983 [FXGL Background Thread 3 ] DEBUG Engine               - isIntroEnabled: false
01:09:49.983 [FXGL Background Thread 3 ] DEBUG Engine               - isLinux: false
01:09:49.983 [FXGL Background Thread 3 ] DEBUG Engine               - isMac: false
01:09:49.983 [FXGL Background Thread 3 ] DEBUG Engine               - isMainMenuEnabled: true
01:09:49.983 [FXGL Background Thread 3 ] DEBUG Engine               - isManualResizeEnabled: false
01:09:49.983 [FXGL Background Thread 3 ] DEBUG Engine               - isMobile: false
01:09:49.983 [FXGL Background Thread 3 ] DEBUG Engine               - isNative: false
01:09:49.983 [FXGL Background Thread 3 ] DEBUG Engine               - isPauseMusicWhenMinimized: true
01:09:49.983 [FXGL Background Thread 3 ] DEBUG Engine               - isPreserveResizeRatio: false
01:09:49.983 [FXGL Background Thread 3 ] DEBUG Engine               - isProfilingEnabled: false
01:09:49.983 [FXGL Background Thread 3 ] DEBUG Engine               - isScaleAffectedOnResize: true
01:09:49.983 [FXGL Background Thread 3 ] DEBUG Engine               - isSingleStep: false
01:09:49.983 [FXGL Background Thread 3 ] DEBUG Engine               - isUserProfileEnabled: false
01:09:49.983 [FXGL Background Thread 3 ] DEBUG Engine               - isWindows: true
01:09:49.983 [FXGL Background Thread 3 ] DEBUG Engine               - language: ObjectProperty [value: ENGLISH]
01:09:49.983 [FXGL Background Thread 3 ] DEBUG Engine               - menuKey: ESCAPE
01:09:49.983 [FXGL Background Thread 3 ] DEBUG Engine               - mouseSensitivity: 0.2
01:09:49.983 [FXGL Background Thread 3 ] DEBUG Engine               - notificationViewClass: class com.almasb.fxgl.notification.view.XboxNotificationView
01:09:49.984 [FXGL Background Thread 3 ] DEBUG Engine               - pixelsPerMeter: 50.0
01:09:49.984 [FXGL Background Thread 3 ] DEBUG Engine               - platform: WINDOWS
01:09:49.984 [FXGL Background Thread 3 ] DEBUG Engine               - prefHeightProperty: ReadOnlyDoubleProperty [value: 600.0]
01:09:49.984 [FXGL Background Thread 3 ] DEBUG Engine               - prefWidthProperty: ReadOnlyDoubleProperty [value: 800.0]
01:09:49.984 [FXGL Background Thread 3 ] DEBUG Engine               - profileDir: profiles/
01:09:49.984 [FXGL Background Thread 3 ] DEBUG Engine               - profileName: StringProperty [value: DEFAULT]
01:09:49.984 [FXGL Background Thread 3 ] DEBUG Engine               - randomSeed: -1
01:09:49.984 [FXGL Background Thread 3 ] DEBUG Engine               - runtimeInfo: RuntimeInfo(platform=WINDOWS, version=dev-SNAPSHOT, build=28.07.2021 16.39)
01:09:49.984 [FXGL Background Thread 3 ] DEBUG Engine               - saveFileExt: sav
01:09:49.984 [FXGL Background Thread 3 ] DEBUG Engine               - scaledHeightProp$fxgl: DoubleProperty [bound, value: 600.0]
01:09:49.984 [FXGL Background Thread 3 ] DEBUG Engine               - scaledWidthProp$fxgl: DoubleProperty [bound, value: 800.0]
01:09:49.984 [FXGL Background Thread 3 ] DEBUG Engine               - sceneFactory: com.groupfour.mygame.App$1@1e158f5b
01:09:49.984 [FXGL Background Thread 3 ] DEBUG Engine               - secondsIn24h: 60
01:09:49.984 [FXGL Background Thread 3 ] DEBUG Engine               - soundMenuBack: menu/back.wav
01:09:49.984 [FXGL Background Thread 3 ] DEBUG Engine               - soundMenuPress: menu/press.wav
01:09:49.984 [FXGL Background Thread 3 ] DEBUG Engine               - soundMenuSelect: menu/select.wav
01:09:49.984 [FXGL Background Thread 3 ] DEBUG Engine               - soundNotification: core/notification.wav
01:09:49.984 [FXGL Background Thread 3 ] DEBUG Engine               - stageStyle: DECORATED
01:09:49.984 [FXGL Background Thread 3 ] DEBUG Engine               - supportedLanguages: [ENGLISH, FRENCH, GERMAN, HUNGARIAN, RUSSIAN]
01:09:49.984 [FXGL Background Thread 3 ] DEBUG Engine               - ticksPerSecond: -1
01:09:49.984 [FXGL Background Thread 3 ] DEBUG Engine               - title: Flatline: Oregon
01:09:49.984 [FXGL Background Thread 3 ] DEBUG Engine               - urlGithub: https://github.com/AlmasB/FXGL
01:09:49.984 [FXGL Background Thread 3 ] DEBUG Engine               - urlLeaderboard: http://fxgl-top.herokuapp.com/
01:09:49.984 [FXGL Background Thread 3 ] DEBUG Engine               - urlPOM: https://raw.githubusercontent.com/AlmasB/FXGL/release/README.md
01:09:49.985 [FXGL Background Thread 3 ] DEBUG Engine               - userAppClass: class com.groupfour.mygame.App
01:09:49.985 [FXGL Background Thread 3 ] DEBUG Engine               - version: Alpha 0.3
01:09:49.985 [FXGL Background Thread 3 ] DEBUG Engine               - versionCheckDays: 7
01:09:49.985 [FXGL Background Thread 3 ] DEBUG Engine               - width: 800
01:09:49.985 [FXGL Background Thread 3 ] DEBUG Engine               - Logging services
01:09:49.985 [FXGL Background Thread 3 ] DEBUG Engine               - class com.almasb.fxgl.app.services.FXGLAssetLoaderService
01:09:49.985 [FXGL Background Thread 3 ] DEBUG Engine               - class com.almasb.fxgl.app.FXGLApplication$GameApplicationService
01:09:49.985 [FXGL Background Thread 3 ] DEBUG Engine               - class com.almasb.fxgl.app.services.FXGLDialogService
01:09:49.985 [FXGL Background Thread 3 ] DEBUG Engine               - class com.almasb.fxgl.app.services.IOTaskExecutorService
01:09:49.985 [FXGL Background Thread 3 ] DEBUG Engine               - class com.almasb.fxgl.io.FileSystemService
01:09:49.985 [FXGL Background Thread 3 ] DEBUG Engine               - class com.almasb.fxgl.localization.LocalizationService
01:09:49.985 [FXGL Background Thread 3 ] DEBUG Engine               - class com.almasb.fxgl.app.services.SystemBundleService
01:09:49.985 [FXGL Background Thread 3 ] DEBUG Engine               - class com.almasb.fxgl.profile.SaveLoadService
01:09:49.985 [FXGL Background Thread 3 ] DEBUG Engine               - class com.almasb.fxgl.ui.FXGLUIFactoryServiceProvider
01:09:49.985 [FXGL Background Thread 3 ] DEBUG Engine               - class com.almasb.fxgl.ui.FXGLDialogFactoryServiceProvider
01:09:49.985 [FXGL Background Thread 3 ] DEBUG Engine               - class com.almasb.fxgl.audio.AudioPlayer
01:09:49.985 [FXGL Background Thread 3 ] DEBUG Engine               - class com.almasb.fxgl.notification.impl.NotificationServiceProvider
01:09:49.985 [FXGL Background Thread 3 ] DEBUG Engine               - class com.almasb.fxgl.achievement.AchievementService
01:09:49.985 [FXGL Background Thread 3 ] DEBUG Engine               - class com.almasb.fxgl.cutscene.CutsceneService
01:09:49.985 [FXGL Background Thread 3 ] DEBUG Engine               - class com.almasb.fxgl.minigames.MiniGameService
01:09:49.985 [FXGL Background Thread 3 ] DEBUG Engine               - class com.almasb.fxgl.net.NetService
01:09:49.985 [FXGL Background Thread 3 ] DEBUG Engine               - class com.almasb.fxgl.app.services.UpdaterService
01:09:49.985 [FXGL Background Thread 3 ] DEBUG Engine               - class com.almasb.fxgl.dev.DevService
01:09:49.985 [FXGL Background Thread 3 ] DEBUG Engine               - class com.almasb.fxgl.multiplayer.MultiplayerService
01:10:05.075 [JavaFX Application Thread] DEBUG LoopRunner           - Pausing loop
01:13:51.341 [JavaFX Application Thread] DEBUG LoopRunner           - Resuming loop
01:13:51.961 [JavaFX Application Thread] DEBUG LoopRunner           - Pausing loop
01:13:52.183 [JavaFX Application Thread] DEBUG LoopRunner           - Resuming loop
01:13:52.960 [JavaFX Application Thread] DEBUG FXGLApplication      - Exiting FXGL
01:13:52.960 [JavaFX Application Thread] DEBUG Async                - Shutting down background threads
01:13:52.960 [JavaFX Application Thread] DEBUG PrimaryStageWindow   - Closing main window
01:13:52.975 [JavaFX Application Thread] DEBUG Logger               - Closing Logger
