10:25:26.330 [main                     ] DEBUG Logger               - Configured Logger
10:25:26.348 [main                     ] DEBUG GameApplication      - Logging settings
Title: Flatline: Oregon
Version: Beta ?
Width: 800
Height: 600
Fullscreen: false
Intro: false
Profiling: false
Single step:false
App Mode: DEVELOPER
Menu Key: ESCAPE
Stage Style: DECORATED
Scene Factory: class com.groupfour.mygame.App$1

10:25:26.646 [JavaFX Application Thread] DEBUG FXGLApplication      - Initializing FXGL
10:25:26.648 [JavaFX Application Thread] INFO  Engine               - FXGL-dev-SNAPSHOT (28.07.2021 16.39) on WINDOWS (J:11.0.22 FX:16)
10:25:26.649 [JavaFX Application Thread] DEBUG Engine               - JRE Vendor Name: Oracle Corporation
10:25:26.649 [JavaFX Application Thread] DEBUG Engine               - Running on OS: Windows 11 version 10.0
10:25:26.649 [JavaFX Application Thread] DEBUG Engine               - Architecture: amd64
10:25:26.649 [JavaFX Application Thread] INFO  Engine               - Source code and latest versions at: https://github.com/AlmasB/FXGL
10:25:26.650 [JavaFX Application Thread] INFO  Engine               -              Join the FXGL chat at: https://gitter.im/AlmasB/FXGL
10:25:26.722 [JavaFX Application Thread] DEBUG PrimaryStageWindow   - Creating a JavaFX scene
10:25:26.780 [JavaFX Application Thread] DEBUG PrimaryStageWindow   - Target settings size: 800.0 x 600.0
10:25:26.780 [JavaFX Application Thread] DEBUG PrimaryStageWindow   - Scaled scene size:    800.0 x 600.0
10:25:26.780 [JavaFX Application Thread] DEBUG PrimaryStageWindow   - Scaled ratio: (1.0, 1.0)
10:25:26.781 [JavaFX Application Thread] DEBUG PrimaryStageWindow   - Set initial scene to FXGLStartupScene
10:25:26.785 [JavaFX Application Thread] DEBUG PrimaryStageWindow   - Opening main window
10:25:26.860 [JavaFX Application Thread] DEBUG PrimaryStageWindow   - Window border size: (14.4000244140625, 37.5999755859375)
10:25:26.860 [JavaFX Application Thread] DEBUG PrimaryStageWindow   - Scaled size: 800.0 x 600.0
10:25:26.860 [JavaFX Application Thread] DEBUG PrimaryStageWindow   - Scaled ratio: (1.0, 1.0)
10:25:26.861 [JavaFX Application Thread] DEBUG PrimaryStageWindow   - Scene size: 800.0 x 600.0
10:25:26.861 [JavaFX Application Thread] DEBUG PrimaryStageWindow   - Stage size: 814.4000244140625 x 637.5999755859375
10:25:26.865 [FXGL Background Thread 1 ] DEBUG Engine               - Initializing environment variables
10:25:26.902 [FXGL Background Thread 1 ] DEBUG FXGLAssetLoaderServi - User app class for loading assets: class com.groupfour.mygame.App
10:25:26.902 [FXGL Background Thread 1 ] DEBUG GameApplicationServi - Applying CSS: fxgl_dark.css
10:25:26.903 [FXGL Background Thread 1 ] DEBUG FXGLAssetLoaderServi - Loading from file system: jar:file:///C:/Users/acer/.m2/repository/com/github/almasb/fxgl/dev-SNAPSHOT/fxgl-dev-SNAPSHOT.jar!/fxglassets/ui/css/fxgl_dark.css
10:25:26.943 [FXGL Background Thread 1 ] DEBUG GameApplicationServi - Initializing application scenes
10:25:26.974 [FXGL Background Thread 1 ] DEBUG GameWorld            - Game world initialized
10:25:27.011 [FXGL Background Thread 1 ] DEBUG PhysicsWorld         - Physics world initialized: appHeight=600, physics.ppm=50.0
10:25:27.011 [FXGL Background Thread 1 ] DEBUG PhysicsWorld         - Using strategy: BRUTE_FORCE
10:25:27.012 [FXGL Background Thread 1 ] DEBUG GameScene            - Game scene initialized: 800x600
10:25:27.021 [FXGL Background Thread 1 ] DEBUG FXGL.DefaultMenu     - createMenuBodyMainMenu()
10:25:27.031 [FXGL Background Thread 1 ] DEBUG FXGL.DefaultMenu     - createOptionsMenu()
10:25:27.037 [FXGL Background Thread 1 ] DEBUG FXGLAssetLoaderServi - Loading from file system: jar:file:///C:/Users/acer/.m2/repository/com/github/almasb/fxgl/dev-SNAPSHOT/fxgl-dev-SNAPSHOT.jar!/fxglassets/textures/particles/smoke.png
10:25:27.106 [FXGL Background Thread 1 ] DEBUG FXGLAssetLoaderServi - Loading from file system: jar:file:///C:/Users/acer/.m2/repository/com/github/almasb/fxgl/dev-SNAPSHOT/fxgl-dev-SNAPSHOT.jar!/fxglassets/textures/particles/trace_horizontal.png
10:25:27.128 [FXGL Background Thread 1 ] DEBUG FXGLAssetLoaderServi - Loading from file system: file:/C:/Users/acer/OneDrive/Desktop/git%20pull/CSS124L-FINAL-PROJECT/fp/target/classes/assets/ui/fonts/PIXELADE.TTF
10:25:27.420 [FXGL Background Thread 1 ] DEBUG FXGLAssetLoaderServi - Loading from file system: file:/C:/Users/acer/OneDrive/Desktop/git%20pull/CSS124L-FINAL-PROJECT/fp/target/classes/assets/textures/spbtn.png
10:25:27.436 [FXGL Background Thread 1 ] DEBUG FXGLAssetLoaderServi - Loading from file system: file:/C:/Users/acer/OneDrive/Desktop/git%20pull/CSS124L-FINAL-PROJECT/fp/target/classes/assets/textures/mpbtn.png
10:25:27.441 [FXGL Background Thread 1 ] DEBUG FXGLAssetLoaderServi - Loading from file system: file:/C:/Users/acer/OneDrive/Desktop/git%20pull/CSS124L-FINAL-PROJECT/fp/target/classes/assets/textures/return.png
10:25:27.451 [FXGL Background Thread 1 ] DEBUG GameApplicationServi - Application scenes initialized
10:25:27.458 [FXGL Background Thread 1 ] DEBUG SystemBundleService  - Loading FXGL system data
10:25:27.462 [FXGL Background Thread 1 ] DEBUG FileSystemAccess     - Reading from: C:\Users\acer\OneDrive\Desktop\git pull\CSS124L-FINAL-PROJECT\system\fxgl.bundle
10:25:27.467 [FXGL Background Thread 1 ] DEBUG SystemBundleService  - Bundle FXGL: {}
10:25:27.467 [FXGL Background Thread 1 ] DEBUG UpdaterService       - Checking for updates
10:25:27.491 [FXGL Background Thread 4 ] DEBUG FXGLApplication      - Loading fonts
10:25:27.491 [FXGL Background Thread 1 ] DEBUG FXGLApplication      - Loading default localization
10:25:27.492 [FXGL Background Thread 1 ] DEBUG FXGLAssetLoaderServi - Loading from file system: jar:file:///C:/Users/acer/.m2/repository/com/github/almasb/fxgl/dev-SNAPSHOT/fxgl-dev-SNAPSHOT.jar!/fxglassets/languages/english.lang
10:25:27.492 [FXGL Background Thread 4 ] DEBUG FXGLAssetLoaderServi - Loading from file system: jar:file:///C:/Users/acer/.m2/repository/com/github/almasb/fxgl/dev-SNAPSHOT/fxgl-dev-SNAPSHOT.jar!/fxglassets/ui/fonts/VarelaRound-Regular.ttf
10:25:27.500 [FXGL Background Thread 4 ] DEBUG FXGLAssetLoaderServi - Loading from file system: jar:file:///C:/Users/acer/.m2/repository/com/github/almasb/fxgl/dev-SNAPSHOT/fxgl-dev-SNAPSHOT.jar!/fxglassets/ui/fonts/Abel-Regular.ttf
10:25:27.506 [FXGL Background Thread 4 ] DEBUG FXGLAssetLoaderServi - Loading from file system: jar:file:///C:/Users/acer/.m2/repository/com/github/almasb/fxgl/dev-SNAPSHOT/fxgl-dev-SNAPSHOT.jar!/fxglassets/ui/fonts/lucida_console.ttf
10:25:27.506 [FXGL Background Thread 1 ] INFO  FXGLApplication      - FXGL initialization took: 0.641 sec
10:25:27.516 [FXGL Background Thread 4 ] DEBUG FXGLAssetLoaderServi - Loading from file system: jar:file:///C:/Users/acer/.m2/repository/com/github/almasb/fxgl/dev-SNAPSHOT/fxgl-dev-SNAPSHOT.jar!/fxglassets/ui/fonts/Courier-Prime.ttf
10:25:27.517 [JavaFX Application Thread] DEBUG Input                - Registered new binding: Move Upwards - W
10:25:27.517 [JavaFX Application Thread] DEBUG Input                - Registered new binding: Move Down - S
10:25:27.518 [JavaFX Application Thread] DEBUG Input                - Registered new binding: Move Left - A
10:25:27.518 [JavaFX Application Thread] DEBUG Input                - Registered new binding: Move Right - D
10:25:27.518 [JavaFX Application Thread] DEBUG Input                - Registered new binding: Reload - R
10:25:27.519 [JavaFX Application Thread] DEBUG Input                - Registered new binding: Shoot - LMB
10:25:27.519 [JavaFX Application Thread] DEBUG Input                - Registered new binding: Switch Weapons - Q
10:25:27.519 [JavaFX Application Thread] DEBUG Input                - Registered new binding: Interact - F
10:25:27.519 [JavaFX Application Thread] DEBUG FXGLAssetLoaderServi - Loading from file system: file:/C:/Users/acer/OneDrive/Desktop/git%20pull/CSS124L-FINAL-PROJECT/fp/target/classes/assets/music/titleBGM.mp3
10:25:27.688 [JavaFX Application Thread] DEBUG AudioPlayer          - Playing music com.almasb.fxgl.audio.Music@246818b5
10:25:27.688 [JavaFX Application Thread] DEBUG FXGLAssetLoaderServi - Loading from file system: jar:file:///C:/Users/acer/.m2/repository/com/github/almasb/fxgl/dev-SNAPSHOT/fxgl-dev-SNAPSHOT.jar!/fxglassets/textures/fxgl_icon.png
10:25:27.715 [JavaFX Application Thread] DEBUG FXGLAssetLoaderServi - Loading from file system: jar:file:///C:/Users/acer/.m2/repository/com/github/almasb/fxgl/dev-SNAPSHOT/fxgl-dev-SNAPSHOT.jar!/fxglassets/textures/fxgl_default_cursor.png
10:25:27.718 [JavaFX Application Thread] DEBUG Input                - Registered new binding: Screenshot - CTRL+8
10:25:27.718 [JavaFX Application Thread] DEBUG Input                - Registered new binding: Dev Options - 1
10:25:27.719 [JavaFX Application Thread] DEBUG Input                - Registered new binding: Dev Console - 2
10:25:27.719 [JavaFX Application Thread] DEBUG Input                - Registered new binding: System info dump - CTRL+9
10:25:27.719 [JavaFX Application Thread] DEBUG Input                - Registered new binding: Restart - CTRL+R
10:25:27.720 [JavaFX Application Thread] DEBUG Input                - Registered new binding: Toggle Debug Camera - CTRL+C
10:25:27.723 [JavaFX Application Thread] DEBUG LoopRunner           - Starting loop
10:25:27.742 [JavaFX Application Thread] DEBUG LoopRunner           - Initializing JavaFX AnimationTimerLoop
10:25:27.744 [JavaFX Application Thread] DEBUG Input                - Clearing active input actions
10:25:27.763 [JavaFX Application Thread] DEBUG GameApplicationServi - Removing overlay from FXGLStartupScene and adding to FXGLMainMenuDummyScene
10:25:27.767 [JavaFX Application Thread] DEBUG PrimaryStageWindow   - FXGLStartupScene -> FXGLMainMenuDummyScene
10:25:27.767 [JavaFX Application Thread] DEBUG PrimaryStageWindow   - Push state: FXGLDefaultMenu
10:25:27.771 [JavaFX Application Thread] DEBUG Input                - Clearing active input actions
10:25:27.780 [JavaFX Application Thread] DEBUG GameApplicationServi - Removing overlay from FXGLMainMenuDummyScene and adding to FXGLDefaultMenu
10:25:27.781 [JavaFX Application Thread] DEBUG PrimaryStageWindow   - FXGLMainMenuDummyScene -> FXGLDefaultMenu
10:25:27.781 [JavaFX Application Thread] DEBUG FXGLApplication      - Registering font factories with UI factory
10:25:27.860 [FXGL Background Thread 2 ] INFO  UpdaterService       - Your current version:  dev-SNAPSHOT
10:25:27.861 [FXGL Background Thread 2 ] INFO  UpdaterService       - Latest stable version: 21.1
10:25:30.492 [FXGL Background Thread 3 ] DEBUG Engine               - Logging environment variables
10:25:30.492 [FXGL Background Thread 3 ] DEBUG Engine               - achievements: []
10:25:30.493 [FXGL Background Thread 3 ] DEBUG Engine               - actualHeight: 600.0
10:25:30.493 [FXGL Background Thread 3 ] DEBUG Engine               - actualHeightProperty: ReadOnlyDoubleProperty [value: 600.0]
10:25:30.493 [FXGL Background Thread 3 ] DEBUG Engine               - actualWidth: 800.0
10:25:30.493 [FXGL Background Thread 3 ] DEBUG Engine               - actualWidthProperty: ReadOnlyDoubleProperty [value: 800.0]
10:25:30.493 [FXGL Background Thread 3 ] DEBUG Engine               - appIcon: fxgl_icon.png
10:25:30.493 [FXGL Background Thread 3 ] DEBUG Engine               - applicationMode: DEVELOPER
10:25:30.493 [FXGL Background Thread 3 ] DEBUG Engine               - cSSList: [fxgl_dark.css]
10:25:30.493 [FXGL Background Thread 3 ] DEBUG Engine               - collisionDetectionStrategy: BRUTE_FORCE
10:25:30.493 [FXGL Background Thread 3 ] DEBUG Engine               - configClass: Optional.empty
10:25:30.493 [FXGL Background Thread 3 ] DEBUG Engine               - credits: []
10:25:30.494 [FXGL Background Thread 3 ] DEBUG Engine               - defaultCursor: CursorInfo(imageName=fxgl_default_cursor.png, hotspotX=7.0, hotspotY=6.0)
10:25:30.494 [FXGL Background Thread 3 ] DEBUG Engine               - devBBoxColorProperty: ObjectProperty [value: 0xff0000ff]
10:25:30.494 [FXGL Background Thread 3 ] DEBUG Engine               - devEnableDebugCameraProperty: BooleanProperty [value: false]
10:25:30.494 [FXGL Background Thread 3 ] DEBUG Engine               - devSensorColorProperty: ObjectProperty [value: 0xffff00ff]
10:25:30.495 [FXGL Background Thread 3 ] DEBUG Engine               - devShowBBoxProperty: BooleanProperty [value: false]
10:25:30.495 [FXGL Background Thread 3 ] DEBUG Engine               - devShowPositionProperty: BooleanProperty [value: false]
10:25:30.495 [FXGL Background Thread 3 ] DEBUG Engine               - enabledMenuItems: []
10:25:30.495 [FXGL Background Thread 3 ] DEBUG Engine               - engineServices: [class com.almasb.fxgl.app.services.FXGLAssetLoaderService, class com.almasb.fxgl.app.FXGLApplication$GameApplicationService, class com.almasb.fxgl.app.services.FXGLDialogService, class com.almasb.fxgl.app.services.IOTaskExecutorService, class com.almasb.fxgl.io.FileSystemService, class com.almasb.fxgl.localization.LocalizationService, class com.almasb.fxgl.app.services.SystemBundleService, class com.almasb.fxgl.profile.SaveLoadService, class com.almasb.fxgl.ui.FXGLUIFactoryServiceProvider, class com.almasb.fxgl.ui.FXGLDialogFactoryServiceProvider, class com.almasb.fxgl.audio.AudioPlayer, class com.almasb.fxgl.notification.impl.NotificationServiceProvider, class com.almasb.fxgl.achievement.AchievementService, class com.almasb.fxgl.cutscene.CutsceneService, class com.almasb.fxgl.minigames.MiniGameService, class com.almasb.fxgl.net.NetService, class com.almasb.fxgl.app.services.UpdaterService, class com.almasb.fxgl.dev.DevService, class com.almasb.fxgl.multiplayer.MultiplayerService]
10:25:30.495 [FXGL Background Thread 3 ] DEBUG Engine               - fontGame: Abel-Regular.ttf
10:25:30.495 [FXGL Background Thread 3 ] DEBUG Engine               - fontMono: lucida_console.ttf
10:25:30.495 [FXGL Background Thread 3 ] DEBUG Engine               - fontText: Courier-Prime.ttf
10:25:30.495 [FXGL Background Thread 3 ] DEBUG Engine               - fontUI: VarelaRound-Regular.ttf
10:25:30.495 [FXGL Background Thread 3 ] DEBUG Engine               - fullScreen: BooleanProperty [value: false]
10:25:30.495 [FXGL Background Thread 3 ] DEBUG Engine               - gameDifficulty: MEDIUM
10:25:30.495 [FXGL Background Thread 3 ] DEBUG Engine               - gameDifficultyProperty: ObjectProperty [value: MEDIUM]
10:25:30.495 [FXGL Background Thread 3 ] DEBUG Engine               - globalMusicVolume: 0.5
10:25:30.495 [FXGL Background Thread 3 ] DEBUG Engine               - globalMusicVolumeProperty: DoubleProperty [value: 0.5]
10:25:30.495 [FXGL Background Thread 3 ] DEBUG Engine               - globalSoundVolume: 0.5
10:25:30.495 [FXGL Background Thread 3 ] DEBUG Engine               - globalSoundVolumeProperty: DoubleProperty [value: 0.5]
10:25:30.495 [FXGL Background Thread 3 ] DEBUG Engine               - height: 600
10:25:30.495 [FXGL Background Thread 3 ] DEBUG Engine               - is3D: false
10:25:30.495 [FXGL Background Thread 3 ] DEBUG Engine               - isAndroid: false
10:25:30.495 [FXGL Background Thread 3 ] DEBUG Engine               - isBrowser: false
10:25:30.495 [FXGL Background Thread 3 ] DEBUG Engine               - isClickFeedbackEnabled: false
10:25:30.495 [FXGL Background Thread 3 ] DEBUG Engine               - isCloseConfirmation: false
10:25:30.495 [FXGL Background Thread 3 ] DEBUG Engine               - isDesktop: true
10:25:30.496 [FXGL Background Thread 3 ] DEBUG Engine               - isDeveloperMenuEnabled: true
10:25:30.496 [FXGL Background Thread 3 ] DEBUG Engine               - isEmbedded: false
10:25:30.496 [FXGL Background Thread 3 ] DEBUG Engine               - isEntityPreloadEnabled: true
10:25:30.496 [FXGL Background Thread 3 ] DEBUG Engine               - isExperimentalTiledLargeMap: false
10:25:30.496 [FXGL Background Thread 3 ] DEBUG Engine               - isFileSystemWriteAllowed: true
10:25:30.496 [FXGL Background Thread 3 ] DEBUG Engine               - isFullScreenAllowed: false
10:25:30.496 [FXGL Background Thread 3 ] DEBUG Engine               - isFullScreenFromStart: false
10:25:30.496 [FXGL Background Thread 3 ] DEBUG Engine               - isGameMenuEnabled: true
10:25:30.496 [FXGL Background Thread 3 ] DEBUG Engine               - isIOS: false
10:25:30.496 [FXGL Background Thread 3 ] DEBUG Engine               - isIntroEnabled: false
10:25:30.497 [FXGL Background Thread 3 ] DEBUG Engine               - isLinux: false
10:25:30.497 [FXGL Background Thread 3 ] DEBUG Engine               - isMac: false
10:25:30.497 [FXGL Background Thread 3 ] DEBUG Engine               - isMainMenuEnabled: true
10:25:30.497 [FXGL Background Thread 3 ] DEBUG Engine               - isManualResizeEnabled: false
10:25:30.497 [FXGL Background Thread 3 ] DEBUG Engine               - isMobile: false
10:25:30.497 [FXGL Background Thread 3 ] DEBUG Engine               - isNative: false
10:25:30.497 [FXGL Background Thread 3 ] DEBUG Engine               - isPauseMusicWhenMinimized: true
10:25:30.497 [FXGL Background Thread 3 ] DEBUG Engine               - isPreserveResizeRatio: false
10:25:30.497 [FXGL Background Thread 3 ] DEBUG Engine               - isProfilingEnabled: false
10:25:30.497 [FXGL Background Thread 3 ] DEBUG Engine               - isScaleAffectedOnResize: true
10:25:30.497 [FXGL Background Thread 3 ] DEBUG Engine               - isSingleStep: false
10:25:30.497 [FXGL Background Thread 3 ] DEBUG Engine               - isUserProfileEnabled: false
10:25:30.497 [FXGL Background Thread 3 ] DEBUG Engine               - isWindows: true
10:25:30.497 [FXGL Background Thread 3 ] DEBUG Engine               - language: ObjectProperty [value: ENGLISH]
10:25:30.497 [FXGL Background Thread 3 ] DEBUG Engine               - menuKey: ESCAPE
10:25:30.497 [FXGL Background Thread 3 ] DEBUG Engine               - mouseSensitivity: 0.2
10:25:30.497 [FXGL Background Thread 3 ] DEBUG Engine               - notificationViewClass: class com.almasb.fxgl.notification.view.XboxNotificationView
10:25:30.497 [FXGL Background Thread 3 ] DEBUG Engine               - pixelsPerMeter: 50.0
10:25:30.497 [FXGL Background Thread 3 ] DEBUG Engine               - platform: WINDOWS
10:25:30.497 [FXGL Background Thread 3 ] DEBUG Engine               - prefHeightProperty: ReadOnlyDoubleProperty [value: 600.0]
10:25:30.497 [FXGL Background Thread 3 ] DEBUG Engine               - prefWidthProperty: ReadOnlyDoubleProperty [value: 800.0]
10:25:30.497 [FXGL Background Thread 3 ] DEBUG Engine               - profileDir: profiles/
10:25:30.497 [FXGL Background Thread 3 ] DEBUG Engine               - profileName: StringProperty [value: DEFAULT]
10:25:30.497 [FXGL Background Thread 3 ] DEBUG Engine               - randomSeed: -1
10:25:30.497 [FXGL Background Thread 3 ] DEBUG Engine               - runtimeInfo: RuntimeInfo(platform=WINDOWS, version=dev-SNAPSHOT, build=28.07.2021 16.39)
10:25:30.497 [FXGL Background Thread 3 ] DEBUG Engine               - saveFileExt: sav
10:25:30.498 [FXGL Background Thread 3 ] DEBUG Engine               - scaledHeightProp$fxgl: DoubleProperty [bound, value: 600.0]
10:25:30.498 [FXGL Background Thread 3 ] DEBUG Engine               - scaledWidthProp$fxgl: DoubleProperty [bound, value: 800.0]
10:25:30.498 [FXGL Background Thread 3 ] DEBUG Engine               - sceneFactory: com.groupfour.mygame.App$1@1607e8b4
10:25:30.498 [FXGL Background Thread 3 ] DEBUG Engine               - secondsIn24h: 60
10:25:30.498 [FXGL Background Thread 3 ] DEBUG Engine               - soundMenuBack: menu/back.wav
10:25:30.498 [FXGL Background Thread 3 ] DEBUG Engine               - soundMenuPress: titleSelect.mp3
10:25:30.498 [FXGL Background Thread 3 ] DEBUG Engine               - soundMenuSelect: menu/select.wav
10:25:30.498 [FXGL Background Thread 3 ] DEBUG Engine               - soundNotification: core/notification.wav
10:25:30.498 [FXGL Background Thread 3 ] DEBUG Engine               - stageStyle: DECORATED
10:25:30.498 [FXGL Background Thread 3 ] DEBUG Engine               - supportedLanguages: [ENGLISH, FRENCH, GERMAN, HUNGARIAN, RUSSIAN]
10:25:30.498 [FXGL Background Thread 3 ] DEBUG Engine               - ticksPerSecond: -1
10:25:30.498 [FXGL Background Thread 3 ] DEBUG Engine               - title: Flatline: Oregon
10:25:30.498 [FXGL Background Thread 3 ] DEBUG Engine               - urlGithub: https://github.com/AlmasB/FXGL
10:25:30.498 [FXGL Background Thread 3 ] DEBUG Engine               - urlLeaderboard: http://fxgl-top.herokuapp.com/
10:25:30.498 [FXGL Background Thread 3 ] DEBUG Engine               - urlPOM: https://raw.githubusercontent.com/AlmasB/FXGL/release/README.md
10:25:30.498 [FXGL Background Thread 3 ] DEBUG Engine               - userAppClass: class com.groupfour.mygame.App
10:25:30.498 [FXGL Background Thread 3 ] DEBUG Engine               - version: Beta ?
10:25:30.498 [FXGL Background Thread 3 ] DEBUG Engine               - versionCheckDays: 7
10:25:30.498 [FXGL Background Thread 3 ] DEBUG Engine               - width: 800
10:25:30.498 [FXGL Background Thread 3 ] DEBUG Engine               - Logging services
10:25:30.498 [FXGL Background Thread 3 ] DEBUG Engine               - class com.almasb.fxgl.app.services.FXGLAssetLoaderService
10:25:30.498 [FXGL Background Thread 3 ] DEBUG Engine               - class com.almasb.fxgl.app.FXGLApplication$GameApplicationService
10:25:30.498 [FXGL Background Thread 3 ] DEBUG Engine               - class com.almasb.fxgl.app.services.FXGLDialogService
10:25:30.498 [FXGL Background Thread 3 ] DEBUG Engine               - class com.almasb.fxgl.app.services.IOTaskExecutorService
10:25:30.498 [FXGL Background Thread 3 ] DEBUG Engine               - class com.almasb.fxgl.io.FileSystemService
10:25:30.498 [FXGL Background Thread 3 ] DEBUG Engine               - class com.almasb.fxgl.localization.LocalizationService
10:25:30.498 [FXGL Background Thread 3 ] DEBUG Engine               - class com.almasb.fxgl.app.services.SystemBundleService
10:25:30.498 [FXGL Background Thread 3 ] DEBUG Engine               - class com.almasb.fxgl.profile.SaveLoadService
10:25:30.498 [FXGL Background Thread 3 ] DEBUG Engine               - class com.almasb.fxgl.ui.FXGLUIFactoryServiceProvider
10:25:30.498 [FXGL Background Thread 3 ] DEBUG Engine               - class com.almasb.fxgl.ui.FXGLDialogFactoryServiceProvider
10:25:30.499 [FXGL Background Thread 3 ] DEBUG Engine               - class com.almasb.fxgl.audio.AudioPlayer
10:25:30.499 [FXGL Background Thread 3 ] DEBUG Engine               - class com.almasb.fxgl.notification.impl.NotificationServiceProvider
10:25:30.499 [FXGL Background Thread 3 ] DEBUG Engine               - class com.almasb.fxgl.achievement.AchievementService
10:25:30.499 [FXGL Background Thread 3 ] DEBUG Engine               - class com.almasb.fxgl.cutscene.CutsceneService
10:25:30.499 [FXGL Background Thread 3 ] DEBUG Engine               - class com.almasb.fxgl.minigames.MiniGameService
10:25:30.499 [FXGL Background Thread 3 ] DEBUG Engine               - class com.almasb.fxgl.net.NetService
10:25:30.499 [FXGL Background Thread 3 ] DEBUG Engine               - class com.almasb.fxgl.app.services.UpdaterService
10:25:30.499 [FXGL Background Thread 3 ] DEBUG Engine               - class com.almasb.fxgl.dev.DevService
10:25:30.499 [FXGL Background Thread 3 ] DEBUG Engine               - class com.almasb.fxgl.multiplayer.MultiplayerService
10:25:31.231 [JavaFX Application Thread] DEBUG Menu                 - fireNewGame()
10:25:31.232 [JavaFX Application Thread] DEBUG GameApplicationServi - Starting new game
10:25:31.233 [JavaFX Application Thread] DEBUG PrimaryStageWindow   - Pop state: FXGLDefaultMenu
10:25:31.233 [JavaFX Application Thread] DEBUG Input                - Clearing active input actions
10:25:31.235 [JavaFX Application Thread] DEBUG GameApplicationServi - Removing overlay from FXGLDefaultMenu and adding to FXGLMainMenuDummyScene
10:25:31.236 [JavaFX Application Thread] DEBUG PrimaryStageWindow   - FXGLMainMenuDummyScene <- FXGLDefaultMenu
10:25:31.236 [JavaFX Application Thread] DEBUG Input                - Clearing active input actions
10:25:31.241 [JavaFX Application Thread] DEBUG GameApplicationServi - Removing overlay from FXGLMainMenuDummyScene and adding to FXGLLoadingScene
10:25:31.242 [JavaFX Application Thread] DEBUG PrimaryStageWindow   - FXGLMainMenuDummyScene -> FXGLLoadingScene
10:25:31.242 [JavaFX Application Thread] DEBUG GameApplicationServi - Clearing previous game
10:25:31.242 [JavaFX Application Thread] DEBUG GameScene            - Clearing game scene
10:25:31.242 [JavaFX Application Thread] DEBUG GameWorld            - Clearing game world
10:25:31.242 [JavaFX Application Thread] DEBUG PhysicsWorld         - Clearing physics world
10:25:31.244 [FXGL Background Thread 2 ] DEBUG FXGLApplication      - Initializing game
10:25:31.293 [FXGL Background Thread 2 ] WARN  TMXLevelLoader       - TiledMap generated from 1.11.0. Supported version: 1.2.3. Some features may not be parsed fully.
10:25:31.301 [FXGL Background Thread 2 ] DEBUG TMXLevelLoader       - Parsed TiledMap: file:/C:/Users/acer/OneDrive/Desktop/git%20pull/CSS124L-FINAL-PROJECT/fp/target/classes/assets/levels/Lobby.tmx
10:25:31.303 [FXGL Background Thread 2 ] DEBUG TMXLevelLoader       - Creating tile layer entities
10:25:31.304 [FXGL Background Thread 2 ] DEBUG TilesetLoader        - Loading view for layer Tile Layer 1
10:25:31.306 [FXGL Background Thread 2 ] DEBUG TilesetLoader        - Created buffer with size 1280.0x768.0
10:25:31.315 [FXGL Background Thread 2 ] DEBUG TMXLevelLoader       - Creating object layer entities
10:25:31.335 [FXGL Background Thread 2 ] DEBUG GameWorld            - Clearing removable entities
10:25:31.336 [FXGL Background Thread 2 ] DEBUG GameWorld            - Setting level: com.almasb.fxgl.entity.level.Level@23c583f0
10:25:31.349 [FXGL Background Thread 2 ] INFO  FXGLApplication      - Game initialization took: 0.104 sec
10:25:31.352 [JavaFX Application Thread] DEBUG Input                - Clearing active input actions
10:25:31.360 [JavaFX Application Thread] DEBUG GameApplicationServi - Removing overlay from FXGLLoadingScene and adding to GameScene
10:25:31.363 [JavaFX Application Thread] DEBUG PrimaryStageWindow   - FXGLLoadingScene -> GameScene
10:25:31.366 [JavaFX Application Thread] DEBUG FXGLAssetLoaderServi - Loading from file system: file:/C:/Users/acer/OneDrive/Desktop/git%20pull/CSS124L-FINAL-PROJECT/fp/target/classes/assets/textures/Interactables/microwave_close.png
10:25:31.368 [JavaFX Application Thread] DEBUG PrimaryStageWindow   - Push state: PCM_BG
10:25:31.368 [JavaFX Application Thread] DEBUG Input                - Clearing active input actions
10:25:31.368 [JavaFX Application Thread] DEBUG GameApplicationServi - Removing overlay from GameScene and adding to PCM_BG
10:25:31.369 [JavaFX Application Thread] DEBUG PrimaryStageWindow   - GameScene -> PCM_BG
10:25:31.377 [JavaFX Application Thread] DEBUG PrimaryStageWindow   - Push state: PlayerCountMenu
10:25:31.377 [JavaFX Application Thread] DEBUG Input                - Clearing active input actions
10:25:31.377 [JavaFX Application Thread] DEBUG GameApplicationServi - Removing overlay from PCM_BG and adding to PlayerCountMenu
10:25:31.380 [JavaFX Application Thread] DEBUG PrimaryStageWindow   - PCM_BG -> PlayerCountMenu
10:25:32.171 [JavaFX Application Thread] DEBUG PrimaryStageWindow   - Push state: DialogSubScene
10:25:32.172 [JavaFX Application Thread] DEBUG Input                - Clearing active input actions
10:25:32.172 [JavaFX Application Thread] DEBUG GameApplicationServi - Removing overlay from PlayerCountMenu and adding to DialogSubScene
10:25:32.172 [JavaFX Application Thread] DEBUG PrimaryStageWindow   - PlayerCountMenu -> DialogSubScene
10:25:33.100 [JavaFX Application Thread] DEBUG PrimaryStageWindow   - Pop state: DialogSubScene
10:25:33.100 [JavaFX Application Thread] DEBUG Input                - Clearing active input actions
10:25:33.100 [JavaFX Application Thread] DEBUG GameApplicationServi - Removing overlay from DialogSubScene and adding to PlayerCountMenu
10:25:33.101 [JavaFX Application Thread] DEBUG PrimaryStageWindow   - PlayerCountMenu <- DialogSubScene
10:25:33.107 [ServerAsyncConnThread    ] DEBUG TCPServer            - Starting to listen at: 55555 type: class com.almasb.fxgl.core.serialization.Bundle
10:25:34.104 [ServerAsyncConnThread    ] DEBUG Endpoint             - TCPServer opening new connection (1) from /127.0.0.1:51019 type: class com.almasb.fxgl.core.serialization.Bundle
10:25:34.108 [ServerAsyncConnThread    ] DEBUG Endpoint             - TCPServer successfully opened connection (1)
10:25:34.108 [JavaFX Application Thread] DEBUG PrimaryStageWindow   - Pop state: PlayerCountMenu
10:25:34.108 [JavaFX Application Thread] DEBUG Input                - Clearing active input actions
10:25:34.109 [JavaFX Application Thread] DEBUG GameApplicationServi - Removing overlay from PlayerCountMenu and adding to PCM_BG
10:25:34.110 [JavaFX Application Thread] DEBUG PrimaryStageWindow   - PCM_BG <- PlayerCountMenu
10:25:34.110 [JavaFX Application Thread] DEBUG PrimaryStageWindow   - Pop state: PCM_BG
10:25:34.110 [JavaFX Application Thread] DEBUG Input                - Clearing active input actions
10:25:34.111 [JavaFX Application Thread] DEBUG GameApplicationServi - Removing overlay from PCM_BG and adding to GameScene
10:25:34.111 [JavaFX Application Thread] DEBUG PrimaryStageWindow   - GameScene <- PCM_BG
10:25:34.112 [TCPServer_SendThread-1   ] DEBUG Writers              - Getting TCPMessageWriter for class com.almasb.fxgl.core.serialization.Bundle
10:25:34.114 [TCPServer_RecvThread-1   ] DEBUG Readers              - Getting TCPMessageReader for class com.almasb.fxgl.core.serialization.Bundle
10:25:34.114 [TCPServer_SendThread-1   ] DEBUG Writers              - Constructed TCPMessageWriter for class com.almasb.fxgl.core.serialization.Bundle: BundleTCPMessageWriter
10:25:34.115 [TCPServer_RecvThread-1   ] DEBUG Readers              - Constructed MessageReader for class com.almasb.fxgl.core.serialization.Bundle: BundleTCPMessageReader
10:25:34.123 [JavaFX Application Thread] DEBUG FXGLAssetLoaderServi - Loading from file system: file:/C:/Users/acer/OneDrive/Desktop/git%20pull/CSS124L-FINAL-PROJECT/fp/target/classes/assets/sounds/Reload.mp3
10:25:34.131 [JavaFX Application Thread] DEBUG FXGLAssetLoaderServi - Loading from file system: file:/C:/Users/acer/OneDrive/Desktop/git%20pull/CSS124L-FINAL-PROJECT/fp/target/classes/assets/sounds/BerettaM9_Shoot.mp3
10:25:34.139 [JavaFX Application Thread] DEBUG FXGLAssetLoaderServi - Loading from file system: file:/C:/Users/acer/OneDrive/Desktop/git%20pull/CSS124L-FINAL-PROJECT/fp/target/classes/assets/textures/Weapons/Idle/BerettaM9_Idle.png
10:25:34.140 [JavaFX Application Thread] DEBUG FXGLAssetLoaderServi - Loading from file system: file:/C:/Users/acer/OneDrive/Desktop/git%20pull/CSS124L-FINAL-PROJECT/fp/target/classes/assets/textures/Weapons/Shooting/BerettaM9_Shooting.png
10:25:34.143 [JavaFX Application Thread] DEBUG FXGLAssetLoaderServi - Loading from file system: file:/C:/Users/acer/OneDrive/Desktop/git%20pull/CSS124L-FINAL-PROJECT/fp/target/classes/assets/textures/Players/1P_Shoot.png
10:25:34.148 [JavaFX Application Thread] DEBUG FXGLAssetLoaderServi - Loading from file system: file:/C:/Users/acer/OneDrive/Desktop/git%20pull/CSS124L-FINAL-PROJECT/fp/target/classes/assets/textures/Interactables/vending_machine.png
10:25:34.155 [JavaFX Application Thread] DEBUG Input                - Registered new binding: Move Upwards - W
10:25:34.157 [JavaFX Application Thread] DEBUG Input                - Registered new binding: Move Down - S
10:25:34.157 [JavaFX Application Thread] DEBUG Input                - Registered new binding: Move Left - A
10:25:34.157 [JavaFX Application Thread] DEBUG Input                - Registered new binding: Move Right - D
10:25:34.157 [JavaFX Application Thread] DEBUG Input                - Registered new binding: Reload - R
10:25:34.157 [JavaFX Application Thread] DEBUG Input                - Registered new binding: Shoot - LMB
10:25:34.157 [JavaFX Application Thread] DEBUG Input                - Registered new binding: Switch Weapons - Q
10:25:34.163 [JavaFX Application Thread] DEBUG LoopRunner           - Stopping loop
10:25:34.163 [JavaFX Application Thread] FATAL FXGLApplication      - Uncaught Exception:
java.lang.NullPointerException
	at com.groupfour.mygame/com.groupfour.mygame.App.onUpdate(App.java:431)
	at com.almasb.fxgl.all/com.almasb.fxgl.app.FXGLApplication$GameApplicationService.onGameUpdate(FXGLApplication.kt:421)
	at com.almasb.fxgl.all/com.almasb.fxgl.app.Engine.onGameUpdate(Engine.kt:137)
	at com.almasb.fxgl.all/com.almasb.fxgl.app.FXGLApplication.postServicesInit$lambda-7(FXGLApplication.kt:182)
	at com.almasb.fxgl.scene/com.almasb.fxgl.scene.Scene.update(Scene.kt:113)
	at com.almasb.fxgl.all/com.almasb.fxgl.app.MainWindow$update$1.invoke(MainWindow.kt:115)
	at com.almasb.fxgl.all/com.almasb.fxgl.app.MainWindow$update$1.invoke(MainWindow.kt:115)
	at com.almasb.fxgl.core/com.almasb.fxgl.core.fsm.StateMachine.runOnActiveStates(StateMachine.kt:69)
	at com.almasb.fxgl.all/com.almasb.fxgl.app.MainWindow.update(MainWindow.kt:115)
	at com.almasb.fxgl.all/com.almasb.fxgl.app.FXGLApplication$GameApplicationService.onUpdate(FXGLApplication.kt:426)
	at com.almasb.fxgl.all/com.almasb.fxgl.app.Engine.loop(Engine.kt:133)
	at com.almasb.fxgl.all/com.almasb.fxgl.app.Engine.access$loop(Engine.kt:24)
	at com.almasb.fxgl.all/com.almasb.fxgl.app.Engine$loop$1.invoke(Engine.kt:28)
	at com.almasb.fxgl.all/com.almasb.fxgl.app.Engine$loop$1.invoke(Engine.kt:28)
	at com.almasb.fxgl.all/com.almasb.fxgl.app.LoopRunner.frame(LoopRunner.kt:103)
	at com.almasb.fxgl.all/com.almasb.fxgl.app.LoopRunner.access$frame(LoopRunner.kt:23)
	at com.almasb.fxgl.all/com.almasb.fxgl.app.LoopRunner$impl$2$1.onTick(LoopRunner.kt:57)
	at com.almasb.fxgl.all/com.almasb.fxgl.app.AnimationTimerLoop$timer$1.handle(LoopRunner.kt:137)
	at javafx.graphics/javafx.animation.AnimationTimer$AnimationTimerReceiver.lambda$handle$0(AnimationTimer.java:57)
	at java.base/java.security.AccessController.doPrivileged(Native Method)
	at javafx.graphics/javafx.animation.AnimationTimer$AnimationTimerReceiver.handle(AnimationTimer.java:56)
	at javafx.graphics/com.sun.scenario.animation.AbstractPrimaryTimer.timePulseImpl(AbstractPrimaryTimer.java:356)
	at javafx.graphics/com.sun.scenario.animation.AbstractPrimaryTimer$MainLoop.run(AbstractPrimaryTimer.java:266)
	at javafx.graphics/com.sun.javafx.tk.quantum.QuantumToolkit.pulse(QuantumToolkit.java:559)
	at javafx.graphics/com.sun.javafx.tk.quantum.QuantumToolkit.pulse(QuantumToolkit.java:543)
	at javafx.graphics/com.sun.javafx.tk.quantum.QuantumToolkit.pulseFromQueue(QuantumToolkit.java:536)
	at javafx.graphics/com.sun.javafx.tk.quantum.QuantumToolkit.lambda$runToolkit$11(QuantumToolkit.java:342)
	at javafx.graphics/com.sun.glass.ui.InvokeLaterDispatcher$Future.run(InvokeLaterDispatcher.java:96)
	at javafx.graphics/com.sun.glass.ui.win.WinApplication._runLoop(Native Method)
	at javafx.graphics/com.sun.glass.ui.win.WinApplication.lambda$runLoop$3(WinApplication.java:174)
	at java.base/java.lang.Thread.run(Thread.java:834)

10:25:34.168 [JavaFX Application Thread] FATAL FXGLApplication      - Application will now exit
10:25:34.170 [JavaFX Application Thread] DEBUG PrimaryStageWindow   - Push state: ErrorSubScene
10:25:34.170 [JavaFX Application Thread] DEBUG Input                - Clearing active input actions
10:25:34.171 [JavaFX Application Thread] DEBUG GameApplicationServi - Removing overlay from GameScene and adding to ErrorSubScene
10:25:34.171 [JavaFX Application Thread] DEBUG PrimaryStageWindow   - GameScene -> ErrorSubScene
10:25:37.265 [TCPServer_RecvThread-1   ] DEBUG Endpoint             - Connection 1 was unexpectedly disconnected: Connection reset
10:25:37.266 [TCPServer_RecvThread-1   ] DEBUG Connection           - Closing connection 1
10:25:37.267 [TCPServer_RecvThread-1   ] DEBUG Connection           - Connection 1 was correctly closed from local endpoint.
10:25:37.267 [TCPServer_RecvThread-1   ] DEBUG Endpoint             - TCPServer connection (1) was closed
10:25:37.703 [JavaFX Application Thread] DEBUG FXGLApplication      - Exiting FXGL
10:25:37.703 [JavaFX Application Thread] DEBUG Async                - Shutting down background threads
10:25:37.703 [JavaFX Application Thread] DEBUG PrimaryStageWindow   - Closing main window
10:25:37.715 [JavaFX Application Thread] DEBUG Logger               - Closing Logger
