00:48:48.722 [main                     ] DEBUG Logger               - Configured Logger
00:48:48.725 [main                     ] DEBUG GameApplication      - Logging settings
Title: Flatline: Oregon
Version: Alpha 0.3
Width: 800
Height: 600
Fullscreen: false
Intro: false
Profiling: false
Single step:false
App Mode: DEVELOPER
Menu Key: ESCAPE
Stage Style: DECORATED
Scene Factory: class com.groupfour.mygame.App$1

00:48:49.032 [JavaFX Application Thread] DEBUG FXGLApplication      - Initializing FXGL
00:48:49.033 [JavaFX Application Thread] INFO  Engine               - FXGL-dev-SNAPSHOT (28.07.2021 16.39) on WINDOWS (J:21.0.4 FX:16)
00:48:49.034 [JavaFX Application Thread] DEBUG Engine               - JRE Vendor Name: Eclipse Adoptium
00:48:49.034 [JavaFX Application Thread] DEBUG Engine               - Running on OS: Windows 11 version 10.0
00:48:49.034 [JavaFX Application Thread] DEBUG Engine               - Architecture: amd64
00:48:49.034 [JavaFX Application Thread] INFO  Engine               - Source code and latest versions at: https://github.com/AlmasB/FXGL
00:48:49.035 [JavaFX Application Thread] INFO  Engine               -              Join the FXGL chat at: https://gitter.im/AlmasB/FXGL
00:48:49.121 [JavaFX Application Thread] DEBUG PrimaryStageWindow   - Creating a JavaFX scene
00:48:49.167 [JavaFX Application Thread] DEBUG PrimaryStageWindow   - Target settings size: 800.0 x 600.0
00:48:49.168 [JavaFX Application Thread] DEBUG PrimaryStageWindow   - Scaled scene size:    800.0 x 600.0
00:48:49.168 [JavaFX Application Thread] DEBUG PrimaryStageWindow   - Scaled ratio: (1.0, 1.0)
00:48:49.168 [JavaFX Application Thread] DEBUG PrimaryStageWindow   - Set initial scene to FXGLStartupScene
00:48:49.177 [JavaFX Application Thread] DEBUG PrimaryStageWindow   - Opening main window
00:48:49.239 [JavaFX Application Thread] DEBUG PrimaryStageWindow   - Window border size: (16.0, 39.0)
00:48:49.240 [JavaFX Application Thread] DEBUG PrimaryStageWindow   - Scaled size: 800.0 x 600.0
00:48:49.240 [JavaFX Application Thread] DEBUG PrimaryStageWindow   - Scaled ratio: (1.0, 1.0)
00:48:49.240 [JavaFX Application Thread] DEBUG PrimaryStageWindow   - Scene size: 800.0 x 600.0
00:48:49.240 [JavaFX Application Thread] DEBUG PrimaryStageWindow   - Stage size: 816.0 x 639.0
00:48:49.246 [FXGL Background Thread 1 ] DEBUG Engine               - Initializing environment variables
00:48:49.300 [FXGL Background Thread 1 ] DEBUG FXGLAssetLoaderServi - User app class for loading assets: class com.groupfour.mygame.App
00:48:49.300 [FXGL Background Thread 1 ] DEBUG GameApplicationServi - Applying CSS: fxgl_dark.css
00:48:49.301 [FXGL Background Thread 1 ] DEBUG FXGLAssetLoaderServi - Loading from file system: jar:file:///C:/Users/Cent/.m2/repository/com/github/almasb/fxgl/dev-SNAPSHOT/fxgl-dev-SNAPSHOT.jar!/fxglassets/ui/css/fxgl_dark.css
00:48:49.343 [FXGL Background Thread 1 ] DEBUG GameApplicationServi - Initializing application scenes
00:48:49.383 [FXGL Background Thread 1 ] DEBUG GameWorld            - Game world initialized
00:48:49.439 [FXGL Background Thread 1 ] DEBUG PhysicsWorld         - Physics world initialized: appHeight=600, physics.ppm=50.0
00:48:49.440 [FXGL Background Thread 1 ] DEBUG PhysicsWorld         - Using strategy: BRUTE_FORCE
00:48:49.442 [FXGL Background Thread 1 ] DEBUG GameScene            - Game scene initialized: 800x600
00:48:49.450 [FXGL Background Thread 1 ] DEBUG FXGL.DefaultMenu     - createMenuBodyMainMenu()
00:48:49.461 [FXGL Background Thread 1 ] DEBUG FXGL.DefaultMenu     - createOptionsMenu()
00:48:49.468 [FXGL Background Thread 1 ] DEBUG FXGLAssetLoaderServi - Loading from file system: jar:file:///C:/Users/Cent/.m2/repository/com/github/almasb/fxgl/dev-SNAPSHOT/fxgl-dev-SNAPSHOT.jar!/fxglassets/textures/particles/smoke.png
00:48:49.565 [FXGL Background Thread 1 ] DEBUG FXGLAssetLoaderServi - Loading from file system: jar:file:///C:/Users/Cent/.m2/repository/com/github/almasb/fxgl/dev-SNAPSHOT/fxgl-dev-SNAPSHOT.jar!/fxglassets/textures/particles/trace_horizontal.png
00:48:49.595 [FXGL Background Thread 1 ] DEBUG GameApplicationServi - Application scenes initialized
00:48:49.606 [FXGL Background Thread 1 ] DEBUG SystemBundleService  - Loading FXGL system data
00:48:49.611 [FXGL Background Thread 1 ] DEBUG FileSystemAccess     - Reading from: c:\Users\Cent\Desktop\CSS124L-LE\CSS124L-FinalExam\CSS124L-FINAL-PROJECT\system\fxgl.bundle
00:48:49.620 [FXGL Background Thread 1 ] DEBUG SystemBundleService  - Bundle FXGL: {}
00:48:49.621 [FXGL Background Thread 1 ] DEBUG UpdaterService       - Checking for updates
00:48:49.646 [FXGL Background Thread 4 ] DEBUG FXGLApplication      - Loading fonts
00:48:49.646 [FXGL Background Thread 1 ] DEBUG FXGLApplication      - Loading default localization
00:48:49.646 [FXGL Background Thread 1 ] DEBUG FXGLAssetLoaderServi - Loading from file system: jar:file:///C:/Users/Cent/.m2/repository/com/github/almasb/fxgl/dev-SNAPSHOT/fxgl-dev-SNAPSHOT.jar!/fxglassets/languages/english.lang
00:48:49.647 [FXGL Background Thread 4 ] DEBUG FXGLAssetLoaderServi - Loading from file system: jar:file:///C:/Users/Cent/.m2/repository/com/github/almasb/fxgl/dev-SNAPSHOT/fxgl-dev-SNAPSHOT.jar!/fxglassets/ui/fonts/VarelaRound-Regular.ttf
00:48:49.661 [FXGL Background Thread 1 ] INFO  FXGLApplication      - FXGL initialization took: 0.414 sec
00:48:49.674 [JavaFX Application Thread] DEBUG Input                - Registered new binding: Move Upwards - W
00:48:49.674 [JavaFX Application Thread] DEBUG Input                - Registered new binding: Move Down - S
00:48:49.675 [JavaFX Application Thread] DEBUG Input                - Registered new binding: Move Left - A
00:48:49.675 [JavaFX Application Thread] DEBUG Input                - Registered new binding: Move Right - D
00:48:49.675 [JavaFX Application Thread] DEBUG Input                - Registered new binding: Reload - R
00:48:49.677 [JavaFX Application Thread] DEBUG Input                - Registered new binding: Shoot - LMB
00:48:49.677 [JavaFX Application Thread] DEBUG Input                - Registered new binding: Switch Weapons - Q
00:48:49.677 [JavaFX Application Thread] DEBUG Input                - Registered new binding: Interact - F
00:48:49.678 [JavaFX Application Thread] DEBUG FXGLAssetLoaderServi - Loading from file system: jar:file:///C:/Users/Cent/.m2/repository/com/github/almasb/fxgl/dev-SNAPSHOT/fxgl-dev-SNAPSHOT.jar!/fxglassets/textures/fxgl_icon.png
00:48:49.683 [FXGL Background Thread 4 ] DEBUG FXGLAssetLoaderServi - Loading from file system: jar:file:///C:/Users/Cent/.m2/repository/com/github/almasb/fxgl/dev-SNAPSHOT/fxgl-dev-SNAPSHOT.jar!/fxglassets/ui/fonts/Abel-Regular.ttf
00:48:49.687 [FXGL Background Thread 4 ] DEBUG FXGLAssetLoaderServi - Loading from file system: jar:file:///C:/Users/Cent/.m2/repository/com/github/almasb/fxgl/dev-SNAPSHOT/fxgl-dev-SNAPSHOT.jar!/fxglassets/ui/fonts/lucida_console.ttf
00:48:49.691 [FXGL Background Thread 4 ] DEBUG FXGLAssetLoaderServi - Loading from file system: jar:file:///C:/Users/Cent/.m2/repository/com/github/almasb/fxgl/dev-SNAPSHOT/fxgl-dev-SNAPSHOT.jar!/fxglassets/ui/fonts/Courier-Prime.ttf
00:48:49.699 [JavaFX Application Thread] DEBUG FXGLAssetLoaderServi - Loading from file system: jar:file:///C:/Users/Cent/.m2/repository/com/github/almasb/fxgl/dev-SNAPSHOT/fxgl-dev-SNAPSHOT.jar!/fxglassets/textures/fxgl_default_cursor.png
00:48:49.701 [JavaFX Application Thread] DEBUG Input                - Registered new binding: Screenshot - CTRL+8
00:48:49.702 [JavaFX Application Thread] DEBUG Input                - Registered new binding: Dev Options - 1
00:48:49.702 [JavaFX Application Thread] DEBUG Input                - Registered new binding: Dev Console - 2
00:48:49.703 [JavaFX Application Thread] DEBUG Input                - Registered new binding: System info dump - CTRL+9
00:48:49.703 [JavaFX Application Thread] DEBUG Input                - Registered new binding: Restart - CTRL+R
00:48:49.704 [JavaFX Application Thread] DEBUG Input                - Registered new binding: Toggle Debug Camera - CTRL+C
00:48:49.708 [JavaFX Application Thread] DEBUG LoopRunner           - Starting loop
00:48:49.721 [JavaFX Application Thread] DEBUG LoopRunner           - Initializing JavaFX AnimationTimerLoop
00:48:49.724 [JavaFX Application Thread] DEBUG Input                - Clearing active input actions
00:48:49.730 [JavaFX Application Thread] DEBUG GameApplicationServi - Removing overlay from FXGLStartupScene and adding to FXGLMainMenuDummyScene
00:48:49.739 [JavaFX Application Thread] DEBUG PrimaryStageWindow   - FXGLStartupScene -> FXGLMainMenuDummyScene
00:48:49.739 [JavaFX Application Thread] DEBUG PrimaryStageWindow   - Push state: FXGLDefaultMenu
00:48:49.756 [JavaFX Application Thread] DEBUG Input                - Clearing active input actions
00:48:49.765 [JavaFX Application Thread] DEBUG GameApplicationServi - Removing overlay from FXGLMainMenuDummyScene and adding to FXGLDefaultMenu
00:48:49.766 [JavaFX Application Thread] DEBUG PrimaryStageWindow   - FXGLMainMenuDummyScene -> FXGLDefaultMenu
00:48:49.772 [JavaFX Application Thread] DEBUG FXGLApplication      - Registering font factories with UI factory
00:48:50.280 [FXGL Background Thread 2 ] INFO  UpdaterService       - Your current version:  dev-SNAPSHOT
00:48:50.280 [FXGL Background Thread 2 ] INFO  UpdaterService       - Latest stable version: 21.1
00:48:51.118 [JavaFX Application Thread] DEBUG FXGLApplication      - Exiting FXGL
00:48:51.118 [JavaFX Application Thread] DEBUG LoopRunner           - Stopping loop
00:48:51.118 [JavaFX Application Thread] DEBUG SystemBundleService  - Saving FXGL system data
00:48:51.120 [JavaFX Application Thread] DEBUG FileSystemAccess     - Writing to: c:\Users\Cent\Desktop\CSS124L-LE\CSS124L-FinalExam\CSS124L-FINAL-PROJECT\system\fxgl.bundle
00:48:51.122 [JavaFX Application Thread] DEBUG Async                - Shutting down background threads
00:48:51.123 [JavaFX Application Thread] DEBUG PrimaryStageWindow   - Closing main window
00:48:51.143 [JavaFX Application Thread] DEBUG Logger               - Closing Logger
