13:07:03.357 [main                     ] DEBUG Logger               - Configured Logger
13:07:03.377 [main                     ] DEBUG GameApplication      - Logging settings
Title: Flatline: Oregon
Version: Alpha 0.3
Width: 800
Height: 600
Fullscreen: false
Intro: false
Profiling: false
Single step:false
App Mode: DEVELOPER
Menu Key: ESCAPE
Stage Style: DECORATED
Scene Factory: class com.groupfour.mygame.App$1

13:07:03.652 [JavaFX Application Thread] DEBUG FXGLApplication      - Initializing FXGL
13:07:03.653 [JavaFX Application Thread] INFO  Engine               - FXGL-dev-SNAPSHOT (28.07.2021 16.39) on WINDOWS (J:11.0.22 FX:16)
13:07:03.654 [JavaFX Application Thread] DEBUG Engine               - JRE Vendor Name: Oracle Corporation
13:07:03.654 [JavaFX Application Thread] DEBUG Engine               - Running on OS: Windows 11 version 10.0
13:07:03.654 [JavaFX Application Thread] DEBUG Engine               - Architecture: amd64
13:07:03.655 [JavaFX Application Thread] INFO  Engine               - Source code and latest versions at: https://github.com/AlmasB/FXGL
13:07:03.655 [JavaFX Application Thread] INFO  Engine               -              Join the FXGL chat at: https://gitter.im/AlmasB/FXGL
13:07:03.709 [JavaFX Application Thread] DEBUG PrimaryStageWindow   - Creating a JavaFX scene
13:07:03.746 [JavaFX Application Thread] DEBUG PrimaryStageWindow   - Target settings size: 800.0 x 600.0
13:07:03.746 [JavaFX Application Thread] DEBUG PrimaryStageWindow   - Scaled scene size:    800.0 x 600.0
13:07:03.746 [JavaFX Application Thread] DEBUG PrimaryStageWindow   - Scaled ratio: (1.0, 1.0)
13:07:03.747 [JavaFX Application Thread] DEBUG PrimaryStageWindow   - Set initial scene to FXGLStartupScene
13:07:03.750 [JavaFX Application Thread] DEBUG PrimaryStageWindow   - Opening main window
13:07:03.808 [JavaFX Application Thread] DEBUG PrimaryStageWindow   - Window border size: (14.4000244140625, 37.5999755859375)
13:07:03.808 [JavaFX Application Thread] DEBUG PrimaryStageWindow   - Scaled size: 800.0 x 600.0
13:07:03.808 [JavaFX Application Thread] DEBUG PrimaryStageWindow   - Scaled ratio: (1.0, 1.0)
13:07:03.808 [JavaFX Application Thread] DEBUG PrimaryStageWindow   - Scene size: 800.0 x 600.0
13:07:03.808 [JavaFX Application Thread] DEBUG PrimaryStageWindow   - Stage size: 814.4000244140625 x 637.5999755859375
13:07:03.813 [FXGL Background Thread 1 ] DEBUG Engine               - Initializing environment variables
13:07:03.844 [FXGL Background Thread 1 ] DEBUG FXGLAssetLoaderServi - User app class for loading assets: class com.groupfour.mygame.App
13:07:03.844 [FXGL Background Thread 1 ] DEBUG GameApplicationServi - Applying CSS: fxgl_dark.css
13:07:03.845 [FXGL Background Thread 1 ] DEBUG FXGLAssetLoaderServi - Loading from file system: jar:file:///C:/Users/acer/.m2/repository/com/github/almasb/fxgl/dev-SNAPSHOT/fxgl-dev-SNAPSHOT.jar!/fxglassets/ui/css/fxgl_dark.css
13:07:03.881 [FXGL Background Thread 1 ] DEBUG GameApplicationServi - Initializing application scenes
13:07:03.909 [FXGL Background Thread 1 ] DEBUG GameWorld            - Game world initialized
13:07:03.944 [FXGL Background Thread 1 ] DEBUG PhysicsWorld         - Physics world initialized: appHeight=600, physics.ppm=50.0
13:07:03.945 [FXGL Background Thread 1 ] DEBUG PhysicsWorld         - Using strategy: BRUTE_FORCE
13:07:03.947 [FXGL Background Thread 1 ] DEBUG GameScene            - Game scene initialized: 800x600
13:07:03.954 [FXGL Background Thread 1 ] DEBUG FXGL.DefaultMenu     - createMenuBodyMainMenu()
13:07:03.968 [FXGL Background Thread 1 ] DEBUG FXGL.DefaultMenu     - createOptionsMenu()
13:07:03.974 [FXGL Background Thread 1 ] DEBUG FXGLAssetLoaderServi - Loading from file system: jar:file:///C:/Users/acer/.m2/repository/com/github/almasb/fxgl/dev-SNAPSHOT/fxgl-dev-SNAPSHOT.jar!/fxglassets/textures/particles/smoke.png
13:07:04.050 [FXGL Background Thread 1 ] DEBUG FXGLAssetLoaderServi - Loading from file system: jar:file:///C:/Users/acer/.m2/repository/com/github/almasb/fxgl/dev-SNAPSHOT/fxgl-dev-SNAPSHOT.jar!/fxglassets/textures/particles/trace_horizontal.png
13:07:04.084 [FXGL Background Thread 1 ] DEBUG GameApplicationServi - Application scenes initialized
13:07:04.093 [FXGL Background Thread 1 ] DEBUG SystemBundleService  - Loading FXGL system data
13:07:04.096 [FXGL Background Thread 1 ] DEBUG FileSystemAccess     - Reading from: C:\Users\acer\OneDrive\Desktop\git pull\CSS124L-FINAL-PROJECT\system\fxgl.bundle
13:07:04.101 [FXGL Background Thread 1 ] DEBUG SystemBundleService  - Bundle FXGL: {}
13:07:04.101 [FXGL Background Thread 1 ] DEBUG UpdaterService       - Checking for updates
13:07:04.118 [FXGL Background Thread 1 ] DEBUG FXGLApplication      - Loading default localization
13:07:04.118 [FXGL Background Thread 4 ] DEBUG FXGLApplication      - Loading fonts
13:07:04.118 [FXGL Background Thread 1 ] DEBUG FXGLAssetLoaderServi - Loading from file system: jar:file:///C:/Users/acer/.m2/repository/com/github/almasb/fxgl/dev-SNAPSHOT/fxgl-dev-SNAPSHOT.jar!/fxglassets/languages/english.lang
13:07:04.118 [FXGL Background Thread 4 ] DEBUG FXGLAssetLoaderServi - Loading from file system: jar:file:///C:/Users/acer/.m2/repository/com/github/almasb/fxgl/dev-SNAPSHOT/fxgl-dev-SNAPSHOT.jar!/fxglassets/ui/fonts/VarelaRound-Regular.ttf
13:07:04.131 [FXGL Background Thread 1 ] INFO  FXGLApplication      - FXGL initialization took: 0.318 sec
13:07:04.142 [JavaFX Application Thread] DEBUG Input                - Registered new binding: Move Upwards - W
13:07:04.143 [JavaFX Application Thread] DEBUG Input                - Registered new binding: Move Down - S
13:07:04.143 [JavaFX Application Thread] DEBUG Input                - Registered new binding: Move Left - A
13:07:04.143 [JavaFX Application Thread] DEBUG Input                - Registered new binding: Move Right - D
13:07:04.143 [JavaFX Application Thread] DEBUG Input                - Registered new binding: Reload - R
13:07:04.143 [JavaFX Application Thread] DEBUG Input                - Registered new binding: Shoot - LMB
13:07:04.144 [JavaFX Application Thread] DEBUG Input                - Registered new binding: Switch Weapons - Q
13:07:04.144 [JavaFX Application Thread] DEBUG Input                - Registered new binding: Interact - F
13:07:04.144 [JavaFX Application Thread] DEBUG FXGLAssetLoaderServi - Loading from file system: jar:file:///C:/Users/acer/.m2/repository/com/github/almasb/fxgl/dev-SNAPSHOT/fxgl-dev-SNAPSHOT.jar!/fxglassets/textures/fxgl_icon.png
13:07:04.166 [JavaFX Application Thread] DEBUG FXGLAssetLoaderServi - Loading from file system: jar:file:///C:/Users/acer/.m2/repository/com/github/almasb/fxgl/dev-SNAPSHOT/fxgl-dev-SNAPSHOT.jar!/fxglassets/textures/fxgl_default_cursor.png
13:07:04.168 [JavaFX Application Thread] DEBUG Input                - Registered new binding: Screenshot - CTRL+8
13:07:04.169 [JavaFX Application Thread] DEBUG Input                - Registered new binding: Dev Options - 1
13:07:04.169 [JavaFX Application Thread] DEBUG Input                - Registered new binding: Dev Console - 2
13:07:04.169 [JavaFX Application Thread] DEBUG Input                - Registered new binding: System info dump - CTRL+9
13:07:04.170 [JavaFX Application Thread] DEBUG Input                - Registered new binding: Restart - CTRL+R
13:07:04.170 [JavaFX Application Thread] DEBUG Input                - Registered new binding: Toggle Debug Camera - CTRL+C
13:07:04.173 [JavaFX Application Thread] DEBUG LoopRunner           - Starting loop
13:07:04.183 [JavaFX Application Thread] DEBUG LoopRunner           - Initializing JavaFX AnimationTimerLoop
13:07:04.185 [JavaFX Application Thread] DEBUG Input                - Clearing active input actions
13:07:04.192 [JavaFX Application Thread] DEBUG GameApplicationServi - Removing overlay from FXGLStartupScene and adding to FXGLMainMenuDummyScene
13:07:04.196 [JavaFX Application Thread] DEBUG PrimaryStageWindow   - FXGLStartupScene -> FXGLMainMenuDummyScene
13:07:04.196 [JavaFX Application Thread] DEBUG PrimaryStageWindow   - Push state: FXGLDefaultMenu
13:07:04.200 [JavaFX Application Thread] DEBUG Input                - Clearing active input actions
13:07:04.208 [JavaFX Application Thread] DEBUG GameApplicationServi - Removing overlay from FXGLMainMenuDummyScene and adding to FXGLDefaultMenu
13:07:04.209 [JavaFX Application Thread] DEBUG PrimaryStageWindow   - FXGLMainMenuDummyScene -> FXGLDefaultMenu
13:07:04.487 [FXGL Background Thread 4 ] DEBUG FXGLAssetLoaderServi - Loading from file system: jar:file:///C:/Users/acer/.m2/repository/com/github/almasb/fxgl/dev-SNAPSHOT/fxgl-dev-SNAPSHOT.jar!/fxglassets/ui/fonts/Abel-Regular.ttf
13:07:04.493 [FXGL Background Thread 4 ] DEBUG FXGLAssetLoaderServi - Loading from file system: jar:file:///C:/Users/acer/.m2/repository/com/github/almasb/fxgl/dev-SNAPSHOT/fxgl-dev-SNAPSHOT.jar!/fxglassets/ui/fonts/lucida_console.ttf
13:07:04.499 [FXGL Background Thread 4 ] DEBUG FXGLAssetLoaderServi - Loading from file system: jar:file:///C:/Users/acer/.m2/repository/com/github/almasb/fxgl/dev-SNAPSHOT/fxgl-dev-SNAPSHOT.jar!/fxglassets/ui/fonts/Courier-Prime.ttf
13:07:04.505 [JavaFX Application Thread] DEBUG FXGLApplication      - Registering font factories with UI factory
13:07:04.758 [FXGL Background Thread 2 ] INFO  UpdaterService       - Your current version:  dev-SNAPSHOT
13:07:04.759 [FXGL Background Thread 2 ] INFO  UpdaterService       - Latest stable version: 21.1
13:07:07.114 [JavaFX Application Thread] DEBUG Menu                 - fireNewGame()
13:07:07.114 [JavaFX Application Thread] DEBUG GameApplicationServi - Starting new game
13:07:07.115 [JavaFX Application Thread] DEBUG PrimaryStageWindow   - Pop state: FXGLDefaultMenu
13:07:07.116 [JavaFX Application Thread] DEBUG Input                - Clearing active input actions
13:07:07.117 [JavaFX Application Thread] DEBUG GameApplicationServi - Removing overlay from FXGLDefaultMenu and adding to FXGLMainMenuDummyScene
13:07:07.117 [JavaFX Application Thread] DEBUG PrimaryStageWindow   - FXGLMainMenuDummyScene <- FXGLDefaultMenu
13:07:07.118 [JavaFX Application Thread] DEBUG Input                - Clearing active input actions
13:07:07.118 [FXGL Background Thread 3 ] DEBUG Engine               - Logging environment variables
13:07:07.118 [FXGL Background Thread 3 ] DEBUG Engine               - achievements: []
13:07:07.118 [FXGL Background Thread 3 ] DEBUG Engine               - actualHeight: 600.0
13:07:07.118 [FXGL Background Thread 3 ] DEBUG Engine               - actualHeightProperty: ReadOnlyDoubleProperty [value: 600.0]
13:07:07.119 [FXGL Background Thread 3 ] DEBUG Engine               - actualWidth: 800.0
13:07:07.119 [FXGL Background Thread 3 ] DEBUG Engine               - actualWidthProperty: ReadOnlyDoubleProperty [value: 800.0]
13:07:07.119 [FXGL Background Thread 3 ] DEBUG Engine               - appIcon: fxgl_icon.png
13:07:07.119 [FXGL Background Thread 3 ] DEBUG Engine               - applicationMode: DEVELOPER
13:07:07.119 [FXGL Background Thread 3 ] DEBUG Engine               - cSSList: [fxgl_dark.css]
13:07:07.119 [FXGL Background Thread 3 ] DEBUG Engine               - collisionDetectionStrategy: BRUTE_FORCE
13:07:07.119 [FXGL Background Thread 3 ] DEBUG Engine               - configClass: Optional.empty
13:07:07.119 [FXGL Background Thread 3 ] DEBUG Engine               - credits: []
13:07:07.119 [FXGL Background Thread 3 ] DEBUG Engine               - defaultCursor: CursorInfo(imageName=fxgl_default_cursor.png, hotspotX=7.0, hotspotY=6.0)
13:07:07.120 [FXGL Background Thread 3 ] DEBUG Engine               - devBBoxColorProperty: ObjectProperty [value: 0xff0000ff]
13:07:07.120 [FXGL Background Thread 3 ] DEBUG Engine               - devEnableDebugCameraProperty: BooleanProperty [value: false]
13:07:07.120 [FXGL Background Thread 3 ] DEBUG Engine               - devSensorColorProperty: ObjectProperty [value: 0xffff00ff]
13:07:07.120 [FXGL Background Thread 3 ] DEBUG Engine               - devShowBBoxProperty: BooleanProperty [value: false]
13:07:07.120 [FXGL Background Thread 3 ] DEBUG Engine               - devShowPositionProperty: BooleanProperty [value: false]
13:07:07.120 [FXGL Background Thread 3 ] DEBUG Engine               - enabledMenuItems: []
13:07:07.120 [FXGL Background Thread 3 ] DEBUG Engine               - engineServices: [class com.almasb.fxgl.app.services.FXGLAssetLoaderService, class com.almasb.fxgl.app.FXGLApplication$GameApplicationService, class com.almasb.fxgl.app.services.FXGLDialogService, class com.almasb.fxgl.app.services.IOTaskExecutorService, class com.almasb.fxgl.io.FileSystemService, class com.almasb.fxgl.localization.LocalizationService, class com.almasb.fxgl.app.services.SystemBundleService, class com.almasb.fxgl.profile.SaveLoadService, class com.almasb.fxgl.ui.FXGLUIFactoryServiceProvider, class com.almasb.fxgl.ui.FXGLDialogFactoryServiceProvider, class com.almasb.fxgl.audio.AudioPlayer, class com.almasb.fxgl.notification.impl.NotificationServiceProvider, class com.almasb.fxgl.achievement.AchievementService, class com.almasb.fxgl.cutscene.CutsceneService, class com.almasb.fxgl.minigames.MiniGameService, class com.almasb.fxgl.net.NetService, class com.almasb.fxgl.app.services.UpdaterService, class com.almasb.fxgl.dev.DevService, class com.almasb.fxgl.multiplayer.MultiplayerService]
13:07:07.121 [FXGL Background Thread 3 ] DEBUG Engine               - fontGame: Abel-Regular.ttf
13:07:07.121 [FXGL Background Thread 3 ] DEBUG Engine               - fontMono: lucida_console.ttf
13:07:07.121 [FXGL Background Thread 3 ] DEBUG Engine               - fontText: Courier-Prime.ttf
13:07:07.121 [FXGL Background Thread 3 ] DEBUG Engine               - fontUI: VarelaRound-Regular.ttf
13:07:07.121 [FXGL Background Thread 3 ] DEBUG Engine               - fullScreen: BooleanProperty [value: false]
13:07:07.121 [FXGL Background Thread 3 ] DEBUG Engine               - gameDifficulty: MEDIUM
13:07:07.121 [FXGL Background Thread 3 ] DEBUG Engine               - gameDifficultyProperty: ObjectProperty [value: MEDIUM]
13:07:07.121 [FXGL Background Thread 3 ] DEBUG Engine               - globalMusicVolume: 0.5
13:07:07.121 [FXGL Background Thread 3 ] DEBUG Engine               - globalMusicVolumeProperty: DoubleProperty [value: 0.5]
13:07:07.121 [FXGL Background Thread 3 ] DEBUG Engine               - globalSoundVolume: 0.5
13:07:07.122 [FXGL Background Thread 3 ] DEBUG Engine               - globalSoundVolumeProperty: DoubleProperty [value: 0.5]
13:07:07.122 [FXGL Background Thread 3 ] DEBUG Engine               - height: 600
13:07:07.122 [FXGL Background Thread 3 ] DEBUG Engine               - is3D: false
13:07:07.122 [FXGL Background Thread 3 ] DEBUG Engine               - isAndroid: false
13:07:07.122 [FXGL Background Thread 3 ] DEBUG Engine               - isBrowser: false
13:07:07.122 [FXGL Background Thread 3 ] DEBUG Engine               - isClickFeedbackEnabled: false
13:07:07.122 [FXGL Background Thread 3 ] DEBUG Engine               - isCloseConfirmation: false
13:07:07.122 [FXGL Background Thread 3 ] DEBUG Engine               - isDesktop: true
13:07:07.122 [FXGL Background Thread 3 ] DEBUG Engine               - isDeveloperMenuEnabled: true
13:07:07.122 [FXGL Background Thread 3 ] DEBUG Engine               - isEmbedded: false
13:07:07.122 [FXGL Background Thread 3 ] DEBUG Engine               - isEntityPreloadEnabled: true
13:07:07.122 [FXGL Background Thread 3 ] DEBUG Engine               - isExperimentalTiledLargeMap: false
13:07:07.122 [FXGL Background Thread 3 ] DEBUG Engine               - isFileSystemWriteAllowed: true
13:07:07.122 [FXGL Background Thread 3 ] DEBUG Engine               - isFullScreenAllowed: false
13:07:07.123 [FXGL Background Thread 3 ] DEBUG Engine               - isFullScreenFromStart: false
13:07:07.123 [FXGL Background Thread 3 ] DEBUG Engine               - isGameMenuEnabled: true
13:07:07.123 [FXGL Background Thread 3 ] DEBUG Engine               - isIOS: false
13:07:07.123 [FXGL Background Thread 3 ] DEBUG Engine               - isIntroEnabled: false
13:07:07.123 [JavaFX Application Thread] DEBUG GameApplicationServi - Removing overlay from FXGLMainMenuDummyScene and adding to FXGLLoadingScene
13:07:07.123 [FXGL Background Thread 3 ] DEBUG Engine               - isLinux: false
13:07:07.123 [FXGL Background Thread 3 ] DEBUG Engine               - isMac: false
13:07:07.123 [FXGL Background Thread 3 ] DEBUG Engine               - isMainMenuEnabled: true
13:07:07.123 [FXGL Background Thread 3 ] DEBUG Engine               - isManualResizeEnabled: false
13:07:07.123 [FXGL Background Thread 3 ] DEBUG Engine               - isMobile: false
13:07:07.123 [FXGL Background Thread 3 ] DEBUG Engine               - isNative: false
13:07:07.123 [JavaFX Application Thread] DEBUG PrimaryStageWindow   - FXGLMainMenuDummyScene -> FXGLLoadingScene
13:07:07.123 [FXGL Background Thread 3 ] DEBUG Engine               - isPauseMusicWhenMinimized: true
13:07:07.123 [JavaFX Application Thread] DEBUG GameApplicationServi - Clearing previous game
13:07:07.123 [JavaFX Application Thread] DEBUG GameScene            - Clearing game scene
13:07:07.123 [FXGL Background Thread 3 ] DEBUG Engine               - isPreserveResizeRatio: false
13:07:07.123 [JavaFX Application Thread] DEBUG GameWorld            - Clearing game world
13:07:07.123 [FXGL Background Thread 3 ] DEBUG Engine               - isProfilingEnabled: false
13:07:07.123 [JavaFX Application Thread] DEBUG PhysicsWorld         - Clearing physics world
13:07:07.124 [FXGL Background Thread 3 ] DEBUG Engine               - isScaleAffectedOnResize: true
13:07:07.124 [FXGL Background Thread 3 ] DEBUG Engine               - isSingleStep: false
13:07:07.124 [FXGL Background Thread 3 ] DEBUG Engine               - isUserProfileEnabled: false
13:07:07.124 [FXGL Background Thread 3 ] DEBUG Engine               - isWindows: true
13:07:07.124 [FXGL Background Thread 3 ] DEBUG Engine               - language: ObjectProperty [value: ENGLISH]
13:07:07.124 [FXGL Background Thread 3 ] DEBUG Engine               - menuKey: ESCAPE
13:07:07.124 [FXGL Background Thread 3 ] DEBUG Engine               - mouseSensitivity: 0.2
13:07:07.124 [FXGL Background Thread 3 ] DEBUG Engine               - notificationViewClass: class com.almasb.fxgl.notification.view.XboxNotificationView
13:07:07.124 [FXGL Background Thread 3 ] DEBUG Engine               - pixelsPerMeter: 50.0
13:07:07.124 [FXGL Background Thread 3 ] DEBUG Engine               - platform: WINDOWS
13:07:07.124 [FXGL Background Thread 3 ] DEBUG Engine               - prefHeightProperty: ReadOnlyDoubleProperty [value: 600.0]
13:07:07.124 [FXGL Background Thread 2 ] DEBUG FXGLApplication      - Initializing game
13:07:07.124 [FXGL Background Thread 3 ] DEBUG Engine               - prefWidthProperty: ReadOnlyDoubleProperty [value: 800.0]
13:07:07.124 [FXGL Background Thread 3 ] DEBUG Engine               - profileDir: profiles/
13:07:07.124 [FXGL Background Thread 3 ] DEBUG Engine               - profileName: StringProperty [value: DEFAULT]
13:07:07.124 [FXGL Background Thread 3 ] DEBUG Engine               - randomSeed: -1
13:07:07.125 [FXGL Background Thread 3 ] DEBUG Engine               - runtimeInfo: RuntimeInfo(platform=WINDOWS, version=dev-SNAPSHOT, build=28.07.2021 16.39)
13:07:07.125 [FXGL Background Thread 3 ] DEBUG Engine               - saveFileExt: sav
13:07:07.125 [FXGL Background Thread 3 ] DEBUG Engine               - scaledHeightProp$fxgl: DoubleProperty [bound, value: 600.0]
13:07:07.125 [FXGL Background Thread 3 ] DEBUG Engine               - scaledWidthProp$fxgl: DoubleProperty [bound, value: 800.0]
13:07:07.125 [FXGL Background Thread 3 ] DEBUG Engine               - sceneFactory: com.groupfour.mygame.App$1@42462600
13:07:07.125 [FXGL Background Thread 3 ] DEBUG Engine               - secondsIn24h: 60
13:07:07.125 [FXGL Background Thread 3 ] DEBUG Engine               - soundMenuBack: menu/back.wav
13:07:07.125 [FXGL Background Thread 3 ] DEBUG Engine               - soundMenuPress: menu/press.wav
13:07:07.125 [FXGL Background Thread 3 ] DEBUG Engine               - soundMenuSelect: menu/select.wav
13:07:07.125 [FXGL Background Thread 3 ] DEBUG Engine               - soundNotification: core/notification.wav
13:07:07.125 [FXGL Background Thread 3 ] DEBUG Engine               - stageStyle: DECORATED
13:07:07.125 [FXGL Background Thread 3 ] DEBUG Engine               - supportedLanguages: [ENGLISH, FRENCH, GERMAN, HUNGARIAN, RUSSIAN]
13:07:07.126 [FXGL Background Thread 3 ] DEBUG Engine               - ticksPerSecond: -1
13:07:07.126 [FXGL Background Thread 3 ] DEBUG Engine               - title: Flatline: Oregon
13:07:07.126 [FXGL Background Thread 3 ] DEBUG Engine               - urlGithub: https://github.com/AlmasB/FXGL
13:07:07.126 [FXGL Background Thread 3 ] DEBUG Engine               - urlLeaderboard: http://fxgl-top.herokuapp.com/
13:07:07.126 [FXGL Background Thread 3 ] DEBUG Engine               - urlPOM: https://raw.githubusercontent.com/AlmasB/FXGL/release/README.md
13:07:07.126 [FXGL Background Thread 3 ] DEBUG Engine               - userAppClass: class com.groupfour.mygame.App
13:07:07.126 [FXGL Background Thread 3 ] DEBUG Engine               - version: Alpha 0.3
13:07:07.126 [FXGL Background Thread 3 ] DEBUG Engine               - versionCheckDays: 7
13:07:07.126 [FXGL Background Thread 3 ] DEBUG Engine               - width: 800
13:07:07.126 [FXGL Background Thread 3 ] DEBUG Engine               - Logging services
13:07:07.126 [FXGL Background Thread 3 ] DEBUG Engine               - class com.almasb.fxgl.app.services.FXGLAssetLoaderService
13:07:07.126 [FXGL Background Thread 3 ] DEBUG Engine               - class com.almasb.fxgl.app.FXGLApplication$GameApplicationService
13:07:07.126 [FXGL Background Thread 3 ] DEBUG Engine               - class com.almasb.fxgl.app.services.FXGLDialogService
13:07:07.126 [FXGL Background Thread 3 ] DEBUG Engine               - class com.almasb.fxgl.app.services.IOTaskExecutorService
13:07:07.127 [FXGL Background Thread 3 ] DEBUG Engine               - class com.almasb.fxgl.io.FileSystemService
13:07:07.127 [FXGL Background Thread 3 ] DEBUG Engine               - class com.almasb.fxgl.localization.LocalizationService
13:07:07.127 [FXGL Background Thread 3 ] DEBUG Engine               - class com.almasb.fxgl.app.services.SystemBundleService
13:07:07.127 [FXGL Background Thread 3 ] DEBUG Engine               - class com.almasb.fxgl.profile.SaveLoadService
13:07:07.127 [FXGL Background Thread 3 ] DEBUG Engine               - class com.almasb.fxgl.ui.FXGLUIFactoryServiceProvider
13:07:07.127 [FXGL Background Thread 3 ] DEBUG Engine               - class com.almasb.fxgl.ui.FXGLDialogFactoryServiceProvider
13:07:07.127 [FXGL Background Thread 3 ] DEBUG Engine               - class com.almasb.fxgl.audio.AudioPlayer
13:07:07.127 [FXGL Background Thread 3 ] DEBUG Engine               - class com.almasb.fxgl.notification.impl.NotificationServiceProvider
13:07:07.127 [FXGL Background Thread 3 ] DEBUG Engine               - class com.almasb.fxgl.achievement.AchievementService
13:07:07.127 [FXGL Background Thread 3 ] DEBUG Engine               - class com.almasb.fxgl.cutscene.CutsceneService
13:07:07.128 [FXGL Background Thread 3 ] DEBUG Engine               - class com.almasb.fxgl.minigames.MiniGameService
13:07:07.128 [FXGL Background Thread 3 ] DEBUG Engine               - class com.almasb.fxgl.net.NetService
13:07:07.128 [FXGL Background Thread 3 ] DEBUG Engine               - class com.almasb.fxgl.app.services.UpdaterService
13:07:07.128 [FXGL Background Thread 3 ] DEBUG Engine               - class com.almasb.fxgl.dev.DevService
13:07:07.128 [FXGL Background Thread 3 ] DEBUG Engine               - class com.almasb.fxgl.multiplayer.MultiplayerService
13:07:07.154 [FXGL Background Thread 2 ] DEBUG FXGLAssetLoaderServi - Loading from file system: file:/C:/Users/acer/OneDrive/Desktop/git%20pull/CSS124L-FINAL-PROJECT/fp/target/classes/assets/textures/Players/1P_Idle.png
13:07:07.156 [FXGL Background Thread 2 ] DEBUG FXGLAssetLoaderServi - Loading from file system: file:/C:/Users/acer/OneDrive/Desktop/git%20pull/CSS124L-FINAL-PROJECT/fp/target/classes/assets/textures/Players/1P_Walk.gif
13:07:07.161 [FXGL Background Thread 2 ] DEBUG FXGLAssetLoaderServi - Loading from file system: file:/C:/Users/acer/OneDrive/Desktop/git%20pull/CSS124L-FINAL-PROJECT/fp/target/classes/assets/textures/Players/1P_Shoot.gif
13:07:07.191 [FXGL Background Thread 2 ] INFO  FXGLApplication      - Game initialization took: 0.066 sec
13:07:07.294 [JavaFX Application Thread] DEBUG Input                - Clearing active input actions
13:07:07.299 [JavaFX Application Thread] DEBUG GameApplicationServi - Removing overlay from FXGLLoadingScene and adding to GameScene
13:07:07.301 [JavaFX Application Thread] DEBUG PrimaryStageWindow   - FXGLLoadingScene -> GameScene
13:07:07.332 [JavaFX Application Thread] DEBUG PrimaryStageWindow   - Push state: PlayerCountMenu
13:07:07.332 [JavaFX Application Thread] DEBUG Input                - Clearing active input actions
13:07:07.332 [JavaFX Application Thread] DEBUG GameApplicationServi - Removing overlay from GameScene and adding to PlayerCountMenu
13:07:07.333 [JavaFX Application Thread] DEBUG PrimaryStageWindow   - GameScene -> PlayerCountMenu
13:07:08.014 [JavaFX Application Thread] DEBUG PrimaryStageWindow   - Push state: DialogSubScene
13:07:08.015 [JavaFX Application Thread] DEBUG Input                - Clearing active input actions
13:07:08.016 [JavaFX Application Thread] DEBUG GameApplicationServi - Removing overlay from PlayerCountMenu and adding to DialogSubScene
13:07:08.017 [JavaFX Application Thread] DEBUG PrimaryStageWindow   - PlayerCountMenu -> DialogSubScene
13:07:08.671 [JavaFX Application Thread] DEBUG PrimaryStageWindow   - Pop state: DialogSubScene
13:07:08.671 [JavaFX Application Thread] DEBUG Input                - Clearing active input actions
13:07:08.672 [JavaFX Application Thread] DEBUG GameApplicationServi - Removing overlay from DialogSubScene and adding to PlayerCountMenu
13:07:08.673 [JavaFX Application Thread] DEBUG PrimaryStageWindow   - PlayerCountMenu <- DialogSubScene
13:07:08.677 [JavaFX Application Thread] DEBUG PrimaryStageWindow   - Push state: LoadingScreen
13:07:08.677 [JavaFX Application Thread] DEBUG Input                - Clearing active input actions
13:07:08.677 [JavaFX Application Thread] DEBUG GameApplicationServi - Removing overlay from PlayerCountMenu and adding to LoadingScreen
13:07:08.678 [JavaFX Application Thread] DEBUG PrimaryStageWindow   - PlayerCountMenu -> LoadingScreen
13:07:08.687 [ServerAsyncConnThread    ] DEBUG TCPServer            - Starting to listen at: 55555 type: class com.almasb.fxgl.core.serialization.Bundle
13:07:11.880 [ServerAsyncConnThread    ] DEBUG Endpoint             - TCPServer opening new connection (1) from /127.0.0.1:62748 type: class com.almasb.fxgl.core.serialization.Bundle
13:07:11.883 [ServerAsyncConnThread    ] DEBUG Endpoint             - TCPServer successfully opened connection (1)
13:07:11.884 [JavaFX Application Thread] DEBUG PrimaryStageWindow   - Pop state: LoadingScreen
13:07:11.884 [JavaFX Application Thread] DEBUG Input                - Clearing active input actions
13:07:11.884 [JavaFX Application Thread] DEBUG GameApplicationServi - Removing overlay from LoadingScreen and adding to PlayerCountMenu
13:07:11.886 [JavaFX Application Thread] DEBUG PrimaryStageWindow   - PlayerCountMenu <- LoadingScreen
13:07:11.886 [JavaFX Application Thread] DEBUG PrimaryStageWindow   - Push state: MultiplayerStart
13:07:11.886 [JavaFX Application Thread] DEBUG Input                - Clearing active input actions
13:07:11.886 [JavaFX Application Thread] DEBUG GameApplicationServi - Removing overlay from PlayerCountMenu and adding to MultiplayerStart
13:07:11.886 [JavaFX Application Thread] DEBUG PrimaryStageWindow   - PlayerCountMenu -> MultiplayerStart
13:07:11.887 [TCPServer_SendThread-1   ] DEBUG Writers              - Getting TCPMessageWriter for class com.almasb.fxgl.core.serialization.Bundle
13:07:11.888 [TCPServer_RecvThread-1   ] DEBUG Readers              - Getting TCPMessageReader for class com.almasb.fxgl.core.serialization.Bundle
13:07:11.889 [TCPServer_SendThread-1   ] DEBUG Writers              - Constructed TCPMessageWriter for class com.almasb.fxgl.core.serialization.Bundle: BundleTCPMessageWriter
13:07:11.890 [TCPServer_RecvThread-1   ] DEBUG Readers              - Constructed MessageReader for class com.almasb.fxgl.core.serialization.Bundle: BundleTCPMessageReader
13:07:20.943 [TCPServer_RecvThread-1   ] DEBUG Endpoint             - Connection 1 was unexpectedly disconnected: Connection reset
13:07:20.944 [TCPServer_RecvThread-1   ] DEBUG Connection           - Closing connection 1
13:07:20.945 [TCPServer_RecvThread-1   ] DEBUG Connection           - Connection 1 was correctly closed from local endpoint.
13:07:20.945 [TCPServer_RecvThread-1   ] DEBUG Endpoint             - TCPServer connection (1) was closed
13:07:22.476 [JavaFX Application Thread] DEBUG FXGLApplication      - Exiting FXGL
13:07:22.476 [JavaFX Application Thread] DEBUG LoopRunner           - Stopping loop
13:07:22.476 [JavaFX Application Thread] DEBUG SystemBundleService  - Saving FXGL system data
13:07:22.477 [JavaFX Application Thread] DEBUG FileSystemAccess     - Writing to: C:\Users\acer\OneDrive\Desktop\git pull\CSS124L-FINAL-PROJECT\system\fxgl.bundle
13:07:22.479 [JavaFX Application Thread] DEBUG Async                - Shutting down background threads
13:07:22.481 [JavaFX Application Thread] DEBUG PrimaryStageWindow   - Closing main window
13:07:22.492 [JavaFX Application Thread] DEBUG Logger               - Closing Logger
