23:17:36.356 [main                     ] DEBUG Logger               - Configured Logger
23:17:36.377 [main                     ] DEBUG GameApplication      - Logging settings
Title: Flatline: Oregon
Version: Alpha 0.3
Width: 800
Height: 600
Fullscreen: false
Intro: false
Profiling: false
Single step:false
App Mode: DEVELOPER
Menu Key: ESCAPE
Stage Style: DECORATED
Scene Factory: class com.groupfour.mygame.App$1

23:17:36.752 [JavaFX Application Thread] DEBUG FXGLApplication      - Initializing FXGL
23:17:36.754 [JavaFX Application Thread] INFO  Engine               - FXGL-dev-SNAPSHOT (28.07.2021 16.39) on WINDOWS (J:11.0.22 FX:16)
23:17:36.754 [JavaFX Application Thread] DEBUG Engine               - JRE Vendor Name: Oracle Corporation
23:17:36.755 [JavaFX Application Thread] DEBUG Engine               - Running on OS: Windows 11 version 10.0
23:17:36.755 [JavaFX Application Thread] DEBUG Engine               - Architecture: amd64
23:17:36.755 [JavaFX Application Thread] INFO  Engine               - Source code and latest versions at: https://github.com/AlmasB/FXGL
23:17:36.755 [JavaFX Application Thread] INFO  Engine               -              Join the FXGL chat at: https://gitter.im/AlmasB/FXGL
23:17:36.814 [JavaFX Application Thread] DEBUG PrimaryStageWindow   - Creating a JavaFX scene
23:17:36.851 [JavaFX Application Thread] DEBUG PrimaryStageWindow   - Target settings size: 800.0 x 600.0
23:17:36.852 [JavaFX Application Thread] DEBUG PrimaryStageWindow   - Scaled scene size:    800.0 x 600.0
23:17:36.852 [JavaFX Application Thread] DEBUG PrimaryStageWindow   - Scaled ratio: (1.0, 1.0)
23:17:36.853 [JavaFX Application Thread] DEBUG PrimaryStageWindow   - Set initial scene to FXGLStartupScene
23:17:36.856 [JavaFX Application Thread] DEBUG PrimaryStageWindow   - Opening main window
23:17:36.929 [JavaFX Application Thread] DEBUG PrimaryStageWindow   - Window border size: (14.4000244140625, 37.5999755859375)
23:17:36.929 [JavaFX Application Thread] DEBUG PrimaryStageWindow   - Scaled size: 800.0 x 600.0
23:17:36.929 [JavaFX Application Thread] DEBUG PrimaryStageWindow   - Scaled ratio: (1.0, 1.0)
23:17:36.929 [JavaFX Application Thread] DEBUG PrimaryStageWindow   - Scene size: 800.0 x 600.0
23:17:36.929 [JavaFX Application Thread] DEBUG PrimaryStageWindow   - Stage size: 814.4000244140625 x 637.5999755859375
23:17:36.935 [FXGL Background Thread 1 ] DEBUG Engine               - Initializing environment variables
23:17:36.973 [FXGL Background Thread 1 ] DEBUG FXGLAssetLoaderServi - User app class for loading assets: class com.groupfour.mygame.App
23:17:36.973 [FXGL Background Thread 1 ] DEBUG GameApplicationServi - Applying CSS: fxgl_dark.css
23:17:36.974 [FXGL Background Thread 1 ] DEBUG FXGLAssetLoaderServi - Loading from file system: jar:file:///C:/Users/acer/.m2/repository/com/github/almasb/fxgl/dev-SNAPSHOT/fxgl-dev-SNAPSHOT.jar!/fxglassets/ui/css/fxgl_dark.css
23:17:37.010 [FXGL Background Thread 1 ] DEBUG GameApplicationServi - Initializing application scenes
23:17:37.038 [FXGL Background Thread 1 ] DEBUG GameWorld            - Game world initialized
23:17:37.078 [FXGL Background Thread 1 ] DEBUG PhysicsWorld         - Physics world initialized: appHeight=600, physics.ppm=50.0
23:17:37.078 [FXGL Background Thread 1 ] DEBUG PhysicsWorld         - Using strategy: BRUTE_FORCE
23:17:37.081 [FXGL Background Thread 1 ] DEBUG GameScene            - Game scene initialized: 800x600
23:17:37.090 [FXGL Background Thread 1 ] DEBUG FXGL.DefaultMenu     - createMenuBodyMainMenu()
23:17:37.103 [FXGL Background Thread 1 ] DEBUG FXGL.DefaultMenu     - createOptionsMenu()
23:17:37.111 [FXGL Background Thread 1 ] DEBUG FXGLAssetLoaderServi - Loading from file system: jar:file:///C:/Users/acer/.m2/repository/com/github/almasb/fxgl/dev-SNAPSHOT/fxgl-dev-SNAPSHOT.jar!/fxglassets/textures/particles/smoke.png
23:17:37.176 [FXGL Background Thread 1 ] DEBUG FXGLAssetLoaderServi - Loading from file system: jar:file:///C:/Users/acer/.m2/repository/com/github/almasb/fxgl/dev-SNAPSHOT/fxgl-dev-SNAPSHOT.jar!/fxglassets/textures/particles/trace_horizontal.png
23:17:37.216 [FXGL Background Thread 1 ] DEBUG GameApplicationServi - Application scenes initialized
23:17:37.225 [FXGL Background Thread 1 ] DEBUG SystemBundleService  - Loading FXGL system data
23:17:37.235 [FXGL Background Thread 1 ] DEBUG FileSystemAccess     - Reading from: C:\Users\acer\OneDrive\Desktop\git pull\CSS124L-FINAL-PROJECT\system\fxgl.bundle
23:17:37.245 [FXGL Background Thread 1 ] DEBUG SystemBundleService  - Bundle FXGL: {}
23:17:37.245 [FXGL Background Thread 1 ] DEBUG UpdaterService       - Checking for updates
23:17:37.278 [FXGL Background Thread 4 ] DEBUG FXGLApplication      - Loading fonts
23:17:37.279 [FXGL Background Thread 1 ] DEBUG FXGLApplication      - Loading default localization
23:17:37.279 [FXGL Background Thread 4 ] DEBUG FXGLAssetLoaderServi - Loading from file system: jar:file:///C:/Users/acer/.m2/repository/com/github/almasb/fxgl/dev-SNAPSHOT/fxgl-dev-SNAPSHOT.jar!/fxglassets/ui/fonts/VarelaRound-Regular.ttf
23:17:37.280 [FXGL Background Thread 1 ] DEBUG FXGLAssetLoaderServi - Loading from file system: jar:file:///C:/Users/acer/.m2/repository/com/github/almasb/fxgl/dev-SNAPSHOT/fxgl-dev-SNAPSHOT.jar!/fxglassets/languages/english.lang
23:17:37.305 [FXGL Background Thread 1 ] INFO  FXGLApplication      - FXGL initialization took: 0.371 sec
23:17:37.317 [JavaFX Application Thread] DEBUG Input                - Registered new binding: Move Upwards - W
23:17:37.317 [JavaFX Application Thread] DEBUG Input                - Registered new binding: Move Down - S
23:17:37.318 [JavaFX Application Thread] DEBUG Input                - Registered new binding: Move Left - A
23:17:37.318 [JavaFX Application Thread] DEBUG Input                - Registered new binding: Move Right - D
23:17:37.318 [JavaFX Application Thread] DEBUG Input                - Registered new binding: Reload - R
23:17:37.318 [JavaFX Application Thread] DEBUG Input                - Registered new binding: Shoot - LMB
23:17:37.318 [JavaFX Application Thread] DEBUG Input                - Registered new binding: Switch Weapons - Q
23:17:37.318 [JavaFX Application Thread] DEBUG Input                - Registered new binding: Interact - F
23:17:37.319 [JavaFX Application Thread] DEBUG FXGLAssetLoaderServi - Loading from file system: jar:file:///C:/Users/acer/.m2/repository/com/github/almasb/fxgl/dev-SNAPSHOT/fxgl-dev-SNAPSHOT.jar!/fxglassets/textures/fxgl_icon.png
23:17:37.339 [JavaFX Application Thread] DEBUG FXGLAssetLoaderServi - Loading from file system: jar:file:///C:/Users/acer/.m2/repository/com/github/almasb/fxgl/dev-SNAPSHOT/fxgl-dev-SNAPSHOT.jar!/fxglassets/textures/fxgl_default_cursor.png
23:17:37.341 [JavaFX Application Thread] DEBUG Input                - Registered new binding: Screenshot - CTRL+8
23:17:37.342 [JavaFX Application Thread] DEBUG Input                - Registered new binding: Dev Options - 1
23:17:37.344 [JavaFX Application Thread] DEBUG Input                - Registered new binding: Dev Console - 2
23:17:37.344 [JavaFX Application Thread] DEBUG Input                - Registered new binding: System info dump - CTRL+9
23:17:37.344 [JavaFX Application Thread] DEBUG Input                - Registered new binding: Restart - CTRL+R
23:17:37.344 [JavaFX Application Thread] DEBUG Input                - Registered new binding: Toggle Debug Camera - CTRL+C
23:17:37.348 [JavaFX Application Thread] DEBUG LoopRunner           - Starting loop
23:17:37.367 [JavaFX Application Thread] DEBUG LoopRunner           - Initializing JavaFX AnimationTimerLoop
23:17:37.370 [JavaFX Application Thread] DEBUG Input                - Clearing active input actions
23:17:37.378 [JavaFX Application Thread] DEBUG GameApplicationServi - Removing overlay from FXGLStartupScene and adding to FXGLMainMenuDummyScene
23:17:37.381 [JavaFX Application Thread] DEBUG PrimaryStageWindow   - FXGLStartupScene -> FXGLMainMenuDummyScene
23:17:37.381 [JavaFX Application Thread] DEBUG PrimaryStageWindow   - Push state: FXGLDefaultMenu
23:17:37.385 [JavaFX Application Thread] DEBUG Input                - Clearing active input actions
23:17:37.391 [JavaFX Application Thread] DEBUG GameApplicationServi - Removing overlay from FXGLMainMenuDummyScene and adding to FXGLDefaultMenu
23:17:37.392 [JavaFX Application Thread] DEBUG PrimaryStageWindow   - FXGLMainMenuDummyScene -> FXGLDefaultMenu
23:17:37.698 [FXGL Background Thread 4 ] DEBUG FXGLAssetLoaderServi - Loading from file system: jar:file:///C:/Users/acer/.m2/repository/com/github/almasb/fxgl/dev-SNAPSHOT/fxgl-dev-SNAPSHOT.jar!/fxglassets/ui/fonts/Abel-Regular.ttf
23:17:37.703 [FXGL Background Thread 4 ] DEBUG FXGLAssetLoaderServi - Loading from file system: jar:file:///C:/Users/acer/.m2/repository/com/github/almasb/fxgl/dev-SNAPSHOT/fxgl-dev-SNAPSHOT.jar!/fxglassets/ui/fonts/lucida_console.ttf
23:17:37.709 [FXGL Background Thread 4 ] DEBUG FXGLAssetLoaderServi - Loading from file system: jar:file:///C:/Users/acer/.m2/repository/com/github/almasb/fxgl/dev-SNAPSHOT/fxgl-dev-SNAPSHOT.jar!/fxglassets/ui/fonts/Courier-Prime.ttf
23:17:37.716 [JavaFX Application Thread] DEBUG FXGLApplication      - Registering font factories with UI factory
23:17:37.971 [JavaFX Application Thread] DEBUG Menu                 - fireNewGame()
23:17:37.971 [JavaFX Application Thread] DEBUG GameApplicationServi - Starting new game
23:17:37.972 [JavaFX Application Thread] DEBUG PrimaryStageWindow   - Pop state: FXGLDefaultMenu
23:17:37.972 [JavaFX Application Thread] DEBUG Input                - Clearing active input actions
23:17:37.974 [JavaFX Application Thread] DEBUG GameApplicationServi - Removing overlay from FXGLDefaultMenu and adding to FXGLMainMenuDummyScene
23:17:37.975 [JavaFX Application Thread] DEBUG PrimaryStageWindow   - FXGLMainMenuDummyScene <- FXGLDefaultMenu
23:17:37.975 [JavaFX Application Thread] DEBUG Input                - Clearing active input actions
23:17:37.983 [JavaFX Application Thread] DEBUG GameApplicationServi - Removing overlay from FXGLMainMenuDummyScene and adding to FXGLLoadingScene
23:17:37.983 [JavaFX Application Thread] DEBUG PrimaryStageWindow   - FXGLMainMenuDummyScene -> FXGLLoadingScene
23:17:37.983 [JavaFX Application Thread] DEBUG GameApplicationServi - Clearing previous game
23:17:37.983 [JavaFX Application Thread] DEBUG GameScene            - Clearing game scene
23:17:37.983 [JavaFX Application Thread] DEBUG GameWorld            - Clearing game world
23:17:37.983 [JavaFX Application Thread] DEBUG PhysicsWorld         - Clearing physics world
23:17:37.984 [FXGL Background Thread 4 ] DEBUG FXGLApplication      - Initializing game
23:17:38.038 [FXGL Background Thread 4 ] INFO  FXGLApplication      - Game initialization took: 0.053 sec
23:17:38.046 [JavaFX Application Thread] DEBUG Input                - Clearing active input actions
23:17:38.051 [JavaFX Application Thread] DEBUG GameApplicationServi - Removing overlay from FXGLLoadingScene and adding to GameScene
23:17:38.052 [JavaFX Application Thread] DEBUG PrimaryStageWindow   - FXGLLoadingScene -> GameScene
23:17:38.066 [JavaFX Application Thread] DEBUG PrimaryStageWindow   - Push state: PlayerCountMenu
23:17:38.066 [JavaFX Application Thread] DEBUG Input                - Clearing active input actions
23:17:38.066 [JavaFX Application Thread] DEBUG GameApplicationServi - Removing overlay from GameScene and adding to PlayerCountMenu
23:17:38.066 [JavaFX Application Thread] DEBUG PrimaryStageWindow   - GameScene -> PlayerCountMenu
23:17:38.431 [JavaFX Application Thread] DEBUG FXGLAssetLoaderServi - Loading from file system: file:/C:/Users/acer/OneDrive/Desktop/git%20pull/CSS124L-FINAL-PROJECT/fp/target/classes/assets/textures/Weapons/Idle/BerettaM9_Idle.png
23:17:38.433 [JavaFX Application Thread] DEBUG FXGLAssetLoaderServi - Loading from file system: file:/C:/Users/acer/OneDrive/Desktop/git%20pull/CSS124L-FINAL-PROJECT/fp/target/classes/assets/textures/Weapons/Shooting/BerettaM9_Shooting.png
23:17:38.436 [JavaFX Application Thread] DEBUG FXGLAssetLoaderServi - Loading from file system: file:/C:/Users/acer/OneDrive/Desktop/git%20pull/CSS124L-FINAL-PROJECT/fp/target/classes/assets/textures/Players/1P_Shoot.png
23:17:38.439 [JavaFX Application Thread] DEBUG FXGLAssetLoaderServi - Loading from file system: file:/C:/Users/acer/OneDrive/Desktop/git%20pull/CSS124L-FINAL-PROJECT/fp/target/classes/assets/textures/Interactables/vending_machine.png
23:17:38.447 [JavaFX Application Thread] DEBUG FXGLAssetLoaderServi - Loading from file system: file:/C:/Users/acer/OneDrive/Desktop/git%20pull/CSS124L-FINAL-PROJECT/fp/target/classes/assets/textures/Interactables/microwave_close.png
23:17:38.450 [JavaFX Application Thread] DEBUG PrimaryStageWindow   - Pop state: PlayerCountMenu
23:17:38.450 [JavaFX Application Thread] DEBUG Input                - Clearing active input actions
23:17:38.450 [JavaFX Application Thread] DEBUG GameApplicationServi - Removing overlay from PlayerCountMenu and adding to GameScene
23:17:38.451 [JavaFX Application Thread] DEBUG PrimaryStageWindow   - GameScene <- PlayerCountMenu
23:17:38.524 [FXGL Background Thread 2 ] INFO  UpdaterService       - Your current version:  dev-SNAPSHOT
23:17:38.525 [FXGL Background Thread 2 ] INFO  UpdaterService       - Latest stable version: 21.1
23:17:38.897 [JavaFX Application Thread] DEBUG FXGLAssetLoaderServi - Loading from file system: file:/C:/Users/acer/OneDrive/Desktop/git%20pull/CSS124L-FINAL-PROJECT/fp/target/classes/assets/textures/Zombies/Basic_Zombie_Walking.png
23:17:38.900 [JavaFX Application Thread] DEBUG FXGLAssetLoaderServi - Loading from file system: file:/C:/Users/acer/OneDrive/Desktop/git%20pull/CSS124L-FINAL-PROJECT/fp/target/classes/assets/textures/Zombies/Basic_Zombie_Attack.png
23:17:38.905 [JavaFX Application Thread] DEBUG LoopRunner           - Stopping loop
23:17:38.906 [JavaFX Application Thread] FATAL FXGLApplication      - Uncaught Exception:
java.lang.NullPointerException
	at com.groupfour.mygame/com.groupfour.Components.ZombieComponents.SpitterZombieComponent.spitAtPlayer(SpitterZombieComponent.java:30)
	at com.groupfour.mygame/com.groupfour.Components.ZombieComponents.SpitterZombieComponent.onUpdate(SpitterZombieComponent.java:17)
	at com.almasb.fxgl.entity/com.almasb.fxgl.entity.Entity$ComponentMap.update(Entity.java:60)
	at com.almasb.fxgl.entity/com.almasb.fxgl.entity.Entity.update(Entity.java:251)
	at com.almasb.fxgl.entity/com.almasb.fxgl.entity.GameWorld.onUpdate(GameWorld.kt:177)
	at com.almasb.fxgl.all/com.almasb.fxgl.app.scene.GameScene.step(GameScene.kt:223)
	at com.almasb.fxgl.all/com.almasb.fxgl.app.scene.GameScene.onUpdate(GameScene.kt:219)
	at com.almasb.fxgl.scene/com.almasb.fxgl.scene.Scene.update(Scene.kt:105)
	at com.almasb.fxgl.all/com.almasb.fxgl.app.MainWindow$update$1.invoke(MainWindow.kt:115)
	at com.almasb.fxgl.all/com.almasb.fxgl.app.MainWindow$update$1.invoke(MainWindow.kt:115)
	at com.almasb.fxgl.core/com.almasb.fxgl.core.fsm.StateMachine.runOnActiveStates(StateMachine.kt:69)
	at com.almasb.fxgl.all/com.almasb.fxgl.app.MainWindow.update(MainWindow.kt:115)
	at com.almasb.fxgl.all/com.almasb.fxgl.app.FXGLApplication$GameApplicationService.onUpdate(FXGLApplication.kt:426)
	at com.almasb.fxgl.all/com.almasb.fxgl.app.Engine.loop(Engine.kt:133)
	at com.almasb.fxgl.all/com.almasb.fxgl.app.Engine.access$loop(Engine.kt:24)
	at com.almasb.fxgl.all/com.almasb.fxgl.app.Engine$loop$1.invoke(Engine.kt:28)
	at com.almasb.fxgl.all/com.almasb.fxgl.app.Engine$loop$1.invoke(Engine.kt:28)
	at com.almasb.fxgl.all/com.almasb.fxgl.app.LoopRunner.frame(LoopRunner.kt:103)
	at com.almasb.fxgl.all/com.almasb.fxgl.app.LoopRunner.access$frame(LoopRunner.kt:23)
	at com.almasb.fxgl.all/com.almasb.fxgl.app.LoopRunner$impl$2$1.onTick(LoopRunner.kt:57)
	at com.almasb.fxgl.all/com.almasb.fxgl.app.AnimationTimerLoop$timer$1.handle(LoopRunner.kt:137)
	at javafx.graphics/javafx.animation.AnimationTimer$AnimationTimerReceiver.lambda$handle$0(AnimationTimer.java:57)
	at java.base/java.security.AccessController.doPrivileged(Native Method)
	at javafx.graphics/javafx.animation.AnimationTimer$AnimationTimerReceiver.handle(AnimationTimer.java:56)
	at javafx.graphics/com.sun.scenario.animation.AbstractPrimaryTimer.timePulseImpl(AbstractPrimaryTimer.java:356)
	at javafx.graphics/com.sun.scenario.animation.AbstractPrimaryTimer$MainLoop.run(AbstractPrimaryTimer.java:266)
	at javafx.graphics/com.sun.javafx.tk.quantum.QuantumToolkit.pulse(QuantumToolkit.java:559)
	at javafx.graphics/com.sun.javafx.tk.quantum.QuantumToolkit.pulse(QuantumToolkit.java:543)
	at javafx.graphics/com.sun.javafx.tk.quantum.QuantumToolkit.pulseFromQueue(QuantumToolkit.java:536)
	at javafx.graphics/com.sun.javafx.tk.quantum.QuantumToolkit.lambda$runToolkit$11(QuantumToolkit.java:342)
	at javafx.graphics/com.sun.glass.ui.InvokeLaterDispatcher$Future.run(InvokeLaterDispatcher.java:96)
	at javafx.graphics/com.sun.glass.ui.win.WinApplication._runLoop(Native Method)
	at javafx.graphics/com.sun.glass.ui.win.WinApplication.lambda$runLoop$3(WinApplication.java:174)
	at java.base/java.lang.Thread.run(Thread.java:834)

23:17:38.911 [JavaFX Application Thread] FATAL FXGLApplication      - Application will now exit
23:17:38.914 [JavaFX Application Thread] DEBUG PrimaryStageWindow   - Push state: ErrorSubScene
23:17:38.914 [JavaFX Application Thread] DEBUG Input                - Clearing active input actions
23:17:38.914 [JavaFX Application Thread] DEBUG GameApplicationServi - Removing overlay from GameScene and adding to ErrorSubScene
23:17:38.915 [JavaFX Application Thread] DEBUG PrimaryStageWindow   - GameScene -> ErrorSubScene
23:17:40.092 [JavaFX Application Thread] DEBUG FXGLApplication      - Exiting FXGL
23:17:40.093 [JavaFX Application Thread] DEBUG Async                - Shutting down background threads
23:17:40.093 [JavaFX Application Thread] DEBUG PrimaryStageWindow   - Closing main window
23:17:40.107 [JavaFX Application Thread] DEBUG Logger               - Closing Logger
