22:08:17.648 [main                     ] DEBUG Logger               - Configured Logger
22:08:17.670 [main                     ] DEBUG GameApplication      - Logging settings
Title: Flatline: Oregon
Version: Alpha 0.19021902
Width: 800
Height: 600
Fullscreen: false
Intro: false
Profiling: false
Single step:false
App Mode: DEVELOPER
Menu Key: ESCAPE
Stage Style: DECORATED
Scene Factory: class com.groupfour.mygame.App$1

22:08:18.070 [JavaFX Application Thread] DEBUG FXGLApplication      - Initializing FXGL
22:08:18.072 [JavaFX Application Thread] INFO  Engine               - FXGL-dev-SNAPSHOT (28.07.2021 16.39) on WINDOWS (J:11.0.22 FX:16)
22:08:18.073 [JavaFX Application Thread] DEBUG Engine               - JRE Vendor Name: Oracle Corporation
22:08:18.073 [JavaFX Application Thread] DEBUG Engine               - Running on OS: Windows 11 version 10.0
22:08:18.074 [JavaFX Application Thread] DEBUG Engine               - Architecture: amd64
22:08:18.074 [JavaFX Application Thread] INFO  Engine               - Source code and latest versions at: https://github.com/AlmasB/FXGL
22:08:18.074 [JavaFX Application Thread] INFO  Engine               -              Join the FXGL chat at: https://gitter.im/AlmasB/FXGL
22:08:18.148 [JavaFX Application Thread] DEBUG PrimaryStageWindow   - Creating a JavaFX scene
22:08:18.205 [JavaFX Application Thread] DEBUG PrimaryStageWindow   - Target settings size: 800.0 x 600.0
22:08:18.205 [JavaFX Application Thread] DEBUG PrimaryStageWindow   - Scaled scene size:    800.0 x 600.0
22:08:18.205 [JavaFX Application Thread] DEBUG PrimaryStageWindow   - Scaled ratio: (1.0, 1.0)
22:08:18.207 [JavaFX Application Thread] DEBUG PrimaryStageWindow   - Set initial scene to FXGLStartupScene
22:08:18.214 [JavaFX Application Thread] DEBUG PrimaryStageWindow   - Opening main window
22:08:18.341 [JavaFX Application Thread] DEBUG PrimaryStageWindow   - Window border size: (14.4000244140625, 37.5999755859375)
22:08:18.341 [JavaFX Application Thread] DEBUG PrimaryStageWindow   - Scaled size: 800.0 x 600.0
22:08:18.341 [JavaFX Application Thread] DEBUG PrimaryStageWindow   - Scaled ratio: (1.0, 1.0)
22:08:18.342 [JavaFX Application Thread] DEBUG PrimaryStageWindow   - Scene size: 800.0 x 600.0
22:08:18.342 [JavaFX Application Thread] DEBUG PrimaryStageWindow   - Stage size: 814.4000244140625 x 637.5999755859375
22:08:18.349 [FXGL Background Thread 1 ] DEBUG Engine               - Initializing environment variables
22:08:18.404 [FXGL Background Thread 1 ] DEBUG FXGLAssetLoaderServi - User app class for loading assets: class com.groupfour.mygame.App
22:08:18.404 [FXGL Background Thread 1 ] DEBUG GameApplicationServi - Applying CSS: fxgl_dark.css
22:08:18.406 [FXGL Background Thread 1 ] DEBUG FXGLAssetLoaderServi - Loading from file system: jar:file:///C:/Users/acer/.m2/repository/com/github/almasb/fxgl/dev-SNAPSHOT/fxgl-dev-SNAPSHOT.jar!/fxglassets/ui/css/fxgl_dark.css
22:08:18.469 [FXGL Background Thread 1 ] DEBUG GameApplicationServi - Initializing application scenes
22:08:18.508 [FXGL Background Thread 1 ] DEBUG GameWorld            - Game world initialized
22:08:18.558 [FXGL Background Thread 1 ] DEBUG PhysicsWorld         - Physics world initialized: appHeight=600, physics.ppm=50.0
22:08:18.559 [FXGL Background Thread 1 ] DEBUG PhysicsWorld         - Using strategy: BRUTE_FORCE
22:08:18.563 [FXGL Background Thread 1 ] DEBUG GameScene            - Game scene initialized: 800x600
22:08:18.576 [FXGL Background Thread 1 ] DEBUG FXGL.DefaultMenu     - createMenuBodyMainMenu()
22:08:18.593 [FXGL Background Thread 1 ] DEBUG FXGL.DefaultMenu     - createOptionsMenu()
22:08:18.603 [FXGL Background Thread 1 ] DEBUG FXGLAssetLoaderServi - Loading from file system: jar:file:///C:/Users/acer/.m2/repository/com/github/almasb/fxgl/dev-SNAPSHOT/fxgl-dev-SNAPSHOT.jar!/fxglassets/textures/particles/smoke.png
22:08:18.687 [FXGL Background Thread 1 ] DEBUG FXGLAssetLoaderServi - Loading from file system: jar:file:///C:/Users/acer/.m2/repository/com/github/almasb/fxgl/dev-SNAPSHOT/fxgl-dev-SNAPSHOT.jar!/fxglassets/textures/particles/trace_horizontal.png
22:08:18.717 [FXGL Background Thread 1 ] DEBUG GameApplicationServi - Application scenes initialized
22:08:18.726 [FXGL Background Thread 1 ] DEBUG SystemBundleService  - Loading FXGL system data
22:08:18.732 [FXGL Background Thread 1 ] DEBUG FileSystemAccess     - Reading from: C:\Users\acer\OneDrive\Desktop\git pull\CSS124L-FINAL-PROJECT\system\fxgl.bundle
22:08:18.738 [FXGL Background Thread 1 ] DEBUG SystemBundleService  - Bundle FXGL: {}
22:08:18.738 [FXGL Background Thread 1 ] DEBUG UpdaterService       - Checking for updates
22:08:18.765 [FXGL Background Thread 4 ] DEBUG FXGLApplication      - Loading fonts
22:08:18.765 [FXGL Background Thread 1 ] DEBUG FXGLApplication      - Loading default localization
22:08:18.766 [FXGL Background Thread 4 ] DEBUG FXGLAssetLoaderServi - Loading from file system: jar:file:///C:/Users/acer/.m2/repository/com/github/almasb/fxgl/dev-SNAPSHOT/fxgl-dev-SNAPSHOT.jar!/fxglassets/ui/fonts/VarelaRound-Regular.ttf
22:08:18.766 [FXGL Background Thread 1 ] DEBUG FXGLAssetLoaderServi - Loading from file system: jar:file:///C:/Users/acer/.m2/repository/com/github/almasb/fxgl/dev-SNAPSHOT/fxgl-dev-SNAPSHOT.jar!/fxglassets/languages/english.lang
22:08:18.782 [FXGL Background Thread 1 ] INFO  FXGLApplication      - FXGL initialization took: 0.434 sec
22:08:18.794 [JavaFX Application Thread] DEBUG Input                - Registered new binding: Move Upwards - W
22:08:18.794 [JavaFX Application Thread] DEBUG Input                - Registered new binding: Move Down - S
22:08:18.794 [JavaFX Application Thread] DEBUG Input                - Registered new binding: Move Left - A
22:08:18.794 [JavaFX Application Thread] DEBUG Input                - Registered new binding: Move Right - D
22:08:18.794 [JavaFX Application Thread] DEBUG Input                - Registered new binding: Reload - R
22:08:18.795 [JavaFX Application Thread] DEBUG Input                - Registered new binding: Shoot - LMB
22:08:18.795 [JavaFX Application Thread] DEBUG Input                - Registered new binding: Switch Weapons - Q
22:08:18.795 [JavaFX Application Thread] DEBUG Input                - Registered new binding: Interact - F
22:08:18.796 [JavaFX Application Thread] DEBUG FXGLAssetLoaderServi - Loading from file system: jar:file:///C:/Users/acer/.m2/repository/com/github/almasb/fxgl/dev-SNAPSHOT/fxgl-dev-SNAPSHOT.jar!/fxglassets/textures/fxgl_icon.png
22:08:18.812 [JavaFX Application Thread] DEBUG FXGLAssetLoaderServi - Loading from file system: jar:file:///C:/Users/acer/.m2/repository/com/github/almasb/fxgl/dev-SNAPSHOT/fxgl-dev-SNAPSHOT.jar!/fxglassets/textures/fxgl_default_cursor.png
22:08:18.814 [JavaFX Application Thread] DEBUG Input                - Registered new binding: Screenshot - CTRL+8
22:08:18.814 [JavaFX Application Thread] DEBUG Input                - Registered new binding: Dev Options - 1
22:08:18.814 [JavaFX Application Thread] DEBUG Input                - Registered new binding: Dev Console - 2
22:08:18.815 [JavaFX Application Thread] DEBUG Input                - Registered new binding: System info dump - CTRL+9
22:08:18.815 [JavaFX Application Thread] DEBUG Input                - Registered new binding: Restart - CTRL+R
22:08:18.815 [JavaFX Application Thread] DEBUG Input                - Registered new binding: Toggle Debug Camera - CTRL+C
22:08:18.818 [JavaFX Application Thread] DEBUG LoopRunner           - Starting loop
22:08:18.833 [JavaFX Application Thread] DEBUG LoopRunner           - Initializing JavaFX AnimationTimerLoop
22:08:18.836 [JavaFX Application Thread] DEBUG Input                - Clearing active input actions
22:08:18.844 [JavaFX Application Thread] DEBUG GameApplicationServi - Removing overlay from FXGLStartupScene and adding to FXGLMainMenuDummyScene
22:08:18.850 [JavaFX Application Thread] DEBUG PrimaryStageWindow   - FXGLStartupScene -> FXGLMainMenuDummyScene
22:08:18.850 [JavaFX Application Thread] DEBUG PrimaryStageWindow   - Push state: FXGLDefaultMenu
22:08:18.854 [JavaFX Application Thread] DEBUG Input                - Clearing active input actions
22:08:18.863 [JavaFX Application Thread] DEBUG GameApplicationServi - Removing overlay from FXGLMainMenuDummyScene and adding to FXGLDefaultMenu
22:08:18.864 [JavaFX Application Thread] DEBUG PrimaryStageWindow   - FXGLMainMenuDummyScene -> FXGLDefaultMenu
22:08:19.246 [FXGL Background Thread 4 ] DEBUG FXGLAssetLoaderServi - Loading from file system: jar:file:///C:/Users/acer/.m2/repository/com/github/almasb/fxgl/dev-SNAPSHOT/fxgl-dev-SNAPSHOT.jar!/fxglassets/ui/fonts/Abel-Regular.ttf
22:08:19.253 [FXGL Background Thread 4 ] DEBUG FXGLAssetLoaderServi - Loading from file system: jar:file:///C:/Users/acer/.m2/repository/com/github/almasb/fxgl/dev-SNAPSHOT/fxgl-dev-SNAPSHOT.jar!/fxglassets/ui/fonts/lucida_console.ttf
22:08:19.261 [FXGL Background Thread 4 ] DEBUG FXGLAssetLoaderServi - Loading from file system: jar:file:///C:/Users/acer/.m2/repository/com/github/almasb/fxgl/dev-SNAPSHOT/fxgl-dev-SNAPSHOT.jar!/fxglassets/ui/fonts/Courier-Prime.ttf
22:08:19.270 [JavaFX Application Thread] DEBUG FXGLApplication      - Registering font factories with UI factory
22:08:19.491 [JavaFX Application Thread] DEBUG Menu                 - fireNewGame()
22:08:19.491 [JavaFX Application Thread] DEBUG GameApplicationServi - Starting new game
22:08:19.493 [JavaFX Application Thread] DEBUG PrimaryStageWindow   - Pop state: FXGLDefaultMenu
22:08:19.493 [JavaFX Application Thread] DEBUG Input                - Clearing active input actions
22:08:19.497 [JavaFX Application Thread] DEBUG GameApplicationServi - Removing overlay from FXGLDefaultMenu and adding to FXGLMainMenuDummyScene
22:08:19.498 [JavaFX Application Thread] DEBUG PrimaryStageWindow   - FXGLMainMenuDummyScene <- FXGLDefaultMenu
22:08:19.499 [JavaFX Application Thread] DEBUG Input                - Clearing active input actions
22:08:19.506 [JavaFX Application Thread] DEBUG GameApplicationServi - Removing overlay from FXGLMainMenuDummyScene and adding to FXGLLoadingScene
22:08:19.509 [JavaFX Application Thread] DEBUG PrimaryStageWindow   - FXGLMainMenuDummyScene -> FXGLLoadingScene
22:08:19.509 [JavaFX Application Thread] DEBUG GameApplicationServi - Clearing previous game
22:08:19.509 [JavaFX Application Thread] DEBUG GameScene            - Clearing game scene
22:08:19.509 [JavaFX Application Thread] DEBUG GameWorld            - Clearing game world
22:08:19.509 [JavaFX Application Thread] DEBUG PhysicsWorld         - Clearing physics world
22:08:19.510 [FXGL Background Thread 4 ] DEBUG FXGLApplication      - Initializing game
22:08:19.566 [FXGL Background Thread 4 ] WARN  TMXLevelLoader       - TiledMap generated from 1.11.0. Supported version: 1.2.3. Some features may not be parsed fully.
22:08:19.573 [FXGL Background Thread 4 ] DEBUG TMXLevelLoader       - Parsed TiledMap: file:/C:/Users/acer/OneDrive/Desktop/git%20pull/CSS124L-FINAL-PROJECT/fp/target/classes/assets/levels/Lobby.tmx
22:08:19.574 [FXGL Background Thread 4 ] DEBUG TMXLevelLoader       - Creating tile layer entities
22:08:19.575 [FXGL Background Thread 4 ] DEBUG TilesetLoader        - Loading view for layer Tile Layer 1
22:08:19.579 [FXGL Background Thread 4 ] DEBUG TilesetLoader        - Created buffer with size 1280.0x768.0
22:08:19.589 [FXGL Background Thread 4 ] DEBUG TMXLevelLoader       - Creating object layer entities
22:08:19.610 [FXGL Background Thread 4 ] DEBUG GameWorld            - Clearing removable entities
22:08:19.611 [FXGL Background Thread 4 ] DEBUG GameWorld            - Setting level: com.almasb.fxgl.entity.level.Level@33881dfe
22:08:19.619 [FXGL Background Thread 4 ] DEBUG FXGLAssetLoaderServi - Loading from file system: file:/C:/Users/acer/OneDrive/Desktop/git%20pull/CSS124L-FINAL-PROJECT/fp/target/classes/assets/ui/fonts/PIXELADE.TTF
22:08:19.744 [FXGL Background Thread 4 ] INFO  FXGLApplication      - Game initialization took: 0.233 sec
22:08:19.747 [JavaFX Application Thread] DEBUG Input                - Clearing active input actions
22:08:19.750 [JavaFX Application Thread] DEBUG GameApplicationServi - Removing overlay from FXGLLoadingScene and adding to GameScene
22:08:19.752 [JavaFX Application Thread] DEBUG PrimaryStageWindow   - FXGLLoadingScene -> GameScene
22:08:19.758 [JavaFX Application Thread] DEBUG FXGLAssetLoaderServi - Loading from file system: file:/C:/Users/acer/OneDrive/Desktop/git%20pull/CSS124L-FINAL-PROJECT/fp/target/classes/assets/textures/Interactables/microwave_close.png
22:08:19.760 [JavaFX Application Thread] DEBUG PrimaryStageWindow   - Push state: PCM_BG
22:08:19.760 [JavaFX Application Thread] DEBUG Input                - Clearing active input actions
22:08:19.760 [JavaFX Application Thread] DEBUG GameApplicationServi - Removing overlay from GameScene and adding to PCM_BG
22:08:19.761 [JavaFX Application Thread] DEBUG PrimaryStageWindow   - GameScene -> PCM_BG
22:08:19.761 [JavaFX Application Thread] DEBUG PrimaryStageWindow   - Push state: PlayerCountMenu
22:08:19.762 [JavaFX Application Thread] DEBUG Input                - Clearing active input actions
22:08:19.762 [JavaFX Application Thread] DEBUG GameApplicationServi - Removing overlay from PCM_BG and adding to PlayerCountMenu
22:08:19.764 [JavaFX Application Thread] DEBUG PrimaryStageWindow   - PCM_BG -> PlayerCountMenu
22:08:20.027 [FXGL Background Thread 2 ] INFO  UpdaterService       - Your current version:  dev-SNAPSHOT
22:08:20.028 [FXGL Background Thread 2 ] INFO  UpdaterService       - Latest stable version: 21.1
22:08:20.184 [JavaFX Application Thread] DEBUG FXGLAssetLoaderServi - Loading from file system: file:/C:/Users/acer/OneDrive/Desktop/git%20pull/CSS124L-FINAL-PROJECT/fp/target/classes/assets/textures/Weapons/Idle/BerettaM9_Idle.png
22:08:20.185 [JavaFX Application Thread] DEBUG FXGLAssetLoaderServi - Loading from file system: file:/C:/Users/acer/OneDrive/Desktop/git%20pull/CSS124L-FINAL-PROJECT/fp/target/classes/assets/textures/Weapons/Shooting/BerettaM9_Shooting.png
22:08:20.188 [JavaFX Application Thread] DEBUG FXGLAssetLoaderServi - Loading from file system: file:/C:/Users/acer/OneDrive/Desktop/git%20pull/CSS124L-FINAL-PROJECT/fp/target/classes/assets/textures/Players/1P_Shoot.png
22:08:20.191 [JavaFX Application Thread] DEBUG FXGLAssetLoaderServi - Loading from file system: file:/C:/Users/acer/OneDrive/Desktop/git%20pull/CSS124L-FINAL-PROJECT/fp/target/classes/assets/textures/Interactables/vending_machine.png
22:08:20.197 [JavaFX Application Thread] DEBUG PrimaryStageWindow   - Pop state: PlayerCountMenu
22:08:20.198 [JavaFX Application Thread] DEBUG Input                - Clearing active input actions
22:08:20.198 [JavaFX Application Thread] DEBUG GameApplicationServi - Removing overlay from PlayerCountMenu and adding to PCM_BG
22:08:20.199 [JavaFX Application Thread] DEBUG PrimaryStageWindow   - PCM_BG <- PlayerCountMenu
22:08:20.199 [JavaFX Application Thread] DEBUG PrimaryStageWindow   - Pop state: PCM_BG
22:08:20.199 [JavaFX Application Thread] DEBUG Input                - Clearing active input actions
22:08:20.199 [JavaFX Application Thread] DEBUG GameApplicationServi - Removing overlay from PCM_BG and adding to GameScene
22:08:20.199 [JavaFX Application Thread] DEBUG PrimaryStageWindow   - GameScene <- PCM_BG
22:08:20.270 [JavaFX Application Thread] DEBUG FXGLAssetLoaderServi - Loading from file system: file:/C:/Users/acer/OneDrive/Desktop/git%20pull/CSS124L-FINAL-PROJECT/fp/target/classes/assets/textures/Zombies/Basic_Zombie_Walking.png
22:08:20.272 [JavaFX Application Thread] DEBUG FXGLAssetLoaderServi - Loading from file system: file:/C:/Users/acer/OneDrive/Desktop/git%20pull/CSS124L-FINAL-PROJECT/fp/target/classes/assets/textures/Zombies/Basic_Zombie_Attack.png
22:08:21.689 [JavaFX Application Thread] DEBUG FXGLApplication      - Exiting FXGL
22:08:21.690 [JavaFX Application Thread] DEBUG LoopRunner           - Stopping loop
22:08:21.690 [JavaFX Application Thread] DEBUG SystemBundleService  - Saving FXGL system data
22:08:21.691 [JavaFX Application Thread] DEBUG FileSystemAccess     - Writing to: C:\Users\acer\OneDrive\Desktop\git pull\CSS124L-FINAL-PROJECT\system\fxgl.bundle
22:08:21.693 [JavaFX Application Thread] DEBUG Async                - Shutting down background threads
22:08:21.693 [JavaFX Application Thread] DEBUG PrimaryStageWindow   - Closing main window
22:08:21.706 [JavaFX Application Thread] DEBUG Logger               - Closing Logger
