13:55:27.131 [main                     ] DEBUG Logger               - Configured Logger
13:55:27.151 [main                     ] DEBUG GameApplication      - Logging settings
Title: Flatline: Oregon
Version: Alpha 0.3
Width: 800
Height: 600
Fullscreen: false
Intro: false
Profiling: false
Single step:false
App Mode: DEVELOPER
Menu Key: ESCAPE
Stage Style: DECORATED
Scene Factory: class com.groupfour.mygame.App$1

13:55:27.429 [JavaFX Application Thread] DEBUG FXGLApplication      - Initializing FXGL
13:55:27.431 [JavaFX Application Thread] INFO  Engine               - FXGL-dev-SNAPSHOT (28.07.2021 16.39) on WINDOWS (J:11.0.22 FX:16)
13:55:27.432 [JavaFX Application Thread] DEBUG Engine               - JRE Vendor Name: Oracle Corporation
13:55:27.432 [JavaFX Application Thread] DEBUG Engine               - Running on OS: Windows 11 version 10.0
13:55:27.432 [JavaFX Application Thread] DEBUG Engine               - Architecture: amd64
13:55:27.432 [JavaFX Application Thread] INFO  Engine               - Source code and latest versions at: https://github.com/AlmasB/FXGL
13:55:27.433 [JavaFX Application Thread] INFO  Engine               -              Join the FXGL chat at: https://gitter.im/AlmasB/FXGL
13:55:27.494 [JavaFX Application Thread] DEBUG PrimaryStageWindow   - Creating a JavaFX scene
13:55:27.532 [JavaFX Application Thread] DEBUG PrimaryStageWindow   - Target settings size: 800.0 x 600.0
13:55:27.533 [JavaFX Application Thread] DEBUG PrimaryStageWindow   - Scaled scene size:    800.0 x 600.0
13:55:27.533 [JavaFX Application Thread] DEBUG PrimaryStageWindow   - Scaled ratio: (1.0, 1.0)
13:55:27.534 [JavaFX Application Thread] DEBUG PrimaryStageWindow   - Set initial scene to FXGLStartupScene
13:55:27.537 [JavaFX Application Thread] DEBUG PrimaryStageWindow   - Opening main window
13:55:27.600 [JavaFX Application Thread] DEBUG PrimaryStageWindow   - Window border size: (14.4000244140625, 37.5999755859375)
13:55:27.600 [JavaFX Application Thread] DEBUG PrimaryStageWindow   - Scaled size: 800.0 x 600.0
13:55:27.600 [JavaFX Application Thread] DEBUG PrimaryStageWindow   - Scaled ratio: (1.0, 1.0)
13:55:27.600 [JavaFX Application Thread] DEBUG PrimaryStageWindow   - Scene size: 800.0 x 600.0
13:55:27.601 [JavaFX Application Thread] DEBUG PrimaryStageWindow   - Stage size: 814.4000244140625 x 637.5999755859375
13:55:27.605 [FXGL Background Thread 1 ] DEBUG Engine               - Initializing environment variables
13:55:27.638 [FXGL Background Thread 1 ] DEBUG FXGLAssetLoaderServi - User app class for loading assets: class com.groupfour.mygame.App
13:55:27.638 [FXGL Background Thread 1 ] DEBUG GameApplicationServi - Applying CSS: fxgl_dark.css
13:55:27.639 [FXGL Background Thread 1 ] DEBUG FXGLAssetLoaderServi - Loading from file system: jar:file:///C:/Users/acer/.m2/repository/com/github/almasb/fxgl/dev-SNAPSHOT/fxgl-dev-SNAPSHOT.jar!/fxglassets/ui/css/fxgl_dark.css
13:55:27.678 [FXGL Background Thread 1 ] DEBUG GameApplicationServi - Initializing application scenes
13:55:27.704 [FXGL Background Thread 1 ] DEBUG GameWorld            - Game world initialized
13:55:27.736 [FXGL Background Thread 1 ] DEBUG PhysicsWorld         - Physics world initialized: appHeight=600, physics.ppm=50.0
13:55:27.737 [FXGL Background Thread 1 ] DEBUG PhysicsWorld         - Using strategy: BRUTE_FORCE
13:55:27.738 [FXGL Background Thread 1 ] DEBUG GameScene            - Game scene initialized: 800x600
13:55:27.746 [FXGL Background Thread 1 ] DEBUG FXGL.DefaultMenu     - createMenuBodyMainMenu()
13:55:27.755 [FXGL Background Thread 1 ] DEBUG FXGL.DefaultMenu     - createOptionsMenu()
13:55:27.761 [FXGL Background Thread 1 ] DEBUG FXGLAssetLoaderServi - Loading from file system: jar:file:///C:/Users/acer/.m2/repository/com/github/almasb/fxgl/dev-SNAPSHOT/fxgl-dev-SNAPSHOT.jar!/fxglassets/textures/particles/smoke.png
13:55:27.826 [FXGL Background Thread 1 ] DEBUG FXGLAssetLoaderServi - Loading from file system: jar:file:///C:/Users/acer/.m2/repository/com/github/almasb/fxgl/dev-SNAPSHOT/fxgl-dev-SNAPSHOT.jar!/fxglassets/textures/particles/trace_horizontal.png
13:55:27.848 [FXGL Background Thread 1 ] DEBUG GameApplicationServi - Application scenes initialized
13:55:27.856 [FXGL Background Thread 1 ] DEBUG SystemBundleService  - Loading FXGL system data
13:55:27.859 [FXGL Background Thread 1 ] DEBUG FileSystemAccess     - Reading from: C:\Users\acer\OneDrive\Desktop\git pull\CSS124L-FINAL-PROJECT\system\fxgl.bundle
13:55:27.863 [FXGL Background Thread 1 ] DEBUG SystemBundleService  - Bundle FXGL: {}
13:55:27.863 [FXGL Background Thread 1 ] DEBUG UpdaterService       - Checking for updates
13:55:27.881 [FXGL Background Thread 4 ] DEBUG FXGLApplication      - Loading fonts
13:55:27.882 [FXGL Background Thread 1 ] DEBUG FXGLApplication      - Loading default localization
13:55:27.882 [FXGL Background Thread 4 ] DEBUG FXGLAssetLoaderServi - Loading from file system: jar:file:///C:/Users/acer/.m2/repository/com/github/almasb/fxgl/dev-SNAPSHOT/fxgl-dev-SNAPSHOT.jar!/fxglassets/ui/fonts/VarelaRound-Regular.ttf
13:55:27.882 [FXGL Background Thread 1 ] DEBUG FXGLAssetLoaderServi - Loading from file system: jar:file:///C:/Users/acer/.m2/repository/com/github/almasb/fxgl/dev-SNAPSHOT/fxgl-dev-SNAPSHOT.jar!/fxglassets/languages/english.lang
13:55:27.896 [FXGL Background Thread 1 ] INFO  FXGLApplication      - FXGL initialization took: 0.292 sec
13:55:27.908 [JavaFX Application Thread] DEBUG Input                - Registered new binding: Move Upwards - W
13:55:27.908 [JavaFX Application Thread] DEBUG Input                - Registered new binding: Move Down - S
13:55:27.908 [JavaFX Application Thread] DEBUG Input                - Registered new binding: Move Left - A
13:55:27.908 [JavaFX Application Thread] DEBUG Input                - Registered new binding: Move Right - D
13:55:27.908 [JavaFX Application Thread] DEBUG Input                - Registered new binding: Reload - R
13:55:27.910 [JavaFX Application Thread] DEBUG Input                - Registered new binding: Shoot - LMB
13:55:27.910 [JavaFX Application Thread] DEBUG Input                - Registered new binding: Switch Weapons - Q
13:55:27.911 [JavaFX Application Thread] DEBUG Input                - Registered new binding: Interact - F
13:55:27.911 [JavaFX Application Thread] DEBUG FXGLAssetLoaderServi - Loading from file system: jar:file:///C:/Users/acer/.m2/repository/com/github/almasb/fxgl/dev-SNAPSHOT/fxgl-dev-SNAPSHOT.jar!/fxglassets/textures/fxgl_icon.png
13:55:27.923 [JavaFX Application Thread] DEBUG FXGLAssetLoaderServi - Loading from file system: jar:file:///C:/Users/acer/.m2/repository/com/github/almasb/fxgl/dev-SNAPSHOT/fxgl-dev-SNAPSHOT.jar!/fxglassets/textures/fxgl_default_cursor.png
13:55:27.926 [JavaFX Application Thread] DEBUG Input                - Registered new binding: Screenshot - CTRL+8
13:55:27.927 [JavaFX Application Thread] DEBUG Input                - Registered new binding: Dev Options - 1
13:55:27.927 [JavaFX Application Thread] DEBUG Input                - Registered new binding: Dev Console - 2
13:55:27.928 [JavaFX Application Thread] DEBUG Input                - Registered new binding: System info dump - CTRL+9
13:55:27.928 [JavaFX Application Thread] DEBUG Input                - Registered new binding: Restart - CTRL+R
13:55:27.928 [JavaFX Application Thread] DEBUG Input                - Registered new binding: Toggle Debug Camera - CTRL+C
13:55:27.931 [JavaFX Application Thread] DEBUG LoopRunner           - Starting loop
13:55:27.943 [JavaFX Application Thread] DEBUG LoopRunner           - Initializing JavaFX AnimationTimerLoop
13:55:27.945 [JavaFX Application Thread] DEBUG Input                - Clearing active input actions
13:55:27.953 [JavaFX Application Thread] DEBUG GameApplicationServi - Removing overlay from FXGLStartupScene and adding to FXGLMainMenuDummyScene
13:55:27.958 [JavaFX Application Thread] DEBUG PrimaryStageWindow   - FXGLStartupScene -> FXGLMainMenuDummyScene
13:55:27.958 [JavaFX Application Thread] DEBUG PrimaryStageWindow   - Push state: FXGLDefaultMenu
13:55:27.961 [JavaFX Application Thread] DEBUG Input                - Clearing active input actions
13:55:27.967 [JavaFX Application Thread] DEBUG GameApplicationServi - Removing overlay from FXGLMainMenuDummyScene and adding to FXGLDefaultMenu
13:55:27.967 [JavaFX Application Thread] DEBUG PrimaryStageWindow   - FXGLMainMenuDummyScene -> FXGLDefaultMenu
13:55:28.301 [FXGL Background Thread 4 ] DEBUG FXGLAssetLoaderServi - Loading from file system: jar:file:///C:/Users/acer/.m2/repository/com/github/almasb/fxgl/dev-SNAPSHOT/fxgl-dev-SNAPSHOT.jar!/fxglassets/ui/fonts/Abel-Regular.ttf
13:55:28.306 [FXGL Background Thread 4 ] DEBUG FXGLAssetLoaderServi - Loading from file system: jar:file:///C:/Users/acer/.m2/repository/com/github/almasb/fxgl/dev-SNAPSHOT/fxgl-dev-SNAPSHOT.jar!/fxglassets/ui/fonts/lucida_console.ttf
13:55:28.315 [FXGL Background Thread 4 ] DEBUG FXGLAssetLoaderServi - Loading from file system: jar:file:///C:/Users/acer/.m2/repository/com/github/almasb/fxgl/dev-SNAPSHOT/fxgl-dev-SNAPSHOT.jar!/fxglassets/ui/fonts/Courier-Prime.ttf
13:55:28.328 [JavaFX Application Thread] DEBUG FXGLApplication      - Registering font factories with UI factory
13:55:28.534 [JavaFX Application Thread] DEBUG Menu                 - fireNewGame()
13:55:28.534 [JavaFX Application Thread] DEBUG GameApplicationServi - Starting new game
13:55:28.536 [JavaFX Application Thread] DEBUG PrimaryStageWindow   - Pop state: FXGLDefaultMenu
13:55:28.537 [JavaFX Application Thread] DEBUG Input                - Clearing active input actions
13:55:28.539 [JavaFX Application Thread] DEBUG GameApplicationServi - Removing overlay from FXGLDefaultMenu and adding to FXGLMainMenuDummyScene
13:55:28.541 [JavaFX Application Thread] DEBUG PrimaryStageWindow   - FXGLMainMenuDummyScene <- FXGLDefaultMenu
13:55:28.542 [JavaFX Application Thread] DEBUG Input                - Clearing active input actions
13:55:28.550 [JavaFX Application Thread] DEBUG GameApplicationServi - Removing overlay from FXGLMainMenuDummyScene and adding to FXGLLoadingScene
13:55:28.551 [JavaFX Application Thread] DEBUG PrimaryStageWindow   - FXGLMainMenuDummyScene -> FXGLLoadingScene
13:55:28.551 [JavaFX Application Thread] DEBUG GameApplicationServi - Clearing previous game
13:55:28.551 [JavaFX Application Thread] DEBUG GameScene            - Clearing game scene
13:55:28.551 [JavaFX Application Thread] DEBUG GameWorld            - Clearing game world
13:55:28.551 [JavaFX Application Thread] DEBUG PhysicsWorld         - Clearing physics world
13:55:28.552 [FXGL Background Thread 4 ] DEBUG FXGLApplication      - Initializing game
13:55:28.567 [FXGL Background Thread 2 ] INFO  UpdaterService       - Your current version:  dev-SNAPSHOT
13:55:28.568 [FXGL Background Thread 2 ] INFO  UpdaterService       - Latest stable version: 21.1
13:55:28.588 [FXGL Background Thread 4 ] DEBUG FXGLAssetLoaderServi - Loading from file system: file:/C:/Users/acer/OneDrive/Desktop/git%20pull/CSS124L-FINAL-PROJECT/fp/target/classes/assets/textures/Players/1P_Idle.png
13:55:28.591 [FXGL Background Thread 4 ] DEBUG FXGLAssetLoaderServi - Loading from file system: file:/C:/Users/acer/OneDrive/Desktop/git%20pull/CSS124L-FINAL-PROJECT/fp/target/classes/assets/textures/Players/1P_Walk.gif
13:55:28.597 [FXGL Background Thread 4 ] DEBUG FXGLAssetLoaderServi - Loading from file system: file:/C:/Users/acer/OneDrive/Desktop/git%20pull/CSS124L-FINAL-PROJECT/fp/target/classes/assets/textures/Players/1P_Shoot.gif
13:55:28.626 [FXGL Background Thread 4 ] INFO  FXGLApplication      - Game initialization took: 0.073 sec
13:55:28.630 [JavaFX Application Thread] DEBUG Input                - Clearing active input actions
13:55:28.634 [JavaFX Application Thread] DEBUG GameApplicationServi - Removing overlay from FXGLLoadingScene and adding to GameScene
13:55:28.635 [JavaFX Application Thread] DEBUG PrimaryStageWindow   - FXGLLoadingScene -> GameScene
13:55:28.639 [JavaFX Application Thread] DEBUG PrimaryStageWindow   - Push state: PlayerCountMenu
13:55:28.639 [JavaFX Application Thread] DEBUG Input                - Clearing active input actions
13:55:28.639 [JavaFX Application Thread] DEBUG GameApplicationServi - Removing overlay from GameScene and adding to PlayerCountMenu
13:55:28.640 [JavaFX Application Thread] DEBUG PrimaryStageWindow   - GameScene -> PlayerCountMenu
13:55:29.351 [JavaFX Application Thread] DEBUG PrimaryStageWindow   - Pop state: PlayerCountMenu
13:55:29.351 [JavaFX Application Thread] DEBUG Input                - Clearing active input actions
13:55:29.352 [JavaFX Application Thread] DEBUG GameApplicationServi - Removing overlay from PlayerCountMenu and adding to GameScene
13:55:29.352 [JavaFX Application Thread] DEBUG PrimaryStageWindow   - GameScene <- PlayerCountMenu
13:55:29.774 [JavaFX Application Thread] DEBUG FXGLAssetLoaderServi - Loading from file system: file:/C:/Users/acer/OneDrive/Desktop/git%20pull/CSS124L-FINAL-PROJECT/fp/target/classes/assets/textures/Zombies/Basic_Zombie_Walking.gif
13:55:29.777 [JavaFX Application Thread] DEBUG FXGLAssetLoaderServi - Loading from file system: file:/C:/Users/acer/OneDrive/Desktop/git%20pull/CSS124L-FINAL-PROJECT/fp/target/classes/assets/textures/Zombies/Basic_Zombie_Attack.gif
13:55:30.881 [FXGL Background Thread 3 ] DEBUG Engine               - Logging environment variables
13:55:30.881 [FXGL Background Thread 3 ] DEBUG Engine               - achievements: []
13:55:30.881 [FXGL Background Thread 3 ] DEBUG Engine               - actualHeight: 600.0
13:55:30.881 [FXGL Background Thread 3 ] DEBUG Engine               - actualHeightProperty: ReadOnlyDoubleProperty [value: 600.0]
13:55:30.881 [FXGL Background Thread 3 ] DEBUG Engine               - actualWidth: 800.0
13:55:30.881 [FXGL Background Thread 3 ] DEBUG Engine               - actualWidthProperty: ReadOnlyDoubleProperty [value: 800.0]
13:55:30.882 [FXGL Background Thread 3 ] DEBUG Engine               - appIcon: fxgl_icon.png
13:55:30.882 [FXGL Background Thread 3 ] DEBUG Engine               - applicationMode: DEVELOPER
13:55:30.882 [FXGL Background Thread 3 ] DEBUG Engine               - cSSList: [fxgl_dark.css]
13:55:30.882 [FXGL Background Thread 3 ] DEBUG Engine               - collisionDetectionStrategy: BRUTE_FORCE
13:55:30.882 [FXGL Background Thread 3 ] DEBUG Engine               - configClass: Optional.empty
13:55:30.882 [FXGL Background Thread 3 ] DEBUG Engine               - credits: []
13:55:30.882 [FXGL Background Thread 3 ] DEBUG Engine               - defaultCursor: CursorInfo(imageName=fxgl_default_cursor.png, hotspotX=7.0, hotspotY=6.0)
13:55:30.882 [FXGL Background Thread 3 ] DEBUG Engine               - devBBoxColorProperty: ObjectProperty [value: 0xff0000ff]
13:55:30.882 [FXGL Background Thread 3 ] DEBUG Engine               - devEnableDebugCameraProperty: BooleanProperty [value: false]
13:55:30.882 [FXGL Background Thread 3 ] DEBUG Engine               - devSensorColorProperty: ObjectProperty [value: 0xffff00ff]
13:55:30.882 [FXGL Background Thread 3 ] DEBUG Engine               - devShowBBoxProperty: BooleanProperty [value: false]
13:55:30.883 [FXGL Background Thread 3 ] DEBUG Engine               - devShowPositionProperty: BooleanProperty [value: false]
13:55:30.883 [FXGL Background Thread 3 ] DEBUG Engine               - enabledMenuItems: []
13:55:30.883 [FXGL Background Thread 3 ] DEBUG Engine               - engineServices: [class com.almasb.fxgl.app.services.FXGLAssetLoaderService, class com.almasb.fxgl.app.FXGLApplication$GameApplicationService, class com.almasb.fxgl.app.services.FXGLDialogService, class com.almasb.fxgl.app.services.IOTaskExecutorService, class com.almasb.fxgl.io.FileSystemService, class com.almasb.fxgl.localization.LocalizationService, class com.almasb.fxgl.app.services.SystemBundleService, class com.almasb.fxgl.profile.SaveLoadService, class com.almasb.fxgl.ui.FXGLUIFactoryServiceProvider, class com.almasb.fxgl.ui.FXGLDialogFactoryServiceProvider, class com.almasb.fxgl.audio.AudioPlayer, class com.almasb.fxgl.notification.impl.NotificationServiceProvider, class com.almasb.fxgl.achievement.AchievementService, class com.almasb.fxgl.cutscene.CutsceneService, class com.almasb.fxgl.minigames.MiniGameService, class com.almasb.fxgl.net.NetService, class com.almasb.fxgl.app.services.UpdaterService, class com.almasb.fxgl.dev.DevService, class com.almasb.fxgl.multiplayer.MultiplayerService]
13:55:30.883 [FXGL Background Thread 3 ] DEBUG Engine               - fontGame: Abel-Regular.ttf
13:55:30.883 [FXGL Background Thread 3 ] DEBUG Engine               - fontMono: lucida_console.ttf
13:55:30.883 [FXGL Background Thread 3 ] DEBUG Engine               - fontText: Courier-Prime.ttf
13:55:30.883 [FXGL Background Thread 3 ] DEBUG Engine               - fontUI: VarelaRound-Regular.ttf
13:55:30.883 [FXGL Background Thread 3 ] DEBUG Engine               - fullScreen: BooleanProperty [value: false]
13:55:30.883 [FXGL Background Thread 3 ] DEBUG Engine               - gameDifficulty: MEDIUM
13:55:30.883 [FXGL Background Thread 3 ] DEBUG Engine               - gameDifficultyProperty: ObjectProperty [value: MEDIUM]
13:55:30.883 [FXGL Background Thread 3 ] DEBUG Engine               - globalMusicVolume: 0.5
13:55:30.883 [FXGL Background Thread 3 ] DEBUG Engine               - globalMusicVolumeProperty: DoubleProperty [value: 0.5]
13:55:30.883 [FXGL Background Thread 3 ] DEBUG Engine               - globalSoundVolume: 0.5
13:55:30.883 [FXGL Background Thread 3 ] DEBUG Engine               - globalSoundVolumeProperty: DoubleProperty [value: 0.5]
13:55:30.883 [FXGL Background Thread 3 ] DEBUG Engine               - height: 600
13:55:30.883 [FXGL Background Thread 3 ] DEBUG Engine               - is3D: false
13:55:30.883 [FXGL Background Thread 3 ] DEBUG Engine               - isAndroid: false
13:55:30.883 [FXGL Background Thread 3 ] DEBUG Engine               - isBrowser: false
13:55:30.883 [FXGL Background Thread 3 ] DEBUG Engine               - isClickFeedbackEnabled: false
13:55:30.883 [FXGL Background Thread 3 ] DEBUG Engine               - isCloseConfirmation: false
13:55:30.883 [FXGL Background Thread 3 ] DEBUG Engine               - isDesktop: true
13:55:30.883 [FXGL Background Thread 3 ] DEBUG Engine               - isDeveloperMenuEnabled: true
13:55:30.883 [FXGL Background Thread 3 ] DEBUG Engine               - isEmbedded: false
13:55:30.883 [FXGL Background Thread 3 ] DEBUG Engine               - isEntityPreloadEnabled: true
13:55:30.883 [FXGL Background Thread 3 ] DEBUG Engine               - isExperimentalTiledLargeMap: false
13:55:30.883 [FXGL Background Thread 3 ] DEBUG Engine               - isFileSystemWriteAllowed: true
13:55:30.883 [FXGL Background Thread 3 ] DEBUG Engine               - isFullScreenAllowed: false
13:55:30.883 [FXGL Background Thread 3 ] DEBUG Engine               - isFullScreenFromStart: false
13:55:30.883 [FXGL Background Thread 3 ] DEBUG Engine               - isGameMenuEnabled: true
13:55:30.885 [FXGL Background Thread 3 ] DEBUG Engine               - isIOS: false
13:55:30.885 [FXGL Background Thread 3 ] DEBUG Engine               - isIntroEnabled: false
13:55:30.885 [FXGL Background Thread 3 ] DEBUG Engine               - isLinux: false
13:55:30.885 [FXGL Background Thread 3 ] DEBUG Engine               - isMac: false
13:55:30.885 [FXGL Background Thread 3 ] DEBUG Engine               - isMainMenuEnabled: true
13:55:30.885 [FXGL Background Thread 3 ] DEBUG Engine               - isManualResizeEnabled: false
13:55:30.885 [FXGL Background Thread 3 ] DEBUG Engine               - isMobile: false
13:55:30.885 [FXGL Background Thread 3 ] DEBUG Engine               - isNative: false
13:55:30.885 [FXGL Background Thread 3 ] DEBUG Engine               - isPauseMusicWhenMinimized: true
13:55:30.885 [FXGL Background Thread 3 ] DEBUG Engine               - isPreserveResizeRatio: false
13:55:30.885 [FXGL Background Thread 3 ] DEBUG Engine               - isProfilingEnabled: false
13:55:30.885 [FXGL Background Thread 3 ] DEBUG Engine               - isScaleAffectedOnResize: true
13:55:30.885 [FXGL Background Thread 3 ] DEBUG Engine               - isSingleStep: false
13:55:30.885 [FXGL Background Thread 3 ] DEBUG Engine               - isUserProfileEnabled: false
13:55:30.885 [FXGL Background Thread 3 ] DEBUG Engine               - isWindows: true
13:55:30.885 [FXGL Background Thread 3 ] DEBUG Engine               - language: ObjectProperty [value: ENGLISH]
13:55:30.885 [FXGL Background Thread 3 ] DEBUG Engine               - menuKey: ESCAPE
13:55:30.885 [FXGL Background Thread 3 ] DEBUG Engine               - mouseSensitivity: 0.2
13:55:30.885 [FXGL Background Thread 3 ] DEBUG Engine               - notificationViewClass: class com.almasb.fxgl.notification.view.XboxNotificationView
13:55:30.885 [FXGL Background Thread 3 ] DEBUG Engine               - pixelsPerMeter: 50.0
13:55:30.885 [FXGL Background Thread 3 ] DEBUG Engine               - platform: WINDOWS
13:55:30.885 [FXGL Background Thread 3 ] DEBUG Engine               - prefHeightProperty: ReadOnlyDoubleProperty [value: 600.0]
13:55:30.885 [FXGL Background Thread 3 ] DEBUG Engine               - prefWidthProperty: ReadOnlyDoubleProperty [value: 800.0]
13:55:30.885 [FXGL Background Thread 3 ] DEBUG Engine               - profileDir: profiles/
13:55:30.885 [FXGL Background Thread 3 ] DEBUG Engine               - profileName: StringProperty [value: DEFAULT]
13:55:30.885 [FXGL Background Thread 3 ] DEBUG Engine               - randomSeed: -1
13:55:30.885 [FXGL Background Thread 3 ] DEBUG Engine               - runtimeInfo: RuntimeInfo(platform=WINDOWS, version=dev-SNAPSHOT, build=28.07.2021 16.39)
13:55:30.885 [FXGL Background Thread 3 ] DEBUG Engine               - saveFileExt: sav
13:55:30.886 [FXGL Background Thread 3 ] DEBUG Engine               - scaledHeightProp$fxgl: DoubleProperty [bound, value: 600.0]
13:55:30.886 [FXGL Background Thread 3 ] DEBUG Engine               - scaledWidthProp$fxgl: DoubleProperty [bound, value: 800.0]
13:55:30.886 [FXGL Background Thread 3 ] DEBUG Engine               - sceneFactory: com.groupfour.mygame.App$1@348338e0
13:55:30.886 [FXGL Background Thread 3 ] DEBUG Engine               - secondsIn24h: 60
13:55:30.886 [FXGL Background Thread 3 ] DEBUG Engine               - soundMenuBack: menu/back.wav
13:55:30.886 [FXGL Background Thread 3 ] DEBUG Engine               - soundMenuPress: menu/press.wav
13:55:30.886 [FXGL Background Thread 3 ] DEBUG Engine               - soundMenuSelect: menu/select.wav
13:55:30.886 [FXGL Background Thread 3 ] DEBUG Engine               - soundNotification: core/notification.wav
13:55:30.886 [FXGL Background Thread 3 ] DEBUG Engine               - stageStyle: DECORATED
13:55:30.886 [FXGL Background Thread 3 ] DEBUG Engine               - supportedLanguages: [ENGLISH, FRENCH, GERMAN, HUNGARIAN, RUSSIAN]
13:55:30.886 [FXGL Background Thread 3 ] DEBUG Engine               - ticksPerSecond: -1
13:55:30.886 [FXGL Background Thread 3 ] DEBUG Engine               - title: Flatline: Oregon
13:55:30.886 [FXGL Background Thread 3 ] DEBUG Engine               - urlGithub: https://github.com/AlmasB/FXGL
13:55:30.886 [FXGL Background Thread 3 ] DEBUG Engine               - urlLeaderboard: http://fxgl-top.herokuapp.com/
13:55:30.886 [FXGL Background Thread 3 ] DEBUG Engine               - urlPOM: https://raw.githubusercontent.com/AlmasB/FXGL/release/README.md
13:55:30.886 [FXGL Background Thread 3 ] DEBUG Engine               - userAppClass: class com.groupfour.mygame.App
13:55:30.886 [FXGL Background Thread 3 ] DEBUG Engine               - version: Alpha 0.3
13:55:30.886 [FXGL Background Thread 3 ] DEBUG Engine               - versionCheckDays: 7
13:55:30.886 [FXGL Background Thread 3 ] DEBUG Engine               - width: 800
13:55:30.886 [FXGL Background Thread 3 ] DEBUG Engine               - Logging services
13:55:30.886 [FXGL Background Thread 3 ] DEBUG Engine               - class com.almasb.fxgl.app.services.FXGLAssetLoaderService
13:55:30.886 [FXGL Background Thread 3 ] DEBUG Engine               - class com.almasb.fxgl.app.FXGLApplication$GameApplicationService
13:55:30.886 [FXGL Background Thread 3 ] DEBUG Engine               - class com.almasb.fxgl.app.services.FXGLDialogService
13:55:30.887 [FXGL Background Thread 3 ] DEBUG Engine               - class com.almasb.fxgl.app.services.IOTaskExecutorService
13:55:30.887 [FXGL Background Thread 3 ] DEBUG Engine               - class com.almasb.fxgl.io.FileSystemService
13:55:30.887 [FXGL Background Thread 3 ] DEBUG Engine               - class com.almasb.fxgl.localization.LocalizationService
13:55:30.887 [FXGL Background Thread 3 ] DEBUG Engine               - class com.almasb.fxgl.app.services.SystemBundleService
13:55:30.887 [FXGL Background Thread 3 ] DEBUG Engine               - class com.almasb.fxgl.profile.SaveLoadService
13:55:30.887 [FXGL Background Thread 3 ] DEBUG Engine               - class com.almasb.fxgl.ui.FXGLUIFactoryServiceProvider
13:55:30.887 [FXGL Background Thread 3 ] DEBUG Engine               - class com.almasb.fxgl.ui.FXGLDialogFactoryServiceProvider
13:55:30.887 [FXGL Background Thread 3 ] DEBUG Engine               - class com.almasb.fxgl.audio.AudioPlayer
13:55:30.887 [FXGL Background Thread 3 ] DEBUG Engine               - class com.almasb.fxgl.notification.impl.NotificationServiceProvider
13:55:30.887 [FXGL Background Thread 3 ] DEBUG Engine               - class com.almasb.fxgl.achievement.AchievementService
13:55:30.887 [FXGL Background Thread 3 ] DEBUG Engine               - class com.almasb.fxgl.cutscene.CutsceneService
13:55:30.887 [FXGL Background Thread 3 ] DEBUG Engine               - class com.almasb.fxgl.minigames.MiniGameService
13:55:30.887 [FXGL Background Thread 3 ] DEBUG Engine               - class com.almasb.fxgl.net.NetService
13:55:30.887 [FXGL Background Thread 3 ] DEBUG Engine               - class com.almasb.fxgl.app.services.UpdaterService
13:55:30.887 [FXGL Background Thread 3 ] DEBUG Engine               - class com.almasb.fxgl.dev.DevService
13:55:30.887 [FXGL Background Thread 3 ] DEBUG Engine               - class com.almasb.fxgl.multiplayer.MultiplayerService
13:55:32.010 [JavaFX Application Thread] DEBUG FXGLApplication      - Exiting FXGL
13:55:32.010 [JavaFX Application Thread] DEBUG LoopRunner           - Stopping loop
13:55:32.010 [JavaFX Application Thread] DEBUG SystemBundleService  - Saving FXGL system data
13:55:32.011 [JavaFX Application Thread] DEBUG FileSystemAccess     - Writing to: C:\Users\acer\OneDrive\Desktop\git pull\CSS124L-FINAL-PROJECT\system\fxgl.bundle
13:55:32.012 [JavaFX Application Thread] DEBUG Async                - Shutting down background threads
13:55:32.013 [JavaFX Application Thread] DEBUG PrimaryStageWindow   - Closing main window
13:55:32.024 [JavaFX Application Thread] DEBUG Logger               - Closing Logger
