20:33:38.524 [main                     ] DEBUG Logger               - Configured Logger
20:33:38.527 [main                     ] DEBUG GameApplication      - Logging settings
Title: Flatline: Oregon
Version: Alpha 0.3
Width: 800
Height: 600
Fullscreen: false
Intro: false
Profiling: false
Single step:false
App Mode: DEVELOPER
Menu Key: ESCAPE
Stage Style: DECORATED
Scene Factory: class com.groupfour.mygame.App$1

20:33:38.799 [JavaFX Application Thread] DEBUG FXGLApplication      - Initializing FXGL
20:33:38.800 [JavaFX Application Thread] INFO  Engine               - FXGL-dev-SNAPSHOT (28.07.2021 16.39) on WINDOWS (J:21.0.4 FX:16)
20:33:38.801 [JavaFX Application Thread] DEBUG Engine               - JRE Vendor Name: Eclipse Adoptium
20:33:38.801 [JavaFX Application Thread] DEBUG Engine               - Running on OS: Windows 11 version 10.0
20:33:38.801 [JavaFX Application Thread] DEBUG Engine               - Architecture: amd64
20:33:38.801 [JavaFX Application Thread] INFO  Engine               - Source code and latest versions at: https://github.com/AlmasB/FXGL
20:33:38.801 [JavaFX Application Thread] INFO  Engine               -              Join the FXGL chat at: https://gitter.im/AlmasB/FXGL
20:33:38.864 [JavaFX Application Thread] DEBUG PrimaryStageWindow   - Creating a JavaFX scene
20:33:38.895 [JavaFX Application Thread] DEBUG PrimaryStageWindow   - Target settings size: 800.0 x 600.0
20:33:38.895 [JavaFX Application Thread] DEBUG PrimaryStageWindow   - Scaled scene size:    800.0 x 600.0
20:33:38.895 [JavaFX Application Thread] DEBUG PrimaryStageWindow   - Scaled ratio: (1.0, 1.0)
20:33:38.896 [JavaFX Application Thread] DEBUG PrimaryStageWindow   - Set initial scene to FXGLStartupScene
20:33:38.900 [JavaFX Application Thread] DEBUG PrimaryStageWindow   - Opening main window
20:33:38.965 [JavaFX Application Thread] DEBUG PrimaryStageWindow   - Window border size: (16.0, 39.0)
20:33:38.965 [JavaFX Application Thread] DEBUG PrimaryStageWindow   - Scaled size: 800.0 x 600.0
20:33:38.966 [JavaFX Application Thread] DEBUG PrimaryStageWindow   - Scaled ratio: (1.0, 1.0)
20:33:38.966 [JavaFX Application Thread] DEBUG PrimaryStageWindow   - Scene size: 800.0 x 600.0
20:33:38.966 [JavaFX Application Thread] DEBUG PrimaryStageWindow   - Stage size: 816.0 x 639.0
20:33:38.973 [FXGL Background Thread 1 ] DEBUG Engine               - Initializing environment variables
20:33:39.030 [FXGL Background Thread 1 ] DEBUG FXGLAssetLoaderServi - User app class for loading assets: class com.groupfour.mygame.App
20:33:39.030 [FXGL Background Thread 1 ] DEBUG GameApplicationServi - Applying CSS: fxgl_dark.css
20:33:39.031 [FXGL Background Thread 1 ] DEBUG FXGLAssetLoaderServi - Loading from file system: jar:file:///C:/Users/Cent/.m2/repository/com/github/almasb/fxgl/dev-SNAPSHOT/fxgl-dev-SNAPSHOT.jar!/fxglassets/ui/css/fxgl_dark.css
20:33:39.071 [FXGL Background Thread 1 ] DEBUG GameApplicationServi - Initializing application scenes
20:33:39.120 [FXGL Background Thread 1 ] DEBUG GameWorld            - Game world initialized
20:33:39.180 [FXGL Background Thread 1 ] DEBUG PhysicsWorld         - Physics world initialized: appHeight=600, physics.ppm=50.0
20:33:39.180 [FXGL Background Thread 1 ] DEBUG PhysicsWorld         - Using strategy: BRUTE_FORCE
20:33:39.182 [FXGL Background Thread 1 ] DEBUG GameScene            - Game scene initialized: 800x600
20:33:39.190 [FXGL Background Thread 1 ] DEBUG FXGL.DefaultMenu     - createMenuBodyMainMenu()
20:33:39.200 [FXGL Background Thread 1 ] DEBUG FXGL.DefaultMenu     - createOptionsMenu()
20:33:39.208 [FXGL Background Thread 1 ] DEBUG FXGLAssetLoaderServi - Loading from file system: jar:file:///C:/Users/Cent/.m2/repository/com/github/almasb/fxgl/dev-SNAPSHOT/fxgl-dev-SNAPSHOT.jar!/fxglassets/textures/particles/smoke.png
20:33:39.291 [FXGL Background Thread 1 ] DEBUG FXGLAssetLoaderServi - Loading from file system: jar:file:///C:/Users/Cent/.m2/repository/com/github/almasb/fxgl/dev-SNAPSHOT/fxgl-dev-SNAPSHOT.jar!/fxglassets/textures/particles/trace_horizontal.png
20:33:39.319 [FXGL Background Thread 1 ] DEBUG GameApplicationServi - Application scenes initialized
20:33:39.326 [FXGL Background Thread 1 ] DEBUG SystemBundleService  - Loading FXGL system data
20:33:39.329 [FXGL Background Thread 1 ] DEBUG FileSystemAccess     - Reading from: c:\Users\Cent\Desktop\CSS124L-LE\CSS124L-FinalExam\CSS124L-FINAL-PROJECT\system\fxgl.bundle
20:33:39.337 [FXGL Background Thread 1 ] DEBUG SystemBundleService  - Bundle FXGL: {}
20:33:39.337 [FXGL Background Thread 1 ] DEBUG UpdaterService       - Checking for updates
20:33:39.340 [FXGL Background Thread 4 ] DEBUG FXGLApplication      - Loading fonts
20:33:39.340 [FXGL Background Thread 1 ] DEBUG FXGLApplication      - Loading default localization
20:33:39.340 [FXGL Background Thread 4 ] DEBUG FXGLAssetLoaderServi - Loading from file system: jar:file:///C:/Users/Cent/.m2/repository/com/github/almasb/fxgl/dev-SNAPSHOT/fxgl-dev-SNAPSHOT.jar!/fxglassets/ui/fonts/VarelaRound-Regular.ttf
20:33:39.340 [FXGL Background Thread 1 ] DEBUG FXGLAssetLoaderServi - Loading from file system: jar:file:///C:/Users/Cent/.m2/repository/com/github/almasb/fxgl/dev-SNAPSHOT/fxgl-dev-SNAPSHOT.jar!/fxglassets/languages/english.lang
20:33:39.351 [FXGL Background Thread 1 ] INFO  FXGLApplication      - FXGL initialization took: 0.378 sec
20:33:39.369 [JavaFX Application Thread] DEBUG Input                - Registered new binding: Move Upwards - W
20:33:39.369 [JavaFX Application Thread] DEBUG Input                - Registered new binding: Move Down - S
20:33:39.369 [JavaFX Application Thread] DEBUG Input                - Registered new binding: Move Left - A
20:33:39.370 [JavaFX Application Thread] DEBUG Input                - Registered new binding: Move Right - D
20:33:39.370 [JavaFX Application Thread] DEBUG Input                - Registered new binding: Reload - R
20:33:39.380 [JavaFX Application Thread] DEBUG Input                - Registered new binding: Shoot - LMB
20:33:39.380 [FXGL Background Thread 4 ] DEBUG FXGLAssetLoaderServi - Loading from file system: jar:file:///C:/Users/Cent/.m2/repository/com/github/almasb/fxgl/dev-SNAPSHOT/fxgl-dev-SNAPSHOT.jar!/fxglassets/ui/fonts/Abel-Regular.ttf
20:33:39.380 [JavaFX Application Thread] DEBUG FXGLAssetLoaderServi - Loading from file system: jar:file:///C:/Users/Cent/.m2/repository/com/github/almasb/fxgl/dev-SNAPSHOT/fxgl-dev-SNAPSHOT.jar!/fxglassets/textures/fxgl_icon.png
20:33:39.382 [FXGL Background Thread 4 ] DEBUG FXGLAssetLoaderServi - Loading from file system: jar:file:///C:/Users/Cent/.m2/repository/com/github/almasb/fxgl/dev-SNAPSHOT/fxgl-dev-SNAPSHOT.jar!/fxglassets/ui/fonts/lucida_console.ttf
20:33:39.387 [FXGL Background Thread 4 ] DEBUG FXGLAssetLoaderServi - Loading from file system: jar:file:///C:/Users/Cent/.m2/repository/com/github/almasb/fxgl/dev-SNAPSHOT/fxgl-dev-SNAPSHOT.jar!/fxglassets/ui/fonts/Courier-Prime.ttf
20:33:39.398 [JavaFX Application Thread] DEBUG FXGLAssetLoaderServi - Loading from file system: jar:file:///C:/Users/Cent/.m2/repository/com/github/almasb/fxgl/dev-SNAPSHOT/fxgl-dev-SNAPSHOT.jar!/fxglassets/textures/fxgl_default_cursor.png
20:33:39.400 [JavaFX Application Thread] DEBUG Input                - Registered new binding: Screenshot - CTRL+8
20:33:39.400 [JavaFX Application Thread] DEBUG Input                - Registered new binding: System info dump - CTRL+9
20:33:39.400 [JavaFX Application Thread] DEBUG Input                - Registered new binding: Restart - CTRL+R
20:33:39.402 [JavaFX Application Thread] DEBUG Input                - Registered new binding: Toggle Debug Camera - CTRL+C
20:33:39.403 [JavaFX Application Thread] DEBUG LoopRunner           - Starting loop
20:33:39.403 [JavaFX Application Thread] DEBUG LoopRunner           - Initializing JavaFX AnimationTimerLoop
20:33:39.404 [JavaFX Application Thread] DEBUG Input                - Clearing active input actions
20:33:39.411 [JavaFX Application Thread] DEBUG GameApplicationServi - Removing overlay from FXGLStartupScene and adding to FXGLMainMenuDummyScene
20:33:39.411 [JavaFX Application Thread] DEBUG PrimaryStageWindow   - FXGLStartupScene -> FXGLMainMenuDummyScene
20:33:39.411 [JavaFX Application Thread] DEBUG PrimaryStageWindow   - Push state: FXGLDefaultMenu
20:33:39.424 [JavaFX Application Thread] DEBUG Input                - Clearing active input actions
20:33:39.432 [JavaFX Application Thread] DEBUG GameApplicationServi - Removing overlay from FXGLMainMenuDummyScene and adding to FXGLDefaultMenu
20:33:39.432 [JavaFX Application Thread] DEBUG PrimaryStageWindow   - FXGLMainMenuDummyScene -> FXGLDefaultMenu
20:33:39.433 [JavaFX Application Thread] DEBUG FXGLApplication      - Registering font factories with UI factory
20:33:39.802 [FXGL Background Thread 2 ] INFO  UpdaterService       - Your current version:  dev-SNAPSHOT
20:33:39.802 [FXGL Background Thread 2 ] INFO  UpdaterService       - Latest stable version: 21.1
20:33:42.176 [JavaFX Application Thread] DEBUG Menu                 - fireNewGame()
20:33:42.176 [JavaFX Application Thread] DEBUG GameApplicationServi - Starting new game
20:33:42.177 [JavaFX Application Thread] DEBUG PrimaryStageWindow   - Pop state: FXGLDefaultMenu
20:33:42.178 [JavaFX Application Thread] DEBUG Input                - Clearing active input actions
20:33:42.179 [JavaFX Application Thread] DEBUG GameApplicationServi - Removing overlay from FXGLDefaultMenu and adding to FXGLMainMenuDummyScene
20:33:42.180 [JavaFX Application Thread] DEBUG PrimaryStageWindow   - FXGLMainMenuDummyScene <- FXGLDefaultMenu
20:33:42.180 [JavaFX Application Thread] DEBUG Input                - Clearing active input actions
20:33:42.186 [JavaFX Application Thread] DEBUG GameApplicationServi - Removing overlay from FXGLMainMenuDummyScene and adding to FXGLLoadingScene
20:33:42.187 [JavaFX Application Thread] DEBUG PrimaryStageWindow   - FXGLMainMenuDummyScene -> FXGLLoadingScene
20:33:42.187 [JavaFX Application Thread] DEBUG GameApplicationServi - Clearing previous game
20:33:42.187 [JavaFX Application Thread] DEBUG GameScene            - Clearing game scene
20:33:42.187 [JavaFX Application Thread] DEBUG GameWorld            - Clearing game world
20:33:42.187 [JavaFX Application Thread] DEBUG PhysicsWorld         - Clearing physics world
20:33:42.189 [FXGL Background Thread 2 ] DEBUG FXGLApplication      - Initializing game
20:33:42.196 [FXGL Background Thread 2 ] DEBUG FXGLAssetLoaderServi - Loading from file system: file:/C:/Users/Cent/Desktop/CSS124L-LE/CSS124L-FinalExam/CSS124L-FINAL-PROJECT/fp/target/classes/assets/textures/1P_Walk.gif
20:33:42.223 [FXGL Background Thread 2 ] INFO  FXGLApplication      - Game initialization took: 0.034 sec
20:33:42.224 [JavaFX Application Thread] DEBUG Input                - Clearing active input actions
20:33:42.229 [JavaFX Application Thread] DEBUG GameApplicationServi - Removing overlay from FXGLLoadingScene and adding to GameScene
20:33:42.229 [JavaFX Application Thread] DEBUG PrimaryStageWindow   - FXGLLoadingScene -> GameScene
20:33:42.243 [JavaFX Application Thread] DEBUG PrimaryStageWindow   - Push state: PlayerCountMenu
20:33:42.243 [JavaFX Application Thread] DEBUG Input                - Clearing active input actions
20:33:42.243 [JavaFX Application Thread] DEBUG GameApplicationServi - Removing overlay from GameScene and adding to PlayerCountMenu
20:33:42.243 [JavaFX Application Thread] DEBUG PrimaryStageWindow   - GameScene -> PlayerCountMenu
20:33:42.340 [FXGL Background Thread 3 ] DEBUG Engine               - Logging environment variables
20:33:42.340 [FXGL Background Thread 3 ] DEBUG Engine               - achievements: []
20:33:42.340 [FXGL Background Thread 3 ] DEBUG Engine               - actualHeight: 600.0
20:33:42.340 [FXGL Background Thread 3 ] DEBUG Engine               - actualHeightProperty: ReadOnlyDoubleProperty [value: 600.0]
20:33:42.340 [FXGL Background Thread 3 ] DEBUG Engine               - actualWidth: 800.0
20:33:42.340 [FXGL Background Thread 3 ] DEBUG Engine               - actualWidthProperty: ReadOnlyDoubleProperty [value: 800.0]
20:33:42.340 [FXGL Background Thread 3 ] DEBUG Engine               - appIcon: fxgl_icon.png
20:33:42.340 [FXGL Background Thread 3 ] DEBUG Engine               - applicationMode: DEVELOPER
20:33:42.340 [FXGL Background Thread 3 ] DEBUG Engine               - cSSList: [fxgl_dark.css]
20:33:42.340 [FXGL Background Thread 3 ] DEBUG Engine               - collisionDetectionStrategy: BRUTE_FORCE
20:33:42.340 [FXGL Background Thread 3 ] DEBUG Engine               - configClass: Optional.empty
20:33:42.340 [FXGL Background Thread 3 ] DEBUG Engine               - credits: []
20:33:42.340 [FXGL Background Thread 3 ] DEBUG Engine               - defaultCursor: CursorInfo(imageName=fxgl_default_cursor.png, hotspotX=7.0, hotspotY=6.0)
20:33:42.340 [FXGL Background Thread 3 ] DEBUG Engine               - devBBoxColorProperty: ObjectProperty [value: 0xff0000ff]
20:33:42.342 [FXGL Background Thread 3 ] DEBUG Engine               - devEnableDebugCameraProperty: BooleanProperty [value: false]
20:33:42.342 [FXGL Background Thread 3 ] DEBUG Engine               - devSensorColorProperty: ObjectProperty [value: 0xffff00ff]
20:33:42.342 [FXGL Background Thread 3 ] DEBUG Engine               - devShowBBoxProperty: BooleanProperty [value: false]
20:33:42.342 [FXGL Background Thread 3 ] DEBUG Engine               - devShowPositionProperty: BooleanProperty [value: false]
20:33:42.342 [FXGL Background Thread 3 ] DEBUG Engine               - enabledMenuItems: []
20:33:42.342 [FXGL Background Thread 3 ] DEBUG Engine               - engineServices: [class com.almasb.fxgl.app.services.FXGLAssetLoaderService, class com.almasb.fxgl.app.FXGLApplication$GameApplicationService, class com.almasb.fxgl.app.services.FXGLDialogService, class com.almasb.fxgl.app.services.IOTaskExecutorService, class com.almasb.fxgl.io.FileSystemService, class com.almasb.fxgl.localization.LocalizationService, class com.almasb.fxgl.app.services.SystemBundleService, class com.almasb.fxgl.profile.SaveLoadService, class com.almasb.fxgl.ui.FXGLUIFactoryServiceProvider, class com.almasb.fxgl.ui.FXGLDialogFactoryServiceProvider, class com.almasb.fxgl.audio.AudioPlayer, class com.almasb.fxgl.notification.impl.NotificationServiceProvider, class com.almasb.fxgl.achievement.AchievementService, class com.almasb.fxgl.cutscene.CutsceneService, class com.almasb.fxgl.minigames.MiniGameService, class com.almasb.fxgl.net.NetService, class com.almasb.fxgl.app.services.UpdaterService, class com.almasb.fxgl.dev.DevService, class com.almasb.fxgl.multiplayer.MultiplayerService]
20:33:42.342 [FXGL Background Thread 3 ] DEBUG Engine               - fontGame: Abel-Regular.ttf
20:33:42.342 [FXGL Background Thread 3 ] DEBUG Engine               - fontMono: lucida_console.ttf
20:33:42.342 [FXGL Background Thread 3 ] DEBUG Engine               - fontText: Courier-Prime.ttf
20:33:42.342 [FXGL Background Thread 3 ] DEBUG Engine               - fontUI: VarelaRound-Regular.ttf
20:33:42.342 [FXGL Background Thread 3 ] DEBUG Engine               - fullScreen: BooleanProperty [value: false]
20:33:42.342 [FXGL Background Thread 3 ] DEBUG Engine               - gameDifficulty: MEDIUM
20:33:42.342 [FXGL Background Thread 3 ] DEBUG Engine               - gameDifficultyProperty: ObjectProperty [value: MEDIUM]
20:33:42.342 [FXGL Background Thread 3 ] DEBUG Engine               - globalMusicVolume: 0.5
20:33:42.342 [FXGL Background Thread 3 ] DEBUG Engine               - globalMusicVolumeProperty: DoubleProperty [value: 0.5]
20:33:42.342 [FXGL Background Thread 3 ] DEBUG Engine               - globalSoundVolume: 0.5
20:33:42.342 [FXGL Background Thread 3 ] DEBUG Engine               - globalSoundVolumeProperty: DoubleProperty [value: 0.5]
20:33:42.342 [FXGL Background Thread 3 ] DEBUG Engine               - height: 600
20:33:42.342 [FXGL Background Thread 3 ] DEBUG Engine               - is3D: false
20:33:42.342 [FXGL Background Thread 3 ] DEBUG Engine               - isAndroid: false
20:33:42.342 [FXGL Background Thread 3 ] DEBUG Engine               - isBrowser: false
20:33:42.342 [FXGL Background Thread 3 ] DEBUG Engine               - isClickFeedbackEnabled: false
20:33:42.342 [FXGL Background Thread 3 ] DEBUG Engine               - isCloseConfirmation: false
20:33:42.342 [FXGL Background Thread 3 ] DEBUG Engine               - isDesktop: true
20:33:42.342 [FXGL Background Thread 3 ] DEBUG Engine               - isDeveloperMenuEnabled: false
20:33:42.342 [FXGL Background Thread 3 ] DEBUG Engine               - isEmbedded: false
20:33:42.342 [FXGL Background Thread 3 ] DEBUG Engine               - isEntityPreloadEnabled: true
20:33:42.342 [FXGL Background Thread 3 ] DEBUG Engine               - isExperimentalTiledLargeMap: false
20:33:42.342 [FXGL Background Thread 3 ] DEBUG Engine               - isFileSystemWriteAllowed: true
20:33:42.342 [FXGL Background Thread 3 ] DEBUG Engine               - isFullScreenAllowed: false
20:33:42.342 [FXGL Background Thread 3 ] DEBUG Engine               - isFullScreenFromStart: false
20:33:42.342 [FXGL Background Thread 3 ] DEBUG Engine               - isGameMenuEnabled: true
20:33:42.342 [FXGL Background Thread 3 ] DEBUG Engine               - isIOS: false
20:33:42.342 [FXGL Background Thread 3 ] DEBUG Engine               - isIntroEnabled: false
20:33:42.342 [FXGL Background Thread 3 ] DEBUG Engine               - isLinux: false
20:33:42.342 [FXGL Background Thread 3 ] DEBUG Engine               - isMac: false
20:33:42.342 [FXGL Background Thread 3 ] DEBUG Engine               - isMainMenuEnabled: true
20:33:42.342 [FXGL Background Thread 3 ] DEBUG Engine               - isManualResizeEnabled: false
20:33:42.342 [FXGL Background Thread 3 ] DEBUG Engine               - isMobile: false
20:33:42.343 [FXGL Background Thread 3 ] DEBUG Engine               - isNative: false
20:33:42.343 [FXGL Background Thread 3 ] DEBUG Engine               - isPauseMusicWhenMinimized: true
20:33:42.343 [FXGL Background Thread 3 ] DEBUG Engine               - isPreserveResizeRatio: false
20:33:42.343 [FXGL Background Thread 3 ] DEBUG Engine               - isProfilingEnabled: false
20:33:42.343 [FXGL Background Thread 3 ] DEBUG Engine               - isScaleAffectedOnResize: true
20:33:42.343 [FXGL Background Thread 3 ] DEBUG Engine               - isSingleStep: false
20:33:42.343 [FXGL Background Thread 3 ] DEBUG Engine               - isUserProfileEnabled: false
20:33:42.343 [FXGL Background Thread 3 ] DEBUG Engine               - isWindows: true
20:33:42.343 [FXGL Background Thread 3 ] DEBUG Engine               - language: ObjectProperty [value: ENGLISH]
20:33:42.343 [FXGL Background Thread 3 ] DEBUG Engine               - menuKey: ESCAPE
20:33:42.343 [FXGL Background Thread 3 ] DEBUG Engine               - mouseSensitivity: 0.2
20:33:42.343 [FXGL Background Thread 3 ] DEBUG Engine               - notificationViewClass: class com.almasb.fxgl.notification.view.XboxNotificationView
20:33:42.343 [FXGL Background Thread 3 ] DEBUG Engine               - pixelsPerMeter: 50.0
20:33:42.343 [FXGL Background Thread 3 ] DEBUG Engine               - platform: WINDOWS
20:33:42.343 [FXGL Background Thread 3 ] DEBUG Engine               - prefHeightProperty: ReadOnlyDoubleProperty [value: 600.0]
20:33:42.343 [FXGL Background Thread 3 ] DEBUG Engine               - prefWidthProperty: ReadOnlyDoubleProperty [value: 800.0]
20:33:42.343 [FXGL Background Thread 3 ] DEBUG Engine               - profileDir: profiles/
20:33:42.343 [FXGL Background Thread 3 ] DEBUG Engine               - profileName: StringProperty [value: DEFAULT]
20:33:42.343 [FXGL Background Thread 3 ] DEBUG Engine               - randomSeed: -1
20:33:42.343 [FXGL Background Thread 3 ] DEBUG Engine               - runtimeInfo: RuntimeInfo(platform=WINDOWS, version=dev-SNAPSHOT, build=28.07.2021 16.39)
20:33:42.343 [FXGL Background Thread 3 ] DEBUG Engine               - saveFileExt: sav
20:33:42.343 [FXGL Background Thread 3 ] DEBUG Engine               - scaledHeightProp$fxgl: DoubleProperty [bound, value: 600.0]
20:33:42.343 [FXGL Background Thread 3 ] DEBUG Engine               - scaledWidthProp$fxgl: DoubleProperty [bound, value: 800.0]
20:33:42.343 [FXGL Background Thread 3 ] DEBUG Engine               - sceneFactory: com.groupfour.mygame.App$1@5de467e4
20:33:42.343 [FXGL Background Thread 3 ] DEBUG Engine               - secondsIn24h: 60
20:33:42.343 [FXGL Background Thread 3 ] DEBUG Engine               - soundMenuBack: menu/back.wav
20:33:42.343 [FXGL Background Thread 3 ] DEBUG Engine               - soundMenuPress: menu/press.wav
20:33:42.343 [FXGL Background Thread 3 ] DEBUG Engine               - soundMenuSelect: menu/select.wav
20:33:42.343 [FXGL Background Thread 3 ] DEBUG Engine               - soundNotification: core/notification.wav
20:33:42.343 [FXGL Background Thread 3 ] DEBUG Engine               - stageStyle: DECORATED
20:33:42.343 [FXGL Background Thread 3 ] DEBUG Engine               - supportedLanguages: [ENGLISH, FRENCH, GERMAN, HUNGARIAN, RUSSIAN]
20:33:42.343 [FXGL Background Thread 3 ] DEBUG Engine               - ticksPerSecond: -1
20:33:42.343 [FXGL Background Thread 3 ] DEBUG Engine               - title: Flatline: Oregon
20:33:42.343 [FXGL Background Thread 3 ] DEBUG Engine               - urlGithub: https://github.com/AlmasB/FXGL
20:33:42.343 [FXGL Background Thread 3 ] DEBUG Engine               - urlLeaderboard: http://fxgl-top.herokuapp.com/
20:33:42.343 [FXGL Background Thread 3 ] DEBUG Engine               - urlPOM: https://raw.githubusercontent.com/AlmasB/FXGL/release/README.md
20:33:42.343 [FXGL Background Thread 3 ] DEBUG Engine               - userAppClass: class com.groupfour.mygame.App
20:33:42.343 [FXGL Background Thread 3 ] DEBUG Engine               - version: Alpha 0.3
20:33:42.343 [FXGL Background Thread 3 ] DEBUG Engine               - versionCheckDays: 7
20:33:42.343 [FXGL Background Thread 3 ] DEBUG Engine               - width: 800
20:33:42.343 [FXGL Background Thread 3 ] DEBUG Engine               - Logging services
20:33:42.343 [FXGL Background Thread 3 ] DEBUG Engine               - class com.almasb.fxgl.app.services.FXGLAssetLoaderService
20:33:42.343 [FXGL Background Thread 3 ] DEBUG Engine               - class com.almasb.fxgl.app.FXGLApplication$GameApplicationService
20:33:42.343 [FXGL Background Thread 3 ] DEBUG Engine               - class com.almasb.fxgl.app.services.FXGLDialogService
20:33:42.343 [FXGL Background Thread 3 ] DEBUG Engine               - class com.almasb.fxgl.app.services.IOTaskExecutorService
20:33:42.343 [FXGL Background Thread 3 ] DEBUG Engine               - class com.almasb.fxgl.io.FileSystemService
20:33:42.343 [FXGL Background Thread 3 ] DEBUG Engine               - class com.almasb.fxgl.localization.LocalizationService
20:33:42.343 [FXGL Background Thread 3 ] DEBUG Engine               - class com.almasb.fxgl.app.services.SystemBundleService
20:33:42.343 [FXGL Background Thread 3 ] DEBUG Engine               - class com.almasb.fxgl.profile.SaveLoadService
20:33:42.343 [FXGL Background Thread 3 ] DEBUG Engine               - class com.almasb.fxgl.ui.FXGLUIFactoryServiceProvider
20:33:42.343 [FXGL Background Thread 3 ] DEBUG Engine               - class com.almasb.fxgl.ui.FXGLDialogFactoryServiceProvider
20:33:42.343 [FXGL Background Thread 3 ] DEBUG Engine               - class com.almasb.fxgl.audio.AudioPlayer
20:33:42.343 [FXGL Background Thread 3 ] DEBUG Engine               - class com.almasb.fxgl.notification.impl.NotificationServiceProvider
20:33:42.345 [FXGL Background Thread 3 ] DEBUG Engine               - class com.almasb.fxgl.achievement.AchievementService
20:33:42.345 [FXGL Background Thread 3 ] DEBUG Engine               - class com.almasb.fxgl.cutscene.CutsceneService
20:33:42.345 [FXGL Background Thread 3 ] DEBUG Engine               - class com.almasb.fxgl.minigames.MiniGameService
20:33:42.345 [FXGL Background Thread 3 ] DEBUG Engine               - class com.almasb.fxgl.net.NetService
20:33:42.345 [FXGL Background Thread 3 ] DEBUG Engine               - class com.almasb.fxgl.app.services.UpdaterService
20:33:42.345 [FXGL Background Thread 3 ] DEBUG Engine               - class com.almasb.fxgl.dev.DevService
20:33:42.345 [FXGL Background Thread 3 ] DEBUG Engine               - class com.almasb.fxgl.multiplayer.MultiplayerService
20:33:43.668 [JavaFX Application Thread] DEBUG PrimaryStageWindow   - Push state: DialogSubScene
20:33:43.669 [JavaFX Application Thread] DEBUG Input                - Clearing active input actions
20:33:43.669 [JavaFX Application Thread] DEBUG GameApplicationServi - Removing overlay from PlayerCountMenu and adding to DialogSubScene
20:33:43.669 [JavaFX Application Thread] DEBUG PrimaryStageWindow   - PlayerCountMenu -> DialogSubScene
20:33:44.712 [JavaFX Application Thread] DEBUG PrimaryStageWindow   - Pop state: DialogSubScene
20:33:44.712 [JavaFX Application Thread] DEBUG Input                - Clearing active input actions
20:33:44.712 [JavaFX Application Thread] DEBUG GameApplicationServi - Removing overlay from DialogSubScene and adding to PlayerCountMenu
20:33:44.713 [JavaFX Application Thread] DEBUG PrimaryStageWindow   - PlayerCountMenu <- DialogSubScene
20:33:44.716 [JavaFX Application Thread] DEBUG PrimaryStageWindow   - Push state: LoadingScreen
20:33:44.716 [JavaFX Application Thread] DEBUG Input                - Clearing active input actions
20:33:44.717 [JavaFX Application Thread] DEBUG GameApplicationServi - Removing overlay from PlayerCountMenu and adding to LoadingScreen
20:33:44.717 [JavaFX Application Thread] DEBUG PrimaryStageWindow   - PlayerCountMenu -> LoadingScreen
20:33:44.719 [ServerAsyncConnThread    ] DEBUG TCPServer            - Starting to listen at: 55555 type: class com.almasb.fxgl.core.serialization.Bundle
20:33:52.761 [ServerAsyncConnThread    ] DEBUG Endpoint             - TCPServer opening new connection (1) from /127.0.0.1:53047 type: class com.almasb.fxgl.core.serialization.Bundle
20:33:52.762 [ServerAsyncConnThread    ] DEBUG Endpoint             - TCPServer successfully opened connection (1)
20:33:52.765 [TCPServer_SendThread-1   ] DEBUG Writers              - Getting TCPMessageWriter for class com.almasb.fxgl.core.serialization.Bundle
20:33:52.765 [TCPServer_RecvThread-1   ] DEBUG Readers              - Getting TCPMessageReader for class com.almasb.fxgl.core.serialization.Bundle
20:33:52.766 [TCPServer_SendThread-1   ] DEBUG Writers              - Constructed TCPMessageWriter for class com.almasb.fxgl.core.serialization.Bundle: BundleTCPMessageWriter
20:33:52.766 [TCPServer_RecvThread-1   ] DEBUG Readers              - Constructed MessageReader for class com.almasb.fxgl.core.serialization.Bundle: BundleTCPMessageReader
20:34:23.858 [TCPServer_RecvThread-1   ] DEBUG Endpoint             - Connection 1 was unexpectedly disconnected: Connection reset
20:34:23.858 [TCPServer_RecvThread-1   ] DEBUG Connection           - Closing connection 1
20:34:23.858 [TCPServer_RecvThread-1   ] DEBUG Connection           - Connection 1 was correctly closed from local endpoint.
20:34:23.859 [TCPServer_RecvThread-1   ] DEBUG Endpoint             - TCPServer connection (1) was closed
20:34:23.902 [JavaFX Application Thread] DEBUG FXGLApplication      - Exiting FXGL
20:34:23.902 [JavaFX Application Thread] DEBUG LoopRunner           - Stopping loop
20:34:23.902 [JavaFX Application Thread] DEBUG SystemBundleService  - Saving FXGL system data
20:34:23.903 [JavaFX Application Thread] DEBUG FileSystemAccess     - Writing to: c:\Users\Cent\Desktop\CSS124L-LE\CSS124L-FinalExam\CSS124L-FINAL-PROJECT\system\fxgl.bundle
20:34:23.905 [JavaFX Application Thread] DEBUG Async                - Shutting down background threads
20:34:23.905 [JavaFX Application Thread] DEBUG PrimaryStageWindow   - Closing main window
20:34:23.910 [JavaFX Application Thread] DEBUG Logger               - Closing Logger
