19:34:39.713 [main                     ] DEBUG Logger               - Configured Logger
19:34:39.720 [main                     ] DEBUG GameApplication      - Logging settings
Title: Flatline: Oregon
Version: Beta ?
Width: 800
Height: 600
Fullscreen: false
Intro: false
Profiling: false
Single step:false
App Mode: DEVELOPER
Menu Key: ESCAPE
Stage Style: DECORATED
Scene Factory: class com.groupfour.mygame.App$1

19:34:40.421 [JavaFX Application Thread] DEBUG FXGLApplication      - Initializing FXGL
19:34:40.424 [JavaFX Application Thread] INFO  Engine               - FXGL-dev-SNAPSHOT (28.07.2021 16.39) on WINDOWS (J:21.0.4 FX:16)
19:34:40.425 [JavaFX Application Thread] DEBUG Engine               - JRE Vendor Name: Eclipse Adoptium
19:34:40.426 [JavaFX Application Thread] DEBUG Engine               - Running on OS: Windows 11 version 10.0
19:34:40.426 [JavaFX Application Thread] DEBUG Engine               - Architecture: amd64
19:34:40.426 [JavaFX Application Thread] INFO  Engine               - Source code and latest versions at: https://github.com/AlmasB/FXGL
19:34:40.426 [JavaFX Application Thread] INFO  Engine               -              Join the FXGL chat at: https://gitter.im/AlmasB/FXGL
19:34:40.587 [JavaFX Application Thread] DEBUG PrimaryStageWindow   - Creating a JavaFX scene
19:34:40.667 [JavaFX Application Thread] DEBUG PrimaryStageWindow   - Target settings size: 800.0 x 600.0
19:34:40.668 [JavaFX Application Thread] DEBUG PrimaryStageWindow   - Scaled scene size:    800.0 x 600.0
19:34:40.668 [JavaFX Application Thread] DEBUG PrimaryStageWindow   - Scaled ratio: (1.0, 1.0)
19:34:40.669 [JavaFX Application Thread] DEBUG PrimaryStageWindow   - Set initial scene to FXGLStartupScene
19:34:40.681 [JavaFX Application Thread] DEBUG PrimaryStageWindow   - Opening main window
19:34:40.813 [JavaFX Application Thread] DEBUG PrimaryStageWindow   - Window border size: (14.4000244140625, 37.5999755859375)
19:34:40.813 [JavaFX Application Thread] DEBUG PrimaryStageWindow   - Scaled size: 800.0 x 600.0
19:34:40.813 [JavaFX Application Thread] DEBUG PrimaryStageWindow   - Scaled ratio: (1.0, 1.0)
19:34:40.813 [JavaFX Application Thread] DEBUG PrimaryStageWindow   - Scene size: 800.0 x 600.0
19:34:40.814 [JavaFX Application Thread] DEBUG PrimaryStageWindow   - Stage size: 814.4000244140625 x 637.5999755859375
19:34:40.826 [FXGL Background Thread 1 ] DEBUG Engine               - Initializing environment variables
19:34:40.953 [FXGL Background Thread 1 ] DEBUG FXGLAssetLoaderServi - User app class for loading assets: class com.groupfour.mygame.App
19:34:40.953 [FXGL Background Thread 1 ] DEBUG GameApplicationServi - Applying CSS: fxgl_dark.css
19:34:40.955 [FXGL Background Thread 1 ] DEBUG FXGLAssetLoaderServi - Loading from file system: jar:file:///C:/Users/Cent/.m2/repository/com/github/almasb/fxgl/dev-SNAPSHOT/fxgl-dev-SNAPSHOT.jar!/fxglassets/ui/css/fxgl_dark.css
19:34:41.073 [FXGL Background Thread 1 ] DEBUG GameApplicationServi - Initializing application scenes
19:34:41.159 [FXGL Background Thread 1 ] DEBUG GameWorld            - Game world initialized
19:34:41.279 [FXGL Background Thread 1 ] DEBUG PhysicsWorld         - Physics world initialized: appHeight=600, physics.ppm=50.0
19:34:41.280 [FXGL Background Thread 1 ] DEBUG PhysicsWorld         - Using strategy: BRUTE_FORCE
19:34:41.285 [FXGL Background Thread 1 ] DEBUG GameScene            - Game scene initialized: 800x600
19:34:41.303 [FXGL Background Thread 1 ] DEBUG FXGL.DefaultMenu     - createMenuBodyMainMenu()
19:34:41.323 [FXGL Background Thread 1 ] DEBUG FXGL.DefaultMenu     - createOptionsMenu()
19:34:41.343 [FXGL Background Thread 1 ] DEBUG FXGLAssetLoaderServi - Loading from file system: jar:file:///C:/Users/Cent/.m2/repository/com/github/almasb/fxgl/dev-SNAPSHOT/fxgl-dev-SNAPSHOT.jar!/fxglassets/textures/particles/smoke.png
19:34:41.589 [FXGL Background Thread 1 ] DEBUG FXGLAssetLoaderServi - Loading from file system: jar:file:///C:/Users/Cent/.m2/repository/com/github/almasb/fxgl/dev-SNAPSHOT/fxgl-dev-SNAPSHOT.jar!/fxglassets/textures/particles/trace_horizontal.png
19:34:41.665 [FXGL Background Thread 1 ] DEBUG FXGLAssetLoaderServi - Loading from file system: file:/C:/Users/Cent/Desktop/CSS124L-LE/FinalExam/CSS124L-FINAL-PROJECT/fp/target/classes/assets/ui/fonts/PIXELADE.TTF
19:34:41.765 [FXGL Background Thread 1 ] DEBUG FXGLAssetLoaderServi - Loading from file system: file:/C:/Users/Cent/Desktop/CSS124L-LE/FinalExam/CSS124L-FINAL-PROJECT/fp/target/classes/assets/textures/spbtn.png
19:34:41.811 [FXGL Background Thread 1 ] DEBUG FXGLAssetLoaderServi - Loading from file system: file:/C:/Users/Cent/Desktop/CSS124L-LE/FinalExam/CSS124L-FINAL-PROJECT/fp/target/classes/assets/textures/mpbtn.png
19:34:41.828 [FXGL Background Thread 1 ] DEBUG FXGLAssetLoaderServi - Loading from file system: file:/C:/Users/Cent/Desktop/CSS124L-LE/FinalExam/CSS124L-FINAL-PROJECT/fp/target/classes/assets/textures/return.png
19:34:41.850 [FXGL Background Thread 1 ] DEBUG GameApplicationServi - Application scenes initialized
19:34:41.863 [FXGL Background Thread 1 ] DEBUG SystemBundleService  - Loading FXGL system data
19:34:41.871 [FXGL Background Thread 1 ] DEBUG FileSystemAccess     - Reading from: C:\Users\Cent\Desktop\CSS124L-LE\FinalExam\CSS124L-FINAL-PROJECT\system\fxgl.bundle
19:34:41.887 [FXGL Background Thread 1 ] DEBUG SystemBundleService  - Bundle FXGL: {}
19:34:41.887 [FXGL Background Thread 1 ] DEBUG UpdaterService       - Checking for updates
19:34:41.928 [FXGL Background Thread 4 ] DEBUG FXGLApplication      - Loading fonts
19:34:41.930 [FXGL Background Thread 4 ] DEBUG FXGLAssetLoaderServi - Loading from file system: jar:file:///C:/Users/Cent/.m2/repository/com/github/almasb/fxgl/dev-SNAPSHOT/fxgl-dev-SNAPSHOT.jar!/fxglassets/ui/fonts/VarelaRound-Regular.ttf
19:34:41.932 [FXGL Background Thread 1 ] DEBUG FXGLApplication      - Loading default localization
19:34:41.933 [FXGL Background Thread 1 ] DEBUG FXGLAssetLoaderServi - Loading from file system: jar:file:///C:/Users/Cent/.m2/repository/com/github/almasb/fxgl/dev-SNAPSHOT/fxgl-dev-SNAPSHOT.jar!/fxglassets/languages/english.lang
19:34:41.938 [FXGL Background Thread 4 ] DEBUG FXGLAssetLoaderServi - Loading from file system: jar:file:///C:/Users/Cent/.m2/repository/com/github/almasb/fxgl/dev-SNAPSHOT/fxgl-dev-SNAPSHOT.jar!/fxglassets/ui/fonts/Abel-Regular.ttf
19:34:41.944 [FXGL Background Thread 4 ] DEBUG FXGLAssetLoaderServi - Loading from file system: jar:file:///C:/Users/Cent/.m2/repository/com/github/almasb/fxgl/dev-SNAPSHOT/fxgl-dev-SNAPSHOT.jar!/fxglassets/ui/fonts/lucida_console.ttf
19:34:41.952 [FXGL Background Thread 4 ] DEBUG FXGLAssetLoaderServi - Loading from file system: jar:file:///C:/Users/Cent/.m2/repository/com/github/almasb/fxgl/dev-SNAPSHOT/fxgl-dev-SNAPSHOT.jar!/fxglassets/ui/fonts/Courier-Prime.ttf
19:34:41.963 [JavaFX Application Thread] DEBUG FXGLApplication      - Registering font factories with UI factory
19:34:41.968 [FXGL Background Thread 1 ] INFO  FXGLApplication      - FXGL initialization took: 1.142 sec
19:34:41.988 [JavaFX Application Thread] DEBUG Input                - Registered new binding: Move Upwards - W
19:34:41.989 [JavaFX Application Thread] DEBUG Input                - Registered new binding: Move Down - S
19:34:41.989 [JavaFX Application Thread] DEBUG Input                - Registered new binding: Move Left - A
19:34:41.989 [JavaFX Application Thread] DEBUG Input                - Registered new binding: Move Right - D
19:34:41.990 [JavaFX Application Thread] DEBUG Input                - Registered new binding: Reload - R
19:34:41.992 [JavaFX Application Thread] DEBUG Input                - Registered new binding: Shoot - LMB
19:34:41.992 [JavaFX Application Thread] DEBUG Input                - Registered new binding: Switch Weapons - Q
19:34:41.993 [JavaFX Application Thread] DEBUG Input                - Registered new binding: Interact - F
19:34:41.993 [JavaFX Application Thread] DEBUG FXGLAssetLoaderServi - Loading from file system: file:/C:/Users/Cent/Desktop/CSS124L-LE/FinalExam/CSS124L-FINAL-PROJECT/fp/target/classes/assets/music/titleBGM.mp3
19:34:42.242 [JavaFX Application Thread] DEBUG AudioPlayer          - Playing music com.almasb.fxgl.audio.Music@2d8f7ff7
19:34:42.243 [JavaFX Application Thread] DEBUG FXGLAssetLoaderServi - Loading from file system: jar:file:///C:/Users/Cent/.m2/repository/com/github/almasb/fxgl/dev-SNAPSHOT/fxgl-dev-SNAPSHOT.jar!/fxglassets/textures/fxgl_icon.png
19:34:42.271 [JavaFX Application Thread] DEBUG FXGLAssetLoaderServi - Loading from file system: jar:file:///C:/Users/Cent/.m2/repository/com/github/almasb/fxgl/dev-SNAPSHOT/fxgl-dev-SNAPSHOT.jar!/fxglassets/textures/fxgl_default_cursor.png
19:34:42.274 [JavaFX Application Thread] DEBUG Input                - Registered new binding: Screenshot - CTRL+8
19:34:42.275 [JavaFX Application Thread] DEBUG Input                - Registered new binding: Dev Options - 1
19:34:42.276 [JavaFX Application Thread] DEBUG Input                - Registered new binding: Dev Console - 2
19:34:42.276 [JavaFX Application Thread] DEBUG Input                - Registered new binding: System info dump - CTRL+9
19:34:42.277 [JavaFX Application Thread] DEBUG Input                - Registered new binding: Restart - CTRL+R
19:34:42.278 [JavaFX Application Thread] DEBUG Input                - Registered new binding: Toggle Debug Camera - CTRL+C
19:34:42.283 [JavaFX Application Thread] DEBUG LoopRunner           - Starting loop
19:34:42.313 [JavaFX Application Thread] DEBUG LoopRunner           - Initializing JavaFX AnimationTimerLoop
19:34:42.320 [JavaFX Application Thread] DEBUG Input                - Clearing active input actions
19:34:42.343 [JavaFX Application Thread] DEBUG GameApplicationServi - Removing overlay from FXGLStartupScene and adding to FXGLMainMenuDummyScene
19:34:42.359 [JavaFX Application Thread] DEBUG PrimaryStageWindow   - FXGLStartupScene -> FXGLMainMenuDummyScene
19:34:42.359 [JavaFX Application Thread] DEBUG PrimaryStageWindow   - Push state: FXGLDefaultMenu
19:34:42.373 [JavaFX Application Thread] DEBUG Input                - Clearing active input actions
19:34:42.388 [JavaFX Application Thread] DEBUG GameApplicationServi - Removing overlay from FXGLMainMenuDummyScene and adding to FXGLDefaultMenu
19:34:42.390 [JavaFX Application Thread] DEBUG PrimaryStageWindow   - FXGLMainMenuDummyScene -> FXGLDefaultMenu
19:34:42.940 [FXGL Background Thread 2 ] INFO  UpdaterService       - Your current version:  dev-SNAPSHOT
19:34:42.940 [FXGL Background Thread 2 ] INFO  UpdaterService       - Latest stable version: 21.1
19:34:44.924 [FXGL Background Thread 3 ] DEBUG Engine               - Logging environment variables
19:34:44.925 [FXGL Background Thread 3 ] DEBUG Engine               - achievements: []
19:34:44.925 [FXGL Background Thread 3 ] DEBUG Engine               - actualHeight: 600.0
19:34:44.925 [FXGL Background Thread 3 ] DEBUG Engine               - actualHeightProperty: ReadOnlyDoubleProperty [value: 600.0]
19:34:44.925 [FXGL Background Thread 3 ] DEBUG Engine               - actualWidth: 800.0
19:34:44.926 [FXGL Background Thread 3 ] DEBUG Engine               - actualWidthProperty: ReadOnlyDoubleProperty [value: 800.0]
19:34:44.926 [FXGL Background Thread 3 ] DEBUG Engine               - appIcon: fxgl_icon.png
19:34:44.926 [FXGL Background Thread 3 ] DEBUG Engine               - applicationMode: DEVELOPER
19:34:44.926 [FXGL Background Thread 3 ] DEBUG Engine               - cSSList: [fxgl_dark.css]
19:34:44.926 [FXGL Background Thread 3 ] DEBUG Engine               - collisionDetectionStrategy: BRUTE_FORCE
19:34:44.926 [FXGL Background Thread 3 ] DEBUG Engine               - configClass: Optional.empty
19:34:44.926 [FXGL Background Thread 3 ] DEBUG Engine               - credits: []
19:34:44.927 [FXGL Background Thread 3 ] DEBUG Engine               - defaultCursor: CursorInfo(imageName=fxgl_default_cursor.png, hotspotX=7.0, hotspotY=6.0)
19:34:44.927 [FXGL Background Thread 3 ] DEBUG Engine               - devBBoxColorProperty: ObjectProperty [value: 0xff0000ff]
19:34:44.927 [FXGL Background Thread 3 ] DEBUG Engine               - devEnableDebugCameraProperty: BooleanProperty [value: false]
19:34:44.927 [FXGL Background Thread 3 ] DEBUG Engine               - devSensorColorProperty: ObjectProperty [value: 0xffff00ff]
19:34:44.928 [FXGL Background Thread 3 ] DEBUG Engine               - devShowBBoxProperty: BooleanProperty [value: false]
19:34:44.928 [FXGL Background Thread 3 ] DEBUG Engine               - devShowPositionProperty: BooleanProperty [value: false]
19:34:44.928 [FXGL Background Thread 3 ] DEBUG Engine               - enabledMenuItems: []
19:34:44.928 [FXGL Background Thread 3 ] DEBUG Engine               - engineServices: [class com.almasb.fxgl.app.services.FXGLAssetLoaderService, class com.almasb.fxgl.app.FXGLApplication$GameApplicationService, class com.almasb.fxgl.app.services.FXGLDialogService, class com.almasb.fxgl.app.services.IOTaskExecutorService, class com.almasb.fxgl.io.FileSystemService, class com.almasb.fxgl.localization.LocalizationService, class com.almasb.fxgl.app.services.SystemBundleService, class com.almasb.fxgl.profile.SaveLoadService, class com.almasb.fxgl.ui.FXGLUIFactoryServiceProvider, class com.almasb.fxgl.ui.FXGLDialogFactoryServiceProvider, class com.almasb.fxgl.audio.AudioPlayer, class com.almasb.fxgl.notification.impl.NotificationServiceProvider, class com.almasb.fxgl.achievement.AchievementService, class com.almasb.fxgl.cutscene.CutsceneService, class com.almasb.fxgl.minigames.MiniGameService, class com.almasb.fxgl.net.NetService, class com.almasb.fxgl.app.services.UpdaterService, class com.almasb.fxgl.dev.DevService, class com.almasb.fxgl.multiplayer.MultiplayerService]
19:34:44.929 [FXGL Background Thread 3 ] DEBUG Engine               - fontGame: Abel-Regular.ttf
19:34:44.929 [FXGL Background Thread 3 ] DEBUG Engine               - fontMono: lucida_console.ttf
19:34:44.929 [FXGL Background Thread 3 ] DEBUG Engine               - fontText: Courier-Prime.ttf
19:34:44.929 [FXGL Background Thread 3 ] DEBUG Engine               - fontUI: VarelaRound-Regular.ttf
19:34:44.929 [FXGL Background Thread 3 ] DEBUG Engine               - fullScreen: BooleanProperty [value: false]
19:34:44.929 [FXGL Background Thread 3 ] DEBUG Engine               - gameDifficulty: MEDIUM
19:34:44.929 [FXGL Background Thread 3 ] DEBUG Engine               - gameDifficultyProperty: ObjectProperty [value: MEDIUM]
19:34:44.929 [FXGL Background Thread 3 ] DEBUG Engine               - globalMusicVolume: 0.5
19:34:44.930 [FXGL Background Thread 3 ] DEBUG Engine               - globalMusicVolumeProperty: DoubleProperty [value: 0.5]
19:34:44.930 [FXGL Background Thread 3 ] DEBUG Engine               - globalSoundVolume: 0.5
19:34:44.930 [FXGL Background Thread 3 ] DEBUG Engine               - globalSoundVolumeProperty: DoubleProperty [value: 0.5]
19:34:44.930 [FXGL Background Thread 3 ] DEBUG Engine               - height: 600
19:34:44.930 [FXGL Background Thread 3 ] DEBUG Engine               - is3D: false
19:34:44.930 [FXGL Background Thread 3 ] DEBUG Engine               - isAndroid: false
19:34:44.930 [FXGL Background Thread 3 ] DEBUG Engine               - isBrowser: false
19:34:44.931 [FXGL Background Thread 3 ] DEBUG Engine               - isClickFeedbackEnabled: false
19:34:44.931 [FXGL Background Thread 3 ] DEBUG Engine               - isCloseConfirmation: false
19:34:44.931 [FXGL Background Thread 3 ] DEBUG Engine               - isDesktop: true
19:34:44.931 [FXGL Background Thread 3 ] DEBUG Engine               - isDeveloperMenuEnabled: true
19:34:44.931 [FXGL Background Thread 3 ] DEBUG Engine               - isEmbedded: false
19:34:44.931 [FXGL Background Thread 3 ] DEBUG Engine               - isEntityPreloadEnabled: true
19:34:44.933 [FXGL Background Thread 3 ] DEBUG Engine               - isExperimentalTiledLargeMap: false
19:34:44.933 [FXGL Background Thread 3 ] DEBUG Engine               - isFileSystemWriteAllowed: true
19:34:44.933 [FXGL Background Thread 3 ] DEBUG Engine               - isFullScreenAllowed: false
19:34:44.933 [FXGL Background Thread 3 ] DEBUG Engine               - isFullScreenFromStart: false
19:34:44.933 [FXGL Background Thread 3 ] DEBUG Engine               - isGameMenuEnabled: true
19:34:44.933 [FXGL Background Thread 3 ] DEBUG Engine               - isIOS: false
19:34:44.933 [FXGL Background Thread 3 ] DEBUG Engine               - isIntroEnabled: false
19:34:44.934 [FXGL Background Thread 3 ] DEBUG Engine               - isLinux: false
19:34:44.934 [FXGL Background Thread 3 ] DEBUG Engine               - isMac: false
19:34:44.934 [FXGL Background Thread 3 ] DEBUG Engine               - isMainMenuEnabled: true
19:34:44.934 [FXGL Background Thread 3 ] DEBUG Engine               - isManualResizeEnabled: false
19:34:44.934 [FXGL Background Thread 3 ] DEBUG Engine               - isMobile: false
19:34:44.934 [FXGL Background Thread 3 ] DEBUG Engine               - isNative: false
19:34:44.934 [FXGL Background Thread 3 ] DEBUG Engine               - isPauseMusicWhenMinimized: true
19:34:44.935 [FXGL Background Thread 3 ] DEBUG Engine               - isPreserveResizeRatio: false
19:34:44.935 [FXGL Background Thread 3 ] DEBUG Engine               - isProfilingEnabled: false
19:34:44.935 [FXGL Background Thread 3 ] DEBUG Engine               - isScaleAffectedOnResize: true
19:34:44.935 [FXGL Background Thread 3 ] DEBUG Engine               - isSingleStep: false
19:34:44.935 [FXGL Background Thread 3 ] DEBUG Engine               - isUserProfileEnabled: false
19:34:44.935 [FXGL Background Thread 3 ] DEBUG Engine               - isWindows: true
19:34:44.935 [FXGL Background Thread 3 ] DEBUG Engine               - language: ObjectProperty [value: ENGLISH]
19:34:44.936 [FXGL Background Thread 3 ] DEBUG Engine               - menuKey: ESCAPE
19:34:44.936 [FXGL Background Thread 3 ] DEBUG Engine               - mouseSensitivity: 0.2
19:34:44.936 [FXGL Background Thread 3 ] DEBUG Engine               - notificationViewClass: class com.almasb.fxgl.notification.view.XboxNotificationView
19:34:44.936 [FXGL Background Thread 3 ] DEBUG Engine               - pixelsPerMeter: 50.0
19:34:44.936 [FXGL Background Thread 3 ] DEBUG Engine               - platform: WINDOWS
19:34:44.936 [FXGL Background Thread 3 ] DEBUG Engine               - prefHeightProperty: ReadOnlyDoubleProperty [value: 600.0]
19:34:44.936 [FXGL Background Thread 3 ] DEBUG Engine               - prefWidthProperty: ReadOnlyDoubleProperty [value: 800.0]
19:34:44.936 [FXGL Background Thread 3 ] DEBUG Engine               - profileDir: profiles/
19:34:44.936 [FXGL Background Thread 3 ] DEBUG Engine               - profileName: StringProperty [value: DEFAULT]
19:34:44.936 [FXGL Background Thread 3 ] DEBUG Engine               - randomSeed: -1
19:34:44.938 [FXGL Background Thread 3 ] DEBUG Engine               - runtimeInfo: RuntimeInfo(platform=WINDOWS, version=dev-SNAPSHOT, build=28.07.2021 16.39)
19:34:44.938 [FXGL Background Thread 3 ] DEBUG Engine               - saveFileExt: sav
19:34:44.938 [FXGL Background Thread 3 ] DEBUG Engine               - scaledHeightProp$fxgl: DoubleProperty [bound, value: 600.0]
19:34:44.938 [FXGL Background Thread 3 ] DEBUG Engine               - scaledWidthProp$fxgl: DoubleProperty [bound, value: 800.0]
19:34:44.938 [FXGL Background Thread 3 ] DEBUG Engine               - sceneFactory: com.groupfour.mygame.App$1@2a81864a
19:34:44.938 [FXGL Background Thread 3 ] DEBUG Engine               - secondsIn24h: 60
19:34:44.938 [FXGL Background Thread 3 ] DEBUG Engine               - soundMenuBack: menu/back.wav
19:34:44.938 [FXGL Background Thread 3 ] DEBUG Engine               - soundMenuPress: titleSelect.mp3
19:34:44.938 [FXGL Background Thread 3 ] DEBUG Engine               - soundMenuSelect: menu/select.wav
19:34:44.938 [FXGL Background Thread 3 ] DEBUG Engine               - soundNotification: core/notification.wav
19:34:44.938 [FXGL Background Thread 3 ] DEBUG Engine               - stageStyle: DECORATED
19:34:44.938 [FXGL Background Thread 3 ] DEBUG Engine               - supportedLanguages: [ENGLISH, FRENCH, GERMAN, HUNGARIAN, RUSSIAN]
19:34:44.938 [FXGL Background Thread 3 ] DEBUG Engine               - ticksPerSecond: -1
19:34:44.938 [FXGL Background Thread 3 ] DEBUG Engine               - title: Flatline: Oregon
19:34:44.938 [FXGL Background Thread 3 ] DEBUG Engine               - urlGithub: https://github.com/AlmasB/FXGL
19:34:44.938 [FXGL Background Thread 3 ] DEBUG Engine               - urlLeaderboard: http://fxgl-top.herokuapp.com/
19:34:44.938 [FXGL Background Thread 3 ] DEBUG Engine               - urlPOM: https://raw.githubusercontent.com/AlmasB/FXGL/release/README.md
19:34:44.939 [FXGL Background Thread 3 ] DEBUG Engine               - userAppClass: class com.groupfour.mygame.App
19:34:44.939 [FXGL Background Thread 3 ] DEBUG Engine               - version: Beta ?
19:34:44.939 [FXGL Background Thread 3 ] DEBUG Engine               - versionCheckDays: 7
19:34:44.939 [FXGL Background Thread 3 ] DEBUG Engine               - width: 800
19:34:44.939 [FXGL Background Thread 3 ] DEBUG Engine               - Logging services
19:34:44.939 [FXGL Background Thread 3 ] DEBUG Engine               - class com.almasb.fxgl.app.services.FXGLAssetLoaderService
19:34:44.939 [FXGL Background Thread 3 ] DEBUG Engine               - class com.almasb.fxgl.app.FXGLApplication$GameApplicationService
19:34:44.939 [FXGL Background Thread 3 ] DEBUG Engine               - class com.almasb.fxgl.app.services.FXGLDialogService
19:34:44.939 [FXGL Background Thread 3 ] DEBUG Engine               - class com.almasb.fxgl.app.services.IOTaskExecutorService
19:34:44.939 [FXGL Background Thread 3 ] DEBUG Engine               - class com.almasb.fxgl.io.FileSystemService
19:34:44.939 [FXGL Background Thread 3 ] DEBUG Engine               - class com.almasb.fxgl.localization.LocalizationService
19:34:44.940 [FXGL Background Thread 3 ] DEBUG Engine               - class com.almasb.fxgl.app.services.SystemBundleService
19:34:44.940 [FXGL Background Thread 3 ] DEBUG Engine               - class com.almasb.fxgl.profile.SaveLoadService
19:34:44.940 [FXGL Background Thread 3 ] DEBUG Engine               - class com.almasb.fxgl.ui.FXGLUIFactoryServiceProvider
19:34:44.940 [FXGL Background Thread 3 ] DEBUG Engine               - class com.almasb.fxgl.ui.FXGLDialogFactoryServiceProvider
19:34:44.940 [FXGL Background Thread 3 ] DEBUG Engine               - class com.almasb.fxgl.audio.AudioPlayer
19:34:44.940 [FXGL Background Thread 3 ] DEBUG Engine               - class com.almasb.fxgl.notification.impl.NotificationServiceProvider
19:34:44.940 [FXGL Background Thread 3 ] DEBUG Engine               - class com.almasb.fxgl.achievement.AchievementService
19:34:44.940 [FXGL Background Thread 3 ] DEBUG Engine               - class com.almasb.fxgl.cutscene.CutsceneService
19:34:44.940 [FXGL Background Thread 3 ] DEBUG Engine               - class com.almasb.fxgl.minigames.MiniGameService
19:34:44.941 [FXGL Background Thread 3 ] DEBUG Engine               - class com.almasb.fxgl.net.NetService
19:34:44.941 [FXGL Background Thread 3 ] DEBUG Engine               - class com.almasb.fxgl.app.services.UpdaterService
19:34:44.941 [FXGL Background Thread 3 ] DEBUG Engine               - class com.almasb.fxgl.dev.DevService
19:34:44.941 [FXGL Background Thread 3 ] DEBUG Engine               - class com.almasb.fxgl.multiplayer.MultiplayerService
19:35:00.143 [JavaFX Application Thread] DEBUG Menu                 - fireNewGame()
19:35:00.144 [JavaFX Application Thread] DEBUG GameApplicationServi - Starting new game
19:35:00.148 [JavaFX Application Thread] DEBUG PrimaryStageWindow   - Pop state: FXGLDefaultMenu
19:35:00.148 [JavaFX Application Thread] DEBUG Input                - Clearing active input actions
19:35:00.151 [JavaFX Application Thread] DEBUG GameApplicationServi - Removing overlay from FXGLDefaultMenu and adding to FXGLMainMenuDummyScene
19:35:00.153 [JavaFX Application Thread] DEBUG PrimaryStageWindow   - FXGLMainMenuDummyScene <- FXGLDefaultMenu
19:35:00.154 [JavaFX Application Thread] DEBUG Input                - Clearing active input actions
19:35:00.163 [JavaFX Application Thread] DEBUG GameApplicationServi - Removing overlay from FXGLMainMenuDummyScene and adding to FXGLLoadingScene
19:35:00.164 [JavaFX Application Thread] DEBUG PrimaryStageWindow   - FXGLMainMenuDummyScene -> FXGLLoadingScene
19:35:00.164 [JavaFX Application Thread] DEBUG GameApplicationServi - Clearing previous game
19:35:00.164 [JavaFX Application Thread] DEBUG GameScene            - Clearing game scene
19:35:00.164 [JavaFX Application Thread] DEBUG GameWorld            - Clearing game world
19:35:00.164 [JavaFX Application Thread] DEBUG PhysicsWorld         - Clearing physics world
19:35:00.170 [FXGL Background Thread 2 ] DEBUG FXGLApplication      - Initializing game
19:35:00.277 [FXGL Background Thread 2 ] WARN  TMXLevelLoader       - TiledMap generated from 1.11.0. Supported version: 1.2.3. Some features may not be parsed fully.
19:35:00.286 [FXGL Background Thread 2 ] DEBUG TMXLevelLoader       - Parsed TiledMap: file:/C:/Users/Cent/Desktop/CSS124L-LE/FinalExam/CSS124L-FINAL-PROJECT/fp/target/classes/assets/levels/Lobby.tmx
19:35:00.287 [FXGL Background Thread 2 ] DEBUG TMXLevelLoader       - Creating tile layer entities
19:35:00.289 [FXGL Background Thread 2 ] DEBUG TilesetLoader        - Loading view for layer Tile Layer 1
19:35:00.290 [FXGL Background Thread 2 ] DEBUG TilesetLoader        - Created buffer with size 1280.0x768.0
19:35:00.304 [FXGL Background Thread 2 ] DEBUG TMXLevelLoader       - Creating object layer entities
19:35:00.339 [FXGL Background Thread 2 ] DEBUG GameWorld            - Clearing removable entities
19:35:00.340 [FXGL Background Thread 2 ] DEBUG GameWorld            - Setting level: com.almasb.fxgl.entity.level.Level@2d9f5b07
19:35:00.353 [FXGL Background Thread 2 ] INFO  FXGLApplication      - Game initialization took: 0.183 sec
19:35:00.366 [JavaFX Application Thread] DEBUG Input                - Clearing active input actions
19:35:00.375 [JavaFX Application Thread] DEBUG GameApplicationServi - Removing overlay from FXGLLoadingScene and adding to GameScene
19:35:00.381 [JavaFX Application Thread] DEBUG PrimaryStageWindow   - FXGLLoadingScene -> GameScene
19:35:00.385 [JavaFX Application Thread] DEBUG FXGLAssetLoaderServi - Loading from file system: file:/C:/Users/Cent/Desktop/CSS124L-LE/FinalExam/CSS124L-FINAL-PROJECT/fp/target/classes/assets/textures/Interactables/microwave_close.png
19:35:00.387 [JavaFX Application Thread] DEBUG PrimaryStageWindow   - Push state: PCM_BG
19:35:00.387 [JavaFX Application Thread] DEBUG Input                - Clearing active input actions
19:35:00.387 [JavaFX Application Thread] DEBUG GameApplicationServi - Removing overlay from GameScene and adding to PCM_BG
19:35:00.388 [JavaFX Application Thread] DEBUG PrimaryStageWindow   - GameScene -> PCM_BG
19:35:00.397 [JavaFX Application Thread] DEBUG PrimaryStageWindow   - Push state: PlayerCountMenu
19:35:00.398 [JavaFX Application Thread] DEBUG Input                - Clearing active input actions
19:35:00.398 [JavaFX Application Thread] DEBUG GameApplicationServi - Removing overlay from PCM_BG and adding to PlayerCountMenu
19:35:00.405 [JavaFX Application Thread] DEBUG PrimaryStageWindow   - PCM_BG -> PlayerCountMenu
19:35:01.153 [JavaFX Application Thread] DEBUG PrimaryStageWindow   - Push state: DialogSubScene
19:35:01.153 [JavaFX Application Thread] DEBUG Input                - Clearing active input actions
19:35:01.154 [JavaFX Application Thread] DEBUG GameApplicationServi - Removing overlay from PlayerCountMenu and adding to DialogSubScene
19:35:01.155 [JavaFX Application Thread] DEBUG PrimaryStageWindow   - PlayerCountMenu -> DialogSubScene
19:35:01.890 [JavaFX Application Thread] DEBUG PrimaryStageWindow   - Pop state: DialogSubScene
19:35:01.890 [JavaFX Application Thread] DEBUG Input                - Clearing active input actions
19:35:01.891 [JavaFX Application Thread] DEBUG GameApplicationServi - Removing overlay from DialogSubScene and adding to PlayerCountMenu
19:35:01.892 [JavaFX Application Thread] DEBUG PrimaryStageWindow   - PlayerCountMenu <- DialogSubScene
19:35:01.905 [JavaFX Application Thread] DEBUG FXGLAssetLoaderServi - Loading from file system: file:/C:/Users/Cent/Desktop/CSS124L-LE/FinalExam/CSS124L-FINAL-PROJECT/fp/target/classes/assets/sounds/Reload.mp3
19:35:01.914 [JavaFX Application Thread] DEBUG FXGLAssetLoaderServi - Loading from file system: file:/C:/Users/Cent/Desktop/CSS124L-LE/FinalExam/CSS124L-FINAL-PROJECT/fp/target/classes/assets/sounds/BerettaM9_Shoot.mp3
19:35:01.923 [JavaFX Application Thread] DEBUG FXGLAssetLoaderServi - Loading from file system: file:/C:/Users/Cent/Desktop/CSS124L-LE/FinalExam/CSS124L-FINAL-PROJECT/fp/target/classes/assets/textures/Weapons/Idle/BerettaM9_Idle.png
19:35:01.924 [JavaFX Application Thread] DEBUG FXGLAssetLoaderServi - Loading from file system: file:/C:/Users/Cent/Desktop/CSS124L-LE/FinalExam/CSS124L-FINAL-PROJECT/fp/target/classes/assets/textures/Weapons/Shooting/BerettaM9_Shooting.png
19:35:01.930 [JavaFX Application Thread] DEBUG FXGLAssetLoaderServi - Loading from file system: file:/C:/Users/Cent/Desktop/CSS124L-LE/FinalExam/CSS124L-FINAL-PROJECT/fp/target/classes/assets/textures/Players/1P_Shoot.png
19:35:01.934 [JavaFX Application Thread] DEBUG FXGLAssetLoaderServi - Loading from file system: file:/C:/Users/Cent/Desktop/CSS124L-LE/FinalExam/CSS124L-FINAL-PROJECT/fp/target/classes/assets/textures/Interactables/vending_machine.png
19:35:01.953 [ClientAsyncConnThread    ] DEBUG TCPClient            - Connecting to localhost:55555 type: class com.almasb.fxgl.core.serialization.Bundle
19:35:01.956 [ClientAsyncConnThread    ] DEBUG TCPClient            - Created socket to localhost:55555
19:35:01.967 [ClientAsyncConnThread    ] DEBUG Endpoint             - TCPClient opening new connection (1) from localhost/127.0.0.1:55555 type: class com.almasb.fxgl.core.serialization.Bundle
19:35:01.968 [ClientAsyncConnThread    ] DEBUG Endpoint             - TCPClient successfully opened connection (1)
19:35:01.976 [TCPClient_SendThread-1   ] DEBUG Writers              - Getting TCPMessageWriter for class com.almasb.fxgl.core.serialization.Bundle
19:35:01.977 [JavaFX Application Thread] DEBUG PrimaryStageWindow   - Pop state: PlayerCountMenu
19:35:01.977 [JavaFX Application Thread] DEBUG Input                - Clearing active input actions
19:35:01.978 [TCPClient_RecvThread-1   ] DEBUG Readers              - Getting TCPMessageReader for class com.almasb.fxgl.core.serialization.Bundle
19:35:01.978 [JavaFX Application Thread] DEBUG GameApplicationServi - Removing overlay from PlayerCountMenu and adding to PCM_BG
19:35:01.980 [JavaFX Application Thread] DEBUG PrimaryStageWindow   - PCM_BG <- PlayerCountMenu
19:35:01.980 [JavaFX Application Thread] DEBUG PrimaryStageWindow   - Pop state: PCM_BG
19:35:01.981 [JavaFX Application Thread] DEBUG Input                - Clearing active input actions
19:35:01.981 [TCPClient_SendThread-1   ] DEBUG Writers              - Constructed TCPMessageWriter for class com.almasb.fxgl.core.serialization.Bundle: BundleTCPMessageWriter
19:35:01.981 [JavaFX Application Thread] DEBUG GameApplicationServi - Removing overlay from PCM_BG and adding to GameScene
19:35:01.981 [JavaFX Application Thread] DEBUG PrimaryStageWindow   - GameScene <- PCM_BG
19:35:01.986 [TCPClient_RecvThread-1   ] DEBUG Readers              - Constructed MessageReader for class com.almasb.fxgl.core.serialization.Bundle: BundleTCPMessageReader
19:35:11.896 [JavaFX Application Thread] DEBUG FXGLAssetLoaderServi - Loading from file system: file:/C:/Users/Cent/Desktop/CSS124L-LE/FinalExam/CSS124L-FINAL-PROJECT/fp/target/classes/assets/textures/Zombies/Basic_Zombie_Walking.png
19:35:11.899 [JavaFX Application Thread] DEBUG FXGLAssetLoaderServi - Loading from file system: file:/C:/Users/Cent/Desktop/CSS124L-LE/FinalExam/CSS124L-FINAL-PROJECT/fp/target/classes/assets/textures/Zombies/Basic_Zombie_Attack.png
19:35:14.208 [TCPClient_RecvThread-1   ] DEBUG Endpoint             - Connection 1 was unexpectedly disconnected: Connection reset
19:35:14.209 [TCPClient_RecvThread-1   ] DEBUG Connection           - Closing connection 1
19:35:14.209 [TCPClient_RecvThread-1   ] DEBUG Connection           - Connection 1 was correctly closed from local endpoint.
19:35:14.210 [TCPClient_RecvThread-1   ] DEBUG Endpoint             - TCPClient connection (1) was closed
19:35:22.216 [JavaFX Application Thread] DEBUG FXGLApplication      - Exiting FXGL
19:35:22.217 [JavaFX Application Thread] DEBUG LoopRunner           - Stopping loop
19:35:22.217 [JavaFX Application Thread] DEBUG SystemBundleService  - Saving FXGL system data
19:35:22.219 [JavaFX Application Thread] DEBUG FileSystemAccess     - Writing to: C:\Users\Cent\Desktop\CSS124L-LE\FinalExam\CSS124L-FINAL-PROJECT\system\fxgl.bundle
19:35:22.222 [JavaFX Application Thread] DEBUG Async                - Shutting down background threads
19:35:22.222 [JavaFX Application Thread] DEBUG PrimaryStageWindow   - Closing main window
19:35:22.254 [JavaFX Application Thread] DEBUG Logger               - Closing Logger
